,number,value,datetime_start,datetime_complete,duration,params_alpha,params_decay_interval,params_decay_rate,params_gamma,params_initialization,params_max_steps,state
7629,7629,17839.0,2023-11-15 14:05:28.155566,2023-11-15 14:05:28.823537,0 days 00:00:00.667971,0.8,20,1.25,0.8,6,97,COMPLETE
7630,7630,18303.75,2023-11-15 14:05:28.825917,2023-11-15 14:05:29.496270,0 days 00:00:00.670353,0.7000000000000001,10,1.25,0.8,13,98,COMPLETE
7631,7631,18301.75,2023-11-15 14:05:29.498648,2023-11-15 14:05:30.178249,0 days 00:00:00.679601,0.8,10,1.25,0.9,20,93,COMPLETE
7632,7632,18399.5,2023-11-15 14:05:30.180577,2023-11-15 14:05:30.887531,0 days 00:00:00.706954,0.8,10,1.25,0.8,23,100,COMPLETE
7633,7633,18394.5,2023-11-15 14:05:30.890385,2023-11-15 14:05:31.667591,0 days 00:00:00.777206,0.8,10,1.25,0.8,9,96,COMPLETE
7634,7634,18305.25,2023-11-15 14:05:31.669985,2023-11-15 14:05:32.330382,0 days 00:00:00.660397,0.8,10,1.5,0.8,3,98,COMPLETE
7635,7635,199.5,2023-11-15 14:05:32.332955,2023-11-15 14:05:33.271723,0 days 00:00:00.938768,0.8,10,1.25,0.8,0,100,COMPLETE
7636,7636,17658.75,2023-11-15 14:05:33.274125,2023-11-15 14:05:33.950335,0 days 00:00:00.676210,0.8,10,1.0,0.9,17,95,COMPLETE
7637,7637,18121.25,2023-11-15 14:05:33.952934,2023-11-15 14:05:34.620186,0 days 00:00:00.667252,0.6,10,1.25,0.8,14,98,COMPLETE
7638,7638,18207.75,2023-11-15 14:05:34.622975,2023-11-15 14:05:35.291222,0 days 00:00:00.668247,0.9,10,1.25,0.8,19,96,COMPLETE
7639,7639,17919.25,2023-11-15 14:05:35.293617,2023-11-15 14:05:35.981457,0 days 00:00:00.687840,0.8,20,1.25,0.8,11,99,COMPLETE
7640,7640,18492.5,2023-11-15 14:05:35.984079,2023-11-15 14:05:36.646830,0 days 00:00:00.662751,0.8,10,1.25,0.8,7,100,COMPLETE
7641,7641,18323.25,2023-11-15 14:05:36.649832,2023-11-15 14:05:37.318559,0 days 00:00:00.668727,0.8,10,1.0,0.8,21,97,COMPLETE
7642,7642,17290.75,2023-11-15 14:05:37.321448,2023-11-15 14:05:37.999881,0 days 00:00:00.678433,0.4,10,1.5,0.7000000000000001,16,95,COMPLETE
7643,7643,17002.0,2023-11-15 14:05:38.002277,2023-11-15 14:05:38.658796,0 days 00:00:00.656519,0.8,40,1.25,0.8,5,98,COMPLETE
7644,7644,14290.75,2023-11-15 14:05:38.661162,2023-11-15 14:05:39.348527,0 days 00:00:00.687365,0.5,70,1.25,0.8,18,100,COMPLETE
7645,7645,18218.0,2023-11-15 14:05:39.351259,2023-11-15 14:05:40.042672,0 days 00:00:00.691413,0.8,10,1.25,0.8,25,97,COMPLETE
7646,7646,17930.0,2023-11-15 14:05:40.045063,2023-11-15 14:05:40.705381,0 days 00:00:00.660318,0.7000000000000001,10,1.25,0.9,13,84,COMPLETE
7647,7647,18303.5,2023-11-15 14:05:40.707864,2023-11-15 14:05:41.362794,0 days 00:00:00.654930,0.8,10,1.75,0.8,9,94,COMPLETE
7648,7648,18023.5,2023-11-15 14:05:41.365690,2023-11-15 14:05:42.032001,0 days 00:00:00.666311,0.8,10,1.25,0.8,2,98,COMPLETE
7649,7649,18401.0,2023-11-15 14:05:42.034972,2023-11-15 14:05:42.687228,0 days 00:00:00.652256,0.8,10,1.0,0.8,15,100,COMPLETE
7650,7650,18301.75,2023-11-15 14:05:42.689686,2023-11-15 14:05:43.348108,0 days 00:00:00.658422,0.8,10,1.5,0.7000000000000001,4,96,COMPLETE
7651,7651,17763.75,2023-11-15 14:05:43.352007,2023-11-15 14:05:44.032173,0 days 00:00:00.680166,0.8,10,1.25,0.4,22,92,COMPLETE
7652,7652,18023.5,2023-11-15 14:05:44.035012,2023-11-15 14:05:44.689158,0 days 00:00:00.654146,0.8,10,1.25,0.8,18,98,COMPLETE
7653,7653,18492.5,2023-11-15 14:05:44.692304,2023-11-15 14:05:45.441041,0 days 00:00:00.748737,0.8,10,1.25,0.8,8,100,COMPLETE
7654,7654,18109.0,2023-11-15 14:05:45.444174,2023-11-15 14:05:46.183345,0 days 00:00:00.739171,0.9,20,1.25,0.8,11,96,COMPLETE
7655,7655,18023.5,2023-11-15 14:05:46.186418,2023-11-15 14:05:46.859850,0 days 00:00:00.673432,0.8,10,1.25,0.8,20,98,COMPLETE
7656,7656,18410.75,2023-11-15 14:05:46.862258,2023-11-15 14:05:47.529135,0 days 00:00:00.666877,0.8,10,1.25,0.8,17,94,COMPLETE
7657,7657,18209.75,2023-11-15 14:05:47.531656,2023-11-15 14:05:48.207590,0 days 00:00:00.675934,0.8,10,1.5,0.8,16,99,COMPLETE
7658,7658,18394.5,2023-11-15 14:05:48.211311,2023-11-15 14:05:48.905283,0 days 00:00:00.693972,0.8,10,1.25,0.8,13,96,COMPLETE
7659,7659,10399.0,2023-11-15 14:05:48.907830,2023-11-15 14:05:49.586613,0 days 00:00:00.678783,0.8,10,2.25,0.8,6,18,COMPLETE
7660,7660,18073.0,2023-11-15 14:05:49.589379,2023-11-15 14:05:50.275097,0 days 00:00:00.685718,0.7000000000000001,10,1.0,0.9,19,100,COMPLETE
7661,7661,17932.0,2023-11-15 14:05:50.277447,2023-11-15 14:05:50.946447,0 days 00:00:00.669000,0.8,10,1.25,0.8,48,98,COMPLETE
7662,7662,18218.0,2023-11-15 14:05:50.949014,2023-11-15 14:05:51.628629,0 days 00:00:00.679615,0.8,10,1.25,0.8,14,97,COMPLETE
7663,7663,18399.0,2023-11-15 14:05:51.631581,2023-11-15 14:05:52.310135,0 days 00:00:00.678554,0.8,10,1.25,0.8,11,100,COMPLETE
7664,7664,16918.0,2023-11-15 14:05:52.312622,2023-11-15 14:05:52.987217,0 days 00:00:00.674595,0.8,20,1.5,0.8,23,95,COMPLETE
7665,7665,18023.5,2023-11-15 14:05:52.989651,2023-11-15 14:05:53.654147,0 days 00:00:00.664496,0.8,10,1.25,0.8,3,98,COMPLETE
7666,7666,15910.0,2023-11-15 14:05:53.656566,2023-11-15 14:05:54.330000,0 days 00:00:00.673434,0.9,10,1.75,0.7000000000000001,21,39,COMPLETE
7667,7667,199.5,2023-11-15 14:05:54.332552,2023-11-15 14:05:55.250102,0 days 00:00:00.917550,0.8,10,1.0,0.8,0,99,COMPLETE
7668,7668,18394.5,2023-11-15 14:05:55.252748,2023-11-15 14:05:55.968465,0 days 00:00:00.715717,0.8,10,1.25,0.8,16,96,COMPLETE
7669,7669,18493.5,2023-11-15 14:05:55.971156,2023-11-15 14:05:56.721026,0 days 00:00:00.749870,0.8,10,2.75,0.8,7,100,COMPLETE
7670,7670,16856.25,2023-11-15 14:05:56.723620,2023-11-15 14:05:57.513209,0 days 00:00:00.789589,0.2,10,1.25,0.8,5,97,COMPLETE
7671,7671,16574.75,2023-11-15 14:05:57.515802,2023-11-15 14:05:58.274266,0 days 00:00:00.758464,0.7000000000000001,10,1.25,0.30000000000000004,12,59,COMPLETE
7672,7672,18026.75,2023-11-15 14:05:58.276764,2023-11-15 14:05:59.112697,0 days 00:00:00.835933,0.8,10,1.0,0.9,18,94,COMPLETE
7673,7673,17207.25,2023-11-15 14:05:59.116029,2023-11-15 14:05:59.947849,0 days 00:00:00.831820,0.8,20,1.25,0.5,34,98,COMPLETE
7674,7674,18306.5,2023-11-15 14:05:59.952349,2023-11-15 14:06:00.937425,0 days 00:00:00.985076,0.8,10,1.5,0.8,9,100,COMPLETE
7675,7675,18023.5,2023-11-15 14:06:00.940607,2023-11-15 14:06:01.658411,0 days 00:00:00.717804,0.8,10,1.25,0.8,14,98,COMPLETE
7676,7676,18394.5,2023-11-15 14:06:01.660912,2023-11-15 14:06:02.336865,0 days 00:00:00.675953,0.8,10,1.25,0.8,16,96,COMPLETE
7677,7677,18271.5,2023-11-15 14:06:02.339427,2023-11-15 14:06:03.010212,0 days 00:00:00.670785,0.8,10,1.25,0.8,26,92,COMPLETE
7678,7678,18212.25,2023-11-15 14:06:03.012636,2023-11-15 14:06:03.697547,0 days 00:00:00.684911,0.8,10,1.25,0.7000000000000001,2,100,COMPLETE
7679,7679,13936.0,2023-11-15 14:06:03.700634,2023-11-15 14:06:04.466163,0 days 00:00:00.765529,0.8,80,1.25,0.8,19,98,COMPLETE
7680,7680,17831.25,2023-11-15 14:06:04.469115,2023-11-15 14:06:05.224026,0 days 00:00:00.754911,0.8,10,1.5,0.8,21,95,COMPLETE
7681,7681,18218.0,2023-11-15 14:06:05.226518,2023-11-15 14:06:05.928991,0 days 00:00:00.702473,0.8,10,1.25,0.8,14,97,COMPLETE
7682,7682,18013.5,2023-11-15 14:06:05.931995,2023-11-15 14:06:06.730254,0 days 00:00:00.798259,0.8,20,1.25,0.6,4,100,COMPLETE
7683,7683,18115.25,2023-11-15 14:06:06.733827,2023-11-15 14:06:07.513313,0 days 00:00:00.779486,0.9,10,1.25,0.9,10,98,COMPLETE
7684,7684,18497.5,2023-11-15 14:06:07.516575,2023-11-15 14:06:08.325275,0 days 00:00:00.808700,0.8,10,1.0,0.8,17,96,COMPLETE
7685,7685,18681.25,2023-11-15 14:06:08.407826,2023-11-15 14:06:09.146940,0 days 00:00:00.739114,0.8,10,1.25,0.8,7,99,COMPLETE
7686,7686,18205.0,2023-11-15 14:06:09.149587,2023-11-15 14:06:09.896660,0 days 00:00:00.747073,0.7000000000000001,10,1.5,0.8,12,93,COMPLETE
7687,7687,18399.5,2023-11-15 14:06:09.899487,2023-11-15 14:06:10.637316,0 days 00:00:00.737829,0.8,10,1.25,0.8,23,100,COMPLETE
7688,7688,17839.0,2023-11-15 14:06:10.641150,2023-11-15 14:06:11.400919,0 days 00:00:00.759769,0.8,20,1.25,0.8,19,97,COMPLETE
7689,7689,17932.0,2023-11-15 14:06:11.403698,2023-11-15 14:06:12.209763,0 days 00:00:00.806065,0.8,10,1.25,0.8,43,98,COMPLETE
7690,7690,9245.25,2023-11-15 14:06:12.213043,2023-11-15 14:06:12.945423,0 days 00:00:00.732380,0.8,10,1.25,0.9,16,15,COMPLETE
7691,7691,17837.25,2023-11-15 14:06:12.948072,2023-11-15 14:06:13.637355,0 days 00:00:00.689283,0.8,10,1.25,0.8,14,95,COMPLETE
7692,7692,18399.75,2023-11-15 14:06:13.640154,2023-11-15 14:06:14.350127,0 days 00:00:00.709973,0.9,10,1.25,0.8,5,100,COMPLETE
7693,7693,18118.75,2023-11-15 14:06:14.353297,2023-11-15 14:06:15.123847,0 days 00:00:00.770550,0.8,10,1.0,0.7000000000000001,21,97,COMPLETE
7694,7694,18253.0,2023-11-15 14:06:15.126928,2023-11-15 14:06:15.962077,0 days 00:00:00.835149,0.8,10,0.5,0.8,9,94,COMPLETE
7695,7695,18304.75,2023-11-15 14:06:15.965022,2023-11-15 14:06:16.689710,0 days 00:00:00.724688,0.8,10,2.0,0.8,2,99,COMPLETE
7696,7696,18488.75,2023-11-15 14:06:16.692410,2023-11-15 14:06:17.385855,0 days 00:00:00.693445,0.8,10,1.75,0.8,18,96,COMPLETE
7697,7697,17387.25,2023-11-15 14:06:17.389371,2023-11-15 14:06:18.102619,0 days 00:00:00.713248,0.30000000000000004,10,1.25,0.8,12,98,COMPLETE
7698,7698,17924.25,2023-11-15 14:06:18.105430,2023-11-15 14:06:18.817252,0 days 00:00:00.711822,0.8,20,1.0,0.8,15,100,COMPLETE
7699,7699,18265.25,2023-11-15 14:06:18.819717,2023-11-15 14:06:19.543333,0 days 00:00:00.723616,0.8,10,1.25,0.9,20,98,COMPLETE
7700,7700,18028.0,2023-11-15 14:06:19.546479,2023-11-15 14:06:20.269571,0 days 00:00:00.723092,0.7000000000000001,10,1.25,0.8,7,96,COMPLETE
7701,7701,17275.0,2023-11-15 14:06:20.271952,2023-11-15 14:06:20.967214,0 days 00:00:00.695262,0.8,30,1.25,0.8,17,100,COMPLETE
7702,7702,199.5,2023-11-15 14:06:20.969879,2023-11-15 14:06:21.917255,0 days 00:00:00.947376,0.8,10,1.5,0.8,0,98,COMPLETE
7703,7703,18399.0,2023-11-15 14:06:21.920181,2023-11-15 14:06:22.601836,0 days 00:00:00.681655,0.8,10,0.75,0.8,24,94,COMPLETE
7704,7704,18394.5,2023-11-15 14:06:22.604263,2023-11-15 14:06:23.308172,0 days 00:00:00.703909,0.8,10,1.25,0.8,11,96,COMPLETE
7705,7705,18306.25,2023-11-15 14:06:23.310911,2023-11-15 14:06:24.006945,0 days 00:00:00.696034,0.8,10,1.25,0.8,29,100,COMPLETE
7706,7706,18209.5,2023-11-15 14:06:24.009343,2023-11-15 14:06:24.712161,0 days 00:00:00.702818,0.9,10,1.25,0.7000000000000001,4,98,COMPLETE
7707,7707,18323.25,2023-11-15 14:06:24.715455,2023-11-15 14:06:25.403437,0 days 00:00:00.687982,0.8,10,1.0,0.8,15,97,COMPLETE
7708,7708,18306.5,2023-11-15 14:06:25.405926,2023-11-15 14:06:26.076354,0 days 00:00:00.670428,0.8,10,1.5,0.8,18,100,COMPLETE
7709,7709,17747.25,2023-11-15 14:06:26.078740,2023-11-15 14:06:26.795529,0 days 00:00:00.716789,0.8,10,1.25,0.9,8,95,COMPLETE
7710,7710,18210.75,2023-11-15 14:06:26.798167,2023-11-15 14:06:27.472709,0 days 00:00:00.674542,0.7000000000000001,10,1.25,0.8,13,89,COMPLETE
7711,7711,17830.75,2023-11-15 14:06:27.475355,2023-11-15 14:06:28.158382,0 days 00:00:00.683027,0.8,20,1.25,0.8,22,98,COMPLETE
7712,7712,18681.25,2023-11-15 14:06:28.160880,2023-11-15 14:06:28.858035,0 days 00:00:00.697155,0.8,10,1.25,0.8,19,99,COMPLETE
7713,7713,18207.75,2023-11-15 14:06:28.860612,2023-11-15 14:06:29.550718,0 days 00:00:00.690106,0.8,10,1.25,0.8,16,93,COMPLETE
7714,7714,18395.25,2023-11-15 14:06:29.553385,2023-11-15 14:06:30.392462,0 days 00:00:00.839077,0.8,10,1.5,0.8,2,96,COMPLETE
7715,7715,18492.5,2023-11-15 14:06:30.395813,2023-11-15 14:06:31.178288,0 days 00:00:00.782475,0.8,10,1.25,0.8,5,100,COMPLETE
7716,7716,18022.0,2023-11-15 14:06:31.180677,2023-11-15 14:06:31.868769,0 days 00:00:00.688092,0.8,10,1.0,0.8,10,98,COMPLETE
7717,7717,17936.75,2023-11-15 14:06:31.871695,2023-11-15 14:06:32.565797,0 days 00:00:00.694102,0.8,10,1.25,0.7000000000000001,51,97,COMPLETE
7718,7718,18492.5,2023-11-15 14:06:32.568590,2023-11-15 14:06:33.293002,0 days 00:00:00.724412,0.8,10,1.25,0.8,14,100,COMPLETE
7719,7719,17831.25,2023-11-15 14:06:33.296263,2023-11-15 14:06:34.011066,0 days 00:00:00.714803,0.8,10,1.5,0.8,20,95,COMPLETE
7720,7720,17934.75,2023-11-15 14:06:34.013651,2023-11-15 14:06:34.700045,0 days 00:00:00.686394,0.4,10,1.25,0.9,17,98,COMPLETE
7721,7721,18492.5,2023-11-15 14:06:34.702408,2023-11-15 14:06:35.398120,0 days 00:00:00.695712,0.8,10,1.25,0.8,12,100,COMPLETE
7722,7722,18198.75,2023-11-15 14:06:35.401500,2023-11-15 14:06:36.080374,0 days 00:00:00.678874,0.7000000000000001,20,1.25,0.8,6,91,COMPLETE
7723,7723,18023.5,2023-11-15 14:06:36.082833,2023-11-15 14:06:36.779512,0 days 00:00:00.696679,0.8,10,1.25,0.8,15,98,COMPLETE
7724,7724,18207.75,2023-11-15 14:06:36.782060,2023-11-15 14:06:37.494431,0 days 00:00:00.712371,0.9,10,1.25,0.8,8,96,COMPLETE
7725,7725,18307.0,2023-11-15 14:06:37.496973,2023-11-15 14:06:38.175571,0 days 00:00:00.678598,0.8,10,1.5,0.8,24,94,COMPLETE
7726,7726,18022.0,2023-11-15 14:06:38.178151,2023-11-15 14:06:38.857218,0 days 00:00:00.679067,0.8,10,1.0,0.8,21,98,COMPLETE
7727,7727,18218.0,2023-11-15 14:06:38.859803,2023-11-15 14:06:39.542332,0 days 00:00:00.682529,0.8,10,1.25,0.9,3,100,COMPLETE
7728,7728,18207.5,2023-11-15 14:06:39.545345,2023-11-15 14:06:40.240204,0 days 00:00:00.694859,0.8,10,2.5,0.7000000000000001,18,96,COMPLETE
7729,7729,17830.75,2023-11-15 14:06:40.242808,2023-11-15 14:06:40.944360,0 days 00:00:00.701552,0.8,20,1.25,0.8,13,98,COMPLETE
7730,7730,18492.5,2023-11-15 14:06:40.974794,2023-11-15 14:06:41.681172,0 days 00:00:00.706378,0.8,10,1.25,0.8,10,100,COMPLETE
7731,7731,18270.75,2023-11-15 14:06:41.684110,2023-11-15 14:06:42.353495,0 days 00:00:00.669385,0.8,10,1.0,0.8,27,96,COMPLETE
7732,7732,18399.0,2023-11-15 14:06:42.355885,2023-11-15 14:06:43.033414,0 days 00:00:00.677529,0.8,10,1.75,0.8,16,98,COMPLETE
7733,7733,18681.25,2023-11-15 14:06:43.035980,2023-11-15 14:06:43.718450,0 days 00:00:00.682470,0.8,10,1.25,0.8,19,99,COMPLETE
7734,7734,18399.75,2023-11-15 14:06:43.721352,2023-11-15 14:06:44.422785,0 days 00:00:00.701433,0.8,10,1.5,0.8,4,97,COMPLETE
7735,7735,18410.75,2023-11-15 14:06:44.426006,2023-11-15 14:06:45.213672,0 days 00:00:00.787666,0.8,10,1.25,0.8,14,94,COMPLETE
7736,7736,18307.0,2023-11-15 14:06:45.217308,2023-11-15 14:06:45.996755,0 days 00:00:00.779447,0.9,10,1.25,0.8,17,100,COMPLETE
7737,7737,18323.25,2023-11-15 14:06:45.999626,2023-11-15 14:06:46.679933,0 days 00:00:00.680307,0.8,10,1.0,0.8,22,97,COMPLETE
7738,7738,18398.75,2023-11-15 14:06:46.682469,2023-11-15 14:06:47.362586,0 days 00:00:00.680117,0.8,10,1.25,0.7000000000000001,8,99,COMPLETE
7739,7739,18300.75,2023-11-15 14:06:47.365197,2023-11-15 14:06:48.062002,0 days 00:00:00.696805,0.8,10,1.25,0.9,11,96,COMPLETE
7740,7740,18207.75,2023-11-15 14:06:48.065772,2023-11-15 14:06:48.759951,0 days 00:00:00.694179,0.8,10,1.25,0.8,1,93,COMPLETE
7741,7741,16636.5,2023-11-15 14:06:48.763240,2023-11-15 14:06:49.442036,0 days 00:00:00.678796,0.8,20,1.25,0.8,19,66,COMPLETE
7742,7742,18305.75,2023-11-15 14:06:49.444453,2023-11-15 14:06:50.125417,0 days 00:00:00.680964,0.8,10,1.5,0.8,6,100,COMPLETE
7743,7743,17317.5,2023-11-15 14:06:50.127970,2023-11-15 14:06:50.813140,0 days 00:00:00.685170,0.7000000000000001,10,1.25,0.2,16,98,COMPLETE
7744,7744,17837.25,2023-11-15 14:06:50.815745,2023-11-15 14:06:51.506872,0 days 00:00:00.691127,0.8,10,1.25,0.8,21,95,COMPLETE
7745,7745,18023.5,2023-11-15 14:06:51.509337,2023-11-15 14:06:52.197249,0 days 00:00:00.687912,0.8,10,1.25,0.8,12,98,COMPLETE
7746,7746,18401.0,2023-11-15 14:06:52.200161,2023-11-15 14:06:52.902281,0 days 00:00:00.702120,0.8,10,1.0,0.8,14,100,COMPLETE
7747,7747,16366.75,2023-11-15 14:06:52.904864,2023-11-15 14:06:53.600987,0 days 00:00:00.696123,0.8,10,1.25,0.8,9,63,COMPLETE
7748,7748,17839.0,2023-11-15 14:06:53.603624,2023-11-15 14:06:54.267324,0 days 00:00:00.663700,0.9,20,1.25,0.8,3,97,COMPLETE
7749,7749,17831.25,2023-11-15 14:06:54.269917,2023-11-15 14:06:54.948946,0 days 00:00:00.679029,0.8,10,1.5,0.8,19,95,COMPLETE
7750,7750,18265.25,2023-11-15 14:06:54.951964,2023-11-15 14:06:55.649503,0 days 00:00:00.697539,0.8,10,1.25,0.9,24,98,COMPLETE
7751,7751,18027.5,2023-11-15 14:06:55.652232,2023-11-15 14:06:56.351909,0 days 00:00:00.699677,0.7000000000000001,10,1.0,0.7000000000000001,17,100,COMPLETE
7752,7752,18394.5,2023-11-15 14:06:56.354546,2023-11-15 14:06:57.041267,0 days 00:00:00.686721,0.8,10,1.25,0.8,6,96,COMPLETE
7753,7753,199.5,2023-11-15 14:06:57.043726,2023-11-15 14:06:57.986524,0 days 00:00:00.942798,0.8,10,1.25,0.8,0,98,COMPLETE
7754,7754,15738.5,2023-11-15 14:06:57.989140,2023-11-15 14:06:58.688150,0 days 00:00:00.699010,0.8,50,1.25,0.8,14,100,COMPLETE
7755,7755,18218.0,2023-11-15 14:06:58.690653,2023-11-15 14:06:59.383897,0 days 00:00:00.693244,0.8,10,1.25,0.8,16,97,COMPLETE
7756,7756,18486.25,2023-11-15 14:06:59.386298,2023-11-15 14:07:00.233700,0 days 00:00:00.847402,0.8,10,1.25,0.8,4,94,COMPLETE
7757,7757,16727.25,2023-11-15 14:07:00.236864,2023-11-15 14:07:01.075438,0 days 00:00:00.838574,0.8,40,1.5,0.8,20,99,COMPLETE
7758,7758,18218.25,2023-11-15 14:07:01.078349,2023-11-15 14:07:01.873980,0 days 00:00:00.795631,0.8,10,1.25,0.9,11,97,COMPLETE
7759,7759,18398.25,2023-11-15 14:07:01.876566,2023-11-15 14:07:02.558399,0 days 00:00:00.681833,0.8,10,1.25,0.8,18,100,COMPLETE
7760,7760,18492.0,2023-11-15 14:07:02.561566,2023-11-15 14:07:03.245868,0 days 00:00:00.684302,0.8,10,1.75,0.8,8,92,COMPLETE
7761,7761,18109.75,2023-11-15 14:07:03.248560,2023-11-15 14:07:03.959432,0 days 00:00:00.710872,0.8,20,1.0,0.7000000000000001,15,96,COMPLETE
7762,7762,18023.5,2023-11-15 14:07:03.961912,2023-11-15 14:07:04.648772,0 days 00:00:00.686860,0.8,10,1.25,0.8,22,98,COMPLETE
7763,7763,18399.5,2023-11-15 14:07:04.651639,2023-11-15 14:07:05.339459,0 days 00:00:00.687820,0.9,10,1.25,0.8,2,100,COMPLETE
7764,7764,17837.25,2023-11-15 14:07:05.342717,2023-11-15 14:07:06.029671,0 days 00:00:00.686954,0.8,10,1.25,0.8,13,95,COMPLETE
7765,7765,18398.5,2023-11-15 14:07:06.032639,2023-11-15 14:07:06.707412,0 days 00:00:00.674773,0.8,10,1.5,0.8,5,98,COMPLETE
7766,7766,18681.25,2023-11-15 14:07:06.710738,2023-11-15 14:07:07.407226,0 days 00:00:00.696488,0.8,10,1.25,0.8,10,99,COMPLETE
7767,7767,17935.75,2023-11-15 14:07:07.409697,2023-11-15 14:07:08.135019,0 days 00:00:00.725322,0.5,10,1.0,0.8,17,97,COMPLETE
7768,7768,18124.75,2023-11-15 14:07:08.137822,2023-11-15 14:07:08.877294,0 days 00:00:00.739472,0.6,10,1.25,0.8,25,100,COMPLETE
7769,7769,18301.75,2023-11-15 14:07:08.880203,2023-11-15 14:07:09.583571,0 days 00:00:00.703368,0.8,10,1.25,0.8,20,96,COMPLETE
7770,7770,18214.0,2023-11-15 14:07:09.586390,2023-11-15 14:07:10.287307,0 days 00:00:00.700917,0.8,10,3.0,0.8,7,98,COMPLETE
7771,7771,17930.25,2023-11-15 14:07:10.289844,2023-11-15 14:07:10.976010,0 days 00:00:00.686166,0.7000000000000001,10,1.25,0.7000000000000001,18,94,COMPLETE
7772,7772,17742.25,2023-11-15 14:07:10.978417,2023-11-15 14:07:11.712638,0 days 00:00:00.734221,0.8,20,1.5,0.9,74,100,COMPLETE
7773,7773,18023.5,2023-11-15 14:07:11.715950,2023-11-15 14:07:12.410141,0 days 00:00:00.694191,0.8,10,1.25,0.8,12,98,COMPLETE
7774,7774,17640.25,2023-11-15 14:07:12.413257,2023-11-15 14:07:13.165410,0 days 00:00:00.752153,0.8,30,1.25,0.8,36,96,COMPLETE
7775,7775,18023.5,2023-11-15 14:07:13.167895,2023-11-15 14:07:13.851597,0 days 00:00:00.683702,0.8,10,1.25,0.8,16,98,COMPLETE
7776,7776,18398.25,2023-11-15 14:07:13.853997,2023-11-15 14:07:14.528827,0 days 00:00:00.674830,0.8,10,1.25,0.8,21,100,COMPLETE
7777,7777,17561.0,2023-11-15 14:07:14.532610,2023-11-15 14:07:15.255210,0 days 00:00:00.722600,0.8,10,1.0,0.8,14,95,COMPLETE
7778,7778,18209.5,2023-11-15 14:07:15.257937,2023-11-15 14:07:16.043961,0 days 00:00:00.786024,0.9,10,1.25,0.8,4,98,COMPLETE
7779,7779,18396.25,2023-11-15 14:07:16.046516,2023-11-15 14:07:16.860331,0 days 00:00:00.813815,0.8,10,1.5,0.8,2,92,COMPLETE
7780,7780,18300.75,2023-11-15 14:07:16.863938,2023-11-15 14:07:17.613739,0 days 00:00:00.749801,0.8,10,1.25,0.9,10,96,COMPLETE
7781,7781,18219.75,2023-11-15 14:07:17.616569,2023-11-15 14:07:18.300594,0 days 00:00:00.684025,0.7000000000000001,10,1.25,0.7000000000000001,23,100,COMPLETE
7782,7782,18023.5,2023-11-15 14:07:18.303703,2023-11-15 14:07:18.999426,0 days 00:00:00.695723,0.8,10,1.25,0.8,15,98,COMPLETE
7783,7783,17839.0,2023-11-15 14:07:19.002072,2023-11-15 14:07:19.692946,0 days 00:00:00.690874,0.8,20,1.25,0.8,18,97,COMPLETE
7784,7784,18492.5,2023-11-15 14:07:19.695659,2023-11-15 14:07:20.389433,0 days 00:00:00.693774,0.8,10,1.25,0.8,6,100,COMPLETE
7785,7785,18397.0,2023-11-15 14:07:20.393487,2023-11-15 14:07:21.083724,0 days 00:00:00.690237,0.8,10,1.25,0.8,31,94,COMPLETE
7786,7786,14669.25,2023-11-15 14:07:21.086236,2023-11-15 14:07:21.794174,0 days 00:00:00.707938,0.8,70,1.25,0.6,12,98,COMPLETE
7787,7787,14802.25,2023-11-15 14:07:21.796758,2023-11-15 14:07:22.526430,0 days 00:00:00.729672,0.8,60,1.0,0.8,9,52,COMPLETE
7788,7788,18396.0,2023-11-15 14:07:22.528963,2023-11-15 14:07:23.215490,0 days 00:00:00.686527,0.8,10,1.25,0.9,19,96,COMPLETE
7789,7789,18305.75,2023-11-15 14:07:23.218270,2023-11-15 14:07:23.895257,0 days 00:00:00.676987,0.8,10,1.5,0.8,16,100,COMPLETE
7790,7790,199.5,2023-11-15 14:07:23.898138,2023-11-15 14:07:24.786688,0 days 00:00:00.888550,0.7000000000000001,10,1.25,0.8,0,78,COMPLETE
7791,7791,18399.0,2023-11-15 14:07:24.789263,2023-11-15 14:07:25.480718,0 days 00:00:00.691455,0.8,10,1.75,0.8,20,98,COMPLETE
7792,7792,12436.5,2023-11-15 14:07:25.483252,2023-11-15 14:07:26.221078,0 days 00:00:00.737826,0.8,100,2.0,0.8,40,96,COMPLETE
7793,7793,18308.0,2023-11-15 14:07:26.223630,2023-11-15 14:07:26.914202,0 days 00:00:00.690572,0.8,10,1.25,0.8,45,99,COMPLETE
7794,7794,18013.5,2023-11-15 14:07:26.917042,2023-11-15 14:07:27.594874,0 days 00:00:00.677832,0.8,20,1.25,0.8,13,100,COMPLETE
7795,7795,18042.0,2023-11-15 14:07:27.597391,2023-11-15 14:07:28.293360,0 days 00:00:00.695969,0.9,10,1.25,0.4,7,94,COMPLETE
7796,7796,18323.25,2023-11-15 14:07:28.295781,2023-11-15 14:07:28.993288,0 days 00:00:00.697507,0.8,10,1.0,0.8,15,97,COMPLETE
7797,7797,18493.25,2023-11-15 14:07:28.995698,2023-11-15 14:07:29.689302,0 days 00:00:00.693604,0.8,10,1.5,0.5,4,99,COMPLETE
