,number,value,datetime_start,datetime_complete,duration,params_alpha,params_decay_interval,params_decay_rate,params_gamma,params_initialization,params_max_steps,state
2386,2386,19161.25,2023-11-15 10:48:30.527858,2023-11-15 10:48:30.767090,0 days 00:00:00.239232,0.2,10,0.75,0.30000000000000004,0,139,COMPLETE
2387,2387,19261.0,2023-11-15 10:48:30.768575,2023-11-15 10:48:31.009173,0 days 00:00:00.240598,0.2,10,0.75,0.7000000000000001,3,147,COMPLETE
2388,2388,18394.75,2023-11-15 10:48:31.010582,2023-11-15 10:48:31.261783,0 days 00:00:00.251201,0.2,20,1.0,0.9,6,143,COMPLETE
2389,2389,19261.0,2023-11-15 10:48:31.263438,2023-11-15 10:48:31.509837,0 days 00:00:00.246399,0.1,10,0.75,0.9,0,147,COMPLETE
2390,2390,18872.75,2023-11-15 10:48:31.511530,2023-11-15 10:48:31.779359,0 days 00:00:00.267829,0.30000000000000004,10,0.75,0.8,2,150,COMPLETE
2391,2391,18785.25,2023-11-15 10:48:31.780869,2023-11-15 10:48:32.031123,0 days 00:00:00.250254,0.2,10,1.25,0.9,4,141,COMPLETE
2392,2392,19359.75,2023-11-15 10:48:32.032589,2023-11-15 10:48:32.274322,0 days 00:00:00.241733,0.1,10,0.75,0.9,0,145,COMPLETE
2393,2393,12471.75,2023-11-15 10:48:32.276537,2023-11-15 10:48:32.571928,0 days 00:00:00.295391,0.2,100,0.75,0.9,27,134,COMPLETE
2394,2394,19261.0,2023-11-15 10:48:32.573345,2023-11-15 10:48:32.812913,0 days 00:00:00.239568,0.2,10,0.75,0.9,2,147,COMPLETE
2395,2395,18818.25,2023-11-15 10:48:32.814235,2023-11-15 10:48:33.058146,0 days 00:00:00.243911,0.2,10,0.75,0.9,5,139,COMPLETE
2396,2396,18887.25,2023-11-15 10:48:33.059511,2023-11-15 10:48:33.324080,0 days 00:00:00.264569,0.30000000000000004,10,0.5,0.9,8,143,COMPLETE
2397,2397,15017.0,2023-11-15 10:48:33.325415,2023-11-15 10:48:33.618704,0 days 00:00:00.293289,0.1,10,1.0,0.9,2,54,COMPLETE
2398,2398,18393.5,2023-11-15 10:48:33.620939,2023-11-15 10:48:33.909633,0 days 00:00:00.288694,0.2,20,0.75,0.9,0,150,COMPLETE
2399,2399,19359.75,2023-11-15 10:48:33.912071,2023-11-15 10:48:34.194921,0 days 00:00:00.282850,0.2,10,0.75,0.9,4,145,COMPLETE
2400,2400,19163.5,2023-11-15 10:48:34.196681,2023-11-15 10:48:34.450611,0 days 00:00:00.253930,0.2,10,1.25,0.8,2,147,COMPLETE
2401,2401,19066.25,2023-11-15 10:48:34.451912,2023-11-15 10:48:34.713332,0 days 00:00:00.261420,0.2,10,0.75,0.9,6,141,COMPLETE
2402,2402,19261.0,2023-11-15 10:48:34.717714,2023-11-15 10:48:35.025704,0 days 00:00:00.307990,0.2,10,1.0,0.4,0,143,COMPLETE
2403,2403,18890.0,2023-11-15 10:48:35.027093,2023-11-15 10:48:35.282140,0 days 00:00:00.255047,0.2,10,0.75,0.9,4,136,COMPLETE
2404,2404,19359.75,2023-11-15 10:48:35.283469,2023-11-15 10:48:35.553093,0 days 00:00:00.269624,0.1,10,0.75,0.9,2,148,COMPLETE
2405,2405,17931.75,2023-11-15 10:48:35.554377,2023-11-15 10:48:35.819217,0 days 00:00:00.264840,0.2,30,0.25,0.9,0,145,COMPLETE
2406,2406,18867.0,2023-11-15 10:48:35.820734,2023-11-15 10:48:36.077586,0 days 00:00:00.256852,0.2,10,0.75,0.9,10,139,COMPLETE
2407,2407,18825.0,2023-11-15 10:48:36.079599,2023-11-15 10:48:36.325193,0 days 00:00:00.245594,0.2,10,0.75,0.8,4,126,COMPLETE
2408,2408,15599.25,2023-11-15 10:48:36.326701,2023-11-15 10:48:36.601536,0 days 00:00:00.274835,0.2,60,0.75,0.9,2,150,COMPLETE
2409,2409,18174.5,2023-11-15 10:48:36.602816,2023-11-15 10:48:36.859245,0 days 00:00:00.256429,0.1,10,0.75,0.7000000000000001,7,144,COMPLETE
2410,2410,17835.5,2023-11-15 10:48:36.860657,2023-11-15 10:48:37.122836,0 days 00:00:00.262179,0.2,10,0.5,0.6,15,147,COMPLETE
2411,2411,19171.5,2023-11-15 10:48:37.124397,2023-11-15 10:48:37.373995,0 days 00:00:00.249598,0.2,10,0.75,0.9,0,141,COMPLETE
2412,2412,19261.0,2023-11-15 10:48:37.375258,2023-11-15 10:48:37.618586,0 days 00:00:00.243328,0.4,10,1.0,0.9,3,147,COMPLETE
2413,2413,19261.0,2023-11-15 10:48:37.619889,2023-11-15 10:48:37.864091,0 days 00:00:00.244202,0.1,10,1.25,0.9,5,143,COMPLETE
2414,2414,18393.5,2023-11-15 10:48:37.865762,2023-11-15 10:48:38.125729,0 days 00:00:00.259967,0.2,20,0.75,0.9,2,150,COMPLETE
2415,2415,19317.5,2023-11-15 10:48:38.127159,2023-11-15 10:48:38.375448,0 days 00:00:00.248289,0.30000000000000004,10,0.75,0.9,0,145,COMPLETE
2416,2416,19161.25,2023-11-15 10:48:38.376725,2023-11-15 10:48:38.627211,0 days 00:00:00.250486,0.2,10,0.5,0.9,6,138,COMPLETE
2417,2417,18873.25,2023-11-15 10:48:38.629018,2023-11-15 10:48:38.896801,0 days 00:00:00.267783,0.1,10,0.75,0.8,2,141,COMPLETE
2418,2418,19261.0,2023-11-15 10:48:38.898261,2023-11-15 10:48:39.141723,0 days 00:00:00.243462,0.2,10,0.75,0.9,4,147,COMPLETE
2419,2419,19084.0,2023-11-15 10:48:39.143186,2023-11-15 10:48:39.393939,0 days 00:00:00.250753,0.2,10,1.0,0.9,0,105,COMPLETE
2420,2420,18976.0,2023-11-15 10:48:39.395891,2023-11-15 10:48:39.657820,0 days 00:00:00.261929,0.2,10,0.25,0.9,8,144,COMPLETE
2421,2421,19201.25,2023-11-15 10:48:39.659142,2023-11-15 10:48:39.905806,0 days 00:00:00.246664,0.2,10,0.75,0.9,2,148,COMPLETE
2422,2422,19091.75,2023-11-15 10:48:39.907148,2023-11-15 10:48:40.151851,0 days 00:00:00.244703,0.1,10,0.75,0.9,4,143,COMPLETE
2423,2423,19161.25,2023-11-15 10:48:40.153328,2023-11-15 10:48:40.396008,0 days 00:00:00.242680,0.2,10,0.75,0.5,0,136,COMPLETE
2424,2424,19359.75,2023-11-15 10:48:40.397861,2023-11-15 10:48:40.649264,0 days 00:00:00.251403,0.2,10,1.25,0.9,2,145,COMPLETE
2425,2425,16807.5,2023-11-15 10:48:40.650853,2023-11-15 10:48:40.905166,0 days 00:00:00.254313,0.2,10,0.75,0.9,5,47,COMPLETE
2426,2426,19002.5,2023-11-15 10:48:40.906548,2023-11-15 10:48:41.154785,0 days 00:00:00.248237,0.30000000000000004,10,1.0,0.8,19,140,COMPLETE
2427,2427,18393.5,2023-11-15 10:48:41.156102,2023-11-15 10:48:41.406578,0 days 00:00:00.250476,0.2,20,0.75,0.9,0,150,COMPLETE
2428,2428,19261.0,2023-11-15 10:48:41.407876,2023-11-15 10:48:41.641780,0 days 00:00:00.233904,0.1,10,0.75,0.9,3,147,COMPLETE
2429,2429,19093.75,2023-11-15 10:48:41.643391,2023-11-15 10:48:41.891782,0 days 00:00:00.248391,0.2,10,0.75,0.9,6,142,COMPLETE
2430,2430,13965.25,2023-11-15 10:48:41.893418,2023-11-15 10:48:42.206078,0 days 00:00:00.312660,0.9,20,0.75,0.7000000000000001,2,145,COMPLETE
2431,2431,18968.0,2023-11-15 10:48:42.207653,2023-11-15 10:48:42.481553,0 days 00:00:00.273900,0.2,10,0.5,0.9,0,150,COMPLETE
2432,2432,11866.75,2023-11-15 10:48:42.483076,2023-11-15 10:48:42.779318,0 days 00:00:00.296242,0.2,10,0.75,0.6,9,132,COMPLETE
2433,2433,19161.25,2023-11-15 10:48:42.780724,2023-11-15 10:48:43.025331,0 days 00:00:00.244607,0.1,10,1.0,0.9,4,139,COMPLETE
2434,2434,14001.75,2023-11-15 10:48:43.026735,2023-11-15 10:48:43.318352,0 days 00:00:00.291617,0.2,10,0.75,0.4,2,147,COMPLETE
2435,2435,19261.0,2023-11-15 10:48:43.319723,2023-11-15 10:48:43.565789,0 days 00:00:00.246066,0.2,10,1.25,0.9,0,142,COMPLETE
2436,2436,15589.5,2023-11-15 10:48:43.567116,2023-11-15 10:48:43.825679,0 days 00:00:00.258563,0.2,50,0.75,0.9,7,114,COMPLETE
2437,2437,18984.0,2023-11-15 10:48:43.827205,2023-11-15 10:48:44.079638,0 days 00:00:00.252433,0.30000000000000004,10,0.75,0.9,4,145,COMPLETE
2438,2438,19166.5,2023-11-15 10:48:44.081086,2023-11-15 10:48:44.330327,0 days 00:00:00.249241,0.1,10,1.5,0.9,2,148,COMPLETE
2439,2439,18883.0,2023-11-15 10:48:44.331662,2023-11-15 10:48:44.580768,0 days 00:00:00.249106,0.2,10,0.75,0.8,12,142,COMPLETE
2440,2440,19359.75,2023-11-15 10:48:44.582352,2023-11-15 10:48:44.824493,0 days 00:00:00.242141,0.2,10,1.0,0.9,0,145,COMPLETE
2441,2441,19161.25,2023-11-15 10:48:44.825855,2023-11-15 10:48:45.072464,0 days 00:00:00.246609,0.2,10,0.75,0.9,6,137,COMPLETE
2442,2442,19071.5,2023-11-15 10:48:45.073801,2023-11-15 10:48:45.321520,0 days 00:00:00.247719,0.1,10,0.5,0.9,3,150,COMPLETE
2443,2443,18554.5,2023-11-15 10:48:45.322800,2023-11-15 10:48:45.571644,0 days 00:00:00.248844,0.2,20,0.75,0.9,2,147,COMPLETE
2444,2444,19066.25,2023-11-15 10:48:45.572963,2023-11-15 10:48:45.822211,0 days 00:00:00.249248,0.4,10,0.75,0.9,34,140,COMPLETE
2445,2445,19261.0,2023-11-15 10:48:45.823468,2023-11-15 10:48:46.065499,0 days 00:00:00.242031,0.2,10,1.0,0.8,0,143,COMPLETE
2446,2446,18507.5,2023-11-15 10:48:46.067677,2023-11-15 10:48:46.345869,0 days 00:00:00.278192,0.2,10,0.75,0.9,4,89,COMPLETE
2447,2447,19270.0,2023-11-15 10:48:46.347585,2023-11-15 10:48:46.608150,0 days 00:00:00.260565,0.1,10,1.25,0.9,2,145,COMPLETE
2448,2448,16438.25,2023-11-15 10:48:46.609472,2023-11-15 10:48:46.884369,0 days 00:00:00.274897,0.2,10,0.75,0.9,98,148,COMPLETE
2449,2449,19261.0,2023-11-15 10:48:46.885872,2023-11-15 10:48:47.141351,0 days 00:00:00.255479,0.30000000000000004,10,0.25,0.5,0,140,COMPLETE
2450,2450,18992.75,2023-11-15 10:48:47.142670,2023-11-15 10:48:47.398375,0 days 00:00:00.255705,0.2,10,0.75,0.9,6,143,COMPLETE
2451,2451,18087.5,2023-11-15 10:48:47.399805,2023-11-15 10:48:47.682857,0 days 00:00:00.283052,0.7000000000000001,10,0.75,0.9,4,150,COMPLETE
2452,2452,18588.25,2023-11-15 10:48:47.684291,2023-11-15 10:48:47.987375,0 days 00:00:00.303084,0.2,20,0.75,0.9,2,145,COMPLETE
2453,2453,19136.75,2023-11-15 10:48:47.988978,2023-11-15 10:48:48.269997,0 days 00:00:00.281019,0.2,10,0.75,0.8,9,147,COMPLETE
2454,2454,19161.25,2023-11-15 10:48:48.271542,2023-11-15 10:48:48.575506,0 days 00:00:00.303964,0.2,10,0.5,0.9,0,137,COMPLETE
2455,2455,19182.75,2023-11-15 10:48:48.577169,2023-11-15 10:48:48.874437,0 days 00:00:00.297268,0.1,10,1.0,0.9,5,142,COMPLETE
2456,2456,19261.0,2023-11-15 10:48:48.876124,2023-11-15 10:48:49.167096,0 days 00:00:00.290972,0.2,10,0.75,0.9,2,147,COMPLETE
2457,2457,19163.75,2023-11-15 10:48:49.169263,2023-11-15 10:48:49.447479,0 days 00:00:00.278216,0.2,10,0.75,0.9,0,150,COMPLETE
2458,2458,7010.5,2023-11-15 10:48:49.449341,2023-11-15 10:48:49.822616,0 days 00:00:00.373275,0.2,10,1.25,0.30000000000000004,4,145,COMPLETE
2459,2459,18948.75,2023-11-15 10:48:49.823907,2023-11-15 10:48:50.076342,0 days 00:00:00.252435,0.1,10,0.75,0.9,7,140,COMPLETE
2460,2460,19050.0,2023-11-15 10:48:50.078067,2023-11-15 10:48:50.326150,0 days 00:00:00.248083,0.2,10,1.0,0.9,2,143,COMPLETE
2461,2461,18554.5,2023-11-15 10:48:50.327659,2023-11-15 10:48:50.604567,0 days 00:00:00.276908,0.2,20,0.75,0.9,0,147,COMPLETE
2462,2462,16441.0,2023-11-15 10:48:50.605899,2023-11-15 10:48:50.878009,0 days 00:00:00.272110,0.1,40,0.75,0.9,3,134,COMPLETE
2463,2463,18896.0,2023-11-15 10:48:50.880194,2023-11-15 10:48:51.129076,0 days 00:00:00.248882,0.30000000000000004,10,0.75,0.7000000000000001,5,145,COMPLETE
2464,2464,19066.25,2023-11-15 10:48:51.131307,2023-11-15 10:48:51.381157,0 days 00:00:00.249850,0.2,10,0.75,0.8,2,141,COMPLETE
2465,2465,19271.0,2023-11-15 10:48:51.382712,2023-11-15 10:48:51.632773,0 days 00:00:00.250061,0.2,10,0.75,0.9,0,148,COMPLETE
2466,2466,19007.25,2023-11-15 10:48:51.634498,2023-11-15 10:48:51.900181,0 days 00:00:00.265683,0.2,10,0.5,0.9,8,150,COMPLETE
2467,2467,18985.25,2023-11-15 10:48:51.901740,2023-11-15 10:48:52.159212,0 days 00:00:00.257472,0.1,10,0.75,0.9,4,138,COMPLETE
2468,2468,19050.0,2023-11-15 10:48:52.160768,2023-11-15 10:48:52.409593,0 days 00:00:00.248825,0.2,10,1.0,0.9,2,143,COMPLETE
2469,2469,19270.0,2023-11-15 10:48:52.411780,2023-11-15 10:48:52.661339,0 days 00:00:00.249559,0.2,10,1.25,0.9,0,145,COMPLETE
2470,2470,12201.25,2023-11-15 10:48:52.663443,2023-11-15 10:48:52.978461,0 days 00:00:00.315018,0.30000000000000004,10,0.75,0.5,6,147,COMPLETE
2471,2471,11829.0,2023-11-15 10:48:52.980238,2023-11-15 10:48:53.293318,0 days 00:00:00.313080,0.2,20,0.75,0.4,2,141,COMPLETE
2472,2472,13122.25,2023-11-15 10:48:53.295077,2023-11-15 10:48:53.603507,0 days 00:00:00.308430,0.2,10,0.75,0.6,4,144,COMPLETE
2473,2473,19261.0,2023-11-15 10:48:53.604910,2023-11-15 10:48:53.858381,0 days 00:00:00.253471,0.1,10,0.75,0.9,0,150,COMPLETE
2474,2474,19261.0,2023-11-15 10:48:53.859765,2023-11-15 10:48:54.103854,0 days 00:00:00.244089,0.2,10,1.0,0.9,2,147,COMPLETE
2475,2475,18969.0,2023-11-15 10:48:54.105242,2023-11-15 10:48:54.378223,0 days 00:00:00.272981,0.2,10,0.5,0.9,11,139,COMPLETE
2476,2476,12479.0,2023-11-15 10:48:54.379903,2023-11-15 10:48:54.688013,0 days 00:00:00.308110,0.2,10,0.75,0.8,87,143,COMPLETE
2477,2477,17839.25,2023-11-15 10:48:54.689437,2023-11-15 10:48:54.952546,0 days 00:00:00.263109,0.1,30,0.25,0.9,4,145,COMPLETE
2478,2478,19261.0,2023-11-15 10:48:54.954121,2023-11-15 10:48:55.201000,0 days 00:00:00.246879,0.2,10,0.75,0.9,0,147,COMPLETE
2479,2479,18079.0,2023-11-15 10:48:55.202405,2023-11-15 10:48:55.462441,0 days 00:00:00.260036,0.2,10,0.75,0.9,6,136,COMPLETE
2480,2480,18785.25,2023-11-15 10:48:55.463839,2023-11-15 10:48:55.714946,0 days 00:00:00.251107,0.2,10,1.25,0.9,2,141,COMPLETE
2481,2481,19111.25,2023-11-15 10:48:55.716417,2023-11-15 10:48:55.970597,0 days 00:00:00.254180,0.2,10,0.75,0.9,3,150,COMPLETE
2482,2482,19359.75,2023-11-15 10:48:55.972103,2023-11-15 10:48:56.218820,0 days 00:00:00.246717,0.2,10,0.75,0.9,0,145,COMPLETE
2483,2483,19051.5,2023-11-15 10:48:56.220218,2023-11-15 10:48:56.472764,0 days 00:00:00.252546,0.1,10,0.75,0.9,5,142,COMPLETE
2484,2484,19261.0,2023-11-15 10:48:56.474227,2023-11-15 10:48:56.716822,0 days 00:00:00.242595,0.2,10,1.0,0.9,2,147,COMPLETE
2485,2485,18229.25,2023-11-15 10:48:56.718168,2023-11-15 10:48:56.977795,0 days 00:00:00.259627,0.2,20,0.75,0.8,8,140,COMPLETE
2486,2486,19261.0,2023-11-15 10:48:56.979712,2023-11-15 10:48:57.233523,0 days 00:00:00.253811,0.1,10,0.75,0.7000000000000001,0,150,COMPLETE
2487,2487,13737.0,2023-11-15 10:48:57.234868,2023-11-15 10:48:57.528165,0 days 00:00:00.293297,0.2,80,1.0,0.9,4,144,COMPLETE
2488,2488,18985.25,2023-11-15 10:48:57.529994,2023-11-15 10:48:57.802181,0 days 00:00:00.272187,0.30000000000000004,10,0.75,0.9,2,138,COMPLETE
2489,2489,19262.75,2023-11-15 10:48:57.803550,2023-11-15 10:48:58.054765,0 days 00:00:00.251215,0.2,10,0.75,0.9,6,148,COMPLETE
2490,2490,19261.0,2023-11-15 10:48:58.056279,2023-11-15 10:48:58.311191,0 days 00:00:00.254912,0.2,10,0.75,0.9,0,143,COMPLETE
2491,2491,18536.25,2023-11-15 10:48:58.312887,2023-11-15 10:48:58.569207,0 days 00:00:00.256320,0.1,20,0.5,0.9,3,147,COMPLETE
2492,2492,19359.75,2023-11-15 10:48:58.570502,2023-11-15 10:48:58.826995,0 days 00:00:00.256493,0.2,10,1.25,0.9,2,145,COMPLETE
2493,2493,19261.0,2023-11-15 10:48:58.828944,2023-11-15 10:48:59.074594,0 days 00:00:00.245650,0.4,10,0.75,0.9,0,143,COMPLETE
2494,2494,19111.25,2023-11-15 10:48:59.075981,2023-11-15 10:48:59.328446,0 days 00:00:00.252465,0.2,10,0.75,0.9,4,150,COMPLETE
2495,2495,17706.25,2023-11-15 10:48:59.330478,2023-11-15 10:48:59.593614,0 days 00:00:00.263136,0.2,10,1.0,0.8,9,139,COMPLETE
2496,2496,18285.5,2023-11-15 10:48:59.595682,2023-11-15 10:48:59.874005,0 days 00:00:00.278323,0.2,10,0.25,0.9,7,147,COMPLETE
2497,2497,14267.5,2023-11-15 10:48:59.875340,2023-11-15 10:49:00.180114,0 days 00:00:00.304774,0.1,10,0.75,0.5,2,142,COMPLETE
2498,2498,19066.0,2023-11-15 10:49:00.181596,2023-11-15 10:49:00.434411,0 days 00:00:00.252815,0.2,10,0.75,0.9,0,134,COMPLETE
2499,2499,19265.0,2023-11-15 10:49:00.435981,2023-11-15 10:49:00.689519,0 days 00:00:00.253538,0.2,10,0.5,0.9,5,145,COMPLETE
2500,2500,19261.0,2023-11-15 10:49:00.690899,2023-11-15 10:49:00.939128,0 days 00:00:00.248229,0.2,10,0.75,0.9,2,147,COMPLETE
2501,2501,19147.25,2023-11-15 10:49:00.940664,2023-11-15 10:49:01.231435,0 days 00:00:00.290771,0.1,10,0.75,0.9,4,140,COMPLETE
2502,2502,19163.75,2023-11-15 10:49:01.233001,2023-11-15 10:49:01.483839,0 days 00:00:00.250838,0.30000000000000004,10,0.75,0.9,0,150,COMPLETE
2503,2503,9847.75,2023-11-15 10:49:01.485211,2023-11-15 10:49:01.823924,0 days 00:00:00.338713,0.2,20,1.0,0.8,50,145,COMPLETE
2504,2504,19261.0,2023-11-15 10:49:01.825588,2023-11-15 10:49:02.075411,0 days 00:00:00.249823,0.2,10,1.25,0.9,2,142,COMPLETE
2505,2505,19161.25,2023-11-15 10:49:02.076831,2023-11-15 10:49:02.327569,0 days 00:00:00.250738,0.2,10,0.75,0.9,6,137,COMPLETE
2506,2506,19261.0,2023-11-15 10:49:02.329276,2023-11-15 10:49:02.583755,0 days 00:00:00.254479,0.2,10,0.75,0.9,3,147,COMPLETE
2507,2507,18166.0,2023-11-15 10:49:02.585198,2023-11-15 10:49:02.869032,0 days 00:00:00.283834,0.1,10,0.75,0.9,41,143,COMPLETE
2508,2508,19359.75,2023-11-15 10:49:02.870963,2023-11-15 10:49:03.178650,0 days 00:00:00.307687,0.2,10,1.5,0.4,0,148,COMPLETE
2509,2509,18493.25,2023-11-15 10:49:03.180677,2023-11-15 10:49:03.496514,0 days 00:00:00.315837,0.30000000000000004,20,0.75,0.9,4,145,COMPLETE
2510,2510,14478.5,2023-11-15 10:49:03.497872,2023-11-15 10:49:03.805535,0 days 00:00:00.307663,0.8,10,1.0,0.9,2,140,COMPLETE
2511,2511,19261.0,2023-11-15 10:49:03.806862,2023-11-15 10:49:04.059539,0 days 00:00:00.252677,0.2,10,0.75,0.8,0,150,COMPLETE
2512,2512,19262.25,2023-11-15 10:49:04.061207,2023-11-15 10:49:04.311925,0 days 00:00:00.250718,0.2,10,0.75,0.9,7,145,COMPLETE
2513,2513,16989.75,2023-11-15 10:49:04.313648,2023-11-15 10:49:04.583025,0 days 00:00:00.269377,0.1,10,0.75,0.6,2,143,COMPLETE
2514,2514,16556.5,2023-11-15 10:49:04.584544,2023-11-15 10:49:04.868027,0 days 00:00:00.283483,0.2,10,0.75,0.7000000000000001,22,147,COMPLETE
2515,2515,18875.75,2023-11-15 10:49:04.869377,2023-11-15 10:49:05.126823,0 days 00:00:00.257446,0.2,10,1.0,0.9,5,129,COMPLETE
2516,2516,19042.75,2023-11-15 10:49:05.128360,2023-11-15 10:49:05.407221,0 days 00:00:00.278861,0.2,10,1.25,0.9,10,138,COMPLETE
2517,2517,14047.0,2023-11-15 10:49:05.408620,2023-11-15 10:49:05.695309,0 days 00:00:00.286689,0.1,70,0.75,0.9,0,141,COMPLETE
2518,2518,19164.25,2023-11-15 10:49:05.697261,2023-11-15 10:49:05.956892,0 days 00:00:00.259631,0.2,10,0.5,0.9,4,150,COMPLETE
2519,2519,19292.25,2023-11-15 10:49:05.958174,2023-11-15 10:49:06.205881,0 days 00:00:00.247707,0.2,10,0.75,0.9,2,145,COMPLETE
2520,2520,19261.0,2023-11-15 10:49:06.207232,2023-11-15 10:49:06.456666,0 days 00:00:00.249434,0.2,10,0.75,0.30000000000000004,0,147,COMPLETE
2521,2521,18601.25,2023-11-15 10:49:06.458177,2023-11-15 10:49:06.735518,0 days 00:00:00.277341,0.1,10,0.25,0.9,3,136,COMPLETE
2522,2522,17858.75,2023-11-15 10:49:06.737047,2023-11-15 10:49:07.000004,0 days 00:00:00.262957,0.2,20,0.75,0.8,6,142,COMPLETE
2523,2523,19359.75,2023-11-15 10:49:07.001341,2023-11-15 10:49:07.257280,0 days 00:00:00.255939,0.30000000000000004,10,0.75,0.9,2,145,COMPLETE
2524,2524,19272.0,2023-11-15 10:49:07.258625,2023-11-15 10:49:07.509636,0 days 00:00:00.251011,0.2,10,0.5,0.9,8,148,COMPLETE
2525,2525,19166.0,2023-11-15 10:49:07.512005,2023-11-15 10:49:07.771823,0 days 00:00:00.259818,0.2,10,1.25,0.9,0,140,COMPLETE
2526,2526,18002.5,2023-11-15 10:49:07.773103,2023-11-15 10:49:08.036883,0 days 00:00:00.263780,0.6,10,1.0,0.9,4,143,COMPLETE
2527,2527,19082.5,2023-11-15 10:49:08.038625,2023-11-15 10:49:08.286988,0 days 00:00:00.248363,0.2,10,0.75,0.9,2,150,COMPLETE
2528,2528,19261.0,2023-11-15 10:49:08.288389,2023-11-15 10:49:08.546990,0 days 00:00:00.258601,0.1,10,0.75,0.9,0,147,COMPLETE
2529,2529,18992.75,2023-11-15 10:49:08.548535,2023-11-15 10:49:08.832078,0 days 00:00:00.283543,0.2,10,0.75,0.9,5,143,COMPLETE
2530,2530,18842.25,2023-11-15 10:49:08.833431,2023-11-15 10:49:09.098740,0 days 00:00:00.265309,0.2,10,0.75,0.9,36,145,COMPLETE
2531,2531,18294.0,2023-11-15 10:49:09.100084,2023-11-15 10:49:09.352077,0 days 00:00:00.251993,0.2,20,0.75,0.9,2,138,COMPLETE
2532,2532,19169.25,2023-11-15 10:49:09.353710,2023-11-15 10:49:09.616943,0 days 00:00:00.263233,0.1,10,0.75,0.8,4,148,COMPLETE
2533,2533,19163.75,2023-11-15 10:49:09.618282,2023-11-15 10:49:09.864198,0 days 00:00:00.245916,0.2,10,1.0,0.9,0,141,COMPLETE
2534,2534,19262.25,2023-11-15 10:49:09.865606,2023-11-15 10:49:10.115727,0 days 00:00:00.250121,0.2,10,0.75,0.9,7,145,COMPLETE
2535,2535,17567.0,2023-11-15 10:49:10.117704,2023-11-15 10:49:10.382545,0 days 00:00:00.264841,0.30000000000000004,10,0.5,0.5,2,150,COMPLETE
2536,2536,0.0,2023-11-15 10:49:10.385132,2023-11-15 10:49:10.654737,0 days 00:00:00.269605,0.2,10,2.0,0.6,4,20,COMPLETE
2537,2537,19261.0,2023-11-15 10:49:10.656166,2023-11-15 10:49:10.910527,0 days 00:00:00.254361,0.2,10,0.75,0.9,0,143,COMPLETE
2538,2538,18972.75,2023-11-15 10:49:10.912623,2023-11-15 10:49:11.163493,0 days 00:00:00.250870,0.1,10,1.25,0.9,2,147,COMPLETE
2539,2539,18340.75,2023-11-15 10:49:11.165033,2023-11-15 10:49:11.428076,0 days 00:00:00.263043,0.2,20,0.75,0.9,6,139,COMPLETE
2540,2540,18873.75,2023-11-15 10:49:11.429922,2023-11-15 10:49:11.697400,0 days 00:00:00.267478,0.2,10,0.75,0.9,2,133,COMPLETE
2541,2541,19359.75,2023-11-15 10:49:11.699128,2023-11-15 10:49:11.950415,0 days 00:00:00.251287,0.1,10,1.0,0.8,0,145,COMPLETE
2542,2542,19093.75,2023-11-15 10:49:11.951829,2023-11-15 10:49:12.235213,0 days 00:00:00.283384,0.2,10,0.75,0.9,4,142,COMPLETE
2543,2543,17599.25,2023-11-15 10:49:12.236540,2023-11-15 10:49:12.511107,0 days 00:00:00.274567,0.30000000000000004,10,0.75,0.6,9,150,COMPLETE
2544,2544,18971.5,2023-11-15 10:49:12.513038,2023-11-15 10:49:12.783721,0 days 00:00:00.270683,0.2,10,0.25,0.9,2,147,COMPLETE
2545,2545,19161.25,2023-11-15 10:49:12.785040,2023-11-15 10:49:13.039443,0 days 00:00:00.254403,0.1,10,0.75,0.7000000000000001,0,136,COMPLETE
2546,2546,18973.5,2023-11-15 10:49:13.040906,2023-11-15 10:49:13.304219,0 days 00:00:00.263313,0.2,10,1.25,0.9,6,145,COMPLETE
2547,2547,19066.25,2023-11-15 10:49:13.305626,2023-11-15 10:49:13.561846,0 days 00:00:00.256220,0.2,10,0.75,0.9,4,140,COMPLETE
2548,2548,19261.0,2023-11-15 10:49:13.563668,2023-11-15 10:49:13.814116,0 days 00:00:00.250448,0.2,10,0.75,0.9,2,147,COMPLETE
2549,2549,19172.25,2023-11-15 10:49:13.815505,2023-11-15 10:49:14.070044,0 days 00:00:00.254539,0.2,10,1.0,0.9,0,143,COMPLETE
2550,2550,18890.5,2023-11-15 10:49:14.071377,2023-11-15 10:49:14.332086,0 days 00:00:00.260709,0.1,10,0.5,0.8,4,150,COMPLETE
2551,2551,19051.5,2023-11-15 10:49:14.333874,2023-11-15 10:49:14.599338,0 days 00:00:00.265464,0.2,10,0.75,0.9,2,142,COMPLETE
2552,2552,13469.75,2023-11-15 10:49:14.600952,2023-11-15 10:49:14.905906,0 days 00:00:00.304954,0.4,20,0.75,0.5,82,147,COMPLETE
2553,2553,13365.5,2023-11-15 10:49:14.907200,2023-11-15 10:49:15.223013,0 days 00:00:00.315813,0.2,10,0.75,0.4,7,145,COMPLETE
2554,2554,19261.0,2023-11-15 10:49:15.224743,2023-11-15 10:49:15.485312,0 days 00:00:00.260569,0.2,10,0.75,0.9,0,140,COMPLETE
