,number,value,datetime_start,datetime_complete,duration,params_alpha,params_decay_interval,params_decay_rate,params_gamma,params_initialization,params_max_steps,state
2223,2223,17188.25,2023-11-15 12:05:47.338092,2023-11-15 12:05:47.567904,0 days 00:00:00.229812,0.8,20,3.0,0.9,22,74,COMPLETE
2224,2224,17547.25,2023-11-15 12:05:47.569376,2023-11-15 12:05:47.787118,0 days 00:00:00.217742,0.8,10,2.75,0.9,18,68,COMPLETE
2225,2225,16543.25,2023-11-15 12:05:47.788363,2023-11-15 12:05:48.017035,0 days 00:00:00.228672,0.8,10,3.0,0.9,15,63,COMPLETE
2226,2226,18490.0,2023-11-15 12:05:48.018464,2023-11-15 12:05:48.238714,0 days 00:00:00.220250,0.7000000000000001,10,3.0,0.9,20,72,COMPLETE
2227,2227,17547.25,2023-11-15 12:05:48.240018,2023-11-15 12:05:48.461615,0 days 00:00:00.221597,0.8,10,2.75,0.9,17,68,COMPLETE
2228,2228,17920.75,2023-11-15 12:05:48.463242,2023-11-15 12:05:48.684948,0 days 00:00:00.221706,0.8,10,3.0,0.9,22,74,COMPLETE
2229,2229,17825.5,2023-11-15 12:05:48.686209,2023-11-15 12:05:48.914408,0 days 00:00:00.228199,0.8,10,3.0,0.9,19,70,COMPLETE
2230,2230,17654.5,2023-11-15 12:05:48.915816,2023-11-15 12:05:49.152268,0 days 00:00:00.236452,0.8,10,3.0,0.9,15,65,COMPLETE
2231,2231,18392.25,2023-11-15 12:05:49.153689,2023-11-15 12:05:49.371078,0 days 00:00:00.217389,0.8,20,2.75,0.9,22,71,COMPLETE
2232,2232,18682.0,2023-11-15 12:05:49.372515,2023-11-15 12:05:49.591051,0 days 00:00:00.218536,0.8,10,3.0,0.9,17,75,COMPLETE
2233,2233,17917.0,2023-11-15 12:05:49.592896,2023-11-15 12:05:49.821318,0 days 00:00:00.228422,0.8,10,3.0,0.9,19,67,COMPLETE
2234,2234,18215.25,2023-11-15 12:05:49.822628,2023-11-15 12:05:50.043825,0 days 00:00:00.221197,0.8,10,2.75,0.9,20,72,COMPLETE
2235,2235,11017.0,2023-11-15 12:05:50.045681,2023-11-15 12:05:50.296428,0 days 00:00:00.250747,0.8,100,3.0,0.9,22,69,COMPLETE
2236,2236,18682.0,2023-11-15 12:05:50.297997,2023-11-15 12:05:50.513302,0 days 00:00:00.215305,0.8,10,3.0,0.9,13,75,COMPLETE
2237,2237,14270.0,2023-11-15 12:05:50.514736,2023-11-15 12:05:50.749045,0 days 00:00:00.234309,0.2,10,3.0,0.9,17,62,COMPLETE
2238,2238,17917.0,2023-11-15 12:05:50.750711,2023-11-15 12:05:50.976776,0 days 00:00:00.226065,0.8,10,3.0,0.9,15,67,COMPLETE
2239,2239,18215.25,2023-11-15 12:05:50.978686,2023-11-15 12:05:51.199840,0 days 00:00:00.221154,0.8,10,2.75,0.9,19,72,COMPLETE
2240,2240,14751.25,2023-11-15 12:05:51.201314,2023-11-15 12:05:51.446962,0 days 00:00:00.245648,0.7000000000000001,50,3.0,0.9,21,75,COMPLETE
2241,2241,17825.5,2023-11-15 12:05:51.448534,2023-11-15 12:05:51.673853,0 days 00:00:00.225319,0.8,10,3.0,0.9,18,70,COMPLETE
2242,2242,15905.0,2023-11-15 12:05:51.675163,2023-11-15 12:05:51.901553,0 days 00:00:00.226390,0.8,20,3.0,0.9,13,64,COMPLETE
2243,2243,17547.25,2023-11-15 12:05:51.903051,2023-11-15 12:05:52.125204,0 days 00:00:00.222153,0.8,10,2.75,0.9,22,68,COMPLETE
2244,2244,17834.5,2023-11-15 12:05:52.126437,2023-11-15 12:05:52.346720,0 days 00:00:00.220283,0.5,10,3.0,0.9,16,73,COMPLETE
2245,2245,17271.75,2023-11-15 12:05:52.348170,2023-11-15 12:05:52.570563,0 days 00:00:00.222393,0.8,10,3.0,0.9,19,59,COMPLETE
2246,2246,16684.0,2023-11-15 12:05:52.571934,2023-11-15 12:05:52.806542,0 days 00:00:00.234608,0.8,10,2.75,0.9,100,70,COMPLETE
2247,2247,11905.0,2023-11-15 12:05:52.808097,2023-11-15 12:05:53.059063,0 days 00:00:00.250966,0.8,90,3.0,0.9,22,65,COMPLETE
2248,2248,18682.0,2023-11-15 12:05:53.060791,2023-11-15 12:05:53.281062,0 days 00:00:00.220271,0.8,10,3.0,0.9,17,75,COMPLETE
2249,2249,17682.25,2023-11-15 12:05:53.282410,2023-11-15 12:05:53.509147,0 days 00:00:00.226737,0.8,10,2.75,0.9,91,72,COMPLETE
2250,2250,12354.0,2023-11-15 12:05:53.511268,2023-11-15 12:05:53.755706,0 days 00:00:00.244438,0.8,60,3.0,0.9,20,68,COMPLETE
2251,2251,18682.0,2023-11-15 12:05:53.757019,2023-11-15 12:05:53.986179,0 days 00:00:00.229160,0.8,10,3.0,0.9,14,75,COMPLETE
2252,2252,19260.75,2023-11-15 12:05:53.987707,2023-11-15 12:05:54.203526,0 days 00:00:00.215819,0.8,10,3.0,0.9,64,71,COMPLETE
2253,2253,16719.5,2023-11-15 12:05:54.204858,2023-11-15 12:05:54.443786,0 days 00:00:00.238928,0.8,10,3.0,0.9,18,66,COMPLETE
2254,2254,17115.5,2023-11-15 12:05:54.445462,2023-11-15 12:05:54.673489,0 days 00:00:00.228027,0.8,10,3.0,0.9,23,69,COMPLETE
2255,2255,18872.25,2023-11-15 12:05:54.674849,2023-11-15 12:05:54.893473,0 days 00:00:00.218624,0.7000000000000001,10,2.75,0.9,20,73,COMPLETE
2256,2256,16726.25,2023-11-15 12:05:54.895196,2023-11-15 12:05:55.128981,0 days 00:00:00.233785,0.8,10,3.0,0.9,16,61,COMPLETE
2257,2257,17190.0,2023-11-15 12:05:55.130244,2023-11-15 12:05:55.363855,0 days 00:00:00.233611,0.8,20,3.0,0.9,22,75,COMPLETE
2258,2258,17825.5,2023-11-15 12:05:55.365155,2023-11-15 12:05:55.595923,0 days 00:00:00.230768,0.8,10,2.75,0.9,15,70,COMPLETE
2259,2259,16719.5,2023-11-15 12:05:55.597319,2023-11-15 12:05:55.823122,0 days 00:00:00.225803,0.8,10,3.0,0.9,18,66,COMPLETE
2260,2260,17275.25,2023-11-15 12:05:55.824485,2023-11-15 12:05:56.081395,0 days 00:00:00.256910,0.8,20,3.0,0.9,20,72,COMPLETE
2261,2261,17014.0,2023-11-15 12:05:56.082677,2023-11-15 12:05:56.312575,0 days 00:00:00.229898,0.8,10,3.0,0.9,13,64,COMPLETE
2262,2262,18585.0,2023-11-15 12:05:56.314422,2023-11-15 12:05:56.536187,0 days 00:00:00.221765,0.7000000000000001,10,2.75,0.9,23,76,COMPLETE
2263,2263,17115.5,2023-11-15 12:05:56.537486,2023-11-15 12:05:56.762503,0 days 00:00:00.225017,0.8,10,3.0,0.9,17,69,COMPLETE
2264,2264,17369.5,2023-11-15 12:05:56.763760,2023-11-15 12:05:56.990082,0 days 00:00:00.226322,0.8,10,3.0,0.9,20,73,COMPLETE
2265,2265,17917.0,2023-11-15 12:05:56.991800,2023-11-15 12:05:57.220649,0 days 00:00:00.228849,0.8,10,3.0,0.9,23,67,COMPLETE
2266,2266,17825.5,2023-11-15 12:05:57.222052,2023-11-15 12:05:57.453659,0 days 00:00:00.231607,0.8,10,2.75,0.9,15,70,COMPLETE
2267,2267,17016.25,2023-11-15 12:05:57.455282,2023-11-15 12:05:57.688783,0 days 00:00:00.233501,0.8,10,3.0,0.9,18,76,COMPLETE
2268,2268,18122.5,2023-11-15 12:05:57.690115,2023-11-15 12:05:57.911421,0 days 00:00:00.221306,0.8,10,3.0,0.9,21,72,COMPLETE
2269,2269,16632.25,2023-11-15 12:05:57.912882,2023-11-15 12:05:58.144767,0 days 00:00:00.231885,0.8,10,3.0,0.9,19,63,COMPLETE
2270,2270,17547.25,2023-11-15 12:05:58.146343,2023-11-15 12:05:58.371957,0 days 00:00:00.225614,0.8,10,2.75,0.9,17,68,COMPLETE
2271,2271,17369.5,2023-11-15 12:05:58.373334,2023-11-15 12:05:58.599595,0 days 00:00:00.226261,0.8,10,3.0,0.9,22,73,COMPLETE
2272,2272,17825.5,2023-11-15 12:05:58.601111,2023-11-15 12:05:58.823498,0 days 00:00:00.222387,0.8,10,3.0,0.9,14,70,COMPLETE
2273,2273,16091.25,2023-11-15 12:05:58.824886,2023-11-15 12:05:59.067838,0 days 00:00:00.242952,0.8,20,3.0,0.9,20,66,COMPLETE
2274,2274,17378.25,2023-11-15 12:05:59.069139,2023-11-15 12:05:59.299494,0 days 00:00:00.230355,0.8,10,2.75,0.9,16,76,COMPLETE
2275,2275,18872.25,2023-11-15 12:05:59.300920,2023-11-15 12:05:59.519743,0 days 00:00:00.218823,0.7000000000000001,10,3.0,0.9,23,73,COMPLETE
2276,2276,17017.0,2023-11-15 12:05:59.521106,2023-11-15 12:05:59.749478,0 days 00:00:00.228372,0.8,10,3.0,0.9,94,68,COMPLETE
2277,2277,19260.75,2023-11-15 12:05:59.750821,2023-11-15 12:05:59.970536,0 days 00:00:00.219715,0.8,10,3.0,0.9,18,71,COMPLETE
2278,2278,17196.25,2023-11-15 12:05:59.971869,2023-11-15 12:06:00.207559,0 days 00:00:00.235690,0.8,10,2.75,0.9,21,76,COMPLETE
2279,2279,17014.0,2023-11-15 12:06:00.209001,2023-11-15 12:06:00.434285,0 days 00:00:00.225284,0.8,10,3.0,0.9,13,64,COMPLETE
2280,2280,16746.75,2023-11-15 12:06:00.435597,2023-11-15 12:06:00.664443,0 days 00:00:00.228846,0.30000000000000004,10,3.0,0.9,16,70,COMPLETE
2281,2281,14322.5,2023-11-15 12:06:00.665918,2023-11-15 12:06:00.912477,0 days 00:00:00.246559,0.1,10,3.0,0.9,19,74,COMPLETE
2282,2282,16620.5,2023-11-15 12:06:00.914240,2023-11-15 12:06:01.146880,0 days 00:00:00.232640,0.8,20,2.75,0.9,23,67,COMPLETE
2283,2283,17760.75,2023-11-15 12:06:01.148500,2023-11-15 12:06:01.375470,0 days 00:00:00.226970,0.4,10,3.0,0.9,20,72,COMPLETE
2284,2284,14561.25,2023-11-15 12:06:01.377049,2023-11-15 12:06:01.617874,0 days 00:00:00.240825,0.8,40,3.0,0.9,15,60,COMPLETE
2285,2285,17196.25,2023-11-15 12:06:01.619269,2023-11-15 12:06:01.854312,0 days 00:00:00.235043,0.8,10,2.75,0.9,17,76,COMPLETE
2286,2286,17547.25,2023-11-15 12:06:01.855779,2023-11-15 12:06:02.081946,0 days 00:00:00.226167,0.8,10,3.0,0.9,21,68,COMPLETE
2287,2287,17654.5,2023-11-15 12:06:02.083210,2023-11-15 12:06:02.309767,0 days 00:00:00.226557,0.8,10,3.0,0.9,23,65,COMPLETE
2288,2288,19260.75,2023-11-15 12:06:02.311611,2023-11-15 12:06:02.532910,0 days 00:00:00.221299,0.8,10,3.0,0.9,18,71,COMPLETE
2289,2289,17920.75,2023-11-15 12:06:02.534265,2023-11-15 12:06:02.766253,0 days 00:00:00.231988,0.8,10,3.0,0.9,13,74,COMPLETE
2290,2290,17115.5,2023-11-15 12:06:02.767763,2023-11-15 12:06:03.016026,0 days 00:00:00.248263,0.8,10,2.75,0.9,20,69,COMPLETE
2291,2291,16711.25,2023-11-15 12:06:03.017326,2023-11-15 12:06:03.247722,0 days 00:00:00.230396,0.8,10,3.0,0.9,23,62,COMPLETE
2292,2292,16636.0,2023-11-15 12:06:03.249213,2023-11-15 12:06:03.489821,0 days 00:00:00.240608,0.8,20,3.0,0.9,16,73,COMPLETE
2293,2293,17378.25,2023-11-15 12:06:03.491138,2023-11-15 12:06:03.724305,0 days 00:00:00.233167,0.8,10,2.75,0.9,18,76,COMPLETE
2294,2294,17920.5,2023-11-15 12:06:03.726068,2023-11-15 12:06:03.953786,0 days 00:00:00.227718,0.7000000000000001,10,3.0,0.9,21,67,COMPLETE
2295,2295,19260.75,2023-11-15 12:06:03.955226,2023-11-15 12:06:04.172596,0 days 00:00:00.217370,0.8,10,3.0,0.9,19,71,COMPLETE
2296,2296,17825.5,2023-11-15 12:06:04.173959,2023-11-15 12:06:04.400491,0 days 00:00:00.226532,0.8,10,3.0,0.9,15,70,COMPLETE
2297,2297,17654.5,2023-11-15 12:06:04.402287,2023-11-15 12:06:04.633214,0 days 00:00:00.230927,0.8,10,3.0,0.9,22,65,COMPLETE
2298,2298,17196.25,2023-11-15 12:06:04.634527,2023-11-15 12:06:04.870378,0 days 00:00:00.235851,0.8,10,2.75,0.9,17,76,COMPLETE
2299,2299,18122.5,2023-11-15 12:06:04.871701,2023-11-15 12:06:05.097386,0 days 00:00:00.225685,0.8,10,3.0,0.9,13,72,COMPLETE
2300,2300,16620.5,2023-11-15 12:06:05.098894,2023-11-15 12:06:05.331307,0 days 00:00:00.232413,0.8,20,3.0,0.9,19,67,COMPLETE
2301,2301,17920.75,2023-11-15 12:06:05.332633,2023-11-15 12:06:05.561532,0 days 00:00:00.228899,0.8,10,2.75,0.9,23,74,COMPLETE
2302,2302,17115.5,2023-11-15 12:06:05.563127,2023-11-15 12:06:05.790266,0 days 00:00:00.227139,0.8,10,3.0,0.9,21,69,COMPLETE
2303,2303,18970.0,2023-11-15 12:06:05.791856,2023-11-15 12:06:06.015216,0 days 00:00:00.223360,0.6,10,3.0,0.9,16,73,COMPLETE
2304,2304,16455.75,2023-11-15 12:06:06.016670,2023-11-15 12:06:06.242967,0 days 00:00:00.226297,0.8,10,3.0,0.9,18,55,COMPLETE
2305,2305,17654.5,2023-11-15 12:06:06.244963,2023-11-15 12:06:06.469804,0 days 00:00:00.224841,0.8,10,2.75,0.9,20,65,COMPLETE
2306,2306,17825.5,2023-11-15 12:06:06.471273,2023-11-15 12:06:06.695366,0 days 00:00:00.224093,0.8,10,3.0,0.9,12,70,COMPLETE
2307,2307,17855.5,2023-11-15 12:06:06.696895,2023-11-15 12:06:06.931374,0 days 00:00:00.234479,0.8,10,3.0,0.9,89,75,COMPLETE
2308,2308,17547.25,2023-11-15 12:06:06.932714,2023-11-15 12:06:07.159541,0 days 00:00:00.226827,0.8,10,3.0,0.9,23,68,COMPLETE
2309,2309,16630.0,2023-11-15 12:06:07.161567,2023-11-15 12:06:07.394151,0 days 00:00:00.232584,0.8,10,2.75,0.9,15,62,COMPLETE
2310,2310,18490.0,2023-11-15 12:06:07.395672,2023-11-15 12:06:07.620577,0 days 00:00:00.224905,0.7000000000000001,10,3.0,0.9,18,72,COMPLETE
2311,2311,16923.25,2023-11-15 12:06:07.622104,2023-11-15 12:06:07.860766,0 days 00:00:00.238662,0.8,10,3.0,0.9,21,76,COMPLETE
2312,2312,18392.25,2023-11-15 12:06:07.862447,2023-11-15 12:06:08.085715,0 days 00:00:00.223268,0.8,20,3.0,0.9,60,70,COMPLETE
2313,2313,16719.5,2023-11-15 12:06:08.087192,2023-11-15 12:06:08.317922,0 days 00:00:00.230730,0.8,10,2.75,0.9,15,66,COMPLETE
2314,2314,17186.0,2023-11-15 12:06:08.319193,2023-11-15 12:06:08.545943,0 days 00:00:00.226750,0.8,10,3.0,0.9,23,73,COMPLETE
2315,2315,17115.5,2023-11-15 12:06:08.547438,2023-11-15 12:06:08.779545,0 days 00:00:00.232107,0.8,10,3.0,0.9,19,69,COMPLETE
2316,2316,16923.25,2023-11-15 12:06:08.780866,2023-11-15 12:06:09.016749,0 days 00:00:00.235883,0.8,10,3.0,0.9,17,76,COMPLETE
2317,2317,16919.75,2023-11-15 12:06:09.018142,2023-11-15 12:06:09.247967,0 days 00:00:00.229825,0.7000000000000001,10,2.75,0.9,21,64,COMPLETE
2318,2318,18122.5,2023-11-15 12:06:09.249297,2023-11-15 12:06:09.480162,0 days 00:00:00.230865,0.8,10,3.0,0.9,14,72,COMPLETE
2319,2319,17547.25,2023-11-15 12:06:09.481892,2023-11-15 12:06:09.725128,0 days 00:00:00.243236,0.8,10,3.0,0.9,19,68,COMPLETE
2320,2320,17185.5,2023-11-15 12:06:09.726657,2023-11-15 12:06:09.963098,0 days 00:00:00.236441,0.8,20,3.0,0.9,23,77,COMPLETE
2321,2321,19260.75,2023-11-15 12:06:09.964421,2023-11-15 12:06:10.187208,0 days 00:00:00.222787,0.8,10,2.75,0.9,17,71,COMPLETE
2322,2322,11574.25,2023-11-15 12:06:10.188538,2023-11-15 12:06:10.436139,0 days 00:00:00.247601,0.8,70,3.0,0.9,19,67,COMPLETE
2323,2323,17369.5,2023-11-15 12:06:10.437470,2023-11-15 12:06:10.670535,0 days 00:00:00.233065,0.8,10,3.0,0.9,21,73,COMPLETE
2324,2324,17014.0,2023-11-15 12:06:10.671960,2023-11-15 12:06:10.908617,0 days 00:00:00.236657,0.8,10,3.0,0.9,16,64,COMPLETE
2325,2325,17548.0,2023-11-15 12:06:10.910363,2023-11-15 12:06:11.134933,0 days 00:00:00.224570,0.8,30,2.75,0.9,13,70,COMPLETE
2326,2326,17016.25,2023-11-15 12:06:11.136278,2023-11-15 12:06:11.372469,0 days 00:00:00.236191,0.8,10,3.0,0.9,23,76,COMPLETE
2327,2327,17369.5,2023-11-15 12:06:11.373729,2023-11-15 12:06:11.603568,0 days 00:00:00.229839,0.8,10,3.0,0.9,51,73,COMPLETE
2328,2328,17547.25,2023-11-15 12:06:11.604937,2023-11-15 12:06:11.833970,0 days 00:00:00.229033,0.8,10,2.75,0.9,20,68,COMPLETE
2329,2329,17271.75,2023-11-15 12:06:11.835522,2023-11-15 12:06:12.064029,0 days 00:00:00.228507,0.8,10,3.0,0.9,17,59,COMPLETE
2330,2330,17920.75,2023-11-15 12:06:12.065424,2023-11-15 12:06:12.292851,0 days 00:00:00.227427,0.8,10,3.0,0.9,21,74,COMPLETE
2331,2331,17825.5,2023-11-15 12:06:12.294768,2023-11-15 12:06:12.529124,0 days 00:00:00.234356,0.8,10,3.0,0.9,12,70,COMPLETE
2332,2332,16184.25,2023-11-15 12:06:12.530583,2023-11-15 12:06:12.765124,0 days 00:00:00.234541,0.7000000000000001,20,3.0,0.9,15,66,COMPLETE
2333,2333,17378.25,2023-11-15 12:06:12.766495,2023-11-15 12:06:13.000624,0 days 00:00:00.234129,0.8,10,2.75,0.9,23,76,COMPLETE
2334,2334,18122.5,2023-11-15 12:06:13.002130,2023-11-15 12:06:13.236542,0 days 00:00:00.234412,0.8,10,3.0,0.9,18,72,COMPLETE
2335,2335,16543.25,2023-11-15 12:06:13.237814,2023-11-15 12:06:13.472963,0 days 00:00:00.235149,0.8,10,3.0,0.9,20,63,COMPLETE
2336,2336,17115.5,2023-11-15 12:06:13.474380,2023-11-15 12:06:13.708120,0 days 00:00:00.233740,0.8,10,3.0,0.9,17,69,COMPLETE
2337,2337,18026.0,2023-11-15 12:06:13.709477,2023-11-15 12:06:13.938337,0 days 00:00:00.228860,0.8,10,2.75,0.9,23,77,COMPLETE
2338,2338,17917.0,2023-11-15 12:06:13.939729,2023-11-15 12:06:14.169608,0 days 00:00:00.229879,0.8,10,3.0,0.9,21,67,COMPLETE
2339,2339,17185.25,2023-11-15 12:06:14.170927,2023-11-15 12:06:14.401322,0 days 00:00:00.230395,0.8,10,3.0,0.9,15,73,COMPLETE
2340,2340,19260.75,2023-11-15 12:06:14.402876,2023-11-15 12:06:14.625334,0 days 00:00:00.222458,0.8,10,3.0,0.9,19,71,COMPLETE
2341,2341,16091.75,2023-11-15 12:06:14.627106,2023-11-15 12:06:14.867052,0 days 00:00:00.239946,0.8,20,2.75,0.9,77,66,COMPLETE
2342,2342,17920.75,2023-11-15 12:06:14.868495,2023-11-15 12:06:15.101813,0 days 00:00:00.233318,0.8,10,3.0,0.9,24,74,COMPLETE
2343,2343,17115.5,2023-11-15 12:06:15.103194,2023-11-15 12:06:15.333009,0 days 00:00:00.229815,0.8,10,3.0,0.9,18,69,COMPLETE
2344,2344,18121.5,2023-11-15 12:06:15.334415,2023-11-15 12:06:15.562834,0 days 00:00:00.228419,0.8,10,3.0,0.9,14,77,COMPLETE
2345,2345,19260.75,2023-11-15 12:06:15.564247,2023-11-15 12:06:15.788829,0 days 00:00:00.224582,0.8,10,2.75,0.9,21,71,COMPLETE
2346,2346,17014.0,2023-11-15 12:06:15.790267,2023-11-15 12:06:16.017888,0 days 00:00:00.227621,0.8,10,3.0,0.9,16,64,COMPLETE
2347,2347,18872.25,2023-11-15 12:06:16.019383,2023-11-15 12:06:16.241441,0 days 00:00:00.222058,0.7000000000000001,10,3.0,0.9,19,73,COMPLETE
2348,2348,16632.75,2023-11-15 12:06:16.243164,2023-11-15 12:06:16.493047,0 days 00:00:00.249883,0.8,10,2.75,0.9,22,61,COMPLETE
2349,2349,17547.25,2023-11-15 12:06:16.494664,2023-11-15 12:06:16.725330,0 days 00:00:00.230666,0.8,10,3.0,0.9,24,68,COMPLETE
2350,2350,17825.5,2023-11-15 12:06:16.727049,2023-11-15 12:06:16.954656,0 days 00:00:00.227607,0.8,10,3.0,0.9,18,70,COMPLETE
2351,2351,17188.25,2023-11-15 12:06:16.956177,2023-11-15 12:06:17.195548,0 days 00:00:00.239371,0.8,20,3.0,0.9,20,74,COMPLETE
2352,2352,18026.0,2023-11-15 12:06:17.196987,2023-11-15 12:06:17.429624,0 days 00:00:00.232637,0.8,10,3.0,0.9,13,77,COMPLETE
2353,2353,16719.5,2023-11-15 12:06:17.430963,2023-11-15 12:06:17.664670,0 days 00:00:00.233707,0.8,10,3.0,0.9,16,66,COMPLETE
2354,2354,19260.75,2023-11-15 12:06:17.666126,2023-11-15 12:06:17.887253,0 days 00:00:00.221127,0.8,10,2.75,0.9,22,71,COMPLETE
2355,2355,17546.5,2023-11-15 12:06:17.888588,2023-11-15 12:06:18.119325,0 days 00:00:00.230737,0.7000000000000001,10,3.0,0.9,17,74,COMPLETE
2356,2356,17547.25,2023-11-15 12:06:18.120616,2023-11-15 12:06:18.355818,0 days 00:00:00.235202,0.8,10,2.75,0.9,12,68,COMPLETE
2357,2357,19260.75,2023-11-15 12:06:18.357200,2023-11-15 12:06:18.581136,0 days 00:00:00.223936,0.8,10,3.0,0.9,20,71,COMPLETE
2358,2358,12515.75,2023-11-15 12:06:18.583002,2023-11-15 12:06:18.841111,0 days 00:00:00.258109,0.8,80,3.0,0.9,23,77,COMPLETE
2359,2359,17631.75,2023-11-15 12:06:18.842446,2023-11-15 12:06:19.076014,0 days 00:00:00.233568,0.8,20,3.0,0.9,15,65,COMPLETE
2360,2360,17920.75,2023-11-15 12:06:19.078076,2023-11-15 12:06:19.306716,0 days 00:00:00.228640,0.8,10,2.75,0.9,19,74,COMPLETE
2361,2361,17382.5,2023-11-15 12:06:19.308266,2023-11-15 12:06:19.551977,0 days 00:00:00.243711,0.8,10,2.5,0.9,24,69,COMPLETE
2362,2362,19260.75,2023-11-15 12:06:19.553311,2023-11-15 12:06:19.775207,0 days 00:00:00.221896,0.8,10,3.0,0.9,17,71,COMPLETE
2363,2363,17742.25,2023-11-15 12:06:19.776703,2023-11-15 12:06:20.008012,0 days 00:00:00.231309,0.6,10,3.0,0.9,21,67,COMPLETE
2364,2364,16711.25,2023-11-15 12:06:20.009613,2023-11-15 12:06:20.240195,0 days 00:00:00.230582,0.8,10,3.0,0.9,14,62,COMPLETE
2365,2365,17640.25,2023-11-15 12:06:20.241755,2023-11-15 12:06:20.473333,0 days 00:00:00.231578,0.7000000000000001,10,2.75,0.9,19,74,COMPLETE
2366,2366,18121.5,2023-11-15 12:06:20.474610,2023-11-15 12:06:20.704284,0 days 00:00:00.229674,0.8,10,3.0,0.9,21,77,COMPLETE
2367,2367,19260.75,2023-11-15 12:06:20.705620,2023-11-15 12:06:20.930148,0 days 00:00:00.224528,0.8,10,3.0,0.9,16,71,COMPLETE
2368,2368,17547.25,2023-11-15 12:06:20.931596,2023-11-15 12:06:21.159419,0 days 00:00:00.227823,0.8,10,3.0,0.9,24,68,COMPLETE
2369,2369,17014.0,2023-11-15 12:06:21.161290,2023-11-15 12:06:21.395131,0 days 00:00:00.233841,0.8,10,2.75,0.9,18,64,COMPLETE
2370,2370,17920.75,2023-11-15 12:06:21.396564,2023-11-15 12:06:21.629643,0 days 00:00:00.233079,0.8,10,3.0,0.9,22,74,COMPLETE
2371,2371,19260.75,2023-11-15 12:06:21.630922,2023-11-15 12:06:21.856338,0 days 00:00:00.225416,0.8,10,3.0,0.9,12,71,COMPLETE
2372,2372,15355.5,2023-11-15 12:06:21.857743,2023-11-15 12:06:22.101569,0 days 00:00:00.243826,0.2,20,3.0,0.9,19,67,COMPLETE
2373,2373,18121.5,2023-11-15 12:06:22.102922,2023-11-15 12:06:22.331594,0 days 00:00:00.228672,0.8,10,2.75,0.9,15,77,COMPLETE
2374,2374,17825.5,2023-11-15 12:06:22.332919,2023-11-15 12:06:22.558836,0 days 00:00:00.225917,0.8,10,3.0,0.9,17,70,COMPLETE
2375,2375,17920.75,2023-11-15 12:06:22.560789,2023-11-15 12:06:22.791141,0 days 00:00:00.230352,0.8,10,3.0,0.9,21,74,COMPLETE
2376,2376,17654.5,2023-11-15 12:06:22.792618,2023-11-15 12:06:23.022140,0 days 00:00:00.229522,0.8,10,3.0,0.9,23,65,COMPLETE
2377,2377,18215.25,2023-11-15 12:06:23.023535,2023-11-15 12:06:23.271664,0 days 00:00:00.248129,0.8,10,2.75,0.9,73,72,COMPLETE
2378,2378,15374.25,2023-11-15 12:06:23.272951,2023-11-15 12:06:23.513427,0 days 00:00:00.240476,0.7000000000000001,50,3.0,0.9,19,68,COMPLETE
2379,2379,18682.0,2023-11-15 12:06:23.514887,2023-11-15 12:06:23.746834,0 days 00:00:00.231947,0.8,10,3.0,0.9,14,75,COMPLETE
2380,2380,17825.5,2023-11-15 12:06:23.748167,2023-11-15 12:06:23.980790,0 days 00:00:00.232623,0.8,10,3.0,0.9,24,70,COMPLETE
2381,2381,18121.5,2023-11-15 12:06:23.982191,2023-11-15 12:06:24.215953,0 days 00:00:00.233762,0.8,10,2.75,0.9,17,77,COMPLETE
2382,2382,17280.0,2023-11-15 12:06:24.217479,2023-11-15 12:06:24.447293,0 days 00:00:00.229814,0.8,10,3.0,0.9,21,60,COMPLETE
2383,2383,15153.5,2023-11-15 12:06:24.448839,2023-11-15 12:06:24.692632,0 days 00:00:00.243793,0.5,40,3.0,0.9,19,72,COMPLETE
2384,2384,17631.75,2023-11-15 12:06:24.694631,2023-11-15 12:06:24.925917,0 days 00:00:00.231286,0.8,20,2.75,0.9,15,65,COMPLETE
2385,2385,17549.75,2023-11-15 12:06:24.927844,2023-11-15 12:06:25.158523,0 days 00:00:00.230679,0.8,10,2.5,0.9,22,68,COMPLETE
2386,2386,17920.75,2023-11-15 12:06:25.160361,2023-11-15 12:06:25.393686,0 days 00:00:00.233325,0.8,10,3.0,0.9,17,74,COMPLETE
2387,2387,16711.25,2023-11-15 12:06:25.395393,2023-11-15 12:06:25.628158,0 days 00:00:00.232765,0.8,10,3.0,0.9,56,62,COMPLETE
2388,2388,1757.75,2023-11-15 12:06:25.629789,2023-11-15 12:06:25.853404,0 days 00:00:00.223615,0.8,10,3.0,0.9,20,10,COMPLETE
2389,2389,17825.5,2023-11-15 12:06:25.854881,2023-11-15 12:06:26.083075,0 days 00:00:00.228194,0.8,10,2.75,0.9,18,70,COMPLETE
2390,2390,18122.5,2023-11-15 12:06:26.084362,2023-11-15 12:06:26.311730,0 days 00:00:00.227368,0.8,10,3.0,0.9,24,72,COMPLETE
2391,2391,17185.5,2023-11-15 12:06:26.313470,2023-11-15 12:06:26.549508,0 days 00:00:00.236038,0.8,20,3.0,0.9,12,77,COMPLETE
2392,2392,17920.5,2023-11-15 12:06:26.551059,2023-11-15 12:06:26.780320,0 days 00:00:00.229261,0.7000000000000001,10,3.0,0.9,21,67,COMPLETE
2393,2393,17920.75,2023-11-15 12:06:26.781930,2023-11-15 12:06:27.016085,0 days 00:00:00.234155,0.8,10,3.0,0.9,16,74,COMPLETE
