,number,value,datetime_start,datetime_complete,duration,params_alpha,params_decay_interval,params_decay_rate,params_gamma,params_initialization,params_max_steps,state
8808,8808,15253.0,2023-11-15 14:20:27.828145,2023-11-15 14:20:28.641619,0 days 00:00:00.813474,0.8,60,1.25,0.8,6,94,COMPLETE
8809,8809,18218.0,2023-11-15 14:20:28.644668,2023-11-15 14:20:29.447880,0 days 00:00:00.803212,0.8,10,1.25,0.8,14,97,COMPLETE
8810,8810,18309.75,2023-11-15 14:20:29.451118,2023-11-15 14:20:30.251801,0 days 00:00:00.800683,0.6,10,3.0,0.7000000000000001,18,100,COMPLETE
8811,8811,17761.5,2023-11-15 14:20:30.255098,2023-11-15 14:20:31.105289,0 days 00:00:00.850191,0.9,10,1.0,0.8,93,98,COMPLETE
8812,8812,18394.5,2023-11-15 14:20:31.108355,2023-11-15 14:20:31.890472,0 days 00:00:00.782117,0.8,10,1.25,0.8,4,96,COMPLETE
8813,8813,18054.5,2023-11-15 14:20:31.893374,2023-11-15 14:20:32.686791,0 days 00:00:00.793417,0.8,10,0.75,0.5,22,100,COMPLETE
8814,8814,18305.25,2023-11-15 14:20:32.690053,2023-11-15 14:20:33.491561,0 days 00:00:00.801508,0.8,10,1.5,0.8,13,98,COMPLETE
8815,8815,16825.25,2023-11-15 14:20:33.494582,2023-11-15 14:20:34.320931,0 days 00:00:00.826349,0.8,20,1.25,0.6,10,95,COMPLETE
8816,8816,18306.25,2023-11-15 14:20:34.324428,2023-11-15 14:20:35.170159,0 days 00:00:00.845731,0.8,10,1.25,0.9,16,100,COMPLETE
8817,8817,18403.75,2023-11-15 14:20:35.173369,2023-11-15 14:20:36.107129,0 days 00:00:00.933760,0.8,10,1.5,0.8,19,97,COMPLETE
8818,8818,18399.0,2023-11-15 14:20:36.109862,2023-11-15 14:20:36.912382,0 days 00:00:00.802520,0.8,10,2.0,0.8,8,98,COMPLETE
8819,8819,18228.75,2023-11-15 14:20:36.915799,2023-11-15 14:20:37.707354,0 days 00:00:00.791555,0.7000000000000001,10,1.25,0.7000000000000001,25,99,COMPLETE
8820,8820,18410.75,2023-11-15 14:20:37.710612,2023-11-15 14:20:38.511600,0 days 00:00:00.800988,0.8,10,1.25,0.8,15,94,COMPLETE
8821,8821,18218.0,2023-11-15 14:20:38.515557,2023-11-15 14:20:39.311231,0 days 00:00:00.795674,0.8,10,1.25,0.8,7,97,COMPLETE
8822,8822,18398.25,2023-11-15 14:20:39.314643,2023-11-15 14:20:40.133453,0 days 00:00:00.818810,0.8,10,1.25,0.8,18,100,COMPLETE
8823,8823,17471.25,2023-11-15 14:20:40.136096,2023-11-15 14:20:41.004228,0 days 00:00:00.868132,0.4,10,1.0,0.8,21,96,COMPLETE
8824,8824,17846.0,2023-11-15 14:20:41.006854,2023-11-15 14:20:41.836289,0 days 00:00:00.829435,0.8,10,1.25,0.30000000000000004,12,98,COMPLETE
8825,8825,15738.5,2023-11-15 14:20:41.839910,2023-11-15 14:20:42.667735,0 days 00:00:00.827825,0.8,50,1.25,0.8,4,100,COMPLETE
8826,8826,17003.5,2023-11-15 14:20:42.670417,2023-11-15 14:20:43.497430,0 days 00:00:00.827013,0.8,20,1.5,0.9,2,95,COMPLETE
8827,8827,18116.25,2023-11-15 14:20:43.500708,2023-11-15 14:20:44.349884,0 days 00:00:00.849176,0.9,10,1.0,0.8,14,98,COMPLETE
8828,8828,18214.0,2023-11-15 14:20:44.352633,2023-11-15 14:20:45.120806,0 days 00:00:00.768173,0.7000000000000001,10,1.25,0.8,17,92,COMPLETE
8829,8829,18492.5,2023-11-15 14:20:45.123462,2023-11-15 14:20:45.884119,0 days 00:00:00.760657,0.8,10,1.25,0.8,10,100,COMPLETE
8830,8830,18488.75,2023-11-15 14:20:45.887198,2023-11-15 14:20:46.663752,0 days 00:00:00.776554,0.8,10,1.75,0.8,20,96,COMPLETE
8831,8831,18023.5,2023-11-15 14:20:46.666444,2023-11-15 14:20:47.461508,0 days 00:00:00.795064,0.8,10,1.25,0.8,24,98,COMPLETE
8832,8832,17827.5,2023-11-15 14:20:47.464208,2023-11-15 14:20:48.238181,0 days 00:00:00.773973,0.8,20,1.25,0.8,33,99,COMPLETE
8833,8833,18301.5,2023-11-15 14:20:48.240749,2023-11-15 14:20:49.026289,0 days 00:00:00.785540,0.8,10,1.5,0.9,15,96,COMPLETE
8834,8834,18492.5,2023-11-15 14:20:49.029023,2023-11-15 14:20:49.844860,0 days 00:00:00.815837,0.8,10,1.25,0.8,6,100,COMPLETE
8835,8835,18218.0,2023-11-15 14:20:49.848066,2023-11-15 14:20:50.745499,0 days 00:00:00.897433,0.8,10,1.25,0.8,12,97,COMPLETE
8836,8836,18410.75,2023-11-15 14:20:50.748966,2023-11-15 14:20:51.512133,0 days 00:00:00.763167,0.8,10,1.25,0.8,18,94,COMPLETE
8837,8837,18023.5,2023-11-15 14:20:51.514986,2023-11-15 14:20:52.319908,0 days 00:00:00.804922,0.8,10,1.25,0.8,16,98,COMPLETE
8838,8838,18399.5,2023-11-15 14:20:52.322569,2023-11-15 14:20:53.102001,0 days 00:00:00.779432,0.9,10,1.25,0.8,22,100,COMPLETE
8839,8839,13936.0,2023-11-15 14:20:53.104668,2023-11-15 14:20:53.916439,0 days 00:00:00.811771,0.8,80,1.0,0.8,8,98,COMPLETE
8840,8840,18301.75,2023-11-15 14:20:53.919393,2023-11-15 14:20:54.689561,0 days 00:00:00.770168,0.8,10,1.5,0.7000000000000001,1,96,COMPLETE
8841,8841,17423.75,2023-11-15 14:20:54.692858,2023-11-15 14:20:55.469673,0 days 00:00:00.776815,0.7000000000000001,10,1.25,0.8,96,100,COMPLETE
8842,8842,18207.75,2023-11-15 14:20:55.472360,2023-11-15 14:20:56.237633,0 days 00:00:00.765273,0.8,10,1.25,0.8,28,93,COMPLETE
8843,8843,18022.0,2023-11-15 14:20:56.240438,2023-11-15 14:20:57.056511,0 days 00:00:00.816073,0.8,10,1.0,0.8,19,98,COMPLETE
8844,8844,17837.25,2023-11-15 14:20:57.059395,2023-11-15 14:20:57.835723,0 days 00:00:00.776328,0.8,10,1.25,0.8,4,95,COMPLETE
8845,8845,17395.75,2023-11-15 14:20:57.838368,2023-11-15 14:20:58.609856,0 days 00:00:00.771488,0.8,10,1.25,0.7000000000000001,73,75,COMPLETE
8846,8846,17830.75,2023-11-15 14:20:58.613019,2023-11-15 14:20:59.387101,0 days 00:00:00.774082,0.8,20,1.25,0.9,14,98,COMPLETE
8847,8847,18400.5,2023-11-15 14:20:59.389897,2023-11-15 14:21:00.183246,0 days 00:00:00.793349,0.8,10,1.5,0.8,17,100,COMPLETE
8848,8848,18394.5,2023-11-15 14:21:00.186016,2023-11-15 14:21:00.973550,0 days 00:00:00.787534,0.8,10,1.25,0.8,11,96,COMPLETE
8849,8849,16820.25,2023-11-15 14:21:00.976210,2023-11-15 14:21:01.740246,0 days 00:00:00.764036,0.9,40,1.25,0.8,6,97,COMPLETE
8850,8850,18397.5,2023-11-15 14:21:01.743166,2023-11-15 14:21:02.512646,0 days 00:00:00.769480,0.8,10,2.25,0.8,9,99,COMPLETE
8851,8851,18398.25,2023-11-15 14:21:02.515659,2023-11-15 14:21:03.324573,0 days 00:00:00.808914,0.8,10,1.25,0.8,13,100,COMPLETE
8852,8852,18222.5,2023-11-15 14:21:03.327318,2023-11-15 14:21:04.145962,0 days 00:00:00.818644,0.7000000000000001,10,1.0,0.8,20,97,COMPLETE
8853,8853,17643.0,2023-11-15 14:21:04.149858,2023-11-15 14:21:05.136465,0 days 00:00:00.986607,0.5,20,1.25,0.9,23,90,COMPLETE
8854,8854,18410.75,2023-11-15 14:21:05.139498,2023-11-15 14:21:05.917191,0 days 00:00:00.777693,0.8,10,1.25,0.8,16,94,COMPLETE
8855,8855,18023.5,2023-11-15 14:21:05.920117,2023-11-15 14:21:06.711721,0 days 00:00:00.791604,0.8,10,1.25,0.8,19,98,COMPLETE
8856,8856,18492.5,2023-11-15 14:21:06.715120,2023-11-15 14:21:07.489834,0 days 00:00:00.774714,0.8,10,1.25,0.8,4,100,COMPLETE
8857,8857,18395.25,2023-11-15 14:21:07.492664,2023-11-15 14:21:08.272694,0 days 00:00:00.780030,0.8,10,1.5,0.8,2,96,COMPLETE
8858,8858,18023.5,2023-11-15 14:21:08.275478,2023-11-15 14:21:09.055015,0 days 00:00:00.779537,0.8,10,1.25,0.8,14,98,COMPLETE
8859,8859,17833.5,2023-11-15 14:21:09.058890,2023-11-15 14:21:09.865696,0 days 00:00:00.806806,0.8,10,1.75,0.8,11,95,COMPLETE
8860,8860,18304.0,2023-11-15 14:21:09.868673,2023-11-15 14:21:10.644565,0 days 00:00:00.775892,0.8,10,1.25,0.7000000000000001,21,100,COMPLETE
8861,8861,18023.5,2023-11-15 14:21:10.647182,2023-11-15 14:21:11.409107,0 days 00:00:00.761925,0.8,10,1.25,0.8,7,98,COMPLETE
8862,8862,18212.5,2023-11-15 14:21:11.411721,2023-11-15 14:21:12.205834,0 days 00:00:00.794113,0.8,10,1.5,0.8,44,92,COMPLETE
8863,8863,18236.5,2023-11-15 14:21:12.208416,2023-11-15 14:21:13.032705,0 days 00:00:00.824289,0.9,10,1.0,0.9,16,97,COMPLETE
8864,8864,18401.5,2023-11-15 14:21:13.035419,2023-11-15 14:21:13.803553,0 days 00:00:00.768134,0.7000000000000001,10,1.25,0.8,18,100,COMPLETE
8865,8865,18399.0,2023-11-15 14:21:13.806451,2023-11-15 14:21:14.573592,0 days 00:00:00.767141,0.8,10,2.0,0.8,10,98,COMPLETE
8866,8866,199.5,2023-11-15 14:21:14.576938,2023-11-15 14:21:15.587758,0 days 00:00:01.010820,0.8,10,1.25,0.8,0,94,COMPLETE
8867,8867,18126.75,2023-11-15 14:21:15.590543,2023-11-15 14:21:16.540199,0 days 00:00:00.949656,0.8,20,1.0,0.8,13,96,COMPLETE
8868,8868,18681.25,2023-11-15 14:21:16.543240,2023-11-15 14:21:17.315938,0 days 00:00:00.772698,0.8,10,1.25,0.8,5,99,COMPLETE
8869,8869,18399.0,2023-11-15 14:21:17.319395,2023-11-15 14:21:18.100448,0 days 00:00:00.781053,0.8,10,1.25,0.8,17,100,COMPLETE
8870,8870,18218.0,2023-11-15 14:21:18.103032,2023-11-15 14:21:18.944232,0 days 00:00:00.841200,0.8,10,1.25,0.8,15,97,COMPLETE
8871,8871,18117.5,2023-11-15 14:21:18.947476,2023-11-15 14:21:19.894115,0 days 00:00:00.946639,0.8,10,1.25,0.9,21,98,COMPLETE
8872,8872,17837.25,2023-11-15 14:21:19.896991,2023-11-15 14:21:20.677674,0 days 00:00:00.780683,0.8,10,1.25,0.8,8,95,COMPLETE
8873,8873,16281.75,2023-11-15 14:21:20.681243,2023-11-15 14:21:21.471254,0 days 00:00:00.790011,0.8,20,1.25,0.8,3,60,COMPLETE
8874,8874,18399.0,2023-11-15 14:21:21.474079,2023-11-15 14:21:22.253091,0 days 00:00:00.779012,0.8,10,1.25,0.8,25,100,COMPLETE
8875,8875,18118.0,2023-11-15 14:21:22.255795,2023-11-15 14:21:23.043172,0 days 00:00:00.787377,0.7000000000000001,10,1.5,0.7000000000000001,19,98,COMPLETE
8876,8876,18207.75,2023-11-15 14:21:23.046110,2023-11-15 14:21:23.817426,0 days 00:00:00.771316,0.9,10,1.25,0.8,12,96,COMPLETE
8877,8877,18209.75,2023-11-15 14:21:23.820582,2023-11-15 14:21:24.596075,0 days 00:00:00.775493,0.8,10,1.5,0.8,23,99,COMPLETE
8878,8878,18218.0,2023-11-15 14:21:24.600534,2023-11-15 14:21:25.397351,0 days 00:00:00.796817,0.8,10,1.25,0.8,15,97,COMPLETE
8879,8879,18399.0,2023-11-15 14:21:25.400316,2023-11-15 14:21:26.180086,0 days 00:00:00.779770,0.8,10,1.25,0.8,17,100,COMPLETE
8880,8880,18301.25,2023-11-15 14:21:26.183390,2023-11-15 14:21:26.948237,0 days 00:00:00.764847,0.8,10,1.0,0.8,6,93,COMPLETE
8881,8881,15561.25,2023-11-15 14:21:26.951456,2023-11-15 14:21:27.722747,0 days 00:00:00.771291,0.8,10,1.25,0.9,10,39,COMPLETE
8882,8882,17833.0,2023-11-15 14:21:27.725560,2023-11-15 14:21:28.510612,0 days 00:00:00.785052,0.8,10,1.25,0.4,19,95,COMPLETE
8883,8883,17830.75,2023-11-15 14:21:28.513540,2023-11-15 14:21:29.292226,0 days 00:00:00.778686,0.8,20,1.25,0.8,13,98,COMPLETE
8884,8884,18212.25,2023-11-15 14:21:29.294897,2023-11-15 14:21:30.092264,0 days 00:00:00.797367,0.8,10,1.25,0.7000000000000001,16,100,COMPLETE
8885,8885,18488.75,2023-11-15 14:21:30.095149,2023-11-15 14:21:30.860882,0 days 00:00:00.765733,0.8,10,2.0,0.8,8,96,COMPLETE
8886,8886,18305.25,2023-11-15 14:21:30.863855,2023-11-15 14:21:31.634959,0 days 00:00:00.771104,0.8,10,1.5,0.8,21,98,COMPLETE
8887,8887,18306.25,2023-11-15 14:21:31.638293,2023-11-15 14:21:32.421463,0 days 00:00:00.783170,0.9,10,1.75,0.8,3,100,COMPLETE
8888,8888,18323.25,2023-11-15 14:21:32.424168,2023-11-15 14:21:33.227838,0 days 00:00:00.803670,0.8,10,1.0,0.8,14,97,COMPLETE
8889,8889,18681.25,2023-11-15 14:21:33.230530,2023-11-15 14:21:34.150300,0 days 00:00:00.919770,0.8,10,1.25,0.8,11,99,COMPLETE
8890,8890,10301.25,2023-11-15 14:21:34.153300,2023-11-15 14:21:35.060209,0 days 00:00:00.906909,0.8,10,1.25,0.8,18,18,COMPLETE
8891,8891,18040.0,2023-11-15 14:21:35.062952,2023-11-15 14:21:35.848536,0 days 00:00:00.785584,0.8,10,1.25,0.6,5,94,COMPLETE
8892,8892,14487.75,2023-11-15 14:21:35.851529,2023-11-15 14:21:36.678447,0 days 00:00:00.826918,0.7000000000000001,70,1.0,0.8,0,96,COMPLETE
8893,8893,18023.5,2023-11-15 14:21:36.681470,2023-11-15 14:21:37.463726,0 days 00:00:00.782256,0.8,10,1.25,0.8,20,98,COMPLETE
8894,8894,18400.0,2023-11-15 14:21:37.466626,2023-11-15 14:21:38.237146,0 days 00:00:00.770520,0.8,10,1.5,0.9,9,100,COMPLETE
8895,8895,17839.0,2023-11-15 14:21:38.240649,2023-11-15 14:21:39.024952,0 days 00:00:00.784303,0.8,20,1.25,0.8,23,97,COMPLETE
8896,8896,17858.75,2023-11-15 14:21:39.027753,2023-11-15 14:21:39.819012,0 days 00:00:00.791259,0.8,10,1.25,0.8,15,72,COMPLETE
8897,8897,18211.25,2023-11-15 14:21:39.821643,2023-11-15 14:21:40.603493,0 days 00:00:00.781850,0.7000000000000001,10,1.25,0.8,17,98,COMPLETE
8898,8898,18492.5,2023-11-15 14:21:40.607039,2023-11-15 14:21:41.387814,0 days 00:00:00.780775,0.8,10,1.25,0.8,7,100,COMPLETE
8899,8899,17740.0,2023-11-15 14:21:41.390392,2023-11-15 14:21:42.182564,0 days 00:00:00.792172,0.6,10,1.25,0.8,13,95,COMPLETE
8900,8900,18023.5,2023-11-15 14:21:42.185180,2023-11-15 14:21:42.982243,0 days 00:00:00.797063,0.8,10,1.25,0.8,2,98,COMPLETE
8901,8901,18497.5,2023-11-15 14:21:42.984976,2023-11-15 14:21:43.742925,0 days 00:00:00.757949,0.8,10,1.0,0.8,17,96,COMPLETE
8902,8902,18120.5,2023-11-15 14:21:43.745679,2023-11-15 14:21:44.529518,0 days 00:00:00.783839,0.9,10,1.5,0.7000000000000001,19,99,COMPLETE
8903,8903,18207.75,2023-11-15 14:21:44.532757,2023-11-15 14:21:45.305814,0 days 00:00:00.773057,0.8,10,1.25,0.8,12,93,COMPLETE
8904,8904,18013.5,2023-11-15 14:21:45.308521,2023-11-15 14:21:46.094495,0 days 00:00:00.785974,0.8,20,1.25,0.8,21,100,COMPLETE
8905,8905,18144.0,2023-11-15 14:21:46.098130,2023-11-15 14:21:46.877865,0 days 00:00:00.779735,0.8,10,1.0,0.7000000000000001,27,97,COMPLETE
8906,8906,17747.25,2023-11-15 14:21:46.881104,2023-11-15 14:21:47.658325,0 days 00:00:00.777221,0.8,10,1.25,0.9,5,95,COMPLETE
8907,8907,18023.5,2023-11-15 14:21:47.661093,2023-11-15 14:21:48.437922,0 days 00:00:00.776829,0.8,10,1.25,0.8,15,98,COMPLETE
8908,8908,18305.75,2023-11-15 14:21:48.440561,2023-11-15 14:21:49.349533,0 days 00:00:00.908972,0.8,10,1.5,0.8,10,100,COMPLETE
8909,8909,18211.25,2023-11-15 14:21:49.352442,2023-11-15 14:21:50.126233,0 days 00:00:00.773791,0.7000000000000001,10,1.25,0.8,18,98,COMPLETE
8910,8910,18394.5,2023-11-15 14:21:50.129050,2023-11-15 14:21:50.896934,0 days 00:00:00.767884,0.8,10,1.25,0.8,7,96,COMPLETE
8911,8911,14877.0,2023-11-15 14:21:50.900117,2023-11-15 14:21:51.689964,0 days 00:00:00.789847,0.8,60,1.25,0.8,15,100,COMPLETE
8912,8912,17930.25,2023-11-15 14:21:51.692691,2023-11-15 14:21:52.492693,0 days 00:00:00.800002,0.9,10,1.25,0.8,4,88,COMPLETE
8913,8913,18398.0,2023-11-15 14:21:52.495340,2023-11-15 14:21:53.279112,0 days 00:00:00.783772,0.8,10,2.5,0.9,23,98,COMPLETE
8914,8914,14685.5,2023-11-15 14:21:53.282235,2023-11-15 14:21:54.094964,0 days 00:00:00.812729,0.1,10,1.25,0.8,13,94,COMPLETE
8915,8915,17466.25,2023-11-15 14:21:54.098066,2023-11-15 14:21:54.875116,0 days 00:00:00.777050,0.8,20,1.0,0.8,20,97,COMPLETE
8916,8916,17392.0,2023-11-15 14:21:54.877693,2023-11-15 14:21:55.688060,0 days 00:00:00.810367,0.8,10,1.5,0.1,9,91,COMPLETE
8917,8917,12479.5,2023-11-15 14:21:55.691415,2023-11-15 14:21:56.510525,0 days 00:00:00.819110,0.8,100,1.25,0.8,17,100,COMPLETE
8918,8918,18394.5,2023-11-15 14:21:56.513493,2023-11-15 14:21:57.293068,0 days 00:00:00.779575,0.8,10,1.25,0.8,11,96,COMPLETE
8919,8919,18023.5,2023-11-15 14:21:57.295836,2023-11-15 14:21:58.070146,0 days 00:00:00.774310,0.8,10,1.25,0.8,2,98,COMPLETE
8920,8920,13089.5,2023-11-15 14:21:58.072813,2023-11-15 14:21:58.868232,0 days 00:00:00.795419,0.8,90,0.75,0.7000000000000001,6,100,COMPLETE
8921,8921,18023.5,2023-11-15 14:21:58.870866,2023-11-15 14:21:59.664493,0 days 00:00:00.793627,0.8,10,1.25,0.8,14,98,COMPLETE
8922,8922,17665.5,2023-11-15 14:21:59.667245,2023-11-15 14:22:00.488872,0 days 00:00:00.821627,0.8,10,2.0,0.2,19,96,COMPLETE
8923,8923,17744.5,2023-11-15 14:22:00.491786,2023-11-15 14:22:01.272713,0 days 00:00:00.780927,0.8,10,1.5,0.8,16,83,COMPLETE
8924,8924,18681.25,2023-11-15 14:22:01.275726,2023-11-15 14:22:02.038252,0 days 00:00:00.762526,0.8,10,1.25,0.8,25,99,COMPLETE
8925,8925,18410.75,2023-11-15 14:22:02.041272,2023-11-15 14:22:02.875951,0 days 00:00:00.834679,0.8,10,1.25,0.8,22,94,COMPLETE
8926,8926,18399.5,2023-11-15 14:22:02.879372,2023-11-15 14:22:03.820452,0 days 00:00:00.941080,0.7000000000000001,10,1.25,0.9,12,100,COMPLETE
8927,8927,17920.5,2023-11-15 14:22:03.823491,2023-11-15 14:22:04.754378,0 days 00:00:00.930887,0.8,20,1.75,0.8,4,97,COMPLETE
8928,8928,17753.0,2023-11-15 14:22:04.757692,2023-11-15 14:22:05.563497,0 days 00:00:00.805805,0.4,10,1.0,0.8,18,98,COMPLETE
8929,8929,17929.5,2023-11-15 14:22:05.566369,2023-11-15 14:22:06.360252,0 days 00:00:00.793883,0.9,10,1.25,0.7000000000000001,16,95,COMPLETE
8930,8930,18492.5,2023-11-15 14:22:06.363476,2023-11-15 14:22:07.134284,0 days 00:00:00.770808,0.8,10,1.25,0.8,8,100,COMPLETE
8931,8931,17723.25,2023-11-15 14:22:07.137067,2023-11-15 14:22:07.917774,0 days 00:00:00.780707,0.5,10,1.25,0.8,14,96,COMPLETE
8932,8932,18022.0,2023-11-15 14:22:07.920464,2023-11-15 14:22:08.699166,0 days 00:00:00.778702,0.8,10,1.0,0.8,2,98,COMPLETE
8933,8933,18492.5,2023-11-15 14:22:08.702169,2023-11-15 14:22:09.506725,0 days 00:00:00.804556,0.8,10,1.25,0.8,20,100,COMPLETE
8934,8934,17652.0,2023-11-15 14:22:09.509485,2023-11-15 14:22:10.286348,0 days 00:00:00.776863,0.8,20,1.25,0.8,10,93,COMPLETE
8935,8935,18305.25,2023-11-15 14:22:10.289016,2023-11-15 14:22:11.057859,0 days 00:00:00.768843,0.8,10,1.5,0.8,21,98,COMPLETE
8936,8936,18394.5,2023-11-15 14:22:11.060806,2023-11-15 14:22:11.836053,0 days 00:00:00.775247,0.8,10,1.25,0.8,6,96,COMPLETE
8937,8937,17565.75,2023-11-15 14:22:11.839004,2023-11-15 14:22:12.671271,0 days 00:00:00.832267,0.8,30,1.25,0.9,18,98,COMPLETE
8938,8938,18307.0,2023-11-15 14:22:12.674026,2023-11-15 14:22:13.451534,0 days 00:00:00.777508,0.9,10,1.25,0.8,12,100,COMPLETE
8939,8939,18302.0,2023-11-15 14:22:13.454358,2023-11-15 14:22:14.227584,0 days 00:00:00.773226,0.7000000000000001,10,1.5,0.8,16,96,COMPLETE
8940,8940,18023.5,2023-11-15 14:22:14.230397,2023-11-15 14:22:15.012799,0 days 00:00:00.782402,0.8,10,1.25,0.8,14,98,COMPLETE
8941,8941,18266.5,2023-11-15 14:22:15.015899,2023-11-15 14:22:15.820112,0 days 00:00:00.804213,0.8,10,1.0,0.8,9,100,COMPLETE
8942,8942,199.5,2023-11-15 14:22:15.822779,2023-11-15 14:22:16.871372,0 days 00:00:01.048593,0.8,10,1.25,0.8,0,97,COMPLETE
8943,8943,18486.25,2023-11-15 14:22:16.874104,2023-11-15 14:22:17.805121,0 days 00:00:00.931017,0.8,10,1.25,0.8,4,94,COMPLETE
8944,8944,17380.75,2023-11-15 14:22:17.807869,2023-11-15 14:22:18.579283,0 days 00:00:00.771414,0.8,10,1.5,0.7000000000000001,30,67,COMPLETE
8945,8945,17919.25,2023-11-15 14:22:18.582473,2023-11-15 14:22:19.391139,0 days 00:00:00.808666,0.8,20,2.25,0.8,19,99,COMPLETE
8946,8946,18300.75,2023-11-15 14:22:19.393971,2023-11-15 14:22:20.176919,0 days 00:00:00.782948,0.8,10,1.25,0.9,17,96,COMPLETE
8947,8947,18023.5,2023-11-15 14:22:20.179724,2023-11-15 14:22:20.981468,0 days 00:00:00.801744,0.8,10,1.25,0.8,22,98,COMPLETE
8948,8948,18492.5,2023-11-15 14:22:20.985062,2023-11-15 14:22:21.777802,0 days 00:00:00.792740,0.8,10,1.25,0.8,6,100,COMPLETE
8949,8949,17837.25,2023-11-15 14:22:21.780799,2023-11-15 14:22:22.559587,0 days 00:00:00.778788,0.8,10,1.25,0.8,14,95,COMPLETE
8950,8950,18129.25,2023-11-15 14:22:22.562228,2023-11-15 14:22:23.346132,0 days 00:00:00.783904,0.7000000000000001,10,1.0,0.8,12,98,COMPLETE
8951,8951,14463.25,2023-11-15 14:22:23.349260,2023-11-15 14:22:24.150836,0 days 00:00:00.801576,0.8,10,1.5,0.8,8,27,COMPLETE
8952,8952,18013.5,2023-11-15 14:22:24.153514,2023-11-15 14:22:24.942744,0 days 00:00:00.789230,0.8,20,1.25,0.9,25,100,COMPLETE
8953,8953,18032.5,2023-11-15 14:22:24.946478,2023-11-15 14:22:25.729048,0 days 00:00:00.782570,0.9,10,0.5,0.8,16,97,COMPLETE
8954,8954,16471.0,2023-11-15 14:22:25.732357,2023-11-15 14:22:26.514462,0 days 00:00:00.782105,0.8,10,1.25,0.8,2,55,COMPLETE
8955,8955,18298.5,2023-11-15 14:22:26.517614,2023-11-15 14:22:27.318085,0 days 00:00:00.800471,0.8,10,1.75,0.7000000000000001,10,93,COMPLETE
8956,8956,18304.75,2023-11-15 14:22:27.321747,2023-11-15 14:22:28.107338,0 days 00:00:00.785591,0.8,10,2.0,0.8,20,99,COMPLETE
8957,8957,18117.25,2023-11-15 14:22:28.110730,2023-11-15 14:22:28.919649,0 days 00:00:00.808919,0.8,10,1.25,0.8,47,96,COMPLETE
8958,8958,18398.25,2023-11-15 14:22:28.923071,2023-11-15 14:22:29.694573,0 days 00:00:00.771502,0.8,10,1.25,0.8,18,100,COMPLETE
8959,8959,18033.25,2023-11-15 14:22:29.697438,2023-11-15 14:22:30.480484,0 days 00:00:00.783046,0.8,10,1.25,0.8,23,98,COMPLETE
8960,8960,16007.0,2023-11-15 14:22:30.483501,2023-11-15 14:22:31.285297,0 days 00:00:00.801796,0.8,50,1.0,0.8,40,91,COMPLETE
8961,8961,18218.0,2023-11-15 14:22:31.288180,2023-11-15 14:22:32.104389,0 days 00:00:00.816209,0.8,10,1.25,0.8,14,97,COMPLETE
8962,8962,17837.5,2023-11-15 14:22:32.107221,2023-11-15 14:22:33.034040,0 days 00:00:00.926819,0.7000000000000001,10,1.25,0.8,4,95,COMPLETE
8963,8963,18305.75,2023-11-15 14:22:33.036694,2023-11-15 14:22:33.810551,0 days 00:00:00.773857,0.8,10,1.5,0.8,16,100,COMPLETE
8964,8964,18121.25,2023-11-15 14:22:33.813543,2023-11-15 14:22:34.589807,0 days 00:00:00.776264,0.6,10,1.25,0.8,7,98,COMPLETE
8965,8965,18117.5,2023-11-15 14:22:34.592576,2023-11-15 14:22:35.386685,0 days 00:00:00.794109,0.8,10,1.25,0.9,21,98,COMPLETE
8966,8966,17924.25,2023-11-15 14:22:35.389685,2023-11-15 14:22:36.163462,0 days 00:00:00.773777,0.8,20,1.0,0.8,12,100,COMPLETE
8967,8967,17838.25,2023-11-15 14:22:36.167096,2023-11-15 14:22:36.969138,0 days 00:00:00.802042,0.9,10,1.25,0.8,18,95,COMPLETE
8968,8968,18218.0,2023-11-15 14:22:36.971888,2023-11-15 14:22:37.754631,0 days 00:00:00.782743,0.8,10,1.25,0.8,15,97,COMPLETE
8969,8969,16727.25,2023-11-15 14:22:37.757632,2023-11-15 14:22:38.572194,0 days 00:00:00.814562,0.8,40,1.25,0.7000000000000001,5,99,COMPLETE
8970,8970,18301.75,2023-11-15 14:22:38.574934,2023-11-15 14:22:39.347570,0 days 00:00:00.772636,0.8,10,1.25,0.8,19,96,COMPLETE
8971,8971,18486.25,2023-11-15 14:22:39.350736,2023-11-15 14:22:40.122627,0 days 00:00:00.771891,0.8,10,1.25,0.8,10,94,COMPLETE
8972,8972,18306.5,2023-11-15 14:22:40.125563,2023-11-15 14:22:40.924560,0 days 00:00:00.798997,0.8,10,1.5,0.8,13,100,COMPLETE
8973,8973,17748.0,2023-11-15 14:22:40.927475,2023-11-15 14:22:41.743625,0 days 00:00:00.816150,0.7000000000000001,20,1.0,0.8,2,98,COMPLETE
8974,8974,18218.0,2023-11-15 14:22:41.746400,2023-11-15 14:22:42.527392,0 days 00:00:00.780992,0.8,10,1.25,0.8,8,97,COMPLETE
8975,8975,18399.0,2023-11-15 14:22:42.530316,2023-11-15 14:22:43.319394,0 days 00:00:00.789078,0.8,10,1.25,0.8,17,100,COMPLETE
8976,8976,18396.25,2023-11-15 14:22:43.322184,2023-11-15 14:22:44.088612,0 days 00:00:00.766428,0.8,10,1.5,0.9,22,92,COMPLETE
