,number,value,datetime_start,datetime_complete,duration,params_alpha,params_decay_interval,params_decay_rate,params_gamma,params_initialization,params_max_steps,state
4586,4586,17078.25,2023-11-15 11:01:17.912507,2023-11-15 11:01:18.458779,0 days 00:00:00.546272,0.30000000000000004,40,0.75,0.9,0,145,COMPLETE
4587,4587,18079.0,2023-11-15 11:01:18.461013,2023-11-15 11:01:18.979719,0 days 00:00:00.518706,0.2,10,0.25,0.5,2,150,COMPLETE
4588,4588,18972.0,2023-11-15 11:01:18.981927,2023-11-15 11:01:19.486199,0 days 00:00:00.504272,0.1,10,0.75,0.9,2,141,COMPLETE
4589,4589,18979.25,2023-11-15 11:01:19.488012,2023-11-15 11:01:19.909918,0 days 00:00:00.421906,0.2,10,0.5,0.8,10,147,COMPLETE
4590,4590,18079.0,2023-11-15 11:01:19.911702,2023-11-15 11:01:20.348203,0 days 00:00:00.436501,0.2,10,0.75,0.9,6,136,COMPLETE
4591,4591,19264.75,2023-11-15 11:01:20.350281,2023-11-15 11:01:20.779479,0 days 00:00:00.429198,0.5,10,0.75,0.9,0,145,COMPLETE
4592,4592,18948.0,2023-11-15 11:01:20.781609,2023-11-15 11:01:21.211619,0 days 00:00:00.430010,0.6,10,1.0,0.9,4,142,COMPLETE
4593,4593,18865.75,2023-11-15 11:01:21.213430,2023-11-15 11:01:21.642507,0 days 00:00:00.429077,0.2,10,0.75,0.8,2,150,COMPLETE
4594,4594,19261.0,2023-11-15 11:01:21.644256,2023-11-15 11:01:22.070529,0 days 00:00:00.426273,0.2,10,0.75,0.9,0,147,COMPLETE
4595,4595,16204.75,2023-11-15 11:01:22.072269,2023-11-15 11:01:22.544739,0 days 00:00:00.472470,0.1,50,0.75,0.9,3,143,COMPLETE
4596,4596,19066.5,2023-11-15 11:01:22.546521,2023-11-15 11:01:22.969371,0 days 00:00:00.422850,0.2,10,1.25,0.9,5,138,COMPLETE
4597,4597,19359.75,2023-11-15 11:01:22.971318,2023-11-15 11:01:23.402916,0 days 00:00:00.431598,0.2,10,0.75,0.9,0,145,COMPLETE
4598,4598,18776.0,2023-11-15 11:01:23.405570,2023-11-15 11:01:23.833049,0 days 00:00:00.427479,0.2,10,1.75,0.9,18,150,COMPLETE
4599,4599,18972.0,2023-11-15 11:01:23.835616,2023-11-15 11:01:24.256445,0 days 00:00:00.420829,0.1,10,0.75,0.9,2,141,COMPLETE
4600,4600,18510.25,2023-11-15 11:01:24.258329,2023-11-15 11:01:24.695426,0 days 00:00:00.437097,0.2,10,0.5,0.9,8,147,COMPLETE
4601,4601,19359.75,2023-11-15 11:01:24.697192,2023-11-15 11:01:25.115471,0 days 00:00:00.418279,0.2,10,0.75,0.9,4,145,COMPLETE
4602,4602,19261.0,2023-11-15 11:01:25.118042,2023-11-15 11:01:25.587953,0 days 00:00:00.469911,0.2,10,1.0,0.9,2,140,COMPLETE
4603,4603,18404.75,2023-11-15 11:01:25.589758,2023-11-15 11:01:26.023140,0 days 00:00:00.433382,0.30000000000000004,20,0.75,0.9,6,148,COMPLETE
4604,4604,19261.0,2023-11-15 11:01:26.024890,2023-11-15 11:01:26.449328,0 days 00:00:00.424438,0.1,10,0.75,0.8,0,143,COMPLETE
4605,4605,12248.75,2023-11-15 11:01:26.451588,2023-11-15 11:01:26.938876,0 days 00:00:00.487288,0.2,10,0.75,0.6,42,147,COMPLETE
4606,4606,19163.5,2023-11-15 11:01:26.940828,2023-11-15 11:01:27.375901,0 days 00:00:00.435073,0.2,10,1.25,0.9,4,150,COMPLETE
4607,4607,11855.5,2023-11-15 11:01:27.377767,2023-11-15 11:01:27.866614,0 days 00:00:00.488847,0.2,10,0.75,0.5,2,134,COMPLETE
4608,4608,19261.0,2023-11-15 11:01:27.868960,2023-11-15 11:01:28.289925,0 days 00:00:00.420965,0.1,10,1.0,0.9,0,143,COMPLETE
4609,4609,19262.25,2023-11-15 11:01:28.291671,2023-11-15 11:01:28.727740,0 days 00:00:00.436069,0.2,10,2.0,0.9,4,145,COMPLETE
4610,4610,18985.25,2023-11-15 11:01:28.729551,2023-11-15 11:01:29.183708,0 days 00:00:00.454157,0.2,10,0.75,0.9,7,138,COMPLETE
4611,4611,303.75,2023-11-15 11:01:29.185922,2023-11-15 11:01:29.639607,0 days 00:00:00.453685,0.4,20,0.75,0.9,2,30,COMPLETE
4612,4612,19261.0,2023-11-15 11:01:29.641477,2023-11-15 11:01:30.070938,0 days 00:00:00.429461,0.2,10,0.75,0.9,0,147,COMPLETE
4613,4613,18973.0,2023-11-15 11:01:30.072838,2023-11-15 11:01:30.488397,0 days 00:00:00.415559,0.2,10,0.75,0.9,3,141,COMPLETE
4614,4614,18588.75,2023-11-15 11:01:30.490148,2023-11-15 11:01:30.929909,0 days 00:00:00.439761,0.1,10,0.25,0.8,6,144,COMPLETE
4615,4615,19261.0,2023-11-15 11:01:30.931775,2023-11-15 11:01:31.361464,0 days 00:00:00.429689,0.2,10,1.0,0.9,0,150,COMPLETE
4616,4616,19261.0,2023-11-15 11:01:31.363163,2023-11-15 11:01:31.793787,0 days 00:00:00.430624,0.30000000000000004,10,0.75,0.9,2,147,COMPLETE
4617,4617,18818.25,2023-11-15 11:01:31.795477,2023-11-15 11:01:32.237689,0 days 00:00:00.442212,0.2,10,0.75,0.9,4,139,COMPLETE
4618,4618,18017.25,2023-11-15 11:01:32.239489,2023-11-15 11:01:32.678604,0 days 00:00:00.439115,0.1,20,0.5,0.9,2,144,COMPLETE
4619,4619,19261.0,2023-11-15 11:01:32.680343,2023-11-15 11:01:33.196851,0 days 00:00:00.516508,0.2,10,0.75,0.9,0,142,COMPLETE
4620,4620,12370.5,2023-11-15 11:01:33.198900,2023-11-15 11:01:33.770337,0 days 00:00:00.571437,0.2,10,1.0,0.7000000000000001,10,116,COMPLETE
4621,4621,19261.0,2023-11-15 11:01:33.772330,2023-11-15 11:01:34.292497,0 days 00:00:00.520167,0.2,10,0.75,0.8,5,147,COMPLETE
4622,4622,16351.5,2023-11-15 11:01:34.294430,2023-11-15 11:01:34.796078,0 days 00:00:00.501648,0.2,10,0.75,0.4,2,145,COMPLETE
4623,4623,12267.25,2023-11-15 11:01:34.797898,2023-11-15 11:01:35.291550,0 days 00:00:00.493652,0.1,10,1.25,0.9,66,150,COMPLETE
4624,4624,12121.5,2023-11-15 11:01:35.293264,2023-11-15 11:01:35.787712,0 days 00:00:00.494448,0.30000000000000004,10,0.75,0.2,8,141,COMPLETE
4625,4625,18389.25,2023-11-15 11:01:35.789616,2023-11-15 11:01:36.214538,0 days 00:00:00.424922,0.2,20,0.5,0.6,0,136,COMPLETE
4626,4626,19261.0,2023-11-15 11:01:36.217126,2023-11-15 11:01:36.650640,0 days 00:00:00.433514,0.2,10,0.75,0.9,4,147,COMPLETE
4627,4627,18992.75,2023-11-15 11:01:36.653196,2023-11-15 11:01:37.092804,0 days 00:00:00.439608,0.2,10,0.75,0.9,2,143,COMPLETE
4628,4628,19359.75,2023-11-15 11:01:37.094841,2023-11-15 11:01:37.541221,0 days 00:00:00.446380,0.1,10,0.75,0.9,0,145,COMPLETE
4629,4629,18968.5,2023-11-15 11:01:37.544089,2023-11-15 11:01:37.980091,0 days 00:00:00.436002,0.2,10,1.0,0.9,6,139,COMPLETE
4630,4630,15880.75,2023-11-15 11:01:37.982697,2023-11-15 11:01:38.439703,0 days 00:00:00.457006,0.2,60,0.75,0.9,4,148,COMPLETE
4631,4631,18865.75,2023-11-15 11:01:38.441595,2023-11-15 11:01:38.877507,0 days 00:00:00.435912,0.2,10,0.75,0.8,2,150,COMPLETE
4632,4632,19261.0,2023-11-15 11:01:38.879327,2023-11-15 11:01:39.314104,0 days 00:00:00.434777,0.2,10,0.75,0.9,0,143,COMPLETE
4633,4633,19190.25,2023-11-15 11:01:39.316005,2023-11-15 11:01:39.749252,0 days 00:00:00.433247,0.1,10,1.25,0.9,3,145,COMPLETE
4634,4634,19112.75,2023-11-15 11:01:39.751638,2023-11-15 11:01:40.192806,0 days 00:00:00.441168,0.2,10,1.0,0.9,6,140,COMPLETE
4635,4635,19261.0,2023-11-15 11:01:40.194581,2023-11-15 11:01:40.650376,0 days 00:00:00.455795,0.2,10,0.75,0.9,2,147,COMPLETE
4636,4636,19193.75,2023-11-15 11:01:40.652520,2023-11-15 11:01:41.078729,0 days 00:00:00.426209,0.4,10,0.75,0.5,0,142,COMPLETE
4637,4637,19161.25,2023-11-15 11:01:41.080677,2023-11-15 11:01:41.505426,0 days 00:00:00.424749,0.2,10,0.75,0.9,4,137,COMPLETE
4638,4638,17976.25,2023-11-15 11:01:41.507549,2023-11-15 11:01:41.963488,0 days 00:00:00.455939,0.30000000000000004,10,0.25,0.4,2,150,COMPLETE
4639,4639,18982.75,2023-11-15 11:01:41.965623,2023-11-15 11:01:42.395217,0 days 00:00:00.429594,0.1,10,1.25,0.9,8,145,COMPLETE
4640,4640,19261.0,2023-11-15 11:01:42.396968,2023-11-15 11:01:42.837995,0 days 00:00:00.441027,0.2,10,0.75,0.9,0,147,COMPLETE
4641,4641,12114.25,2023-11-15 11:01:42.840046,2023-11-15 11:01:43.326835,0 days 00:00:00.486789,0.2,20,0.5,0.1,5,129,COMPLETE
4642,4642,19051.5,2023-11-15 11:01:43.328581,2023-11-15 11:01:43.759050,0 days 00:00:00.430469,0.2,10,0.75,0.9,2,142,COMPLETE
4643,4643,14412.5,2023-11-15 11:01:43.761056,2023-11-15 11:01:44.250187,0 days 00:00:00.489131,0.7000000000000001,80,1.0,0.30000000000000004,13,145,COMPLETE
4644,4644,18520.25,2023-11-15 11:01:44.252437,2023-11-15 11:01:44.692416,0 days 00:00:00.439979,0.1,10,0.75,0.9,4,82,COMPLETE
4645,4645,18837.5,2023-11-15 11:01:44.694578,2023-11-15 11:01:45.130041,0 days 00:00:00.435463,0.2,10,0.75,0.9,0,133,COMPLETE
4646,4646,19296.75,2023-11-15 11:01:45.132036,2023-11-15 11:01:45.563343,0 days 00:00:00.431307,0.2,10,0.75,0.8,2,148,COMPLETE
4647,4647,18314.25,2023-11-15 11:01:45.565261,2023-11-15 11:01:45.996665,0 days 00:00:00.431404,0.2,20,0.75,0.9,7,124,COMPLETE
4648,4648,18838.0,2023-11-15 11:01:45.999047,2023-11-15 11:01:46.429454,0 days 00:00:00.430407,0.1,10,0.75,0.9,4,139,COMPLETE
4649,4649,19261.0,2023-11-15 11:01:46.431207,2023-11-15 11:01:46.866688,0 days 00:00:00.435481,0.2,10,0.75,0.9,0,143,COMPLETE
4650,4650,19028.0,2023-11-15 11:01:46.869025,2023-11-15 11:01:47.299118,0 days 00:00:00.430093,0.30000000000000004,10,0.75,0.9,2,150,COMPLETE
4651,4651,19262.25,2023-11-15 11:01:47.301604,2023-11-15 11:01:47.747509,0 days 00:00:00.445905,0.2,10,0.75,0.9,6,145,COMPLETE
4652,4652,18519.0,2023-11-15 11:01:47.749295,2023-11-15 11:01:48.219539,0 days 00:00:00.470244,0.8,10,1.0,0.8,3,141,COMPLETE
4653,4653,19240.5,2023-11-15 11:01:48.222572,2023-11-15 11:01:48.765957,0 days 00:00:00.543385,0.2,10,0.25,0.9,0,147,COMPLETE
4654,4654,18828.5,2023-11-15 11:01:48.770694,2023-11-15 11:01:49.292804,0 days 00:00:00.522110,0.2,10,0.5,0.9,2,143,COMPLETE
4655,4655,16271.0,2023-11-15 11:01:49.294821,2023-11-15 11:01:49.801969,0 days 00:00:00.507148,0.1,10,0.75,0.7000000000000001,9,147,COMPLETE
4656,4656,15387.0,2023-11-15 11:01:49.803931,2023-11-15 11:01:50.273163,0 days 00:00:00.469232,0.2,10,0.75,0.6,4,137,COMPLETE
4657,4657,19261.0,2023-11-15 11:01:50.274954,2023-11-15 11:01:50.706895,0 days 00:00:00.431941,0.2,10,1.0,0.9,0,150,COMPLETE
4658,4658,19040.5,2023-11-15 11:01:50.708896,2023-11-15 11:01:51.141527,0 days 00:00:00.432631,0.30000000000000004,10,1.25,0.9,6,141,COMPLETE
4659,4659,18554.5,2023-11-15 11:01:51.143284,2023-11-15 11:01:51.573540,0 days 00:00:00.430256,0.2,20,0.75,0.9,2,147,COMPLETE
4660,4660,19261.0,2023-11-15 11:01:51.575458,2023-11-15 11:01:52.038338,0 days 00:00:00.462880,0.1,10,0.75,0.9,0,144,COMPLETE
4661,4661,18896.25,2023-11-15 11:01:52.040119,2023-11-15 11:01:52.475180,0 days 00:00:00.435061,0.2,10,0.5,0.9,4,139,COMPLETE
4662,4662,19163.5,2023-11-15 11:01:52.477943,2023-11-15 11:01:52.915489,0 days 00:00:00.437546,0.2,10,0.75,0.9,2,144,COMPLETE
4663,4663,19359.75,2023-11-15 11:01:52.917939,2023-11-15 11:01:53.351194,0 days 00:00:00.433255,0.2,10,1.0,0.9,11,148,COMPLETE
4664,4664,19132.5,2023-11-15 11:01:53.353327,2023-11-15 11:01:53.782056,0 days 00:00:00.428729,0.5,10,0.75,0.9,5,145,COMPLETE
4665,4665,17274.0,2023-11-15 11:01:53.784059,2023-11-15 11:01:54.241375,0 days 00:00:00.457316,0.2,10,0.75,0.9,73,141,COMPLETE
4666,4666,19261.0,2023-11-15 11:01:54.243189,2023-11-15 11:01:54.673895,0 days 00:00:00.430706,0.2,10,0.75,0.8,0,150,COMPLETE
4667,4667,18584.75,2023-11-15 11:01:54.675611,2023-11-15 11:01:55.112753,0 days 00:00:00.437142,0.1,20,0.75,0.9,2,147,COMPLETE
4668,4668,12979.0,2023-11-15 11:01:55.114579,2023-11-15 11:01:55.627559,0 days 00:00:00.512980,0.2,10,0.75,0.5,7,135,COMPLETE
4669,4669,19261.0,2023-11-15 11:01:55.629275,2023-11-15 11:01:56.059200,0 days 00:00:00.429925,0.2,10,1.25,0.9,4,143,COMPLETE
4670,4670,19359.75,2023-11-15 11:01:56.061176,2023-11-15 11:01:56.492299,0 days 00:00:00.431123,0.1,10,0.75,0.7000000000000001,0,145,COMPLETE
4671,4671,19143.25,2023-11-15 11:01:56.494073,2023-11-15 11:01:56.923529,0 days 00:00:00.429456,0.2,10,1.5,0.9,2,139,COMPLETE
4672,4672,19111.25,2023-11-15 11:01:56.925502,2023-11-15 11:01:57.364709,0 days 00:00:00.439207,0.2,10,0.75,0.9,4,150,COMPLETE
4673,4673,19072.5,2023-11-15 11:01:57.366437,2023-11-15 11:01:57.802553,0 days 00:00:00.436116,0.2,10,0.75,0.6,2,147,COMPLETE
4674,4674,19261.0,2023-11-15 11:01:57.804299,2023-11-15 11:01:58.230205,0 days 00:00:00.425906,0.2,10,1.25,0.9,0,142,COMPLETE
4675,4675,19228.25,2023-11-15 11:01:58.231959,2023-11-15 11:01:58.676289,0 days 00:00:00.444330,0.1,10,1.0,0.9,6,145,COMPLETE
4676,4676,19066.75,2023-11-15 11:01:58.678009,2023-11-15 11:01:59.139977,0 days 00:00:00.461968,0.2,10,0.5,0.9,3,141,COMPLETE
4677,4677,19359.75,2023-11-15 11:01:59.141683,2023-11-15 11:01:59.567294,0 days 00:00:00.425611,0.30000000000000004,10,0.75,0.8,0,148,COMPLETE
4678,4678,18398.5,2023-11-15 11:01:59.569516,2023-11-15 11:02:00.011871,0 days 00:00:00.442355,0.2,20,0.75,0.9,8,145,COMPLETE
4679,4679,14608.75,2023-11-15 11:02:00.014048,2023-11-15 11:02:00.475744,0 days 00:00:00.461696,0.2,70,1.0,0.9,2,138,COMPLETE
4680,4680,19110.25,2023-11-15 11:02:00.477530,2023-11-15 11:02:00.908819,0 days 00:00:00.431289,0.1,10,0.75,0.9,5,150,COMPLETE
4681,4681,19261.0,2023-11-15 11:02:00.911037,2023-11-15 11:02:01.398397,0 days 00:00:00.487360,0.2,10,0.75,0.9,0,143,COMPLETE
4682,4682,19261.0,2023-11-15 11:02:01.400763,2023-11-15 11:02:01.838976,0 days 00:00:00.438213,0.2,10,0.75,0.9,3,147,COMPLETE
4683,4683,19066.25,2023-11-15 11:02:01.840736,2023-11-15 11:02:02.284996,0 days 00:00:00.444260,0.2,10,0.75,0.8,2,141,COMPLETE
4684,4684,19350.75,2023-11-15 11:02:02.286843,2023-11-15 11:02:02.744397,0 days 00:00:00.457554,0.1,10,0.75,0.9,5,145,COMPLETE
4685,4685,18840.5,2023-11-15 11:02:02.746458,2023-11-15 11:02:03.237684,0 days 00:00:00.491226,0.30000000000000004,10,0.5,0.9,0,147,COMPLETE
4686,4686,13779.75,2023-11-15 11:02:03.242757,2023-11-15 11:02:03.809419,0 days 00:00:00.566662,0.2,10,0.25,0.2,4,137,COMPLETE
4687,4687,17276.5,2023-11-15 11:02:03.811183,2023-11-15 11:02:04.271432,0 days 00:00:00.460249,0.4,30,1.0,0.9,2,143,COMPLETE
4688,4688,18884.25,2023-11-15 11:02:04.273285,2023-11-15 11:02:04.708723,0 days 00:00:00.435438,0.2,10,0.75,0.9,7,150,COMPLETE
4689,4689,19166.0,2023-11-15 11:02:04.710438,2023-11-15 11:02:05.148353,0 days 00:00:00.437915,0.2,10,1.25,0.9,0,140,COMPLETE
4690,4690,13361.25,2023-11-15 11:02:05.150820,2023-11-15 11:02:05.640345,0 days 00:00:00.489525,0.1,10,0.75,0.4,2,145,COMPLETE
4691,4691,10411.5,2023-11-15 11:02:05.642246,2023-11-15 11:02:06.163361,0 days 00:00:00.521115,0.2,10,0.75,0.1,9,148,COMPLETE
4692,4692,14154.25,2023-11-15 11:02:06.165098,2023-11-15 11:02:06.655844,0 days 00:00:00.490746,0.2,10,0.75,0.30000000000000004,4,143,COMPLETE
4693,4693,19261.0,2023-11-15 11:02:06.657803,2023-11-15 11:02:07.089495,0 days 00:00:00.431692,0.2,10,0.75,0.9,0,147,COMPLETE
4694,4694,18300.0,2023-11-15 11:02:07.091885,2023-11-15 11:02:07.533794,0 days 00:00:00.441909,0.1,20,1.0,0.9,6,140,COMPLETE
4695,4695,18814.25,2023-11-15 11:02:07.535851,2023-11-15 11:02:07.972247,0 days 00:00:00.436396,0.2,10,0.75,0.9,16,150,COMPLETE
4696,4696,18829.5,2023-11-15 11:02:07.974039,2023-11-15 11:02:08.413215,0 days 00:00:00.439176,0.2,10,0.75,0.8,2,145,COMPLETE
4697,4697,18986.75,2023-11-15 11:02:08.415505,2023-11-15 11:02:08.854366,0 days 00:00:00.438861,0.2,10,0.5,0.9,3,134,COMPLETE
4698,4698,19197.5,2023-11-15 11:02:08.856162,2023-11-15 11:02:09.287744,0 days 00:00:00.431582,0.1,10,0.75,0.9,0,143,COMPLETE
4699,4699,18685.5,2023-11-15 11:02:09.289608,2023-11-15 11:02:09.723365,0 days 00:00:00.433757,0.30000000000000004,10,0.75,0.9,63,147,COMPLETE
4700,4700,18294.0,2023-11-15 11:02:09.725349,2023-11-15 11:02:10.175373,0 days 00:00:00.450024,0.2,20,1.25,0.9,4,138,COMPLETE
4701,4701,19261.0,2023-11-15 11:02:10.177385,2023-11-15 11:02:10.613365,0 days 00:00:00.435980,0.2,10,1.5,0.9,2,142,COMPLETE
4702,4702,18972.0,2023-11-15 11:02:10.615309,2023-11-15 11:02:11.062547,0 days 00:00:00.447238,0.2,10,0.75,0.8,6,145,COMPLETE
4703,4703,19261.0,2023-11-15 11:02:11.064313,2023-11-15 11:02:11.510481,0 days 00:00:00.446168,0.1,10,0.75,0.9,0,150,COMPLETE
4704,4704,19261.0,2023-11-15 11:02:11.512457,2023-11-15 11:02:11.947933,0 days 00:00:00.435476,0.2,10,1.0,0.9,4,147,COMPLETE
4705,4705,14799.25,2023-11-15 11:02:11.950534,2023-11-15 11:02:12.424496,0 days 00:00:00.473962,0.2,10,0.75,0.5,2,141,COMPLETE
4706,4706,18588.25,2023-11-15 11:02:12.426364,2023-11-15 11:02:12.874659,0 days 00:00:00.448295,0.2,20,0.75,0.9,0,145,COMPLETE
4707,4707,18642.75,2023-11-15 11:02:12.876362,2023-11-15 11:02:13.327386,0 days 00:00:00.451024,0.1,10,0.25,0.9,33,148,COMPLETE
4708,4708,19173.5,2023-11-15 11:02:13.329382,2023-11-15 11:02:13.786527,0 days 00:00:00.457145,0.2,10,0.75,0.9,2,98,COMPLETE
4709,4709,19091.5,2023-11-15 11:02:13.788668,2023-11-15 11:02:14.239143,0 days 00:00:00.450475,0.2,10,0.75,0.9,8,142,COMPLETE
4710,4710,18634.5,2023-11-15 11:02:14.240896,2023-11-15 11:02:14.680163,0 days 00:00:00.439267,0.30000000000000004,10,1.0,0.7000000000000001,5,137,COMPLETE
4711,4711,19359.75,2023-11-15 11:02:14.682160,2023-11-15 11:02:15.126982,0 days 00:00:00.444822,0.2,10,0.75,0.9,0,145,COMPLETE
4712,4712,18872.5,2023-11-15 11:02:15.128861,2023-11-15 11:02:15.570124,0 days 00:00:00.441263,0.2,10,1.25,0.9,11,150,COMPLETE
4713,4713,18591.0,2023-11-15 11:02:15.571998,2023-11-15 11:02:16.009737,0 days 00:00:00.437739,0.1,10,0.5,0.9,3,53,COMPLETE
4714,4714,19049.0,2023-11-15 11:02:16.011526,2023-11-15 11:02:16.452442,0 days 00:00:00.440916,0.2,10,0.75,0.9,2,140,COMPLETE
4715,4715,19261.0,2023-11-15 11:02:16.454181,2023-11-15 11:02:16.893598,0 days 00:00:00.439417,0.2,10,0.75,0.8,6,147,COMPLETE
4716,4716,18608.5,2023-11-15 11:02:16.896007,2023-11-15 11:02:17.390778,0 days 00:00:00.494771,0.2,10,0.75,0.9,4,131,COMPLETE
4717,4717,18394.75,2023-11-15 11:02:17.393046,2023-11-15 11:02:17.944136,0 days 00:00:00.551090,0.1,20,0.75,0.9,0,143,COMPLETE
4718,4718,19292.25,2023-11-15 11:02:17.946184,2023-11-15 11:02:18.469473,0 days 00:00:00.523289,0.2,10,1.0,0.9,2,145,COMPLETE
4719,4719,19136.5,2023-11-15 11:02:18.472112,2023-11-15 11:02:18.960097,0 days 00:00:00.487985,0.2,10,0.75,0.9,4,148,COMPLETE
4720,4720,19261.0,2023-11-15 11:02:18.962032,2023-11-15 11:02:19.406017,0 days 00:00:00.443985,0.2,10,0.75,0.9,0,143,COMPLETE
4721,4721,18794.25,2023-11-15 11:02:19.407990,2023-11-15 11:02:19.858592,0 days 00:00:00.450602,0.2,10,0.75,0.9,8,139,COMPLETE
4722,4722,19163.5,2023-11-15 11:02:19.860366,2023-11-15 11:02:20.298491,0 days 00:00:00.438125,0.6,10,1.25,0.9,2,150,COMPLETE
4723,4723,16127.0,2023-11-15 11:02:20.300602,2023-11-15 11:02:20.765591,0 days 00:00:00.464989,0.5,10,1.0,0.9,5,91,COMPLETE
4724,4724,19359.75,2023-11-15 11:02:20.769048,2023-11-15 11:02:21.231257,0 days 00:00:00.462209,0.1,10,0.75,0.8,0,145,COMPLETE
4725,4725,18887.25,2023-11-15 11:02:21.233287,2023-11-15 11:02:21.668658,0 days 00:00:00.435371,0.2,10,0.5,0.6,2,147,COMPLETE
4726,4726,18872.5,2023-11-15 11:02:21.671114,2023-11-15 11:02:22.118005,0 days 00:00:00.446891,0.30000000000000004,10,0.75,0.9,6,135,COMPLETE
4727,4727,15719.5,2023-11-15 11:02:22.120743,2023-11-15 11:02:22.582445,0 days 00:00:00.461702,0.2,20,0.75,0.4,4,141,COMPLETE
4728,4728,19261.0,2023-11-15 11:02:22.584672,2023-11-15 11:02:23.027964,0 days 00:00:00.443292,0.2,10,0.75,0.5,0,143,COMPLETE
4729,4729,19261.0,2023-11-15 11:02:23.030004,2023-11-15 11:02:23.467370,0 days 00:00:00.437366,0.1,10,0.75,0.9,3,147,COMPLETE
4730,4730,18873.0,2023-11-15 11:02:23.469717,2023-11-15 11:02:23.913091,0 days 00:00:00.443374,0.2,10,1.0,0.7000000000000001,2,150,COMPLETE
4731,4731,19161.25,2023-11-15 11:02:23.915129,2023-11-15 11:02:24.390503,0 days 00:00:00.475374,0.2,10,1.25,0.9,0,139,COMPLETE
4732,4732,18972.0,2023-11-15 11:02:24.392236,2023-11-15 11:02:24.848987,0 days 00:00:00.456751,0.2,10,0.75,0.8,6,145,COMPLETE
4733,4733,18992.75,2023-11-15 11:02:24.851387,2023-11-15 11:02:25.297175,0 days 00:00:00.445788,0.1,10,0.75,0.9,10,143,COMPLETE
4734,4734,19201.25,2023-11-15 11:02:25.299354,2023-11-15 11:02:25.738120,0 days 00:00:00.438766,0.2,10,0.75,0.9,2,148,COMPLETE
4735,4735,18973.0,2023-11-15 11:02:25.739883,2023-11-15 11:02:26.180532,0 days 00:00:00.440649,0.30000000000000004,10,0.75,0.9,4,141,COMPLETE
4736,4736,19261.0,2023-11-15 11:02:26.182398,2023-11-15 11:02:26.618351,0 days 00:00:00.435953,0.2,10,0.5,0.9,0,147,COMPLETE
4737,4737,19161.25,2023-11-15 11:02:26.620392,2023-11-15 11:02:27.059224,0 days 00:00:00.438832,0.2,10,0.75,0.9,2,137,COMPLETE
4738,4738,15632.75,2023-11-15 11:02:27.061005,2023-11-15 11:02:27.520982,0 days 00:00:00.459977,0.2,50,1.0,0.9,6,62,COMPLETE
4739,4739,17405.25,2023-11-15 11:02:27.523147,2023-11-15 11:02:27.983284,0 days 00:00:00.460137,0.1,20,0.75,0.7000000000000001,4,145,COMPLETE
4740,4740,18839.75,2023-11-15 11:02:27.985798,2023-11-15 11:02:28.442640,0 days 00:00:00.456842,0.2,10,0.25,0.9,8,150,COMPLETE
4741,4741,19261.0,2023-11-15 11:02:28.444637,2023-11-15 11:02:28.887129,0 days 00:00:00.442492,0.2,10,0.75,0.9,0,143,COMPLETE
4742,4742,19261.0,2023-11-15 11:02:28.888990,2023-11-15 11:02:29.329456,0 days 00:00:00.440466,0.1,10,0.75,0.9,2,140,COMPLETE
4743,4743,14652.5,2023-11-15 11:02:29.331324,2023-11-15 11:02:29.795455,0 days 00:00:00.464131,0.2,80,1.25,0.9,4,145,COMPLETE
4744,4744,19261.0,2023-11-15 11:02:29.797477,2023-11-15 11:02:30.241636,0 days 00:00:00.444159,0.2,10,0.75,0.9,0,147,COMPLETE
4745,4745,19110.5,2023-11-15 11:02:30.243405,2023-11-15 11:02:30.695824,0 days 00:00:00.452419,0.2,10,1.0,0.8,2,143,COMPLETE
4746,4746,19082.5,2023-11-15 11:02:30.697617,2023-11-15 11:02:31.126149,0 days 00:00:00.428532,0.2,10,0.75,0.9,2,150,COMPLETE
4747,4747,19147.25,2023-11-15 11:02:31.128132,2023-11-15 11:02:31.567868,0 days 00:00:00.439736,0.1,10,0.75,0.9,4,140,COMPLETE
4748,4748,18554.5,2023-11-15 11:02:31.570802,2023-11-15 11:02:32.015350,0 days 00:00:00.444548,0.2,20,0.75,0.9,0,147,COMPLETE
4749,4749,18842.5,2023-11-15 11:02:32.017626,2023-11-15 11:02:32.514430,0 days 00:00:00.496804,0.30000000000000004,10,0.5,0.8,7,145,COMPLETE
4750,4750,13343.5,2023-11-15 11:02:32.516655,2023-11-15 11:02:33.121303,0 days 00:00:00.604648,0.2,10,0.75,0.30000000000000004,2,143,COMPLETE
4751,4751,13698.75,2023-11-15 11:02:33.123724,2023-11-15 11:02:33.691490,0 days 00:00:00.567766,0.2,10,1.0,0.6,4,136,COMPLETE
4752,4752,19261.0,2023-11-15 11:02:33.693781,2023-11-15 11:02:34.166803,0 days 00:00:00.473022,0.1,10,0.75,0.9,0,147,COMPLETE
4753,4753,19111.25,2023-11-15 11:02:34.169486,2023-11-15 11:02:34.611467,0 days 00:00:00.441981,0.2,10,0.75,0.9,6,150,COMPLETE
4754,4754,18973.0,2023-11-15 11:02:34.613247,2023-11-15 11:02:35.043960,0 days 00:00:00.430713,0.4,10,0.75,0.9,2,141,COMPLETE
4755,4755,19265.0,2023-11-15 11:02:35.045814,2023-11-15 11:02:35.492373,0 days 00:00:00.446559,0.2,10,0.5,0.9,0,145,COMPLETE
