,number,value,datetime_start,datetime_complete,duration,params_alpha,params_decay_interval,params_decay_rate,params_gamma,params_initialization,params_max_steps,state
9065,9065,18026.0,2023-11-15 13:03:07.717728,2023-11-15 13:03:08.561225,0 days 00:00:00.843497,0.8,10,2.75,0.9,23,77,COMPLETE
9066,9066,17745.75,2023-11-15 13:03:08.564523,2023-11-15 13:03:09.419169,0 days 00:00:00.854646,0.4,10,3.0,0.9,20,74,COMPLETE
9067,9067,17115.5,2023-11-15 13:03:09.422001,2023-11-15 13:03:10.270266,0 days 00:00:00.848265,0.8,10,3.0,0.9,12,69,COMPLETE
9068,9068,16719.5,2023-11-15 13:03:10.273470,2023-11-15 13:03:11.089488,0 days 00:00:00.816018,0.8,10,3.0,0.9,33,66,COMPLETE
9069,9069,18493.0,2023-11-15 13:03:11.092475,2023-11-15 13:03:12.105326,0 days 00:00:01.012851,0.6,10,3.0,0.9,25,80,COMPLETE
9070,9070,16899.75,2023-11-15 13:03:12.108491,2023-11-15 13:03:13.131407,0 days 00:00:01.022916,0.7000000000000001,20,3.0,0.9,17,85,COMPLETE
9071,9071,18122.5,2023-11-15 13:03:13.134294,2023-11-15 13:03:13.963035,0 days 00:00:00.828741,0.8,10,3.0,0.9,14,72,COMPLETE
9072,9072,14795.25,2023-11-15 13:03:13.966534,2023-11-15 13:03:14.798890,0 days 00:00:00.832356,0.8,10,2.75,0.9,22,24,COMPLETE
9073,9073,18493.25,2023-11-15 13:03:14.801572,2023-11-15 13:03:15.587178,0 days 00:00:00.785606,0.8,10,2.25,0.9,18,75,COMPLETE
9074,9074,17020.25,2023-11-15 13:03:15.589918,2023-11-15 13:03:16.427220,0 days 00:00:00.837302,0.8,10,3.0,0.8,20,69,COMPLETE
9075,9075,17014.0,2023-11-15 13:03:16.430997,2023-11-15 13:03:17.310667,0 days 00:00:00.879670,0.8,10,3.0,0.9,26,64,COMPLETE
9076,9076,18215.25,2023-11-15 13:03:17.314026,2023-11-15 13:03:18.117756,0 days 00:00:00.803730,0.8,10,2.75,0.9,22,72,COMPLETE
9077,9077,18026.0,2023-11-15 13:03:18.120590,2023-11-15 13:03:18.928526,0 days 00:00:00.807936,0.8,10,3.0,0.9,9,77,COMPLETE
9078,9078,17745.25,2023-11-15 13:03:18.931737,2023-11-15 13:03:19.771857,0 days 00:00:00.840120,0.9,10,3.0,0.9,15,68,COMPLETE
9079,9079,19260.75,2023-11-15 13:03:19.774672,2023-11-15 13:03:20.575236,0 days 00:00:00.800564,0.8,10,3.0,0.9,18,71,COMPLETE
9080,9080,18682.0,2023-11-15 13:03:20.578141,2023-11-15 13:03:21.424535,0 days 00:00:00.846394,0.8,10,3.0,0.9,24,75,COMPLETE
9081,9081,17917.0,2023-11-15 13:03:21.427301,2023-11-15 13:03:22.450514,0 days 00:00:01.023213,0.8,10,2.75,0.9,20,67,COMPLETE
9082,9082,16992.25,2023-11-15 13:03:22.453555,2023-11-15 13:03:23.478409,0 days 00:00:01.024854,0.7000000000000001,20,3.0,0.9,16,81,COMPLETE
9083,9083,16543.25,2023-11-15 13:03:23.481011,2023-11-15 13:03:24.354292,0 days 00:00:00.873281,0.8,10,3.0,0.9,13,63,COMPLETE
9084,9084,18215.25,2023-11-15 13:03:24.357283,2023-11-15 13:03:25.241428,0 days 00:00:00.884145,0.8,10,2.75,0.9,19,72,COMPLETE
9085,9085,18111.5,2023-11-15 13:03:25.246509,2023-11-15 13:03:26.139835,0 days 00:00:00.893326,0.8,10,3.0,0.7000000000000001,22,70,COMPLETE
9086,9086,17920.75,2023-11-15 13:03:26.143147,2023-11-15 13:03:27.272664,0 days 00:00:01.129517,0.8,10,3.0,0.9,17,74,COMPLETE
9087,9087,17360.25,2023-11-15 13:03:27.276858,2023-11-15 13:03:28.484971,0 days 00:00:01.208113,0.8,10,3.0,0.9,21,78,COMPLETE
9088,9088,16748.25,2023-11-15 13:03:28.490134,2023-11-15 13:03:29.639246,0 days 00:00:01.149112,0.8,10,2.5,0.2,27,66,COMPLETE
9089,9089,16529.75,2023-11-15 13:03:29.647808,2023-11-15 13:03:30.687928,0 days 00:00:01.040120,0.8,20,2.75,0.8,24,69,COMPLETE
9090,9090,17362.25,2023-11-15 13:03:30.691347,2023-11-15 13:03:31.525804,0 days 00:00:00.834457,0.9,30,3.0,0.9,19,73,COMPLETE
9091,9091,16923.25,2023-11-15 13:03:31.529459,2023-11-15 13:03:32.366506,0 days 00:00:00.837047,0.8,10,3.0,0.9,14,76,COMPLETE
9092,9092,17825.5,2023-11-15 13:03:32.369716,2023-11-15 13:03:33.206158,0 days 00:00:00.836442,0.8,10,3.0,0.9,11,70,COMPLETE
9093,9093,17917.0,2023-11-15 13:03:33.209621,2023-11-15 13:03:34.014454,0 days 00:00:00.804833,0.8,10,3.0,0.9,16,67,COMPLETE
9094,9094,17014.0,2023-11-15 13:03:34.017231,2023-11-15 13:03:34.804986,0 days 00:00:00.787755,0.8,10,2.75,0.9,22,64,COMPLETE
9095,9095,17188.25,2023-11-15 13:03:34.807820,2023-11-15 13:03:35.581212,0 days 00:00:00.773392,0.8,10,3.0,0.9,18,73,COMPLETE
9096,9096,16918.5,2023-11-15 13:03:35.583924,2023-11-15 13:03:36.353260,0 days 00:00:00.769336,0.7000000000000001,10,2.75,0.9,29,60,COMPLETE
9097,9097,17922.5,2023-11-15 13:03:36.356131,2023-11-15 13:03:37.218182,0 days 00:00:00.862051,0.8,10,3.0,0.8,20,70,COMPLETE
9098,9098,16280.75,2023-11-15 13:03:37.221606,2023-11-15 13:03:38.024461,0 days 00:00:00.802855,0.8,20,3.0,0.9,24,78,COMPLETE
9099,9099,18682.0,2023-11-15 13:03:38.027498,2023-11-15 13:03:38.800671,0 days 00:00:00.773173,0.8,10,3.0,0.9,16,75,COMPLETE
9100,9100,17917.0,2023-11-15 13:03:38.803303,2023-11-15 13:03:39.612939,0 days 00:00:00.809636,0.8,10,2.25,0.9,21,67,COMPLETE
9101,9101,19260.75,2023-11-15 13:03:39.616263,2023-11-15 13:03:40.459769,0 days 00:00:00.843506,0.8,10,2.75,0.9,18,71,COMPLETE
9102,9102,17186.0,2023-11-15 13:03:40.463486,2023-11-15 13:03:41.258368,0 days 00:00:00.794882,0.8,10,3.0,0.9,23,73,COMPLETE
9103,9103,17644.0,2023-11-15 13:03:41.261280,2023-11-15 13:03:42.035288,0 days 00:00:00.774008,0.8,10,3.0,0.9,14,82,COMPLETE
9104,9104,17552.25,2023-11-15 13:03:42.038175,2023-11-15 13:03:42.798244,0 days 00:00:00.760069,0.9,10,2.5,0.9,26,65,COMPLETE
9105,9105,17115.5,2023-11-15 13:03:42.801258,2023-11-15 13:03:43.562667,0 days 00:00:00.761409,0.8,10,3.0,0.9,4,69,COMPLETE
9106,9106,19161.25,2023-11-15 13:03:43.565544,2023-11-15 13:03:44.334707,0 days 00:00:00.769163,0.8,10,2.75,0.9,20,91,COMPLETE
9107,9107,18682.0,2023-11-15 13:03:44.337407,2023-11-15 13:03:45.097219,0 days 00:00:00.759812,0.8,10,3.0,0.9,18,75,COMPLETE
9108,9108,18392.25,2023-11-15 13:03:45.100153,2023-11-15 13:03:45.869680,0 days 00:00:00.769527,0.8,20,3.0,0.9,15,71,COMPLETE
9109,9109,15385.5,2023-11-15 13:03:45.872483,2023-11-15 13:03:46.672374,0 days 00:00:00.799891,0.8,40,2.75,0.30000000000000004,21,67,COMPLETE
9110,9110,17456.5,2023-11-15 13:03:46.675095,2023-11-15 13:03:47.464615,0 days 00:00:00.789520,0.7000000000000001,10,3.0,0.9,24,78,COMPLETE
9111,9111,16543.25,2023-11-15 13:03:47.467376,2023-11-15 13:03:48.232530,0 days 00:00:00.765154,0.8,10,3.0,0.9,17,63,COMPLETE
9112,9112,13905.75,2023-11-15 13:03:48.235258,2023-11-15 13:03:49.016770,0 days 00:00:00.781512,0.8,50,3.0,0.8,12,73,COMPLETE
9113,9113,14200.0,2023-11-15 13:03:49.019655,2023-11-15 13:03:49.791892,0 days 00:00:00.772237,0.8,70,3.0,0.9,19,69,COMPLETE
9114,9114,18587.75,2023-11-15 13:03:49.795255,2023-11-15 13:03:50.579795,0 days 00:00:00.784540,0.9,10,3.0,0.9,22,75,COMPLETE
9115,9115,12575.75,2023-11-15 13:03:50.582574,2023-11-15 13:03:51.362395,0 days 00:00:00.779821,0.8,90,2.0,0.9,20,71,COMPLETE
9116,9116,16719.5,2023-11-15 13:03:51.365259,2023-11-15 13:03:52.133866,0 days 00:00:00.768607,0.8,10,2.75,0.9,25,66,COMPLETE
9117,9117,17369.25,2023-11-15 13:03:52.136852,2023-11-15 13:03:52.920153,0 days 00:00:00.783301,0.8,10,3.0,0.9,16,79,COMPLETE
9118,9118,18493.25,2023-11-15 13:03:52.923015,2023-11-15 13:03:53.707974,0 days 00:00:00.784959,0.8,10,2.5,0.9,23,72,COMPLETE
9119,9119,17547.25,2023-11-15 13:03:53.711274,2023-11-15 13:03:54.488499,0 days 00:00:00.777225,0.8,10,3.0,0.9,18,68,COMPLETE
9120,9120,18682.0,2023-11-15 13:03:54.491328,2023-11-15 13:03:55.284624,0 days 00:00:00.793296,0.8,10,3.0,0.9,27,75,COMPLETE
9121,9121,18392.25,2023-11-15 13:03:55.287393,2023-11-15 13:03:56.042147,0 days 00:00:00.754754,0.8,20,2.75,0.9,14,71,COMPLETE
9122,9122,16630.0,2023-11-15 13:03:56.045630,2023-11-15 13:03:56.831023,0 days 00:00:00.785393,0.8,10,2.75,0.9,20,62,COMPLETE
9123,9123,17066.75,2023-11-15 13:03:56.833953,2023-11-15 13:03:57.597891,0 days 00:00:00.763938,0.7000000000000001,10,1.0,0.8,17,69,COMPLETE
9124,9124,16923.25,2023-11-15 13:03:57.600843,2023-11-15 13:03:58.374210,0 days 00:00:00.773367,0.8,10,3.0,0.9,58,76,COMPLETE
9125,9125,17654.5,2023-11-15 13:03:58.377319,2023-11-15 13:03:59.131216,0 days 00:00:00.753897,0.8,10,3.0,0.9,22,65,COMPLETE
9126,9126,17318.75,2023-11-15 13:03:59.134198,2023-11-15 13:03:59.926984,0 days 00:00:00.792786,0.8,10,0.5,0.9,20,72,COMPLETE
9127,9127,17745.25,2023-11-15 13:03:59.930180,2023-11-15 13:04:00.692903,0 days 00:00:00.762723,0.9,10,3.0,0.9,10,68,COMPLETE
9128,9128,17920.75,2023-11-15 13:04:00.695898,2023-11-15 13:04:01.467026,0 days 00:00:00.771128,0.8,10,3.0,0.9,15,74,COMPLETE
9129,9129,15350.5,2023-11-15 13:04:01.469890,2023-11-15 13:04:02.269924,0 days 00:00:00.800034,0.8,10,0.25,0.9,39,80,COMPLETE
9130,9130,18026.0,2023-11-15 13:04:02.272585,2023-11-15 13:04:03.035268,0 days 00:00:00.762683,0.8,10,3.0,0.9,18,77,COMPLETE
9131,9131,17362.0,2023-11-15 13:04:03.037958,2023-11-15 13:04:03.814152,0 days 00:00:00.776194,0.6,10,2.75,0.9,25,59,COMPLETE
9132,9132,18392.25,2023-11-15 13:04:03.816843,2023-11-15 13:04:04.571551,0 days 00:00:00.754708,0.8,20,3.0,0.9,22,70,COMPLETE
9133,9133,16719.5,2023-11-15 13:04:04.574467,2023-11-15 13:04:05.371643,0 days 00:00:00.797176,0.8,10,3.0,0.9,13,66,COMPLETE
9134,9134,18122.5,2023-11-15 13:04:05.374344,2023-11-15 13:04:06.138754,0 days 00:00:00.764410,0.8,10,3.0,0.9,16,72,COMPLETE
9135,9135,17920.75,2023-11-15 13:04:06.141899,2023-11-15 13:04:06.953780,0 days 00:00:00.811881,0.8,10,2.75,0.9,19,74,COMPLETE
9136,9136,17115.5,2023-11-15 13:04:06.956574,2023-11-15 13:04:07.722646,0 days 00:00:00.766072,0.8,10,3.0,0.9,80,69,COMPLETE
9137,9137,16543.25,2023-11-15 13:04:07.725469,2023-11-15 13:04:08.502509,0 days 00:00:00.777040,0.8,10,3.0,0.9,23,63,COMPLETE
9138,9138,17844.0,2023-11-15 13:04:08.505266,2023-11-15 13:04:09.283261,0 days 00:00:00.777995,0.7000000000000001,10,2.75,0.6,31,77,COMPLETE
9139,9139,17369.5,2023-11-15 13:04:09.286089,2023-11-15 13:04:10.083765,0 days 00:00:00.797676,0.8,10,3.0,0.9,21,73,COMPLETE
9140,9140,17382.5,2023-11-15 13:04:10.086444,2023-11-15 13:04:10.864977,0 days 00:00:00.778533,0.8,10,2.5,0.9,17,69,COMPLETE
9141,9141,16091.25,2023-11-15 13:04:10.868034,2023-11-15 13:04:11.648333,0 days 00:00:00.780299,0.8,20,3.0,0.9,28,66,COMPLETE
9142,9142,18124.75,2023-11-15 13:04:11.651575,2023-11-15 13:04:12.421222,0 days 00:00:00.769647,0.9,10,3.0,0.8,19,72,COMPLETE
9143,9143,17547.25,2023-11-15 13:04:12.423898,2023-11-15 13:04:13.209902,0 days 00:00:00.786004,0.8,10,2.75,0.9,24,68,COMPLETE
9144,9144,17833.75,2023-11-15 13:04:13.213606,2023-11-15 13:04:13.982929,0 days 00:00:00.769323,0.8,10,3.0,0.9,15,83,COMPLETE
9145,9145,17696.0,2023-11-15 13:04:13.985578,2023-11-15 13:04:14.759841,0 days 00:00:00.774263,0.8,10,0.75,0.9,21,75,COMPLETE
9146,9146,19260.75,2023-11-15 13:04:14.763216,2023-11-15 13:04:15.523590,0 days 00:00:00.760374,0.8,10,3.0,0.9,26,71,COMPLETE
9147,9147,17014.0,2023-11-15 13:04:15.526564,2023-11-15 13:04:16.326792,0 days 00:00:00.800228,0.8,10,3.0,0.9,18,64,COMPLETE
9148,9148,17552.0,2023-11-15 13:04:16.330003,2023-11-15 13:04:17.100618,0 days 00:00:00.770615,0.8,10,2.75,0.9,12,79,COMPLETE
9149,9149,17188.25,2023-11-15 13:04:17.103728,2023-11-15 13:04:17.885980,0 days 00:00:00.782252,0.8,20,3.0,0.9,16,74,COMPLETE
9150,9150,17922.75,2023-11-15 13:04:17.888851,2023-11-15 13:04:18.666252,0 days 00:00:00.777401,0.7000000000000001,10,2.25,0.9,41,67,COMPLETE
9151,9151,17922.5,2023-11-15 13:04:18.669010,2023-11-15 13:04:19.461361,0 days 00:00:00.792351,0.8,10,3.0,0.8,23,70,COMPLETE
9152,9152,17183.75,2023-11-15 13:04:19.464315,2023-11-15 13:04:20.236076,0 days 00:00:00.771761,0.9,10,3.0,0.9,20,76,COMPLETE
9153,9153,18122.5,2023-11-15 13:04:20.238812,2023-11-15 13:04:21.006535,0 days 00:00:00.767723,0.8,10,3.0,0.9,14,72,COMPLETE
9154,9154,18013.0,2023-11-15 13:04:21.009602,2023-11-15 13:04:21.791413,0 days 00:00:00.781811,0.8,10,2.75,0.9,19,125,COMPLETE
9155,9155,17917.0,2023-11-15 13:04:21.794929,2023-11-15 13:04:22.584568,0 days 00:00:00.789639,0.8,10,3.0,0.9,17,67,COMPLETE
9156,9156,17826.25,2023-11-15 13:04:22.587407,2023-11-15 13:04:23.346231,0 days 00:00:00.758824,0.8,10,2.5,0.9,22,70,COMPLETE
9157,9157,16711.25,2023-11-15 13:04:23.349008,2023-11-15 13:04:24.112177,0 days 00:00:00.763169,0.8,10,3.0,0.9,24,62,COMPLETE
9158,9158,17920.75,2023-11-15 13:04:24.114976,2023-11-15 13:04:24.882772,0 days 00:00:00.767796,0.8,10,2.75,0.9,21,74,COMPLETE
9159,9159,18026.0,2023-11-15 13:04:24.885745,2023-11-15 13:04:25.664132,0 days 00:00:00.778387,0.8,10,3.0,0.9,18,77,COMPLETE
9160,9160,17654.5,2023-11-15 13:04:25.666978,2023-11-15 13:04:26.420866,0 days 00:00:00.753888,0.8,10,3.0,0.9,15,65,COMPLETE
9161,9161,18392.25,2023-11-15 13:04:26.423597,2023-11-15 13:04:27.191722,0 days 00:00:00.768125,0.8,20,2.0,0.9,25,71,COMPLETE
9162,9162,17642.25,2023-11-15 13:04:27.195076,2023-11-15 13:04:27.967417,0 days 00:00:00.772341,0.8,10,3.0,0.8,13,68,COMPLETE
9163,9163,17369.5,2023-11-15 13:04:27.970126,2023-11-15 13:04:28.766403,0 days 00:00:00.796277,0.8,10,3.0,0.9,20,73,COMPLETE
9164,9164,17927.5,2023-11-15 13:04:28.769243,2023-11-15 13:04:29.535668,0 days 00:00:00.766425,0.8,10,2.75,0.9,17,80,COMPLETE
9165,9165,17825.5,2023-11-15 13:04:29.538462,2023-11-15 13:04:30.300805,0 days 00:00:00.762343,0.8,10,3.0,0.9,22,70,COMPLETE
9166,9166,17299.75,2023-11-15 13:04:30.303520,2023-11-15 13:04:31.072458,0 days 00:00:00.768938,0.30000000000000004,10,3.0,0.9,19,75,COMPLETE
9167,9167,17080.5,2023-11-15 13:04:31.075144,2023-11-15 13:04:31.883956,0 days 00:00:00.808812,0.7000000000000001,10,2.75,0.9,49,66,COMPLETE
9168,9168,12312.0,2023-11-15 13:04:31.886730,2023-11-15 13:04:32.653483,0 days 00:00:00.766753,0.8,20,3.0,0.4,16,20,COMPLETE
9169,9169,12203.0,2023-11-15 13:04:32.656197,2023-11-15 13:04:33.441958,0 days 00:00:00.785761,0.8,90,3.0,0.9,28,72,COMPLETE
9170,9170,18121.5,2023-11-15 13:04:33.445671,2023-11-15 13:04:34.220705,0 days 00:00:00.775034,0.8,10,2.75,0.9,10,77,COMPLETE
9171,9171,17470.75,2023-11-15 13:04:34.224326,2023-11-15 13:04:35.021656,0 days 00:00:00.797330,0.9,10,2.5,0.9,23,69,COMPLETE
9172,9172,14878.25,2023-11-15 13:04:35.024389,2023-11-15 13:04:35.797729,0 days 00:00:00.773340,0.8,40,3.0,0.7000000000000001,20,60,COMPLETE
9173,9173,17014.0,2023-11-15 13:04:35.800416,2023-11-15 13:04:36.569389,0 days 00:00:00.768973,0.8,10,3.0,0.9,26,64,COMPLETE
9174,9174,17270.25,2023-11-15 13:04:36.572203,2023-11-15 13:04:37.357691,0 days 00:00:00.785488,0.8,30,3.0,0.9,18,73,COMPLETE
9175,9175,17642.25,2023-11-15 13:04:37.360531,2023-11-15 13:04:38.147995,0 days 00:00:00.787464,0.8,10,3.0,0.8,14,68,COMPLETE
9176,9176,18682.0,2023-11-15 13:04:38.150803,2023-11-15 13:04:38.909654,0 days 00:00:00.758851,0.8,10,2.75,0.9,21,75,COMPLETE
9177,9177,19260.75,2023-11-15 13:04:38.913452,2023-11-15 13:04:39.687055,0 days 00:00:00.773603,0.8,10,3.0,0.9,7,71,COMPLETE
9178,9178,14801.25,2023-11-15 13:04:39.689916,2023-11-15 13:04:40.462467,0 days 00:00:00.772551,0.8,10,3.0,0.9,16,31,COMPLETE
9179,9179,17663.25,2023-11-15 13:04:40.465184,2023-11-15 13:04:41.251144,0 days 00:00:00.785960,0.7000000000000001,10,3.0,0.5,24,79,COMPLETE
9180,9180,16091.25,2023-11-15 13:04:41.254163,2023-11-15 13:04:42.033970,0 days 00:00:00.779807,0.8,20,3.0,0.9,43,66,COMPLETE
9181,9181,17731.5,2023-11-15 13:04:42.037220,2023-11-15 13:04:42.803145,0 days 00:00:00.765925,0.8,10,2.75,0.9,19,70,COMPLETE
9182,9182,17924.5,2023-11-15 13:04:42.806127,2023-11-15 13:04:43.576252,0 days 00:00:00.770125,0.8,10,3.0,0.9,21,86,COMPLETE
9183,9183,16813.0,2023-11-15 13:04:43.579641,2023-11-15 13:04:44.362198,0 days 00:00:00.782557,0.8,10,3.0,0.9,12,55,COMPLETE
9184,9184,17369.5,2023-11-15 13:04:44.364922,2023-11-15 13:04:45.125299,0 days 00:00:00.760377,0.8,10,2.75,0.9,17,73,COMPLETE
9185,9185,17183.75,2023-11-15 13:04:45.129135,2023-11-15 13:04:45.896950,0 days 00:00:00.767815,0.9,10,3.0,0.9,23,76,COMPLETE
9186,9186,17547.25,2023-11-15 13:04:45.899752,2023-11-15 13:04:46.656130,0 days 00:00:00.756378,0.8,10,3.0,0.9,19,68,COMPLETE
9187,9187,17014.0,2023-11-15 13:04:46.658926,2023-11-15 13:04:47.451953,0 days 00:00:00.793027,0.8,10,3.0,0.9,26,64,COMPLETE
9188,9188,18215.25,2023-11-15 13:04:47.454791,2023-11-15 13:04:48.215514,0 days 00:00:00.760723,0.8,10,2.75,0.9,36,72,COMPLETE
9189,9189,17115.5,2023-11-15 13:04:48.218917,2023-11-15 13:04:48.984553,0 days 00:00:00.765636,0.8,10,3.0,0.9,15,69,COMPLETE
9190,9190,17185.5,2023-11-15 13:04:48.987279,2023-11-15 13:04:49.762278,0 days 00:00:00.774999,0.8,20,2.5,0.9,22,77,COMPLETE
9191,9191,17644.0,2023-11-15 13:04:49.765346,2023-11-15 13:04:50.543936,0 days 00:00:00.778590,0.8,10,3.0,0.9,18,82,COMPLETE
9192,9192,18872.25,2023-11-15 13:04:50.546979,2023-11-15 13:04:51.304129,0 days 00:00:00.757150,0.7000000000000001,10,3.0,0.9,13,73,COMPLETE
9193,9193,16811.25,2023-11-15 13:04:51.306898,2023-11-15 13:04:52.083871,0 days 00:00:00.776973,0.8,10,2.75,0.8,21,66,COMPLETE
9194,9194,17825.5,2023-11-15 13:04:52.086563,2023-11-15 13:04:52.853447,0 days 00:00:00.766884,0.8,10,3.0,0.9,29,70,COMPLETE
9195,9195,16711.25,2023-11-15 13:04:52.856220,2023-11-15 13:04:53.668871,0 days 00:00:00.812651,0.8,10,3.0,0.9,16,62,COMPLETE
9196,9196,17920.75,2023-11-15 13:04:53.671730,2023-11-15 13:04:54.451401,0 days 00:00:00.779671,0.8,10,2.75,0.9,24,74,COMPLETE
9197,9197,17917.0,2023-11-15 13:04:54.454289,2023-11-15 13:04:55.223015,0 days 00:00:00.768726,0.8,10,2.25,0.9,19,67,COMPLETE
9198,9198,19260.75,2023-11-15 13:04:55.225785,2023-11-15 13:04:56.006405,0 days 00:00:00.780620,0.9,10,3.0,0.9,21,71,COMPLETE
9199,9199,17360.25,2023-11-15 13:04:56.009058,2023-11-15 13:04:56.810696,0 days 00:00:00.801638,0.8,10,3.0,0.9,16,78,COMPLETE
9200,9200,17758.0,2023-11-15 13:04:56.813945,2023-11-15 13:04:57.583925,0 days 00:00:00.769980,0.4,10,3.0,0.9,18,75,COMPLETE
9201,9201,12824.0,2023-11-15 13:04:57.586702,2023-11-15 13:04:58.382786,0 days 00:00:00.796084,0.8,60,2.75,0.9,23,69,COMPLETE
9202,9202,18872.25,2023-11-15 13:04:58.385597,2023-11-15 13:04:59.155806,0 days 00:00:00.770209,0.7000000000000001,10,3.0,0.9,25,73,COMPLETE
9203,9203,17631.75,2023-11-15 13:04:59.158632,2023-11-15 13:04:59.946162,0 days 00:00:00.787530,0.8,20,3.0,0.9,14,65,COMPLETE
9204,9204,16765.25,2023-11-15 13:04:59.948999,2023-11-15 13:05:00.852222,0 days 00:00:00.903223,0.2,10,3.0,0.9,11,71,COMPLETE
9205,9205,17547.25,2023-11-15 13:05:00.855467,2023-11-15 13:05:01.683773,0 days 00:00:00.828306,0.8,10,3.0,0.9,20,68,COMPLETE
9206,9206,18682.0,2023-11-15 13:05:01.686635,2023-11-15 13:05:02.455031,0 days 00:00:00.768396,0.8,10,3.0,0.8,18,75,COMPLETE
9207,9207,18031.75,2023-11-15 13:05:02.457820,2023-11-15 13:05:03.249100,0 days 00:00:00.791280,0.5,10,2.75,0.9,22,80,COMPLETE
9208,9208,19260.75,2023-11-15 13:05:03.252154,2023-11-15 13:05:04.005914,0 days 00:00:00.753760,0.8,10,3.0,0.9,27,71,COMPLETE
9209,9209,16543.25,2023-11-15 13:05:04.009018,2023-11-15 13:05:04.788358,0 days 00:00:00.779340,0.8,10,2.75,0.9,16,63,COMPLETE
9210,9210,17185.5,2023-11-15 13:05:04.791182,2023-11-15 13:05:05.567453,0 days 00:00:00.776271,0.8,20,3.0,0.9,20,77,COMPLETE
9211,9211,17367.0,2023-11-15 13:05:05.570137,2023-11-15 13:05:06.365981,0 days 00:00:00.795844,0.9,10,2.5,0.9,14,67,COMPLETE
9212,9212,17186.0,2023-11-15 13:05:06.368834,2023-11-15 13:05:07.143876,0 days 00:00:00.775042,0.8,10,3.0,0.9,23,73,COMPLETE
9213,9213,17115.5,2023-11-15 13:05:07.147608,2023-11-15 13:05:07.913972,0 days 00:00:00.766364,0.8,10,3.0,0.9,17,69,COMPLETE
9214,9214,17099.5,2023-11-15 13:05:07.916858,2023-11-15 13:05:08.677188,0 days 00:00:00.760330,0.8,10,2.75,0.9,20,60,COMPLETE
9215,9215,18018.25,2023-11-15 13:05:08.680574,2023-11-15 13:05:09.458194,0 days 00:00:00.777620,0.8,10,3.0,0.8,25,74,COMPLETE
9216,9216,17654.5,2023-11-15 13:05:09.461424,2023-11-15 13:05:10.223710,0 days 00:00:00.762286,0.8,10,3.0,0.9,45,65,COMPLETE
9217,9217,19260.75,2023-11-15 13:05:10.226578,2023-11-15 13:05:10.991951,0 days 00:00:00.765373,0.8,10,3.0,0.9,18,71,COMPLETE
9218,9218,17842.25,2023-11-15 13:05:10.995558,2023-11-15 13:05:11.762384,0 days 00:00:00.766826,0.7000000000000001,10,2.75,0.9,22,77,COMPLETE
9219,9219,17547.25,2023-11-15 13:05:11.765243,2023-11-15 13:05:12.545156,0 days 00:00:00.779913,0.8,10,3.0,0.9,19,68,COMPLETE
9220,9220,18122.5,2023-11-15 13:05:12.548327,2023-11-15 13:05:13.315539,0 days 00:00:00.767212,0.8,10,3.0,0.9,15,72,COMPLETE
9221,9221,17190.0,2023-11-15 13:05:13.318327,2023-11-15 13:05:14.090526,0 days 00:00:00.772199,0.8,20,2.75,0.9,13,75,COMPLETE
9222,9222,13033.25,2023-11-15 13:05:14.093734,2023-11-15 13:05:14.887076,0 days 00:00:00.793342,0.1,10,2.5,0.9,21,69,COMPLETE
9223,9223,17739.5,2023-11-15 13:05:14.889983,2023-11-15 13:05:15.689008,0 days 00:00:00.799025,0.8,10,3.0,0.9,17,81,COMPLETE
9224,9224,13378.75,2023-11-15 13:05:15.691887,2023-11-15 13:05:16.473526,0 days 00:00:00.781639,0.8,80,3.0,0.9,24,65,COMPLETE
9225,9225,19260.75,2023-11-15 13:05:16.476380,2023-11-15 13:05:17.240459,0 days 00:00:00.764079,0.8,10,3.0,0.8,27,71,COMPLETE
9226,9226,17920.75,2023-11-15 13:05:17.243838,2023-11-15 13:05:18.017196,0 days 00:00:00.773358,0.8,10,2.75,0.9,19,74,COMPLETE
9227,9227,17917.0,2023-11-15 13:05:18.020016,2023-11-15 13:05:18.828265,0 days 00:00:00.808249,0.8,10,3.0,0.9,22,67,COMPLETE
9228,9228,18305.0,2023-11-15 13:05:18.831166,2023-11-15 13:05:19.604042,0 days 00:00:00.772876,0.9,10,3.0,0.9,16,77,COMPLETE
9229,9229,18392.25,2023-11-15 13:05:19.606821,2023-11-15 13:05:20.379499,0 days 00:00:00.772678,0.8,20,2.75,0.9,30,70,COMPLETE
9230,9230,11213.75,2023-11-15 13:05:20.382618,2023-11-15 13:05:21.188018,0 days 00:00:00.805400,0.8,100,3.0,0.9,9,73,COMPLETE
9231,9231,17917.0,2023-11-15 13:05:21.190696,2023-11-15 13:05:21.990252,0 days 00:00:00.799556,0.8,10,3.0,0.9,20,67,COMPLETE
9232,9232,16711.25,2023-11-15 13:05:21.993343,2023-11-15 13:05:22.769452,0 days 00:00:00.776109,0.8,10,3.0,0.9,33,62,COMPLETE
9233,9233,18973.5,2023-11-15 13:05:22.772359,2023-11-15 13:05:23.540955,0 days 00:00:00.768596,0.7000000000000001,10,3.0,0.9,12,71,COMPLETE
9234,9234,16923.25,2023-11-15 13:05:23.543867,2023-11-15 13:05:24.327383,0 days 00:00:00.783516,0.8,10,3.0,0.9,24,76,COMPLETE
9235,9235,17552.0,2023-11-15 13:05:24.330818,2023-11-15 13:05:25.133930,0 days 00:00:00.803112,0.8,10,2.75,0.9,17,79,COMPLETE
