,number,value,datetime_start,datetime_complete,duration,params_alpha,params_decay_interval,params_decay_rate,params_gamma,params_initialization,params_max_steps,state
690,690,18492.75,2023-11-15 13:18:34.627505,2023-11-15 13:18:34.757449,0 days 00:00:00.129944,0.7000000000000001,10,1.5,0.8,18,100,COMPLETE
691,691,17830.75,2023-11-15 13:18:34.758527,2023-11-15 13:18:34.884599,0 days 00:00:00.126072,0.8,20,1.25,0.8,11,98,COMPLETE
692,692,17837.25,2023-11-15 13:18:34.885624,2023-11-15 13:18:35.018080,0 days 00:00:00.132456,0.8,10,1.25,0.8,13,95,COMPLETE
693,693,16907.5,2023-11-15 13:18:35.019233,2023-11-15 13:18:35.145071,0 days 00:00:00.125838,0.8,10,1.25,0.6,7,51,COMPLETE
694,694,18218.0,2023-11-15 13:18:35.146292,2023-11-15 13:18:35.270182,0 days 00:00:00.123890,0.8,10,1.25,0.8,16,97,COMPLETE
695,695,18492.5,2023-11-15 13:18:35.271372,2023-11-15 13:18:35.401544,0 days 00:00:00.130172,0.8,10,1.25,0.8,4,100,COMPLETE
696,696,18207.75,2023-11-15 13:18:35.402571,2023-11-15 13:18:35.525924,0 days 00:00:00.123353,0.8,10,1.25,0.8,18,93,COMPLETE
697,697,17577.75,2023-11-15 13:18:35.527175,2023-11-15 13:18:35.660355,0 days 00:00:00.133180,0.8,10,1.5,0.2,14,98,COMPLETE
698,698,18681.25,2023-11-15 13:18:35.661539,2023-11-15 13:18:35.794359,0 days 00:00:00.132820,0.8,10,1.25,0.8,16,99,COMPLETE
699,699,199.5,2023-11-15 13:18:35.795350,2023-11-15 13:18:36.183364,0 days 00:00:00.388014,0.8,10,1.25,0.7000000000000001,0,96,COMPLETE
700,700,18399.0,2023-11-15 13:18:36.184409,2023-11-15 13:18:36.312726,0 days 00:00:00.128317,0.8,10,1.25,0.8,11,100,COMPLETE
701,701,18218.0,2023-11-15 13:18:36.313773,2023-11-15 13:18:36.443782,0 days 00:00:00.130009,0.8,10,1.25,0.8,8,97,COMPLETE
702,702,17932.5,2023-11-15 13:18:36.444985,2023-11-15 13:18:36.570356,0 days 00:00:00.125371,0.8,10,1.5,0.8,18,74,COMPLETE
703,703,17830.75,2023-11-15 13:18:36.571369,2023-11-15 13:18:36.698245,0 days 00:00:00.126876,0.8,20,1.25,0.8,2,98,COMPLETE
704,704,14309.25,2023-11-15 13:18:36.699334,2023-11-15 13:18:36.868324,0 days 00:00:00.168990,0.1,30,1.25,0.8,14,95,COMPLETE
705,705,18024.75,2023-11-15 13:18:36.869275,2023-11-15 13:18:36.993955,0 days 00:00:00.124680,0.8,10,1.25,0.8,4,79,COMPLETE
706,706,18305.75,2023-11-15 13:18:36.994998,2023-11-15 13:18:37.129718,0 days 00:00:00.134720,0.8,10,1.5,0.8,6,100,COMPLETE
707,707,18023.5,2023-11-15 13:18:37.131080,2023-11-15 13:18:37.261038,0 days 00:00:00.129958,0.8,10,1.25,0.8,17,98,COMPLETE
708,708,18024.25,2023-11-15 13:18:37.262046,2023-11-15 13:18:37.389582,0 days 00:00:00.127536,0.7000000000000001,10,1.25,0.7000000000000001,12,96,COMPLETE
709,709,18399.25,2023-11-15 13:18:37.391028,2023-11-15 13:18:37.517020,0 days 00:00:00.125992,0.8,10,1.25,0.8,9,92,COMPLETE
710,710,17919.25,2023-11-15 13:18:37.518259,2023-11-15 13:18:37.649084,0 days 00:00:00.130825,0.8,20,1.25,0.8,15,99,COMPLETE
711,711,18410.75,2023-11-15 13:18:37.650079,2023-11-15 13:18:37.775114,0 days 00:00:00.125035,0.8,10,1.25,0.8,18,94,COMPLETE
712,712,12692.75,2023-11-15 13:18:37.776388,2023-11-15 13:18:37.939861,0 days 00:00:00.163473,0.8,100,1.25,0.8,6,97,COMPLETE
713,713,18306.5,2023-11-15 13:18:37.941518,2023-11-15 13:18:38.067938,0 days 00:00:00.126420,0.8,10,1.5,0.8,13,100,COMPLETE
714,714,18023.5,2023-11-15 13:18:38.068929,2023-11-15 13:18:38.198655,0 days 00:00:00.129726,0.8,10,1.25,0.8,10,98,COMPLETE
715,715,18394.5,2023-11-15 13:18:38.199637,2023-11-15 13:18:38.327868,0 days 00:00:00.128231,0.8,10,1.25,0.8,16,96,COMPLETE
716,716,18492.5,2023-11-15 13:18:38.328926,2023-11-15 13:18:38.452678,0 days 00:00:00.123752,0.8,10,1.25,0.8,2,100,COMPLETE
717,717,18211.5,2023-11-15 13:18:38.453709,2023-11-15 13:18:38.586645,0 days 00:00:00.132936,0.8,10,1.25,0.8,19,82,COMPLETE
718,718,18303.75,2023-11-15 13:18:38.587605,2023-11-15 13:18:38.715610,0 days 00:00:00.128005,0.7000000000000001,10,1.25,0.8,4,98,COMPLETE
719,719,18410.75,2023-11-15 13:18:38.716627,2023-11-15 13:18:38.845970,0 days 00:00:00.129343,0.8,10,1.25,0.8,14,94,COMPLETE
720,720,18399.75,2023-11-15 13:18:38.846973,2023-11-15 13:18:38.974227,0 days 00:00:00.127254,0.8,10,1.5,0.8,17,97,COMPLETE
721,721,18013.5,2023-11-15 13:18:38.975914,2023-11-15 13:18:39.104820,0 days 00:00:00.128906,0.8,20,1.25,0.7000000000000001,8,100,COMPLETE
722,722,18023.5,2023-11-15 13:18:39.105901,2023-11-15 13:18:39.240202,0 days 00:00:00.134301,0.8,10,1.25,0.8,11,98,COMPLETE
723,723,17746.75,2023-11-15 13:18:39.241537,2023-11-15 13:18:39.372317,0 days 00:00:00.130780,0.5,10,1.25,0.8,19,96,COMPLETE
724,724,18492.5,2023-11-15 13:18:39.373560,2023-11-15 13:18:39.499936,0 days 00:00:00.126376,0.8,10,1.25,0.8,16,100,COMPLETE
725,725,17387.25,2023-11-15 13:18:39.500924,2023-11-15 13:18:39.642571,0 days 00:00:00.141647,0.30000000000000004,10,1.25,0.8,13,98,COMPLETE
726,726,17831.25,2023-11-15 13:18:39.643708,2023-11-15 13:18:39.771725,0 days 00:00:00.128017,0.8,10,1.5,0.8,6,95,COMPLETE
727,727,18681.25,2023-11-15 13:18:39.772944,2023-11-15 13:18:39.904106,0 days 00:00:00.131162,0.8,10,1.25,0.8,15,99,COMPLETE
728,728,18218.0,2023-11-15 13:18:39.905168,2023-11-15 13:18:40.032732,0 days 00:00:00.127564,0.8,10,1.25,0.8,46,97,COMPLETE
729,729,293.0,2023-11-15 13:18:40.033946,2023-11-15 13:18:40.423901,0 days 00:00:00.389955,0.8,40,1.25,0.8,0,100,COMPLETE
730,730,17093.75,2023-11-15 13:18:40.425607,2023-11-15 13:18:40.570077,0 days 00:00:00.144470,0.7000000000000001,20,1.25,0.7000000000000001,3,95,COMPLETE
731,731,18305.25,2023-11-15 13:18:40.571091,2023-11-15 13:18:40.702767,0 days 00:00:00.131676,0.8,10,1.5,0.8,19,98,COMPLETE
732,732,12508.5,2023-11-15 13:18:40.703775,2023-11-15 13:18:40.837784,0 days 00:00:00.134009,0.8,10,0.5,0.8,11,23,COMPLETE
733,733,16818.75,2023-11-15 13:18:40.838898,2023-11-15 13:18:40.981078,0 days 00:00:00.142180,0.8,40,1.25,0.8,17,96,COMPLETE
734,734,18492.5,2023-11-15 13:18:40.982115,2023-11-15 13:18:41.147649,0 days 00:00:00.165534,0.8,10,1.25,0.8,7,100,COMPLETE
735,735,18207.75,2023-11-15 13:18:41.148644,2023-11-15 13:18:41.278961,0 days 00:00:00.130317,0.8,10,1.25,0.8,9,93,COMPLETE
736,736,18208.75,2023-11-15 13:18:41.280134,2023-11-15 13:18:41.420150,0 days 00:00:00.140016,0.8,10,1.25,0.6,5,98,COMPLETE
737,737,17666.75,2023-11-15 13:18:41.421260,2023-11-15 13:18:41.555554,0 days 00:00:00.134294,0.8,10,1.25,0.30000000000000004,15,97,COMPLETE
738,738,17846.75,2023-11-15 13:18:41.556723,2023-11-15 13:18:41.697251,0 days 00:00:00.140528,0.8,10,1.5,0.8,74,100,COMPLETE
739,739,18023.5,2023-11-15 13:18:41.698365,2023-11-15 13:18:41.839386,0 days 00:00:00.141021,0.8,10,1.25,0.8,13,98,COMPLETE
740,740,15655.75,2023-11-15 13:18:41.840773,2023-11-15 13:18:41.992483,0 days 00:00:00.151710,0.8,10,1.25,0.7000000000000001,19,29,COMPLETE
741,741,14883.0,2023-11-15 13:18:41.993569,2023-11-15 13:18:42.125717,0 days 00:00:00.132148,0.8,10,1.25,0.8,17,34,COMPLETE
742,742,17837.25,2023-11-15 13:18:42.126741,2023-11-15 13:18:42.258930,0 days 00:00:00.132189,0.8,10,1.25,0.8,2,95,COMPLETE
743,743,18681.25,2023-11-15 13:18:42.259941,2023-11-15 13:18:42.383105,0 days 00:00:00.123164,0.8,10,1.25,0.8,12,99,COMPLETE
744,744,18394.5,2023-11-15 13:18:42.384052,2023-11-15 13:18:42.506508,0 days 00:00:00.122456,0.8,10,1.25,0.8,15,96,COMPLETE
745,745,18107.75,2023-11-15 13:18:42.507797,2023-11-15 13:18:42.631150,0 days 00:00:00.123353,0.8,20,1.5,0.8,19,100,COMPLETE
746,746,18303.75,2023-11-15 13:18:42.632230,2023-11-15 13:18:42.756887,0 days 00:00:00.124657,0.7000000000000001,10,1.25,0.8,4,98,COMPLETE
747,747,17655.25,2023-11-15 13:18:42.758082,2023-11-15 13:18:42.886421,0 days 00:00:00.128339,0.8,10,1.25,0.8,9,91,COMPLETE
748,748,18218.0,2023-11-15 13:18:42.887490,2023-11-15 13:18:43.015729,0 days 00:00:00.128239,0.8,10,1.25,0.8,17,97,COMPLETE
749,749,18030.0,2023-11-15 13:18:43.016893,2023-11-15 13:18:43.144762,0 days 00:00:00.127869,0.8,20,1.25,0.8,7,94,COMPLETE
750,750,16638.75,2023-11-15 13:18:43.145785,2023-11-15 13:18:43.271519,0 days 00:00:00.125734,0.8,10,1.5,0.7000000000000001,20,57,COMPLETE
751,751,18681.25,2023-11-15 13:18:43.272531,2023-11-15 13:18:43.395064,0 days 00:00:00.122533,0.8,10,1.25,0.8,11,99,COMPLETE
752,752,18492.5,2023-11-15 13:18:43.396256,2023-11-15 13:18:43.520122,0 days 00:00:00.123866,0.8,10,1.25,0.8,14,100,COMPLETE
753,753,18394.5,2023-11-15 13:18:43.521311,2023-11-15 13:18:43.652377,0 days 00:00:00.131066,0.8,10,1.25,0.8,5,96,COMPLETE
754,754,18023.5,2023-11-15 13:18:43.653329,2023-11-15 13:18:43.782662,0 days 00:00:00.129333,0.8,10,1.25,0.8,18,98,COMPLETE
755,755,17211.25,2023-11-15 13:18:43.783630,2023-11-15 13:18:43.939740,0 days 00:00:00.156110,0.2,10,1.25,0.8,2,100,COMPLETE
756,756,18296.0,2023-11-15 13:18:43.941161,2023-11-15 13:18:44.083783,0 days 00:00:00.142622,0.7000000000000001,10,1.25,0.8,15,97,COMPLETE
757,757,18212.75,2023-11-15 13:18:44.085282,2023-11-15 13:18:44.215746,0 days 00:00:00.130464,0.8,10,1.5,0.8,13,94,COMPLETE
758,758,18023.5,2023-11-15 13:18:44.216761,2023-11-15 13:18:44.347346,0 days 00:00:00.130585,0.8,10,1.25,0.8,9,98,COMPLETE
759,759,18399.0,2023-11-15 13:18:44.348562,2023-11-15 13:18:44.489623,0 days 00:00:00.141061,0.8,10,1.25,0.8,17,100,COMPLETE
760,760,8778.5,2023-11-15 13:18:44.490955,2023-11-15 13:18:44.630532,0 days 00:00:00.139577,0.8,60,1.25,0.8,7,17,COMPLETE
761,761,18301.75,2023-11-15 13:18:44.632022,2023-11-15 13:18:44.789537,0 days 00:00:00.157515,0.8,10,1.25,0.8,20,96,COMPLETE
762,762,18037.5,2023-11-15 13:18:44.792353,2023-11-15 13:18:44.950432,0 days 00:00:00.158079,0.8,10,1.25,0.5,12,98,COMPLETE
763,763,18202.0,2023-11-15 13:18:44.951883,2023-11-15 13:18:45.095978,0 days 00:00:00.144095,0.8,20,1.5,0.8,15,96,COMPLETE
764,764,15769.5,2023-11-15 13:18:45.097357,2023-11-15 13:18:45.248584,0 days 00:00:00.151227,0.4,10,1.25,0.8,4,46,COMPLETE
765,765,18399.0,2023-11-15 13:18:45.249829,2023-11-15 13:18:45.406021,0 days 00:00:00.156192,0.8,10,1.25,0.7000000000000001,18,100,COMPLETE
766,766,18607.25,2023-11-15 13:18:45.407401,2023-11-15 13:18:45.562942,0 days 00:00:00.155541,0.8,10,1.0,0.8,20,92,COMPLETE
767,767,18023.5,2023-11-15 13:18:45.564236,2023-11-15 13:18:45.746924,0 days 00:00:00.182688,0.8,10,1.25,0.8,16,98,COMPLETE
768,768,13755.0,2023-11-15 13:18:45.748338,2023-11-15 13:18:45.954929,0 days 00:00:00.206591,0.8,80,1.25,0.8,10,96,COMPLETE
769,769,199.5,2023-11-15 13:18:45.956139,2023-11-15 13:18:46.368894,0 days 00:00:00.412755,0.8,10,1.5,0.8,0,98,COMPLETE
770,770,18304.75,2023-11-15 13:18:46.370087,2023-11-15 13:18:46.540348,0 days 00:00:00.170261,0.8,10,1.25,0.5,3,100,COMPLETE
771,771,18305.0,2023-11-15 13:18:46.541945,2023-11-15 13:18:46.700844,0 days 00:00:00.158899,0.7000000000000001,10,1.25,0.8,13,94,COMPLETE
772,772,17833.5,2023-11-15 13:18:46.702104,2023-11-15 13:18:46.864989,0 days 00:00:00.162885,0.8,20,1.25,0.7000000000000001,7,98,COMPLETE
773,773,17344.0,2023-11-15 13:18:46.865976,2023-11-15 13:18:46.998461,0 days 00:00:00.132485,0.8,10,1.0,0.8,18,68,COMPLETE
774,774,18492.5,2023-11-15 13:18:46.999533,2023-11-15 13:18:47.133456,0 days 00:00:00.133923,0.8,10,1.25,0.8,15,100,COMPLETE
775,775,18394.5,2023-11-15 13:18:47.134471,2023-11-15 13:18:47.270260,0 days 00:00:00.135789,0.8,10,1.25,0.8,11,96,COMPLETE
776,776,18023.5,2023-11-15 13:18:47.271639,2023-11-15 13:18:47.419311,0 days 00:00:00.147672,0.8,10,1.25,0.8,6,98,COMPLETE
777,777,17837.25,2023-11-15 13:18:47.420466,2023-11-15 13:18:47.561251,0 days 00:00:00.140785,0.8,10,1.25,0.8,17,95,COMPLETE
778,778,18492.5,2023-11-15 13:18:47.562255,2023-11-15 13:18:47.689738,0 days 00:00:00.127483,0.8,10,1.25,0.8,20,100,COMPLETE
779,779,18399.75,2023-11-15 13:18:47.691361,2023-11-15 13:18:47.820004,0 days 00:00:00.128643,0.8,10,1.5,0.8,9,97,COMPLETE
780,780,18681.25,2023-11-15 13:18:47.821063,2023-11-15 13:18:47.952475,0 days 00:00:00.131412,0.8,10,1.25,0.8,13,99,COMPLETE
781,781,18222.5,2023-11-15 13:18:47.953491,2023-11-15 13:18:48.085096,0 days 00:00:00.131605,0.7000000000000001,10,1.0,0.8,4,97,COMPLETE
782,782,18492.5,2023-11-15 13:18:48.086115,2023-11-15 13:18:48.225814,0 days 00:00:00.139699,0.8,10,1.25,0.8,2,100,COMPLETE
783,783,18030.0,2023-11-15 13:18:48.226833,2023-11-15 13:18:48.354539,0 days 00:00:00.127706,0.8,20,1.25,0.7000000000000001,16,94,COMPLETE
784,784,18023.5,2023-11-15 13:18:48.355570,2023-11-15 13:18:48.484311,0 days 00:00:00.128741,0.8,10,1.25,0.8,20,98,COMPLETE
785,785,17295.0,2023-11-15 13:18:48.485477,2023-11-15 13:18:48.623178,0 days 00:00:00.137701,0.8,10,1.5,0.1,13,96,COMPLETE
786,786,18322.0,2023-11-15 13:18:48.624710,2023-11-15 13:18:48.753091,0 days 00:00:00.128381,0.8,10,1.0,0.8,18,99,COMPLETE
787,787,18023.5,2023-11-15 13:18:48.754210,2023-11-15 13:18:48.884840,0 days 00:00:00.130630,0.8,10,1.25,0.8,5,98,COMPLETE
788,788,18492.5,2023-11-15 13:18:48.885846,2023-11-15 13:18:49.014203,0 days 00:00:00.128357,0.8,10,1.25,0.8,15,100,COMPLETE
789,789,17005.25,2023-11-15 13:18:49.015230,2023-11-15 13:18:49.173759,0 days 00:00:00.158529,0.8,20,1.25,0.8,11,95,COMPLETE
790,790,18399.25,2023-11-15 13:18:49.175529,2023-11-15 13:18:49.340154,0 days 00:00:00.164625,0.8,10,1.25,0.8,9,92,COMPLETE
791,791,199.5,2023-11-15 13:18:49.341708,2023-11-15 13:18:49.788690,0 days 00:00:00.446982,0.8,10,1.25,0.8,0,98,COMPLETE
792,792,18301.75,2023-11-15 13:18:49.790036,2023-11-15 13:18:49.918013,0 days 00:00:00.127977,0.8,10,1.25,0.8,21,96,COMPLETE
793,793,18306.5,2023-11-15 13:18:49.919215,2023-11-15 13:18:50.053439,0 days 00:00:00.134224,0.8,10,1.5,0.8,18,100,COMPLETE
794,794,17760.25,2023-11-15 13:18:50.054424,2023-11-15 13:18:50.208402,0 days 00:00:00.153978,0.7000000000000001,10,1.25,0.4,14,97,COMPLETE
795,795,16201.5,2023-11-15 13:18:50.210043,2023-11-15 13:18:50.357425,0 days 00:00:00.147382,0.8,50,1.0,0.8,6,98,COMPLETE
796,796,18397.0,2023-11-15 13:18:50.358806,2023-11-15 13:18:50.488483,0 days 00:00:00.129677,0.8,10,1.25,0.7000000000000001,16,94,COMPLETE
797,797,18305.75,2023-11-15 13:18:50.489812,2023-11-15 13:18:50.620706,0 days 00:00:00.130894,0.8,10,1.5,0.8,8,100,COMPLETE
798,798,18209.0,2023-11-15 13:18:50.621714,2023-11-15 13:18:50.751934,0 days 00:00:00.130220,0.8,10,1.25,0.8,19,89,COMPLETE
799,799,18394.5,2023-11-15 13:18:50.752951,2023-11-15 13:18:50.882562,0 days 00:00:00.129611,0.8,10,1.25,0.8,3,96,COMPLETE
800,800,18023.5,2023-11-15 13:18:50.883530,2023-11-15 13:18:51.016782,0 days 00:00:00.133252,0.8,10,1.25,0.8,11,98,COMPLETE
801,801,18398.25,2023-11-15 13:18:51.017901,2023-11-15 13:18:51.148007,0 days 00:00:00.130106,0.8,10,1.25,0.8,21,100,COMPLETE
802,802,17839.0,2023-11-15 13:18:51.149010,2023-11-15 13:18:51.284461,0 days 00:00:00.135451,0.8,20,1.25,0.8,16,97,COMPLETE
803,803,18322.0,2023-11-15 13:18:51.285609,2023-11-15 13:18:51.425268,0 days 00:00:00.139659,0.8,10,1.0,0.8,14,99,COMPLETE
804,804,17760.0,2023-11-15 13:18:51.426894,2023-11-15 13:18:51.593918,0 days 00:00:00.167024,0.8,10,1.25,0.8,77,93,COMPLETE
805,805,17837.25,2023-11-15 13:18:51.594956,2023-11-15 13:18:51.729829,0 days 00:00:00.134873,0.8,10,1.25,0.8,18,95,COMPLETE
806,806,18305.25,2023-11-15 13:18:51.730896,2023-11-15 13:18:51.864298,0 days 00:00:00.133402,0.8,10,1.5,0.8,2,98,COMPLETE
807,807,18492.5,2023-11-15 13:18:51.865524,2023-11-15 13:18:52.014800,0 days 00:00:00.149276,0.8,10,1.25,0.8,5,100,COMPLETE
808,808,18394.5,2023-11-15 13:18:52.015853,2023-11-15 13:18:52.147303,0 days 00:00:00.131450,0.8,10,1.25,0.8,12,96,COMPLETE
809,809,18121.25,2023-11-15 13:18:52.157554,2023-11-15 13:18:52.405513,0 days 00:00:00.247959,0.7000000000000001,10,1.25,0.7000000000000001,8,98,COMPLETE
810,810,18401.0,2023-11-15 13:18:52.406668,2023-11-15 13:18:52.565965,0 days 00:00:00.159297,0.8,10,1.0,0.8,20,100,COMPLETE
811,811,17839.0,2023-11-15 13:18:52.567013,2023-11-15 13:18:52.698121,0 days 00:00:00.131108,0.8,20,1.25,0.8,16,97,COMPLETE
812,812,17831.25,2023-11-15 13:18:52.699175,2023-11-15 13:18:52.849149,0 days 00:00:00.149974,0.8,10,1.5,0.8,13,95,COMPLETE
813,813,18023.5,2023-11-15 13:18:52.850519,2023-11-15 13:18:52.994739,0 days 00:00:00.144220,0.8,10,1.25,0.8,10,98,COMPLETE
814,814,18399.0,2023-11-15 13:18:52.995921,2023-11-15 13:18:53.132184,0 days 00:00:00.136263,0.8,10,1.25,0.8,17,100,COMPLETE
815,815,17584.75,2023-11-15 13:18:53.133211,2023-11-15 13:18:53.271890,0 days 00:00:00.138679,0.8,10,1.25,0.2,21,96,COMPLETE
816,816,14669.25,2023-11-15 13:18:53.273298,2023-11-15 13:18:53.421976,0 days 00:00:00.148678,0.8,70,1.25,0.6,6,98,COMPLETE
817,817,18210.75,2023-11-15 13:18:53.423128,2023-11-15 13:18:53.555763,0 days 00:00:00.132635,0.6,10,1.5,0.8,14,93,COMPLETE
818,818,18401.0,2023-11-15 13:18:53.556982,2023-11-15 13:18:53.690152,0 days 00:00:00.133170,0.8,10,1.0,0.8,19,100,COMPLETE
819,819,17678.75,2023-11-15 13:18:53.691638,2023-11-15 13:18:53.854199,0 days 00:00:00.162561,0.8,10,1.25,0.8,87,97,COMPLETE
820,820,18681.25,2023-11-15 13:18:53.855398,2023-11-15 13:18:53.992776,0 days 00:00:00.137378,0.8,10,1.25,0.8,4,99,COMPLETE
821,821,100.0,2023-11-15 13:18:53.993805,2023-11-15 13:18:54.387171,0 days 00:00:00.393366,0.5,20,1.25,0.7000000000000001,0,95,COMPLETE
822,822,18296.75,2023-11-15 13:18:54.388356,2023-11-15 13:18:54.532831,0 days 00:00:00.144475,0.7000000000000001,10,1.25,0.8,15,98,COMPLETE
823,823,17840.5,2023-11-15 13:18:54.533887,2023-11-15 13:18:54.679680,0 days 00:00:00.145793,0.8,10,0.25,0.8,10,100,COMPLETE
824,824,17751.25,2023-11-15 13:18:54.681098,2023-11-15 13:18:54.827425,0 days 00:00:00.146327,0.4,10,1.25,0.8,17,97,COMPLETE
825,825,17571.5,2023-11-15 13:18:54.828400,2023-11-15 13:18:54.967210,0 days 00:00:00.138810,0.8,30,1.0,0.8,2,96,COMPLETE
826,826,18681.25,2023-11-15 13:18:54.968470,2023-11-15 13:18:55.097202,0 days 00:00:00.128732,0.8,10,1.25,0.8,12,99,COMPLETE
827,827,16671.75,2023-11-15 13:18:55.098347,2023-11-15 13:18:55.256927,0 days 00:00:00.158580,0.2,10,1.5,0.8,7,100,COMPLETE
828,828,18305.0,2023-11-15 13:18:55.258462,2023-11-15 13:18:55.397800,0 days 00:00:00.139338,0.8,10,1.25,0.7000000000000001,18,94,COMPLETE
829,829,18023.5,2023-11-15 13:18:55.398811,2023-11-15 13:18:55.532027,0 days 00:00:00.133216,0.8,10,1.25,0.8,57,98,COMPLETE
830,830,18301.75,2023-11-15 13:18:55.533512,2023-11-15 13:18:55.662018,0 days 00:00:00.128506,0.8,10,1.25,0.8,21,96,COMPLETE
831,831,18305.25,2023-11-15 13:18:55.663086,2023-11-15 13:18:55.806701,0 days 00:00:00.143615,0.8,10,1.5,0.8,15,98,COMPLETE
832,832,18492.5,2023-11-15 13:18:55.808440,2023-11-15 13:18:55.944498,0 days 00:00:00.136058,0.8,10,1.25,0.8,8,100,COMPLETE
833,833,17828.75,2023-11-15 13:18:55.945539,2023-11-15 13:18:56.091827,0 days 00:00:00.146288,0.7000000000000001,20,1.0,0.8,19,97,COMPLETE
834,834,18486.25,2023-11-15 13:18:56.093477,2023-11-15 13:18:56.246488,0 days 00:00:00.153011,0.8,10,1.25,0.8,5,94,COMPLETE
835,835,18492.5,2023-11-15 13:18:56.247483,2023-11-15 13:18:56.382093,0 days 00:00:00.134610,0.8,10,1.25,0.8,12,100,COMPLETE
836,836,18023.5,2023-11-15 13:18:56.383122,2023-11-15 13:18:56.525462,0 days 00:00:00.142340,0.8,10,1.25,0.8,16,98,COMPLETE
837,837,18218.0,2023-11-15 13:18:56.526779,2023-11-15 13:18:56.665919,0 days 00:00:00.139140,0.8,10,1.25,0.8,3,97,COMPLETE
838,838,17837.25,2023-11-15 13:18:56.667014,2023-11-15 13:18:56.804730,0 days 00:00:00.137716,0.8,10,1.25,0.8,14,95,COMPLETE
839,839,18681.25,2023-11-15 13:18:56.805853,2023-11-15 13:18:56.935815,0 days 00:00:00.129962,0.8,10,1.25,0.8,10,99,COMPLETE
840,840,18024.0,2023-11-15 13:18:56.937021,2023-11-15 13:18:57.064671,0 days 00:00:00.127650,0.8,20,1.0,0.8,21,91,COMPLETE
841,841,18211.75,2023-11-15 13:18:57.065926,2023-11-15 13:18:57.197459,0 days 00:00:00.131533,0.8,10,1.5,0.7000000000000001,17,100,COMPLETE
842,842,18301.75,2023-11-15 13:18:57.198659,2023-11-15 13:18:57.327221,0 days 00:00:00.128562,0.8,10,1.25,0.8,19,96,COMPLETE
843,843,18023.5,2023-11-15 13:18:57.328265,2023-11-15 13:18:57.459955,0 days 00:00:00.131690,0.8,10,1.25,0.8,7,98,COMPLETE
844,844,15647.0,2023-11-15 13:18:57.461082,2023-11-15 13:18:57.595089,0 days 00:00:00.134007,0.8,10,1.25,0.8,13,39,COMPLETE
845,845,18492.5,2023-11-15 13:18:57.596318,2023-11-15 13:18:57.747622,0 days 00:00:00.151304,0.8,10,1.25,0.8,4,100,COMPLETE
846,846,17751.75,2023-11-15 13:18:57.748952,2023-11-15 13:18:57.889025,0 days 00:00:00.140073,0.30000000000000004,10,1.25,0.7000000000000001,1,96,COMPLETE
847,847,13306.0,2023-11-15 13:18:57.890340,2023-11-15 13:18:58.076452,0 days 00:00:00.186112,0.8,90,1.5,0.8,16,98,COMPLETE
848,848,18127.5,2023-11-15 13:18:58.077889,2023-11-15 13:18:58.228687,0 days 00:00:00.150798,0.7000000000000001,10,1.0,0.8,18,93,COMPLETE
849,849,18023.5,2023-11-15 13:18:58.229735,2023-11-15 13:18:58.368164,0 days 00:00:00.138429,0.8,10,1.25,0.8,9,98,COMPLETE
850,850,18398.25,2023-11-15 13:18:58.369189,2023-11-15 13:18:58.508601,0 days 00:00:00.139412,0.8,10,1.25,0.8,21,100,COMPLETE
851,851,17391.25,2023-11-15 13:18:58.509699,2023-11-15 13:18:58.648740,0 days 00:00:00.139041,0.8,10,1.25,0.8,82,95,COMPLETE
852,852,17839.0,2023-11-15 13:18:58.649754,2023-11-15 13:18:58.780161,0 days 00:00:00.130407,0.8,20,1.25,0.8,14,97,COMPLETE
853,853,18400.5,2023-11-15 13:18:58.781309,2023-11-15 13:18:58.911633,0 days 00:00:00.130324,0.8,10,1.5,0.8,11,100,COMPLETE
854,854,18023.5,2023-11-15 13:18:58.912747,2023-11-15 13:18:59.048036,0 days 00:00:00.135289,0.8,10,1.25,0.8,17,98,COMPLETE
855,855,18497.5,2023-11-15 13:18:59.049202,2023-11-15 13:18:59.197557,0 days 00:00:00.148355,0.8,10,1.0,0.8,6,96,COMPLETE
856,856,18211.25,2023-11-15 13:18:59.198757,2023-11-15 13:18:59.346074,0 days 00:00:00.147317,0.7000000000000001,10,1.25,0.8,19,98,COMPLETE
857,857,18492.5,2023-11-15 13:18:59.347177,2023-11-15 13:18:59.484912,0 days 00:00:00.137735,0.8,10,1.25,0.8,14,100,COMPLETE
858,858,18119.75,2023-11-15 13:18:59.490873,2023-11-15 13:18:59.784971,0 days 00:00:00.294098,0.8,10,1.25,0.8,53,94,COMPLETE
859,859,18104.75,2023-11-15 13:18:59.786276,2023-11-15 13:19:00.101042,0 days 00:00:00.314766,0.8,10,1.25,0.4,2,96,COMPLETE
860,860,18022.0,2023-11-15 13:19:00.102097,2023-11-15 13:19:00.238186,0 days 00:00:00.136089,0.8,10,1.0,0.8,12,98,COMPLETE
861,861,18013.5,2023-11-15 13:19:00.239434,2023-11-15 13:19:00.404510,0 days 00:00:00.165076,0.8,20,1.25,0.8,5,100,COMPLETE
