,number,value,datetime_start,datetime_complete,duration,params_alpha,params_decay_interval,params_decay_rate,params_gamma,params_initialization,params_max_steps,state
7184,7184,17927.5,2023-11-15 12:40:08.863322,2023-11-15 12:40:09.494671,0 days 00:00:00.631349,0.8,10,2.75,0.9,22,80,COMPLETE
7185,7185,15630.5,2023-11-15 12:40:09.497325,2023-11-15 12:40:10.150545,0 days 00:00:00.653220,0.8,20,3.0,0.9,19,63,COMPLETE
7186,7186,16923.25,2023-11-15 12:40:10.153294,2023-11-15 12:40:10.830042,0 days 00:00:00.676748,0.8,10,3.0,0.9,14,76,COMPLETE
7187,7187,17917.0,2023-11-15 12:40:10.832609,2023-11-15 12:40:11.473339,0 days 00:00:00.640730,0.8,10,3.0,0.9,21,67,COMPLETE
7188,7188,19260.75,2023-11-15 12:40:11.476404,2023-11-15 12:40:12.112540,0 days 00:00:00.636136,0.9,10,3.0,0.9,18,71,COMPLETE
7189,7189,17644.25,2023-11-15 12:40:12.114813,2023-11-15 12:40:12.754748,0 days 00:00:00.639935,0.8,10,2.75,0.8,23,73,COMPLETE
7190,7190,17115.5,2023-11-15 12:40:12.757167,2023-11-15 12:40:13.401819,0 days 00:00:00.644652,0.8,10,3.0,0.9,16,69,COMPLETE
7191,7191,17631.75,2023-11-15 12:40:13.404672,2023-11-15 12:40:14.096391,0 days 00:00:00.691719,0.8,20,3.0,0.9,19,65,COMPLETE
7192,7192,18121.5,2023-11-15 12:40:14.099023,2023-11-15 12:40:14.893842,0 days 00:00:00.794819,0.8,10,3.0,0.9,12,77,COMPLETE
7193,7193,18215.25,2023-11-15 12:40:14.896731,2023-11-15 12:40:15.690208,0 days 00:00:00.793477,0.8,10,2.75,0.9,25,72,COMPLETE
7194,7194,17549.5,2023-11-15 12:40:15.694236,2023-11-15 12:40:16.401902,0 days 00:00:00.707666,0.7000000000000001,10,3.0,0.9,29,68,COMPLETE
7195,7195,17920.75,2023-11-15 12:40:16.404499,2023-11-15 12:40:17.044922,0 days 00:00:00.640423,0.8,10,3.0,0.9,21,74,COMPLETE
7196,7196,17825.5,2023-11-15 12:40:17.047253,2023-11-15 12:40:17.704707,0 days 00:00:00.657454,0.8,10,3.0,0.9,17,70,COMPLETE
7197,7197,17098.25,2023-11-15 12:40:17.707105,2023-11-15 12:40:18.336741,0 days 00:00:00.629636,0.8,10,2.5,0.9,14,60,COMPLETE
7198,7198,17552.0,2023-11-15 12:40:18.339336,2023-11-15 12:40:18.989467,0 days 00:00:00.650131,0.8,10,2.75,0.9,23,79,COMPLETE
7199,7199,18584.25,2023-11-15 12:40:18.992008,2023-11-15 12:40:19.620565,0 days 00:00:00.628557,0.8,10,3.0,0.9,20,85,COMPLETE
7200,7200,18682.0,2023-11-15 12:40:19.624110,2023-11-15 12:40:20.253588,0 days 00:00:00.629478,0.8,10,2.75,0.9,18,75,COMPLETE
7201,7201,16719.5,2023-11-15 12:40:20.256156,2023-11-15 12:40:20.937967,0 days 00:00:00.681811,0.8,10,3.0,0.9,16,66,COMPLETE
7202,7202,19260.75,2023-11-15 12:40:20.941324,2023-11-15 12:40:21.570351,0 days 00:00:00.629027,0.8,10,3.0,0.8,26,71,COMPLETE
7203,7203,17382.25,2023-11-15 12:40:21.572817,2023-11-15 12:40:22.216650,0 days 00:00:00.643833,0.8,10,2.25,0.9,21,69,COMPLETE
7204,7204,17095.75,2023-11-15 12:40:22.220799,2023-11-15 12:40:22.882626,0 days 00:00:00.661827,0.9,20,3.0,0.9,10,74,COMPLETE
7205,7205,16543.25,2023-11-15 12:40:22.885472,2023-11-15 12:40:23.533059,0 days 00:00:00.647587,0.8,10,3.0,0.9,24,63,COMPLETE
7206,7206,18122.5,2023-11-15 12:40:23.536116,2023-11-15 12:40:24.199526,0 days 00:00:00.663410,0.8,10,3.0,0.9,19,72,COMPLETE
7207,7207,17080.5,2023-11-15 12:40:24.202495,2023-11-15 12:40:24.845638,0 days 00:00:00.643143,0.7000000000000001,10,2.75,0.9,14,66,COMPLETE
7208,7208,18121.5,2023-11-15 12:40:24.847912,2023-11-15 12:40:25.494994,0 days 00:00:00.647082,0.8,10,3.0,0.9,22,77,COMPLETE
7209,7209,15731.25,2023-11-15 12:40:25.497246,2023-11-15 12:40:26.158698,0 days 00:00:00.661452,0.5,40,3.0,0.9,18,69,COMPLETE
7210,7210,18215.25,2023-11-15 12:40:26.161484,2023-11-15 12:40:26.796418,0 days 00:00:00.634934,0.8,10,2.75,0.9,16,72,COMPLETE
7211,7211,13216.75,2023-11-15 12:40:26.798657,2023-11-15 12:40:27.510513,0 days 00:00:00.711856,0.8,70,0.5,0.9,20,75,COMPLETE
7212,7212,17917.0,2023-11-15 12:40:27.512924,2023-11-15 12:40:28.157074,0 days 00:00:00.644150,0.8,10,3.0,0.9,33,67,COMPLETE
7213,7213,19260.75,2023-11-15 12:40:28.159354,2023-11-15 12:40:28.795708,0 days 00:00:00.636354,0.8,10,3.0,0.9,23,71,COMPLETE
7214,7214,16226.0,2023-11-15 12:40:28.798027,2023-11-15 12:40:29.446519,0 days 00:00:00.648492,0.4,10,3.0,0.9,26,64,COMPLETE
7215,7215,15931.75,2023-11-15 12:40:29.448856,2023-11-15 12:40:30.249854,0 days 00:00:00.800998,0.8,20,2.75,0.9,17,78,COMPLETE
7216,7216,17920.75,2023-11-15 12:40:30.253679,2023-11-15 12:40:31.038177,0 days 00:00:00.784498,0.8,10,3.0,0.9,65,74,COMPLETE
7217,7217,17382.5,2023-11-15 12:40:31.040627,2023-11-15 12:40:31.688986,0 days 00:00:00.648359,0.8,10,2.5,0.9,12,69,COMPLETE
7218,7218,17734.75,2023-11-15 12:40:31.691445,2023-11-15 12:40:32.338044,0 days 00:00:00.646599,0.8,10,3.0,0.8,21,82,COMPLETE
7219,7219,17455.75,2023-11-15 12:40:32.341158,2023-11-15 12:40:32.978125,0 days 00:00:00.636967,0.9,10,3.0,0.9,19,67,COMPLETE
7220,7220,18018.75,2023-11-15 12:40:32.980747,2023-11-15 12:40:33.630487,0 days 00:00:00.649740,0.8,10,2.75,0.6,15,72,COMPLETE
7221,7221,18585.0,2023-11-15 12:40:33.633571,2023-11-15 12:40:34.291258,0 days 00:00:00.657687,0.7000000000000001,10,3.0,0.9,24,76,COMPLETE
7222,7222,17825.5,2023-11-15 12:40:34.293744,2023-11-15 12:40:34.938084,0 days 00:00:00.644340,0.8,10,3.0,0.9,18,70,COMPLETE
7223,7223,16630.0,2023-11-15 12:40:34.940414,2023-11-15 12:40:35.587878,0 days 00:00:00.647464,0.8,10,2.75,0.9,22,62,COMPLETE
7224,7224,13154.5,2023-11-15 12:40:35.590201,2023-11-15 12:40:36.269871,0 days 00:00:00.679670,0.8,60,3.0,0.9,20,74,COMPLETE
7225,7225,17079.75,2023-11-15 12:40:36.272941,2023-11-15 12:40:36.926546,0 days 00:00:00.653605,0.8,10,3.0,0.5,14,66,COMPLETE
7226,7226,19260.75,2023-11-15 12:40:36.929073,2023-11-15 12:40:37.585667,0 days 00:00:00.656594,0.8,10,3.0,0.9,30,71,COMPLETE
7227,7227,15899.75,2023-11-15 12:40:37.588068,2023-11-15 12:40:38.245263,0 days 00:00:00.657195,0.8,20,3.0,0.9,17,68,COMPLETE
7228,7228,17552.0,2023-11-15 12:40:38.247555,2023-11-15 12:40:38.885635,0 days 00:00:00.638080,0.8,10,2.75,0.9,28,79,COMPLETE
7229,7229,18682.0,2023-11-15 12:40:38.888042,2023-11-15 12:40:39.524953,0 days 00:00:00.636911,0.8,10,3.0,0.9,23,75,COMPLETE
7230,7230,18306.5,2023-11-15 12:40:39.527361,2023-11-15 12:40:40.168057,0 days 00:00:00.640696,0.8,10,2.0,0.9,20,72,COMPLETE
7231,7231,17654.5,2023-11-15 12:40:40.170679,2023-11-15 12:40:40.842777,0 days 00:00:00.672098,0.8,10,3.0,0.9,16,65,COMPLETE
7232,7232,18109.0,2023-11-15 12:40:40.845201,2023-11-15 12:40:41.502086,0 days 00:00:00.656885,0.9,10,3.0,0.9,7,70,COMPLETE
7233,7233,16345.5,2023-11-15 12:40:41.504739,2023-11-15 12:40:42.155164,0 days 00:00:00.650425,0.6,10,2.75,0.9,97,68,COMPLETE
7234,7234,17051.5,2023-11-15 12:40:42.157840,2023-11-15 12:40:42.803394,0 days 00:00:00.645554,0.8,10,3.0,0.1,25,76,COMPLETE
7235,7235,17188.25,2023-11-15 12:40:42.807009,2023-11-15 12:40:43.452541,0 days 00:00:00.645532,0.8,10,3.0,0.9,18,73,COMPLETE
7236,7236,15655.5,2023-11-15 12:40:43.455249,2023-11-15 12:40:44.143450,0 days 00:00:00.688201,0.8,20,3.0,0.4,13,59,COMPLETE
7237,7237,17737.5,2023-11-15 12:40:44.145810,2023-11-15 12:40:44.893868,0 days 00:00:00.748058,0.7000000000000001,10,2.75,0.8,21,79,COMPLETE
7238,7238,17115.5,2023-11-15 12:40:44.896273,2023-11-15 12:40:45.660502,0 days 00:00:00.764229,0.8,10,3.0,0.9,15,69,COMPLETE
7239,7239,17460.25,2023-11-15 12:40:45.662894,2023-11-15 12:40:46.385977,0 days 00:00:00.723083,0.8,10,2.25,0.9,19,73,COMPLETE
7240,7240,16390.5,2023-11-15 12:40:46.389250,2023-11-15 12:40:47.048828,0 days 00:00:00.659578,0.8,10,3.0,0.30000000000000004,23,64,COMPLETE
7241,7241,199.5,2023-11-15 12:40:47.051856,2023-11-15 12:40:47.838404,0 days 00:00:00.786548,0.30000000000000004,10,2.75,0.9,0,71,COMPLETE
7242,7242,16923.25,2023-11-15 12:40:47.840741,2023-11-15 12:40:48.507872,0 days 00:00:00.667131,0.8,10,3.0,0.9,17,76,COMPLETE
7243,7243,17737.0,2023-11-15 12:40:48.510546,2023-11-15 12:40:49.160754,0 days 00:00:00.650208,0.9,10,3.0,0.7000000000000001,27,67,COMPLETE
7244,7244,17644.25,2023-11-15 12:40:49.163125,2023-11-15 12:40:49.816838,0 days 00:00:00.653713,0.8,10,2.75,0.8,21,73,COMPLETE
7245,7245,16617.75,2023-11-15 12:40:49.820033,2023-11-15 12:40:50.478498,0 days 00:00:00.658465,0.8,20,2.5,0.9,19,69,COMPLETE
7246,7246,16711.25,2023-11-15 12:40:50.480940,2023-11-15 12:40:51.139757,0 days 00:00:00.658817,0.8,10,3.0,0.9,25,62,COMPLETE
7247,7247,17833.0,2023-11-15 12:40:51.142141,2023-11-15 12:40:51.828924,0 days 00:00:00.686783,0.8,10,3.0,0.9,11,80,COMPLETE
7248,7248,17654.5,2023-11-15 12:40:51.831208,2023-11-15 12:40:52.476567,0 days 00:00:00.645359,0.8,10,3.0,0.9,22,65,COMPLETE
7249,7249,19260.75,2023-11-15 12:40:52.479448,2023-11-15 12:40:53.116854,0 days 00:00:00.637406,0.8,10,2.75,0.9,16,71,COMPLETE
7250,7250,18120.0,2023-11-15 12:40:53.119944,2023-11-15 12:40:53.755224,0 days 00:00:00.635280,0.8,10,2.5,0.9,18,77,COMPLETE
7251,7251,17827.5,2023-11-15 12:40:53.758333,2023-11-15 12:40:54.401171,0 days 00:00:00.642838,0.8,10,3.0,0.9,77,74,COMPLETE
7252,7252,15988.5,2023-11-15 12:40:54.403855,2023-11-15 12:40:55.078052,0 days 00:00:00.674197,0.7000000000000001,20,3.0,0.9,24,68,COMPLETE
7253,7253,15929.0,2023-11-15 12:40:55.080889,2023-11-15 12:40:55.745645,0 days 00:00:00.664756,0.8,30,3.0,0.9,14,71,COMPLETE
7254,7254,16719.5,2023-11-15 12:40:55.748100,2023-11-15 12:40:56.394636,0 days 00:00:00.646536,0.8,10,3.0,0.9,51,66,COMPLETE
7255,7255,18682.0,2023-11-15 12:40:56.396899,2023-11-15 12:40:57.040550,0 days 00:00:00.643651,0.8,10,3.0,0.9,20,75,COMPLETE
7256,7256,17115.5,2023-11-15 12:40:57.042819,2023-11-15 12:40:57.683710,0 days 00:00:00.640891,0.8,10,2.75,0.9,22,69,COMPLETE
7257,7257,17188.25,2023-11-15 12:40:57.686788,2023-11-15 12:40:58.352488,0 days 00:00:00.665700,0.8,10,3.0,0.9,16,73,COMPLETE
7258,7258,18305.0,2023-11-15 12:40:58.354941,2023-11-15 12:40:59.017428,0 days 00:00:00.662487,0.9,10,3.0,0.9,18,77,COMPLETE
7259,7259,15672.5,2023-11-15 12:40:59.020351,2023-11-15 12:40:59.711901,0 days 00:00:00.691550,0.8,50,2.75,0.9,20,71,COMPLETE
7260,7260,16719.5,2023-11-15 12:40:59.714628,2023-11-15 12:41:00.513274,0 days 00:00:00.798646,0.8,10,3.0,0.9,59,66,COMPLETE
7261,7261,16626.0,2023-11-15 12:41:00.515667,2023-11-15 12:41:01.212761,0 days 00:00:00.697094,0.8,10,3.0,0.8,14,62,COMPLETE
7262,7262,18307.75,2023-11-15 12:41:01.215059,2023-11-15 12:41:01.846919,0 days 00:00:00.631860,0.8,10,3.0,0.9,23,106,COMPLETE
7263,7263,17111.5,2023-11-15 12:41:01.849566,2023-11-15 12:41:02.512984,0 days 00:00:00.663418,0.7000000000000001,10,2.75,0.9,26,69,COMPLETE
7264,7264,17920.75,2023-11-15 12:41:02.515419,2023-11-15 12:41:03.148010,0 days 00:00:00.632591,0.8,10,3.0,0.9,9,74,COMPLETE
7265,7265,19260.75,2023-11-15 12:41:03.151697,2023-11-15 12:41:03.785230,0 days 00:00:00.633533,0.8,10,3.0,0.9,17,71,COMPLETE
7266,7266,16905.0,2023-11-15 12:41:03.788063,2023-11-15 12:41:04.436941,0 days 00:00:00.648878,0.8,20,2.75,0.9,21,79,COMPLETE
7267,7267,17917.0,2023-11-15 12:41:04.439251,2023-11-15 12:41:05.082020,0 days 00:00:00.642769,0.8,10,3.0,0.9,13,67,COMPLETE
7268,7268,17833.5,2023-11-15 12:41:05.084868,2023-11-15 12:41:05.782172,0 days 00:00:00.697304,0.8,10,3.0,0.9,19,83,COMPLETE
7269,7269,17920.75,2023-11-15 12:41:05.785091,2023-11-15 12:41:06.432394,0 days 00:00:00.647303,0.8,10,3.0,0.9,16,74,COMPLETE
7270,7270,17922.5,2023-11-15 12:41:06.435457,2023-11-15 12:41:07.083701,0 days 00:00:00.648244,0.8,10,2.75,0.8,23,70,COMPLETE
7271,7271,18115.75,2023-11-15 12:41:07.086661,2023-11-15 12:41:07.726035,0 days 00:00:00.639374,0.7000000000000001,10,3.0,0.9,21,65,COMPLETE
7272,7272,17467.75,2023-11-15 12:41:07.728333,2023-11-15 12:41:08.384055,0 days 00:00:00.655722,0.8,10,2.5,0.9,18,76,COMPLETE
7273,7273,17369.5,2023-11-15 12:41:08.386962,2023-11-15 12:41:09.071177,0 days 00:00:00.684215,0.8,10,3.0,0.9,25,73,COMPLETE
7274,7274,16617.75,2023-11-15 12:41:09.073789,2023-11-15 12:41:09.717049,0 days 00:00:00.643260,0.8,20,3.0,0.9,45,69,COMPLETE
7275,7275,18215.25,2023-11-15 12:41:09.720225,2023-11-15 12:41:10.379723,0 days 00:00:00.659498,0.8,10,2.75,0.9,19,72,COMPLETE
7276,7276,16545.75,2023-11-15 12:41:10.382161,2023-11-15 12:41:11.045698,0 days 00:00:00.663537,0.9,10,3.0,0.9,12,63,COMPLETE
7277,7277,17453.0,2023-11-15 12:41:11.048024,2023-11-15 12:41:11.699818,0 days 00:00:00.651794,0.8,10,3.0,0.9,15,78,COMPLETE
7278,7278,17917.0,2023-11-15 12:41:11.703390,2023-11-15 12:41:12.385742,0 days 00:00:00.682352,0.8,10,3.0,0.9,22,67,COMPLETE
7279,7279,18682.0,2023-11-15 12:41:12.388336,2023-11-15 12:41:13.032775,0 days 00:00:00.644439,0.8,10,2.75,0.9,27,75,COMPLETE
7280,7280,18113.75,2023-11-15 12:41:13.035938,2023-11-15 12:41:13.685545,0 days 00:00:00.649607,0.8,10,3.0,0.9,20,97,COMPLETE
7281,7281,19260.75,2023-11-15 12:41:13.688444,2023-11-15 12:41:14.351331,0 days 00:00:00.662887,0.8,10,3.0,0.9,24,71,COMPLETE
7282,7282,17549.75,2023-11-15 12:41:14.354741,2023-11-15 12:41:15.132729,0 days 00:00:00.777988,0.8,10,2.5,0.9,16,68,COMPLETE
7283,7283,17188.25,2023-11-15 12:41:15.136116,2023-11-15 12:41:15.980516,0 days 00:00:00.844400,0.8,10,3.0,0.9,39,73,COMPLETE
7284,7284,17461.25,2023-11-15 12:41:15.983591,2023-11-15 12:41:16.648564,0 days 00:00:00.664973,0.8,10,3.0,0.9,18,60,COMPLETE
7285,7285,17632.0,2023-11-15 12:41:16.651749,2023-11-15 12:41:17.303997,0 days 00:00:00.652248,0.9,20,2.25,0.9,21,65,COMPLETE
7286,7286,18027.0,2023-11-15 12:41:17.306643,2023-11-15 12:41:17.945085,0 days 00:00:00.638442,0.8,10,2.75,0.8,15,77,COMPLETE
7287,7287,17825.5,2023-11-15 12:41:17.947788,2023-11-15 12:41:18.603443,0 days 00:00:00.655655,0.8,10,3.0,0.9,18,70,COMPLETE
7288,7288,10151.25,2023-11-15 12:41:18.605764,2023-11-15 12:41:19.281619,0 days 00:00:00.675855,0.8,10,3.0,0.9,23,17,COMPLETE
7289,7289,17833.0,2023-11-15 12:41:19.285547,2023-11-15 12:41:19.933849,0 days 00:00:00.648302,0.8,10,3.0,0.9,31,80,COMPLETE
7290,7290,17549.5,2023-11-15 12:41:19.936616,2023-11-15 12:41:20.586217,0 days 00:00:00.649601,0.7000000000000001,10,2.75,0.9,20,68,COMPLETE
7291,7291,17369.5,2023-11-15 12:41:20.589105,2023-11-15 12:41:21.230291,0 days 00:00:00.641186,0.8,10,3.0,0.9,68,73,COMPLETE
7292,7292,16923.25,2023-11-15 12:41:21.232722,2023-11-15 12:41:21.896148,0 days 00:00:00.663426,0.8,10,3.0,0.9,28,76,COMPLETE
7293,7293,19260.75,2023-11-15 12:41:21.898931,2023-11-15 12:41:22.552704,0 days 00:00:00.653773,0.8,10,3.0,0.9,17,71,COMPLETE
7294,7294,16091.75,2023-11-15 12:41:22.554975,2023-11-15 12:41:23.201297,0 days 00:00:00.646322,0.8,20,2.75,0.9,24,66,COMPLETE
7295,7295,17115.5,2023-11-15 12:41:23.203854,2023-11-15 12:41:23.850997,0 days 00:00:00.647143,0.8,10,3.0,0.9,13,69,COMPLETE
7296,7296,17920.75,2023-11-15 12:41:23.853693,2023-11-15 12:41:24.500901,0 days 00:00:00.647208,0.8,10,3.0,0.9,21,74,COMPLETE
7297,7297,16477.25,2023-11-15 12:41:24.503454,2023-11-15 12:41:25.165084,0 days 00:00:00.661630,0.5,10,2.75,0.8,19,64,COMPLETE
7298,7298,19260.75,2023-11-15 12:41:25.167860,2023-11-15 12:41:25.817002,0 days 00:00:00.649142,0.8,10,3.0,0.9,16,71,COMPLETE
7299,7299,17642.5,2023-11-15 12:41:25.820097,2023-11-15 12:41:26.471049,0 days 00:00:00.650952,0.8,10,3.0,0.9,26,82,COMPLETE
7300,7300,17016.25,2023-11-15 12:41:26.473426,2023-11-15 12:41:27.127292,0 days 00:00:00.653866,0.8,10,3.0,0.9,23,76,COMPLETE
7301,7301,17547.25,2023-11-15 12:41:27.129674,2023-11-15 12:41:27.768100,0 days 00:00:00.638426,0.8,10,2.75,0.9,14,68,COMPLETE
7302,7302,17369.5,2023-11-15 12:41:27.772041,2023-11-15 12:41:28.426104,0 days 00:00:00.654063,0.8,10,3.0,0.9,42,73,COMPLETE
7303,7303,18392.25,2023-11-15 12:41:28.428715,2023-11-15 12:41:29.098786,0 days 00:00:00.670071,0.9,20,2.25,0.9,19,71,COMPLETE
7304,7304,16543.25,2023-11-15 12:41:29.101917,2023-11-15 12:41:29.798509,0 days 00:00:00.696592,0.8,10,3.0,0.9,22,63,COMPLETE
7305,7305,17917.0,2023-11-15 12:41:29.801729,2023-11-15 12:41:30.583635,0 days 00:00:00.781906,0.8,10,3.0,0.9,17,67,COMPLETE
7306,7306,17545.25,2023-11-15 12:41:30.586802,2023-11-15 12:41:31.337162,0 days 00:00:00.750360,0.8,10,2.75,0.9,11,78,COMPLETE
7307,7307,12551.75,2023-11-15 12:41:31.339558,2023-11-15 12:41:32.013222,0 days 00:00:00.673664,0.8,100,3.0,0.8,21,75,COMPLETE
7308,7308,17826.25,2023-11-15 12:41:32.015592,2023-11-15 12:41:32.691852,0 days 00:00:00.676260,0.8,10,2.5,0.9,25,70,COMPLETE
7309,7309,18872.25,2023-11-15 12:41:32.694128,2023-11-15 12:41:33.331130,0 days 00:00:00.637002,0.7000000000000001,10,3.0,0.9,19,73,COMPLETE
7310,7310,12338.5,2023-11-15 12:41:33.334868,2023-11-15 12:41:33.997342,0 days 00:00:00.662474,0.8,90,3.0,0.9,16,68,COMPLETE
7311,7311,17649.5,2023-11-15 12:41:33.999831,2023-11-15 12:41:34.644659,0 days 00:00:00.644828,0.9,10,3.0,0.9,21,65,COMPLETE
7312,7312,18215.25,2023-11-15 12:41:34.646977,2023-11-15 12:41:35.284902,0 days 00:00:00.637925,0.8,10,2.75,0.9,18,72,COMPLETE
7313,7313,18121.5,2023-11-15 12:41:35.287821,2023-11-15 12:41:35.954253,0 days 00:00:00.666432,0.8,10,3.0,0.9,15,77,COMPLETE
7314,7314,17115.5,2023-11-15 12:41:35.956599,2023-11-15 12:41:36.599279,0 days 00:00:00.642680,0.8,10,2.75,0.9,24,69,COMPLETE
7315,7315,12710.5,2023-11-15 12:41:36.602114,2023-11-15 12:41:37.284934,0 days 00:00:00.682820,0.7000000000000001,70,3.0,0.9,13,74,COMPLETE
7316,7316,17371.25,2023-11-15 12:41:37.287919,2023-11-15 12:41:37.943096,0 days 00:00:00.655177,0.8,10,3.0,0.9,63,60,COMPLETE
7317,7317,16719.5,2023-11-15 12:41:37.946002,2023-11-15 12:41:38.609717,0 days 00:00:00.663715,0.8,10,3.0,0.9,20,66,COMPLETE
7318,7318,16827.5,2023-11-15 12:41:38.612701,2023-11-15 12:41:39.291074,0 days 00:00:00.678373,0.8,20,3.0,0.9,17,80,COMPLETE
7319,7319,17825.5,2023-11-15 12:41:39.293386,2023-11-15 12:41:39.946530,0 days 00:00:00.653144,0.8,10,2.75,0.9,22,70,COMPLETE
7320,7320,15641.5,2023-11-15 12:41:39.948821,2023-11-15 12:41:40.626382,0 days 00:00:00.677561,0.8,10,0.25,0.9,29,75,COMPLETE
7321,7321,18493.25,2023-11-15 12:41:40.629015,2023-11-15 12:41:41.284378,0 days 00:00:00.655363,0.8,10,2.5,0.9,19,72,COMPLETE
7322,7322,12825.25,2023-11-15 12:41:41.286931,2023-11-15 12:41:41.968799,0 days 00:00:00.681868,0.9,50,3.0,0.9,26,56,COMPLETE
7323,7323,17642.25,2023-11-15 12:41:41.971258,2023-11-15 12:41:42.616245,0 days 00:00:00.644987,0.8,10,3.0,0.8,23,68,COMPLETE
7324,7324,16543.25,2023-11-15 12:41:42.619279,2023-11-15 12:41:43.310866,0 days 00:00:00.691587,0.8,10,3.0,0.9,17,63,COMPLETE
7325,7325,19260.75,2023-11-15 12:41:43.313707,2023-11-15 12:41:43.955056,0 days 00:00:00.641349,0.8,10,2.75,0.9,15,71,COMPLETE
7326,7326,17185.5,2023-11-15 12:41:43.957578,2023-11-15 12:41:44.638108,0 days 00:00:00.680530,0.8,20,3.0,0.9,20,77,COMPLETE
7327,7327,16719.5,2023-11-15 12:41:44.641269,2023-11-15 12:41:45.430371,0 days 00:00:00.789102,0.8,10,3.0,0.9,11,66,COMPLETE
7328,7328,17920.75,2023-11-15 12:41:45.433200,2023-11-15 12:41:46.212742,0 days 00:00:00.779542,0.8,10,3.0,0.9,22,74,COMPLETE
7329,7329,17378.0,2023-11-15 12:41:46.215008,2023-11-15 12:41:46.898755,0 days 00:00:00.683747,0.8,10,2.75,0.30000000000000004,18,70,COMPLETE
7330,7330,18872.25,2023-11-15 12:41:46.901651,2023-11-15 12:41:47.541585,0 days 00:00:00.639934,0.7000000000000001,10,3.0,0.9,14,73,COMPLETE
7331,7331,17917.0,2023-11-15 12:41:47.543973,2023-11-15 12:41:48.186106,0 days 00:00:00.642133,0.8,10,3.0,0.9,24,67,COMPLETE
7332,7332,17369.25,2023-11-15 12:41:48.188746,2023-11-15 12:41:48.836740,0 days 00:00:00.647994,0.8,10,3.0,0.9,21,79,COMPLETE
7333,7333,18392.25,2023-11-15 12:41:48.840014,2023-11-15 12:41:49.474088,0 days 00:00:00.634074,0.8,20,2.0,0.8,17,70,COMPLETE
7334,7334,18682.0,2023-11-15 12:41:49.477029,2023-11-15 12:41:50.153109,0 days 00:00:00.676080,0.8,10,2.75,0.9,19,75,COMPLETE
7335,7335,16757.5,2023-11-15 12:41:50.155538,2023-11-15 12:41:50.795107,0 days 00:00:00.639569,0.8,10,1.0,0.7000000000000001,26,62,COMPLETE
7336,7336,19260.75,2023-11-15 12:41:50.797547,2023-11-15 12:41:51.446964,0 days 00:00:00.649417,0.8,10,3.0,0.9,9,71,COMPLETE
7337,7337,17654.5,2023-11-15 12:41:51.449307,2023-11-15 12:41:52.107259,0 days 00:00:00.657952,0.8,10,3.0,0.9,15,65,COMPLETE
7338,7338,17547.25,2023-11-15 12:41:52.109595,2023-11-15 12:41:52.748831,0 days 00:00:00.639236,0.8,10,2.75,0.9,22,68,COMPLETE
7339,7339,16642.5,2023-11-15 12:41:52.752018,2023-11-15 12:41:53.435914,0 days 00:00:00.683896,0.9,10,3.0,0.9,20,73,COMPLETE
7340,7340,17644.0,2023-11-15 12:41:53.438537,2023-11-15 12:41:54.087968,0 days 00:00:00.649431,0.8,10,3.0,0.9,17,82,COMPLETE
7341,7341,17842.25,2023-11-15 12:41:54.090937,2023-11-15 12:41:54.744939,0 days 00:00:00.654002,0.7000000000000001,10,3.0,0.9,13,77,COMPLETE
7342,7342,14555.5,2023-11-15 12:41:54.748193,2023-11-15 12:41:55.424779,0 days 00:00:00.676586,0.8,40,2.5,0.9,25,69,COMPLETE
7343,7343,17369.5,2023-11-15 12:41:55.427220,2023-11-15 12:41:56.083497,0 days 00:00:00.656277,0.8,10,2.75,0.9,19,73,COMPLETE
7344,7344,17654.5,2023-11-15 12:41:56.086437,2023-11-15 12:41:56.776877,0 days 00:00:00.690440,0.8,10,3.0,0.9,23,65,COMPLETE
7345,7345,16923.25,2023-11-15 12:41:56.779213,2023-11-15 12:41:57.444650,0 days 00:00:00.665437,0.8,10,3.0,0.9,21,76,COMPLETE
7346,7346,17825.5,2023-11-15 12:41:57.447014,2023-11-15 12:41:58.093021,0 days 00:00:00.646007,0.8,10,3.0,0.9,16,70,COMPLETE
7347,7347,17642.25,2023-11-15 12:41:58.095610,2023-11-15 12:41:58.752428,0 days 00:00:00.656818,0.8,10,3.0,0.8,18,68,COMPLETE
7348,7348,18395.0,2023-11-15 12:41:58.754763,2023-11-15 12:41:59.418728,0 days 00:00:00.663965,0.8,20,2.75,0.6,27,72,COMPLETE
7349,7349,18682.0,2023-11-15 12:41:59.421170,2023-11-15 12:42:00.213476,0 days 00:00:00.792306,0.8,10,3.0,0.9,24,75,COMPLETE
7350,7350,17917.0,2023-11-15 12:42:00.217171,2023-11-15 12:42:00.913885,0 days 00:00:00.696714,0.8,10,3.0,0.9,20,67,COMPLETE
7351,7351,17927.5,2023-11-15 12:42:00.916324,2023-11-15 12:42:01.566201,0 days 00:00:00.649877,0.8,10,2.75,0.9,15,80,COMPLETE
7352,7352,18122.5,2023-11-15 12:42:01.569124,2023-11-15 12:42:02.219328,0 days 00:00:00.650204,0.8,10,3.0,0.9,22,72,COMPLETE
7353,7353,16386.25,2023-11-15 12:42:02.222232,2023-11-15 12:42:02.879665,0 days 00:00:00.657433,0.6,10,3.0,0.9,12,63,COMPLETE
7354,7354,18019.25,2023-11-15 12:42:02.881997,2023-11-15 12:42:03.577696,0 days 00:00:00.695699,0.9,10,3.0,0.9,18,128,COMPLETE
