,number,value,datetime_start,datetime_complete,duration,params_alpha,params_decay_interval,params_decay_rate,params_gamma,params_initialization,params_max_steps,state
5264,5264,18788.25,2023-11-15 11:06:44.241232,2023-11-15 11:06:44.719409,0 days 00:00:00.478177,0.30000000000000004,10,0.75,0.9,2,144,COMPLETE
5265,5265,19163.5,2023-11-15 11:06:44.722149,2023-11-15 11:06:45.198022,0 days 00:00:00.475873,0.2,10,1.25,0.9,3,150,COMPLETE
5266,5266,8661.25,2023-11-15 11:06:45.199873,2023-11-15 11:06:45.867894,0 days 00:00:00.668021,0.1,10,1.0,0.8,92,142,COMPLETE
5267,5267,19029.5,2023-11-15 11:06:45.870501,2023-11-15 11:06:46.471072,0 days 00:00:00.600571,0.2,10,0.25,0.9,31,145,COMPLETE
5268,5268,18389.25,2023-11-15 11:06:46.474095,2023-11-15 11:06:47.065315,0 days 00:00:00.591220,0.2,20,0.75,0.9,6,136,COMPLETE
5269,5269,19261.0,2023-11-15 11:06:47.067318,2023-11-15 11:06:47.584629,0 days 00:00:00.517311,0.2,10,0.75,0.9,0,147,COMPLETE
5270,5270,16347.25,2023-11-15 11:06:47.588524,2023-11-15 11:06:48.087718,0 days 00:00:00.499194,0.2,10,0.75,0.4,2,141,COMPLETE
5271,5271,19132.0,2023-11-15 11:06:48.089779,2023-11-15 11:06:48.562408,0 days 00:00:00.472629,0.1,10,1.0,0.9,4,150,COMPLETE
5272,5272,19264.25,2023-11-15 11:06:48.564843,2023-11-15 11:06:49.042673,0 days 00:00:00.477830,0.2,10,0.5,0.9,11,145,COMPLETE
5273,5273,19161.25,2023-11-15 11:06:49.044587,2023-11-15 11:06:49.554099,0 days 00:00:00.509512,0.2,10,2.0,0.7000000000000001,0,139,COMPLETE
5274,5274,19261.0,2023-11-15 11:06:49.556433,2023-11-15 11:06:50.031813,0 days 00:00:00.475380,0.1,10,0.75,0.9,8,147,COMPLETE
5275,5275,18992.75,2023-11-15 11:06:50.033649,2023-11-15 11:06:50.523795,0 days 00:00:00.490146,0.2,10,0.75,0.9,2,143,COMPLETE
5276,5276,14254.5,2023-11-15 11:06:50.525675,2023-11-15 11:06:51.044669,0 days 00:00:00.518994,0.2,30,0.75,0.30000000000000004,5,147,COMPLETE
5277,5277,18394.75,2023-11-15 11:06:51.046502,2023-11-15 11:06:51.543333,0 days 00:00:00.496831,0.2,20,0.75,0.9,0,143,COMPLETE
5278,5278,19163.5,2023-11-15 11:06:51.545161,2023-11-15 11:06:52.025045,0 days 00:00:00.479884,0.30000000000000004,10,1.25,0.9,3,150,COMPLETE
5279,5279,12105.0,2023-11-15 11:06:52.027636,2023-11-15 11:06:52.514333,0 days 00:00:00.486697,0.2,10,0.75,0.5,2,46,COMPLETE
5280,5280,18964.5,2023-11-15 11:06:52.516240,2023-11-15 11:06:53.016358,0 days 00:00:00.500118,0.1,10,1.0,0.9,6,140,COMPLETE
5281,5281,19161.25,2023-11-15 11:06:53.018304,2023-11-15 11:06:53.509995,0 days 00:00:00.491691,0.2,10,0.75,0.9,0,131,COMPLETE
5282,5282,18897.75,2023-11-15 11:06:53.512614,2023-11-15 11:06:54.005451,0 days 00:00:00.492837,0.2,10,0.75,0.8,4,145,COMPLETE
5283,5283,19201.25,2023-11-15 11:06:54.007408,2023-11-15 11:06:54.489627,0 days 00:00:00.482219,0.2,10,0.75,0.9,2,148,COMPLETE
5284,5284,15149.0,2023-11-15 11:06:54.491515,2023-11-15 11:06:55.044517,0 days 00:00:00.553002,0.8,10,0.5,0.9,54,144,COMPLETE
5285,5285,19066.5,2023-11-15 11:06:55.046702,2023-11-15 11:06:55.529603,0 days 00:00:00.482901,0.2,10,1.25,0.9,0,138,COMPLETE
5286,5286,17552.0,2023-11-15 11:06:55.531574,2023-11-15 11:06:56.021366,0 days 00:00:00.489792,0.1,20,0.75,0.9,4,103,COMPLETE
5287,5287,19000.75,2023-11-15 11:06:56.023774,2023-11-15 11:06:56.509083,0 days 00:00:00.485309,0.2,10,1.0,0.9,72,147,COMPLETE
5288,5288,18973.0,2023-11-15 11:06:56.510995,2023-11-15 11:06:57.010310,0 days 00:00:00.499315,0.2,10,0.75,0.9,2,141,COMPLETE
5289,5289,12984.0,2023-11-15 11:06:57.012368,2023-11-15 11:06:57.546635,0 days 00:00:00.534267,0.1,10,0.75,0.6,61,150,COMPLETE
5290,5290,18974.5,2023-11-15 11:06:57.548513,2023-11-15 11:06:58.038845,0 days 00:00:00.490332,0.2,10,0.75,0.8,7,145,COMPLETE
5291,5291,18857.5,2023-11-15 11:06:58.040968,2023-11-15 11:06:58.538069,0 days 00:00:00.497101,0.2,10,0.25,0.9,0,136,COMPLETE
5292,5292,18992.75,2023-11-15 11:06:58.540108,2023-11-15 11:06:59.033024,0 days 00:00:00.492916,0.2,10,0.75,0.9,5,143,COMPLETE
5293,5293,19261.0,2023-11-15 11:06:59.035266,2023-11-15 11:06:59.507952,0 days 00:00:00.472686,0.4,10,0.75,0.9,2,147,COMPLETE
5294,5294,13951.75,2023-11-15 11:06:59.509837,2023-11-15 11:07:00.033462,0 days 00:00:00.523625,0.30000000000000004,10,1.0,0.9,86,141,COMPLETE
5295,5295,19072.25,2023-11-15 11:07:00.035581,2023-11-15 11:07:00.549310,0 days 00:00:00.513729,0.1,10,1.5,0.9,4,145,COMPLETE
5296,5296,17276.5,2023-11-15 11:07:00.551254,2023-11-15 11:07:01.098930,0 days 00:00:00.547676,0.2,10,0.75,0.9,77,150,COMPLETE
5297,5297,16814.25,2023-11-15 11:07:01.101079,2023-11-15 11:07:01.729469,0 days 00:00:00.628390,0.2,40,0.75,0.8,0,139,COMPLETE
5298,5298,18828.5,2023-11-15 11:07:01.732219,2023-11-15 11:07:02.305961,0 days 00:00:00.573742,0.2,10,0.5,0.9,2,143,COMPLETE
5299,5299,17743.25,2023-11-15 11:07:02.308396,2023-11-15 11:07:02.798586,0 days 00:00:00.490190,0.2,20,0.75,0.9,9,114,COMPLETE
5300,5300,19261.0,2023-11-15 11:07:02.801282,2023-11-15 11:07:03.273959,0 days 00:00:00.472677,0.1,10,0.75,0.9,3,147,COMPLETE
5301,5301,19328.25,2023-11-15 11:07:03.276606,2023-11-15 11:07:03.770523,0 days 00:00:00.493917,0.2,10,1.0,0.9,6,145,COMPLETE
5302,5302,19271.0,2023-11-15 11:07:03.773201,2023-11-15 11:07:04.301213,0 days 00:00:00.528012,0.2,10,0.75,0.9,0,148,COMPLETE
5303,5303,19261.0,2023-11-15 11:07:04.303928,2023-11-15 11:07:04.778758,0 days 00:00:00.474830,0.2,10,1.25,0.9,2,142,COMPLETE
5304,5304,14940.0,2023-11-15 11:07:04.780696,2023-11-15 11:07:05.286349,0 days 00:00:00.505653,0.2,60,0.75,0.7000000000000001,36,138,COMPLETE
5305,5305,19028.0,2023-11-15 11:07:05.288551,2023-11-15 11:07:05.775043,0 days 00:00:00.486492,0.30000000000000004,10,0.75,0.9,4,150,COMPLETE
5306,5306,19359.75,2023-11-15 11:07:05.776995,2023-11-15 11:07:06.252943,0 days 00:00:00.475948,0.1,10,0.75,0.6,0,145,COMPLETE
5307,5307,19043.0,2023-11-15 11:07:06.255384,2023-11-15 11:07:06.742913,0 days 00:00:00.487529,0.2,10,0.75,0.8,2,142,COMPLETE
5308,5308,18704.5,2023-11-15 11:07:06.745125,2023-11-15 11:07:07.239604,0 days 00:00:00.494479,0.2,10,0.75,0.9,7,133,COMPLETE
5309,5309,18518.25,2023-11-15 11:07:07.241563,2023-11-15 11:07:07.734376,0 days 00:00:00.492813,0.1,20,1.0,0.9,5,147,COMPLETE
5310,5310,19261.0,2023-11-15 11:07:07.736628,2023-11-15 11:07:08.212647,0 days 00:00:00.476019,0.2,10,0.75,0.9,0,143,COMPLETE
5311,5311,17209.25,2023-11-15 11:07:08.214550,2023-11-15 11:07:08.698100,0 days 00:00:00.483550,0.2,10,0.5,0.9,2,41,COMPLETE
5312,5312,19066.75,2023-11-15 11:07:08.700078,2023-11-15 11:07:09.174080,0 days 00:00:00.474002,0.7000000000000001,10,1.25,0.9,4,147,COMPLETE
5313,5313,19066.25,2023-11-15 11:07:09.176727,2023-11-15 11:07:09.658721,0 days 00:00:00.481994,0.2,10,0.75,0.8,2,140,COMPLETE
5314,5314,19359.75,2023-11-15 11:07:09.660618,2023-11-15 11:07:10.144522,0 days 00:00:00.483904,0.1,10,0.75,0.30000000000000004,0,145,COMPLETE
5315,5315,7960.75,2023-11-15 11:07:10.146368,2023-11-15 11:07:10.742088,0 days 00:00:00.595720,0.2,10,1.0,0.4,8,150,COMPLETE
5316,5316,18795.0,2023-11-15 11:07:10.744128,2023-11-15 11:07:11.268287,0 days 00:00:00.524159,0.2,10,0.25,0.9,4,143,COMPLETE
5317,5317,18981.0,2023-11-15 11:07:11.271081,2023-11-15 11:07:11.760069,0 days 00:00:00.488988,0.2,10,0.75,0.9,2,138,COMPLETE
5318,5318,19261.0,2023-11-15 11:07:11.762153,2023-11-15 11:07:12.250529,0 days 00:00:00.488376,0.1,10,0.75,0.9,0,147,COMPLETE
5319,5319,18493.25,2023-11-15 11:07:12.253595,2023-11-15 11:07:12.735932,0 days 00:00:00.482337,0.30000000000000004,20,0.75,0.9,6,145,COMPLETE
5320,5320,18785.5,2023-11-15 11:07:12.738485,2023-11-15 11:07:13.231228,0 days 00:00:00.492743,0.2,10,0.75,0.9,10,150,COMPLETE
5321,5321,18973.0,2023-11-15 11:07:13.233121,2023-11-15 11:07:13.713808,0 days 00:00:00.480687,0.2,10,0.75,0.9,3,141,COMPLETE
5322,5322,19172.25,2023-11-15 11:07:13.716243,2023-11-15 11:07:14.203198,0 days 00:00:00.486955,0.2,10,1.0,0.9,0,147,COMPLETE
5323,5323,18613.5,2023-11-15 11:07:14.205552,2023-11-15 11:07:14.703759,0 days 00:00:00.498207,0.2,10,0.75,0.8,2,95,COMPLETE
5324,5324,19261.0,2023-11-15 11:07:14.707343,2023-11-15 11:07:15.189723,0 days 00:00:00.482380,0.1,10,1.25,0.9,5,143,COMPLETE
5325,5325,18871.5,2023-11-15 11:07:15.191708,2023-11-15 11:07:15.675866,0 days 00:00:00.484158,0.2,10,0.75,0.9,4,135,COMPLETE
5326,5326,19261.0,2023-11-15 11:07:15.678261,2023-11-15 11:07:16.218075,0 days 00:00:00.539814,0.2,10,0.5,0.9,0,140,COMPLETE
5327,5327,19261.0,2023-11-15 11:07:16.222808,2023-11-15 11:07:16.798432,0 days 00:00:00.575624,0.2,10,0.75,0.9,2,147,COMPLETE
5328,5328,11914.0,2023-11-15 11:07:16.800357,2023-11-15 11:07:17.351805,0 days 00:00:00.551448,0.2,10,0.75,0.1,7,144,COMPLETE
5329,5329,14117.5,2023-11-15 11:07:17.354525,2023-11-15 11:07:17.884067,0 days 00:00:00.529542,0.30000000000000004,80,0.75,0.5,2,150,COMPLETE
5330,5330,18422.75,2023-11-15 11:07:17.887310,2023-11-15 11:07:18.404129,0 days 00:00:00.516819,0.1,20,0.75,0.9,4,145,COMPLETE
5331,5331,19161.25,2023-11-15 11:07:18.406119,2023-11-15 11:07:18.894864,0 days 00:00:00.488745,0.5,10,1.25,0.6,0,138,COMPLETE
5332,5332,19163.75,2023-11-15 11:07:18.896750,2023-11-15 11:07:19.380640,0 days 00:00:00.483890,0.2,10,1.0,0.7000000000000001,6,147,COMPLETE
5333,5333,18973.0,2023-11-15 11:07:19.382716,2023-11-15 11:07:19.864612,0 days 00:00:00.481896,0.4,10,0.75,0.9,2,141,COMPLETE
5334,5334,19261.0,2023-11-15 11:07:19.867187,2023-11-15 11:07:20.357417,0 days 00:00:00.490230,0.2,10,0.75,0.9,0,144,COMPLETE
5335,5335,15004.5,2023-11-15 11:07:20.359335,2023-11-15 11:07:20.877794,0 days 00:00:00.518459,0.2,10,0.75,0.2,4,148,COMPLETE
5336,5336,19132.0,2023-11-15 11:07:20.879882,2023-11-15 11:07:21.353787,0 days 00:00:00.473905,0.1,10,1.0,0.9,2,150,COMPLETE
5337,5337,19261.0,2023-11-15 11:07:21.356031,2023-11-15 11:07:21.888281,0 days 00:00:00.532250,0.2,10,0.75,0.9,0,142,COMPLETE
5338,5338,19265.0,2023-11-15 11:07:21.890594,2023-11-15 11:07:22.373435,0 days 00:00:00.482841,0.2,10,0.5,0.9,4,145,COMPLETE
5339,5339,18102.75,2023-11-15 11:07:22.375379,2023-11-15 11:07:22.862895,0 days 00:00:00.487516,0.2,20,0.75,0.8,8,137,COMPLETE
5340,5340,19261.0,2023-11-15 11:07:22.864912,2023-11-15 11:07:23.343256,0 days 00:00:00.478344,0.2,10,0.75,0.9,2,147,COMPLETE
5341,5341,18856.0,2023-11-15 11:07:23.345277,2023-11-15 11:07:23.829617,0 days 00:00:00.484340,0.1,10,0.75,0.9,5,141,COMPLETE
5342,5342,19172.25,2023-11-15 11:07:23.831683,2023-11-15 11:07:24.312722,0 days 00:00:00.481039,0.2,10,1.0,0.9,0,144,COMPLETE
5343,5343,19111.25,2023-11-15 11:07:24.314820,2023-11-15 11:07:24.830605,0 days 00:00:00.515785,0.2,10,0.75,0.9,3,150,COMPLETE
5344,5344,18210.25,2023-11-15 11:07:24.832555,2023-11-15 11:07:25.350271,0 days 00:00:00.517716,0.2,10,1.25,0.9,66,147,COMPLETE
5345,5345,19261.0,2023-11-15 11:07:25.352805,2023-11-15 11:07:25.833006,0 days 00:00:00.480201,0.1,10,0.5,0.9,2,140,COMPLETE
5346,5346,18846.25,2023-11-15 11:07:25.835192,2023-11-15 11:07:26.323508,0 days 00:00:00.488316,0.30000000000000004,10,0.75,0.8,6,143,COMPLETE
5347,5347,19261.0,2023-11-15 11:07:26.325408,2023-11-15 11:07:26.811230,0 days 00:00:00.485822,0.2,10,0.75,0.9,0,147,COMPLETE
5348,5348,16509.25,2023-11-15 11:07:26.813213,2023-11-15 11:07:27.323912,0 days 00:00:00.510699,0.2,50,0.25,0.9,11,145,COMPLETE
5349,5349,0.0,2023-11-15 11:07:27.325804,2023-11-15 11:07:27.795655,0 days 00:00:00.469851,0.1,70,0.75,0.5,3,3,COMPLETE
5350,5350,19064.75,2023-11-15 11:07:27.797588,2023-11-15 11:07:28.282298,0 days 00:00:00.484710,0.2,10,0.75,0.9,0,139,COMPLETE
5351,5351,19101.75,2023-11-15 11:07:28.284374,2023-11-15 11:07:28.793790,0 days 00:00:00.509416,0.30000000000000004,10,1.0,0.9,5,150,COMPLETE
5352,5352,16854.0,2023-11-15 11:07:28.795959,2023-11-15 11:07:29.301647,0 days 00:00:00.505688,0.2,10,0.75,0.4,2,143,COMPLETE
5353,5353,18079.0,2023-11-15 11:07:29.304223,2023-11-15 11:07:29.798513,0 days 00:00:00.494290,0.2,10,0.75,0.9,8,136,COMPLETE
5354,5354,19350.75,2023-11-15 11:07:29.800446,2023-11-15 11:07:30.292282,0 days 00:00:00.491836,0.1,10,0.75,0.9,4,145,COMPLETE
5355,5355,18554.5,2023-11-15 11:07:30.294178,2023-11-15 11:07:30.875527,0 days 00:00:00.581349,0.2,20,0.75,0.9,0,147,COMPLETE
5356,5356,18785.25,2023-11-15 11:07:30.877765,2023-11-15 11:07:31.478608,0 days 00:00:00.600843,0.2,10,1.25,0.9,2,141,COMPLETE
5357,5357,19359.75,2023-11-15 11:07:31.480889,2023-11-15 11:07:32.026488,0 days 00:00:00.545599,0.2,10,1.0,0.9,6,148,COMPLETE
5358,5358,18949.0,2023-11-15 11:07:32.028361,2023-11-15 11:07:32.535658,0 days 00:00:00.507297,0.2,10,0.75,0.8,2,143,COMPLETE
5359,5359,19261.0,2023-11-15 11:07:32.538544,2023-11-15 11:07:33.028319,0 days 00:00:00.489775,0.1,10,0.5,0.9,0,150,COMPLETE
5360,5360,18786.25,2023-11-15 11:07:33.030804,2023-11-15 11:07:33.523284,0 days 00:00:00.492480,0.2,10,0.75,0.7000000000000001,4,145,COMPLETE
5361,5361,11455.25,2023-11-15 11:07:33.525976,2023-11-15 11:07:34.012933,0 days 00:00:00.486957,0.2,100,0.75,0.9,2,32,COMPLETE
5362,5362,18351.25,2023-11-15 11:07:34.014893,2023-11-15 11:07:34.505798,0 days 00:00:00.490905,0.2,20,0.75,0.9,0,139,COMPLETE
5363,5363,19261.0,2023-11-15 11:07:34.507765,2023-11-15 11:07:34.985277,0 days 00:00:00.477512,0.30000000000000004,10,0.75,0.9,6,147,COMPLETE
5364,5364,18800.0,2023-11-15 11:07:34.987758,2023-11-15 11:07:35.477247,0 days 00:00:00.489489,0.1,10,0.25,0.9,4,142,COMPLETE
5365,5365,19067.0,2023-11-15 11:07:35.479226,2023-11-15 11:07:35.993710,0 days 00:00:00.514484,0.2,10,0.75,0.9,2,134,COMPLETE
5366,5366,18972.25,2023-11-15 11:07:35.995916,2023-11-15 11:07:36.489090,0 days 00:00:00.493174,0.2,10,1.25,0.9,8,145,COMPLETE
5367,5367,19359.75,2023-11-15 11:07:36.491602,2023-11-15 11:07:36.981864,0 days 00:00:00.490262,0.2,10,0.75,0.8,0,148,COMPLETE
5368,5368,19182.75,2023-11-15 11:07:36.983946,2023-11-15 11:07:37.469812,0 days 00:00:00.485866,0.1,10,1.0,0.9,3,142,COMPLETE
5369,5369,19068.0,2023-11-15 11:07:37.472050,2023-11-15 11:07:37.959880,0 days 00:00:00.487830,0.2,10,0.75,0.9,14,145,COMPLETE
5370,5370,19082.5,2023-11-15 11:07:37.961841,2023-11-15 11:07:38.447840,0 days 00:00:00.485999,0.2,10,0.75,0.9,2,150,COMPLETE
5371,5371,8839.0,2023-11-15 11:07:38.449789,2023-11-15 11:07:39.020948,0 days 00:00:00.571159,0.2,10,1.5,0.9,43,128,COMPLETE
5372,5372,16442.0,2023-11-15 11:07:39.022977,2023-11-15 11:07:39.554977,0 days 00:00:00.532000,0.2,20,0.75,0.30000000000000004,5,140,COMPLETE
5373,5373,19261.0,2023-11-15 11:07:39.556877,2023-11-15 11:07:40.039594,0 days 00:00:00.482717,0.1,10,1.0,0.6,0,147,COMPLETE
5374,5374,18992.75,2023-11-15 11:07:40.041835,2023-11-15 11:07:40.535884,0 days 00:00:00.494049,0.30000000000000004,10,0.75,0.9,10,143,COMPLETE
5375,5375,18831.0,2023-11-15 11:07:40.538414,2023-11-15 11:07:41.022497,0 days 00:00:00.484083,0.2,10,0.5,0.9,4,137,COMPLETE
5376,5376,19261.0,2023-11-15 11:07:41.024410,2023-11-15 11:07:41.509772,0 days 00:00:00.485362,0.2,10,0.75,0.8,2,147,COMPLETE
5377,5377,19163.75,2023-11-15 11:07:41.511759,2023-11-15 11:07:42.004587,0 days 00:00:00.492828,0.2,10,0.75,0.9,0,150,COMPLETE
5378,5378,10453.25,2023-11-15 11:07:42.006505,2023-11-15 11:07:42.569775,0 days 00:00:00.563270,0.2,10,1.0,0.5,6,144,COMPLETE
5379,5379,19261.0,2023-11-15 11:07:42.572267,2023-11-15 11:07:43.110069,0 days 00:00:00.537802,0.1,10,0.75,0.9,2,140,COMPLETE
5380,5380,14327.0,2023-11-15 11:07:43.112059,2023-11-15 11:07:43.656855,0 days 00:00:00.544796,0.6,10,0.75,0.9,4,120,COMPLETE
5381,5381,18398.5,2023-11-15 11:07:43.658847,2023-11-15 11:07:44.158648,0 days 00:00:00.499801,0.2,20,1.25,0.9,0,145,COMPLETE
5382,5382,19261.0,2023-11-15 11:07:44.160576,2023-11-15 11:07:44.644113,0 days 00:00:00.483537,0.2,10,0.75,0.9,7,147,COMPLETE
5383,5383,17666.0,2023-11-15 11:07:44.646124,2023-11-15 11:07:45.144012,0 days 00:00:00.497888,0.2,30,0.75,0.9,2,142,COMPLETE
5384,5384,18985.25,2023-11-15 11:07:45.146000,2023-11-15 11:07:45.704798,0 days 00:00:00.558798,0.1,10,0.75,0.9,4,138,COMPLETE
5385,5385,19359.75,2023-11-15 11:07:45.707200,2023-11-15 11:07:46.300011,0 days 00:00:00.592811,0.2,10,0.5,0.1,0,148,COMPLETE
5386,5386,18992.75,2023-11-15 11:07:46.304552,2023-11-15 11:07:46.884130,0 days 00:00:00.579578,0.2,10,0.75,0.9,2,143,COMPLETE
5387,5387,17415.75,2023-11-15 11:07:46.886391,2023-11-15 11:07:47.385054,0 days 00:00:00.498663,0.2,20,1.0,0.9,19,145,COMPLETE
5388,5388,9797.75,2023-11-15 11:07:47.387723,2023-11-15 11:07:47.965345,0 days 00:00:00.577622,0.5,10,1.25,0.6,4,150,COMPLETE
5389,5389,19261.0,2023-11-15 11:07:47.967242,2023-11-15 11:07:48.461210,0 days 00:00:00.493968,0.1,10,0.75,0.8,0,141,COMPLETE
5390,5390,18952.5,2023-11-15 11:07:48.463365,2023-11-15 11:07:48.963293,0 days 00:00:00.499928,0.2,10,0.75,0.7000000000000001,6,147,COMPLETE
5391,5391,16281.25,2023-11-15 11:07:48.965240,2023-11-15 11:07:49.472756,0 days 00:00:00.507516,0.30000000000000004,40,0.75,0.9,2,144,COMPLETE
5392,5392,18992.0,2023-11-15 11:07:49.475695,2023-11-15 11:07:49.983917,0 days 00:00:00.508222,0.2,10,1.0,0.9,8,87,COMPLETE
5393,5393,12621.5,2023-11-15 11:07:49.986031,2023-11-15 11:07:50.546763,0 days 00:00:00.560732,0.2,10,0.75,0.4,3,136,COMPLETE
5394,5394,19261.0,2023-11-15 11:07:50.548719,2023-11-15 11:07:51.044439,0 days 00:00:00.495720,0.1,10,0.5,0.9,0,140,COMPLETE
5395,5395,19082.5,2023-11-15 11:07:51.046518,2023-11-15 11:07:51.533161,0 days 00:00:00.486643,0.2,10,0.75,0.9,2,150,COMPLETE
5396,5396,19359.75,2023-11-15 11:07:51.535198,2023-11-15 11:07:52.023713,0 days 00:00:00.488515,0.2,10,0.75,0.9,5,145,COMPLETE
5397,5397,19241.25,2023-11-15 11:07:52.025608,2023-11-15 11:07:52.514257,0 days 00:00:00.488649,0.4,10,0.75,0.8,0,147,COMPLETE
5398,5398,18308.75,2023-11-15 11:07:52.516576,2023-11-15 11:07:53.022363,0 days 00:00:00.505787,0.2,10,0.25,0.9,3,142,COMPLETE
5399,5399,19350.75,2023-11-15 11:07:53.024437,2023-11-15 11:07:53.522684,0 days 00:00:00.498247,0.1,10,0.75,0.9,6,145,COMPLETE
5400,5400,19161.25,2023-11-15 11:07:53.524586,2023-11-15 11:07:54.039800,0 days 00:00:00.515214,0.2,10,1.0,0.9,2,139,COMPLETE
5401,5401,19271.0,2023-11-15 11:07:54.042458,2023-11-15 11:07:54.530107,0 days 00:00:00.487649,0.2,10,0.75,0.9,0,148,COMPLETE
5402,5402,18680.5,2023-11-15 11:07:54.532010,2023-11-15 11:07:55.026778,0 days 00:00:00.494768,0.2,10,1.75,0.9,9,142,COMPLETE
5403,5403,19110.25,2023-11-15 11:07:55.028672,2023-11-15 11:07:55.510368,0 days 00:00:00.481696,0.1,10,0.75,0.9,4,150,COMPLETE
5404,5404,18292.0,2023-11-15 11:07:55.512276,2023-11-15 11:07:56.001444,0 days 00:00:00.489168,0.2,10,1.25,0.9,2,52,COMPLETE
5405,5405,19359.75,2023-11-15 11:07:56.004081,2023-11-15 11:07:56.492775,0 days 00:00:00.488694,0.2,10,0.75,0.8,0,145,COMPLETE
5406,5406,17674.75,2023-11-15 11:07:56.494646,2023-11-15 11:07:57.013003,0 days 00:00:00.518357,0.30000000000000004,20,0.75,0.9,4,147,COMPLETE
5407,5407,18828.5,2023-11-15 11:07:57.015321,2023-11-15 11:07:57.532683,0 days 00:00:00.517362,0.2,10,0.5,0.9,2,143,COMPLETE
5408,5408,19161.25,2023-11-15 11:07:57.534585,2023-11-15 11:07:58.015787,0 days 00:00:00.481202,0.2,10,1.0,0.9,6,138,COMPLETE
5409,5409,19162.0,2023-11-15 11:07:58.017708,2023-11-15 11:07:58.508855,0 days 00:00:00.491147,0.1,10,0.75,0.9,0,132,COMPLETE
5410,5410,19261.0,2023-11-15 11:07:58.510849,2023-11-15 11:07:58.996680,0 days 00:00:00.485831,0.2,10,0.75,0.9,4,147,COMPLETE
5411,5411,19082.5,2023-11-15 11:07:58.998563,2023-11-15 11:07:59.492119,0 days 00:00:00.493556,0.2,10,0.75,0.9,2,150,COMPLETE
5412,5412,18394.75,2023-11-15 11:07:59.494003,2023-11-15 11:07:59.990342,0 days 00:00:00.496339,0.2,20,0.75,0.9,0,142,COMPLETE
5413,5413,18778.5,2023-11-15 11:07:59.992405,2023-11-15 11:08:00.575068,0 days 00:00:00.582663,0.1,10,1.5,0.8,7,145,COMPLETE
5414,5414,11623.0,2023-11-15 11:08:00.577211,2023-11-15 11:08:01.241575,0 days 00:00:00.664364,0.2,10,0.75,0.5,4,140,COMPLETE
5415,5415,19261.0,2023-11-15 11:08:01.245223,2023-11-15 11:08:01.815903,0 days 00:00:00.570680,0.2,10,0.75,0.7000000000000001,2,147,COMPLETE
5416,5416,19261.0,2023-11-15 11:08:01.818207,2023-11-15 11:08:02.306857,0 days 00:00:00.488650,0.2,10,1.25,0.9,0,143,COMPLETE
5417,5417,18607.5,2023-11-15 11:08:02.308911,2023-11-15 11:08:02.797365,0 days 00:00:00.488454,0.1,10,1.0,0.9,2,136,COMPLETE
5418,5418,19069.0,2023-11-15 11:08:02.799269,2023-11-15 11:08:03.291727,0 days 00:00:00.492458,0.2,10,0.5,0.9,5,150,COMPLETE
5419,5419,15249.25,2023-11-15 11:08:03.293784,2023-11-15 11:08:03.812008,0 days 00:00:00.518224,0.2,20,0.75,0.30000000000000004,2,145,COMPLETE
5420,5420,18920.5,2023-11-15 11:08:03.813966,2023-11-15 11:08:04.307279,0 days 00:00:00.493313,0.30000000000000004,10,0.75,0.9,39,141,COMPLETE
5421,5421,19173.0,2023-11-15 11:08:04.309283,2023-11-15 11:08:04.838326,0 days 00:00:00.529043,0.2,10,0.75,0.9,9,148,COMPLETE
5422,5422,19237.25,2023-11-15 11:08:04.840314,2023-11-15 11:08:05.343983,0 days 00:00:00.503669,0.2,10,0.25,0.9,0,145,COMPLETE
5423,5423,14927.25,2023-11-15 11:08:05.345928,2023-11-15 11:08:05.880487,0 days 00:00:00.534559,0.1,10,0.75,0.6,4,140,COMPLETE
5424,5424,19014.75,2023-11-15 11:08:05.882488,2023-11-15 11:08:06.375271,0 days 00:00:00.492783,0.2,10,1.0,0.9,6,147,COMPLETE
5425,5425,18900.5,2023-11-15 11:08:06.377258,2023-11-15 11:08:06.877503,0 days 00:00:00.500245,0.2,10,0.75,0.9,28,143,COMPLETE
5426,5426,16290.0,2023-11-15 11:08:06.879562,2023-11-15 11:08:07.385509,0 days 00:00:00.505947,0.30000000000000004,50,0.75,0.9,2,150,COMPLETE
5427,5427,19359.75,2023-11-15 11:08:07.387987,2023-11-15 11:08:07.877391,0 days 00:00:00.489404,0.2,10,1.25,0.8,0,145,COMPLETE
5428,5428,10424.75,2023-11-15 11:08:07.879302,2023-11-15 11:08:08.460403,0 days 00:00:00.581101,0.1,10,0.75,0.2,4,137,COMPLETE
5429,5429,13563.5,2023-11-15 11:08:08.462459,2023-11-15 11:08:08.997582,0 days 00:00:00.535123,0.2,90,0.5,0.5,2,143,COMPLETE
5430,5430,15879.25,2023-11-15 11:08:09.000411,2023-11-15 11:08:09.506617,0 days 00:00:00.506206,0.2,60,0.75,0.9,7,147,COMPLETE
5431,5431,19163.5,2023-11-15 11:08:09.508698,2023-11-15 11:08:10.006387,0 days 00:00:00.497689,0.2,10,1.0,0.9,11,140,COMPLETE
5432,5432,18584.75,2023-11-15 11:08:10.008262,2023-11-15 11:08:10.493164,0 days 00:00:00.484902,0.1,20,0.75,0.9,0,147,COMPLETE
