,number,value,datetime_start,datetime_complete,duration,params_alpha,params_decay_interval,params_decay_rate,params_gamma,params_initialization,params_max_steps,state
9822,9822,18492.5,2023-11-15 14:35:06.813000,2023-11-15 14:35:07.713918,0 days 00:00:00.900918,0.8,10,1.25,0.8,15,100,COMPLETE
9823,9823,18023.5,2023-11-15 14:35:07.717778,2023-11-15 14:35:08.596039,0 days 00:00:00.878261,0.8,10,1.25,0.8,10,98,COMPLETE
9824,9824,18022.25,2023-11-15 14:35:08.598949,2023-11-15 14:35:09.563873,0 days 00:00:00.964924,0.8,10,1.25,0.6,21,96,COMPLETE
9825,9825,18398.5,2023-11-15 14:35:09.567289,2023-11-15 14:35:10.489898,0 days 00:00:00.922609,0.8,10,1.5,0.8,18,98,COMPLETE
9826,9826,12479.5,2023-11-15 14:35:10.493256,2023-11-15 14:35:11.377723,0 days 00:00:00.884467,0.8,100,1.75,0.8,13,100,COMPLETE
9827,9827,18323.25,2023-11-15 14:35:11.380582,2023-11-15 14:35:12.229166,0 days 00:00:00.848584,0.8,10,1.0,0.8,16,97,COMPLETE
9828,9828,17644.75,2023-11-15 14:35:12.232074,2023-11-15 14:35:13.087600,0 days 00:00:00.855526,0.8,20,2.0,0.8,20,89,COMPLETE
9829,9829,18402.0,2023-11-15 14:35:13.090850,2023-11-15 14:35:13.939831,0 days 00:00:00.848981,0.7000000000000001,10,1.25,0.7000000000000001,3,100,COMPLETE
9830,9830,18207.75,2023-11-15 14:35:13.943336,2023-11-15 14:35:14.821053,0 days 00:00:00.877717,0.8,10,1.25,0.8,25,93,COMPLETE
9831,9831,18023.5,2023-11-15 14:35:14.824018,2023-11-15 14:35:15.679569,0 days 00:00:00.855551,0.8,10,1.25,0.8,6,98,COMPLETE
9832,9832,16720.0,2023-11-15 14:35:15.682374,2023-11-15 14:35:16.553673,0 days 00:00:00.871299,0.8,40,1.25,0.8,11,95,COMPLETE
9833,9833,18217.25,2023-11-15 14:35:16.557459,2023-11-15 14:35:17.432431,0 days 00:00:00.874972,0.8,10,1.25,0.9,9,97,COMPLETE
9834,9834,18120.75,2023-11-15 14:35:17.435439,2023-11-15 14:35:18.366903,0 days 00:00:00.931464,0.9,10,1.5,0.8,14,99,COMPLETE
9835,9835,18394.5,2023-11-15 14:35:18.370018,2023-11-15 14:35:19.227422,0 days 00:00:00.857404,0.8,10,1.25,0.8,17,96,COMPLETE
9836,9836,16827.75,2023-11-15 14:35:19.231126,2023-11-15 14:35:20.106037,0 days 00:00:00.874911,0.8,30,1.25,0.8,83,100,COMPLETE
9837,9837,13306.0,2023-11-15 14:35:20.109460,2023-11-15 14:35:21.002566,0 days 00:00:00.893106,0.8,90,1.25,0.8,22,98,COMPLETE
9838,9838,18013.5,2023-11-15 14:35:21.005342,2023-11-15 14:35:21.863174,0 days 00:00:00.857832,0.8,20,1.25,0.7000000000000001,19,100,COMPLETE
9839,9839,17837.25,2023-11-15 14:35:21.866223,2023-11-15 14:35:22.772124,0 days 00:00:00.905901,0.8,10,1.25,0.8,4,95,COMPLETE
9840,9840,17934.75,2023-11-15 14:35:22.775472,2023-11-15 14:35:23.677961,0 days 00:00:00.902489,0.7000000000000001,10,0.75,0.8,12,98,COMPLETE
9841,9841,18323.25,2023-11-15 14:35:23.681251,2023-11-15 14:35:24.649558,0 days 00:00:00.968307,0.8,10,1.0,0.8,15,97,COMPLETE
9842,9842,18305.75,2023-11-15 14:35:24.652542,2023-11-15 14:35:25.511934,0 days 00:00:00.859392,0.8,10,1.5,0.8,8,100,COMPLETE
9843,9843,18486.25,2023-11-15 14:35:25.514813,2023-11-15 14:35:26.387555,0 days 00:00:00.872742,0.8,10,1.25,0.8,1,94,COMPLETE
9844,9844,17573.75,2023-11-15 14:35:26.391104,2023-11-15 14:35:27.252732,0 days 00:00:00.861628,0.8,10,1.25,0.2,17,98,COMPLETE
9845,9845,18396.0,2023-11-15 14:35:27.256101,2023-11-15 14:35:28.119955,0 days 00:00:00.863854,0.8,10,1.25,0.9,21,96,COMPLETE
9846,9846,18493.0,2023-11-15 14:35:28.122873,2023-11-15 14:35:28.998995,0 days 00:00:00.876122,0.9,10,1.25,0.8,19,99,COMPLETE
9847,9847,18396.25,2023-11-15 14:35:29.001901,2023-11-15 14:35:29.871332,0 days 00:00:00.869431,0.8,10,1.5,0.8,6,92,COMPLETE
9848,9848,18401.0,2023-11-15 14:35:29.879942,2023-11-15 14:35:30.763472,0 days 00:00:00.883530,0.8,10,1.0,0.8,14,100,COMPLETE
9849,9849,18218.0,2023-11-15 14:35:30.766479,2023-11-15 14:35:31.618207,0 days 00:00:00.851728,0.8,10,1.25,0.8,10,97,COMPLETE
9850,9850,17034.0,2023-11-15 14:35:31.621744,2023-11-15 14:35:32.496445,0 days 00:00:00.874701,0.6,20,1.25,0.8,65,98,COMPLETE
9851,9851,17833.0,2023-11-15 14:35:32.499268,2023-11-15 14:35:33.372837,0 days 00:00:00.873569,0.8,10,2.25,0.7000000000000001,23,95,COMPLETE
9852,9852,18399.0,2023-11-15 14:35:33.377845,2023-11-15 14:35:34.238481,0 days 00:00:00.860636,0.8,10,1.25,0.8,17,100,COMPLETE
9853,9853,18024.0,2023-11-15 14:35:34.241947,2023-11-15 14:35:35.109466,0 days 00:00:00.867519,0.7000000000000001,10,1.25,0.8,12,96,COMPLETE
9854,9854,18587.75,2023-11-15 14:35:35.112442,2023-11-15 14:35:35.961479,0 days 00:00:00.849037,0.8,10,1.25,0.9,4,99,COMPLETE
9855,9855,18029.5,2023-11-15 14:35:35.964349,2023-11-15 14:35:36.855769,0 days 00:00:00.891420,0.8,10,1.5,0.8,48,98,COMPLETE
9856,9856,18109.0,2023-11-15 14:35:36.864705,2023-11-15 14:35:37.721647,0 days 00:00:00.856942,0.9,20,1.25,0.8,15,96,COMPLETE
9857,9857,18401.0,2023-11-15 14:35:37.725909,2023-11-15 14:35:38.724414,0 days 00:00:00.998505,0.8,10,1.0,0.8,19,100,COMPLETE
9858,9858,18396.25,2023-11-15 14:35:38.728020,2023-11-15 14:35:39.699651,0 days 00:00:00.971631,0.8,10,1.25,0.5,2,94,COMPLETE
9859,9859,15424.25,2023-11-15 14:35:39.702483,2023-11-15 14:35:40.613404,0 days 00:00:00.910921,0.8,60,1.25,0.8,44,98,COMPLETE
9860,9860,14339.0,2023-11-15 14:35:40.616329,2023-11-15 14:35:41.486013,0 days 00:00:00.869684,0.8,10,1.75,0.1,7,36,COMPLETE
9861,9861,17763.5,2023-11-15 14:35:41.489840,2023-11-15 14:35:42.355385,0 days 00:00:00.865545,0.8,10,1.25,0.30000000000000004,16,97,COMPLETE
9862,9862,18398.0,2023-11-15 14:35:42.358417,2023-11-15 14:35:43.233187,0 days 00:00:00.874770,0.8,10,2.0,0.8,13,100,COMPLETE
9863,9863,18212.75,2023-11-15 14:35:43.235993,2023-11-15 14:35:44.129976,0 days 00:00:00.893983,0.8,10,1.5,0.8,28,98,COMPLETE
9864,9864,17654.5,2023-11-15 14:35:44.132963,2023-11-15 14:35:45.022963,0 days 00:00:00.890000,0.5,10,1.25,0.8,20,96,COMPLETE
9865,9865,18212.25,2023-11-15 14:35:45.026922,2023-11-15 14:35:45.897433,0 days 00:00:00.870511,0.8,10,1.25,0.7000000000000001,10,100,COMPLETE
9866,9866,15236.25,2023-11-15 14:35:45.900480,2023-11-15 14:35:46.746034,0 days 00:00:00.845554,0.8,10,1.25,0.9,5,27,COMPLETE
9867,9867,18023.5,2023-11-15 14:35:46.749019,2023-11-15 14:35:47.644587,0 days 00:00:00.895568,0.8,10,1.25,0.8,24,98,COMPLETE
9868,9868,17840.25,2023-11-15 14:35:47.647451,2023-11-15 14:35:48.516668,0 days 00:00:00.869217,0.7000000000000001,10,1.0,0.8,17,94,COMPLETE
9869,9869,199.5,2023-11-15 14:35:48.519498,2023-11-15 14:35:49.655442,0 days 00:00:01.135944,0.8,10,1.25,0.8,0,96,COMPLETE
9870,9870,17459.75,2023-11-15 14:35:49.670485,2023-11-15 14:35:50.686134,0 days 00:00:01.015649,0.8,20,1.0,0.8,8,81,COMPLETE
9871,9871,18492.5,2023-11-15 14:35:50.688968,2023-11-15 14:35:51.547025,0 days 00:00:00.858057,0.8,10,1.25,0.8,14,100,COMPLETE
9872,9872,18029.5,2023-11-15 14:35:51.550164,2023-11-15 14:35:52.432602,0 days 00:00:00.882438,0.8,10,1.5,0.8,61,98,COMPLETE
9873,9873,18209.5,2023-11-15 14:35:52.435754,2023-11-15 14:35:53.362336,0 days 00:00:00.926582,0.9,10,1.25,0.8,21,98,COMPLETE
9874,9874,18399.25,2023-11-15 14:35:53.365899,2023-11-15 14:35:54.342809,0 days 00:00:00.976910,0.8,10,1.25,0.8,18,92,COMPLETE
9875,9875,18394.5,2023-11-15 14:35:54.346210,2023-11-15 14:35:55.204155,0 days 00:00:00.857945,0.8,10,1.25,0.8,11,96,COMPLETE
9876,9876,18212.25,2023-11-15 14:35:55.207040,2023-11-15 14:35:56.076697,0 days 00:00:00.869657,0.8,10,1.25,0.7000000000000001,16,100,COMPLETE
9877,9877,18200.5,2023-11-15 14:35:56.080591,2023-11-15 14:35:56.954349,0 days 00:00:00.873758,0.7000000000000001,10,1.25,0.9,3,98,COMPLETE
9878,9878,18030.0,2023-11-15 14:35:56.957340,2023-11-15 14:35:57.833467,0 days 00:00:00.876127,0.8,20,1.25,0.8,19,94,COMPLETE
9879,9879,18492.5,2023-11-15 14:35:57.836315,2023-11-15 14:35:58.693696,0 days 00:00:00.857381,0.8,10,1.25,0.8,12,100,COMPLETE
9880,9880,18214.5,2023-11-15 14:35:58.696927,2023-11-15 14:35:59.545779,0 days 00:00:00.848852,0.8,10,1.5,0.8,26,97,COMPLETE
9881,9881,18211.5,2023-11-15 14:35:59.548879,2023-11-15 14:36:00.421040,0 days 00:00:00.872161,0.8,10,2.5,0.8,6,98,COMPLETE
9882,9882,18112.5,2023-11-15 14:36:00.424200,2023-11-15 14:36:01.324742,0 days 00:00:00.900542,0.8,10,1.25,0.8,15,95,COMPLETE
9883,9883,18458.5,2023-11-15 14:36:01.328285,2023-11-15 14:36:02.192421,0 days 00:00:00.864136,0.8,10,1.0,0.8,22,100,COMPLETE
9884,9884,18394.5,2023-11-15 14:36:02.196125,2023-11-15 14:36:03.053735,0 days 00:00:00.857610,0.8,10,1.25,0.8,17,96,COMPLETE
9885,9885,18307.0,2023-11-15 14:36:03.056638,2023-11-15 14:36:03.915372,0 days 00:00:00.858734,0.8,10,1.25,0.8,9,90,COMPLETE
9886,9886,17753.5,2023-11-15 14:36:03.918193,2023-11-15 14:36:04.865917,0 days 00:00:00.947724,0.30000000000000004,10,1.5,0.9,13,98,COMPLETE
9887,9887,17827.5,2023-11-15 14:36:04.868734,2023-11-15 14:36:05.734149,0 days 00:00:00.865415,0.9,20,1.25,0.8,4,99,COMPLETE
9888,9888,18323.25,2023-11-15 14:36:05.737016,2023-11-15 14:36:06.596811,0 days 00:00:00.859795,0.8,10,1.0,0.8,19,97,COMPLETE
9889,9889,18492.5,2023-11-15 14:36:06.600067,2023-11-15 14:36:07.619036,0 days 00:00:01.018969,0.8,10,1.25,0.8,8,100,COMPLETE
9890,9890,17837.5,2023-11-15 14:36:07.622183,2023-11-15 14:36:08.795276,0 days 00:00:01.173093,0.7000000000000001,10,1.25,0.8,2,95,COMPLETE
9891,9891,18023.5,2023-11-15 14:36:08.799224,2023-11-15 14:36:09.790062,0 days 00:00:00.990838,0.8,10,1.25,0.8,15,98,COMPLETE
9892,9892,18300.0,2023-11-15 14:36:09.793389,2023-11-15 14:36:10.686733,0 days 00:00:00.893344,0.8,10,1.5,0.8,23,93,COMPLETE
9893,9893,18218.0,2023-11-15 14:36:10.691270,2023-11-15 14:36:11.568764,0 days 00:00:00.877494,0.8,10,1.25,0.9,12,100,COMPLETE
9894,9894,18304.75,2023-11-15 14:36:11.571620,2023-11-15 14:36:12.460274,0 days 00:00:00.888654,0.8,10,1.75,0.6,20,96,COMPLETE
9895,9895,18209.5,2023-11-15 14:36:12.463122,2023-11-15 14:36:13.370293,0 days 00:00:00.907171,0.8,10,1.25,0.7000000000000001,5,98,COMPLETE
9896,9896,18361.0,2023-11-15 14:36:13.373799,2023-11-15 14:36:14.228465,0 days 00:00:00.854666,0.9,10,1.0,0.8,18,100,COMPLETE
9897,9897,18218.0,2023-11-15 14:36:14.232071,2023-11-15 14:36:15.093091,0 days 00:00:00.861020,0.8,10,1.25,0.8,10,97,COMPLETE
9898,9898,16382.75,2023-11-15 14:36:15.096427,2023-11-15 14:36:15.963801,0 days 00:00:00.867374,0.8,30,1.25,0.8,16,71,COMPLETE
9899,9899,17272.25,2023-11-15 14:36:15.966808,2023-11-15 14:36:16.826744,0 days 00:00:00.859936,0.8,10,1.25,0.8,14,53,COMPLETE
9900,9900,18681.25,2023-11-15 14:36:16.829757,2023-11-15 14:36:17.784330,0 days 00:00:00.954573,0.8,10,1.25,0.8,7,99,COMPLETE
9901,9901,18202.0,2023-11-15 14:36:17.787298,2023-11-15 14:36:18.644526,0 days 00:00:00.857228,0.8,20,1.5,0.8,20,96,COMPLETE
9902,9902,199.5,2023-11-15 14:36:18.647406,2023-11-15 14:36:19.770512,0 days 00:00:01.123106,0.8,10,1.25,0.8,0,98,COMPLETE
9903,9903,17574.75,2023-11-15 14:36:19.774123,2023-11-15 14:36:20.807916,0 days 00:00:01.033793,0.7000000000000001,10,1.25,0.4,17,94,COMPLETE
9904,9904,18492.5,2023-11-15 14:36:20.811336,2023-11-15 14:36:21.679632,0 days 00:00:00.868296,0.8,10,1.25,0.8,14,100,COMPLETE
9905,9905,16110.75,2023-11-15 14:36:21.682904,2023-11-15 14:36:22.740382,0 days 00:00:01.057478,0.8,50,1.0,0.8,11,97,COMPLETE
9906,9906,17058.0,2023-11-15 14:36:22.744146,2023-11-15 14:36:23.788152,0 days 00:00:01.044006,0.6,10,1.25,0.30000000000000004,21,99,COMPLETE
9907,9907,18395.0,2023-11-15 14:36:23.791904,2023-11-15 14:36:24.651028,0 days 00:00:00.859124,0.8,10,2.0,0.9,3,96,COMPLETE
9908,9908,14412.0,2023-11-15 14:36:24.655155,2023-11-15 14:36:25.653464,0 days 00:00:00.998309,0.1,20,1.25,0.7000000000000001,6,100,COMPLETE
9909,9909,18398.5,2023-11-15 14:36:25.656548,2023-11-15 14:36:26.511082,0 days 00:00:00.854534,0.8,10,1.5,0.8,18,98,COMPLETE
9910,9910,18298.0,2023-11-15 14:36:26.514610,2023-11-15 14:36:27.414554,0 days 00:00:00.899944,0.8,10,1.0,0.8,24,94,COMPLETE
9911,9911,18023.5,2023-11-15 14:36:27.417589,2023-11-15 14:36:28.298134,0 days 00:00:00.880545,0.8,10,1.25,0.8,16,98,COMPLETE
9912,9912,18400.25,2023-11-15 14:36:28.300984,2023-11-15 14:36:29.182220,0 days 00:00:00.881236,0.9,10,2.25,0.8,32,100,COMPLETE
9913,9913,18394.5,2023-11-15 14:36:29.185158,2023-11-15 14:36:30.080188,0 days 00:00:00.895030,0.8,10,1.25,0.8,8,96,COMPLETE
9914,9914,18023.5,2023-11-15 14:36:30.083059,2023-11-15 14:36:30.977117,0 days 00:00:00.894058,0.8,10,1.25,0.8,10,98,COMPLETE
9915,9915,13720.25,2023-11-15 14:36:30.979939,2023-11-15 14:36:31.870130,0 days 00:00:00.890191,0.8,80,1.25,0.8,13,100,COMPLETE
9916,9916,18301.5,2023-11-15 14:36:31.873315,2023-11-15 14:36:32.745715,0 days 00:00:00.872400,0.8,10,1.5,0.8,22,96,COMPLETE
9917,9917,18211.25,2023-11-15 14:36:32.748702,2023-11-15 14:36:33.616696,0 days 00:00:00.867994,0.7000000000000001,10,1.25,0.8,19,98,COMPLETE
9918,9918,18213.75,2023-11-15 14:36:33.619515,2023-11-15 14:36:34.502558,0 days 00:00:00.883043,0.8,10,1.25,0.7000000000000001,15,92,COMPLETE
9919,9919,17007.5,2023-11-15 14:36:34.505442,2023-11-15 14:36:35.377700,0 days 00:00:00.872258,0.8,20,1.0,0.9,5,95,COMPLETE
9920,9920,18492.5,2023-11-15 14:36:35.380730,2023-11-15 14:36:36.253905,0 days 00:00:00.873175,0.8,10,1.25,0.8,2,100,COMPLETE
9921,9921,18218.0,2023-11-15 14:36:36.258858,2023-11-15 14:36:37.188825,0 days 00:00:00.929967,0.8,10,1.25,0.8,17,97,COMPLETE
9922,9922,18023.5,2023-11-15 14:36:37.192569,2023-11-15 14:36:38.283015,0 days 00:00:01.090446,0.8,10,1.25,0.8,12,98,COMPLETE
9923,9923,18492.5,2023-11-15 14:36:38.413802,2023-11-15 14:36:39.582417,0 days 00:00:01.168615,0.8,10,1.25,0.8,20,100,COMPLETE
9924,9924,18307.0,2023-11-15 14:36:39.585980,2023-11-15 14:36:40.755950,0 days 00:00:01.169970,0.8,10,1.5,0.8,9,94,COMPLETE
9925,9925,18218.5,2023-11-15 14:36:40.760024,2023-11-15 14:36:41.753745,0 days 00:00:00.993721,0.9,10,1.25,0.8,15,97,COMPLETE
9926,9926,17830.75,2023-11-15 14:36:41.757365,2023-11-15 14:36:42.737598,0 days 00:00:00.980233,0.8,20,1.25,0.8,4,98,COMPLETE
9927,9927,18401.75,2023-11-15 14:36:42.741525,2023-11-15 14:36:43.711168,0 days 00:00:00.969643,0.7000000000000001,10,1.5,0.9,17,100,COMPLETE
9928,9928,15475.25,2023-11-15 14:36:43.714051,2023-11-15 14:36:44.666933,0 days 00:00:00.952882,0.8,10,1.0,0.8,14,39,COMPLETE
9929,9929,18395.0,2023-11-15 14:36:44.670274,2023-11-15 14:36:45.629134,0 days 00:00:00.958860,0.8,10,2.0,0.8,7,96,COMPLETE
9930,9930,18309.0,2023-11-15 14:36:45.632059,2023-11-15 14:36:46.520874,0 days 00:00:00.888815,0.8,10,1.75,0.7000000000000001,26,98,COMPLETE
9931,9931,16720.0,2023-11-15 14:36:46.523857,2023-11-15 14:36:47.397101,0 days 00:00:00.873244,0.8,40,1.25,0.8,22,95,COMPLETE
9932,9932,18681.25,2023-11-15 14:36:47.400187,2023-11-15 14:36:48.318921,0 days 00:00:00.918734,0.8,10,1.25,0.8,12,99,COMPLETE
9933,9933,17197.5,2023-11-15 14:36:48.321809,2023-11-15 14:36:49.240358,0 days 00:00:00.918549,0.8,10,1.25,0.8,19,65,COMPLETE
9934,9934,18219.25,2023-11-15 14:36:49.243402,2023-11-15 14:36:50.242691,0 days 00:00:00.999289,0.8,10,1.25,0.8,2,87,COMPLETE
9935,9935,18307.0,2023-11-15 14:36:50.246397,2023-11-15 14:36:51.214283,0 days 00:00:00.967886,0.9,10,1.25,0.8,41,100,COMPLETE
9936,9936,18305.25,2023-11-15 14:36:51.218303,2023-11-15 14:36:52.155993,0 days 00:00:00.937690,0.7000000000000001,10,1.25,0.9,16,97,COMPLETE
9937,9937,17650.0,2023-11-15 14:36:52.159780,2023-11-15 14:36:53.230019,0 days 00:00:01.070239,0.8,20,1.0,0.8,10,93,COMPLETE
9938,9938,18023.5,2023-11-15 14:36:53.234622,2023-11-15 14:36:54.487902,0 days 00:00:01.253280,0.8,10,1.25,0.8,5,98,COMPLETE
9939,9939,18301.5,2023-11-15 14:36:54.490836,2023-11-15 14:36:55.512165,0 days 00:00:01.021329,0.8,10,1.5,0.8,18,96,COMPLETE
9940,9940,18398.25,2023-11-15 14:36:55.515000,2023-11-15 14:36:56.388915,0 days 00:00:00.873915,0.8,10,1.25,0.8,21,100,COMPLETE
9941,9941,18023.5,2023-11-15 14:36:56.392748,2023-11-15 14:36:57.321862,0 days 00:00:00.929114,0.8,10,1.25,0.8,13,98,COMPLETE
9942,9942,17837.25,2023-11-15 14:36:57.325964,2023-11-15 14:36:58.223407,0 days 00:00:00.897443,0.8,10,1.25,0.8,8,95,COMPLETE
9943,9943,199.0,2023-11-15 14:36:58.226694,2023-11-15 14:36:59.228840,0 days 00:00:01.002146,0.8,10,1.5,0.7000000000000001,0,46,COMPLETE
9944,9944,14290.75,2023-11-15 14:36:59.231754,2023-11-15 14:37:00.141646,0 days 00:00:00.909892,0.8,70,1.25,0.8,15,100,COMPLETE
9945,9945,17980.25,2023-11-15 14:37:00.144539,2023-11-15 14:37:01.100763,0 days 00:00:00.956224,0.9,10,1.0,0.9,19,98,COMPLETE
9946,9946,18301.75,2023-11-15 14:37:01.104190,2023-11-15 14:37:02.067646,0 days 00:00:00.963456,0.8,10,1.25,0.8,23,96,COMPLETE
9947,9947,18681.25,2023-11-15 14:37:02.070949,2023-11-15 14:37:03.004023,0 days 00:00:00.933074,0.8,10,1.25,0.8,17,99,COMPLETE
9948,9948,18218.0,2023-11-15 14:37:03.008385,2023-11-15 14:37:03.940148,0 days 00:00:00.931763,0.8,10,1.25,0.8,6,97,COMPLETE
9949,9949,18402.0,2023-11-15 14:37:03.953694,2023-11-15 14:37:04.921994,0 days 00:00:00.968300,0.7000000000000001,10,1.25,0.7000000000000001,11,100,COMPLETE
9950,9950,16281.75,2023-11-15 14:37:04.926216,2023-11-15 14:37:05.803986,0 days 00:00:00.877770,0.8,20,1.25,0.8,14,60,COMPLETE
9951,9951,18027.25,2023-11-15 14:37:05.808478,2023-11-15 14:37:06.697804,0 days 00:00:00.889326,0.8,10,1.0,0.8,2,94,COMPLETE
9952,9952,17838.5,2023-11-15 14:37:06.700649,2023-11-15 14:37:07.566409,0 days 00:00:00.865760,0.8,10,1.5,0.8,21,91,COMPLETE
9953,9953,18023.5,2023-11-15 14:37:07.569698,2023-11-15 14:37:08.688394,0 days 00:00:01.118696,0.8,10,1.25,0.8,17,98,COMPLETE
9954,9954,18300.75,2023-11-15 14:37:08.692316,2023-11-15 14:37:09.776399,0 days 00:00:01.084083,0.8,10,1.25,0.9,4,96,COMPLETE
9955,9955,18398.25,2023-11-15 14:37:09.779476,2023-11-15 14:37:10.652130,0 days 00:00:00.872654,0.8,10,1.25,0.8,9,100,COMPLETE
9956,9956,15743.0,2023-11-15 14:37:10.654978,2023-11-15 14:37:11.509194,0 days 00:00:00.854216,0.8,10,2.0,0.8,24,29,COMPLETE
9957,9957,17830.75,2023-11-15 14:37:11.512402,2023-11-15 14:37:12.377878,0 days 00:00:00.865476,0.8,20,1.25,0.8,12,98,COMPLETE
9958,9958,18301.75,2023-11-15 14:37:12.381637,2023-11-15 14:37:13.311634,0 days 00:00:00.929997,0.8,10,1.25,0.8,19,96,COMPLETE
9959,9959,18305.75,2023-11-15 14:37:13.314544,2023-11-15 14:37:14.175942,0 days 00:00:00.861398,0.8,10,1.5,0.8,16,100,COMPLETE
9960,9960,17482.25,2023-11-15 14:37:14.180685,2023-11-15 14:37:15.102969,0 days 00:00:00.922284,0.4,10,1.25,0.6,7,98,COMPLETE
9961,9961,18301.25,2023-11-15 14:37:15.106183,2023-11-15 14:37:16.067780,0 days 00:00:00.961597,0.8,10,1.0,0.8,14,93,COMPLETE
9962,9962,18218.0,2023-11-15 14:37:16.071178,2023-11-15 14:37:17.050248,0 days 00:00:00.979070,0.8,10,1.25,0.8,28,97,COMPLETE
9963,9963,18200.75,2023-11-15 14:37:17.053244,2023-11-15 14:37:17.962660,0 days 00:00:00.909416,0.8,10,0.75,0.8,20,100,COMPLETE
9964,9964,17644.25,2023-11-15 14:37:17.965798,2023-11-15 14:37:18.845943,0 days 00:00:00.880145,0.5,10,1.25,0.8,4,95,COMPLETE
9965,9965,18024.0,2023-11-15 14:37:18.849274,2023-11-15 14:37:19.736089,0 days 00:00:00.886815,0.9,10,1.0,0.5,10,98,COMPLETE
9966,9966,18396.25,2023-11-15 14:37:19.739039,2023-11-15 14:37:20.646856,0 days 00:00:00.907817,0.7000000000000001,10,1.75,0.8,18,99,COMPLETE
9967,9967,18300.75,2023-11-15 14:37:20.650959,2023-11-15 14:37:21.547288,0 days 00:00:00.896329,0.8,10,1.25,0.9,13,96,COMPLETE
9968,9968,18013.5,2023-11-15 14:37:21.550283,2023-11-15 14:37:22.436581,0 days 00:00:00.886298,0.8,20,1.25,0.7000000000000001,16,100,COMPLETE
9969,9969,18023.5,2023-11-15 14:37:22.439453,2023-11-15 14:37:23.440819,0 days 00:00:01.001366,0.8,10,1.25,0.8,7,98,COMPLETE
9970,9970,18212.75,2023-11-15 14:37:23.444162,2023-11-15 14:37:24.349066,0 days 00:00:00.904904,0.8,10,1.5,0.8,21,94,COMPLETE
9971,9971,18218.0,2023-11-15 14:37:24.351931,2023-11-15 14:37:25.229687,0 days 00:00:00.877756,0.8,10,1.25,0.8,2,97,COMPLETE
9972,9972,18492.5,2023-11-15 14:37:25.232624,2023-11-15 14:37:26.108243,0 days 00:00:00.875619,0.8,10,1.25,0.8,15,100,COMPLETE
9973,9973,18209.5,2023-11-15 14:37:26.111163,2023-11-15 14:37:26.978235,0 days 00:00:00.867072,0.8,10,1.25,0.7000000000000001,12,98,COMPLETE
9974,9974,17837.25,2023-11-15 14:37:26.981133,2023-11-15 14:37:27.862107,0 days 00:00:00.880974,0.8,10,1.25,0.8,18,95,COMPLETE
9975,9975,18321.25,2023-11-15 14:37:27.865138,2023-11-15 14:37:28.743003,0 days 00:00:00.877865,0.9,10,1.25,0.8,57,100,COMPLETE
9976,9976,18323.25,2023-11-15 14:37:28.746213,2023-11-15 14:37:29.621727,0 days 00:00:00.875514,0.8,10,1.0,0.8,5,97,COMPLETE
9977,9977,18025.5,2023-11-15 14:37:29.625056,2023-11-15 14:37:30.497284,0 days 00:00:00.872228,0.7000000000000001,10,1.5,0.8,9,98,COMPLETE
9978,9978,18301.75,2023-11-15 14:37:30.500195,2023-11-15 14:37:31.384804,0 days 00:00:00.884609,0.8,10,1.25,0.8,23,96,COMPLETE
9979,9979,199.5,2023-11-15 14:37:31.387674,2023-11-15 14:37:32.570074,0 days 00:00:01.182400,0.8,10,1.25,0.9,0,99,COMPLETE
9980,9980,18492.5,2023-11-15 14:37:32.574146,2023-11-15 14:37:33.724052,0 days 00:00:01.149906,0.8,10,1.25,0.8,15,100,COMPLETE
9981,9981,18202.0,2023-11-15 14:37:33.727509,2023-11-15 14:37:34.696374,0 days 00:00:00.968865,0.8,20,1.25,0.8,19,96,COMPLETE
9982,9982,18023.5,2023-11-15 14:37:34.699646,2023-11-15 14:37:35.861057,0 days 00:00:01.161411,0.8,10,1.25,0.8,17,98,COMPLETE
9983,9983,18207.75,2023-11-15 14:37:35.865300,2023-11-15 14:37:37.009987,0 days 00:00:01.144687,0.8,10,1.25,0.8,11,93,COMPLETE
9984,9984,18400.0,2023-11-15 14:37:37.014306,2023-11-15 14:37:38.345641,0 days 00:00:01.331335,0.9,10,1.5,0.9,6,100,COMPLETE
9985,9985,16827.0,2023-11-15 14:37:38.348939,2023-11-15 14:37:39.500472,0 days 00:00:01.151533,0.8,20,2.25,0.8,21,95,COMPLETE
9986,9986,17664.75,2023-11-15 14:37:39.504398,2023-11-15 14:37:40.695286,0 days 00:00:01.190888,0.8,10,1.25,0.2,25,98,COMPLETE
9987,9987,18323.25,2023-11-15 14:37:40.698250,2023-11-15 14:37:41.635008,0 days 00:00:00.936758,0.8,10,1.0,0.8,13,97,COMPLETE
9988,9988,18214.25,2023-11-15 14:37:41.637828,2023-11-15 14:37:42.520743,0 days 00:00:00.882915,0.8,10,1.25,0.8,34,100,COMPLETE
9989,9989,18303.75,2023-11-15 14:37:42.523758,2023-11-15 14:37:43.421608,0 days 00:00:00.897850,0.7000000000000001,10,1.25,0.8,8,98,COMPLETE
9990,9990,17102.0,2023-11-15 14:37:43.425223,2023-11-15 14:37:44.336343,0 days 00:00:00.911120,0.8,10,1.25,0.8,4,68,COMPLETE
