,number,value,datetime_start,datetime_complete,duration,params_alpha,params_decay_interval,params_decay_rate,params_gamma,params_initialization,params_max_steps,state
2892,2892,18209.5,2023-11-15 13:26:45.475646,2023-11-15 13:26:45.769344,0 days 00:00:00.293698,0.8,10,1.25,0.7000000000000001,6,98,COMPLETE
2893,2893,18218.0,2023-11-15 13:26:45.771203,2023-11-15 13:26:46.075905,0 days 00:00:00.304702,0.8,10,1.25,0.8,18,97,COMPLETE
2894,2894,17837.25,2023-11-15 13:26:46.077711,2023-11-15 13:26:46.373083,0 days 00:00:00.295372,0.8,10,1.25,0.8,16,95,COMPLETE
2895,2895,18307.0,2023-11-15 13:26:46.374773,2023-11-15 13:26:46.668207,0 days 00:00:00.293434,0.9,10,1.25,0.8,13,100,COMPLETE
2896,2896,17925.0,2023-11-15 13:26:46.669702,2023-11-15 13:26:46.962869,0 days 00:00:00.293167,0.8,20,1.5,0.8,21,98,COMPLETE
2897,2897,17308.75,2023-11-15 13:26:46.964322,2023-11-15 13:26:47.269735,0 days 00:00:00.305413,0.7000000000000001,10,1.25,0.1,4,96,COMPLETE
2898,2898,18492.5,2023-11-15 13:26:47.271310,2023-11-15 13:26:47.565745,0 days 00:00:00.294435,0.8,10,1.25,0.8,10,100,COMPLETE
2899,2899,17943.5,2023-11-15 13:26:47.567308,2023-11-15 13:26:47.868472,0 days 00:00:00.301164,0.8,10,1.25,0.9,91,98,COMPLETE
2900,2900,17652.75,2023-11-15 13:26:47.869934,2023-11-15 13:26:48.158411,0 days 00:00:00.288477,0.8,10,1.0,0.8,14,59,COMPLETE
2901,2901,18213.25,2023-11-15 13:26:48.159896,2023-11-15 13:26:48.459917,0 days 00:00:00.300021,0.8,10,1.25,0.7000000000000001,22,94,COMPLETE
2902,2902,8534.0,2023-11-15 13:26:48.461398,2023-11-15 13:26:48.750521,0 days 00:00:00.289123,0.8,10,1.25,0.5,18,15,COMPLETE
2903,2903,199.5,2023-11-15 13:26:48.752487,2023-11-15 13:26:49.325397,0 days 00:00:00.572910,0.8,10,1.0,0.2,0,98,COMPLETE
2904,2904,18013.5,2023-11-15 13:26:49.327311,2023-11-15 13:26:49.619452,0 days 00:00:00.292141,0.8,20,1.25,0.8,16,100,COMPLETE
2905,2905,18301.5,2023-11-15 13:26:49.622204,2023-11-15 13:26:49.919408,0 days 00:00:00.297204,0.8,10,1.5,0.8,7,96,COMPLETE
2906,2906,15424.25,2023-11-15 13:26:49.921039,2023-11-15 13:26:50.234709,0 days 00:00:00.313670,0.8,60,1.25,0.8,12,98,COMPLETE
2907,2907,18399.75,2023-11-15 13:26:50.236356,2023-11-15 13:26:50.535956,0 days 00:00:00.299600,0.9,10,1.25,0.8,20,100,COMPLETE
2908,2908,18218.0,2023-11-15 13:26:50.537674,2023-11-15 13:26:50.895883,0 days 00:00:00.358209,0.8,10,1.25,0.8,2,97,COMPLETE
2909,2909,17831.25,2023-11-15 13:26:50.898123,2023-11-15 13:26:51.265625,0 days 00:00:00.367502,0.8,10,1.5,0.8,16,95,COMPLETE
2910,2910,18023.5,2023-11-15 13:26:51.267497,2023-11-15 13:26:51.663240,0 days 00:00:00.395743,0.8,10,1.25,0.8,4,98,COMPLETE
2911,2911,18399.0,2023-11-15 13:26:51.665091,2023-11-15 13:26:52.015499,0 days 00:00:00.350408,0.8,10,1.25,0.8,25,100,COMPLETE
2912,2912,14725.5,2023-11-15 13:26:52.017329,2023-11-15 13:26:52.358522,0 days 00:00:00.341193,0.7000000000000001,10,1.25,0.8,9,33,COMPLETE
2913,2913,17655.25,2023-11-15 13:26:52.360046,2023-11-15 13:26:52.660082,0 days 00:00:00.300036,0.30000000000000004,10,1.25,0.9,14,93,COMPLETE
2914,2914,17836.0,2023-11-15 13:26:52.661525,2023-11-15 13:26:52.979728,0 days 00:00:00.318203,0.8,10,1.0,0.8,19,73,COMPLETE
2915,2915,18488.75,2023-11-15 13:26:52.981306,2023-11-15 13:26:53.273327,0 days 00:00:00.292021,0.8,10,1.75,0.8,6,96,COMPLETE
2916,2916,16210.25,2023-11-15 13:26:53.274920,2023-11-15 13:26:53.571156,0 days 00:00:00.296236,0.8,10,1.25,0.7000000000000001,11,46,COMPLETE
2917,2917,18026.25,2023-11-15 13:26:53.573645,2023-11-15 13:26:53.876704,0 days 00:00:00.303059,0.8,10,1.25,0.8,22,88,COMPLETE
2918,2918,18398.5,2023-11-15 13:26:53.878666,2023-11-15 13:26:54.180191,0 days 00:00:00.301525,0.8,10,1.5,0.8,18,98,COMPLETE
2919,2919,17919.25,2023-11-15 13:26:54.181685,2023-11-15 13:26:54.478238,0 days 00:00:00.296553,0.8,20,1.25,0.8,13,99,COMPLETE
2920,2920,12275.5,2023-11-15 13:26:54.479748,2023-11-15 13:26:54.776123,0 days 00:00:00.296375,0.8,10,1.25,0.8,16,21,COMPLETE
2921,2921,15305.5,2023-11-15 13:26:54.777678,2023-11-15 13:26:55.072676,0 days 00:00:00.294998,0.8,10,1.0,0.8,2,40,COMPLETE
2922,2922,17751.75,2023-11-15 13:26:55.074502,2023-11-15 13:26:55.376443,0 days 00:00:00.301941,0.8,10,1.25,0.4,20,96,COMPLETE
2923,2923,18488.5,2023-11-15 13:26:55.377852,2023-11-15 13:26:55.672391,0 days 00:00:00.294539,0.7000000000000001,10,1.25,0.8,8,100,COMPLETE
2924,2924,17939.5,2023-11-15 13:26:55.674414,2023-11-15 13:26:55.978590,0 days 00:00:00.304176,0.8,10,1.5,0.8,71,98,COMPLETE
2925,2925,18218.5,2023-11-15 13:26:55.979982,2023-11-15 13:26:56.306037,0 days 00:00:00.326055,0.9,10,1.25,0.9,15,97,COMPLETE
2926,2926,17109.75,2023-11-15 13:26:56.307791,2023-11-15 13:26:56.613364,0 days 00:00:00.305573,0.8,30,1.25,0.6,5,94,COMPLETE
2927,2927,17811.75,2023-11-15 13:26:56.614845,2023-11-15 13:26:56.964105,0 days 00:00:00.349260,0.8,10,0.5,0.8,67,100,COMPLETE
2928,2928,16920.75,2023-11-15 13:26:56.965505,2023-11-15 13:26:57.264859,0 days 00:00:00.299354,0.8,20,1.25,0.7000000000000001,18,65,COMPLETE
2929,2929,18033.25,2023-11-15 13:26:57.266350,2023-11-15 13:26:57.566276,0 days 00:00:00.299926,0.8,10,1.25,0.8,23,98,COMPLETE
2930,2930,17557.25,2023-11-15 13:26:57.567723,2023-11-15 13:26:57.870384,0 days 00:00:00.302661,0.8,10,1.0,0.8,11,95,COMPLETE
2931,2931,18303.75,2023-11-15 13:26:57.872551,2023-11-15 13:26:58.169266,0 days 00:00:00.296715,0.7000000000000001,10,2.0,0.8,13,99,COMPLETE
2932,2932,18218.0,2023-11-15 13:26:58.170995,2023-11-15 13:26:58.473979,0 days 00:00:00.302984,0.8,10,1.25,0.8,17,97,COMPLETE
2933,2933,18107.75,2023-11-15 13:26:58.475413,2023-11-15 13:26:58.769989,0 days 00:00:00.294576,0.8,20,3.0,0.9,9,92,COMPLETE
2934,2934,18028.5,2023-11-15 13:26:58.771905,2023-11-15 13:26:59.078680,0 days 00:00:00.306775,0.6,10,0.75,0.8,4,100,COMPLETE
2935,2935,17481.75,2023-11-15 13:26:59.080131,2023-11-15 13:26:59.381758,0 days 00:00:00.301627,0.8,10,1.25,0.30000000000000004,21,96,COMPLETE
2936,2936,17841.75,2023-11-15 13:26:59.383256,2023-11-15 13:26:59.708130,0 days 00:00:00.324874,0.9,10,1.0,0.8,15,98,COMPLETE
2937,2937,637.0,2023-11-15 13:26:59.709812,2023-11-15 13:27:00.263371,0 days 00:00:00.553559,0.8,70,1.25,0.8,0,100,COMPLETE
2938,2938,18218.0,2023-11-15 13:27:00.265010,2023-11-15 13:27:00.559358,0 days 00:00:00.294348,0.8,10,1.25,0.8,7,97,COMPLETE
2939,2939,17739.25,2023-11-15 13:27:00.561002,2023-11-15 13:27:00.863337,0 days 00:00:00.302335,0.8,10,1.5,0.7000000000000001,19,95,COMPLETE
2940,2940,18681.25,2023-11-15 13:27:00.865001,2023-11-15 13:27:01.164090,0 days 00:00:00.299089,0.8,10,1.25,0.8,26,99,COMPLETE
2941,2941,18023.5,2023-11-15 13:27:01.165492,2023-11-15 13:27:01.462833,0 days 00:00:00.297341,0.8,10,1.25,0.8,12,98,COMPLETE
2942,2942,18304.0,2023-11-15 13:27:01.464262,2023-11-15 13:27:01.760965,0 days 00:00:00.296703,0.8,10,1.75,0.8,32,100,COMPLETE
2943,2943,18394.5,2023-11-15 13:27:01.762456,2023-11-15 13:27:02.057268,0 days 00:00:00.294812,0.8,10,1.25,0.8,17,96,COMPLETE
2944,2944,18206.0,2023-11-15 13:27:02.059282,2023-11-15 13:27:02.352117,0 days 00:00:00.292835,0.8,10,1.5,0.5,3,94,COMPLETE
2945,2945,18023.5,2023-11-15 13:27:02.353613,2023-11-15 13:27:02.662576,0 days 00:00:00.308963,0.8,10,1.25,0.8,14,98,COMPLETE
2946,2946,18492.5,2023-11-15 13:27:02.664017,2023-11-15 13:27:02.961635,0 days 00:00:00.297618,0.8,10,1.25,0.8,6,100,COMPLETE
2947,2947,17839.0,2023-11-15 13:27:02.963110,2023-11-15 13:27:03.289751,0 days 00:00:00.326641,0.8,20,1.25,0.8,10,97,COMPLETE
2948,2948,18300.75,2023-11-15 13:27:03.291397,2023-11-15 13:27:03.591085,0 days 00:00:00.299688,0.8,10,1.25,0.9,16,96,COMPLETE
2949,2949,18213.0,2023-11-15 13:27:03.593039,2023-11-15 13:27:03.893085,0 days 00:00:00.300046,0.8,10,1.0,0.8,19,90,COMPLETE
2950,2950,18399.0,2023-11-15 13:27:03.894561,2023-11-15 13:27:04.190520,0 days 00:00:00.295959,0.8,10,1.25,0.8,22,100,COMPLETE
2951,2951,18213.75,2023-11-15 13:27:04.192597,2023-11-15 13:27:04.499421,0 days 00:00:00.306824,0.7000000000000001,10,1.25,0.8,20,98,COMPLETE
2952,2952,17847.5,2023-11-15 13:27:04.500883,2023-11-15 13:27:04.807257,0 days 00:00:00.306374,0.8,10,1.5,0.8,78,94,COMPLETE
2953,2953,18303.5,2023-11-15 13:27:04.809431,2023-11-15 13:27:05.107997,0 days 00:00:00.298566,0.8,10,1.25,0.7000000000000001,13,98,COMPLETE
2954,2954,18399.5,2023-11-15 13:27:05.109774,2023-11-15 13:27:05.407918,0 days 00:00:00.298144,0.9,10,1.25,0.8,8,100,COMPLETE
2955,2955,18202.0,2023-11-15 13:27:05.409636,2023-11-15 13:27:05.710180,0 days 00:00:00.300544,0.8,20,1.25,0.8,2,96,COMPLETE
2956,2956,16936.25,2023-11-15 13:27:05.711650,2023-11-15 13:27:06.048918,0 days 00:00:00.337268,0.8,40,1.0,0.8,24,98,COMPLETE
2957,2957,18398.25,2023-11-15 13:27:06.050493,2023-11-15 13:27:06.399027,0 days 00:00:00.348534,0.8,10,1.25,0.8,18,100,COMPLETE
2958,2958,18300.75,2023-11-15 13:27:06.400845,2023-11-15 13:27:06.796143,0 days 00:00:00.395298,0.8,10,1.25,0.9,15,96,COMPLETE
2959,2959,18207.75,2023-11-15 13:27:06.798393,2023-11-15 13:27:07.181715,0 days 00:00:00.383322,0.8,10,1.25,0.8,11,93,COMPLETE
2960,2960,18305.25,2023-11-15 13:27:07.183544,2023-11-15 13:27:07.514318,0 days 00:00:00.330774,0.8,10,1.5,0.8,16,98,COMPLETE
2961,2961,18681.25,2023-11-15 13:27:07.515769,2023-11-15 13:27:07.811535,0 days 00:00:00.295766,0.8,10,1.25,0.8,6,99,COMPLETE
2962,2962,18218.0,2023-11-15 13:27:07.813289,2023-11-15 13:27:08.114917,0 days 00:00:00.301628,0.8,10,1.25,0.8,4,97,COMPLETE
2963,2963,18492.5,2023-11-15 13:27:08.117182,2023-11-15 13:27:08.409893,0 days 00:00:00.292711,0.8,10,1.25,0.8,20,100,COMPLETE
2964,2964,17735.5,2023-11-15 13:27:08.411848,2023-11-15 13:27:08.716936,0 days 00:00:00.305088,0.7000000000000001,10,1.0,0.8,13,95,COMPLETE
2965,2965,18398.5,2023-11-15 13:27:08.718689,2023-11-15 13:27:09.016703,0 days 00:00:00.298014,0.8,10,1.5,0.8,18,98,COMPLETE
2966,2966,18394.5,2023-11-15 13:27:09.018186,2023-11-15 13:27:09.317350,0 days 00:00:00.299164,0.8,10,1.25,0.8,10,96,COMPLETE
2967,2967,18013.5,2023-11-15 13:27:09.319112,2023-11-15 13:27:09.614374,0 days 00:00:00.295262,0.9,20,1.25,0.9,22,100,COMPLETE
2968,2968,18209.25,2023-11-15 13:27:09.615798,2023-11-15 13:27:09.915268,0 days 00:00:00.299470,0.8,10,1.25,0.7000000000000001,1,98,COMPLETE
2969,2969,18397.0,2023-11-15 13:27:09.916751,2023-11-15 13:27:10.217608,0 days 00:00:00.300857,0.8,10,1.25,0.8,29,94,COMPLETE
2970,2970,18218.0,2023-11-15 13:27:10.219073,2023-11-15 13:27:10.514501,0 days 00:00:00.295428,0.8,10,1.25,0.8,17,97,COMPLETE
2971,2971,18401.0,2023-11-15 13:27:10.516545,2023-11-15 13:27:10.819051,0 days 00:00:00.302506,0.8,10,1.0,0.8,14,100,COMPLETE
2972,2972,18023.5,2023-11-15 13:27:10.820675,2023-11-15 13:27:11.145312,0 days 00:00:00.324637,0.8,10,1.25,0.8,8,98,COMPLETE
2973,2973,18310.75,2023-11-15 13:27:11.147017,2023-11-15 13:27:11.443991,0 days 00:00:00.296974,0.8,10,1.25,0.8,5,92,COMPLETE
2974,2974,17843.25,2023-11-15 13:27:11.445600,2023-11-15 13:27:11.746916,0 days 00:00:00.301316,0.5,10,1.5,0.8,16,96,COMPLETE
2975,2975,18681.25,2023-11-15 13:27:11.748319,2023-11-15 13:27:12.040813,0 days 00:00:00.292494,0.8,10,1.25,0.8,19,99,COMPLETE
2976,2976,18218.0,2023-11-15 13:27:12.042679,2023-11-15 13:27:12.342721,0 days 00:00:00.300042,0.8,10,1.25,0.9,3,100,COMPLETE
2977,2977,17645.5,2023-11-15 13:27:12.344214,2023-11-15 13:27:12.640977,0 days 00:00:00.296763,0.7000000000000001,20,1.25,0.8,12,97,COMPLETE
2978,2978,17833.5,2023-11-15 13:27:12.642496,2023-11-15 13:27:12.947245,0 days 00:00:00.304749,0.8,10,1.75,0.8,15,95,COMPLETE
2979,2979,18022.0,2023-11-15 13:27:12.949072,2023-11-15 13:27:13.254182,0 days 00:00:00.305110,0.8,10,1.0,0.8,21,98,COMPLETE
2980,2980,18263.75,2023-11-15 13:27:13.256054,2023-11-15 13:27:13.557820,0 days 00:00:00.301766,0.8,10,1.25,0.7000000000000001,7,100,COMPLETE
2981,2981,18207.75,2023-11-15 13:27:13.559515,2023-11-15 13:27:13.861593,0 days 00:00:00.302078,0.9,10,1.25,0.8,24,96,COMPLETE
2982,2982,18398.5,2023-11-15 13:27:13.863442,2023-11-15 13:27:14.165139,0 days 00:00:00.301697,0.8,10,1.5,0.8,10,98,COMPLETE
2983,2983,18399.0,2023-11-15 13:27:14.166557,2023-11-15 13:27:14.469459,0 days 00:00:00.302902,0.8,10,1.25,0.8,17,100,COMPLETE
2984,2984,17830.75,2023-11-15 13:27:14.471211,2023-11-15 13:27:14.776639,0 days 00:00:00.305428,0.8,20,1.25,0.8,14,98,COMPLETE
2985,2985,18307.0,2023-11-15 13:27:14.778221,2023-11-15 13:27:15.128020,0 days 00:00:00.349799,0.8,10,1.5,0.8,20,94,COMPLETE
2986,2986,199.5,2023-11-15 13:27:15.129832,2023-11-15 13:27:15.726020,0 days 00:00:00.596188,0.8,10,1.25,0.9,0,96,COMPLETE
2987,2987,16195.25,2023-11-15 13:27:15.727540,2023-11-15 13:27:16.043094,0 days 00:00:00.315554,0.8,50,1.25,0.8,12,99,COMPLETE
2988,2988,18151.75,2023-11-15 13:27:16.044629,2023-11-15 13:27:16.349098,0 days 00:00:00.304469,0.7000000000000001,10,1.0,0.8,35,97,COMPLETE
2989,2989,18493.25,2023-11-15 13:27:16.350598,2023-11-15 13:27:16.649892,0 days 00:00:00.299294,0.8,10,2.0,0.8,5,100,COMPLETE
2990,2990,17932.0,2023-11-15 13:27:16.651749,2023-11-15 13:27:16.957094,0 days 00:00:00.305345,0.8,10,1.25,0.8,41,98,COMPLETE
2991,2991,17879.0,2023-11-15 13:27:16.958818,2023-11-15 13:27:17.275122,0 days 00:00:00.316304,0.9,10,0.25,0.8,18,95,COMPLETE
2992,2992,17930.25,2023-11-15 13:27:17.276675,2023-11-15 13:27:17.574583,0 days 00:00:00.297908,0.8,10,1.25,0.9,9,80,COMPLETE
2993,2993,18399.5,2023-11-15 13:27:17.576485,2023-11-15 13:27:17.875679,0 days 00:00:00.299194,0.8,10,1.25,0.8,23,100,COMPLETE
2994,2994,18218.0,2023-11-15 13:27:17.877821,2023-11-15 13:27:18.179454,0 days 00:00:00.301633,0.8,10,1.25,0.8,16,97,COMPLETE
2995,2995,18114.5,2023-11-15 13:27:18.180903,2023-11-15 13:27:18.482470,0 days 00:00:00.301567,0.8,10,1.25,0.7000000000000001,14,93,COMPLETE
2996,2996,17782.5,2023-11-15 13:27:18.483916,2023-11-15 13:27:18.785317,0 days 00:00:00.301401,0.8,20,1.0,0.8,3,98,COMPLETE
2997,2997,18305.75,2023-11-15 13:27:18.787219,2023-11-15 13:27:19.087848,0 days 00:00:00.300629,0.8,10,1.5,0.8,20,100,COMPLETE
2998,2998,18394.5,2023-11-15 13:27:19.089808,2023-11-15 13:27:19.442337,0 days 00:00:00.352529,0.8,10,1.25,0.8,7,96,COMPLETE
2999,2999,18116.0,2023-11-15 13:27:19.443996,2023-11-15 13:27:19.748253,0 days 00:00:00.304257,0.8,10,1.0,0.6,18,98,COMPLETE
3000,3000,18486.25,2023-11-15 13:27:19.749677,2023-11-15 13:27:20.049933,0 days 00:00:00.300256,0.8,10,1.25,0.8,12,94,COMPLETE
3001,3001,18120.75,2023-11-15 13:27:20.051473,2023-11-15 13:27:20.350639,0 days 00:00:00.299166,0.8,10,1.25,0.7000000000000001,26,99,COMPLETE
3002,3002,18394.5,2023-11-15 13:27:20.353003,2023-11-15 13:27:20.657592,0 days 00:00:00.304589,0.8,10,1.25,0.8,16,96,COMPLETE
3003,3003,18488.5,2023-11-15 13:27:20.659049,2023-11-15 13:27:20.976889,0 days 00:00:00.317840,0.7000000000000001,10,1.25,0.8,2,100,COMPLETE
3004,3004,18023.5,2023-11-15 13:27:20.978422,2023-11-15 13:27:21.324978,0 days 00:00:00.346556,0.8,10,1.25,0.8,21,98,COMPLETE
3005,3005,18399.75,2023-11-15 13:27:21.326912,2023-11-15 13:27:21.675475,0 days 00:00:00.348563,0.8,10,1.5,0.8,5,97,COMPLETE
3006,3006,17838.25,2023-11-15 13:27:21.677425,2023-11-15 13:27:22.011772,0 days 00:00:00.334347,0.9,10,1.25,0.8,10,95,COMPLETE
3007,3007,18013.5,2023-11-15 13:27:22.013469,2023-11-15 13:27:22.317985,0 days 00:00:00.304516,0.8,20,1.25,0.9,14,100,COMPLETE
3008,3008,18399.25,2023-11-15 13:27:22.319597,2023-11-15 13:27:22.618011,0 days 00:00:00.298414,0.8,10,1.25,0.8,18,92,COMPLETE
3009,3009,18305.25,2023-11-15 13:27:22.619482,2023-11-15 13:27:22.923439,0 days 00:00:00.303957,0.8,10,1.5,0.8,8,98,COMPLETE
3010,3010,12436.5,2023-11-15 13:27:22.925378,2023-11-15 13:27:23.275090,0 days 00:00:00.349712,0.8,100,1.75,0.8,12,96,COMPLETE
3011,3011,18238.5,2023-11-15 13:27:23.276870,2023-11-15 13:27:23.584173,0 days 00:00:00.307303,0.8,10,1.0,0.8,16,100,COMPLETE
3012,3012,18033.25,2023-11-15 13:27:23.585669,2023-11-15 13:27:23.892095,0 days 00:00:00.306426,0.8,10,1.25,0.8,23,98,COMPLETE
3013,3013,18122.5,2023-11-15 13:27:23.894447,2023-11-15 13:27:24.204732,0 days 00:00:00.310285,0.8,10,1.25,0.8,19,97,COMPLETE
3014,3014,13130.75,2023-11-15 13:27:24.207036,2023-11-15 13:27:24.507514,0 days 00:00:00.300478,0.8,10,1.25,0.8,6,25,COMPLETE
3015,3015,17401.75,2023-11-15 13:27:24.509202,2023-11-15 13:27:24.826112,0 days 00:00:00.316910,0.8,10,1.25,0.8,99,94,COMPLETE
3016,3016,18307.0,2023-11-15 13:27:24.827876,2023-11-15 13:27:25.134770,0 days 00:00:00.306894,0.9,10,1.25,0.9,15,100,COMPLETE
3017,3017,18305.25,2023-11-15 13:27:25.136275,2023-11-15 13:27:25.445871,0 days 00:00:00.309596,0.8,10,1.5,0.8,4,98,COMPLETE
3018,3018,18202.0,2023-11-15 13:27:25.447391,2023-11-15 13:27:25.757733,0 days 00:00:00.310342,0.8,20,1.25,0.8,21,96,COMPLETE
3019,3019,18024.75,2023-11-15 13:27:25.759193,2023-11-15 13:27:26.070353,0 days 00:00:00.311160,0.8,10,1.25,0.7000000000000001,17,84,COMPLETE
3020,3020,18358.75,2023-11-15 13:27:26.072198,2023-11-15 13:27:26.378291,0 days 00:00:00.306093,0.7000000000000001,10,1.0,0.8,1,99,COMPLETE
3021,3021,13089.5,2023-11-15 13:27:26.379787,2023-11-15 13:27:26.716129,0 days 00:00:00.336342,0.8,90,1.25,0.8,10,100,COMPLETE
3022,3022,18394.5,2023-11-15 13:27:26.717769,2023-11-15 13:27:27.028064,0 days 00:00:00.310295,0.8,10,1.25,0.8,13,96,COMPLETE
3023,3023,18023.5,2023-11-15 13:27:27.029662,2023-11-15 13:27:27.402341,0 days 00:00:00.372679,0.8,10,1.25,0.8,19,98,COMPLETE
3024,3024,18490.25,2023-11-15 13:27:27.403917,2023-11-15 13:27:27.709216,0 days 00:00:00.305299,0.8,10,1.25,0.7000000000000001,15,94,COMPLETE
3025,3025,18305.25,2023-11-15 13:27:27.711305,2023-11-15 13:27:28.015891,0 days 00:00:00.304586,0.8,10,1.5,0.8,8,98,COMPLETE
3026,3026,18013.5,2023-11-15 13:27:28.017482,2023-11-15 13:27:28.324941,0 days 00:00:00.307459,0.8,20,1.25,0.8,3,100,COMPLETE
3027,3027,18399.0,2023-11-15 13:27:28.326659,2023-11-15 13:27:28.623305,0 days 00:00:00.296646,0.8,10,1.0,0.9,22,96,COMPLETE
3028,3028,18023.5,2023-11-15 13:27:28.624776,2023-11-15 13:27:28.929086,0 days 00:00:00.304310,0.8,10,1.25,0.8,17,98,COMPLETE
3029,3029,18309.0,2023-11-15 13:27:28.930511,2023-11-15 13:27:29.236411,0 days 00:00:00.305900,0.7000000000000001,10,1.25,0.8,13,100,COMPLETE
3030,3030,16820.25,2023-11-15 13:27:29.238313,2023-11-15 13:27:29.543003,0 days 00:00:00.304690,0.8,40,1.75,0.8,6,97,COMPLETE
3031,3031,17838.25,2023-11-15 13:27:29.544933,2023-11-15 13:27:29.856232,0 days 00:00:00.311299,0.9,10,1.25,0.8,11,95,COMPLETE
3032,3032,18681.25,2023-11-15 13:27:29.857808,2023-11-15 13:27:30.160508,0 days 00:00:00.302700,0.8,10,1.25,0.8,20,99,COMPLETE
3033,3033,18399.75,2023-11-15 13:27:30.162253,2023-11-15 13:27:30.464110,0 days 00:00:00.301857,0.8,10,1.5,0.9,15,97,COMPLETE
3034,3034,18398.25,2023-11-15 13:27:30.465587,2023-11-15 13:27:30.786314,0 days 00:00:00.320727,0.8,10,1.25,0.8,18,100,COMPLETE
3035,3035,199.5,2023-11-15 13:27:30.787890,2023-11-15 13:27:31.360863,0 days 00:00:00.572973,0.8,10,1.0,0.8,0,98,COMPLETE
3036,3036,18112.5,2023-11-15 13:27:31.362378,2023-11-15 13:27:31.668625,0 days 00:00:00.306247,0.8,10,1.25,0.8,24,95,COMPLETE
3037,3037,17947.75,2023-11-15 13:27:31.670069,2023-11-15 13:27:31.972839,0 days 00:00:00.302770,0.8,20,1.25,0.8,9,92,COMPLETE
3038,3038,18212.25,2023-11-15 13:27:31.974408,2023-11-15 13:27:32.276058,0 days 00:00:00.301650,0.8,10,1.25,0.7000000000000001,4,100,COMPLETE
3039,3039,18023.5,2023-11-15 13:27:32.278068,2023-11-15 13:27:32.585269,0 days 00:00:00.307201,0.8,10,1.25,0.8,17,98,COMPLETE
3040,3040,18210.5,2023-11-15 13:27:32.586750,2023-11-15 13:27:32.889017,0 days 00:00:00.302267,0.7000000000000001,10,1.0,0.8,27,96,COMPLETE
3041,3041,18399.5,2023-11-15 13:27:32.890695,2023-11-15 13:27:33.192243,0 days 00:00:00.301548,0.8,10,1.25,0.8,11,90,COMPLETE
3042,3042,13114.25,2023-11-15 13:27:33.194041,2023-11-15 13:27:33.503234,0 days 00:00:00.309193,0.8,80,1.5,0.8,14,44,COMPLETE
3043,3043,18586.25,2023-11-15 13:27:33.506117,2023-11-15 13:27:33.807279,0 days 00:00:00.301162,0.8,10,1.25,0.9,20,99,COMPLETE
3044,3044,18486.25,2023-11-15 13:27:33.809913,2023-11-15 13:27:34.110366,0 days 00:00:00.300453,0.8,10,1.25,0.8,6,94,COMPLETE
3045,3045,18218.5,2023-11-15 13:27:34.112498,2023-11-15 13:27:34.439311,0 days 00:00:00.326813,0.9,10,1.25,0.8,16,97,COMPLETE
3046,3046,18492.5,2023-11-15 13:27:34.440902,2023-11-15 13:27:34.747026,0 days 00:00:00.306124,0.8,10,1.25,0.8,2,100,COMPLETE
3047,3047,17373.75,2023-11-15 13:27:34.748480,2023-11-15 13:27:35.058466,0 days 00:00:00.309986,0.8,30,1.5,0.4,8,98,COMPLETE
3048,3048,18301.75,2023-11-15 13:27:35.060297,2023-11-15 13:27:35.374826,0 days 00:00:00.314529,0.8,10,1.25,0.8,22,96,COMPLETE
3049,3049,18013.5,2023-11-15 13:27:35.377327,2023-11-15 13:27:35.706109,0 days 00:00:00.328782,0.8,20,1.25,0.8,12,100,COMPLETE
3050,3050,18492.5,2023-11-15 13:27:35.707977,2023-11-15 13:27:36.082646,0 days 00:00:00.374669,0.8,10,2.0,0.8,18,98,COMPLETE
3051,3051,18118.75,2023-11-15 13:27:36.084720,2023-11-15 13:27:36.419019,0 days 00:00:00.334299,0.8,10,1.0,0.7000000000000001,14,97,COMPLETE
3052,3052,18410.75,2023-11-15 13:27:36.420980,2023-11-15 13:27:36.726940,0 days 00:00:00.305960,0.8,10,1.25,0.8,20,94,COMPLETE
3053,3053,17036.0,2023-11-15 13:27:36.728656,2023-11-15 13:27:37.052909,0 days 00:00:00.324253,0.2,10,1.25,0.8,4,100,COMPLETE
3054,3054,17570.75,2023-11-15 13:27:37.054894,2023-11-15 13:27:37.368282,0 days 00:00:00.313388,0.4,10,1.5,0.8,17,98,COMPLETE
3055,3055,17670.0,2023-11-15 13:27:37.369735,2023-11-15 13:27:37.688287,0 days 00:00:00.318552,0.8,10,1.25,0.8,82,96,COMPLETE
3056,3056,15303.5,2023-11-15 13:27:37.689922,2023-11-15 13:27:38.046516,0 days 00:00:00.356594,0.1,10,1.0,0.8,9,100,COMPLETE
3057,3057,16741.5,2023-11-15 13:27:38.047973,2023-11-15 13:27:38.359715,0 days 00:00:00.311742,0.7000000000000001,10,1.25,0.9,15,57,COMPLETE
3058,3058,18023.5,2023-11-15 13:27:38.361231,2023-11-15 13:27:38.664812,0 days 00:00:00.303581,0.8,10,1.25,0.8,12,98,COMPLETE
3059,3059,17837.25,2023-11-15 13:27:38.666473,2023-11-15 13:27:38.978485,0 days 00:00:00.312012,0.8,10,1.25,0.8,2,95,COMPLETE
3060,3060,18023.5,2023-11-15 13:27:38.980748,2023-11-15 13:27:39.288302,0 days 00:00:00.307554,0.8,10,1.25,0.8,19,98,COMPLETE
