,number,value,datetime_start,datetime_complete,duration,params_alpha,params_decay_interval,params_decay_rate,params_gamma,params_initialization,params_max_steps,state
2047,2047,19271.0,2023-11-15 10:47:06.671413,2023-11-15 10:47:06.928639,0 days 00:00:00.257226,0.1,10,0.75,0.9,0,148,COMPLETE
2048,2048,15873.25,2023-11-15 10:47:06.929990,2023-11-15 10:47:07.263390,0 days 00:00:00.333400,0.4,10,0.75,0.9,35,145,COMPLETE
2049,2049,18953.25,2023-11-15 10:47:07.265250,2023-11-15 10:47:07.478304,0 days 00:00:00.213054,0.2,10,1.0,0.9,2,141,COMPLETE
2050,2050,14882.5,2023-11-15 10:47:07.479621,2023-11-15 10:47:07.729439,0 days 00:00:00.249818,0.2,70,0.75,0.9,4,147,COMPLETE
2051,2051,19163.75,2023-11-15 10:47:07.730733,2023-11-15 10:47:07.958444,0 days 00:00:00.227711,0.2,10,0.75,0.9,0,150,COMPLETE
2052,2052,17592.0,2023-11-15 10:47:07.960107,2023-11-15 10:47:08.190416,0 days 00:00:00.230309,0.2,10,0.5,0.6,7,144,COMPLETE
2053,2053,18807.0,2023-11-15 10:47:08.191730,2023-11-15 10:47:08.419685,0 days 00:00:00.227955,0.1,10,0.75,0.8,2,140,COMPLETE
2054,2054,18584.75,2023-11-15 10:47:08.420879,2023-11-15 10:47:08.638418,0 days 00:00:00.217539,0.2,20,0.75,0.9,4,147,COMPLETE
2055,2055,19261.0,2023-11-15 10:47:08.639848,2023-11-15 10:47:08.861167,0 days 00:00:00.221319,0.2,10,0.75,0.9,0,143,COMPLETE
2056,2056,18996.0,2023-11-15 10:47:08.862951,2023-11-15 10:47:09.082964,0 days 00:00:00.220013,0.2,10,1.0,0.9,2,137,COMPLETE
2057,2057,18829.5,2023-11-15 10:47:09.084211,2023-11-15 10:47:09.311688,0 days 00:00:00.227477,0.1,10,0.75,0.9,9,145,COMPLETE
2058,2058,19073.0,2023-11-15 10:47:09.313048,2023-11-15 10:47:09.531555,0 days 00:00:00.218507,0.30000000000000004,10,0.75,0.9,5,150,COMPLETE
2059,2059,12040.75,2023-11-15 10:47:09.532944,2023-11-15 10:47:09.809885,0 days 00:00:00.276941,0.2,10,1.5,0.5,2,142,COMPLETE
2060,2060,19261.0,2023-11-15 10:47:09.811646,2023-11-15 10:47:10.026207,0 days 00:00:00.214561,0.2,10,0.75,0.9,0,147,COMPLETE
2061,2061,18659.0,2023-11-15 10:47:10.028079,2023-11-15 10:47:10.294803,0 days 00:00:00.266724,0.2,10,0.25,0.9,3,139,COMPLETE
2062,2062,19262.25,2023-11-15 10:47:10.296068,2023-11-15 10:47:10.511439,0 days 00:00:00.215371,0.2,10,0.75,0.9,6,145,COMPLETE
2063,2063,18297.0,2023-11-15 10:47:10.512996,2023-11-15 10:47:10.733031,0 days 00:00:00.220035,0.1,20,0.5,0.8,0,98,COMPLETE
2064,2064,15169.5,2023-11-15 10:47:10.734367,2023-11-15 10:47:10.953040,0 days 00:00:00.218673,0.2,10,0.75,0.9,2,40,COMPLETE
2065,2065,19278.5,2023-11-15 10:47:10.954238,2023-11-15 10:47:11.172429,0 days 00:00:00.218191,0.1,10,1.0,0.9,4,148,COMPLETE
2066,2066,18992.75,2023-11-15 10:47:11.173623,2023-11-15 10:47:11.397146,0 days 00:00:00.223523,0.2,10,0.75,0.9,8,143,COMPLETE
2067,2067,18923.0,2023-11-15 10:47:11.398420,2023-11-15 10:47:11.612641,0 days 00:00:00.214221,0.2,10,0.75,0.9,0,135,COMPLETE
2068,2068,19132.0,2023-11-15 10:47:11.614382,2023-11-15 10:47:11.826039,0 days 00:00:00.211657,0.2,10,1.0,0.9,6,150,COMPLETE
2069,2069,19049.0,2023-11-15 10:47:11.827507,2023-11-15 10:47:12.048322,0 days 00:00:00.220815,0.2,10,0.75,0.9,2,140,COMPLETE
2070,2070,18117.0,2023-11-15 10:47:12.049785,2023-11-15 10:47:12.277890,0 days 00:00:00.228105,0.2,20,0.5,0.7000000000000001,3,145,COMPLETE
2071,2071,19261.0,2023-11-15 10:47:12.279148,2023-11-15 10:47:12.494230,0 days 00:00:00.215082,0.30000000000000004,10,0.75,0.9,0,147,COMPLETE
2072,2072,18874.75,2023-11-15 10:47:12.495998,2023-11-15 10:47:12.715472,0 days 00:00:00.219474,0.1,10,0.75,0.8,4,142,COMPLETE
2073,2073,19359.75,2023-11-15 10:47:12.716719,2023-11-15 10:47:12.934362,0 days 00:00:00.217643,0.2,10,0.75,0.9,0,145,COMPLETE
2074,2074,19201.25,2023-11-15 10:47:12.935600,2023-11-15 10:47:13.151278,0 days 00:00:00.215678,0.2,10,0.75,0.9,2,148,COMPLETE
2075,2075,19051.5,2023-11-15 10:47:13.152564,2023-11-15 10:47:13.374871,0 days 00:00:00.222307,0.1,10,0.75,0.9,6,142,COMPLETE
2076,2076,19119.25,2023-11-15 10:47:13.376173,2023-11-15 10:47:13.595613,0 days 00:00:00.219440,0.2,10,0.75,0.9,4,132,COMPLETE
2077,2077,18981.0,2023-11-15 10:47:13.597031,2023-11-15 10:47:13.814862,0 days 00:00:00.217831,0.2,10,0.75,0.9,2,138,COMPLETE
2078,2078,18122.75,2023-11-15 10:47:13.816138,2023-11-15 10:47:14.032082,0 days 00:00:00.215944,0.2,20,2.0,0.9,40,150,COMPLETE
2079,2079,19359.75,2023-11-15 10:47:14.033805,2023-11-15 10:47:14.256218,0 days 00:00:00.222413,0.2,10,1.0,0.9,0,145,COMPLETE
2080,2080,19261.0,2023-11-15 10:47:14.257550,2023-11-15 10:47:14.468154,0 days 00:00:00.210604,0.1,10,0.75,0.9,2,147,COMPLETE
2081,2081,18869.25,2023-11-15 10:47:14.470006,2023-11-15 10:47:14.686922,0 days 00:00:00.216916,0.30000000000000004,10,0.5,0.8,49,143,COMPLETE
2082,2082,19066.25,2023-11-15 10:47:14.688197,2023-11-15 10:47:14.904076,0 days 00:00:00.215879,0.2,10,0.75,0.9,5,140,COMPLETE
2083,2083,18217.5,2023-11-15 10:47:14.905332,2023-11-15 10:47:15.133667,0 days 00:00:00.228335,0.2,10,1.0,0.9,9,123,COMPLETE
2084,2084,19240.5,2023-11-15 10:47:15.134916,2023-11-15 10:47:15.365225,0 days 00:00:00.230309,0.2,10,0.25,0.9,0,147,COMPLETE
2085,2085,19111.25,2023-11-15 10:47:15.366537,2023-11-15 10:47:15.583323,0 days 00:00:00.216786,0.2,10,0.75,0.9,3,150,COMPLETE
2086,2086,18149.0,2023-11-15 10:47:15.584558,2023-11-15 10:47:15.808134,0 days 00:00:00.223576,0.1,10,0.75,0.9,7,103,COMPLETE
2087,2087,19163.5,2023-11-15 10:47:15.809460,2023-11-15 10:47:16.031083,0 days 00:00:00.221623,0.2,10,0.75,0.9,2,144,COMPLETE
2088,2088,18875.5,2023-11-15 10:47:16.032457,2023-11-15 10:47:16.253585,0 days 00:00:00.221128,0.2,10,0.75,0.7000000000000001,4,140,COMPLETE
2089,2089,19359.75,2023-11-15 10:47:16.254998,2023-11-15 10:47:16.465298,0 days 00:00:00.210300,0.2,10,1.0,0.5,0,145,COMPLETE
2090,2090,17923.25,2023-11-15 10:47:16.466783,2023-11-15 10:47:16.693125,0 days 00:00:00.226342,0.1,20,0.5,0.6,2,136,COMPLETE
2091,2091,19261.0,2023-11-15 10:47:16.694628,2023-11-15 10:47:16.911322,0 days 00:00:00.216694,0.2,10,0.75,0.8,5,147,COMPLETE
2092,2092,18846.25,2023-11-15 10:47:16.912834,2023-11-15 10:47:17.153902,0 days 00:00:00.241068,0.30000000000000004,10,0.75,0.9,11,143,COMPLETE
2093,2093,18836.0,2023-11-15 10:47:17.155305,2023-11-15 10:47:17.382543,0 days 00:00:00.227238,0.2,10,0.75,0.9,22,150,COMPLETE
2094,2094,19171.5,2023-11-15 10:47:17.383866,2023-11-15 10:47:17.607319,0 days 00:00:00.223453,0.2,10,0.75,0.9,0,141,COMPLETE
2095,2095,19261.0,2023-11-15 10:47:17.608556,2023-11-15 10:47:17.822824,0 days 00:00:00.214268,0.1,10,0.75,0.9,2,147,COMPLETE
2096,2096,18977.0,2023-11-15 10:47:17.824170,2023-11-15 10:47:18.046146,0 days 00:00:00.221976,0.4,10,0.75,0.9,6,144,COMPLETE
2097,2097,16984.75,2023-11-15 10:47:18.047411,2023-11-15 10:47:18.260526,0 days 00:00:00.213115,0.2,20,1.0,0.9,4,23,COMPLETE
2098,2098,17735.5,2023-11-15 10:47:18.262184,2023-11-15 10:47:18.492426,0 days 00:00:00.230242,0.2,10,0.75,0.9,68,147,COMPLETE
2099,2099,17428.75,2023-11-15 10:47:18.493937,2023-11-15 10:47:18.724402,0 days 00:00:00.230465,0.2,30,0.75,0.9,0,139,COMPLETE
2100,2100,19139.0,2023-11-15 10:47:18.725634,2023-11-15 10:47:18.941703,0 days 00:00:00.216069,0.1,10,0.75,0.8,2,143,COMPLETE
2101,2101,19166.75,2023-11-15 10:47:18.942929,2023-11-15 10:47:19.163786,0 days 00:00:00.220857,0.2,10,0.5,0.9,8,145,COMPLETE
2102,2102,19111.25,2023-11-15 10:47:19.165201,2023-11-15 10:47:19.386573,0 days 00:00:00.221372,0.2,10,0.75,0.9,3,150,COMPLETE
2103,2103,19171.5,2023-11-15 10:47:19.387905,2023-11-15 10:47:19.608418,0 days 00:00:00.220513,0.2,10,0.75,0.9,0,141,COMPLETE
2104,2104,19063.0,2023-11-15 10:47:19.609651,2023-11-15 10:47:19.827493,0 days 00:00:00.217842,0.30000000000000004,10,1.0,0.9,4,137,COMPLETE
2105,2105,19261.0,2023-11-15 10:47:19.829097,2023-11-15 10:47:20.048275,0 days 00:00:00.219178,0.1,10,0.75,0.9,2,147,COMPLETE
2106,2106,18992.75,2023-11-15 10:47:20.049753,2023-11-15 10:47:20.283440,0 days 00:00:00.233687,0.2,10,0.75,0.9,6,143,COMPLETE
2107,2107,19359.75,2023-11-15 10:47:20.284713,2023-11-15 10:47:20.504233,0 days 00:00:00.219520,0.2,10,0.75,0.6,0,148,COMPLETE
2108,2108,17688.75,2023-11-15 10:47:20.505454,2023-11-15 10:47:20.746019,0 days 00:00:00.240565,0.2,10,0.75,0.8,32,145,COMPLETE
2109,2109,14356.75,2023-11-15 10:47:20.747393,2023-11-15 10:47:21.057724,0 days 00:00:00.310331,0.1,80,1.0,0.9,2,150,COMPLETE
2110,2110,18973.0,2023-11-15 10:47:21.059411,2023-11-15 10:47:21.316455,0 days 00:00:00.257044,0.2,10,0.75,0.9,4,141,COMPLETE
2111,2111,19359.75,2023-11-15 10:47:21.318387,2023-11-15 10:47:21.592281,0 days 00:00:00.273894,0.2,10,0.5,0.5,0,145,COMPLETE
2112,2112,18981.0,2023-11-15 10:47:21.593966,2023-11-15 10:47:21.845567,0 days 00:00:00.251601,0.2,10,0.75,0.9,2,138,COMPLETE
2113,2113,18584.75,2023-11-15 10:47:21.846823,2023-11-15 10:47:22.088385,0 days 00:00:00.241562,0.2,20,0.75,0.7000000000000001,6,147,COMPLETE
2114,2114,19050.0,2023-11-15 10:47:22.089967,2023-11-15 10:47:22.356276,0 days 00:00:00.266309,0.1,10,1.0,0.9,4,143,COMPLETE
2115,2115,19271.0,2023-11-15 10:47:22.357537,2023-11-15 10:47:22.612596,0 days 00:00:00.255059,0.2,10,0.75,0.9,0,148,COMPLETE
2116,2116,17545.75,2023-11-15 10:47:22.613977,2023-11-15 10:47:22.895753,0 days 00:00:00.281776,0.30000000000000004,10,0.25,0.9,8,141,COMPLETE
2117,2117,19292.25,2023-11-15 10:47:22.897441,2023-11-15 10:47:23.179076,0 days 00:00:00.281635,0.2,10,0.75,0.9,2,145,COMPLETE
2118,2118,16290.0,2023-11-15 10:47:23.180383,2023-11-15 10:47:23.440922,0 days 00:00:00.260539,0.2,50,0.75,0.9,4,150,COMPLETE
2119,2119,19358.75,2023-11-15 10:47:23.442236,2023-11-15 10:47:23.678318,0 days 00:00:00.236082,0.2,10,0.75,0.9,0,87,COMPLETE
2120,2120,19166.0,2023-11-15 10:47:23.680314,2023-11-15 10:47:23.911551,0 days 00:00:00.231237,0.1,10,0.75,0.9,2,143,COMPLETE
2121,2121,18979.25,2023-11-15 10:47:23.912819,2023-11-15 10:47:24.148023,0 days 00:00:00.235204,0.2,10,0.5,0.8,6,147,COMPLETE
2122,2122,16066.25,2023-11-15 10:47:24.149332,2023-11-15 10:47:24.450222,0 days 00:00:00.300890,0.2,10,1.0,0.9,2,44,COMPLETE
2123,2123,19261.0,2023-11-15 10:47:24.451638,2023-11-15 10:47:24.681654,0 days 00:00:00.230016,0.2,10,0.75,0.9,0,140,COMPLETE
2124,2124,18079.0,2023-11-15 10:47:24.683103,2023-11-15 10:47:24.925780,0 days 00:00:00.242677,0.1,10,0.75,0.9,10,136,COMPLETE
2125,2125,18499.25,2023-11-15 10:47:24.927407,2023-11-15 10:47:25.172892,0 days 00:00:00.245485,0.2,20,0.75,0.9,4,145,COMPLETE
2126,2126,19201.25,2023-11-15 10:47:25.174164,2023-11-15 10:47:25.396474,0 days 00:00:00.222310,0.2,10,0.75,0.9,2,148,COMPLETE
2127,2127,12269.0,2023-11-15 10:47:25.398542,2023-11-15 10:47:25.668115,0 days 00:00:00.269573,0.2,10,0.75,0.5,5,108,COMPLETE
2128,2128,19216.5,2023-11-15 10:47:25.670054,2023-11-15 10:47:25.900249,0 days 00:00:00.230195,0.1,10,1.0,0.9,0,142,COMPLETE
2129,2129,18783.75,2023-11-15 10:47:25.901522,2023-11-15 10:47:26.163156,0 days 00:00:00.261634,0.30000000000000004,10,0.75,0.8,3,150,COMPLETE
2130,2130,19262.25,2023-11-15 10:47:26.164425,2023-11-15 10:47:26.389586,0 days 00:00:00.225161,0.2,10,0.75,0.9,7,145,COMPLETE
2131,2131,17598.5,2023-11-15 10:47:26.390993,2023-11-15 10:47:26.633625,0 days 00:00:00.242632,0.2,20,0.25,0.9,14,134,COMPLETE
2132,2132,19261.0,2023-11-15 10:47:26.635396,2023-11-15 10:47:26.855344,0 days 00:00:00.219948,0.1,10,0.75,0.6,0,140,COMPLETE
2133,2133,19265.0,2023-11-15 10:47:26.856711,2023-11-15 10:47:27.087149,0 days 00:00:00.230438,0.2,10,0.5,0.9,2,145,COMPLETE
2134,2134,13157.5,2023-11-15 10:47:27.088471,2023-11-15 10:47:27.349478,0 days 00:00:00.261007,0.2,100,0.75,0.9,4,147,COMPLETE
2135,2135,15326.5,2023-11-15 10:47:27.350750,2023-11-15 10:47:27.622730,0 days 00:00:00.271980,0.2,60,0.75,0.9,2,138,COMPLETE
2136,2136,19172.25,2023-11-15 10:47:27.624731,2023-11-15 10:47:27.867670,0 days 00:00:00.242939,0.2,10,1.0,0.9,0,143,COMPLETE
2137,2137,18874.25,2023-11-15 10:47:27.868872,2023-11-15 10:47:28.096098,0 days 00:00:00.227226,0.4,10,0.75,0.8,5,150,COMPLETE
2138,2138,13602.0,2023-11-15 10:47:28.097530,2023-11-15 10:47:28.379775,0 days 00:00:00.282245,0.1,90,1.25,0.9,8,147,COMPLETE
2139,2139,18992.75,2023-11-15 10:47:28.381091,2023-11-15 10:47:28.618011,0 days 00:00:00.236920,0.2,10,0.75,0.9,2,143,COMPLETE
2140,2140,11676.5,2023-11-15 10:47:28.619411,2023-11-15 10:47:28.910112,0 days 00:00:00.290701,0.2,10,0.75,0.9,100,141,COMPLETE
2141,2141,19172.25,2023-11-15 10:47:28.911894,2023-11-15 10:47:29.163985,0 days 00:00:00.252091,0.2,10,1.0,0.9,0,147,COMPLETE
2142,2142,18388.25,2023-11-15 10:47:29.165359,2023-11-15 10:47:29.408393,0 days 00:00:00.243034,0.1,10,0.75,0.7000000000000001,4,145,COMPLETE
2143,2143,19066.25,2023-11-15 10:47:29.410126,2023-11-15 10:47:29.644399,0 days 00:00:00.234273,0.30000000000000004,10,0.75,0.9,6,140,COMPLETE
2144,2144,18305.5,2023-11-15 10:47:29.646023,2023-11-15 10:47:29.879698,0 days 00:00:00.233675,0.2,20,0.5,0.9,2,150,COMPLETE
2145,2145,19261.0,2023-11-15 10:47:29.881072,2023-11-15 10:47:30.106457,0 days 00:00:00.225385,0.2,10,0.75,0.9,0,143,COMPLETE
2146,2146,19070.75,2023-11-15 10:47:30.108073,2023-11-15 10:47:30.336687,0 days 00:00:00.228614,0.2,10,0.75,0.8,4,116,COMPLETE
2147,2147,19261.0,2023-11-15 10:47:30.338234,2023-11-15 10:47:30.560152,0 days 00:00:00.221918,0.2,10,0.75,0.9,2,147,COMPLETE
2148,2148,18294.0,2023-11-15 10:47:30.561889,2023-11-15 10:47:30.790617,0 days 00:00:00.228728,0.1,20,1.5,0.9,0,138,COMPLETE
2149,2149,19262.25,2023-11-15 10:47:30.792033,2023-11-15 10:47:31.014384,0 days 00:00:00.222351,0.2,10,0.75,0.9,6,145,COMPLETE
2150,2150,19163.5,2023-11-15 10:47:31.015675,2023-11-15 10:47:31.240556,0 days 00:00:00.224881,0.2,10,1.25,0.9,3,150,COMPLETE
2151,2151,18647.0,2023-11-15 10:47:31.242375,2023-11-15 10:47:31.541463,0 days 00:00:00.299088,0.2,10,0.25,0.9,2,143,COMPLETE
2152,2152,19105.0,2023-11-15 10:47:31.542861,2023-11-15 10:47:31.805910,0 days 00:00:00.263049,0.1,10,1.0,0.9,9,147,COMPLETE
2153,2153,19261.0,2023-11-15 10:47:31.807182,2023-11-15 10:47:32.035468,0 days 00:00:00.228286,0.2,10,0.75,0.6,0,141,COMPLETE
2154,2154,19359.75,2023-11-15 10:47:32.036692,2023-11-15 10:47:32.265932,0 days 00:00:00.229240,0.2,10,0.75,0.9,4,145,COMPLETE
2155,2155,18873.75,2023-11-15 10:47:32.267144,2023-11-15 10:47:32.501537,0 days 00:00:00.234393,0.2,10,0.75,0.9,2,133,COMPLETE
2156,2156,17834.25,2023-11-15 10:47:32.503302,2023-11-15 10:47:32.732523,0 days 00:00:00.229221,0.1,30,1.5,0.8,6,147,COMPLETE
2157,2157,19161.25,2023-11-15 10:47:32.734024,2023-11-15 10:47:32.961327,0 days 00:00:00.227303,0.2,10,0.75,0.30000000000000004,0,137,COMPLETE
2158,2158,19169.5,2023-11-15 10:47:32.963298,2023-11-15 10:47:33.191326,0 days 00:00:00.228028,0.30000000000000004,10,1.0,0.9,4,143,COMPLETE
2159,2159,19164.25,2023-11-15 10:47:33.192968,2023-11-15 10:47:33.422550,0 days 00:00:00.229582,0.2,10,0.5,0.9,2,150,COMPLETE
2160,2160,19261.0,2023-11-15 10:47:33.423863,2023-11-15 10:47:33.653765,0 days 00:00:00.229902,0.2,10,0.75,0.9,0,140,COMPLETE
2161,2161,19262.25,2023-11-15 10:47:33.655011,2023-11-15 10:47:33.873929,0 days 00:00:00.218918,0.2,10,0.75,0.9,7,145,COMPLETE
2162,2162,18588.25,2023-11-15 10:47:33.875239,2023-11-15 10:47:34.113229,0 days 00:00:00.237990,0.1,20,0.75,0.9,4,148,COMPLETE
2163,2163,19051.5,2023-11-15 10:47:34.114518,2023-11-15 10:47:34.349229,0 days 00:00:00.234711,0.2,10,0.75,0.9,2,142,COMPLETE
2164,2164,19165.25,2023-11-15 10:47:34.350533,2023-11-15 10:47:34.596854,0 days 00:00:00.246321,0.2,10,1.25,0.9,11,145,COMPLETE
2165,2165,17018.0,2023-11-15 10:47:34.598231,2023-11-15 10:47:34.835747,0 days 00:00:00.237516,0.2,40,0.5,0.9,0,148,COMPLETE
2166,2166,18750.0,2023-11-15 10:47:34.837341,2023-11-15 10:47:35.070383,0 days 00:00:00.233042,0.1,10,0.75,0.8,5,139,COMPLETE
2167,2167,18993.75,2023-11-15 10:47:35.071624,2023-11-15 10:47:35.316877,0 days 00:00:00.245253,0.30000000000000004,10,1.0,0.7000000000000001,2,143,COMPLETE
2168,2168,6612.5,2023-11-15 10:47:35.318588,2023-11-15 10:47:35.766958,0 days 00:00:00.448370,0.2,10,1.75,0.5,3,150,COMPLETE
2169,2169,19261.0,2023-11-15 10:47:35.769113,2023-11-15 10:47:36.036017,0 days 00:00:00.266904,0.2,10,0.75,0.9,0,147,COMPLETE
2170,2170,18903.5,2023-11-15 10:47:36.037834,2023-11-15 10:47:36.328459,0 days 00:00:00.290625,0.1,10,0.75,0.9,24,145,COMPLETE
2171,2171,18953.25,2023-11-15 10:47:36.330079,2023-11-15 10:47:36.581089,0 days 00:00:00.251010,0.2,10,1.0,0.9,4,141,COMPLETE
2172,2172,14841.25,2023-11-15 10:47:36.582406,2023-11-15 10:47:36.840492,0 days 00:00:00.258086,0.2,70,0.75,0.9,8,136,COMPLETE
2173,2173,19261.0,2023-11-15 10:47:36.841863,2023-11-15 10:47:37.067657,0 days 00:00:00.225794,0.2,10,0.75,0.9,2,147,COMPLETE
2174,2174,19261.0,2023-11-15 10:47:37.068891,2023-11-15 10:47:37.302045,0 days 00:00:00.233154,0.1,10,0.75,0.9,0,144,COMPLETE
2175,2175,18969.25,2023-11-15 10:47:37.303694,2023-11-15 10:47:37.536022,0 days 00:00:00.232328,0.2,10,0.75,0.8,6,150,COMPLETE
2176,2176,18205.0,2023-11-15 10:47:37.537476,2023-11-15 10:47:37.774642,0 days 00:00:00.237166,0.30000000000000004,20,1.25,0.9,2,141,COMPLETE
2177,2177,19359.75,2023-11-15 10:47:37.776063,2023-11-15 10:47:38.003870,0 days 00:00:00.227807,0.2,10,0.75,0.9,4,145,COMPLETE
2178,2178,18969.25,2023-11-15 10:47:38.005205,2023-11-15 10:47:38.235024,0 days 00:00:00.229819,0.2,10,0.75,0.9,0,138,COMPLETE
2179,2179,18971.5,2023-11-15 10:47:38.236494,2023-11-15 10:47:38.489225,0 days 00:00:00.252731,0.2,10,0.25,0.9,2,147,COMPLETE
2180,2180,18974.5,2023-11-15 10:47:38.490495,2023-11-15 10:47:38.721653,0 days 00:00:00.231158,0.2,10,0.5,0.9,6,143,COMPLETE
2181,2181,19132.0,2023-11-15 10:47:38.722870,2023-11-15 10:47:38.949997,0 days 00:00:00.227127,0.1,10,1.0,0.9,4,150,COMPLETE
2182,2182,18394.75,2023-11-15 10:47:38.951325,2023-11-15 10:47:39.185863,0 days 00:00:00.234538,0.2,20,0.75,0.8,0,142,COMPLETE
2183,2183,19261.0,2023-11-15 10:47:39.187139,2023-11-15 10:47:39.416513,0 days 00:00:00.229374,0.2,10,0.75,0.9,2,147,COMPLETE
2184,2184,19359.75,2023-11-15 10:47:39.417779,2023-11-15 10:47:39.645748,0 days 00:00:00.227969,0.2,10,0.75,0.9,0,145,COMPLETE
2185,2185,18964.5,2023-11-15 10:47:39.647311,2023-11-15 10:47:39.885635,0 days 00:00:00.238324,0.1,10,1.0,0.9,8,140,COMPLETE
2186,2186,19136.5,2023-11-15 10:47:39.886947,2023-11-15 10:47:40.113452,0 days 00:00:00.226505,0.2,10,0.75,0.9,4,148,COMPLETE
2187,2187,19066.5,2023-11-15 10:47:40.115340,2023-11-15 10:47:40.347493,0 days 00:00:00.232153,0.2,10,1.25,0.9,2,144,COMPLETE
2188,2188,18079.0,2023-11-15 10:47:40.348786,2023-11-15 10:47:40.589018,0 days 00:00:00.240232,0.2,10,0.75,0.9,6,136,COMPLETE
2189,2189,18639.75,2023-11-15 10:47:40.590313,2023-11-15 10:47:40.824574,0 days 00:00:00.234261,0.2,10,0.75,0.6,2,142,COMPLETE
2190,2190,4916.25,2023-11-15 10:47:40.825844,2023-11-15 10:47:41.291622,0 days 00:00:00.465778,0.8,10,0.75,0.9,0,150,COMPLETE
2191,2191,15447.25,2023-11-15 10:47:41.292886,2023-11-15 10:47:41.558912,0 days 00:00:00.266026,0.1,10,0.5,0.9,89,147,COMPLETE
2192,2192,18322.0,2023-11-15 10:47:41.560302,2023-11-15 10:47:41.802484,0 days 00:00:00.242182,0.30000000000000004,20,0.75,0.8,4,139,COMPLETE
2193,2193,19359.75,2023-11-15 10:47:41.812654,2023-11-15 10:47:42.050506,0 days 00:00:00.237852,0.4,10,0.75,0.9,2,145,COMPLETE
2194,2194,19261.0,2023-11-15 10:47:42.051816,2023-11-15 10:47:42.285879,0 days 00:00:00.234063,0.2,10,0.75,0.9,0,143,COMPLETE
2195,2195,18944.25,2023-11-15 10:47:42.287195,2023-11-15 10:47:42.517417,0 days 00:00:00.230222,0.2,10,1.0,0.9,10,147,COMPLETE
2196,2196,18053.75,2023-11-15 10:47:42.518676,2023-11-15 10:47:42.757477,0 days 00:00:00.238801,0.1,10,0.75,0.7000000000000001,5,150,COMPLETE
2197,2197,19066.25,2023-11-15 10:47:42.758768,2023-11-15 10:47:42.994252,0 days 00:00:00.235484,0.2,10,0.75,0.9,3,140,COMPLETE
2198,2198,19270.0,2023-11-15 10:47:42.996213,2023-11-15 10:47:43.228394,0 days 00:00:00.232181,0.2,10,1.25,0.9,0,145,COMPLETE
2199,2199,19051.5,2023-11-15 10:47:43.229707,2023-11-15 10:47:43.466157,0 days 00:00:00.236450,0.2,10,0.75,0.9,2,142,COMPLETE
2200,2200,19261.0,2023-11-15 10:47:43.467717,2023-11-15 10:47:43.697267,0 days 00:00:00.229550,0.2,10,0.75,0.9,6,147,COMPLETE
2201,2201,15160.25,2023-11-15 10:47:43.698598,2023-11-15 10:47:43.962829,0 days 00:00:00.264231,0.1,10,0.75,0.5,4,131,COMPLETE
2202,2202,18973.0,2023-11-15 10:47:43.964144,2023-11-15 10:47:44.193685,0 days 00:00:00.229541,0.2,10,0.5,0.9,0,138,COMPLETE
2203,2203,18863.5,2023-11-15 10:47:44.195334,2023-11-15 10:47:44.429690,0 days 00:00:00.234356,0.30000000000000004,10,1.0,0.8,8,145,COMPLETE
2204,2204,18405.5,2023-11-15 10:47:44.431032,2023-11-15 10:47:44.673990,0 days 00:00:00.242958,0.2,10,0.75,0.9,56,150,COMPLETE
2205,2205,18394.75,2023-11-15 10:47:44.675356,2023-11-15 10:47:44.910838,0 days 00:00:00.235482,0.1,20,0.75,0.9,2,143,COMPLETE
2206,2206,19163.5,2023-11-15 10:47:44.912657,2023-11-15 10:47:45.152332,0 days 00:00:00.239675,0.2,10,1.25,0.9,17,147,COMPLETE
2207,2207,18871.5,2023-11-15 10:47:45.154025,2023-11-15 10:47:45.381713,0 days 00:00:00.227688,0.2,10,0.75,0.9,4,135,COMPLETE
2208,2208,18664.0,2023-11-15 10:47:45.382993,2023-11-15 10:47:45.628764,0 days 00:00:00.245771,0.2,10,1.0,0.7000000000000001,2,142,COMPLETE
2209,2209,14411.75,2023-11-15 10:47:45.630047,2023-11-15 10:47:45.909529,0 days 00:00:00.279482,0.7000000000000001,10,0.75,0.9,13,147,COMPLETE
2210,2210,19064.75,2023-11-15 10:47:45.911183,2023-11-15 10:47:46.147686,0 days 00:00:00.236503,0.2,10,0.75,0.9,0,139,COMPLETE
2211,2211,19165.0,2023-11-15 10:47:46.148926,2023-11-15 10:47:46.384993,0 days 00:00:00.236067,0.1,10,0.25,0.9,6,145,COMPLETE
2212,2212,18393.5,2023-11-15 10:47:46.386472,2023-11-15 10:47:46.622819,0 days 00:00:00.236347,0.2,20,0.75,0.9,2,150,COMPLETE
2213,2213,18784.5,2023-11-15 10:47:46.624291,2023-11-15 10:47:46.863361,0 days 00:00:00.239070,0.2,10,0.75,0.8,4,143,COMPLETE
2214,2214,19261.0,2023-11-15 10:47:46.864641,2023-11-15 10:47:47.097888,0 days 00:00:00.233247,0.2,10,0.75,0.6,0,147,COMPLETE
2215,2215,19261.0,2023-11-15 10:47:47.099171,2023-11-15 10:47:47.325350,0 days 00:00:00.226179,0.1,10,0.5,0.9,2,140,COMPLETE
2216,2216,19359.75,2023-11-15 10:47:47.326595,2023-11-15 10:47:47.563225,0 days 00:00:00.236630,0.2,10,1.0,0.9,7,145,COMPLETE
