,number,value,datetime_start,datetime_complete,duration,params_alpha,params_decay_interval,params_decay_rate,params_gamma,params_initialization,params_max_steps,state
4754,4754,18428.75,2023-11-15 13:38:24.351921,2023-11-15 13:38:24.786925,0 days 00:00:00.435004,0.8,10,1.0,0.9,25,100,COMPLETE
4755,4755,18211.25,2023-11-15 13:38:24.788745,2023-11-15 13:38:25.215624,0 days 00:00:00.426879,0.7000000000000001,10,1.25,0.8,16,98,COMPLETE
4756,4756,18394.5,2023-11-15 13:38:25.217972,2023-11-15 13:38:25.638834,0 days 00:00:00.420862,0.8,10,1.25,0.8,13,96,COMPLETE
4757,4757,18305.75,2023-11-15 13:38:25.640737,2023-11-15 13:38:26.063317,0 days 00:00:00.422580,0.8,10,1.5,0.8,8,100,COMPLETE
4758,4758,17830.75,2023-11-15 13:38:26.065241,2023-11-15 13:38:26.488653,0 days 00:00:00.423412,0.8,20,1.25,0.8,6,98,COMPLETE
4759,4759,18305.0,2023-11-15 13:38:26.490442,2023-11-15 13:38:26.914616,0 days 00:00:00.424174,0.8,10,1.25,0.7000000000000001,18,94,COMPLETE
4760,4760,18022.25,2023-11-15 13:38:26.917101,2023-11-15 13:38:27.336936,0 days 00:00:00.419835,0.8,10,1.25,0.8,15,73,COMPLETE
4761,4761,18322.0,2023-11-15 13:38:27.338715,2023-11-15 13:38:27.781760,0 days 00:00:00.443045,0.8,10,1.0,0.8,22,99,COMPLETE
4762,4762,18301.75,2023-11-15 13:38:27.784163,2023-11-15 13:38:28.209363,0 days 00:00:00.425200,0.8,10,1.25,0.8,20,96,COMPLETE
4763,4763,12479.5,2023-11-15 13:38:28.211197,2023-11-15 13:38:28.664273,0 days 00:00:00.453076,0.8,100,1.25,0.8,12,100,COMPLETE
4764,4764,16814.5,2023-11-15 13:38:28.666582,2023-11-15 13:38:29.085626,0 days 00:00:00.419044,0.9,10,1.25,0.8,5,57,COMPLETE
4765,4765,18398.5,2023-11-15 13:38:29.087462,2023-11-15 13:38:29.511329,0 days 00:00:00.423867,0.8,10,1.5,0.8,17,98,COMPLETE
4766,4766,18309.25,2023-11-15 13:38:29.513327,2023-11-15 13:38:29.951413,0 days 00:00:00.438086,0.8,10,2.0,0.8,1,97,COMPLETE
4767,4767,17940.5,2023-11-15 13:38:29.953638,2023-11-15 13:38:30.380868,0 days 00:00:00.427230,0.8,10,1.25,0.5,14,92,COMPLETE
4768,4768,13089.5,2023-11-15 13:38:30.383020,2023-11-15 13:38:30.857484,0 days 00:00:00.474464,0.8,90,1.25,0.9,10,100,COMPLETE
4769,4769,17561.0,2023-11-15 13:38:30.859450,2023-11-15 13:38:31.291762,0 days 00:00:00.432312,0.8,10,1.0,0.8,20,95,COMPLETE
4770,4770,17847.0,2023-11-15 13:38:31.293668,2023-11-15 13:38:31.726219,0 days 00:00:00.432551,0.8,10,1.5,0.4,16,98,COMPLETE
4771,4771,17839.0,2023-11-15 13:38:31.728242,2023-11-15 13:38:32.151101,0 days 00:00:00.422859,0.8,20,1.25,0.8,7,97,COMPLETE
4772,4772,17286.25,2023-11-15 13:38:32.153028,2023-11-15 13:38:32.580671,0 days 00:00:00.427643,0.8,10,1.25,0.8,24,69,COMPLETE
4773,4773,18401.5,2023-11-15 13:38:32.583172,2023-11-15 13:38:33.002070,0 days 00:00:00.418898,0.7000000000000001,10,1.25,0.8,18,100,COMPLETE
4774,4774,17837.25,2023-11-15 13:38:33.003981,2023-11-15 13:38:33.432536,0 days 00:00:00.428555,0.8,10,1.25,0.8,14,95,COMPLETE
4775,4775,18022.0,2023-11-15 13:38:33.434868,2023-11-15 13:38:33.860912,0 days 00:00:00.426044,0.8,10,1.0,0.8,3,98,COMPLETE
4776,4776,18026.25,2023-11-15 13:38:33.862849,2023-11-15 13:38:34.314602,0 days 00:00:00.451753,0.5,10,1.25,0.9,22,100,COMPLETE
4777,4777,18395.25,2023-11-15 13:38:34.317075,2023-11-15 13:38:34.733469,0 days 00:00:00.416394,0.9,10,1.5,0.8,11,96,COMPLETE
4778,4778,17932.0,2023-11-15 13:38:34.735284,2023-11-15 13:38:35.191759,0 days 00:00:00.456475,0.8,10,1.25,0.8,41,98,COMPLETE
4779,4779,18398.75,2023-11-15 13:38:35.193532,2023-11-15 13:38:35.626407,0 days 00:00:00.432875,0.8,10,1.25,0.7000000000000001,4,99,COMPLETE
4780,4780,18207.75,2023-11-15 13:38:35.628176,2023-11-15 13:38:36.048879,0 days 00:00:00.420703,0.8,10,1.25,0.8,19,93,COMPLETE
4781,4781,199.5,2023-11-15 13:38:36.050718,2023-11-15 13:38:36.722073,0 days 00:00:00.671355,0.8,10,1.0,0.8,0,96,COMPLETE
4782,4782,18492.5,2023-11-15 13:38:36.723995,2023-11-15 13:38:37.148696,0 days 00:00:00.424701,0.8,10,1.25,0.8,16,100,COMPLETE
4783,4783,17644.75,2023-11-15 13:38:37.150648,2023-11-15 13:38:37.571748,0 days 00:00:00.421100,0.8,20,1.75,0.8,8,89,COMPLETE
4784,4784,18303.75,2023-11-15 13:38:37.573739,2023-11-15 13:38:38.029261,0 days 00:00:00.455522,0.7000000000000001,10,1.25,0.8,13,98,COMPLETE
4785,4785,18218.0,2023-11-15 13:38:38.031200,2023-11-15 13:38:38.462487,0 days 00:00:00.431287,0.8,10,1.25,0.8,17,97,COMPLETE
4786,4786,18112.5,2023-11-15 13:38:38.464361,2023-11-15 13:38:38.895383,0 days 00:00:00.431022,0.8,10,1.25,0.8,6,95,COMPLETE
4787,4787,18398.25,2023-11-15 13:38:38.897194,2023-11-15 13:38:39.324664,0 days 00:00:00.427470,0.8,10,1.25,0.8,9,100,COMPLETE
4788,4788,13870.0,2023-11-15 13:38:39.326506,2023-11-15 13:38:39.745089,0 days 00:00:00.418583,0.8,10,1.5,0.9,15,24,COMPLETE
4789,4789,18023.5,2023-11-15 13:38:39.746911,2023-11-15 13:38:40.175177,0 days 00:00:00.428266,0.8,10,1.25,0.8,20,98,COMPLETE
4790,4790,18071.0,2023-11-15 13:38:40.177145,2023-11-15 13:38:40.607058,0 days 00:00:00.429913,0.8,10,1.0,0.8,66,94,COMPLETE
4791,4791,17839.0,2023-11-15 13:38:40.608876,2023-11-15 13:38:41.037333,0 days 00:00:00.428457,0.8,20,1.25,0.7000000000000001,12,97,COMPLETE
4792,4792,18398.25,2023-11-15 13:38:41.039208,2023-11-15 13:38:41.483429,0 days 00:00:00.444221,0.8,10,1.25,0.8,26,100,COMPLETE
4793,4793,11560.0,2023-11-15 13:38:41.485239,2023-11-15 13:38:41.914269,0 days 00:00:00.429030,0.9,10,1.5,0.8,2,19,COMPLETE
4794,4794,18211.25,2023-11-15 13:38:41.916560,2023-11-15 13:38:42.342923,0 days 00:00:00.426363,0.7000000000000001,10,1.25,0.8,18,98,COMPLETE
4795,4795,18301.75,2023-11-15 13:38:42.344791,2023-11-15 13:38:42.767075,0 days 00:00:00.422284,0.8,10,1.25,0.8,23,96,COMPLETE
4796,4796,18681.25,2023-11-15 13:38:42.768901,2023-11-15 13:38:43.191485,0 days 00:00:00.422584,0.8,10,1.25,0.8,10,99,COMPLETE
4797,4797,18399.25,2023-11-15 13:38:43.193384,2023-11-15 13:38:43.617599,0 days 00:00:00.424215,0.8,10,2.5,0.7000000000000001,5,100,COMPLETE
4798,4798,18396.0,2023-11-15 13:38:43.619815,2023-11-15 13:38:44.052139,0 days 00:00:00.432324,0.8,10,1.25,0.9,21,96,COMPLETE
4799,4799,18023.5,2023-11-15 13:38:44.054043,2023-11-15 13:38:44.479657,0 days 00:00:00.425614,0.8,10,1.25,0.8,14,98,COMPLETE
4800,4800,15747.5,2023-11-15 13:38:44.481559,2023-11-15 13:38:44.923553,0 days 00:00:00.441994,0.8,20,1.0,0.8,16,62,COMPLETE
4801,4801,18410.75,2023-11-15 13:38:44.925560,2023-11-15 13:38:45.349842,0 days 00:00:00.424282,0.8,10,1.25,0.8,18,94,COMPLETE
4802,4802,18200.75,2023-11-15 13:38:45.352154,2023-11-15 13:38:45.783280,0 days 00:00:00.431126,0.8,10,0.75,0.8,12,100,COMPLETE
4803,4803,18399.75,2023-11-15 13:38:45.785437,2023-11-15 13:38:46.212198,0 days 00:00:00.426761,0.8,10,1.5,0.8,4,97,COMPLETE
4804,4804,18118.0,2023-11-15 13:38:46.214207,2023-11-15 13:38:46.649448,0 days 00:00:00.435241,0.8,10,1.25,0.9,60,98,COMPLETE
4805,4805,15053.75,2023-11-15 13:38:46.652242,2023-11-15 13:38:47.092015,0 days 00:00:00.439773,0.8,60,1.75,0.8,7,92,COMPLETE
4806,4806,18207.75,2023-11-15 13:38:47.093840,2023-11-15 13:38:47.516271,0 days 00:00:00.422431,0.9,10,1.25,0.8,19,96,COMPLETE
4807,4807,18401.5,2023-11-15 13:38:47.518528,2023-11-15 13:38:47.945718,0 days 00:00:00.427190,0.7000000000000001,10,1.25,0.8,15,100,COMPLETE
4808,4808,18023.5,2023-11-15 13:38:47.947631,2023-11-15 13:38:48.389197,0 days 00:00:00.441566,0.8,10,1.25,0.8,2,98,COMPLETE
4809,4809,17005.25,2023-11-15 13:38:48.391122,2023-11-15 13:38:48.825957,0 days 00:00:00.434835,0.8,20,1.25,0.8,10,95,COMPLETE
4810,4810,18322.0,2023-11-15 13:38:48.827767,2023-11-15 13:38:49.256610,0 days 00:00:00.428843,0.8,10,1.0,0.8,17,99,COMPLETE
4811,4811,18311.75,2023-11-15 13:38:49.258429,2023-11-15 13:38:49.681029,0 days 00:00:00.422600,0.8,10,1.5,0.8,21,97,COMPLETE
4812,4812,18399.0,2023-11-15 13:38:49.683538,2023-11-15 13:38:50.122638,0 days 00:00:00.439100,0.8,10,1.25,0.7000000000000001,13,100,COMPLETE
4813,4813,16057.5,2023-11-15 13:38:50.124509,2023-11-15 13:38:50.587565,0 days 00:00:00.463056,0.8,50,1.25,0.8,8,94,COMPLETE
4814,4814,18023.5,2023-11-15 13:38:50.589411,2023-11-15 13:38:51.029692,0 days 00:00:00.440281,0.8,10,1.25,0.8,16,98,COMPLETE
4815,4815,17597.75,2023-11-15 13:38:51.032026,2023-11-15 13:38:51.505163,0 days 00:00:00.473137,0.8,10,1.25,0.8,81,96,COMPLETE
4816,4816,18218.0,2023-11-15 13:38:51.506937,2023-11-15 13:38:51.939414,0 days 00:00:00.432477,0.8,10,1.25,0.9,19,100,COMPLETE
4817,4817,199.5,2023-11-15 13:38:51.941437,2023-11-15 13:38:52.627727,0 days 00:00:00.686290,0.9,10,1.0,0.8,0,98,COMPLETE
4818,4818,18033.25,2023-11-15 13:38:52.629790,2023-11-15 13:38:53.069422,0 days 00:00:00.439632,0.8,10,1.25,0.8,23,98,COMPLETE
4819,4819,18301.5,2023-11-15 13:38:53.071224,2023-11-15 13:38:53.497229,0 days 00:00:00.426005,0.8,10,1.5,0.8,6,96,COMPLETE
4820,4820,17359.25,2023-11-15 13:38:53.499564,2023-11-15 13:38:53.931967,0 days 00:00:00.432403,0.7000000000000001,30,1.25,0.8,14,100,COMPLETE
4821,4821,18298.0,2023-11-15 13:38:53.934297,2023-11-15 13:38:54.361142,0 days 00:00:00.426845,0.8,10,1.0,0.8,3,94,COMPLETE
4822,4822,18681.25,2023-11-15 13:38:54.362958,2023-11-15 13:38:54.785708,0 days 00:00:00.422750,0.8,10,1.25,0.8,11,99,COMPLETE
4823,4823,17839.0,2023-11-15 13:38:54.787480,2023-11-15 13:38:55.236697,0 days 00:00:00.449217,0.8,20,1.25,0.8,17,97,COMPLETE
4824,4824,18400.5,2023-11-15 13:38:55.238518,2023-11-15 13:38:55.663843,0 days 00:00:00.425325,0.8,10,2.0,0.7000000000000001,20,100,COMPLETE
4825,4825,18401.0,2023-11-15 13:38:55.665938,2023-11-15 13:38:56.094207,0 days 00:00:00.428269,0.8,10,3.0,0.8,14,97,COMPLETE
4826,4826,17837.25,2023-11-15 13:38:56.096051,2023-11-15 13:38:56.527449,0 days 00:00:00.431398,0.8,10,1.25,0.8,5,95,COMPLETE
4827,4827,18120.25,2023-11-15 13:38:56.529366,2023-11-15 13:38:56.955639,0 days 00:00:00.426273,0.8,10,1.5,0.6,22,98,COMPLETE
4828,4828,17564.25,2023-11-15 13:38:56.957638,2023-11-15 13:38:57.389594,0 days 00:00:00.431956,0.8,10,1.25,0.30000000000000004,9,91,COMPLETE
4829,4829,18495.25,2023-11-15 13:38:57.391410,2023-11-15 13:38:57.822194,0 days 00:00:00.430784,0.7000000000000001,10,1.25,0.9,16,100,COMPLETE
4830,4830,18301.75,2023-11-15 13:38:57.824036,2023-11-15 13:38:58.249500,0 days 00:00:00.425464,0.8,10,1.25,0.7000000000000001,12,96,COMPLETE
4831,4831,16277.25,2023-11-15 13:38:58.251491,2023-11-15 13:38:58.683853,0 days 00:00:00.432362,0.8,10,1.25,0.8,18,36,COMPLETE
4832,4832,17830.75,2023-11-15 13:38:58.685756,2023-11-15 13:38:59.117977,0 days 00:00:00.432221,0.8,20,1.25,0.8,4,98,COMPLETE
4833,4833,16112.0,2023-11-15 13:38:59.120538,2023-11-15 13:38:59.545608,0 days 00:00:00.425070,0.8,10,1.0,0.8,7,44,COMPLETE
4834,4834,18214.0,2023-11-15 13:38:59.547436,2023-11-15 13:38:59.980770,0 days 00:00:00.433334,0.8,10,1.25,0.8,49,100,COMPLETE
4835,4835,18115.25,2023-11-15 13:38:59.983414,2023-11-15 13:39:00.420525,0 days 00:00:00.437111,0.9,10,1.5,0.8,27,98,COMPLETE
4836,4836,17833.0,2023-11-15 13:39:00.422443,2023-11-15 13:39:00.858468,0 days 00:00:00.436025,0.8,10,1.25,0.4,19,95,COMPLETE
4837,4837,18023.5,2023-11-15 13:39:00.860650,2023-11-15 13:39:01.298301,0 days 00:00:00.437651,0.8,10,1.25,0.8,25,98,COMPLETE
4838,4838,17834.0,2023-11-15 13:39:01.300973,2023-11-15 13:39:01.734501,0 days 00:00:00.433528,0.8,20,1.25,0.9,15,93,COMPLETE
4839,4839,18401.0,2023-11-15 13:39:01.736495,2023-11-15 13:39:02.178958,0 days 00:00:00.442463,0.8,10,1.0,0.8,10,100,COMPLETE
4840,4840,18209.5,2023-11-15 13:39:02.180919,2023-11-15 13:39:02.618286,0 days 00:00:00.437367,0.8,10,1.25,0.8,36,96,COMPLETE
4841,4841,18305.25,2023-11-15 13:39:02.620175,2023-11-15 13:39:03.056008,0 days 00:00:00.435833,0.8,10,1.5,0.8,13,98,COMPLETE
4842,4842,18398.25,2023-11-15 13:39:03.057991,2023-11-15 13:39:03.489561,0 days 00:00:00.431570,0.8,10,1.25,0.8,21,100,COMPLETE
4843,4843,18394.5,2023-11-15 13:39:03.491624,2023-11-15 13:39:03.920790,0 days 00:00:00.429166,0.8,10,1.25,0.8,17,96,COMPLETE
4844,4844,18399.0,2023-11-15 13:39:03.922583,2023-11-15 13:39:04.357552,0 days 00:00:00.434969,0.8,10,1.75,0.8,2,98,COMPLETE
4845,4845,17930.5,2023-11-15 13:39:04.359471,2023-11-15 13:39:04.793745,0 days 00:00:00.434274,0.6,10,1.25,0.8,7,94,COMPLETE
4846,4846,18398.25,2023-11-15 13:39:04.795544,2023-11-15 13:39:05.252929,0 days 00:00:00.457385,0.7000000000000001,10,1.25,0.9,15,99,COMPLETE
4847,4847,18323.25,2023-11-15 13:39:05.255095,2023-11-15 13:39:05.682143,0 days 00:00:00.427048,0.8,10,1.0,0.8,18,97,COMPLETE
4848,4848,18492.5,2023-11-15 13:39:05.684394,2023-11-15 13:39:06.111075,0 days 00:00:00.426681,0.8,10,1.25,0.8,12,100,COMPLETE
4849,4849,17926.25,2023-11-15 13:39:06.112857,2023-11-15 13:39:06.539133,0 days 00:00:00.426276,0.9,10,1.25,0.8,20,84,COMPLETE
4850,4850,18209.25,2023-11-15 13:39:06.540940,2023-11-15 13:39:06.976817,0 days 00:00:00.435877,0.8,10,1.25,0.7000000000000001,23,96,COMPLETE
4851,4851,17925.0,2023-11-15 13:39:06.978648,2023-11-15 13:39:07.412440,0 days 00:00:00.433792,0.8,20,1.5,0.8,5,98,COMPLETE
4852,4852,18398.25,2023-11-15 13:39:07.414235,2023-11-15 13:39:07.844745,0 days 00:00:00.430510,0.8,10,1.25,0.8,9,100,COMPLETE
4853,4853,18218.0,2023-11-15 13:39:07.846757,2023-11-15 13:39:08.279384,0 days 00:00:00.432627,0.8,10,1.25,0.8,14,97,COMPLETE
4854,4854,18212.75,2023-11-15 13:39:08.281483,2023-11-15 13:39:08.737527,0 days 00:00:00.456044,0.8,10,1.5,0.8,2,94,COMPLETE
4855,4855,18587.75,2023-11-15 13:39:08.739383,2023-11-15 13:39:09.169715,0 days 00:00:00.430332,0.8,10,1.25,0.9,16,99,COMPLETE
4856,4856,18432.0,2023-11-15 13:39:09.171556,2023-11-15 13:39:09.605904,0 days 00:00:00.434348,0.8,10,1.0,0.8,19,96,COMPLETE
4857,4857,757.0,2023-11-15 13:39:09.607777,2023-11-15 13:39:10.280366,0 days 00:00:00.672589,0.8,40,1.25,0.8,0,98,COMPLETE
4858,4858,17666.0,2023-11-15 13:39:10.282928,2023-11-15 13:39:10.725756,0 days 00:00:00.442828,0.30000000000000004,10,1.25,0.8,12,100,COMPLETE
4859,4859,17922.25,2023-11-15 13:39:10.727763,2023-11-15 13:39:11.168361,0 days 00:00:00.440598,0.8,20,1.25,0.7000000000000001,17,92,COMPLETE
4860,4860,17841.75,2023-11-15 13:39:11.170954,2023-11-15 13:39:11.606686,0 days 00:00:00.435732,0.4,10,1.25,0.8,21,98,COMPLETE
4861,4861,16667.25,2023-11-15 13:39:11.608465,2023-11-15 13:39:12.060325,0 days 00:00:00.451860,0.7000000000000001,10,0.5,0.8,4,60,COMPLETE
4862,4862,17096.0,2023-11-15 13:39:12.062376,2023-11-15 13:39:12.486855,0 days 00:00:00.424479,0.8,10,1.5,0.8,8,48,COMPLETE
4863,4863,18394.5,2023-11-15 13:39:12.488780,2023-11-15 13:39:12.918597,0 days 00:00:00.429817,0.8,10,1.25,0.8,11,96,COMPLETE
4864,4864,18492.5,2023-11-15 13:39:12.920511,2023-11-15 13:39:13.353954,0 days 00:00:00.433443,0.8,10,1.25,0.8,14,100,COMPLETE
4865,4865,18026.0,2023-11-15 13:39:13.355802,2023-11-15 13:39:13.791914,0 days 00:00:00.436112,0.9,10,1.25,0.8,54,98,COMPLETE
4866,4866,14415.0,2023-11-15 13:39:13.793755,2023-11-15 13:39:14.242739,0 days 00:00:00.448984,0.8,70,1.25,0.8,18,94,COMPLETE
4867,4867,14143.0,2023-11-15 13:39:14.244590,2023-11-15 13:39:14.719257,0 days 00:00:00.474667,0.1,10,1.0,0.8,23,96,COMPLETE
4868,4868,18027.75,2023-11-15 13:39:14.721672,2023-11-15 13:39:15.175691,0 days 00:00:00.454019,0.5,10,1.25,0.9,16,100,COMPLETE
4869,4869,18022.0,2023-11-15 13:39:15.177755,2023-11-15 13:39:15.603293,0 days 00:00:00.425538,0.8,10,1.0,0.8,6,98,COMPLETE
4870,4870,18219.25,2023-11-15 13:39:15.605138,2023-11-15 13:39:16.038054,0 days 00:00:00.432916,0.8,10,1.25,0.8,20,87,COMPLETE
4871,4871,18401.5,2023-11-15 13:39:16.039858,2023-11-15 13:39:16.464422,0 days 00:00:00.424564,0.8,10,1.75,0.8,3,97,COMPLETE
4872,4872,18492.5,2023-11-15 13:39:16.466921,2023-11-15 13:39:16.900942,0 days 00:00:00.434021,0.8,10,1.25,0.8,10,100,COMPLETE
4873,4873,17471.5,2023-11-15 13:39:16.903669,2023-11-15 13:39:17.338248,0 days 00:00:00.434579,0.8,10,1.5,0.2,14,95,COMPLETE
4874,4874,18302.25,2023-11-15 13:39:17.340040,2023-11-15 13:39:17.770135,0 days 00:00:00.430095,0.9,10,1.25,0.7000000000000001,18,98,COMPLETE
4875,4875,18013.5,2023-11-15 13:39:17.772054,2023-11-15 13:39:18.206558,0 days 00:00:00.434504,0.8,20,1.25,0.8,7,100,COMPLETE
4876,4876,18300.75,2023-11-15 13:39:18.208611,2023-11-15 13:39:18.660343,0 days 00:00:00.451732,0.8,10,1.25,0.9,15,96,COMPLETE
4877,4877,17932.0,2023-11-15 13:39:18.662878,2023-11-15 13:39:19.098352,0 days 00:00:00.435474,0.8,10,1.25,0.8,44,98,COMPLETE
4878,4878,13758.5,2023-11-15 13:39:19.100885,2023-11-15 13:39:19.553639,0 days 00:00:00.452754,0.8,80,1.0,0.8,12,93,COMPLETE
4879,4879,18491.25,2023-11-15 13:39:19.555621,2023-11-15 13:39:19.991924,0 days 00:00:00.436303,0.7000000000000001,10,1.25,0.8,24,99,COMPLETE
4880,4880,18218.0,2023-11-15 13:39:19.993712,2023-11-15 13:39:20.436930,0 days 00:00:00.443218,0.8,10,1.25,0.8,21,97,COMPLETE
4881,4881,17831.25,2023-11-15 13:39:20.438764,2023-11-15 13:39:20.896900,0 days 00:00:00.458136,0.8,10,1.5,0.8,29,95,COMPLETE
4882,4882,18492.5,2023-11-15 13:39:20.899518,2023-11-15 13:39:21.334816,0 days 00:00:00.435298,0.8,10,1.25,0.8,4,100,COMPLETE
4883,4883,18209.5,2023-11-15 13:39:21.336720,2023-11-15 13:39:21.770818,0 days 00:00:00.434098,0.8,10,1.25,0.7000000000000001,17,98,COMPLETE
4884,4884,18202.0,2023-11-15 13:39:21.772737,2023-11-15 13:39:22.224495,0 days 00:00:00.451758,0.8,20,1.25,0.8,19,96,COMPLETE
4885,4885,18306.25,2023-11-15 13:39:22.226365,2023-11-15 13:39:22.660505,0 days 00:00:00.434140,0.8,10,1.25,0.9,9,100,COMPLETE
4886,4886,18120.25,2023-11-15 13:39:22.662371,2023-11-15 13:39:23.104645,0 days 00:00:00.442274,0.8,10,1.5,0.8,58,98,COMPLETE
4887,4887,18218.0,2023-11-15 13:39:23.106486,2023-11-15 13:39:23.544608,0 days 00:00:00.438122,0.8,10,1.25,0.8,1,97,COMPLETE
4888,4888,18398.25,2023-11-15 13:39:23.546460,2023-11-15 13:39:23.979710,0 days 00:00:00.433250,0.8,10,1.25,0.6,13,100,COMPLETE
4889,4889,17837.25,2023-11-15 13:39:23.981881,2023-11-15 13:39:24.419772,0 days 00:00:00.437891,0.8,10,1.25,0.8,16,95,COMPLETE
4890,4890,18022.0,2023-11-15 13:39:24.421923,2023-11-15 13:39:24.851293,0 days 00:00:00.429370,0.8,10,1.0,0.8,6,98,COMPLETE
4891,4891,18681.25,2023-11-15 13:39:24.853220,2023-11-15 13:39:25.280254,0 days 00:00:00.427034,0.8,10,1.25,0.8,20,99,COMPLETE
4892,4892,17647.5,2023-11-15 13:39:25.282589,2023-11-15 13:39:25.742613,0 days 00:00:00.460024,0.9,10,1.5,0.8,89,94,COMPLETE
4893,4893,17468.75,2023-11-15 13:39:25.744473,2023-11-15 13:39:26.189060,0 days 00:00:00.444587,0.7000000000000001,20,1.25,0.5,10,90,COMPLETE
4894,4894,18401.5,2023-11-15 13:39:26.191320,2023-11-15 13:39:26.622771,0 days 00:00:00.431451,0.8,10,1.75,0.8,15,97,COMPLETE
4895,4895,18399.0,2023-11-15 13:39:26.624678,2023-11-15 13:39:27.059338,0 days 00:00:00.434660,0.8,10,1.25,0.8,22,100,COMPLETE
4896,4896,18116.5,2023-11-15 13:39:27.061287,2023-11-15 13:39:27.501708,0 days 00:00:00.440421,0.8,10,1.25,0.7000000000000001,18,96,COMPLETE
4897,4897,18022.0,2023-11-15 13:39:27.503609,2023-11-15 13:39:27.943146,0 days 00:00:00.439537,0.8,10,1.0,0.8,5,98,COMPLETE
4898,4898,18492.5,2023-11-15 13:39:27.945007,2023-11-15 13:39:28.379038,0 days 00:00:00.434031,0.8,10,1.25,0.8,8,100,COMPLETE
4899,4899,18395.25,2023-11-15 13:39:28.380977,2023-11-15 13:39:28.834672,0 days 00:00:00.453695,0.8,10,1.5,0.8,2,96,COMPLETE
4900,4900,17830.75,2023-11-15 13:39:28.836461,2023-11-15 13:39:29.267565,0 days 00:00:00.431104,0.8,20,1.25,0.9,13,98,COMPLETE
4901,4901,18207.75,2023-11-15 13:39:29.270334,2023-11-15 13:39:29.698304,0 days 00:00:00.427970,0.8,10,1.25,0.8,16,93,COMPLETE
4902,4902,14803.75,2023-11-15 13:39:29.700967,2023-11-15 13:39:30.129228,0 days 00:00:00.428261,0.7000000000000001,10,1.25,0.8,11,40,COMPLETE
4903,4903,18681.25,2023-11-15 13:39:30.131205,2023-11-15 13:39:30.565192,0 days 00:00:00.433987,0.8,10,1.25,0.8,19,99,COMPLETE
4904,4904,18215.0,2023-11-15 13:39:30.567787,2023-11-15 13:39:31.002804,0 days 00:00:00.435017,0.9,10,1.0,0.8,26,97,COMPLETE
4905,4905,12479.5,2023-11-15 13:39:31.004826,2023-11-15 13:39:31.478931,0 days 00:00:00.474105,0.8,100,1.25,0.8,0,100,COMPLETE
4906,4906,17837.25,2023-11-15 13:39:31.480872,2023-11-15 13:39:31.945461,0 days 00:00:00.464589,0.8,10,1.25,0.8,4,95,COMPLETE
4907,4907,17755.25,2023-11-15 13:39:31.947363,2023-11-15 13:39:32.390742,0 days 00:00:00.443379,0.8,10,1.25,0.8,77,98,COMPLETE
4908,4908,18492.5,2023-11-15 13:39:32.392643,2023-11-15 13:39:32.826465,0 days 00:00:00.433822,0.8,10,1.25,0.8,14,100,COMPLETE
4909,4909,17673.25,2023-11-15 13:39:32.828379,2023-11-15 13:39:33.274413,0 days 00:00:00.446034,0.8,10,1.0,0.7000000000000001,74,96,COMPLETE
4910,4910,18212.75,2023-11-15 13:39:33.276324,2023-11-15 13:39:33.715080,0 days 00:00:00.438756,0.8,10,1.5,0.9,17,98,COMPLETE
4911,4911,18030.0,2023-11-15 13:39:33.717476,2023-11-15 13:39:34.147597,0 days 00:00:00.430121,0.8,20,1.25,0.8,22,94,COMPLETE
4912,4912,18492.5,2023-11-15 13:39:34.149757,2023-11-15 13:39:34.580220,0 days 00:00:00.430463,0.8,10,1.25,0.8,8,100,COMPLETE
4913,4913,18400.75,2023-11-15 13:39:34.583001,2023-11-15 13:39:35.047039,0 days 00:00:00.464038,0.9,10,1.5,0.8,20,97,COMPLETE
4914,4914,18023.5,2023-11-15 13:39:35.049493,2023-11-15 13:39:35.483882,0 days 00:00:00.434389,0.8,10,1.25,0.8,12,98,COMPLETE
4915,4915,17197.5,2023-11-15 13:39:35.485803,2023-11-15 13:39:35.920969,0 days 00:00:00.435166,0.8,10,1.25,0.8,16,65,COMPLETE
4916,4916,17747.25,2023-11-15 13:39:35.922965,2023-11-15 13:39:36.366297,0 days 00:00:00.443332,0.8,10,1.25,0.9,3,95,COMPLETE
4917,4917,18607.25,2023-11-15 13:39:36.368414,2023-11-15 13:39:36.806764,0 days 00:00:00.438350,0.8,10,1.0,0.8,7,92,COMPLETE
4918,4918,18399.5,2023-11-15 13:39:36.808623,2023-11-15 13:39:37.245359,0 days 00:00:00.436736,0.8,10,1.25,0.8,24,100,COMPLETE
4919,4919,17565.75,2023-11-15 13:39:37.247164,2023-11-15 13:39:37.703510,0 days 00:00:00.456346,0.8,30,1.25,0.8,15,98,COMPLETE
4920,4920,18394.5,2023-11-15 13:39:37.705461,2023-11-15 13:39:38.155143,0 days 00:00:00.449682,0.8,10,1.25,0.8,18,96,COMPLETE
4921,4921,18116.5,2023-11-15 13:39:38.157208,2023-11-15 13:39:38.596439,0 days 00:00:00.439231,0.7000000000000001,10,1.5,0.8,10,99,COMPLETE
4922,4922,17839.0,2023-11-15 13:39:38.598970,2023-11-15 13:39:39.036120,0 days 00:00:00.437150,0.8,20,1.25,0.8,13,97,COMPLETE
