,number,value,datetime_start,datetime_complete,duration,params_alpha,params_decay_interval,params_decay_rate,params_gamma,params_initialization,params_max_steps,state
856,856,18683.0,2023-11-15 12:01:38.907646,2023-11-15 12:01:39.042069,0 days 00:00:00.134423,0.9,10,1.5,0.30000000000000004,5,150,COMPLETE
857,857,18114.5,2023-11-15 12:01:39.043468,2023-11-15 12:01:39.180249,0 days 00:00:00.136781,0.9,10,0.75,0.2,9,144,COMPLETE
858,858,18126.25,2023-11-15 12:01:39.181240,2023-11-15 12:01:39.317966,0 days 00:00:00.136726,0.9,10,0.5,0.1,2,147,COMPLETE
859,859,18495.0,2023-11-15 12:01:39.319157,2023-11-15 12:01:39.451842,0 days 00:00:00.132685,0.9,10,1.25,0.2,7,142,COMPLETE
860,860,18207.5,2023-11-15 12:01:39.452873,2023-11-15 12:01:39.587641,0 days 00:00:00.134768,0.9,10,0.75,0.2,11,147,COMPLETE
861,861,18589.0,2023-11-15 12:01:39.588675,2023-11-15 12:01:39.720511,0 days 00:00:00.131836,0.9,10,1.25,0.2,4,150,COMPLETE
862,862,199.75,2023-11-15 12:01:39.721704,2023-11-15 12:01:40.157036,0 days 00:00:00.435332,0.9,20,0.75,0.4,0,144,COMPLETE
863,863,18116.0,2023-11-15 12:01:40.158328,2023-11-15 12:01:40.293520,0 days 00:00:00.135192,0.9,10,0.75,0.1,8,140,COMPLETE
864,864,18494.0,2023-11-15 12:01:40.294940,2023-11-15 12:01:40.430034,0 days 00:00:00.135094,0.9,10,1.25,0.5,6,147,COMPLETE
865,865,18402.0,2023-11-15 12:01:40.431073,2023-11-15 12:01:40.563589,0 days 00:00:00.132516,0.9,10,0.75,0.2,3,143,COMPLETE
866,866,16823.25,2023-11-15 12:01:40.564802,2023-11-15 12:01:40.708145,0 days 00:00:00.143343,0.8,40,0.75,0.30000000000000004,10,150,COMPLETE
867,867,18502.25,2023-11-15 12:01:40.709142,2023-11-15 12:01:40.843040,0 days 00:00:00.133898,0.9,10,1.25,0.2,49,145,COMPLETE
868,868,18487.75,2023-11-15 12:01:40.844191,2023-11-15 12:01:40.985748,0 days 00:00:00.141557,0.9,10,1.5,0.8,13,138,COMPLETE
869,869,18097.75,2023-11-15 12:01:40.986809,2023-11-15 12:01:41.126507,0 days 00:00:00.139698,0.9,10,0.5,0.1,6,147,COMPLETE
870,870,18331.75,2023-11-15 12:01:41.127957,2023-11-15 12:01:41.261141,0 days 00:00:00.133184,0.9,10,0.75,0.2,8,142,COMPLETE
871,871,18121.75,2023-11-15 12:01:41.262501,2023-11-15 12:01:41.397129,0 days 00:00:00.134628,0.9,20,1.0,0.2,4,148,COMPLETE
872,872,17302.25,2023-11-15 12:01:41.398381,2023-11-15 12:01:41.526496,0 days 00:00:00.128115,0.9,10,1.25,0.6,2,60,COMPLETE
873,873,18503.5,2023-11-15 12:01:41.528069,2023-11-15 12:01:41.663131,0 days 00:00:00.135062,0.9,10,0.75,0.2,6,145,COMPLETE
874,874,18314.5,2023-11-15 12:01:41.664327,2023-11-15 12:01:41.800673,0 days 00:00:00.136346,0.8,10,1.0,0.2,10,150,COMPLETE
875,875,18148.0,2023-11-15 12:01:41.801794,2023-11-15 12:01:41.938976,0 days 00:00:00.137182,0.9,10,0.75,0.30000000000000004,8,141,COMPLETE
876,876,18632.5,2023-11-15 12:01:41.940049,2023-11-15 12:01:42.073299,0 days 00:00:00.133250,0.9,10,1.25,0.1,12,145,COMPLETE
877,877,18526.0,2023-11-15 12:01:42.074351,2023-11-15 12:01:42.209982,0 days 00:00:00.135631,0.9,10,1.0,0.2,71,147,COMPLETE
878,878,18063.5,2023-11-15 12:01:42.211453,2023-11-15 12:01:42.354813,0 days 00:00:00.143360,0.9,10,0.5,0.7000000000000001,15,143,COMPLETE
879,879,18301.75,2023-11-15 12:01:42.356039,2023-11-15 12:01:42.509356,0 days 00:00:00.153317,0.9,10,0.75,0.1,4,138,COMPLETE
880,880,199.75,2023-11-15 12:01:42.511089,2023-11-15 12:01:42.970644,0 days 00:00:00.459555,0.9,10,1.25,0.2,0,150,COMPLETE
881,881,17971.75,2023-11-15 12:01:42.971786,2023-11-15 12:01:43.108360,0 days 00:00:00.136574,0.9,20,0.75,0.2,9,147,COMPLETE
882,882,17930.0,2023-11-15 12:01:43.109588,2023-11-15 12:01:43.248667,0 days 00:00:00.139079,0.9,10,1.0,0.2,6,144,COMPLETE
883,883,18398.25,2023-11-15 12:01:43.249783,2023-11-15 12:01:43.386948,0 days 00:00:00.137165,0.9,10,1.25,0.6,2,141,COMPLETE
884,884,18486.75,2023-11-15 12:01:43.387979,2023-11-15 12:01:43.524293,0 days 00:00:00.136314,0.9,10,0.75,0.4,5,147,COMPLETE
885,885,15599.25,2023-11-15 12:01:43.525282,2023-11-15 12:01:43.685118,0 days 00:00:00.159836,0.9,60,3.0,0.1,8,150,COMPLETE
886,886,18107.75,2023-11-15 12:01:43.686115,2023-11-15 12:01:43.821276,0 days 00:00:00.135161,0.9,10,1.5,0.2,11,134,COMPLETE
887,887,18596.75,2023-11-15 12:01:43.822397,2023-11-15 12:01:43.957933,0 days 00:00:00.135536,0.9,10,1.0,0.2,76,145,COMPLETE
888,888,17305.75,2023-11-15 12:01:43.959201,2023-11-15 12:01:44.095075,0 days 00:00:00.135874,0.9,10,0.75,0.2,4,80,COMPLETE
889,889,17750.75,2023-11-15 12:01:44.096290,2023-11-15 12:01:44.232914,0 days 00:00:00.136624,0.8,10,1.0,0.1,35,122,COMPLETE
890,890,18707.5,2023-11-15 12:01:44.233947,2023-11-15 12:01:44.370600,0 days 00:00:00.136653,0.9,10,1.25,0.9,7,142,COMPLETE
891,891,18691.0,2023-11-15 12:01:44.371641,2023-11-15 12:01:44.508169,0 days 00:00:00.136528,0.9,10,0.5,0.30000000000000004,2,148,COMPLETE
892,892,18305.75,2023-11-15 12:01:44.509203,2023-11-15 12:01:44.644428,0 days 00:00:00.135225,0.9,10,0.75,0.2,9,138,COMPLETE
893,893,17645.5,2023-11-15 12:01:44.645865,2023-11-15 12:01:44.786196,0 days 00:00:00.140331,0.9,20,1.25,0.2,5,144,COMPLETE
894,894,17429.25,2023-11-15 12:01:44.787226,2023-11-15 12:01:44.920729,0 days 00:00:00.133503,0.9,10,0.75,0.2,12,91,COMPLETE
895,895,17438.75,2023-11-15 12:01:44.921851,2023-11-15 12:01:45.070166,0 days 00:00:00.148315,0.5,10,1.0,0.1,7,147,COMPLETE
896,896,18586.25,2023-11-15 12:01:45.071160,2023-11-15 12:01:45.207471,0 days 00:00:00.136311,0.8,10,0.75,0.6,3,150,COMPLETE
897,897,16981.5,2023-11-15 12:01:45.208518,2023-11-15 12:01:45.339051,0 days 00:00:00.130533,0.9,10,1.0,0.2,10,66,COMPLETE
898,898,15302.5,2023-11-15 12:01:45.340208,2023-11-15 12:01:45.496049,0 days 00:00:00.155841,0.9,70,0.75,0.2,0,145,COMPLETE
899,899,18681.5,2023-11-15 12:01:45.497228,2023-11-15 12:01:45.631944,0 days 00:00:00.134716,0.9,10,2.0,0.8,6,141,COMPLETE
900,900,17275.0,2023-11-15 12:01:45.633088,2023-11-15 12:01:45.789143,0 days 00:00:00.156055,0.4,10,1.25,0.1,4,148,COMPLETE
901,901,18688.25,2023-11-15 12:01:45.790232,2023-11-15 12:01:45.922654,0 days 00:00:00.132422,0.9,10,0.75,0.2,8,145,COMPLETE
902,902,18404.25,2023-11-15 12:01:45.923816,2023-11-15 12:01:46.058737,0 days 00:00:00.134921,0.9,10,1.5,0.2,42,150,COMPLETE
903,903,18016.25,2023-11-15 12:01:46.060167,2023-11-15 12:01:46.195764,0 days 00:00:00.135597,0.9,20,1.25,0.5,14,140,COMPLETE
904,904,18302.25,2023-11-15 12:01:46.196791,2023-11-15 12:01:46.332755,0 days 00:00:00.135964,0.9,10,1.0,0.30000000000000004,10,143,COMPLETE
905,905,18027.25,2023-11-15 12:01:46.333795,2023-11-15 12:01:46.473247,0 days 00:00:00.139452,0.6,10,0.75,0.2,2,147,COMPLETE
906,906,17189.5,2023-11-15 12:01:46.474450,2023-11-15 12:01:46.605697,0 days 00:00:00.131247,0.9,10,1.0,0.1,6,74,COMPLETE
907,907,8266.75,2023-11-15 12:01:46.606828,2023-11-15 12:01:46.731007,0 days 00:00:00.124179,0.9,10,1.25,0.2,8,14,COMPLETE
908,908,18780.0,2023-11-15 12:01:46.732062,2023-11-15 12:01:46.866027,0 days 00:00:00.133965,0.9,10,2.5,0.7000000000000001,4,145,COMPLETE
909,909,18109.5,2023-11-15 12:01:46.867204,2023-11-15 12:01:47.010624,0 days 00:00:00.143420,0.9,10,2.75,0.8,1,136,COMPLETE
910,910,18586.0,2023-11-15 12:01:47.011943,2023-11-15 12:01:47.143830,0 days 00:00:00.131887,0.8,10,2.0,0.8,3,139,COMPLETE
911,911,18681.25,2023-11-15 12:01:47.145435,2023-11-15 12:01:47.283165,0 days 00:00:00.137730,0.9,10,1.5,0.7000000000000001,5,144,COMPLETE
912,912,18017.0,2023-11-15 12:01:47.284233,2023-11-15 12:01:47.432066,0 days 00:00:00.147833,0.9,20,2.25,0.7000000000000001,17,142,COMPLETE
913,913,100.0,2023-11-15 12:01:47.433104,2023-11-15 12:01:47.875108,0 days 00:00:00.442004,0.9,10,2.75,0.7000000000000001,0,139,COMPLETE
914,914,18494.0,2023-11-15 12:01:47.876288,2023-11-15 12:01:48.011886,0 days 00:00:00.135598,0.7000000000000001,10,2.5,0.8,4,143,COMPLETE
915,915,18262.0,2023-11-15 12:01:48.013093,2023-11-15 12:01:48.157506,0 days 00:00:00.144413,0.9,10,0.75,0.7000000000000001,11,145,COMPLETE
916,916,18489.5,2023-11-15 12:01:48.158638,2023-11-15 12:01:48.296630,0 days 00:00:00.137992,0.9,10,1.5,0.6,7,147,COMPLETE
917,917,18395.0,2023-11-15 12:01:48.297846,2023-11-15 12:01:48.434158,0 days 00:00:00.136312,0.9,10,3.0,0.8,2,129,COMPLETE
918,918,18396.5,2023-11-15 12:01:48.435193,2023-11-15 12:01:48.574685,0 days 00:00:00.139492,0.9,10,2.5,0.7000000000000001,9,141,COMPLETE
919,919,17738.25,2023-11-15 12:01:48.575791,2023-11-15 12:01:48.718325,0 days 00:00:00.142534,0.9,10,0.5,0.6,12,135,COMPLETE
920,920,18393.5,2023-11-15 12:01:48.719697,2023-11-15 12:01:48.852908,0 days 00:00:00.133211,0.9,20,1.75,0.6,6,150,COMPLETE
921,921,18225.25,2023-11-15 12:01:48.854110,2023-11-15 12:01:48.996637,0 days 00:00:00.142527,0.9,10,0.75,0.7000000000000001,4,145,COMPLETE
922,922,18400.0,2023-11-15 12:01:48.997904,2023-11-15 12:01:49.154212,0 days 00:00:00.156308,0.9,10,2.5,0.6,9,142,COMPLETE
923,923,18490.0,2023-11-15 12:01:49.155353,2023-11-15 12:01:49.295161,0 days 00:00:00.139808,0.8,10,2.25,0.7000000000000001,7,147,COMPLETE
924,924,18785.0,2023-11-15 12:01:49.296394,2023-11-15 12:01:49.433025,0 days 00:00:00.136631,0.9,10,1.75,0.8,2,145,COMPLETE
925,925,18487.75,2023-11-15 12:01:49.434055,2023-11-15 12:01:49.577826,0 days 00:00:00.143771,0.9,10,1.5,0.8,4,138,COMPLETE
926,926,18488.25,2023-11-15 12:01:49.579147,2023-11-15 12:01:49.718331,0 days 00:00:00.139184,0.9,10,2.0,0.8,13,150,COMPLETE
927,927,18875.5,2023-11-15 12:01:49.719316,2023-11-15 12:01:49.855627,0 days 00:00:00.136311,0.9,10,1.75,0.8,7,145,COMPLETE
928,928,18585.5,2023-11-15 12:01:49.856841,2023-11-15 12:01:50.001658,0 days 00:00:00.144817,0.9,10,1.75,0.8,10,147,COMPLETE
929,929,17923.75,2023-11-15 12:01:50.002678,2023-11-15 12:01:50.147469,0 days 00:00:00.144791,0.9,10,1.75,0.8,9,115,COMPLETE
930,930,18585.5,2023-11-15 12:01:50.148491,2023-11-15 12:01:50.287985,0 days 00:00:00.139494,0.9,10,1.75,0.8,12,142,COMPLETE
931,931,18494.0,2023-11-15 12:01:50.289036,2023-11-15 12:01:50.431443,0 days 00:00:00.142407,0.9,10,1.75,0.8,7,147,COMPLETE
932,932,18587.25,2023-11-15 12:01:50.432443,2023-11-15 12:01:50.574205,0 days 00:00:00.141762,0.9,10,1.5,0.9,10,143,COMPLETE
933,933,18209.75,2023-11-15 12:01:50.575450,2023-11-15 12:01:50.714728,0 days 00:00:00.139278,0.9,10,1.75,0.4,30,150,COMPLETE
934,934,18493.25,2023-11-15 12:01:50.715922,2023-11-15 12:01:50.848364,0 days 00:00:00.132442,0.9,20,1.5,0.8,8,145,COMPLETE
935,935,17688.75,2023-11-15 12:01:50.849564,2023-11-15 12:01:50.996210,0 days 00:00:00.146646,0.2,10,1.75,0.8,15,141,COMPLETE
936,936,18780.75,2023-11-15 12:01:50.997430,2023-11-15 12:01:51.131725,0 days 00:00:00.134295,0.9,10,1.75,0.8,7,148,COMPLETE
937,937,18585.0,2023-11-15 12:01:51.132775,2023-11-15 12:01:51.278644,0 days 00:00:00.145869,0.9,10,1.75,0.8,11,150,COMPLETE
938,938,18973.75,2023-11-15 12:01:51.279708,2023-11-15 12:01:51.414086,0 days 00:00:00.134378,0.8,10,1.75,0.8,9,148,COMPLETE
939,939,18490.25,2023-11-15 12:01:51.415196,2023-11-15 12:01:51.555605,0 days 00:00:00.140409,0.7000000000000001,10,1.75,0.8,13,150,COMPLETE
940,940,18399.0,2023-11-15 12:01:51.556753,2023-11-15 12:01:51.697411,0 days 00:00:00.140658,0.7000000000000001,20,1.75,0.8,11,148,COMPLETE
941,941,18388.25,2023-11-15 12:01:51.698535,2023-11-15 12:01:51.833262,0 days 00:00:00.134727,0.8,10,1.75,0.8,14,126,COMPLETE
942,942,18585.0,2023-11-15 12:01:51.834247,2023-11-15 12:01:51.975265,0 days 00:00:00.141018,0.7000000000000001,10,1.75,0.8,10,150,COMPLETE
943,943,18973.75,2023-11-15 12:01:51.976440,2023-11-15 12:01:52.111542,0 days 00:00:00.135102,0.8,10,1.75,0.8,9,148,COMPLETE
944,944,18973.75,2023-11-15 12:01:52.112751,2023-11-15 12:01:52.246307,0 days 00:00:00.133556,0.8,10,1.75,0.8,11,148,COMPLETE
945,945,18488.0,2023-11-15 12:01:52.247322,2023-11-15 12:01:52.392640,0 days 00:00:00.145318,0.8,10,1.75,0.8,14,150,COMPLETE
946,946,13157.5,2023-11-15 12:01:52.393946,2023-11-15 12:01:52.569595,0 days 00:00:00.175649,0.8,100,1.75,0.8,16,147,COMPLETE
947,947,15600.0,2023-11-15 12:01:52.570719,2023-11-15 12:01:52.738950,0 days 00:00:00.168231,0.8,50,1.75,0.8,13,150,COMPLETE
948,948,18496.0,2023-11-15 12:01:52.739963,2023-11-15 12:01:52.883075,0 days 00:00:00.143112,0.8,10,1.75,0.8,13,147,COMPLETE
949,949,18973.75,2023-11-15 12:01:52.884120,2023-11-15 12:01:53.019557,0 days 00:00:00.135437,0.8,10,1.75,0.8,12,148,COMPLETE
950,950,18488.0,2023-11-15 12:01:53.020678,2023-11-15 12:01:53.168225,0 days 00:00:00.147547,0.8,10,1.75,0.8,12,150,COMPLETE
951,951,18404.75,2023-11-15 12:01:53.169329,2023-11-15 12:01:53.302750,0 days 00:00:00.133421,0.8,10,2.0,0.8,16,87,COMPLETE
952,952,18496.0,2023-11-15 12:01:53.303921,2023-11-15 12:01:53.448477,0 days 00:00:00.144556,0.8,10,1.75,0.8,13,147,COMPLETE
953,953,18393.5,2023-11-15 12:01:53.449625,2023-11-15 12:01:53.585971,0 days 00:00:00.136346,0.8,20,1.75,0.8,16,150,COMPLETE
954,954,18496.0,2023-11-15 12:01:53.587018,2023-11-15 12:01:53.730713,0 days 00:00:00.143695,0.8,10,1.75,0.8,18,147,COMPLETE
955,955,18496.0,2023-11-15 12:01:53.731778,2023-11-15 12:01:53.875234,0 days 00:00:00.143456,0.8,10,1.75,0.8,12,147,COMPLETE
956,956,18973.75,2023-11-15 12:01:53.876503,2023-11-15 12:01:54.009319,0 days 00:00:00.132816,0.8,10,1.75,0.8,11,148,COMPLETE
957,957,18488.0,2023-11-15 12:01:54.010561,2023-11-15 12:01:54.155404,0 days 00:00:00.144843,0.8,10,1.75,0.8,13,150,COMPLETE
958,958,18496.0,2023-11-15 12:01:54.156547,2023-11-15 12:01:54.313528,0 days 00:00:00.156981,0.8,10,1.75,0.8,11,147,COMPLETE
959,959,18973.5,2023-11-15 12:01:54.314869,2023-11-15 12:01:54.453353,0 days 00:00:00.138484,0.8,10,1.75,0.8,14,145,COMPLETE
960,960,18685.5,2023-11-15 12:01:54.454577,2023-11-15 12:01:54.599845,0 days 00:00:00.145268,0.8,10,1.75,0.8,15,144,COMPLETE
961,961,17112.75,2023-11-15 12:01:54.601006,2023-11-15 12:01:54.754891,0 days 00:00:00.153885,0.8,40,1.75,0.8,15,145,COMPLETE
962,962,18973.5,2023-11-15 12:01:54.756029,2023-11-15 12:01:54.896148,0 days 00:00:00.140119,0.8,10,1.75,0.8,15,145,COMPLETE
963,963,18404.75,2023-11-15 12:01:54.897319,2023-11-15 12:01:55.038776,0 days 00:00:00.141457,0.8,10,1.75,0.8,18,143,COMPLETE
964,964,17829.25,2023-11-15 12:01:55.039927,2023-11-15 12:01:55.193584,0 days 00:00:00.153657,0.8,20,1.75,0.8,13,144,COMPLETE
965,965,18587.25,2023-11-15 12:01:55.195022,2023-11-15 12:01:55.336583,0 days 00:00:00.141561,0.8,10,2.0,0.8,14,140,COMPLETE
966,966,18973.5,2023-11-15 12:01:55.337575,2023-11-15 12:01:55.479864,0 days 00:00:00.142289,0.8,10,1.75,0.8,17,145,COMPLETE
967,967,18494.5,2023-11-15 12:01:55.480911,2023-11-15 12:01:55.623920,0 days 00:00:00.143009,0.8,10,1.75,0.8,16,140,COMPLETE
968,968,18300.0,2023-11-15 12:01:55.625036,2023-11-15 12:01:55.759625,0 days 00:00:00.134589,0.8,10,1.75,0.8,18,112,COMPLETE
969,969,18205.5,2023-11-15 12:01:55.761192,2023-11-15 12:01:55.910273,0 days 00:00:00.149081,0.8,10,1.75,0.8,18,137,COMPLETE
970,970,18492.25,2023-11-15 12:01:55.911651,2023-11-15 12:01:56.056774,0 days 00:00:00.145123,0.8,10,1.75,0.8,15,142,COMPLETE
971,971,18971.5,2023-11-15 12:01:56.057880,2023-11-15 12:01:56.196364,0 days 00:00:00.138484,0.8,10,1.75,0.8,16,145,COMPLETE
972,972,18397.5,2023-11-15 12:01:56.197605,2023-11-15 12:01:56.341910,0 days 00:00:00.144305,0.8,10,1.75,0.8,19,138,COMPLETE
973,973,18582.75,2023-11-15 12:01:56.343169,2023-11-15 12:01:56.480406,0 days 00:00:00.137237,0.8,10,2.0,0.8,15,132,COMPLETE
974,974,18586.0,2023-11-15 12:01:56.481472,2023-11-15 12:01:56.621543,0 days 00:00:00.140071,0.8,10,1.75,0.8,17,141,COMPLETE
975,975,18404.75,2023-11-15 12:01:56.622705,2023-11-15 12:01:56.770186,0 days 00:00:00.147481,0.8,10,1.75,0.8,20,143,COMPLETE
976,976,18293.75,2023-11-15 12:01:56.771384,2023-11-15 12:01:56.913709,0 days 00:00:00.142325,0.8,10,1.75,0.8,17,135,COMPLETE
977,977,17829.25,2023-11-15 12:01:56.914921,2023-11-15 12:01:57.070558,0 days 00:00:00.155637,0.8,20,1.75,0.8,17,144,COMPLETE
978,978,18399.25,2023-11-15 12:01:57.071718,2023-11-15 12:01:57.210598,0 days 00:00:00.138880,0.8,10,1.75,0.8,16,139,COMPLETE
979,979,18781.25,2023-11-15 12:01:57.211922,2023-11-15 12:01:57.352825,0 days 00:00:00.140903,0.8,10,2.0,0.8,20,145,COMPLETE
980,980,18492.25,2023-11-15 12:01:57.353966,2023-11-15 12:01:57.498748,0 days 00:00:00.144782,0.8,10,1.75,0.8,15,142,COMPLETE
981,981,18685.5,2023-11-15 12:01:57.499870,2023-11-15 12:01:57.646417,0 days 00:00:00.146547,0.8,10,1.75,0.8,17,144,COMPLETE
982,982,18781.25,2023-11-15 12:01:57.647470,2023-11-15 12:01:57.790947,0 days 00:00:00.143477,0.8,10,2.0,0.8,14,145,COMPLETE
983,983,13920.75,2023-11-15 12:01:57.792112,2023-11-15 12:01:57.924087,0 days 00:00:00.131975,0.8,10,1.75,0.8,14,27,COMPLETE
984,984,18494.5,2023-11-15 12:01:57.925471,2023-11-15 12:01:58.071279,0 days 00:00:00.145808,0.8,10,1.75,0.8,19,140,COMPLETE
985,985,13818.0,2023-11-15 12:01:58.072330,2023-11-15 12:01:58.248290,0 days 00:00:00.175960,0.8,90,1.75,0.8,16,146,COMPLETE
986,986,18492.25,2023-11-15 12:01:58.249413,2023-11-15 12:01:58.396237,0 days 00:00:00.146824,0.8,10,1.75,0.8,14,142,COMPLETE
987,987,18019.75,2023-11-15 12:01:58.397361,2023-11-15 12:01:58.549195,0 days 00:00:00.151834,0.8,20,1.75,0.8,16,147,COMPLETE
988,988,18205.5,2023-11-15 12:01:58.550311,2023-11-15 12:01:58.703685,0 days 00:00:00.153374,0.8,10,1.75,0.8,14,137,COMPLETE
989,989,18116.5,2023-11-15 12:01:58.704741,2023-11-15 12:01:58.844346,0 days 00:00:00.139605,0.8,10,1.75,0.8,19,100,COMPLETE
990,990,18971.5,2023-11-15 12:01:58.845702,2023-11-15 12:01:58.987568,0 days 00:00:00.141866,0.8,10,1.75,0.8,13,145,COMPLETE
991,991,18399.25,2023-11-15 12:01:58.988647,2023-11-15 12:01:59.132503,0 days 00:00:00.143856,0.8,10,1.75,0.8,17,139,COMPLETE
992,992,18587.5,2023-11-15 12:01:59.133535,2023-11-15 12:01:59.279131,0 days 00:00:00.145596,0.8,10,2.0,0.8,15,142,COMPLETE
993,993,18404.75,2023-11-15 12:01:59.280319,2023-11-15 12:01:59.427289,0 days 00:00:00.146970,0.8,10,1.75,0.8,13,143,COMPLETE
994,994,18494.5,2023-11-15 12:01:59.428925,2023-11-15 12:01:59.576192,0 days 00:00:00.147267,0.8,10,1.75,0.8,14,140,COMPLETE
995,995,18687.75,2023-11-15 12:01:59.577517,2023-11-15 12:01:59.722565,0 days 00:00:00.145048,0.7000000000000001,10,1.75,0.8,16,145,COMPLETE
996,996,18204.75,2023-11-15 12:01:59.723698,2023-11-15 12:01:59.878202,0 days 00:00:00.154504,0.8,10,1.75,0.8,13,134,COMPLETE
997,997,18426.0,2023-11-15 12:01:59.879585,2023-11-15 12:02:00.020632,0 days 00:00:00.141047,0.8,20,1.75,0.8,12,145,COMPLETE
998,998,18205.5,2023-11-15 12:02:00.021678,2023-11-15 12:02:00.191250,0 days 00:00:00.169572,0.8,10,1.75,0.8,18,137,COMPLETE
999,999,18496.25,2023-11-15 12:02:00.192394,2023-11-15 12:02:00.339653,0 days 00:00:00.147259,0.8,10,1.75,0.9,22,142,COMPLETE
1000,1000,18588.0,2023-11-15 12:02:00.340842,2023-11-15 12:02:00.489471,0 days 00:00:00.148629,0.8,10,2.0,0.8,15,147,COMPLETE
1001,1001,18213.0,2023-11-15 12:02:00.490612,2023-11-15 12:02:00.625752,0 days 00:00:00.135140,0.7000000000000001,10,1.75,0.8,12,53,COMPLETE
1002,1002,18973.5,2023-11-15 12:02:00.627138,2023-11-15 12:02:00.770781,0 days 00:00:00.143643,0.8,10,1.75,0.8,12,145,COMPLETE
1003,1003,18494.5,2023-11-15 12:02:00.771861,2023-11-15 12:02:00.921701,0 days 00:00:00.149840,0.8,10,1.75,0.8,15,140,COMPLETE
1004,1004,18397.5,2023-11-15 12:02:00.922839,2023-11-15 12:02:01.071999,0 days 00:00:00.149160,0.8,10,1.75,0.8,14,138,COMPLETE
1005,1005,18492.25,2023-11-15 12:02:01.073008,2023-11-15 12:02:01.221041,0 days 00:00:00.148033,0.8,10,1.75,0.8,17,142,COMPLETE
1006,1006,18685.0,2023-11-15 12:02:01.222225,2023-11-15 12:02:01.370312,0 days 00:00:00.148087,0.8,10,1.75,0.8,13,144,COMPLETE
1007,1007,0.0,2023-11-15 12:02:01.371461,2023-11-15 12:02:01.496423,0 days 00:00:00.124962,0.8,20,2.0,0.8,12,7,COMPLETE
1008,1008,18973.5,2023-11-15 12:02:01.497719,2023-11-15 12:02:01.641447,0 days 00:00:00.143728,0.8,10,1.75,0.8,12,145,COMPLETE
1009,1009,18114.5,2023-11-15 12:02:01.642720,2023-11-15 12:02:01.796813,0 days 00:00:00.154093,0.8,10,1.75,0.8,14,136,COMPLETE
1010,1010,17181.25,2023-11-15 12:02:01.798013,2023-11-15 12:02:01.958354,0 days 00:00:00.160341,0.8,30,1.75,0.8,18,140,COMPLETE
1011,1011,18404.5,2023-11-15 12:02:01.960025,2023-11-15 12:02:02.107554,0 days 00:00:00.147529,0.8,10,1.75,0.9,13,140,COMPLETE
1012,1012,18404.75,2023-11-15 12:02:02.108844,2023-11-15 12:02:02.258446,0 days 00:00:00.149602,0.8,10,1.75,0.8,16,143,COMPLETE
1013,1013,18293.5,2023-11-15 12:02:02.259580,2023-11-15 12:02:02.403823,0 days 00:00:00.144243,0.8,10,2.0,0.8,15,133,COMPLETE
1014,1014,18687.75,2023-11-15 12:02:02.405027,2023-11-15 12:02:02.553335,0 days 00:00:00.148308,0.7000000000000001,10,1.75,0.8,12,145,COMPLETE
1015,1015,18397.5,2023-11-15 12:02:02.554471,2023-11-15 12:02:02.701705,0 days 00:00:00.147234,0.8,10,1.75,0.8,12,138,COMPLETE
1016,1016,18492.25,2023-11-15 12:02:02.702842,2023-11-15 12:02:02.853177,0 days 00:00:00.150335,0.8,10,1.75,0.8,12,142,COMPLETE
1017,1017,18973.5,2023-11-15 12:02:02.854245,2023-11-15 12:02:03.003207,0 days 00:00:00.148962,0.8,10,1.75,0.8,15,145,COMPLETE
1018,1018,18399.25,2023-11-15 12:02:03.004276,2023-11-15 12:02:03.146560,0 days 00:00:00.142284,0.8,10,1.75,0.8,15,139,COMPLETE
1019,1019,18496.0,2023-11-15 12:02:03.147751,2023-11-15 12:02:03.300825,0 days 00:00:00.153074,0.8,10,2.0,0.8,20,141,COMPLETE
1020,1020,18008.0,2023-11-15 12:02:03.302073,2023-11-15 12:02:03.446017,0 days 00:00:00.143944,0.8,20,1.75,0.8,17,135,COMPLETE
1021,1021,18404.75,2023-11-15 12:02:03.447142,2023-11-15 12:02:03.598524,0 days 00:00:00.151382,0.8,10,1.75,0.8,20,143,COMPLETE
1022,1022,18973.5,2023-11-15 12:02:03.599693,2023-11-15 12:02:03.744790,0 days 00:00:00.145097,0.8,10,1.75,0.8,18,145,COMPLETE
1023,1023,18298.0,2023-11-15 12:02:03.746092,2023-11-15 12:02:03.900703,0 days 00:00:00.154611,0.8,10,1.75,0.8,19,137,COMPLETE
1024,1024,18494.5,2023-11-15 12:02:03.901947,2023-11-15 12:02:04.050585,0 days 00:00:00.148638,0.8,10,1.75,0.8,19,140,COMPLETE
1025,1025,18404.75,2023-11-15 12:02:04.051997,2023-11-15 12:02:04.205257,0 days 00:00:00.153260,0.8,10,1.75,0.8,22,143,COMPLETE
1026,1026,18973.5,2023-11-15 12:02:04.206329,2023-11-15 12:02:04.350390,0 days 00:00:00.144061,0.8,10,1.75,0.8,17,145,COMPLETE
1027,1027,18494.5,2023-11-15 12:02:04.351703,2023-11-15 12:02:04.502897,0 days 00:00:00.151194,0.8,10,1.75,0.8,21,140,COMPLETE
