,number,value,datetime_start,datetime_complete,duration,params_alpha,params_decay_interval,params_decay_rate,params_gamma,params_initialization,params_max_steps,state
5603,5603,19066.75,2023-11-15 11:09:39.561336,2023-11-15 11:09:40.105345,0 days 00:00:00.544009,0.2,10,0.75,0.9,17,142,COMPLETE
5604,5604,18310.0,2023-11-15 11:09:40.107722,2023-11-15 11:09:40.608840,0 days 00:00:00.501118,0.1,20,0.75,0.9,8,145,COMPLETE
5605,5605,19261.0,2023-11-15 11:09:40.610815,2023-11-15 11:09:41.110747,0 days 00:00:00.499932,0.2,10,1.0,0.8,10,147,COMPLETE
5606,5606,14118.0,2023-11-15 11:09:41.112811,2023-11-15 11:09:41.645885,0 days 00:00:00.533074,0.2,80,0.75,0.9,2,150,COMPLETE
5607,5607,19166.0,2023-11-15 11:09:41.648055,2023-11-15 11:09:42.162682,0 days 00:00:00.514627,0.2,10,1.25,0.9,0,140,COMPLETE
5608,5608,18992.75,2023-11-15 11:09:42.164594,2023-11-15 11:09:42.675026,0 days 00:00:00.510432,0.2,10,0.75,0.9,3,143,COMPLETE
5609,5609,19261.0,2023-11-15 11:09:42.677365,2023-11-15 11:09:43.210679,0 days 00:00:00.533314,0.1,10,0.75,0.9,5,147,COMPLETE
5610,5610,18828.5,2023-11-15 11:09:43.212657,2023-11-15 11:09:43.765081,0 days 00:00:00.552424,0.2,10,0.5,0.9,2,143,COMPLETE
5611,5611,18584.75,2023-11-15 11:09:43.767653,2023-11-15 11:09:44.399611,0 days 00:00:00.631958,0.2,20,1.0,0.8,0,147,COMPLETE
5612,5612,18985.25,2023-11-15 11:09:44.402087,2023-11-15 11:09:45.030624,0 days 00:00:00.628537,0.1,10,0.75,0.9,4,138,COMPLETE
5613,5613,17366.0,2023-11-15 11:09:45.032889,2023-11-15 11:09:45.625005,0 days 00:00:00.592116,0.2,10,0.75,0.9,69,150,COMPLETE
5614,5614,19004.75,2023-11-15 11:09:45.627819,2023-11-15 11:09:46.150087,0 days 00:00:00.522268,0.2,10,0.25,0.9,2,145,COMPLETE
5615,5615,18787.25,2023-11-15 11:09:46.152128,2023-11-15 11:09:46.698217,0 days 00:00:00.546089,0.30000000000000004,10,1.25,0.9,7,142,COMPLETE
5616,5616,0.0,2023-11-15 11:09:46.700186,2023-11-15 11:09:47.312817,0 days 00:00:00.612631,0.2,10,0.75,0.30000000000000004,0,61,COMPLETE
5617,5617,11936.75,2023-11-15 11:09:47.314801,2023-11-15 11:09:47.890223,0 days 00:00:00.575422,0.1,10,0.75,0.5,4,147,COMPLETE
5618,5618,15605.5,2023-11-15 11:09:47.892324,2023-11-15 11:09:48.450609,0 days 00:00:00.558285,0.7000000000000001,10,0.75,0.9,2,140,COMPLETE
5619,5619,19172.25,2023-11-15 11:09:48.452587,2023-11-15 11:09:48.952083,0 days 00:00:00.499496,0.2,10,1.0,0.9,0,144,COMPLETE
5620,5620,15635.5,2023-11-15 11:09:48.954813,2023-11-15 11:09:49.487266,0 days 00:00:00.532453,0.2,10,0.75,0.7000000000000001,52,150,COMPLETE
5621,5621,15752.25,2023-11-15 11:09:49.489680,2023-11-15 11:09:50.030459,0 days 00:00:00.540779,0.2,40,0.75,0.4,6,147,COMPLETE
5622,5622,18172.0,2023-11-15 11:09:50.035951,2023-11-15 11:09:50.560403,0 days 00:00:00.524452,0.1,20,0.75,0.8,2,141,COMPLETE
5623,5623,18890.0,2023-11-15 11:09:50.562408,2023-11-15 11:09:51.081128,0 days 00:00:00.518720,0.2,10,0.75,0.9,4,136,COMPLETE
5624,5624,19359.75,2023-11-15 11:09:51.083095,2023-11-15 11:09:51.588800,0 days 00:00:00.505705,0.2,10,0.75,0.9,0,145,COMPLETE
5625,5625,18828.5,2023-11-15 11:09:51.590856,2023-11-15 11:09:52.118630,0 days 00:00:00.527774,0.2,10,0.5,0.9,2,143,COMPLETE
5626,5626,19173.0,2023-11-15 11:09:52.121477,2023-11-15 11:09:52.625870,0 days 00:00:00.504393,0.2,10,0.75,0.9,9,148,COMPLETE
5627,5627,19033.75,2023-11-15 11:09:52.627779,2023-11-15 11:09:53.159158,0 days 00:00:00.531379,0.4,10,0.75,0.9,6,145,COMPLETE
5628,5628,18953.25,2023-11-15 11:09:53.161104,2023-11-15 11:09:53.673457,0 days 00:00:00.512353,0.1,10,1.0,0.9,3,141,COMPLETE
5629,5629,19161.25,2023-11-15 11:09:53.675469,2023-11-15 11:09:54.179250,0 days 00:00:00.503781,0.2,10,0.75,0.6,0,138,COMPLETE
5630,5630,19163.5,2023-11-15 11:09:54.181287,2023-11-15 11:09:54.691822,0 days 00:00:00.510535,0.2,10,1.25,0.9,4,150,COMPLETE
5631,5631,18498.75,2023-11-15 11:09:54.694073,2023-11-15 11:09:55.214529,0 days 00:00:00.520456,0.6,20,0.75,0.8,2,147,COMPLETE
5632,5632,19172.25,2023-11-15 11:09:55.216560,2023-11-15 11:09:55.722347,0 days 00:00:00.505787,0.2,10,1.0,0.9,0,144,COMPLETE
5633,5633,19066.25,2023-11-15 11:09:55.724510,2023-11-15 11:09:56.263127,0 days 00:00:00.538617,0.30000000000000004,10,0.75,0.9,6,141,COMPLETE
5634,5634,19261.0,2023-11-15 11:09:56.265265,2023-11-15 11:09:56.777727,0 days 00:00:00.512462,0.2,10,0.75,0.9,2,147,COMPLETE
5635,5635,19012.0,2023-11-15 11:09:56.779891,2023-11-15 11:09:57.291071,0 days 00:00:00.511180,0.1,10,0.75,0.9,4,144,COMPLETE
5636,5636,18981.75,2023-11-15 11:09:57.293247,2023-11-15 11:09:57.815317,0 days 00:00:00.522070,0.2,10,0.5,0.9,12,150,COMPLETE
5637,5637,18410.5,2023-11-15 11:09:57.817321,2023-11-15 11:09:58.335662,0 days 00:00:00.518341,0.2,10,0.75,0.9,30,134,COMPLETE
5638,5638,11264.5,2023-11-15 11:09:58.338422,2023-11-15 11:09:58.920352,0 days 00:00:00.581930,0.1,10,1.25,0.9,89,145,COMPLETE
5639,5639,19064.75,2023-11-15 11:09:58.923296,2023-11-15 11:09:59.541976,0 days 00:00:00.618680,0.2,10,0.75,0.9,0,139,COMPLETE
5640,5640,12789.25,2023-11-15 11:09:59.544505,2023-11-15 11:10:00.289819,0 days 00:00:00.745314,0.2,100,1.0,0.9,2,148,COMPLETE
5641,5641,18099.0,2023-11-15 11:10:00.291817,2023-11-15 11:10:00.818925,0 days 00:00:00.527108,0.2,20,0.25,0.8,8,143,COMPLETE
5642,5642,19261.0,2023-11-15 11:10:00.821557,2023-11-15 11:10:01.324605,0 days 00:00:00.503048,0.2,10,0.75,0.9,5,147,COMPLETE
5643,5643,18972.0,2023-11-15 11:10:01.326676,2023-11-15 11:10:01.846686,0 days 00:00:00.520010,0.1,10,0.75,0.9,2,141,COMPLETE
5644,5644,19163.25,2023-11-15 11:10:01.848690,2023-11-15 11:10:02.357939,0 days 00:00:00.509249,0.2,10,0.75,0.9,0,130,COMPLETE
5645,5645,19359.75,2023-11-15 11:10:02.359983,2023-11-15 11:10:02.869398,0 days 00:00:00.509415,0.2,10,0.75,0.9,4,145,COMPLETE
5646,5646,19164.25,2023-11-15 11:10:02.872319,2023-11-15 11:10:03.380915,0 days 00:00:00.508596,0.30000000000000004,10,0.5,0.9,2,150,COMPLETE
5647,5647,18969.25,2023-11-15 11:10:03.382879,2023-11-15 11:10:03.908017,0 days 00:00:00.525138,0.2,10,0.75,0.8,0,138,COMPLETE
5648,5648,19169.5,2023-11-15 11:10:03.910307,2023-11-15 11:10:04.416419,0 days 00:00:00.506112,0.2,10,1.0,0.9,7,143,COMPLETE
5649,5649,19261.0,2023-11-15 11:10:04.418354,2023-11-15 11:10:04.934062,0 days 00:00:00.515708,0.2,10,0.75,0.9,4,147,COMPLETE
5650,5650,18969.25,2023-11-15 11:10:04.936089,2023-11-15 11:10:05.455833,0 days 00:00:00.519744,0.1,10,1.25,0.9,2,141,COMPLETE
5651,5651,18554.5,2023-11-15 11:10:05.457835,2023-11-15 11:10:05.964477,0 days 00:00:00.506642,0.2,20,0.75,0.9,0,147,COMPLETE
5652,5652,9180.5,2023-11-15 11:10:05.966865,2023-11-15 11:10:06.557821,0 days 00:00:00.590956,0.1,50,0.75,0.1,6,144,COMPLETE
5653,5653,19066.25,2023-11-15 11:10:06.559986,2023-11-15 11:10:07.070421,0 days 00:00:00.510435,0.5,10,1.0,0.7000000000000001,3,150,COMPLETE
5654,5654,19359.75,2023-11-15 11:10:07.073383,2023-11-15 11:10:07.600465,0 days 00:00:00.527082,0.2,10,0.75,0.9,0,145,COMPLETE
5655,5655,15677.75,2023-11-15 11:10:07.602610,2023-11-15 11:10:08.134757,0 days 00:00:00.532147,0.2,10,0.5,0.5,4,139,COMPLETE
5656,5656,18774.75,2023-11-15 11:10:08.137140,2023-11-15 11:10:08.658795,0 days 00:00:00.521655,0.2,10,0.75,0.9,2,122,COMPLETE
5657,5657,14362.25,2023-11-15 11:10:08.660751,2023-11-15 11:10:09.202153,0 days 00:00:00.541402,0.30000000000000004,10,0.75,0.5,10,136,COMPLETE
5658,5658,19051.5,2023-11-15 11:10:09.204683,2023-11-15 11:10:09.713863,0 days 00:00:00.509180,0.2,10,0.75,0.9,2,142,COMPLETE
5659,5659,19166.75,2023-11-15 11:10:09.715983,2023-11-15 11:10:10.233125,0 days 00:00:00.517142,0.1,10,0.25,0.9,5,148,COMPLETE
5660,5660,19261.0,2023-11-15 11:10:10.236317,2023-11-15 11:10:10.812563,0 days 00:00:00.576246,0.2,10,0.75,0.9,0,144,COMPLETE
5661,5661,10172.75,2023-11-15 11:10:10.814599,2023-11-15 11:10:11.407161,0 days 00:00:00.592562,0.2,20,1.0,0.2,8,147,COMPLETE
5662,5662,18604.75,2023-11-15 11:10:11.409185,2023-11-15 11:10:11.913923,0 days 00:00:00.504738,0.2,10,0.75,0.8,2,90,COMPLETE
5663,5663,18785.25,2023-11-15 11:10:11.916038,2023-11-15 11:10:12.424236,0 days 00:00:00.508198,0.2,10,1.25,0.9,4,141,COMPLETE
5664,5664,19261.0,2023-11-15 11:10:12.426279,2023-11-15 11:10:12.931156,0 days 00:00:00.504877,0.1,10,0.75,0.6,0,150,COMPLETE
5665,5665,18982.5,2023-11-15 11:10:12.933097,2023-11-15 11:10:13.440367,0 days 00:00:00.507270,0.30000000000000004,10,0.75,0.9,6,144,COMPLETE
5666,5666,19261.0,2023-11-15 11:10:13.442378,2023-11-15 11:10:14.018819,0 days 00:00:00.576441,0.2,10,0.75,0.9,2,147,COMPLETE
5667,5667,19359.75,2023-11-15 11:10:14.021904,2023-11-15 11:10:14.618085,0 days 00:00:00.596181,0.2,10,0.75,0.9,0,145,COMPLETE
5668,5668,16445.25,2023-11-15 11:10:14.620725,2023-11-15 11:10:15.244476,0 days 00:00:00.623751,0.4,10,1.0,0.9,4,139,COMPLETE
5669,5669,19111.25,2023-11-15 11:10:15.246864,2023-11-15 11:10:15.813543,0 days 00:00:00.566679,0.2,10,0.75,0.9,3,150,COMPLETE
5670,5670,19171.75,2023-11-15 11:10:15.815450,2023-11-15 11:10:16.313891,0 days 00:00:00.498441,0.1,10,0.75,0.9,0,142,COMPLETE
5671,5671,18970.75,2023-11-15 11:10:16.315882,2023-11-15 11:10:16.835476,0 days 00:00:00.519594,0.2,10,1.25,0.8,6,147,COMPLETE
5672,5672,17479.25,2023-11-15 11:10:16.838102,2023-11-15 11:10:17.358532,0 days 00:00:00.520430,0.2,20,0.5,0.4,2,145,COMPLETE
5673,5673,18883.0,2023-11-15 11:10:17.360622,2023-11-15 11:10:17.918920,0 days 00:00:00.558298,0.2,10,0.75,0.7000000000000001,2,142,COMPLETE
5674,5674,19161.25,2023-11-15 11:10:17.921528,2023-11-15 11:10:18.428754,0 days 00:00:00.507226,0.1,10,0.75,0.9,4,137,COMPLETE
5675,5675,19166.5,2023-11-15 11:10:18.430753,2023-11-15 11:10:18.939169,0 days 00:00:00.508416,0.2,10,1.5,0.9,0,148,COMPLETE
5676,5676,19292.25,2023-11-15 11:10:18.941304,2023-11-15 11:10:19.450015,0 days 00:00:00.508711,0.2,10,0.75,0.9,2,145,COMPLETE
5677,5677,19066.25,2023-11-15 11:10:19.452043,2023-11-15 11:10:19.959101,0 days 00:00:00.507058,0.2,10,0.75,0.9,8,140,COMPLETE
5678,5678,19110.25,2023-11-15 11:10:19.961196,2023-11-15 11:10:20.467723,0 days 00:00:00.506527,0.1,10,0.75,0.9,5,150,COMPLETE
5679,5679,19172.25,2023-11-15 11:10:20.469873,2023-11-15 11:10:21.004190,0 days 00:00:00.534317,0.2,10,1.0,0.9,0,143,COMPLETE
5680,5680,16375.25,2023-11-15 11:10:21.006816,2023-11-15 11:10:21.549489,0 days 00:00:00.542673,0.30000000000000004,10,0.5,0.30000000000000004,3,147,COMPLETE
5681,5681,19262.25,2023-11-15 11:10:21.551453,2023-11-15 11:10:22.065386,0 days 00:00:00.513933,0.2,10,0.75,0.9,6,145,COMPLETE
5682,5682,19261.0,2023-11-15 11:10:22.067371,2023-11-15 11:10:22.582507,0 days 00:00:00.515136,0.2,10,0.75,0.8,0,141,COMPLETE
5683,5683,17284.75,2023-11-15 11:10:22.585520,2023-11-15 11:10:23.109302,0 days 00:00:00.523782,0.1,30,0.75,0.9,2,133,COMPLETE
5684,5684,18398.75,2023-11-15 11:10:23.111274,2023-11-15 11:10:23.626840,0 days 00:00:00.515566,0.2,20,1.0,0.9,4,148,COMPLETE
5685,5685,18992.75,2023-11-15 11:10:23.629104,2023-11-15 11:10:24.186876,0 days 00:00:00.557772,0.2,10,0.75,0.9,2,143,COMPLETE
5686,5686,19064.75,2023-11-15 11:10:24.189977,2023-11-15 11:10:24.709786,0 days 00:00:00.519809,0.2,10,0.75,0.9,0,139,COMPLETE
5687,5687,18823.5,2023-11-15 11:10:24.711750,2023-11-15 11:10:25.231371,0 days 00:00:00.519621,0.1,10,0.75,0.9,7,150,COMPLETE
5688,5688,19359.75,2023-11-15 11:10:25.234276,2023-11-15 11:10:25.767095,0 days 00:00:00.532819,0.2,10,1.25,0.9,4,145,COMPLETE
5689,5689,15098.25,2023-11-15 11:10:25.769100,2023-11-15 11:10:26.308385,0 days 00:00:00.539285,0.2,60,0.25,0.8,2,85,COMPLETE
5690,5690,19261.0,2023-11-15 11:10:26.310401,2023-11-15 11:10:26.832329,0 days 00:00:00.521928,0.2,10,0.75,0.5,0,147,COMPLETE
5691,5691,19161.25,2023-11-15 11:10:26.834324,2023-11-15 11:10:27.373173,0 days 00:00:00.538849,0.2,10,1.0,0.9,10,137,COMPLETE
5692,5692,19091.75,2023-11-15 11:10:27.375147,2023-11-15 11:10:27.888427,0 days 00:00:00.513280,0.1,10,0.75,0.9,5,143,COMPLETE
5693,5693,18542.25,2023-11-15 11:10:27.890419,2023-11-15 11:10:28.408527,0 days 00:00:00.518108,0.2,20,0.75,0.7000000000000001,2,147,COMPLETE
5694,5694,19261.0,2023-11-15 11:10:28.410607,2023-11-15 11:10:28.918982,0 days 00:00:00.508375,0.2,10,0.5,0.6,0,141,COMPLETE
5695,5695,19163.5,2023-11-15 11:10:28.921608,2023-11-15 11:10:29.465198,0 days 00:00:00.543590,0.2,10,1.25,0.9,4,150,COMPLETE
5696,5696,0.0,2023-11-15 11:10:29.467643,2023-11-15 11:10:30.071392,0 days 00:00:00.603749,0.30000000000000004,10,0.75,0.9,2,14,COMPLETE
5697,5697,16664.25,2023-11-15 11:10:30.074080,2023-11-15 11:10:30.764337,0 days 00:00:00.690257,0.9,10,1.0,0.9,6,145,COMPLETE
5698,5698,19261.0,2023-11-15 11:10:30.766351,2023-11-15 11:10:31.311419,0 days 00:00:00.545068,0.2,10,0.75,0.9,0,143,COMPLETE
5699,5699,13806.75,2023-11-15 11:10:31.313567,2023-11-15 11:10:31.881893,0 days 00:00:00.568326,0.1,10,0.75,0.4,3,147,COMPLETE
5700,5700,18340.75,2023-11-15 11:10:31.884147,2023-11-15 11:10:32.403810,0 days 00:00:00.519663,0.2,20,0.75,0.9,8,139,COMPLETE
5701,5701,15289.5,2023-11-15 11:10:32.405874,2023-11-15 11:10:33.034832,0 days 00:00:00.628958,0.8,10,0.75,0.9,2,145,COMPLETE
5702,5702,16913.5,2023-11-15 11:10:33.037540,2023-11-15 11:10:33.591207,0 days 00:00:00.553667,0.7000000000000001,10,0.75,0.8,4,136,COMPLETE
5703,5703,18755.25,2023-11-15 11:10:33.593209,2023-11-15 11:10:34.113388,0 days 00:00:00.520179,0.2,10,0.75,0.9,37,142,COMPLETE
5704,5704,19261.0,2023-11-15 11:10:34.115654,2023-11-15 11:10:34.654167,0 days 00:00:00.538513,0.1,10,1.0,0.9,0,150,COMPLETE
5705,5705,19261.0,2023-11-15 11:10:34.656423,2023-11-15 11:10:35.153521,0 days 00:00:00.497098,0.2,10,0.75,0.9,2,147,COMPLETE
5706,5706,1050.0,2023-11-15 11:10:35.155643,2023-11-15 11:10:35.908605,0 days 00:00:00.752962,0.2,10,1.75,0.9,94,145,COMPLETE
5707,5707,18971.0,2023-11-15 11:10:35.910923,2023-11-15 11:10:36.425674,0 days 00:00:00.514751,0.2,10,0.5,0.9,6,141,COMPLETE
5708,5708,19270.0,2023-11-15 11:10:36.427693,2023-11-15 11:10:36.948533,0 days 00:00:00.520840,0.30000000000000004,10,1.25,0.9,0,148,COMPLETE
5709,5709,17410.0,2023-11-15 11:10:36.950787,2023-11-15 11:10:37.489818,0 days 00:00:00.539031,0.4,10,0.75,0.9,56,143,COMPLETE
5710,5710,18957.5,2023-11-15 11:10:37.491803,2023-11-15 11:10:38.033825,0 days 00:00:00.542022,0.2,10,0.25,0.9,4,150,COMPLETE
5711,5711,18857.75,2023-11-15 11:10:38.036486,2023-11-15 11:10:38.545761,0 days 00:00:00.509275,0.2,10,0.75,0.8,2,139,COMPLETE
5712,5712,19359.75,2023-11-15 11:10:38.547728,2023-11-15 11:10:39.060833,0 days 00:00:00.513105,0.1,10,0.75,0.9,0,145,COMPLETE
5713,5713,18504.0,2023-11-15 11:10:39.062908,2023-11-15 11:10:39.579443,0 days 00:00:00.516535,0.2,20,1.0,0.9,27,147,COMPLETE
5714,5714,19161.25,2023-11-15 11:10:39.581581,2023-11-15 11:10:40.089682,0 days 00:00:00.508101,0.2,10,2.0,0.9,4,135,COMPLETE
5715,5715,19197.25,2023-11-15 11:10:40.091605,2023-11-15 11:10:40.607449,0 days 00:00:00.515844,0.1,10,0.75,0.9,8,143,COMPLETE
5716,5716,19259.25,2023-11-15 11:10:40.609458,2023-11-15 11:10:41.134303,0 days 00:00:00.524845,0.2,10,0.75,0.9,2,113,COMPLETE
5717,5717,16200.5,2023-11-15 11:10:41.136606,2023-11-15 11:10:41.701490,0 days 00:00:00.564884,0.5,20,0.75,0.9,46,140,COMPLETE
5718,5718,19169.0,2023-11-15 11:10:41.704364,2023-11-15 11:10:42.215462,0 days 00:00:00.511098,0.2,10,1.25,0.9,5,147,COMPLETE
5719,5719,18968.0,2023-11-15 11:10:42.218354,2023-11-15 11:10:42.736891,0 days 00:00:00.518537,0.2,10,0.5,0.9,0,150,COMPLETE
5720,5720,19004.0,2023-11-15 11:10:42.739132,2023-11-15 11:10:43.253042,0 days 00:00:00.513910,0.30000000000000004,10,0.75,0.8,2,145,COMPLETE
5721,5721,7706.75,2023-11-15 11:10:43.255015,2023-11-15 11:10:43.883016,0 days 00:00:00.628001,0.1,10,1.0,0.2,12,142,COMPLETE
5722,5722,18786.25,2023-11-15 11:10:43.885569,2023-11-15 11:10:44.497881,0 days 00:00:00.612312,0.2,10,0.75,0.7000000000000001,4,145,COMPLETE
5723,5723,18985.25,2023-11-15 11:10:44.500757,2023-11-15 11:10:45.127345,0 days 00:00:00.626588,0.2,10,0.75,0.9,6,138,COMPLETE
5724,5724,19271.0,2023-11-15 11:10:45.129280,2023-11-15 11:10:45.653208,0 days 00:00:00.523928,0.2,10,0.75,0.9,0,148,COMPLETE
5725,5725,18992.75,2023-11-15 11:10:45.655278,2023-11-15 11:10:46.175426,0 days 00:00:00.520148,0.2,10,0.75,0.9,2,143,COMPLETE
5726,5726,19067.0,2023-11-15 11:10:46.177422,2023-11-15 11:10:46.695866,0 days 00:00:00.518444,0.1,10,1.25,0.9,3,150,COMPLETE
5727,5727,19261.0,2023-11-15 11:10:46.697805,2023-11-15 11:10:47.211045,0 days 00:00:00.513240,0.2,10,0.75,0.6,0,141,COMPLETE
5728,5728,19261.0,2023-11-15 11:10:47.213213,2023-11-15 11:10:47.753160,0 days 00:00:00.539947,0.2,10,0.75,0.9,6,147,COMPLETE
5729,5729,18829.5,2023-11-15 11:10:47.755137,2023-11-15 11:10:48.284037,0 days 00:00:00.528900,0.1,10,0.75,0.9,9,145,COMPLETE
5730,5730,19066.25,2023-11-15 11:10:48.286582,2023-11-15 11:10:48.797201,0 days 00:00:00.510619,0.30000000000000004,10,1.0,0.8,2,141,COMPLETE
5731,5731,18009.5,2023-11-15 11:10:48.799495,2023-11-15 11:10:49.322481,0 days 00:00:00.522986,0.2,20,0.5,0.9,97,147,COMPLETE
5732,5732,18992.75,2023-11-15 11:10:49.325315,2023-11-15 11:10:49.861377,0 days 00:00:00.536062,0.2,10,0.75,0.9,4,143,COMPLETE
5733,5733,19010.25,2023-11-15 11:10:49.864470,2023-11-15 11:10:50.386018,0 days 00:00:00.521548,0.2,10,0.75,0.9,42,138,COMPLETE
5734,5734,19262.75,2023-11-15 11:10:50.387996,2023-11-15 11:10:50.903303,0 days 00:00:00.515307,0.2,10,0.25,0.9,0,148,COMPLETE
5735,5735,19314.5,2023-11-15 11:10:50.906292,2023-11-15 11:10:51.452676,0 days 00:00:00.546384,0.1,10,0.75,0.9,2,145,COMPLETE
5736,5736,19011.25,2023-11-15 11:10:51.454609,2023-11-15 11:10:51.958135,0 days 00:00:00.503526,0.2,10,1.0,0.9,7,150,COMPLETE
5737,5737,2215.25,2023-11-15 11:10:51.960976,2023-11-15 11:10:52.506792,0 days 00:00:00.545816,0.2,50,0.75,0.8,4,38,COMPLETE
5738,5738,19261.0,2023-11-15 11:10:52.508864,2023-11-15 11:10:53.029162,0 days 00:00:00.520298,0.2,10,0.75,0.30000000000000004,0,143,COMPLETE
5739,5739,12218.75,2023-11-15 11:10:53.031396,2023-11-15 11:10:53.634683,0 days 00:00:00.603287,0.6,10,0.75,0.5,2,140,COMPLETE
5740,5740,17859.25,2023-11-15 11:10:53.636744,2023-11-15 11:10:54.161641,0 days 00:00:00.524897,0.1,20,0.75,0.9,4,135,COMPLETE
5741,5741,19359.75,2023-11-15 11:10:54.163713,2023-11-15 11:10:54.757430,0 days 00:00:00.593717,0.2,10,0.75,0.6,0,145,COMPLETE
5742,5742,19261.0,2023-11-15 11:10:54.759468,2023-11-15 11:10:55.273737,0 days 00:00:00.514269,0.2,10,1.5,0.9,2,147,COMPLETE
5743,5743,19132.0,2023-11-15 11:10:55.276524,2023-11-15 11:10:55.783090,0 days 00:00:00.506566,0.2,10,1.0,0.9,5,150,COMPLETE
5744,5744,19292.25,2023-11-15 11:10:55.785277,2023-11-15 11:10:56.304639,0 days 00:00:00.519362,0.2,10,0.75,0.9,2,145,COMPLETE
5745,5745,17920.5,2023-11-15 11:10:56.306831,2023-11-15 11:10:56.832041,0 days 00:00:00.525210,0.2,10,1.25,0.9,63,140,COMPLETE
5746,5746,14843.0,2023-11-15 11:10:56.834416,2023-11-15 11:10:57.379471,0 days 00:00:00.545055,0.1,70,0.75,0.9,0,143,COMPLETE
5747,5747,11190.25,2023-11-15 11:10:57.381797,2023-11-15 11:10:57.988936,0 days 00:00:00.607139,0.30000000000000004,40,0.75,0.1,7,147,COMPLETE
5748,5748,19161.25,2023-11-15 11:10:57.990942,2023-11-15 11:10:58.508363,0 days 00:00:00.517421,0.2,10,1.0,0.9,10,138,COMPLETE
5749,5749,19088.75,2023-11-15 11:10:58.510347,2023-11-15 11:10:59.110819,0 days 00:00:00.600472,0.2,10,0.5,0.8,3,132,COMPLETE
5750,5750,19261.0,2023-11-15 11:10:59.113577,2023-11-15 11:10:59.724995,0 days 00:00:00.611418,0.2,10,0.75,0.4,0,143,COMPLETE
5751,5751,11776.25,2023-11-15 11:10:59.726992,2023-11-15 11:11:00.330095,0 days 00:00:00.603103,0.1,10,0.75,0.5,5,150,COMPLETE
5752,5752,19261.0,2023-11-15 11:11:00.332525,2023-11-15 11:11:00.863056,0 days 00:00:00.530531,0.2,10,0.75,0.9,2,147,COMPLETE
5753,5753,19359.75,2023-11-15 11:11:00.865577,2023-11-15 11:11:01.411633,0 days 00:00:00.546056,0.2,10,0.75,0.9,4,145,COMPLETE
5754,5754,18394.75,2023-11-15 11:11:01.413701,2023-11-15 11:11:01.940491,0 days 00:00:00.526790,0.1,20,0.5,0.9,0,142,COMPLETE
5755,5755,19261.0,2023-11-15 11:11:01.942435,2023-11-15 11:11:02.454895,0 days 00:00:00.512460,0.2,10,1.0,0.9,2,147,COMPLETE
5756,5756,19066.25,2023-11-15 11:11:02.456950,2023-11-15 11:11:02.970482,0 days 00:00:00.513532,0.30000000000000004,10,0.75,0.9,6,140,COMPLETE
5757,5757,13934.0,2023-11-15 11:11:02.972486,2023-11-15 11:11:03.537553,0 days 00:00:00.565067,0.2,10,0.75,0.7000000000000001,80,150,COMPLETE
5758,5758,19165.25,2023-11-15 11:11:03.539653,2023-11-15 11:11:04.058649,0 days 00:00:00.518996,0.2,10,1.25,0.9,32,145,COMPLETE
5759,5759,19161.25,2023-11-15 11:11:04.060721,2023-11-15 11:11:04.581987,0 days 00:00:00.521266,0.1,10,0.75,0.9,2,137,COMPLETE
5760,5760,18394.75,2023-11-15 11:11:04.584324,2023-11-15 11:11:05.162292,0 days 00:00:00.577968,0.2,20,0.75,0.9,0,143,COMPLETE
5761,5761,19261.0,2023-11-15 11:11:05.164564,2023-11-15 11:11:05.688925,0 days 00:00:00.524361,0.2,10,0.75,0.8,4,147,COMPLETE
5762,5762,19066.25,2023-11-15 11:11:05.690996,2023-11-15 11:11:06.214097,0 days 00:00:00.523101,0.4,10,1.0,0.9,8,141,COMPLETE
5763,5763,19201.25,2023-11-15 11:11:06.216763,2023-11-15 11:11:06.737475,0 days 00:00:00.520712,0.2,10,0.75,0.9,2,148,COMPLETE
5764,5764,19359.75,2023-11-15 11:11:06.739562,2023-11-15 11:11:07.267432,0 days 00:00:00.527870,0.2,10,0.75,0.9,0,145,COMPLETE
5765,5765,18631.75,2023-11-15 11:11:07.269553,2023-11-15 11:11:07.823898,0 days 00:00:00.554345,0.2,10,0.25,0.9,4,141,COMPLETE
5766,5766,18544.0,2023-11-15 11:11:07.825913,2023-11-15 11:11:08.338979,0 days 00:00:00.513066,0.30000000000000004,10,0.75,0.8,6,104,COMPLETE
5767,5767,19067.0,2023-11-15 11:11:08.340929,2023-11-15 11:11:08.865353,0 days 00:00:00.524424,0.1,10,1.25,0.9,2,150,COMPLETE
5768,5768,17381.25,2023-11-15 11:11:08.867877,2023-11-15 11:11:09.401110,0 days 00:00:00.533233,0.2,30,0.75,0.9,0,144,COMPLETE
5769,5769,19261.0,2023-11-15 11:11:09.403244,2023-11-15 11:11:09.920993,0 days 00:00:00.517749,0.2,10,1.0,0.9,15,147,COMPLETE
5770,5770,18765.0,2023-11-15 11:11:09.923186,2023-11-15 11:11:10.446350,0 days 00:00:00.523164,0.1,10,0.75,0.9,3,139,COMPLETE
5771,5771,17924.5,2023-11-15 11:11:10.449174,2023-11-15 11:11:10.975490,0 days 00:00:00.526316,0.2,20,0.75,0.9,5,144,COMPLETE
