,number,value,datetime_start,datetime_complete,duration,params_alpha,params_decay_interval,params_decay_rate,params_gamma,params_initialization,params_max_steps,state
513,513,157.75,2023-11-15 10:42:21.499413,2023-11-15 10:42:21.718912,0 days 00:00:00.219499,0.2,10,1.25,0.2,6,63,COMPLETE
514,514,11219.75,2023-11-15 10:42:21.719901,2023-11-15 10:42:21.860185,0 days 00:00:00.140284,0.2,20,1.0,0.30000000000000004,2,80,COMPLETE
515,515,19068.0,2023-11-15 10:42:21.861146,2023-11-15 10:42:21.961743,0 days 00:00:00.100597,0.6,10,1.25,0.4,0,68,COMPLETE
516,516,1617.5,2023-11-15 10:42:21.962789,2023-11-15 10:42:22.180084,0 days 00:00:00.217295,0.4,10,1.25,0.4,4,76,COMPLETE
517,517,4305.5,2023-11-15 10:42:22.181039,2023-11-15 10:42:22.360500,0 days 00:00:00.179461,0.5,10,1.25,0.4,2,72,COMPLETE
518,518,100.0,2023-11-15 10:42:22.361542,2023-11-15 10:42:22.599414,0 days 00:00:00.237872,0.30000000000000004,10,1.25,0.4,12,69,COMPLETE
519,519,19260.75,2023-11-15 10:42:22.600455,2023-11-15 10:42:22.701717,0 days 00:00:00.101262,0.2,10,1.25,0.2,0,79,COMPLETE
520,520,3706.75,2023-11-15 10:42:22.702704,2023-11-15 10:42:22.897031,0 days 00:00:00.194327,0.2,10,1.75,0.30000000000000004,2,75,COMPLETE
521,521,7191.0,2023-11-15 10:42:22.897984,2023-11-15 10:42:23.098106,0 days 00:00:00.200122,0.6,10,1.25,0.4,7,117,COMPLETE
522,522,1559.75,2023-11-15 10:42:23.099568,2023-11-15 10:42:23.303712,0 days 00:00:00.204144,0.5,10,1.25,0.2,4,72,COMPLETE
523,523,1057.0,2023-11-15 10:42:23.304810,2023-11-15 10:42:23.510810,0 days 00:00:00.206000,0.2,10,1.25,0.4,64,66,COMPLETE
524,524,19260.75,2023-11-15 10:42:23.511992,2023-11-15 10:42:23.615470,0 days 00:00:00.103478,0.30000000000000004,10,1.25,0.4,0,76,COMPLETE
525,525,4950.75,2023-11-15 10:42:23.616635,2023-11-15 10:42:23.801874,0 days 00:00:00.185239,0.2,10,1.25,0.5,72,83,COMPLETE
526,526,6848.25,2023-11-15 10:42:23.802836,2023-11-15 10:42:24.039095,0 days 00:00:00.236259,0.2,10,1.0,0.2,2,149,COMPLETE
527,527,19260.75,2023-11-15 10:42:24.040153,2023-11-15 10:42:24.151789,0 days 00:00:00.111636,0.1,10,1.25,0.4,0,73,COMPLETE
528,528,16022.75,2023-11-15 10:42:24.152770,2023-11-15 10:42:24.267731,0 days 00:00:00.114961,0.30000000000000004,10,1.25,0.4,5,93,COMPLETE
529,529,3636.25,2023-11-15 10:42:24.268712,2023-11-15 10:42:24.452813,0 days 00:00:00.184101,0.2,20,1.25,0.2,3,70,COMPLETE
530,530,19260.75,2023-11-15 10:42:24.453803,2023-11-15 10:42:24.555709,0 days 00:00:00.101906,0.7000000000000001,10,1.25,0.4,0,79,COMPLETE
531,531,3542.0,2023-11-15 10:42:24.556669,2023-11-15 10:42:24.741661,0 days 00:00:00.184992,0.6,10,1.25,0.30000000000000004,2,74,COMPLETE
532,532,542.5,2023-11-15 10:42:24.743060,2023-11-15 10:42:24.964178,0 days 00:00:00.221118,0.2,10,1.25,0.4,4,69,COMPLETE
533,533,1474.0,2023-11-15 10:42:24.965116,2023-11-15 10:42:25.189027,0 days 00:00:00.223911,0.2,10,1.25,0.4,95,81,COMPLETE
534,534,19260.75,2023-11-15 10:42:25.189938,2023-11-15 10:42:25.292382,0 days 00:00:00.102444,0.30000000000000004,10,1.75,0.2,0,77,COMPLETE
535,535,14182.75,2023-11-15 10:42:25.293845,2023-11-15 10:42:25.410720,0 days 00:00:00.116875,0.6,20,1.25,0.30000000000000004,2,66,COMPLETE
536,536,3979.75,2023-11-15 10:42:25.411675,2023-11-15 10:42:25.599007,0 days 00:00:00.187332,0.5,10,1.0,0.4,7,72,COMPLETE
537,537,3240.25,2023-11-15 10:42:25.599924,2023-11-15 10:42:25.774761,0 days 00:00:00.174837,0.2,10,1.25,0.5,2,63,COMPLETE
538,538,19260.75,2023-11-15 10:42:25.775913,2023-11-15 10:42:25.886905,0 days 00:00:00.110992,0.1,10,1.25,0.2,0,75,COMPLETE
539,539,6956.75,2023-11-15 10:42:25.887830,2023-11-15 10:42:26.039379,0 days 00:00:00.151549,0.2,10,1.25,0.4,5,70,COMPLETE
540,540,4879.75,2023-11-15 10:42:26.040426,2023-11-15 10:42:26.226456,0 days 00:00:00.186030,0.2,10,1.25,0.4,2,78,COMPLETE
541,541,0.0,2023-11-15 10:42:26.227778,2023-11-15 10:42:26.341766,0 days 00:00:00.113988,0.4,10,1.25,0.2,0,17,COMPLETE
542,542,4362.75,2023-11-15 10:42:26.343459,2023-11-15 10:42:26.532015,0 days 00:00:00.188556,0.30000000000000004,20,1.25,0.30000000000000004,4,73,COMPLETE
543,543,5533.75,2023-11-15 10:42:26.533167,2023-11-15 10:42:26.718647,0 days 00:00:00.185480,0.2,10,1.25,0.4,2,87,COMPLETE
544,544,19079.75,2023-11-15 10:42:26.719841,2023-11-15 10:42:26.829976,0 days 00:00:00.110135,0.6,10,1.25,0.4,0,67,COMPLETE
545,545,6967.0,2023-11-15 10:42:26.830975,2023-11-15 10:42:26.990472,0 days 00:00:00.159497,0.2,10,1.0,0.4,4,76,COMPLETE
546,546,3349.5,2023-11-15 10:42:26.991492,2023-11-15 10:42:27.253250,0 days 00:00:00.261758,0.5,40,1.25,0.1,2,123,COMPLETE
547,547,19260.75,2023-11-15 10:42:27.254164,2023-11-15 10:42:27.358264,0 days 00:00:00.104100,0.2,10,1.25,0.2,0,82,COMPLETE
548,548,6840.75,2023-11-15 10:42:27.359570,2023-11-15 10:42:27.520445,0 days 00:00:00.160875,0.30000000000000004,10,1.25,0.1,6,70,COMPLETE
549,549,9174.0,2023-11-15 10:42:27.521403,2023-11-15 10:42:27.671461,0 days 00:00:00.150058,0.1,10,1.25,0.4,3,74,COMPLETE
550,550,19260.75,2023-11-15 10:42:27.672453,2023-11-15 10:42:27.778979,0 days 00:00:00.106526,0.6,10,1.25,0.4,0,80,COMPLETE
551,551,2972.25,2023-11-15 10:42:27.780025,2023-11-15 10:42:27.971213,0 days 00:00:00.191188,0.2,10,1.75,0.4,51,71,COMPLETE
552,552,18293.25,2023-11-15 10:42:27.972190,2023-11-15 10:42:28.078066,0 days 00:00:00.105876,0.2,20,1.25,0.7000000000000001,2,133,COMPLETE
553,553,11890.0,2023-11-15 10:42:28.079070,2023-11-15 10:42:28.219889,0 days 00:00:00.140819,0.7000000000000001,10,1.0,0.2,8,77,COMPLETE
554,554,6005.0,2023-11-15 10:42:28.220883,2023-11-15 10:42:28.390501,0 days 00:00:00.169618,0.2,10,1.25,0.30000000000000004,4,73,COMPLETE
555,555,19079.75,2023-11-15 10:42:28.391514,2023-11-15 10:42:28.495896,0 days 00:00:00.104382,0.30000000000000004,10,1.25,0.5,0,67,COMPLETE
556,556,4317.25,2023-11-15 10:42:28.496864,2023-11-15 10:42:28.716778,0 days 00:00:00.219914,0.2,10,1.25,0.1,2,77,COMPLETE
557,557,542.5,2023-11-15 10:42:28.718064,2023-11-15 10:42:28.981548,0 days 00:00:00.263484,0.4,10,1.25,0.4,5,69,COMPLETE
558,558,18623.75,2023-11-15 10:42:28.982729,2023-11-15 10:42:29.113360,0 days 00:00:00.130631,0.9,10,1.25,0.1,0,59,COMPLETE
559,559,10038.5,2023-11-15 10:42:29.114770,2023-11-15 10:42:29.284676,0 days 00:00:00.169906,0.2,10,1.25,0.4,2,74,COMPLETE
560,560,1101.25,2023-11-15 10:42:29.285946,2023-11-15 10:42:29.528712,0 days 00:00:00.242766,0.5,10,1.25,0.1,3,64,COMPLETE
561,561,18570.0,2023-11-15 10:42:29.530144,2023-11-15 10:42:29.663918,0 days 00:00:00.133774,0.6,10,0.75,0.4,0,98,COMPLETE
562,562,1837.0,2023-11-15 10:42:29.665307,2023-11-15 10:42:29.902634,0 days 00:00:00.237327,0.1,10,1.25,0.2,4,80,COMPLETE
563,563,1905.0,2023-11-15 10:42:29.903653,2023-11-15 10:42:30.111844,0 days 00:00:00.208191,0.2,20,1.75,0.4,2,71,COMPLETE
564,564,2562.75,2023-11-15 10:42:30.112755,2023-11-15 10:42:30.312367,0 days 00:00:00.199612,0.30000000000000004,10,1.25,0.4,21,75,COMPLETE
565,565,2494.5,2023-11-15 10:42:30.313871,2023-11-15 10:42:30.529656,0 days 00:00:00.215785,0.2,10,1.25,0.2,6,84,COMPLETE
566,566,19260.75,2023-11-15 10:42:30.530922,2023-11-15 10:42:30.641336,0 days 00:00:00.110414,0.2,10,1.25,0.30000000000000004,0,78,COMPLETE
567,567,406.25,2023-11-15 10:42:30.642587,2023-11-15 10:42:30.980090,0 days 00:00:00.337503,0.2,10,1.25,0.1,2,128,COMPLETE
568,568,15618.75,2023-11-15 10:42:30.981058,2023-11-15 10:42:31.099653,0 days 00:00:00.118595,0.6,10,1.0,0.5,4,72,COMPLETE
569,569,19161.25,2023-11-15 10:42:31.100610,2023-11-15 10:42:31.211760,0 days 00:00:00.111150,0.30000000000000004,10,1.25,0.4,0,68,COMPLETE
570,570,1339.5,2023-11-15 10:42:31.212753,2023-11-15 10:42:31.430462,0 days 00:00:00.217709,0.2,10,1.25,0.1,2,75,COMPLETE
571,571,14270.25,2023-11-15 10:42:31.431517,2023-11-15 10:42:31.558860,0 days 00:00:00.127343,0.6,70,1.25,0.4,0,71,COMPLETE
572,572,2137.0,2023-11-15 10:42:31.560080,2023-11-15 10:42:31.782258,0 days 00:00:00.222178,0.5,10,1.25,0.2,9,81,COMPLETE
573,573,9863.25,2023-11-15 10:42:31.783257,2023-11-15 10:42:31.915308,0 days 00:00:00.132051,0.2,90,1.25,0.4,4,66,COMPLETE
574,574,3919.0,2023-11-15 10:42:31.916268,2023-11-15 10:42:32.106917,0 days 00:00:00.190649,0.8,10,1.75,0.2,2,77,COMPLETE
575,575,19261.0,2023-11-15 10:42:32.108440,2023-11-15 10:42:32.217343,0 days 00:00:00.108903,0.2,10,1.0,0.6,0,140,COMPLETE
576,576,15150.0,2023-11-15 10:42:32.218306,2023-11-15 10:42:32.351217,0 days 00:00:00.132911,0.30000000000000004,60,1.0,0.6,40,139,COMPLETE
577,577,18084.5,2023-11-15 10:42:32.352196,2023-11-15 10:42:32.466927,0 days 00:00:00.114731,0.2,20,1.0,0.8,2,150,COMPLETE
578,578,17750.5,2023-11-15 10:42:32.467894,2023-11-15 10:42:32.590266,0 days 00:00:00.122372,0.4,10,1.0,0.6,6,145,COMPLETE
579,579,19161.25,2023-11-15 10:42:32.591543,2023-11-15 10:42:32.705104,0 days 00:00:00.113561,0.1,10,1.0,0.6,0,139,COMPLETE
580,580,2730.25,2023-11-15 10:42:32.706341,2023-11-15 10:42:32.932433,0 days 00:00:00.226092,0.2,10,1.0,0.4,4,91,COMPLETE
581,581,14976.5,2023-11-15 10:42:32.933401,2023-11-15 10:42:33.090469,0 days 00:00:00.157068,0.5,10,1.0,0.6,28,145,COMPLETE
582,582,19261.0,2023-11-15 10:42:33.091675,2023-11-15 10:42:33.215965,0 days 00:00:00.124290,0.2,10,1.0,0.5,0,150,COMPLETE
583,583,18971.0,2023-11-15 10:42:33.216957,2023-11-15 10:42:33.358619,0 days 00:00:00.141662,0.5,10,1.0,0.5,2,140,COMPLETE
584,584,18297.25,2023-11-15 10:42:33.360723,2023-11-15 10:42:33.494791,0 days 00:00:00.134068,0.5,20,1.0,0.6,0,144,COMPLETE
585,585,18947.5,2023-11-15 10:42:33.496940,2023-11-15 10:42:33.636354,0 days 00:00:00.139414,0.5,10,1.0,0.5,3,146,COMPLETE
586,586,19287.75,2023-11-15 10:42:33.637411,2023-11-15 10:42:33.746797,0 days 00:00:00.109386,0.5,10,1.0,0.6,0,146,COMPLETE
587,587,18422.5,2023-11-15 10:42:33.747801,2023-11-15 10:42:33.904433,0 days 00:00:00.156632,0.5,10,1.0,0.6,5,148,COMPLETE
588,588,19261.0,2023-11-15 10:42:33.905618,2023-11-15 10:42:34.025757,0 days 00:00:00.120139,0.5,10,1.0,0.7000000000000001,2,147,COMPLETE
589,589,19066.25,2023-11-15 10:42:34.027478,2023-11-15 10:42:34.192529,0 days 00:00:00.165051,0.5,10,1.0,0.7000000000000001,2,150,COMPLETE
590,590,19261.0,2023-11-15 10:42:34.194447,2023-11-15 10:42:34.312057,0 days 00:00:00.117610,0.5,10,1.0,0.7000000000000001,0,143,COMPLETE
591,591,19261.0,2023-11-15 10:42:34.313611,2023-11-15 10:42:34.434949,0 days 00:00:00.121338,0.5,10,1.0,0.7000000000000001,2,147,COMPLETE
592,592,13528.0,2023-11-15 10:42:34.435993,2023-11-15 10:42:34.604348,0 days 00:00:00.168355,0.5,20,1.0,0.7000000000000001,84,142,COMPLETE
593,593,19261.0,2023-11-15 10:42:34.605340,2023-11-15 10:42:34.720792,0 days 00:00:00.115452,0.5,10,1.0,0.7000000000000001,4,147,COMPLETE
594,594,18807.25,2023-11-15 10:42:34.721932,2023-11-15 10:42:34.862329,0 days 00:00:00.140397,0.5,10,1.0,0.7000000000000001,7,146,COMPLETE
595,595,19025.75,2023-11-15 10:42:34.863428,2023-11-15 10:42:34.998707,0 days 00:00:00.135279,0.5,10,1.0,0.7000000000000001,5,147,COMPLETE
596,596,14041.0,2023-11-15 10:42:34.999701,2023-11-15 10:42:35.179883,0 days 00:00:00.180182,0.5,10,1.0,0.7000000000000001,23,142,COMPLETE
597,597,19025.75,2023-11-15 10:42:35.180876,2023-11-15 10:42:35.311783,0 days 00:00:00.130907,0.5,10,1.0,0.7000000000000001,6,147,COMPLETE
598,598,19066.5,2023-11-15 10:42:35.312766,2023-11-15 10:42:35.434233,0 days 00:00:00.121467,0.5,10,1.0,0.7000000000000001,4,149,COMPLETE
599,599,19066.25,2023-11-15 10:42:35.435442,2023-11-15 10:42:35.548365,0 days 00:00:00.112923,0.5,10,1.0,0.7000000000000001,3,150,COMPLETE
600,600,18352.0,2023-11-15 10:42:35.549296,2023-11-15 10:42:35.669493,0 days 00:00:00.120197,0.5,10,1.0,0.7000000000000001,7,144,COMPLETE
601,601,18974.0,2023-11-15 10:42:35.670463,2023-11-15 10:42:35.796801,0 days 00:00:00.126338,0.5,10,1.0,0.7000000000000001,10,143,COMPLETE
602,602,17278.75,2023-11-15 10:42:35.798232,2023-11-15 10:42:35.927231,0 days 00:00:00.128999,0.5,30,1.0,0.7000000000000001,2,146,COMPLETE
603,603,19261.0,2023-11-15 10:42:35.928213,2023-11-15 10:42:36.036862,0 days 00:00:00.108649,0.5,10,1.0,0.7000000000000001,4,147,COMPLETE
604,604,18592.25,2023-11-15 10:42:36.037940,2023-11-15 10:42:36.165066,0 days 00:00:00.127126,0.5,10,1.0,0.7000000000000001,8,150,COMPLETE
605,605,18791.0,2023-11-15 10:42:36.166047,2023-11-15 10:42:36.289726,0 days 00:00:00.123679,0.5,10,1.0,0.7000000000000001,6,142,COMPLETE
606,606,13101.0,2023-11-15 10:42:36.290665,2023-11-15 10:42:36.467232,0 days 00:00:00.176567,0.5,10,1.0,0.8,90,147,COMPLETE
607,607,19025.75,2023-11-15 10:42:36.468504,2023-11-15 10:42:36.589257,0 days 00:00:00.120753,0.5,10,1.0,0.7000000000000001,5,147,COMPLETE
608,608,18831.5,2023-11-15 10:42:36.590325,2023-11-15 10:42:36.710251,0 days 00:00:00.119926,0.5,10,1.0,0.7000000000000001,8,141,COMPLETE
609,609,18249.25,2023-11-15 10:42:36.711494,2023-11-15 10:42:36.846252,0 days 00:00:00.134758,0.5,20,1.0,0.7000000000000001,4,150,COMPLETE
610,610,19172.75,2023-11-15 10:42:36.847318,2023-11-15 10:42:36.988043,0 days 00:00:00.140725,0.5,10,1.0,0.8,3,145,COMPLETE
611,611,18997.75,2023-11-15 10:42:36.988988,2023-11-15 10:42:37.101635,0 days 00:00:00.112647,0.5,10,1.0,0.7000000000000001,4,144,COMPLETE
612,612,19261.0,2023-11-15 10:42:37.102838,2023-11-15 10:42:37.232805,0 days 00:00:00.129967,0.5,10,1.0,0.7000000000000001,2,147,COMPLETE
613,613,18807.25,2023-11-15 10:42:37.233908,2023-11-15 10:42:37.358171,0 days 00:00:00.124263,0.5,10,1.0,0.7000000000000001,6,146,COMPLETE
614,614,6626.75,2023-11-15 10:42:37.360523,2023-11-15 10:42:37.602535,0 days 00:00:00.242012,0.5,10,1.0,0.7000000000000001,11,135,COMPLETE
615,615,19261.0,2023-11-15 10:42:37.604220,2023-11-15 10:42:37.727522,0 days 00:00:00.123302,0.5,10,1.0,0.7000000000000001,2,147,COMPLETE
616,616,13383.25,2023-11-15 10:42:37.728614,2023-11-15 10:42:37.985883,0 days 00:00:00.257269,0.5,10,1.0,0.7000000000000001,9,137,COMPLETE
617,617,19071.0,2023-11-15 10:42:37.987318,2023-11-15 10:42:38.160287,0 days 00:00:00.172969,0.5,10,1.0,0.7000000000000001,7,148,COMPLETE
618,618,19066.25,2023-11-15 10:42:38.161624,2023-11-15 10:42:38.283695,0 days 00:00:00.122071,0.5,10,1.0,0.7000000000000001,5,141,COMPLETE
619,619,18356.5,2023-11-15 10:42:38.284666,2023-11-15 10:42:38.414260,0 days 00:00:00.129594,0.5,10,1.0,0.8,3,150,COMPLETE
620,620,17925.0,2023-11-15 10:42:38.415683,2023-11-15 10:42:38.550704,0 days 00:00:00.135021,0.5,20,1.0,0.7000000000000001,4,143,COMPLETE
621,621,17735.25,2023-11-15 10:42:38.552055,2023-11-15 10:42:38.690060,0 days 00:00:00.138005,0.5,10,1.0,0.7000000000000001,67,147,COMPLETE
622,622,19261.0,2023-11-15 10:42:38.690988,2023-11-15 10:42:38.813923,0 days 00:00:00.122935,0.5,10,1.0,0.7000000000000001,2,147,COMPLETE
623,623,18352.0,2023-11-15 10:42:38.814936,2023-11-15 10:42:38.958120,0 days 00:00:00.143184,0.5,10,1.0,0.7000000000000001,6,144,COMPLETE
624,624,19066.25,2023-11-15 10:42:38.960196,2023-11-15 10:42:39.093115,0 days 00:00:00.132919,0.5,10,1.0,0.7000000000000001,3,150,COMPLETE
625,625,17025.0,2023-11-15 10:42:39.097932,2023-11-15 10:42:39.293646,0 days 00:00:00.195714,0.5,10,0.75,0.7000000000000001,8,145,COMPLETE
626,626,14052.5,2023-11-15 10:42:39.295456,2023-11-15 10:42:39.519423,0 days 00:00:00.223967,0.5,80,1.0,0.6,5,140,COMPLETE
627,627,19261.0,2023-11-15 10:42:39.554951,2023-11-15 10:42:39.685417,0 days 00:00:00.130466,0.5,10,1.0,0.7000000000000001,2,147,COMPLETE
628,628,18807.25,2023-11-15 10:42:39.686422,2023-11-15 10:42:39.848771,0 days 00:00:00.162349,0.5,10,1.0,0.7000000000000001,6,146,COMPLETE
629,629,19113.5,2023-11-15 10:42:39.849810,2023-11-15 10:42:39.973341,0 days 00:00:00.123531,0.5,10,1.0,0.7000000000000001,2,148,COMPLETE
630,630,18997.75,2023-11-15 10:42:39.974579,2023-11-15 10:42:40.086449,0 days 00:00:00.111870,0.5,10,1.0,0.7000000000000001,4,144,COMPLETE
631,631,19066.25,2023-11-15 10:42:40.087411,2023-11-15 10:42:40.222811,0 days 00:00:00.135400,0.5,10,1.0,0.7000000000000001,2,141,COMPLETE
632,632,18627.25,2023-11-15 10:42:40.224023,2023-11-15 10:42:40.368697,0 days 00:00:00.144674,0.5,10,1.0,0.7000000000000001,7,150,COMPLETE
633,633,13067.25,2023-11-15 10:42:40.369881,2023-11-15 10:42:40.546945,0 days 00:00:00.177064,0.5,20,1.0,0.7000000000000001,46,147,COMPLETE
634,634,11354.75,2023-11-15 10:42:40.547980,2023-11-15 10:42:40.746271,0 days 00:00:00.198291,0.5,10,1.0,0.6,4,138,COMPLETE
635,635,18993.75,2023-11-15 10:42:40.747247,2023-11-15 10:42:40.882204,0 days 00:00:00.134957,0.5,10,1.0,0.7000000000000001,2,143,COMPLETE
636,636,19112.75,2023-11-15 10:42:40.883191,2023-11-15 10:42:41.003917,0 days 00:00:00.120726,0.5,10,1.0,0.7000000000000001,2,146,COMPLETE
637,637,16290.0,2023-11-15 10:42:41.004878,2023-11-15 10:42:41.147710,0 days 00:00:00.142832,0.5,50,1.0,0.7000000000000001,5,150,COMPLETE
638,638,17682.25,2023-11-15 10:42:41.148875,2023-11-15 10:42:41.287705,0 days 00:00:00.138830,0.5,10,0.75,0.7000000000000001,9,147,COMPLETE
639,639,18776.0,2023-11-15 10:42:41.288947,2023-11-15 10:42:41.421061,0 days 00:00:00.132114,0.5,10,1.0,0.7000000000000001,2,142,COMPLETE
640,640,17828.25,2023-11-15 10:42:41.422070,2023-11-15 10:42:41.585797,0 days 00:00:00.163727,0.5,10,1.0,0.6,4,144,COMPLETE
641,641,17706.5,2023-11-15 10:42:41.586753,2023-11-15 10:42:41.717557,0 days 00:00:00.130804,0.5,30,1.0,0.7000000000000001,2,148,COMPLETE
642,642,19025.75,2023-11-15 10:42:41.718538,2023-11-15 10:42:41.842888,0 days 00:00:00.124350,0.5,10,1.0,0.7000000000000001,6,147,COMPLETE
643,643,6034.5,2023-11-15 10:42:41.844107,2023-11-15 10:42:42.086026,0 days 00:00:00.241919,0.5,10,1.0,0.8,76,137,COMPLETE
644,644,19066.25,2023-11-15 10:42:42.087065,2023-11-15 10:42:42.211070,0 days 00:00:00.124005,0.5,10,1.0,0.7000000000000001,2,150,COMPLETE
645,645,18394.75,2023-11-15 10:42:42.212261,2023-11-15 10:42:42.343378,0 days 00:00:00.131117,0.5,20,1.0,0.7000000000000001,0,141,COMPLETE
646,646,17828.25,2023-11-15 10:42:42.344678,2023-11-15 10:42:42.479887,0 days 00:00:00.135209,0.5,10,1.0,0.6,4,144,COMPLETE
647,647,19112.75,2023-11-15 10:42:42.481870,2023-11-15 10:42:42.613372,0 days 00:00:00.131502,0.5,10,1.0,0.7000000000000001,2,146,COMPLETE
648,648,19261.0,2023-11-15 10:42:42.614444,2023-11-15 10:42:42.725571,0 days 00:00:00.111127,0.5,10,1.0,0.8,0,150,COMPLETE
649,649,19163.75,2023-11-15 10:42:42.726726,2023-11-15 10:42:42.845221,0 days 00:00:00.118495,0.5,10,0.75,0.6,0,150,COMPLETE
650,650,19261.0,2023-11-15 10:42:42.846297,2023-11-15 10:42:42.975777,0 days 00:00:00.129480,0.5,10,1.0,0.9,4,147,COMPLETE
651,651,19262.5,2023-11-15 10:42:42.978178,2023-11-15 10:42:43.100059,0 days 00:00:00.121881,0.5,10,1.0,0.9,8,146,COMPLETE
652,652,17389.25,2023-11-15 10:42:43.101577,2023-11-15 10:42:43.248624,0 days 00:00:00.147047,0.5,10,1.0,0.9,12,144,COMPLETE
653,653,19066.25,2023-11-15 10:42:43.249944,2023-11-15 10:42:43.385259,0 days 00:00:00.135315,0.5,10,1.0,0.7000000000000001,5,140,COMPLETE
654,654,19066.25,2023-11-15 10:42:43.386966,2023-11-15 10:42:43.513177,0 days 00:00:00.126211,0.5,10,1.0,0.8,7,150,COMPLETE
655,655,19126.0,2023-11-15 10:42:43.514507,2023-11-15 10:42:43.666325,0 days 00:00:00.151818,0.5,10,1.0,0.8,10,146,COMPLETE
656,656,18421.25,2023-11-15 10:42:43.667707,2023-11-15 10:42:43.814067,0 days 00:00:00.146360,0.5,10,1.0,0.9,8,142,COMPLETE
657,657,16844.0,2023-11-15 10:42:43.815615,2023-11-15 10:42:44.026679,0 days 00:00:00.211064,0.5,20,1.0,0.8,6,147,COMPLETE
658,658,18999.25,2023-11-15 10:42:44.027880,2023-11-15 10:42:44.180083,0 days 00:00:00.152203,0.5,10,1.0,0.9,4,144,COMPLETE
659,659,18873.0,2023-11-15 10:42:44.181442,2023-11-15 10:42:44.313138,0 days 00:00:00.131696,0.5,10,1.0,0.8,2,150,COMPLETE
660,660,19261.0,2023-11-15 10:42:44.314750,2023-11-15 10:42:44.462675,0 days 00:00:00.147925,0.5,10,1.0,0.9,6,147,COMPLETE
661,661,18680.0,2023-11-15 10:42:44.463953,2023-11-15 10:42:44.616716,0 days 00:00:00.152763,0.5,10,1.0,0.7000000000000001,3,142,COMPLETE
662,662,18898.25,2023-11-15 10:42:44.617878,2023-11-15 10:42:44.782184,0 days 00:00:00.164306,0.5,10,1.0,0.8,2,139,COMPLETE
663,663,19265.75,2023-11-15 10:42:44.783635,2023-11-15 10:42:44.919446,0 days 00:00:00.135811,0.5,10,1.0,0.8,8,148,COMPLETE
664,664,17758.25,2023-11-15 10:42:44.920746,2023-11-15 10:42:45.084477,0 days 00:00:00.163731,0.5,10,1.0,0.6,8,144,COMPLETE
665,665,17244.75,2023-11-15 10:42:45.085662,2023-11-15 10:42:45.241142,0 days 00:00:00.155480,0.5,10,1.0,0.7000000000000001,11,146,COMPLETE
666,666,16838.0,2023-11-15 10:42:45.242375,2023-11-15 10:42:45.388285,0 days 00:00:00.145910,0.5,20,1.0,0.8,10,135,COMPLETE
667,667,16540.0,2023-11-15 10:42:45.389353,2023-11-15 10:42:45.563099,0 days 00:00:00.173746,0.5,10,0.75,0.9,8,147,COMPLETE
668,668,18777.0,2023-11-15 10:42:45.564190,2023-11-15 10:42:45.690651,0 days 00:00:00.126461,0.5,10,1.0,0.7000000000000001,9,141,COMPLETE
669,669,8223.5,2023-11-15 10:42:45.691949,2023-11-15 10:42:45.934439,0 days 00:00:00.242490,0.5,10,1.0,0.6,13,143,COMPLETE
670,670,18984.0,2023-11-15 10:42:45.935968,2023-11-15 10:42:46.058574,0 days 00:00:00.122606,0.5,10,1.0,0.7000000000000001,7,147,COMPLETE
671,671,18649.25,2023-11-15 10:42:46.060242,2023-11-15 10:42:46.187268,0 days 00:00:00.127026,0.5,10,1.0,0.7000000000000001,5,144,COMPLETE
672,672,13671.0,2023-11-15 10:42:46.188249,2023-11-15 10:42:46.361626,0 days 00:00:00.173377,0.5,10,1.0,0.7000000000000001,19,150,COMPLETE
673,673,11354.75,2023-11-15 10:42:46.362652,2023-11-15 10:42:46.581123,0 days 00:00:00.218471,0.5,10,1.0,0.6,7,138,COMPLETE
674,674,19025.75,2023-11-15 10:42:46.584392,2023-11-15 10:42:46.714322,0 days 00:00:00.129930,0.5,10,1.0,0.7000000000000001,5,147,COMPLETE
675,675,13494.5,2023-11-15 10:42:46.715481,2023-11-15 10:42:46.880912,0 days 00:00:00.165431,0.5,100,1.0,0.8,4,145,COMPLETE
676,676,16568.25,2023-11-15 10:42:46.882194,2023-11-15 10:42:47.025516,0 days 00:00:00.143322,0.5,10,1.0,0.7000000000000001,13,141,COMPLETE
677,677,16707.75,2023-11-15 10:42:47.026981,2023-11-15 10:42:47.158736,0 days 00:00:00.131755,0.5,20,1.0,0.7000000000000001,16,148,COMPLETE
678,678,13606.5,2023-11-15 10:42:47.160456,2023-11-15 10:42:47.330664,0 days 00:00:00.170208,0.5,10,1.0,0.6,3,150,COMPLETE
