,number,value,datetime_start,datetime_complete,duration,params_alpha,params_decay_interval,params_decay_rate,params_gamma,params_initialization,params_max_steps,state
1366,1366,19359.75,2023-11-15 10:44:39.118377,2023-11-15 10:44:39.286434,0 days 00:00:00.168057,0.1,10,0.5,0.9,0,145,COMPLETE
1367,1367,19114.5,2023-11-15 10:44:39.287598,2023-11-15 10:44:39.466152,0 days 00:00:00.178554,0.2,10,0.25,0.8,3,150,COMPLETE
1368,1368,18199.25,2023-11-15 10:44:39.467856,2023-11-15 10:44:39.636645,0 days 00:00:00.168789,0.2,20,0.75,0.9,8,138,COMPLETE
1369,1369,19261.0,2023-11-15 10:44:39.637765,2023-11-15 10:44:39.829232,0 days 00:00:00.191467,0.2,10,0.75,0.9,2,147,COMPLETE
1370,1370,18989.75,2023-11-15 10:44:39.830347,2023-11-15 10:44:39.996795,0 days 00:00:00.166448,0.1,10,0.75,0.9,6,130,COMPLETE
1371,1371,19125.0,2023-11-15 10:44:39.998011,2023-11-15 10:44:40.171811,0 days 00:00:00.173800,0.30000000000000004,10,0.75,0.9,0,141,COMPLETE
1372,1372,18802.75,2023-11-15 10:44:40.172976,2023-11-15 10:44:40.345899,0 days 00:00:00.172923,0.2,10,0.75,0.9,12,144,COMPLETE
1373,1373,16868.25,2023-11-15 10:44:40.347028,2023-11-15 10:44:40.542348,0 days 00:00:00.195320,0.2,10,0.75,0.9,51,147,COMPLETE
1374,1374,19111.25,2023-11-15 10:44:40.544316,2023-11-15 10:44:40.707668,0 days 00:00:00.163352,0.2,10,0.75,0.9,4,150,COMPLETE
1375,1375,19051.5,2023-11-15 10:44:40.709232,2023-11-15 10:44:40.884244,0 days 00:00:00.175012,0.2,10,0.75,0.9,2,142,COMPLETE
1376,1376,19359.75,2023-11-15 10:44:40.885443,2023-11-15 10:44:41.043967,0 days 00:00:00.158524,0.1,10,0.75,0.9,0,145,COMPLETE
1377,1377,18985.75,2023-11-15 10:44:41.045403,2023-11-15 10:44:41.219628,0 days 00:00:00.174225,0.2,10,0.75,0.8,4,135,COMPLETE
1378,1378,19261.0,2023-11-15 10:44:41.220767,2023-11-15 10:44:41.381612,0 days 00:00:00.160845,0.30000000000000004,10,0.75,0.9,2,147,COMPLETE
1379,1379,18971.0,2023-11-15 10:44:41.382736,2023-11-15 10:44:41.553676,0 days 00:00:00.170940,0.2,10,0.5,0.9,6,141,COMPLETE
1380,1380,18351.25,2023-11-15 10:44:41.554796,2023-11-15 10:44:41.729950,0 days 00:00:00.175154,0.2,20,0.75,0.9,0,139,COMPLETE
1381,1381,19163.5,2023-11-15 10:44:41.731081,2023-11-15 10:44:41.908449,0 days 00:00:00.177368,0.1,10,0.75,0.9,3,144,COMPLETE
1382,1382,19163.5,2023-11-15 10:44:41.909903,2023-11-15 10:44:42.077438,0 days 00:00:00.167535,0.2,10,0.75,0.9,8,150,COMPLETE
1383,1383,19261.0,2023-11-15 10:44:42.078609,2023-11-15 10:44:42.288539,0 days 00:00:00.209930,0.2,10,0.75,0.9,2,147,COMPLETE
1384,1384,19261.0,2023-11-15 10:44:42.290278,2023-11-15 10:44:42.492831,0 days 00:00:00.202553,0.2,10,0.75,0.9,0,143,COMPLETE
1385,1385,19068.5,2023-11-15 10:44:42.494963,2023-11-15 10:44:42.710426,0 days 00:00:00.215463,0.1,10,0.25,0.8,4,145,COMPLETE
1386,1386,19006.5,2023-11-15 10:44:42.711993,2023-11-15 10:44:42.924623,0 days 00:00:00.212630,0.2,10,0.75,0.9,2,139,COMPLETE
1387,1387,19171.0,2023-11-15 10:44:42.926236,2023-11-15 10:44:43.125018,0 days 00:00:00.198782,0.2,10,0.5,0.9,5,148,COMPLETE
1388,1388,19261.0,2023-11-15 10:44:43.127446,2023-11-15 10:44:43.330898,0 days 00:00:00.203452,0.2,10,0.75,0.9,0,142,COMPLETE
1389,1389,19314.5,2023-11-15 10:44:43.331998,2023-11-15 10:44:43.500720,0 days 00:00:00.168722,0.1,10,0.75,0.9,2,145,COMPLETE
1390,1390,19111.25,2023-11-15 10:44:43.502607,2023-11-15 10:44:43.671855,0 days 00:00:00.169248,0.2,10,0.75,0.9,6,150,COMPLETE
1391,1391,18584.75,2023-11-15 10:44:43.672918,2023-11-15 10:44:43.844471,0 days 00:00:00.171553,0.2,20,0.75,0.9,4,147,COMPLETE
1392,1392,19000.5,2023-11-15 10:44:43.845986,2023-11-15 10:44:44.010458,0 days 00:00:00.164472,0.30000000000000004,10,0.75,0.8,0,137,COMPLETE
1393,1393,18992.75,2023-11-15 10:44:44.011982,2023-11-15 10:44:44.198922,0 days 00:00:00.186940,0.2,10,0.75,0.9,10,143,COMPLETE
1394,1394,19049.0,2023-11-15 10:44:44.200121,2023-11-15 10:44:44.370509,0 days 00:00:00.170388,0.2,10,0.75,0.9,2,140,COMPLETE
1395,1395,19261.0,2023-11-15 10:44:44.371809,2023-11-15 10:44:44.540922,0 days 00:00:00.169113,0.1,10,0.75,0.9,4,147,COMPLETE
1396,1396,19265.0,2023-11-15 10:44:44.542066,2023-11-15 10:44:44.712481,0 days 00:00:00.170415,0.2,10,0.5,0.9,0,145,COMPLETE
1397,1397,18300.25,2023-11-15 10:44:44.713602,2023-11-15 10:44:44.892849,0 days 00:00:00.179247,0.2,20,0.75,0.9,7,142,COMPLETE
1398,1398,19359.75,2023-11-15 10:44:44.894486,2023-11-15 10:44:45.064076,0 days 00:00:00.169590,0.1,10,0.75,0.9,2,148,COMPLETE
1399,1399,19111.25,2023-11-15 10:44:45.065203,2023-11-15 10:44:45.234104,0 days 00:00:00.168901,0.2,10,0.75,0.9,3,150,COMPLETE
1400,1400,15040.5,2023-11-15 10:44:45.235482,2023-11-15 10:44:45.439902,0 days 00:00:00.204420,0.2,10,0.75,0.8,33,144,COMPLETE
1401,1401,19261.0,2023-11-15 10:44:45.441008,2023-11-15 10:44:45.613162,0 days 00:00:00.172154,0.2,10,0.75,0.9,0,140,COMPLETE
1402,1402,18493.25,2023-11-15 10:44:45.614298,2023-11-15 10:44:45.785566,0 days 00:00:00.171268,0.2,20,0.5,0.9,5,145,COMPLETE
1403,1403,18647.5,2023-11-15 10:44:45.787708,2023-11-15 10:44:45.960969,0 days 00:00:00.173261,0.2,10,0.75,0.9,2,136,COMPLETE
1404,1404,17726.0,2023-11-15 10:44:45.962278,2023-11-15 10:44:46.170542,0 days 00:00:00.208264,0.30000000000000004,10,0.25,0.9,8,147,COMPLETE
1405,1405,18666.0,2023-11-15 10:44:46.171853,2023-11-15 10:44:46.349453,0 days 00:00:00.177600,0.1,10,0.75,0.9,36,142,COMPLETE
1406,1406,19261.0,2023-11-15 10:44:46.350586,2023-11-15 10:44:46.520938,0 days 00:00:00.170352,0.2,10,0.75,0.8,0,150,COMPLETE
1407,1407,19359.75,2023-11-15 10:44:46.522558,2023-11-15 10:44:46.698531,0 days 00:00:00.175973,0.2,10,0.75,0.9,4,145,COMPLETE
1408,1408,19006.5,2023-11-15 10:44:46.699647,2023-11-15 10:44:46.872250,0 days 00:00:00.172603,0.2,10,0.75,0.9,2,139,COMPLETE
1409,1409,18992.75,2023-11-15 10:44:46.873478,2023-11-15 10:44:47.054905,0 days 00:00:00.181427,0.2,10,0.75,0.9,6,143,COMPLETE
1410,1410,19261.0,2023-11-15 10:44:47.056106,2023-11-15 10:44:47.222823,0 days 00:00:00.166717,0.1,10,0.75,0.9,0,147,COMPLETE
1411,1411,19111.25,2023-11-15 10:44:47.223951,2023-11-15 10:44:47.433759,0 days 00:00:00.209808,0.2,10,0.75,0.9,3,150,COMPLETE
1412,1412,18972.0,2023-11-15 10:44:47.435216,2023-11-15 10:44:47.603066,0 days 00:00:00.167850,0.1,10,0.75,0.9,2,141,COMPLETE
1413,1413,15819.25,2023-11-15 10:44:47.604299,2023-11-15 10:44:47.794421,0 days 00:00:00.190122,0.2,50,0.5,0.9,0,134,COMPLETE
1414,1414,16987.25,2023-11-15 10:44:47.795823,2023-11-15 10:44:47.997227,0 days 00:00:00.201404,0.9,10,0.75,0.9,46,147,COMPLETE
1415,1415,19359.75,2023-11-15 10:44:47.998314,2023-11-15 10:44:48.170914,0 days 00:00:00.172600,0.2,10,0.75,0.9,4,145,COMPLETE
1416,1416,19161.25,2023-11-15 10:44:48.172134,2023-11-15 10:44:48.348083,0 days 00:00:00.175949,0.30000000000000004,10,0.75,0.8,6,138,COMPLETE
1417,1417,18394.75,2023-11-15 10:44:48.349213,2023-11-15 10:44:48.519868,0 days 00:00:00.170655,0.2,20,0.5,0.9,2,143,COMPLETE
1418,1418,19271.0,2023-11-15 10:44:48.521003,2023-11-15 10:44:48.698466,0 days 00:00:00.177463,0.2,10,0.75,0.9,0,148,COMPLETE
1419,1419,18829.5,2023-11-15 10:44:48.699598,2023-11-15 10:44:48.878552,0 days 00:00:00.178954,0.1,10,0.75,0.9,9,145,COMPLETE
1420,1420,19051.5,2023-11-15 10:44:48.879719,2023-11-15 10:44:49.058024,0 days 00:00:00.178305,0.2,10,0.75,0.9,2,142,COMPLETE
1421,1421,19111.25,2023-11-15 10:44:49.061539,2023-11-15 10:44:49.231588,0 days 00:00:00.170049,0.2,10,0.75,0.9,4,150,COMPLETE
1422,1422,19261.0,2023-11-15 10:44:49.232709,2023-11-15 10:44:49.406666,0 days 00:00:00.173957,0.2,10,0.75,0.9,0,147,COMPLETE
1423,1423,18857.75,2023-11-15 10:44:49.407860,2023-11-15 10:44:49.588518,0 days 00:00:00.180658,0.1,10,0.25,0.8,4,140,COMPLETE
1424,1424,19292.25,2023-11-15 10:44:49.589867,2023-11-15 10:44:49.765188,0 days 00:00:00.175321,0.2,10,0.75,0.9,2,145,COMPLETE
1425,1425,19100.75,2023-11-15 10:44:49.766408,2023-11-15 10:44:49.944005,0 days 00:00:00.177597,0.30000000000000004,10,0.75,0.9,7,142,COMPLETE
1426,1426,19359.75,2023-11-15 10:44:49.946094,2023-11-15 10:44:50.119083,0 days 00:00:00.172989,0.2,10,0.75,0.5,0,148,COMPLETE
1427,1427,17601.5,2023-11-15 10:44:50.120218,2023-11-15 10:44:50.283915,0 days 00:00:00.163697,0.2,10,0.75,0.9,5,15,COMPLETE
1428,1428,18294.0,2023-11-15 10:44:50.285055,2023-11-15 10:44:50.459178,0 days 00:00:00.174123,0.1,20,0.75,0.9,2,138,COMPLETE
1429,1429,19313.25,2023-11-15 10:44:50.460805,2023-11-15 10:44:50.635444,0 days 00:00:00.174639,0.2,10,0.75,0.9,3,145,COMPLETE
1430,1430,19163.75,2023-11-15 10:44:50.636589,2023-11-15 10:44:50.808649,0 days 00:00:00.172060,0.2,10,0.75,0.9,0,150,COMPLETE
1431,1431,18974.5,2023-11-15 10:44:50.810823,2023-11-15 10:44:50.983492,0 days 00:00:00.172669,0.2,10,0.5,0.9,6,143,COMPLETE
1432,1432,17073.25,2023-11-15 10:44:50.984693,2023-11-15 10:44:51.171704,0 days 00:00:00.187011,0.2,40,0.75,0.9,2,147,COMPLETE
1433,1433,18992.25,2023-11-15 10:44:51.172839,2023-11-15 10:44:51.350331,0 days 00:00:00.177492,0.30000000000000004,10,0.75,0.9,11,132,COMPLETE
1434,1434,14913.75,2023-11-15 10:44:51.351478,2023-11-15 10:44:51.550888,0 days 00:00:00.199410,0.2,70,0.75,0.8,4,140,COMPLETE
1435,1435,19261.0,2023-11-15 10:44:51.552269,2023-11-15 10:44:51.723972,0 days 00:00:00.171703,0.1,10,0.75,0.9,0,144,COMPLETE
1436,1436,18554.5,2023-11-15 10:44:51.725503,2023-11-15 10:44:51.903661,0 days 00:00:00.178158,0.2,20,0.75,0.9,2,147,COMPLETE
1437,1437,18831.0,2023-11-15 10:44:51.904765,2023-11-15 10:44:52.075089,0 days 00:00:00.170324,0.2,10,0.5,0.9,4,137,COMPLETE
1438,1438,17643.75,2023-11-15 10:44:52.077398,2023-11-15 10:44:52.256398,0 days 00:00:00.179000,0.1,30,0.75,0.9,0,150,COMPLETE
1439,1439,19091.5,2023-11-15 10:44:52.257805,2023-11-15 10:44:52.439931,0 days 00:00:00.182126,0.2,10,0.75,0.9,8,142,COMPLETE
1440,1440,19292.25,2023-11-15 10:44:52.441448,2023-11-15 10:44:52.615875,0 days 00:00:00.174427,0.2,10,0.75,0.9,2,145,COMPLETE
1441,1441,19261.0,2023-11-15 10:44:52.617124,2023-11-15 10:44:52.784747,0 days 00:00:00.167623,0.2,10,0.75,0.8,5,147,COMPLETE
1442,1442,19209.0,2023-11-15 10:44:52.785858,2023-11-15 10:44:52.961115,0 days 00:00:00.175257,0.2,10,0.75,0.9,0,98,COMPLETE
1443,1443,18972.0,2023-11-15 10:44:52.962451,2023-11-15 10:44:53.134016,0 days 00:00:00.171565,0.1,10,0.75,0.9,2,141,COMPLETE
1444,1444,19262.25,2023-11-15 10:44:53.135336,2023-11-15 10:44:53.298757,0 days 00:00:00.163421,0.2,10,0.75,0.9,6,145,COMPLETE
1445,1445,18957.5,2023-11-15 10:44:53.300561,2023-11-15 10:44:53.489400,0 days 00:00:00.188839,0.2,10,0.25,0.9,4,150,COMPLETE
1446,1446,18992.75,2023-11-15 10:44:53.490752,2023-11-15 10:44:53.675832,0 days 00:00:00.185080,0.2,10,0.75,0.9,2,143,COMPLETE
1447,1447,18969.25,2023-11-15 10:44:53.677292,2023-11-15 10:44:53.844002,0 days 00:00:00.166710,0.30000000000000004,10,0.75,0.6,0,125,COMPLETE
1448,1448,19184.0,2023-11-15 10:44:53.845787,2023-11-15 10:44:54.016309,0 days 00:00:00.170522,0.1,10,0.75,0.9,3,107,COMPLETE
1449,1449,18584.75,2023-11-15 10:44:54.017531,2023-11-15 10:44:54.186769,0 days 00:00:00.169238,0.2,20,0.75,0.9,8,147,COMPLETE
1450,1450,19064.75,2023-11-15 10:44:54.187964,2023-11-15 10:44:54.369404,0 days 00:00:00.181440,0.2,10,0.75,0.9,0,139,COMPLETE
1451,1451,18970.25,2023-11-15 10:44:54.370528,2023-11-15 10:44:54.541009,0 days 00:00:00.170481,0.1,10,0.5,0.9,6,144,COMPLETE
1452,1452,19296.75,2023-11-15 10:44:54.542599,2023-11-15 10:44:54.718108,0 days 00:00:00.175509,0.2,10,0.75,0.8,2,148,COMPLETE
1453,1453,18973.0,2023-11-15 10:44:54.719190,2023-11-15 10:44:54.892576,0 days 00:00:00.173386,0.2,10,0.75,0.9,4,141,COMPLETE
1454,1454,0.0,2023-11-15 10:44:54.894086,2023-11-15 10:44:55.071207,0 days 00:00:00.177121,0.2,10,0.5,0.9,0,10,COMPLETE
1455,1455,10785.25,2023-11-15 10:44:55.072480,2023-11-15 10:44:55.316824,0 days 00:00:00.244344,0.2,10,0.75,0.5,2,136,COMPLETE
1456,1456,18584.75,2023-11-15 10:44:55.318029,2023-11-15 10:44:55.496315,0 days 00:00:00.178286,0.2,20,0.75,0.9,4,147,COMPLETE
1457,1457,19261.0,2023-11-15 10:44:55.497508,2023-11-15 10:44:55.674141,0 days 00:00:00.176633,0.1,10,0.75,0.9,0,150,COMPLETE
1458,1458,19068.0,2023-11-15 10:44:55.675511,2023-11-15 10:44:55.854621,0 days 00:00:00.179110,0.2,10,0.75,0.9,10,145,COMPLETE
1459,1459,18949.0,2023-11-15 10:44:55.855854,2023-11-15 10:44:56.029805,0 days 00:00:00.173951,0.2,10,0.75,0.8,2,143,COMPLETE
1460,1460,19008.5,2023-11-15 10:44:56.031118,2023-11-15 10:44:56.218433,0 days 00:00:00.187315,0.2,10,0.25,0.9,6,140,COMPLETE
1461,1461,16270.0,2023-11-15 10:44:56.219508,2023-11-15 10:44:56.418913,0 days 00:00:00.199405,0.2,10,0.75,0.6,4,147,COMPLETE
1462,1462,18788.25,2023-11-15 10:44:56.420165,2023-11-15 10:44:56.600587,0 days 00:00:00.180422,0.30000000000000004,10,0.75,0.9,2,144,COMPLETE
1463,1463,19261.0,2023-11-15 10:44:56.601924,2023-11-15 10:44:56.779290,0 days 00:00:00.177366,0.1,10,0.75,0.9,0,150,COMPLETE
1464,1464,19066.25,2023-11-15 10:44:56.780597,2023-11-15 10:44:56.974813,0 days 00:00:00.194216,0.2,10,0.75,0.9,7,141,COMPLETE
1465,1465,19350.75,2023-11-15 10:44:56.976413,2023-11-15 10:44:57.192995,0 days 00:00:00.216582,0.1,10,0.75,0.9,4,145,COMPLETE
1466,1466,18981.0,2023-11-15 10:44:57.195751,2023-11-15 10:44:57.418872,0 days 00:00:00.223121,0.2,10,0.75,0.9,2,138,COMPLETE
1467,1467,19261.0,2023-11-15 10:44:57.420505,2023-11-15 10:44:57.620730,0 days 00:00:00.200225,0.2,10,0.75,0.9,0,147,COMPLETE
1468,1468,18319.5,2023-11-15 10:44:57.622154,2023-11-15 10:44:57.838697,0 days 00:00:00.216543,0.2,20,0.75,0.8,2,143,COMPLETE
1469,1469,19171.0,2023-11-15 10:44:57.840259,2023-11-15 10:44:58.063805,0 days 00:00:00.223546,0.2,10,0.5,0.9,6,148,COMPLETE
1470,1470,13234.25,2023-11-15 10:44:58.064990,2023-11-15 10:44:58.312941,0 days 00:00:00.247951,0.1,90,0.75,0.9,4,134,COMPLETE
1471,1471,19359.75,2023-11-15 10:44:58.315023,2023-11-15 10:44:58.537198,0 days 00:00:00.222175,0.2,10,0.75,0.9,0,145,COMPLETE
1472,1472,19082.5,2023-11-15 10:44:58.538456,2023-11-15 10:44:58.764661,0 days 00:00:00.226205,0.2,10,0.75,0.9,2,150,COMPLETE
1473,1473,19066.25,2023-11-15 10:44:58.766292,2023-11-15 10:44:58.958764,0 days 00:00:00.192472,0.30000000000000004,10,0.75,0.9,9,141,COMPLETE
1474,1474,14336.5,2023-11-15 10:44:58.960297,2023-11-15 10:44:59.202039,0 days 00:00:00.241742,0.2,10,0.75,0.8,79,145,COMPLETE
1475,1475,17367.5,2023-11-15 10:44:59.203211,2023-11-15 10:44:59.390149,0 days 00:00:00.186938,0.2,30,0.5,0.9,0,138,COMPLETE
1476,1476,19171.25,2023-11-15 10:44:59.391281,2023-11-15 10:44:59.566009,0 days 00:00:00.174728,0.1,10,1.0,0.9,4,147,COMPLETE
1477,1477,19051.5,2023-11-15 10:44:59.567244,2023-11-15 10:44:59.748700,0 days 00:00:00.181456,0.2,10,0.75,0.9,2,142,COMPLETE
1478,1478,19111.25,2023-11-15 10:44:59.749917,2023-11-15 10:44:59.923358,0 days 00:00:00.173441,0.2,10,0.75,0.9,6,150,COMPLETE
1479,1479,19197.5,2023-11-15 10:44:59.924590,2023-11-15 10:45:00.105330,0 days 00:00:00.180740,0.1,10,0.75,0.9,0,143,COMPLETE
1480,1480,16314.5,2023-11-15 10:45:00.106583,2023-11-15 10:45:00.314237,0 days 00:00:00.207654,0.2,20,0.25,0.5,14,147,COMPLETE
1481,1481,18765.5,2023-11-15 10:45:00.315563,2023-11-15 10:45:00.496546,0 days 00:00:00.180983,0.2,10,0.75,0.9,3,139,COMPLETE
1482,1482,19359.75,2023-11-15 10:45:00.497684,2023-11-15 10:45:00.676047,0 days 00:00:00.178363,0.2,10,0.75,0.9,5,145,COMPLETE
1483,1483,19182.75,2023-11-15 10:45:00.677803,2023-11-15 10:45:00.850689,0 days 00:00:00.172886,0.30000000000000004,10,1.0,0.9,2,142,COMPLETE
1484,1484,19261.0,2023-11-15 10:45:00.851799,2023-11-15 10:45:01.024191,0 days 00:00:00.172392,0.2,10,0.75,0.9,0,147,COMPLETE
1485,1485,19111.25,2023-11-15 10:45:01.025461,2023-11-15 10:45:01.200334,0 days 00:00:00.174873,0.2,10,0.75,0.9,4,150,COMPLETE
1486,1486,19112.75,2023-11-15 10:45:01.201571,2023-11-15 10:45:01.383784,0 days 00:00:00.182213,0.1,10,0.75,0.8,2,144,COMPLETE
1487,1487,19163.75,2023-11-15 10:45:01.384899,2023-11-15 10:45:01.565456,0 days 00:00:00.180557,0.2,10,0.5,0.9,7,140,COMPLETE
1488,1488,18923.0,2023-11-15 10:45:01.566670,2023-11-15 10:45:01.762373,0 days 00:00:00.195703,0.2,10,0.75,0.9,0,135,COMPLETE
1489,1489,19261.0,2023-11-15 10:45:01.763499,2023-11-15 10:45:01.933245,0 days 00:00:00.169746,0.2,10,1.0,0.9,3,147,COMPLETE
1490,1490,13737.0,2023-11-15 10:45:01.934355,2023-11-15 10:45:02.150098,0 days 00:00:00.215743,0.1,80,0.75,0.9,5,144,COMPLETE
1491,1491,19201.25,2023-11-15 10:45:02.151281,2023-11-15 10:45:02.325339,0 days 00:00:00.174058,0.2,10,0.75,0.9,2,148,COMPLETE
1492,1492,18394.75,2023-11-15 10:45:02.327466,2023-11-15 10:45:02.514709,0 days 00:00:00.187243,0.2,20,0.75,0.8,0,142,COMPLETE
1493,1493,18985.25,2023-11-15 10:45:02.516054,2023-11-15 10:45:02.691348,0 days 00:00:00.175294,0.30000000000000004,10,0.75,0.9,2,138,COMPLETE
1494,1494,18873.0,2023-11-15 10:45:02.692460,2023-11-15 10:45:02.885526,0 days 00:00:00.193066,0.1,10,1.0,0.9,9,150,COMPLETE
1495,1495,19359.75,2023-11-15 10:45:02.886844,2023-11-15 10:45:03.059920,0 days 00:00:00.173076,0.2,10,0.75,0.9,4,145,COMPLETE
1496,1496,19261.0,2023-11-15 10:45:03.061629,2023-11-15 10:45:03.239036,0 days 00:00:00.177407,0.2,10,0.75,0.9,0,147,COMPLETE
1497,1497,18394.75,2023-11-15 10:45:03.240215,2023-11-15 10:45:03.425429,0 days 00:00:00.185214,0.2,20,0.75,0.9,7,141,COMPLETE
1498,1498,16888.75,2023-11-15 10:45:03.427373,2023-11-15 10:45:03.630864,0 days 00:00:00.203491,0.2,10,0.75,0.5,2,145,COMPLETE
1499,1499,18995.25,2023-11-15 10:45:03.632203,2023-11-15 10:45:03.812266,0 days 00:00:00.180063,0.1,10,0.5,0.9,5,143,COMPLETE
1500,1500,19359.75,2023-11-15 10:45:03.813485,2023-11-15 10:45:04.000118,0 days 00:00:00.186633,0.2,10,0.25,0.6,0,148,COMPLETE
1501,1501,19161.25,2023-11-15 10:45:04.001291,2023-11-15 10:45:04.179121,0 days 00:00:00.177830,0.2,10,0.75,0.9,3,137,COMPLETE
1502,1502,8582.5,2023-11-15 10:45:04.180243,2023-11-15 10:45:04.438001,0 days 00:00:00.257758,0.2,10,1.0,0.9,58,120,COMPLETE
1503,1503,18686.75,2023-11-15 10:45:04.440162,2023-11-15 10:45:04.633449,0 days 00:00:00.193287,0.2,10,0.75,0.9,12,150,COMPLETE
1504,1504,19049.0,2023-11-15 10:45:04.634668,2023-11-15 10:45:04.812872,0 days 00:00:00.178204,0.2,10,0.75,0.9,2,140,COMPLETE
1505,1505,17286.25,2023-11-15 10:45:04.814096,2023-11-15 10:45:05.005619,0 days 00:00:00.191523,0.1,40,0.75,0.8,0,145,COMPLETE
1506,1506,19261.0,2023-11-15 10:45:05.006819,2023-11-15 10:45:05.183970,0 days 00:00:00.177151,0.2,10,0.75,0.9,4,147,COMPLETE
1507,1507,18992.75,2023-11-15 10:45:05.185259,2023-11-15 10:45:05.367621,0 days 00:00:00.182362,0.2,10,0.75,0.9,6,143,COMPLETE
1508,1508,18891.25,2023-11-15 10:45:05.368864,2023-11-15 10:45:05.547478,0 days 00:00:00.178614,0.8,10,1.0,0.9,2,141,COMPLETE
1509,1509,13089.0,2023-11-15 10:45:05.548755,2023-11-15 10:45:05.768687,0 days 00:00:00.219932,0.1,100,0.75,0.9,0,147,COMPLETE
1510,1510,19163.5,2023-11-15 10:45:05.769825,2023-11-15 10:45:05.946627,0 days 00:00:00.176802,0.2,10,0.75,0.9,8,150,COMPLETE
1511,1511,19005.25,2023-11-15 10:45:05.947817,2023-11-15 10:45:06.128069,0 days 00:00:00.180252,0.2,10,0.5,0.8,4,144,COMPLETE
1512,1512,19276.25,2023-11-15 10:45:06.129227,2023-11-15 10:45:06.304019,0 days 00:00:00.174792,0.2,10,0.75,0.9,2,146,COMPLETE
1513,1513,18394.75,2023-11-15 10:45:06.305206,2023-11-15 10:45:06.490572,0 days 00:00:00.185366,0.1,20,0.75,0.9,0,140,COMPLETE
1514,1514,18696.0,2023-11-15 10:45:06.491706,2023-11-15 10:45:06.700769,0 days 00:00:00.209063,0.30000000000000004,10,1.0,0.9,5,93,COMPLETE
1515,1515,17055.0,2023-11-15 10:45:06.702266,2023-11-15 10:45:06.920864,0 days 00:00:00.218598,0.2,10,0.75,0.6,2,143,COMPLETE
1516,1516,19065.75,2023-11-15 10:45:06.922214,2023-11-15 10:45:07.102905,0 days 00:00:00.180691,0.2,10,0.75,0.9,0,136,COMPLETE
1517,1517,19261.0,2023-11-15 10:45:07.104004,2023-11-15 10:45:07.281964,0 days 00:00:00.177960,0.2,10,0.75,0.9,6,147,COMPLETE
1518,1518,18379.5,2023-11-15 10:45:07.283193,2023-11-15 10:45:07.465208,0 days 00:00:00.182015,0.30000000000000004,20,0.5,0.9,3,150,COMPLETE
1519,1519,13289.0,2023-11-15 10:45:07.466454,2023-11-15 10:45:07.708997,0 days 00:00:00.242543,0.1,10,0.75,0.9,82,145,COMPLETE
1520,1520,19182.75,2023-11-15 10:45:07.710759,2023-11-15 10:45:07.890274,0 days 00:00:00.179515,0.2,10,1.0,0.9,4,142,COMPLETE
1521,1521,16071.0,2023-11-15 10:45:07.891430,2023-11-15 10:45:08.117356,0 days 00:00:00.225926,0.2,10,0.75,0.8,21,139,COMPLETE
1522,1522,18971.5,2023-11-15 10:45:08.118546,2023-11-15 10:45:08.313396,0 days 00:00:00.194850,0.2,10,0.25,0.9,2,147,COMPLETE
1523,1523,19261.0,2023-11-15 10:45:08.314539,2023-11-15 10:45:08.489900,0 days 00:00:00.175361,0.2,10,0.75,0.9,0,144,COMPLETE
1524,1524,18462.0,2023-11-15 10:45:08.491160,2023-11-15 10:45:08.680930,0 days 00:00:00.189770,0.2,10,0.75,0.9,8,133,COMPLETE
1525,1525,18316.0,2023-11-15 10:45:08.682080,2023-11-15 10:45:08.862235,0 days 00:00:00.180155,0.1,20,0.75,0.9,2,150,COMPLETE
1526,1526,15618.25,2023-11-15 10:45:08.863435,2023-11-15 10:45:09.069124,0 days 00:00:00.205689,0.2,60,1.0,0.9,5,142,COMPLETE
1527,1527,19359.75,2023-11-15 10:45:09.070321,2023-11-15 10:45:09.249885,0 days 00:00:00.179564,0.2,10,0.75,0.9,0,145,COMPLETE
1528,1528,19261.0,2023-11-15 10:45:09.251016,2023-11-15 10:45:09.429634,0 days 00:00:00.178618,0.1,10,0.75,0.9,3,147,COMPLETE
1529,1529,18969.25,2023-11-15 10:45:09.430800,2023-11-15 10:45:09.609079,0 days 00:00:00.178279,0.2,10,0.75,0.8,0,138,COMPLETE
1530,1530,19359.75,2023-11-15 10:45:09.610371,2023-11-15 10:45:09.795212,0 days 00:00:00.184841,0.2,10,1.0,0.9,6,148,COMPLETE
1531,1531,18917.5,2023-11-15 10:45:09.796401,2023-11-15 10:45:09.979640,0 days 00:00:00.183239,0.2,10,0.5,0.9,2,142,COMPLETE
1532,1532,19359.75,2023-11-15 10:45:09.980843,2023-11-15 10:45:10.161731,0 days 00:00:00.180888,0.2,10,0.75,0.9,4,145,COMPLETE
1533,1533,19261.0,2023-11-15 10:45:10.162895,2023-11-15 10:45:10.344245,0 days 00:00:00.181350,0.1,10,0.75,0.9,2,140,COMPLETE
1534,1534,14632.75,2023-11-15 10:45:10.345621,2023-11-15 10:45:10.562787,0 days 00:00:00.217166,0.30000000000000004,10,0.75,0.5,10,150,COMPLETE
1535,1535,19359.75,2023-11-15 10:45:10.564390,2023-11-15 10:45:10.747143,0 days 00:00:00.182753,0.2,10,0.75,0.9,0,145,COMPLETE
