,number,value,datetime_start,datetime_complete,duration,params_alpha,params_decay_interval,params_decay_rate,params_gamma,params_initialization,params_max_steps,state
8977,8977,199.5,2023-11-15 14:22:44.091607,2023-11-15 14:22:45.175592,0 days 00:00:01.083985,0.9,10,1.25,0.8,0,98,COMPLETE
8978,8978,18301.75,2023-11-15 14:22:45.208006,2023-11-15 14:22:46.271473,0 days 00:00:01.063467,0.8,10,1.25,0.8,20,96,COMPLETE
8979,8979,17946.0,2023-11-15 14:22:46.274877,2023-11-15 14:22:47.247176,0 days 00:00:00.972299,0.8,10,1.25,0.30000000000000004,16,100,COMPLETE
8980,8980,18119.5,2023-11-15 14:22:47.250941,2023-11-15 14:22:48.152254,0 days 00:00:00.901313,0.8,10,1.5,0.5,11,98,COMPLETE
8981,8981,18410.75,2023-11-15 14:22:48.154933,2023-11-15 14:22:48.984038,0 days 00:00:00.829105,0.8,10,1.25,0.8,14,94,COMPLETE
8982,8982,18303.75,2023-11-15 14:22:48.987175,2023-11-15 14:22:49.762753,0 days 00:00:00.775578,0.8,10,1.25,0.7000000000000001,6,96,COMPLETE
8983,8983,18681.25,2023-11-15 14:22:49.765769,2023-11-15 14:22:50.537857,0 days 00:00:00.772088,0.8,10,1.25,0.8,18,99,COMPLETE
8984,8984,18238.5,2023-11-15 14:22:50.540558,2023-11-15 14:22:51.322229,0 days 00:00:00.781671,0.8,10,1.0,0.8,4,100,COMPLETE
8985,8985,18492.5,2023-11-15 14:22:51.324920,2023-11-15 14:22:52.153932,0 days 00:00:00.829012,0.8,10,2.0,0.8,26,98,COMPLETE
8986,8986,18202.0,2023-11-15 14:22:52.156577,2023-11-15 14:22:52.946689,0 days 00:00:00.790112,0.7000000000000001,20,1.25,0.9,9,96,COMPLETE
8987,8987,18116.5,2023-11-15 14:22:52.949830,2023-11-15 14:22:53.748057,0 days 00:00:00.798227,0.8,10,1.25,0.6,24,98,COMPLETE
8988,8988,18305.75,2023-11-15 14:22:53.751100,2023-11-15 14:22:54.570690,0 days 00:00:00.819590,0.8,10,1.5,0.8,20,100,COMPLETE
8989,8989,18397.25,2023-11-15 14:22:54.573526,2023-11-15 14:22:55.377385,0 days 00:00:00.803859,0.9,10,1.25,0.8,16,94,COMPLETE
8990,8990,18122.0,2023-11-15 14:22:55.380414,2023-11-15 14:22:56.158026,0 days 00:00:00.777612,0.8,10,1.25,0.4,12,97,COMPLETE
8991,8991,18492.5,2023-11-15 14:22:56.160744,2023-11-15 14:22:56.944613,0 days 00:00:00.783869,0.8,10,1.25,0.8,14,100,COMPLETE
8992,8992,18497.5,2023-11-15 14:22:56.947733,2023-11-15 14:22:57.723700,0 days 00:00:00.775967,0.8,10,1.0,0.8,7,96,COMPLETE
8993,8993,18023.5,2023-11-15 14:22:57.726527,2023-11-15 14:22:58.509822,0 days 00:00:00.783295,0.8,10,1.25,0.8,18,98,COMPLETE
8994,8994,18023.5,2023-11-15 14:22:58.513608,2023-11-15 14:22:59.341029,0 days 00:00:00.827421,0.8,10,1.25,0.8,21,98,COMPLETE
8995,8995,17004.0,2023-11-15 14:22:59.343788,2023-11-15 14:23:00.139304,0 days 00:00:00.795516,0.8,20,1.5,0.7000000000000001,2,95,COMPLETE
8996,8996,18492.5,2023-11-15 14:23:00.142049,2023-11-15 14:23:00.944012,0 days 00:00:00.801963,0.8,10,1.25,0.8,15,100,COMPLETE
8997,8997,17583.5,2023-11-15 14:23:00.947185,2023-11-15 14:23:01.882395,0 days 00:00:00.935210,0.7000000000000001,10,1.25,0.8,82,97,COMPLETE
8998,8998,18331.5,2023-11-15 14:23:01.885495,2023-11-15 14:23:02.691806,0 days 00:00:00.806311,0.8,10,1.0,0.9,11,99,COMPLETE
8999,8999,18310.75,2023-11-15 14:23:02.694712,2023-11-15 14:23:03.482284,0 days 00:00:00.787572,0.8,10,1.25,0.8,5,92,COMPLETE
9000,9000,18394.5,2023-11-15 14:23:03.485473,2023-11-15 14:23:04.274502,0 days 00:00:00.789029,0.8,10,1.25,0.8,17,96,COMPLETE
9001,9001,5981.5,2023-11-15 14:23:04.278472,2023-11-15 14:23:05.077062,0 days 00:00:00.798590,0.2,10,1.75,0.8,23,21,COMPLETE
9002,9002,14290.75,2023-11-15 14:23:05.079722,2023-11-15 14:23:05.918036,0 days 00:00:00.838314,0.8,70,1.25,0.8,3,100,COMPLETE
9003,9003,18023.5,2023-11-15 14:23:05.920806,2023-11-15 14:23:06.707829,0 days 00:00:00.787023,0.8,10,1.25,0.8,19,98,COMPLETE
9004,9004,18299.5,2023-11-15 14:23:06.711723,2023-11-15 14:23:07.501586,0 days 00:00:00.789863,0.8,10,2.25,0.8,13,94,COMPLETE
9005,9005,17782.5,2023-11-15 14:23:07.504554,2023-11-15 14:23:08.289911,0 days 00:00:00.785357,0.8,20,1.0,0.9,10,98,COMPLETE
9006,9006,17275.0,2023-11-15 14:23:08.293176,2023-11-15 14:23:09.123885,0 days 00:00:00.830709,0.8,30,1.25,0.8,8,100,COMPLETE
9007,9007,18395.25,2023-11-15 14:23:09.126591,2023-11-15 14:23:09.911175,0 days 00:00:00.784584,0.9,10,1.5,0.8,16,96,COMPLETE
9008,9008,18023.5,2023-11-15 14:23:09.914230,2023-11-15 14:23:10.704372,0 days 00:00:00.790142,0.8,10,1.25,0.8,19,98,COMPLETE
9009,9009,17937.25,2023-11-15 14:23:10.707179,2023-11-15 14:23:11.494426,0 days 00:00:00.787247,0.5,10,1.25,0.7000000000000001,15,100,COMPLETE
9010,9010,17092.5,2023-11-15 14:23:11.497524,2023-11-15 14:23:12.304805,0 days 00:00:00.807281,0.8,10,1.25,0.8,6,43,COMPLETE
9011,9011,18119.5,2023-11-15 14:23:12.308219,2023-11-15 14:23:13.101455,0 days 00:00:00.793236,0.8,10,1.25,0.8,21,81,COMPLETE
9012,9012,18399.75,2023-11-15 14:23:13.104093,2023-11-15 14:23:14.009267,0 days 00:00:00.905174,0.8,10,1.5,0.8,13,97,COMPLETE
9013,9013,17561.0,2023-11-15 14:23:14.012504,2023-11-15 14:23:14.980454,0 days 00:00:00.967950,0.8,10,1.0,0.8,3,95,COMPLETE
9014,9014,18023.5,2023-11-15 14:23:14.983453,2023-11-15 14:23:15.820647,0 days 00:00:00.837194,0.8,10,1.25,0.8,18,98,COMPLETE
9015,9015,17921.25,2023-11-15 14:23:15.823405,2023-11-15 14:23:16.614834,0 days 00:00:00.791429,0.7000000000000001,20,1.25,0.8,12,100,COMPLETE
9016,9016,16556.5,2023-11-15 14:23:16.617779,2023-11-15 14:23:17.431950,0 days 00:00:00.814171,0.9,10,1.75,0.8,52,64,COMPLETE
9017,9017,199.5,2023-11-15 14:23:17.434682,2023-11-15 14:23:18.463115,0 days 00:00:01.028433,0.8,10,1.25,0.9,0,96,COMPLETE
9018,9018,18207.75,2023-11-15 14:23:18.465961,2023-11-15 14:23:19.421382,0 days 00:00:00.955421,0.8,10,1.25,0.8,8,93,COMPLETE
9019,9019,17094.0,2023-11-15 14:23:19.424044,2023-11-15 14:23:20.209873,0 days 00:00:00.785829,0.8,10,1.25,0.8,16,51,COMPLETE
9020,9020,18119.0,2023-11-15 14:23:20.213228,2023-11-15 14:23:21.027054,0 days 00:00:00.813826,0.8,10,1.5,0.7000000000000001,23,98,COMPLETE
9021,9021,18492.5,2023-11-15 14:23:21.030065,2023-11-15 14:23:21.817128,0 days 00:00:00.787063,0.8,10,1.25,0.8,20,100,COMPLETE
9022,9022,17586.0,2023-11-15 14:23:21.819967,2023-11-15 14:23:22.633949,0 days 00:00:00.813982,0.8,10,1.0,0.8,71,97,COMPLETE
9023,9023,18681.25,2023-11-15 14:23:22.637151,2023-11-15 14:23:23.414102,0 days 00:00:00.776951,0.8,10,1.25,0.8,5,99,COMPLETE
9024,9024,18019.5,2023-11-15 14:23:23.417207,2023-11-15 14:23:24.207233,0 days 00:00:00.790026,0.8,10,1.25,0.6,10,95,COMPLETE
9025,9025,15132.5,2023-11-15 14:23:24.210036,2023-11-15 14:23:25.004603,0 days 00:00:00.794567,0.8,10,1.5,0.8,15,33,COMPLETE
9026,9026,17830.75,2023-11-15 14:23:25.007241,2023-11-15 14:23:25.825420,0 days 00:00:00.818179,0.7000000000000001,20,1.25,0.8,17,98,COMPLETE
9027,9027,18399.0,2023-11-15 14:23:25.828222,2023-11-15 14:23:26.604914,0 days 00:00:00.776692,0.8,10,1.25,0.8,28,100,COMPLETE
9028,9028,18394.5,2023-11-15 14:23:26.607648,2023-11-15 14:23:27.420348,0 days 00:00:00.812700,0.8,10,1.25,0.8,13,96,COMPLETE
9029,9029,18265.25,2023-11-15 14:23:27.423094,2023-11-15 14:23:28.410793,0 days 00:00:00.987699,0.8,10,1.25,0.9,18,98,COMPLETE
9030,9030,18074.0,2023-11-15 14:23:28.415066,2023-11-15 14:23:29.275826,0 days 00:00:00.860760,0.9,10,1.0,0.8,21,94,COMPLETE
9031,9031,18493.25,2023-11-15 14:23:29.278573,2023-11-15 14:23:30.063948,0 days 00:00:00.785375,0.8,10,2.0,0.8,7,100,COMPLETE
9032,9032,17839.0,2023-11-15 14:23:30.066910,2023-11-15 14:23:30.864083,0 days 00:00:00.797173,0.8,20,1.25,0.8,4,97,COMPLETE
9033,9033,8785.5,2023-11-15 14:23:30.867178,2023-11-15 14:23:31.689543,0 days 00:00:00.822365,0.8,10,1.5,0.8,2,15,COMPLETE
9034,9034,18306.25,2023-11-15 14:23:31.692365,2023-11-15 14:23:32.491236,0 days 00:00:00.798871,0.8,10,1.25,0.7000000000000001,14,99,COMPLETE
9035,9035,18300.75,2023-11-15 14:23:32.494006,2023-11-15 14:23:33.305285,0 days 00:00:00.811279,0.8,10,1.25,0.9,11,96,COMPLETE
9036,9036,18023.5,2023-11-15 14:23:33.308641,2023-11-15 14:23:34.100743,0 days 00:00:00.792102,0.8,10,1.25,0.8,9,98,COMPLETE
9037,9037,18492.5,2023-11-15 14:23:34.103373,2023-11-15 14:23:34.897672,0 days 00:00:00.794299,0.8,10,1.25,0.8,19,100,COMPLETE
9038,9038,17836.75,2023-11-15 14:23:34.901411,2023-11-15 14:23:35.706897,0 days 00:00:00.805486,0.7000000000000001,10,1.5,0.8,24,95,COMPLETE
9039,9039,18023.5,2023-11-15 14:23:35.709764,2023-11-15 14:23:36.504313,0 days 00:00:00.794549,0.8,10,1.25,0.8,16,98,COMPLETE
9040,9040,15252.5,2023-11-15 14:23:36.506932,2023-11-15 14:23:37.304380,0 days 00:00:00.797448,0.30000000000000004,10,1.0,0.8,6,62,COMPLETE
9041,9041,18300.0,2023-11-15 14:23:37.307104,2023-11-15 14:23:38.096677,0 days 00:00:00.789573,0.9,10,1.25,0.8,21,92,COMPLETE
9042,9042,18013.5,2023-11-15 14:23:38.099751,2023-11-15 14:23:38.899908,0 days 00:00:00.800157,0.8,20,1.25,0.7000000000000001,17,100,COMPLETE
9043,9043,18218.0,2023-11-15 14:23:38.902882,2023-11-15 14:23:39.691602,0 days 00:00:00.788720,0.8,10,1.25,0.8,14,97,COMPLETE
9044,9044,17631.5,2023-11-15 14:23:39.694733,2023-11-15 14:23:40.482559,0 days 00:00:00.787826,0.8,10,0.75,0.8,12,77,COMPLETE
9045,9045,17836.25,2023-11-15 14:23:40.485365,2023-11-15 14:23:41.282221,0 days 00:00:00.796856,0.7000000000000001,10,2.5,0.9,1,70,COMPLETE
9046,9046,13936.0,2023-11-15 14:23:41.285250,2023-11-15 14:23:42.190567,0 days 00:00:00.905317,0.8,80,1.25,0.8,19,98,COMPLETE
9047,9047,18394.5,2023-11-15 14:23:42.194086,2023-11-15 14:23:43.146785,0 days 00:00:00.952699,0.8,10,1.25,0.8,15,96,COMPLETE
9048,9048,18210.75,2023-11-15 14:23:43.150270,2023-11-15 14:23:43.952688,0 days 00:00:00.802418,0.8,10,1.75,0.8,9,100,COMPLETE
9049,9049,17930.5,2023-11-15 14:23:43.955422,2023-11-15 14:23:44.758185,0 days 00:00:00.802763,0.6,10,1.25,0.8,4,94,COMPLETE
9050,9050,18022.0,2023-11-15 14:23:44.761080,2023-11-15 14:23:45.547756,0 days 00:00:00.786676,0.8,10,1.0,0.8,22,98,COMPLETE
9051,9051,18400.5,2023-11-15 14:23:45.550863,2023-11-15 14:23:46.343286,0 days 00:00:00.792423,0.8,10,1.5,0.8,17,100,COMPLETE
9052,9052,18303.75,2023-11-15 14:23:46.347641,2023-11-15 14:23:47.122814,0 days 00:00:00.775173,0.8,10,1.25,0.7000000000000001,7,96,COMPLETE
9053,9053,17830.75,2023-11-15 14:23:47.125631,2023-11-15 14:23:47.905125,0 days 00:00:00.779494,0.8,20,1.25,0.8,13,98,COMPLETE
9054,9054,18681.25,2023-11-15 14:23:47.907833,2023-11-15 14:23:48.706096,0 days 00:00:00.798263,0.8,10,1.25,0.8,19,99,COMPLETE
9055,9055,18398.75,2023-11-15 14:23:48.708786,2023-11-15 14:23:49.497351,0 days 00:00:00.788565,0.9,10,1.0,0.8,15,96,COMPLETE
9056,9056,18306.25,2023-11-15 14:23:49.500520,2023-11-15 14:23:50.326903,0 days 00:00:00.826383,0.8,10,1.25,0.9,26,100,COMPLETE
9057,9057,18307.0,2023-11-15 14:23:50.329652,2023-11-15 14:23:51.115945,0 days 00:00:00.786293,0.8,10,1.5,0.8,3,94,COMPLETE
9058,9058,16820.25,2023-11-15 14:23:51.119223,2023-11-15 14:23:51.901957,0 days 00:00:00.782734,0.8,40,1.25,0.8,10,97,COMPLETE
9059,9059,18023.5,2023-11-15 14:23:51.905064,2023-11-15 14:23:52.786241,0 days 00:00:00.881177,0.8,10,1.25,0.8,34,98,COMPLETE
9060,9060,18398.25,2023-11-15 14:23:52.789434,2023-11-15 14:23:53.588474,0 days 00:00:00.799040,0.8,10,1.25,0.8,18,100,COMPLETE
9061,9061,18218.0,2023-11-15 14:23:53.591259,2023-11-15 14:23:54.380254,0 days 00:00:00.788995,0.8,10,1.25,0.8,6,97,COMPLETE
9062,9062,15145.25,2023-11-15 14:23:54.383246,2023-11-15 14:23:55.176867,0 days 00:00:00.793621,0.7000000000000001,60,1.0,0.8,11,95,COMPLETE
9063,9063,18209.75,2023-11-15 14:23:55.179766,2023-11-15 14:23:55.989896,0 days 00:00:00.810130,0.8,10,1.5,0.8,21,99,COMPLETE
9064,9064,18209.0,2023-11-15 14:23:55.992970,2023-11-15 14:23:56.804606,0 days 00:00:00.811636,0.8,10,1.25,0.8,16,89,COMPLETE
9065,9065,17186.5,2023-11-15 14:23:56.808295,2023-11-15 14:23:57.763750,0 days 00:00:00.955455,0.8,10,1.25,0.9,59,48,COMPLETE
9066,9066,199.5,2023-11-15 14:23:57.766696,2023-11-15 14:23:58.916865,0 days 00:00:01.150169,0.8,10,1.25,0.8,0,98,COMPLETE
9067,9067,18013.5,2023-11-15 14:23:58.939752,2023-11-15 14:23:59.825953,0 days 00:00:00.886201,0.8,20,1.25,0.8,24,100,COMPLETE
9068,9068,18207.75,2023-11-15 14:23:59.829105,2023-11-15 14:24:00.631369,0 days 00:00:00.802264,0.9,10,1.25,0.8,13,96,COMPLETE
9069,9069,18305.25,2023-11-15 14:24:00.634305,2023-11-15 14:24:01.442674,0 days 00:00:00.808369,0.8,10,1.5,0.8,8,98,COMPLETE
9070,9070,18023.75,2023-11-15 14:24:01.445623,2023-11-15 14:24:02.248894,0 days 00:00:00.803271,0.8,10,1.0,0.7000000000000001,42,93,COMPLETE
9071,9071,18400.25,2023-11-15 14:24:02.251925,2023-11-15 14:24:03.047382,0 days 00:00:00.795457,0.8,10,3.0,0.8,17,100,COMPLETE
9072,9072,18115.75,2023-11-15 14:24:03.050384,2023-11-15 14:24:03.870647,0 days 00:00:00.820263,0.7000000000000001,10,1.25,0.8,5,96,COMPLETE
9073,9073,17225.0,2023-11-15 14:24:03.873296,2023-11-15 14:24:04.686690,0 days 00:00:00.813394,0.8,10,0.25,0.8,20,98,COMPLETE
9074,9074,18306.5,2023-11-15 14:24:04.689398,2023-11-15 14:24:05.477985,0 days 00:00:00.788587,0.8,10,2.25,0.8,14,100,COMPLETE
9075,9075,18030.0,2023-11-15 14:24:05.481164,2023-11-15 14:24:06.269614,0 days 00:00:00.788450,0.8,20,1.25,0.9,11,94,COMPLETE
9076,9076,18218.0,2023-11-15 14:24:06.272245,2023-11-15 14:24:07.079451,0 days 00:00:00.807206,0.8,10,1.25,0.8,3,97,COMPLETE
9077,9077,18022.0,2023-11-15 14:24:07.083026,2023-11-15 14:24:07.861835,0 days 00:00:00.778809,0.8,10,1.0,0.8,22,98,COMPLETE
9078,9078,18116.5,2023-11-15 14:24:07.864967,2023-11-15 14:24:08.656346,0 days 00:00:00.791379,0.8,10,1.25,0.7000000000000001,19,96,COMPLETE
9079,9079,18398.0,2023-11-15 14:24:08.659300,2023-11-15 14:24:09.448571,0 days 00:00:00.789271,0.8,10,2.0,0.8,16,100,COMPLETE
9080,9080,18303.75,2023-11-15 14:24:09.451217,2023-11-15 14:24:10.243846,0 days 00:00:00.792629,0.7000000000000001,10,1.25,0.8,9,98,COMPLETE
9081,9081,17838.25,2023-11-15 14:24:10.247220,2023-11-15 14:24:11.049385,0 days 00:00:00.802165,0.9,10,1.25,0.8,18,95,COMPLETE
9082,9082,17947.75,2023-11-15 14:24:11.052957,2023-11-15 14:24:11.847700,0 days 00:00:00.794743,0.8,20,1.25,0.8,12,92,COMPLETE
9083,9083,18210.5,2023-11-15 14:24:11.851377,2023-11-15 14:24:12.811102,0 days 00:00:00.959725,0.8,10,1.5,0.9,2,99,COMPLETE
9084,9084,17936.75,2023-11-15 14:24:12.815067,2023-11-15 14:24:13.754776,0 days 00:00:00.939709,0.8,10,1.25,0.8,15,85,COMPLETE
9085,9085,18401.5,2023-11-15 14:24:13.759009,2023-11-15 14:24:14.584286,0 days 00:00:00.825277,0.8,10,1.75,0.8,5,97,COMPLETE
9086,9086,18492.5,2023-11-15 14:24:14.587408,2023-11-15 14:24:15.370280,0 days 00:00:00.782872,0.8,10,1.25,0.8,7,100,COMPLETE
9087,9087,12235.75,2023-11-15 14:24:15.372922,2023-11-15 14:24:16.162304,0 days 00:00:00.789382,0.8,10,1.25,0.8,91,24,COMPLETE
9088,9088,17847.5,2023-11-15 14:24:16.165635,2023-11-15 14:24:16.985924,0 days 00:00:00.820289,0.8,10,1.25,0.4,20,98,COMPLETE
9089,9089,16009.0,2023-11-15 14:24:16.988891,2023-11-15 14:24:17.790417,0 days 00:00:00.801526,0.8,50,1.5,0.8,14,95,COMPLETE
9090,9090,18399.0,2023-11-15 14:24:17.793292,2023-11-15 14:24:18.576416,0 days 00:00:00.783124,0.8,10,1.25,0.8,17,100,COMPLETE
9091,9091,18218.0,2023-11-15 14:24:18.580050,2023-11-15 14:24:19.368287,0 days 00:00:00.788237,0.8,10,1.25,0.8,22,97,COMPLETE
9092,9092,18322.0,2023-11-15 14:24:19.370963,2023-11-15 14:24:20.201596,0 days 00:00:00.830633,0.8,10,1.0,0.8,11,99,COMPLETE
9093,9093,4833.25,2023-11-15 14:24:20.204292,2023-11-15 14:24:20.991814,0 days 00:00:00.787522,0.9,20,1.25,0.7000000000000001,17,12,COMPLETE
9094,9094,18300.75,2023-11-15 14:24:20.994482,2023-11-15 14:24:21.802343,0 days 00:00:00.807861,0.8,10,1.25,0.9,9,96,COMPLETE
9095,9095,18025.5,2023-11-15 14:24:21.805135,2023-11-15 14:24:22.606684,0 days 00:00:00.801549,0.7000000000000001,10,1.5,0.8,13,98,COMPLETE
9096,9096,18399.5,2023-11-15 14:24:22.609620,2023-11-15 14:24:23.410018,0 days 00:00:00.800398,0.8,10,1.25,0.8,24,100,COMPLETE
9097,9097,17760.0,2023-11-15 14:24:23.414874,2023-11-15 14:24:24.236123,0 days 00:00:00.821249,0.8,10,1.25,0.8,77,93,COMPLETE
9098,9098,18323.25,2023-11-15 14:24:24.239312,2023-11-15 14:24:25.039214,0 days 00:00:00.799902,0.8,10,1.0,0.8,19,97,COMPLETE
9099,9099,17569.0,2023-11-15 14:24:25.042111,2023-11-15 14:24:25.853270,0 days 00:00:00.811159,0.8,10,1.25,0.8,87,95,COMPLETE
9100,9100,18023.5,2023-11-15 14:24:25.856275,2023-11-15 14:24:26.640438,0 days 00:00:00.784163,0.8,10,1.25,0.8,5,98,COMPLETE
9101,9101,18399.5,2023-11-15 14:24:26.643365,2023-11-15 14:24:27.491465,0 days 00:00:00.848100,0.9,10,1.25,0.8,15,100,COMPLETE
9102,9102,18211.5,2023-11-15 14:24:27.496210,2023-11-15 14:24:28.464689,0 days 00:00:00.968479,0.8,10,2.75,0.8,7,98,COMPLETE
9103,9103,18395.25,2023-11-15 14:24:28.467609,2023-11-15 14:24:29.287666,0 days 00:00:00.820057,0.8,10,2.0,0.7000000000000001,2,96,COMPLETE
9104,9104,18492.5,2023-11-15 14:24:29.290943,2023-11-15 14:24:30.073422,0 days 00:00:00.782479,0.8,10,1.25,0.8,20,100,COMPLETE
9105,9105,17937.0,2023-11-15 14:24:30.076516,2023-11-15 14:24:30.892294,0 days 00:00:00.815778,0.8,20,1.5,0.8,17,94,COMPLETE
9106,9106,18494.0,2023-11-15 14:24:30.895444,2023-11-15 14:24:31.697306,0 days 00:00:00.801862,0.7000000000000001,10,1.25,0.9,13,98,COMPLETE
9107,9107,18458.5,2023-11-15 14:24:31.700710,2023-11-15 14:24:32.492358,0 days 00:00:00.791648,0.8,10,1.0,0.8,22,100,COMPLETE
9108,9108,16277.25,2023-11-15 14:24:32.495006,2023-11-15 14:24:33.340114,0 days 00:00:00.845108,0.8,10,1.25,0.8,4,36,COMPLETE
9109,9109,18394.5,2023-11-15 14:24:33.342975,2023-11-15 14:24:34.171098,0 days 00:00:00.828123,0.8,10,1.25,0.8,15,96,COMPLETE
9110,9110,18208.5,2023-11-15 14:24:34.173897,2023-11-15 14:24:34.973874,0 days 00:00:00.799977,0.8,10,1.25,0.5,10,98,COMPLETE
9111,9111,17676.75,2023-11-15 14:24:34.976514,2023-11-15 14:24:35.771158,0 days 00:00:00.794644,0.8,10,1.5,0.30000000000000004,18,100,COMPLETE
9112,9112,17007.5,2023-11-15 14:24:35.774106,2023-11-15 14:24:36.578279,0 days 00:00:00.804173,0.8,30,1.25,0.8,8,90,COMPLETE
9113,9113,18207.75,2023-11-15 14:24:36.581466,2023-11-15 14:24:37.433792,0 days 00:00:00.852326,0.9,10,1.25,0.8,12,96,COMPLETE
9114,9114,18023.5,2023-11-15 14:24:37.436569,2023-11-15 14:24:38.232967,0 days 00:00:00.796398,0.8,10,1.25,0.8,16,98,COMPLETE
9115,9115,199.5,2023-11-15 14:24:38.236243,2023-11-15 14:24:39.276424,0 days 00:00:01.040181,0.8,10,1.25,0.9,0,94,COMPLETE
9116,9116,18681.25,2023-11-15 14:24:39.280291,2023-11-15 14:24:40.251985,0 days 00:00:00.971694,0.8,10,1.25,0.8,19,99,COMPLETE
9117,9117,18323.25,2023-11-15 14:24:40.254852,2023-11-15 14:24:41.067332,0 days 00:00:00.812480,0.8,10,1.0,0.8,6,97,COMPLETE
9118,9118,17739.5,2023-11-15 14:24:41.070558,2023-11-15 14:24:41.887184,0 days 00:00:00.816626,0.8,20,1.25,0.8,49,100,COMPLETE
9119,9119,18208.75,2023-11-15 14:24:41.890162,2023-11-15 14:24:42.814144,0 days 00:00:00.923982,0.8,10,1.25,0.7000000000000001,21,96,COMPLETE
9120,9120,18305.25,2023-11-15 14:24:42.817718,2023-11-15 14:24:43.774164,0 days 00:00:00.956446,0.8,10,1.5,0.8,14,98,COMPLETE
9121,9121,17865.5,2023-11-15 14:24:43.776824,2023-11-15 14:24:44.578744,0 days 00:00:00.801920,0.5,10,1.0,0.8,4,100,COMPLETE
9122,9122,18211.25,2023-11-15 14:24:44.583161,2023-11-15 14:24:45.381908,0 days 00:00:00.798747,0.7000000000000001,10,1.25,0.8,26,98,COMPLETE
9123,9123,17833.5,2023-11-15 14:24:45.385035,2023-11-15 14:24:46.181968,0 days 00:00:00.796933,0.8,10,1.75,0.8,17,95,COMPLETE
9124,9124,18218.0,2023-11-15 14:24:46.184718,2023-11-15 14:24:46.996796,0 days 00:00:00.812078,0.8,10,1.25,0.8,23,97,COMPLETE
9125,9125,18218.0,2023-11-15 14:24:46.999764,2023-11-15 14:24:47.782784,0 days 00:00:00.783020,0.8,10,1.25,0.9,10,100,COMPLETE
9126,9126,14039.0,2023-11-15 14:24:47.785645,2023-11-15 14:24:48.589167,0 days 00:00:00.803522,0.8,20,1.25,0.7000000000000001,12,31,COMPLETE
9127,9127,18218.5,2023-11-15 14:24:48.591796,2023-11-15 14:24:49.382706,0 days 00:00:00.790910,0.9,10,1.5,0.8,20,93,COMPLETE
9128,9128,17936.25,2023-11-15 14:24:49.385693,2023-11-15 14:24:50.191068,0 days 00:00:00.805375,0.4,10,1.25,0.8,15,98,COMPLETE
9129,9129,18394.5,2023-11-15 14:24:50.194370,2023-11-15 14:24:50.988641,0 days 00:00:00.794271,0.8,10,1.25,0.8,8,96,COMPLETE
9130,9130,18681.25,2023-11-15 14:24:50.991290,2023-11-15 14:24:51.778790,0 days 00:00:00.787500,0.8,10,1.25,0.8,18,99,COMPLETE
9131,9131,18238.5,2023-11-15 14:24:51.781923,2023-11-15 14:24:52.591708,0 days 00:00:00.809785,0.8,10,1.0,0.8,2,100,COMPLETE
9132,9132,18210.0,2023-11-15 14:24:52.594653,2023-11-15 14:24:53.474499,0 days 00:00:00.879846,0.6,10,1.5,0.8,6,97,COMPLETE
9133,9133,17837.5,2023-11-15 14:24:53.477155,2023-11-15 14:24:54.375538,0 days 00:00:00.898383,0.7000000000000001,10,1.25,0.8,15,95,COMPLETE
9134,9134,17830.75,2023-11-15 14:24:54.378522,2023-11-15 14:24:55.726405,0 days 00:00:01.347883,0.8,20,1.25,0.8,12,98,COMPLETE
9135,9135,18493.25,2023-11-15 14:24:55.730648,2023-11-15 14:24:56.656522,0 days 00:00:00.925874,0.8,10,2.0,0.8,18,100,COMPLETE
9136,9136,18399.0,2023-11-15 14:24:56.660001,2023-11-15 14:24:57.529517,0 days 00:00:00.869516,0.8,10,1.75,0.8,4,98,COMPLETE
9137,9137,18400.0,2023-11-15 14:24:57.533562,2023-11-15 14:24:58.551356,0 days 00:00:01.017794,0.8,10,1.25,0.9,21,94,COMPLETE
9138,9138,18303.75,2023-11-15 14:24:58.554677,2023-11-15 14:24:59.492026,0 days 00:00:00.937349,0.8,10,1.25,0.7000000000000001,9,96,COMPLETE
9139,9139,18396.25,2023-11-15 14:24:59.494830,2023-11-15 14:25:00.420000,0 days 00:00:00.925170,0.8,10,1.5,0.8,16,92,COMPLETE
9140,9140,18306.5,2023-11-15 14:25:00.423086,2023-11-15 14:25:01.537354,0 days 00:00:01.114268,0.8,10,2.25,0.8,14,100,COMPLETE
9141,9141,18023.5,2023-11-15 14:25:01.540806,2023-11-15 14:25:02.495092,0 days 00:00:00.954286,0.8,10,1.25,0.8,19,98,COMPLETE
9142,9142,18497.5,2023-11-15 14:25:02.498228,2023-11-15 14:25:03.505966,0 days 00:00:01.007738,0.8,10,1.0,0.8,11,96,COMPLETE
9143,9143,18681.25,2023-11-15 14:25:03.510296,2023-11-15 14:25:05.212573,0 days 00:00:01.702277,0.8,10,1.25,0.8,24,99,COMPLETE
9144,9144,17839.0,2023-11-15 14:25:05.216291,2023-11-15 14:25:06.548942,0 days 00:00:01.332651,0.9,20,1.25,0.8,2,97,COMPLETE
9145,9145,18492.5,2023-11-15 14:25:06.553106,2023-11-15 14:25:08.472234,0 days 00:00:01.919128,0.8,10,1.25,0.8,16,100,COMPLETE
