,number,value,datetime_start,datetime_complete,duration,params_alpha,params_decay_interval,params_decay_rate,params_gamma,params_initialization,params_max_steps,state
8381,8381,17549.5,2023-11-15 12:54:01.209215,2023-11-15 12:54:01.898807,0 days 00:00:00.689592,0.7000000000000001,10,3.0,0.9,22,68,COMPLETE
8382,8382,18682.0,2023-11-15 12:54:01.901367,2023-11-15 12:54:02.594803,0 days 00:00:00.693436,0.8,10,3.0,0.9,16,75,COMPLETE
8383,8383,17826.25,2023-11-15 12:54:02.597974,2023-11-15 12:54:03.283202,0 days 00:00:00.685228,0.8,10,2.5,0.9,42,70,COMPLETE
8384,8384,17369.5,2023-11-15 12:54:03.286281,2023-11-15 12:54:03.977196,0 days 00:00:00.690915,0.8,10,3.0,0.9,12,73,COMPLETE
8385,8385,17654.5,2023-11-15 12:54:03.979948,2023-11-15 12:54:04.665148,0 days 00:00:00.685200,0.8,10,2.75,0.9,25,65,COMPLETE
8386,8386,17639.25,2023-11-15 12:54:04.667674,2023-11-15 12:54:05.356022,0 days 00:00:00.688348,0.9,10,3.0,0.9,18,78,COMPLETE
8387,8387,17547.25,2023-11-15 12:54:05.358568,2023-11-15 12:54:06.072542,0 days 00:00:00.713974,0.8,10,3.0,0.9,30,68,COMPLETE
8388,8388,16738.25,2023-11-15 12:54:06.075062,2023-11-15 12:54:06.783198,0 days 00:00:00.708136,0.8,20,2.25,0.9,23,82,COMPLETE
8389,8389,18215.25,2023-11-15 12:54:06.785724,2023-11-15 12:54:07.486539,0 days 00:00:00.700815,0.8,10,2.75,0.9,20,72,COMPLETE
8390,8390,17284.5,2023-11-15 12:54:07.489034,2023-11-15 12:54:08.195304,0 days 00:00:00.706270,0.8,10,3.0,0.8,15,76,COMPLETE
8391,8391,17825.5,2023-11-15 12:54:08.198445,2023-11-15 12:54:08.903670,0 days 00:00:00.705225,0.8,10,3.0,0.9,28,70,COMPLETE
8392,8392,16919.75,2023-11-15 12:54:08.906167,2023-11-15 12:54:09.591881,0 days 00:00:00.685714,0.7000000000000001,10,3.0,0.9,17,64,COMPLETE
8393,8393,17285.75,2023-11-15 12:54:09.594513,2023-11-15 12:54:10.286953,0 days 00:00:00.692440,0.4,10,3.0,0.9,21,73,COMPLETE
8394,8394,17917.0,2023-11-15 12:54:10.289447,2023-11-15 12:54:10.985079,0 days 00:00:00.695632,0.8,10,3.0,0.9,25,67,COMPLETE
8395,8395,17826.5,2023-11-15 12:54:10.987808,2023-11-15 12:54:11.686273,0 days 00:00:00.698465,0.8,10,2.5,0.9,13,89,COMPLETE
8396,8396,18587.75,2023-11-15 12:54:11.689049,2023-11-15 12:54:12.393622,0 days 00:00:00.704573,0.8,10,2.75,0.9,76,75,COMPLETE
8397,8397,16527.75,2023-11-15 12:54:12.396387,2023-11-15 12:54:13.098513,0 days 00:00:00.702126,0.9,20,3.0,0.9,18,69,COMPLETE
8398,8398,18216.25,2023-11-15 12:54:13.101837,2023-11-15 12:54:13.797786,0 days 00:00:00.695949,0.5,10,2.75,0.9,23,72,COMPLETE
8399,8399,17369.25,2023-11-15 12:54:13.800396,2023-11-15 12:54:14.498362,0 days 00:00:00.697966,0.8,10,3.0,0.9,20,79,COMPLETE
8400,8400,16718.25,2023-11-15 12:54:14.500888,2023-11-15 12:54:15.196519,0 days 00:00:00.695631,0.8,10,3.0,0.8,15,62,COMPLETE
8401,8401,18299.25,2023-11-15 12:54:15.199674,2023-11-15 12:54:15.912982,0 days 00:00:00.713308,0.8,10,3.0,0.9,22,53,COMPLETE
8402,8402,17917.0,2023-11-15 12:54:15.916135,2023-11-15 12:54:16.608468,0 days 00:00:00.692333,0.8,10,2.75,0.9,10,67,COMPLETE
8403,8403,17825.5,2023-11-15 12:54:16.611155,2023-11-15 12:54:17.304268,0 days 00:00:00.693113,0.8,10,3.0,0.9,19,70,COMPLETE
8404,8404,18682.0,2023-11-15 12:54:17.306975,2023-11-15 12:54:17.996672,0 days 00:00:00.689697,0.8,10,3.0,0.9,17,75,COMPLETE
8405,8405,17481.25,2023-11-15 12:54:17.999606,2023-11-15 12:54:18.699665,0 days 00:00:00.700059,0.30000000000000004,10,3.0,0.9,21,72,COMPLETE
8406,8406,14199.0,2023-11-15 12:54:18.702921,2023-11-15 12:54:19.430322,0 days 00:00:00.727401,0.8,50,3.0,0.9,24,66,COMPLETE
8407,8407,17196.25,2023-11-15 12:54:19.433773,2023-11-15 12:54:20.139053,0 days 00:00:00.705280,0.8,10,2.75,0.9,27,76,COMPLETE
8408,8408,18111.5,2023-11-15 12:54:20.141680,2023-11-15 12:54:20.822411,0 days 00:00:00.680731,0.8,10,3.0,0.7000000000000001,14,70,COMPLETE
8409,8409,13352.0,2023-11-15 12:54:20.825199,2023-11-15 12:54:21.541325,0 days 00:00:00.716126,0.8,60,3.0,0.9,19,73,COMPLETE
8410,8410,16905.0,2023-11-15 12:54:21.544027,2023-11-15 12:54:22.261004,0 days 00:00:00.716977,0.8,20,2.75,0.9,17,79,COMPLETE
8411,8411,16751.75,2023-11-15 12:54:22.264241,2023-11-15 12:54:22.998089,0 days 00:00:00.733848,0.8,10,3.0,0.8,21,64,COMPLETE
8412,8412,17547.25,2023-11-15 12:54:23.000871,2023-11-15 12:54:23.691904,0 days 00:00:00.691033,0.8,10,3.0,0.9,16,68,COMPLETE
8413,8413,17483.25,2023-11-15 12:54:23.694918,2023-11-15 12:54:24.398543,0 days 00:00:00.703625,0.9,10,3.0,0.30000000000000004,23,72,COMPLETE
8414,8414,15329.25,2023-11-15 12:54:24.401206,2023-11-15 12:54:25.103595,0 days 00:00:00.702389,0.8,40,3.0,0.9,26,76,COMPLETE
8415,8415,17111.5,2023-11-15 12:54:25.106221,2023-11-15 12:54:25.801823,0 days 00:00:00.695602,0.7000000000000001,10,2.75,0.9,19,69,COMPLETE
8416,8416,17369.5,2023-11-15 12:54:25.804496,2023-11-15 12:54:26.516532,0 days 00:00:00.712036,0.8,10,3.0,0.9,13,73,COMPLETE
8417,8417,17654.5,2023-11-15 12:54:26.519112,2023-11-15 12:54:27.210550,0 days 00:00:00.691438,0.8,10,3.0,0.9,17,65,COMPLETE
8418,8418,16580.0,2023-11-15 12:54:27.213939,2023-11-15 12:54:27.906246,0 days 00:00:00.692307,0.8,10,2.75,0.1,22,69,COMPLETE
8419,8419,14351.25,2023-11-15 12:54:27.908863,2023-11-15 12:54:28.653654,0 days 00:00:00.744791,0.8,70,2.5,0.9,19,74,COMPLETE
8420,8420,17739.5,2023-11-15 12:54:28.657153,2023-11-15 12:54:29.394276,0 days 00:00:00.737123,0.8,10,3.0,0.9,15,81,COMPLETE
8421,8421,18392.25,2023-11-15 12:54:29.397843,2023-11-15 12:54:30.123962,0 days 00:00:00.726119,0.8,20,3.0,0.9,25,71,COMPLETE
8422,8422,13432.0,2023-11-15 12:54:30.126552,2023-11-15 12:54:30.834743,0 days 00:00:00.708191,0.8,10,3.0,0.9,21,27,COMPLETE
8423,8423,17917.0,2023-11-15 12:54:30.837322,2023-11-15 12:54:31.537876,0 days 00:00:00.700554,0.8,10,3.0,0.9,11,67,COMPLETE
8424,8424,16467.75,2023-11-15 12:54:31.540441,2023-11-15 12:54:32.244350,0 days 00:00:00.703909,0.7000000000000001,10,2.75,0.9,18,61,COMPLETE
8425,8425,18121.5,2023-11-15 12:54:32.248043,2023-11-15 12:54:32.943334,0 days 00:00:00.695291,0.8,10,3.0,0.9,71,77,COMPLETE
8426,8426,19260.75,2023-11-15 12:54:32.946342,2023-11-15 12:54:33.645105,0 days 00:00:00.698763,0.8,10,3.0,0.9,23,71,COMPLETE
8427,8427,17920.75,2023-11-15 12:54:33.648466,2023-11-15 12:54:34.347952,0 days 00:00:00.699486,0.8,10,2.75,0.9,20,74,COMPLETE
8428,8428,16719.5,2023-11-15 12:54:34.350499,2023-11-15 12:54:35.041471,0 days 00:00:00.690972,0.8,10,3.0,0.9,34,66,COMPLETE
8429,8429,18112.25,2023-11-15 12:54:35.044220,2023-11-15 12:54:35.757000,0 days 00:00:00.712780,0.8,10,3.0,0.9,15,134,COMPLETE
8430,8430,16529.75,2023-11-15 12:54:35.759692,2023-11-15 12:54:36.488974,0 days 00:00:00.729282,0.8,20,3.0,0.8,18,69,COMPLETE
8431,8431,17454.0,2023-11-15 12:54:36.491519,2023-11-15 12:54:37.198155,0 days 00:00:00.706636,0.9,10,2.5,0.9,21,78,COMPLETE
8432,8432,18584.25,2023-11-15 12:54:37.200921,2023-11-15 12:54:37.902186,0 days 00:00:00.701265,0.8,10,3.0,0.9,25,85,COMPLETE
8433,8433,18215.25,2023-11-15 12:54:37.904990,2023-11-15 12:54:38.600612,0 days 00:00:00.695622,0.8,10,2.75,0.9,16,72,COMPLETE
8434,8434,18682.0,2023-11-15 12:54:38.603532,2023-11-15 12:54:39.296459,0 days 00:00:00.692927,0.8,10,3.0,0.9,23,75,COMPLETE
8435,8435,17014.0,2023-11-15 12:54:39.299387,2023-11-15 12:54:40.008414,0 days 00:00:00.709027,0.8,10,3.0,0.9,28,64,COMPLETE
8436,8436,17176.0,2023-11-15 12:54:40.011006,2023-11-15 12:54:40.709991,0 days 00:00:00.698985,0.8,10,2.75,0.9,14,58,COMPLETE
8437,8437,17115.5,2023-11-15 12:54:40.712837,2023-11-15 12:54:41.420729,0 days 00:00:00.707892,0.8,10,3.0,0.9,19,69,COMPLETE
8438,8438,16624.25,2023-11-15 12:54:41.423607,2023-11-15 12:54:42.140700,0 days 00:00:00.717093,0.9,20,3.0,0.9,17,67,COMPLETE
8439,8439,18215.25,2023-11-15 12:54:42.143449,2023-11-15 12:54:42.844751,0 days 00:00:00.701302,0.8,10,2.75,0.9,12,72,COMPLETE
8440,8440,16923.25,2023-11-15 12:54:42.848147,2023-11-15 12:54:43.576869,0 days 00:00:00.728722,0.8,10,3.0,0.9,21,76,COMPLETE
8441,8441,17203.0,2023-11-15 12:54:43.579702,2023-11-15 12:54:44.288014,0 days 00:00:00.708312,0.8,10,2.25,0.8,45,69,COMPLETE
8442,8442,17369.5,2023-11-15 12:54:44.290515,2023-11-15 12:54:44.999363,0 days 00:00:00.708848,0.8,10,3.0,0.9,24,73,COMPLETE
8443,8443,16714.0,2023-11-15 12:54:45.002155,2023-11-15 12:54:45.701473,0 days 00:00:00.699318,0.7000000000000001,10,3.0,0.9,19,62,COMPLETE
8444,8444,17369.25,2023-11-15 12:54:45.704015,2023-11-15 12:54:46.404734,0 days 00:00:00.700719,0.8,10,3.0,0.9,17,79,COMPLETE
8445,8445,16719.5,2023-11-15 12:54:46.407686,2023-11-15 12:54:47.105681,0 days 00:00:00.697995,0.8,10,2.75,0.9,22,66,COMPLETE
8446,8446,19260.75,2023-11-15 12:54:47.108240,2023-11-15 12:54:47.805366,0 days 00:00:00.697126,0.8,10,3.0,0.9,8,71,COMPLETE
8447,8447,17588.25,2023-11-15 12:54:47.808241,2023-11-15 12:54:48.506276,0 days 00:00:00.698035,0.8,10,3.0,0.9,91,75,COMPLETE
8448,8448,17825.5,2023-11-15 12:54:48.508911,2023-11-15 12:54:49.201025,0 days 00:00:00.692114,0.8,10,3.0,0.9,20,70,COMPLETE
8449,8449,17917.0,2023-11-15 12:54:49.204352,2023-11-15 12:54:49.894697,0 days 00:00:00.690345,0.8,10,2.75,0.9,15,67,COMPLETE
8450,8450,16636.0,2023-11-15 12:54:49.897748,2023-11-15 12:54:50.611349,0 days 00:00:00.713601,0.8,20,3.0,0.9,24,73,COMPLETE
8451,8451,17192.75,2023-11-15 12:54:50.614741,2023-11-15 12:54:51.339189,0 days 00:00:00.724448,0.8,10,3.0,0.6,27,64,COMPLETE
8452,8452,18121.5,2023-11-15 12:54:51.341715,2023-11-15 12:54:52.037877,0 days 00:00:00.696162,0.8,10,3.0,0.9,17,77,COMPLETE
8453,8453,17556.5,2023-11-15 12:54:52.040735,2023-11-15 12:54:52.728961,0 days 00:00:00.688226,0.7000000000000001,10,2.75,0.8,58,70,COMPLETE
8454,8454,17920.75,2023-11-15 12:54:52.732349,2023-11-15 12:54:53.430620,0 days 00:00:00.698271,0.8,10,3.0,0.9,66,74,COMPLETE
8455,8455,17547.25,2023-11-15 12:54:53.433599,2023-11-15 12:54:54.134614,0 days 00:00:00.701015,0.8,10,3.0,0.9,13,68,COMPLETE
8456,8456,12575.5,2023-11-15 12:54:54.137234,2023-11-15 12:54:54.869116,0 days 00:00:00.731882,0.9,90,2.75,0.9,21,71,COMPLETE
8457,8457,17739.5,2023-11-15 12:54:54.871625,2023-11-15 12:54:55.567342,0 days 00:00:00.695717,0.8,10,3.0,0.9,19,81,COMPLETE
8458,8458,17652.75,2023-11-15 12:54:55.569907,2023-11-15 12:54:56.268826,0 days 00:00:00.698919,0.8,10,2.5,0.9,38,65,COMPLETE
8459,8459,16898.75,2023-11-15 12:54:56.271586,2023-11-15 12:54:56.977405,0 days 00:00:00.705819,0.8,20,3.0,0.9,23,76,COMPLETE
8460,8460,17185.25,2023-11-15 12:54:56.980454,2023-11-15 12:54:57.689202,0 days 00:00:00.708748,0.8,10,3.0,0.9,15,73,COMPLETE
8461,8461,17547.25,2023-11-15 12:54:57.691877,2023-11-15 12:54:58.387652,0 days 00:00:00.695775,0.8,10,3.0,0.9,26,68,COMPLETE
8462,8462,18215.25,2023-11-15 12:54:58.390259,2023-11-15 12:54:59.105507,0 days 00:00:00.715248,0.8,10,2.75,0.9,31,72,COMPLETE
8463,8463,17546.25,2023-11-15 12:54:59.108085,2023-11-15 12:54:59.812240,0 days 00:00:00.704155,0.8,10,3.0,0.8,18,78,COMPLETE
8464,8464,16711.25,2023-11-15 12:54:59.815404,2023-11-15 12:55:00.511439,0 days 00:00:00.696035,0.8,10,3.0,0.9,21,62,COMPLETE
8465,8465,18012.75,2023-11-15 12:55:00.514943,2023-11-15 12:55:01.211538,0 days 00:00:00.696595,0.9,10,2.75,0.9,19,70,COMPLETE
8466,8466,17917.0,2023-11-15 12:55:01.214910,2023-11-15 12:55:01.921672,0 days 00:00:00.706762,0.8,10,3.0,0.9,16,67,COMPLETE
8467,8467,17857.75,2023-11-15 12:55:01.924335,2023-11-15 12:55:02.634205,0 days 00:00:00.709870,0.8,10,2.75,0.5,22,75,COMPLETE
8468,8468,18973.5,2023-11-15 12:55:02.636767,2023-11-15 12:55:03.318528,0 days 00:00:00.681761,0.7000000000000001,10,2.5,0.9,13,71,COMPLETE
8469,8469,17631.75,2023-11-15 12:55:03.321214,2023-11-15 12:55:04.020933,0 days 00:00:00.699719,0.8,20,3.0,0.9,24,65,COMPLETE
8470,8470,17460.25,2023-11-15 12:55:04.023541,2023-11-15 12:55:04.720688,0 days 00:00:00.697147,0.8,10,2.25,0.9,17,73,COMPLETE
8471,8471,17115.5,2023-11-15 12:55:04.723434,2023-11-15 12:55:05.428646,0 days 00:00:00.705212,0.8,10,3.0,0.9,20,69,COMPLETE
8472,8472,17833.0,2023-11-15 12:55:05.431882,2023-11-15 12:55:06.135110,0 days 00:00:00.703228,0.8,10,3.0,0.9,15,80,COMPLETE
8473,8473,18682.0,2023-11-15 12:55:06.137631,2023-11-15 12:55:06.855762,0 days 00:00:00.718131,0.8,10,3.0,0.8,10,75,COMPLETE
8474,8474,17917.0,2023-11-15 12:55:06.858336,2023-11-15 12:55:07.564796,0 days 00:00:00.706460,0.8,10,2.75,0.9,22,67,COMPLETE
8475,8475,19260.75,2023-11-15 12:55:07.567461,2023-11-15 12:55:08.259729,0 days 00:00:00.692268,0.8,10,3.0,0.9,19,71,COMPLETE
8476,8476,17842.25,2023-11-15 12:55:08.262736,2023-11-15 12:55:08.966012,0 days 00:00:00.703276,0.7000000000000001,10,3.0,0.9,25,77,COMPLETE
8477,8477,18019.0,2023-11-15 12:55:08.968925,2023-11-15 12:55:09.679806,0 days 00:00:00.710881,0.8,20,3.0,0.9,17,130,COMPLETE
8478,8478,17369.5,2023-11-15 12:55:09.682741,2023-11-15 12:55:10.382232,0 days 00:00:00.699491,0.8,10,3.0,0.9,20,73,COMPLETE
8479,8479,16543.25,2023-11-15 12:55:10.384802,2023-11-15 12:55:11.109283,0 days 00:00:00.724481,0.8,10,3.0,0.9,23,63,COMPLETE
8480,8480,15444.75,2023-11-15 12:55:11.112074,2023-11-15 12:55:11.831571,0 days 00:00:00.719497,0.2,10,2.75,0.9,14,69,COMPLETE
8481,8481,16719.5,2023-11-15 12:55:11.834148,2023-11-15 12:55:12.535053,0 days 00:00:00.700905,0.8,10,3.0,0.9,18,66,COMPLETE
8482,8482,17364.25,2023-11-15 12:55:12.537633,2023-11-15 12:55:13.240574,0 days 00:00:00.702941,0.8,30,3.0,0.9,28,74,COMPLETE
8483,8483,17825.5,2023-11-15 12:55:13.243156,2023-11-15 12:55:13.940621,0 days 00:00:00.697465,0.8,10,2.75,0.9,21,70,COMPLETE
8484,8484,17281.75,2023-11-15 12:55:13.943264,2023-11-15 12:55:14.639560,0 days 00:00:00.696296,0.9,10,3.0,0.9,16,60,COMPLETE
8485,8485,18121.5,2023-11-15 12:55:14.642217,2023-11-15 12:55:15.407728,0 days 00:00:00.765511,0.8,10,3.0,0.9,25,77,COMPLETE
8486,8486,17644.0,2023-11-15 12:55:15.410460,2023-11-15 12:55:16.260294,0 days 00:00:00.849834,0.8,10,3.0,0.9,12,82,COMPLETE
8487,8487,14304.5,2023-11-15 12:55:16.264247,2023-11-15 12:55:17.257242,0 days 00:00:00.992995,0.1,20,2.75,0.9,19,72,COMPLETE
8488,8488,16719.5,2023-11-15 12:55:17.259886,2023-11-15 12:55:18.146769,0 days 00:00:00.886883,0.8,10,3.0,0.9,21,66,COMPLETE
8489,8489,17115.5,2023-11-15 12:55:18.152919,2023-11-15 12:55:19.634597,0 days 00:00:01.481678,0.8,10,3.0,0.9,17,69,COMPLETE
8490,8490,18682.0,2023-11-15 12:55:19.643041,2023-11-15 12:55:21.359326,0 days 00:00:01.716285,0.8,10,2.5,0.9,22,75,COMPLETE
8491,8491,15932.0,2023-11-15 12:55:21.370954,2023-11-15 12:55:22.989752,0 days 00:00:01.618798,0.8,40,3.0,0.8,15,71,COMPLETE
8492,8492,17018.25,2023-11-15 12:55:22.995135,2023-11-15 12:55:24.015581,0 days 00:00:01.020446,0.9,10,2.75,0.9,19,79,COMPLETE
8493,8493,16830.0,2023-11-15 12:55:24.018658,2023-11-15 12:55:25.216303,0 days 00:00:01.197645,0.7000000000000001,10,3.0,0.9,26,64,COMPLETE
8494,8494,17549.75,2023-11-15 12:55:25.219154,2023-11-15 12:55:26.227737,0 days 00:00:01.008583,0.8,10,2.5,0.9,23,68,COMPLETE
8495,8495,17920.75,2023-11-15 12:55:26.231259,2023-11-15 12:55:26.971803,0 days 00:00:00.740544,0.8,10,3.0,0.9,17,74,COMPLETE
8496,8496,19260.75,2023-11-15 12:55:26.974402,2023-11-15 12:55:27.707234,0 days 00:00:00.732832,0.8,10,2.75,0.9,20,71,COMPLETE
8497,8497,17547.25,2023-11-15 12:55:27.709895,2023-11-15 12:55:28.452532,0 days 00:00:00.742637,0.8,10,3.0,0.9,14,68,COMPLETE
8498,8498,17185.5,2023-11-15 12:55:28.455040,2023-11-15 12:55:29.418303,0 days 00:00:00.963263,0.8,20,3.0,0.9,23,77,COMPLETE
8499,8499,17188.25,2023-11-15 12:55:29.421685,2023-11-15 12:55:30.387312,0 days 00:00:00.965627,0.8,10,3.0,0.9,18,73,COMPLETE
8500,8500,17654.5,2023-11-15 12:55:30.391194,2023-11-15 12:55:31.282249,0 days 00:00:00.891055,0.8,10,2.75,0.9,12,65,COMPLETE
8501,8501,19260.75,2023-11-15 12:55:31.284823,2023-11-15 12:55:32.027523,0 days 00:00:00.742700,0.8,10,3.0,0.9,62,71,COMPLETE
8502,8502,18587.5,2023-11-15 12:55:32.030811,2023-11-15 12:55:32.800940,0 days 00:00:00.770129,0.8,10,2.0,0.8,6,75,COMPLETE
8503,8503,17547.25,2023-11-15 12:55:32.803448,2023-11-15 12:55:33.549389,0 days 00:00:00.745941,0.8,10,3.0,0.9,21,68,COMPLETE
8504,8504,16711.25,2023-11-15 12:55:33.552216,2023-11-15 12:55:34.300259,0 days 00:00:00.748043,0.8,10,3.0,0.9,16,62,COMPLETE
8505,8505,18215.25,2023-11-15 12:55:34.302916,2023-11-15 12:55:35.036631,0 days 00:00:00.733715,0.8,10,2.75,0.9,24,72,COMPLETE
8506,8506,17547.25,2023-11-15 12:55:35.039138,2023-11-15 12:55:35.772366,0 days 00:00:00.733228,0.8,10,3.0,0.9,19,68,COMPLETE
8507,8507,16898.25,2023-11-15 12:55:35.775039,2023-11-15 12:55:36.548494,0 days 00:00:00.773455,0.6,20,3.0,0.9,26,79,COMPLETE
8508,8508,18682.0,2023-11-15 12:55:36.551574,2023-11-15 12:55:37.299021,0 days 00:00:00.747447,0.8,10,3.0,0.9,29,75,COMPLETE
8509,8509,17825.5,2023-11-15 12:55:37.302499,2023-11-15 12:55:38.060212,0 days 00:00:00.757713,0.8,10,3.0,0.9,21,70,COMPLETE
8510,8510,17654.5,2023-11-15 12:55:38.064123,2023-11-15 12:55:38.838686,0 days 00:00:00.774563,0.8,10,3.0,0.9,17,65,COMPLETE
8511,8511,18872.25,2023-11-15 12:55:38.841392,2023-11-15 12:55:39.575017,0 days 00:00:00.733625,0.7000000000000001,10,2.75,0.9,14,73,COMPLETE
8512,8512,16349.5,2023-11-15 12:55:39.577789,2023-11-15 12:55:40.347043,0 days 00:00:00.769254,0.8,10,3.0,0.9,19,56,COMPLETE
8513,8513,17829.25,2023-11-15 12:55:40.350535,2023-11-15 12:55:41.089476,0 days 00:00:00.738941,0.5,10,3.0,0.9,22,70,COMPLETE
8514,8514,18304.25,2023-11-15 12:55:41.092344,2023-11-15 12:55:41.919141,0 days 00:00:00.826797,0.9,10,2.5,0.9,16,77,COMPLETE
8515,8515,17917.0,2023-11-15 12:55:41.921858,2023-11-15 12:55:42.690735,0 days 00:00:00.768877,0.8,10,2.75,0.9,10,67,COMPLETE
8516,8516,17833.75,2023-11-15 12:55:42.693303,2023-11-15 12:55:43.510230,0 days 00:00:00.816927,0.8,10,3.0,0.9,24,83,COMPLETE
8517,8517,17275.25,2023-11-15 12:55:43.514154,2023-11-15 12:55:44.300475,0 days 00:00:00.786321,0.8,20,3.0,0.9,20,72,COMPLETE
8518,8518,18585.0,2023-11-15 12:55:44.304009,2023-11-15 12:55:45.225357,0 days 00:00:00.921348,0.7000000000000001,10,2.75,0.9,82,76,COMPLETE
8519,8519,16543.25,2023-11-15 12:55:45.228274,2023-11-15 12:55:46.279197,0 days 00:00:01.050923,0.8,10,3.0,0.9,18,63,COMPLETE
8520,8520,17920.75,2023-11-15 12:55:46.282229,2023-11-15 12:55:47.456627,0 days 00:00:01.174398,0.8,10,3.0,0.9,14,74,COMPLETE
8521,8521,1205.0,2023-11-15 12:55:47.461427,2023-11-15 12:55:48.479764,0 days 00:00:01.018337,0.8,10,3.0,0.8,22,9,COMPLETE
8522,8522,17374.0,2023-11-15 12:55:48.483515,2023-11-15 12:55:49.477018,0 days 00:00:00.993503,0.8,10,1.25,0.9,27,69,COMPLETE
8523,8523,16633.0,2023-11-15 12:55:49.480673,2023-11-15 12:55:50.277917,0 days 00:00:00.797244,0.9,10,3.0,0.9,20,66,COMPLETE
8524,8524,19260.75,2023-11-15 12:55:50.280988,2023-11-15 12:55:51.043563,0 days 00:00:00.762575,0.8,10,2.75,0.9,17,71,COMPLETE
8525,8525,17369.25,2023-11-15 12:55:51.046587,2023-11-15 12:55:51.838243,0 days 00:00:00.791656,0.8,10,3.0,0.9,23,79,COMPLETE
8526,8526,17929.0,2023-11-15 12:55:51.842436,2023-11-15 12:55:52.609776,0 days 00:00:00.767340,0.8,10,2.25,0.9,15,115,COMPLETE
8527,8527,17188.25,2023-11-15 12:55:52.612475,2023-11-15 12:55:53.379908,0 days 00:00:00.767433,0.8,20,2.75,0.9,18,74,COMPLETE
8528,8528,11899.75,2023-11-15 12:55:53.382537,2023-11-15 12:55:54.166164,0 days 00:00:00.783627,0.8,70,3.0,0.8,25,68,COMPLETE
8529,8529,19260.75,2023-11-15 12:55:54.169257,2023-11-15 12:55:54.936885,0 days 00:00:00.767628,0.8,10,3.0,0.9,12,71,COMPLETE
8530,8530,17654.5,2023-11-15 12:55:54.939434,2023-11-15 12:55:55.686782,0 days 00:00:00.747348,0.8,10,3.0,0.9,20,65,COMPLETE
8531,8531,17920.75,2023-11-15 12:55:55.689511,2023-11-15 12:55:56.453896,0 days 00:00:00.764385,0.8,10,3.0,0.9,22,74,COMPLETE
8532,8532,16726.25,2023-11-15 12:55:56.456606,2023-11-15 12:55:57.215661,0 days 00:00:00.759055,0.8,10,3.0,0.9,16,61,COMPLETE
8533,8533,17115.5,2023-11-15 12:55:57.218655,2023-11-15 12:55:57.986623,0 days 00:00:00.767968,0.8,10,2.75,0.9,19,69,COMPLETE
8534,8534,18121.5,2023-11-15 12:55:57.989241,2023-11-15 12:55:58.731392,0 days 00:00:00.742151,0.8,10,3.0,0.9,24,77,COMPLETE
8535,8535,18872.25,2023-11-15 12:55:58.734442,2023-11-15 12:55:59.496161,0 days 00:00:00.761719,0.7000000000000001,10,2.5,0.9,21,73,COMPLETE
8536,8536,14363.5,2023-11-15 12:55:59.499794,2023-11-15 12:56:00.375508,0 days 00:00:00.875714,0.8,50,2.75,0.9,18,67,COMPLETE
8537,8537,19260.75,2023-11-15 12:56:00.379155,2023-11-15 12:56:01.314319,0 days 00:00:00.935164,0.8,10,3.0,0.9,14,71,COMPLETE
8538,8538,16923.25,2023-11-15 12:56:01.318084,2023-11-15 12:56:02.136327,0 days 00:00:00.818243,0.8,10,3.0,0.9,30,76,COMPLETE
8539,8539,18392.25,2023-11-15 12:56:02.138955,2023-11-15 12:56:02.897201,0 days 00:00:00.758246,0.9,20,3.0,0.9,16,70,COMPLETE
8540,8540,17739.5,2023-11-15 12:56:02.899877,2023-11-15 12:56:03.646835,0 days 00:00:00.746958,0.8,10,3.0,0.9,20,81,COMPLETE
8541,8541,16661.0,2023-11-15 12:56:03.650185,2023-11-15 12:56:04.405161,0 days 00:00:00.754976,0.8,10,2.75,0.8,26,64,COMPLETE
8542,8542,17576.25,2023-11-15 12:56:04.407804,2023-11-15 12:56:05.188520,0 days 00:00:00.780716,0.8,10,3.0,0.4,22,73,COMPLETE
8543,8543,17917.0,2023-11-15 12:56:05.191070,2023-11-15 12:56:05.944702,0 days 00:00:00.753632,0.8,10,3.0,0.9,18,67,COMPLETE
8544,8544,19260.75,2023-11-15 12:56:05.948019,2023-11-15 12:56:06.713509,0 days 00:00:00.765490,0.8,10,2.75,0.9,13,71,COMPLETE
8545,8545,18121.5,2023-11-15 12:56:06.716597,2023-11-15 12:56:07.475989,0 days 00:00:00.759392,0.8,10,3.0,0.9,24,77,COMPLETE
8546,8546,17547.25,2023-11-15 12:56:07.478813,2023-11-15 12:56:08.264343,0 days 00:00:00.785530,0.8,10,3.0,0.9,16,68,COMPLETE
8547,8547,16565.0,2023-11-15 12:56:08.266961,2023-11-15 12:56:09.023439,0 days 00:00:00.756478,0.4,20,2.75,0.9,22,74,COMPLETE
8548,8548,14236.75,2023-11-15 12:56:09.026035,2023-11-15 12:56:09.801764,0 days 00:00:00.775729,0.8,60,3.0,0.9,20,71,COMPLETE
8549,8549,16742.5,2023-11-15 12:56:09.804750,2023-11-15 12:56:10.556214,0 days 00:00:00.751464,0.30000000000000004,10,3.0,0.9,18,59,COMPLETE
8550,8550,17374.25,2023-11-15 12:56:10.558775,2023-11-15 12:56:11.335877,0 days 00:00:00.777102,0.9,10,3.0,0.6,11,65,COMPLETE
8551,8551,18493.25,2023-11-15 12:56:11.338517,2023-11-15 12:56:12.097293,0 days 00:00:00.758776,0.8,10,2.0,0.9,27,75,COMPLETE
