,number,value,datetime_start,datetime_complete,duration,params_alpha,params_decay_interval,params_decay_rate,params_gamma,params_initialization,params_max_steps,state
1028,1028,18582.25,2023-11-15 12:02:04.504137,2023-11-15 12:02:04.644962,0 days 00:00:00.140825,0.8,10,1.75,0.8,18,132,COMPLETE
1029,1029,18017.5,2023-11-15 12:02:04.646040,2023-11-15 12:02:04.815717,0 days 00:00:00.169677,0.8,20,2.0,0.8,17,142,COMPLETE
1030,1030,18205.5,2023-11-15 12:02:04.816912,2023-11-15 12:02:04.972410,0 days 00:00:00.155498,0.8,10,1.75,0.8,24,137,COMPLETE
1031,1031,18973.5,2023-11-15 12:02:04.973448,2023-11-15 12:02:05.116767,0 days 00:00:00.143319,0.8,10,1.75,0.8,17,145,COMPLETE
1032,1032,18399.25,2023-11-15 12:02:05.118133,2023-11-15 12:02:05.262392,0 days 00:00:00.144259,0.8,10,1.75,0.8,21,139,COMPLETE
1033,1033,18293.75,2023-11-15 12:02:05.263688,2023-11-15 12:02:05.412674,0 days 00:00:00.148986,0.8,10,1.75,0.8,18,135,COMPLETE
1034,1034,18495.0,2023-11-15 12:02:05.413689,2023-11-15 12:02:05.562759,0 days 00:00:00.149070,0.8,10,1.75,0.9,19,143,COMPLETE
1035,1035,18397.5,2023-11-15 12:02:05.563915,2023-11-15 12:02:05.711785,0 days 00:00:00.147870,0.8,10,1.75,0.8,17,138,COMPLETE
1036,1036,18586.0,2023-11-15 12:02:05.713069,2023-11-15 12:02:05.858690,0 days 00:00:00.145621,0.8,10,1.75,0.8,16,141,COMPLETE
1037,1037,18781.25,2023-11-15 12:02:05.860128,2023-11-15 12:02:06.005132,0 days 00:00:00.145004,0.8,10,2.0,0.8,21,145,COMPLETE
1038,1038,18401.25,2023-11-15 12:02:06.006301,2023-11-15 12:02:06.155988,0 days 00:00:00.149687,0.7000000000000001,10,1.75,0.8,17,144,COMPLETE
1039,1039,17923.0,2023-11-15 12:02:06.157057,2023-11-15 12:02:06.300473,0 days 00:00:00.143416,0.8,10,1.75,0.8,16,105,COMPLETE
1040,1040,13719.75,2023-11-15 12:02:06.301699,2023-11-15 12:02:06.485364,0 days 00:00:00.183665,0.8,60,1.75,0.8,16,118,COMPLETE
1041,1041,18111.5,2023-11-15 12:02:06.486433,2023-11-15 12:02:06.646181,0 days 00:00:00.159748,0.8,20,1.75,0.8,15,141,COMPLETE
1042,1042,19068.0,2023-11-15 12:02:06.647369,2023-11-15 12:02:06.792250,0 days 00:00:00.144881,0.8,10,1.75,0.8,19,145,COMPLETE
1043,1043,18121.5,2023-11-15 12:02:06.793529,2023-11-15 12:02:06.947204,0 days 00:00:00.153675,0.8,10,2.0,0.8,18,143,COMPLETE
1044,1044,17929.0,2023-11-15 12:02:06.948508,2023-11-15 12:02:07.103495,0 days 00:00:00.154987,0.8,10,1.75,0.8,23,136,COMPLETE
1045,1045,18125.75,2023-11-15 12:02:07.104637,2023-11-15 12:02:07.253930,0 days 00:00:00.149293,0.8,10,1.75,0.9,19,140,COMPLETE
1046,1046,18971.5,2023-11-15 12:02:07.255161,2023-11-15 12:02:07.400763,0 days 00:00:00.145602,0.8,10,1.75,0.8,21,145,COMPLETE
1047,1047,19068.0,2023-11-15 12:02:07.401962,2023-11-15 12:02:07.548823,0 days 00:00:00.146861,0.8,10,1.75,0.8,19,145,COMPLETE
1048,1048,18399.25,2023-11-15 12:02:07.550023,2023-11-15 12:02:07.695605,0 days 00:00:00.145582,0.8,10,1.75,0.8,20,139,COMPLETE
1049,1049,18492.25,2023-11-15 12:02:07.696825,2023-11-15 12:02:07.847375,0 days 00:00:00.150550,0.8,10,1.75,0.8,22,142,COMPLETE
1050,1050,18113.5,2023-11-15 12:02:07.848517,2023-11-15 12:02:07.998969,0 days 00:00:00.150452,0.8,10,1.75,0.8,23,137,COMPLETE
1051,1051,18971.5,2023-11-15 12:02:08.000472,2023-11-15 12:02:08.146239,0 days 00:00:00.145767,0.8,10,1.75,0.8,21,145,COMPLETE
1052,1052,18204.75,2023-11-15 12:02:08.147807,2023-11-15 12:02:08.304965,0 days 00:00:00.157158,0.8,10,1.75,0.8,26,134,COMPLETE
1053,1053,17737.75,2023-11-15 12:02:08.306193,2023-11-15 12:02:08.459901,0 days 00:00:00.153708,0.8,20,2.0,0.8,22,130,COMPLETE
1054,1054,18399.25,2023-11-15 12:02:08.461269,2023-11-15 12:02:08.606293,0 days 00:00:00.145024,0.8,10,1.75,0.8,18,139,COMPLETE
1055,1055,18586.0,2023-11-15 12:02:08.607720,2023-11-15 12:02:08.756990,0 days 00:00:00.149270,0.8,10,1.75,0.8,20,141,COMPLETE
1056,1056,18404.75,2023-11-15 12:02:08.758056,2023-11-15 12:02:08.909806,0 days 00:00:00.151750,0.8,10,1.75,0.8,21,143,COMPLETE
1057,1057,18592.75,2023-11-15 12:02:08.911361,2023-11-15 12:02:09.067612,0 days 00:00:00.156251,0.8,10,1.75,0.8,27,144,COMPLETE
1058,1058,18205.5,2023-11-15 12:02:09.068772,2023-11-15 12:02:09.226330,0 days 00:00:00.157558,0.8,10,1.75,0.8,20,137,COMPLETE
1059,1059,18401.75,2023-11-15 12:02:09.227768,2023-11-15 12:02:09.380379,0 days 00:00:00.152611,0.7000000000000001,10,2.0,0.8,25,141,COMPLETE
1060,1060,18875.25,2023-11-15 12:02:09.381446,2023-11-15 12:02:09.529221,0 days 00:00:00.147775,0.8,10,1.75,0.8,23,145,COMPLETE
1061,1061,18494.5,2023-11-15 12:02:09.530308,2023-11-15 12:02:09.683775,0 days 00:00:00.153467,0.8,10,1.75,0.8,17,140,COMPLETE
1062,1062,14497.75,2023-11-15 12:02:09.684847,2023-11-15 12:02:09.863822,0 days 00:00:00.178975,0.8,70,1.75,0.8,23,138,COMPLETE
1063,1063,18492.25,2023-11-15 12:02:09.865059,2023-11-15 12:02:10.018404,0 days 00:00:00.153345,0.8,10,1.75,0.8,25,142,COMPLETE
1064,1064,17829.25,2023-11-15 12:02:10.019613,2023-11-15 12:02:10.182243,0 days 00:00:00.162630,0.8,20,1.75,0.8,21,144,COMPLETE
1065,1065,18973.5,2023-11-15 12:02:10.183325,2023-11-15 12:02:10.332569,0 days 00:00:00.149244,0.8,10,1.75,0.8,20,145,COMPLETE
1066,1066,18973.5,2023-11-15 12:02:10.333623,2023-11-15 12:02:10.481449,0 days 00:00:00.147826,0.8,10,1.75,0.8,24,145,COMPLETE
1067,1067,18586.0,2023-11-15 12:02:10.482693,2023-11-15 12:02:10.633081,0 days 00:00:00.150388,0.8,10,1.75,0.8,21,141,COMPLETE
1068,1068,18973.5,2023-11-15 12:02:10.634145,2023-11-15 12:02:10.781298,0 days 00:00:00.147153,0.8,10,1.75,0.8,20,145,COMPLETE
1069,1069,18121.5,2023-11-15 12:02:10.782366,2023-11-15 12:02:10.935991,0 days 00:00:00.153625,0.8,10,2.0,0.8,23,143,COMPLETE
1070,1070,18494.5,2023-11-15 12:02:10.937058,2023-11-15 12:02:11.105737,0 days 00:00:00.168679,0.8,10,1.75,0.8,20,140,COMPLETE
1071,1071,18305.25,2023-11-15 12:02:11.106891,2023-11-15 12:02:11.253783,0 days 00:00:00.146892,0.7000000000000001,20,1.75,0.8,25,145,COMPLETE
1072,1072,16081.5,2023-11-15 12:02:11.255050,2023-11-15 12:02:11.395352,0 days 00:00:00.140302,0.8,10,1.75,0.8,19,37,COMPLETE
1073,1073,13895.5,2023-11-15 12:02:11.396633,2023-11-15 12:02:11.579304,0 days 00:00:00.182671,0.8,80,1.75,0.9,21,137,COMPLETE
1074,1074,18404.75,2023-11-15 12:02:11.580385,2023-11-15 12:02:11.733075,0 days 00:00:00.152690,0.8,10,1.75,0.8,19,143,COMPLETE
1075,1075,18781.25,2023-11-15 12:02:11.734156,2023-11-15 12:02:11.886156,0 days 00:00:00.152000,0.8,10,2.0,0.8,22,145,COMPLETE
1076,1076,18494.5,2023-11-15 12:02:11.887311,2023-11-15 12:02:12.041701,0 days 00:00:00.154390,0.8,10,1.75,0.8,19,140,COMPLETE
1077,1077,18973.5,2023-11-15 12:02:12.043038,2023-11-15 12:02:12.190551,0 days 00:00:00.147513,0.8,10,1.75,0.8,24,145,COMPLETE
1078,1078,18397.5,2023-11-15 12:02:12.192103,2023-11-15 12:02:12.346307,0 days 00:00:00.154204,0.8,10,1.75,0.8,24,138,COMPLETE
1079,1079,16298.5,2023-11-15 12:02:12.347648,2023-11-15 12:02:12.508799,0 days 00:00:00.161151,0.8,50,1.75,0.8,24,142,COMPLETE
1080,1080,18492.25,2023-11-15 12:02:12.509983,2023-11-15 12:02:12.661552,0 days 00:00:00.151569,0.8,10,1.75,0.8,25,142,COMPLETE
1081,1081,18293.75,2023-11-15 12:02:12.662712,2023-11-15 12:02:12.815215,0 days 00:00:00.152503,0.8,10,1.75,0.8,22,135,COMPLETE
1082,1082,18781.25,2023-11-15 12:02:12.816309,2023-11-15 12:02:12.965919,0 days 00:00:00.149610,0.8,10,2.0,0.8,26,145,COMPLETE
1083,1083,18397.5,2023-11-15 12:02:12.967079,2023-11-15 12:02:13.118259,0 days 00:00:00.151180,0.8,10,1.75,0.8,21,138,COMPLETE
1084,1084,18586.0,2023-11-15 12:02:13.119483,2023-11-15 12:02:13.268936,0 days 00:00:00.149453,0.8,10,1.75,0.8,19,141,COMPLETE
1085,1085,18973.5,2023-11-15 12:02:13.270076,2023-11-15 12:02:13.419712,0 days 00:00:00.149636,0.8,10,1.75,0.8,20,145,COMPLETE
1086,1086,18875.25,2023-11-15 12:02:13.420739,2023-11-15 12:02:13.569241,0 days 00:00:00.148502,0.8,10,1.75,0.8,23,145,COMPLETE
1087,1087,18495.0,2023-11-15 12:02:13.570355,2023-11-15 12:02:13.723360,0 days 00:00:00.153005,0.8,10,1.75,0.9,28,143,COMPLETE
1088,1088,18494.5,2023-11-15 12:02:13.724495,2023-11-15 12:02:13.878117,0 days 00:00:00.153622,0.8,10,1.75,0.8,20,140,COMPLETE
1089,1089,18971.5,2023-11-15 12:02:13.879491,2023-11-15 12:02:14.024741,0 days 00:00:00.145250,0.8,10,1.75,0.8,21,145,COMPLETE
1090,1090,18426.0,2023-11-15 12:02:14.025919,2023-11-15 12:02:14.169401,0 days 00:00:00.143482,0.8,20,1.75,0.8,27,145,COMPLETE
1091,1091,18492.25,2023-11-15 12:02:14.170587,2023-11-15 12:02:14.322508,0 days 00:00:00.151921,0.8,10,1.75,0.8,19,142,COMPLETE
1092,1092,17463.0,2023-11-15 12:02:14.323705,2023-11-15 12:02:14.480398,0 days 00:00:00.156693,0.8,30,1.75,0.8,23,146,COMPLETE
1093,1093,18296.25,2023-11-15 12:02:14.481512,2023-11-15 12:02:14.632340,0 days 00:00:00.150828,0.8,10,2.0,0.8,18,138,COMPLETE
1094,1094,18492.25,2023-11-15 12:02:14.633476,2023-11-15 12:02:14.786169,0 days 00:00:00.152693,0.8,10,1.75,0.8,20,142,COMPLETE
1095,1095,18874.75,2023-11-15 12:02:14.787256,2023-11-15 12:02:14.935955,0 days 00:00:00.148699,0.8,10,1.75,0.8,24,146,COMPLETE
1096,1096,18293.75,2023-11-15 12:02:14.937031,2023-11-15 12:02:15.089143,0 days 00:00:00.152112,0.8,10,1.75,0.8,18,135,COMPLETE
1097,1097,18302.5,2023-11-15 12:02:15.090304,2023-11-15 12:02:15.236093,0 days 00:00:00.145789,0.8,20,2.0,0.8,20,146,COMPLETE
1098,1098,18494.5,2023-11-15 12:02:15.237174,2023-11-15 12:02:15.403799,0 days 00:00:00.166625,0.8,10,1.75,0.8,21,140,COMPLETE
1099,1099,18404.75,2023-11-15 12:02:15.404946,2023-11-15 12:02:15.556258,0 days 00:00:00.151312,0.8,10,1.75,0.8,22,143,COMPLETE
1100,1100,18874.75,2023-11-15 12:02:15.557437,2023-11-15 12:02:15.706114,0 days 00:00:00.148677,0.8,10,1.75,0.8,18,146,COMPLETE
1101,1101,18404.75,2023-11-15 12:02:15.707345,2023-11-15 12:02:15.858825,0 days 00:00:00.151480,0.8,10,1.75,0.8,26,143,COMPLETE
1102,1102,18405.75,2023-11-15 12:02:15.859944,2023-11-15 12:02:16.011497,0 days 00:00:00.151553,0.8,10,1.75,0.9,18,140,COMPLETE
1103,1103,18496.0,2023-11-15 12:02:16.012755,2023-11-15 12:02:16.166574,0 days 00:00:00.153819,0.8,10,1.75,0.8,17,147,COMPLETE
1104,1104,18121.5,2023-11-15 12:02:16.167843,2023-11-15 12:02:16.321779,0 days 00:00:00.153936,0.8,10,2.0,0.8,24,143,COMPLETE
1105,1105,18210.0,2023-11-15 12:02:16.323013,2023-11-15 12:02:16.479122,0 days 00:00:00.156109,0.8,20,1.75,0.8,21,146,COMPLETE
1106,1106,18399.25,2023-11-15 12:02:16.480194,2023-11-15 12:02:16.627033,0 days 00:00:00.146839,0.8,10,1.75,0.8,28,139,COMPLETE
1107,1107,18496.0,2023-11-15 12:02:16.628512,2023-11-15 12:02:16.781495,0 days 00:00:00.152983,0.8,10,1.75,0.8,18,147,COMPLETE
1108,1108,18404.75,2023-11-15 12:02:16.782920,2023-11-15 12:02:16.937124,0 days 00:00:00.154204,0.8,10,1.75,0.8,22,143,COMPLETE
1109,1109,18781.25,2023-11-15 12:02:16.938340,2023-11-15 12:02:17.088942,0 days 00:00:00.150602,0.8,10,2.0,0.8,17,145,COMPLETE
1110,1110,17460.25,2023-11-15 12:02:17.089976,2023-11-15 12:02:17.229269,0 days 00:00:00.139293,0.8,10,1.75,0.8,19,42,COMPLETE
1111,1111,18205.5,2023-11-15 12:02:17.230508,2023-11-15 12:02:17.391235,0 days 00:00:00.160727,0.8,10,1.75,0.8,20,137,COMPLETE
1112,1112,18586.5,2023-11-15 12:02:17.392442,2023-11-15 12:02:17.545069,0 days 00:00:00.152627,0.8,10,1.75,0.9,17,141,COMPLETE
1113,1113,18019.75,2023-11-15 12:02:17.546422,2023-11-15 12:02:17.706056,0 days 00:00:00.159634,0.8,20,1.75,0.8,24,147,COMPLETE
1114,1114,18492.25,2023-11-15 12:02:17.707301,2023-11-15 12:02:17.861764,0 days 00:00:00.154463,0.7000000000000001,10,1.75,0.8,16,143,COMPLETE
1115,1115,16467.5,2023-11-15 12:02:17.862817,2023-11-15 12:02:18.024648,0 days 00:00:00.161831,0.8,40,1.75,0.8,22,146,COMPLETE
1116,1116,18587.25,2023-11-15 12:02:18.025808,2023-11-15 12:02:18.180159,0 days 00:00:00.154351,0.8,10,2.0,0.8,19,140,COMPLETE
1117,1117,18496.0,2023-11-15 12:02:18.181284,2023-11-15 12:02:18.336011,0 days 00:00:00.154727,0.8,10,1.75,0.8,17,147,COMPLETE
1118,1118,18404.75,2023-11-15 12:02:18.337401,2023-11-15 12:02:18.494718,0 days 00:00:00.157317,0.8,10,1.75,0.8,21,143,COMPLETE
1119,1119,18019.0,2023-11-15 12:02:18.496162,2023-11-15 12:02:18.654439,0 days 00:00:00.158277,0.8,10,1.75,0.8,16,134,COMPLETE
1120,1120,18496.0,2023-11-15 12:02:18.655647,2023-11-15 12:02:18.811062,0 days 00:00:00.155415,0.8,10,1.75,0.8,19,147,COMPLETE
1121,1121,18399.75,2023-11-15 12:02:18.812534,2023-11-15 12:02:18.962013,0 days 00:00:00.149479,0.7000000000000001,10,1.75,0.8,23,139,COMPLETE
1122,1122,18121.5,2023-11-15 12:02:18.963183,2023-11-15 12:02:19.121725,0 days 00:00:00.158542,0.8,10,2.0,0.8,25,143,COMPLETE
1123,1123,18973.5,2023-11-15 12:02:19.122811,2023-11-15 12:02:19.274084,0 days 00:00:00.151273,0.8,10,1.75,0.8,20,145,COMPLETE
1124,1124,18019.75,2023-11-15 12:02:19.275175,2023-11-15 12:02:19.436283,0 days 00:00:00.161108,0.8,20,1.75,0.8,16,147,COMPLETE
1125,1125,18586.5,2023-11-15 12:02:19.437378,2023-11-15 12:02:19.592177,0 days 00:00:00.154799,0.8,10,1.75,0.9,18,141,COMPLETE
1126,1126,18397.5,2023-11-15 12:02:19.593619,2023-11-15 12:02:19.748410,0 days 00:00:00.154791,0.8,10,1.75,0.8,19,138,COMPLETE
1127,1127,18590.0,2023-11-15 12:02:19.749638,2023-11-15 12:02:19.905441,0 days 00:00:00.155803,0.8,10,1.75,0.8,16,144,COMPLETE
1128,1128,18588.25,2023-11-15 12:02:19.906699,2023-11-15 12:02:20.074847,0 days 00:00:00.168148,0.8,10,2.0,0.8,20,147,COMPLETE
1129,1129,18204.5,2023-11-15 12:02:20.075943,2023-11-15 12:02:20.234984,0 days 00:00:00.159041,0.8,10,1.75,0.8,16,136,COMPLETE
1130,1130,18685.5,2023-11-15 12:02:20.236074,2023-11-15 12:02:20.395194,0 days 00:00:00.159120,0.8,10,1.75,0.8,30,144,COMPLETE
1131,1131,18973.75,2023-11-15 12:02:20.396422,2023-11-15 12:02:20.545711,0 days 00:00:00.149289,0.8,10,1.75,0.8,18,148,COMPLETE
1132,1132,18973.75,2023-11-15 12:02:20.547015,2023-11-15 12:02:20.695703,0 days 00:00:00.148688,0.8,10,1.75,0.8,17,148,COMPLETE
1133,1133,18488.0,2023-11-15 12:02:20.696872,2023-11-15 12:02:20.856086,0 days 00:00:00.159214,0.8,10,1.75,0.8,18,150,COMPLETE
1134,1134,18304.0,2023-11-15 12:02:20.857346,2023-11-15 12:02:21.016285,0 days 00:00:00.158939,0.8,20,1.75,0.8,17,148,COMPLETE
1135,1135,18973.75,2023-11-15 12:02:21.017383,2023-11-15 12:02:21.166111,0 days 00:00:00.148728,0.8,10,1.75,0.8,16,148,COMPLETE
1136,1136,18583.75,2023-11-15 12:02:21.167339,2023-11-15 12:02:21.322233,0 days 00:00:00.154894,0.8,10,2.0,0.9,17,150,COMPLETE
1137,1137,18488.0,2023-11-15 12:02:21.323270,2023-11-15 12:02:21.482180,0 days 00:00:00.158910,0.8,10,1.75,0.8,18,150,COMPLETE
1138,1138,18877.25,2023-11-15 12:02:21.483383,2023-11-15 12:02:21.633842,0 days 00:00:00.150459,0.7000000000000001,10,1.75,0.8,15,148,COMPLETE
1139,1139,18973.75,2023-11-15 12:02:21.635251,2023-11-15 12:02:21.785455,0 days 00:00:00.150204,0.8,10,1.75,0.8,19,148,COMPLETE
1140,1140,18488.0,2023-11-15 12:02:21.786653,2023-11-15 12:02:21.948355,0 days 00:00:00.161702,0.8,10,1.75,0.8,15,150,COMPLETE
1141,1141,18973.75,2023-11-15 12:02:21.949435,2023-11-15 12:02:22.098986,0 days 00:00:00.149551,0.8,10,1.75,0.8,19,148,COMPLETE
1142,1142,18489.75,2023-11-15 12:02:22.100278,2023-11-15 12:02:22.258144,0 days 00:00:00.157866,0.8,10,2.0,0.8,18,150,COMPLETE
1143,1143,18488.0,2023-11-15 12:02:22.259297,2023-11-15 12:02:22.419483,0 days 00:00:00.160186,0.8,10,1.75,0.8,15,150,COMPLETE
1144,1144,18973.75,2023-11-15 12:02:22.420577,2023-11-15 12:02:22.570205,0 days 00:00:00.149628,0.8,10,1.75,0.8,18,148,COMPLETE
1145,1145,14276.75,2023-11-15 12:02:22.571289,2023-11-15 12:02:22.753821,0 days 00:00:00.182532,0.8,80,1.75,0.8,17,150,COMPLETE
1146,1146,18973.75,2023-11-15 12:02:22.755113,2023-11-15 12:02:22.904154,0 days 00:00:00.149041,0.8,10,1.75,0.8,18,148,COMPLETE
1147,1147,18318.0,2023-11-15 12:02:22.905308,2023-11-15 12:02:23.054566,0 days 00:00:00.149258,0.7000000000000001,20,1.75,0.8,15,150,COMPLETE
1148,1148,18685.0,2023-11-15 12:02:23.055834,2023-11-15 12:02:23.206507,0 days 00:00:00.150673,0.8,10,1.5,0.9,18,148,COMPLETE
1149,1149,13919.75,2023-11-15 12:02:23.207728,2023-11-15 12:02:23.398538,0 days 00:00:00.190810,0.8,90,1.75,0.8,16,148,COMPLETE
1150,1150,18973.75,2023-11-15 12:02:23.399839,2023-11-15 12:02:23.549914,0 days 00:00:00.150075,0.8,10,1.75,0.8,15,148,COMPLETE
1151,1151,18396.25,2023-11-15 12:02:23.551073,2023-11-15 12:02:23.707642,0 days 00:00:00.156569,0.8,10,2.0,0.8,16,150,COMPLETE
1152,1152,18488.0,2023-11-15 12:02:23.708678,2023-11-15 12:02:23.870111,0 days 00:00:00.161433,0.8,10,1.75,0.8,15,150,COMPLETE
1153,1153,18496.0,2023-11-15 12:02:23.871151,2023-11-15 12:02:24.029229,0 days 00:00:00.158078,0.8,10,1.75,0.8,15,147,COMPLETE
1154,1154,18682.75,2023-11-15 12:02:24.030347,2023-11-15 12:02:24.192195,0 days 00:00:00.161848,0.8,10,1.5,0.8,17,150,COMPLETE
1155,1155,18488.0,2023-11-15 12:02:24.193499,2023-11-15 12:02:24.354014,0 days 00:00:00.160515,0.8,10,1.75,0.8,18,150,COMPLETE
1156,1156,18304.0,2023-11-15 12:02:24.355050,2023-11-15 12:02:24.515252,0 days 00:00:00.160202,0.8,20,1.75,0.8,15,148,COMPLETE
1157,1157,18784.25,2023-11-15 12:02:24.516417,2023-11-15 12:02:24.665749,0 days 00:00:00.149332,0.8,10,2.0,0.8,15,148,COMPLETE
1158,1158,18973.75,2023-11-15 12:02:24.666963,2023-11-15 12:02:24.817016,0 days 00:00:00.150053,0.8,10,1.75,0.8,18,148,COMPLETE
1159,1159,18488.0,2023-11-15 12:02:24.818182,2023-11-15 12:02:24.979446,0 days 00:00:00.161264,0.8,10,1.75,0.8,17,150,COMPLETE
1160,1160,12936.5,2023-11-15 12:02:24.980509,2023-11-15 12:02:25.180478,0 days 00:00:00.199969,0.8,100,1.75,0.8,15,148,COMPLETE
1161,1161,18877.25,2023-11-15 12:02:25.181600,2023-11-15 12:02:25.330303,0 days 00:00:00.148703,0.7000000000000001,10,1.75,0.8,18,148,COMPLETE
1162,1162,18682.75,2023-11-15 12:02:25.331424,2023-11-15 12:02:25.490336,0 days 00:00:00.158912,0.8,10,1.5,0.8,15,150,COMPLETE
1163,1163,18688.5,2023-11-15 12:02:25.491382,2023-11-15 12:02:25.641212,0 days 00:00:00.149830,0.8,10,2.0,0.8,14,148,COMPLETE
1164,1164,18973.75,2023-11-15 12:02:25.642358,2023-11-15 12:02:25.792537,0 days 00:00:00.150179,0.8,10,1.75,0.8,17,148,COMPLETE
1165,1165,18299.75,2023-11-15 12:02:25.794018,2023-11-15 12:02:25.952521,0 days 00:00:00.158503,0.8,10,1.75,0.9,19,147,COMPLETE
1166,1166,18488.0,2023-11-15 12:02:25.953753,2023-11-15 12:02:26.115819,0 days 00:00:00.162066,0.8,10,1.75,0.8,14,150,COMPLETE
1167,1167,18488.0,2023-11-15 12:02:26.117245,2023-11-15 12:02:26.279293,0 days 00:00:00.162048,0.8,10,1.75,0.8,17,150,COMPLETE
1168,1168,18304.0,2023-11-15 12:02:26.280470,2023-11-15 12:02:26.440641,0 days 00:00:00.160171,0.8,20,1.75,0.8,14,148,COMPLETE
1169,1169,18688.25,2023-11-15 12:02:26.441823,2023-11-15 12:02:26.591492,0 days 00:00:00.149669,0.8,10,1.5,0.8,18,148,COMPLETE
1170,1170,18396.25,2023-11-15 12:02:26.592884,2023-11-15 12:02:26.748412,0 days 00:00:00.155528,0.8,10,2.0,0.8,16,150,COMPLETE
1171,1171,18496.0,2023-11-15 12:02:26.749595,2023-11-15 12:02:26.925446,0 days 00:00:00.175851,0.8,10,1.75,0.8,18,147,COMPLETE
1172,1172,18489.0,2023-11-15 12:02:26.926771,2023-11-15 12:02:27.091175,0 days 00:00:00.164404,0.7000000000000001,10,1.75,0.8,14,147,COMPLETE
1173,1173,18488.0,2023-11-15 12:02:27.092229,2023-11-15 12:02:27.250647,0 days 00:00:00.158418,0.8,10,1.75,0.9,19,150,COMPLETE
1174,1174,18496.0,2023-11-15 12:02:27.251726,2023-11-15 12:02:27.410283,0 days 00:00:00.158557,0.8,10,1.75,0.8,16,147,COMPLETE
1175,1175,17928.75,2023-11-15 12:02:27.411411,2023-11-15 12:02:27.574208,0 days 00:00:00.162797,0.8,20,1.75,0.7000000000000001,14,147,COMPLETE
1176,1176,18682.75,2023-11-15 12:02:27.575304,2023-11-15 12:02:27.735880,0 days 00:00:00.160576,0.8,10,1.5,0.8,19,150,COMPLETE
1177,1177,18496.0,2023-11-15 12:02:27.736968,2023-11-15 12:02:27.897073,0 days 00:00:00.160105,0.8,10,1.75,0.8,16,147,COMPLETE
1178,1178,14716.75,2023-11-15 12:02:27.898350,2023-11-15 12:02:28.050690,0 days 00:00:00.152340,0.8,30,1.75,0.8,19,48,COMPLETE
1179,1179,18496.0,2023-11-15 12:02:28.051777,2023-11-15 12:02:28.212649,0 days 00:00:00.160872,0.8,10,1.75,0.8,14,147,COMPLETE
1180,1180,18588.25,2023-11-15 12:02:28.214014,2023-11-15 12:02:28.372012,0 days 00:00:00.157998,0.8,10,2.0,0.8,16,147,COMPLETE
1181,1181,18680.0,2023-11-15 12:02:28.373091,2023-11-15 12:02:28.532660,0 days 00:00:00.159569,0.7000000000000001,10,1.75,0.8,17,150,COMPLETE
1182,1182,18496.0,2023-11-15 12:02:28.533768,2023-11-15 12:02:28.695516,0 days 00:00:00.161748,0.8,10,1.75,0.8,20,147,COMPLETE
1183,1183,18488.0,2023-11-15 12:02:28.696781,2023-11-15 12:02:28.859252,0 days 00:00:00.162471,0.8,10,1.75,0.8,14,150,COMPLETE
1184,1184,9083.0,2023-11-15 12:02:28.860574,2023-11-15 12:02:29.006333,0 days 00:00:00.145759,0.8,10,1.75,0.8,17,16,COMPLETE
1185,1185,18495.0,2023-11-15 12:02:29.007577,2023-11-15 12:02:29.167627,0 days 00:00:00.160050,0.8,10,1.5,0.8,20,147,COMPLETE
1186,1186,11263.0,2023-11-15 12:02:29.168875,2023-11-15 12:02:29.323514,0 days 00:00:00.154639,0.8,40,1.75,0.9,14,24,COMPLETE
1187,1187,18489.75,2023-11-15 12:02:29.324662,2023-11-15 12:02:29.487305,0 days 00:00:00.162643,0.8,10,2.0,0.8,18,150,COMPLETE
1188,1188,18496.0,2023-11-15 12:02:29.488414,2023-11-15 12:02:29.651320,0 days 00:00:00.162906,0.8,10,1.75,0.8,16,147,COMPLETE
1189,1189,15209.25,2023-11-15 12:02:29.652680,2023-11-15 12:02:29.831332,0 days 00:00:00.178652,0.8,70,1.75,0.8,21,147,COMPLETE
1190,1190,18318.0,2023-11-15 12:02:29.832370,2023-11-15 12:02:29.985482,0 days 00:00:00.153112,0.7000000000000001,20,1.75,0.8,14,150,COMPLETE
1191,1191,18491.75,2023-11-15 12:02:29.986536,2023-11-15 12:02:30.148227,0 days 00:00:00.161691,0.8,10,1.5,0.7000000000000001,18,147,COMPLETE
1192,1192,18971.5,2023-11-15 12:02:30.149396,2023-11-15 12:02:30.306435,0 days 00:00:00.157039,0.8,10,1.75,0.8,16,145,COMPLETE
1193,1193,18496.0,2023-11-15 12:02:30.307537,2023-11-15 12:02:30.469140,0 days 00:00:00.161603,0.8,10,1.75,0.8,14,147,COMPLETE
1194,1194,18488.0,2023-11-15 12:02:30.470263,2023-11-15 12:02:30.634903,0 days 00:00:00.164640,0.8,10,1.75,0.8,19,150,COMPLETE
1195,1195,15147.0,2023-11-15 12:02:30.636033,2023-11-15 12:02:30.818056,0 days 00:00:00.182023,0.8,50,2.0,0.8,16,144,COMPLETE
1196,1196,18496.0,2023-11-15 12:02:30.819166,2023-11-15 12:02:30.981551,0 days 00:00:00.162385,0.8,10,1.75,0.8,21,147,COMPLETE
1197,1197,18685.0,2023-11-15 12:02:30.982695,2023-11-15 12:02:31.141723,0 days 00:00:00.159028,0.8,10,1.75,0.8,18,144,COMPLETE
