,number,value,datetime_start,datetime_complete,duration,params_alpha,params_decay_interval,params_decay_rate,params_gamma,params_initialization,params_max_steps,state
5303,5303,18122.5,2023-11-15 12:23:05.513143,2023-11-15 12:23:05.959854,0 days 00:00:00.446711,0.8,10,3.0,0.9,18,72,COMPLETE
5304,5304,17748.75,2023-11-15 12:23:05.961941,2023-11-15 12:23:06.406148,0 days 00:00:00.444207,0.8,10,2.5,0.8,22,65,COMPLETE
5305,5305,17369.25,2023-11-15 12:23:06.408593,2023-11-15 12:23:06.856536,0 days 00:00:00.447943,0.8,10,3.0,0.9,16,79,COMPLETE
5306,5306,17547.25,2023-11-15 12:23:06.858772,2023-11-15 12:23:07.309073,0 days 00:00:00.450301,0.8,10,2.75,0.9,20,68,COMPLETE
5307,5307,16555.75,2023-11-15 12:23:07.311124,2023-11-15 12:23:07.768028,0 days 00:00:00.456904,0.9,10,3.0,0.9,19,73,COMPLETE
5308,5308,18111.5,2023-11-15 12:23:07.770335,2023-11-15 12:23:08.218067,0 days 00:00:00.447732,0.8,10,3.0,0.7000000000000001,24,70,COMPLETE
5309,5309,17190.0,2023-11-15 12:23:08.220137,2023-11-15 12:23:08.696693,0 days 00:00:00.476556,0.8,20,3.0,0.9,17,75,COMPLETE
5310,5310,16662.5,2023-11-15 12:23:08.698689,2023-11-15 12:23:09.148030,0 days 00:00:00.449341,0.7000000000000001,10,2.25,0.9,21,64,COMPLETE
5311,5311,17547.25,2023-11-15 12:23:09.150070,2023-11-15 12:23:09.597889,0 days 00:00:00.447819,0.8,10,2.75,0.9,14,68,COMPLETE
5312,5312,19260.75,2023-11-15 12:23:09.599978,2023-11-15 12:23:10.040254,0 days 00:00:00.440276,0.8,10,3.0,0.9,11,71,COMPLETE
5313,5313,18026.0,2023-11-15 12:23:10.042190,2023-11-15 12:23:10.487755,0 days 00:00:00.445565,0.8,10,3.0,0.9,26,77,COMPLETE
5314,5314,15852.75,2023-11-15 12:23:10.489821,2023-11-15 12:23:10.942105,0 days 00:00:00.452284,0.8,50,2.75,0.9,18,74,COMPLETE
5315,5315,17917.0,2023-11-15 12:23:10.943967,2023-11-15 12:23:11.395607,0 days 00:00:00.451640,0.8,10,3.0,0.9,23,67,COMPLETE
5316,5316,19260.75,2023-11-15 12:23:11.397519,2023-11-15 12:23:11.846112,0 days 00:00:00.448593,0.8,10,3.0,0.9,16,71,COMPLETE
5317,5317,16642.0,2023-11-15 12:23:11.848172,2023-11-15 12:23:12.303133,0 days 00:00:00.454961,0.8,10,3.0,0.8,20,63,COMPLETE
5318,5318,17190.0,2023-11-15 12:23:12.305621,2023-11-15 12:23:12.764809,0 days 00:00:00.459188,0.8,20,2.75,0.9,22,75,COMPLETE
5319,5319,17115.5,2023-11-15 12:23:12.766900,2023-11-15 12:23:13.216243,0 days 00:00:00.449343,0.8,10,3.0,0.9,28,69,COMPLETE
5320,5320,16554.75,2023-11-15 12:23:13.218338,2023-11-15 12:23:13.684816,0 days 00:00:00.466478,0.9,30,3.0,0.9,18,72,COMPLETE
5321,5321,17927.5,2023-11-15 12:23:13.687095,2023-11-15 12:23:14.134498,0 days 00:00:00.447403,0.8,10,2.75,0.9,25,80,COMPLETE
5322,5322,17654.5,2023-11-15 12:23:14.136841,2023-11-15 12:23:14.598241,0 days 00:00:00.461400,0.8,10,3.0,0.9,16,65,COMPLETE
5323,5323,17842.0,2023-11-15 12:23:14.600229,2023-11-15 12:23:15.051331,0 days 00:00:00.451102,0.7000000000000001,10,2.5,0.9,13,77,COMPLETE
5324,5324,12050.0,2023-11-15 12:23:15.053789,2023-11-15 12:23:15.544617,0 days 00:00:00.490828,0.8,70,3.0,0.9,21,68,COMPLETE
5325,5325,17369.5,2023-11-15 12:23:15.546605,2023-11-15 12:23:15.997861,0 days 00:00:00.451256,0.8,10,3.0,0.9,19,73,COMPLETE
5326,5326,17923.0,2023-11-15 12:23:15.999861,2023-11-15 12:23:16.449662,0 days 00:00:00.449801,0.6,10,3.0,0.9,23,70,COMPLETE
5327,5327,17079.75,2023-11-15 12:23:16.451669,2023-11-15 12:23:16.897122,0 days 00:00:00.445453,0.8,10,2.75,0.5,15,66,COMPLETE
5328,5328,17920.75,2023-11-15 12:23:16.899183,2023-11-15 12:23:17.348429,0 days 00:00:00.449246,0.8,10,3.0,0.9,9,74,COMPLETE
5329,5329,19260.75,2023-11-15 12:23:17.350587,2023-11-15 12:23:17.791166,0 days 00:00:00.440579,0.8,10,3.0,0.9,18,71,COMPLETE
5330,5330,16280.75,2023-11-15 12:23:17.793206,2023-11-15 12:23:18.258325,0 days 00:00:00.465119,0.8,20,3.0,0.9,43,78,COMPLETE
5331,5331,18114.5,2023-11-15 12:23:18.260289,2023-11-15 12:23:18.711650,0 days 00:00:00.451361,0.7000000000000001,10,2.75,0.8,21,88,COMPLETE
5332,5332,17104.25,2023-11-15 12:23:18.713732,2023-11-15 12:23:19.173200,0 days 00:00:00.459468,0.8,10,3.0,0.9,25,84,COMPLETE
5333,5333,17917.0,2023-11-15 12:23:19.175068,2023-11-15 12:23:19.630950,0 days 00:00:00.455882,0.8,10,3.0,0.9,19,67,COMPLETE
5334,5334,18682.0,2023-11-15 12:23:19.632890,2023-11-15 12:23:20.079215,0 days 00:00:00.446325,0.8,10,3.0,0.9,14,75,COMPLETE
5335,5335,16484.25,2023-11-15 12:23:20.081079,2023-11-15 12:23:20.549683,0 days 00:00:00.468604,0.9,10,2.75,0.30000000000000004,23,61,COMPLETE
5336,5336,17826.25,2023-11-15 12:23:20.551868,2023-11-15 12:23:21.001514,0 days 00:00:00.449646,0.8,10,2.5,0.9,17,70,COMPLETE
5337,5337,17460.25,2023-11-15 12:23:21.004246,2023-11-15 12:23:21.463926,0 days 00:00:00.459680,0.8,10,2.25,0.9,20,73,COMPLETE
5338,5338,17115.5,2023-11-15 12:23:21.465944,2023-11-15 12:23:21.917834,0 days 00:00:00.451890,0.8,10,3.0,0.9,16,69,COMPLETE
5339,5339,17654.5,2023-11-15 12:23:21.920242,2023-11-15 12:23:22.366209,0 days 00:00:00.445967,0.8,10,3.0,0.9,12,65,COMPLETE
5340,5340,18122.5,2023-11-15 12:23:22.368133,2023-11-15 12:23:22.815428,0 days 00:00:00.447295,0.8,10,3.0,0.9,21,72,COMPLETE
5341,5341,16898.75,2023-11-15 12:23:22.817387,2023-11-15 12:23:23.267701,0 days 00:00:00.450314,0.8,20,2.75,0.9,26,76,COMPLETE
5342,5342,17739.5,2023-11-15 12:23:23.270002,2023-11-15 12:23:23.722997,0 days 00:00:00.452995,0.8,10,3.0,0.9,18,81,COMPLETE
5343,5343,17547.25,2023-11-15 12:23:23.724932,2023-11-15 12:23:24.174319,0 days 00:00:00.449387,0.8,10,3.0,0.9,23,68,COMPLETE
5344,5344,16543.25,2023-11-15 12:23:24.176214,2023-11-15 12:23:24.626553,0 days 00:00:00.450339,0.8,10,3.0,0.9,15,63,COMPLETE
5345,5345,17927.75,2023-11-15 12:23:24.628526,2023-11-15 12:23:25.075662,0 days 00:00:00.447136,0.8,10,2.75,0.6,21,72,COMPLETE
5346,5346,17360.25,2023-11-15 12:23:25.077752,2023-11-15 12:23:25.527114,0 days 00:00:00.449362,0.8,10,3.0,0.9,19,78,COMPLETE
5347,5347,17365.0,2023-11-15 12:23:25.529110,2023-11-15 12:23:26.005060,0 days 00:00:00.475950,0.8,20,3.0,0.8,17,74,COMPLETE
5348,5348,17111.5,2023-11-15 12:23:26.007464,2023-11-15 12:23:26.460495,0 days 00:00:00.453031,0.7000000000000001,10,3.0,0.9,24,69,COMPLETE
5349,5349,16633.0,2023-11-15 12:23:26.462602,2023-11-15 12:23:26.971285,0 days 00:00:00.508683,0.9,10,2.75,0.9,22,66,COMPLETE
5350,5350,19260.75,2023-11-15 12:23:26.973520,2023-11-15 12:23:27.474394,0 days 00:00:00.500874,0.8,10,3.0,0.9,27,71,COMPLETE
5351,5351,18682.0,2023-11-15 12:23:27.477320,2023-11-15 12:23:27.962555,0 days 00:00:00.485235,0.8,10,3.0,0.9,13,75,COMPLETE
5352,5352,13204.5,2023-11-15 12:23:27.965170,2023-11-15 12:23:28.462829,0 days 00:00:00.497659,0.8,80,3.0,0.9,79,68,COMPLETE
5353,5353,18306.5,2023-11-15 12:23:28.464782,2023-11-15 12:23:28.944100,0 days 00:00:00.479318,0.8,10,2.0,0.9,20,72,COMPLETE
5354,5354,18121.5,2023-11-15 12:23:28.946010,2023-11-15 12:23:29.424743,0 days 00:00:00.478733,0.8,10,2.75,0.9,17,77,COMPLETE
5355,5355,16543.25,2023-11-15 12:23:29.426645,2023-11-15 12:23:29.924995,0 days 00:00:00.498350,0.8,10,3.0,0.9,30,63,COMPLETE
5356,5356,16349.5,2023-11-15 12:23:29.927318,2023-11-15 12:23:30.400187,0 days 00:00:00.472869,0.8,10,3.0,0.9,19,56,COMPLETE
5357,5357,17826.25,2023-11-15 12:23:30.402133,2023-11-15 12:23:30.891423,0 days 00:00:00.489290,0.8,10,2.5,0.9,22,70,COMPLETE
5358,5358,17920.75,2023-11-15 12:23:30.893430,2023-11-15 12:23:31.395856,0 days 00:00:00.502426,0.8,10,2.75,0.9,16,74,COMPLETE
5359,5359,16005.0,2023-11-15 12:23:31.397797,2023-11-15 12:23:31.913591,0 days 00:00:00.515794,0.7000000000000001,20,3.0,0.4,24,66,COMPLETE
5360,5360,17825.5,2023-11-15 12:23:31.915466,2023-11-15 12:23:32.458772,0 days 00:00:00.543306,0.8,10,3.0,0.9,15,70,COMPLETE
5361,5361,17647.5,2023-11-15 12:23:32.461057,2023-11-15 12:23:32.980035,0 days 00:00:00.518978,0.8,10,2.75,0.8,18,79,COMPLETE
5362,5362,17730.25,2023-11-15 12:23:32.981965,2023-11-15 12:23:33.526474,0 days 00:00:00.544509,0.9,10,3.0,0.9,20,59,COMPLETE
5363,5363,17920.75,2023-11-15 12:23:33.528438,2023-11-15 12:23:34.401120,0 days 00:00:00.872682,0.8,10,3.0,0.9,11,74,COMPLETE
5364,5364,17917.0,2023-11-15 12:23:34.403239,2023-11-15 12:23:34.868665,0 days 00:00:00.465426,0.8,10,3.0,0.9,14,67,COMPLETE
5365,5365,18493.25,2023-11-15 12:23:34.871169,2023-11-15 12:23:35.328000,0 days 00:00:00.456831,0.8,10,2.5,0.9,22,72,COMPLETE
5366,5366,17196.25,2023-11-15 12:23:35.330083,2023-11-15 12:23:35.803310,0 days 00:00:00.473227,0.8,10,2.75,0.9,25,76,COMPLETE
5367,5367,17115.5,2023-11-15 12:23:35.805895,2023-11-15 12:23:36.263646,0 days 00:00:00.457751,0.8,10,3.0,0.9,18,69,COMPLETE
5368,5368,17014.0,2023-11-15 12:23:36.265577,2023-11-15 12:23:36.729158,0 days 00:00:00.463581,0.8,10,3.0,0.9,20,64,COMPLETE
5369,5369,18122.5,2023-11-15 12:23:36.731469,2023-11-15 12:23:37.189047,0 days 00:00:00.457578,0.8,10,3.0,0.9,16,72,COMPLETE
5370,5370,16620.5,2023-11-15 12:23:37.191318,2023-11-15 12:23:37.656965,0 days 00:00:00.465647,0.8,20,3.0,0.9,23,67,COMPLETE
5371,5371,17193.5,2023-11-15 12:23:37.659020,2023-11-15 12:23:38.148514,0 days 00:00:00.489494,0.8,10,2.75,0.8,28,76,COMPLETE
5372,5372,17829.75,2023-11-15 12:23:38.150417,2023-11-15 12:23:38.618863,0 days 00:00:00.468446,0.7000000000000001,10,3.0,0.9,13,70,COMPLETE
5373,5373,17739.5,2023-11-15 12:23:38.621665,2023-11-15 12:23:39.085065,0 days 00:00:00.463400,0.8,10,3.0,0.9,21,81,COMPLETE
5374,5374,17193.25,2023-11-15 12:23:39.087962,2023-11-15 12:23:39.547889,0 days 00:00:00.459927,0.30000000000000004,10,3.0,0.9,18,73,COMPLETE
5375,5375,16719.5,2023-11-15 12:23:39.549909,2023-11-15 12:23:40.020292,0 days 00:00:00.470383,0.8,10,2.75,0.9,19,66,COMPLETE
5376,5376,18109.0,2023-11-15 12:23:40.022591,2023-11-15 12:23:40.483669,0 days 00:00:00.461078,0.9,10,3.0,0.9,26,70,COMPLETE
5377,5377,17837.5,2023-11-15 12:23:40.485865,2023-11-15 12:23:40.958513,0 days 00:00:00.472648,0.4,10,3.0,0.9,15,78,COMPLETE
5378,5378,17369.5,2023-11-15 12:23:40.960513,2023-11-15 12:23:41.446235,0 days 00:00:00.485722,0.8,10,3.0,0.9,22,73,COMPLETE
5379,5379,15118.25,2023-11-15 12:23:41.448333,2023-11-15 12:23:41.929464,0 days 00:00:00.481131,0.8,40,2.75,0.9,17,68,COMPLETE
5380,5380,16543.25,2023-11-15 12:23:41.931336,2023-11-15 12:23:42.398615,0 days 00:00:00.467279,0.8,10,3.0,0.9,24,63,COMPLETE
5381,5381,17190.0,2023-11-15 12:23:42.400841,2023-11-15 12:23:42.879709,0 days 00:00:00.478868,0.8,20,2.25,0.9,20,75,COMPLETE
5382,5382,19260.75,2023-11-15 12:23:42.881732,2023-11-15 12:23:43.339308,0 days 00:00:00.457576,0.8,10,3.0,0.9,17,71,COMPLETE
5383,5383,17642.25,2023-11-15 12:23:43.341602,2023-11-15 12:23:43.797696,0 days 00:00:00.456094,0.8,10,2.75,0.8,14,68,COMPLETE
5384,5384,16642.5,2023-11-15 12:23:43.799814,2023-11-15 12:23:44.273361,0 days 00:00:00.473547,0.9,10,3.0,0.9,22,73,COMPLETE
5385,5385,12949.0,2023-11-15 12:23:44.275746,2023-11-15 12:23:44.770377,0 days 00:00:00.494631,0.8,60,3.0,0.9,19,76,COMPLETE
5386,5386,17654.5,2023-11-15 12:23:44.772659,2023-11-15 12:23:45.231988,0 days 00:00:00.459329,0.8,10,3.0,0.9,71,65,COMPLETE
5387,5387,17825.5,2023-11-15 12:23:45.233985,2023-11-15 12:23:45.723637,0 days 00:00:00.489652,0.8,10,2.75,0.9,24,70,COMPLETE
5388,5388,16726.25,2023-11-15 12:23:45.725569,2023-11-15 12:23:46.189948,0 days 00:00:00.464379,0.8,10,3.0,0.9,11,61,COMPLETE
5389,5389,17275.25,2023-11-15 12:23:46.191898,2023-11-15 12:23:46.655070,0 days 00:00:00.463172,0.8,20,3.0,0.9,21,72,COMPLETE
5390,5390,17456.5,2023-11-15 12:23:46.657113,2023-11-15 12:23:47.120266,0 days 00:00:00.463153,0.7000000000000001,10,3.0,0.9,16,78,COMPLETE
5391,5391,17917.0,2023-11-15 12:23:47.122785,2023-11-15 12:23:47.585918,0 days 00:00:00.463133,0.8,10,2.75,0.9,26,67,COMPLETE
5392,5392,18682.0,2023-11-15 12:23:47.588523,2023-11-15 12:23:48.043307,0 days 00:00:00.454784,0.8,10,2.5,0.9,59,75,COMPLETE
5393,5393,17825.5,2023-11-15 12:23:48.045192,2023-11-15 12:23:48.502192,0 days 00:00:00.457000,0.8,10,3.0,0.9,8,70,COMPLETE
5394,5394,12795.0,2023-11-15 12:23:48.505106,2023-11-15 12:23:48.968151,0 days 00:00:00.463045,0.8,10,3.0,0.8,19,19,COMPLETE
5395,5395,17654.5,2023-11-15 12:23:48.970618,2023-11-15 12:23:49.439128,0 days 00:00:00.468510,0.8,10,3.0,0.9,17,65,COMPLETE
5396,5396,17640.75,2023-11-15 12:23:49.449791,2023-11-15 12:23:49.928068,0 days 00:00:00.478277,0.8,10,2.75,0.9,54,82,COMPLETE
5397,5397,17186.0,2023-11-15 12:23:49.930132,2023-11-15 12:23:50.393691,0 days 00:00:00.463559,0.8,10,3.0,0.9,23,73,COMPLETE
5398,5398,17547.25,2023-11-15 12:23:50.395744,2023-11-15 12:23:50.858830,0 days 00:00:00.463086,0.8,10,3.0,0.9,20,68,COMPLETE
5399,5399,18973.5,2023-11-15 12:23:50.860860,2023-11-15 12:23:51.316790,0 days 00:00:00.455930,0.7000000000000001,10,3.0,0.9,13,71,COMPLETE
5400,5400,17552.0,2023-11-15 12:23:51.318819,2023-11-15 12:23:51.789768,0 days 00:00:00.470949,0.8,10,2.75,0.9,15,79,COMPLETE
5401,5401,17007.75,2023-11-15 12:23:51.792101,2023-11-15 12:23:52.275077,0 days 00:00:00.482976,0.8,20,3.0,0.7000000000000001,21,75,COMPLETE
5402,5402,17115.5,2023-11-15 12:23:52.277035,2023-11-15 12:23:52.748185,0 days 00:00:00.471150,0.8,10,3.0,0.9,31,69,COMPLETE
5403,5403,16928.25,2023-11-15 12:23:52.753735,2023-11-15 12:23:53.226398,0 days 00:00:00.472663,0.8,10,2.5,0.9,19,64,COMPLETE
5404,5404,17001.0,2023-11-15 12:23:53.228291,2023-11-15 12:23:53.693747,0 days 00:00:00.465456,0.9,10,3.0,0.8,25,73,COMPLETE
5405,5405,17917.0,2023-11-15 12:23:53.695638,2023-11-15 12:23:54.154910,0 days 00:00:00.459272,0.8,10,2.75,0.9,28,67,COMPLETE
5406,5406,16923.25,2023-11-15 12:23:54.156967,2023-11-15 12:23:54.624344,0 days 00:00:00.467377,0.8,10,3.0,0.9,17,76,COMPLETE
5407,5407,19260.75,2023-11-15 12:23:54.626494,2023-11-15 12:23:55.080460,0 days 00:00:00.453966,0.8,10,3.0,0.9,22,71,COMPLETE
5408,5408,17825.5,2023-11-15 12:23:55.082486,2023-11-15 12:23:55.550258,0 days 00:00:00.467772,0.8,10,3.0,0.9,15,70,COMPLETE
5409,5409,16720.25,2023-11-15 12:23:55.552177,2023-11-15 12:23:56.023193,0 days 00:00:00.471016,0.8,10,2.75,0.9,19,61,COMPLETE
5410,5410,16636.0,2023-11-15 12:23:56.025142,2023-11-15 12:23:56.514640,0 days 00:00:00.489498,0.8,20,3.0,0.9,24,73,COMPLETE
5411,5411,17080.5,2023-11-15 12:23:56.516571,2023-11-15 12:23:56.986677,0 days 00:00:00.470106,0.7000000000000001,10,3.0,0.9,18,66,COMPLETE
5412,5412,17360.25,2023-11-15 12:23:56.989186,2023-11-15 12:23:57.457356,0 days 00:00:00.468170,0.8,10,3.0,0.9,21,78,COMPLETE
5413,5413,18682.0,2023-11-15 12:23:57.459563,2023-11-15 12:23:57.914450,0 days 00:00:00.454887,0.8,10,3.0,0.9,13,75,COMPLETE
5414,5414,17561.25,2023-11-15 12:23:57.916420,2023-11-15 12:23:58.379007,0 days 00:00:00.462587,0.9,10,2.75,0.9,23,69,COMPLETE
5415,5415,18122.5,2023-11-15 12:23:58.381018,2023-11-15 12:23:58.851339,0 days 00:00:00.470321,0.8,10,3.0,0.9,17,72,COMPLETE
5416,5416,17917.0,2023-11-15 12:23:58.854009,2023-11-15 12:23:59.323347,0 days 00:00:00.469338,0.8,10,3.0,0.9,20,67,COMPLETE
5417,5417,17014.0,2023-11-15 12:23:59.325230,2023-11-15 12:23:59.810990,0 days 00:00:00.485760,0.8,10,2.75,0.9,26,64,COMPLETE
5418,5418,18682.0,2023-11-15 12:23:59.813145,2023-11-15 12:24:00.279219,0 days 00:00:00.466074,0.8,10,3.0,0.9,15,75,COMPLETE
5419,5419,17825.5,2023-11-15 12:24:00.281216,2023-11-15 12:24:00.748958,0 days 00:00:00.467742,0.8,10,3.0,0.9,22,70,COMPLETE
5420,5420,16736.5,2023-11-15 12:24:00.750956,2023-11-15 12:24:01.227111,0 days 00:00:00.476155,0.8,20,3.0,0.9,18,84,COMPLETE
5421,5421,17552.25,2023-11-15 12:24:01.229003,2023-11-15 12:24:01.696010,0 days 00:00:00.467007,0.8,10,2.5,0.8,12,73,COMPLETE
5422,5422,15847.5,2023-11-15 12:24:01.698240,2023-11-15 12:24:02.178886,0 days 00:00:00.480646,0.5,50,2.75,0.9,20,80,COMPLETE
5423,5423,17547.25,2023-11-15 12:24:02.180780,2023-11-15 12:24:02.643938,0 days 00:00:00.463158,0.8,10,3.0,0.9,17,68,COMPLETE
5424,5424,19260.75,2023-11-15 12:24:02.645882,2023-11-15 12:24:03.098048,0 days 00:00:00.452166,0.8,10,3.0,0.9,24,71,COMPLETE
5425,5425,18121.5,2023-11-15 12:24:03.100131,2023-11-15 12:24:03.587742,0 days 00:00:00.487611,0.8,10,3.0,0.9,15,77,COMPLETE
5426,5426,16719.5,2023-11-15 12:24:03.589863,2023-11-15 12:24:04.057825,0 days 00:00:00.467962,0.8,10,2.75,0.9,22,66,COMPLETE
5427,5427,17920.75,2023-11-15 12:24:04.059909,2023-11-15 12:24:04.519889,0 days 00:00:00.459980,0.8,10,3.0,0.9,19,74,COMPLETE
5428,5428,16559.5,2023-11-15 12:24:04.522373,2023-11-15 12:24:04.992990,0 days 00:00:00.470617,0.8,10,2.25,0.8,28,63,COMPLETE
5429,5429,18109.0,2023-11-15 12:24:04.995003,2023-11-15 12:24:05.458593,0 days 00:00:00.463590,0.9,10,3.0,0.9,16,70,COMPLETE
5430,5430,17369.5,2023-11-15 12:24:05.460679,2023-11-15 12:24:05.920509,0 days 00:00:00.459830,0.8,10,3.0,0.9,21,73,COMPLETE
5431,5431,15899.75,2023-11-15 12:24:05.922854,2023-11-15 12:24:06.394171,0 days 00:00:00.471317,0.8,20,2.75,0.9,25,68,COMPLETE
5432,5432,17271.75,2023-11-15 12:24:06.396194,2023-11-15 12:24:06.890093,0 days 00:00:00.493899,0.8,10,3.0,0.9,18,59,COMPLETE
5433,5433,17842.25,2023-11-15 12:24:06.892367,2023-11-15 12:24:07.356109,0 days 00:00:00.463742,0.7000000000000001,10,3.0,0.9,14,77,COMPLETE
5434,5434,19260.75,2023-11-15 12:24:07.358125,2023-11-15 12:24:07.811377,0 days 00:00:00.453252,0.8,10,2.75,0.9,22,71,COMPLETE
5435,5435,16719.5,2023-11-15 12:24:07.813421,2023-11-15 12:24:08.279288,0 days 00:00:00.465867,0.8,10,3.0,0.9,20,66,COMPLETE
5436,5436,17920.75,2023-11-15 12:24:08.281228,2023-11-15 12:24:08.740738,0 days 00:00:00.459510,0.8,10,3.0,0.9,18,74,COMPLETE
5437,5437,17115.5,2023-11-15 12:24:08.742936,2023-11-15 12:24:09.210012,0 days 00:00:00.467076,0.8,10,3.0,0.9,11,69,COMPLETE
5438,5438,15931.25,2023-11-15 12:24:09.212067,2023-11-15 12:24:09.696935,0 days 00:00:00.484868,0.8,20,2.75,0.9,24,78,COMPLETE
5439,5439,18490.0,2023-11-15 12:24:09.698873,2023-11-15 12:24:10.177750,0 days 00:00:00.478877,0.7000000000000001,10,3.0,0.9,16,72,COMPLETE
5440,5440,18682.0,2023-11-15 12:24:10.179726,2023-11-15 12:24:10.648165,0 days 00:00:00.468439,0.8,10,3.0,0.9,27,75,COMPLETE
5441,5441,17547.25,2023-11-15 12:24:10.650248,2023-11-15 12:24:11.123941,0 days 00:00:00.473693,0.8,10,2.75,0.9,20,68,COMPLETE
5442,5442,17014.0,2023-11-15 12:24:11.125889,2023-11-15 12:24:11.605767,0 days 00:00:00.479878,0.8,10,3.0,0.9,23,64,COMPLETE
5443,5443,17922.5,2023-11-15 12:24:11.607817,2023-11-15 12:24:12.078293,0 days 00:00:00.470476,0.8,10,3.0,0.8,14,70,COMPLETE
5444,5444,17840.75,2023-11-15 12:24:12.080265,2023-11-15 12:24:12.552753,0 days 00:00:00.472488,0.9,10,3.0,0.9,17,72,COMPLETE
5445,5445,16957.0,2023-11-15 12:24:12.555496,2023-11-15 12:24:13.035617,0 days 00:00:00.480121,0.8,10,0.5,0.9,19,79,COMPLETE
5446,5446,16004.5,2023-11-15 12:24:13.038452,2023-11-15 12:24:13.532404,0 days 00:00:00.493952,0.8,20,2.0,0.9,21,66,COMPLETE
5447,5447,18682.0,2023-11-15 12:24:13.534597,2023-11-15 12:24:14.001867,0 days 00:00:00.467270,0.8,10,2.5,0.9,16,75,COMPLETE
5448,5448,14200.0,2023-11-15 12:24:14.004723,2023-11-15 12:24:14.479061,0 days 00:00:00.474338,0.8,70,3.0,0.9,23,69,COMPLETE
5449,5449,16726.25,2023-11-15 12:24:14.481079,2023-11-15 12:24:14.955486,0 days 00:00:00.474407,0.8,10,3.0,0.9,13,61,COMPLETE
5450,5450,18215.25,2023-11-15 12:24:14.957569,2023-11-15 12:24:15.416957,0 days 00:00:00.459388,0.8,10,2.75,0.9,26,72,COMPLETE
5451,5451,18682.0,2023-11-15 12:24:15.419159,2023-11-15 12:24:15.880113,0 days 00:00:00.460954,0.8,10,3.0,0.9,19,75,COMPLETE
5452,5452,17644.0,2023-11-15 12:24:15.882143,2023-11-15 12:24:16.344433,0 days 00:00:00.462290,0.8,10,3.0,0.9,9,82,COMPLETE
5453,5453,17917.25,2023-11-15 12:24:16.346410,2023-11-15 12:24:16.809376,0 days 00:00:00.462966,0.8,10,2.5,0.9,21,67,COMPLETE
5454,5454,19260.75,2023-11-15 12:24:16.811433,2023-11-15 12:24:17.287260,0 days 00:00:00.475827,0.8,10,2.75,0.9,17,71,COMPLETE
5455,5455,16899.25,2023-11-15 12:24:17.289659,2023-11-15 12:24:17.761066,0 days 00:00:00.471407,0.9,10,3.0,0.9,22,63,COMPLETE
5456,5456,14955.75,2023-11-15 12:24:17.763126,2023-11-15 12:24:18.236306,0 days 00:00:00.473180,0.8,30,3.0,0.6,15,69,COMPLETE
5457,5457,18121.5,2023-11-15 12:24:18.239344,2023-11-15 12:24:18.705246,0 days 00:00:00.465902,0.8,10,3.0,0.9,19,77,COMPLETE
5458,5458,17369.5,2023-11-15 12:24:18.707266,2023-11-15 12:24:19.177234,0 days 00:00:00.469968,0.8,10,2.75,0.9,24,73,COMPLETE
5459,5459,17726.5,2023-11-15 12:24:19.179169,2023-11-15 12:24:19.644665,0 days 00:00:00.465496,0.7000000000000001,20,3.0,0.8,18,65,COMPLETE
5460,5460,19260.75,2023-11-15 12:24:19.646793,2023-11-15 12:24:20.102966,0 days 00:00:00.456173,0.8,10,3.0,0.9,12,71,COMPLETE
5461,5461,17833.0,2023-11-15 12:24:20.105677,2023-11-15 12:24:20.577306,0 days 00:00:00.471629,0.8,10,3.0,0.9,21,80,COMPLETE
5462,5462,17378.25,2023-11-15 12:24:20.579376,2023-11-15 12:24:21.072242,0 days 00:00:00.492866,0.8,10,2.75,0.9,16,76,COMPLETE
5463,5463,17285.5,2023-11-15 12:24:21.074478,2023-11-15 12:24:21.544611,0 days 00:00:00.470133,0.8,10,3.0,0.5,26,68,COMPLETE
5464,5464,17369.5,2023-11-15 12:24:21.546847,2023-11-15 12:24:22.022458,0 days 00:00:00.475611,0.8,10,3.0,0.9,20,73,COMPLETE
5465,5465,16719.5,2023-11-15 12:24:22.024742,2023-11-15 12:24:22.494661,0 days 00:00:00.469919,0.8,10,3.0,0.9,29,66,COMPLETE
5466,5466,17825.5,2023-11-15 12:24:22.496904,2023-11-15 12:24:22.965887,0 days 00:00:00.468983,0.8,10,2.75,0.9,23,70,COMPLETE
5467,5467,17278.5,2023-11-15 12:24:22.968041,2023-11-15 12:24:23.449071,0 days 00:00:00.481030,0.7000000000000001,20,3.0,0.9,14,74,COMPLETE
5468,5468,17922.5,2023-11-15 12:24:23.450984,2023-11-15 12:24:23.922004,0 days 00:00:00.471020,0.8,10,3.0,0.8,18,70,COMPLETE
5469,5469,17196.25,2023-11-15 12:24:23.924203,2023-11-15 12:24:24.426991,0 days 00:00:00.502788,0.8,10,2.75,0.9,25,76,COMPLETE
5470,5470,16899.25,2023-11-15 12:24:24.428891,2023-11-15 12:24:24.909959,0 days 00:00:00.481068,0.9,10,3.0,0.9,21,63,COMPLETE
5471,5471,17644.5,2023-11-15 12:24:24.912055,2023-11-15 12:24:25.379503,0 days 00:00:00.467448,0.8,10,3.0,0.7000000000000001,17,67,COMPLETE
5472,5472,18028.25,2023-11-15 12:24:25.381617,2023-11-15 12:24:25.848527,0 days 00:00:00.466910,0.8,10,2.25,0.9,19,72,COMPLETE
5473,5473,17115.5,2023-11-15 12:24:25.850599,2023-11-15 12:24:26.322658,0 days 00:00:00.472059,0.8,10,3.0,0.9,23,69,COMPLETE
