,number,value,datetime_start,datetime_complete,duration,params_alpha,params_decay_interval,params_decay_rate,params_gamma,params_initialization,params_max_steps,state
8302,8302,16818.75,2023-11-15 14:13:48.226845,2023-11-15 14:13:48.968313,0 days 00:00:00.741468,0.7000000000000001,40,2.0,0.8,14,96,COMPLETE
8303,8303,18017.0,2023-11-15 14:13:48.971342,2023-11-15 14:13:49.697269,0 days 00:00:00.725927,0.9,20,2.25,0.8,19,98,COMPLETE
8304,8304,18302.0,2023-11-15 14:13:49.700751,2023-11-15 14:13:50.446788,0 days 00:00:00.746037,0.7000000000000001,10,1.5,0.7000000000000001,16,94,COMPLETE
8305,8305,18116.5,2023-11-15 14:13:50.449809,2023-11-15 14:13:51.219229,0 days 00:00:00.769420,0.7000000000000001,10,1.5,0.8,8,99,COMPLETE
8306,8306,18399.75,2023-11-15 14:13:51.222212,2023-11-15 14:13:51.970210,0 days 00:00:00.747998,0.9,10,1.5,0.8,20,100,COMPLETE
8307,8307,18680.75,2023-11-15 14:13:51.973036,2023-11-15 14:13:52.713440,0 days 00:00:00.740404,0.7000000000000001,10,2.5,0.9,15,97,COMPLETE
8308,8308,17765.5,2023-11-15 14:13:52.717143,2023-11-15 14:13:53.462467,0 days 00:00:00.745324,0.9,10,0.75,0.2,10,98,COMPLETE
8309,8309,17046.0,2023-11-15 14:13:53.466119,2023-11-15 14:13:54.231660,0 days 00:00:00.765541,0.7000000000000001,10,1.5,0.1,17,96,COMPLETE
8310,8310,16920.25,2023-11-15 14:13:54.235143,2023-11-15 14:13:54.969006,0 days 00:00:00.733863,0.7000000000000001,30,2.5,0.8,62,100,COMPLETE
8311,8311,18028.0,2023-11-15 14:13:54.971594,2023-11-15 14:13:55.705032,0 days 00:00:00.733438,0.9,10,2.0,0.8,29,98,COMPLETE
8312,8312,18206.75,2023-11-15 14:13:55.708068,2023-11-15 14:13:56.438708,0 days 00:00:00.730640,0.9,10,2.0,0.8,6,93,COMPLETE
8313,8313,18302.0,2023-11-15 14:13:56.441584,2023-11-15 14:13:57.175471,0 days 00:00:00.733887,0.7000000000000001,10,1.5,0.8,12,96,COMPLETE
8314,8314,18400.25,2023-11-15 14:13:57.178002,2023-11-15 14:13:57.934605,0 days 00:00:00.756603,0.9,10,1.5,0.8,24,100,COMPLETE
8315,8315,15641.25,2023-11-15 14:13:57.937117,2023-11-15 14:13:58.668419,0 days 00:00:00.731302,0.9,20,2.0,0.8,21,33,COMPLETE
8316,8316,18026.25,2023-11-15 14:13:58.671427,2023-11-15 14:13:59.520439,0 days 00:00:00.849012,0.5,10,1.5,0.9,14,98,COMPLETE
8317,8317,18303.75,2023-11-15 14:13:59.523397,2023-11-15 14:14:00.394535,0 days 00:00:00.871138,0.7000000000000001,10,2.0,0.8,18,99,COMPLETE
8318,8318,18301.25,2023-11-15 14:14:00.398030,2023-11-15 14:14:01.193921,0 days 00:00:00.795891,0.7000000000000001,10,2.0,0.8,9,96,COMPLETE
8319,8319,18205.75,2023-11-15 14:14:01.196891,2023-11-15 14:14:01.942238,0 days 00:00:00.745347,0.9,10,2.0,0.7000000000000001,17,94,COMPLETE
8320,8320,17933.75,2023-11-15 14:14:01.944885,2023-11-15 14:14:02.681408,0 days 00:00:00.736523,0.6,10,1.5,0.8,13,100,COMPLETE
8321,8321,18210.25,2023-11-15 14:14:02.684755,2023-11-15 14:14:03.425263,0 days 00:00:00.740508,0.6,10,2.0,0.8,6,97,COMPLETE
8322,8322,18217.75,2023-11-15 14:14:03.428115,2023-11-15 14:14:04.161740,0 days 00:00:00.733625,0.9,10,1.5,0.8,20,98,COMPLETE
8323,8323,18494.0,2023-11-15 14:14:04.164559,2023-11-15 14:14:04.915144,0 days 00:00:00.750585,0.7000000000000001,10,2.0,0.8,11,100,COMPLETE
8324,8324,17833.75,2023-11-15 14:14:04.917929,2023-11-15 14:14:05.661528,0 days 00:00:00.743599,0.7000000000000001,10,2.0,0.8,15,95,COMPLETE
8325,8325,15296.5,2023-11-15 14:14:05.664665,2023-11-15 14:14:06.441825,0 days 00:00:00.777160,0.9,10,1.5,0.8,8,40,COMPLETE
8326,8326,17925.0,2023-11-15 14:14:06.444519,2023-11-15 14:14:07.173477,0 days 00:00:00.728958,0.8,20,1.5,0.9,16,98,COMPLETE
8327,8327,18212.0,2023-11-15 14:14:07.175982,2023-11-15 14:14:07.898488,0 days 00:00:00.722506,0.7000000000000001,10,2.0,0.7000000000000001,18,97,COMPLETE
8328,8328,13565.25,2023-11-15 14:14:07.901379,2023-11-15 14:14:08.659265,0 days 00:00:00.757886,0.8,80,2.5,0.4,22,92,COMPLETE
8329,8329,18306.5,2023-11-15 14:14:08.662119,2023-11-15 14:14:09.396441,0 days 00:00:00.734322,0.8,10,2.25,0.8,20,100,COMPLETE
8330,8330,18304.75,2023-11-15 14:14:09.403348,2023-11-15 14:14:10.151423,0 days 00:00:00.748075,0.9,10,2.25,0.8,13,98,COMPLETE
8331,8331,18395.0,2023-11-15 14:14:10.154148,2023-11-15 14:14:10.882972,0 days 00:00:00.728824,0.8,10,2.0,0.8,6,96,COMPLETE
8332,8332,18322.0,2023-11-15 14:14:10.886666,2023-11-15 14:14:11.613216,0 days 00:00:00.726550,0.8,10,1.0,0.8,10,99,COMPLETE
8333,8333,18307.0,2023-11-15 14:14:11.617029,2023-11-15 14:14:12.381344,0 days 00:00:00.764315,0.8,10,1.5,0.8,15,94,COMPLETE
8334,8334,17924.25,2023-11-15 14:14:12.384453,2023-11-15 14:14:13.145238,0 days 00:00:00.760785,0.7000000000000001,20,2.0,0.8,19,100,COMPLETE
8335,8335,18218.0,2023-11-15 14:14:13.147855,2023-11-15 14:14:13.923105,0 days 00:00:00.775250,0.8,10,1.25,0.8,24,97,COMPLETE
8336,8336,18399.0,2023-11-15 14:14:13.925755,2023-11-15 14:14:14.794878,0 days 00:00:00.869123,0.8,10,2.0,0.8,17,98,COMPLETE
8337,8337,18395.0,2023-11-15 14:14:14.797772,2023-11-15 14:14:15.536120,0 days 00:00:00.738348,0.8,10,2.0,0.8,12,96,COMPLETE
8338,8338,18494.25,2023-11-15 14:14:15.539180,2023-11-15 14:14:16.304387,0 days 00:00:00.765207,0.8,10,2.0,0.8,22,100,COMPLETE
8339,8339,17743.25,2023-11-15 14:14:16.307805,2023-11-15 14:14:17.057743,0 days 00:00:00.749938,0.8,10,2.0,0.9,8,95,COMPLETE
8340,8340,18211.75,2023-11-15 14:14:17.060313,2023-11-15 14:14:17.798227,0 days 00:00:00.737914,0.9,10,2.25,0.8,14,98,COMPLETE
8341,8341,18494.0,2023-11-15 14:14:17.800887,2023-11-15 14:14:18.527876,0 days 00:00:00.726989,0.7000000000000001,10,2.0,0.8,16,100,COMPLETE
8342,8342,18211.5,2023-11-15 14:14:18.530408,2023-11-15 14:14:19.254905,0 days 00:00:00.724497,0.8,10,2.5,0.8,6,98,COMPLETE
8343,8343,18209.0,2023-11-15 14:14:19.257660,2023-11-15 14:14:20.037980,0 days 00:00:00.780320,0.8,10,1.5,0.7000000000000001,18,96,COMPLETE
8344,8344,18107.75,2023-11-15 14:14:20.040707,2023-11-15 14:14:20.781529,0 days 00:00:00.740822,0.8,20,2.0,0.8,10,100,COMPLETE
8345,8345,18399.0,2023-11-15 14:14:20.784550,2023-11-15 14:14:21.518549,0 days 00:00:00.733999,0.8,10,2.0,0.8,20,98,COMPLETE
8346,8346,17748.75,2023-11-15 14:14:21.521297,2023-11-15 14:14:22.251750,0 days 00:00:00.730453,0.6,10,1.25,0.8,27,94,COMPLETE
8347,8347,18587.0,2023-11-15 14:14:22.254227,2023-11-15 14:14:22.975550,0 days 00:00:00.721323,0.8,10,2.0,0.9,44,97,COMPLETE
8348,8348,18322.0,2023-11-15 14:14:22.978048,2023-11-15 14:14:23.731621,0 days 00:00:00.753573,0.8,10,1.0,0.8,13,99,COMPLETE
8349,8349,18488.75,2023-11-15 14:14:23.734408,2023-11-15 14:14:24.465474,0 days 00:00:00.731066,0.8,10,2.0,0.8,16,96,COMPLETE
8350,8350,18400.5,2023-11-15 14:14:24.468256,2023-11-15 14:14:25.201873,0 days 00:00:00.733617,0.8,10,2.0,0.8,38,100,COMPLETE
8351,8351,18398.75,2023-11-15 14:14:25.204460,2023-11-15 14:14:25.938283,0 days 00:00:00.733823,0.8,10,2.25,0.8,22,98,COMPLETE
8352,8352,17640.25,2023-11-15 14:14:25.940828,2023-11-15 14:14:26.670407,0 days 00:00:00.729579,0.8,30,2.25,0.8,8,96,COMPLETE
8353,8353,18298.75,2023-11-15 14:14:26.672983,2023-11-15 14:14:27.414164,0 days 00:00:00.741181,0.8,10,2.25,0.7000000000000001,11,93,COMPLETE
8354,8354,18493.25,2023-11-15 14:14:27.417242,2023-11-15 14:14:28.155646,0 days 00:00:00.738404,0.8,10,2.0,0.8,18,100,COMPLETE
8355,8355,17925.0,2023-11-15 14:14:28.158197,2023-11-15 14:14:28.998050,0 days 00:00:00.839853,0.8,20,2.0,0.8,5,98,COMPLETE
8356,8356,17833.75,2023-11-15 14:14:29.001504,2023-11-15 14:14:29.888845,0 days 00:00:00.887341,0.7000000000000001,10,2.25,0.9,20,95,COMPLETE
8357,8357,18494.5,2023-11-15 14:14:29.891674,2023-11-15 14:14:30.628310,0 days 00:00:00.736636,0.9,10,1.25,0.8,15,99,COMPLETE
8358,8358,18309.25,2023-11-15 14:14:30.638487,2023-11-15 14:14:31.382653,0 days 00:00:00.744166,0.8,10,2.0,0.8,12,97,COMPLETE
8359,8359,18306.5,2023-11-15 14:14:31.385342,2023-11-15 14:14:32.108957,0 days 00:00:00.723615,0.8,10,2.25,0.8,24,100,COMPLETE
8360,8360,18399.0,2023-11-15 14:14:32.111489,2023-11-15 14:14:32.851009,0 days 00:00:00.739520,0.8,10,2.0,0.8,17,98,COMPLETE
8361,8361,18395.0,2023-11-15 14:14:32.854401,2023-11-15 14:14:33.575180,0 days 00:00:00.720779,0.8,10,2.0,0.8,7,96,COMPLETE
8362,8362,17933.0,2023-11-15 14:14:33.577883,2023-11-15 14:14:34.328018,0 days 00:00:00.750135,0.8,10,2.25,0.8,15,91,COMPLETE
8363,8363,18399.25,2023-11-15 14:14:34.330651,2023-11-15 14:14:35.059885,0 days 00:00:00.729234,0.8,10,2.5,0.8,19,100,COMPLETE
8364,8364,17934.75,2023-11-15 14:14:35.062588,2023-11-15 14:14:35.796915,0 days 00:00:00.734327,0.5,10,2.25,0.7000000000000001,10,94,COMPLETE
8365,8365,16201.5,2023-11-15 14:14:35.799925,2023-11-15 14:14:36.549273,0 days 00:00:00.749348,0.8,50,2.25,0.8,14,98,COMPLETE
8366,8366,17644.5,2023-11-15 14:14:36.552172,2023-11-15 14:14:37.301003,0 days 00:00:00.748831,0.8,20,2.0,0.9,5,97,COMPLETE
8367,8367,18400.25,2023-11-15 14:14:37.303994,2023-11-15 14:14:38.066506,0 days 00:00:00.762512,0.9,10,2.25,0.6,21,100,COMPLETE
8368,8368,17837.25,2023-11-15 14:14:38.069598,2023-11-15 14:14:38.808860,0 days 00:00:00.739262,0.8,10,1.25,0.8,35,95,COMPLETE
8369,8369,18023.5,2023-11-15 14:14:38.811388,2023-11-15 14:14:39.545405,0 days 00:00:00.734017,0.8,10,1.25,0.8,18,98,COMPLETE
8370,8370,18397.5,2023-11-15 14:14:39.548368,2023-11-15 14:14:40.287612,0 days 00:00:00.739244,0.8,10,2.25,0.8,13,99,COMPLETE
8371,8371,18394.5,2023-11-15 14:14:40.290578,2023-11-15 14:14:41.030270,0 days 00:00:00.739692,0.8,10,1.25,0.8,8,96,COMPLETE
8372,8372,18398.0,2023-11-15 14:14:41.034172,2023-11-15 14:14:41.799519,0 days 00:00:00.765347,0.8,10,2.0,0.8,16,100,COMPLETE
8373,8373,18128.0,2023-11-15 14:14:41.802615,2023-11-15 14:14:42.546719,0 days 00:00:00.744104,0.8,10,2.0,0.5,23,97,COMPLETE
8374,8374,18118.25,2023-11-15 14:14:42.549808,2023-11-15 14:14:43.284478,0 days 00:00:00.734670,0.7000000000000001,10,2.25,0.8,26,98,COMPLETE
8375,8375,18493.25,2023-11-15 14:14:43.287421,2023-11-15 14:14:44.137838,0 days 00:00:00.850417,0.8,10,2.0,0.8,12,100,COMPLETE
8376,8376,17559.75,2023-11-15 14:14:44.140981,2023-11-15 14:14:44.950686,0 days 00:00:00.809705,0.8,20,2.0,0.8,18,93,COMPLETE
8377,8377,17278.75,2023-11-15 14:14:44.953614,2023-11-15 14:14:45.715879,0 days 00:00:00.762265,0.8,10,2.25,0.30000000000000004,5,66,COMPLETE
8378,8378,18300.25,2023-11-15 14:14:45.718578,2023-11-15 14:14:46.453512,0 days 00:00:00.734934,0.8,10,2.75,0.8,14,96,COMPLETE
8379,8379,18027.5,2023-11-15 14:14:46.456217,2023-11-15 14:14:47.196876,0 days 00:00:00.740659,0.9,10,2.0,0.9,21,98,COMPLETE
8380,8380,16813.75,2023-11-15 14:14:47.199659,2023-11-15 14:14:47.932888,0 days 00:00:00.733229,0.8,10,2.0,0.8,10,44,COMPLETE
8381,8381,18400.5,2023-11-15 14:14:47.935774,2023-11-15 14:14:48.674361,0 days 00:00:00.738587,0.8,10,1.5,0.8,17,100,COMPLETE
8382,8382,9367.0,2023-11-15 14:14:48.677281,2023-11-15 14:14:49.452955,0 days 00:00:00.775674,0.7000000000000001,10,0.5,0.8,20,17,COMPLETE
8383,8383,12073.0,2023-11-15 14:14:49.456250,2023-11-15 14:14:50.207787,0 days 00:00:00.751537,0.8,90,1.0,0.7000000000000001,7,61,COMPLETE
8384,8384,17649.5,2023-11-15 14:14:50.210439,2023-11-15 14:14:50.951467,0 days 00:00:00.741028,0.8,10,2.25,0.8,15,95,COMPLETE
8385,8385,18398.75,2023-11-15 14:14:50.954120,2023-11-15 14:14:51.687468,0 days 00:00:00.733348,0.8,10,2.25,0.8,12,98,COMPLETE
8386,8386,18494.5,2023-11-15 14:14:51.690024,2023-11-15 14:14:52.429984,0 days 00:00:00.739960,0.8,10,2.0,0.8,19,97,COMPLETE
8387,8387,18398.25,2023-11-15 14:14:52.432996,2023-11-15 14:14:53.182586,0 days 00:00:00.749590,0.8,10,1.25,0.8,9,100,COMPLETE
8388,8388,18304.5,2023-11-15 14:14:53.185419,2023-11-15 14:14:53.907562,0 days 00:00:00.722143,0.8,10,2.0,0.8,16,89,COMPLETE
8389,8389,17938.25,2023-11-15 14:14:53.910283,2023-11-15 14:14:54.630258,0 days 00:00:00.719975,0.8,20,2.25,0.8,5,94,COMPLETE
8390,8390,18213.5,2023-11-15 14:14:54.633366,2023-11-15 14:14:55.357007,0 days 00:00:00.723641,0.8,10,2.25,0.9,23,98,COMPLETE
8391,8391,18488.75,2023-11-15 14:14:55.359980,2023-11-15 14:14:56.128135,0 days 00:00:00.768155,0.8,10,2.0,0.8,13,96,COMPLETE
8392,8392,18681.25,2023-11-15 14:14:56.130758,2023-11-15 14:14:56.869981,0 days 00:00:00.739223,0.8,10,1.25,0.8,18,99,COMPLETE
8393,8393,14877.0,2023-11-15 14:14:56.890319,2023-11-15 14:14:57.664445,0 days 00:00:00.774126,0.7000000000000001,60,2.25,0.8,16,100,COMPLETE
8394,8394,18399.5,2023-11-15 14:14:57.667189,2023-11-15 14:14:58.402405,0 days 00:00:00.735216,0.8,10,2.25,0.7000000000000001,21,97,COMPLETE
8395,8395,17000.75,2023-11-15 14:14:58.405112,2023-11-15 14:14:59.141252,0 days 00:00:00.736140,0.9,20,2.0,0.8,7,95,COMPLETE
8396,8396,18397.5,2023-11-15 14:14:59.143952,2023-11-15 14:14:59.871706,0 days 00:00:00.727754,0.8,10,2.25,0.8,11,92,COMPLETE
8397,8397,18399.0,2023-11-15 14:14:59.874848,2023-11-15 14:15:00.626767,0 days 00:00:00.751919,0.8,10,2.0,0.8,14,98,COMPLETE
8398,8398,18218.0,2023-11-15 14:15:00.629811,2023-11-15 14:15:01.377197,0 days 00:00:00.747386,0.8,10,1.25,0.9,19,100,COMPLETE
8399,8399,18399.0,2023-11-15 14:15:01.380141,2023-11-15 14:15:02.145690,0 days 00:00:00.765549,0.8,10,2.0,0.8,5,98,COMPLETE
8400,8400,18023.25,2023-11-15 14:15:02.148308,2023-11-15 14:15:02.880585,0 days 00:00:00.732277,0.6,10,2.5,0.8,17,96,COMPLETE
8401,8401,18493.25,2023-11-15 14:15:02.884100,2023-11-15 14:15:03.624537,0 days 00:00:00.740437,0.8,10,2.0,0.8,9,100,COMPLETE
8402,8402,18399.0,2023-11-15 14:15:03.627085,2023-11-15 14:15:04.367541,0 days 00:00:00.740456,0.8,10,2.0,0.8,15,98,COMPLETE
8403,8403,18490.25,2023-11-15 14:15:04.370522,2023-11-15 14:15:05.106472,0 days 00:00:00.735950,0.8,10,1.25,0.7000000000000001,11,94,COMPLETE
8404,8404,18403.75,2023-11-15 14:15:05.109244,2023-11-15 14:15:05.865609,0 days 00:00:00.756365,0.8,10,1.5,0.8,19,97,COMPLETE
8405,8405,18308.0,2023-11-15 14:15:05.868353,2023-11-15 14:15:06.595682,0 days 00:00:00.727329,0.9,10,2.0,0.8,48,100,COMPLETE
8406,8406,18301.75,2023-11-15 14:15:06.598363,2023-11-15 14:15:07.335182,0 days 00:00:00.736819,0.8,10,1.25,0.8,21,96,COMPLETE
8407,8407,17830.75,2023-11-15 14:15:07.337914,2023-11-15 14:15:08.069395,0 days 00:00:00.731481,0.8,20,1.25,0.9,14,98,COMPLETE
8408,8408,18322.0,2023-11-15 14:15:08.072316,2023-11-15 14:15:08.815715,0 days 00:00:00.743399,0.8,10,1.0,0.8,17,99,COMPLETE
8409,8409,18492.5,2023-11-15 14:15:08.818707,2023-11-15 14:15:09.577000,0 days 00:00:00.758293,0.8,10,1.25,0.8,7,100,COMPLETE
8410,8410,18115.75,2023-11-15 14:15:09.579491,2023-11-15 14:15:10.309480,0 days 00:00:00.729989,0.7000000000000001,10,1.25,0.8,5,96,COMPLETE
8411,8411,18025.5,2023-11-15 14:15:10.312719,2023-11-15 14:15:11.056061,0 days 00:00:00.743342,0.8,10,2.5,0.8,23,98,COMPLETE
8412,8412,18486.25,2023-11-15 14:15:11.058878,2023-11-15 14:15:11.848224,0 days 00:00:00.789346,0.8,10,1.25,0.8,12,94,COMPLETE
8413,8413,18107.75,2023-11-15 14:15:11.851438,2023-11-15 14:15:12.696708,0 days 00:00:00.845270,0.8,20,2.25,0.8,25,100,COMPLETE
8414,8414,18309.25,2023-11-15 14:15:12.700037,2023-11-15 14:15:13.466300,0 days 00:00:00.766263,0.8,10,2.0,0.8,9,97,COMPLETE
8415,8415,14669.25,2023-11-15 14:15:13.469641,2023-11-15 14:15:14.222374,0 days 00:00:00.752733,0.8,70,2.0,0.7000000000000001,15,98,COMPLETE
8416,8416,17927.75,2023-11-15 14:15:14.225450,2023-11-15 14:15:14.963437,0 days 00:00:00.737987,0.7000000000000001,10,1.25,0.9,17,95,COMPLETE
8417,8417,18305.25,2023-11-15 14:15:14.966404,2023-11-15 14:15:15.693828,0 days 00:00:00.727424,0.8,10,2.5,0.8,20,99,COMPLETE
8418,8418,18218.0,2023-11-15 14:15:15.696389,2023-11-15 14:15:16.438757,0 days 00:00:00.742368,0.8,10,1.25,0.8,13,97,COMPLETE
8419,8419,17941.0,2023-11-15 14:15:16.441288,2023-11-15 14:15:17.220469,0 days 00:00:00.779181,0.8,10,2.0,0.30000000000000004,18,100,COMPLETE
8420,8420,18209.25,2023-11-15 14:15:17.223209,2023-11-15 14:15:17.946860,0 days 00:00:00.723651,0.9,10,2.25,0.4,10,96,COMPLETE
8421,8421,16288.25,2023-11-15 14:15:17.949965,2023-11-15 14:15:18.693310,0 days 00:00:00.743345,0.8,40,1.5,0.5,7,80,COMPLETE
8422,8422,18337.0,2023-11-15 14:15:18.695966,2023-11-15 14:15:19.430113,0 days 00:00:00.734147,0.8,10,1.0,0.8,30,92,COMPLETE
8423,8423,18023.5,2023-11-15 14:15:19.433212,2023-11-15 14:15:20.174202,0 days 00:00:00.740990,0.8,10,1.25,0.8,16,98,COMPLETE
8424,8424,18399.0,2023-11-15 14:15:20.176850,2023-11-15 14:15:20.929586,0 days 00:00:00.752736,0.8,10,1.25,0.8,22,100,COMPLETE
8425,8425,17183.0,2023-11-15 14:15:20.933344,2023-11-15 14:15:21.694288,0 days 00:00:00.760944,0.7000000000000001,10,2.0,0.8,5,52,COMPLETE
8426,8426,16825.0,2023-11-15 14:15:21.696866,2023-11-15 14:15:22.440552,0 days 00:00:00.743686,0.8,10,1.25,0.8,14,56,COMPLETE
8427,8427,17982.75,2023-11-15 14:15:22.443173,2023-11-15 14:15:23.186990,0 days 00:00:00.743817,0.8,10,0.75,0.8,19,95,COMPLETE
8428,8428,17830.75,2023-11-15 14:15:23.190844,2023-11-15 14:15:23.923452,0 days 00:00:00.732608,0.8,20,1.25,0.8,11,98,COMPLETE
8429,8429,18400.0,2023-11-15 14:15:23.927240,2023-11-15 14:15:24.700999,0 days 00:00:00.773759,0.8,10,1.5,0.9,16,100,COMPLETE
8430,8430,18394.5,2023-11-15 14:15:24.703589,2023-11-15 14:15:25.447679,0 days 00:00:00.744090,0.8,10,1.25,0.8,8,96,COMPLETE
8431,8431,17482.0,2023-11-15 14:15:25.450587,2023-11-15 14:15:26.231912,0 days 00:00:00.781325,0.4,10,1.25,0.7000000000000001,21,98,COMPLETE
8432,8432,18494.5,2023-11-15 14:15:26.235361,2023-11-15 14:15:27.103675,0 days 00:00:00.868314,0.9,10,1.25,0.8,4,99,COMPLETE
8433,8433,18300.0,2023-11-15 14:15:27.106535,2023-11-15 14:15:27.851168,0 days 00:00:00.744633,0.8,10,1.5,0.8,13,93,COMPLETE
8434,8434,18494.5,2023-11-15 14:15:27.853884,2023-11-15 14:15:28.621134,0 days 00:00:00.767250,0.8,10,2.0,0.8,19,97,COMPLETE
8435,8435,18215.0,2023-11-15 14:15:28.623949,2023-11-15 14:15:29.367491,0 days 00:00:00.743542,0.5,10,1.25,0.8,17,100,COMPLETE
8436,8436,17561.0,2023-11-15 14:15:29.370164,2023-11-15 14:15:30.107855,0 days 00:00:00.737691,0.8,10,1.0,0.8,15,95,COMPLETE
8437,8437,18023.5,2023-11-15 14:15:30.110379,2023-11-15 14:15:30.847851,0 days 00:00:00.737472,0.8,10,1.25,0.8,24,98,COMPLETE
8438,8438,18202.0,2023-11-15 14:15:30.850809,2023-11-15 14:15:31.593566,0 days 00:00:00.742757,0.8,20,1.25,0.8,10,96,COMPLETE
8439,8439,18492.75,2023-11-15 14:15:31.596327,2023-11-15 14:15:32.370718,0 days 00:00:00.774391,0.8,10,1.25,0.9,7,100,COMPLETE
8440,8440,18213.75,2023-11-15 14:15:32.373279,2023-11-15 14:15:33.121974,0 days 00:00:00.748695,0.7000000000000001,10,1.25,0.8,20,98,COMPLETE
8441,8441,12692.75,2023-11-15 14:15:33.124510,2023-11-15 14:15:33.903484,0 days 00:00:00.778974,0.8,100,1.0,0.8,59,97,COMPLETE
8442,8442,18492.5,2023-11-15 14:15:33.906149,2023-11-15 14:15:34.640916,0 days 00:00:00.734767,0.8,10,1.25,0.8,12,100,COMPLETE
8443,8443,18026.5,2023-11-15 14:15:34.643522,2023-11-15 14:15:35.379536,0 days 00:00:00.736014,0.8,10,1.5,0.7000000000000001,4,98,COMPLETE
8444,8444,17837.25,2023-11-15 14:15:35.382644,2023-11-15 14:15:36.122353,0 days 00:00:00.739709,0.8,10,1.25,0.8,18,95,COMPLETE
8445,8445,18214.75,2023-11-15 14:15:36.124943,2023-11-15 14:15:36.916666,0 days 00:00:00.791723,0.9,10,2.0,0.8,22,100,COMPLETE
8446,8446,18212.0,2023-11-15 14:15:36.919721,2023-11-15 14:15:37.649443,0 days 00:00:00.729722,0.8,10,3.0,0.8,15,94,COMPLETE
8447,8447,18218.0,2023-11-15 14:15:37.651942,2023-11-15 14:15:38.401454,0 days 00:00:00.749512,0.8,10,1.25,0.8,9,97,COMPLETE
8448,8448,17782.5,2023-11-15 14:15:38.403991,2023-11-15 14:15:39.137858,0 days 00:00:00.733867,0.8,20,1.0,0.9,6,98,COMPLETE
8449,8449,18398.25,2023-11-15 14:15:39.140535,2023-11-15 14:15:39.872457,0 days 00:00:00.731922,0.8,10,1.25,0.8,26,100,COMPLETE
8450,8450,18024.5,2023-11-15 14:15:39.875044,2023-11-15 14:15:40.657303,0 days 00:00:00.782259,0.7000000000000001,10,1.25,0.6,13,96,COMPLETE
8451,8451,18023.5,2023-11-15 14:15:40.659977,2023-11-15 14:15:41.531022,0 days 00:00:00.871045,0.8,10,1.25,0.8,17,98,COMPLETE
8452,8452,18303.0,2023-11-15 14:15:41.534657,2023-11-15 14:15:42.283906,0 days 00:00:00.749249,0.8,10,1.5,0.8,19,99,COMPLETE
8453,8453,18394.5,2023-11-15 14:15:42.286869,2023-11-15 14:15:43.023107,0 days 00:00:00.736238,0.8,10,1.25,0.8,15,96,COMPLETE
8454,8454,18107.75,2023-11-15 14:15:43.025736,2023-11-15 14:15:43.769108,0 days 00:00:00.743372,0.8,20,2.25,0.8,21,100,COMPLETE
8455,8455,17139.0,2023-11-15 14:15:43.771830,2023-11-15 14:15:44.543474,0 days 00:00:00.771644,0.8,10,1.25,0.8,100,93,COMPLETE
8456,8456,18209.5,2023-11-15 14:15:44.545990,2023-11-15 14:15:45.297407,0 days 00:00:00.751417,0.8,10,1.25,0.7000000000000001,11,98,COMPLETE
8457,8457,18394.5,2023-11-15 14:15:45.300736,2023-11-15 14:15:46.046059,0 days 00:00:00.745323,0.8,10,1.25,0.8,5,96,COMPLETE
8458,8458,18022.0,2023-11-15 14:15:46.048790,2023-11-15 14:15:46.775019,0 days 00:00:00.726229,0.8,10,1.0,0.8,17,98,COMPLETE
8459,8459,18307.0,2023-11-15 14:15:46.777509,2023-11-15 14:15:47.515446,0 days 00:00:00.737937,0.9,10,1.25,0.8,14,100,COMPLETE
8460,8460,18307.0,2023-11-15 14:15:47.519184,2023-11-15 14:15:48.271053,0 days 00:00:00.751869,0.8,10,1.5,0.8,9,94,COMPLETE
8461,8461,18265.25,2023-11-15 14:15:48.274265,2023-11-15 14:15:49.020779,0 days 00:00:00.746514,0.8,10,1.25,0.9,23,98,COMPLETE
8462,8462,18301.75,2023-11-15 14:15:49.023689,2023-11-15 14:15:49.769741,0 days 00:00:00.746052,0.8,10,1.25,0.8,19,96,COMPLETE
8463,8463,18492.5,2023-11-15 14:15:49.772601,2023-11-15 14:15:50.544340,0 days 00:00:00.771739,0.8,10,1.25,0.8,12,100,COMPLETE
8464,8464,18218.0,2023-11-15 14:15:50.546902,2023-11-15 14:15:51.315779,0 days 00:00:00.768877,0.8,10,1.25,0.8,4,97,COMPLETE
8465,8465,18198.75,2023-11-15 14:15:51.318690,2023-11-15 14:15:52.059475,0 days 00:00:00.740785,0.8,20,1.25,0.8,16,91,COMPLETE
8466,8466,18491.25,2023-11-15 14:15:52.062047,2023-11-15 14:15:52.818098,0 days 00:00:00.756051,0.7000000000000001,10,1.25,0.8,7,99,COMPLETE
8467,8467,17746.5,2023-11-15 14:15:52.820687,2023-11-15 14:15:53.554931,0 days 00:00:00.734244,0.8,10,1.25,0.7000000000000001,14,95,COMPLETE
8468,8468,18399.75,2023-11-15 14:15:53.557930,2023-11-15 14:15:54.288545,0 days 00:00:00.730615,0.9,10,1.5,0.8,20,100,COMPLETE
8469,8469,18218.0,2023-11-15 14:15:54.291549,2023-11-15 14:15:55.106264,0 days 00:00:00.814715,0.8,10,1.25,0.8,17,97,COMPLETE
