,number,value,datetime_start,datetime_complete,duration,params_alpha,params_decay_interval,params_decay_rate,params_gamma,params_initialization,params_max_steps,state
3249,3249,18121.5,2023-11-15 12:10:16.650881,2023-11-15 12:10:16.958303,0 days 00:00:00.307422,0.8,10,3.0,0.9,20,77,COMPLETE
3250,3250,17185.25,2023-11-15 12:10:16.960194,2023-11-15 12:10:17.254498,0 days 00:00:00.294304,0.8,10,3.0,0.9,15,73,COMPLETE
3251,3251,16719.5,2023-11-15 12:10:17.256036,2023-11-15 12:10:17.552528,0 days 00:00:00.296492,0.8,10,3.0,0.9,19,66,COMPLETE
3252,3252,17473.75,2023-11-15 12:10:17.554081,2023-11-15 12:10:17.845896,0 days 00:00:00.291815,0.8,10,2.5,0.9,23,69,COMPLETE
3253,3253,19260.75,2023-11-15 12:10:17.847528,2023-11-15 12:10:18.130096,0 days 00:00:00.282568,0.8,10,2.75,0.9,17,71,COMPLETE
3254,3254,16464.5,2023-11-15 12:10:18.131707,2023-11-15 12:10:18.432368,0 days 00:00:00.300661,0.7000000000000001,20,3.0,0.9,25,73,COMPLETE
3255,3255,16923.25,2023-11-15 12:10:18.433975,2023-11-15 12:10:18.735113,0 days 00:00:00.301138,0.8,10,3.0,0.9,21,76,COMPLETE
3256,3256,17285.25,2023-11-15 12:10:18.736644,2023-11-15 12:10:19.030695,0 days 00:00:00.294051,0.9,10,2.75,0.9,19,64,COMPLETE
3257,3257,17547.25,2023-11-15 12:10:19.032554,2023-11-15 12:10:19.323124,0 days 00:00:00.290570,0.8,10,3.0,0.9,11,68,COMPLETE
3258,3258,19260.75,2023-11-15 12:10:19.324707,2023-11-15 12:10:19.608111,0 days 00:00:00.283404,0.8,10,3.0,0.9,23,71,COMPLETE
3259,3259,17453.0,2023-11-15 12:10:19.609813,2023-11-15 12:10:19.901998,0 days 00:00:00.292185,0.8,10,3.0,0.9,15,78,COMPLETE
3260,3260,17920.75,2023-11-15 12:10:19.903594,2023-11-15 12:10:20.193632,0 days 00:00:00.290038,0.8,10,2.75,0.9,18,74,COMPLETE
3261,3261,16719.5,2023-11-15 12:10:20.195559,2023-11-15 12:10:20.488168,0 days 00:00:00.292609,0.8,10,3.0,0.9,21,66,COMPLETE
3262,3262,17115.5,2023-11-15 12:10:20.489674,2023-11-15 12:10:20.783334,0 days 00:00:00.293660,0.8,10,3.0,0.9,16,69,COMPLETE
3263,3263,15902.75,2023-11-15 12:10:20.784957,2023-11-15 12:10:21.079384,0 days 00:00:00.294427,0.8,20,3.0,0.9,24,61,COMPLETE
3264,3264,18682.0,2023-11-15 12:10:21.080853,2023-11-15 12:10:21.367154,0 days 00:00:00.286301,0.8,10,2.75,0.9,13,75,COMPLETE
3265,3265,16382.5,2023-11-15 12:10:21.368775,2023-11-15 12:10:21.660578,0 days 00:00:00.291803,0.8,10,3.0,0.9,20,46,COMPLETE
3266,3266,19260.75,2023-11-15 12:10:21.662463,2023-11-15 12:10:21.945812,0 days 00:00:00.283349,0.8,10,3.0,0.9,27,71,COMPLETE
3267,3267,18490.75,2023-11-15 12:10:21.947513,2023-11-15 12:10:22.234743,0 days 00:00:00.287230,0.8,10,2.5,0.9,18,85,COMPLETE
3268,3268,17369.25,2023-11-15 12:10:22.236322,2023-11-15 12:10:22.526654,0 days 00:00:00.290332,0.8,10,3.0,0.9,22,79,COMPLETE
3269,3269,17745.25,2023-11-15 12:10:22.529045,2023-11-15 12:10:22.813434,0 days 00:00:00.284389,0.9,10,2.75,0.9,15,68,COMPLETE
3270,3270,17369.5,2023-11-15 12:10:22.815073,2023-11-15 12:10:23.119621,0 days 00:00:00.304548,0.8,10,3.0,0.9,17,73,COMPLETE
3271,3271,17014.0,2023-11-15 12:10:23.121237,2023-11-15 12:10:23.416274,0 days 00:00:00.295037,0.8,10,3.0,0.9,20,64,COMPLETE
3272,3272,17825.5,2023-11-15 12:10:23.417986,2023-11-15 12:10:23.703443,0 days 00:00:00.285457,0.8,10,2.75,0.9,23,70,COMPLETE
3273,3273,18679.5,2023-11-15 12:10:23.705009,2023-11-15 12:10:23.992134,0 days 00:00:00.287125,0.7000000000000001,10,3.0,0.9,19,75,COMPLETE
3274,3274,16100.0,2023-11-15 12:10:23.994066,2023-11-15 12:10:24.295407,0 days 00:00:00.301341,0.8,20,3.0,0.5,25,66,COMPLETE
3275,3275,18122.5,2023-11-15 12:10:24.297024,2023-11-15 12:10:24.585229,0 days 00:00:00.288205,0.8,10,3.0,0.9,17,72,COMPLETE
3276,3276,17547.25,2023-11-15 12:10:24.586873,2023-11-15 12:10:24.873809,0 days 00:00:00.286936,0.8,10,2.75,0.9,13,68,COMPLETE
3277,3277,17842.25,2023-11-15 12:10:24.875440,2023-11-15 12:10:25.169969,0 days 00:00:00.294529,0.7000000000000001,10,3.0,0.9,21,77,COMPLETE
3278,3278,8492.25,2023-11-15 12:10:25.171499,2023-11-15 12:10:25.474672,0 days 00:00:00.303173,0.8,10,0.25,0.9,15,23,COMPLETE
3279,3279,19260.75,2023-11-15 12:10:25.476419,2023-11-15 12:10:25.763493,0 days 00:00:00.287074,0.8,10,3.0,0.9,19,71,COMPLETE
3280,3280,17920.75,2023-11-15 12:10:25.765102,2023-11-15 12:10:26.058429,0 days 00:00:00.293327,0.8,10,3.0,0.9,23,74,COMPLETE
3281,3281,17382.25,2023-11-15 12:10:26.060361,2023-11-15 12:10:26.355693,0 days 00:00:00.295332,0.8,10,2.25,0.9,26,69,COMPLETE
3282,3282,17652.75,2023-11-15 12:10:26.357372,2023-11-15 12:10:26.651045,0 days 00:00:00.293673,0.8,10,2.5,0.9,17,65,COMPLETE
3283,3283,17656.5,2023-11-15 12:10:26.652701,2023-11-15 12:10:26.948128,0 days 00:00:00.295427,0.4,10,3.0,0.9,21,79,COMPLETE
3284,3284,18215.25,2023-11-15 12:10:26.949811,2023-11-15 12:10:27.235900,0 days 00:00:00.286089,0.8,10,2.75,0.9,11,72,COMPLETE
3285,3285,15828.0,2023-11-15 12:10:27.237499,2023-11-15 12:10:27.549541,0 days 00:00:00.312042,0.9,20,3.0,0.4,19,59,COMPLETE
3286,3286,16923.25,2023-11-15 12:10:27.551126,2023-11-15 12:10:27.857322,0 days 00:00:00.306196,0.8,10,3.0,0.9,14,76,COMPLETE
3287,3287,17547.25,2023-11-15 12:10:27.858948,2023-11-15 12:10:28.150528,0 days 00:00:00.291580,0.8,10,2.75,0.9,22,68,COMPLETE
3288,3288,17739.5,2023-11-15 12:10:28.152188,2023-11-15 12:10:28.449383,0 days 00:00:00.297195,0.8,10,3.0,0.9,16,81,COMPLETE
3289,3289,16543.25,2023-11-15 12:10:28.451660,2023-11-15 12:10:28.754216,0 days 00:00:00.302556,0.8,10,3.0,0.9,24,63,COMPLETE
3290,3290,17369.5,2023-11-15 12:10:28.755822,2023-11-15 12:10:29.053526,0 days 00:00:00.297704,0.8,10,3.0,0.9,20,73,COMPLETE
3291,3291,17829.75,2023-11-15 12:10:29.055206,2023-11-15 12:10:29.346164,0 days 00:00:00.290958,0.7000000000000001,10,2.75,0.9,18,70,COMPLETE
3292,3292,16719.5,2023-11-15 12:10:29.347750,2023-11-15 12:10:29.653485,0 days 00:00:00.305735,0.8,10,3.0,0.9,22,66,COMPLETE
3293,3293,17458.5,2023-11-15 12:10:29.655103,2023-11-15 12:10:29.954154,0 days 00:00:00.299051,0.5,20,3.0,0.9,25,100,COMPLETE
3294,3294,18682.0,2023-11-15 12:10:29.955756,2023-11-15 12:10:30.245548,0 days 00:00:00.289792,0.8,10,3.0,0.9,16,75,COMPLETE
3295,3295,19260.75,2023-11-15 12:10:30.247287,2023-11-15 12:10:30.549954,0 days 00:00:00.302667,0.8,10,2.75,0.9,19,71,COMPLETE
3296,3296,13391.75,2023-11-15 12:10:30.551656,2023-11-15 12:10:30.858536,0 days 00:00:00.306880,0.8,80,3.0,0.9,27,67,COMPLETE
3297,3297,17828.0,2023-11-15 12:10:30.860580,2023-11-15 12:10:31.155791,0 days 00:00:00.295211,0.8,10,2.5,0.9,12,74,COMPLETE
3298,3298,17825.5,2023-11-15 12:10:31.157391,2023-11-15 12:10:31.449747,0 days 00:00:00.292356,0.8,10,3.0,0.9,21,70,COMPLETE
3299,3299,18304.25,2023-11-15 12:10:31.451541,2023-11-15 12:10:31.746448,0 days 00:00:00.294907,0.9,10,3.0,0.9,14,77,COMPLETE
3300,3300,16630.0,2023-11-15 12:10:31.748072,2023-11-15 12:10:32.042894,0 days 00:00:00.294822,0.8,10,2.75,0.9,17,62,COMPLETE
3301,3301,17369.5,2023-11-15 12:10:32.045118,2023-11-15 12:10:32.338809,0 days 00:00:00.293691,0.8,10,3.0,0.9,24,73,COMPLETE
3302,3302,16484.75,2023-11-15 12:10:32.340473,2023-11-15 12:10:32.638649,0 days 00:00:00.298176,0.30000000000000004,10,3.0,0.9,20,68,COMPLETE
3303,3303,18392.25,2023-11-15 12:10:32.640309,2023-11-15 12:10:32.929804,0 days 00:00:00.289495,0.8,20,3.0,0.9,18,71,COMPLETE
3304,3304,17654.5,2023-11-15 12:10:32.931415,2023-11-15 12:10:33.224531,0 days 00:00:00.293116,0.8,10,2.75,0.9,23,65,COMPLETE
3305,3305,17645.5,2023-11-15 12:10:33.226359,2023-11-15 12:10:33.523160,0 days 00:00:00.296801,0.7000000000000001,10,2.25,0.9,16,79,COMPLETE
3306,3306,17920.75,2023-11-15 12:10:33.524750,2023-11-15 12:10:33.843184,0 days 00:00:00.318434,0.8,10,3.0,0.9,21,74,COMPLETE
3307,3307,17115.5,2023-11-15 12:10:33.845237,2023-11-15 12:10:34.140334,0 days 00:00:00.295097,0.8,10,3.0,0.9,14,69,COMPLETE
3308,3308,17016.25,2023-11-15 12:10:34.141915,2023-11-15 12:10:34.440637,0 days 00:00:00.298722,0.8,10,3.0,0.9,18,76,COMPLETE
3309,3309,17931.25,2023-11-15 12:10:34.442235,2023-11-15 12:10:34.733858,0 days 00:00:00.291623,0.8,10,2.75,0.6,22,72,COMPLETE
3310,3310,13258.25,2023-11-15 12:10:34.735399,2023-11-15 12:10:35.055003,0 days 00:00:00.319604,0.1,10,3.0,0.9,19,67,COMPLETE
3311,3311,18392.25,2023-11-15 12:10:35.056677,2023-11-15 12:10:35.345779,0 days 00:00:00.289102,0.8,20,3.0,0.9,26,70,COMPLETE
3312,3312,17014.0,2023-11-15 12:10:35.347376,2023-11-15 12:10:35.638832,0 days 00:00:00.291456,0.8,10,2.75,0.9,10,64,COMPLETE
3313,3313,18587.75,2023-11-15 12:10:35.640506,2023-11-15 12:10:35.933018,0 days 00:00:00.292512,0.9,10,3.0,0.9,16,75,COMPLETE
3314,3314,19260.75,2023-11-15 12:10:35.934744,2023-11-15 12:10:36.226779,0 days 00:00:00.292035,0.8,10,3.0,0.9,20,71,COMPLETE
3315,3315,17833.75,2023-11-15 12:10:36.228793,2023-11-15 12:10:36.528571,0 days 00:00:00.299778,0.8,10,3.0,0.9,23,83,COMPLETE
3316,3316,18031.75,2023-11-15 12:10:36.530116,2023-11-15 12:10:36.830447,0 days 00:00:00.300331,0.8,10,3.0,0.9,28,110,COMPLETE
3317,3317,15042.0,2023-11-15 12:10:36.832134,2023-11-15 12:10:37.134631,0 days 00:00:00.302497,0.8,40,2.75,0.9,17,67,COMPLETE
3318,3318,17730.75,2023-11-15 12:10:37.136144,2023-11-15 12:10:37.432704,0 days 00:00:00.296560,0.8,10,2.5,0.9,14,78,COMPLETE
3319,3319,17369.5,2023-11-15 12:10:37.434326,2023-11-15 12:10:37.729894,0 days 00:00:00.295568,0.8,10,3.0,0.9,20,73,COMPLETE
3320,3320,17115.5,2023-11-15 12:10:37.731547,2023-11-15 12:10:38.028085,0 days 00:00:00.296538,0.8,10,3.0,0.9,25,69,COMPLETE
3321,3321,14523.0,2023-11-15 12:10:38.030080,2023-11-15 12:10:38.343158,0 days 00:00:00.313078,0.2,10,2.75,0.9,22,62,COMPLETE
3322,3322,12626.25,2023-11-15 12:10:38.345229,2023-11-15 12:10:38.663364,0 days 00:00:00.318135,0.7000000000000001,100,3.0,0.9,18,75,COMPLETE
3323,3323,16719.5,2023-11-15 12:10:38.664987,2023-11-15 12:10:38.964675,0 days 00:00:00.299688,0.8,10,3.0,0.9,12,66,COMPLETE
3324,3324,16293.25,2023-11-15 12:10:38.966216,2023-11-15 12:10:39.273505,0 days 00:00:00.307289,0.8,30,3.0,0.9,15,72,COMPLETE
3325,3325,17833.0,2023-11-15 12:10:39.275042,2023-11-15 12:10:39.574434,0 days 00:00:00.299392,0.8,10,3.0,0.9,24,80,COMPLETE
3326,3326,18392.25,2023-11-15 12:10:39.576261,2023-11-15 12:10:39.870765,0 days 00:00:00.294504,0.8,20,2.75,0.9,20,70,COMPLETE
3327,3327,17933.5,2023-11-15 12:10:39.872296,2023-11-15 12:10:40.182297,0 days 00:00:00.310001,0.6,10,3.0,0.9,52,77,COMPLETE
3328,3328,17745.25,2023-11-15 12:10:40.183817,2023-11-15 12:10:40.477901,0 days 00:00:00.294084,0.9,10,3.0,0.9,17,68,COMPLETE
3329,3329,17369.5,2023-11-15 12:10:40.479683,2023-11-15 12:10:40.777171,0 days 00:00:00.297488,0.8,10,3.0,0.9,22,73,COMPLETE
3330,3330,17014.0,2023-11-15 12:10:40.778912,2023-11-15 12:10:41.077838,0 days 00:00:00.298926,0.8,10,2.75,0.9,19,64,COMPLETE
3331,3331,19260.75,2023-11-15 12:10:41.079446,2023-11-15 12:10:41.369130,0 days 00:00:00.289684,0.8,10,2.5,0.9,15,71,COMPLETE
3332,3332,18682.0,2023-11-15 12:10:41.370760,2023-11-15 12:10:41.666716,0 days 00:00:00.295956,0.8,10,3.0,0.9,21,75,COMPLETE
3333,3333,17917.0,2023-11-15 12:10:41.668185,2023-11-15 12:10:41.963714,0 days 00:00:00.295529,0.8,10,3.0,0.9,18,67,COMPLETE
3334,3334,15382.0,2023-11-15 12:10:41.965372,2023-11-15 12:10:42.264450,0 days 00:00:00.299078,0.8,50,2.75,0.9,25,69,COMPLETE
3335,3335,14652.5,2023-11-15 12:10:42.266011,2023-11-15 12:10:42.565072,0 days 00:00:00.299061,0.8,70,3.0,0.9,16,73,COMPLETE
3336,3336,17271.75,2023-11-15 12:10:42.566692,2023-11-15 12:10:42.865367,0 days 00:00:00.298675,0.8,10,3.0,0.9,13,59,COMPLETE
3337,3337,17360.25,2023-11-15 12:10:42.867002,2023-11-15 12:10:43.164272,0 days 00:00:00.297270,0.8,10,3.0,0.9,23,78,COMPLETE
3338,3338,17654.5,2023-11-15 12:10:43.165960,2023-11-15 12:10:43.480416,0 days 00:00:00.314456,0.8,10,2.75,0.9,27,65,COMPLETE
3339,3339,18392.25,2023-11-15 12:10:43.481961,2023-11-15 12:10:43.774196,0 days 00:00:00.292235,0.7000000000000001,20,3.0,0.9,20,71,COMPLETE
3340,3340,18682.0,2023-11-15 12:10:43.775939,2023-11-15 12:10:44.068009,0 days 00:00:00.292070,0.8,10,3.0,0.9,18,75,COMPLETE
3341,3341,17115.5,2023-11-15 12:10:44.069596,2023-11-15 12:10:44.366407,0 days 00:00:00.296811,0.8,10,3.0,0.9,22,69,COMPLETE
3342,3342,17188.25,2023-11-15 12:10:44.367997,2023-11-15 12:10:44.660912,0 days 00:00:00.292915,0.8,10,2.75,0.9,16,73,COMPLETE
3343,3343,17642.5,2023-11-15 12:10:44.662658,2023-11-15 12:10:44.961437,0 days 00:00:00.298779,0.9,10,3.0,0.9,19,82,COMPLETE
3344,3344,17654.5,2023-11-15 12:10:44.963077,2023-11-15 12:10:45.255254,0 days 00:00:00.292177,0.8,10,3.0,0.9,24,65,COMPLETE
3345,3345,17547.25,2023-11-15 12:10:45.256845,2023-11-15 12:10:45.552745,0 days 00:00:00.295900,0.8,10,3.0,0.9,21,68,COMPLETE
3346,3346,19260.75,2023-11-15 12:10:45.554440,2023-11-15 12:10:45.845628,0 days 00:00:00.291188,0.8,10,2.75,0.9,13,71,COMPLETE
3347,3347,16898.75,2023-11-15 12:10:45.847436,2023-11-15 12:10:46.142407,0 days 00:00:00.294971,0.8,20,3.0,0.9,18,76,COMPLETE
3348,3348,17462.25,2023-11-15 12:10:46.144807,2023-11-15 12:10:46.444814,0 days 00:00:00.300007,0.8,10,2.5,0.9,15,73,COMPLETE
3349,3349,12857.25,2023-11-15 12:10:46.446528,2023-11-15 12:10:46.757507,0 days 00:00:00.310979,0.8,90,3.0,0.9,23,89,COMPLETE
3350,3350,17547.25,2023-11-15 12:10:46.759436,2023-11-15 12:10:47.056263,0 days 00:00:00.296827,0.8,10,3.0,0.9,20,68,COMPLETE
3351,3351,16201.25,2023-11-15 12:10:47.057972,2023-11-15 12:10:47.361236,0 days 00:00:00.303264,0.7000000000000001,10,2.75,0.9,17,63,COMPLETE
3352,3352,18121.5,2023-11-15 12:10:47.362981,2023-11-15 12:10:47.659059,0 days 00:00:00.296078,0.8,10,3.0,0.9,28,77,COMPLETE
3353,3353,19260.75,2023-11-15 12:10:47.661886,2023-11-15 12:10:47.954907,0 days 00:00:00.293021,0.8,10,3.0,0.9,25,71,COMPLETE
3354,3354,16633.0,2023-11-15 12:10:47.956532,2023-11-15 12:10:48.263092,0 days 00:00:00.306560,0.9,10,3.0,0.9,21,66,COMPLETE
3355,3355,17920.75,2023-11-15 12:10:48.264681,2023-11-15 12:10:48.562013,0 days 00:00:00.297332,0.8,10,2.75,0.9,19,74,COMPLETE
3356,3356,17551.5,2023-11-15 12:10:48.563655,2023-11-15 12:10:48.861303,0 days 00:00:00.297648,0.8,10,3.0,0.4,10,70,COMPLETE
3357,3357,16280.75,2023-11-15 12:10:48.862904,2023-11-15 12:10:49.174546,0 days 00:00:00.311642,0.8,20,3.0,0.9,15,78,COMPLETE
3358,3358,17547.25,2023-11-15 12:10:49.176363,2023-11-15 12:10:49.475422,0 days 00:00:00.299059,0.8,10,3.0,0.9,22,68,COMPLETE
3359,3359,17189.0,2023-11-15 12:10:49.477580,2023-11-15 12:10:49.796452,0 days 00:00:00.318872,0.8,10,2.75,0.9,17,60,COMPLETE
3360,3360,17920.75,2023-11-15 12:10:49.798232,2023-11-15 12:10:50.093317,0 days 00:00:00.295085,0.8,10,3.0,0.9,13,74,COMPLETE
3361,3361,18122.5,2023-11-15 12:10:50.095269,2023-11-15 12:10:50.391723,0 days 00:00:00.296454,0.8,10,3.0,0.9,26,72,COMPLETE
3362,3362,17926.25,2023-11-15 12:10:50.393553,2023-11-15 12:10:50.696354,0 days 00:00:00.302801,0.8,10,2.25,0.9,20,80,COMPLETE
3363,3363,17825.5,2023-11-15 12:10:50.698252,2023-11-15 12:10:50.996647,0 days 00:00:00.298395,0.8,10,3.0,0.9,23,70,COMPLETE
3364,3364,16719.5,2023-11-15 12:10:50.998270,2023-11-15 12:10:51.297815,0 days 00:00:00.299545,0.8,10,2.75,0.9,17,66,COMPLETE
3365,3365,16923.25,2023-11-15 12:10:51.299605,2023-11-15 12:10:51.604124,0 days 00:00:00.304519,0.8,10,3.0,0.9,19,76,COMPLETE
3366,3366,17366.5,2023-11-15 12:10:51.605836,2023-11-15 12:10:51.910605,0 days 00:00:00.304769,0.7000000000000001,20,3.0,0.9,15,72,COMPLETE
3367,3367,17745.25,2023-11-15 12:10:51.912576,2023-11-15 12:10:52.207013,0 days 00:00:00.294437,0.9,10,2.75,0.9,21,68,COMPLETE
3368,3368,16719.75,2023-11-15 12:10:52.208726,2023-11-15 12:10:52.519294,0 days 00:00:00.310568,0.8,10,2.5,0.9,23,63,COMPLETE
3369,3369,17920.75,2023-11-15 12:10:52.520970,2023-11-15 12:10:52.818527,0 days 00:00:00.297557,0.8,10,3.0,0.9,18,74,COMPLETE
3370,3370,17825.5,2023-11-15 12:10:52.820325,2023-11-15 12:10:53.134154,0 days 00:00:00.313829,0.8,10,3.0,0.9,25,70,COMPLETE
3371,3371,17016.25,2023-11-15 12:10:53.135814,2023-11-15 12:10:53.444880,0 days 00:00:00.309066,0.8,10,3.0,0.9,16,76,COMPLETE
3372,3372,17917.0,2023-11-15 12:10:53.446706,2023-11-15 12:10:53.749269,0 days 00:00:00.302563,0.8,10,3.0,0.9,20,67,COMPLETE
3373,3373,18215.25,2023-11-15 12:10:53.750813,2023-11-15 12:10:54.046407,0 days 00:00:00.295594,0.8,10,2.75,0.9,22,72,COMPLETE
3374,3374,17631.75,2023-11-15 12:10:54.048234,2023-11-15 12:10:54.349742,0 days 00:00:00.301508,0.8,20,3.0,0.9,13,65,COMPLETE
3375,3375,17115.5,2023-11-15 12:10:54.351509,2023-11-15 12:10:54.653993,0 days 00:00:00.302484,0.8,10,3.0,0.9,18,69,COMPLETE
3376,3376,17546.5,2023-11-15 12:10:54.655652,2023-11-15 12:10:54.952482,0 days 00:00:00.296830,0.7000000000000001,10,3.0,0.9,11,74,COMPLETE
3377,3377,17545.25,2023-11-15 12:10:54.954150,2023-11-15 12:10:55.253286,0 days 00:00:00.299136,0.8,10,2.75,0.9,24,78,COMPLETE
3378,3378,19260.75,2023-11-15 12:10:55.254869,2023-11-15 12:10:55.545712,0 days 00:00:00.290843,0.8,10,3.0,0.9,19,71,COMPLETE
3379,3379,17739.5,2023-11-15 12:10:55.547537,2023-11-15 12:10:55.847540,0 days 00:00:00.300003,0.8,10,3.0,0.9,15,81,COMPLETE
3380,3380,16630.0,2023-11-15 12:10:55.849171,2023-11-15 12:10:56.152139,0 days 00:00:00.302968,0.8,10,2.75,0.9,17,62,COMPLETE
3381,3381,17835.0,2023-11-15 12:10:56.153663,2023-11-15 12:10:56.467399,0 days 00:00:00.313736,0.9,10,3.0,0.5,59,119,COMPLETE
3382,3382,14871.25,2023-11-15 12:10:56.469253,2023-11-15 12:10:56.783787,0 days 00:00:00.314534,0.8,60,3.0,0.9,27,67,COMPLETE
3383,3383,18682.0,2023-11-15 12:10:56.785363,2023-11-15 12:10:57.082768,0 days 00:00:00.297405,0.8,10,2.5,0.9,49,75,COMPLETE
3384,3384,17825.5,2023-11-15 12:10:57.084249,2023-11-15 12:10:57.386090,0 days 00:00:00.301841,0.8,10,3.0,0.9,21,70,COMPLETE
3385,3385,18215.25,2023-11-15 12:10:57.387988,2023-11-15 12:10:57.690223,0 days 00:00:00.302235,0.8,10,2.75,0.9,23,72,COMPLETE
3386,3386,17631.75,2023-11-15 12:10:57.691821,2023-11-15 12:10:57.994030,0 days 00:00:00.302209,0.8,20,3.0,0.9,20,65,COMPLETE
3387,3387,16923.25,2023-11-15 12:10:57.995948,2023-11-15 12:10:58.308741,0 days 00:00:00.312793,0.8,10,3.0,0.9,14,76,COMPLETE
3388,3388,17115.5,2023-11-15 12:10:58.310856,2023-11-15 12:10:58.612771,0 days 00:00:00.301915,0.8,10,3.0,0.9,17,69,COMPLETE
3389,3389,18215.25,2023-11-15 12:10:58.614551,2023-11-15 12:10:58.917110,0 days 00:00:00.302559,0.8,10,2.75,0.9,25,72,COMPLETE
3390,3390,17917.0,2023-11-15 12:10:58.918739,2023-11-15 12:10:59.221472,0 days 00:00:00.302733,0.8,10,3.0,0.9,19,67,COMPLETE
3391,3391,17369.5,2023-11-15 12:10:59.223119,2023-11-15 12:10:59.547869,0 days 00:00:00.324750,0.8,10,3.0,0.9,22,73,COMPLETE
3392,3392,17360.25,2023-11-15 12:10:59.549627,2023-11-15 12:10:59.851945,0 days 00:00:00.302318,0.8,10,3.0,0.9,12,78,COMPLETE
3393,3393,17561.25,2023-11-15 12:10:59.853548,2023-11-15 12:11:00.156264,0 days 00:00:00.302716,0.9,10,2.75,0.9,16,69,COMPLETE
3394,3394,16382.5,2023-11-15 12:11:00.157974,2023-11-15 12:11:00.465532,0 days 00:00:00.307558,0.7000000000000001,10,3.0,0.9,21,63,COMPLETE
3395,3395,17920.75,2023-11-15 12:11:00.467090,2023-11-15 12:11:00.764300,0 days 00:00:00.297210,0.8,10,3.0,0.9,19,74,COMPLETE
3396,3396,15117.0,2023-11-15 12:11:00.765781,2023-11-15 12:11:01.072923,0 days 00:00:00.307142,0.8,20,3.0,0.9,45,56,COMPLETE
3397,3397,17825.5,2023-11-15 12:11:01.074562,2023-11-15 12:11:01.375980,0 days 00:00:00.301418,0.8,10,2.75,0.9,24,70,COMPLETE
3398,3398,17927.5,2023-11-15 12:11:01.378105,2023-11-15 12:11:01.680538,0 days 00:00:00.302433,0.8,10,2.25,0.9,28,65,COMPLETE
3399,3399,18584.25,2023-11-15 12:11:01.682022,2023-11-15 12:11:01.977865,0 days 00:00:00.295843,0.8,10,3.0,0.9,15,85,COMPLETE
3400,3400,18681.75,2023-11-15 12:11:01.979513,2023-11-15 12:11:02.276411,0 days 00:00:00.296898,0.8,10,3.0,0.6,18,75,COMPLETE
3401,3401,16293.25,2023-11-15 12:11:02.278546,2023-11-15 12:11:02.590681,0 days 00:00:00.312135,0.8,30,3.0,0.9,21,72,COMPLETE
3402,3402,16565.75,2023-11-15 12:11:02.592318,2023-11-15 12:11:02.917521,0 days 00:00:00.325203,0.4,10,2.75,0.9,17,68,COMPLETE
3403,3403,17741.0,2023-11-15 12:11:02.919324,2023-11-15 12:11:03.222956,0 days 00:00:00.303632,0.8,10,2.5,0.9,23,80,COMPLETE
3404,3404,16923.25,2023-11-15 12:11:03.224716,2023-11-15 12:11:03.534218,0 days 00:00:00.309502,0.8,10,3.0,0.9,14,76,COMPLETE
3405,3405,15550.5,2023-11-15 12:11:03.535760,2023-11-15 12:11:03.842083,0 days 00:00:00.306323,0.7000000000000001,20,3.0,0.9,20,61,COMPLETE
3406,3406,19260.75,2023-11-15 12:11:03.843801,2023-11-15 12:11:04.138200,0 days 00:00:00.294399,0.8,10,3.0,0.9,26,71,COMPLETE
3407,3407,16719.5,2023-11-15 12:11:04.139743,2023-11-15 12:11:04.446347,0 days 00:00:00.306604,0.8,10,2.75,0.9,18,66,COMPLETE
3408,3408,16642.5,2023-11-15 12:11:04.447931,2023-11-15 12:11:04.754723,0 days 00:00:00.306792,0.9,10,3.0,0.9,22,73,COMPLETE
3409,3409,17115.5,2023-11-15 12:11:04.756352,2023-11-15 12:11:05.057016,0 days 00:00:00.300664,0.8,10,3.0,0.9,12,69,COMPLETE
3410,3410,17360.25,2023-11-15 12:11:05.058692,2023-11-15 12:11:05.364269,0 days 00:00:00.305577,0.8,10,3.0,0.9,17,78,COMPLETE
3411,3411,17917.0,2023-11-15 12:11:05.365936,2023-11-15 12:11:05.664621,0 days 00:00:00.298685,0.8,10,2.75,0.9,20,67,COMPLETE
3412,3412,17560.75,2023-11-15 12:11:05.666285,2023-11-15 12:11:05.988956,0 days 00:00:00.322671,0.5,10,3.0,0.9,24,74,COMPLETE
3413,3413,15759.0,2023-11-15 12:11:05.990605,2023-11-15 12:11:06.310455,0 days 00:00:00.319850,0.8,40,3.0,0.9,15,70,COMPLETE
3414,3414,18122.5,2023-11-15 12:11:06.312503,2023-11-15 12:11:06.613175,0 days 00:00:00.300672,0.8,10,3.0,0.9,19,72,COMPLETE
3415,3415,17014.0,2023-11-15 12:11:06.614715,2023-11-15 12:11:06.921048,0 days 00:00:00.306333,0.8,10,2.75,0.9,22,64,COMPLETE
3416,3416,18682.0,2023-11-15 12:11:06.922708,2023-11-15 12:11:07.220095,0 days 00:00:00.297387,0.8,10,3.0,0.9,26,75,COMPLETE
3417,3417,15899.75,2023-11-15 12:11:07.222064,2023-11-15 12:11:07.541548,0 days 00:00:00.319484,0.8,20,2.5,0.9,17,68,COMPLETE
3418,3418,18973.5,2023-11-15 12:11:07.543318,2023-11-15 12:11:07.839357,0 days 00:00:00.296039,0.7000000000000001,10,3.0,0.9,14,71,COMPLETE
3419,3419,17552.0,2023-11-15 12:11:07.841012,2023-11-15 12:11:08.149404,0 days 00:00:00.308392,0.8,10,2.75,0.9,21,79,COMPLETE
