,number,value,datetime_start,datetime_complete,duration,params_alpha,params_decay_interval,params_decay_rate,params_gamma,params_initialization,params_max_steps,state
1707,1707,19170.25,2023-11-15 10:45:44.626349,2023-11-15 10:45:44.817523,0 days 00:00:00.191174,0.1,10,1.0,0.9,11,145,COMPLETE
1708,1708,18628.0,2023-11-15 10:45:44.818750,2023-11-15 10:45:45.026361,0 days 00:00:00.207611,0.2,10,0.75,0.9,19,142,COMPLETE
1709,1709,18510.25,2023-11-15 10:45:45.027868,2023-11-15 10:45:45.234805,0 days 00:00:00.206937,0.2,10,0.5,0.9,8,147,COMPLETE
1710,1710,18405.5,2023-11-15 10:45:45.236000,2023-11-15 10:45:45.439264,0 days 00:00:00.203264,0.2,10,0.75,0.9,57,150,COMPLETE
1711,1711,14025.0,2023-11-15 10:45:45.440376,2023-11-15 10:45:45.665180,0 days 00:00:00.224804,0.2,20,0.75,0.5,3,138,COMPLETE
1712,1712,18031.75,2023-11-15 10:45:45.666492,2023-11-15 10:45:45.861694,0 days 00:00:00.195202,0.2,10,1.0,0.9,13,53,COMPLETE
1713,1713,19171.75,2023-11-15 10:45:45.862875,2023-11-15 10:45:46.056070,0 days 00:00:00.193195,0.1,10,0.75,0.9,0,142,COMPLETE
1714,1714,19262.25,2023-11-15 10:45:46.057198,2023-11-15 10:45:46.257543,0 days 00:00:00.200345,0.2,10,2.0,0.9,5,145,COMPLETE
1715,1715,18433.25,2023-11-15 10:45:46.258803,2023-11-15 10:45:46.464580,0 days 00:00:00.205777,0.2,10,0.25,0.9,2,110,COMPLETE
1716,1716,19261.0,2023-11-15 10:45:46.466238,2023-11-15 10:45:46.654577,0 days 00:00:00.188339,0.2,10,0.75,0.9,0,147,COMPLETE
1717,1717,18972.0,2023-11-15 10:45:46.655831,2023-11-15 10:45:46.843240,0 days 00:00:00.187409,0.1,10,0.75,0.9,4,141,COMPLETE
1718,1718,12259.0,2023-11-15 10:45:46.845012,2023-11-15 10:45:47.043413,0 days 00:00:00.198401,0.30000000000000004,20,0.5,0.8,2,25,COMPLETE
1719,1719,13881.25,2023-11-15 10:45:47.045322,2023-11-15 10:45:47.285276,0 days 00:00:00.239954,0.2,40,0.75,0.6,7,144,COMPLETE
1720,1720,19271.0,2023-11-15 10:45:47.286534,2023-11-15 10:45:47.480488,0 days 00:00:00.193954,0.2,10,0.75,0.9,0,148,COMPLETE
1721,1721,18873.0,2023-11-15 10:45:47.481754,2023-11-15 10:45:47.686349,0 days 00:00:00.204595,0.2,10,1.0,0.8,3,150,COMPLETE
1722,1722,15301.75,2023-11-15 10:45:47.687529,2023-11-15 10:45:47.908725,0 days 00:00:00.221196,0.1,60,0.75,0.9,6,137,COMPLETE
1723,1723,19292.25,2023-11-15 10:45:47.910271,2023-11-15 10:45:48.112691,0 days 00:00:00.202420,0.2,10,0.75,0.9,2,145,COMPLETE
1724,1724,19171.5,2023-11-15 10:45:48.113803,2023-11-15 10:45:48.313149,0 days 00:00:00.199346,0.2,10,0.75,0.9,0,141,COMPLETE
1725,1725,19261.0,2023-11-15 10:45:48.314332,2023-11-15 10:45:48.502975,0 days 00:00:00.188643,0.2,10,0.75,0.9,4,147,COMPLETE
1726,1726,19050.0,2023-11-15 10:45:48.504139,2023-11-15 10:45:48.695208,0 days 00:00:00.191069,0.2,10,1.0,0.9,2,143,COMPLETE
1727,1727,12825.75,2023-11-15 10:45:48.696803,2023-11-15 10:45:48.989646,0 days 00:00:00.292843,0.4,10,0.75,0.9,5,139,COMPLETE
1728,1728,18676.75,2023-11-15 10:45:48.991591,2023-11-15 10:45:49.190100,0 days 00:00:00.198509,0.1,10,0.75,0.9,9,133,COMPLETE
1729,1729,19359.75,2023-11-15 10:45:49.191485,2023-11-15 10:45:49.390922,0 days 00:00:00.199437,0.2,10,0.75,0.9,0,145,COMPLETE
1730,1730,19082.5,2023-11-15 10:45:49.392176,2023-11-15 10:45:49.581257,0 days 00:00:00.189081,0.2,10,0.75,0.9,2,150,COMPLETE
1731,1731,18584.75,2023-11-15 10:45:49.582588,2023-11-15 10:45:49.790208,0 days 00:00:00.207620,0.30000000000000004,20,0.75,0.9,41,147,COMPLETE
1732,1732,14129.5,2023-11-15 10:45:49.791478,2023-11-15 10:45:50.019817,0 days 00:00:00.228339,0.2,70,0.5,0.9,4,141,COMPLETE
1733,1733,7655.0,2023-11-15 10:45:50.021106,2023-11-15 10:45:50.285594,0 days 00:00:00.264488,0.1,10,1.0,0.8,97,100,COMPLETE
1734,1734,19359.75,2023-11-15 10:45:50.286817,2023-11-15 10:45:50.484730,0 days 00:00:00.197913,0.2,10,0.75,0.9,0,145,COMPLETE
1735,1735,2584.25,2023-11-15 10:45:50.486323,2023-11-15 10:45:50.720339,0 days 00:00:00.234016,0.2,10,0.75,0.9,2,42,COMPLETE
1736,1736,16777.5,2023-11-15 10:45:50.721886,2023-11-15 10:45:50.938727,0 days 00:00:00.216841,0.30000000000000004,10,0.75,0.9,84,148,COMPLETE
1737,1737,8780.25,2023-11-15 10:45:50.939910,2023-11-15 10:45:51.240375,0 days 00:00:00.300465,0.1,10,0.75,0.5,7,143,COMPLETE
1738,1738,18687.75,2023-11-15 10:45:51.241744,2023-11-15 10:45:51.443590,0 days 00:00:00.201846,0.2,10,0.25,0.8,4,139,COMPLETE
1739,1739,19163.75,2023-11-15 10:45:51.445284,2023-11-15 10:45:51.646731,0 days 00:00:00.201447,0.2,10,0.75,0.9,0,150,COMPLETE
1740,1740,17955.5,2023-11-15 10:45:51.648147,2023-11-15 10:45:51.853946,0 days 00:00:00.205799,0.2,20,1.0,0.9,2,144,COMPLETE
1741,1741,19100.0,2023-11-15 10:45:51.855194,2023-11-15 10:45:52.060615,0 days 00:00:00.205421,0.2,10,0.75,0.9,6,146,COMPLETE
1742,1742,18484.0,2023-11-15 10:45:52.062156,2023-11-15 10:45:52.263776,0 days 00:00:00.201620,0.2,10,0.75,0.9,69,142,COMPLETE
1743,1743,19261.0,2023-11-15 10:45:52.265128,2023-11-15 10:45:52.450282,0 days 00:00:00.185154,0.1,10,0.75,0.9,3,147,COMPLETE
1744,1744,19065.25,2023-11-15 10:45:52.451588,2023-11-15 10:45:52.651975,0 days 00:00:00.200387,0.2,10,0.5,0.9,0,136,COMPLETE
1745,1745,0.0,2023-11-15 10:45:52.653540,2023-11-15 10:45:52.826049,0 days 00:00:00.172509,0.7000000000000001,10,0.75,0.9,2,5,COMPLETE
1746,1746,16508.5,2023-11-15 10:45:52.827525,2023-11-15 10:45:53.047997,0 days 00:00:00.220472,0.2,10,0.75,0.9,77,144,COMPLETE
1747,1747,18394.75,2023-11-15 10:45:53.049309,2023-11-15 10:45:53.250159,0 days 00:00:00.200850,0.1,20,1.0,0.8,5,140,COMPLETE
1748,1748,19261.0,2023-11-15 10:45:53.251641,2023-11-15 10:45:53.437346,0 days 00:00:00.185705,0.2,10,0.75,0.6,0,150,COMPLETE
1749,1749,13157.5,2023-11-15 10:45:53.438531,2023-11-15 10:45:53.678445,0 days 00:00:00.239914,0.30000000000000004,100,0.75,0.9,4,147,COMPLETE
1750,1750,19091.5,2023-11-15 10:45:53.679699,2023-11-15 10:45:53.882343,0 days 00:00:00.202644,0.2,10,0.75,0.9,8,142,COMPLETE
1751,1751,19292.25,2023-11-15 10:45:53.883533,2023-11-15 10:45:54.079795,0 days 00:00:00.196262,0.2,10,1.0,0.9,2,145,COMPLETE
1752,1752,18969.25,2023-11-15 10:45:54.081143,2023-11-15 10:45:54.281987,0 days 00:00:00.200844,0.2,10,0.75,0.9,0,138,COMPLETE
1753,1753,19223.75,2023-11-15 10:45:54.283504,2023-11-15 10:45:54.475544,0 days 00:00:00.192040,0.1,10,0.75,0.9,3,148,COMPLETE
1754,1754,17534.75,2023-11-15 10:45:54.477749,2023-11-15 10:45:54.689058,0 days 00:00:00.211309,0.2,10,0.5,0.5,10,143,COMPLETE
1755,1755,19261.0,2023-11-15 10:45:54.690264,2023-11-15 10:45:54.880111,0 days 00:00:00.189847,0.2,10,0.75,0.9,6,147,COMPLETE
1756,1756,19082.5,2023-11-15 10:45:54.881292,2023-11-15 10:45:55.092877,0 days 00:00:00.211585,0.2,10,0.75,0.9,2,150,COMPLETE
1757,1757,19261.0,2023-11-15 10:45:55.094514,2023-11-15 10:45:55.293216,0 days 00:00:00.198702,0.1,10,0.75,0.9,0,141,COMPLETE
1758,1758,15002.75,2023-11-15 10:45:55.294656,2023-11-15 10:45:55.523088,0 days 00:00:00.228432,0.2,20,1.0,0.9,27,145,COMPLETE
1759,1759,18137.0,2023-11-15 10:45:55.524581,2023-11-15 10:45:55.739284,0 days 00:00:00.214703,0.2,10,0.25,0.8,34,144,COMPLETE
1760,1760,18890.0,2023-11-15 10:45:55.740479,2023-11-15 10:45:55.944326,0 days 00:00:00.203847,0.2,10,0.75,0.9,4,136,COMPLETE
1761,1761,19261.0,2023-11-15 10:45:55.945725,2023-11-15 10:45:56.151764,0 days 00:00:00.206039,0.1,10,0.75,0.9,2,140,COMPLETE
1762,1762,18048.25,2023-11-15 10:45:56.153611,2023-11-15 10:45:56.455316,0 days 00:00:00.301705,0.4,10,0.75,0.9,5,147,COMPLETE
1763,1763,19261.0,2023-11-15 10:45:56.457051,2023-11-15 10:45:56.655623,0 days 00:00:00.198572,0.2,10,1.0,0.9,0,150,COMPLETE
1764,1764,18992.75,2023-11-15 10:45:56.656888,2023-11-15 10:45:56.860217,0 days 00:00:00.203329,0.2,10,0.75,0.9,2,143,COMPLETE
1765,1765,18984.0,2023-11-15 10:45:56.861391,2023-11-15 10:45:57.069101,0 days 00:00:00.207710,0.30000000000000004,10,0.75,0.9,4,145,COMPLETE
1766,1766,18793.75,2023-11-15 10:45:57.070250,2023-11-15 10:45:57.290137,0 days 00:00:00.219887,0.1,10,0.5,0.9,7,147,COMPLETE
1767,1767,19261.0,2023-11-15 10:45:57.291498,2023-11-15 10:45:57.543497,0 days 00:00:00.251999,0.2,10,0.75,0.9,0,140,COMPLETE
1768,1768,19201.25,2023-11-15 10:45:57.547967,2023-11-15 10:45:57.813382,0 days 00:00:00.265415,0.2,10,0.75,0.9,2,148,COMPLETE
1769,1769,18784.5,2023-11-15 10:45:57.815449,2023-11-15 10:45:58.097048,0 days 00:00:00.281599,0.2,10,0.75,0.8,4,143,COMPLETE
1770,1770,18393.5,2023-11-15 10:45:58.098420,2023-11-15 10:45:58.475119,0 days 00:00:00.376699,0.2,20,1.0,0.9,0,150,COMPLETE
1771,1771,19314.5,2023-11-15 10:45:58.477534,2023-11-15 10:45:58.816639,0 days 00:00:00.339105,0.1,10,0.75,0.9,2,145,COMPLETE
1772,1772,18985.25,2023-11-15 10:45:58.817812,2023-11-15 10:45:59.054663,0 days 00:00:00.236851,0.2,10,0.75,0.9,6,138,COMPLETE
1773,1773,18973.0,2023-11-15 10:45:59.055947,2023-11-15 10:45:59.255588,0 days 00:00:00.199641,0.2,10,0.75,0.9,2,141,COMPLETE
1774,1774,18923.75,2023-11-15 10:45:59.256971,2023-11-15 10:45:59.500134,0 days 00:00:00.243163,0.2,10,0.5,0.9,0,95,COMPLETE
1775,1775,18974.5,2023-11-15 10:45:59.501319,2023-11-15 10:45:59.715970,0 days 00:00:00.214651,0.2,10,0.75,0.8,8,145,COMPLETE
1776,1776,19261.0,2023-11-15 10:45:59.717153,2023-11-15 10:45:59.929720,0 days 00:00:00.212567,0.30000000000000004,10,0.75,0.9,4,147,COMPLETE
1777,1777,18798.75,2023-11-15 10:45:59.931390,2023-11-15 10:46:00.156281,0 days 00:00:00.224891,0.1,10,1.0,0.9,2,135,COMPLETE
1778,1778,18300.5,2023-11-15 10:46:00.157616,2023-11-15 10:46:00.379416,0 days 00:00:00.221800,0.2,20,0.75,0.9,5,142,COMPLETE
1779,1779,19163.75,2023-11-15 10:46:00.380694,2023-11-15 10:46:00.580234,0 days 00:00:00.199540,0.2,10,0.75,0.9,0,150,COMPLETE
1780,1780,19030.5,2023-11-15 10:46:00.582782,2023-11-15 10:46:00.794877,0 days 00:00:00.212095,0.2,10,0.25,0.9,3,145,COMPLETE
1781,1781,16311.25,2023-11-15 10:46:00.796188,2023-11-15 10:46:01.046628,0 days 00:00:00.250440,0.1,10,0.75,0.6,6,147,COMPLETE
1782,1782,13416.0,2023-11-15 10:46:01.048238,2023-11-15 10:46:01.364482,0 days 00:00:00.316244,0.2,80,0.75,0.8,10,142,COMPLETE
1783,1783,19064.75,2023-11-15 10:46:01.365858,2023-11-15 10:46:01.693824,0 days 00:00:00.327966,0.2,10,0.75,0.9,0,139,COMPLETE
1784,1784,19261.0,2023-11-15 10:46:01.697214,2023-11-15 10:46:02.050699,0 days 00:00:00.353485,0.2,10,0.75,0.9,2,147,COMPLETE
1785,1785,19050.0,2023-11-15 10:46:02.052850,2023-11-15 10:46:02.405207,0 days 00:00:00.352357,0.2,10,1.0,0.9,4,143,COMPLETE
1786,1786,19071.5,2023-11-15 10:46:02.407088,2023-11-15 10:46:02.687478,0 days 00:00:00.280390,0.1,10,0.5,0.9,2,150,COMPLETE
1787,1787,18588.25,2023-11-15 10:46:02.688983,2023-11-15 10:46:02.940433,0 days 00:00:00.251450,0.2,20,0.75,0.5,0,145,COMPLETE
1788,1788,19066.25,2023-11-15 10:46:02.941958,2023-11-15 10:46:03.189193,0 days 00:00:00.247235,0.30000000000000004,10,0.75,0.9,4,140,COMPLETE
1789,1789,12050.75,2023-11-15 10:46:03.190393,2023-11-15 10:46:03.616311,0 days 00:00:00.425918,0.9,10,0.75,0.9,8,147,COMPLETE
1790,1790,19050.0,2023-11-15 10:46:03.617767,2023-11-15 10:46:04.004025,0 days 00:00:00.386258,0.2,10,1.0,0.9,2,143,COMPLETE
1791,1791,17746.0,2023-11-15 10:46:04.009571,2023-11-15 10:46:04.311970,0 days 00:00:00.302399,0.2,30,0.75,0.9,15,148,COMPLETE
1792,1792,15859.0,2023-11-15 10:46:04.313582,2023-11-15 10:46:04.645829,0 days 00:00:00.332247,0.1,50,0.75,0.9,0,132,COMPLETE
1793,1793,13038.0,2023-11-15 10:46:04.648541,2023-11-15 10:46:04.966509,0 days 00:00:00.317968,0.2,10,0.75,0.8,90,138,COMPLETE
1794,1794,19269.5,2023-11-15 10:46:04.967819,2023-11-15 10:46:05.425937,0 days 00:00:00.458118,0.2,10,0.5,0.9,6,145,COMPLETE
1795,1795,19051.5,2023-11-15 10:46:05.427605,2023-11-15 10:46:05.703957,0 days 00:00:00.276352,0.2,10,0.75,0.9,3,142,COMPLETE
1796,1796,19261.0,2023-11-15 10:46:05.705594,2023-11-15 10:46:05.948501,0 days 00:00:00.242907,0.1,10,0.75,0.9,0,150,COMPLETE
1797,1797,19261.0,2023-11-15 10:46:05.949956,2023-11-15 10:46:06.200321,0 days 00:00:00.250365,0.2,10,1.0,0.9,2,147,COMPLETE
1798,1798,18883.5,2023-11-15 10:46:06.203452,2023-11-15 10:46:06.422492,0 days 00:00:00.219040,0.30000000000000004,10,0.75,0.9,5,144,COMPLETE
1799,1799,18973.0,2023-11-15 10:46:06.423653,2023-11-15 10:46:06.641842,0 days 00:00:00.218189,0.2,10,0.75,0.9,2,141,COMPLETE
1800,1800,18389.25,2023-11-15 10:46:06.643629,2023-11-15 10:46:06.852014,0 days 00:00:00.208385,0.2,20,0.75,0.9,0,136,COMPLETE
1801,1801,19261.0,2023-11-15 10:46:06.853262,2023-11-15 10:46:07.062651,0 days 00:00:00.209389,0.2,10,0.75,0.8,4,147,COMPLETE
1802,1802,18805.25,2023-11-15 10:46:07.064184,2023-11-15 10:46:07.297185,0 days 00:00:00.233001,0.1,10,0.25,0.9,6,150,COMPLETE
1803,1803,19163.5,2023-11-15 10:46:07.298334,2023-11-15 10:46:07.510119,0 days 00:00:00.211785,0.2,10,0.75,0.9,2,144,COMPLETE
1804,1804,19163.75,2023-11-15 10:46:07.512809,2023-11-15 10:46:07.721668,0 days 00:00:00.208859,0.2,10,1.0,0.9,0,141,COMPLETE
1805,1805,19261.0,2023-11-15 10:46:07.723155,2023-11-15 10:46:07.941164,0 days 00:00:00.218009,0.2,10,0.75,0.9,4,147,COMPLETE
1806,1806,16686.25,2023-11-15 10:46:07.942344,2023-11-15 10:46:08.172656,0 days 00:00:00.230312,0.2,10,0.75,0.5,8,144,COMPLETE
1807,1807,12750.0,2023-11-15 10:46:08.173855,2023-11-15 10:46:08.420528,0 days 00:00:00.246673,0.1,10,0.75,0.6,12,138,COMPLETE
1808,1808,19002.0,2023-11-15 10:46:08.421725,2023-11-15 10:46:08.646874,0 days 00:00:00.225149,0.2,10,0.5,0.9,2,126,COMPLETE
1809,1809,16249.0,2023-11-15 10:46:08.648649,2023-11-15 10:46:08.891240,0 days 00:00:00.242591,0.2,10,0.75,0.9,60,147,COMPLETE
1810,1810,19261.0,2023-11-15 10:46:08.892474,2023-11-15 10:46:09.122846,0 days 00:00:00.230372,0.1,10,0.75,0.9,0,150,COMPLETE
1811,1811,19110.5,2023-11-15 10:46:09.124571,2023-11-15 10:46:09.346079,0 days 00:00:00.221508,0.2,10,1.0,0.8,4,143,COMPLETE
1812,1812,19066.25,2023-11-15 10:46:09.347415,2023-11-15 10:46:09.561679,0 days 00:00:00.214264,0.30000000000000004,10,0.75,0.9,2,140,COMPLETE
1813,1813,18398.5,2023-11-15 10:46:09.562951,2023-11-15 10:46:09.867610,0 days 00:00:00.304659,0.2,20,0.75,0.9,23,145,COMPLETE
1814,1814,19261.0,2023-11-15 10:46:09.869322,2023-11-15 10:46:10.231109,0 days 00:00:00.361787,0.2,10,0.75,0.9,6,147,COMPLETE
1815,1815,13563.0,2023-11-15 10:46:10.232916,2023-11-15 10:46:10.613814,0 days 00:00:00.380898,0.2,90,0.75,0.9,0,143,COMPLETE
1816,1816,19106.5,2023-11-15 10:46:10.615554,2023-11-15 10:46:10.886322,0 days 00:00:00.270768,0.1,10,0.75,0.9,3,150,COMPLETE
1817,1817,19163.5,2023-11-15 10:46:10.888060,2023-11-15 10:46:11.172114,0 days 00:00:00.284054,0.4,10,1.0,0.8,2,140,COMPLETE
1818,1818,19359.75,2023-11-15 10:46:11.173754,2023-11-15 10:46:11.379297,0 days 00:00:00.205543,0.2,10,0.75,0.9,0,145,COMPLETE
1819,1819,18664.0,2023-11-15 10:46:11.380583,2023-11-15 10:46:11.597791,0 days 00:00:00.217208,0.2,10,0.25,0.9,4,134,COMPLETE
1820,1820,19261.0,2023-11-15 10:46:11.599090,2023-11-15 10:46:11.800786,0 days 00:00:00.201696,0.1,10,0.75,0.9,7,147,COMPLETE
1821,1821,18504.75,2023-11-15 10:46:11.802705,2023-11-15 10:46:12.023732,0 days 00:00:00.221027,0.2,10,1.0,0.9,51,142,COMPLETE
1822,1822,17911.75,2023-11-15 10:46:12.024932,2023-11-15 10:46:12.249394,0 days 00:00:00.224462,0.2,20,0.75,0.9,2,137,COMPLETE
1823,1823,18793.25,2023-11-15 10:46:12.251511,2023-11-15 10:46:12.469760,0 days 00:00:00.218249,0.2,10,0.75,0.9,10,129,COMPLETE
1824,1824,19359.75,2023-11-15 10:46:12.471241,2023-11-15 10:46:12.707305,0 days 00:00:00.236064,0.2,10,0.75,0.9,5,148,COMPLETE
1825,1825,19359.75,2023-11-15 10:46:12.708531,2023-11-15 10:46:12.934643,0 days 00:00:00.226112,0.30000000000000004,10,0.5,0.8,0,145,COMPLETE
1826,1826,19082.5,2023-11-15 10:46:12.936664,2023-11-15 10:46:13.187279,0 days 00:00:00.250615,0.2,10,0.75,0.9,2,150,COMPLETE
1827,1827,19051.5,2023-11-15 10:46:13.188639,2023-11-15 10:46:13.412551,0 days 00:00:00.223912,0.1,10,0.75,0.9,4,142,COMPLETE
1828,1828,19064.75,2023-11-15 10:46:13.414063,2023-11-15 10:46:13.639699,0 days 00:00:00.225636,0.2,10,0.75,0.9,0,139,COMPLETE
1829,1829,19350.75,2023-11-15 10:46:13.640996,2023-11-15 10:46:13.857044,0 days 00:00:00.216048,0.1,10,0.75,0.9,6,145,COMPLETE
1830,1830,18518.25,2023-11-15 10:46:13.858196,2023-11-15 10:46:14.124424,0 days 00:00:00.266228,0.2,20,1.0,0.9,2,147,COMPLETE
1831,1831,18992.75,2023-11-15 10:46:14.126276,2023-11-15 10:46:14.566855,0 days 00:00:00.440579,0.2,10,0.75,0.9,4,143,COMPLETE
1832,1832,19271.0,2023-11-15 10:46:14.569906,2023-11-15 10:46:14.861031,0 days 00:00:00.291125,0.2,10,0.75,0.9,0,148,COMPLETE
1833,1833,19292.25,2023-11-15 10:46:14.862507,2023-11-15 10:46:15.074275,0 days 00:00:00.211768,0.2,10,0.75,0.9,2,145,COMPLETE
1834,1834,19163.75,2023-11-15 10:46:15.075558,2023-11-15 10:46:15.294583,0 days 00:00:00.219025,0.2,10,0.5,0.9,7,140,COMPLETE
1835,1835,16583.25,2023-11-15 10:46:15.297189,2023-11-15 10:46:15.537902,0 days 00:00:00.240713,0.1,10,0.75,0.5,3,148,COMPLETE
1836,1836,18933.75,2023-11-15 10:46:15.539129,2023-11-15 10:46:15.759286,0 days 00:00:00.220157,0.7000000000000001,10,1.0,0.6,0,150,COMPLETE
1837,1837,18695.0,2023-11-15 10:46:15.761178,2023-11-15 10:46:15.991117,0 days 00:00:00.229939,0.2,10,0.75,0.8,9,142,COMPLETE
1838,1838,18778.0,2023-11-15 10:46:15.992363,2023-11-15 10:46:16.202460,0 days 00:00:00.210097,0.2,10,0.75,0.9,5,144,COMPLETE
1839,1839,18981.0,2023-11-15 10:46:16.204549,2023-11-15 10:46:16.424254,0 days 00:00:00.219705,0.2,10,0.75,0.9,2,138,COMPLETE
1840,1840,19261.0,2023-11-15 10:46:16.425415,2023-11-15 10:46:16.624667,0 days 00:00:00.199252,0.1,10,0.75,0.9,0,147,COMPLETE
1841,1841,17464.5,2023-11-15 10:46:16.626173,2023-11-15 10:46:16.841941,0 days 00:00:00.215768,0.30000000000000004,10,0.75,0.9,4,31,COMPLETE
1842,1842,18557.25,2023-11-15 10:46:16.843728,2023-11-15 10:46:17.057369,0 days 00:00:00.213641,0.2,20,0.5,0.9,2,145,COMPLETE
1843,1843,19172.25,2023-11-15 10:46:17.058554,2023-11-15 10:46:17.256963,0 days 00:00:00.198409,0.2,10,1.0,0.9,0,142,COMPLETE
1844,1844,15549.75,2023-11-15 10:46:17.258195,2023-11-15 10:46:17.518332,0 days 00:00:00.260137,0.2,60,0.25,0.9,4,150,COMPLETE
1845,1845,19262.25,2023-11-15 10:46:17.519661,2023-11-15 10:46:17.737920,0 days 00:00:00.218259,0.2,10,0.75,0.9,6,145,COMPLETE
1846,1846,18772.75,2023-11-15 10:46:17.739135,2023-11-15 10:46:17.939723,0 days 00:00:00.200588,0.1,10,0.5,0.8,2,136,COMPLETE
1847,1847,16634.75,2023-11-15 10:46:17.941267,2023-11-15 10:46:18.189301,0 days 00:00:00.248034,0.2,40,0.75,0.9,0,140,COMPLETE
1848,1848,19261.0,2023-11-15 10:46:18.190504,2023-11-15 10:46:18.411843,0 days 00:00:00.221339,0.30000000000000004,10,0.75,0.9,8,147,COMPLETE
1849,1849,18992.75,2023-11-15 10:46:18.413380,2023-11-15 10:46:18.717241,0 days 00:00:00.303861,0.2,10,0.75,0.9,2,143,COMPLETE
1850,1850,19105.5,2023-11-15 10:46:18.718546,2023-11-15 10:46:18.939664,0 days 00:00:00.221118,0.1,10,1.0,0.7000000000000001,4,147,COMPLETE
1851,1851,19171.5,2023-11-15 10:46:18.940907,2023-11-15 10:46:19.170065,0 days 00:00:00.229158,0.2,10,0.75,0.9,0,141,COMPLETE
1852,1852,18499.25,2023-11-15 10:46:19.171484,2023-11-15 10:46:19.389156,0 days 00:00:00.217672,0.2,20,0.75,0.9,3,145,COMPLETE
1853,1853,18865.75,2023-11-15 10:46:19.390384,2023-11-15 10:46:19.606241,0 days 00:00:00.215857,0.2,10,0.75,0.8,2,150,COMPLETE
1854,1854,19076.5,2023-11-15 10:46:19.607764,2023-11-15 10:46:19.820921,0 days 00:00:00.213157,0.1,10,0.75,0.9,0,139,COMPLETE
1855,1855,18992.75,2023-11-15 10:46:19.822499,2023-11-15 10:46:20.041051,0 days 00:00:00.218552,0.2,10,0.75,0.9,6,143,COMPLETE
1856,1856,17127.5,2023-11-15 10:46:20.042249,2023-11-15 10:46:20.274284,0 days 00:00:00.232035,0.2,10,1.0,0.6,4,147,COMPLETE
1857,1857,19028.0,2023-11-15 10:46:20.275697,2023-11-15 10:46:20.490475,0 days 00:00:00.214778,0.30000000000000004,10,0.75,0.9,2,150,COMPLETE
1858,1858,19262.25,2023-11-15 10:46:20.491690,2023-11-15 10:46:20.730805,0 days 00:00:00.239115,0.2,10,0.75,0.9,6,145,COMPLETE
1859,1859,19066.0,2023-11-15 10:46:20.732128,2023-11-15 10:46:20.949789,0 days 00:00:00.217661,0.2,10,0.75,0.9,0,134,COMPLETE
1860,1860,19051.5,2023-11-15 10:46:20.951344,2023-11-15 10:46:21.183386,0 days 00:00:00.232042,0.1,10,0.75,0.9,2,142,COMPLETE
1861,1861,18518.25,2023-11-15 10:46:21.184776,2023-11-15 10:46:21.514037,0 days 00:00:00.329261,0.2,20,1.0,0.9,4,147,COMPLETE
1862,1862,19064.25,2023-11-15 10:46:21.515758,2023-11-15 10:46:21.774245,0 days 00:00:00.258487,0.2,10,0.5,0.9,8,137,COMPLETE
1863,1863,19359.75,2023-11-15 10:46:21.776846,2023-11-15 10:46:22.079595,0 days 00:00:00.302749,0.4,10,0.75,0.9,0,145,COMPLETE
1864,1864,19066.25,2023-11-15 10:46:22.081235,2023-11-15 10:46:22.366985,0 days 00:00:00.285750,0.2,10,0.75,0.8,2,141,COMPLETE
1865,1865,19110.25,2023-11-15 10:46:22.368655,2023-11-15 10:46:22.626108,0 days 00:00:00.257453,0.1,10,0.75,0.9,4,150,COMPLETE
1866,1866,19261.0,2023-11-15 10:46:22.628446,2023-11-15 10:46:22.860339,0 days 00:00:00.231893,0.2,10,0.75,0.9,0,144,COMPLETE
1867,1867,19014.75,2023-11-15 10:46:22.861775,2023-11-15 10:46:23.075211,0 days 00:00:00.213436,0.2,10,1.0,0.9,6,147,COMPLETE
1868,1868,18973.0,2023-11-15 10:46:23.076522,2023-11-15 10:46:23.287636,0 days 00:00:00.211114,0.2,10,0.75,0.9,2,141,COMPLETE
1869,1869,19152.75,2023-11-15 10:46:23.288852,2023-11-15 10:46:23.508086,0 days 00:00:00.219234,0.2,10,0.25,0.9,4,148,COMPLETE
1870,1870,18969.25,2023-11-15 10:46:23.509457,2023-11-15 10:46:23.728382,0 days 00:00:00.218925,0.1,10,0.75,0.9,0,138,COMPLETE
1871,1871,18802.75,2023-11-15 10:46:23.729599,2023-11-15 10:46:23.950211,0 days 00:00:00.220612,0.2,10,0.75,0.9,10,144,COMPLETE
1872,1872,18554.5,2023-11-15 10:46:23.951372,2023-11-15 10:46:24.168570,0 days 00:00:00.217198,0.2,20,0.75,0.9,2,147,COMPLETE
1873,1873,18973.5,2023-11-15 10:46:24.169797,2023-11-15 10:46:24.396420,0 days 00:00:00.226623,0.2,10,0.75,0.8,5,143,COMPLETE
1874,1874,17551.25,2023-11-15 10:46:24.398000,2023-11-15 10:46:24.627313,0 days 00:00:00.229313,0.30000000000000004,30,0.75,0.9,2,150,COMPLETE
1875,1875,19161.25,2023-11-15 10:46:24.628995,2023-11-15 10:46:24.849728,0 days 00:00:00.220733,0.2,10,0.5,0.7000000000000001,0,139,COMPLETE
1876,1876,19149.5,2023-11-15 10:46:24.851042,2023-11-15 10:46:25.061802,0 days 00:00:00.210760,0.1,10,1.0,0.9,7,145,COMPLETE
