,number,value,datetime_start,datetime_complete,duration,params_alpha,params_decay_interval,params_decay_rate,params_gamma,params_initialization,params_max_steps,state
6790,6790,19261.0,2023-11-15 11:20:43.539551,2023-11-15 11:20:44.126975,0 days 00:00:00.587424,0.2,10,0.75,0.9,0,140,COMPLETE
6791,6791,19314.5,2023-11-15 11:20:44.129183,2023-11-15 11:20:44.706772,0 days 00:00:00.577589,0.1,10,0.75,0.9,2,145,COMPLETE
6792,6792,19359.75,2023-11-15 11:20:44.709499,2023-11-15 11:20:45.287441,0 days 00:00:00.577942,0.2,10,0.5,0.9,4,148,COMPLETE
6793,6793,18388.75,2023-11-15 11:20:45.289762,2023-11-15 11:20:45.871029,0 days 00:00:00.581267,0.2,20,0.75,0.9,0,131,COMPLETE
6794,6794,19051.5,2023-11-15 11:20:45.873231,2023-11-15 11:20:46.457859,0 days 00:00:00.584628,0.1,10,0.75,0.9,6,142,COMPLETE
6795,6795,18829.5,2023-11-15 11:20:46.460178,2023-11-15 11:20:47.054622,0 days 00:00:00.594444,0.2,10,0.75,0.8,2,145,COMPLETE
6796,6796,19101.75,2023-11-15 11:20:47.066958,2023-11-15 11:20:47.666611,0 days 00:00:00.599653,0.30000000000000004,10,1.0,0.9,4,150,COMPLETE
6797,6797,19065.25,2023-11-15 11:20:47.669606,2023-11-15 11:20:48.251066,0 days 00:00:00.581460,0.2,10,0.75,0.9,0,137,COMPLETE
6798,6798,19261.0,2023-11-15 11:20:48.253713,2023-11-15 11:20:48.831486,0 days 00:00:00.577773,0.2,10,1.25,0.9,2,143,COMPLETE
6799,6799,19261.0,2023-11-15 11:20:48.834025,2023-11-15 11:20:49.404828,0 days 00:00:00.570803,0.2,10,0.75,0.9,10,147,COMPLETE
6800,6800,17062.5,2023-11-15 11:20:49.407337,2023-11-15 11:20:50.034744,0 days 00:00:00.627407,0.6,10,0.5,0.9,6,140,COMPLETE
6801,6801,19313.25,2023-11-15 11:20:50.037392,2023-11-15 11:20:50.618654,0 days 00:00:00.581262,0.2,10,0.75,0.9,3,145,COMPLETE
6802,6802,19261.0,2023-11-15 11:20:50.621007,2023-11-15 11:20:51.192457,0 days 00:00:00.571450,0.1,10,0.75,0.9,0,147,COMPLETE
6803,6803,18036.75,2023-11-15 11:20:51.194915,2023-11-15 11:20:51.787489,0 days 00:00:00.592574,0.2,10,0.75,0.9,2,43,COMPLETE
6804,6804,18969.5,2023-11-15 11:20:51.789797,2023-11-15 11:20:52.372282,0 days 00:00:00.582485,0.2,10,1.0,0.8,4,142,COMPLETE
6805,6805,18886.75,2023-11-15 11:20:52.374896,2023-11-15 11:20:52.967000,0 days 00:00:00.592104,0.1,10,0.75,0.9,8,150,COMPLETE
6806,6806,19064.75,2023-11-15 11:20:52.970431,2023-11-15 11:20:53.545631,0 days 00:00:00.575200,0.2,10,0.75,0.9,0,139,COMPLETE
6807,6807,17275.0,2023-11-15 11:20:53.547890,2023-11-15 11:20:54.139811,0 days 00:00:00.591921,0.2,20,1.25,0.9,2,144,COMPLETE
6808,6808,18901.75,2023-11-15 11:20:54.142136,2023-11-15 11:20:54.719324,0 days 00:00:00.577188,0.30000000000000004,10,0.75,0.7000000000000001,5,147,COMPLETE
6809,6809,19261.0,2023-11-15 11:20:54.721816,2023-11-15 11:20:55.299954,0 days 00:00:00.578138,0.2,10,0.75,0.6,0,143,COMPLETE
6810,6810,19278.5,2023-11-15 11:20:55.302901,2023-11-15 11:20:55.894232,0 days 00:00:00.591331,0.2,10,1.0,0.9,2,148,COMPLETE
6811,6811,13877.5,2023-11-15 11:20:55.896427,2023-11-15 11:20:56.515542,0 days 00:00:00.619115,0.1,10,0.75,0.5,7,141,COMPLETE
6812,6812,19111.25,2023-11-15 11:20:56.518095,2023-11-15 11:20:57.086480,0 days 00:00:00.568385,0.2,10,0.75,0.9,4,150,COMPLETE
6813,6813,16291.0,2023-11-15 11:20:57.089229,2023-11-15 11:20:57.679118,0 days 00:00:00.589889,0.2,20,0.5,0.30000000000000004,2,135,COMPLETE
6814,6814,19359.75,2023-11-15 11:20:57.681460,2023-11-15 11:20:58.260509,0 days 00:00:00.579049,0.4,10,0.75,0.9,0,145,COMPLETE
6815,6815,18985.25,2023-11-15 11:20:58.262777,2023-11-15 11:20:58.857847,0 days 00:00:00.595070,0.1,10,0.75,0.9,4,138,COMPLETE
6816,6816,18829.5,2023-11-15 11:20:58.860113,2023-11-15 11:20:59.443716,0 days 00:00:00.583603,0.2,10,0.75,0.8,2,145,COMPLETE
6817,6817,19359.75,2023-11-15 11:20:59.446022,2023-11-15 11:21:00.024218,0 days 00:00:00.578196,0.2,10,1.0,0.9,6,148,COMPLETE
6818,6818,19261.0,2023-11-15 11:21:00.026449,2023-11-15 11:21:00.598522,0 days 00:00:00.572073,0.2,10,1.25,0.9,0,142,COMPLETE
6819,6819,19261.0,2023-11-15 11:21:00.600974,2023-11-15 11:21:01.184236,0 days 00:00:00.583262,0.2,10,0.75,0.9,3,147,COMPLETE
6820,6820,16072.0,2023-11-15 11:21:01.187089,2023-11-15 11:21:01.800617,0 days 00:00:00.613528,0.30000000000000004,50,0.75,0.9,0,143,COMPLETE
6821,6821,14118.0,2023-11-15 11:21:01.804102,2023-11-15 11:21:02.419218,0 days 00:00:00.615116,0.2,80,0.75,0.9,5,150,COMPLETE
6822,6822,19071.25,2023-11-15 11:21:02.422008,2023-11-15 11:21:03.010383,0 days 00:00:00.588375,0.1,10,0.25,0.9,2,140,COMPLETE
6823,6823,19166.75,2023-11-15 11:21:03.012743,2023-11-15 11:21:03.592184,0 days 00:00:00.579441,0.2,10,0.5,0.9,7,145,COMPLETE
6824,6824,13516.75,2023-11-15 11:21:03.594416,2023-11-15 11:21:04.221629,0 days 00:00:00.627213,0.2,10,0.75,0.1,4,147,COMPLETE
6825,6825,18842.75,2023-11-15 11:21:04.223837,2023-11-15 11:21:04.826870,0 days 00:00:00.603033,0.2,10,0.75,0.9,0,116,COMPLETE
6826,6826,19165.0,2023-11-15 11:21:04.829066,2023-11-15 11:21:05.406802,0 days 00:00:00.577736,0.1,10,1.25,0.8,2,143,COMPLETE
6827,6827,285.25,2023-11-15 11:21:05.409220,2023-11-15 11:21:06.231844,0 days 00:00:00.822624,0.2,20,1.5,0.2,9,137,COMPLETE
6828,6828,18743.75,2023-11-15 11:21:06.234110,2023-11-15 11:21:06.832503,0 days 00:00:00.598393,0.2,10,0.75,0.7000000000000001,2,145,COMPLETE
6829,6829,18969.5,2023-11-15 11:21:06.834878,2023-11-15 11:21:07.419759,0 days 00:00:00.584881,0.5,10,1.0,0.9,4,150,COMPLETE
6830,6830,19261.0,2023-11-15 11:21:07.421990,2023-11-15 11:21:08.022014,0 days 00:00:00.600024,0.1,10,0.75,0.9,0,140,COMPLETE
6831,6831,19262.25,2023-11-15 11:21:08.024584,2023-11-15 11:21:08.602642,0 days 00:00:00.578058,0.2,10,0.75,0.9,6,145,COMPLETE
6832,6832,13106.25,2023-11-15 11:21:08.605273,2023-11-15 11:21:09.239319,0 days 00:00:00.634046,0.2,10,0.75,0.9,54,147,COMPLETE
6833,6833,19110.5,2023-11-15 11:21:09.241687,2023-11-15 11:21:09.814828,0 days 00:00:00.573141,0.2,10,1.0,0.9,15,143,COMPLETE
6834,6834,18394.75,2023-11-15 11:21:09.817413,2023-11-15 11:21:10.410180,0 days 00:00:00.592767,0.2,20,0.75,0.9,2,141,COMPLETE
6835,6835,14407.25,2023-11-15 11:21:10.413003,2023-11-15 11:21:11.053898,0 days 00:00:00.640895,0.9,10,0.75,0.8,12,121,COMPLETE
6836,6836,8775.25,2023-11-15 11:21:11.056148,2023-11-15 11:21:11.689325,0 days 00:00:00.633177,0.30000000000000004,40,0.75,0.9,100,93,COMPLETE
6837,6837,19359.75,2023-11-15 11:21:11.691587,2023-11-15 11:21:12.273976,0 days 00:00:00.582389,0.1,10,0.25,0.4,0,148,COMPLETE
6838,6838,18970.75,2023-11-15 11:21:12.276598,2023-11-15 11:21:12.863150,0 days 00:00:00.586552,0.2,10,1.0,0.9,4,145,COMPLETE
6839,6839,12071.75,2023-11-15 11:21:12.865515,2023-11-15 11:21:13.512756,0 days 00:00:00.647241,0.2,10,0.75,0.9,81,132,COMPLETE
6840,6840,18636.5,2023-11-15 11:21:13.515436,2023-11-15 11:21:14.132240,0 days 00:00:00.616804,0.2,10,0.5,0.6,2,150,COMPLETE
6841,6841,18294.0,2023-11-15 11:21:14.134846,2023-11-15 11:21:14.711608,0 days 00:00:00.576762,0.1,20,0.75,0.9,0,138,COMPLETE
6842,6842,13749.75,2023-11-15 11:21:14.714482,2023-11-15 11:21:15.343576,0 days 00:00:00.629094,0.2,10,1.25,0.5,4,147,COMPLETE
6843,6843,19093.75,2023-11-15 11:21:15.345782,2023-11-15 11:21:15.926157,0 days 00:00:00.580375,0.2,10,0.75,0.9,7,142,COMPLETE
6844,6844,19100.5,2023-11-15 11:21:15.928329,2023-11-15 11:21:16.503880,0 days 00:00:00.575551,0.2,10,0.75,0.9,2,79,COMPLETE
6845,6845,19359.75,2023-11-15 11:21:16.506235,2023-11-15 11:21:17.104435,0 days 00:00:00.598200,0.2,10,1.0,0.9,0,145,COMPLETE
6846,6846,19066.25,2023-11-15 11:21:17.106782,2023-11-15 11:21:17.678461,0 days 00:00:00.571679,0.2,10,0.75,0.9,5,140,COMPLETE
6847,6847,19028.0,2023-11-15 11:21:17.680674,2023-11-15 11:21:18.259647,0 days 00:00:00.578973,0.30000000000000004,10,0.75,0.9,3,150,COMPLETE
6848,6848,19185.0,2023-11-15 11:21:18.261999,2023-11-15 11:21:18.844875,0 days 00:00:00.582876,0.4,10,0.75,0.8,2,147,COMPLETE
6849,6849,19261.0,2023-11-15 11:21:18.847029,2023-11-15 11:21:19.426916,0 days 00:00:00.579887,0.1,10,0.75,0.7000000000000001,0,143,COMPLETE
6850,6850,19262.25,2023-11-15 11:21:19.429188,2023-11-15 11:21:20.027292,0 days 00:00:00.598104,0.2,10,0.75,0.9,6,145,COMPLETE
6851,6851,19066.0,2023-11-15 11:21:20.029461,2023-11-15 11:21:20.614845,0 days 00:00:00.585384,0.2,10,0.5,0.9,3,136,COMPLETE
6852,6852,19066.25,2023-11-15 11:21:20.617328,2023-11-15 11:21:21.195652,0 days 00:00:00.578324,0.1,10,1.25,0.9,8,141,COMPLETE
6853,6853,19201.25,2023-11-15 11:21:21.197856,2023-11-15 11:21:21.782728,0 days 00:00:00.584872,0.2,10,0.75,0.9,2,148,COMPLETE
6854,6854,18294.0,2023-11-15 11:21:21.785430,2023-11-15 11:21:22.365246,0 days 00:00:00.579816,0.2,20,1.0,0.9,0,66,COMPLETE
6855,6855,19050.25,2023-11-15 11:21:22.367795,2023-11-15 11:21:22.974955,0 days 00:00:00.607160,0.1,10,0.75,0.8,4,143,COMPLETE
6856,6856,19261.0,2023-11-15 11:21:22.977208,2023-11-15 11:21:23.550008,0 days 00:00:00.572800,0.2,10,0.75,0.9,0,147,COMPLETE
6857,6857,16134.0,2023-11-15 11:21:23.552669,2023-11-15 11:21:24.159009,0 days 00:00:00.606340,0.2,10,0.75,0.30000000000000004,5,150,COMPLETE
6858,6858,19292.25,2023-11-15 11:21:24.161528,2023-11-15 11:21:24.747155,0 days 00:00:00.585627,0.2,10,0.75,0.9,2,145,COMPLETE
6859,6859,19006.5,2023-11-15 11:21:24.749352,2023-11-15 11:21:25.333787,0 days 00:00:00.584435,0.2,10,0.75,0.9,2,139,COMPLETE
6860,6860,19171.5,2023-11-15 11:21:25.336540,2023-11-15 11:21:25.936546,0 days 00:00:00.600006,0.30000000000000004,10,0.75,0.9,0,142,COMPLETE
6861,6861,19171.25,2023-11-15 11:21:25.938869,2023-11-15 11:21:26.521474,0 days 00:00:00.582605,0.1,10,1.0,0.9,4,147,COMPLETE
6862,6862,17913.25,2023-11-15 11:21:26.524024,2023-11-15 11:21:27.120543,0 days 00:00:00.596519,0.2,20,1.25,0.9,10,134,COMPLETE
6863,6863,18647.0,2023-11-15 11:21:27.122932,2023-11-15 11:21:27.732356,0 days 00:00:00.609424,0.2,10,0.25,0.9,6,145,COMPLETE
6864,6864,18977.5,2023-11-15 11:21:27.734707,2023-11-15 11:21:28.328278,0 days 00:00:00.593571,0.2,10,0.5,0.8,2,150,COMPLETE
6865,6865,19261.0,2023-11-15 11:21:28.330561,2023-11-15 11:21:28.916578,0 days 00:00:00.586017,0.1,10,0.75,0.9,0,141,COMPLETE
6866,6866,18992.75,2023-11-15 11:21:28.919536,2023-11-15 11:21:29.527569,0 days 00:00:00.608033,0.2,10,0.75,0.9,4,143,COMPLETE
6867,6867,18981.0,2023-11-15 11:21:29.529980,2023-11-15 11:21:30.118600,0 days 00:00:00.588620,0.2,10,0.75,0.9,2,138,COMPLETE
6868,6868,19261.0,2023-11-15 11:21:30.121447,2023-11-15 11:21:30.702191,0 days 00:00:00.580744,0.2,10,0.75,0.9,8,147,COMPLETE
6869,6869,19359.75,2023-11-15 11:21:30.704839,2023-11-15 11:21:31.284366,0 days 00:00:00.579527,0.2,10,0.75,0.8,0,145,COMPLETE
6870,6870,16593.5,2023-11-15 11:21:31.287874,2023-11-15 11:21:31.897127,0 days 00:00:00.609253,0.30000000000000004,10,1.0,0.4,6,148,COMPLETE
6871,6871,18992.75,2023-11-15 11:21:31.899485,2023-11-15 11:21:32.503318,0 days 00:00:00.603833,0.2,10,0.75,0.9,3,143,COMPLETE
6872,6872,15664.5,2023-11-15 11:21:32.505826,2023-11-15 11:21:33.122162,0 days 00:00:00.616336,0.1,10,0.5,0.5,2,150,COMPLETE
6873,6873,19166.0,2023-11-15 11:21:33.124417,2023-11-15 11:21:33.722743,0 days 00:00:00.598326,0.2,10,1.25,0.9,0,140,COMPLETE
6874,6874,19359.75,2023-11-15 11:21:33.725504,2023-11-15 11:21:34.314510,0 days 00:00:00.589006,0.2,10,0.75,0.9,4,145,COMPLETE
6875,6875,17834.25,2023-11-15 11:21:34.316852,2023-11-15 11:21:34.908000,0 days 00:00:00.591148,0.1,30,0.75,0.9,2,147,COMPLETE
6876,6876,15640.5,2023-11-15 11:21:34.910382,2023-11-15 11:21:35.586202,0 days 00:00:00.675820,0.7000000000000001,20,1.0,0.9,5,137,COMPLETE
6877,6877,19193.75,2023-11-15 11:21:35.588870,2023-11-15 11:21:36.171337,0 days 00:00:00.582467,0.4,10,0.75,0.6,0,142,COMPLETE
6878,6878,19261.0,2023-11-15 11:21:36.173490,2023-11-15 11:21:36.753842,0 days 00:00:00.580352,0.2,10,0.75,0.9,2,147,COMPLETE
6879,6879,18446.0,2023-11-15 11:21:36.756054,2023-11-15 11:21:37.350397,0 days 00:00:00.594343,0.2,10,0.75,0.7000000000000001,7,150,COMPLETE
6880,6880,18974.5,2023-11-15 11:21:37.353459,2023-11-15 11:21:37.941675,0 days 00:00:00.588216,0.2,10,0.5,0.9,4,143,COMPLETE
6881,6881,19261.0,2023-11-15 11:21:37.943990,2023-11-15 11:21:38.559010,0 days 00:00:00.615020,0.1,10,0.75,0.9,0,140,COMPLETE
6882,6882,15220.0,2023-11-15 11:21:38.561221,2023-11-15 11:21:39.176911,0 days 00:00:00.615690,0.30000000000000004,70,0.75,0.9,2,145,COMPLETE
6883,6883,18944.25,2023-11-15 11:21:39.179166,2023-11-15 11:21:39.759745,0 days 00:00:00.580579,0.2,10,1.0,0.9,10,147,COMPLETE
6884,6884,18784.5,2023-11-15 11:21:39.762055,2023-11-15 11:21:40.360964,0 days 00:00:00.598909,0.2,10,0.75,0.8,4,143,COMPLETE
6885,6885,15150.0,2023-11-15 11:21:40.363175,2023-11-15 11:21:40.970472,0 days 00:00:00.607297,0.2,60,0.75,0.9,0,139,COMPLETE
6886,6886,18777.75,2023-11-15 11:21:40.973069,2023-11-15 11:21:41.561829,0 days 00:00:00.588760,0.2,10,1.25,0.9,6,150,COMPLETE
6887,6887,18981.75,2023-11-15 11:21:41.564186,2023-11-15 11:21:42.186599,0 days 00:00:00.622413,0.1,10,0.25,0.9,2,145,COMPLETE
6888,6888,19261.0,2023-11-15 11:21:42.188897,2023-11-15 11:21:42.764333,0 days 00:00:00.575436,0.2,10,0.75,0.9,4,147,COMPLETE
6889,6889,18299.75,2023-11-15 11:21:42.766641,2023-11-15 11:21:43.367241,0 days 00:00:00.600600,0.2,20,1.0,0.9,0,142,COMPLETE
6890,6890,19163.5,2023-11-15 11:21:43.370210,2023-11-15 11:21:43.957412,0 days 00:00:00.587202,0.2,10,0.75,0.9,2,144,COMPLETE
6891,6891,18740.5,2023-11-15 11:21:43.959666,2023-11-15 11:21:44.541156,0 days 00:00:00.581490,0.2,10,0.75,0.9,8,134,COMPLETE
6892,6892,19223.75,2023-11-15 11:21:44.543408,2023-11-15 11:21:45.150066,0 days 00:00:00.606658,0.1,10,0.75,0.9,3,148,COMPLETE
6893,6893,19064.75,2023-11-15 11:21:45.153093,2023-11-15 11:21:45.738649,0 days 00:00:00.585556,0.2,10,0.75,0.9,0,139,COMPLETE
6894,6894,18583.75,2023-11-15 11:21:45.741504,2023-11-15 11:21:46.334498,0 days 00:00:00.592994,0.2,10,1.75,0.8,5,150,COMPLETE
6895,6895,18063.5,2023-11-15 11:21:46.337553,2023-11-15 11:21:46.927306,0 days 00:00:00.589753,0.1,10,0.75,0.6,2,145,COMPLETE
6896,6896,18971.0,2023-11-15 11:21:46.929519,2023-11-15 11:21:47.522574,0 days 00:00:00.593055,0.2,10,0.5,0.9,6,141,COMPLETE
6897,6897,18584.75,2023-11-15 11:21:47.524769,2023-11-15 11:21:48.122890,0 days 00:00:00.598121,0.2,20,1.5,0.9,0,147,COMPLETE
6898,6898,18992.75,2023-11-15 11:21:48.125069,2023-11-15 11:21:48.719907,0 days 00:00:00.594838,0.2,10,0.75,0.9,3,143,COMPLETE
6899,6899,18975.0,2023-11-15 11:21:48.722224,2023-11-15 11:21:49.303419,0 days 00:00:00.581195,0.1,10,1.25,0.9,2,137,COMPLETE
6900,6900,19172.25,2023-11-15 11:21:49.305705,2023-11-15 11:21:49.890961,0 days 00:00:00.585256,0.2,10,1.0,0.9,0,147,COMPLETE
6901,6901,18984.0,2023-11-15 11:21:49.893240,2023-11-15 11:21:50.485879,0 days 00:00:00.592639,0.30000000000000004,10,0.75,0.9,4,145,COMPLETE
6902,6902,18224.25,2023-11-15 11:21:50.488499,2023-11-15 11:21:51.108983,0 days 00:00:00.620484,0.2,20,0.75,0.8,6,150,COMPLETE
6903,6903,12925.75,2023-11-15 11:21:51.111307,2023-11-15 11:21:51.741331,0 days 00:00:00.630024,0.2,90,0.75,0.9,57,141,COMPLETE
6904,6904,18255.25,2023-11-15 11:21:51.743675,2023-11-15 11:21:52.326934,0 days 00:00:00.583259,0.2,10,0.75,0.9,2,34,COMPLETE
6905,6905,19170.25,2023-11-15 11:21:52.329167,2023-11-15 11:21:52.914925,0 days 00:00:00.585758,0.1,10,1.25,0.9,0,144,COMPLETE
6906,6906,19066.25,2023-11-15 11:21:52.917429,2023-11-15 11:21:53.498064,0 days 00:00:00.580635,0.2,10,0.75,0.9,8,141,COMPLETE
6907,6907,19261.0,2023-11-15 11:21:53.500314,2023-11-15 11:21:54.101895,0 days 00:00:00.601581,0.2,10,1.0,0.9,4,147,COMPLETE
6908,6908,18875.5,2023-11-15 11:21:54.104530,2023-11-15 11:21:54.690029,0 days 00:00:00.585499,0.1,10,0.75,0.8,2,150,COMPLETE
6909,6909,19359.75,2023-11-15 11:21:54.692374,2023-11-15 11:21:55.272971,0 days 00:00:00.580597,0.2,10,0.75,0.9,0,145,COMPLETE
6910,6910,18829.5,2023-11-15 11:21:55.275173,2023-11-15 11:21:55.860267,0 days 00:00:00.585094,0.2,10,1.0,0.9,5,139,COMPLETE
6911,6911,19261.0,2023-11-15 11:21:55.862720,2023-11-15 11:21:56.447602,0 days 00:00:00.584882,0.2,10,0.75,0.7000000000000001,2,147,COMPLETE
6912,6912,17544.25,2023-11-15 11:21:56.449966,2023-11-15 11:21:57.071651,0 days 00:00:00.621685,0.30000000000000004,10,0.5,0.9,36,143,COMPLETE
6913,6913,13900.5,2023-11-15 11:21:57.073866,2023-11-15 11:21:57.727072,0 days 00:00:00.653206,0.5,10,0.75,0.5,41,136,COMPLETE
6914,6914,19261.0,2023-11-15 11:21:57.729530,2023-11-15 11:21:58.321835,0 days 00:00:00.592305,0.2,10,0.75,0.9,4,147,COMPLETE
6915,6915,17008.0,2023-11-15 11:21:58.324044,2023-11-15 11:21:58.931480,0 days 00:00:00.607436,0.1,40,0.5,0.9,0,142,COMPLETE
6916,6916,13418.25,2023-11-15 11:21:58.933725,2023-11-15 11:21:59.571729,0 days 00:00:00.638004,0.2,20,0.75,0.2,2,150,COMPLETE
6917,6917,19262.25,2023-11-15 11:21:59.573955,2023-11-15 11:22:00.187666,0 days 00:00:00.613711,0.2,10,0.75,0.9,7,145,COMPLETE
6918,6918,19064.75,2023-11-15 11:22:00.190045,2023-11-15 11:22:00.785826,0 days 00:00:00.595781,0.2,10,0.75,0.9,0,139,COMPLETE
6919,6919,15200.5,2023-11-15 11:22:00.788465,2023-11-15 11:22:01.409864,0 days 00:00:00.621399,0.2,10,0.75,0.30000000000000004,12,143,COMPLETE
6920,6920,18783.0,2023-11-15 11:22:01.412185,2023-11-15 11:22:02.020997,0 days 00:00:00.608812,0.2,10,0.25,0.8,4,147,COMPLETE
6921,6921,19305.25,2023-11-15 11:22:02.023226,2023-11-15 11:22:02.606395,0 days 00:00:00.583169,0.30000000000000004,10,1.0,0.9,2,148,COMPLETE
6922,6922,9274.5,2023-11-15 11:22:02.608791,2023-11-15 11:22:03.265071,0 days 00:00:00.656280,0.1,10,0.75,0.4,9,105,COMPLETE
6923,6923,17924.5,2023-11-15 11:22:03.267565,2023-11-15 11:22:03.864414,0 days 00:00:00.596849,0.2,20,0.75,0.9,6,144,COMPLETE
6924,6924,12066.75,2023-11-15 11:22:03.866784,2023-11-15 11:22:04.490580,0 days 00:00:00.623796,0.2,100,1.0,0.9,0,141,COMPLETE
6925,6925,19067.0,2023-11-15 11:22:04.492994,2023-11-15 11:22:05.078068,0 days 00:00:00.585074,0.1,10,1.25,0.9,3,150,COMPLETE
6926,6926,13422.25,2023-11-15 11:22:05.080371,2023-11-15 11:22:05.706906,0 days 00:00:00.626535,0.4,10,0.75,0.9,63,137,COMPLETE
6927,6927,9855.0,2023-11-15 11:22:05.709215,2023-11-15 11:22:06.395673,0 days 00:00:00.686458,0.2,10,1.5,0.6,19,145,COMPLETE
6928,6928,19261.0,2023-11-15 11:22:06.398065,2023-11-15 11:22:06.983010,0 days 00:00:00.584945,0.2,10,0.75,0.9,2,147,COMPLETE
6929,6929,18973.0,2023-11-15 11:22:06.985771,2023-11-15 11:22:07.571896,0 days 00:00:00.586125,0.2,10,0.75,0.9,4,141,COMPLETE
6930,6930,19070.25,2023-11-15 11:22:07.574168,2023-11-15 11:22:08.156997,0 days 00:00:00.582829,0.2,10,1.25,0.5,0,125,COMPLETE
6931,6931,19163.5,2023-11-15 11:22:08.159322,2023-11-15 11:22:08.750014,0 days 00:00:00.590692,0.1,10,0.75,0.9,2,144,COMPLETE
6932,6932,19262.75,2023-11-15 11:22:08.753121,2023-11-15 11:22:09.364082,0 days 00:00:00.610961,0.2,10,0.75,0.9,6,148,COMPLETE
6933,6933,19359.75,2023-11-15 11:22:09.366449,2023-11-15 11:22:09.966581,0 days 00:00:00.600132,0.2,10,1.0,0.8,0,145,COMPLETE
6934,6934,16194.25,2023-11-15 11:22:09.969704,2023-11-15 11:22:10.612250,0 days 00:00:00.642546,0.30000000000000004,10,0.5,0.9,4,139,COMPLETE
6935,6935,18995.0,2023-11-15 11:22:10.614412,2023-11-15 11:22:11.215052,0 days 00:00:00.600640,0.2,10,0.25,0.9,2,150,COMPLETE
6936,6936,19197.5,2023-11-15 11:22:11.217780,2023-11-15 11:22:11.811480,0 days 00:00:00.593700,0.1,10,0.75,0.9,0,143,COMPLETE
6937,6937,18780.75,2023-11-15 11:22:11.813737,2023-11-15 11:22:12.408485,0 days 00:00:00.594748,0.2,10,0.75,0.9,5,133,COMPLETE
6938,6938,19261.0,2023-11-15 11:22:12.410776,2023-11-15 11:22:13.011487,0 days 00:00:00.600711,0.2,10,0.75,0.9,2,147,COMPLETE
6939,6939,18472.75,2023-11-15 11:22:13.013782,2023-11-15 11:22:13.614197,0 days 00:00:00.600415,0.2,10,0.75,0.7000000000000001,7,142,COMPLETE
6940,6940,18310.0,2023-11-15 11:22:13.616501,2023-11-15 11:22:14.213213,0 days 00:00:00.596712,0.2,20,0.75,0.9,10,145,COMPLETE
6941,6941,18838.0,2023-11-15 11:22:14.215437,2023-11-15 11:22:14.810408,0 days 00:00:00.594971,0.1,10,0.75,0.9,4,139,COMPLETE
6942,6942,10166.5,2023-11-15 11:22:14.812763,2023-11-15 11:22:15.485953,0 days 00:00:00.673190,0.2,10,1.0,0.8,29,150,COMPLETE
6943,6943,19260.75,2023-11-15 11:22:15.488422,2023-11-15 11:22:16.077074,0 days 00:00:00.588652,0.2,10,1.25,0.1,0,96,COMPLETE
6944,6944,18584.75,2023-11-15 11:22:16.079250,2023-11-15 11:22:16.696760,0 days 00:00:00.617510,0.1,20,0.75,0.9,2,147,COMPLETE
6945,6945,19051.5,2023-11-15 11:22:16.699178,2023-11-15 11:22:17.294645,0 days 00:00:00.595467,0.2,10,0.75,0.9,3,142,COMPLETE
6946,6946,19065.75,2023-11-15 11:22:17.296924,2023-11-15 11:22:17.897146,0 days 00:00:00.600222,0.30000000000000004,10,0.75,0.9,0,136,COMPLETE
6947,6947,19359.75,2023-11-15 11:22:17.899387,2023-11-15 11:22:18.503815,0 days 00:00:00.604428,0.2,10,0.75,0.9,5,145,COMPLETE
6948,6948,14855.0,2023-11-15 11:22:18.506107,2023-11-15 11:22:19.158027,0 days 00:00:00.651920,0.6,10,0.5,0.9,89,147,COMPLETE
6949,6949,19050.0,2023-11-15 11:22:19.160343,2023-11-15 11:22:19.775978,0 days 00:00:00.615635,0.2,10,1.0,0.9,2,143,COMPLETE
6950,6950,18948.75,2023-11-15 11:22:19.778175,2023-11-15 11:22:20.384388,0 days 00:00:00.606213,0.1,10,0.75,0.9,7,140,COMPLETE
6951,6951,19261.0,2023-11-15 11:22:20.387345,2023-11-15 11:22:20.988014,0 days 00:00:00.600669,0.2,10,0.75,0.5,0,147,COMPLETE
6952,6952,17386.75,2023-11-15 11:22:20.990400,2023-11-15 11:22:21.606452,0 days 00:00:00.616052,0.2,10,0.75,0.6,4,150,COMPLETE
6953,6953,18970.75,2023-11-15 11:22:21.608826,2023-11-15 11:22:22.214523,0 days 00:00:00.605697,0.2,10,0.75,0.8,2,144,COMPLETE
6954,6954,19163.75,2023-11-15 11:22:22.216820,2023-11-15 11:22:22.835887,0 days 00:00:00.619067,0.2,10,1.0,0.9,0,141,COMPLETE
6955,6955,18493.25,2023-11-15 11:22:22.838500,2023-11-15 11:22:23.434023,0 days 00:00:00.595523,0.2,20,1.25,0.9,3,148,COMPLETE
6956,6956,18786.0,2023-11-15 11:22:23.436995,2023-11-15 11:22:24.042935,0 days 00:00:00.605940,0.1,10,0.75,0.9,8,145,COMPLETE
6957,6957,19130.5,2023-11-15 11:22:24.045152,2023-11-15 11:22:24.639259,0 days 00:00:00.594107,0.2,10,0.5,0.9,5,138,COMPLETE
6958,6958,19082.5,2023-11-15 11:22:24.641479,2023-11-15 11:22:25.240180,0 days 00:00:00.598701,0.2,10,0.75,0.9,2,150,COMPLETE
6959,6959,19197.5,2023-11-15 11:22:25.242421,2023-11-15 11:22:25.855645,0 days 00:00:00.613224,0.1,10,0.75,0.9,0,143,COMPLETE
