,number,value,datetime_start,datetime_complete,duration,params_alpha,params_decay_interval,params_decay_rate,params_gamma,params_initialization,params_max_steps,state
1538,1538,17643.75,2023-11-15 12:03:28.106101,2023-11-15 12:03:28.281668,0 days 00:00:00.175567,0.8,10,1.5,0.9,34,82,COMPLETE
1539,1539,17454.25,2023-11-15 12:03:28.282829,2023-11-15 12:03:28.461376,0 days 00:00:00.178547,0.8,10,1.5,0.9,42,78,COMPLETE
1540,1540,19066.0,2023-11-15 12:03:28.462816,2023-11-15 12:03:28.631487,0 days 00:00:00.168671,0.8,10,1.5,0.9,29,75,COMPLETE
1541,1541,18039.75,2023-11-15 12:03:28.632661,2023-11-15 12:03:28.806128,0 days 00:00:00.173467,0.5,10,1.5,0.9,36,72,COMPLETE
1542,1542,15290.5,2023-11-15 12:03:28.807386,2023-11-15 12:03:28.994153,0 days 00:00:00.186767,0.2,10,1.5,0.9,35,69,COMPLETE
1543,1543,17371.5,2023-11-15 12:03:28.995674,2023-11-15 12:03:29.172151,0 days 00:00:00.176477,0.8,10,1.5,0.9,30,79,COMPLETE
1544,1544,17192.5,2023-11-15 12:03:29.173395,2023-11-15 12:03:29.373832,0 days 00:00:00.200437,0.8,10,1.5,0.9,39,76,COMPLETE
1545,1545,17739.25,2023-11-15 12:03:29.375050,2023-11-15 12:03:29.551473,0 days 00:00:00.176423,0.8,10,1.5,0.9,34,86,COMPLETE
1546,1546,16637.5,2023-11-15 12:03:29.552686,2023-11-15 12:03:29.740014,0 days 00:00:00.187328,0.8,20,1.5,0.9,31,73,COMPLETE
1547,1547,17381.25,2023-11-15 12:03:29.741210,2023-11-15 12:03:29.917092,0 days 00:00:00.175882,0.7000000000000001,10,1.5,0.9,32,69,COMPLETE
1548,1548,19066.0,2023-11-15 12:03:29.918481,2023-11-15 12:03:30.088371,0 days 00:00:00.169890,0.8,10,1.5,0.9,38,75,COMPLETE
1549,1549,17643.75,2023-11-15 12:03:30.089484,2023-11-15 12:03:30.266958,0 days 00:00:00.177474,0.8,10,1.5,0.9,29,82,COMPLETE
1550,1550,17454.25,2023-11-15 12:03:30.268088,2023-11-15 12:03:30.446447,0 days 00:00:00.178359,0.8,10,1.5,0.9,35,78,COMPLETE
1551,1551,16637.5,2023-11-15 12:03:30.447884,2023-11-15 12:03:30.635644,0 days 00:00:00.187760,0.8,20,1.5,0.9,37,73,COMPLETE
1552,1552,17381.25,2023-11-15 12:03:30.636925,2023-11-15 12:03:30.814853,0 days 00:00:00.177928,0.8,10,1.5,0.9,33,69,COMPLETE
1553,1553,17760.0,2023-11-15 12:03:30.816085,2023-11-15 12:03:30.992588,0 days 00:00:00.176503,0.4,10,2.75,0.9,29,72,COMPLETE
1554,1554,17192.5,2023-11-15 12:03:30.994034,2023-11-15 12:03:31.177709,0 days 00:00:00.183675,0.8,10,1.5,0.9,35,76,COMPLETE
1555,1555,17926.25,2023-11-15 12:03:31.179206,2023-11-15 12:03:31.355663,0 days 00:00:00.176457,0.8,10,1.5,0.9,40,80,COMPLETE
1556,1556,12360.25,2023-11-15 12:03:31.357031,2023-11-15 12:03:31.553926,0 days 00:00:00.196895,0.7000000000000001,100,1.5,0.9,31,72,COMPLETE
1557,1557,17919.5,2023-11-15 12:03:31.555054,2023-11-15 12:03:31.737356,0 days 00:00:00.182302,0.8,10,1.5,0.9,33,67,COMPLETE
1558,1558,17192.5,2023-11-15 12:03:31.738516,2023-11-15 12:03:31.923481,0 days 00:00:00.184965,0.8,10,1.5,0.9,37,76,COMPLETE
1559,1559,17454.25,2023-11-15 12:03:31.924654,2023-11-15 12:03:32.103448,0 days 00:00:00.178794,0.8,10,1.5,0.9,29,78,COMPLETE
1560,1560,17825.5,2023-11-15 12:03:32.104822,2023-11-15 12:03:32.280528,0 days 00:00:00.175706,0.8,10,3.0,0.9,35,70,COMPLETE
1561,1561,17929.25,2023-11-15 12:03:32.281712,2023-11-15 12:03:32.461825,0 days 00:00:00.180113,0.8,10,1.5,0.9,31,83,COMPLETE
1562,1562,17193.5,2023-11-15 12:03:32.463195,2023-11-15 12:03:32.647912,0 days 00:00:00.184717,0.8,10,1.5,0.9,33,74,COMPLETE
1563,1563,16549.5,2023-11-15 12:03:32.649174,2023-11-15 12:03:32.834850,0 days 00:00:00.185676,0.30000000000000004,20,1.5,0.9,28,89,COMPLETE
1564,1564,18029.25,2023-11-15 12:03:32.836040,2023-11-15 12:03:33.013543,0 days 00:00:00.177503,0.8,10,1.5,0.9,41,72,COMPLETE
1565,1565,15418.25,2023-11-15 12:03:33.015075,2023-11-15 12:03:33.200491,0 days 00:00:00.185416,0.8,60,1.5,0.9,38,80,COMPLETE
1566,1566,17833.5,2023-11-15 12:03:33.201679,2023-11-15 12:03:33.378593,0 days 00:00:00.176914,0.8,10,1.5,0.9,45,68,COMPLETE
1567,1567,19066.0,2023-11-15 12:03:33.379835,2023-11-15 12:03:33.564967,0 days 00:00:00.185132,0.8,10,1.5,0.9,30,75,COMPLETE
1568,1568,17454.25,2023-11-15 12:03:33.566308,2023-11-15 12:03:33.745062,0 days 00:00:00.178754,0.8,10,1.5,0.9,35,78,COMPLETE
1569,1569,18297.75,2023-11-15 12:03:33.746311,2023-11-15 12:03:33.920272,0 days 00:00:00.173961,0.8,10,1.5,0.9,32,70,COMPLETE
1570,1570,19066.0,2023-11-15 12:03:33.921531,2023-11-15 12:03:34.094028,0 days 00:00:00.172497,0.8,10,1.5,0.9,28,75,COMPLETE
1571,1571,15321.0,2023-11-15 12:03:34.095767,2023-11-15 12:03:34.288815,0 days 00:00:00.193048,0.8,50,1.5,0.9,36,72,COMPLETE
1572,1572,12898.5,2023-11-15 12:03:34.289996,2023-11-15 12:03:34.494559,0 days 00:00:00.204563,0.8,70,1.5,0.9,31,77,COMPLETE
1573,1573,17919.5,2023-11-15 12:03:34.495715,2023-11-15 12:03:34.673556,0 days 00:00:00.177841,0.8,10,1.5,0.9,34,67,COMPLETE
1574,1574,16995.5,2023-11-15 12:03:34.674699,2023-11-15 12:03:34.858729,0 days 00:00:00.184030,0.7000000000000001,20,1.5,0.9,38,81,COMPLETE
1575,1575,17366.0,2023-11-15 12:03:34.860140,2023-11-15 12:03:35.037819,0 days 00:00:00.177679,0.8,10,1.5,0.9,28,73,COMPLETE
1576,1576,17188.0,2023-11-15 12:03:35.039048,2023-11-15 12:03:35.229428,0 days 00:00:00.190380,0.8,10,1.5,0.9,33,84,COMPLETE
1577,1577,18297.75,2023-11-15 12:03:35.230819,2023-11-15 12:03:35.404012,0 days 00:00:00.173193,0.8,10,1.5,0.9,42,70,COMPLETE
1578,1578,17192.5,2023-11-15 12:03:35.405254,2023-11-15 12:03:35.590396,0 days 00:00:00.185142,0.8,10,1.5,0.9,29,76,COMPLETE
1579,1579,16356.75,2023-11-15 12:03:35.591730,2023-11-15 12:03:35.773791,0 days 00:00:00.182061,0.8,10,1.5,0.9,36,66,COMPLETE
1580,1580,17457.75,2023-11-15 12:03:35.774914,2023-11-15 12:03:35.952556,0 days 00:00:00.177642,0.8,10,1.5,0.9,31,73,COMPLETE
1581,1581,17371.5,2023-11-15 12:03:35.953793,2023-11-15 12:03:36.134990,0 days 00:00:00.181197,0.8,10,1.5,0.9,34,79,COMPLETE
1582,1582,18297.75,2023-11-15 12:03:36.136157,2023-11-15 12:03:36.311304,0 days 00:00:00.175147,0.8,10,1.5,0.9,38,70,COMPLETE
1583,1583,19066.0,2023-11-15 12:03:36.312747,2023-11-15 12:03:36.489916,0 days 00:00:00.177169,0.8,10,1.5,0.9,29,75,COMPLETE
1584,1584,17182.75,2023-11-15 12:03:36.491250,2023-11-15 12:03:36.676111,0 days 00:00:00.184861,0.8,20,1.5,0.9,33,72,COMPLETE
1585,1585,17454.25,2023-11-15 12:03:36.677478,2023-11-15 12:03:36.859569,0 days 00:00:00.182091,0.8,10,1.5,0.9,27,78,COMPLETE
1586,1586,19066.0,2023-11-15 12:03:36.861091,2023-11-15 12:03:37.038443,0 days 00:00:00.177352,0.8,10,1.5,0.9,36,75,COMPLETE
1587,1587,16441.25,2023-11-15 12:03:37.039615,2023-11-15 12:03:37.236236,0 days 00:00:00.196621,0.8,30,1.5,0.9,30,68,COMPLETE
1588,1588,17646.25,2023-11-15 12:03:37.237717,2023-11-15 12:03:37.426677,0 days 00:00:00.188960,0.7000000000000001,10,1.5,0.9,40,81,COMPLETE
1589,1589,18406.0,2023-11-15 12:03:37.428264,2023-11-15 12:03:37.606600,0 days 00:00:00.178336,0.6,10,1.5,0.9,27,72,COMPLETE
1590,1590,17934.5,2023-11-15 12:03:37.607877,2023-11-15 12:03:37.787649,0 days 00:00:00.179772,0.8,10,1.5,0.9,34,77,COMPLETE
1591,1591,17381.25,2023-11-15 12:03:37.788765,2023-11-15 12:03:37.968216,0 days 00:00:00.179451,0.8,10,1.5,0.9,32,69,COMPLETE
1592,1592,17193.5,2023-11-15 12:03:37.969440,2023-11-15 12:03:38.154611,0 days 00:00:00.185171,0.8,10,1.5,0.9,37,74,COMPLETE
1593,1593,16356.75,2023-11-15 12:03:38.155774,2023-11-15 12:03:38.336211,0 days 00:00:00.180437,0.8,10,1.5,0.9,26,66,COMPLETE
1594,1594,17371.5,2023-11-15 12:03:38.337404,2023-11-15 12:03:38.518733,0 days 00:00:00.181329,0.8,10,1.5,0.9,39,79,COMPLETE
1595,1595,17209.0,2023-11-15 12:03:38.519981,2023-11-15 12:03:38.700963,0 days 00:00:00.180982,0.8,10,1.5,0.9,30,71,COMPLETE
1596,1596,16990.25,2023-11-15 12:03:38.702157,2023-11-15 12:03:38.883266,0 days 00:00:00.181109,0.8,20,1.5,0.9,47,76,COMPLETE
1597,1597,17375.0,2023-11-15 12:03:38.884457,2023-11-15 12:03:39.071886,0 days 00:00:00.187429,0.7000000000000001,10,1.5,0.9,28,84,COMPLETE
1598,1598,17366.0,2023-11-15 12:03:39.073186,2023-11-15 12:03:39.254705,0 days 00:00:00.181519,0.8,10,1.5,0.9,35,73,COMPLETE
1599,1599,17554.0,2023-11-15 12:03:39.255843,2023-11-15 12:03:39.435234,0 days 00:00:00.179391,0.8,10,1.5,0.9,26,81,COMPLETE
1600,1600,17381.25,2023-11-15 12:03:39.436382,2023-11-15 12:03:39.616573,0 days 00:00:00.180191,0.8,10,1.5,0.9,31,69,COMPLETE
1601,1601,17192.5,2023-11-15 12:03:39.618033,2023-11-15 12:03:39.804005,0 days 00:00:00.185972,0.8,10,1.5,0.9,34,76,COMPLETE
1602,1602,17835.25,2023-11-15 12:03:39.805203,2023-11-15 12:03:39.981332,0 days 00:00:00.176129,0.8,10,1.5,0.9,37,65,COMPLETE
1603,1603,17454.25,2023-11-15 12:03:39.982580,2023-11-15 12:03:40.173911,0 days 00:00:00.191331,0.8,10,1.5,0.9,29,78,COMPLETE
1604,1604,17459.75,2023-11-15 12:03:40.175043,2023-11-15 12:03:40.355520,0 days 00:00:00.180477,0.8,10,1.5,0.9,25,73,COMPLETE
1605,1605,17117.75,2023-11-15 12:03:40.356727,2023-11-15 12:03:40.542063,0 days 00:00:00.185336,0.8,10,1.5,0.9,41,71,COMPLETE
1606,1606,17192.5,2023-11-15 12:03:40.543809,2023-11-15 12:03:40.733477,0 days 00:00:00.189668,0.8,10,1.5,0.9,27,76,COMPLETE
1607,1607,16637.5,2023-11-15 12:03:40.734665,2023-11-15 12:03:40.927254,0 days 00:00:00.192589,0.8,20,1.5,0.9,32,73,COMPLETE
1608,1608,17833.5,2023-11-15 12:03:40.928920,2023-11-15 12:03:41.106607,0 days 00:00:00.177687,0.8,10,1.5,0.9,35,68,COMPLETE
1609,1609,17926.25,2023-11-15 12:03:41.107920,2023-11-15 12:03:41.288287,0 days 00:00:00.180367,0.8,10,1.5,0.9,25,80,COMPLETE
1610,1610,17105.25,2023-11-15 12:03:41.289423,2023-11-15 12:03:41.477155,0 days 00:00:00.187732,0.8,10,1.5,0.9,39,74,COMPLETE
1611,1611,17466.75,2023-11-15 12:03:41.478783,2023-11-15 12:03:41.664240,0 days 00:00:00.185457,0.7000000000000001,10,1.5,0.9,29,70,COMPLETE
1612,1612,17454.25,2023-11-15 12:03:41.665644,2023-11-15 12:03:41.849228,0 days 00:00:00.183584,0.8,10,1.5,0.9,36,78,COMPLETE
1613,1613,19066.0,2023-11-15 12:03:41.850553,2023-11-15 12:03:42.024615,0 days 00:00:00.174062,0.8,10,1.5,0.9,32,75,COMPLETE
1614,1614,17929.25,2023-11-15 12:03:42.025783,2023-11-15 12:03:42.207774,0 days 00:00:00.181991,0.8,10,1.5,0.9,27,83,COMPLETE
1615,1615,16815.75,2023-11-15 12:03:42.208913,2023-11-15 12:03:42.396919,0 days 00:00:00.188006,0.8,10,1.5,0.9,34,63,COMPLETE
1616,1616,17117.75,2023-11-15 12:03:42.398197,2023-11-15 12:03:42.583414,0 days 00:00:00.185217,0.8,10,1.5,0.9,31,71,COMPLETE
1617,1617,16620.5,2023-11-15 12:03:42.584542,2023-11-15 12:03:42.770812,0 days 00:00:00.186270,0.8,20,2.75,0.9,29,67,COMPLETE
1618,1618,17371.5,2023-11-15 12:03:42.771983,2023-11-15 12:03:42.955969,0 days 00:00:00.183986,0.8,10,1.5,0.9,25,79,COMPLETE
1619,1619,19066.0,2023-11-15 12:03:42.957275,2023-11-15 12:03:43.131640,0 days 00:00:00.174365,0.8,10,1.5,0.9,38,75,COMPLETE
1620,1620,18029.25,2023-11-15 12:03:43.132825,2023-11-15 12:03:43.313907,0 days 00:00:00.181082,0.8,10,1.5,0.9,44,72,COMPLETE
1621,1621,17646.0,2023-11-15 12:03:43.315263,2023-11-15 12:03:43.503528,0 days 00:00:00.188265,0.8,10,1.5,0.9,25,90,COMPLETE
1622,1622,17568.75,2023-11-15 12:03:43.504876,2023-11-15 12:03:43.686645,0 days 00:00:00.181769,0.7000000000000001,10,1.5,0.9,33,77,COMPLETE
1623,1623,17739.25,2023-11-15 12:03:43.688128,2023-11-15 12:03:43.872732,0 days 00:00:00.184604,0.8,10,1.5,0.9,27,86,COMPLETE
1624,1624,17074.75,2023-11-15 12:03:43.873873,2023-11-15 12:03:44.055556,0 days 00:00:00.181683,0.8,20,1.5,0.9,36,69,COMPLETE
1625,1625,17193.5,2023-11-15 12:03:44.057007,2023-11-15 12:03:44.249216,0 days 00:00:00.192209,0.8,10,1.5,0.9,30,74,COMPLETE
1626,1626,17926.25,2023-11-15 12:03:44.250419,2023-11-15 12:03:44.430541,0 days 00:00:00.180122,0.8,10,1.5,0.9,25,80,COMPLETE
1627,1627,17835.25,2023-11-15 12:03:44.431715,2023-11-15 12:03:44.610213,0 days 00:00:00.178498,0.8,10,1.5,0.9,33,65,COMPLETE
1628,1628,17209.0,2023-11-15 12:03:44.611596,2023-11-15 12:03:44.795576,0 days 00:00:00.183980,0.8,10,1.5,0.9,28,71,COMPLETE
1629,1629,17934.5,2023-11-15 12:03:44.796929,2023-11-15 12:03:44.976139,0 days 00:00:00.179210,0.8,10,1.5,0.9,40,77,COMPLETE
1630,1630,17193.5,2023-11-15 12:03:44.977556,2023-11-15 12:03:45.190684,0 days 00:00:00.213128,0.8,10,1.5,0.9,35,74,COMPLETE
1631,1631,17736.0,2023-11-15 12:03:45.192243,2023-11-15 12:03:45.373832,0 days 00:00:00.181589,0.8,10,1.5,0.9,37,82,COMPLETE
1632,1632,15227.75,2023-11-15 12:03:45.375030,2023-11-15 12:03:45.554296,0 days 00:00:00.179266,0.8,10,1.5,0.9,31,34,COMPLETE
1633,1633,15576.75,2023-11-15 12:03:45.555627,2023-11-15 12:03:45.746443,0 days 00:00:00.190816,0.8,20,1.5,0.9,97,68,COMPLETE
1634,1634,17568.75,2023-11-15 12:03:45.747699,2023-11-15 12:03:45.930693,0 days 00:00:00.182994,0.7000000000000001,10,1.5,0.9,26,77,COMPLETE
1635,1635,15848.25,2023-11-15 12:03:45.931885,2023-11-15 12:03:46.124964,0 days 00:00:00.193079,0.8,40,1.5,0.9,24,71,COMPLETE
1636,1636,17649.75,2023-11-15 12:03:46.126307,2023-11-15 12:03:46.308058,0 days 00:00:00.181751,0.5,10,1.5,0.9,33,74,COMPLETE
1637,1637,14124.25,2023-11-15 12:03:46.309346,2023-11-15 12:03:46.497523,0 days 00:00:00.188177,0.8,50,1.5,0.9,28,60,COMPLETE
1638,1638,16356.75,2023-11-15 12:03:46.498698,2023-11-15 12:03:46.683449,0 days 00:00:00.184751,0.8,10,1.5,0.9,37,66,COMPLETE
1639,1639,17371.5,2023-11-15 12:03:46.684638,2023-11-15 12:03:46.868919,0 days 00:00:00.184281,0.8,10,1.5,0.9,24,79,COMPLETE
1640,1640,18297.75,2023-11-15 12:03:46.870164,2023-11-15 12:03:47.047634,0 days 00:00:00.177470,0.8,10,1.5,0.9,30,70,COMPLETE
1641,1641,17737.75,2023-11-15 12:03:47.048943,2023-11-15 12:03:47.231300,0 days 00:00:00.182357,0.8,10,1.5,0.9,39,73,COMPLETE
1642,1642,16990.25,2023-11-15 12:03:47.232657,2023-11-15 12:03:47.415068,0 days 00:00:00.182411,0.8,20,1.5,0.9,35,76,COMPLETE
1643,1643,17554.5,2023-11-15 12:03:47.416524,2023-11-15 12:03:47.601298,0 days 00:00:00.184774,0.8,10,1.5,0.9,42,81,COMPLETE
1644,1644,16993.5,2023-11-15 12:03:47.602588,2023-11-15 12:03:47.783385,0 days 00:00:00.180797,0.8,10,1.5,0.9,26,55,COMPLETE
1645,1645,17381.25,2023-11-15 12:03:47.784556,2023-11-15 12:03:47.970619,0 days 00:00:00.186063,0.8,10,1.5,0.9,33,69,COMPLETE
1646,1646,17366.0,2023-11-15 12:03:47.971797,2023-11-15 12:03:48.155679,0 days 00:00:00.183882,0.8,10,1.5,0.9,28,73,COMPLETE
1647,1647,17568.75,2023-11-15 12:03:48.157133,2023-11-15 12:03:48.341030,0 days 00:00:00.183897,0.7000000000000001,10,1.5,0.9,24,77,COMPLETE
1648,1648,17463.25,2023-11-15 12:03:48.342327,2023-11-15 12:03:48.531996,0 days 00:00:00.189669,0.8,10,1.5,0.9,52,84,COMPLETE
1649,1649,18029.25,2023-11-15 12:03:48.533189,2023-11-15 12:03:48.713149,0 days 00:00:00.179960,0.8,10,1.5,0.9,32,72,COMPLETE
1650,1650,19066.0,2023-11-15 12:03:48.714564,2023-11-15 12:03:48.891031,0 days 00:00:00.176467,0.8,10,1.5,0.9,36,75,COMPLETE
1651,1651,17371.5,2023-11-15 12:03:48.892414,2023-11-15 12:03:49.076907,0 days 00:00:00.184493,0.8,10,1.5,0.9,30,79,COMPLETE
1652,1652,17919.5,2023-11-15 12:03:49.078663,2023-11-15 12:03:49.262419,0 days 00:00:00.183756,0.8,10,1.5,0.9,26,67,COMPLETE
1653,1653,17100.75,2023-11-15 12:03:49.263921,2023-11-15 12:03:49.447292,0 days 00:00:00.183371,0.8,10,1.5,0.9,24,64,COMPLETE
1654,1654,17209.0,2023-11-15 12:03:49.448572,2023-11-15 12:03:49.631968,0 days 00:00:00.183396,0.8,10,1.5,0.9,28,71,COMPLETE
1655,1655,17008.25,2023-11-15 12:03:49.633110,2023-11-15 12:03:49.830451,0 days 00:00:00.197341,0.8,20,1.5,0.9,34,75,COMPLETE
1656,1656,17371.5,2023-11-15 12:03:49.831662,2023-11-15 12:03:50.016624,0 days 00:00:00.184962,0.8,10,1.5,0.9,39,79,COMPLETE
1657,1657,17381.25,2023-11-15 12:03:50.017903,2023-11-15 12:03:50.200552,0 days 00:00:00.182649,0.8,10,1.5,0.9,31,69,COMPLETE
1658,1658,17736.0,2023-11-15 12:03:50.201829,2023-11-15 12:03:50.384843,0 days 00:00:00.183014,0.8,10,1.5,0.9,24,82,COMPLETE
1659,1659,17192.5,2023-11-15 12:03:50.386038,2023-11-15 12:03:50.575990,0 days 00:00:00.189952,0.8,10,1.5,0.9,27,76,COMPLETE
1660,1660,18406.75,2023-11-15 12:03:50.577370,2023-11-15 12:03:50.758204,0 days 00:00:00.180834,0.7000000000000001,10,1.5,0.9,37,72,COMPLETE
1661,1661,17366.0,2023-11-15 12:03:50.759645,2023-11-15 12:03:50.945312,0 days 00:00:00.185667,0.8,10,1.5,0.9,35,73,COMPLETE
1662,1662,17833.5,2023-11-15 12:03:50.946578,2023-11-15 12:03:51.129527,0 days 00:00:00.182949,0.8,10,1.5,0.9,32,68,COMPLETE
1663,1663,17275.75,2023-11-15 12:03:51.130716,2023-11-15 12:03:51.319457,0 days 00:00:00.188741,0.8,20,1.5,0.9,29,77,COMPLETE
1664,1664,19066.0,2023-11-15 12:03:51.320710,2023-11-15 12:03:51.497444,0 days 00:00:00.176734,0.8,10,1.5,0.9,26,75,COMPLETE
1665,1665,18404.0,2023-11-15 12:03:51.498819,2023-11-15 12:03:51.684736,0 days 00:00:00.185917,0.6,10,1.5,0.9,24,80,COMPLETE
1666,1666,18297.75,2023-11-15 12:03:51.685940,2023-11-15 12:03:51.866832,0 days 00:00:00.180892,0.8,10,1.5,0.9,34,70,COMPLETE
1667,1667,14703.75,2023-11-15 12:03:51.868130,2023-11-15 12:03:52.062024,0 days 00:00:00.193894,0.8,60,1.5,0.9,38,66,COMPLETE
1668,1668,17366.0,2023-11-15 12:03:52.063455,2023-11-15 12:03:52.249687,0 days 00:00:00.186232,0.8,10,1.5,0.9,29,73,COMPLETE
1669,1669,17454.25,2023-11-15 12:03:52.250834,2023-11-15 12:03:52.436934,0 days 00:00:00.186100,0.8,10,1.5,0.9,32,78,COMPLETE
1670,1670,17739.25,2023-11-15 12:03:52.438067,2023-11-15 12:03:52.624689,0 days 00:00:00.186622,0.8,10,1.5,0.9,26,86,COMPLETE
1671,1671,18984.25,2023-11-15 12:03:52.625885,2023-11-15 12:03:52.820640,0 days 00:00:00.194755,0.7000000000000001,10,1.5,0.9,24,71,COMPLETE
1672,1672,19066.0,2023-11-15 12:03:52.821847,2023-11-15 12:03:52.998593,0 days 00:00:00.176746,0.8,10,1.5,0.9,35,75,COMPLETE
1673,1673,17554.75,2023-11-15 12:03:53.000005,2023-11-15 12:03:53.186197,0 days 00:00:00.186192,0.8,10,1.5,0.9,41,81,COMPLETE
1674,1674,17381.25,2023-11-15 12:03:53.187394,2023-11-15 12:03:53.373035,0 days 00:00:00.185641,0.8,10,1.5,0.9,31,69,COMPLETE
1675,1675,17934.5,2023-11-15 12:03:53.374476,2023-11-15 12:03:53.559587,0 days 00:00:00.185111,0.8,10,1.5,0.9,37,77,COMPLETE
1676,1676,16637.5,2023-11-15 12:03:53.561473,2023-11-15 12:03:53.758270,0 days 00:00:00.196797,0.8,20,1.5,0.9,28,73,COMPLETE
1677,1677,16449.5,2023-11-15 12:03:53.759854,2023-11-15 12:03:53.946559,0 days 00:00:00.186705,0.8,10,1.5,0.9,25,62,COMPLETE
1678,1678,19066.0,2023-11-15 12:03:53.947915,2023-11-15 12:03:54.128705,0 days 00:00:00.180790,0.8,10,1.5,0.9,33,75,COMPLETE
1679,1679,16314.75,2023-11-15 12:03:54.129900,2023-11-15 12:03:54.321058,0 days 00:00:00.191158,0.30000000000000004,10,1.5,0.9,23,65,COMPLETE
1680,1680,19260.75,2023-11-15 12:03:54.322268,2023-11-15 12:03:54.499855,0 days 00:00:00.177587,0.8,10,3.0,0.9,30,71,COMPLETE
1681,1681,17917.0,2023-11-15 12:03:54.501003,2023-11-15 12:03:54.687715,0 days 00:00:00.186712,0.8,10,3.0,0.9,28,67,COMPLETE
1682,1682,16859.0,2023-11-15 12:03:54.688932,2023-11-15 12:03:54.877260,0 days 00:00:00.188328,0.8,10,2.75,0.9,92,69,COMPLETE
1683,1683,15905.0,2023-11-15 12:03:54.878905,2023-11-15 12:03:55.065100,0 days 00:00:00.186195,0.8,20,2.5,0.9,27,64,COMPLETE
1684,1684,18984.25,2023-11-15 12:03:55.066451,2023-11-15 12:03:55.242868,0 days 00:00:00.176417,0.7000000000000001,10,1.5,0.9,27,71,COMPLETE
1685,1685,17547.25,2023-11-15 12:03:55.244665,2023-11-15 12:03:55.427562,0 days 00:00:00.182897,0.8,10,3.0,0.9,30,68,COMPLETE
1686,1686,17369.5,2023-11-15 12:03:55.429181,2023-11-15 12:03:55.615862,0 days 00:00:00.186681,0.8,10,2.75,0.9,25,73,COMPLETE
1687,1687,18297.75,2023-11-15 12:03:55.617202,2023-11-15 12:03:55.798645,0 days 00:00:00.181443,0.8,10,1.5,0.9,29,70,COMPLETE
1688,1688,16719.5,2023-11-15 12:03:55.800018,2023-11-15 12:03:55.988375,0 days 00:00:00.188357,0.8,10,2.75,0.9,24,66,COMPLETE
1689,1689,16293.25,2023-11-15 12:03:55.989522,2023-11-15 12:03:56.187987,0 days 00:00:00.198465,0.8,30,2.75,0.9,27,72,COMPLETE
1690,1690,17454.25,2023-11-15 12:03:56.189220,2023-11-15 12:03:56.375399,0 days 00:00:00.186179,0.8,10,1.5,0.9,30,78,COMPLETE
1691,1691,16726.25,2023-11-15 12:03:56.377039,2023-11-15 12:03:56.568217,0 days 00:00:00.191178,0.8,10,3.0,0.9,24,61,COMPLETE
1692,1692,12575.75,2023-11-15 12:03:56.569556,2023-11-15 12:03:56.772786,0 days 00:00:00.203230,0.8,90,2.75,0.9,26,71,COMPLETE
1693,1693,17833.5,2023-11-15 12:03:56.773971,2023-11-15 12:03:56.957517,0 days 00:00:00.183546,0.8,10,1.5,0.9,23,68,COMPLETE
1694,1694,18682.0,2023-11-15 12:03:56.958789,2023-11-15 12:03:57.138061,0 days 00:00:00.179272,0.8,10,3.0,0.9,30,75,COMPLETE
1695,1695,15332.75,2023-11-15 12:03:57.139323,2023-11-15 12:03:57.339858,0 days 00:00:00.200535,0.8,40,2.5,0.9,26,72,COMPLETE
1696,1696,17730.75,2023-11-15 12:03:57.341217,2023-11-15 12:03:57.524742,0 days 00:00:00.183525,0.8,10,2.5,0.9,23,78,COMPLETE
1697,1697,17920.75,2023-11-15 12:03:57.526173,2023-11-15 12:03:57.711385,0 days 00:00:00.185212,0.8,10,3.0,0.9,29,74,COMPLETE
1698,1698,18297.0,2023-11-15 12:03:57.712886,2023-11-15 12:03:57.894677,0 days 00:00:00.181791,0.8,20,2.75,0.9,31,83,COMPLETE
1699,1699,13548.25,2023-11-15 12:03:57.895996,2023-11-15 12:03:58.090675,0 days 00:00:00.194679,0.8,80,2.75,0.9,43,64,COMPLETE
1700,1700,17825.5,2023-11-15 12:03:58.092032,2023-11-15 12:03:58.275721,0 days 00:00:00.183689,0.8,10,2.75,0.9,24,70,COMPLETE
1701,1701,18586.0,2023-11-15 12:03:58.277063,2023-11-15 12:03:58.458875,0 days 00:00:00.181812,0.7000000000000001,10,2.5,0.9,28,80,COMPLETE
1702,1702,17016.25,2023-11-15 12:03:58.460342,2023-11-15 12:03:58.655540,0 days 00:00:00.195198,0.8,10,3.0,0.9,26,76,COMPLETE
1703,1703,17919.5,2023-11-15 12:03:58.656799,2023-11-15 12:03:58.843859,0 days 00:00:00.187060,0.8,10,1.5,0.9,35,67,COMPLETE
1704,1704,18029.25,2023-11-15 12:03:58.845527,2023-11-15 12:03:59.029188,0 days 00:00:00.183661,0.8,10,1.5,0.9,40,72,COMPLETE
1705,1705,17920.75,2023-11-15 12:03:59.030407,2023-11-15 12:03:59.216131,0 days 00:00:00.185724,0.8,10,3.0,0.9,23,74,COMPLETE
1706,1706,16300.0,2023-11-15 12:03:59.217759,2023-11-15 12:03:59.414169,0 days 00:00:00.196410,0.8,20,1.5,0.9,31,78,COMPLETE
1707,1707,16995.25,2023-11-15 12:03:59.415594,2023-11-15 12:03:59.617013,0 days 00:00:00.201419,0.8,10,1.5,0.9,37,58,COMPLETE
1708,1708,12049.75,2023-11-15 12:03:59.618298,2023-11-15 12:03:59.807185,0 days 00:00:00.188887,0.2,10,1.5,0.9,28,29,COMPLETE
1709,1709,17381.25,2023-11-15 12:03:59.808325,2023-11-15 12:03:59.994487,0 days 00:00:00.186162,0.8,10,1.5,0.9,25,69,COMPLETE
