,number,value,datetime_start,datetime_complete,duration,params_alpha,params_decay_interval,params_decay_rate,params_gamma,params_initialization,params_max_steps,state
9484,9484,17746.5,2023-11-15 14:30:06.415929,2023-11-15 14:30:07.245340,0 days 00:00:00.829411,0.8,10,1.25,0.7000000000000001,16,95,COMPLETE
9485,9485,18218.0,2023-11-15 14:30:07.248433,2023-11-15 14:30:08.115870,0 days 00:00:00.867437,0.8,10,1.25,0.8,11,97,COMPLETE
9486,9486,18401.5,2023-11-15 14:30:08.118744,2023-11-15 14:30:08.965835,0 days 00:00:00.847091,0.7000000000000001,10,1.25,0.8,19,100,COMPLETE
9487,9487,17230.25,2023-11-15 14:30:08.968689,2023-11-15 14:30:09.812553,0 days 00:00:00.843864,0.8,10,1.25,0.30000000000000004,85,96,COMPLETE
9488,9488,17925.0,2023-11-15 14:30:09.815916,2023-11-15 14:30:10.713801,0 days 00:00:00.897885,0.8,20,1.75,0.8,7,98,COMPLETE
9489,9489,16429.0,2023-11-15 14:30:10.717320,2023-11-15 14:30:11.734875,0 days 00:00:01.017555,0.2,10,1.5,0.8,17,100,COMPLETE
9490,9490,18397.25,2023-11-15 14:30:11.738240,2023-11-15 14:30:12.684106,0 days 00:00:00.945866,0.9,10,1.25,0.9,4,94,COMPLETE
9491,9491,17940.5,2023-11-15 14:30:12.686959,2023-11-15 14:30:13.530409,0 days 00:00:00.843450,0.8,10,1.25,0.4,21,98,COMPLETE
9492,9492,17750.75,2023-11-15 14:30:13.533321,2023-11-15 14:30:14.358435,0 days 00:00:00.825114,0.4,10,1.25,0.8,14,96,COMPLETE
9493,9493,18401.0,2023-11-15 14:30:14.361382,2023-11-15 14:30:15.171566,0 days 00:00:00.810184,0.8,10,1.0,0.8,24,100,COMPLETE
9494,9494,17002.0,2023-11-15 14:30:15.174709,2023-11-15 14:30:16.007775,0 days 00:00:00.833066,0.8,40,1.25,0.8,17,98,COMPLETE
9495,9495,199.5,2023-11-15 14:30:16.010476,2023-11-15 14:30:17.119362,0 days 00:00:01.108886,0.8,10,1.5,0.8,0,97,COMPLETE
9496,9496,18681.25,2023-11-15 14:30:17.122501,2023-11-15 14:30:18.078232,0 days 00:00:00.955731,0.8,10,1.25,0.8,11,99,COMPLETE
9497,9497,18112.5,2023-11-15 14:30:18.081442,2023-11-15 14:30:18.934285,0 days 00:00:00.852843,0.8,10,1.25,0.8,6,95,COMPLETE
9498,9498,18013.5,2023-11-15 14:30:18.937372,2023-11-15 14:30:19.776377,0 days 00:00:00.839005,0.8,20,1.25,0.8,19,100,COMPLETE
9499,9499,18213.75,2023-11-15 14:30:19.779642,2023-11-15 14:30:20.626548,0 days 00:00:00.846906,0.8,10,1.25,0.7000000000000001,14,92,COMPLETE
9500,9500,18307.75,2023-11-15 14:30:20.630373,2023-11-15 14:30:21.496309,0 days 00:00:00.865936,0.7000000000000001,10,1.25,0.8,28,97,COMPLETE
9501,9501,18209.5,2023-11-15 14:30:21.499637,2023-11-15 14:30:22.326602,0 days 00:00:00.826965,0.9,10,1.25,0.8,9,98,COMPLETE
9502,9502,16995.25,2023-11-15 14:30:22.329923,2023-11-15 14:30:23.159967,0 days 00:00:00.830044,0.8,10,1.5,0.8,4,47,COMPLETE
9503,9503,18612.5,2023-11-15 14:30:23.162835,2023-11-15 14:30:24.007549,0 days 00:00:00.844714,0.8,10,1.0,0.9,16,100,COMPLETE
9504,9504,18112.5,2023-11-15 14:30:24.010387,2023-11-15 14:30:24.880434,0 days 00:00:00.870047,0.8,10,1.25,0.8,12,95,COMPLETE
9505,9505,18022.0,2023-11-15 14:30:24.883186,2023-11-15 14:30:25.781435,0 days 00:00:00.898249,0.8,10,1.0,0.8,21,98,COMPLETE
9506,9506,18202.0,2023-11-15 14:30:25.784754,2023-11-15 14:30:26.778744,0 days 00:00:00.993990,0.8,20,1.25,0.8,18,96,COMPLETE
9507,9507,18119.5,2023-11-15 14:30:26.783615,2023-11-15 14:30:27.699476,0 days 00:00:00.915861,0.8,10,1.25,0.8,2,81,COMPLETE
9508,9508,18492.5,2023-11-15 14:30:27.702333,2023-11-15 14:30:28.563616,0 days 00:00:00.861283,0.8,10,1.25,0.8,14,100,COMPLETE
9509,9509,18111.75,2023-11-15 14:30:28.566630,2023-11-15 14:30:29.404164,0 days 00:00:00.837534,0.8,10,2.75,0.7000000000000001,7,93,COMPLETE
9510,9510,16623.5,2023-11-15 14:30:29.407629,2023-11-15 14:30:30.242590,0 days 00:00:00.834961,0.8,10,2.0,0.9,20,62,COMPLETE
9511,9511,17565.75,2023-11-15 14:30:30.245425,2023-11-15 14:30:31.079306,0 days 00:00:00.833881,0.8,30,1.25,0.8,10,98,COMPLETE
9512,9512,18395.25,2023-11-15 14:30:31.082249,2023-11-15 14:30:31.929043,0 days 00:00:00.846794,0.9,10,1.5,0.8,23,96,COMPLETE
9513,9513,18027.5,2023-11-15 14:30:31.933071,2023-11-15 14:30:32.768675,0 days 00:00:00.835604,0.8,10,1.25,0.8,17,86,COMPLETE
9514,9514,18212.25,2023-11-15 14:30:32.771707,2023-11-15 14:30:33.610953,0 days 00:00:00.839246,0.6,10,1.75,0.8,5,100,COMPLETE
9515,9515,18303.75,2023-11-15 14:30:33.614626,2023-11-15 14:30:34.453884,0 days 00:00:00.839258,0.7000000000000001,10,1.25,0.8,13,98,COMPLETE
9516,9516,17939.75,2023-11-15 14:30:34.456712,2023-11-15 14:30:35.312691,0 days 00:00:00.855979,0.8,10,1.25,0.8,75,99,COMPLETE
9517,9517,17920.5,2023-11-15 14:30:35.316083,2023-11-15 14:30:36.153374,0 days 00:00:00.837291,0.8,20,2.25,0.8,16,97,COMPLETE
9518,9518,18486.25,2023-11-15 14:30:36.156160,2023-11-15 14:30:36.997844,0 days 00:00:00.841684,0.8,10,1.25,0.8,8,94,COMPLETE
9519,9519,18401.0,2023-11-15 14:30:37.000918,2023-11-15 14:30:37.826475,0 days 00:00:00.825557,0.8,10,1.0,0.8,20,100,COMPLETE
9520,9520,18301.75,2023-11-15 14:30:37.829389,2023-11-15 14:30:38.666587,0 days 00:00:00.837198,0.8,10,1.25,0.7000000000000001,15,96,COMPLETE
9521,9521,18303.75,2023-11-15 14:30:38.669525,2023-11-15 14:30:39.493177,0 days 00:00:00.823652,0.7000000000000001,10,1.5,0.9,18,98,COMPLETE
9522,9522,17856.5,2023-11-15 14:30:39.496415,2023-11-15 14:30:40.335745,0 days 00:00:00.839330,0.8,10,1.25,0.6,69,100,COMPLETE
9523,9523,18218.0,2023-11-15 14:30:40.338515,2023-11-15 14:30:41.312560,0 days 00:00:00.974045,0.8,10,1.25,0.8,12,97,COMPLETE
9524,9524,18112.5,2023-11-15 14:30:41.316141,2023-11-15 14:30:42.197100,0 days 00:00:00.880959,0.8,10,1.25,0.8,3,95,COMPLETE
9525,9525,17827.5,2023-11-15 14:30:42.200107,2023-11-15 14:30:43.027912,0 days 00:00:00.827805,0.9,20,1.5,0.8,22,99,COMPLETE
9526,9526,18022.0,2023-11-15 14:30:43.031172,2023-11-15 14:30:43.864067,0 days 00:00:00.832895,0.8,10,1.0,0.8,25,98,COMPLETE
9527,9527,18492.5,2023-11-15 14:30:43.867014,2023-11-15 14:30:44.716599,0 days 00:00:00.849585,0.8,10,1.25,0.8,10,100,COMPLETE
9528,9528,18117.25,2023-11-15 14:30:44.719564,2023-11-15 14:30:45.606545,0 days 00:00:00.886981,0.8,10,1.25,0.8,47,96,COMPLETE
9529,9529,17747.0,2023-11-15 14:30:45.609453,2023-11-15 14:30:46.442563,0 days 00:00:00.833110,0.8,10,1.25,0.8,56,77,COMPLETE
9530,9530,18023.5,2023-11-15 14:30:46.445496,2023-11-15 14:30:47.268923,0 days 00:00:00.823427,0.8,10,1.25,0.8,6,98,COMPLETE
9531,9531,17305.25,2023-11-15 14:30:47.272071,2023-11-15 14:30:48.123156,0 days 00:00:00.851085,0.30000000000000004,10,1.25,0.8,19,100,COMPLETE
9532,9532,18116.25,2023-11-15 14:30:48.125898,2023-11-15 14:30:49.016714,0 days 00:00:00.890816,0.8,10,1.5,0.5,15,93,COMPLETE
9533,9533,18217.25,2023-11-15 14:30:49.019498,2023-11-15 14:30:49.850378,0 days 00:00:00.830880,0.8,10,1.25,0.9,1,97,COMPLETE
9534,9534,17561.0,2023-11-15 14:30:49.853106,2023-11-15 14:30:50.687943,0 days 00:00:00.834837,0.8,10,1.0,0.8,17,95,COMPLETE
9535,9535,18023.5,2023-11-15 14:30:50.691069,2023-11-15 14:30:51.512875,0 days 00:00:00.821806,0.8,10,1.25,0.8,14,98,COMPLETE
9536,9536,13720.25,2023-11-15 14:30:51.516171,2023-11-15 14:30:52.401207,0 days 00:00:00.885036,0.8,80,1.25,0.8,12,100,COMPLETE
9537,9537,18395.25,2023-11-15 14:30:52.404125,2023-11-15 14:30:53.241361,0 days 00:00:00.837236,0.9,10,1.5,0.7000000000000001,8,96,COMPLETE
9538,9538,17830.75,2023-11-15 14:30:53.244222,2023-11-15 14:30:54.071129,0 days 00:00:00.826907,0.8,20,1.25,0.8,4,98,COMPLETE
9539,9539,18492.5,2023-11-15 14:30:54.073918,2023-11-15 14:30:54.996008,0 days 00:00:00.922090,0.8,10,1.25,0.8,19,100,COMPLETE
9540,9540,17837.5,2023-11-15 14:30:55.000416,2023-11-15 14:30:55.988918,0 days 00:00:00.988502,0.7000000000000001,10,1.25,0.8,16,95,COMPLETE
9541,9541,18117.5,2023-11-15 14:30:55.991940,2023-11-15 14:30:56.903372,0 days 00:00:00.911432,0.8,10,1.25,0.9,21,98,COMPLETE
9542,9542,18323.25,2023-11-15 14:30:56.906158,2023-11-15 14:30:57.732016,0 days 00:00:00.825858,0.8,10,1.0,0.8,9,97,COMPLETE
9543,9543,18399.5,2023-11-15 14:30:57.735049,2023-11-15 14:30:58.563042,0 days 00:00:00.827993,0.8,10,1.25,0.8,13,90,COMPLETE
9544,9544,18681.25,2023-11-15 14:30:58.565824,2023-11-15 14:30:59.393367,0 days 00:00:00.827543,0.8,10,1.25,0.8,5,99,COMPLETE
9545,9545,18398.25,2023-11-15 14:30:59.397094,2023-11-15 14:31:00.249209,0 days 00:00:00.852115,0.8,10,1.25,0.8,18,100,COMPLETE
9546,9546,17937.0,2023-11-15 14:31:00.252959,2023-11-15 14:31:01.101762,0 days 00:00:00.848803,0.8,20,1.75,0.8,15,94,COMPLETE
9547,9547,18301.75,2023-11-15 14:31:01.104578,2023-11-15 14:31:01.924303,0 days 00:00:00.819725,0.8,10,1.25,0.8,23,96,COMPLETE
9548,9548,18026.5,2023-11-15 14:31:01.927090,2023-11-15 14:31:02.754740,0 days 00:00:00.827650,0.8,10,1.5,0.7000000000000001,2,98,COMPLETE
9549,9549,18361.0,2023-11-15 14:31:02.757981,2023-11-15 14:31:03.613125,0 days 00:00:00.855144,0.9,10,1.0,0.8,7,100,COMPLETE
9550,9550,13130.75,2023-11-15 14:31:03.616202,2023-11-15 14:31:04.454488,0 days 00:00:00.838286,0.8,10,1.25,0.8,11,25,COMPLETE
9551,9551,18216.0,2023-11-15 14:31:04.457374,2023-11-15 14:31:05.286658,0 days 00:00:00.829284,0.7000000000000001,10,1.25,0.8,17,97,COMPLETE
9552,9552,199.5,2023-11-15 14:31:05.289633,2023-11-15 14:31:06.380989,0 days 00:00:01.091356,0.8,10,1.25,0.8,0,98,COMPLETE
9553,9553,18400.0,2023-11-15 14:31:06.384361,2023-11-15 14:31:07.327751,0 days 00:00:00.943390,0.8,10,1.25,0.9,20,94,COMPLETE
9554,9554,18306.5,2023-11-15 14:31:07.330676,2023-11-15 14:31:08.172719,0 days 00:00:00.842043,0.8,10,1.5,0.8,13,100,COMPLETE
9555,9555,18394.5,2023-11-15 14:31:08.176482,2023-11-15 14:31:09.036080,0 days 00:00:00.859598,0.8,10,1.25,0.8,16,96,COMPLETE
9556,9556,18022.0,2023-11-15 14:31:09.038937,2023-11-15 14:31:09.900081,0 days 00:00:00.861144,0.8,10,1.0,0.8,10,98,COMPLETE
9557,9557,18491.25,2023-11-15 14:31:09.903561,2023-11-15 14:31:10.907509,0 days 00:00:01.003948,0.7000000000000001,10,1.25,0.8,19,99,COMPLETE
9558,9558,18202.0,2023-11-15 14:31:10.911437,2023-11-15 14:31:11.809299,0 days 00:00:00.897862,0.8,20,1.25,0.8,3,96,COMPLETE
9559,9559,13089.5,2023-11-15 14:31:11.812309,2023-11-15 14:31:12.693297,0 days 00:00:00.880988,0.8,90,2.0,0.8,6,100,COMPLETE
9560,9560,18399.25,2023-11-15 14:31:12.696473,2023-11-15 14:31:13.532056,0 days 00:00:00.835583,0.8,10,1.25,0.9,22,92,COMPLETE
9561,9561,18209.5,2023-11-15 14:31:13.535132,2023-11-15 14:31:14.385009,0 days 00:00:00.849877,0.8,10,1.25,0.7000000000000001,14,98,COMPLETE
9562,9562,18218.0,2023-11-15 14:31:14.387880,2023-11-15 14:31:15.229953,0 days 00:00:00.842073,0.8,10,1.25,0.8,17,97,COMPLETE
9563,9563,18307.0,2023-11-15 14:31:15.233353,2023-11-15 14:31:16.069545,0 days 00:00:00.836192,0.9,10,1.25,0.8,25,100,COMPLETE
9564,9564,17831.25,2023-11-15 14:31:16.072326,2023-11-15 14:31:16.922549,0 days 00:00:00.850223,0.8,10,1.5,0.8,41,95,COMPLETE
9565,9565,18023.5,2023-11-15 14:31:16.925527,2023-11-15 14:31:17.801886,0 days 00:00:00.876359,0.8,10,1.25,0.8,8,98,COMPLETE
9566,9566,18492.5,2023-11-15 14:31:17.804689,2023-11-15 14:31:18.642979,0 days 00:00:00.838290,0.8,10,1.25,0.8,12,100,COMPLETE
9567,9567,18126.75,2023-11-15 14:31:18.646061,2023-11-15 14:31:19.484812,0 days 00:00:00.838751,0.8,20,1.0,0.8,19,96,COMPLETE
9568,9568,18305.75,2023-11-15 14:31:19.487634,2023-11-15 14:31:20.320154,0 days 00:00:00.832520,0.7000000000000001,10,1.5,0.8,5,98,COMPLETE
9569,9569,18029.25,2023-11-15 14:31:20.323007,2023-11-15 14:31:21.194143,0 days 00:00:00.871136,0.8,10,1.25,0.6,14,94,COMPLETE
9570,9570,18218.0,2023-11-15 14:31:21.197421,2023-11-15 14:31:22.042130,0 days 00:00:00.844709,0.8,10,1.25,0.8,21,97,COMPLETE
9571,9571,14877.0,2023-11-15 14:31:22.045129,2023-11-15 14:31:22.883457,0 days 00:00:00.838328,0.8,60,1.25,0.7000000000000001,10,100,COMPLETE
9572,9572,18265.25,2023-11-15 14:31:22.886807,2023-11-15 14:31:23.713774,0 days 00:00:00.826967,0.8,10,1.25,0.9,16,98,COMPLETE
9573,9573,18497.5,2023-11-15 14:31:23.716549,2023-11-15 14:31:24.572488,0 days 00:00:00.855939,0.8,10,1.0,0.8,18,96,COMPLETE
9574,9574,18681.25,2023-11-15 14:31:24.575336,2023-11-15 14:31:25.520169,0 days 00:00:00.944833,0.8,10,1.25,0.8,3,99,COMPLETE
9575,9575,16551.5,2023-11-15 14:31:25.523396,2023-11-15 14:31:26.500085,0 days 00:00:00.976689,0.8,40,1.25,0.8,7,93,COMPLETE
9576,9576,18305.75,2023-11-15 14:31:26.504125,2023-11-15 14:31:27.356074,0 days 00:00:00.851949,0.8,10,1.5,0.8,15,100,COMPLETE
9577,9577,12619.0,2023-11-15 14:31:27.359371,2023-11-15 14:31:28.252655,0 days 00:00:00.893284,0.8,100,1.25,0.30000000000000004,12,98,COMPLETE
9578,9578,18207.75,2023-11-15 14:31:28.255654,2023-11-15 14:31:29.112586,0 days 00:00:00.856932,0.9,10,1.25,0.8,23,96,COMPLETE
9579,9579,18013.5,2023-11-15 14:31:29.115386,2023-11-15 14:31:29.950046,0 days 00:00:00.834660,0.8,20,1.25,0.8,20,100,COMPLETE
9580,9580,18398.5,2023-11-15 14:31:29.953225,2023-11-15 14:31:30.782199,0 days 00:00:00.828974,0.8,10,1.5,0.8,17,98,COMPLETE
9581,9581,17833.5,2023-11-15 14:31:30.785039,2023-11-15 14:31:31.644207,0 days 00:00:00.859168,0.8,10,1.75,0.8,10,95,COMPLETE
9582,9582,16110.75,2023-11-15 14:31:31.647137,2023-11-15 14:31:32.499005,0 days 00:00:00.851868,0.7000000000000001,50,2.25,0.8,1,97,COMPLETE
9583,9583,18154.5,2023-11-15 14:31:32.501815,2023-11-15 14:31:33.350082,0 days 00:00:00.848267,0.6,10,1.0,0.9,32,100,COMPLETE
9584,9584,18023.5,2023-11-15 14:31:33.352887,2023-11-15 14:31:34.196136,0 days 00:00:00.843249,0.8,10,1.25,0.8,5,98,COMPLETE
9585,9585,17833.0,2023-11-15 14:31:34.199368,2023-11-15 14:31:35.065990,0 days 00:00:00.866622,0.8,10,1.25,0.4,14,95,COMPLETE
9586,9586,18681.25,2023-11-15 14:31:35.069341,2023-11-15 14:31:35.897620,0 days 00:00:00.828279,0.8,10,1.25,0.8,19,99,COMPLETE
9587,9587,18024.5,2023-11-15 14:31:35.900669,2023-11-15 14:31:36.743448,0 days 00:00:00.842779,0.5,10,2.0,0.8,8,97,COMPLETE
9588,9588,18399.0,2023-11-15 14:31:36.747202,2023-11-15 14:31:37.606478,0 days 00:00:00.859276,0.8,10,1.25,0.8,17,100,COMPLETE
9589,9589,17652.0,2023-11-15 14:31:37.609281,2023-11-15 14:31:38.471402,0 days 00:00:00.862121,0.8,20,1.25,0.8,22,93,COMPLETE
9590,9590,18398.75,2023-11-15 14:31:38.475285,2023-11-15 14:31:39.313837,0 days 00:00:00.838552,0.9,10,1.0,0.8,15,96,COMPLETE
9591,9591,18026.5,2023-11-15 14:31:39.316835,2023-11-15 14:31:40.226945,0 days 00:00:00.910110,0.8,10,1.5,0.7000000000000001,11,98,COMPLETE
9592,9592,18218.0,2023-11-15 14:31:40.230870,2023-11-15 14:31:41.211245,0 days 00:00:00.980375,0.8,10,1.25,0.9,3,100,COMPLETE
9593,9593,18362.75,2023-11-15 14:31:41.214611,2023-11-15 14:31:42.051461,0 days 00:00:00.836850,0.8,10,0.75,0.8,26,97,COMPLETE
9594,9594,18410.75,2023-11-15 14:31:42.056601,2023-11-15 14:31:42.908789,0 days 00:00:00.852188,0.8,10,1.25,0.8,13,94,COMPLETE
9595,9595,18681.25,2023-11-15 14:31:42.911976,2023-11-15 14:31:43.743396,0 days 00:00:00.831420,0.8,10,1.25,0.8,18,99,COMPLETE
9596,9596,18023.5,2023-11-15 14:31:43.746512,2023-11-15 14:31:44.601440,0 days 00:00:00.854928,0.8,10,1.25,0.8,6,98,COMPLETE
9597,9597,18301.75,2023-11-15 14:31:44.604348,2023-11-15 14:31:45.442653,0 days 00:00:00.838305,0.8,10,1.25,0.8,20,96,COMPLETE
9598,9598,18399.25,2023-11-15 14:31:45.445743,2023-11-15 14:31:46.271546,0 days 00:00:00.825803,0.8,10,2.5,0.8,16,100,COMPLETE
9599,9599,18117.0,2023-11-15 14:31:46.275235,2023-11-15 14:31:47.141388,0 days 00:00:00.866153,0.7000000000000001,10,1.0,0.7000000000000001,9,98,COMPLETE
9600,9600,557.25,2023-11-15 14:31:47.144172,2023-11-15 14:31:48.194379,0 days 00:00:01.050207,0.8,70,1.5,0.8,0,88,COMPLETE
9601,9601,18112.5,2023-11-15 14:31:48.198031,2023-11-15 14:31:49.295854,0 days 00:00:01.097823,0.8,10,1.25,0.8,12,95,COMPLETE
9602,9602,18013.5,2023-11-15 14:31:49.299804,2023-11-15 14:31:50.249082,0 days 00:00:00.949278,0.8,20,1.25,0.9,21,100,COMPLETE
9603,9603,11424.0,2023-11-15 14:31:50.252633,2023-11-15 14:31:51.226573,0 days 00:00:00.973940,0.2,10,1.25,0.1,5,97,COMPLETE
9604,9604,17833.5,2023-11-15 14:31:51.230228,2023-11-15 14:31:52.083563,0 days 00:00:00.853335,0.9,20,1.25,0.8,24,98,COMPLETE
9605,9605,17937.5,2023-11-15 14:31:52.087180,2023-11-15 14:31:52.994503,0 days 00:00:00.907323,0.4,10,1.75,0.8,15,100,COMPLETE
9606,9606,17469.0,2023-11-15 14:31:52.997946,2023-11-15 14:31:53.841583,0 days 00:00:00.843637,0.8,10,1.25,0.8,3,67,COMPLETE
9607,9607,17837.5,2023-11-15 14:31:53.844958,2023-11-15 14:31:54.727067,0 days 00:00:00.882109,0.8,10,1.0,0.8,18,91,COMPLETE
9608,9608,18394.5,2023-11-15 14:31:54.731042,2023-11-15 14:31:55.725549,0 days 00:00:00.994507,0.8,10,1.25,0.8,7,96,COMPLETE
9609,9609,11643.25,2023-11-15 14:31:55.729567,2023-11-15 14:31:56.696774,0 days 00:00:00.967207,0.7000000000000001,10,1.25,0.8,14,22,COMPLETE
9610,9610,18307.0,2023-11-15 14:31:56.699614,2023-11-15 14:31:57.548585,0 days 00:00:00.848971,0.8,10,1.5,0.8,11,94,COMPLETE
9611,9611,18023.5,2023-11-15 14:31:57.551471,2023-11-15 14:31:58.403954,0 days 00:00:00.852483,0.8,10,1.25,0.8,17,98,COMPLETE
9612,9612,18492.5,2023-11-15 14:31:58.407349,2023-11-15 14:31:59.319762,0 days 00:00:00.912413,0.8,10,1.25,0.8,20,100,COMPLETE
9613,9613,18309.25,2023-11-15 14:31:59.322707,2023-11-15 14:32:00.251064,0 days 00:00:00.928357,0.8,10,2.0,0.8,8,97,COMPLETE
9614,9614,18587.75,2023-11-15 14:32:00.254193,2023-11-15 14:32:01.136839,0 days 00:00:00.882646,0.8,10,1.25,0.9,13,99,COMPLETE
9615,9615,18498.0,2023-11-15 14:32:01.139698,2023-11-15 14:32:01.993210,0 days 00:00:00.853512,0.8,10,1.0,0.8,22,96,COMPLETE
9616,9616,17930.5,2023-11-15 14:32:01.996473,2023-11-15 14:32:02.873697,0 days 00:00:00.877224,0.9,10,1.5,0.8,16,98,COMPLETE
9617,9617,18013.5,2023-11-15 14:32:02.877288,2023-11-15 14:32:03.731565,0 days 00:00:00.854277,0.8,20,1.25,0.7000000000000001,2,100,COMPLETE
9618,9618,18410.75,2023-11-15 14:32:03.734751,2023-11-15 14:32:04.650116,0 days 00:00:00.915365,0.8,10,1.25,0.8,19,94,COMPLETE
9619,9619,18023.5,2023-11-15 14:32:04.653299,2023-11-15 14:32:05.510481,0 days 00:00:00.857182,0.7000000000000001,10,1.25,0.7000000000000001,29,98,COMPLETE
9620,9620,18394.5,2023-11-15 14:32:05.513675,2023-11-15 14:32:06.403873,0 days 00:00:00.890198,0.8,10,1.25,0.8,4,96,COMPLETE
9621,9621,18305.75,2023-11-15 14:32:06.406873,2023-11-15 14:32:07.255206,0 days 00:00:00.848333,0.8,10,1.5,0.8,10,100,COMPLETE
9622,9622,18310.75,2023-11-15 14:32:07.258127,2023-11-15 14:32:08.132481,0 days 00:00:00.874354,0.8,10,1.25,0.8,15,92,COMPLETE
9623,9623,18023.5,2023-11-15 14:32:08.135859,2023-11-15 14:32:08.978218,0 days 00:00:00.842359,0.8,10,1.25,0.8,18,98,COMPLETE
9624,9624,18300.75,2023-11-15 14:32:08.981892,2023-11-15 14:32:09.821173,0 days 00:00:00.839281,0.8,10,1.25,0.9,6,96,COMPLETE
9625,9625,18361.0,2023-11-15 14:32:09.824146,2023-11-15 14:32:10.818391,0 days 00:00:00.994245,0.9,10,1.0,0.8,12,100,COMPLETE
9626,9626,17830.75,2023-11-15 14:32:10.821476,2023-11-15 14:32:11.899995,0 days 00:00:01.078519,0.8,20,1.25,0.8,9,98,COMPLETE
9627,9627,17837.25,2023-11-15 14:32:12.030978,2023-11-15 14:32:13.036361,0 days 00:00:01.005383,0.8,10,1.25,0.8,16,95,COMPLETE
9628,9628,18033.25,2023-11-15 14:32:13.039236,2023-11-15 14:32:13.895113,0 days 00:00:00.855877,0.8,10,1.25,0.8,23,98,COMPLETE
9629,9629,16737.5,2023-11-15 14:32:13.897916,2023-11-15 14:32:14.741818,0 days 00:00:00.843902,0.8,10,1.5,0.8,20,43,COMPLETE
9630,9630,18398.25,2023-11-15 14:32:14.744765,2023-11-15 14:32:15.610555,0 days 00:00:00.865790,0.8,10,1.25,0.8,13,100,COMPLETE
9631,9631,17581.5,2023-11-15 14:32:15.613548,2023-11-15 14:32:16.505527,0 days 00:00:00.891979,0.8,10,1.25,0.2,18,97,COMPLETE
9632,9632,18486.25,2023-11-15 14:32:16.508913,2023-11-15 14:32:17.361371,0 days 00:00:00.852458,0.8,10,1.25,0.8,5,94,COMPLETE
9633,9633,18322.0,2023-11-15 14:32:17.364723,2023-11-15 14:32:18.206476,0 days 00:00:00.841753,0.8,10,1.0,0.8,2,99,COMPLETE
9634,9634,18300.75,2023-11-15 14:32:18.209224,2023-11-15 14:32:19.047582,0 days 00:00:00.838358,0.8,10,1.25,0.9,14,96,COMPLETE
9635,9635,18303.75,2023-11-15 14:32:19.050785,2023-11-15 14:32:19.921918,0 days 00:00:00.871133,0.7000000000000001,10,1.25,0.8,8,98,COMPLETE
9636,9636,18306.5,2023-11-15 14:32:19.924805,2023-11-15 14:32:20.778010,0 days 00:00:00.853205,0.8,10,1.5,0.8,21,100,COMPLETE
9637,9637,18218.0,2023-11-15 14:32:20.781239,2023-11-15 14:32:21.631340,0 days 00:00:00.850101,0.8,10,1.25,0.8,16,97,COMPLETE
9638,9638,18013.5,2023-11-15 14:32:21.634092,2023-11-15 14:32:22.477458,0 days 00:00:00.843366,0.8,20,1.25,0.8,11,100,COMPLETE
9639,9639,17649.0,2023-11-15 14:32:22.480828,2023-11-15 14:32:23.350732,0 days 00:00:00.869904,0.8,10,1.0,0.7000000000000001,18,95,COMPLETE
9640,9640,17667.0,2023-11-15 14:32:23.353514,2023-11-15 14:32:24.207948,0 days 00:00:00.854434,0.9,10,1.25,0.8,94,98,COMPLETE
9641,9641,18301.75,2023-11-15 14:32:24.211150,2023-11-15 14:32:25.065922,0 days 00:00:00.854772,0.8,10,1.25,0.8,24,96,COMPLETE
9642,9642,15666.0,2023-11-15 14:32:25.068762,2023-11-15 14:32:25.974949,0 days 00:00:00.906187,0.8,30,1.25,0.8,4,64,COMPLETE
9643,9643,18396.75,2023-11-15 14:32:25.977998,2023-11-15 14:32:26.985902,0 days 00:00:01.007904,0.7000000000000001,10,2.25,0.9,27,99,COMPLETE
9644,9644,18392.25,2023-11-15 14:32:26.989264,2023-11-15 14:32:28.099909,0 days 00:00:01.110645,0.8,10,1.5,0.7000000000000001,14,93,COMPLETE
9645,9645,18492.5,2023-11-15 14:32:28.150903,2023-11-15 14:32:29.190472,0 days 00:00:01.039569,0.8,10,1.25,0.8,20,100,COMPLETE
9646,9646,18400.25,2023-11-15 14:32:29.193817,2023-11-15 14:32:30.098180,0 days 00:00:00.904363,0.8,10,1.25,0.6,17,97,COMPLETE
9647,9647,199.5,2023-11-15 14:32:30.101765,2023-11-15 14:32:31.220266,0 days 00:00:01.118501,0.8,10,2.0,0.8,0,98,COMPLETE
9648,9648,17924.25,2023-11-15 14:32:31.223965,2023-11-15 14:32:32.148721,0 days 00:00:00.924756,0.8,20,1.0,0.8,6,100,COMPLETE
9649,9649,17837.25,2023-11-15 14:32:32.151548,2023-11-15 14:32:33.018927,0 days 00:00:00.867379,0.8,10,1.25,0.8,10,95,COMPLETE
9650,9650,18399.0,2023-11-15 14:32:33.022165,2023-11-15 14:32:33.870955,0 days 00:00:00.848790,0.8,10,1.75,0.8,15,98,COMPLETE
9651,9651,18026.75,2023-11-15 14:32:33.873808,2023-11-15 14:32:34.718825,0 days 00:00:00.845017,0.8,10,1.25,0.8,53,96,COMPLETE
9652,9652,18399.0,2023-11-15 14:32:34.721687,2023-11-15 14:32:35.602466,0 days 00:00:00.880779,0.8,10,1.25,0.8,22,100,COMPLETE
