,number,value,datetime_start,datetime_complete,duration,params_alpha,params_decay_interval,params_decay_rate,params_gamma,params_initialization,params_max_steps,state
7121,7121,18022.0,2023-11-15 13:59:46.470236,2023-11-15 13:59:47.088233,0 days 00:00:00.617997,0.8,10,1.0,0.8,18,98,COMPLETE
7122,7122,18488.75,2023-11-15 13:59:47.090730,2023-11-15 13:59:47.714359,0 days 00:00:00.623629,0.8,10,2.0,0.8,2,96,COMPLETE
7123,7123,18301.25,2023-11-15 13:59:47.717251,2023-11-15 13:59:48.374588,0 days 00:00:00.657337,0.5,10,1.25,0.8,7,99,COMPLETE
7124,7124,18492.5,2023-11-15 13:59:48.377841,2023-11-15 13:59:48.991665,0 days 00:00:00.613824,0.8,10,1.25,0.8,15,100,COMPLETE
7125,7125,18399.25,2023-11-15 13:59:48.994348,2023-11-15 13:59:49.619217,0 days 00:00:00.624869,0.8,10,1.5,0.7000000000000001,25,94,COMPLETE
7126,7126,18218.0,2023-11-15 13:59:49.621523,2023-11-15 13:59:50.331866,0 days 00:00:00.710343,0.8,10,1.25,0.8,10,97,COMPLETE
7127,7127,17782.5,2023-11-15 13:59:50.335811,2023-11-15 13:59:51.034964,0 days 00:00:00.699153,0.8,20,1.0,0.8,21,98,COMPLETE
7128,7128,11805.0,2023-11-15 13:59:51.037925,2023-11-15 13:59:51.705396,0 days 00:00:00.667471,0.2,100,1.25,0.8,19,95,COMPLETE
7129,7129,18492.5,2023-11-15 13:59:51.707668,2023-11-15 13:59:52.327630,0 days 00:00:00.619962,0.8,10,1.25,0.8,12,100,COMPLETE
7130,7130,18213.5,2023-11-15 13:59:52.330149,2023-11-15 13:59:52.951008,0 days 00:00:00.620859,0.8,10,1.25,0.5,4,92,COMPLETE
7131,7131,17936.25,2023-11-15 13:59:52.953586,2023-11-15 13:59:53.584156,0 days 00:00:00.630570,0.8,10,1.5,0.4,16,97,COMPLETE
7132,7132,18681.25,2023-11-15 13:59:53.586660,2023-11-15 13:59:54.187145,0 days 00:00:00.600485,0.8,10,1.25,0.8,14,99,COMPLETE
7133,7133,18399.75,2023-11-15 13:59:54.189467,2023-11-15 13:59:54.840858,0 days 00:00:00.651391,0.9,10,1.25,0.9,23,90,COMPLETE
7134,7134,18497.5,2023-11-15 13:59:54.843129,2023-11-15 13:59:55.463509,0 days 00:00:00.620380,0.8,10,1.0,0.8,6,96,COMPLETE
7135,7135,18023.5,2023-11-15 13:59:55.466270,2023-11-15 13:59:56.088369,0 days 00:00:00.622099,0.8,10,1.25,0.8,17,98,COMPLETE
7136,7136,18399.0,2023-11-15 13:59:56.090659,2023-11-15 13:59:56.705558,0 days 00:00:00.614899,0.8,10,1.25,0.7000000000000001,9,100,COMPLETE
7137,7137,18398.5,2023-11-15 13:59:56.708056,2023-11-15 13:59:57.324412,0 days 00:00:00.616356,0.8,10,1.5,0.8,20,98,COMPLETE
7138,7138,17384.0,2023-11-15 13:59:57.327239,2023-11-15 13:59:57.952888,0 days 00:00:00.625649,0.7000000000000001,10,1.25,0.8,71,95,COMPLETE
7139,7139,16291.0,2023-11-15 13:59:57.955110,2023-11-15 13:59:58.577818,0 days 00:00:00.622708,0.8,40,1.25,0.8,13,100,COMPLETE
7140,7140,18218.0,2023-11-15 13:59:58.580696,2023-11-15 13:59:59.191314,0 days 00:00:00.610618,0.8,10,1.25,0.8,18,97,COMPLETE
7141,7141,18486.25,2023-11-15 13:59:59.193958,2023-11-15 13:59:59.820698,0 days 00:00:00.626740,0.8,10,1.25,0.8,11,94,COMPLETE
7142,7142,17747.5,2023-11-15 13:59:59.823143,2023-11-15 14:00:00.441228,0 days 00:00:00.618085,0.9,20,1.0,0.8,3,98,COMPLETE
7143,7143,18492.5,2023-11-15 14:00:00.443539,2023-11-15 14:00:01.084637,0 days 00:00:00.641098,0.8,10,1.25,0.8,15,100,COMPLETE
7144,7144,18301.5,2023-11-15 14:00:01.087093,2023-11-15 14:00:01.714914,0 days 00:00:00.627821,0.8,10,1.5,0.8,22,96,COMPLETE
7145,7145,18122.75,2023-11-15 14:00:01.717646,2023-11-15 14:00:02.369386,0 days 00:00:00.651740,0.8,10,3.0,0.9,8,98,COMPLETE
7146,7146,18492.5,2023-11-15 14:00:02.372071,2023-11-15 14:00:03.045060,0 days 00:00:00.672989,0.8,10,1.25,0.8,19,100,COMPLETE
7147,7147,18394.5,2023-11-15 14:00:03.047947,2023-11-15 14:00:03.710215,0 days 00:00:00.662268,0.8,10,1.25,0.8,1,96,COMPLETE
7148,7148,17565.75,2023-11-15 14:00:03.712980,2023-11-15 14:00:04.373069,0 days 00:00:00.660089,0.8,30,1.25,0.8,5,98,COMPLETE
7149,7149,18681.25,2023-11-15 14:00:04.376571,2023-11-15 14:00:05.187367,0 days 00:00:00.810796,0.8,10,1.25,0.8,17,99,COMPLETE
7150,7150,17562.25,2023-11-15 14:00:05.190113,2023-11-15 14:00:05.840922,0 days 00:00:00.650809,0.8,20,1.25,0.7000000000000001,27,93,COMPLETE
7151,7151,14505.0,2023-11-15 14:00:05.843153,2023-11-15 14:00:06.509364,0 days 00:00:00.666211,0.1,10,1.75,0.8,14,96,COMPLETE
7152,7152,18458.5,2023-11-15 14:00:06.512016,2023-11-15 14:00:07.129645,0 days 00:00:00.617629,0.8,10,1.0,0.8,11,100,COMPLETE
7153,7153,18117.75,2023-11-15 14:00:07.132207,2023-11-15 14:00:07.787374,0 days 00:00:00.655167,0.7000000000000001,10,1.5,0.8,16,97,COMPLETE
7154,7154,18117.5,2023-11-15 14:00:07.789889,2023-11-15 14:00:08.406100,0 days 00:00:00.616211,0.8,10,1.25,0.9,21,98,COMPLETE
7155,7155,18486.25,2023-11-15 14:00:08.408422,2023-11-15 14:00:09.035921,0 days 00:00:00.627499,0.8,10,1.25,0.8,7,94,COMPLETE
7156,7156,18211.5,2023-11-15 14:00:09.038210,2023-11-15 14:00:09.671892,0 days 00:00:00.633682,0.8,10,1.25,0.6,3,100,COMPLETE
7157,7157,18023.5,2023-11-15 14:00:09.674510,2023-11-15 14:00:10.300907,0 days 00:00:00.626397,0.8,10,1.25,0.8,18,98,COMPLETE
7158,7158,17463.5,2023-11-15 14:00:10.303189,2023-11-15 14:00:10.929181,0 days 00:00:00.625992,0.8,10,0.5,0.8,66,96,COMPLETE
7159,7159,18361.0,2023-11-15 14:00:10.932671,2023-11-15 14:00:11.563977,0 days 00:00:00.631306,0.9,10,1.0,0.8,13,100,COMPLETE
7160,7160,18023.5,2023-11-15 14:00:11.566482,2023-11-15 14:00:12.198077,0 days 00:00:00.631595,0.7000000000000001,10,1.25,0.7000000000000001,20,98,COMPLETE
7161,7161,17831.25,2023-11-15 14:00:12.200400,2023-11-15 14:00:12.832599,0 days 00:00:00.632199,0.8,10,1.5,0.8,9,95,COMPLETE
7162,7162,18218.0,2023-11-15 14:00:12.835080,2023-11-15 14:00:13.449026,0 days 00:00:00.613946,0.8,10,1.25,0.8,5,97,COMPLETE
7163,7163,18013.5,2023-11-15 14:00:13.451416,2023-11-15 14:00:14.110143,0 days 00:00:00.658727,0.8,20,1.25,0.9,16,100,COMPLETE
7164,7164,18023.5,2023-11-15 14:00:14.112399,2023-11-15 14:00:14.733469,0 days 00:00:00.621070,0.8,10,1.25,0.8,24,98,COMPLETE
7165,7165,18394.5,2023-11-15 14:00:14.736347,2023-11-15 14:00:15.361233,0 days 00:00:00.624886,0.8,10,1.25,0.8,11,96,COMPLETE
7166,7166,18681.25,2023-11-15 14:00:15.364008,2023-11-15 14:00:15.992354,0 days 00:00:00.628346,0.8,10,1.25,0.8,13,99,COMPLETE
7167,7167,18399.25,2023-11-15 14:00:15.994736,2023-11-15 14:00:16.621328,0 days 00:00:00.626592,0.8,10,1.25,0.8,18,92,COMPLETE
7168,7168,18305.75,2023-11-15 14:00:16.623611,2023-11-15 14:00:17.242916,0 days 00:00:00.619305,0.8,10,1.5,0.8,1,100,COMPLETE
7169,7169,18298.0,2023-11-15 14:00:17.245487,2023-11-15 14:00:17.869341,0 days 00:00:00.623854,0.8,10,1.0,0.8,15,94,COMPLETE
7170,7170,18218.0,2023-11-15 14:00:17.871643,2023-11-15 14:00:18.509226,0 days 00:00:00.637583,0.8,10,1.25,0.8,22,97,COMPLETE
7171,7171,18017.0,2023-11-15 14:00:18.511759,2023-11-15 14:00:19.234824,0 days 00:00:00.723065,0.9,20,1.75,0.8,7,98,COMPLETE
7172,7172,17837.25,2023-11-15 14:00:19.237491,2023-11-15 14:00:19.888176,0 days 00:00:00.650685,0.8,10,1.25,0.8,19,95,COMPLETE
7173,7173,18306.25,2023-11-15 14:00:19.890818,2023-11-15 14:00:20.506733,0 days 00:00:00.615915,0.8,10,1.25,0.9,4,100,COMPLETE
7174,7174,17206.0,2023-11-15 14:00:20.509042,2023-11-15 14:00:21.128778,0 days 00:00:00.619736,0.8,10,1.25,0.7000000000000001,59,67,COMPLETE
7175,7175,18305.25,2023-11-15 14:00:21.131600,2023-11-15 14:00:21.745341,0 days 00:00:00.613741,0.8,10,1.5,0.8,16,98,COMPLETE
7176,7176,18394.5,2023-11-15 14:00:21.749160,2023-11-15 14:00:22.368325,0 days 00:00:00.619165,0.8,10,1.25,0.8,10,96,COMPLETE
7177,7177,18491.25,2023-11-15 14:00:22.370610,2023-11-15 14:00:22.982085,0 days 00:00:00.611475,0.7000000000000001,10,1.25,0.8,14,99,COMPLETE
7178,7178,382.25,2023-11-15 14:00:22.984435,2023-11-15 14:00:23.860134,0 days 00:00:00.875699,0.8,50,1.25,0.8,0,100,COMPLETE
7179,7179,17466.25,2023-11-15 14:00:23.862453,2023-11-15 14:00:24.488936,0 days 00:00:00.626483,0.8,20,1.0,0.8,20,97,COMPLETE
7180,7180,12375.0,2023-11-15 14:00:24.491378,2023-11-15 14:00:25.133967,0 days 00:00:00.642589,0.8,10,1.25,0.8,96,25,COMPLETE
7181,7181,18212.75,2023-11-15 14:00:25.136255,2023-11-15 14:00:25.763640,0 days 00:00:00.627385,0.8,10,1.5,0.9,17,98,COMPLETE
7182,7182,17746.5,2023-11-15 14:00:25.766151,2023-11-15 14:00:26.394914,0 days 00:00:00.628763,0.8,10,1.25,0.7000000000000001,6,95,COMPLETE
7183,7183,18401.0,2023-11-15 14:00:26.397805,2023-11-15 14:00:27.010330,0 days 00:00:00.612525,0.8,10,1.0,0.8,12,100,COMPLETE
7184,7184,18245.0,2023-11-15 14:00:27.012805,2023-11-15 14:00:27.649914,0 days 00:00:00.637109,0.9,10,0.75,0.8,22,97,COMPLETE
7185,7185,17749.25,2023-11-15 14:00:27.652620,2023-11-15 14:00:28.302278,0 days 00:00:00.649658,0.5,10,1.25,0.8,9,93,COMPLETE
7186,7186,18023.5,2023-11-15 14:00:28.305321,2023-11-15 14:00:28.978520,0 days 00:00:00.673199,0.8,10,1.25,0.8,3,98,COMPLETE
7187,7187,18013.5,2023-11-15 14:00:28.981394,2023-11-15 14:00:29.630839,0 days 00:00:00.649445,0.8,20,1.25,0.8,18,100,COMPLETE
7188,7188,18394.5,2023-11-15 14:00:29.633517,2023-11-15 14:00:30.261699,0 days 00:00:00.628182,0.8,10,1.25,0.8,15,96,COMPLETE
7189,7189,18212.75,2023-11-15 14:00:30.264014,2023-11-15 14:00:30.910847,0 days 00:00:00.646833,0.8,10,1.5,0.8,25,98,COMPLETE
7190,7190,18681.25,2023-11-15 14:00:30.913532,2023-11-15 14:00:31.760044,0 days 00:00:00.846512,0.8,10,1.25,0.8,12,99,COMPLETE
7191,7191,18498.0,2023-11-15 14:00:31.763106,2023-11-15 14:00:32.541440,0 days 00:00:00.778334,0.8,10,1.0,0.8,20,96,COMPLETE
7192,7192,18492.5,2023-11-15 14:00:32.544129,2023-11-15 14:00:33.185115,0 days 00:00:00.640986,0.8,10,1.25,0.8,6,100,COMPLETE
7193,7193,13573.75,2023-11-15 14:00:33.187531,2023-11-15 14:00:33.846938,0 days 00:00:00.659407,0.7000000000000001,80,1.25,0.9,14,95,COMPLETE
7194,7194,18023.5,2023-11-15 14:00:33.849759,2023-11-15 14:00:34.481075,0 days 00:00:00.631316,0.8,10,1.25,0.8,2,98,COMPLETE
7195,7195,18218.0,2023-11-15 14:00:34.483527,2023-11-15 14:00:35.109097,0 days 00:00:00.625570,0.8,10,1.25,0.8,17,97,COMPLETE
7196,7196,18212.25,2023-11-15 14:00:35.111412,2023-11-15 14:00:35.741754,0 days 00:00:00.630342,0.8,10,1.25,0.7000000000000001,8,100,COMPLETE
7197,7197,18410.75,2023-11-15 14:00:35.744152,2023-11-15 14:00:36.366488,0 days 00:00:00.622336,0.8,10,1.25,0.8,19,94,COMPLETE
7198,7198,18040.25,2023-11-15 14:00:36.368825,2023-11-15 14:00:37.007152,0 days 00:00:00.638327,0.6,10,1.0,0.8,16,98,COMPLETE
7199,7199,18107.75,2023-11-15 14:00:37.009409,2023-11-15 14:00:37.645049,0 days 00:00:00.635640,0.8,20,1.5,0.8,23,100,COMPLETE
7200,7200,18394.5,2023-11-15 14:00:37.647368,2023-11-15 14:00:38.285596,0 days 00:00:00.638228,0.8,10,1.25,0.8,10,96,COMPLETE
7201,7201,18115.25,2023-11-15 14:00:38.288131,2023-11-15 14:00:38.933757,0 days 00:00:00.645626,0.9,10,1.25,0.9,5,98,COMPLETE
7202,7202,18395.25,2023-11-15 14:00:38.936133,2023-11-15 14:00:39.565192,0 days 00:00:00.629059,0.8,10,1.5,0.8,13,96,COMPLETE
7203,7203,17655.25,2023-11-15 14:00:39.567473,2023-11-15 14:00:40.205447,0 days 00:00:00.637974,0.8,10,1.25,0.8,21,91,COMPLETE
7204,7204,18491.25,2023-11-15 14:00:40.207727,2023-11-15 14:00:40.842299,0 days 00:00:00.634572,0.7000000000000001,10,1.25,0.8,18,99,COMPLETE
7205,7205,18410.75,2023-11-15 14:00:40.845812,2023-11-15 14:00:41.499372,0 days 00:00:00.653560,0.8,10,1.25,0.8,15,94,COMPLETE
7206,7206,18107.75,2023-11-15 14:00:41.501943,2023-11-15 14:00:42.154963,0 days 00:00:00.653020,0.8,20,1.75,0.8,12,100,COMPLETE
7207,7207,18211.5,2023-11-15 14:00:42.157210,2023-11-15 14:00:42.856724,0 days 00:00:00.699514,0.8,10,2.5,0.8,2,98,COMPLETE
7208,7208,18218.0,2023-11-15 14:00:42.859067,2023-11-15 14:00:43.698013,0 days 00:00:00.838946,0.8,10,1.25,0.8,39,97,COMPLETE
7209,7209,17745.5,2023-11-15 14:00:43.700536,2023-11-15 14:00:44.446578,0 days 00:00:00.746042,0.8,10,1.25,0.7000000000000001,4,76,COMPLETE
7210,7210,18401.0,2023-11-15 14:00:44.449284,2023-11-15 14:00:45.196912,0 days 00:00:00.747628,0.8,10,1.0,0.8,7,100,COMPLETE
7211,7211,18265.25,2023-11-15 14:00:45.199204,2023-11-15 14:00:45.844873,0 days 00:00:00.645669,0.8,10,1.25,0.9,17,98,COMPLETE
7212,7212,18394.5,2023-11-15 14:00:45.847124,2023-11-15 14:00:46.557901,0 days 00:00:00.710777,0.8,10,1.25,0.8,9,96,COMPLETE
7213,7213,18300.0,2023-11-15 14:00:46.560309,2023-11-15 14:00:47.311090,0 days 00:00:00.750781,0.8,10,1.5,0.8,20,93,COMPLETE
7214,7214,18307.0,2023-11-15 14:00:47.313944,2023-11-15 14:00:48.170071,0 days 00:00:00.856127,0.9,10,1.25,0.8,14,100,COMPLETE
7215,7215,18023.5,2023-11-15 14:00:48.173454,2023-11-15 14:00:48.868899,0 days 00:00:00.695445,0.8,10,1.25,0.8,18,98,COMPLETE
7216,7216,100.0,2023-11-15 14:00:48.871214,2023-11-15 14:00:49.775111,0 days 00:00:00.903897,0.8,20,1.25,0.6,0,95,COMPLETE
7217,7217,18399.75,2023-11-15 14:00:49.777895,2023-11-15 14:00:50.415610,0 days 00:00:00.637715,0.7000000000000001,10,1.25,0.8,11,97,COMPLETE
7218,7218,17143.5,2023-11-15 14:00:50.417975,2023-11-15 14:00:51.055221,0 days 00:00:00.637246,0.8,10,1.0,0.1,85,100,COMPLETE
7219,7219,17300.25,2023-11-15 14:00:51.058043,2023-11-15 14:00:51.702215,0 days 00:00:00.644172,0.30000000000000004,10,1.25,0.8,16,98,COMPLETE
7220,7220,18301.5,2023-11-15 14:00:51.704549,2023-11-15 14:00:52.332700,0 days 00:00:00.628151,0.8,10,1.5,0.8,23,96,COMPLETE
7221,7221,18681.25,2023-11-15 14:00:52.335319,2023-11-15 14:00:52.959050,0 days 00:00:00.623731,0.8,10,1.25,0.8,6,99,COMPLETE
7222,7222,14290.75,2023-11-15 14:00:52.962732,2023-11-15 14:00:53.601306,0 days 00:00:00.638574,0.8,70,1.25,0.8,21,100,COMPLETE
7223,7223,18308.75,2023-11-15 14:00:53.603716,2023-11-15 14:00:54.236012,0 days 00:00:00.632296,0.8,10,1.25,0.7000000000000001,14,97,COMPLETE
7224,7224,18210.25,2023-11-15 14:00:54.238473,2023-11-15 14:00:54.861329,0 days 00:00:00.622856,0.8,10,1.0,0.9,26,94,COMPLETE
7225,7225,15424.25,2023-11-15 14:00:54.863899,2023-11-15 14:00:55.511281,0 days 00:00:00.647382,0.8,60,1.25,0.8,8,98,COMPLETE
7226,7226,17831.25,2023-11-15 14:00:55.513667,2023-11-15 14:00:56.175909,0 days 00:00:00.662242,0.8,10,1.5,0.8,19,95,COMPLETE
7227,7227,18399.5,2023-11-15 14:00:56.178632,2023-11-15 14:00:56.826365,0 days 00:00:00.647733,0.9,10,1.25,0.8,4,100,COMPLETE
7228,7228,18023.5,2023-11-15 14:00:56.828958,2023-11-15 14:00:57.459547,0 days 00:00:00.630589,0.8,10,1.25,0.8,16,98,COMPLETE
7229,7229,18394.5,2023-11-15 14:00:57.462244,2023-11-15 14:00:58.091129,0 days 00:00:00.628885,0.8,10,1.25,0.8,13,96,COMPLETE
7230,7230,17736.0,2023-11-15 14:00:58.093427,2023-11-15 14:00:58.729801,0 days 00:00:00.636374,0.8,20,1.0,0.8,11,99,COMPLETE
7231,7231,18217.25,2023-11-15 14:00:58.732505,2023-11-15 14:00:59.365050,0 days 00:00:00.632545,0.8,10,1.25,0.9,2,97,COMPLETE
7232,7232,18397.5,2023-11-15 14:00:59.367487,2023-11-15 14:00:59.999946,0 days 00:00:00.632459,0.8,10,1.75,0.8,18,92,COMPLETE
7233,7233,16538.0,2023-11-15 14:01:00.002400,2023-11-15 14:01:00.670522,0 days 00:00:00.668122,0.8,40,2.0,0.8,15,100,COMPLETE
7234,7234,18209.5,2023-11-15 14:01:00.672856,2023-11-15 14:01:01.305179,0 days 00:00:00.632323,0.8,10,1.25,0.7000000000000001,21,98,COMPLETE
7235,7235,18488.5,2023-11-15 14:01:01.307671,2023-11-15 14:01:01.952432,0 days 00:00:00.644761,0.7000000000000001,10,1.25,0.8,5,100,COMPLETE
7236,7236,18301.5,2023-11-15 14:01:01.956137,2023-11-15 14:01:02.688258,0 days 00:00:00.732121,0.8,10,1.5,0.8,9,96,COMPLETE
7237,7237,18410.75,2023-11-15 14:01:02.691385,2023-11-15 14:01:03.370049,0 days 00:00:00.678664,0.8,10,1.25,0.8,17,94,COMPLETE
7238,7238,17830.75,2023-11-15 14:01:03.372367,2023-11-15 14:01:04.006707,0 days 00:00:00.634340,0.8,20,1.25,0.8,19,98,COMPLETE
7239,7239,18301.75,2023-11-15 14:01:04.009015,2023-11-15 14:01:04.629090,0 days 00:00:00.620075,0.8,10,1.25,0.8,24,96,COMPLETE
7240,7240,18307.0,2023-11-15 14:01:04.631784,2023-11-15 14:01:05.259478,0 days 00:00:00.627694,0.9,10,1.25,0.8,13,100,COMPLETE
7241,7241,18022.0,2023-11-15 14:01:05.261818,2023-11-15 14:01:05.886767,0 days 00:00:00.624949,0.8,10,1.0,0.8,7,98,COMPLETE
7242,7242,18112.5,2023-11-15 14:01:05.889485,2023-11-15 14:01:06.524099,0 days 00:00:00.634614,0.8,10,1.25,0.8,15,95,COMPLETE
7243,7243,18265.25,2023-11-15 14:01:06.526442,2023-11-15 14:01:07.165280,0 days 00:00:00.638838,0.8,10,1.25,0.9,3,98,COMPLETE
7244,7244,18305.75,2023-11-15 14:01:07.167770,2023-11-15 14:01:07.799863,0 days 00:00:00.632093,0.8,10,1.5,0.8,10,100,COMPLETE
7245,7245,8075.5,2023-11-15 14:01:07.802469,2023-11-15 14:01:08.422750,0 days 00:00:00.620281,0.8,10,1.25,0.8,22,13,COMPLETE
7246,7246,18400.5,2023-11-15 14:01:08.425132,2023-11-15 14:01:09.048257,0 days 00:00:00.623125,0.8,10,1.5,0.7000000000000001,17,97,COMPLETE
7247,7247,18358.75,2023-11-15 14:01:09.050872,2023-11-15 14:01:09.686881,0 days 00:00:00.636009,0.7000000000000001,10,1.0,0.8,13,99,COMPLETE
7248,7248,18301.75,2023-11-15 14:01:09.689152,2023-11-15 14:01:10.314278,0 days 00:00:00.625126,0.8,10,1.25,0.8,20,96,COMPLETE
7249,7249,199.5,2023-11-15 14:01:10.317132,2023-11-15 14:01:11.201646,0 days 00:00:00.884514,0.8,10,1.25,0.8,0,100,COMPLETE
7250,7250,17652.0,2023-11-15 14:01:11.203999,2023-11-15 14:01:11.861456,0 days 00:00:00.657457,0.8,20,1.25,0.8,5,93,COMPLETE
7251,7251,13095.25,2023-11-15 14:01:11.864126,2023-11-15 14:01:12.525299,0 days 00:00:00.661173,0.8,90,1.25,0.2,16,98,COMPLETE
7252,7252,18300.75,2023-11-15 14:01:12.527801,2023-11-15 14:01:13.157447,0 days 00:00:00.629646,0.8,10,1.25,0.9,11,96,COMPLETE
7253,7253,18023.5,2023-11-15 14:01:13.159853,2023-11-15 14:01:13.821368,0 days 00:00:00.661515,0.8,10,1.25,0.8,19,98,COMPLETE
7254,7254,17845.25,2023-11-15 14:01:13.823690,2023-11-15 14:01:14.468700,0 days 00:00:00.645010,0.4,10,1.0,0.8,8,100,COMPLETE
7255,7255,18218.0,2023-11-15 14:01:14.471704,2023-11-15 14:01:15.111224,0 days 00:00:00.639520,0.8,10,1.25,0.8,29,97,COMPLETE
7256,7256,18397.25,2023-11-15 14:01:15.114416,2023-11-15 14:01:15.758492,0 days 00:00:00.644076,0.9,10,1.25,0.8,15,94,COMPLETE
7257,7257,17574.0,2023-11-15 14:01:15.760818,2023-11-15 14:01:16.409366,0 days 00:00:00.648548,0.8,10,1.25,0.30000000000000004,18,99,COMPLETE
7258,7258,17923.0,2023-11-15 14:01:16.411650,2023-11-15 14:01:17.159357,0 days 00:00:00.747707,0.8,10,1.5,0.5,2,95,COMPLETE
7259,7259,17836.75,2023-11-15 14:01:17.162233,2023-11-15 14:01:17.985678,0 days 00:00:00.823445,0.8,10,1.25,0.8,22,71,COMPLETE
7260,7260,18124.5,2023-11-15 14:01:17.988656,2023-11-15 14:01:18.711498,0 days 00:00:00.722842,0.8,10,1.75,0.7000000000000001,43,100,COMPLETE
7261,7261,18323.25,2023-11-15 14:01:18.713825,2023-11-15 14:01:19.361433,0 days 00:00:00.647608,0.8,10,1.0,0.8,12,97,COMPLETE
7262,7262,17418.5,2023-11-15 14:01:19.363842,2023-11-15 14:01:20.008249,0 days 00:00:00.644407,0.7000000000000001,20,1.25,0.8,6,82,COMPLETE
7263,7263,18399.5,2023-11-15 14:01:20.011278,2023-11-15 14:01:20.641475,0 days 00:00:00.630197,0.8,10,1.25,0.8,14,90,COMPLETE
7264,7264,18023.5,2023-11-15 14:01:20.643841,2023-11-15 14:01:21.266108,0 days 00:00:00.622267,0.8,10,1.25,0.8,20,98,COMPLETE
7265,7265,18305.75,2023-11-15 14:01:21.268606,2023-11-15 14:01:21.904060,0 days 00:00:00.635454,0.8,10,1.5,0.8,4,100,COMPLETE
7266,7266,18300.75,2023-11-15 14:01:21.906323,2023-11-15 14:01:22.530956,0 days 00:00:00.624633,0.8,10,1.25,0.9,17,96,COMPLETE
7267,7267,18209.5,2023-11-15 14:01:22.533770,2023-11-15 14:01:23.170389,0 days 00:00:00.636619,0.9,10,1.25,0.8,8,98,COMPLETE
7268,7268,17830.75,2023-11-15 14:01:23.172756,2023-11-15 14:01:23.821311,0 days 00:00:00.648555,0.8,20,1.25,0.8,24,98,COMPLETE
7269,7269,18458.5,2023-11-15 14:01:23.824498,2023-11-15 14:01:24.466601,0 days 00:00:00.642103,0.8,10,1.0,0.8,11,100,COMPLETE
7270,7270,17742.25,2023-11-15 14:01:24.469033,2023-11-15 14:01:25.110781,0 days 00:00:00.641748,0.8,10,0.75,0.7000000000000001,16,95,COMPLETE
7271,7271,18296.0,2023-11-15 14:01:25.113623,2023-11-15 14:01:25.736628,0 days 00:00:00.623005,0.7000000000000001,10,1.25,0.8,14,97,COMPLETE
7272,7272,18300.0,2023-11-15 14:01:25.739088,2023-11-15 14:01:26.372753,0 days 00:00:00.633665,0.8,10,1.5,0.8,19,93,COMPLETE
7273,7273,18398.25,2023-11-15 14:01:26.375079,2023-11-15 14:01:27.005707,0 days 00:00:00.630628,0.8,10,1.25,0.8,9,100,COMPLETE
7274,7274,18023.5,2023-11-15 14:01:27.007991,2023-11-15 14:01:27.654212,0 days 00:00:00.646221,0.8,10,1.25,0.8,21,98,COMPLETE
7275,7275,18394.5,2023-11-15 14:01:27.656537,2023-11-15 14:01:28.286877,0 days 00:00:00.630340,0.8,10,1.25,0.8,2,96,COMPLETE
7276,7276,18681.25,2023-11-15 14:01:28.290100,2023-11-15 14:01:28.914981,0 days 00:00:00.624881,0.8,10,1.25,0.8,6,99,COMPLETE
7277,7277,17747.25,2023-11-15 14:01:28.917885,2023-11-15 14:01:29.549377,0 days 00:00:00.631492,0.8,10,1.25,0.9,17,95,COMPLETE
7278,7278,17830.75,2023-11-15 14:01:29.551741,2023-11-15 14:01:30.184422,0 days 00:00:00.632681,0.8,20,1.25,0.8,13,98,COMPLETE
7279,7279,11499.0,2023-11-15 14:01:30.186808,2023-11-15 14:01:30.850530,0 days 00:00:00.663722,0.8,50,1.25,0.8,15,31,COMPLETE
7280,7280,18461.25,2023-11-15 14:01:30.852901,2023-11-15 14:01:31.479901,0 days 00:00:00.627000,0.9,10,1.0,0.8,4,100,COMPLETE
7281,7281,17767.0,2023-11-15 14:01:31.482449,2023-11-15 14:01:32.130878,0 days 00:00:00.648429,0.8,10,1.25,0.8,80,97,COMPLETE
7282,7282,18400.5,2023-11-15 14:01:32.133248,2023-11-15 14:01:32.873900,0 days 00:00:00.740652,0.7000000000000001,10,1.5,0.8,33,100,COMPLETE
7283,7283,18209.25,2023-11-15 14:01:32.877302,2023-11-15 14:01:33.536568,0 days 00:00:00.659266,0.8,10,1.25,0.7000000000000001,26,96,COMPLETE
7284,7284,18023.5,2023-11-15 14:01:33.538981,2023-11-15 14:01:34.164345,0 days 00:00:00.625364,0.8,10,1.25,0.8,10,98,COMPLETE
7285,7285,18140.0,2023-11-15 14:01:34.167271,2023-11-15 14:01:34.801031,0 days 00:00:00.633760,0.8,10,1.0,0.9,19,93,COMPLETE
7286,7286,18033.25,2023-11-15 14:01:34.803792,2023-11-15 14:01:35.438852,0 days 00:00:00.635060,0.8,10,1.25,0.8,23,98,COMPLETE
7287,7287,18212.5,2023-11-15 14:01:35.442087,2023-11-15 14:01:36.078103,0 days 00:00:00.636016,0.6,10,1.5,0.8,12,100,COMPLETE
7288,7288,17837.25,2023-11-15 14:01:36.080362,2023-11-15 14:01:36.717983,0 days 00:00:00.637621,0.8,10,1.25,0.8,16,95,COMPLETE
7289,7289,12747.75,2023-11-15 14:01:36.720536,2023-11-15 14:01:37.370831,0 days 00:00:00.650295,0.8,10,1.25,0.8,7,23,COMPLETE
