,number,value,datetime_start,datetime_complete,duration,params_alpha,params_decay_interval,params_decay_rate,params_gamma,params_initialization,params_max_steps,state
1881,1881,16713.5,2023-11-15 12:04:33.818262,2023-11-15 12:04:34.019991,0 days 00:00:00.201729,0.8,10,2.5,0.9,30,66,COMPLETE
1882,1882,17371.5,2023-11-15 12:04:34.021514,2023-11-15 12:04:34.222710,0 days 00:00:00.201196,0.8,10,1.5,0.9,37,79,COMPLETE
1883,1883,17369.5,2023-11-15 12:04:34.224276,2023-11-15 12:04:34.427463,0 days 00:00:00.203187,0.8,10,3.0,0.9,33,73,COMPLETE
1884,1884,19066.0,2023-11-15 12:04:34.429450,2023-11-15 12:04:34.619488,0 days 00:00:00.190038,0.8,10,1.5,0.9,22,75,COMPLETE
1885,1885,16804.0,2023-11-15 12:04:34.620898,2023-11-15 12:04:34.818553,0 days 00:00:00.197655,0.8,10,1.5,0.9,26,52,COMPLETE
1886,1886,17074.75,2023-11-15 12:04:34.819979,2023-11-15 12:04:35.017195,0 days 00:00:00.197216,0.8,20,1.5,0.9,30,69,COMPLETE
1887,1887,14597.25,2023-11-15 12:04:35.018552,2023-11-15 12:04:35.240814,0 days 00:00:00.222262,0.8,50,1.5,0.9,87,71,COMPLETE
1888,1888,17567.25,2023-11-15 12:04:35.242200,2023-11-15 12:04:35.443941,0 days 00:00:00.201741,0.8,10,1.25,0.9,20,83,COMPLETE
1889,1889,17934.5,2023-11-15 12:04:35.445617,2023-11-15 12:04:35.642456,0 days 00:00:00.196839,0.8,10,1.5,0.9,27,77,COMPLETE
1890,1890,17457.75,2023-11-15 12:04:35.644217,2023-11-15 12:04:35.842828,0 days 00:00:00.198611,0.8,10,1.5,0.9,23,73,COMPLETE
1891,1891,11411.25,2023-11-15 12:04:35.844748,2023-11-15 12:04:36.038570,0 days 00:00:00.193822,0.8,10,1.5,0.9,35,19,COMPLETE
1892,1892,17926.25,2023-11-15 12:04:36.039809,2023-11-15 12:04:36.236233,0 days 00:00:00.196424,0.8,10,1.5,0.9,38,80,COMPLETE
1893,1893,16921.75,2023-11-15 12:04:36.237418,2023-11-15 12:04:36.437035,0 days 00:00:00.199617,0.8,10,1.25,0.9,33,64,COMPLETE
1894,1894,17182.0,2023-11-15 12:04:36.438295,2023-11-15 12:04:36.635838,0 days 00:00:00.197543,0.7000000000000001,10,1.5,0.9,25,68,COMPLETE
1895,1895,16920.0,2023-11-15 12:04:36.637277,2023-11-15 12:04:36.849145,0 days 00:00:00.211868,0.8,20,1.5,0.9,41,75,COMPLETE
1896,1896,17209.0,2023-11-15 12:04:36.850476,2023-11-15 12:04:37.054448,0 days 00:00:00.203972,0.8,10,1.5,0.9,21,71,COMPLETE
1897,1897,15215.25,2023-11-15 12:04:37.055940,2023-11-15 12:04:37.272593,0 days 00:00:00.216653,0.8,30,1.5,0.9,29,78,COMPLETE
1898,1898,17737.75,2023-11-15 12:04:37.273784,2023-11-15 12:04:37.472580,0 days 00:00:00.198796,0.8,10,1.5,0.9,32,73,COMPLETE
1899,1899,17740.75,2023-11-15 12:04:37.474081,2023-11-15 12:04:37.670163,0 days 00:00:00.196082,0.8,10,1.25,0.9,23,68,COMPLETE
1900,1900,18494.25,2023-11-15 12:04:37.671467,2023-11-15 12:04:37.867650,0 days 00:00:00.196183,0.7000000000000001,10,2.75,0.7000000000000001,36,87,COMPLETE
1901,1901,17192.5,2023-11-15 12:04:37.869001,2023-11-15 12:04:38.076920,0 days 00:00:00.207919,0.8,10,1.5,0.9,28,76,COMPLETE
1902,1902,12890.0,2023-11-15 12:04:38.078631,2023-11-15 12:04:38.293397,0 days 00:00:00.214766,0.8,80,1.5,0.9,58,71,COMPLETE
1903,1903,17554.75,2023-11-15 12:04:38.295103,2023-11-15 12:04:38.496326,0 days 00:00:00.201223,0.8,10,1.5,0.9,25,81,COMPLETE
1904,1904,17193.5,2023-11-15 12:04:38.497542,2023-11-15 12:04:38.704470,0 days 00:00:00.206928,0.8,10,1.5,0.9,20,74,COMPLETE
1905,1905,15902.75,2023-11-15 12:04:38.705723,2023-11-15 12:04:38.912046,0 days 00:00:00.206323,0.8,20,1.5,0.9,31,61,COMPLETE
1906,1906,17733.5,2023-11-15 12:04:38.913287,2023-11-15 12:04:39.114028,0 days 00:00:00.200741,0.8,10,1.25,0.9,22,78,COMPLETE
1907,1907,16356.75,2023-11-15 12:04:39.115836,2023-11-15 12:04:39.316441,0 days 00:00:00.200605,0.8,10,1.5,0.9,27,66,COMPLETE
1908,1908,17830.0,2023-11-15 12:04:39.317946,2023-11-15 12:04:39.518017,0 days 00:00:00.200071,0.5,10,1.5,0.9,34,70,COMPLETE
1909,1909,17192.5,2023-11-15 12:04:39.519362,2023-11-15 12:04:39.727450,0 days 00:00:00.208088,0.8,10,1.5,0.9,39,76,COMPLETE
1910,1910,17195.0,2023-11-15 12:04:39.728930,2023-11-15 12:04:39.934679,0 days 00:00:00.205749,0.8,10,1.5,0.7000000000000001,44,84,COMPLETE
1911,1911,17366.0,2023-11-15 12:04:39.935845,2023-11-15 12:04:40.138009,0 days 00:00:00.202164,0.8,10,1.5,0.9,24,73,COMPLETE
1912,1912,17837.75,2023-11-15 12:04:40.139176,2023-11-15 12:04:40.354794,0 days 00:00:00.215618,0.8,10,1.25,0.9,20,80,COMPLETE
1913,1913,17381.25,2023-11-15 12:04:40.356191,2023-11-15 12:04:40.559972,0 days 00:00:00.203781,0.7000000000000001,10,1.5,0.9,30,69,COMPLETE
1914,1914,17008.25,2023-11-15 12:04:40.561713,2023-11-15 12:04:40.780332,0 days 00:00:00.218619,0.8,20,1.5,0.9,37,75,COMPLETE
1915,1915,17100.0,2023-11-15 12:04:40.781678,2023-11-15 12:04:40.980028,0 days 00:00:00.198350,0.8,10,1.5,0.9,27,64,COMPLETE
1916,1916,18493.25,2023-11-15 12:04:40.981245,2023-11-15 12:04:41.177706,0 days 00:00:00.196461,0.8,10,2.5,0.9,33,72,COMPLETE
1917,1917,17454.25,2023-11-15 12:04:41.179309,2023-11-15 12:04:41.381716,0 days 00:00:00.202407,0.8,10,1.5,0.9,22,78,COMPLETE
1918,1918,17833.5,2023-11-15 12:04:41.382921,2023-11-15 12:04:41.582994,0 days 00:00:00.200073,0.8,10,1.5,0.9,24,68,COMPLETE
1919,1919,16923.25,2023-11-15 12:04:41.584479,2023-11-15 12:04:41.801681,0 days 00:00:00.217202,0.8,10,3.0,0.9,35,76,COMPLETE
1920,1920,18029.25,2023-11-15 12:04:41.802928,2023-11-15 12:04:42.003037,0 days 00:00:00.200109,0.8,10,1.5,0.9,29,72,COMPLETE
1921,1921,18215.5,2023-11-15 12:04:42.004392,2023-11-15 12:04:42.204197,0 days 00:00:00.199805,0.8,10,1.5,0.7000000000000001,26,80,COMPLETE
1922,1922,17105.25,2023-11-15 12:04:42.205458,2023-11-15 12:04:42.417970,0 days 00:00:00.212512,0.8,10,1.5,0.9,32,74,COMPLETE
1923,1923,18594.5,2023-11-15 12:04:42.419199,2023-11-15 12:04:42.618259,0 days 00:00:00.199060,0.8,10,1.25,0.9,21,70,COMPLETE
1924,1924,17275.75,2023-11-15 12:04:42.619701,2023-11-15 12:04:42.826632,0 days 00:00:00.206931,0.8,20,1.5,0.9,36,77,COMPLETE
1925,1925,16356.75,2023-11-15 12:04:42.828383,2023-11-15 12:04:43.034911,0 days 00:00:00.206528,0.8,10,1.5,0.9,23,66,COMPLETE
1926,1926,17836.5,2023-11-15 12:04:43.036244,2023-11-15 12:04:43.239856,0 days 00:00:00.203612,0.7000000000000001,10,1.5,0.9,20,83,COMPLETE
1927,1927,18015.5,2023-11-15 12:04:43.241085,2023-11-15 12:04:43.459024,0 days 00:00:00.217939,0.8,10,1.25,0.9,28,121,COMPLETE
1928,1928,17193.5,2023-11-15 12:04:43.460777,2023-11-15 12:04:43.679551,0 days 00:00:00.218774,0.8,10,1.5,0.9,25,74,COMPLETE
1929,1929,17209.0,2023-11-15 12:04:43.680829,2023-11-15 12:04:43.885373,0 days 00:00:00.204544,0.8,10,1.5,0.9,38,71,COMPLETE
1930,1930,17454.25,2023-11-15 12:04:43.886540,2023-11-15 12:04:44.090632,0 days 00:00:00.204092,0.8,10,1.5,0.9,31,78,COMPLETE
1931,1931,17547.25,2023-11-15 12:04:44.091978,2023-11-15 12:04:44.296576,0 days 00:00:00.204598,0.8,10,2.75,0.9,41,68,COMPLETE
1932,1932,17193.5,2023-11-15 12:04:44.297831,2023-11-15 12:04:44.514522,0 days 00:00:00.216691,0.8,10,1.5,0.9,33,74,COMPLETE
1933,1933,17554.0,2023-11-15 12:04:44.515954,2023-11-15 12:04:44.718606,0 days 00:00:00.202652,0.8,10,1.5,0.9,26,81,COMPLETE
1934,1934,19260.75,2023-11-15 12:04:44.719817,2023-11-15 12:04:44.914817,0 days 00:00:00.195000,0.8,10,2.5,0.9,23,71,COMPLETE
1935,1935,16531.25,2023-11-15 12:04:44.916174,2023-11-15 12:04:45.117963,0 days 00:00:00.201789,0.8,10,2.5,0.7000000000000001,23,62,COMPLETE
1936,1936,16742.25,2023-11-15 12:04:45.119341,2023-11-15 12:04:45.326441,0 days 00:00:00.207100,0.8,20,3.0,0.5,22,65,COMPLETE
1937,1937,17917.25,2023-11-15 12:04:45.328362,2023-11-15 12:04:45.563195,0 days 00:00:00.234833,0.8,10,2.5,0.9,24,67,COMPLETE
1938,1938,17115.5,2023-11-15 12:04:45.564704,2023-11-15 12:04:45.775889,0 days 00:00:00.211185,0.8,10,2.75,0.9,21,69,COMPLETE
1939,1939,16803.75,2023-11-15 12:04:45.777307,2023-11-15 12:04:45.979079,0 days 00:00:00.201772,0.7000000000000001,10,2.75,0.9,20,57,COMPLETE
1940,1940,17014.0,2023-11-15 12:04:45.980691,2023-11-15 12:04:46.187016,0 days 00:00:00.206325,0.8,10,3.0,0.9,24,64,COMPLETE
1941,1941,18392.25,2023-11-15 12:04:46.188200,2023-11-15 12:04:46.385629,0 days 00:00:00.197429,0.8,20,2.25,0.9,22,70,COMPLETE
1942,1942,17917.0,2023-11-15 12:04:46.387334,2023-11-15 12:04:46.591732,0 days 00:00:00.204398,0.8,10,2.25,0.9,25,67,COMPLETE
1943,1943,19260.75,2023-11-15 12:04:46.593054,2023-11-15 12:04:46.790284,0 days 00:00:00.197230,0.8,10,2.75,0.9,23,71,COMPLETE
1944,1944,16632.75,2023-11-15 12:04:46.791621,2023-11-15 12:04:47.001271,0 days 00:00:00.209650,0.8,10,2.75,0.9,22,61,COMPLETE
1945,1945,15042.0,2023-11-15 12:04:47.002465,2023-11-15 12:04:47.214839,0 days 00:00:00.212374,0.8,40,2.5,0.9,24,67,COMPLETE
1946,1946,17014.0,2023-11-15 12:04:47.216068,2023-11-15 12:04:47.421223,0 days 00:00:00.205155,0.8,10,3.0,0.9,20,64,COMPLETE
1947,1947,11003.5,2023-11-15 12:04:47.422601,2023-11-15 12:04:47.646696,0 days 00:00:00.224095,0.4,10,2.5,0.7000000000000001,23,25,COMPLETE
1948,1948,18297.75,2023-11-15 12:04:47.647945,2023-11-15 12:04:47.846292,0 days 00:00:00.198347,0.8,10,2.25,0.9,20,70,COMPLETE
1949,1949,16719.5,2023-11-15 12:04:47.847673,2023-11-15 12:04:48.052840,0 days 00:00:00.205167,0.8,10,2.75,0.9,25,66,COMPLETE
1950,1950,17825.5,2023-11-15 12:04:48.054146,2023-11-15 12:04:48.253287,0 days 00:00:00.199141,0.8,10,2.75,0.9,22,70,COMPLETE
1951,1951,17547.25,2023-11-15 12:04:48.254544,2023-11-15 12:04:48.456664,0 days 00:00:00.202120,0.8,10,3.0,0.9,19,68,COMPLETE
1952,1952,16719.75,2023-11-15 12:04:48.458012,2023-11-15 12:04:48.670299,0 days 00:00:00.212287,0.8,10,2.5,0.9,26,63,COMPLETE
1953,1953,17366.5,2023-11-15 12:04:48.671944,2023-11-15 12:04:48.879155,0 days 00:00:00.207211,0.7000000000000001,20,3.0,0.9,23,72,COMPLETE
1954,1954,19260.75,2023-11-15 12:04:48.880351,2023-11-15 12:04:49.074317,0 days 00:00:00.193966,0.8,10,2.5,0.9,22,71,COMPLETE
1955,1955,17652.75,2023-11-15 12:04:49.075607,2023-11-15 12:04:49.283685,0 days 00:00:00.208078,0.8,10,2.5,0.9,20,65,COMPLETE
1956,1956,16632.75,2023-11-15 12:04:49.284944,2023-11-15 12:04:49.495172,0 days 00:00:00.210228,0.8,10,2.75,0.9,22,61,COMPLETE
1957,1957,17549.75,2023-11-15 12:04:49.496398,2023-11-15 12:04:49.699695,0 days 00:00:00.203297,0.8,10,2.5,0.9,20,68,COMPLETE
1958,1958,18115.25,2023-11-15 12:04:49.700878,2023-11-15 12:04:49.910175,0 days 00:00:00.209297,0.8,10,2.75,0.9,23,108,COMPLETE
1959,1959,16713.5,2023-11-15 12:04:49.911474,2023-11-15 12:04:50.116854,0 days 00:00:00.205380,0.8,10,2.5,0.9,24,66,COMPLETE
1960,1960,18111.5,2023-11-15 12:04:50.118200,2023-11-15 12:04:50.321181,0 days 00:00:00.202981,0.8,10,2.75,0.7000000000000001,21,70,COMPLETE
1961,1961,17466.0,2023-11-15 12:04:50.322733,2023-11-15 12:04:50.531432,0 days 00:00:00.208699,0.7000000000000001,10,2.5,0.9,19,70,COMPLETE
1962,1962,17917.25,2023-11-15 12:04:50.532688,2023-11-15 12:04:50.742119,0 days 00:00:00.209431,0.8,10,2.5,0.9,22,67,COMPLETE
1963,1963,17176.0,2023-11-15 12:04:50.743654,2023-11-15 12:04:50.947118,0 days 00:00:00.203464,0.8,10,2.75,0.9,25,58,COMPLETE
1964,1964,18493.75,2023-11-15 12:04:50.948490,2023-11-15 12:04:51.148689,0 days 00:00:00.200199,0.6,10,2.5,0.9,19,72,COMPLETE
1965,1965,13671.25,2023-11-15 12:04:51.150128,2023-11-15 12:04:51.389975,0 days 00:00:00.239847,0.8,80,2.75,0.9,24,71,COMPLETE
1966,1966,15630.5,2023-11-15 12:04:51.391575,2023-11-15 12:04:51.605912,0 days 00:00:00.214337,0.8,20,2.5,0.9,22,63,COMPLETE
1967,1967,17547.25,2023-11-15 12:04:51.607415,2023-11-15 12:04:51.810385,0 days 00:00:00.202970,0.8,10,3.0,0.9,26,68,COMPLETE
1968,1968,19260.75,2023-11-15 12:04:51.812356,2023-11-15 12:04:52.010102,0 days 00:00:00.197746,0.8,10,2.75,0.9,21,71,COMPLETE
1969,1969,17654.5,2023-11-15 12:04:52.012037,2023-11-15 12:04:52.220773,0 days 00:00:00.208736,0.8,10,2.75,0.9,20,65,COMPLETE
1970,1970,17547.25,2023-11-15 12:04:52.222234,2023-11-15 12:04:52.431220,0 days 00:00:00.208986,0.8,10,2.75,0.9,19,68,COMPLETE
1971,1971,17654.5,2023-11-15 12:04:52.432476,2023-11-15 12:04:52.637726,0 days 00:00:00.205250,0.8,10,2.75,0.9,21,65,COMPLETE
1972,1972,19260.75,2023-11-15 12:04:52.638970,2023-11-15 12:04:52.838507,0 days 00:00:00.199537,0.8,10,2.75,0.9,22,71,COMPLETE
1973,1973,16559.25,2023-11-15 12:04:52.839768,2023-11-15 12:04:53.053510,0 days 00:00:00.213742,0.8,10,2.75,0.7000000000000001,22,61,COMPLETE
1974,1974,17654.5,2023-11-15 12:04:53.054962,2023-11-15 12:04:53.261187,0 days 00:00:00.206225,0.8,10,2.75,0.9,19,65,COMPLETE
1975,1975,15899.75,2023-11-15 12:04:53.262810,2023-11-15 12:04:53.482648,0 days 00:00:00.219838,0.8,20,2.75,0.9,22,68,COMPLETE
1976,1976,17115.5,2023-11-15 12:04:53.483966,2023-11-15 12:04:53.693229,0 days 00:00:00.209263,0.8,10,2.75,0.9,21,69,COMPLETE
1977,1977,17654.5,2023-11-15 12:04:53.695713,2023-11-15 12:04:53.901594,0 days 00:00:00.205881,0.8,10,2.75,0.9,19,65,COMPLETE
1978,1978,19260.75,2023-11-15 12:04:53.903044,2023-11-15 12:04:54.102544,0 days 00:00:00.199500,0.8,10,2.75,0.9,23,71,COMPLETE
1979,1979,16543.25,2023-11-15 12:04:54.103888,2023-11-15 12:04:54.323572,0 days 00:00:00.219684,0.8,10,2.75,0.9,23,63,COMPLETE
1980,1980,17917.0,2023-11-15 12:04:54.325084,2023-11-15 12:04:54.536601,0 days 00:00:00.211517,0.8,10,2.75,0.9,23,67,COMPLETE
1981,1981,13053.75,2023-11-15 12:04:54.537850,2023-11-15 12:04:54.763807,0 days 00:00:00.225957,0.7000000000000001,60,2.75,0.9,20,69,COMPLETE
1982,1982,16543.25,2023-11-15 12:04:54.765478,2023-11-15 12:04:54.976789,0 days 00:00:00.211311,0.8,10,2.75,0.9,24,63,COMPLETE
1983,1983,17917.0,2023-11-15 12:04:54.978653,2023-11-15 12:04:55.191420,0 days 00:00:00.212767,0.8,10,2.75,0.9,21,67,COMPLETE
1984,1984,17833.0,2023-11-15 12:04:55.192782,2023-11-15 12:04:55.397336,0 days 00:00:00.204554,0.8,10,2.75,0.5,24,70,COMPLETE
1985,1985,17727.25,2023-11-15 12:04:55.398676,2023-11-15 12:04:55.615958,0 days 00:00:00.217282,0.8,20,2.75,0.9,22,125,COMPLETE
1986,1986,16423.5,2023-11-15 12:04:55.617505,2023-11-15 12:04:55.835137,0 days 00:00:00.217632,0.30000000000000004,10,2.75,0.7000000000000001,19,71,COMPLETE
1987,1987,17917.0,2023-11-15 12:04:55.836610,2023-11-15 12:04:56.045530,0 days 00:00:00.208920,0.8,10,3.0,0.9,24,67,COMPLETE
1988,1988,18973.5,2023-11-15 12:04:56.046735,2023-11-15 12:04:56.266034,0 days 00:00:00.219299,0.7000000000000001,10,2.75,0.9,21,71,COMPLETE
1989,1989,16719.5,2023-11-15 12:04:56.267374,2023-11-15 12:04:56.476952,0 days 00:00:00.209578,0.8,10,2.75,0.9,23,66,COMPLETE
1990,1990,17731.5,2023-11-15 12:04:56.478792,2023-11-15 12:04:56.685659,0 days 00:00:00.206867,0.8,10,2.75,0.9,25,70,COMPLETE
1991,1991,19260.75,2023-11-15 12:04:56.686860,2023-11-15 12:04:56.887364,0 days 00:00:00.200504,0.8,10,3.0,0.9,19,71,COMPLETE
1992,1992,17271.75,2023-11-15 12:04:56.888627,2023-11-15 12:04:57.095933,0 days 00:00:00.207306,0.8,10,3.0,0.9,19,59,COMPLETE
1993,1993,16812.25,2023-11-15 12:04:57.097126,2023-11-15 12:04:57.310202,0 days 00:00:00.213076,0.8,10,3.0,0.9,19,61,COMPLETE
1994,1994,16719.5,2023-11-15 12:04:57.311691,2023-11-15 12:04:57.523649,0 days 00:00:00.211958,0.8,10,3.0,0.9,20,66,COMPLETE
1995,1995,17014.0,2023-11-15 12:04:57.524975,2023-11-15 12:04:57.734902,0 days 00:00:00.209927,0.8,10,3.0,0.9,21,64,COMPLETE
1996,1996,15899.75,2023-11-15 12:04:57.736106,2023-11-15 12:04:57.954431,0 days 00:00:00.218325,0.8,20,3.0,0.9,19,68,COMPLETE
1997,1997,17115.5,2023-11-15 12:04:57.955688,2023-11-15 12:04:58.173064,0 days 00:00:00.217376,0.8,10,3.0,0.9,19,69,COMPLETE
1998,1998,17014.0,2023-11-15 12:04:58.174293,2023-11-15 12:04:58.384533,0 days 00:00:00.210240,0.8,10,3.0,0.9,22,64,COMPLETE
1999,1999,19260.75,2023-11-15 12:04:58.385738,2023-11-15 12:04:58.587791,0 days 00:00:00.202053,0.8,10,3.0,0.9,21,71,COMPLETE
2000,2000,16630.25,2023-11-15 12:04:58.589318,2023-11-15 12:04:58.797622,0 days 00:00:00.208304,0.8,10,2.75,0.9,18,62,COMPLETE
2001,2001,16903.75,2023-11-15 12:04:58.799048,2023-11-15 12:04:59.013392,0 days 00:00:00.214344,0.8,10,3.0,0.7000000000000001,21,66,COMPLETE
2002,2002,17825.5,2023-11-15 12:04:59.014648,2023-11-15 12:04:59.219790,0 days 00:00:00.205142,0.8,10,3.0,0.9,21,70,COMPLETE
2003,2003,17917.0,2023-11-15 12:04:59.221101,2023-11-15 12:04:59.431995,0 days 00:00:00.210894,0.8,10,3.0,0.9,19,67,COMPLETE
2004,2004,17115.5,2023-11-15 12:04:59.433165,2023-11-15 12:04:59.641855,0 days 00:00:00.208690,0.8,10,3.0,0.9,18,69,COMPLETE
2005,2005,19260.75,2023-11-15 12:04:59.643413,2023-11-15 12:04:59.845705,0 days 00:00:00.202292,0.8,10,3.0,0.9,22,71,COMPLETE
2006,2006,16918.0,2023-11-15 12:04:59.847102,2023-11-15 12:05:00.056125,0 days 00:00:00.209023,0.7000000000000001,10,3.0,0.9,21,60,COMPLETE
2007,2007,17936.0,2023-11-15 12:05:00.057357,2023-11-15 12:05:00.268311,0 days 00:00:00.210954,0.8,10,3.0,0.7000000000000001,22,65,COMPLETE
2008,2008,16632.25,2023-11-15 12:05:00.269800,2023-11-15 12:05:00.491233,0 days 00:00:00.221433,0.8,10,3.0,0.9,19,63,COMPLETE
2009,2009,15812.25,2023-11-15 12:05:00.492743,2023-11-15 12:05:00.727820,0 days 00:00:00.235077,0.8,20,3.0,0.9,21,68,COMPLETE
2010,2010,17917.0,2023-11-15 12:05:00.729316,2023-11-15 12:05:00.945514,0 days 00:00:00.216198,0.8,10,3.0,0.9,23,67,COMPLETE
2011,2011,19260.75,2023-11-15 12:05:00.946753,2023-11-15 12:05:01.147506,0 days 00:00:00.200753,0.8,10,3.0,0.9,19,71,COMPLETE
2012,2012,17654.5,2023-11-15 12:05:01.148921,2023-11-15 12:05:01.356128,0 days 00:00:00.207207,0.8,10,3.0,0.9,18,65,COMPLETE
2013,2013,16617.75,2023-11-15 12:05:01.357632,2023-11-15 12:05:01.569668,0 days 00:00:00.212036,0.8,20,3.0,0.9,18,69,COMPLETE
2014,2014,16382.5,2023-11-15 12:05:01.571180,2023-11-15 12:05:01.784952,0 days 00:00:00.213772,0.7000000000000001,10,3.0,0.9,19,63,COMPLETE
2015,2015,15042.0,2023-11-15 12:05:01.786197,2023-11-15 12:05:02.017750,0 days 00:00:00.231553,0.8,40,3.0,0.9,20,67,COMPLETE
2016,2016,17825.5,2023-11-15 12:05:02.019315,2023-11-15 12:05:02.224419,0 days 00:00:00.205104,0.8,10,3.0,0.9,19,70,COMPLETE
2017,2017,17650.75,2023-11-15 12:05:02.225810,2023-11-15 12:05:02.441991,0 days 00:00:00.216181,0.8,10,3.0,0.9,21,103,COMPLETE
2018,2018,15929.0,2023-11-15 12:05:02.443732,2023-11-15 12:05:02.675878,0 days 00:00:00.232146,0.8,30,3.0,0.9,20,71,COMPLETE
2019,2019,17654.5,2023-11-15 12:05:02.677768,2023-11-15 12:05:02.887618,0 days 00:00:00.209850,0.8,10,3.0,0.9,22,65,COMPLETE
2020,2020,17547.25,2023-11-15 12:05:02.888804,2023-11-15 12:05:03.104120,0 days 00:00:00.215316,0.8,10,3.0,0.9,19,68,COMPLETE
2021,2021,17825.5,2023-11-15 12:05:03.105518,2023-11-15 12:05:03.317508,0 days 00:00:00.211990,0.8,10,3.0,0.9,18,70,COMPLETE
2022,2022,14963.0,2023-11-15 12:05:03.319036,2023-11-15 12:05:03.528109,0 days 00:00:00.209073,0.8,10,3.0,0.9,22,32,COMPLETE
2023,2023,18316.5,2023-11-15 12:05:03.529609,2023-11-15 12:05:03.738928,0 days 00:00:00.209319,0.6,10,3.0,0.9,18,71,COMPLETE
2024,2024,17449.75,2023-11-15 12:05:03.740117,2023-11-15 12:05:03.951121,0 days 00:00:00.211004,0.8,10,3.0,0.7000000000000001,21,59,COMPLETE
2025,2025,16719.5,2023-11-15 12:05:03.952532,2023-11-15 12:05:04.166183,0 days 00:00:00.213651,0.8,10,3.0,0.9,23,66,COMPLETE
2026,2026,16617.75,2023-11-15 12:05:04.167400,2023-11-15 12:05:04.384210,0 days 00:00:00.216810,0.8,20,3.0,0.9,20,69,COMPLETE
2027,2027,16711.25,2023-11-15 12:05:04.385462,2023-11-15 12:05:04.602367,0 days 00:00:00.216905,0.8,10,3.0,0.9,18,62,COMPLETE
2028,2028,17931.25,2023-11-15 12:05:04.603611,2023-11-15 12:05:04.812070,0 days 00:00:00.208459,0.8,10,3.0,0.8,23,72,COMPLETE
2029,2029,19260.75,2023-11-15 12:05:04.813672,2023-11-15 12:05:05.017167,0 days 00:00:00.203495,0.8,10,3.0,0.9,22,71,COMPLETE
2030,2030,18299.75,2023-11-15 12:05:05.018426,2023-11-15 12:05:05.221496,0 days 00:00:00.203070,0.8,10,3.0,0.8,18,65,COMPLETE
2031,2031,17917.0,2023-11-15 12:05:05.222732,2023-11-15 12:05:05.436573,0 days 00:00:00.213841,0.8,10,3.0,0.9,20,67,COMPLETE
2032,2032,9793.25,2023-11-15 12:05:05.437843,2023-11-15 12:05:05.691115,0 days 00:00:00.253272,0.8,100,3.0,0.9,20,63,COMPLETE
2033,2033,17471.25,2023-11-15 12:05:05.692560,2023-11-15 12:05:05.907263,0 days 00:00:00.214703,0.7000000000000001,10,3.0,0.8,21,69,COMPLETE
2034,2034,16622.75,2023-11-15 12:05:05.908637,2023-11-15 12:05:06.124122,0 days 00:00:00.215485,0.8,10,3.0,0.9,18,56,COMPLETE
2035,2035,19260.75,2023-11-15 12:05:06.125725,2023-11-15 12:05:06.331212,0 days 00:00:00.205487,0.8,10,3.0,0.9,22,71,COMPLETE
2036,2036,18299.75,2023-11-15 12:05:06.332407,2023-11-15 12:05:06.543780,0 days 00:00:00.211373,0.8,10,3.0,0.8,21,65,COMPLETE
2037,2037,17917.0,2023-11-15 12:05:06.545589,2023-11-15 12:05:06.759097,0 days 00:00:00.213508,0.8,10,3.0,0.9,20,67,COMPLETE
2038,2038,16607.75,2023-11-15 12:05:06.760797,2023-11-15 12:05:06.971469,0 days 00:00:00.210672,0.8,20,3.0,0.9,18,62,COMPLETE
2039,2039,17020.25,2023-11-15 12:05:06.972709,2023-11-15 12:05:07.185334,0 days 00:00:00.212625,0.8,10,3.0,0.8,22,69,COMPLETE
2040,2040,17917.0,2023-11-15 12:05:07.186536,2023-11-15 12:05:07.398589,0 days 00:00:00.212053,0.8,10,3.0,0.9,18,67,COMPLETE
2041,2041,19260.75,2023-11-15 12:05:07.400186,2023-11-15 12:05:07.603981,0 days 00:00:00.203795,0.8,10,3.0,0.9,22,71,COMPLETE
2042,2042,16743.0,2023-11-15 12:05:07.605334,2023-11-15 12:05:07.815367,0 days 00:00:00.210033,0.7000000000000001,10,3.0,0.8,20,60,COMPLETE
2043,2043,17654.5,2023-11-15 12:05:07.816839,2023-11-15 12:05:08.024929,0 days 00:00:00.208090,0.8,10,3.0,0.9,21,65,COMPLETE
2044,2044,16835.0,2023-11-15 12:05:08.026192,2023-11-15 12:05:08.239693,0 days 00:00:00.213501,0.8,10,3.0,0.7000000000000001,18,64,COMPLETE
2045,2045,12338.5,2023-11-15 12:05:08.241123,2023-11-15 12:05:08.484090,0 days 00:00:00.242967,0.8,90,3.0,0.9,21,68,COMPLETE
2046,2046,12740.5,2023-11-15 12:05:08.485297,2023-11-15 12:05:08.732303,0 days 00:00:00.247006,0.8,70,3.0,0.8,22,71,COMPLETE
2047,2047,17115.5,2023-11-15 12:05:08.733583,2023-11-15 12:05:08.948800,0 days 00:00:00.215217,0.8,10,3.0,0.9,18,69,COMPLETE
2048,2048,16719.5,2023-11-15 12:05:08.950090,2023-11-15 12:05:09.164921,0 days 00:00:00.214831,0.8,10,3.0,0.9,20,66,COMPLETE
2049,2049,18392.25,2023-11-15 12:05:09.166191,2023-11-15 12:05:09.372562,0 days 00:00:00.206371,0.8,20,3.0,0.9,23,71,COMPLETE
2050,2050,17020.25,2023-11-15 12:05:09.373768,2023-11-15 12:05:09.588864,0 days 00:00:00.215096,0.8,10,3.0,0.8,22,69,COMPLETE
