,number,value,datetime_start,datetime_complete,duration,params_alpha,params_decay_interval,params_decay_rate,params_gamma,params_initialization,params_max_steps,state
4926,4926,18873.75,2023-11-15 11:03:55.311429,2023-11-15 11:03:55.770055,0 days 00:00:00.458626,0.2,10,0.75,0.9,2,133,COMPLETE
4927,4927,17018.0,2023-11-15 11:03:55.773690,2023-11-15 11:03:56.239233,0 days 00:00:00.465543,0.2,40,0.5,0.9,0,148,COMPLETE
4928,4928,18985.25,2023-11-15 11:03:56.241151,2023-11-15 11:03:56.717154,0 days 00:00:00.476003,0.1,10,0.75,0.9,4,138,COMPLETE
4929,4929,18398.5,2023-11-15 11:03:56.719479,2023-11-15 11:03:57.189518,0 days 00:00:00.470039,0.2,20,1.25,0.9,6,145,COMPLETE
4930,4930,19066.25,2023-11-15 11:03:57.191342,2023-11-15 11:03:57.653530,0 days 00:00:00.462188,0.2,10,0.75,0.8,2,141,COMPLETE
4931,4931,18675.5,2023-11-15 11:03:57.655794,2023-11-15 11:03:58.125931,0 days 00:00:00.470137,0.5,10,0.75,0.9,88,150,COMPLETE
4932,4932,19359.75,2023-11-15 11:03:58.127829,2023-11-15 11:03:58.582292,0 days 00:00:00.454463,0.2,10,1.0,0.9,0,145,COMPLETE
4933,4933,8852.0,2023-11-15 11:03:58.584307,2023-11-15 11:03:59.075874,0 days 00:00:00.491567,0.7000000000000001,10,0.75,0.8,4,59,COMPLETE
4934,4934,19006.5,2023-11-15 11:03:59.077899,2023-11-15 11:03:59.538864,0 days 00:00:00.460965,0.2,10,0.75,0.9,2,139,COMPLETE
4935,4935,19261.0,2023-11-15 11:03:59.540851,2023-11-15 11:04:00.013609,0 days 00:00:00.472758,0.1,10,0.75,0.9,7,147,COMPLETE
4936,4936,19261.0,2023-11-15 11:04:00.016160,2023-11-15 11:04:00.475288,0 days 00:00:00.459128,0.30000000000000004,10,1.25,0.5,0,143,COMPLETE
4937,4937,12155.0,2023-11-15 11:04:00.477864,2023-11-15 11:04:00.989855,0 days 00:00:00.511991,0.2,10,0.75,0.30000000000000004,3,135,COMPLETE
4938,4938,18493.5,2023-11-15 11:04:00.991721,2023-11-15 11:04:01.461631,0 days 00:00:00.469910,0.2,20,1.0,0.9,2,148,COMPLETE
4939,4939,12099.5,2023-11-15 11:04:01.463434,2023-11-15 11:04:01.996308,0 days 00:00:00.532874,0.1,10,0.75,0.2,9,142,COMPLETE
4940,4940,13720.75,2023-11-15 11:04:01.998815,2023-11-15 11:04:02.610309,0 days 00:00:00.611494,0.2,90,0.75,0.9,5,150,COMPLETE
4941,4941,19359.75,2023-11-15 11:04:02.612611,2023-11-15 11:04:03.215049,0 days 00:00:00.602438,0.2,10,0.75,0.9,0,145,COMPLETE
4942,4942,19116.25,2023-11-15 11:04:03.217630,2023-11-15 11:04:03.739017,0 days 00:00:00.521387,0.2,10,0.75,0.7000000000000001,4,138,COMPLETE
4943,4943,19051.5,2023-11-15 11:04:03.740836,2023-11-15 11:04:04.209255,0 days 00:00:00.468419,0.2,10,0.75,0.9,2,142,COMPLETE
4944,4944,18973.25,2023-11-15 11:04:04.211496,2023-11-15 11:04:04.700483,0 days 00:00:00.488987,0.1,10,0.5,0.9,44,147,COMPLETE
4945,4945,19262.25,2023-11-15 11:04:04.703201,2023-11-15 11:04:05.211594,0 days 00:00:00.508393,0.2,10,0.75,0.9,7,145,COMPLETE
4946,4946,19163.75,2023-11-15 11:04:05.213493,2023-11-15 11:04:05.829630,0 days 00:00:00.616137,0.2,10,0.75,0.9,0,150,COMPLETE
4947,4947,17289.5,2023-11-15 11:04:05.831989,2023-11-15 11:04:06.367553,0 days 00:00:00.535564,0.2,10,0.75,0.8,32,141,COMPLETE
4948,4948,0.0,2023-11-15 11:04:06.370383,2023-11-15 11:04:06.890788,0 days 00:00:00.520405,0.2,10,1.25,0.9,2,6,COMPLETE
4949,4949,19171.25,2023-11-15 11:04:06.892615,2023-11-15 11:04:07.480850,0 days 00:00:00.588235,0.1,10,1.0,0.9,4,147,COMPLETE
4950,4950,17828.5,2023-11-15 11:04:07.484190,2023-11-15 11:04:07.995883,0 days 00:00:00.511693,0.30000000000000004,20,0.25,0.6,0,144,COMPLETE
4951,4951,12866.5,2023-11-15 11:04:07.997861,2023-11-15 11:04:08.649523,0 days 00:00:00.651662,0.2,100,0.5,0.9,2,140,COMPLETE
4952,4952,19261.0,2023-11-15 11:04:08.659465,2023-11-15 11:04:09.277395,0 days 00:00:00.617930,0.2,10,0.75,0.9,6,147,COMPLETE
4953,4953,19166.0,2023-11-15 11:04:09.279842,2023-11-15 11:04:09.873623,0 days 00:00:00.593781,0.1,10,0.75,0.9,3,143,COMPLETE
4954,4954,14575.75,2023-11-15 11:04:09.875752,2023-11-15 11:04:10.458814,0 days 00:00:00.583062,0.2,10,1.0,0.9,52,137,COMPLETE
4955,4955,18808.5,2023-11-15 11:04:10.460896,2023-11-15 11:04:11.120319,0 days 00:00:00.659423,0.2,10,0.75,0.9,35,150,COMPLETE
4956,4956,19359.75,2023-11-15 11:04:11.122724,2023-11-15 11:04:11.809438,0 days 00:00:00.686714,0.2,10,0.75,0.4,0,145,COMPLETE
4957,4957,19261.0,2023-11-15 11:04:11.950056,2023-11-15 11:04:12.581459,0 days 00:00:00.631403,0.2,10,0.75,0.9,11,147,COMPLETE
4958,4958,14129.5,2023-11-15 11:04:12.584038,2023-11-15 11:04:13.259571,0 days 00:00:00.675533,0.1,80,0.75,0.8,4,143,COMPLETE
4959,4959,13842.0,2023-11-15 11:04:13.261810,2023-11-15 11:04:13.862728,0 days 00:00:00.600918,0.2,70,1.0,0.9,2,139,COMPLETE
4960,4960,19271.0,2023-11-15 11:04:13.864684,2023-11-15 11:04:14.499143,0 days 00:00:00.634459,0.2,10,0.75,0.9,0,148,COMPLETE
4961,4961,18398.5,2023-11-15 11:04:14.501251,2023-11-15 11:04:15.047398,0 days 00:00:00.546147,0.2,20,1.25,0.9,6,145,COMPLETE
4962,4962,16274.25,2023-11-15 11:04:15.049481,2023-11-15 11:04:15.588641,0 days 00:00:00.539160,0.30000000000000004,10,0.5,0.7000000000000001,2,105,COMPLETE
4963,4963,18856.0,2023-11-15 11:04:15.590551,2023-11-15 11:04:16.065165,0 days 00:00:00.474614,0.1,10,0.75,0.9,4,130,COMPLETE
4964,4964,19066.25,2023-11-15 11:04:16.066994,2023-11-15 11:04:16.580236,0 days 00:00:00.513242,0.2,10,0.75,0.9,8,141,COMPLETE
4965,4965,19261.0,2023-11-15 11:04:16.582222,2023-11-15 11:04:17.093095,0 days 00:00:00.510873,0.2,10,1.5,0.9,0,143,COMPLETE
4966,4966,19082.5,2023-11-15 11:04:17.095457,2023-11-15 11:04:17.633712,0 days 00:00:00.538255,0.2,10,0.75,0.9,2,150,COMPLETE
4967,4967,19261.0,2023-11-15 11:04:17.636562,2023-11-15 11:04:18.166551,0 days 00:00:00.529989,0.1,10,0.75,0.8,5,147,COMPLETE
4968,4968,18975.25,2023-11-15 11:04:18.169469,2023-11-15 11:04:18.637064,0 days 00:00:00.467595,0.2,10,1.0,0.9,0,136,COMPLETE
4969,4969,17078.5,2023-11-15 11:04:18.638935,2023-11-15 11:04:19.118727,0 days 00:00:00.479792,0.2,10,0.75,0.5,3,145,COMPLETE
4970,4970,13729.75,2023-11-15 11:04:19.120788,2023-11-15 11:04:19.625249,0 days 00:00:00.504461,0.4,10,0.75,0.1,2,140,COMPLETE
4971,4971,17573.0,2023-11-15 11:04:19.627486,2023-11-15 11:04:20.137339,0 days 00:00:00.509853,0.2,30,1.25,0.9,6,101,COMPLETE
4972,4972,14962.75,2023-11-15 11:04:20.139357,2023-11-15 11:04:20.678487,0 days 00:00:00.539130,0.6,10,0.25,0.9,0,150,COMPLETE
4973,4973,18394.75,2023-11-15 11:04:20.680357,2023-11-15 11:04:21.146321,0 days 00:00:00.465964,0.2,20,0.75,0.9,4,143,COMPLETE
4974,4974,19314.5,2023-11-15 11:04:21.148302,2023-11-15 11:04:21.620770,0 days 00:00:00.472468,0.1,10,0.75,0.9,2,145,COMPLETE
4975,4975,19014.75,2023-11-15 11:04:21.622773,2023-11-15 11:04:22.098636,0 days 00:00:00.475863,0.2,10,1.0,0.9,9,147,COMPLETE
4976,4976,19261.0,2023-11-15 11:04:22.100817,2023-11-15 11:04:22.565403,0 days 00:00:00.464586,0.2,10,0.5,0.9,0,141,COMPLETE
4977,4977,16486.0,2023-11-15 11:04:22.567365,2023-11-15 11:04:23.038484,0 days 00:00:00.471119,0.30000000000000004,50,0.75,0.8,4,148,COMPLETE
4978,4978,18992.75,2023-11-15 11:04:23.040331,2023-11-15 11:04:23.529062,0 days 00:00:00.488731,0.2,10,0.75,0.9,2,143,COMPLETE
4979,4979,19261.0,2023-11-15 11:04:23.531019,2023-11-15 11:04:23.988803,0 days 00:00:00.457784,0.1,10,0.75,0.9,6,147,COMPLETE
4980,4980,19065.25,2023-11-15 11:04:23.990643,2023-11-15 11:04:24.440928,0 days 00:00:00.450285,0.2,10,0.75,0.9,0,137,COMPLETE
4981,4981,19132.0,2023-11-15 11:04:24.442789,2023-11-15 11:04:24.898526,0 days 00:00:00.455737,0.2,10,1.0,0.9,2,150,COMPLETE
4982,4982,10886.0,2023-11-15 11:04:24.900961,2023-11-15 11:04:25.437936,0 days 00:00:00.536975,0.2,20,1.25,0.6,4,145,COMPLETE
4983,4983,14783.0,2023-11-15 11:04:25.439859,2023-11-15 11:04:25.931935,0 days 00:00:00.492076,0.8,10,0.75,0.8,68,140,COMPLETE
4984,4984,19261.0,2023-11-15 11:04:25.934057,2023-11-15 11:04:26.394932,0 days 00:00:00.460875,0.2,10,0.75,0.9,0,143,COMPLETE
4985,4985,18793.75,2023-11-15 11:04:26.396856,2023-11-15 11:04:26.873325,0 days 00:00:00.476469,0.1,10,0.5,0.9,7,147,COMPLETE
4986,4986,18999.75,2023-11-15 11:04:26.875985,2023-11-15 11:04:27.337136,0 days 00:00:00.461151,0.30000000000000004,10,0.75,0.9,2,134,COMPLETE
4987,4987,18857.5,2023-11-15 11:04:27.339700,2023-11-15 11:04:27.804635,0 days 00:00:00.464935,0.2,10,0.75,0.9,28,145,COMPLETE
4988,4988,18818.25,2023-11-15 11:04:27.806469,2023-11-15 11:04:28.262126,0 days 00:00:00.455657,0.2,10,0.75,0.9,4,139,COMPLETE
4989,4989,18394.75,2023-11-15 11:04:28.263956,2023-11-15 11:04:28.730310,0 days 00:00:00.466354,0.2,20,0.75,0.9,0,142,COMPLETE
4990,4990,19278.5,2023-11-15 11:04:28.732310,2023-11-15 11:04:29.217305,0 days 00:00:00.484995,0.1,10,1.0,0.9,2,148,COMPLETE
4991,4991,19111.25,2023-11-15 11:04:29.219759,2023-11-15 11:04:29.670246,0 days 00:00:00.450487,0.2,10,0.75,0.9,5,150,COMPLETE
4992,4992,17457.5,2023-11-15 11:04:29.672646,2023-11-15 11:04:30.164974,0 days 00:00:00.492328,0.2,10,0.75,0.8,25,117,COMPLETE
4993,4993,16351.5,2023-11-15 11:04:30.166803,2023-11-15 11:04:30.668236,0 days 00:00:00.501433,0.2,10,0.75,0.4,2,145,COMPLETE
4994,4994,19261.0,2023-11-15 11:04:30.670185,2023-11-15 11:04:31.128564,0 days 00:00:00.458379,0.1,10,1.0,0.7000000000000001,0,142,COMPLETE
4995,4995,19163.5,2023-11-15 11:04:31.130474,2023-11-15 11:04:31.604893,0 days 00:00:00.474419,0.2,10,1.25,0.9,8,147,COMPLETE
4996,4996,18896.25,2023-11-15 11:04:31.607362,2023-11-15 11:04:32.148383,0 days 00:00:00.541021,0.2,10,0.5,0.9,4,139,COMPLETE
4997,4997,19292.25,2023-11-15 11:04:32.150680,2023-11-15 11:04:32.720503,0 days 00:00:00.569823,0.2,10,0.75,0.9,2,145,COMPLETE
4998,4998,19066.25,2023-11-15 11:04:32.722900,2023-11-15 11:04:33.251465,0 days 00:00:00.528565,0.1,10,1.75,0.9,6,150,COMPLETE
4999,4999,19261.0,2023-11-15 11:04:33.254225,2023-11-15 11:04:33.750606,0 days 00:00:00.496381,0.2,10,0.75,0.9,0,143,COMPLETE
5000,5000,16270.0,2023-11-15 11:04:33.753191,2023-11-15 11:04:34.248687,0 days 00:00:00.495496,0.2,10,0.75,0.6,4,147,COMPLETE
5001,5001,19066.25,2023-11-15 11:04:34.250764,2023-11-15 11:04:34.712476,0 days 00:00:00.461712,0.30000000000000004,10,0.75,0.9,12,140,COMPLETE
5002,5002,16807.5,2023-11-15 11:04:34.714555,2023-11-15 11:04:35.201213,0 days 00:00:00.486658,0.5,20,0.75,0.9,2,145,COMPLETE
5003,5003,19261.0,2023-11-15 11:04:35.203554,2023-11-15 11:04:35.666092,0 days 00:00:00.462538,0.2,10,0.75,0.30000000000000004,0,150,COMPLETE
5004,5004,16774.5,2023-11-15 11:04:35.668056,2023-11-15 11:04:36.161456,0 days 00:00:00.493400,0.1,10,0.25,0.5,3,142,COMPLETE
5005,5005,18995.0,2023-11-15 11:04:36.163334,2023-11-15 11:04:36.619842,0 days 00:00:00.456508,0.2,10,1.0,0.9,5,137,COMPLETE
5006,5006,19261.0,2023-11-15 11:04:36.621665,2023-11-15 11:04:37.101173,0 days 00:00:00.479508,0.2,10,0.75,0.8,2,147,COMPLETE
5007,5007,18116.0,2023-11-15 11:04:37.103729,2023-11-15 11:04:37.567354,0 days 00:00:00.463625,0.2,10,1.25,0.9,10,144,COMPLETE
5008,5008,15626.25,2023-11-15 11:04:37.570282,2023-11-15 11:04:38.056039,0 days 00:00:00.485757,0.1,60,0.75,0.9,0,147,COMPLETE
5009,5009,17274.0,2023-11-15 11:04:38.057883,2023-11-15 11:04:38.529581,0 days 00:00:00.471698,0.2,10,0.75,0.9,81,141,COMPLETE
5010,5010,18945.25,2023-11-15 11:04:38.531464,2023-11-15 11:04:39.001111,0 days 00:00:00.469647,0.2,10,1.0,0.9,4,144,COMPLETE
5011,5011,18393.5,2023-11-15 11:04:39.003699,2023-11-15 11:04:39.467334,0 days 00:00:00.463635,0.2,20,0.75,0.9,7,150,COMPLETE
5012,5012,19261.0,2023-11-15 11:04:39.469596,2023-11-15 11:04:39.917760,0 days 00:00:00.448164,0.2,10,0.75,0.9,2,147,COMPLETE
5013,5013,19064.5,2023-11-15 11:04:39.920972,2023-11-15 11:04:40.378988,0 days 00:00:00.458016,0.1,10,0.5,0.8,0,138,COMPLETE
5014,5014,18992.75,2023-11-15 11:04:40.403971,2023-11-15 11:04:40.881865,0 days 00:00:00.477894,0.2,10,0.75,0.9,3,143,COMPLETE
5015,5015,18973.5,2023-11-15 11:04:40.883753,2023-11-15 11:04:41.346226,0 days 00:00:00.462473,0.2,10,1.25,0.9,6,145,COMPLETE
5016,5016,19271.0,2023-11-15 11:04:41.348135,2023-11-15 11:04:41.809916,0 days 00:00:00.461781,0.30000000000000004,10,0.75,0.9,0,148,COMPLETE
5017,5017,16349.25,2023-11-15 11:04:41.811931,2023-11-15 11:04:42.328378,0 days 00:00:00.516447,0.7000000000000001,10,0.75,0.5,2,141,COMPLETE
5018,5018,19068.25,2023-11-15 11:04:42.330397,2023-11-15 11:04:42.794330,0 days 00:00:00.463933,0.2,10,1.0,0.7000000000000001,4,135,COMPLETE
5019,5019,18393.5,2023-11-15 11:04:42.796270,2023-11-15 11:04:43.254431,0 days 00:00:00.458161,0.2,20,0.75,0.9,0,150,COMPLETE
5020,5020,19314.5,2023-11-15 11:04:43.256253,2023-11-15 11:04:43.713635,0 days 00:00:00.457382,0.1,10,0.75,0.9,2,145,COMPLETE
5021,5021,19022.5,2023-11-15 11:04:43.715479,2023-11-15 11:04:44.206475,0 days 00:00:00.490996,0.2,10,0.5,0.9,5,142,COMPLETE
5022,5022,19261.0,2023-11-15 11:04:44.208381,2023-11-15 11:04:44.665528,0 days 00:00:00.457147,0.2,10,0.75,0.9,7,147,COMPLETE
5023,5023,11053.25,2023-11-15 11:04:44.667828,2023-11-15 11:04:45.197110,0 days 00:00:00.529282,0.2,10,0.75,0.2,2,139,COMPLETE
5024,5024,18780.75,2023-11-15 11:04:45.199142,2023-11-15 11:04:45.670806,0 days 00:00:00.471664,0.1,10,0.75,0.8,18,145,COMPLETE
5025,5025,19359.75,2023-11-15 11:04:45.672636,2023-11-15 11:04:46.129970,0 days 00:00:00.457334,0.30000000000000004,10,1.0,0.9,0,148,COMPLETE
5026,5026,18795.0,2023-11-15 11:04:46.131933,2023-11-15 11:04:46.611655,0 days 00:00:00.479722,0.2,10,0.25,0.9,4,143,COMPLETE
5027,5027,19163.5,2023-11-15 11:04:46.613459,2023-11-15 11:04:47.140592,0 days 00:00:00.527133,0.2,10,2.0,0.9,2,150,COMPLETE
5028,5028,15574.25,2023-11-15 11:04:47.143225,2023-11-15 11:04:47.783092,0 days 00:00:00.639867,0.6,10,0.75,0.9,9,141,COMPLETE
5029,5029,19359.75,2023-11-15 11:04:47.786242,2023-11-15 11:04:48.283447,0 days 00:00:00.497205,0.2,10,0.75,0.9,0,145,COMPLETE
5030,5030,12845.5,2023-11-15 11:04:48.286104,2023-11-15 11:04:48.782472,0 days 00:00:00.496368,0.4,10,0.75,0.9,4,84,COMPLETE
5031,5031,18584.75,2023-11-15 11:04:48.784782,2023-11-15 11:04:49.247457,0 days 00:00:00.462675,0.1,20,0.75,0.9,2,147,COMPLETE
5032,5032,18787.25,2023-11-15 11:04:49.249405,2023-11-15 11:04:49.711484,0 days 00:00:00.462079,0.2,10,1.25,0.9,6,108,COMPLETE
5033,5033,18903.0,2023-11-15 11:04:49.713405,2023-11-15 11:04:50.172119,0 days 00:00:00.458714,0.2,10,0.75,0.9,0,56,COMPLETE
5034,5034,18985.25,2023-11-15 11:04:50.173900,2023-11-15 11:04:50.631014,0 days 00:00:00.457114,0.2,10,0.75,0.8,3,138,COMPLETE
5035,5035,19110.5,2023-11-15 11:04:50.633014,2023-11-15 11:04:51.109707,0 days 00:00:00.476693,0.1,10,1.0,0.9,14,143,COMPLETE
5036,5036,14154.5,2023-11-15 11:04:51.111716,2023-11-15 11:04:51.642303,0 days 00:00:00.530587,0.9,10,0.75,0.9,5,147,COMPLETE
5037,5037,19164.25,2023-11-15 11:04:51.644145,2023-11-15 11:04:52.110039,0 days 00:00:00.465894,0.2,10,0.5,0.9,2,150,COMPLETE
5038,5038,19066.25,2023-11-15 11:04:52.111995,2023-11-15 11:04:52.581243,0 days 00:00:00.469248,0.2,10,0.75,0.9,8,141,COMPLETE
5039,5039,19270.0,2023-11-15 11:04:52.583281,2023-11-15 11:04:53.048594,0 days 00:00:00.465313,0.2,10,1.25,0.9,0,145,COMPLETE
5040,5040,18871.5,2023-11-15 11:04:53.050388,2023-11-15 11:04:53.513901,0 days 00:00:00.463513,0.2,10,0.75,0.9,4,135,COMPLETE
5041,5041,18394.75,2023-11-15 11:04:53.516009,2023-11-15 11:04:53.979983,0 days 00:00:00.463974,0.1,20,1.5,0.9,2,143,COMPLETE
5042,5042,19161.25,2023-11-15 11:04:53.981957,2023-11-15 11:04:54.447948,0 days 00:00:00.465991,0.30000000000000004,10,1.0,0.9,0,139,COMPLETE
5043,5043,19261.0,2023-11-15 11:04:54.450412,2023-11-15 11:04:54.948088,0 days 00:00:00.497676,0.2,10,0.75,0.8,6,147,COMPLETE
5044,5044,18842.25,2023-11-15 11:04:54.949905,2023-11-15 11:04:55.420456,0 days 00:00:00.470551,0.2,10,0.75,0.9,38,145,COMPLETE
5045,5045,19106.5,2023-11-15 11:04:55.422372,2023-11-15 11:04:55.888121,0 days 00:00:00.465749,0.1,10,0.75,0.9,3,150,COMPLETE
5046,5046,19261.0,2023-11-15 11:04:55.891569,2023-11-15 11:04:56.347630,0 days 00:00:00.456061,0.2,10,0.75,0.6,0,141,COMPLETE
5047,5047,18881.75,2023-11-15 11:04:56.349603,2023-11-15 11:04:56.827274,0 days 00:00:00.477671,0.2,10,0.5,0.7000000000000001,2,145,COMPLETE
5048,5048,15238.5,2023-11-15 11:04:56.829181,2023-11-15 11:04:57.320506,0 days 00:00:00.491325,0.2,20,1.0,0.4,4,147,COMPLETE
5049,5049,19162.0,2023-11-15 11:04:57.322784,2023-11-15 11:04:57.778325,0 days 00:00:00.455541,0.1,10,0.75,0.9,0,132,COMPLETE
5050,5050,18992.75,2023-11-15 11:04:57.780245,2023-11-15 11:04:58.284443,0 days 00:00:00.504198,0.30000000000000004,10,0.75,0.9,6,143,COMPLETE
5051,5051,19270.0,2023-11-15 11:04:58.287895,2023-11-15 11:04:58.742154,0 days 00:00:00.454259,0.2,10,1.25,0.9,2,148,COMPLETE
5052,5052,13842.75,2023-11-15 11:04:58.744109,2023-11-15 11:04:59.244847,0 days 00:00:00.500738,0.2,10,0.75,0.5,8,138,COMPLETE
5053,5053,19186.0,2023-11-15 11:04:59.246801,2023-11-15 11:04:59.715438,0 days 00:00:00.468637,0.2,10,0.25,0.8,4,150,COMPLETE
5054,5054,18973.0,2023-11-15 11:04:59.717323,2023-11-15 11:05:00.188595,0 days 00:00:00.471272,0.2,10,0.75,0.9,2,141,COMPLETE
5055,5055,17928.5,2023-11-15 11:05:00.190570,2023-11-15 11:05:00.685973,0 days 00:00:00.495403,0.1,30,0.75,0.9,0,145,COMPLETE
5056,5056,19261.0,2023-11-15 11:05:00.688210,2023-11-15 11:05:01.150501,0 days 00:00:00.462291,0.2,10,1.0,0.9,4,147,COMPLETE
5057,5057,18992.75,2023-11-15 11:05:01.153090,2023-11-15 11:05:01.641341,0 days 00:00:00.488251,0.2,10,0.75,0.9,10,143,COMPLETE
5058,5058,19006.5,2023-11-15 11:05:01.643728,2023-11-15 11:05:02.246846,0 days 00:00:00.603118,0.2,10,0.75,0.9,2,139,COMPLETE
5059,5059,19265.0,2023-11-15 11:05:02.249057,2023-11-15 11:05:02.833272,0 days 00:00:00.584215,0.2,10,0.5,0.9,0,145,COMPLETE
5060,5060,18249.0,2023-11-15 11:05:02.836126,2023-11-15 11:05:03.329031,0 days 00:00:00.492905,0.1,20,0.75,0.9,6,150,COMPLETE
5061,5061,18651.5,2023-11-15 11:05:03.331030,2023-11-15 11:05:03.797519,0 days 00:00:00.466489,0.5,10,0.75,0.9,2,142,COMPLETE
5062,5062,18897.75,2023-11-15 11:05:03.799398,2023-11-15 11:05:04.271757,0 days 00:00:00.472359,0.2,10,0.75,0.8,4,145,COMPLETE
5063,5063,19172.25,2023-11-15 11:05:04.273598,2023-11-15 11:05:04.730358,0 days 00:00:00.456760,0.2,10,1.0,0.9,0,147,COMPLETE
5064,5064,3127.75,2023-11-15 11:05:04.732248,2023-11-15 11:05:05.371632,0 days 00:00:00.639384,0.1,10,0.75,0.1,95,137,COMPLETE
5065,5065,18973.0,2023-11-15 11:05:05.373467,2023-11-15 11:05:05.877493,0 days 00:00:00.504026,0.30000000000000004,10,0.75,0.9,2,141,COMPLETE
5066,5066,11210.5,2023-11-15 11:05:05.879416,2023-11-15 11:05:06.409171,0 days 00:00:00.529755,0.2,40,1.25,0.6,5,148,COMPLETE
5067,5067,19261.0,2023-11-15 11:05:06.411377,2023-11-15 11:05:06.887494,0 days 00:00:00.476117,0.2,10,0.75,0.9,0,143,COMPLETE
5068,5068,18984.0,2023-11-15 11:05:06.889407,2023-11-15 11:05:07.350597,0 days 00:00:00.461190,0.4,10,1.0,0.8,7,150,COMPLETE
5069,5069,16581.25,2023-11-15 11:05:07.353186,2023-11-15 11:05:07.836363,0 days 00:00:00.483177,0.2,50,0.75,0.9,3,145,COMPLETE
5070,5070,19049.0,2023-11-15 11:05:07.838303,2023-11-15 11:05:08.295354,0 days 00:00:00.457051,0.2,10,0.75,0.9,2,140,COMPLETE
5071,5071,18584.75,2023-11-15 11:05:08.297214,2023-11-15 11:05:08.775910,0 days 00:00:00.478696,0.1,20,0.25,0.9,0,147,COMPLETE
5072,5072,18974.5,2023-11-15 11:05:08.777770,2023-11-15 11:05:09.275231,0 days 00:00:00.497461,0.2,10,0.5,0.9,4,143,COMPLETE
5073,5073,18494.75,2023-11-15 11:05:09.277077,2023-11-15 11:05:09.744898,0 days 00:00:00.467821,0.2,10,0.75,0.9,2,135,COMPLETE
5074,5074,19261.0,2023-11-15 11:05:09.746782,2023-11-15 11:05:10.210739,0 days 00:00:00.463957,0.2,10,0.75,0.9,6,147,COMPLETE
5075,5075,19261.0,2023-11-15 11:05:10.212607,2023-11-15 11:05:10.678701,0 days 00:00:00.466094,0.2,10,0.75,0.7000000000000001,0,150,COMPLETE
5076,5076,19261.0,2023-11-15 11:05:10.680683,2023-11-15 11:05:11.134978,0 days 00:00:00.454295,0.1,10,1.25,0.9,4,143,COMPLETE
5077,5077,16160.75,2023-11-15 11:05:11.137881,2023-11-15 11:05:11.648007,0 days 00:00:00.510126,0.2,10,0.75,0.5,8,140,COMPLETE
5078,5078,19292.25,2023-11-15 11:05:11.650275,2023-11-15 11:05:12.117534,0 days 00:00:00.467259,0.2,10,1.0,0.9,2,145,COMPLETE
5079,5079,19261.0,2023-11-15 11:05:12.120114,2023-11-15 11:05:12.581577,0 days 00:00:00.461463,0.2,10,0.75,0.2,0,147,COMPLETE
5080,5080,0.0,2023-11-15 11:05:12.583364,2023-11-15 11:05:13.083245,0 days 00:00:00.499881,0.30000000000000004,10,0.5,0.9,4,11,COMPLETE
5081,5081,18981.0,2023-11-15 11:05:13.085467,2023-11-15 11:05:13.548033,0 days 00:00:00.462566,0.1,10,0.75,0.9,2,138,COMPLETE
5082,5082,17180.0,2023-11-15 11:05:13.550766,2023-11-15 11:05:14.022714,0 days 00:00:00.471948,0.2,20,0.75,0.9,64,144,COMPLETE
5083,5083,19261.0,2023-11-15 11:05:14.025418,2023-11-15 11:05:14.494302,0 days 00:00:00.468884,0.2,10,0.75,0.8,0,150,COMPLETE
5084,5084,18856.0,2023-11-15 11:05:14.496112,2023-11-15 11:05:14.955114,0 days 00:00:00.459002,0.1,10,0.75,0.9,6,141,COMPLETE
5085,5085,18752.5,2023-11-15 11:05:14.956952,2023-11-15 11:05:15.425557,0 days 00:00:00.468605,0.2,10,1.25,0.9,2,112,COMPLETE
5086,5086,12246.75,2023-11-15 11:05:15.427535,2023-11-15 11:05:15.953304,0 days 00:00:00.525769,0.30000000000000004,10,1.0,0.4,4,147,COMPLETE
5087,5087,19261.0,2023-11-15 11:05:15.955535,2023-11-15 11:05:16.429477,0 days 00:00:00.473942,0.2,10,0.75,0.9,0,143,COMPLETE
5088,5088,19261.0,2023-11-15 11:05:16.431548,2023-11-15 11:05:16.964580,0 days 00:00:00.533032,0.2,10,0.75,0.9,2,147,COMPLETE
5089,5089,14199.5,2023-11-15 11:05:16.966853,2023-11-15 11:05:17.559342,0 days 00:00:00.592489,0.2,20,0.75,0.30000000000000004,10,144,COMPLETE
5090,5090,19267.25,2023-11-15 11:05:17.561565,2023-11-15 11:05:18.083849,0 days 00:00:00.522284,0.1,10,1.0,0.9,5,148,COMPLETE
5091,5091,18977.0,2023-11-15 11:05:18.086565,2023-11-15 11:05:18.553220,0 days 00:00:00.466655,0.2,10,0.5,0.9,2,137,COMPLETE
5092,5092,19171.5,2023-11-15 11:05:18.556048,2023-11-15 11:05:19.020562,0 days 00:00:00.464514,0.2,10,0.75,0.9,0,141,COMPLETE
5093,5093,0.0,2023-11-15 11:05:19.022463,2023-11-15 11:05:19.521312,0 days 00:00:00.498849,0.2,10,0.75,0.8,7,28,COMPLETE
5094,5094,19110.25,2023-11-15 11:05:19.523231,2023-11-15 11:05:20.004073,0 days 00:00:00.480842,0.1,10,0.75,0.9,4,150,COMPLETE
