,number,value,datetime_start,datetime_complete,duration,params_alpha,params_decay_interval,params_decay_rate,params_gamma,params_initialization,params_max_steps,state
7868,7868,16855.0,2023-11-15 12:47:58.722216,2023-11-15 12:47:59.408262,0 days 00:00:00.686046,0.8,10,2.75,0.1,18,74,COMPLETE
7869,7869,19260.75,2023-11-15 12:47:59.411190,2023-11-15 12:48:00.094845,0 days 00:00:00.683655,0.8,10,3.0,0.9,31,71,COMPLETE
7870,7870,17370.5,2023-11-15 12:48:00.097465,2023-11-15 12:48:00.829356,0 days 00:00:00.731891,0.8,10,2.5,0.9,20,79,COMPLETE
7871,7871,17547.25,2023-11-15 12:48:00.831927,2023-11-15 12:48:01.531274,0 days 00:00:00.699347,0.8,10,3.0,0.9,22,68,COMPLETE
7872,7872,18682.0,2023-11-15 12:48:01.534529,2023-11-15 12:48:02.234831,0 days 00:00:00.700302,0.8,10,2.75,0.9,15,75,COMPLETE
7873,7873,18122.5,2023-11-15 12:48:02.237305,2023-11-15 12:48:02.925077,0 days 00:00:00.687772,0.8,10,3.0,0.9,26,72,COMPLETE
7874,7874,18299.75,2023-11-15 12:48:02.927587,2023-11-15 12:48:03.620913,0 days 00:00:00.693326,0.8,10,3.0,0.8,18,65,COMPLETE
7875,7875,18305.0,2023-11-15 12:48:03.624199,2023-11-15 12:48:04.318429,0 days 00:00:00.694230,0.9,10,3.0,0.9,12,77,COMPLETE
7876,7876,17111.5,2023-11-15 12:48:04.320938,2023-11-15 12:48:05.039593,0 days 00:00:00.718655,0.7000000000000001,10,3.0,0.9,20,69,COMPLETE
7877,7877,16731.0,2023-11-15 12:48:05.042074,2023-11-15 12:48:05.745963,0 days 00:00:00.703889,0.8,20,2.75,0.7000000000000001,24,73,COMPLETE
7878,7878,17739.5,2023-11-15 12:48:05.748533,2023-11-15 12:48:06.440593,0 days 00:00:00.692060,0.8,10,3.0,0.9,17,81,COMPLETE
7879,7879,15692.0,2023-11-15 12:48:06.443395,2023-11-15 12:48:07.142529,0 days 00:00:00.699134,0.30000000000000004,10,3.0,0.9,22,62,COMPLETE
7880,7880,18016.5,2023-11-15 12:48:07.145296,2023-11-15 12:48:07.826241,0 days 00:00:00.680945,0.8,10,2.0,0.9,14,70,COMPLETE
7881,7881,17917.0,2023-11-15 12:48:07.828666,2023-11-15 12:48:08.529237,0 days 00:00:00.700571,0.8,10,3.0,0.9,52,67,COMPLETE
7882,7882,18401.0,2023-11-15 12:48:08.565048,2023-11-15 12:48:09.270902,0 days 00:00:00.705854,0.5,10,2.75,0.9,8,76,COMPLETE
7883,7883,18122.5,2023-11-15 12:48:09.273395,2023-11-15 12:48:09.968136,0 days 00:00:00.694741,0.8,10,3.0,0.9,19,72,COMPLETE
7884,7884,15899.75,2023-11-15 12:48:09.970669,2023-11-15 12:48:10.674932,0 days 00:00:00.704263,0.8,20,3.0,0.9,16,68,COMPLETE
7885,7885,17828.0,2023-11-15 12:48:10.677423,2023-11-15 12:48:11.379919,0 days 00:00:00.702496,0.8,10,2.5,0.9,28,74,COMPLETE
7886,7886,17014.0,2023-11-15 12:48:11.382666,2023-11-15 12:48:12.117074,0 days 00:00:00.734408,0.8,10,3.0,0.9,72,64,COMPLETE
7887,7887,17825.5,2023-11-15 12:48:12.120278,2023-11-15 12:48:13.011876,0 days 00:00:00.891598,0.8,10,2.75,0.9,21,70,COMPLETE
7888,7888,17546.25,2023-11-15 12:48:13.014989,2023-11-15 12:48:13.843881,0 days 00:00:00.828892,0.8,10,3.0,0.8,24,78,COMPLETE
7889,7889,18122.5,2023-11-15 12:48:13.848499,2023-11-15 12:48:14.593939,0 days 00:00:00.745440,0.8,10,3.0,0.9,18,72,COMPLETE
7890,7890,16719.5,2023-11-15 12:48:14.597110,2023-11-15 12:48:15.297168,0 days 00:00:00.700058,0.8,10,2.75,0.9,22,66,COMPLETE
7891,7891,18682.0,2023-11-15 12:48:15.300743,2023-11-15 12:48:15.984139,0 days 00:00:00.683396,0.8,10,3.0,0.9,16,75,COMPLETE
7892,7892,17561.25,2023-11-15 12:48:15.986556,2023-11-15 12:48:16.708532,0 days 00:00:00.721976,0.9,10,2.75,0.9,20,69,COMPLETE
7893,7893,16293.25,2023-11-15 12:48:16.710948,2023-11-15 12:48:17.408923,0 days 00:00:00.697975,0.8,30,3.0,0.9,11,72,COMPLETE
7894,7894,16273.75,2023-11-15 12:48:17.411683,2023-11-15 12:48:18.092646,0 days 00:00:00.680963,0.7000000000000001,10,3.0,0.5,98,67,COMPLETE
7895,7895,16923.25,2023-11-15 12:48:18.095632,2023-11-15 12:48:18.792748,0 days 00:00:00.697116,0.8,10,3.0,0.9,25,76,COMPLETE
7896,7896,16711.25,2023-11-15 12:48:18.795117,2023-11-15 12:48:19.486831,0 days 00:00:00.691714,0.8,10,3.0,0.9,19,62,COMPLETE
7897,7897,18392.25,2023-11-15 12:48:19.489260,2023-11-15 12:48:20.188952,0 days 00:00:00.699692,0.8,20,3.0,0.9,13,71,COMPLETE
7898,7898,17920.75,2023-11-15 12:48:20.191640,2023-11-15 12:48:20.874211,0 days 00:00:00.682571,0.8,10,2.75,0.9,17,74,COMPLETE
7899,7899,17369.25,2023-11-15 12:48:20.877032,2023-11-15 12:48:21.575711,0 days 00:00:00.698679,0.8,10,3.0,0.9,22,79,COMPLETE
7900,7900,17382.0,2023-11-15 12:48:21.578357,2023-11-15 12:48:22.275545,0 days 00:00:00.697188,0.9,10,3.0,0.8,15,69,COMPLETE
7901,7901,17652.75,2023-11-15 12:48:22.278272,2023-11-15 12:48:22.969842,0 days 00:00:00.691570,0.8,10,2.5,0.9,27,65,COMPLETE
7902,7902,17369.5,2023-11-15 12:48:22.973430,2023-11-15 12:48:23.696873,0 days 00:00:00.723443,0.8,10,3.0,0.9,20,73,COMPLETE
7903,7903,17825.5,2023-11-15 12:48:23.699400,2023-11-15 12:48:24.401314,0 days 00:00:00.701914,0.8,10,2.75,0.9,23,70,COMPLETE
7904,7904,17842.25,2023-11-15 12:48:24.404609,2023-11-15 12:48:25.100925,0 days 00:00:00.696316,0.7000000000000001,10,3.0,0.9,18,77,COMPLETE
7905,7905,17271.75,2023-11-15 12:48:25.103342,2023-11-15 12:48:25.790383,0 days 00:00:00.687041,0.8,10,3.0,0.9,15,59,COMPLETE
7906,7906,17639.75,2023-11-15 12:48:25.792820,2023-11-15 12:48:26.496208,0 days 00:00:00.703388,0.8,10,2.25,0.9,20,68,COMPLETE
7907,7907,16824.25,2023-11-15 12:48:26.498780,2023-11-15 12:48:27.235070,0 days 00:00:00.736290,0.8,20,2.75,0.9,25,82,COMPLETE
7908,7908,17369.5,2023-11-15 12:48:27.238523,2023-11-15 12:48:27.987699,0 days 00:00:00.749176,0.8,10,3.0,0.9,17,73,COMPLETE
7909,7909,16727.75,2023-11-15 12:48:27.990694,2023-11-15 12:48:28.843933,0 days 00:00:00.853239,0.8,10,3.0,0.8,22,66,COMPLETE
7910,7910,12196.5,2023-11-15 12:48:28.846812,2023-11-15 12:48:29.729310,0 days 00:00:00.882498,0.8,100,3.0,0.4,13,71,COMPLETE
7911,7911,14123.0,2023-11-15 12:48:29.731880,2023-11-15 12:48:30.418946,0 days 00:00:00.687066,0.5,10,3.0,0.9,19,30,COMPLETE
7912,7912,17378.25,2023-11-15 12:48:30.421418,2023-11-15 12:48:31.126273,0 days 00:00:00.704855,0.8,10,2.75,0.9,23,76,COMPLETE
7913,7913,16371.5,2023-11-15 12:48:31.128779,2023-11-15 12:48:31.823186,0 days 00:00:00.694407,0.8,10,3.0,0.9,89,63,COMPLETE
7914,7914,17115.5,2023-11-15 12:48:31.825612,2023-11-15 12:48:32.522806,0 days 00:00:00.697194,0.8,10,3.0,0.9,17,69,COMPLETE
7915,7915,17920.75,2023-11-15 12:48:32.525463,2023-11-15 12:48:33.225441,0 days 00:00:00.699978,0.8,10,2.75,0.9,21,74,COMPLETE
7916,7916,18316.5,2023-11-15 12:48:33.228248,2023-11-15 12:48:33.962327,0 days 00:00:00.734079,0.6,10,3.0,0.9,14,71,COMPLETE
7917,7917,17917.0,2023-11-15 12:48:33.964760,2023-11-15 12:48:34.670499,0 days 00:00:00.705739,0.8,10,3.0,0.9,19,67,COMPLETE
7918,7918,17277.0,2023-11-15 12:48:34.673044,2023-11-15 12:48:35.366732,0 days 00:00:00.693688,0.9,20,3.0,0.9,16,77,COMPLETE
7919,7919,18872.25,2023-11-15 12:48:35.369650,2023-11-15 12:48:36.064559,0 days 00:00:00.694909,0.7000000000000001,10,2.75,0.9,25,73,COMPLETE
7920,7920,17382.5,2023-11-15 12:48:36.067735,2023-11-15 12:48:36.754612,0 days 00:00:00.686877,0.8,10,2.5,0.9,21,69,COMPLETE
7921,7921,17575.25,2023-11-15 12:48:36.757502,2023-11-15 12:48:37.474738,0 days 00:00:00.717236,0.4,10,3.0,0.9,28,80,COMPLETE
7922,7922,16567.0,2023-11-15 12:48:37.477188,2023-11-15 12:48:38.167503,0 days 00:00:00.690315,0.8,10,3.0,0.30000000000000004,18,55,COMPLETE
7923,7923,17654.5,2023-11-15 12:48:38.170139,2023-11-15 12:48:38.869102,0 days 00:00:00.698963,0.8,10,3.0,0.9,44,65,COMPLETE
7924,7924,14236.75,2023-11-15 12:48:38.871546,2023-11-15 12:48:39.594084,0 days 00:00:00.722538,0.8,60,3.0,0.9,48,71,COMPLETE
7925,7925,17190.0,2023-11-15 12:48:39.596694,2023-11-15 12:48:40.300427,0 days 00:00:00.703733,0.8,20,2.75,0.9,23,75,COMPLETE
7926,7926,17547.25,2023-11-15 12:48:40.302986,2023-11-15 12:48:41.018450,0 days 00:00:00.715464,0.8,10,3.0,0.9,20,68,COMPLETE
7927,7927,16718.25,2023-11-15 12:48:41.021460,2023-11-15 12:48:41.720404,0 days 00:00:00.698944,0.8,10,3.0,0.8,15,62,COMPLETE
7928,7928,17369.5,2023-11-15 12:48:41.722954,2023-11-15 12:48:42.414806,0 days 00:00:00.691852,0.8,10,2.75,0.9,11,73,COMPLETE
7929,7929,16903.25,2023-11-15 12:48:42.417904,2023-11-15 12:48:43.123381,0 days 00:00:00.705477,0.8,10,3.0,0.6,26,66,COMPLETE
7930,7930,19260.75,2023-11-15 12:48:43.126430,2023-11-15 12:48:43.929648,0 days 00:00:00.803218,0.8,10,3.0,0.9,17,71,COMPLETE
7931,7931,17378.25,2023-11-15 12:48:43.932860,2023-11-15 12:48:44.732025,0 days 00:00:00.799165,0.8,10,2.75,0.9,23,76,COMPLETE
7932,7932,18973.5,2023-11-15 12:48:44.735154,2023-11-15 12:48:45.412817,0 days 00:00:00.677663,0.7000000000000001,10,3.0,0.9,19,71,COMPLETE
7933,7933,17644.25,2023-11-15 12:48:45.415824,2023-11-15 12:48:46.105588,0 days 00:00:00.689764,0.8,10,1.25,0.9,21,79,COMPLETE
7934,7934,17547.25,2023-11-15 12:48:46.108195,2023-11-15 12:48:46.812878,0 days 00:00:00.704683,0.8,10,3.0,0.9,13,68,COMPLETE
7935,7935,17108.75,2023-11-15 12:48:46.815537,2023-11-15 12:48:47.507815,0 days 00:00:00.692278,0.9,10,2.5,0.9,16,64,COMPLETE
7936,7936,17188.25,2023-11-15 12:48:47.510265,2023-11-15 12:48:48.222312,0 days 00:00:00.712047,0.8,20,3.0,0.9,36,74,COMPLETE
7937,7937,17825.5,2023-11-15 12:48:48.224756,2023-11-15 12:48:48.921242,0 days 00:00:00.696486,0.8,10,3.0,0.9,24,70,COMPLETE
7938,7938,18018.25,2023-11-15 12:48:48.924032,2023-11-15 12:48:49.621280,0 days 00:00:00.697248,0.8,10,2.75,0.8,18,74,COMPLETE
7939,7939,199.5,2023-11-15 12:48:49.623918,2023-11-15 12:48:50.595136,0 days 00:00:00.971218,0.8,10,3.0,0.9,0,117,COMPLETE
7940,7940,17639.75,2023-11-15 12:48:50.597577,2023-11-15 12:48:51.328854,0 days 00:00:00.731277,0.8,10,2.25,0.9,21,68,COMPLETE
7941,7941,15068.5,2023-11-15 12:48:51.332330,2023-11-15 12:48:52.057847,0 days 00:00:00.725517,0.8,50,3.0,0.9,14,77,COMPLETE
7942,7942,18122.5,2023-11-15 12:48:52.060454,2023-11-15 12:48:52.787689,0 days 00:00:00.727235,0.8,10,3.0,0.9,19,72,COMPLETE
7943,7943,16719.5,2023-11-15 12:48:52.791040,2023-11-15 12:48:53.495024,0 days 00:00:00.703984,0.8,10,3.0,0.9,22,66,COMPLETE
7944,7944,14235.25,2023-11-15 12:48:53.497515,2023-11-15 12:48:54.211421,0 days 00:00:00.713906,0.8,70,2.75,0.9,16,70,COMPLETE
7945,7945,17546.5,2023-11-15 12:48:54.213849,2023-11-15 12:48:54.917530,0 days 00:00:00.703681,0.7000000000000001,10,3.0,0.9,32,74,COMPLETE
7946,7946,17372.25,2023-11-15 12:48:54.920277,2023-11-15 12:48:55.604304,0 days 00:00:00.684027,0.8,10,3.0,0.9,6,60,COMPLETE
7947,7947,17742.75,2023-11-15 12:48:55.606781,2023-11-15 12:48:56.321519,0 days 00:00:00.714738,0.9,10,2.75,0.9,59,83,COMPLETE
7948,7948,17917.0,2023-11-15 12:48:56.324098,2023-11-15 12:48:57.051708,0 days 00:00:00.727610,0.8,10,3.0,0.9,26,67,COMPLETE
7949,7949,17185.5,2023-11-15 12:48:57.055054,2023-11-15 12:48:57.887855,0 days 00:00:00.832801,0.8,20,3.0,0.9,24,77,COMPLETE
7950,7950,17014.0,2023-11-15 12:48:57.891036,2023-11-15 12:48:58.703217,0 days 00:00:00.812181,0.8,10,3.0,0.9,18,64,COMPLETE
7951,7951,19260.75,2023-11-15 12:48:58.705610,2023-11-15 12:48:59.395421,0 days 00:00:00.689811,0.8,10,2.5,0.9,20,71,COMPLETE
7952,7952,17763.5,2023-11-15 12:48:59.397939,2023-11-15 12:49:00.123480,0 days 00:00:00.725541,0.8,10,1.0,0.9,17,73,COMPLETE
7953,7953,17833.0,2023-11-15 12:49:00.125946,2023-11-15 12:49:00.824266,0 days 00:00:00.698320,0.8,10,3.0,0.9,22,80,COMPLETE
7954,7954,17020.25,2023-11-15 12:49:00.826802,2023-11-15 12:49:01.524915,0 days 00:00:00.698113,0.8,10,2.75,0.8,29,69,COMPLETE
7955,7955,18682.0,2023-11-15 12:49:01.527376,2023-11-15 12:49:02.309138,0 days 00:00:00.781762,0.8,10,3.0,0.9,10,75,COMPLETE
7956,7956,16547.25,2023-11-15 12:49:02.311873,2023-11-15 12:49:03.018135,0 days 00:00:00.706262,0.9,10,3.0,0.9,14,66,COMPLETE
7957,7957,19165.5,2023-11-15 12:49:03.020693,2023-11-15 12:49:03.744137,0 days 00:00:00.723444,0.8,10,2.75,0.9,78,71,COMPLETE
7958,7958,17382.25,2023-11-15 12:49:03.747144,2023-11-15 12:49:04.445017,0 days 00:00:00.697873,0.8,10,2.0,0.9,20,69,COMPLETE
7959,7959,16720.75,2023-11-15 12:49:04.447514,2023-11-15 12:49:05.142635,0 days 00:00:00.695121,0.7000000000000001,20,3.0,0.9,24,76,COMPLETE
7960,7960,16543.25,2023-11-15 12:49:05.145293,2023-11-15 12:49:05.849995,0 days 00:00:00.704702,0.8,10,3.0,0.9,18,63,COMPLETE
7961,7961,17185.25,2023-11-15 12:49:05.852857,2023-11-15 12:49:06.553570,0 days 00:00:00.700713,0.8,10,3.0,0.9,15,73,COMPLETE
7962,7962,17917.0,2023-11-15 12:49:06.556087,2023-11-15 12:49:07.294411,0 days 00:00:00.738324,0.8,10,2.75,0.9,21,67,COMPLETE
7963,7963,18122.5,2023-11-15 12:49:07.296889,2023-11-15 12:49:07.983150,0 days 00:00:00.686261,0.8,10,3.0,0.9,19,72,COMPLETE
7964,7964,17360.25,2023-11-15 12:49:07.986281,2023-11-15 12:49:08.693183,0 days 00:00:00.706902,0.8,10,3.0,0.9,27,78,COMPLETE
7965,7965,17825.5,2023-11-15 12:49:08.696102,2023-11-15 12:49:09.391730,0 days 00:00:00.695628,0.8,10,3.0,0.9,16,70,COMPLETE
7966,7966,16916.25,2023-11-15 12:49:09.394295,2023-11-15 12:49:10.096411,0 days 00:00:00.702116,0.8,20,2.75,0.8,23,75,COMPLETE
7967,7967,17654.5,2023-11-15 12:49:10.099525,2023-11-15 12:49:10.832262,0 days 00:00:00.732737,0.8,10,3.0,0.9,12,65,COMPLETE
7968,7968,17547.25,2023-11-15 12:49:10.835398,2023-11-15 12:49:11.542739,0 days 00:00:00.707341,0.8,10,2.75,0.9,21,68,COMPLETE
7969,7969,18872.25,2023-11-15 12:49:11.545255,2023-11-15 12:49:12.338644,0 days 00:00:00.793389,0.7000000000000001,10,3.0,0.9,17,73,COMPLETE
7970,7970,17825.5,2023-11-15 12:49:12.341540,2023-11-15 12:49:13.172588,0 days 00:00:00.831048,0.8,10,3.0,0.9,19,70,COMPLETE
7971,7971,17924.5,2023-11-15 12:49:13.176003,2023-11-15 12:49:13.888199,0 days 00:00:00.712196,0.9,10,3.0,0.9,25,80,COMPLETE
7972,7972,16708.75,2023-11-15 12:49:13.891183,2023-11-15 12:49:14.600525,0 days 00:00:00.709342,0.8,10,2.5,0.9,22,62,COMPLETE
7973,7973,16923.25,2023-11-15 12:49:14.603014,2023-11-15 12:49:15.348948,0 days 00:00:00.745934,0.8,10,3.0,0.9,15,76,COMPLETE
7974,7974,18122.5,2023-11-15 12:49:15.352004,2023-11-15 12:49:16.047323,0 days 00:00:00.695319,0.8,10,3.0,0.9,18,72,COMPLETE
7975,7975,17547.25,2023-11-15 12:49:16.050293,2023-11-15 12:49:16.756467,0 days 00:00:00.706174,0.8,10,2.75,0.9,20,68,COMPLETE
7976,7976,16636.25,2023-11-15 12:49:16.759102,2023-11-15 12:49:17.462581,0 days 00:00:00.703479,0.8,20,3.0,0.8,24,73,COMPLETE
7977,7977,17917.0,2023-11-15 12:49:17.465204,2023-11-15 12:49:18.172231,0 days 00:00:00.707027,0.8,10,3.0,0.9,13,67,COMPLETE
7978,7978,17825.5,2023-11-15 12:49:18.174696,2023-11-15 12:49:18.886162,0 days 00:00:00.711466,0.8,10,3.0,0.9,17,70,COMPLETE
7979,7979,18121.5,2023-11-15 12:49:18.889140,2023-11-15 12:49:19.591538,0 days 00:00:00.702398,0.8,10,2.75,0.9,22,77,COMPLETE
7980,7980,17654.5,2023-11-15 12:49:19.594128,2023-11-15 12:49:20.320517,0 days 00:00:00.726389,0.8,10,3.0,0.9,20,65,COMPLETE
7981,7981,17920.75,2023-11-15 12:49:20.323207,2023-11-15 12:49:21.027682,0 days 00:00:00.704475,0.8,10,3.0,0.9,26,74,COMPLETE
7982,7982,17548.0,2023-11-15 12:49:21.030392,2023-11-15 12:49:21.741773,0 days 00:00:00.711381,0.8,30,3.0,0.9,86,70,COMPLETE
7983,7983,17449.5,2023-11-15 12:49:21.744583,2023-11-15 12:49:22.476540,0 days 00:00:00.731957,0.7000000000000001,10,2.25,0.9,15,59,COMPLETE
7984,7984,18215.25,2023-11-15 12:49:22.479105,2023-11-15 12:49:23.200465,0 days 00:00:00.721360,0.8,10,2.75,0.9,18,72,COMPLETE
7985,7985,0.0,2023-11-15 12:49:23.202893,2023-11-15 12:49:23.885120,0 days 00:00:00.682227,0.8,10,3.0,0.9,22,3,COMPLETE
7986,7986,16995.75,2023-11-15 12:49:23.888440,2023-11-15 12:49:24.585020,0 days 00:00:00.696580,0.8,20,3.0,0.7000000000000001,20,85,COMPLETE
7987,7987,17745.25,2023-11-15 12:49:24.587952,2023-11-15 12:49:25.286647,0 days 00:00:00.698695,0.9,10,3.0,0.9,16,68,COMPLETE
7988,7988,18682.0,2023-11-15 12:49:25.289157,2023-11-15 12:49:25.989085,0 days 00:00:00.699928,0.8,10,2.75,0.9,23,75,COMPLETE
7989,7989,15357.75,2023-11-15 12:49:25.991633,2023-11-15 12:49:26.751225,0 days 00:00:00.759592,0.8,10,0.25,0.9,13,64,COMPLETE
7990,7990,17924.25,2023-11-15 12:49:26.753858,2023-11-15 12:49:27.602179,0 days 00:00:00.848321,0.8,10,3.0,0.8,19,81,COMPLETE
7991,7991,19260.75,2023-11-15 12:49:27.605802,2023-11-15 12:49:28.429952,0 days 00:00:00.824150,0.8,10,2.75,0.9,17,71,COMPLETE
7992,7992,17360.25,2023-11-15 12:49:28.434196,2023-11-15 12:49:29.228745,0 days 00:00:00.794549,0.8,10,3.0,0.9,24,78,COMPLETE
7993,7993,17917.0,2023-11-15 12:49:29.231328,2023-11-15 12:49:29.936807,0 days 00:00:00.705479,0.8,10,3.0,0.9,34,67,COMPLETE
7994,7994,17920.75,2023-11-15 12:49:29.939349,2023-11-15 12:49:30.710309,0 days 00:00:00.770960,0.8,10,3.0,0.9,29,74,COMPLETE
7995,7995,18109.0,2023-11-15 12:49:30.714222,2023-11-15 12:49:31.402617,0 days 00:00:00.688395,0.9,10,3.0,0.9,21,70,COMPLETE
7996,7996,17726.75,2023-11-15 12:49:31.405583,2023-11-15 12:49:32.130768,0 days 00:00:00.725185,0.6,20,2.75,0.9,10,65,COMPLETE
7997,7997,16923.25,2023-11-15 12:49:32.134000,2023-11-15 12:49:32.850956,0 days 00:00:00.716956,0.8,10,3.0,0.9,15,76,COMPLETE
7998,7998,17382.5,2023-11-15 12:49:32.853588,2023-11-15 12:49:33.565747,0 days 00:00:00.712159,0.8,10,2.5,0.9,19,69,COMPLETE
7999,7999,17369.5,2023-11-15 12:49:33.568686,2023-11-15 12:49:34.277317,0 days 00:00:00.708631,0.8,10,3.0,0.9,26,73,COMPLETE
8000,8000,17931.25,2023-11-15 12:49:34.279795,2023-11-15 12:49:35.012473,0 days 00:00:00.732678,0.8,10,3.0,0.8,17,72,COMPLETE
8001,8001,16632.75,2023-11-15 12:49:35.015346,2023-11-15 12:49:35.724682,0 days 00:00:00.709336,0.8,10,2.75,0.9,22,61,COMPLETE
8002,8002,15442.75,2023-11-15 12:49:35.727214,2023-11-15 12:49:36.443270,0 days 00:00:00.716056,0.2,10,3.0,0.9,14,67,COMPLETE
8003,8003,17369.25,2023-11-15 12:49:36.445788,2023-11-15 12:49:37.164081,0 days 00:00:00.718293,0.8,10,3.0,0.9,20,79,COMPLETE
8004,8004,17383.75,2023-11-15 12:49:37.167288,2023-11-15 12:49:37.874782,0 days 00:00:00.707494,0.7000000000000001,10,0.5,0.9,24,70,COMPLETE
8005,8005,17190.0,2023-11-15 12:49:37.877291,2023-11-15 12:49:38.629509,0 days 00:00:00.752218,0.8,20,2.75,0.9,12,75,COMPLETE
8006,8006,17654.5,2023-11-15 12:49:38.632223,2023-11-15 12:49:39.335813,0 days 00:00:00.703590,0.8,10,3.0,0.9,18,65,COMPLETE
8007,8007,18122.5,2023-11-15 12:49:39.338280,2023-11-15 12:49:40.038808,0 days 00:00:00.700528,0.8,10,3.0,0.9,16,72,COMPLETE
8008,8008,15118.25,2023-11-15 12:49:40.041597,2023-11-15 12:49:40.738305,0 days 00:00:00.696708,0.8,40,3.0,0.9,21,68,COMPLETE
8009,8009,18682.0,2023-11-15 12:49:40.740797,2023-11-15 12:49:41.434975,0 days 00:00:00.694178,0.8,10,3.0,0.9,23,75,COMPLETE
8010,8010,18112.0,2023-11-15 12:49:41.437989,2023-11-15 12:49:42.180642,0 days 00:00:00.742653,0.8,10,2.5,0.5,27,99,COMPLETE
8011,8011,18294.5,2023-11-15 12:49:42.183624,2023-11-15 12:49:42.981365,0 days 00:00:00.797741,0.8,10,2.75,0.9,19,126,COMPLETE
8012,8012,17453.0,2023-11-15 12:49:42.985255,2023-11-15 12:49:43.826509,0 days 00:00:00.841254,0.8,10,3.0,0.9,18,78,COMPLETE
8013,8013,18014.75,2023-11-15 12:49:43.829309,2023-11-15 12:49:44.691159,0 days 00:00:00.861850,0.9,10,3.0,0.8,15,70,COMPLETE
8014,8014,18872.25,2023-11-15 12:49:44.694378,2023-11-15 12:49:45.532834,0 days 00:00:00.838456,0.7000000000000001,10,2.75,0.9,25,73,COMPLETE
8015,8015,12828.75,2023-11-15 12:49:45.535596,2023-11-15 12:49:46.265605,0 days 00:00:00.730009,0.8,60,3.0,0.9,21,62,COMPLETE
8016,8016,17917.0,2023-11-15 12:49:46.268605,2023-11-15 12:49:46.993735,0 days 00:00:00.725130,0.8,10,3.0,0.9,17,67,COMPLETE
8017,8017,19260.75,2023-11-15 12:49:46.996229,2023-11-15 12:49:47.693299,0 days 00:00:00.697070,0.8,10,3.0,0.9,23,71,COMPLETE
8018,8018,16923.25,2023-11-15 12:49:47.695941,2023-11-15 12:49:48.409167,0 days 00:00:00.713226,0.8,10,3.0,0.9,20,76,COMPLETE
8019,8019,17631.75,2023-11-15 12:49:48.411731,2023-11-15 12:49:49.114343,0 days 00:00:00.702612,0.8,20,2.75,0.9,14,65,COMPLETE
8020,8020,17115.5,2023-11-15 12:49:49.117948,2023-11-15 12:49:49.810760,0 days 00:00:00.692812,0.8,10,3.0,0.9,19,69,COMPLETE
8021,8021,18122.5,2023-11-15 12:49:49.813172,2023-11-15 12:49:50.529111,0 days 00:00:00.715939,0.8,10,3.0,0.9,8,72,COMPLETE
8022,8022,17920.75,2023-11-15 12:49:50.531827,2023-11-15 12:49:51.232281,0 days 00:00:00.700454,0.8,10,2.75,0.9,22,74,COMPLETE
8023,8023,17739.5,2023-11-15 12:49:51.235712,2023-11-15 12:49:51.938933,0 days 00:00:00.703221,0.8,10,2.5,0.9,95,81,COMPLETE
8024,8024,17547.25,2023-11-15 12:49:51.941583,2023-11-15 12:49:52.644105,0 days 00:00:00.702522,0.8,10,3.0,0.9,16,68,COMPLETE
8025,8025,18121.5,2023-11-15 12:49:52.646544,2023-11-15 12:49:53.358552,0 days 00:00:00.712008,0.8,10,3.0,0.9,25,77,COMPLETE
8026,8026,16281.25,2023-11-15 12:49:53.361280,2023-11-15 12:49:54.093611,0 days 00:00:00.732331,0.9,20,3.0,0.8,31,64,COMPLETE
8027,8027,18122.5,2023-11-15 12:49:54.096081,2023-11-15 12:49:54.807447,0 days 00:00:00.711366,0.8,10,3.0,0.9,11,72,COMPLETE
8028,8028,16750.25,2023-11-15 12:49:54.810015,2023-11-15 12:49:55.517560,0 days 00:00:00.707545,0.8,10,2.75,0.1,18,68,COMPLETE
8029,8029,17640.25,2023-11-15 12:49:55.521115,2023-11-15 12:49:56.224067,0 days 00:00:00.702952,0.7000000000000001,10,3.0,0.9,21,74,COMPLETE
8030,8030,17825.5,2023-11-15 12:49:56.226655,2023-11-15 12:49:56.924866,0 days 00:00:00.698211,0.8,10,3.0,0.9,27,70,COMPLETE
8031,8031,17360.25,2023-11-15 12:49:56.927358,2023-11-15 12:49:57.692051,0 days 00:00:00.764693,0.8,10,3.0,0.9,16,78,COMPLETE
8032,8032,17654.5,2023-11-15 12:49:57.694700,2023-11-15 12:49:58.401665,0 days 00:00:00.706965,0.8,10,2.75,0.9,23,65,COMPLETE
8033,8033,19260.75,2023-11-15 12:49:58.404145,2023-11-15 12:49:59.112792,0 days 00:00:00.708647,0.8,10,3.0,0.9,13,71,COMPLETE
8034,8034,18682.0,2023-11-15 12:49:59.116419,2023-11-15 12:49:59.952607,0 days 00:00:00.836188,0.8,10,3.0,0.8,20,75,COMPLETE
8035,8035,17105.0,2023-11-15 12:49:59.956319,2023-11-15 12:50:00.712273,0 days 00:00:00.755954,0.4,10,2.25,0.9,18,67,COMPLETE
8036,8036,17460.25,2023-11-15 12:50:00.714856,2023-11-15 12:50:01.423385,0 days 00:00:00.708529,0.8,10,2.0,0.9,22,73,COMPLETE
8037,8037,16607.75,2023-11-15 12:50:01.425964,2023-11-15 12:50:02.163794,0 days 00:00:00.737830,0.8,20,3.0,0.9,16,62,COMPLETE
8038,8038,18012.75,2023-11-15 12:50:02.167675,2023-11-15 12:50:02.871269,0 days 00:00:00.703594,0.9,10,2.75,0.9,24,70,COMPLETE
