,number,value,datetime_start,datetime_complete,duration,params_alpha,params_decay_interval,params_decay_rate,params_gamma,params_initialization,params_max_steps,state
4415,4415,16820.25,2023-11-15 13:35:59.751653,2023-11-15 13:36:00.165062,0 days 00:00:00.413409,0.8,40,1.25,0.7000000000000001,7,97,COMPLETE
4416,4416,18209.75,2023-11-15 13:36:00.166789,2023-11-15 13:36:00.573153,0 days 00:00:00.406364,0.8,10,1.5,0.8,16,99,COMPLETE
4417,4417,100.0,2023-11-15 13:36:00.574892,2023-11-15 13:36:01.216342,0 days 00:00:00.641450,0.8,10,1.25,0.8,0,95,COMPLETE
4418,4418,18307.0,2023-11-15 13:36:01.218357,2023-11-15 13:36:01.630293,0 days 00:00:00.411936,0.9,10,1.25,0.8,28,100,COMPLETE
4419,4419,18023.5,2023-11-15 13:36:01.632042,2023-11-15 13:36:02.052189,0 days 00:00:00.420147,0.8,10,1.25,0.8,19,98,COMPLETE
4420,4420,18399.0,2023-11-15 13:36:02.054071,2023-11-15 13:36:02.453176,0 days 00:00:00.399105,0.8,10,1.0,0.9,10,96,COMPLETE
4421,4421,17652.0,2023-11-15 13:36:02.455326,2023-11-15 13:36:02.863668,0 days 00:00:00.408342,0.8,20,1.25,0.8,5,93,COMPLETE
4422,4422,18023.5,2023-11-15 13:36:02.865710,2023-11-15 13:36:03.268461,0 days 00:00:00.402751,0.8,10,1.25,0.8,22,98,COMPLETE
4423,4423,18305.75,2023-11-15 13:36:03.270785,2023-11-15 13:36:03.667366,0 days 00:00:00.396581,0.8,10,1.5,0.8,2,100,COMPLETE
4424,4424,18218.0,2023-11-15 13:36:03.669835,2023-11-15 13:36:04.074583,0 days 00:00:00.404748,0.8,10,1.25,0.8,12,97,COMPLETE
4425,4425,14290.75,2023-11-15 13:36:04.076319,2023-11-15 13:36:04.494735,0 days 00:00:00.418416,0.8,70,1.75,0.8,17,100,COMPLETE
4426,4426,18303.75,2023-11-15 13:36:04.496539,2023-11-15 13:36:04.898089,0 days 00:00:00.401550,0.7000000000000001,10,1.25,0.8,14,98,COMPLETE
4427,4427,18301.75,2023-11-15 13:36:04.899803,2023-11-15 13:36:05.321575,0 days 00:00:00.421772,0.8,10,1.25,0.8,19,96,COMPLETE
4428,4428,17837.25,2023-11-15 13:36:05.323324,2023-11-15 13:36:05.726721,0 days 00:00:00.403397,0.8,10,1.25,0.8,9,95,COMPLETE
4429,4429,18071.5,2023-11-15 13:36:05.728584,2023-11-15 13:36:06.125531,0 days 00:00:00.396947,0.8,10,1.0,0.9,71,98,COMPLETE
4430,4430,18398.25,2023-11-15 13:36:06.127336,2023-11-15 13:36:06.527272,0 days 00:00:00.399936,0.8,10,1.25,0.8,21,100,COMPLETE
4431,4431,17925.5,2023-11-15 13:36:06.529023,2023-11-15 13:36:06.928207,0 days 00:00:00.399184,0.8,20,1.5,0.7000000000000001,16,98,COMPLETE
4432,4432,18486.25,2023-11-15 13:36:06.930164,2023-11-15 13:36:07.323211,0 days 00:00:00.393047,0.8,10,1.25,0.8,6,94,COMPLETE
4433,4433,18394.5,2023-11-15 13:36:07.324908,2023-11-15 13:36:07.721501,0 days 00:00:00.396593,0.8,10,1.25,0.8,3,96,COMPLETE
4434,4434,18399.0,2023-11-15 13:36:07.723227,2023-11-15 13:36:08.123012,0 days 00:00:00.399785,0.8,10,1.25,0.8,11,100,COMPLETE
4435,4435,18211.25,2023-11-15 13:36:08.124771,2023-11-15 13:36:08.528527,0 days 00:00:00.403756,0.7000000000000001,10,1.25,0.8,26,98,COMPLETE
4436,4436,15920.0,2023-11-15 13:36:08.530338,2023-11-15 13:36:08.952799,0 days 00:00:00.422461,0.9,10,1.25,0.8,18,41,COMPLETE
4437,4437,18323.25,2023-11-15 13:36:08.954882,2023-11-15 13:36:09.351043,0 days 00:00:00.396161,0.8,10,1.0,0.8,13,97,COMPLETE
4438,4438,13947.0,2023-11-15 13:36:09.353403,2023-11-15 13:36:09.803033,0 days 00:00:00.449630,0.1,10,1.25,0.7000000000000001,15,100,COMPLETE
4439,4439,18301.5,2023-11-15 13:36:09.804901,2023-11-15 13:36:10.201911,0 days 00:00:00.397010,0.8,10,1.5,0.8,7,96,COMPLETE
4440,4440,18026.5,2023-11-15 13:36:10.204003,2023-11-15 13:36:10.603905,0 days 00:00:00.399902,0.6,10,1.25,0.9,23,99,COMPLETE
4441,4441,16116.75,2023-11-15 13:36:10.605774,2023-11-15 13:36:11.014429,0 days 00:00:00.408655,0.8,50,1.25,0.8,50,94,COMPLETE
4442,4442,17114.25,2023-11-15 13:36:11.016390,2023-11-15 13:36:11.426421,0 days 00:00:00.410031,0.30000000000000004,20,1.25,0.8,20,98,COMPLETE
4443,4443,18310.75,2023-11-15 13:36:11.428454,2023-11-15 13:36:11.831013,0 days 00:00:00.402559,0.8,10,1.25,0.8,17,92,COMPLETE
4444,4444,18401.0,2023-11-15 13:36:11.832829,2023-11-15 13:36:12.228758,0 days 00:00:00.395929,0.8,10,1.0,0.8,5,100,COMPLETE
4445,4445,17640.25,2023-11-15 13:36:12.230518,2023-11-15 13:36:12.643123,0 days 00:00:00.412605,0.8,30,1.25,0.8,8,96,COMPLETE
4446,4446,18399.0,2023-11-15 13:36:12.644835,2023-11-15 13:36:13.041965,0 days 00:00:00.397130,0.8,10,2.0,0.8,14,98,COMPLETE
4447,4447,18304.25,2023-11-15 13:36:13.043783,2023-11-15 13:36:13.440310,0 days 00:00:00.396527,0.8,10,1.5,0.7000000000000001,11,100,COMPLETE
4448,4448,18218.0,2023-11-15 13:36:13.442065,2023-11-15 13:36:13.835880,0 days 00:00:00.393815,0.8,10,1.25,0.8,2,97,COMPLETE
4449,4449,18265.25,2023-11-15 13:36:13.837797,2023-11-15 13:36:14.233591,0 days 00:00:00.395794,0.8,10,1.25,0.9,18,98,COMPLETE
4450,4450,17554.0,2023-11-15 13:36:14.235943,2023-11-15 13:36:14.640660,0 days 00:00:00.404717,0.5,10,1.25,0.8,16,95,COMPLETE
4451,4451,17594.5,2023-11-15 13:36:14.642460,2023-11-15 13:36:15.051979,0 days 00:00:00.409519,0.8,10,1.25,0.8,95,100,COMPLETE
4452,4452,17841.75,2023-11-15 13:36:15.053951,2023-11-15 13:36:15.451592,0 days 00:00:00.397641,0.9,10,1.0,0.8,21,98,COMPLETE
4453,4453,18058.0,2023-11-15 13:36:15.454054,2023-11-15 13:36:15.879108,0 days 00:00:00.425054,0.7000000000000001,20,1.25,0.8,24,96,COMPLETE
4454,4454,18681.25,2023-11-15 13:36:15.880968,2023-11-15 13:36:16.281138,0 days 00:00:00.400170,0.8,10,1.25,0.8,13,99,COMPLETE
4455,4455,17655.25,2023-11-15 13:36:16.282843,2023-11-15 13:36:16.688198,0 days 00:00:00.405355,0.8,10,1.25,0.8,9,91,COMPLETE
4456,4456,18486.25,2023-11-15 13:36:16.689926,2023-11-15 13:36:17.090728,0 days 00:00:00.400802,0.8,10,1.25,0.8,4,94,COMPLETE
4457,4457,16282.25,2023-11-15 13:36:17.092597,2023-11-15 13:36:17.495698,0 days 00:00:00.403101,0.8,10,1.75,0.8,18,63,COMPLETE
4458,4458,199.5,2023-11-15 13:36:17.497471,2023-11-15 13:36:18.152135,0 days 00:00:00.654664,0.8,10,1.5,0.7000000000000001,0,97,COMPLETE
4459,4459,18399.75,2023-11-15 13:36:18.154050,2023-11-15 13:36:18.551487,0 days 00:00:00.397437,0.8,10,1.25,0.9,15,100,COMPLETE
4460,4460,16773.25,2023-11-15 13:36:18.553590,2023-11-15 13:36:18.954707,0 days 00:00:00.401117,0.8,20,1.0,0.6,21,59,COMPLETE
4461,4461,18209.5,2023-11-15 13:36:18.956633,2023-11-15 13:36:19.361216,0 days 00:00:00.404583,0.9,10,1.25,0.8,12,98,COMPLETE
4462,4462,18301.5,2023-11-15 13:36:19.363049,2023-11-15 13:36:19.786370,0 days 00:00:00.423321,0.8,10,1.5,0.8,6,96,COMPLETE
4463,4463,18401.5,2023-11-15 13:36:19.788378,2023-11-15 13:36:20.194728,0 days 00:00:00.406350,0.7000000000000001,10,1.25,0.8,19,100,COMPLETE
4464,4464,18208.5,2023-11-15 13:36:20.196735,2023-11-15 13:36:20.606785,0 days 00:00:00.410050,0.8,10,1.25,0.5,4,98,COMPLETE
4465,4465,18410.75,2023-11-15 13:36:20.608701,2023-11-15 13:36:21.014197,0 days 00:00:00.405496,0.8,10,1.25,0.8,15,94,COMPLETE
4466,4466,18306.5,2023-11-15 13:36:21.016097,2023-11-15 13:36:21.421382,0 days 00:00:00.405285,0.8,10,2.5,0.8,17,97,COMPLETE
4467,4467,18492.5,2023-11-15 13:36:21.423911,2023-11-15 13:36:21.822360,0 days 00:00:00.398449,0.8,10,1.25,0.8,10,100,COMPLETE
4468,4468,18497.5,2023-11-15 13:36:21.824232,2023-11-15 13:36:22.229503,0 days 00:00:00.405271,0.8,10,1.0,0.8,7,96,COMPLETE
4469,4469,18681.25,2023-11-15 13:36:22.231362,2023-11-15 13:36:22.631211,0 days 00:00:00.399849,0.8,10,1.25,0.8,2,99,COMPLETE
4470,4470,18265.25,2023-11-15 13:36:22.633256,2023-11-15 13:36:23.058821,0 days 00:00:00.425565,0.8,10,1.25,0.9,30,98,COMPLETE
4471,4471,18107.75,2023-11-15 13:36:23.060931,2023-11-15 13:36:23.461805,0 days 00:00:00.400874,0.8,20,1.5,0.8,20,100,COMPLETE
4472,4472,17837.25,2023-11-15 13:36:23.463652,2023-11-15 13:36:23.866283,0 days 00:00:00.402631,0.8,10,1.25,0.8,13,95,COMPLETE
4473,4473,18246.5,2023-11-15 13:36:23.868164,2023-11-15 13:36:24.274490,0 days 00:00:00.406326,0.8,10,0.75,0.8,23,98,COMPLETE
4474,4474,17397.75,2023-11-15 13:36:24.276331,2023-11-15 13:36:24.686845,0 days 00:00:00.410514,0.8,10,1.25,0.1,17,96,COMPLETE
4475,4475,18492.5,2023-11-15 13:36:24.688831,2023-11-15 13:36:25.094657,0 days 00:00:00.405826,0.8,10,1.25,0.8,15,100,COMPLETE
4476,4476,18300.0,2023-11-15 13:36:25.096368,2023-11-15 13:36:25.497700,0 days 00:00:00.401332,0.8,10,1.5,0.8,8,93,COMPLETE
4477,4477,17049.0,2023-11-15 13:36:25.499569,2023-11-15 13:36:25.916301,0 days 00:00:00.416732,0.4,10,1.0,0.7000000000000001,33,98,COMPLETE
4478,4478,18218.0,2023-11-15 13:36:25.918745,2023-11-15 13:36:26.321789,0 days 00:00:00.403044,0.8,10,1.25,0.8,12,97,COMPLETE
4479,4479,13720.25,2023-11-15 13:36:26.334003,2023-11-15 13:36:26.777798,0 days 00:00:00.443795,0.9,80,1.25,0.8,42,100,COMPLETE
4480,4480,17005.25,2023-11-15 13:36:26.779521,2023-11-15 13:36:27.190527,0 days 00:00:00.411006,0.8,20,1.25,0.8,19,95,COMPLETE
4481,4481,18303.75,2023-11-15 13:36:27.192233,2023-11-15 13:36:27.595790,0 days 00:00:00.403557,0.7000000000000001,10,1.25,0.8,4,98,COMPLETE
4482,4482,18681.25,2023-11-15 13:36:27.597562,2023-11-15 13:36:28.003484,0 days 00:00:00.405922,0.8,10,1.25,0.8,25,99,COMPLETE
4483,4483,18594.75,2023-11-15 13:36:28.005408,2023-11-15 13:36:28.408406,0 days 00:00:00.402998,0.8,10,1.0,0.8,16,96,COMPLETE
4484,4484,18213.5,2023-11-15 13:36:28.410436,2023-11-15 13:36:28.813768,0 days 00:00:00.403332,0.8,10,2.25,0.9,10,100,COMPLETE
4485,4485,18218.0,2023-11-15 13:36:28.815863,2023-11-15 13:36:29.226351,0 days 00:00:00.410488,0.8,10,1.25,0.8,22,97,COMPLETE
4486,4486,18410.75,2023-11-15 13:36:29.228231,2023-11-15 13:36:29.651020,0 days 00:00:00.422789,0.8,10,1.25,0.8,14,94,COMPLETE
4487,4487,18214.0,2023-11-15 13:36:29.653626,2023-11-15 13:36:30.062921,0 days 00:00:00.409295,0.8,10,3.0,0.8,19,98,COMPLETE
4488,4488,18119.75,2023-11-15 13:36:30.064884,2023-11-15 13:36:30.474807,0 days 00:00:00.409923,0.8,10,1.75,0.8,39,100,COMPLETE
4489,4489,18303.75,2023-11-15 13:36:30.476864,2023-11-15 13:36:30.887082,0 days 00:00:00.410218,0.8,10,1.25,0.7000000000000001,1,96,COMPLETE
4490,4490,16472.5,2023-11-15 13:36:30.889428,2023-11-15 13:36:31.290659,0 days 00:00:00.401231,0.8,10,1.5,0.8,6,55,COMPLETE
4491,4491,17830.75,2023-11-15 13:36:31.292537,2023-11-15 13:36:31.703647,0 days 00:00:00.411110,0.8,20,1.25,0.8,17,98,COMPLETE
4492,4492,18492.5,2023-11-15 13:36:31.706003,2023-11-15 13:36:32.107792,0 days 00:00:00.401789,0.8,10,1.25,0.8,12,100,COMPLETE
4493,4493,18210.5,2023-11-15 13:36:32.109521,2023-11-15 13:36:32.511325,0 days 00:00:00.401804,0.7000000000000001,10,1.5,0.9,21,90,COMPLETE
4494,4494,18218.5,2023-11-15 13:36:32.513175,2023-11-15 13:36:32.918382,0 days 00:00:00.405207,0.9,10,1.25,0.8,8,97,COMPLETE
4495,4495,18301.25,2023-11-15 13:36:32.920607,2023-11-15 13:36:33.340023,0 days 00:00:00.419416,0.8,10,1.0,0.8,4,93,COMPLETE
4496,4496,18023.5,2023-11-15 13:36:33.341835,2023-11-15 13:36:33.742190,0 days 00:00:00.400355,0.8,10,1.25,0.8,15,98,COMPLETE
4497,4497,17659.5,2023-11-15 13:36:33.743950,2023-11-15 13:36:34.159517,0 days 00:00:00.415567,0.8,10,1.25,0.8,68,95,COMPLETE
4498,4498,17919.25,2023-11-15 13:36:34.161277,2023-11-15 13:36:34.562736,0 days 00:00:00.401459,0.8,20,1.25,0.8,18,99,COMPLETE
4499,4499,18492.5,2023-11-15 13:36:34.565360,2023-11-15 13:36:34.964545,0 days 00:00:00.399185,0.8,10,1.25,0.8,10,100,COMPLETE
4500,4500,18300.75,2023-11-15 13:36:34.966320,2023-11-15 13:36:35.362487,0 days 00:00:00.396167,0.8,10,1.25,0.9,13,96,COMPLETE
4501,4501,18023.5,2023-11-15 13:36:35.364323,2023-11-15 13:36:35.773429,0 days 00:00:00.409106,0.8,10,1.25,0.8,2,98,COMPLETE
4502,4502,18217.5,2023-11-15 13:36:35.775349,2023-11-15 13:36:36.175623,0 days 00:00:00.400274,0.8,10,1.5,0.6,16,97,COMPLETE
4503,4503,18492.5,2023-11-15 13:36:36.177560,2023-11-15 13:36:36.597770,0 days 00:00:00.420210,0.8,10,1.25,0.8,19,100,COMPLETE
4504,4504,18022.0,2023-11-15 13:36:36.599481,2023-11-15 13:36:37.005777,0 days 00:00:00.406296,0.8,10,1.0,0.8,22,98,COMPLETE
4505,4505,18112.5,2023-11-15 13:36:37.007653,2023-11-15 13:36:37.411701,0 days 00:00:00.404048,0.8,10,1.25,0.8,6,95,COMPLETE
4506,4506,18402.0,2023-11-15 13:36:37.413537,2023-11-15 13:36:37.820694,0 days 00:00:00.407157,0.7000000000000001,10,1.25,0.7000000000000001,14,100,COMPLETE
4507,4507,17001.75,2023-11-15 13:36:37.822476,2023-11-15 13:36:38.223944,0 days 00:00:00.401468,0.9,10,1.25,0.8,20,43,COMPLETE
4508,4508,18023.5,2023-11-15 13:36:38.225757,2023-11-15 13:36:38.635873,0 days 00:00:00.410116,0.8,10,1.25,0.8,17,98,COMPLETE
4509,4509,199.5,2023-11-15 13:36:38.637987,2023-11-15 13:36:39.302764,0 days 00:00:00.664777,0.8,10,1.5,0.8,0,96,COMPLETE
4510,4510,11937.0,2023-11-15 13:36:39.304648,2023-11-15 13:36:39.704887,0 days 00:00:00.400239,0.8,10,1.25,0.4,11,22,COMPLETE
4511,4511,17973.25,2023-11-15 13:36:39.706977,2023-11-15 13:36:40.127742,0 days 00:00:00.420765,0.8,20,1.0,0.8,4,92,COMPLETE
4512,4512,18681.25,2023-11-15 13:36:40.129605,2023-11-15 13:36:40.544320,0 days 00:00:00.414715,0.8,10,1.25,0.8,9,99,COMPLETE
4513,4513,18213.25,2023-11-15 13:36:40.546141,2023-11-15 13:36:40.959396,0 days 00:00:00.413255,0.8,10,1.25,0.7000000000000001,24,94,COMPLETE
4514,4514,18323.25,2023-11-15 13:36:40.961389,2023-11-15 13:36:41.379076,0 days 00:00:00.417687,0.8,10,1.0,0.9,16,97,COMPLETE
4515,4515,18307.0,2023-11-15 13:36:41.380913,2023-11-15 13:36:41.799096,0 days 00:00:00.418183,0.9,10,1.25,0.8,13,100,COMPLETE
4516,4516,18023.5,2023-11-15 13:36:41.801450,2023-11-15 13:36:42.214616,0 days 00:00:00.413166,0.8,10,1.25,0.8,19,98,COMPLETE
4517,4517,18202.0,2023-11-15 13:36:42.216867,2023-11-15 13:36:42.627344,0 days 00:00:00.410477,0.8,20,1.75,0.8,6,96,COMPLETE
4518,4518,18492.5,2023-11-15 13:36:42.629320,2023-11-15 13:36:43.049502,0 days 00:00:00.420182,0.8,10,1.25,0.8,15,100,COMPLETE
4519,4519,12391.75,2023-11-15 13:36:43.051865,2023-11-15 13:36:43.509924,0 days 00:00:00.458059,0.8,100,1.5,0.8,21,88,COMPLETE
4520,4520,18023.5,2023-11-15 13:36:43.512069,2023-11-15 13:36:43.943171,0 days 00:00:00.431102,0.8,10,1.25,0.8,2,98,COMPLETE
4521,4521,18300.75,2023-11-15 13:36:43.945494,2023-11-15 13:36:44.385543,0 days 00:00:00.440049,0.8,10,1.25,0.9,11,96,COMPLETE
4522,4522,18410.75,2023-11-15 13:36:44.387372,2023-11-15 13:36:44.800253,0 days 00:00:00.412881,0.8,10,1.25,0.8,18,94,COMPLETE
4523,4523,18129.25,2023-11-15 13:36:44.802782,2023-11-15 13:36:45.207518,0 days 00:00:00.404736,0.7000000000000001,10,1.0,0.8,7,98,COMPLETE
4524,4524,18492.5,2023-11-15 13:36:45.209416,2023-11-15 13:36:45.612581,0 days 00:00:00.403165,0.8,10,1.25,0.8,14,100,COMPLETE
4525,4525,18399.75,2023-11-15 13:36:45.614370,2023-11-15 13:36:46.013719,0 days 00:00:00.399349,0.8,10,1.5,0.8,16,97,COMPLETE
4526,4526,13295.5,2023-11-15 13:36:46.015492,2023-11-15 13:36:46.454940,0 days 00:00:00.439448,0.8,90,1.25,0.8,20,99,COMPLETE
4527,4527,16818.75,2023-11-15 13:36:46.457124,2023-11-15 13:36:46.872236,0 days 00:00:00.415112,0.8,40,1.25,0.7000000000000001,4,96,COMPLETE
4528,4528,18398.25,2023-11-15 13:36:46.874174,2023-11-15 13:36:47.279665,0 days 00:00:00.405491,0.8,10,1.25,0.8,9,100,COMPLETE
4529,4529,17934.5,2023-11-15 13:36:47.281755,2023-11-15 13:36:47.725171,0 days 00:00:00.443416,0.5,10,1.25,0.8,26,98,COMPLETE
4530,4530,17102.0,2023-11-15 13:36:47.727000,2023-11-15 13:36:48.133824,0 days 00:00:00.406824,0.8,10,1.25,0.8,17,68,COMPLETE
4531,4531,16059.75,2023-11-15 13:36:48.136234,2023-11-15 13:36:48.565333,0 days 00:00:00.429099,0.2,10,1.5,0.8,12,95,COMPLETE
4532,4532,17830.75,2023-11-15 13:36:48.567230,2023-11-15 13:36:48.979153,0 days 00:00:00.411923,0.8,20,1.25,0.9,22,98,COMPLETE
4533,4533,18238.5,2023-11-15 13:36:48.980921,2023-11-15 13:36:49.391856,0 days 00:00:00.410935,0.8,10,1.0,0.8,8,100,COMPLETE
4534,4534,18396.25,2023-11-15 13:36:49.393644,2023-11-15 13:36:49.801726,0 days 00:00:00.408082,0.9,10,1.25,0.8,18,93,COMPLETE
4535,4535,18394.5,2023-11-15 13:36:49.803808,2023-11-15 13:36:50.213570,0 days 00:00:00.409762,0.8,10,1.25,0.8,14,96,COMPLETE
4536,4536,18303.75,2023-11-15 13:36:50.215303,2023-11-15 13:36:50.630430,0 days 00:00:00.415127,0.7000000000000001,10,1.25,0.8,2,98,COMPLETE
4537,4537,18492.5,2023-11-15 13:36:50.632199,2023-11-15 13:36:51.055633,0 days 00:00:00.423434,0.8,10,1.25,0.8,5,100,COMPLETE
4538,4538,17274.5,2023-11-15 13:36:51.057553,2023-11-15 13:36:51.470497,0 days 00:00:00.412944,0.8,30,1.5,0.8,11,97,COMPLETE
4539,4539,17937.0,2023-11-15 13:36:51.472326,2023-11-15 13:36:51.879968,0 days 00:00:00.407642,0.8,20,1.75,0.8,16,94,COMPLETE
4540,4540,18120.75,2023-11-15 13:36:51.881742,2023-11-15 13:36:52.293309,0 days 00:00:00.411567,0.8,10,1.25,0.7000000000000001,20,99,COMPLETE
4541,4541,18379.75,2023-11-15 13:36:52.295323,2023-11-15 13:36:52.710797,0 days 00:00:00.415474,0.8,10,1.0,0.8,24,96,COMPLETE
4542,4542,18398.25,2023-11-15 13:36:52.712687,2023-11-15 13:36:53.119342,0 days 00:00:00.406655,0.8,10,1.25,0.8,18,100,COMPLETE
4543,4543,18265.25,2023-11-15 13:36:53.121937,2023-11-15 13:36:53.543678,0 days 00:00:00.421741,0.8,10,1.25,0.9,13,98,COMPLETE
4544,4544,18023.5,2023-11-15 13:36:53.545472,2023-11-15 13:36:53.955018,0 days 00:00:00.409546,0.8,10,1.25,0.8,3,98,COMPLETE
4545,4545,199.5,2023-11-15 13:36:53.956797,2023-11-15 13:36:54.636658,0 days 00:00:00.679861,0.8,10,1.25,0.8,0,100,COMPLETE
4546,4546,17925.5,2023-11-15 13:36:54.638462,2023-11-15 13:36:55.042945,0 days 00:00:00.404483,0.6,10,1.0,0.8,6,95,COMPLETE
4547,4547,18399.75,2023-11-15 13:36:55.044763,2023-11-15 13:36:55.453258,0 days 00:00:00.408495,0.8,10,1.5,0.8,15,97,COMPLETE
4548,4548,18401.75,2023-11-15 13:36:55.455135,2023-11-15 13:36:55.860279,0 days 00:00:00.405144,0.7000000000000001,10,1.25,0.8,20,100,COMPLETE
4549,4549,15493.0,2023-11-15 13:36:55.862488,2023-11-15 13:36:56.262009,0 days 00:00:00.399521,0.8,10,1.25,0.7000000000000001,10,35,COMPLETE
4550,4550,15129.5,2023-11-15 13:36:56.263908,2023-11-15 13:36:56.676556,0 days 00:00:00.412648,0.9,20,1.25,0.9,22,38,COMPLETE
4551,4551,18218.0,2023-11-15 13:36:56.678344,2023-11-15 13:36:57.082685,0 days 00:00:00.404341,0.8,10,1.25,0.8,8,97,COMPLETE
4552,4552,18398.5,2023-11-15 13:36:57.085436,2023-11-15 13:36:57.491538,0 days 00:00:00.406102,0.8,10,1.5,0.8,17,98,COMPLETE
4553,4553,17837.25,2023-11-15 13:36:57.493304,2023-11-15 13:36:57.946543,0 days 00:00:00.453239,0.8,10,1.25,0.8,28,95,COMPLETE
4554,4554,18681.25,2023-11-15 13:36:57.948328,2023-11-15 13:36:58.378752,0 days 00:00:00.430424,0.8,10,1.25,0.8,13,99,COMPLETE
4555,4555,2229.75,2023-11-15 13:36:58.380474,2023-11-15 13:36:58.796430,0 days 00:00:00.415956,0.8,10,1.25,0.8,4,10,COMPLETE
4556,4556,18235.25,2023-11-15 13:36:58.798484,2023-11-15 13:36:59.236219,0 days 00:00:00.437735,0.8,10,1.0,0.8,15,93,COMPLETE
4557,4557,18301.75,2023-11-15 13:36:59.238065,2023-11-15 13:36:59.662325,0 days 00:00:00.424260,0.8,10,1.25,0.8,19,96,COMPLETE
4558,4558,17921.25,2023-11-15 13:36:59.664165,2023-11-15 13:37:00.100046,0 days 00:00:00.435881,0.8,20,1.25,0.8,37,100,COMPLETE
4559,4559,18305.25,2023-11-15 13:37:00.102548,2023-11-15 13:37:00.524366,0 days 00:00:00.421818,0.8,10,1.5,0.8,11,98,COMPLETE
4560,4560,18217.25,2023-11-15 13:37:00.526160,2023-11-15 13:37:00.957457,0 days 00:00:00.431297,0.8,10,1.25,0.9,17,97,COMPLETE
4561,4561,18492.5,2023-11-15 13:37:00.959406,2023-11-15 13:37:01.429866,0 days 00:00:00.470460,0.8,10,1.25,0.8,7,100,COMPLETE
4562,4562,17924.5,2023-11-15 13:37:01.431797,2023-11-15 13:37:01.849788,0 days 00:00:00.417991,0.9,10,1.0,0.8,47,95,COMPLETE
4563,4563,15813.0,2023-11-15 13:37:01.852115,2023-11-15 13:37:02.273373,0 days 00:00:00.421258,0.7000000000000001,50,1.25,0.8,22,71,COMPLETE
4564,4564,14669.25,2023-11-15 13:37:02.275351,2023-11-15 13:37:02.708273,0 days 00:00:00.432922,0.8,70,2.0,0.8,2,98,COMPLETE
4565,4565,18492.5,2023-11-15 13:37:02.710135,2023-11-15 13:37:03.123815,0 days 00:00:00.413680,0.8,10,1.25,0.8,14,100,COMPLETE
4566,4566,17655.25,2023-11-15 13:37:03.125702,2023-11-15 13:37:03.538688,0 days 00:00:00.412986,0.8,10,1.25,0.8,19,91,COMPLETE
4567,4567,15242.75,2023-11-15 13:37:03.540501,2023-11-15 13:37:03.970036,0 days 00:00:00.429535,0.8,60,1.5,0.8,16,96,COMPLETE
4568,4568,18209.5,2023-11-15 13:37:03.972095,2023-11-15 13:37:04.378237,0 days 00:00:00.406142,0.8,10,1.25,0.7000000000000001,5,98,COMPLETE
4569,4569,18400.0,2023-11-15 13:37:04.380225,2023-11-15 13:37:04.812191,0 days 00:00:00.431966,0.8,10,1.25,0.9,9,94,COMPLETE
4570,4570,18681.25,2023-11-15 13:37:04.814085,2023-11-15 13:37:05.219286,0 days 00:00:00.405201,0.8,10,1.25,0.8,12,99,COMPLETE
4571,4571,18497.5,2023-11-15 13:37:05.221018,2023-11-15 13:37:05.623645,0 days 00:00:00.402627,0.8,10,1.0,0.8,18,96,COMPLETE
4572,4572,17830.75,2023-11-15 13:37:05.625432,2023-11-15 13:37:06.030330,0 days 00:00:00.404898,0.8,20,1.25,0.8,24,98,COMPLETE
4573,4573,18307.0,2023-11-15 13:37:06.032108,2023-11-15 13:37:06.443688,0 days 00:00:00.411580,0.9,10,1.25,0.8,21,100,COMPLETE
4574,4574,18399.75,2023-11-15 13:37:06.445492,2023-11-15 13:37:06.863676,0 days 00:00:00.418184,0.8,10,1.5,0.8,15,97,COMPLETE
4575,4575,18492.5,2023-11-15 13:37:06.865442,2023-11-15 13:37:07.282400,0 days 00:00:00.416958,0.8,10,1.25,0.8,3,100,COMPLETE
4576,4576,46.25,2023-11-15 13:37:07.284990,2023-11-15 13:37:07.689921,0 days 00:00:00.404931,0.1,10,1.25,0.8,6,13,COMPLETE
4577,4577,18303.75,2023-11-15 13:37:07.691711,2023-11-15 13:37:08.110616,0 days 00:00:00.418905,0.7000000000000001,10,1.25,0.8,13,98,COMPLETE
4578,4578,18558.5,2023-11-15 13:37:08.115978,2023-11-15 13:37:08.529250,0 days 00:00:00.413272,0.8,10,1.0,0.7000000000000001,10,96,COMPLETE
4579,4579,199.5,2023-11-15 13:37:08.531017,2023-11-15 13:37:09.194236,0 days 00:00:00.663219,0.8,10,1.75,0.8,0,94,COMPLETE
4580,4580,18224.25,2023-11-15 13:37:09.196002,2023-11-15 13:37:09.613277,0 days 00:00:00.417275,0.8,10,1.25,0.9,16,82,COMPLETE
4581,4581,18492.5,2023-11-15 13:37:09.615797,2023-11-15 13:37:10.028212,0 days 00:00:00.412415,0.8,10,1.25,0.8,20,100,COMPLETE
4582,4582,17376.5,2023-11-15 13:37:10.029952,2023-11-15 13:37:10.445877,0 days 00:00:00.415925,0.4,20,1.25,0.8,17,98,COMPLETE
4583,4583,17589.5,2023-11-15 13:37:10.447667,2023-11-15 13:37:10.872315,0 days 00:00:00.424648,0.8,10,1.25,0.2,26,96,COMPLETE
4584,4584,18212.0,2023-11-15 13:37:10.874113,2023-11-15 13:37:11.297973,0 days 00:00:00.423860,0.8,10,0.5,0.8,23,98,COMPLETE
