,number,value,datetime_start,datetime_complete,duration,params_alpha,params_decay_interval,params_decay_rate,params_gamma,params_initialization,params_max_steps,state
1540,1540,18213.25,2023-11-15 13:20:56.658503,2023-11-15 13:20:56.838372,0 days 00:00:00.179869,0.7000000000000001,10,2.0,0.8,21,100,COMPLETE
1541,1541,17655.25,2023-11-15 13:20:56.839878,2023-11-15 13:20:57.024940,0 days 00:00:00.185062,0.8,10,1.25,0.8,7,91,COMPLETE
1542,1542,18301.5,2023-11-15 13:20:57.026253,2023-11-15 13:20:57.204410,0 days 00:00:00.178157,0.8,10,1.5,0.8,17,96,COMPLETE
1543,1543,18119.0,2023-11-15 13:20:57.205897,2023-11-15 13:20:57.388437,0 days 00:00:00.182540,0.8,10,1.75,0.7000000000000001,14,98,COMPLETE
1544,1544,17837.25,2023-11-15 13:20:57.390285,2023-11-15 13:20:57.574984,0 days 00:00:00.184699,0.8,10,1.25,0.8,10,95,COMPLETE
1545,1545,17437.25,2023-11-15 13:20:57.576374,2023-11-15 13:20:57.768436,0 days 00:00:00.192062,0.8,20,0.25,0.8,4,100,COMPLETE
1546,1546,18218.0,2023-11-15 13:20:57.769696,2023-11-15 13:20:57.954425,0 days 00:00:00.184729,0.8,10,1.25,0.8,20,97,COMPLETE
1547,1547,16199.75,2023-11-15 13:20:57.955706,2023-11-15 13:20:58.142770,0 days 00:00:00.187064,0.8,10,1.25,0.8,12,61,COMPLETE
1548,1548,18140.0,2023-11-15 13:20:58.144139,2023-11-15 13:20:58.326305,0 days 00:00:00.182166,0.8,10,1.0,0.9,17,93,COMPLETE
1549,1549,18494.5,2023-11-15 13:20:58.327532,2023-11-15 13:20:58.509185,0 days 00:00:00.181653,0.9,10,1.25,0.8,15,99,COMPLETE
1550,1550,18218.0,2023-11-15 13:20:58.510899,2023-11-15 13:20:58.694766,0 days 00:00:00.183867,0.8,10,1.25,0.8,23,97,COMPLETE
1551,1551,18305.75,2023-11-15 13:20:58.696464,2023-11-15 13:20:58.880779,0 days 00:00:00.184315,0.8,10,1.5,0.8,2,100,COMPLETE
1552,1552,17658.5,2023-11-15 13:20:58.881942,2023-11-15 13:20:59.067799,0 days 00:00:00.185857,0.8,10,1.25,0.8,64,95,COMPLETE
1553,1553,18023.5,2023-11-15 13:20:59.069040,2023-11-15 13:20:59.252349,0 days 00:00:00.183309,0.8,10,1.25,0.8,19,98,COMPLETE
1554,1554,17782.5,2023-11-15 13:20:59.253511,2023-11-15 13:20:59.436912,0 days 00:00:00.183401,0.8,20,1.0,0.8,9,98,COMPLETE
1555,1555,18120.5,2023-11-15 13:20:59.438143,2023-11-15 13:20:59.623199,0 days 00:00:00.185056,0.8,10,1.25,0.8,54,100,COMPLETE
1556,1556,18301.75,2023-11-15 13:20:59.624902,2023-11-15 13:20:59.804052,0 days 00:00:00.179150,0.8,10,1.5,0.7000000000000001,13,96,COMPLETE
1557,1557,8591.0,2023-11-15 13:20:59.805347,2023-11-15 13:20:59.981533,0 days 00:00:00.176186,0.7000000000000001,10,1.25,0.8,6,15,COMPLETE
1558,1558,15424.25,2023-11-15 13:20:59.982695,2023-11-15 13:21:00.180462,0 days 00:00:00.197767,0.8,60,1.25,0.9,17,98,COMPLETE
1559,1559,18267.25,2023-11-15 13:21:00.181637,2023-11-15 13:21:00.364410,0 days 00:00:00.182773,0.8,10,1.25,0.8,39,94,COMPLETE
1560,1560,199.5,2023-11-15 13:21:00.365725,2023-11-15 13:21:00.752364,0 days 00:00:00.386639,0.8,10,1.25,0.8,0,82,COMPLETE
1561,1561,18213.5,2023-11-15 13:21:00.753559,2023-11-15 13:21:00.938040,0 days 00:00:00.184481,0.8,10,1.0,0.8,21,100,COMPLETE
1562,1562,17741.0,2023-11-15 13:21:00.939596,2023-11-15 13:21:01.126645,0 days 00:00:00.187049,0.8,20,1.25,0.6,11,97,COMPLETE
1563,1563,18681.25,2023-11-15 13:21:01.127892,2023-11-15 13:21:01.304997,0 days 00:00:00.177105,0.8,10,1.25,0.8,4,99,COMPLETE
1564,1564,18300.0,2023-11-15 13:21:01.306277,2023-11-15 13:21:01.493576,0 days 00:00:00.187299,0.9,10,1.25,0.8,14,92,COMPLETE
1565,1565,18122.5,2023-11-15 13:21:01.494789,2023-11-15 13:21:01.679801,0 days 00:00:00.185012,0.8,10,1.25,0.8,19,97,COMPLETE
1566,1566,16009.0,2023-11-15 13:21:01.680938,2023-11-15 13:21:01.869727,0 days 00:00:00.188789,0.8,50,1.25,0.7000000000000001,7,95,COMPLETE
1567,1567,18400.0,2023-11-15 13:21:01.870868,2023-11-15 13:21:02.056126,0 days 00:00:00.185258,0.8,10,1.5,0.9,16,100,COMPLETE
1568,1568,17496.75,2023-11-15 13:21:02.057770,2023-11-15 13:21:02.249250,0 days 00:00:00.191480,0.8,10,1.25,0.8,100,98,COMPLETE
1569,1569,17767.5,2023-11-15 13:21:02.250536,2023-11-15 13:21:02.441159,0 days 00:00:00.190623,0.8,10,1.0,0.8,80,96,COMPLETE
1570,1570,18232.5,2023-11-15 13:21:02.442447,2023-11-15 13:21:02.629042,0 days 00:00:00.186595,0.7000000000000001,10,1.25,0.8,22,100,COMPLETE
1571,1571,18023.5,2023-11-15 13:21:02.630226,2023-11-15 13:21:02.815398,0 days 00:00:00.185172,0.8,10,1.25,0.8,18,98,COMPLETE
1572,1572,18394.5,2023-11-15 13:21:02.816721,2023-11-15 13:21:02.998136,0 days 00:00:00.181415,0.8,10,1.25,0.8,9,96,COMPLETE
1573,1573,14599.25,2023-11-15 13:21:02.999285,2023-11-15 13:21:03.227453,0 days 00:00:00.228168,0.1,10,1.5,0.8,14,99,COMPLETE
1574,1574,17830.75,2023-11-15 13:21:03.228573,2023-11-15 13:21:03.412983,0 days 00:00:00.184410,0.8,20,1.25,0.8,3,98,COMPLETE
1575,1575,17837.25,2023-11-15 13:21:03.414152,2023-11-15 13:21:03.621237,0 days 00:00:00.207085,0.8,10,1.25,0.8,26,95,COMPLETE
1576,1576,16937.5,2023-11-15 13:21:03.622884,2023-11-15 13:21:03.817053,0 days 00:00:00.194169,0.2,10,1.25,0.9,12,100,COMPLETE
1577,1577,17571.75,2023-11-15 13:21:03.818380,2023-11-15 13:21:04.008055,0 days 00:00:00.189675,0.4,10,1.0,0.7000000000000001,16,97,COMPLETE
1578,1578,18410.75,2023-11-15 13:21:04.009358,2023-11-15 13:21:04.191754,0 days 00:00:00.182396,0.8,10,1.25,0.8,19,94,COMPLETE
1579,1579,18305.75,2023-11-15 13:21:04.193182,2023-11-15 13:21:04.380375,0 days 00:00:00.187193,0.8,10,1.5,0.8,8,100,COMPLETE
1580,1580,18121.25,2023-11-15 13:21:04.381644,2023-11-15 13:21:04.567293,0 days 00:00:00.185649,0.6,10,1.25,0.8,6,98,COMPLETE
1581,1581,18028.0,2023-11-15 13:21:04.568612,2023-11-15 13:21:04.753191,0 days 00:00:00.184579,0.7000000000000001,10,1.25,0.8,1,96,COMPLETE
1582,1582,18209.5,2023-11-15 13:21:04.754476,2023-11-15 13:21:04.940162,0 days 00:00:00.185686,0.9,10,1.25,0.8,11,98,COMPLETE
1583,1583,16026.0,2023-11-15 13:21:04.942078,2023-11-15 13:21:05.128015,0 days 00:00:00.185937,0.8,10,1.25,0.8,15,47,COMPLETE
1584,1584,14290.75,2023-11-15 13:21:05.129205,2023-11-15 13:21:05.332704,0 days 00:00:00.203499,0.8,70,1.75,0.8,21,100,COMPLETE
1585,1585,18399.75,2023-11-15 13:21:05.333976,2023-11-15 13:21:05.520585,0 days 00:00:00.186609,0.8,10,1.5,0.8,17,97,COMPLETE
1586,1586,18207.75,2023-11-15 13:21:05.521853,2023-11-15 13:21:05.704204,0 days 00:00:00.182351,0.8,10,1.25,0.8,23,93,COMPLETE
1587,1587,17652.5,2023-11-15 13:21:05.705631,2023-11-15 13:21:05.893529,0 days 00:00:00.187898,0.8,20,1.0,0.9,13,99,COMPLETE
1588,1588,18303.75,2023-11-15 13:21:05.894804,2023-11-15 13:21:06.078065,0 days 00:00:00.183261,0.8,10,1.25,0.7000000000000001,5,96,COMPLETE
1589,1589,17027.75,2023-11-15 13:21:06.079400,2023-11-15 13:21:06.272364,0 days 00:00:00.192964,0.9,20,1.25,0.1,19,100,COMPLETE
1590,1590,18022.0,2023-11-15 13:21:06.273942,2023-11-15 13:21:06.459044,0 days 00:00:00.185102,0.8,10,1.0,0.8,10,98,COMPLETE
1591,1591,18112.5,2023-11-15 13:21:06.460308,2023-11-15 13:21:06.644768,0 days 00:00:00.184460,0.8,10,1.25,0.8,3,95,COMPLETE
1592,1592,18218.0,2023-11-15 13:21:06.645992,2023-11-15 13:21:06.834389,0 days 00:00:00.188397,0.8,10,1.25,0.8,15,97,COMPLETE
1593,1593,18492.5,2023-11-15 13:21:06.835581,2023-11-15 13:21:07.017702,0 days 00:00:00.182121,0.8,10,1.25,0.8,19,100,COMPLETE
1594,1594,17269.5,2023-11-15 13:21:07.018914,2023-11-15 13:21:07.199486,0 days 00:00:00.180572,0.8,10,1.25,0.8,17,58,COMPLETE
1595,1595,18025.5,2023-11-15 13:21:07.201007,2023-11-15 13:21:07.387966,0 days 00:00:00.186959,0.7000000000000001,10,1.5,0.8,8,98,COMPLETE
1596,1596,18027.75,2023-11-15 13:21:07.389495,2023-11-15 13:21:07.577755,0 days 00:00:00.188260,0.8,10,1.25,0.5,13,94,COMPLETE
1597,1597,18304.0,2023-11-15 13:21:07.578884,2023-11-15 13:21:07.761592,0 days 00:00:00.182708,0.8,10,1.25,0.7000000000000001,21,100,COMPLETE
1598,1598,17674.0,2023-11-15 13:21:07.762909,2023-11-15 13:21:07.954786,0 days 00:00:00.191877,0.8,10,1.0,0.30000000000000004,24,98,COMPLETE
1599,1599,18394.5,2023-11-15 13:21:07.956470,2023-11-15 13:21:08.139039,0 days 00:00:00.182569,0.8,10,1.25,0.8,5,96,COMPLETE
1600,1600,18310.75,2023-11-15 13:21:08.140613,2023-11-15 13:21:08.322945,0 days 00:00:00.182332,0.8,10,1.25,0.8,16,92,COMPLETE
1601,1601,18265.25,2023-11-15 13:21:08.324671,2023-11-15 13:21:08.509965,0 days 00:00:00.185294,0.8,10,1.25,0.9,11,98,COMPLETE
1602,1602,18398.25,2023-11-15 13:21:08.511114,2023-11-15 13:21:08.695352,0 days 00:00:00.184238,0.8,10,1.25,0.8,18,100,COMPLETE
1603,1603,199.5,2023-11-15 13:21:08.696522,2023-11-15 13:21:09.132699,0 days 00:00:00.436177,0.8,10,1.5,0.8,0,96,COMPLETE
1604,1604,17925.0,2023-11-15 13:21:09.133904,2023-11-15 13:21:09.318736,0 days 00:00:00.184832,0.8,20,1.75,0.8,14,98,COMPLETE
1605,1605,18492.5,2023-11-15 13:21:09.320093,2023-11-15 13:21:09.502915,0 days 00:00:00.182822,0.8,10,1.25,0.8,7,100,COMPLETE
1606,1606,17838.25,2023-11-15 13:21:09.504264,2023-11-15 13:21:09.690930,0 days 00:00:00.186666,0.9,10,1.25,0.9,2,95,COMPLETE
1607,1607,16820.25,2023-11-15 13:21:09.692292,2023-11-15 13:21:09.884153,0 days 00:00:00.191861,0.8,40,1.0,0.8,20,97,COMPLETE
1608,1608,18681.25,2023-11-15 13:21:09.885330,2023-11-15 13:21:10.068248,0 days 00:00:00.182918,0.8,10,1.25,0.8,4,99,COMPLETE
1609,1609,18212.75,2023-11-15 13:21:10.069532,2023-11-15 13:21:10.256811,0 days 00:00:00.187279,0.8,10,1.5,0.8,16,94,COMPLETE
1610,1610,18023.5,2023-11-15 13:21:10.258404,2023-11-15 13:21:10.443533,0 days 00:00:00.185129,0.8,10,1.25,0.8,12,98,COMPLETE
1611,1611,18399.0,2023-11-15 13:21:10.444756,2023-11-15 13:21:10.630355,0 days 00:00:00.185599,0.8,10,1.25,0.8,22,100,COMPLETE
1612,1612,15478.75,2023-11-15 13:21:10.631590,2023-11-15 13:21:10.814871,0 days 00:00:00.183281,0.7000000000000001,10,1.0,0.8,9,38,COMPLETE
1613,1613,18394.5,2023-11-15 13:21:10.816171,2023-11-15 13:21:11.000785,0 days 00:00:00.184614,0.8,10,1.25,0.8,18,96,COMPLETE
1614,1614,18120.0,2023-11-15 13:21:11.002034,2023-11-15 13:21:11.189127,0 days 00:00:00.187093,0.8,10,1.25,0.7000000000000001,14,90,COMPLETE
1615,1615,17830.75,2023-11-15 13:21:11.190452,2023-11-15 13:21:11.378633,0 days 00:00:00.188181,0.8,20,1.25,0.8,20,98,COMPLETE
1616,1616,18400.0,2023-11-15 13:21:11.379828,2023-11-15 13:21:11.565623,0 days 00:00:00.185795,0.8,10,1.5,0.9,6,100,COMPLETE
1617,1617,18218.0,2023-11-15 13:21:11.566817,2023-11-15 13:21:11.760327,0 days 00:00:00.193510,0.8,10,1.25,0.8,17,97,COMPLETE
1618,1618,18394.5,2023-11-15 13:21:11.761673,2023-11-15 13:21:11.945026,0 days 00:00:00.183353,0.8,10,1.25,0.8,15,96,COMPLETE
1619,1619,17589.25,2023-11-15 13:21:11.946301,2023-11-15 13:21:12.143011,0 days 00:00:00.196710,0.8,10,1.25,0.8,97,99,COMPLETE
1620,1620,16367.25,2023-11-15 13:21:12.144343,2023-11-15 13:21:12.333497,0 days 00:00:00.189154,0.8,20,0.75,0.8,11,64,COMPLETE
1621,1621,18397.25,2023-11-15 13:21:12.334720,2023-11-15 13:21:12.522985,0 days 00:00:00.188265,0.7000000000000001,10,2.5,0.8,4,94,COMPLETE
1622,1622,17841.75,2023-11-15 13:21:12.524474,2023-11-15 13:21:12.713794,0 days 00:00:00.189320,0.9,10,1.0,0.8,25,98,COMPLETE
1623,1623,18399.0,2023-11-15 13:21:12.714993,2023-11-15 13:21:12.902765,0 days 00:00:00.187772,0.8,10,1.25,0.7000000000000001,18,100,COMPLETE
1624,1624,17092.5,2023-11-15 13:21:12.904157,2023-11-15 13:21:13.086895,0 days 00:00:00.182738,0.8,10,1.25,0.8,13,43,COMPLETE
1625,1625,18394.5,2023-11-15 13:21:13.088489,2023-11-15 13:21:13.276679,0 days 00:00:00.188190,0.8,10,1.25,0.8,2,96,COMPLETE
1626,1626,18305.25,2023-11-15 13:21:13.277877,2023-11-15 13:21:13.464656,0 days 00:00:00.186779,0.8,10,1.5,0.8,7,98,COMPLETE
1627,1627,18398.25,2023-11-15 13:21:13.465852,2023-11-15 13:21:13.654732,0 days 00:00:00.188880,0.8,10,1.25,0.8,9,100,COMPLETE
1628,1628,18218.0,2023-11-15 13:21:13.656381,2023-11-15 13:21:13.845533,0 days 00:00:00.189152,0.8,10,1.25,0.8,22,97,COMPLETE
1629,1629,18400.0,2023-11-15 13:21:13.846820,2023-11-15 13:21:14.033712,0 days 00:00:00.186892,0.8,10,1.25,0.9,16,94,COMPLETE
1630,1630,18023.5,2023-11-15 13:21:14.034895,2023-11-15 13:21:14.224611,0 days 00:00:00.189716,0.8,10,1.25,0.8,20,98,COMPLETE
1631,1631,18305.75,2023-11-15 13:21:14.225766,2023-11-15 13:21:14.413551,0 days 00:00:00.187785,0.8,10,1.5,0.8,14,100,COMPLETE
1632,1632,18118.0,2023-11-15 13:21:14.414762,2023-11-15 13:21:14.603073,0 days 00:00:00.188311,0.8,10,1.25,0.8,45,96,COMPLETE
1633,1633,17747.5,2023-11-15 13:21:14.604276,2023-11-15 13:21:14.796030,0 days 00:00:00.191754,0.9,20,1.0,0.8,11,98,COMPLETE
1634,1634,18399.25,2023-11-15 13:21:14.797171,2023-11-15 13:21:14.999408,0 days 00:00:00.202237,0.8,10,1.25,0.8,18,92,COMPLETE
1635,1635,18492.5,2023-11-15 13:21:15.000586,2023-11-15 13:21:15.184241,0 days 00:00:00.183655,0.8,10,1.25,0.8,4,100,COMPLETE
1636,1636,14448.5,2023-11-15 13:21:15.185516,2023-11-15 13:21:15.368839,0 days 00:00:00.183323,0.8,10,1.0,0.7000000000000001,16,27,COMPLETE
1637,1637,100.0,2023-11-15 13:21:15.370116,2023-11-15 13:21:15.847907,0 days 00:00:00.477791,0.7000000000000001,10,1.25,0.8,0,95,COMPLETE
1638,1638,18033.25,2023-11-15 13:21:15.849105,2023-11-15 13:21:16.038963,0 days 00:00:00.189858,0.8,10,1.25,0.8,23,98,COMPLETE
1639,1639,18395.25,2023-11-15 13:21:16.040768,2023-11-15 13:21:16.224130,0 days 00:00:00.183362,0.8,10,1.5,0.9,8,96,COMPLETE
1640,1640,18681.25,2023-11-15 13:21:16.225440,2023-11-15 13:21:16.407802,0 days 00:00:00.182362,0.8,10,1.25,0.8,20,99,COMPLETE
1641,1641,18013.5,2023-11-15 13:21:16.409159,2023-11-15 13:21:16.595645,0 days 00:00:00.186486,0.8,20,1.25,0.8,13,100,COMPLETE
1642,1642,18401.5,2023-11-15 13:21:16.596944,2023-11-15 13:21:16.783636,0 days 00:00:00.186692,0.8,10,1.75,0.8,6,97,COMPLETE
1643,1643,18023.5,2023-11-15 13:21:16.784829,2023-11-15 13:21:16.973332,0 days 00:00:00.188503,0.8,10,1.25,0.8,2,98,COMPLETE
1644,1644,18394.5,2023-11-15 13:21:16.974868,2023-11-15 13:21:17.160856,0 days 00:00:00.185988,0.8,10,1.25,0.8,15,96,COMPLETE
1645,1645,18306.5,2023-11-15 13:21:17.162137,2023-11-15 13:21:17.350289,0 days 00:00:00.188152,0.8,10,1.5,0.8,18,100,COMPLETE
1646,1646,18397.25,2023-11-15 13:21:17.351501,2023-11-15 13:21:17.537936,0 days 00:00:00.186435,0.9,10,1.25,0.8,10,94,COMPLETE
1647,1647,18023.5,2023-11-15 13:21:17.539660,2023-11-15 13:21:17.724777,0 days 00:00:00.185117,0.8,10,1.25,0.8,20,98,COMPLETE
1648,1648,17217.0,2023-11-15 13:21:17.726092,2023-11-15 13:21:17.918269,0 days 00:00:00.192177,0.5,30,1.0,0.8,12,100,COMPLETE
1649,1649,18305.25,2023-11-15 13:21:17.919438,2023-11-15 13:21:18.106420,0 days 00:00:00.186982,0.7000000000000001,10,1.25,0.9,26,97,COMPLETE
1650,1650,17837.25,2023-11-15 13:21:18.108094,2023-11-15 13:21:18.297947,0 days 00:00:00.189853,0.8,10,1.25,0.8,16,95,COMPLETE
1651,1651,18209.5,2023-11-15 13:21:18.299295,2023-11-15 13:21:18.487217,0 days 00:00:00.187922,0.8,10,1.25,0.7000000000000001,5,98,COMPLETE
1652,1652,18013.5,2023-11-15 13:21:18.488504,2023-11-15 13:21:18.675528,0 days 00:00:00.187024,0.8,20,1.25,0.8,22,100,COMPLETE
1653,1653,18023.5,2023-11-15 13:21:18.676692,2023-11-15 13:21:18.863915,0 days 00:00:00.187223,0.8,10,1.25,0.8,18,98,COMPLETE
1654,1654,18497.5,2023-11-15 13:21:18.865229,2023-11-15 13:21:19.049884,0 days 00:00:00.184655,0.8,10,1.0,0.8,14,96,COMPLETE
1655,1655,18204.25,2023-11-15 13:21:19.051234,2023-11-15 13:21:19.238113,0 days 00:00:00.186879,0.8,10,2.75,0.8,9,93,COMPLETE
1656,1656,18493.0,2023-11-15 13:21:19.239692,2023-11-15 13:21:19.428580,0 days 00:00:00.188888,0.9,10,1.25,0.9,3,99,COMPLETE
1657,1657,18399.75,2023-11-15 13:21:19.429846,2023-11-15 13:21:19.618943,0 days 00:00:00.189097,0.8,10,1.5,0.8,17,97,COMPLETE
1658,1658,18492.5,2023-11-15 13:21:19.620212,2023-11-15 13:21:19.807430,0 days 00:00:00.187218,0.8,10,1.25,0.8,20,100,COMPLETE
1659,1659,17746.5,2023-11-15 13:21:19.808957,2023-11-15 13:21:20.001120,0 days 00:00:00.192163,0.8,10,1.25,0.7000000000000001,36,95,COMPLETE
1660,1660,18023.5,2023-11-15 13:21:20.002317,2023-11-15 13:21:20.193487,0 days 00:00:00.191170,0.8,10,1.25,0.8,15,98,COMPLETE
1661,1661,18305.75,2023-11-15 13:21:20.194676,2023-11-15 13:21:20.381734,0 days 00:00:00.187058,0.8,10,1.5,0.8,12,100,COMPLETE
1662,1662,18202.0,2023-11-15 13:21:20.382989,2023-11-15 13:21:20.569747,0 days 00:00:00.186758,0.8,20,1.25,0.8,6,96,COMPLETE
1663,1663,18023.5,2023-11-15 13:21:20.571046,2023-11-15 13:21:20.761088,0 days 00:00:00.190042,0.8,10,1.25,0.8,8,98,COMPLETE
1664,1664,18322.0,2023-11-15 13:21:20.762539,2023-11-15 13:21:20.950821,0 days 00:00:00.188282,0.8,10,1.0,0.8,23,99,COMPLETE
1665,1665,18120.0,2023-11-15 13:21:20.952370,2023-11-15 13:21:21.142369,0 days 00:00:00.189999,0.7000000000000001,10,1.25,0.8,18,94,COMPLETE
1666,1666,18218.0,2023-11-15 13:21:21.143830,2023-11-15 13:21:21.336639,0 days 00:00:00.192809,0.8,10,1.25,0.8,10,97,COMPLETE
1667,1667,18214.5,2023-11-15 13:21:21.338044,2023-11-15 13:21:21.535356,0 days 00:00:00.197312,0.8,10,2.25,0.4,2,100,COMPLETE
1668,1668,18492.0,2023-11-15 13:21:21.536556,2023-11-15 13:21:21.725930,0 days 00:00:00.189374,0.8,10,1.75,0.9,14,92,COMPLETE
1669,1669,17927.75,2023-11-15 13:21:21.727180,2023-11-15 13:21:21.918181,0 days 00:00:00.191001,0.8,20,1.25,0.6,16,96,COMPLETE
1670,1670,18492.5,2023-11-15 13:21:21.919398,2023-11-15 13:21:22.110522,0 days 00:00:00.191124,0.8,10,2.0,0.8,21,98,COMPLETE
1671,1671,18305.75,2023-11-15 13:21:22.112141,2023-11-15 13:21:22.303763,0 days 00:00:00.191622,0.8,10,1.5,0.8,4,100,COMPLETE
1672,1672,18122.5,2023-11-15 13:21:22.305130,2023-11-15 13:21:22.498263,0 days 00:00:00.193133,0.8,10,1.25,0.8,19,97,COMPLETE
1673,1673,14695.0,2023-11-15 13:21:22.499441,2023-11-15 13:21:22.688775,0 days 00:00:00.189334,0.9,10,1.25,0.8,13,31,COMPLETE
1674,1674,17561.0,2023-11-15 13:21:22.690607,2023-11-15 13:21:22.885251,0 days 00:00:00.194644,0.8,10,1.0,0.8,7,95,COMPLETE
1675,1675,17565.75,2023-11-15 13:21:22.886494,2023-11-15 13:21:23.081280,0 days 00:00:00.194786,0.8,30,1.25,0.7000000000000001,17,98,COMPLETE
1676,1676,18399.0,2023-11-15 13:21:23.082489,2023-11-15 13:21:23.274065,0 days 00:00:00.191576,0.8,10,1.25,0.8,11,100,COMPLETE
1677,1677,18023.5,2023-11-15 13:21:23.275346,2023-11-15 13:21:23.532840,0 days 00:00:00.257494,0.8,10,1.25,0.8,24,98,COMPLETE
1678,1678,18394.5,2023-11-15 13:21:23.534232,2023-11-15 13:21:23.736391,0 days 00:00:00.202159,0.8,10,1.25,0.8,15,96,COMPLETE
1679,1679,100.0,2023-11-15 13:21:23.737864,2023-11-15 13:21:24.163743,0 days 00:00:00.425879,0.7000000000000001,10,1.0,0.9,0,69,COMPLETE
1680,1680,18305.75,2023-11-15 13:21:24.165043,2023-11-15 13:21:24.421600,0 days 00:00:00.256557,0.8,10,1.5,0.8,20,100,COMPLETE
1681,1681,18396.25,2023-11-15 13:21:24.441892,2023-11-15 13:21:24.704778,0 days 00:00:00.262886,0.8,10,1.25,0.5,5,94,COMPLETE
1682,1682,18023.5,2023-11-15 13:21:24.706179,2023-11-15 13:21:24.945701,0 days 00:00:00.239522,0.8,10,1.25,0.8,13,98,COMPLETE
1683,1683,17919.25,2023-11-15 13:21:24.947261,2023-11-15 13:21:25.154638,0 days 00:00:00.207377,0.8,20,1.25,0.8,17,99,COMPLETE
1684,1684,18394.5,2023-11-15 13:21:25.156167,2023-11-15 13:21:25.363655,0 days 00:00:00.207488,0.8,10,1.25,0.8,9,96,COMPLETE
1685,1685,17852.0,2023-11-15 13:21:25.365096,2023-11-15 13:21:25.583703,0 days 00:00:00.218607,0.8,10,1.5,0.2,2,100,COMPLETE
1686,1686,18218.5,2023-11-15 13:21:25.584922,2023-11-15 13:21:25.789912,0 days 00:00:00.204990,0.9,10,1.25,0.8,19,97,COMPLETE
1687,1687,18265.25,2023-11-15 13:21:25.791753,2023-11-15 13:21:25.994644,0 days 00:00:00.202891,0.8,10,1.25,0.9,7,98,COMPLETE
1688,1688,18235.25,2023-11-15 13:21:25.996453,2023-11-15 13:21:26.202389,0 days 00:00:00.205936,0.8,10,1.0,0.8,15,93,COMPLETE
1689,1689,17833.0,2023-11-15 13:21:26.203546,2023-11-15 13:21:26.402493,0 days 00:00:00.198947,0.8,10,1.25,0.8,22,80,COMPLETE
1690,1690,18013.5,2023-11-15 13:21:26.403685,2023-11-15 13:21:26.606743,0 days 00:00:00.203058,0.8,20,1.25,0.7000000000000001,11,100,COMPLETE
1691,1691,18208.75,2023-11-15 13:21:26.608382,2023-11-15 13:21:26.810478,0 days 00:00:00.202096,0.8,10,1.5,0.8,4,89,COMPLETE
1692,1692,17837.5,2023-11-15 13:21:26.812008,2023-11-15 13:21:27.025328,0 days 00:00:00.213320,0.7000000000000001,10,1.25,0.8,17,95,COMPLETE
1693,1693,18023.5,2023-11-15 13:21:27.026624,2023-11-15 13:21:27.227970,0 days 00:00:00.201346,0.8,10,1.25,0.8,13,98,COMPLETE
1694,1694,18115.5,2023-11-15 13:21:27.229404,2023-11-15 13:21:27.431086,0 days 00:00:00.201682,0.8,10,0.75,0.8,21,96,COMPLETE
1695,1695,18492.5,2023-11-15 13:21:27.432792,2023-11-15 13:21:27.642483,0 days 00:00:00.209691,0.8,10,1.25,0.8,19,100,COMPLETE
1696,1696,17841.75,2023-11-15 13:21:27.643844,2023-11-15 13:21:27.848071,0 days 00:00:00.204227,0.9,10,1.0,0.8,15,98,COMPLETE
1697,1697,18217.25,2023-11-15 13:21:27.849389,2023-11-15 13:21:28.061366,0 days 00:00:00.211977,0.8,10,1.25,0.9,6,97,COMPLETE
1698,1698,17919.25,2023-11-15 13:21:28.062768,2023-11-15 13:21:28.261393,0 days 00:00:00.198625,0.8,20,1.75,0.8,10,99,COMPLETE
1699,1699,17837.25,2023-11-15 13:21:28.262592,2023-11-15 13:21:28.473108,0 days 00:00:00.210516,0.8,10,1.25,0.8,26,95,COMPLETE
1700,1700,14877.0,2023-11-15 13:21:28.474661,2023-11-15 13:21:28.695326,0 days 00:00:00.220665,0.8,60,1.25,0.7000000000000001,17,100,COMPLETE
1701,1701,18218.0,2023-11-15 13:21:28.696679,2023-11-15 13:21:28.895077,0 days 00:00:00.198398,0.8,10,1.25,0.8,2,97,COMPLETE
1702,1702,18212.75,2023-11-15 13:21:28.896300,2023-11-15 13:21:29.104936,0 days 00:00:00.208636,0.8,10,1.5,0.8,24,98,COMPLETE
1703,1703,17750.5,2023-11-15 13:21:29.106757,2023-11-15 13:21:29.314784,0 days 00:00:00.208027,0.6,10,1.25,0.8,43,94,COMPLETE
1704,1704,18120.75,2023-11-15 13:21:29.315971,2023-11-15 13:21:29.521679,0 days 00:00:00.205708,0.7000000000000001,10,1.0,0.8,12,100,COMPLETE
1705,1705,18117.25,2023-11-15 13:21:29.523445,2023-11-15 13:21:29.730739,0 days 00:00:00.207294,0.8,10,1.25,0.8,50,96,COMPLETE
1706,1706,18023.5,2023-11-15 13:21:29.731875,2023-11-15 13:21:29.931697,0 days 00:00:00.199822,0.8,10,1.25,0.8,16,98,COMPLETE
1707,1707,18310.75,2023-11-15 13:21:29.933063,2023-11-15 13:21:30.153684,0 days 00:00:00.220621,0.8,10,1.25,0.8,8,92,COMPLETE
1708,1708,18305.75,2023-11-15 13:21:30.154992,2023-11-15 13:21:30.364151,0 days 00:00:00.209159,0.8,10,1.5,0.8,19,100,COMPLETE
