,number,value,datetime_start,datetime_complete,duration,params_alpha,params_decay_interval,params_decay_rate,params_gamma,params_initialization,params_max_steps,state
7355,7355,17185.5,2023-11-15 12:42:03.580091,2023-11-15 12:42:04.233388,0 days 00:00:00.653297,0.8,20,3.0,0.9,20,77,COMPLETE
7356,7356,13426.5,2023-11-15 12:42:04.236296,2023-11-15 12:42:04.902505,0 days 00:00:00.666209,0.8,80,2.75,0.9,15,70,COMPLETE
7357,7357,17933.0,2023-11-15 12:42:04.904891,2023-11-15 12:42:05.555150,0 days 00:00:00.650259,0.8,10,3.0,0.5,17,74,COMPLETE
7358,7358,17924.25,2023-11-15 12:42:05.557632,2023-11-15 12:42:06.204053,0 days 00:00:00.646421,0.8,10,2.75,0.9,23,86,COMPLETE
7359,7359,16719.5,2023-11-15 12:42:06.206881,2023-11-15 12:42:06.876233,0 days 00:00:00.669352,0.8,10,3.0,0.9,28,66,COMPLETE
7360,7360,19260.75,2023-11-15 12:42:06.878805,2023-11-15 12:42:07.524361,0 days 00:00:00.645556,0.8,10,3.0,0.9,20,71,COMPLETE
7361,7361,17547.25,2023-11-15 12:42:07.526637,2023-11-15 12:42:08.184591,0 days 00:00:00.657954,0.8,10,3.0,0.9,25,68,COMPLETE
7362,7362,18587.5,2023-11-15 12:42:08.187127,2023-11-15 12:42:08.841408,0 days 00:00:00.654281,0.7000000000000001,10,2.5,0.8,22,75,COMPLETE
7363,7363,17460.25,2023-11-15 12:42:08.844023,2023-11-15 12:42:09.499013,0 days 00:00:00.654990,0.8,10,2.25,0.9,18,73,COMPLETE
7364,7364,17271.75,2023-11-15 12:42:09.502253,2023-11-15 12:42:10.193990,0 days 00:00:00.691737,0.8,10,3.0,0.9,13,59,COMPLETE
7365,7365,16905.0,2023-11-15 12:42:10.196321,2023-11-15 12:42:10.840307,0 days 00:00:00.643986,0.8,20,2.75,0.9,16,79,COMPLETE
7366,7366,17654.5,2023-11-15 12:42:10.842652,2023-11-15 12:42:11.477699,0 days 00:00:00.635047,0.8,10,3.0,0.9,19,65,COMPLETE
7367,7367,17115.5,2023-11-15 12:42:11.480050,2023-11-15 12:42:12.143255,0 days 00:00:00.663205,0.8,10,3.0,0.9,21,69,COMPLETE
7368,7368,18215.25,2023-11-15 12:42:12.145701,2023-11-15 12:42:12.790465,0 days 00:00:00.644764,0.8,10,2.75,0.9,24,72,COMPLETE
7369,7369,16540.25,2023-11-15 12:42:12.792725,2023-11-15 12:42:13.473482,0 days 00:00:00.680757,0.9,10,3.0,0.9,17,62,COMPLETE
7370,7370,16923.25,2023-11-15 12:42:13.475803,2023-11-15 12:42:14.176173,0 days 00:00:00.700370,0.8,10,3.0,0.9,15,76,COMPLETE
7371,7371,17011.75,2023-11-15 12:42:14.179135,2023-11-15 12:42:14.911601,0 days 00:00:00.732466,0.5,10,3.0,0.9,21,68,COMPLETE
7372,7372,19260.75,2023-11-15 12:42:14.913914,2023-11-15 12:42:15.562900,0 days 00:00:00.648986,0.8,10,2.75,0.8,19,71,COMPLETE
7373,7373,17278.5,2023-11-15 12:42:15.565475,2023-11-15 12:42:16.230622,0 days 00:00:00.665147,0.7000000000000001,20,3.0,0.9,11,74,COMPLETE
7374,7374,16713.5,2023-11-15 12:42:16.233263,2023-11-15 12:42:16.907755,0 days 00:00:00.674492,0.8,10,2.5,0.9,23,66,COMPLETE
7375,7375,17360.25,2023-11-15 12:42:16.910428,2023-11-15 12:42:17.559285,0 days 00:00:00.648857,0.8,10,3.0,0.9,55,78,COMPLETE
7376,7376,17825.5,2023-11-15 12:42:17.561587,2023-11-15 12:42:18.223713,0 days 00:00:00.662126,0.8,10,3.0,0.9,31,70,COMPLETE
7377,7377,17369.5,2023-11-15 12:42:18.226010,2023-11-15 12:42:18.879520,0 days 00:00:00.653510,0.8,10,3.0,0.9,14,73,COMPLETE
7378,7378,17014.0,2023-11-15 12:42:18.881896,2023-11-15 12:42:19.554732,0 days 00:00:00.672836,0.8,10,2.75,0.9,26,64,COMPLETE
7379,7379,17825.5,2023-11-15 12:42:19.557125,2023-11-15 12:42:20.226919,0 days 00:00:00.669794,0.8,10,3.0,0.9,18,70,COMPLETE
7380,7380,16923.25,2023-11-15 12:42:20.229277,2023-11-15 12:42:20.889762,0 days 00:00:00.660485,0.8,10,3.0,0.9,22,76,COMPLETE
7381,7381,15456.25,2023-11-15 12:42:20.893133,2023-11-15 12:42:21.564012,0 days 00:00:00.670879,0.9,30,2.75,0.9,16,68,COMPLETE
7382,7382,18122.5,2023-11-15 12:42:21.566453,2023-11-15 12:42:22.219685,0 days 00:00:00.653232,0.8,10,3.0,0.9,20,72,COMPLETE
7383,7383,17917.0,2023-11-15 12:42:22.221955,2023-11-15 12:42:22.869578,0 days 00:00:00.647623,0.8,10,3.0,0.9,24,67,COMPLETE
7384,7384,17190.0,2023-11-15 12:42:22.872197,2023-11-15 12:42:23.579589,0 days 00:00:00.707392,0.8,20,3.0,0.9,13,75,COMPLETE
7385,7385,19260.75,2023-11-15 12:42:23.582336,2023-11-15 12:42:24.237835,0 days 00:00:00.655499,0.8,10,2.75,0.8,17,71,COMPLETE
7386,7386,13713.75,2023-11-15 12:42:24.240241,2023-11-15 12:42:24.909796,0 days 00:00:00.669555,0.7000000000000001,60,3.0,0.7000000000000001,19,83,COMPLETE
7387,7387,17369.25,2023-11-15 12:42:24.912922,2023-11-15 12:42:25.563714,0 days 00:00:00.650792,0.8,10,3.0,0.9,21,79,COMPLETE
7388,7388,16543.25,2023-11-15 12:42:25.566926,2023-11-15 12:42:26.238317,0 days 00:00:00.671391,0.8,10,3.0,0.9,28,63,COMPLETE
7389,7389,17547.25,2023-11-15 12:42:26.240675,2023-11-15 12:42:26.911491,0 days 00:00:00.670816,0.8,10,2.75,0.9,15,68,COMPLETE
7390,7390,17920.75,2023-11-15 12:42:26.915515,2023-11-15 12:42:27.577878,0 days 00:00:00.662363,0.8,10,3.0,0.9,23,74,COMPLETE
7391,7391,17464.5,2023-11-15 12:42:27.580770,2023-11-15 12:42:28.243659,0 days 00:00:00.662889,0.4,10,3.0,0.9,18,70,COMPLETE
7392,7392,16719.5,2023-11-15 12:42:28.246540,2023-11-15 12:42:29.064282,0 days 00:00:00.817742,0.8,10,2.75,0.9,20,66,COMPLETE
7393,7393,18305.0,2023-11-15 12:42:29.067272,2023-11-15 12:42:29.877801,0 days 00:00:00.810529,0.9,10,3.0,0.9,25,77,COMPLETE
7394,7394,16636.0,2023-11-15 12:42:29.880692,2023-11-15 12:42:30.574246,0 days 00:00:00.693554,0.8,20,3.0,0.9,22,73,COMPLETE
7395,7395,17825.5,2023-11-15 12:42:30.576542,2023-11-15 12:42:31.234453,0 days 00:00:00.657911,0.8,10,3.0,0.9,17,70,COMPLETE
7396,7396,17654.5,2023-11-15 12:42:31.236891,2023-11-15 12:42:31.876160,0 days 00:00:00.639269,0.8,10,3.0,0.9,14,65,COMPLETE
7397,7397,17462.25,2023-11-15 12:42:31.878475,2023-11-15 12:42:32.536417,0 days 00:00:00.657942,0.8,10,2.5,0.9,19,73,COMPLETE
7398,7398,16632.75,2023-11-15 12:42:32.538817,2023-11-15 12:42:33.192056,0 days 00:00:00.653239,0.8,10,2.75,0.9,10,61,COMPLETE
7399,7399,17549.5,2023-11-15 12:42:33.194490,2023-11-15 12:42:33.868618,0 days 00:00:00.674128,0.7000000000000001,10,3.0,0.9,16,68,COMPLETE
7400,7400,17831.25,2023-11-15 12:42:33.871031,2023-11-15 12:42:34.520003,0 days 00:00:00.648972,0.8,10,3.0,0.8,21,81,COMPLETE
7401,7401,17016.25,2023-11-15 12:42:34.522355,2023-11-15 12:42:35.177065,0 days 00:00:00.654710,0.8,10,3.0,0.9,26,76,COMPLETE
7402,7402,19260.75,2023-11-15 12:42:35.180036,2023-11-15 12:42:35.825368,0 days 00:00:00.645332,0.8,10,2.25,0.9,24,71,COMPLETE
7403,7403,17920.75,2023-11-15 12:42:35.828034,2023-11-15 12:42:36.479826,0 days 00:00:00.651792,0.8,10,2.75,0.9,19,74,COMPLETE
7404,7404,17547.25,2023-11-15 12:42:36.482179,2023-11-15 12:42:37.144200,0 days 00:00:00.662021,0.8,10,3.0,0.9,22,68,COMPLETE
7405,7405,18122.5,2023-11-15 12:42:37.146573,2023-11-15 12:42:37.801924,0 days 00:00:00.655351,0.8,10,3.0,0.9,13,72,COMPLETE
7406,7406,17654.5,2023-11-15 12:42:37.804919,2023-11-15 12:42:38.476938,0 days 00:00:00.672019,0.8,10,3.0,0.9,17,65,COMPLETE
7407,7407,17196.25,2023-11-15 12:42:38.479312,2023-11-15 12:42:39.142775,0 days 00:00:00.663463,0.8,10,2.75,0.9,20,76,COMPLETE
7408,7408,17115.5,2023-11-15 12:42:39.145504,2023-11-15 12:42:39.807402,0 days 00:00:00.661898,0.8,10,3.0,0.9,18,69,COMPLETE
7409,7409,17275.25,2023-11-15 12:42:39.809769,2023-11-15 12:42:40.493224,0 days 00:00:00.683455,0.8,20,3.0,0.9,15,72,COMPLETE
7410,7410,17454.0,2023-11-15 12:42:40.495568,2023-11-15 12:42:41.159203,0 days 00:00:00.663635,0.9,10,2.5,0.9,23,78,COMPLETE
7411,7411,18013.5,2023-11-15 12:42:41.161514,2023-11-15 12:42:41.822635,0 days 00:00:00.661121,0.7000000000000001,10,3.0,0.8,21,67,COMPLETE
7412,7412,18392.25,2023-11-15 12:42:41.825090,2023-11-15 12:42:42.475135,0 days 00:00:00.650045,0.8,20,2.75,0.9,27,70,COMPLETE
7413,7413,15834.0,2023-11-15 12:42:42.477601,2023-11-15 12:42:43.148882,0 days 00:00:00.671281,0.2,10,3.0,0.9,48,74,COMPLETE
7414,7414,16543.25,2023-11-15 12:42:43.152191,2023-11-15 12:42:43.820300,0 days 00:00:00.668109,0.8,10,3.0,0.9,17,63,COMPLETE
7415,7415,0.0,2023-11-15 12:42:43.822659,2023-11-15 12:42:44.534595,0 days 00:00:00.711936,0.8,10,3.0,0.9,24,5,COMPLETE
7416,7416,17176.0,2023-11-15 12:42:44.537522,2023-11-15 12:42:45.324057,0 days 00:00:00.786535,0.8,10,2.75,0.9,12,58,COMPLETE
7417,7417,19260.75,2023-11-15 12:42:45.326876,2023-11-15 12:42:45.996433,0 days 00:00:00.669557,0.8,10,3.0,0.9,19,71,COMPLETE
7418,7418,17852.75,2023-11-15 12:42:45.998803,2023-11-15 12:42:46.647357,0 days 00:00:00.648554,0.8,10,3.0,0.4,15,75,COMPLETE
7419,7419,16719.5,2023-11-15 12:42:46.650194,2023-11-15 12:42:47.302039,0 days 00:00:00.651845,0.8,10,2.75,0.9,22,66,COMPLETE
7420,7420,18019.5,2023-11-15 12:42:47.304407,2023-11-15 12:42:47.953324,0 days 00:00:00.648917,0.8,10,2.0,0.9,19,80,COMPLETE
7421,7421,15899.75,2023-11-15 12:42:47.955797,2023-11-15 12:42:48.628308,0 days 00:00:00.672511,0.8,20,2.5,0.9,16,68,COMPLETE
7422,7422,13236.75,2023-11-15 12:42:48.631009,2023-11-15 12:42:49.314321,0 days 00:00:00.683312,0.1,10,3.0,0.9,30,72,COMPLETE
7423,7423,17360.25,2023-11-15 12:42:49.317270,2023-11-15 12:42:49.973169,0 days 00:00:00.655899,0.8,10,3.0,0.9,25,78,COMPLETE
7424,7424,17013.5,2023-11-15 12:42:49.975935,2023-11-15 12:42:50.638033,0 days 00:00:00.662098,0.6,10,3.0,0.8,21,69,COMPLETE
7425,7425,17920.75,2023-11-15 12:42:50.640506,2023-11-15 12:42:51.317335,0 days 00:00:00.676829,0.8,10,3.0,0.9,33,74,COMPLETE
7426,7426,17649.5,2023-11-15 12:42:51.320117,2023-11-15 12:42:51.969864,0 days 00:00:00.649747,0.9,10,2.75,0.9,18,65,COMPLETE
7427,7427,17829.75,2023-11-15 12:42:51.972520,2023-11-15 12:42:52.630032,0 days 00:00:00.657512,0.7000000000000001,10,3.0,0.9,14,70,COMPLETE
7428,7428,18682.0,2023-11-15 12:42:52.632614,2023-11-15 12:42:53.285037,0 days 00:00:00.652423,0.8,10,3.0,0.9,20,75,COMPLETE
7429,7429,16711.25,2023-11-15 12:42:53.287375,2023-11-15 12:42:53.941383,0 days 00:00:00.654008,0.8,10,3.0,0.9,23,62,COMPLETE
7430,7430,18215.25,2023-11-15 12:42:53.943661,2023-11-15 12:42:54.632261,0 days 00:00:00.688600,0.8,10,2.75,0.9,17,72,COMPLETE
7431,7431,17547.25,2023-11-15 12:42:54.635373,2023-11-15 12:42:55.280183,0 days 00:00:00.644810,0.8,10,3.0,0.9,21,68,COMPLETE
7432,7432,18026.0,2023-11-15 12:42:55.282719,2023-11-15 12:42:55.930271,0 days 00:00:00.647552,0.8,10,3.0,0.9,26,77,COMPLETE
7433,7433,15248.25,2023-11-15 12:42:55.932854,2023-11-15 12:42:56.604990,0 days 00:00:00.672136,0.8,40,3.0,0.9,12,72,COMPLETE
7434,7434,17840.25,2023-11-15 12:42:56.607567,2023-11-15 12:42:57.255343,0 days 00:00:00.647776,0.8,10,2.75,0.6,19,65,COMPLETE
7435,7435,17115.5,2023-11-15 12:42:57.258317,2023-11-15 12:42:57.969869,0 days 00:00:00.711552,0.8,10,3.0,0.9,16,69,COMPLETE
7436,7436,17365.0,2023-11-15 12:42:57.979284,2023-11-15 12:42:58.655273,0 days 00:00:00.675989,0.8,20,3.0,0.8,23,74,COMPLETE
7437,7437,19260.75,2023-11-15 12:42:58.657622,2023-11-15 12:42:59.315353,0 days 00:00:00.657731,0.9,10,2.75,0.9,14,71,COMPLETE
7438,7438,18026.0,2023-11-15 12:42:59.318295,2023-11-15 12:43:00.109895,0 days 00:00:00.791600,0.8,10,3.0,0.9,9,77,COMPLETE
7439,7439,17917.0,2023-11-15 12:43:00.112694,2023-11-15 12:43:00.937069,0 days 00:00:00.824375,0.8,10,3.0,0.9,20,67,COMPLETE
7440,7440,17548.0,2023-11-15 12:43:00.939811,2023-11-15 12:43:01.616050,0 days 00:00:00.676239,0.8,10,2.5,0.9,17,82,COMPLETE
7441,7441,17369.5,2023-11-15 12:43:01.634424,2023-11-15 12:43:02.311888,0 days 00:00:00.677464,0.8,10,2.75,0.9,24,73,COMPLETE
7442,7442,17654.5,2023-11-15 12:43:02.314402,2023-11-15 12:43:02.961765,0 days 00:00:00.647363,0.8,10,3.0,0.9,28,65,COMPLETE
7443,7443,18392.25,2023-11-15 12:43:02.964115,2023-11-15 12:43:03.612956,0 days 00:00:00.648841,0.8,20,3.0,0.9,21,70,COMPLETE
7444,7444,18682.0,2023-11-15 12:43:03.615428,2023-11-15 12:43:04.282246,0 days 00:00:00.666818,0.8,10,3.0,0.9,18,75,COMPLETE
7445,7445,17547.25,2023-11-15 12:43:04.285154,2023-11-15 12:43:04.964591,0 days 00:00:00.679437,0.8,10,3.0,0.9,22,68,COMPLETE
7446,7446,17837.5,2023-11-15 12:43:04.968805,2023-11-15 12:43:05.624443,0 days 00:00:00.655638,0.4,10,3.0,0.9,15,78,COMPLETE
7447,7447,18490.0,2023-11-15 12:43:05.626850,2023-11-15 12:43:06.283775,0 days 00:00:00.656925,0.7000000000000001,10,2.75,0.9,25,72,COMPLETE
7448,7448,16711.25,2023-11-15 12:43:06.286572,2023-11-15 12:43:06.946816,0 days 00:00:00.660244,0.8,10,3.0,0.9,18,62,COMPLETE
7449,7449,17825.5,2023-11-15 12:43:06.950019,2023-11-15 12:43:07.606956,0 days 00:00:00.656937,0.8,10,3.0,0.9,20,70,COMPLETE
7450,7450,18682.0,2023-11-15 12:43:07.610534,2023-11-15 12:43:08.272929,0 days 00:00:00.662395,0.8,10,2.75,0.9,12,75,COMPLETE
7451,7451,17455.75,2023-11-15 12:43:08.275911,2023-11-15 12:43:08.926454,0 days 00:00:00.650543,0.9,10,3.0,0.9,16,67,COMPLETE
7452,7452,17833.0,2023-11-15 12:43:08.928775,2023-11-15 12:43:09.582570,0 days 00:00:00.653795,0.8,10,3.0,0.9,22,80,COMPLETE
7453,7453,17932.0,2023-11-15 12:43:09.585628,2023-11-15 12:43:10.236704,0 days 00:00:00.651076,0.8,10,2.75,0.8,19,72,COMPLETE
7454,7454,17631.75,2023-11-15 12:43:10.239224,2023-11-15 12:43:10.900005,0 days 00:00:00.660781,0.8,20,3.0,0.9,14,65,COMPLETE
7455,7455,17110.0,2023-11-15 12:43:10.902613,2023-11-15 12:43:11.569361,0 days 00:00:00.666748,0.7000000000000001,10,2.5,0.9,24,69,COMPLETE
7456,7456,18682.0,2023-11-15 12:43:11.579917,2023-11-15 12:43:12.252442,0 days 00:00:00.672525,0.8,10,3.0,0.9,17,75,COMPLETE
7457,7457,17187.25,2023-11-15 12:43:12.254945,2023-11-15 12:43:12.913657,0 days 00:00:00.658712,0.8,10,2.25,0.9,20,60,COMPLETE
7458,7458,19260.75,2023-11-15 12:43:12.916125,2023-11-15 12:43:13.579143,0 days 00:00:00.663018,0.8,10,3.0,0.9,22,71,COMPLETE
7459,7459,17270.25,2023-11-15 12:43:13.581764,2023-11-15 12:43:14.252220,0 days 00:00:00.670456,0.8,30,2.75,0.9,16,73,COMPLETE
7460,7460,17917.0,2023-11-15 12:43:14.254918,2023-11-15 12:43:15.049949,0 days 00:00:00.795031,0.8,10,3.0,0.9,26,67,COMPLETE
7461,7461,17546.25,2023-11-15 12:43:15.060910,2023-11-15 12:43:15.874924,0 days 00:00:00.814014,0.8,10,3.0,0.8,7,78,COMPLETE
7462,7462,16205.75,2023-11-15 12:43:15.878843,2023-11-15 12:43:16.587880,0 days 00:00:00.709037,0.8,10,3.0,0.9,81,63,COMPLETE
7463,7463,16678.5,2023-11-15 12:43:16.590318,2023-11-15 12:43:17.244955,0 days 00:00:00.654637,0.8,10,2.75,0.1,19,70,COMPLETE
7464,7464,17190.0,2023-11-15 12:43:17.247311,2023-11-15 12:43:17.913831,0 days 00:00:00.666520,0.8,20,3.0,0.9,29,75,COMPLETE
7465,7465,16582.5,2023-11-15 12:43:17.916444,2023-11-15 12:43:18.603691,0 days 00:00:00.687247,0.30000000000000004,10,3.0,0.9,22,67,COMPLETE
7466,7466,18122.5,2023-11-15 12:43:18.606082,2023-11-15 12:43:19.258796,0 days 00:00:00.652714,0.8,10,3.0,0.9,18,72,COMPLETE
7467,7467,18109.0,2023-11-15 12:43:19.261390,2023-11-15 12:43:19.922935,0 days 00:00:00.661545,0.9,10,3.0,0.9,13,70,COMPLETE
7468,7468,10942.25,2023-11-15 12:43:19.925516,2023-11-15 12:43:20.644784,0 days 00:00:00.719268,0.8,100,2.75,0.9,20,77,COMPLETE
7469,7469,14418.25,2023-11-15 12:43:20.647112,2023-11-15 12:43:21.344635,0 days 00:00:00.697523,0.8,50,3.0,0.9,24,85,COMPLETE
7470,7470,17014.0,2023-11-15 12:43:21.347089,2023-11-15 12:43:22.039753,0 days 00:00:00.692664,0.8,10,2.75,0.9,16,64,COMPLETE
7471,7471,17369.5,2023-11-15 12:43:22.042941,2023-11-15 12:43:22.719981,0 days 00:00:00.677040,0.8,10,3.0,0.9,27,73,COMPLETE
7472,7472,17455.75,2023-11-15 12:43:22.722969,2023-11-15 12:43:23.398299,0 days 00:00:00.675330,0.7000000000000001,10,2.5,0.9,18,68,COMPLETE
7473,7473,18682.0,2023-11-15 12:43:23.400974,2023-11-15 12:43:24.066346,0 days 00:00:00.665372,0.8,10,3.0,0.9,21,75,COMPLETE
7474,7474,17922.5,2023-11-15 12:43:24.069510,2023-11-15 12:43:24.724023,0 days 00:00:00.654513,0.8,10,3.0,0.8,11,70,COMPLETE
7475,7475,16826.75,2023-11-15 12:43:24.726368,2023-11-15 12:43:25.422418,0 days 00:00:00.696050,0.8,20,2.75,0.9,15,80,COMPLETE
7476,7476,16719.5,2023-11-15 12:43:25.424799,2023-11-15 12:43:26.091402,0 days 00:00:00.666603,0.8,10,3.0,0.9,23,66,COMPLETE
7477,7477,16642.5,2023-11-15 12:43:26.093844,2023-11-15 12:43:26.765554,0 days 00:00:00.671710,0.9,10,3.0,0.9,20,73,COMPLETE
7478,7478,17471.75,2023-11-15 12:43:26.768431,2023-11-15 12:43:27.443453,0 days 00:00:00.675022,0.8,10,2.25,0.9,17,69,COMPLETE
7479,7479,18121.5,2023-11-15 12:43:27.445834,2023-11-15 12:43:28.177551,0 days 00:00:00.731717,0.8,10,3.0,0.9,14,77,COMPLETE
7480,7480,18215.25,2023-11-15 12:43:28.180357,2023-11-15 12:43:28.857930,0 days 00:00:00.677573,0.8,10,2.75,0.9,25,72,COMPLETE
7481,7481,17654.5,2023-11-15 12:43:28.860730,2023-11-15 12:43:29.520995,0 days 00:00:00.660265,0.8,10,3.0,0.9,22,65,COMPLETE
7482,7482,18679.5,2023-11-15 12:43:29.523617,2023-11-15 12:43:30.334078,0 days 00:00:00.810461,0.7000000000000001,10,3.0,0.9,19,75,COMPLETE
7483,7483,17115.5,2023-11-15 12:43:30.336863,2023-11-15 12:43:31.064715,0 days 00:00:00.727852,0.8,10,3.0,0.9,17,69,COMPLETE
7484,7484,16726.25,2023-11-15 12:43:31.068219,2023-11-15 12:43:31.784571,0 days 00:00:00.716352,0.8,10,3.0,0.9,23,61,COMPLETE
7485,7485,17275.25,2023-11-15 12:43:31.787144,2023-11-15 12:43:32.449663,0 days 00:00:00.662519,0.8,20,2.75,0.9,20,72,COMPLETE
7486,7486,17476.5,2023-11-15 12:43:32.452701,2023-11-15 12:43:33.115172,0 days 00:00:00.662471,0.8,10,3.0,0.4,15,67,COMPLETE
7487,7487,17920.75,2023-11-15 12:43:33.118372,2023-11-15 12:43:33.779483,0 days 00:00:00.661111,0.8,10,3.0,0.9,21,74,COMPLETE
7488,7488,14404.0,2023-11-15 12:43:33.782067,2023-11-15 12:43:34.457654,0 days 00:00:00.675587,0.8,60,3.0,0.9,18,70,COMPLETE
7489,7489,17360.25,2023-11-15 12:43:34.460246,2023-11-15 12:43:35.122331,0 days 00:00:00.662085,0.8,10,3.0,0.9,25,78,COMPLETE
7490,7490,16661.0,2023-11-15 12:43:35.124689,2023-11-15 12:43:35.815885,0 days 00:00:00.691196,0.8,10,2.75,0.8,12,64,COMPLETE
7491,7491,17549.5,2023-11-15 12:43:35.818906,2023-11-15 12:43:36.491235,0 days 00:00:00.672329,0.7000000000000001,10,3.0,0.9,16,68,COMPLETE
7492,7492,18493.25,2023-11-15 12:43:36.493742,2023-11-15 12:43:37.161923,0 days 00:00:00.668181,0.8,10,2.5,0.9,19,72,COMPLETE
7493,7493,17016.25,2023-11-15 12:43:37.164526,2023-11-15 12:43:37.831746,0 days 00:00:00.667220,0.8,10,3.0,0.9,23,76,COMPLETE
7494,7494,18111.5,2023-11-15 12:43:37.835293,2023-11-15 12:43:38.502454,0 days 00:00:00.667161,0.8,10,2.75,0.7000000000000001,27,70,COMPLETE
7495,7495,17643.5,2023-11-15 12:43:38.505139,2023-11-15 12:43:39.170281,0 days 00:00:00.665142,0.9,10,3.0,0.9,21,82,COMPLETE
7496,7496,16636.0,2023-11-15 12:43:39.172756,2023-11-15 12:43:39.895865,0 days 00:00:00.723109,0.8,20,3.0,0.9,14,73,COMPLETE
7497,7497,17744.75,2023-11-15 12:43:39.898713,2023-11-15 12:43:40.577817,0 days 00:00:00.679104,0.8,10,3.0,0.9,18,90,COMPLETE
7498,7498,16719.5,2023-11-15 12:43:40.580209,2023-11-15 12:43:41.243124,0 days 00:00:00.662915,0.8,10,3.0,0.9,24,66,COMPLETE
7499,7499,18682.0,2023-11-15 12:43:41.245661,2023-11-15 12:43:41.902259,0 days 00:00:00.656598,0.8,10,2.75,0.9,37,75,COMPLETE
7500,7500,14200.0,2023-11-15 12:43:41.904944,2023-11-15 12:43:42.607789,0 days 00:00:00.702845,0.8,70,3.0,0.9,16,69,COMPLETE
7501,7501,17552.0,2023-11-15 12:43:42.611440,2023-11-15 12:43:43.270267,0 days 00:00:00.658827,0.8,10,2.75,0.9,21,79,COMPLETE
7502,7502,19260.75,2023-11-15 12:43:43.273244,2023-11-15 12:43:43.978177,0 days 00:00:00.704933,0.8,10,3.0,0.8,10,71,COMPLETE
7503,7503,16813.25,2023-11-15 12:43:43.981050,2023-11-15 12:43:44.779559,0 days 00:00:00.798509,0.8,10,3.0,0.5,19,57,COMPLETE
7504,7504,17014.0,2023-11-15 12:43:44.782690,2023-11-15 12:43:45.576694,0 days 00:00:00.794004,0.8,10,3.0,0.9,17,64,COMPLETE
7505,7505,16620.5,2023-11-15 12:43:45.579134,2023-11-15 12:43:46.252902,0 days 00:00:00.673768,0.8,20,3.0,0.9,22,67,COMPLETE
7506,7506,17923.25,2023-11-15 12:43:46.255505,2023-11-15 12:43:46.955198,0 days 00:00:00.699693,0.7000000000000001,10,2.0,0.9,13,74,COMPLETE
7507,7507,18221.25,2023-11-15 12:43:46.957604,2023-11-15 12:43:47.620262,0 days 00:00:00.662658,0.5,10,2.75,0.9,26,71,COMPLETE
7508,7508,17496.0,2023-11-15 12:43:47.623297,2023-11-15 12:43:48.288407,0 days 00:00:00.665110,0.8,10,3.0,0.30000000000000004,34,75,COMPLETE
7509,7509,17745.25,2023-11-15 12:43:48.290753,2023-11-15 12:43:48.954459,0 days 00:00:00.663706,0.9,10,3.0,0.9,53,68,COMPLETE
7510,7510,16813.0,2023-11-15 12:43:48.957141,2023-11-15 12:43:49.645288,0 days 00:00:00.688147,0.8,10,2.5,0.9,20,61,COMPLETE
7511,7511,18121.5,2023-11-15 12:43:49.647714,2023-11-15 12:43:50.345539,0 days 00:00:00.697825,0.8,10,2.75,0.9,24,77,COMPLETE
7512,7512,18122.5,2023-11-15 12:43:50.348292,2023-11-15 12:43:51.018418,0 days 00:00:00.670126,0.8,10,3.0,0.9,18,72,COMPLETE
7513,7513,16719.5,2023-11-15 12:43:51.022500,2023-11-15 12:43:51.712826,0 days 00:00:00.690326,0.8,10,3.0,0.9,16,66,COMPLETE
7514,7514,17825.5,2023-11-15 12:43:51.715197,2023-11-15 12:43:52.385182,0 days 00:00:00.669985,0.8,10,3.0,0.9,22,70,COMPLETE
7515,7515,17274.25,2023-11-15 12:43:52.387944,2023-11-15 12:43:53.063999,0 days 00:00:00.676055,0.8,20,2.75,0.8,14,74,COMPLETE
7516,7516,17739.5,2023-11-15 12:43:53.066737,2023-11-15 12:43:53.755196,0 days 00:00:00.688459,0.8,10,3.0,0.9,19,81,COMPLETE
7517,7517,17014.0,2023-11-15 12:43:53.757567,2023-11-15 12:43:54.425017,0 days 00:00:00.667450,0.8,10,3.0,0.9,21,64,COMPLETE
7518,7518,17547.25,2023-11-15 12:43:54.427458,2023-11-15 12:43:55.098383,0 days 00:00:00.670925,0.8,10,3.0,0.9,24,68,COMPLETE
7519,7519,12960.0,2023-11-15 12:43:55.102065,2023-11-15 12:43:55.790092,0 days 00:00:00.688027,0.8,80,2.25,0.9,17,72,COMPLETE
7520,7520,17453.0,2023-11-15 12:43:55.792456,2023-11-15 12:43:56.454485,0 days 00:00:00.662029,0.8,10,3.0,0.9,30,78,COMPLETE
7521,7521,18012.75,2023-11-15 12:43:56.456941,2023-11-15 12:43:57.135094,0 days 00:00:00.678153,0.9,10,2.75,0.9,28,70,COMPLETE
7522,7522,17546.5,2023-11-15 12:43:57.137665,2023-11-15 12:43:57.796674,0 days 00:00:00.659009,0.7000000000000001,10,3.0,0.9,75,74,COMPLETE
7523,7523,17547.25,2023-11-15 12:43:57.799114,2023-11-15 12:43:58.469835,0 days 00:00:00.670721,0.8,10,2.75,0.9,15,68,COMPLETE
7524,7524,16923.25,2023-11-15 12:43:58.472198,2023-11-15 12:43:59.246521,0 days 00:00:00.774323,0.8,10,3.0,0.9,20,76,COMPLETE
7525,7525,17275.25,2023-11-15 12:43:59.249597,2023-11-15 12:44:00.064832,0 days 00:00:00.815235,0.8,20,3.0,0.9,23,72,COMPLETE
