,number,value,datetime_start,datetime_complete,duration,params_alpha,params_decay_interval,params_decay_rate,params_gamma,params_initialization,params_max_steps,state
2723,2723,18301.75,2023-11-15 13:25:53.984900,2023-11-15 13:25:54.265329,0 days 00:00:00.280429,0.8,10,1.25,0.8,24,96,COMPLETE
2724,2724,18022.0,2023-11-15 13:25:54.266765,2023-11-15 13:25:54.559752,0 days 00:00:00.292987,0.8,10,1.0,0.8,4,98,COMPLETE
2725,2725,18304.75,2023-11-15 13:25:54.562047,2023-11-15 13:25:54.844732,0 days 00:00:00.282685,0.8,10,2.0,0.8,19,99,COMPLETE
2726,2726,17834.25,2023-11-15 13:25:54.846172,2023-11-15 13:25:55.179182,0 days 00:00:00.333010,0.8,10,1.25,0.5,10,95,COMPLETE
2727,2727,18491.25,2023-11-15 13:25:55.180539,2023-11-15 13:25:55.457297,0 days 00:00:00.276758,0.7000000000000001,10,1.25,0.8,17,99,COMPLETE
2728,2728,17839.0,2023-11-15 13:25:55.459310,2023-11-15 13:25:55.739002,0 days 00:00:00.279692,0.8,20,1.25,0.8,22,97,COMPLETE
2729,2729,18305.75,2023-11-15 13:25:55.740504,2023-11-15 13:25:56.024198,0 days 00:00:00.283694,0.8,10,1.5,0.8,6,100,COMPLETE
2730,2730,18397.25,2023-11-15 13:25:56.025686,2023-11-15 13:25:56.304459,0 days 00:00:00.278773,0.9,10,1.25,0.9,13,94,COMPLETE
2731,2731,18211.5,2023-11-15 13:25:56.306427,2023-11-15 13:25:56.586041,0 days 00:00:00.279614,0.8,10,2.75,0.8,15,98,COMPLETE
2732,2732,18394.5,2023-11-15 13:25:56.587599,2023-11-15 13:25:56.871263,0 days 00:00:00.283664,0.8,10,1.25,0.8,8,96,COMPLETE
2733,2733,18401.0,2023-11-15 13:25:56.873688,2023-11-15 13:25:57.157014,0 days 00:00:00.283326,0.8,10,1.0,0.8,20,100,COMPLETE
2734,2734,18023.5,2023-11-15 13:25:57.158470,2023-11-15 13:25:57.440277,0 days 00:00:00.281807,0.8,10,1.25,0.8,17,98,COMPLETE
2735,2735,18093.0,2023-11-15 13:25:57.441692,2023-11-15 13:25:57.726116,0 days 00:00:00.284424,0.8,10,0.75,0.7000000000000001,37,96,COMPLETE
2736,2736,18107.75,2023-11-15 13:25:57.727802,2023-11-15 13:25:58.008507,0 days 00:00:00.280705,0.8,20,1.75,0.8,10,100,COMPLETE
2737,2737,17655.25,2023-11-15 13:25:58.010396,2023-11-15 13:25:58.296118,0 days 00:00:00.285722,0.8,10,1.25,0.8,4,91,COMPLETE
2738,2738,18023.5,2023-11-15 13:25:58.297468,2023-11-15 13:25:58.624589,0 days 00:00:00.327121,0.8,10,1.25,0.8,14,98,COMPLETE
2739,2739,18112.5,2023-11-15 13:25:58.626293,2023-11-15 13:25:58.942303,0 days 00:00:00.316010,0.7000000000000001,10,1.5,0.8,2,94,COMPLETE
2740,2740,18122.5,2023-11-15 13:25:58.943706,2023-11-15 13:25:59.224259,0 days 00:00:00.280553,0.8,10,1.25,0.8,19,97,COMPLETE
2741,2741,18458.5,2023-11-15 13:25:59.225820,2023-11-15 13:25:59.508455,0 days 00:00:00.282635,0.8,10,1.0,0.8,17,100,COMPLETE
2742,2742,18265.25,2023-11-15 13:25:59.509815,2023-11-15 13:25:59.797211,0 days 00:00:00.287396,0.8,10,1.25,0.9,12,98,COMPLETE
2743,2743,18208.75,2023-11-15 13:25:59.798564,2023-11-15 13:26:00.086915,0 days 00:00:00.288351,0.8,10,1.25,0.7000000000000001,22,96,COMPLETE
2744,2744,18308.75,2023-11-15 13:26:00.089016,2023-11-15 13:26:00.370591,0 days 00:00:00.281575,0.8,10,1.25,0.8,57,100,COMPLETE
2745,2745,17830.75,2023-11-15 13:26:00.373795,2023-11-15 13:26:00.659901,0 days 00:00:00.286106,0.8,20,1.25,0.8,6,98,COMPLETE
2746,2746,17838.25,2023-11-15 13:26:00.661386,2023-11-15 13:26:00.947261,0 days 00:00:00.285875,0.9,10,1.25,0.8,15,95,COMPLETE
2747,2747,16538.0,2023-11-15 13:26:00.948624,2023-11-15 13:26:01.240081,0 days 00:00:00.291457,0.8,40,1.5,0.8,19,100,COMPLETE
2748,2748,199.5,2023-11-15 13:26:01.241775,2023-11-15 13:26:01.782612,0 days 00:00:00.540837,0.8,10,1.25,0.8,0,97,COMPLETE
2749,2749,18207.75,2023-11-15 13:26:01.784208,2023-11-15 13:26:02.064577,0 days 00:00:00.280369,0.8,10,1.25,0.8,11,93,COMPLETE
2750,2750,18265.25,2023-11-15 13:26:02.066030,2023-11-15 13:26:02.348462,0 days 00:00:00.282432,0.8,10,1.25,0.9,17,98,COMPLETE
2751,2751,18322.0,2023-11-15 13:26:02.349842,2023-11-15 13:26:02.674836,0 days 00:00:00.324994,0.8,10,1.0,0.8,8,99,COMPLETE
2752,2752,18394.5,2023-11-15 13:26:02.676429,2023-11-15 13:26:02.959837,0 days 00:00:00.283408,0.8,10,1.25,0.8,3,96,COMPLETE
2753,2753,17748.75,2023-11-15 13:26:02.961362,2023-11-15 13:26:03.248996,0 days 00:00:00.287634,0.5,10,1.25,0.8,21,86,COMPLETE
2754,2754,18399.0,2023-11-15 13:26:03.250428,2023-11-15 13:26:03.531372,0 days 00:00:00.280944,0.8,10,1.25,0.8,25,100,COMPLETE
2755,2755,17925.0,2023-11-15 13:26:03.532817,2023-11-15 13:26:03.813938,0 days 00:00:00.281121,0.8,20,1.5,0.8,14,98,COMPLETE
2756,2756,17837.5,2023-11-15 13:26:03.815547,2023-11-15 13:26:04.101070,0 days 00:00:00.285523,0.7000000000000001,10,1.25,0.8,5,95,COMPLETE
2757,2757,17940.0,2023-11-15 13:26:04.102835,2023-11-15 13:26:04.391390,0 days 00:00:00.288555,0.8,10,1.25,0.4,18,97,COMPLETE
2758,2758,18306.0,2023-11-15 13:26:04.392886,2023-11-15 13:26:04.677755,0 days 00:00:00.284869,0.9,10,1.0,0.7000000000000001,16,100,COMPLETE
2759,2759,18399.0,2023-11-15 13:26:04.679231,2023-11-15 13:26:04.963304,0 days 00:00:00.284073,0.8,10,1.75,0.8,11,98,COMPLETE
2760,2760,17742.75,2023-11-15 13:26:04.964799,2023-11-15 13:26:05.247274,0 days 00:00:00.282475,0.8,10,1.25,0.8,8,70,COMPLETE
2761,2761,18301.5,2023-11-15 13:26:05.249028,2023-11-15 13:26:05.533903,0 days 00:00:00.284875,0.8,10,1.5,0.9,20,96,COMPLETE
2762,2762,18398.25,2023-11-15 13:26:05.535267,2023-11-15 13:26:05.821122,0 days 00:00:00.285855,0.8,10,1.25,0.8,13,100,COMPLETE
2763,2763,17839.25,2023-11-15 13:26:05.823193,2023-11-15 13:26:06.129755,0 days 00:00:00.306562,0.6,10,1.25,0.8,23,94,COMPLETE
2764,2764,18023.5,2023-11-15 13:26:06.131566,2023-11-15 13:26:06.485678,0 days 00:00:00.354112,0.8,10,1.25,0.8,2,98,COMPLETE
2765,2765,18394.5,2023-11-15 13:26:06.487669,2023-11-15 13:26:06.869245,0 days 00:00:00.381576,0.8,10,1.25,0.8,16,96,COMPLETE
2766,2766,18209.75,2023-11-15 13:26:06.870994,2023-11-15 13:26:07.236294,0 days 00:00:00.365300,0.8,10,1.5,0.8,9,99,COMPLETE
2767,2767,18023.5,2023-11-15 13:26:07.238172,2023-11-15 13:26:07.530694,0 days 00:00:00.292522,0.8,10,1.25,0.8,5,98,COMPLETE
2768,2768,17928.5,2023-11-15 13:26:07.532124,2023-11-15 13:26:07.821499,0 days 00:00:00.289375,0.7000000000000001,20,1.0,0.8,28,100,COMPLETE
2769,2769,18308.75,2023-11-15 13:26:07.823596,2023-11-15 13:26:08.104962,0 days 00:00:00.281366,0.8,10,1.25,0.7000000000000001,18,97,COMPLETE
2770,2770,18207.75,2023-11-15 13:26:08.107144,2023-11-15 13:26:08.386894,0 days 00:00:00.279750,0.8,10,1.25,0.8,14,93,COMPLETE
2771,2771,18398.25,2023-11-15 13:26:08.389069,2023-11-15 13:26:08.674654,0 days 00:00:00.285585,0.8,10,1.25,0.8,21,100,COMPLETE
2772,2772,18020.0,2023-11-15 13:26:08.676349,2023-11-15 13:26:08.960788,0 days 00:00:00.284439,0.9,10,1.25,0.8,12,95,COMPLETE
2773,2773,18265.25,2023-11-15 13:26:08.962153,2023-11-15 13:26:09.247180,0 days 00:00:00.285027,0.8,10,1.25,0.9,16,98,COMPLETE
2774,2774,18232.25,2023-11-15 13:26:09.248625,2023-11-15 13:26:09.528784,0 days 00:00:00.280159,0.8,10,0.5,0.8,19,97,COMPLETE
2775,2775,17924.25,2023-11-15 13:26:09.530159,2023-11-15 13:26:09.814650,0 days 00:00:00.284491,0.8,20,1.0,0.8,3,100,COMPLETE
2776,2776,18301.5,2023-11-15 13:26:09.816062,2023-11-15 13:26:10.101772,0 days 00:00:00.285710,0.8,10,1.5,0.8,7,96,COMPLETE
2777,2777,17469.0,2023-11-15 13:26:10.103277,2023-11-15 13:26:10.414398,0 days 00:00:00.311121,0.8,10,1.25,0.8,10,67,COMPLETE
2778,2778,17932.0,2023-11-15 13:26:10.415973,2023-11-15 13:26:10.714454,0 days 00:00:00.298481,0.8,10,1.25,0.8,51,98,COMPLETE
2779,2779,17659.0,2023-11-15 13:26:10.716036,2023-11-15 13:26:11.004135,0 days 00:00:00.288099,0.4,10,1.25,0.7000000000000001,15,99,COMPLETE
2780,2780,17747.25,2023-11-15 13:26:11.005916,2023-11-15 13:26:11.296295,0 days 00:00:00.290379,0.8,10,1.25,0.9,23,95,COMPLETE
2781,2781,18266.5,2023-11-15 13:26:11.297772,2023-11-15 13:26:11.585585,0 days 00:00:00.287813,0.8,10,1.0,0.8,18,100,COMPLETE
2782,2782,18399.75,2023-11-15 13:26:11.587570,2023-11-15 13:26:11.876361,0 days 00:00:00.288791,0.7000000000000001,10,1.25,0.8,6,97,COMPLETE
2783,2783,18399.25,2023-11-15 13:26:11.877785,2023-11-15 13:26:12.160959,0 days 00:00:00.283174,0.8,10,1.25,0.8,13,92,COMPLETE
2784,2784,199.5,2023-11-15 13:26:12.162467,2023-11-15 13:26:12.707630,0 days 00:00:00.545163,0.8,10,1.5,0.6,0,98,COMPLETE
2785,2785,18030.0,2023-11-15 13:26:12.709038,2023-11-15 13:26:12.988965,0 days 00:00:00.279927,0.8,20,1.25,0.8,17,94,COMPLETE
2786,2786,15738.5,2023-11-15 13:26:12.990986,2023-11-15 13:26:13.284282,0 days 00:00:00.293296,0.9,50,1.25,0.8,20,100,COMPLETE
2787,2787,18301.5,2023-11-15 13:26:13.286326,2023-11-15 13:26:13.571551,0 days 00:00:00.285225,0.8,10,1.5,0.8,14,96,COMPLETE
2788,2788,14669.25,2023-11-15 13:26:13.573395,2023-11-15 13:26:13.875902,0 days 00:00:00.302507,0.8,70,1.25,0.8,4,98,COMPLETE
2789,2789,18492.5,2023-11-15 13:26:13.878631,2023-11-15 13:26:14.160708,0 days 00:00:00.282077,0.8,10,1.25,0.8,10,100,COMPLETE
2790,2790,17992.75,2023-11-15 13:26:14.162117,2023-11-15 13:26:14.482721,0 days 00:00:00.320604,0.8,10,1.0,0.8,22,78,COMPLETE
2791,2791,18300.75,2023-11-15 13:26:14.484169,2023-11-15 13:26:14.767853,0 days 00:00:00.283684,0.8,10,1.25,0.9,12,96,COMPLETE
2792,2792,16637.75,2023-11-15 13:26:14.769226,2023-11-15 13:26:15.058223,0 days 00:00:00.288997,0.8,20,1.25,0.7000000000000001,16,55,COMPLETE
2793,2793,18213.0,2023-11-15 13:26:15.059742,2023-11-15 13:26:15.340772,0 days 00:00:00.281030,0.8,10,1.0,0.8,19,90,COMPLETE
2794,2794,18023.5,2023-11-15 13:26:15.342352,2023-11-15 13:26:15.631801,0 days 00:00:00.289449,0.8,10,1.25,0.8,25,98,COMPLETE
2795,2795,18681.25,2023-11-15 13:26:15.633265,2023-11-15 13:26:15.916310,0 days 00:00:00.283045,0.8,10,1.25,0.8,3,99,COMPLETE
2796,2796,17377.25,2023-11-15 13:26:15.917749,2023-11-15 13:26:16.213295,0 days 00:00:00.295546,0.7000000000000001,10,1.25,0.2,7,95,COMPLETE
2797,2797,18218.0,2023-11-15 13:26:16.214971,2023-11-15 13:26:16.508950,0 days 00:00:00.293979,0.8,10,1.25,0.8,17,97,COMPLETE
2798,2798,18211.0,2023-11-15 13:26:16.510547,2023-11-15 13:26:16.791487,0 days 00:00:00.280940,0.9,10,1.75,0.8,15,100,COMPLETE
2799,2799,18023.5,2023-11-15 13:26:16.793084,2023-11-15 13:26:17.078695,0 days 00:00:00.285611,0.8,10,1.25,0.8,21,98,COMPLETE
2800,2800,12692.75,2023-11-15 13:26:17.080092,2023-11-15 13:26:17.397352,0 days 00:00:00.317260,0.8,100,1.5,0.8,5,97,COMPLETE
2801,2801,18486.25,2023-11-15 13:26:17.398869,2023-11-15 13:26:17.682213,0 days 00:00:00.283344,0.8,10,1.25,0.8,9,94,COMPLETE
2802,2802,18492.5,2023-11-15 13:26:17.683834,2023-11-15 13:26:18.007176,0 days 00:00:00.323342,0.8,10,1.25,0.8,1,100,COMPLETE
2803,2803,17830.75,2023-11-15 13:26:18.008858,2023-11-15 13:26:18.303384,0 days 00:00:00.294526,0.8,20,1.25,0.8,12,98,COMPLETE
2804,2804,18495.75,2023-11-15 13:26:18.305339,2023-11-15 13:26:18.594874,0 days 00:00:00.289535,0.8,10,1.0,0.7000000000000001,19,96,COMPLETE
2805,2805,18492.75,2023-11-15 13:26:18.596352,2023-11-15 13:26:18.875937,0 days 00:00:00.279585,0.8,10,1.25,0.9,14,100,COMPLETE
2806,2806,18023.5,2023-11-15 13:26:18.877629,2023-11-15 13:26:19.171457,0 days 00:00:00.293828,0.8,10,1.25,0.8,17,98,COMPLETE
2807,2807,17831.25,2023-11-15 13:26:19.173236,2023-11-15 13:26:19.460062,0 days 00:00:00.286826,0.8,10,1.5,0.8,8,95,COMPLETE
2808,2808,18681.25,2023-11-15 13:26:19.461971,2023-11-15 13:26:19.745662,0 days 00:00:00.283691,0.8,10,1.25,0.8,11,99,COMPLETE
2809,2809,18307.75,2023-11-15 13:26:19.747082,2023-11-15 13:26:20.028248,0 days 00:00:00.281166,0.7000000000000001,10,1.25,0.8,20,97,COMPLETE
2810,2810,18300.5,2023-11-15 13:26:20.029682,2023-11-15 13:26:20.315547,0 days 00:00:00.285865,0.8,10,2.0,0.8,23,93,COMPLETE
2811,2811,18428.75,2023-11-15 13:26:20.317066,2023-11-15 13:26:20.601224,0 days 00:00:00.284158,0.8,10,1.0,0.9,15,100,COMPLETE
2812,2812,18394.5,2023-11-15 13:26:20.602648,2023-11-15 13:26:20.908673,0 days 00:00:00.306025,0.8,10,1.25,0.8,3,96,COMPLETE
2813,2813,18305.25,2023-11-15 13:26:20.910516,2023-11-15 13:26:21.257150,0 days 00:00:00.346634,0.8,10,1.5,0.8,6,98,COMPLETE
2814,2814,17275.0,2023-11-15 13:26:21.258976,2023-11-15 13:26:21.614611,0 days 00:00:00.355635,0.8,30,1.25,0.8,17,100,COMPLETE
2815,2815,17203.75,2023-11-15 13:26:21.677284,2023-11-15 13:26:22.023791,0 days 00:00:00.346507,0.8,20,1.25,0.30000000000000004,14,98,COMPLETE
2816,2816,18394.5,2023-11-15 13:26:22.025217,2023-11-15 13:26:22.309114,0 days 00:00:00.283897,0.8,10,1.25,0.8,18,96,COMPLETE
2817,2817,18493.0,2023-11-15 13:26:22.311003,2023-11-15 13:26:22.591140,0 days 00:00:00.280137,0.9,10,1.25,0.8,9,99,COMPLETE
2818,2818,18410.75,2023-11-15 13:26:22.592909,2023-11-15 13:26:22.875564,0 days 00:00:00.282655,0.8,10,1.25,0.8,21,94,COMPLETE
2819,2819,18492.5,2023-11-15 13:26:22.877119,2023-11-15 13:26:23.161004,0 days 00:00:00.283885,0.8,10,1.25,0.8,12,100,COMPLETE
2820,2820,18586.0,2023-11-15 13:26:23.162774,2023-11-15 13:26:23.450017,0 days 00:00:00.287243,0.8,10,2.25,0.7000000000000001,2,97,COMPLETE
2821,2821,18398.5,2023-11-15 13:26:23.452100,2023-11-15 13:26:23.741950,0 days 00:00:00.289850,0.8,10,1.5,0.8,5,98,COMPLETE
2822,2822,17927.75,2023-11-15 13:26:23.743785,2023-11-15 13:26:24.032573,0 days 00:00:00.288788,0.8,20,1.25,0.8,44,96,COMPLETE
2823,2823,14877.0,2023-11-15 13:26:24.033937,2023-11-15 13:26:24.336255,0 days 00:00:00.302318,0.8,60,0.75,0.8,16,100,COMPLETE
2824,2824,17931.0,2023-11-15 13:26:24.337748,2023-11-15 13:26:24.640319,0 days 00:00:00.302571,0.8,10,1.0,0.8,54,98,COMPLETE
2825,2825,18398.75,2023-11-15 13:26:24.641935,2023-11-15 13:26:24.930162,0 days 00:00:00.288227,0.7000000000000001,10,1.25,0.9,19,92,COMPLETE
2826,2826,18394.5,2023-11-15 13:26:24.931875,2023-11-15 13:26:25.225147,0 days 00:00:00.293272,0.8,10,1.25,0.8,13,96,COMPLETE
2827,2827,18307.0,2023-11-15 13:26:25.226864,2023-11-15 13:26:25.520280,0 days 00:00:00.293416,0.9,10,1.25,0.8,25,100,COMPLETE
2828,2828,17570.75,2023-11-15 13:26:25.522291,2023-11-15 13:26:25.852044,0 days 00:00:00.329753,0.30000000000000004,10,1.75,0.8,7,98,COMPLETE
2829,2829,16829.0,2023-11-15 13:26:25.853812,2023-11-15 13:26:26.148164,0 days 00:00:00.294352,0.8,40,1.25,0.7000000000000001,11,94,COMPLETE
2830,2830,18023.5,2023-11-15 13:26:26.149551,2023-11-15 13:26:26.440244,0 days 00:00:00.290693,0.8,10,1.25,0.8,30,98,COMPLETE
2831,2831,17658.75,2023-11-15 13:26:26.441829,2023-11-15 13:26:26.734406,0 days 00:00:00.292577,0.8,10,1.0,0.9,15,95,COMPLETE
2832,2832,199.5,2023-11-15 13:26:26.735965,2023-11-15 13:26:27.294717,0 days 00:00:00.558752,0.2,10,1.5,0.8,0,100,COMPLETE
2833,2833,18218.0,2023-11-15 13:26:27.296141,2023-11-15 13:26:27.589462,0 days 00:00:00.293321,0.8,10,1.25,0.8,18,97,COMPLETE
2834,2834,13925.5,2023-11-15 13:26:27.591253,2023-11-15 13:26:27.907728,0 days 00:00:00.316475,0.8,80,1.25,0.8,22,99,COMPLETE
2835,2835,18394.5,2023-11-15 13:26:27.909772,2023-11-15 13:26:28.199092,0 days 00:00:00.289320,0.8,10,1.25,0.8,5,96,COMPLETE
2836,2836,12846.5,2023-11-15 13:26:28.200957,2023-11-15 13:26:28.513795,0 days 00:00:00.312838,0.8,90,1.25,0.8,20,82,COMPLETE
2837,2837,18212.5,2023-11-15 13:26:28.515228,2023-11-15 13:26:28.809172,0 days 00:00:00.293944,0.6,10,1.5,0.8,16,100,COMPLETE
2838,2838,18022.0,2023-11-15 13:26:28.810656,2023-11-15 13:26:29.097125,0 days 00:00:00.286469,0.8,10,1.0,0.8,9,98,COMPLETE
2839,2839,18399.75,2023-11-15 13:26:29.098562,2023-11-15 13:26:29.387361,0 days 00:00:00.288799,0.7000000000000001,10,1.25,0.8,4,97,COMPLETE
2840,2840,18030.0,2023-11-15 13:26:29.389113,2023-11-15 13:26:29.717845,0 days 00:00:00.328732,0.8,20,1.25,0.7000000000000001,13,94,COMPLETE
2841,2841,18398.25,2023-11-15 13:26:29.719259,2023-11-15 13:26:30.009724,0 days 00:00:00.290465,0.8,10,1.25,0.8,18,100,COMPLETE
2842,2842,17980.25,2023-11-15 13:26:30.011186,2023-11-15 13:26:30.302366,0 days 00:00:00.291180,0.9,10,1.0,0.9,2,98,COMPLETE
2843,2843,18394.5,2023-11-15 13:26:30.303831,2023-11-15 13:26:30.589829,0 days 00:00:00.285998,0.8,10,1.25,0.8,15,96,COMPLETE
2844,2844,18492.5,2023-11-15 13:26:30.591947,2023-11-15 13:26:30.882709,0 days 00:00:00.290762,0.8,10,1.25,0.8,20,100,COMPLETE
2845,2845,17094.0,2023-11-15 13:26:30.884252,2023-11-15 13:26:31.167725,0 days 00:00:00.283473,0.8,10,1.25,0.8,7,51,COMPLETE
2846,2846,17665.75,2023-11-15 13:26:31.169268,2023-11-15 13:26:31.471062,0 days 00:00:00.301794,0.8,10,1.25,0.8,86,98,COMPLETE
2847,2847,17831.25,2023-11-15 13:26:31.473060,2023-11-15 13:26:31.779464,0 days 00:00:00.306404,0.8,10,1.5,0.8,23,95,COMPLETE
2848,2848,18023.5,2023-11-15 13:26:31.781010,2023-11-15 13:26:32.072887,0 days 00:00:00.291877,0.8,10,1.25,0.8,10,98,COMPLETE
2849,2849,18310.75,2023-11-15 13:26:32.074257,2023-11-15 13:26:32.363101,0 days 00:00:00.288844,0.8,10,1.25,0.8,17,92,COMPLETE
2850,2850,18492.75,2023-11-15 13:26:32.364552,2023-11-15 13:26:32.648518,0 days 00:00:00.283966,0.8,10,1.0,0.9,13,100,COMPLETE
2851,2851,18202.0,2023-11-15 13:26:32.650433,2023-11-15 13:26:32.936610,0 days 00:00:00.286177,0.8,20,1.25,0.8,15,96,COMPLETE
2852,2852,18025.5,2023-11-15 13:26:32.938341,2023-11-15 13:26:33.230498,0 days 00:00:00.292157,0.7000000000000001,10,1.5,0.8,21,98,COMPLETE
2853,2853,17146.5,2023-11-15 13:26:33.232578,2023-11-15 13:26:33.540689,0 days 00:00:00.308111,0.4,10,1.25,0.7000000000000001,48,100,COMPLETE
2854,2854,18218.5,2023-11-15 13:26:33.542087,2023-11-15 13:26:33.885084,0 days 00:00:00.342997,0.9,10,1.25,0.8,11,97,COMPLETE
2855,2855,18681.25,2023-11-15 13:26:33.886794,2023-11-15 13:26:34.173198,0 days 00:00:00.286404,0.8,10,1.25,0.8,7,99,COMPLETE
2856,2856,18027.75,2023-11-15 13:26:34.174859,2023-11-15 13:26:34.470459,0 days 00:00:00.295600,0.8,20,1.0,0.8,18,94,COMPLETE
2857,2857,18394.5,2023-11-15 13:26:34.472179,2023-11-15 13:26:34.767601,0 days 00:00:00.295422,0.8,10,1.25,0.8,3,96,COMPLETE
2858,2858,18399.0,2023-11-15 13:26:34.769019,2023-11-15 13:26:35.062340,0 days 00:00:00.293321,0.8,10,1.75,0.8,24,98,COMPLETE
2859,2859,18305.75,2023-11-15 13:26:35.063810,2023-11-15 13:26:35.361521,0 days 00:00:00.297711,0.8,10,1.5,0.8,16,100,COMPLETE
2860,2860,18218.0,2023-11-15 13:26:35.363811,2023-11-15 13:26:35.720701,0 days 00:00:00.356890,0.8,10,1.25,0.8,13,97,COMPLETE
2861,2861,17733.75,2023-11-15 13:26:35.722438,2023-11-15 13:26:36.081341,0 days 00:00:00.358903,0.5,10,1.25,0.8,5,95,COMPLETE
2862,2862,199.5,2023-11-15 13:26:36.082986,2023-11-15 13:26:36.737212,0 days 00:00:00.654226,0.8,10,1.25,0.9,0,99,COMPLETE
2863,2863,18492.5,2023-11-15 13:26:36.740030,2023-11-15 13:26:37.091705,0 days 00:00:00.351675,0.8,10,1.25,0.8,19,100,COMPLETE
2864,2864,18218.0,2023-11-15 13:26:37.093294,2023-11-15 13:26:37.391899,0 days 00:00:00.298605,0.8,10,1.25,0.8,9,97,COMPLETE
2865,2865,17925.5,2023-11-15 13:26:37.393304,2023-11-15 13:26:37.683414,0 days 00:00:00.290110,0.8,20,2.5,0.7000000000000001,21,98,COMPLETE
2866,2866,18026.25,2023-11-15 13:26:37.684914,2023-11-15 13:26:38.008593,0 days 00:00:00.323679,0.8,10,1.5,0.8,61,93,COMPLETE
2867,2867,18394.5,2023-11-15 13:26:38.010492,2023-11-15 13:26:38.298025,0 days 00:00:00.287533,0.8,10,1.25,0.8,14,96,COMPLETE
2868,2868,18458.5,2023-11-15 13:26:38.299480,2023-11-15 13:26:38.593652,0 days 00:00:00.294172,0.8,10,1.0,0.8,17,100,COMPLETE
2869,2869,6033.5,2023-11-15 13:26:38.595092,2023-11-15 13:26:38.871414,0 days 00:00:00.276322,0.7000000000000001,10,1.25,0.8,11,11,COMPLETE
2870,2870,18033.25,2023-11-15 13:26:38.873557,2023-11-15 13:26:39.168022,0 days 00:00:00.294465,0.8,10,1.25,0.8,27,98,COMPLETE
2871,2871,18207.75,2023-11-15 13:26:39.169452,2023-11-15 13:26:39.460353,0 days 00:00:00.290901,0.9,10,1.25,0.8,2,96,COMPLETE
2872,2872,18492.75,2023-11-15 13:26:39.461777,2023-11-15 13:26:39.764101,0 days 00:00:00.302324,0.8,10,1.25,0.9,7,100,COMPLETE
2873,2873,16201.5,2023-11-15 13:26:39.766423,2023-11-15 13:26:40.069118,0 days 00:00:00.302695,0.8,50,1.25,0.8,19,98,COMPLETE
2874,2874,17831.25,2023-11-15 13:26:40.070895,2023-11-15 13:26:40.362375,0 days 00:00:00.291480,0.8,10,1.5,0.8,15,95,COMPLETE
2875,2875,18023.5,2023-11-15 13:26:40.363872,2023-11-15 13:26:40.658299,0 days 00:00:00.294427,0.8,10,1.25,0.8,4,98,COMPLETE
2876,2876,18458.5,2023-11-15 13:26:40.659750,2023-11-15 13:26:40.949794,0 days 00:00:00.290044,0.8,10,1.0,0.8,22,100,COMPLETE
2877,2877,18400.25,2023-11-15 13:26:40.951248,2023-11-15 13:26:41.247395,0 days 00:00:00.296147,0.8,10,1.25,0.6,17,97,COMPLETE
2878,2878,18030.0,2023-11-15 13:26:41.249018,2023-11-15 13:26:41.565094,0 days 00:00:00.316076,0.8,20,1.25,0.7000000000000001,12,94,COMPLETE
2879,2879,18681.25,2023-11-15 13:26:41.566797,2023-11-15 13:26:41.858361,0 days 00:00:00.291564,0.8,10,1.25,0.8,19,99,COMPLETE
2880,2880,14938.0,2023-11-15 13:26:41.859795,2023-11-15 13:26:42.186935,0 days 00:00:00.327140,0.1,10,1.0,0.9,15,96,COMPLETE
2881,2881,18488.5,2023-11-15 13:26:42.188739,2023-11-15 13:26:42.482517,0 days 00:00:00.293778,0.7000000000000001,10,1.25,0.8,8,100,COMPLETE
2882,2882,17838.5,2023-11-15 13:26:42.484020,2023-11-15 13:26:42.781363,0 days 00:00:00.297343,0.8,10,1.5,0.8,5,91,COMPLETE
2883,2883,18023.5,2023-11-15 13:26:42.782879,2023-11-15 13:26:43.080041,0 days 00:00:00.297162,0.8,10,1.25,0.8,11,98,COMPLETE
2884,2884,18023.5,2023-11-15 13:26:43.081471,2023-11-15 13:26:43.371598,0 days 00:00:00.290127,0.8,10,1.25,0.8,2,98,COMPLETE
2885,2885,17833.5,2023-11-15 13:26:43.374007,2023-11-15 13:26:43.665745,0 days 00:00:00.291738,0.8,10,1.75,0.8,17,95,COMPLETE
2886,2886,18493.0,2023-11-15 13:26:43.667114,2023-11-15 13:26:43.958824,0 days 00:00:00.291710,0.9,10,1.25,0.8,14,99,COMPLETE
2887,2887,18037.25,2023-11-15 13:26:43.960370,2023-11-15 13:26:44.260341,0 days 00:00:00.299971,0.8,10,1.25,0.8,64,97,COMPLETE
2888,2888,18013.5,2023-11-15 13:26:44.261779,2023-11-15 13:26:44.556478,0 days 00:00:00.294699,0.8,20,1.25,0.8,20,100,COMPLETE
2889,2889,18379.75,2023-11-15 13:26:44.558052,2023-11-15 13:26:44.852063,0 days 00:00:00.294011,0.8,10,1.0,0.8,24,96,COMPLETE
2890,2890,17766.0,2023-11-15 13:26:44.853498,2023-11-15 13:26:45.178034,0 days 00:00:00.324536,0.8,10,1.5,0.9,96,100,COMPLETE
2891,2891,18207.75,2023-11-15 13:26:45.179458,2023-11-15 13:26:45.474170,0 days 00:00:00.294712,0.8,10,1.25,0.8,9,93,COMPLETE
