,number,value,datetime_start,datetime_complete,duration,params_alpha,params_decay_interval,params_decay_rate,params_gamma,params_initialization,params_max_steps,state
1195,1195,15302.5,2023-11-15 10:44:09.368026,2023-11-15 10:44:09.551235,0 days 00:00:00.183209,0.2,70,0.75,0.9,4,145,COMPLETE
1196,1196,19043.0,2023-11-15 10:44:09.552542,2023-11-15 10:44:09.710906,0 days 00:00:00.158364,0.2,10,0.75,0.8,2,142,COMPLETE
1197,1197,19261.0,2023-11-15 10:44:09.711988,2023-11-15 10:44:09.867928,0 days 00:00:00.155940,0.2,10,0.75,0.9,0,147,COMPLETE
1198,1198,18394.75,2023-11-15 10:44:09.869109,2023-11-15 10:44:10.034871,0 days 00:00:00.165762,0.2,20,0.75,0.9,4,140,COMPLETE
1199,1199,19163.5,2023-11-15 10:44:10.036081,2023-11-15 10:44:10.190384,0 days 00:00:00.154303,0.1,10,0.75,0.9,2,144,COMPLETE
1200,1200,19171.0,2023-11-15 10:44:10.191659,2023-11-15 10:44:10.352166,0 days 00:00:00.160507,0.2,10,0.5,0.9,6,148,COMPLETE
1201,1201,19359.75,2023-11-15 10:44:10.353289,2023-11-15 10:44:10.509444,0 days 00:00:00.156155,0.2,10,0.75,0.9,0,145,COMPLETE
1202,1202,18973.0,2023-11-15 10:44:10.511066,2023-11-15 10:44:10.669459,0 days 00:00:00.158393,0.2,10,0.75,0.9,2,141,COMPLETE
1203,1203,19066.0,2023-11-15 10:44:10.670572,2023-11-15 10:44:10.827979,0 days 00:00:00.157407,0.2,10,0.75,0.9,0,134,COMPLETE
1204,1204,18985.25,2023-11-15 10:44:10.829197,2023-11-15 10:44:10.992075,0 days 00:00:00.162878,0.30000000000000004,10,0.75,0.9,10,138,COMPLETE
1205,1205,17732.0,2023-11-15 10:44:10.993714,2023-11-15 10:44:11.164651,0 days 00:00:00.170937,0.2,10,0.75,0.8,27,145,COMPLETE
1206,1206,18992.75,2023-11-15 10:44:11.165759,2023-11-15 10:44:11.334853,0 days 00:00:00.169094,0.2,10,0.75,0.9,4,143,COMPLETE
1207,1207,19082.5,2023-11-15 10:44:11.335920,2023-11-15 10:44:11.489510,0 days 00:00:00.153590,0.1,10,0.75,0.9,2,150,COMPLETE
1208,1208,18414.75,2023-11-15 10:44:11.490574,2023-11-15 10:44:11.655847,0 days 00:00:00.165273,0.2,20,0.75,0.9,0,146,COMPLETE
1209,1209,19093.75,2023-11-15 10:44:11.656951,2023-11-15 10:44:11.821533,0 days 00:00:00.164582,0.2,10,0.75,0.9,6,142,COMPLETE
1210,1210,19261.0,2023-11-15 10:44:11.822649,2023-11-15 10:44:11.981111,0 days 00:00:00.158462,0.2,10,0.75,0.9,3,147,COMPLETE
1211,1211,18985.25,2023-11-15 10:44:11.982311,2023-11-15 10:44:12.141322,0 days 00:00:00.159011,0.2,10,0.75,0.9,8,138,COMPLETE
1212,1212,18780.5,2023-11-15 10:44:12.143303,2023-11-15 10:44:12.316708,0 days 00:00:00.173405,0.1,10,0.75,0.9,30,145,COMPLETE
1213,1213,19271.0,2023-11-15 10:44:12.317788,2023-11-15 10:44:12.473593,0 days 00:00:00.155805,0.2,10,0.75,0.9,0,148,COMPLETE
1214,1214,19093.75,2023-11-15 10:44:12.474742,2023-11-15 10:44:12.640438,0 days 00:00:00.165696,0.2,10,0.75,0.9,5,142,COMPLETE
1215,1215,18316.0,2023-11-15 10:44:12.642479,2023-11-15 10:44:12.829840,0 days 00:00:00.187361,0.1,20,0.75,0.9,2,150,COMPLETE
1216,1216,18405.25,2023-11-15 10:44:12.830987,2023-11-15 10:44:13.135981,0 days 00:00:00.304994,0.2,10,0.75,0.8,4,136,COMPLETE
1217,1217,17277.25,2023-11-15 10:44:13.137177,2023-11-15 10:44:13.309680,0 days 00:00:00.172503,0.30000000000000004,10,0.75,0.9,0,22,COMPLETE
1218,1218,15787.25,2023-11-15 10:44:13.311413,2023-11-15 10:44:13.518777,0 days 00:00:00.207364,0.2,10,0.25,0.9,2,29,COMPLETE
1219,1219,19313.25,2023-11-15 10:44:13.520106,2023-11-15 10:44:13.685814,0 days 00:00:00.165708,0.2,10,0.75,0.9,3,145,COMPLETE
1220,1220,19171.5,2023-11-15 10:44:13.686985,2023-11-15 10:44:13.852489,0 days 00:00:00.165504,0.2,10,0.75,0.9,0,141,COMPLETE
1221,1221,19261.0,2023-11-15 10:44:13.853536,2023-11-15 10:44:14.008047,0 days 00:00:00.154511,0.2,10,0.75,0.9,7,147,COMPLETE
1222,1222,18970.25,2023-11-15 10:44:14.009256,2023-11-15 10:44:14.176103,0 days 00:00:00.166847,0.1,10,0.5,0.9,5,144,COMPLETE
1223,1223,19006.5,2023-11-15 10:44:14.177732,2023-11-15 10:44:14.337043,0 days 00:00:00.159311,0.2,10,0.75,0.9,2,139,COMPLETE
1224,1224,19359.75,2023-11-15 10:44:14.338357,2023-11-15 10:44:14.501101,0 days 00:00:00.162744,0.2,10,0.75,0.8,0,148,COMPLETE
1225,1225,18224.25,2023-11-15 10:44:14.502483,2023-11-15 10:44:14.663177,0 days 00:00:00.160694,0.2,20,0.75,0.8,4,150,COMPLETE
1226,1226,19271.0,2023-11-15 10:44:14.664406,2023-11-15 10:44:14.823441,0 days 00:00:00.159035,0.2,10,0.75,0.9,0,148,COMPLETE
1227,1227,15629.25,2023-11-15 10:44:14.824552,2023-11-15 10:44:15.008454,0 days 00:00:00.183902,0.2,60,0.75,0.8,2,147,COMPLETE
1228,1228,18717.75,2023-11-15 10:44:15.010177,2023-11-15 10:44:15.180699,0 days 00:00:00.170522,0.2,10,0.75,0.8,14,150,COMPLETE
1229,1229,18829.5,2023-11-15 10:44:15.181990,2023-11-15 10:44:15.350742,0 days 00:00:00.168752,0.2,10,0.75,0.8,2,145,COMPLETE
1230,1230,18846.25,2023-11-15 10:44:15.351835,2023-11-15 10:44:15.518602,0 days 00:00:00.166767,0.30000000000000004,10,0.75,0.8,5,143,COMPLETE
1231,1231,12905.75,2023-11-15 10:44:15.519645,2023-11-15 10:44:15.736573,0 days 00:00:00.216928,0.1,10,0.75,0.8,61,147,COMPLETE
1232,1232,19261.0,2023-11-15 10:44:15.737887,2023-11-15 10:44:15.900373,0 days 00:00:00.162486,0.2,10,0.75,0.8,0,150,COMPLETE
1233,1233,18974.5,2023-11-15 10:44:15.901447,2023-11-15 10:44:16.064145,0 days 00:00:00.162698,0.2,10,0.75,0.8,9,145,COMPLETE
1234,1234,18969.5,2023-11-15 10:44:16.065279,2023-11-15 10:44:16.229314,0 days 00:00:00.164035,0.1,10,0.75,0.9,42,141,COMPLETE
1235,1235,19261.0,2023-11-15 10:44:16.230476,2023-11-15 10:44:16.390563,0 days 00:00:00.160087,0.2,10,0.75,0.9,3,147,COMPLETE
1236,1236,17657.0,2023-11-15 10:44:16.391611,2023-11-15 10:44:16.559122,0 days 00:00:00.167511,0.2,10,0.75,0.9,73,143,COMPLETE
1237,1237,19262.75,2023-11-15 10:44:16.560807,2023-11-15 10:44:16.723648,0 days 00:00:00.162841,0.2,10,0.75,0.9,6,148,COMPLETE
1238,1238,19261.0,2023-11-15 10:44:16.724856,2023-11-15 10:44:16.885089,0 days 00:00:00.160233,0.1,10,0.75,0.9,0,144,COMPLETE
1239,1239,15116.25,2023-11-15 10:44:16.886284,2023-11-15 10:44:17.084168,0 days 00:00:00.197884,0.2,10,0.5,0.9,88,139,COMPLETE
1240,1240,19082.5,2023-11-15 10:44:17.085286,2023-11-15 10:44:17.245618,0 days 00:00:00.160332,0.2,10,0.75,0.9,2,150,COMPLETE
1241,1241,18499.25,2023-11-15 10:44:17.246729,2023-11-15 10:44:17.411103,0 days 00:00:00.164374,0.2,20,0.75,0.9,3,145,COMPLETE
1242,1242,19261.0,2023-11-15 10:44:17.412498,2023-11-15 10:44:17.574908,0 days 00:00:00.162410,0.2,10,0.75,0.8,0,147,COMPLETE
1243,1243,18973.0,2023-11-15 10:44:17.576390,2023-11-15 10:44:17.732548,0 days 00:00:00.156158,0.30000000000000004,10,0.75,0.9,4,141,COMPLETE
1244,1244,18894.0,2023-11-15 10:44:17.734208,2023-11-15 10:44:17.903602,0 days 00:00:00.169394,0.2,10,0.75,0.9,7,111,COMPLETE
1245,1245,18823.0,2023-11-15 10:44:17.904747,2023-11-15 10:44:18.075844,0 days 00:00:00.171097,0.1,10,0.75,0.9,2,136,COMPLETE
1246,1246,19261.0,2023-11-15 10:44:18.077364,2023-11-15 10:44:18.243888,0 days 00:00:00.166524,0.2,10,0.75,0.9,0,143,COMPLETE
1247,1247,19261.0,2023-11-15 10:44:18.245723,2023-11-15 10:44:18.405228,0 days 00:00:00.159505,0.2,10,0.75,0.9,4,147,COMPLETE
1248,1248,19164.25,2023-11-15 10:44:18.406339,2023-11-15 10:44:18.566840,0 days 00:00:00.160501,0.2,10,0.5,0.9,2,150,COMPLETE
1249,1249,18972.0,2023-11-15 10:44:18.568008,2023-11-15 10:44:18.735035,0 days 00:00:00.167027,0.2,10,0.75,0.8,6,145,COMPLETE
1250,1250,19261.0,2023-11-15 10:44:18.736098,2023-11-15 10:44:18.895158,0 days 00:00:00.159060,0.2,10,0.75,0.9,0,140,COMPLETE
1251,1251,18394.75,2023-11-15 10:44:18.896235,2023-11-15 10:44:19.061587,0 days 00:00:00.165352,0.30000000000000004,20,0.75,0.9,4,143,COMPLETE
1252,1252,19175.25,2023-11-15 10:44:19.062688,2023-11-15 10:44:19.264456,0 days 00:00:00.201768,0.1,10,0.25,0.9,2,147,COMPLETE
1253,1253,12664.25,2023-11-15 10:44:19.265634,2023-11-15 10:44:19.530378,0 days 00:00:00.264744,0.9,10,0.75,0.9,9,150,COMPLETE
1254,1254,19359.75,2023-11-15 10:44:19.531408,2023-11-15 10:44:19.693870,0 days 00:00:00.162462,0.2,10,0.75,0.9,0,145,COMPLETE
1255,1255,19049.0,2023-11-15 10:44:19.694929,2023-11-15 10:44:19.855571,0 days 00:00:00.160642,0.2,10,0.75,0.9,2,140,COMPLETE
1256,1256,18992.75,2023-11-15 10:44:19.856617,2023-11-15 10:44:20.031837,0 days 00:00:00.175220,0.2,10,0.75,0.9,5,143,COMPLETE
1257,1257,19359.75,2023-11-15 10:44:20.032878,2023-11-15 10:44:20.195231,0 days 00:00:00.162353,0.2,10,0.75,0.9,0,145,COMPLETE
1258,1258,19065.25,2023-11-15 10:44:20.196278,2023-11-15 10:44:20.354575,0 days 00:00:00.158297,0.2,10,0.75,0.9,0,137,COMPLETE
1259,1259,18487.75,2023-11-15 10:44:20.355729,2023-11-15 10:44:20.517955,0 days 00:00:00.162226,0.1,20,0.75,0.9,4,132,COMPLETE
1260,1260,19292.25,2023-11-15 10:44:20.519336,2023-11-15 10:44:20.683172,0 days 00:00:00.163836,0.2,10,0.75,0.9,2,145,COMPLETE
1261,1261,19066.25,2023-11-15 10:44:20.684305,2023-11-15 10:44:20.848824,0 days 00:00:00.164519,0.2,10,0.75,0.9,8,141,COMPLETE
1262,1262,19261.0,2023-11-15 10:44:20.849950,2023-11-15 10:44:21.022835,0 days 00:00:00.172885,0.2,10,0.75,0.9,0,144,COMPLETE
1263,1263,19261.0,2023-11-15 10:44:21.024723,2023-11-15 10:44:21.183122,0 days 00:00:00.158399,0.2,10,0.75,0.9,6,147,COMPLETE
1264,1264,18778.75,2023-11-15 10:44:21.184168,2023-11-15 10:44:21.357957,0 days 00:00:00.173789,0.2,10,0.75,0.9,23,140,COMPLETE
1265,1265,19314.5,2023-11-15 10:44:21.359349,2023-11-15 10:44:21.520659,0 days 00:00:00.161310,0.1,10,0.75,0.9,2,145,COMPLETE
1266,1266,19017.5,2023-11-15 10:44:21.521993,2023-11-15 10:44:21.687866,0 days 00:00:00.165873,0.30000000000000004,10,0.75,0.9,4,142,COMPLETE
1267,1267,19065.25,2023-11-15 10:44:21.688902,2023-11-15 10:44:21.851964,0 days 00:00:00.163062,0.2,10,0.75,0.9,0,137,COMPLETE
1268,1268,13866.25,2023-11-15 10:44:21.853173,2023-11-15 10:44:22.053759,0 days 00:00:00.200586,0.2,90,0.75,0.9,2,148,COMPLETE
1269,1269,18499.25,2023-11-15 10:44:22.055160,2023-11-15 10:44:22.220506,0 days 00:00:00.165346,0.2,20,0.75,0.9,4,145,COMPLETE
1270,1270,16268.5,2023-11-15 10:44:22.221638,2023-11-15 10:44:22.419078,0 days 00:00:00.197440,0.2,10,0.75,0.9,95,148,COMPLETE
1271,1271,19171.75,2023-11-15 10:44:22.420368,2023-11-15 10:44:22.581014,0 days 00:00:00.160646,0.1,10,0.75,0.9,0,142,COMPLETE
1272,1272,19111.25,2023-11-15 10:44:22.582093,2023-11-15 10:44:22.742289,0 days 00:00:00.160196,0.2,10,0.75,0.9,6,150,COMPLETE
1273,1273,19292.25,2023-11-15 10:44:22.743993,2023-11-15 10:44:22.909173,0 days 00:00:00.165180,0.2,10,0.75,0.9,2,145,COMPLETE
1274,1274,18765.5,2023-11-15 10:44:22.910733,2023-11-15 10:44:23.076143,0 days 00:00:00.165410,0.2,10,0.75,0.9,3,139,COMPLETE
1275,1275,19261.0,2023-11-15 10:44:23.077466,2023-11-15 10:44:23.241455,0 days 00:00:00.163989,0.2,10,0.75,0.9,0,143,COMPLETE
1276,1276,19169.25,2023-11-15 10:44:23.243202,2023-11-15 10:44:23.406421,0 days 00:00:00.163219,0.30000000000000004,10,0.75,0.8,11,147,COMPLETE
1277,1277,17938.5,2023-11-15 10:44:23.407481,2023-11-15 10:44:23.586104,0 days 00:00:00.178623,0.1,20,0.75,0.9,2,134,COMPLETE
1278,1278,19261.0,2023-11-15 10:44:23.587311,2023-11-15 10:44:23.743802,0 days 00:00:00.156491,0.2,10,0.75,0.9,7,147,COMPLETE
1279,1279,18872.5,2023-11-15 10:44:23.745694,2023-11-15 10:44:23.914440,0 days 00:00:00.168746,0.2,10,0.75,0.9,49,141,COMPLETE
1280,1280,19164.25,2023-11-15 10:44:23.915494,2023-11-15 10:44:24.080465,0 days 00:00:00.164971,0.2,10,0.5,0.9,4,150,COMPLETE
1281,1281,19359.75,2023-11-15 10:44:24.081579,2023-11-15 10:44:24.236864,0 days 00:00:00.155285,0.1,10,0.75,0.9,0,145,COMPLETE
1282,1282,19197.5,2023-11-15 10:44:24.238211,2023-11-15 10:44:24.402710,0 days 00:00:00.164499,0.1,10,0.75,0.9,0,143,COMPLETE
1283,1283,18818.25,2023-11-15 10:44:24.404115,2023-11-15 10:44:24.575271,0 days 00:00:00.171156,0.1,10,0.75,0.9,5,139,COMPLETE
1284,1284,19314.5,2023-11-15 10:44:24.576726,2023-11-15 10:44:24.738041,0 days 00:00:00.161315,0.1,10,0.75,0.9,2,145,COMPLETE
1285,1285,19051.5,2023-11-15 10:44:24.739225,2023-11-15 10:44:24.907680,0 days 00:00:00.168455,0.1,10,0.75,0.9,2,142,COMPLETE
1286,1286,18079.0,2023-11-15 10:44:24.908891,2023-11-15 10:44:25.077535,0 days 00:00:00.168644,0.1,10,0.75,0.9,8,136,COMPLETE
1287,1287,18584.75,2023-11-15 10:44:25.078948,2023-11-15 10:44:25.240849,0 days 00:00:00.161901,0.1,20,0.75,0.9,0,147,COMPLETE
1288,1288,19350.75,2023-11-15 10:44:25.242087,2023-11-15 10:44:25.407859,0 days 00:00:00.165772,0.1,10,0.75,0.9,4,145,COMPLETE
1289,1289,18918.0,2023-11-15 10:44:25.409202,2023-11-15 10:44:25.579973,0 days 00:00:00.170771,0.1,10,0.75,0.9,2,139,COMPLETE
1290,1290,17749.5,2023-11-15 10:44:25.581191,2023-11-15 10:44:25.745024,0 days 00:00:00.163833,0.1,30,0.75,0.9,6,147,COMPLETE
1291,1291,19197.5,2023-11-15 10:44:25.746301,2023-11-15 10:44:25.914158,0 days 00:00:00.167857,0.1,10,0.75,0.9,0,143,COMPLETE
1292,1292,19192.0,2023-11-15 10:44:25.915336,2023-11-15 10:44:26.079749,0 days 00:00:00.164413,0.1,10,0.75,0.9,4,148,COMPLETE
1293,1293,19082.5,2023-11-15 10:44:26.081143,2023-11-15 10:44:26.245826,0 days 00:00:00.164683,0.1,10,0.75,0.9,2,150,COMPLETE
1294,1294,19359.75,2023-11-15 10:44:26.246926,2023-11-15 10:44:26.404216,0 days 00:00:00.157290,0.1,10,0.75,0.9,0,145,COMPLETE
1295,1295,18969.5,2023-11-15 10:44:26.405260,2023-11-15 10:44:26.607626,0 days 00:00:00.202366,0.1,10,0.75,0.8,4,141,COMPLETE
1296,1296,18013.75,2023-11-15 10:44:26.608969,2023-11-15 10:44:26.780292,0 days 00:00:00.171323,0.1,20,0.75,0.9,2,144,COMPLETE
1297,1297,19161.25,2023-11-15 10:44:26.782290,2023-11-15 10:44:26.940125,0 days 00:00:00.157835,0.1,10,0.75,0.9,6,137,COMPLETE
1298,1298,19261.0,2023-11-15 10:44:26.941241,2023-11-15 10:44:27.110682,0 days 00:00:00.169441,0.1,10,0.75,0.9,0,147,COMPLETE
1299,1299,19066.75,2023-11-15 10:44:27.112133,2023-11-15 10:44:27.318191,0 days 00:00:00.206058,0.1,10,0.75,0.9,10,142,COMPLETE
1300,1300,19106.5,2023-11-15 10:44:27.320124,2023-11-15 10:44:27.504596,0 days 00:00:00.184472,0.1,10,0.75,0.9,3,150,COMPLETE
1301,1301,19268.25,2023-11-15 10:44:27.506009,2023-11-15 10:44:27.713907,0 days 00:00:00.207898,0.1,10,0.5,0.9,2,145,COMPLETE
1302,1302,11098.5,2023-11-15 10:44:27.715330,2023-11-15 10:44:27.987475,0 days 00:00:00.272145,0.1,10,0.75,0.9,70,139,COMPLETE
1303,1303,19261.0,2023-11-15 10:44:27.988645,2023-11-15 10:44:28.181333,0 days 00:00:00.192688,0.1,10,0.75,0.8,0,147,COMPLETE
1304,1304,19051.5,2023-11-15 10:44:28.183069,2023-11-15 10:44:28.378207,0 days 00:00:00.195138,0.1,10,0.75,0.9,5,142,COMPLETE
1305,1305,18398.5,2023-11-15 10:44:28.379822,2023-11-15 10:44:28.577030,0 days 00:00:00.197208,0.2,20,0.75,0.9,7,145,COMPLETE
1306,1306,19164.25,2023-11-15 10:44:28.578536,2023-11-15 10:44:28.748673,0 days 00:00:00.170137,0.2,10,0.5,0.9,3,150,COMPLETE
1307,1307,19261.0,2023-11-15 10:44:28.749857,2023-11-15 10:44:28.918635,0 days 00:00:00.168778,0.2,10,0.75,0.9,0,140,COMPLETE
1308,1308,19166.0,2023-11-15 10:44:28.919679,2023-11-15 10:44:29.088767,0 days 00:00:00.169088,0.1,10,0.75,0.9,2,143,COMPLETE
1309,1309,19136.5,2023-11-15 10:44:29.090994,2023-11-15 10:44:29.256871,0 days 00:00:00.165877,0.2,10,0.75,0.9,4,148,COMPLETE
1310,1310,15215.5,2023-11-15 10:44:29.258531,2023-11-15 10:44:29.453631,0 days 00:00:00.195100,0.30000000000000004,70,0.75,0.9,8,145,COMPLETE
1311,1311,13106.25,2023-11-15 10:44:29.454962,2023-11-15 10:44:29.674402,0 days 00:00:00.219440,0.2,10,0.75,0.9,55,147,COMPLETE
1312,1312,18923.0,2023-11-15 10:44:29.675965,2023-11-15 10:44:29.842369,0 days 00:00:00.166404,0.2,10,0.75,0.9,0,135,COMPLETE
1313,1313,19043.0,2023-11-15 10:44:29.844155,2023-11-15 10:44:30.017521,0 days 00:00:00.173366,0.2,10,0.75,0.8,2,142,COMPLETE
1314,1314,18942.0,2023-11-15 10:44:30.018701,2023-11-15 10:44:30.182945,0 days 00:00:00.164244,0.1,10,0.5,0.9,5,138,COMPLETE
1315,1315,19292.25,2023-11-15 10:44:30.184083,2023-11-15 10:44:30.352460,0 days 00:00:00.168377,0.2,10,0.75,0.9,2,145,COMPLETE
1316,1316,19163.75,2023-11-15 10:44:30.353774,2023-11-15 10:44:30.518362,0 days 00:00:00.164588,0.2,10,0.75,0.9,0,150,COMPLETE
1317,1317,18973.0,2023-11-15 10:44:30.519593,2023-11-15 10:44:30.686021,0 days 00:00:00.166428,0.2,10,0.75,0.9,4,141,COMPLETE
1318,1318,18584.75,2023-11-15 10:44:30.687263,2023-11-15 10:44:30.850069,0 days 00:00:00.162806,0.2,20,0.75,0.9,13,147,COMPLETE
1319,1319,16229.25,2023-11-15 10:44:30.851191,2023-11-15 10:44:31.039897,0 days 00:00:00.188706,0.1,40,0.75,0.8,2,144,COMPLETE
1320,1320,19262.75,2023-11-15 10:44:31.041174,2023-11-15 10:44:31.209114,0 days 00:00:00.167940,0.2,10,0.75,0.9,6,148,COMPLETE
1321,1321,16147.0,2023-11-15 10:44:31.210904,2023-11-15 10:44:31.390677,0 days 00:00:00.179773,0.2,50,0.75,0.9,0,143,COMPLETE
1322,1322,18838.0,2023-11-15 10:44:31.392656,2023-11-15 10:44:31.564008,0 days 00:00:00.171352,0.1,10,0.75,0.9,4,139,COMPLETE
1323,1323,19082.5,2023-11-15 10:44:31.565107,2023-11-15 10:44:31.731110,0 days 00:00:00.166003,0.2,10,0.75,0.9,2,150,COMPLETE
1324,1324,19147.0,2023-11-15 10:44:31.732372,2023-11-15 10:44:31.896823,0 days 00:00:00.164451,0.30000000000000004,10,0.75,0.9,7,145,COMPLETE
1325,1325,19261.0,2023-11-15 10:44:31.898197,2023-11-15 10:44:32.063719,0 days 00:00:00.165522,0.2,10,0.5,0.9,0,147,COMPLETE
1326,1326,18394.75,2023-11-15 10:44:32.064834,2023-11-15 10:44:32.237393,0 days 00:00:00.172559,0.2,20,0.75,0.9,4,141,COMPLETE
1327,1327,19292.25,2023-11-15 10:44:32.238592,2023-11-15 10:44:32.404234,0 days 00:00:00.165642,0.2,10,0.75,0.9,2,145,COMPLETE
1328,1328,18783.75,2023-11-15 10:44:32.405361,2023-11-15 10:44:32.575257,0 days 00:00:00.169896,0.2,10,0.75,0.9,9,150,COMPLETE
1329,1329,18977.75,2023-11-15 10:44:32.577650,2023-11-15 10:44:32.781640,0 days 00:00:00.203990,0.30000000000000004,10,0.5,0.8,0,143,COMPLETE
1330,1330,18985.25,2023-11-15 10:44:32.782934,2023-11-15 10:44:32.951333,0 days 00:00:00.168399,0.1,10,0.75,0.9,4,138,COMPLETE
1331,1331,18377.25,2023-11-15 10:44:32.952605,2023-11-15 10:44:33.137953,0 days 00:00:00.185348,0.2,10,0.25,0.9,65,148,COMPLETE
1332,1332,19262.25,2023-11-15 10:44:33.139065,2023-11-15 10:44:33.300736,0 days 00:00:00.161671,0.2,10,0.75,0.9,6,145,COMPLETE
1333,1333,18973.0,2023-11-15 10:44:33.301952,2023-11-15 10:44:33.465948,0 days 00:00:00.163996,0.2,10,0.75,0.9,2,141,COMPLETE
1334,1334,19261.0,2023-11-15 10:44:33.467047,2023-11-15 10:44:33.637298,0 days 00:00:00.170251,0.1,10,0.75,0.9,0,147,COMPLETE
1335,1335,12620.25,2023-11-15 10:44:33.638424,2023-11-15 10:44:33.846531,0 days 00:00:00.208107,0.2,100,0.75,0.8,3,133,COMPLETE
1336,1336,18992.75,2023-11-15 10:44:33.847833,2023-11-15 10:44:34.016039,0 days 00:00:00.168206,0.2,10,0.75,0.9,2,143,COMPLETE
1337,1337,18584.75,2023-11-15 10:44:34.017135,2023-11-15 10:44:34.187754,0 days 00:00:00.170619,0.1,20,0.75,0.9,5,147,COMPLETE
1338,1338,19163.75,2023-11-15 10:44:34.188997,2023-11-15 10:44:34.355179,0 days 00:00:00.166182,0.2,10,0.75,0.9,0,150,COMPLETE
1339,1339,19066.0,2023-11-15 10:44:34.356309,2023-11-15 10:44:34.522236,0 days 00:00:00.165927,0.2,10,0.5,0.9,2,136,COMPLETE
1340,1340,19066.25,2023-11-15 10:44:34.523469,2023-11-15 10:44:34.696750,0 days 00:00:00.173281,0.2,10,0.75,0.9,4,140,COMPLETE
1341,1341,19261.0,2023-11-15 10:44:34.697875,2023-11-15 10:44:34.860476,0 days 00:00:00.162601,0.2,10,0.75,0.9,0,144,COMPLETE
1342,1342,19261.0,2023-11-15 10:44:34.861866,2023-11-15 10:44:35.026254,0 days 00:00:00.164388,0.2,10,0.75,0.9,7,147,COMPLETE
1343,1343,19051.5,2023-11-15 10:44:35.029106,2023-11-15 10:44:35.200055,0 days 00:00:00.170949,0.1,10,0.75,0.9,2,142,COMPLETE
1344,1344,18897.75,2023-11-15 10:44:35.201352,2023-11-15 10:44:35.376354,0 days 00:00:00.175002,0.2,10,0.75,0.8,4,145,COMPLETE
1345,1345,19163.75,2023-11-15 10:44:35.378011,2023-11-15 10:44:35.543734,0 days 00:00:00.165723,0.30000000000000004,10,0.75,0.9,0,150,COMPLETE
1346,1346,18867.0,2023-11-15 10:44:35.545338,2023-11-15 10:44:35.716364,0 days 00:00:00.171026,0.2,10,0.75,0.9,10,139,COMPLETE
1347,1347,19261.0,2023-11-15 10:44:35.717518,2023-11-15 10:44:35.880755,0 days 00:00:00.163237,0.1,10,0.75,0.9,2,147,COMPLETE
1348,1348,18992.75,2023-11-15 10:44:35.882046,2023-11-15 10:44:36.055722,0 days 00:00:00.173676,0.2,10,0.75,0.9,6,143,COMPLETE
1349,1349,16606.0,2023-11-15 10:44:36.056826,2023-11-15 10:44:36.314612,0 days 00:00:00.257786,0.8,10,0.5,0.9,3,145,COMPLETE
1350,1350,19171.5,2023-11-15 10:44:36.315817,2023-11-15 10:44:36.478497,0 days 00:00:00.162680,0.2,10,0.75,0.9,0,141,COMPLETE
1351,1351,18767.25,2023-11-15 10:44:36.479677,2023-11-15 10:44:36.667256,0 days 00:00:00.187579,0.2,10,0.25,0.9,5,147,COMPLETE
1352,1352,18245.0,2023-11-15 10:44:36.668380,2023-11-15 10:44:36.842166,0 days 00:00:00.173786,0.1,20,0.75,0.8,8,150,COMPLETE
1353,1353,18981.0,2023-11-15 10:44:36.843937,2023-11-15 10:44:37.012433,0 days 00:00:00.168496,0.2,10,0.75,0.9,2,138,COMPLETE
1354,1354,19261.0,2023-11-15 10:44:37.013588,2023-11-15 10:44:37.182781,0 days 00:00:00.169193,0.2,10,0.75,0.9,0,143,COMPLETE
1355,1355,19359.75,2023-11-15 10:44:37.183942,2023-11-15 10:44:37.350663,0 days 00:00:00.166721,0.2,10,0.75,0.9,4,145,COMPLETE
1356,1356,19261.0,2023-11-15 10:44:37.351889,2023-11-15 10:44:37.513275,0 days 00:00:00.161386,0.30000000000000004,10,0.75,0.9,2,147,COMPLETE
1357,1357,19171.5,2023-11-15 10:44:37.514741,2023-11-15 10:44:37.683590,0 days 00:00:00.168849,0.2,10,0.75,0.9,0,141,COMPLETE
1358,1358,19071.5,2023-11-15 10:44:37.684823,2023-11-15 10:44:37.853568,0 days 00:00:00.168745,0.1,10,0.5,0.9,4,150,COMPLETE
1359,1359,18165.0,2023-11-15 10:44:37.855317,2023-11-15 10:44:38.028127,0 days 00:00:00.172810,0.2,10,0.75,0.9,18,136,COMPLETE
1360,1360,18306.25,2023-11-15 10:44:38.029409,2023-11-15 10:44:38.207125,0 days 00:00:00.177716,0.2,20,0.75,0.8,6,145,COMPLETE
1361,1361,15513.0,2023-11-15 10:44:38.208235,2023-11-15 10:44:38.394316,0 days 00:00:00.186081,0.2,60,0.75,0.9,2,143,COMPLETE
1362,1362,19261.0,2023-11-15 10:44:38.395653,2023-11-15 10:44:38.567224,0 days 00:00:00.171571,0.1,10,0.75,0.9,0,147,COMPLETE
1363,1363,19003.25,2023-11-15 10:44:38.568298,2023-11-15 10:44:38.738334,0 days 00:00:00.170036,0.2,10,0.75,0.9,39,140,COMPLETE
1364,1364,19201.25,2023-11-15 10:44:38.739478,2023-11-15 10:44:38.912770,0 days 00:00:00.173292,0.2,10,0.75,0.9,2,148,COMPLETE
1365,1365,14114.5,2023-11-15 10:44:38.913854,2023-11-15 10:44:39.117123,0 days 00:00:00.203269,0.2,80,0.75,0.9,5,143,COMPLETE
