,number,value,datetime_start,datetime_complete,duration,params_alpha,params_decay_interval,params_decay_rate,params_gamma,params_initialization,params_max_steps,state
6275,6275,18486.25,2023-11-15 13:51:01.551019,2023-11-15 13:51:02.093432,0 days 00:00:00.542413,0.8,10,1.25,0.8,4,94,COMPLETE
6276,6276,18211.75,2023-11-15 13:51:02.095509,2023-11-15 13:51:02.639142,0 days 00:00:00.543633,0.8,10,1.5,0.7000000000000001,16,100,COMPLETE
6277,6277,18218.0,2023-11-15 13:51:02.642141,2023-11-15 13:51:03.212925,0 days 00:00:00.570784,0.8,10,1.25,0.8,40,97,COMPLETE
6278,6278,18310.75,2023-11-15 13:51:03.215067,2023-11-15 13:51:03.758233,0 days 00:00:00.543166,0.8,10,1.25,0.8,7,92,COMPLETE
6279,6279,18494.5,2023-11-15 13:51:03.760490,2023-11-15 13:51:04.297922,0 days 00:00:00.537432,0.9,10,1.25,0.8,1,99,COMPLETE
6280,6280,18394.5,2023-11-15 13:51:04.300080,2023-11-15 13:51:04.838525,0 days 00:00:00.538445,0.8,10,1.25,0.8,13,96,COMPLETE
6281,6281,8629.5,2023-11-15 13:51:04.841260,2023-11-15 13:51:05.396708,0 days 00:00:00.555448,0.2,20,1.0,0.8,18,26,COMPLETE
6282,6282,18398.25,2023-11-15 13:51:05.399021,2023-11-15 13:51:05.937498,0 days 00:00:00.538477,0.8,10,1.25,0.8,9,100,COMPLETE
6283,6283,18026.5,2023-11-15 13:51:05.939765,2023-11-15 13:51:06.483687,0 days 00:00:00.543922,0.8,10,1.5,0.7000000000000001,20,98,COMPLETE
6284,6284,18218.0,2023-11-15 13:51:06.485841,2023-11-15 13:51:07.046251,0 days 00:00:00.560410,0.8,10,1.25,0.8,49,97,COMPLETE
6285,6285,18112.5,2023-11-15 13:51:07.048462,2023-11-15 13:51:07.584472,0 days 00:00:00.536010,0.8,10,1.25,0.8,15,95,COMPLETE
6286,6286,18398.25,2023-11-15 13:51:07.586757,2023-11-15 13:51:08.134304,0 days 00:00:00.547547,0.7000000000000001,10,1.25,0.9,2,99,COMPLETE
6287,6287,18013.5,2023-11-15 13:51:08.136529,2023-11-15 13:51:08.673032,0 days 00:00:00.536503,0.8,20,1.25,0.8,11,100,COMPLETE
6288,6288,18323.25,2023-11-15 13:51:08.675496,2023-11-15 13:51:09.215174,0 days 00:00:00.539678,0.8,10,1.0,0.8,5,97,COMPLETE
6289,6289,18410.75,2023-11-15 13:51:09.217255,2023-11-15 13:51:09.756184,0 days 00:00:00.538929,0.8,10,1.25,0.8,17,94,COMPLETE
6290,6290,18212.75,2023-11-15 13:51:09.758482,2023-11-15 13:51:10.307926,0 days 00:00:00.549444,0.8,10,1.5,0.8,28,98,COMPLETE
6291,6291,18492.5,2023-11-15 13:51:10.310256,2023-11-15 13:51:10.846109,0 days 00:00:00.535853,0.8,10,1.25,0.8,19,100,COMPLETE
6292,6292,18300.75,2023-11-15 13:51:10.848338,2023-11-15 13:51:11.391799,0 days 00:00:00.543461,0.8,10,1.25,0.9,22,96,COMPLETE
6293,6293,18209.5,2023-11-15 13:51:11.393917,2023-11-15 13:51:11.929554,0 days 00:00:00.535637,0.9,10,1.25,0.8,13,98,COMPLETE
6294,6294,18492.5,2023-11-15 13:51:11.931686,2023-11-15 13:51:12.472813,0 days 00:00:00.541127,0.8,10,1.25,0.8,16,100,COMPLETE
6295,6295,18394.5,2023-11-15 13:51:12.475371,2023-11-15 13:51:13.011488,0 days 00:00:00.536117,0.8,10,1.25,0.8,7,96,COMPLETE
6296,6296,17782.5,2023-11-15 13:51:13.013671,2023-11-15 13:51:13.575276,0 days 00:00:00.561605,0.8,20,1.0,0.8,4,98,COMPLETE
6297,6297,18490.25,2023-11-15 13:51:13.577451,2023-11-15 13:51:14.126249,0 days 00:00:00.548798,0.8,10,1.25,0.7000000000000001,10,94,COMPLETE
6298,6298,199.5,2023-11-15 13:51:14.128375,2023-11-15 13:51:14.917926,0 days 00:00:00.789551,0.8,10,1.5,0.8,0,98,COMPLETE
6299,6299,18492.5,2023-11-15 13:51:14.920222,2023-11-15 13:51:15.457448,0 days 00:00:00.537226,0.8,10,1.25,0.8,15,100,COMPLETE
6300,6300,16732.5,2023-11-15 13:51:15.460505,2023-11-15 13:51:16.010883,0 days 00:00:00.550378,0.8,10,1.75,0.8,23,64,COMPLETE
6301,6301,17932.75,2023-11-15 13:51:16.013048,2023-11-15 13:51:16.559075,0 days 00:00:00.546027,0.7000000000000001,10,1.25,0.8,19,96,COMPLETE
6302,6302,18212.75,2023-11-15 13:51:16.561345,2023-11-15 13:51:17.103577,0 days 00:00:00.542232,0.8,10,1.5,0.9,12,98,COMPLETE
6303,6303,17655.25,2023-11-15 13:51:17.106295,2023-11-15 13:51:17.657354,0 days 00:00:00.551059,0.8,10,1.25,0.8,3,91,COMPLETE
6304,6304,18399.0,2023-11-15 13:51:17.659635,2023-11-15 13:51:18.227664,0 days 00:00:00.568029,0.8,10,1.25,0.8,17,100,COMPLETE
6305,6305,17459.75,2023-11-15 13:51:18.229822,2023-11-15 13:51:18.775871,0 days 00:00:00.546049,0.8,20,1.0,0.8,9,81,COMPLETE
6306,6306,18209.25,2023-11-15 13:51:18.778019,2023-11-15 13:51:19.317387,0 days 00:00:00.539368,0.9,10,1.25,0.8,7,96,COMPLETE
6307,6307,18023.5,2023-11-15 13:51:19.319536,2023-11-15 13:51:19.866106,0 days 00:00:00.546570,0.8,10,1.25,0.8,14,98,COMPLETE
6308,6308,17837.25,2023-11-15 13:51:19.868272,2023-11-15 13:51:20.411765,0 days 00:00:00.543493,0.8,10,1.25,0.8,20,95,COMPLETE
6309,6309,18034.75,2023-11-15 13:51:20.414324,2023-11-15 13:51:20.958813,0 days 00:00:00.544489,0.8,10,1.25,0.5,17,100,COMPLETE
6310,6310,18029.0,2023-11-15 13:51:20.960977,2023-11-15 13:51:21.552913,0 days 00:00:00.591936,0.5,10,1.25,0.8,21,97,COMPLETE
6311,6311,18322.0,2023-11-15 13:51:21.555162,2023-11-15 13:51:22.105032,0 days 00:00:00.549870,0.8,10,1.0,0.8,15,99,COMPLETE
6312,6312,18301.75,2023-11-15 13:51:22.107789,2023-11-15 13:51:22.651996,0 days 00:00:00.544207,0.8,10,1.25,0.9,11,93,COMPLETE
6313,6313,4476.0,2023-11-15 13:51:22.654217,2023-11-15 13:51:23.231479,0 days 00:00:00.577262,0.1,20,1.5,0.7000000000000001,18,32,COMPLETE
6314,6314,18023.5,2023-11-15 13:51:23.233626,2023-11-15 13:51:23.778855,0 days 00:00:00.545229,0.8,10,1.25,0.8,26,98,COMPLETE
6315,6315,18492.5,2023-11-15 13:51:23.780975,2023-11-15 13:51:24.312373,0 days 00:00:00.531398,0.8,10,1.25,0.8,4,100,COMPLETE
6316,6316,18301.75,2023-11-15 13:51:24.314609,2023-11-15 13:51:24.870890,0 days 00:00:00.556281,0.8,10,1.25,0.8,24,96,COMPLETE
6317,6317,18211.25,2023-11-15 13:51:24.873485,2023-11-15 13:51:25.415693,0 days 00:00:00.542208,0.7000000000000001,10,1.25,0.8,31,98,COMPLETE
6318,6318,18193.25,2023-11-15 13:51:25.417965,2023-11-15 13:51:25.963957,0 days 00:00:00.545992,0.8,10,1.0,0.6,13,94,COMPLETE
6319,6319,18398.0,2023-11-15 13:51:25.966160,2023-11-15 13:51:26.512107,0 days 00:00:00.545947,0.8,10,2.0,0.8,8,100,COMPLETE
6320,6320,18400.5,2023-11-15 13:51:26.514310,2023-11-15 13:51:27.055808,0 days 00:00:00.541498,0.8,10,1.5,0.7000000000000001,6,97,COMPLETE
6321,6321,13850.5,2023-11-15 13:51:27.058531,2023-11-15 13:51:27.599024,0 days 00:00:00.540493,0.8,10,1.25,0.8,16,28,COMPLETE
6322,6322,18023.5,2023-11-15 13:51:27.601262,2023-11-15 13:51:28.166171,0 days 00:00:00.564909,0.8,10,1.25,0.8,2,98,COMPLETE
6323,6323,16453.5,2023-11-15 13:51:28.168348,2023-11-15 13:51:28.714472,0 days 00:00:00.546124,0.9,20,1.25,0.8,21,57,COMPLETE
6324,6324,17649.5,2023-11-15 13:51:28.716722,2023-11-15 13:51:29.256792,0 days 00:00:00.540070,0.8,10,2.25,0.8,18,95,COMPLETE
6325,6325,18495.25,2023-11-15 13:51:29.259062,2023-11-15 13:51:29.798228,0 days 00:00:00.539166,0.7000000000000001,10,1.25,0.9,14,100,COMPLETE
6326,6326,18218.0,2023-11-15 13:51:29.800305,2023-11-15 13:51:30.344461,0 days 00:00:00.544156,0.8,10,1.25,0.8,10,97,COMPLETE
6327,6327,16195.25,2023-11-15 13:51:30.346756,2023-11-15 13:51:30.901230,0 days 00:00:00.554474,0.8,50,1.25,0.8,5,99,COMPLETE
6328,6328,18432.0,2023-11-15 13:51:30.903430,2023-11-15 13:51:31.448006,0 days 00:00:00.544576,0.8,10,1.0,0.8,19,96,COMPLETE
6329,6329,18305.25,2023-11-15 13:51:31.450232,2023-11-15 13:51:32.017686,0 days 00:00:00.567454,0.8,10,1.5,0.8,12,98,COMPLETE
6330,6330,18492.5,2023-11-15 13:51:32.019927,2023-11-15 13:51:32.562491,0 days 00:00:00.542564,0.8,10,1.25,0.8,16,100,COMPLETE
6331,6331,18112.5,2023-11-15 13:51:32.564826,2023-11-15 13:51:33.100572,0 days 00:00:00.535746,0.8,10,1.25,0.8,23,95,COMPLETE
6332,6332,18265.25,2023-11-15 13:51:33.102762,2023-11-15 13:51:33.647178,0 days 00:00:00.544416,0.8,10,1.25,0.9,2,98,COMPLETE
6333,6333,199.5,2023-11-15 13:51:33.649407,2023-11-15 13:51:34.455306,0 days 00:00:00.805899,0.8,10,1.75,0.8,0,100,COMPLETE
6334,6334,18396.25,2023-11-15 13:51:34.457797,2023-11-15 13:51:35.000378,0 days 00:00:00.542581,0.8,10,1.5,0.8,8,92,COMPLETE
6335,6335,18030.5,2023-11-15 13:51:35.002630,2023-11-15 13:51:35.574567,0 days 00:00:00.571937,0.9,10,1.25,0.8,21,97,COMPLETE
6336,6336,14669.25,2023-11-15 13:51:35.576679,2023-11-15 13:51:36.128716,0 days 00:00:00.552037,0.8,70,1.25,0.8,15,98,COMPLETE
6337,6337,18121.0,2023-11-15 13:51:36.130915,2023-11-15 13:51:36.669675,0 days 00:00:00.538760,0.8,10,1.0,0.7000000000000001,18,94,COMPLETE
6338,6338,18202.0,2023-11-15 13:51:36.672489,2023-11-15 13:51:37.279571,0 days 00:00:00.607082,0.8,20,1.25,0.8,13,96,COMPLETE
6339,6339,18492.5,2023-11-15 13:51:37.281831,2023-11-15 13:51:37.881462,0 days 00:00:00.599631,0.8,10,1.25,0.8,5,100,COMPLETE
6340,6340,18023.5,2023-11-15 13:51:37.884221,2023-11-15 13:51:38.446986,0 days 00:00:00.562765,0.8,10,1.25,0.8,11,98,COMPLETE
6341,6341,18681.25,2023-11-15 13:51:38.449481,2023-11-15 13:51:38.997890,0 days 00:00:00.548409,0.8,10,1.25,0.8,19,99,COMPLETE
6342,6342,17750.25,2023-11-15 13:51:39.000027,2023-11-15 13:51:39.731884,0 days 00:00:00.731857,0.4,10,1.25,0.8,15,96,COMPLETE
6343,6343,16442.5,2023-11-15 13:51:39.734099,2023-11-15 13:51:40.411031,0 days 00:00:00.676932,0.7000000000000001,40,1.0,0.9,7,100,COMPLETE
6344,6344,18399.75,2023-11-15 13:51:40.413734,2023-11-15 13:51:41.057765,0 days 00:00:00.644031,0.8,10,1.5,0.8,3,97,COMPLETE
6345,6345,18410.75,2023-11-15 13:51:41.061096,2023-11-15 13:51:41.698788,0 days 00:00:00.637692,0.8,10,1.25,0.8,16,94,COMPLETE
6346,6346,17947.5,2023-11-15 13:51:41.701209,2023-11-15 13:51:42.290172,0 days 00:00:00.588963,0.8,10,0.75,0.8,20,87,COMPLETE
6347,6347,17830.75,2023-11-15 13:51:42.292473,2023-11-15 13:51:42.895533,0 days 00:00:00.603060,0.8,20,1.25,0.8,9,98,COMPLETE
6348,6348,18306.5,2023-11-15 13:51:42.897979,2023-11-15 13:51:43.497627,0 days 00:00:00.599648,0.9,10,1.25,0.7000000000000001,17,100,COMPLETE
6349,6349,18216.5,2023-11-15 13:51:43.499853,2023-11-15 13:51:44.082136,0 days 00:00:00.582283,0.8,10,1.0,0.8,55,96,COMPLETE
6350,6350,18023.5,2023-11-15 13:51:44.084359,2023-11-15 13:51:44.664861,0 days 00:00:00.580502,0.8,10,1.25,0.8,12,98,COMPLETE
6351,6351,18399.0,2023-11-15 13:51:44.666944,2023-11-15 13:51:45.252638,0 days 00:00:00.585694,0.8,10,1.25,0.8,22,100,COMPLETE
6352,6352,17831.25,2023-11-15 13:51:45.255039,2023-11-15 13:51:45.833368,0 days 00:00:00.578329,0.8,10,1.5,0.8,13,95,COMPLETE
6353,6353,13936.0,2023-11-15 13:51:45.835635,2023-11-15 13:51:46.439839,0 days 00:00:00.604204,0.8,80,1.25,0.9,60,98,COMPLETE
6354,6354,18399.75,2023-11-15 13:51:46.442066,2023-11-15 13:51:47.048343,0 days 00:00:00.606277,0.7000000000000001,10,1.25,0.8,6,97,COMPLETE
6355,6355,18107.75,2023-11-15 13:51:47.051640,2023-11-15 13:51:47.649677,0 days 00:00:00.598037,0.8,20,1.75,0.8,19,100,COMPLETE
6356,6356,2821.25,2023-11-15 13:51:47.651983,2023-11-15 13:51:48.247070,0 days 00:00:00.595087,0.8,10,2.5,0.8,24,10,COMPLETE
6357,6357,18023.5,2023-11-15 13:51:48.250234,2023-11-15 13:51:48.875363,0 days 00:00:00.625129,0.8,10,1.25,0.8,17,98,COMPLETE
6358,6358,18207.75,2023-11-15 13:51:48.877679,2023-11-15 13:51:49.477090,0 days 00:00:00.599411,0.8,10,1.25,0.8,4,93,COMPLETE
6359,6359,18301.75,2023-11-15 13:51:49.479326,2023-11-15 13:51:50.059723,0 days 00:00:00.580397,0.8,10,1.25,0.7000000000000001,14,96,COMPLETE
6360,6360,18027.25,2023-11-15 13:51:50.062230,2023-11-15 13:51:50.639702,0 days 00:00:00.577472,0.8,10,1.5,0.8,52,99,COMPLETE
6361,6361,18398.25,2023-11-15 13:51:50.641856,2023-11-15 13:51:51.248212,0 days 00:00:00.606356,0.8,10,1.25,0.8,9,100,COMPLETE
6362,6362,17748.0,2023-11-15 13:51:51.250490,2023-11-15 13:51:51.923795,0 days 00:00:00.673305,0.9,10,1.25,0.9,20,95,COMPLETE
6363,6363,199.5,2023-11-15 13:51:51.926033,2023-11-15 13:51:52.947159,0 days 00:00:01.021126,0.8,10,1.0,0.8,0,98,COMPLETE
6364,6364,18218.0,2023-11-15 13:51:52.949350,2023-11-15 13:51:53.853787,0 days 00:00:00.904437,0.8,10,1.25,0.8,11,97,COMPLETE
6365,6365,18399.0,2023-11-15 13:51:53.857431,2023-11-15 13:51:54.524532,0 days 00:00:00.667101,0.8,10,1.25,0.8,17,100,COMPLETE
6366,6366,18116.5,2023-11-15 13:51:54.526894,2023-11-15 13:51:55.313039,0 days 00:00:00.786145,0.6,10,1.25,0.8,15,98,COMPLETE
6367,6367,18301.5,2023-11-15 13:51:55.315332,2023-11-15 13:51:55.908920,0 days 00:00:00.593588,0.8,10,1.5,0.8,3,96,COMPLETE
6368,6368,18331.5,2023-11-15 13:51:55.911070,2023-11-15 13:51:56.486731,0 days 00:00:00.575661,0.8,10,1.0,0.8,19,99,COMPLETE
6369,6369,18030.0,2023-11-15 13:51:56.489878,2023-11-15 13:51:57.070294,0 days 00:00:00.580416,0.8,20,1.25,0.8,7,94,COMPLETE
6370,6370,18305.25,2023-11-15 13:51:57.073283,2023-11-15 13:51:57.660263,0 days 00:00:00.586980,0.7000000000000001,10,1.25,0.9,22,97,COMPLETE
6371,6371,18492.5,2023-11-15 13:51:57.662352,2023-11-15 13:51:58.266731,0 days 00:00:00.604379,0.8,10,1.25,0.8,10,100,COMPLETE
6372,6372,17663.25,2023-11-15 13:51:58.268989,2023-11-15 13:51:58.863906,0 days 00:00:00.594917,0.8,10,1.25,0.30000000000000004,14,96,COMPLETE
6373,6373,18118.75,2023-11-15 13:51:58.866509,2023-11-15 13:51:59.451730,0 days 00:00:00.585221,0.8,10,1.5,0.7000000000000001,26,98,COMPLETE
6374,6374,17663.75,2023-11-15 13:51:59.454010,2023-11-15 13:52:00.039631,0 days 00:00:00.585621,0.9,20,1.25,0.8,46,92,COMPLETE
6375,6375,18399.0,2023-11-15 13:52:00.042345,2023-11-15 13:52:00.633429,0 days 00:00:00.591084,0.8,10,1.25,0.8,17,100,COMPLETE
6376,6376,17561.0,2023-11-15 13:52:00.635593,2023-11-15 13:52:01.231640,0 days 00:00:00.596047,0.8,10,1.0,0.8,5,95,COMPLETE
6377,6377,18023.5,2023-11-15 13:52:01.234007,2023-11-15 13:52:01.840098,0 days 00:00:00.606091,0.8,10,1.25,0.8,12,98,COMPLETE
6378,6378,18492.5,2023-11-15 13:52:01.843144,2023-11-15 13:52:02.472819,0 days 00:00:00.629675,0.8,10,1.25,0.8,15,100,COMPLETE
6379,6379,18395.25,2023-11-15 13:52:02.477749,2023-11-15 13:52:03.099984,0 days 00:00:00.622235,0.8,10,1.5,0.8,2,96,COMPLETE
6380,6380,17933.5,2023-11-15 13:52:03.102271,2023-11-15 13:52:03.698289,0 days 00:00:00.596018,0.8,10,1.25,0.5,21,98,COMPLETE
6381,6381,17852.5,2023-11-15 13:52:03.700365,2023-11-15 13:52:04.292486,0 days 00:00:00.592121,0.8,10,1.25,0.4,18,99,COMPLETE
6382,6382,18218.0,2023-11-15 13:52:04.294698,2023-11-15 13:52:04.938052,0 days 00:00:00.643354,0.8,10,1.25,0.8,8,97,COMPLETE
6383,6383,17407.25,2023-11-15 13:52:04.940271,2023-11-15 13:52:05.574481,0 days 00:00:00.634210,0.7000000000000001,10,1.0,0.8,79,90,COMPLETE
6384,6384,17109.0,2023-11-15 13:52:05.577319,2023-11-15 13:52:06.185996,0 days 00:00:00.608677,0.8,30,1.25,0.8,16,94,COMPLETE
6385,6385,17216.25,2023-11-15 13:52:06.188816,2023-11-15 13:52:06.846444,0 days 00:00:00.657628,0.30000000000000004,10,1.25,0.7000000000000001,13,100,COMPLETE
6386,6386,18398.5,2023-11-15 13:52:06.849179,2023-11-15 13:52:07.460386,0 days 00:00:00.611207,0.8,10,1.5,0.8,5,98,COMPLETE
6387,6387,18301.75,2023-11-15 13:52:07.463234,2023-11-15 13:52:08.251225,0 days 00:00:00.787991,0.8,10,1.25,0.8,20,96,COMPLETE
6388,6388,18013.5,2023-11-15 13:52:08.254034,2023-11-15 13:52:08.879485,0 days 00:00:00.625451,0.8,20,1.25,0.9,24,100,COMPLETE
6389,6389,18023.5,2023-11-15 13:52:08.882556,2023-11-15 13:52:09.588682,0 days 00:00:00.706126,0.8,10,1.25,0.8,10,98,COMPLETE
6390,6390,18394.5,2023-11-15 13:52:09.591605,2023-11-15 13:52:10.267873,0 days 00:00:00.676268,0.8,10,1.25,0.8,18,96,COMPLETE
6391,6391,18410.75,2023-11-15 13:52:10.270352,2023-11-15 13:52:10.932771,0 days 00:00:00.662419,0.8,10,1.25,0.8,14,94,COMPLETE
6392,6392,17123.0,2023-11-15 13:52:10.935659,2023-11-15 13:52:11.580726,0 days 00:00:00.645067,0.9,10,1.0,0.8,7,52,COMPLETE
6393,6393,18304.0,2023-11-15 13:52:11.583351,2023-11-15 13:52:12.248478,0 days 00:00:00.665127,0.8,10,1.75,0.8,1,100,COMPLETE
6394,6394,18211.25,2023-11-15 13:52:12.251611,2023-11-15 13:52:12.929281,0 days 00:00:00.677670,0.7000000000000001,10,1.25,0.8,22,98,COMPLETE
6395,6395,18399.75,2023-11-15 13:52:12.931571,2023-11-15 13:52:13.640564,0 days 00:00:00.708993,0.8,10,1.5,0.9,16,97,COMPLETE
6396,6396,18492.5,2023-11-15 13:52:13.642901,2023-11-15 13:52:14.262414,0 days 00:00:00.619513,0.8,10,1.25,0.8,4,100,COMPLETE
6397,6397,17743.75,2023-11-15 13:52:14.264659,2023-11-15 13:52:14.875357,0 days 00:00:00.610698,0.8,10,2.0,0.8,12,95,COMPLETE
6398,6398,18022.0,2023-11-15 13:52:14.877671,2023-11-15 13:52:15.521878,0 days 00:00:00.644207,0.8,10,1.0,0.8,18,98,COMPLETE
6399,6399,17210.75,2023-11-15 13:52:15.524135,2023-11-15 13:52:16.237377,0 days 00:00:00.713242,0.8,10,1.25,0.1,20,93,COMPLETE
6400,6400,17919.25,2023-11-15 13:52:16.240598,2023-11-15 13:52:17.008927,0 days 00:00:00.768329,0.8,20,1.25,0.8,9,99,COMPLETE
6401,6401,18218.0,2023-11-15 13:52:17.011085,2023-11-15 13:52:17.608854,0 days 00:00:00.597769,0.8,10,1.25,0.8,15,97,COMPLETE
6402,6402,18210.0,2023-11-15 13:52:17.611143,2023-11-15 13:52:18.196842,0 days 00:00:00.585699,0.9,10,1.25,0.7000000000000001,6,100,COMPLETE
6403,6403,13780.5,2023-11-15 13:52:18.198990,2023-11-15 13:52:18.810805,0 days 00:00:00.611815,0.8,10,1.25,0.8,2,24,COMPLETE
6404,6404,18395.25,2023-11-15 13:52:18.813899,2023-11-15 13:52:19.436964,0 days 00:00:00.623065,0.8,10,1.5,0.8,13,96,COMPLETE
6405,6405,18265.25,2023-11-15 13:52:19.440519,2023-11-15 13:52:20.107162,0 days 00:00:00.666643,0.8,10,1.25,0.9,17,98,COMPLETE
6406,6406,18013.5,2023-11-15 13:52:20.109659,2023-11-15 13:52:20.752313,0 days 00:00:00.642654,0.8,20,1.25,0.8,11,100,COMPLETE
6407,6407,18223.75,2023-11-15 13:52:20.755864,2023-11-15 13:52:21.367285,0 days 00:00:00.611421,0.7000000000000001,10,1.0,0.8,19,96,COMPLETE
6408,6408,18023.5,2023-11-15 13:52:21.369420,2023-11-15 13:52:21.960842,0 days 00:00:00.591422,0.8,10,1.25,0.8,22,98,COMPLETE
6409,6409,18681.25,2023-11-15 13:52:21.963006,2023-11-15 13:52:22.564550,0 days 00:00:00.601544,0.8,10,1.25,0.8,4,99,COMPLETE
6410,6410,17831.25,2023-11-15 13:52:22.567132,2023-11-15 13:52:23.218426,0 days 00:00:00.651294,0.8,10,1.5,0.8,16,95,COMPLETE
6411,6411,199.5,2023-11-15 13:52:23.221222,2023-11-15 13:52:24.110131,0 days 00:00:00.888909,0.8,10,1.25,0.7000000000000001,0,97,COMPLETE
6412,6412,18492.5,2023-11-15 13:52:24.112715,2023-11-15 13:52:24.777620,0 days 00:00:00.664905,0.8,10,1.25,0.8,8,100,COMPLETE
6413,6413,18207.75,2023-11-15 13:52:24.780089,2023-11-15 13:52:25.360300,0 days 00:00:00.580211,0.8,10,1.25,0.8,13,93,COMPLETE
6414,6414,18265.25,2023-11-15 13:52:25.362482,2023-11-15 13:52:25.986895,0 days 00:00:00.624413,0.8,10,1.25,0.9,18,98,COMPLETE
6415,6415,14877.0,2023-11-15 13:52:25.990491,2023-11-15 13:52:26.651183,0 days 00:00:00.660692,0.9,60,1.25,0.8,25,100,COMPLETE
6416,6416,18395.25,2023-11-15 13:52:26.654279,2023-11-15 13:52:27.308989,0 days 00:00:00.654710,0.8,10,1.5,0.8,21,96,COMPLETE
6417,6417,18022.0,2023-11-15 13:52:27.311956,2023-11-15 13:52:27.961047,0 days 00:00:00.649091,0.8,10,1.0,0.8,15,98,COMPLETE
6418,6418,17005.25,2023-11-15 13:52:27.963789,2023-11-15 13:52:28.617616,0 days 00:00:00.653827,0.8,20,1.25,0.8,6,95,COMPLETE
6419,6419,18399.0,2023-11-15 13:52:28.619887,2023-11-15 13:52:29.271686,0 days 00:00:00.651799,0.8,10,1.75,0.8,11,98,COMPLETE
6420,6420,16473.25,2023-11-15 13:52:29.274711,2023-11-15 13:52:29.870674,0 days 00:00:00.595963,0.8,10,1.0,0.8,19,47,COMPLETE
6421,6421,18218.0,2023-11-15 13:52:29.873218,2023-11-15 13:52:30.512999,0 days 00:00:00.639781,0.8,10,1.25,0.8,3,97,COMPLETE
6422,6422,18123.75,2023-11-15 13:52:30.516211,2023-11-15 13:52:31.106968,0 days 00:00:00.590757,0.7000000000000001,10,1.25,0.6,14,100,COMPLETE
6423,6423,8075.5,2023-11-15 13:52:31.109129,2023-11-15 13:52:31.696010,0 days 00:00:00.586881,0.8,10,1.25,0.8,9,13,COMPLETE
6424,6424,18681.25,2023-11-15 13:52:31.698421,2023-11-15 13:52:32.278096,0 days 00:00:00.579675,0.8,10,1.25,0.8,23,99,COMPLETE
6425,6425,16005.75,2023-11-15 13:52:32.280372,2023-11-15 13:52:32.903757,0 days 00:00:00.623385,0.8,20,1.25,0.7000000000000001,17,62,COMPLETE
6426,6426,17837.25,2023-11-15 13:52:32.906529,2023-11-15 13:52:33.529753,0 days 00:00:00.623224,0.8,10,1.25,0.8,20,95,COMPLETE
6427,6427,18115.0,2023-11-15 13:52:33.532169,2023-11-15 13:52:34.206176,0 days 00:00:00.674007,0.6,10,1.25,0.9,27,92,COMPLETE
6428,6428,18399.75,2023-11-15 13:52:34.208995,2023-11-15 13:52:34.846207,0 days 00:00:00.637212,0.8,10,1.5,0.8,15,97,COMPLETE
6429,6429,17266.5,2023-11-15 13:52:34.848927,2023-11-15 13:52:35.511804,0 days 00:00:00.662877,0.4,10,0.25,0.8,6,100,COMPLETE
6430,6430,17565.75,2023-11-15 13:52:35.514223,2023-11-15 13:52:36.144266,0 days 00:00:00.630043,0.9,30,1.25,0.8,2,98,COMPLETE
6431,6431,17092.5,2023-11-15 13:52:36.146632,2023-11-15 13:52:36.763125,0 days 00:00:00.616493,0.8,10,1.25,0.8,11,43,COMPLETE
6432,6432,18394.5,2023-11-15 13:52:36.765271,2023-11-15 13:52:37.377769,0 days 00:00:00.612498,0.8,10,1.25,0.8,17,96,COMPLETE
6433,6433,13000.25,2023-11-15 13:52:37.379936,2023-11-15 13:52:37.985790,0 days 00:00:00.605854,0.8,90,1.0,0.9,13,69,COMPLETE
6434,6434,18395.25,2023-11-15 13:52:37.990756,2023-11-15 13:52:38.711756,0 days 00:00:00.721000,0.8,10,2.0,0.8,21,94,COMPLETE
6435,6435,18305.75,2023-11-15 13:52:38.714005,2023-11-15 13:52:39.483807,0 days 00:00:00.769802,0.8,10,1.5,0.8,4,100,COMPLETE
6436,6436,18209.25,2023-11-15 13:52:39.498267,2023-11-15 13:52:40.295543,0 days 00:00:00.797276,0.8,10,1.25,0.7000000000000001,9,98,COMPLETE
6437,6437,17919.25,2023-11-15 13:52:40.298032,2023-11-15 13:52:40.884894,0 days 00:00:00.586862,0.8,20,1.25,0.8,18,99,COMPLETE
6438,6438,18394.5,2023-11-15 13:52:40.887858,2023-11-15 13:52:41.477140,0 days 00:00:00.589282,0.8,10,1.25,0.8,16,96,COMPLETE
6439,6439,18399.75,2023-11-15 13:52:41.479389,2023-11-15 13:52:42.067273,0 days 00:00:00.587884,0.7000000000000001,10,1.25,0.8,7,97,COMPLETE
6440,6440,18401.0,2023-11-15 13:52:42.069545,2023-11-15 13:52:42.650698,0 days 00:00:00.581153,0.8,10,1.0,0.8,14,100,COMPLETE
6441,6441,18033.25,2023-11-15 13:52:42.653317,2023-11-15 13:52:43.241076,0 days 00:00:00.587759,0.8,10,1.25,0.8,23,98,COMPLETE
6442,6442,18307.0,2023-11-15 13:52:43.243818,2023-11-15 13:52:43.826667,0 days 00:00:00.582849,0.8,10,1.5,0.8,19,94,COMPLETE
6443,6443,18399.0,2023-11-15 13:52:43.828820,2023-11-15 13:52:44.402651,0 days 00:00:00.573831,0.8,10,1.25,0.8,11,100,COMPLETE
