,number,value,datetime_start,datetime_complete,duration,params_alpha,params_decay_interval,params_decay_rate,params_gamma,params_initialization,params_max_steps,state
1709,1709,18394.5,2023-11-15 13:21:30.365585,2023-11-15 13:21:30.572315,0 days 00:00:00.206730,0.8,10,1.25,0.8,4,96,COMPLETE
1710,1710,12619.0,2023-11-15 13:21:30.574348,2023-11-15 13:21:30.818717,0 days 00:00:00.244369,0.9,100,1.25,0.9,14,98,COMPLETE
1711,1711,18322.0,2023-11-15 13:21:30.819901,2023-11-15 13:21:31.024231,0 days 00:00:00.204330,0.8,10,1.0,0.8,21,99,COMPLETE
1712,1712,14009.25,2023-11-15 13:21:31.025751,2023-11-15 13:21:31.263536,0 days 00:00:00.237785,0.8,80,1.25,0.8,18,97,COMPLETE
1713,1713,382.25,2023-11-15 13:21:31.265068,2023-11-15 13:21:31.731298,0 days 00:00:00.466230,0.8,50,1.25,0.7000000000000001,0,100,COMPLETE
1714,1714,18021.75,2023-11-15 13:21:31.732556,2023-11-15 13:21:31.941358,0 days 00:00:00.208802,0.8,10,1.75,0.8,12,94,COMPLETE
1715,1715,17287.0,2023-11-15 13:21:31.943049,2023-11-15 13:21:32.155018,0 days 00:00:00.211969,0.30000000000000004,20,1.25,0.8,6,98,COMPLETE
1716,1716,18301.5,2023-11-15 13:21:32.156551,2023-11-15 13:21:32.360626,0 days 00:00:00.204075,0.8,10,1.5,0.8,15,96,COMPLETE
1717,1717,18492.5,2023-11-15 13:21:32.361983,2023-11-15 13:21:32.573352,0 days 00:00:00.211369,0.8,10,1.25,0.8,10,100,COMPLETE
1718,1718,18023.5,2023-11-15 13:21:32.574986,2023-11-15 13:21:32.792763,0 days 00:00:00.217777,0.8,10,1.25,0.8,3,98,COMPLETE
1719,1719,17837.25,2023-11-15 13:21:32.793998,2023-11-15 13:21:33.003059,0 days 00:00:00.209061,0.8,10,1.25,0.8,22,95,COMPLETE
1720,1720,18217.25,2023-11-15 13:21:33.004429,2023-11-15 13:21:33.211749,0 days 00:00:00.207320,0.8,10,1.25,0.9,17,97,COMPLETE
1721,1721,18212.25,2023-11-15 13:21:33.212974,2023-11-15 13:21:33.422907,0 days 00:00:00.209933,0.8,10,1.25,0.7000000000000001,8,100,COMPLETE
1722,1722,18303.5,2023-11-15 13:21:33.424483,2023-11-15 13:21:33.626234,0 days 00:00:00.201751,0.7000000000000001,10,3.0,0.8,20,99,COMPLETE
1723,1723,18126.75,2023-11-15 13:21:33.627402,2023-11-15 13:21:33.833461,0 days 00:00:00.206059,0.8,20,1.0,0.8,13,96,COMPLETE
1724,1724,18023.5,2023-11-15 13:21:33.834646,2023-11-15 13:21:34.043969,0 days 00:00:00.209323,0.8,10,1.25,0.8,15,98,COMPLETE
1725,1725,18306.5,2023-11-15 13:21:34.045204,2023-11-15 13:21:34.247763,0 days 00:00:00.202559,0.8,10,1.5,0.8,18,100,COMPLETE
1726,1726,18207.0,2023-11-15 13:21:34.249494,2023-11-15 13:21:34.456860,0 days 00:00:00.207366,0.7000000000000001,10,1.25,0.8,5,93,COMPLETE
1727,1727,18218.0,2023-11-15 13:21:34.458656,2023-11-15 13:21:34.662278,0 days 00:00:00.203622,0.8,10,1.25,0.8,10,97,COMPLETE
1728,1728,17837.25,2023-11-15 13:21:34.663731,2023-11-15 13:21:34.880257,0 days 00:00:00.216526,0.8,10,1.25,0.8,16,95,COMPLETE
1729,1729,18117.5,2023-11-15 13:21:34.881547,2023-11-15 13:21:35.096061,0 days 00:00:00.214514,0.8,10,1.25,0.9,19,98,COMPLETE
1730,1730,18461.25,2023-11-15 13:21:35.097257,2023-11-15 13:21:35.307026,0 days 00:00:00.209769,0.9,10,1.0,0.8,1,100,COMPLETE
1731,1731,18212.75,2023-11-15 13:21:35.309125,2023-11-15 13:21:35.516197,0 days 00:00:00.207072,0.8,10,1.5,0.8,24,98,COMPLETE
1732,1732,18202.0,2023-11-15 13:21:35.517450,2023-11-15 13:21:35.719848,0 days 00:00:00.202398,0.8,20,1.25,0.8,7,96,COMPLETE
1733,1733,18022.25,2023-11-15 13:21:35.721561,2023-11-15 13:21:35.967225,0 days 00:00:00.245664,0.8,10,1.25,0.8,13,73,COMPLETE
1734,1734,18304.0,2023-11-15 13:21:35.968413,2023-11-15 13:21:36.176160,0 days 00:00:00.207747,0.8,10,1.25,0.7000000000000001,21,100,COMPLETE
1735,1735,18114.25,2023-11-15 13:21:36.177493,2023-11-15 13:21:36.375821,0 days 00:00:00.198328,0.8,10,1.25,0.8,16,84,COMPLETE
1736,1736,16936.25,2023-11-15 13:21:36.377162,2023-11-15 13:21:36.594293,0 days 00:00:00.217131,0.8,40,1.0,0.8,3,98,COMPLETE
1737,1737,11250.25,2023-11-15 13:21:36.595454,2023-11-15 13:21:36.799632,0 days 00:00:00.204178,0.8,10,1.5,0.8,11,19,COMPLETE
1738,1738,18410.75,2023-11-15 13:21:36.800850,2023-11-15 13:21:36.998500,0 days 00:00:00.197650,0.8,10,1.25,0.8,14,94,COMPLETE
1739,1739,18488.75,2023-11-15 13:21:36.999732,2023-11-15 13:21:37.206658,0 days 00:00:00.206926,0.8,10,2.0,0.9,18,96,COMPLETE
1740,1740,18681.25,2023-11-15 13:21:37.208784,2023-11-15 13:21:37.405329,0 days 00:00:00.196545,0.8,10,1.25,0.8,5,99,COMPLETE
1741,1741,18218.0,2023-11-15 13:21:37.408608,2023-11-15 13:21:37.613577,0 days 00:00:00.204969,0.8,10,1.25,0.8,9,97,COMPLETE
1742,1742,17982.5,2023-11-15 13:21:37.614907,2023-11-15 13:21:37.824822,0 days 00:00:00.209915,0.9,10,0.5,0.8,22,100,COMPLETE
1743,1743,17833.5,2023-11-15 13:21:37.826152,2023-11-15 13:21:38.069548,0 days 00:00:00.243396,0.8,20,1.25,0.7000000000000001,20,98,COMPLETE
1744,1744,18213.0,2023-11-15 13:21:38.071028,2023-11-15 13:21:38.325059,0 days 00:00:00.254031,0.8,10,1.0,0.8,17,90,COMPLETE
1745,1745,18112.5,2023-11-15 13:21:38.326807,2023-11-15 13:21:38.576824,0 days 00:00:00.250017,0.8,10,1.25,0.8,12,95,COMPLETE
1746,1746,18488.5,2023-11-15 13:21:38.578697,2023-11-15 13:21:38.829972,0 days 00:00:00.251275,0.7000000000000001,10,1.25,0.8,7,100,COMPLETE
1747,1747,18399.75,2023-11-15 13:21:38.831626,2023-11-15 13:21:39.077489,0 days 00:00:00.245863,0.8,10,1.5,0.8,15,97,COMPLETE
1748,1748,17006.0,2023-11-15 13:21:39.078930,2023-11-15 13:21:39.324540,0 days 00:00:00.245610,0.8,10,1.25,0.8,4,52,COMPLETE
1749,1749,18117.5,2023-11-15 13:21:39.326438,2023-11-15 13:21:39.570372,0 days 00:00:00.243934,0.8,10,1.25,0.9,19,98,COMPLETE
1750,1750,18492.5,2023-11-15 13:21:39.571885,2023-11-15 13:21:39.809316,0 days 00:00:00.237431,0.8,10,1.25,0.8,1,100,COMPLETE
1751,1751,17935.0,2023-11-15 13:21:39.810879,2023-11-15 13:21:40.020731,0 days 00:00:00.209852,0.8,10,1.25,0.8,58,94,COMPLETE
1752,1752,18305.0,2023-11-15 13:21:40.022121,2023-11-15 13:21:40.232291,0 days 00:00:00.210170,0.9,10,1.0,0.8,13,96,COMPLETE
1753,1753,18023.5,2023-11-15 13:21:40.233726,2023-11-15 13:21:40.450393,0 days 00:00:00.216667,0.8,10,1.25,0.8,16,98,COMPLETE
1754,1754,17645.25,2023-11-15 13:21:40.451691,2023-11-15 13:21:40.659939,0 days 00:00:00.208248,0.8,20,1.5,0.5,9,99,COMPLETE
1755,1755,18301.75,2023-11-15 13:21:40.661088,2023-11-15 13:21:40.865522,0 days 00:00:00.204434,0.8,10,1.25,0.8,23,96,COMPLETE
1756,1756,17673.75,2023-11-15 13:21:40.866928,2023-11-15 13:21:41.082207,0 days 00:00:00.215279,0.8,10,1.25,0.30000000000000004,18,92,COMPLETE
1757,1757,13089.5,2023-11-15 13:21:41.083728,2023-11-15 13:21:41.318648,0 days 00:00:00.234920,0.8,90,1.25,0.1,6,100,COMPLETE
1758,1758,18118.25,2023-11-15 13:21:41.319998,2023-11-15 13:21:41.532730,0 days 00:00:00.212732,0.7000000000000001,10,1.75,0.8,20,98,COMPLETE
1759,1759,18308.75,2023-11-15 13:21:41.534271,2023-11-15 13:21:41.747252,0 days 00:00:00.212981,0.8,10,1.25,0.7000000000000001,14,97,COMPLETE
1760,1760,17935.5,2023-11-15 13:21:41.748592,2023-11-15 13:21:41.962271,0 days 00:00:00.213679,0.4,10,1.5,0.8,11,100,COMPLETE
1761,1761,17561.0,2023-11-15 13:21:41.963726,2023-11-15 13:21:42.179009,0 days 00:00:00.215283,0.8,10,1.0,0.8,3,95,COMPLETE
1762,1762,17744.5,2023-11-15 13:21:42.180180,2023-11-15 13:21:42.392987,0 days 00:00:00.212807,0.8,10,1.25,0.6,17,77,COMPLETE
1763,1763,18265.25,2023-11-15 13:21:42.394401,2023-11-15 13:21:42.644215,0 days 00:00:00.249814,0.8,10,1.25,0.9,26,98,COMPLETE
1764,1764,18492.5,2023-11-15 13:21:42.645532,2023-11-15 13:21:42.853793,0 days 00:00:00.208261,0.8,10,1.25,0.8,15,100,COMPLETE
1765,1765,199.5,2023-11-15 13:21:42.855049,2023-11-15 13:21:43.312460,0 days 00:00:00.457411,0.8,10,1.25,0.8,0,94,COMPLETE
1766,1766,17839.0,2023-11-15 13:21:43.313814,2023-11-15 13:21:43.527753,0 days 00:00:00.213939,0.8,20,1.25,0.8,21,97,COMPLETE
1767,1767,18322.0,2023-11-15 13:21:43.529038,2023-11-15 13:21:43.745044,0 days 00:00:00.216006,0.8,10,1.0,0.8,8,99,COMPLETE
1768,1768,18394.5,2023-11-15 13:21:43.746397,2023-11-15 13:21:43.948143,0 days 00:00:00.201746,0.8,10,1.25,0.8,12,96,COMPLETE
1769,1769,18209.5,2023-11-15 13:21:43.949619,2023-11-15 13:21:44.158387,0 days 00:00:00.208768,0.9,10,1.25,0.8,18,98,COMPLETE
1770,1770,18305.75,2023-11-15 13:21:44.160466,2023-11-15 13:21:44.371501,0 days 00:00:00.211035,0.8,10,1.5,0.8,4,100,COMPLETE
1771,1771,18394.5,2023-11-15 13:21:44.373176,2023-11-15 13:21:44.582602,0 days 00:00:00.209426,0.8,10,1.25,0.8,16,96,COMPLETE
1772,1772,16914.0,2023-11-15 13:21:44.583812,2023-11-15 13:21:44.791720,0 days 00:00:00.207908,0.8,10,1.25,0.9,24,55,COMPLETE
1773,1773,17782.5,2023-11-15 13:21:44.792887,2023-11-15 13:21:44.996799,0 days 00:00:00.203912,0.8,20,1.0,0.8,14,98,COMPLETE
1774,1774,18206.75,2023-11-15 13:21:44.998068,2023-11-15 13:21:45.204704,0 days 00:00:00.206636,0.8,10,1.25,0.7000000000000001,6,93,COMPLETE
1775,1775,18492.5,2023-11-15 13:21:45.206633,2023-11-15 13:21:45.418481,0 days 00:00:00.211848,0.8,10,1.25,0.8,20,100,COMPLETE
1776,1776,16859.75,2023-11-15 13:21:45.419862,2023-11-15 13:21:45.648336,0 days 00:00:00.228474,0.2,10,1.25,0.8,10,98,COMPLETE
1777,1777,18301.25,2023-11-15 13:21:45.649542,2023-11-15 13:21:45.862272,0 days 00:00:00.212730,0.7000000000000001,10,1.75,0.8,22,96,COMPLETE
1778,1778,14669.25,2023-11-15 13:21:45.863644,2023-11-15 13:21:46.092777,0 days 00:00:00.229133,0.5,70,1.25,0.8,18,98,COMPLETE
1779,1779,18305.75,2023-11-15 13:21:46.093971,2023-11-15 13:21:46.310698,0 days 00:00:00.216727,0.8,10,1.5,0.8,12,100,COMPLETE
1780,1780,17837.25,2023-11-15 13:21:46.312523,2023-11-15 13:21:46.530737,0 days 00:00:00.218214,0.8,10,1.25,0.8,8,95,COMPLETE
1781,1781,18218.0,2023-11-15 13:21:46.532164,2023-11-15 13:21:46.744972,0 days 00:00:00.212808,0.8,10,1.25,0.8,2,97,COMPLETE
1782,1782,18399.75,2023-11-15 13:21:46.746479,2023-11-15 13:21:46.956363,0 days 00:00:00.209884,0.8,10,1.25,0.9,15,100,COMPLETE
1783,1783,17937.5,2023-11-15 13:21:46.958335,2023-11-15 13:21:47.175199,0 days 00:00:00.216864,0.8,10,1.0,0.8,75,98,COMPLETE
1784,1784,16818.75,2023-11-15 13:21:47.176487,2023-11-15 13:21:47.392145,0 days 00:00:00.215658,0.9,40,2.75,0.8,5,96,COMPLETE
1785,1785,18030.0,2023-11-15 13:21:47.393385,2023-11-15 13:21:47.605078,0 days 00:00:00.211693,0.8,20,1.25,0.8,19,94,COMPLETE
1786,1786,18681.25,2023-11-15 13:21:47.606806,2023-11-15 13:21:47.818223,0 days 00:00:00.211417,0.8,10,1.25,0.8,17,99,COMPLETE
1787,1787,18307.75,2023-11-15 13:21:47.819417,2023-11-15 13:21:48.031620,0 days 00:00:00.212203,0.7000000000000001,10,1.5,0.7000000000000001,13,100,COMPLETE
1788,1788,18218.0,2023-11-15 13:21:48.032822,2023-11-15 13:21:48.249065,0 days 00:00:00.216243,0.8,10,1.25,0.8,2,97,COMPLETE
1789,1789,16457.75,2023-11-15 13:21:48.250313,2023-11-15 13:21:48.453742,0 days 00:00:00.203429,0.8,10,1.25,0.8,9,45,COMPLETE
1790,1790,18023.5,2023-11-15 13:21:48.455023,2023-11-15 13:21:48.669192,0 days 00:00:00.214169,0.8,10,1.25,0.8,16,98,COMPLETE
1791,1791,18078.75,2023-11-15 13:21:48.670358,2023-11-15 13:21:48.883721,0 days 00:00:00.213363,0.8,10,1.0,0.9,71,92,COMPLETE
1792,1792,17831.25,2023-11-15 13:21:48.884955,2023-11-15 13:21:49.098791,0 days 00:00:00.213836,0.8,10,1.5,0.8,21,95,COMPLETE
1793,1793,18399.0,2023-11-15 13:21:49.100309,2023-11-15 13:21:49.334016,0 days 00:00:00.233707,0.8,10,1.25,0.8,11,100,COMPLETE
1794,1794,18023.5,2023-11-15 13:21:49.335195,2023-11-15 13:21:49.548337,0 days 00:00:00.213142,0.8,10,1.25,0.8,7,98,COMPLETE
1795,1795,18394.5,2023-11-15 13:21:49.549648,2023-11-15 13:21:49.757640,0 days 00:00:00.207992,0.8,10,1.25,0.8,14,96,COMPLETE
1796,1796,18013.5,2023-11-15 13:21:49.758877,2023-11-15 13:21:49.969234,0 days 00:00:00.210357,0.8,20,1.25,0.8,23,100,COMPLETE
1797,1797,17949.0,2023-11-15 13:21:49.970435,2023-11-15 13:21:50.188118,0 days 00:00:00.217683,0.9,10,1.0,0.4,19,98,COMPLETE
1798,1798,18218.0,2023-11-15 13:21:50.189808,2023-11-15 13:21:50.397139,0 days 00:00:00.207331,0.8,10,1.25,0.8,17,97,COMPLETE
1799,1799,18486.25,2023-11-15 13:21:50.398609,2023-11-15 13:21:50.610669,0 days 00:00:00.212060,0.8,10,1.25,0.8,3,94,COMPLETE
1800,1800,18209.75,2023-11-15 13:21:50.611943,2023-11-15 13:21:50.827188,0 days 00:00:00.215245,0.8,10,1.5,0.8,14,99,COMPLETE
1801,1801,18128.25,2023-11-15 13:21:50.828349,2023-11-15 13:21:51.041357,0 days 00:00:00.213008,0.8,10,1.25,0.6,5,87,COMPLETE
1802,1802,18210.5,2023-11-15 13:21:51.042681,2023-11-15 13:21:51.261324,0 days 00:00:00.218643,0.7000000000000001,10,1.25,0.9,11,96,COMPLETE
1803,1803,18013.5,2023-11-15 13:21:51.262556,2023-11-15 13:21:51.469784,0 days 00:00:00.207228,0.8,20,1.25,0.7000000000000001,20,100,COMPLETE
1804,1804,199.5,2023-11-15 13:21:51.471104,2023-11-15 13:21:51.952985,0 days 00:00:00.481881,0.8,10,1.25,0.8,0,98,COMPLETE
1805,1805,18394.5,2023-11-15 13:21:51.954151,2023-11-15 13:21:52.168176,0 days 00:00:00.214025,0.8,10,1.25,0.8,16,96,COMPLETE
1806,1806,18401.0,2023-11-15 13:21:52.169460,2023-11-15 13:21:52.387312,0 days 00:00:00.217852,0.8,10,1.0,0.8,7,100,COMPLETE
1807,1807,18209.5,2023-11-15 13:21:52.388696,2023-11-15 13:21:52.598307,0 days 00:00:00.209611,0.9,10,1.25,0.8,26,98,COMPLETE
1808,1808,17838.5,2023-11-15 13:21:52.599639,2023-11-15 13:21:52.822788,0 days 00:00:00.223149,0.8,10,1.5,0.8,18,91,COMPLETE
1809,1809,18305.0,2023-11-15 13:21:52.824550,2023-11-15 13:21:53.037852,0 days 00:00:00.213302,0.7000000000000001,10,1.25,0.8,13,94,COMPLETE
1810,1810,18023.5,2023-11-15 13:21:53.039549,2023-11-15 13:21:53.252651,0 days 00:00:00.213102,0.8,10,1.25,0.8,9,98,COMPLETE
1811,1811,18399.0,2023-11-15 13:21:53.254110,2023-11-15 13:21:53.490099,0 days 00:00:00.235989,0.8,10,1.25,0.8,22,100,COMPLETE
1812,1812,17936.25,2023-11-15 13:21:53.492114,2023-11-15 13:21:53.764772,0 days 00:00:00.272658,0.8,10,1.5,0.7000000000000001,48,96,COMPLETE
1813,1813,17782.5,2023-11-15 13:21:53.766389,2023-11-15 13:21:54.019207,0 days 00:00:00.252818,0.8,20,1.0,0.9,15,98,COMPLETE
1814,1814,18492.5,2023-11-15 13:21:54.020607,2023-11-15 13:21:54.265185,0 days 00:00:00.244578,0.8,10,1.25,0.8,5,100,COMPLETE
1815,1815,18218.0,2023-11-15 13:21:54.267435,2023-11-15 13:21:54.535445,0 days 00:00:00.268010,0.8,10,1.25,0.8,20,97,COMPLETE
1816,1816,17559.25,2023-11-15 13:21:54.536824,2023-11-15 13:21:54.810380,0 days 00:00:00.273556,0.8,10,1.0,0.8,2,95,COMPLETE
1817,1817,18031.5,2023-11-15 13:21:54.812654,2023-11-15 13:21:55.077338,0 days 00:00:00.264684,0.8,10,1.75,0.8,60,98,COMPLETE
1818,1818,6494.25,2023-11-15 13:21:55.078582,2023-11-15 13:21:55.316622,0 days 00:00:00.238040,0.1,10,1.25,0.8,17,35,COMPLETE
1819,1819,18013.5,2023-11-15 13:21:55.317808,2023-11-15 13:21:55.529555,0 days 00:00:00.211747,0.8,20,1.25,0.8,11,100,COMPLETE
1820,1820,18122.5,2023-11-15 13:21:55.530785,2023-11-15 13:21:55.749185,0 days 00:00:00.218400,0.8,10,1.25,0.8,19,97,COMPLETE
1821,1821,18205.5,2023-11-15 13:21:55.750907,2023-11-15 13:21:55.967233,0 days 00:00:00.216326,0.8,10,2.0,0.7000000000000001,14,93,COMPLETE
1822,1822,18494.5,2023-11-15 13:21:55.968647,2023-11-15 13:21:56.180287,0 days 00:00:00.211640,0.9,10,1.25,0.8,16,99,COMPLETE
1823,1823,17740.25,2023-11-15 13:21:56.181514,2023-11-15 13:21:56.399259,0 days 00:00:00.217745,0.8,10,1.5,0.9,7,95,COMPLETE
1824,1824,18218.0,2023-11-15 13:21:56.400712,2023-11-15 13:21:56.613678,0 days 00:00:00.212966,0.8,10,1.25,0.8,23,97,COMPLETE
1825,1825,18492.5,2023-11-15 13:21:56.615128,2023-11-15 13:21:56.827918,0 days 00:00:00.212790,0.8,10,1.25,0.8,3,100,COMPLETE
1826,1826,18185.0,2023-11-15 13:21:56.829191,2023-11-15 13:21:57.048531,0 days 00:00:00.219340,0.8,10,0.75,0.8,10,98,COMPLETE
1827,1827,18023.75,2023-11-15 13:21:57.049749,2023-11-15 13:21:57.265728,0 days 00:00:00.215979,0.7000000000000001,10,1.25,0.8,13,96,COMPLETE
1828,1828,18681.25,2023-11-15 13:21:57.266953,2023-11-15 13:21:57.471934,0 days 00:00:00.204981,0.8,10,1.25,0.8,18,99,COMPLETE
1829,1829,17359.25,2023-11-15 13:21:57.473811,2023-11-15 13:21:57.692723,0 days 00:00:00.218912,0.8,30,1.0,0.8,21,100,COMPLETE
1830,1830,18218.0,2023-11-15 13:21:57.693944,2023-11-15 13:21:57.908360,0 days 00:00:00.214416,0.8,10,1.25,0.8,4,97,COMPLETE
1831,1831,17129.0,2023-11-15 13:21:57.909584,2023-11-15 13:21:58.137791,0 days 00:00:00.228207,0.6,10,1.5,0.2,16,93,COMPLETE
1832,1832,17837.25,2023-11-15 13:21:58.139616,2023-11-15 13:21:58.361160,0 days 00:00:00.221544,0.8,10,1.25,0.8,8,95,COMPLETE
1833,1833,18265.25,2023-11-15 13:21:58.362523,2023-11-15 13:21:58.576162,0 days 00:00:00.213639,0.8,10,1.25,0.9,6,98,COMPLETE
1834,1834,18013.5,2023-11-15 13:21:58.577513,2023-11-15 13:21:58.818773,0 days 00:00:00.241260,0.8,20,1.25,0.8,12,100,COMPLETE
1835,1835,17752.75,2023-11-15 13:21:58.820129,2023-11-15 13:21:59.043614,0 days 00:00:00.223485,0.4,10,1.25,0.8,25,98,COMPLETE
1836,1836,18301.5,2023-11-15 13:21:59.044919,2023-11-15 13:21:59.255409,0 days 00:00:00.210490,0.8,10,1.5,0.8,18,96,COMPLETE
1837,1837,7821.0,2023-11-15 13:21:59.257569,2023-11-15 13:21:59.462964,0 days 00:00:00.205395,0.9,10,1.25,0.7000000000000001,15,13,COMPLETE
1838,1838,18401.0,2023-11-15 13:21:59.464438,2023-11-15 13:21:59.677617,0 days 00:00:00.213179,0.8,10,1.0,0.8,20,100,COMPLETE
1839,1839,18023.5,2023-11-15 13:21:59.678844,2023-11-15 13:21:59.890667,0 days 00:00:00.211823,0.8,10,1.25,0.8,10,98,COMPLETE
1840,1840,15242.75,2023-11-15 13:21:59.892006,2023-11-15 13:22:00.124884,0 days 00:00:00.232878,0.8,60,1.25,0.8,0,96,COMPLETE
1841,1841,18681.25,2023-11-15 13:22:00.126225,2023-11-15 13:22:00.342576,0 days 00:00:00.216351,0.8,10,1.25,0.8,14,99,COMPLETE
1842,1842,18021.25,2023-11-15 13:22:00.343888,2023-11-15 13:22:00.563772,0 days 00:00:00.219884,0.8,10,1.75,0.8,17,94,COMPLETE
1843,1843,10583.0,2023-11-15 13:22:00.564995,2023-11-15 13:22:00.774311,0 days 00:00:00.209316,0.8,10,1.25,0.9,4,17,COMPLETE
1844,1844,17029.5,2023-11-15 13:22:00.775643,2023-11-15 13:22:01.003900,0 days 00:00:00.228257,0.8,20,1.5,0.8,78,97,COMPLETE
1845,1845,793.25,2023-11-15 13:22:01.005585,2023-11-15 13:22:01.202336,0 days 00:00:00.196751,0.7000000000000001,80,1.25,0.8,22,10,COMPLETE
1846,1846,18492.5,2023-11-15 13:22:01.203785,2023-11-15 13:22:01.415799,0 days 00:00:00.212014,0.8,10,1.25,0.8,19,100,COMPLETE
1847,1847,18023.5,2023-11-15 13:22:01.417074,2023-11-15 13:22:01.636685,0 days 00:00:00.219611,0.8,10,1.25,0.8,12,98,COMPLETE
1848,1848,17652.0,2023-11-15 13:22:01.638120,2023-11-15 13:22:01.863347,0 days 00:00:00.225227,0.9,10,1.0,0.7000000000000001,2,95,COMPLETE
1849,1849,17678.75,2023-11-15 13:22:01.864697,2023-11-15 13:22:02.088144,0 days 00:00:00.223447,0.8,10,1.25,0.8,91,100,COMPLETE
1850,1850,18218.0,2023-11-15 13:22:02.089535,2023-11-15 13:22:02.301471,0 days 00:00:00.211936,0.8,10,1.25,0.8,6,97,COMPLETE
1851,1851,18023.5,2023-11-15 13:22:02.302702,2023-11-15 13:22:02.514418,0 days 00:00:00.211716,0.8,10,1.25,0.8,16,98,COMPLETE
1852,1852,18395.25,2023-11-15 13:22:02.516000,2023-11-15 13:22:02.731022,0 days 00:00:00.215022,0.8,10,1.5,0.9,9,96,COMPLETE
1853,1853,18015.5,2023-11-15 13:22:02.732353,2023-11-15 13:22:02.942946,0 days 00:00:00.210593,0.8,20,1.25,0.8,24,92,COMPLETE
1854,1854,18027.0,2023-11-15 13:22:02.944144,2023-11-15 13:22:03.162764,0 days 00:00:00.218620,0.7000000000000001,10,1.0,0.8,14,100,COMPLETE
1855,1855,17225.0,2023-11-15 13:22:03.164005,2023-11-15 13:22:03.400079,0 days 00:00:00.236074,0.8,10,0.25,0.8,18,98,COMPLETE
1856,1856,18410.75,2023-11-15 13:22:03.401310,2023-11-15 13:22:03.620197,0 days 00:00:00.218887,0.8,10,1.25,0.8,21,94,COMPLETE
1857,1857,18398.75,2023-11-15 13:22:03.621406,2023-11-15 13:22:03.835583,0 days 00:00:00.214177,0.8,10,1.25,0.7000000000000001,8,99,COMPLETE
1858,1858,16830.75,2023-11-15 13:22:03.836910,2023-11-15 13:22:04.066504,0 days 00:00:00.229594,0.8,10,1.25,0.8,12,66,COMPLETE
1859,1859,18202.0,2023-11-15 13:22:04.067720,2023-11-15 13:22:04.280575,0 days 00:00:00.212855,0.8,20,1.5,0.8,16,96,COMPLETE
1860,1860,18492.5,2023-11-15 13:22:04.281799,2023-11-15 13:22:04.498184,0 days 00:00:00.216385,0.8,10,1.25,0.8,4,100,COMPLETE
1861,1861,16201.5,2023-11-15 13:22:04.499430,2023-11-15 13:22:04.724018,0 days 00:00:00.224588,0.9,50,1.0,0.8,20,98,COMPLETE
1862,1862,18300.75,2023-11-15 13:22:04.726928,2023-11-15 13:22:04.938624,0 days 00:00:00.211696,0.8,10,1.25,0.9,15,96,COMPLETE
1863,1863,18023.5,2023-11-15 13:22:04.940101,2023-11-15 13:22:05.152961,0 days 00:00:00.212860,0.8,10,1.25,0.8,18,98,COMPLETE
1864,1864,16625.25,2023-11-15 13:22:05.154249,2023-11-15 13:22:05.380462,0 days 00:00:00.226213,0.8,10,1.25,0.8,6,62,COMPLETE
1865,1865,18492.5,2023-11-15 13:22:05.381890,2023-11-15 13:22:05.637982,0 days 00:00:00.256092,0.8,10,1.25,0.8,12,100,COMPLETE
1866,1866,18410.75,2023-11-15 13:22:05.639604,2023-11-15 13:22:05.857176,0 days 00:00:00.217572,0.8,10,1.25,0.8,22,94,COMPLETE
1867,1867,18399.75,2023-11-15 13:22:05.858589,2023-11-15 13:22:06.084720,0 days 00:00:00.226131,0.8,10,1.5,0.8,2,97,COMPLETE
1868,1868,17753.5,2023-11-15 13:22:06.086023,2023-11-15 13:22:06.304873,0 days 00:00:00.218850,0.8,10,0.5,0.8,10,100,COMPLETE
1869,1869,18117.0,2023-11-15 13:22:06.307666,2023-11-15 13:22:06.520818,0 days 00:00:00.213152,0.7000000000000001,10,1.0,0.7000000000000001,14,98,COMPLETE
1870,1870,18300.75,2023-11-15 13:22:06.522258,2023-11-15 13:22:06.745456,0 days 00:00:00.223198,0.8,10,1.25,0.9,27,96,COMPLETE
1871,1871,18304.75,2023-11-15 13:22:06.746638,2023-11-15 13:22:06.967043,0 days 00:00:00.220405,0.8,10,1.75,0.8,17,99,COMPLETE
1872,1872,17649.5,2023-11-15 13:22:06.968268,2023-11-15 13:22:07.194973,0 days 00:00:00.226705,0.8,10,2.25,0.8,19,95,COMPLETE
1873,1873,17287.0,2023-11-15 13:22:07.196247,2023-11-15 13:22:07.423038,0 days 00:00:00.226791,0.30000000000000004,20,1.25,0.8,8,98,COMPLETE
1874,1874,18492.5,2023-11-15 13:22:07.424781,2023-11-15 13:22:07.639296,0 days 00:00:00.214515,0.8,10,1.25,0.8,5,100,COMPLETE
1875,1875,18218.0,2023-11-15 13:22:07.641326,2023-11-15 13:22:07.866714,0 days 00:00:00.225388,0.8,10,1.25,0.8,16,97,COMPLETE
1876,1876,18307.0,2023-11-15 13:22:07.867933,2023-11-15 13:22:08.089430,0 days 00:00:00.221497,0.9,10,1.25,0.8,13,100,COMPLETE
1877,1877,485.25,2023-11-15 13:22:08.091183,2023-11-15 13:22:08.558635,0 days 00:00:00.467452,0.8,30,1.25,0.8,0,93,COMPLETE
