,number,value,datetime_start,datetime_complete,duration,params_alpha,params_decay_interval,params_decay_rate,params_gamma,params_initialization,params_max_steps,state
6106,6106,17934.75,2023-11-15 13:49:28.227198,2023-11-15 13:49:28.771553,0 days 00:00:00.544355,0.8,10,1.0,0.7000000000000001,8,98,COMPLETE
6107,6107,18023.75,2023-11-15 13:49:28.774505,2023-11-15 13:49:29.307889,0 days 00:00:00.533384,0.7000000000000001,10,1.25,0.8,13,96,COMPLETE
6108,6108,18399.0,2023-11-15 13:49:29.310349,2023-11-15 13:49:29.871790,0 days 00:00:00.561441,0.8,10,1.25,0.8,22,100,COMPLETE
6109,6109,18023.5,2023-11-15 13:49:29.874616,2023-11-15 13:49:30.408829,0 days 00:00:00.534213,0.8,10,1.25,0.8,2,98,COMPLETE
6110,6110,17648.0,2023-11-15 13:49:30.411108,2023-11-15 13:49:30.963845,0 days 00:00:00.552737,0.9,10,2.0,0.8,15,95,COMPLETE
6111,6111,18401.0,2023-11-15 13:49:30.966017,2023-11-15 13:49:31.495322,0 days 00:00:00.529305,0.8,10,1.0,0.8,10,100,COMPLETE
6112,6112,18031.25,2023-11-15 13:49:31.497565,2023-11-15 13:49:32.026127,0 days 00:00:00.528562,0.8,10,1.25,0.9,77,97,COMPLETE
6113,6113,18209.75,2023-11-15 13:49:32.028232,2023-11-15 13:49:32.559784,0 days 00:00:00.531552,0.8,10,1.5,0.8,18,99,COMPLETE
6114,6114,18301.75,2023-11-15 13:49:32.562002,2023-11-15 13:49:33.082780,0 days 00:00:00.520778,0.8,10,1.25,0.8,20,96,COMPLETE
6115,6115,18023.5,2023-11-15 13:49:33.084829,2023-11-15 13:49:33.634334,0 days 00:00:00.549505,0.8,10,1.25,0.8,6,98,COMPLETE
6116,6116,18410.75,2023-11-15 13:49:33.636432,2023-11-15 13:49:34.157879,0 days 00:00:00.521447,0.8,10,1.25,0.8,16,94,COMPLETE
6117,6117,18013.5,2023-11-15 13:49:34.160735,2023-11-15 13:49:34.688468,0 days 00:00:00.527733,0.8,20,1.25,0.8,4,100,COMPLETE
6118,6118,18211.25,2023-11-15 13:49:34.691368,2023-11-15 13:49:35.226484,0 days 00:00:00.535116,0.8,10,1.5,0.7000000000000001,13,98,COMPLETE
6119,6119,18488.75,2023-11-15 13:49:35.229156,2023-11-15 13:49:35.751594,0 days 00:00:00.522438,0.8,10,1.75,0.8,8,96,COMPLETE
6120,6120,15479.25,2023-11-15 13:49:35.753758,2023-11-15 13:49:36.282667,0 days 00:00:00.528909,0.8,10,1.25,0.8,20,39,COMPLETE
6121,6121,18492.5,2023-11-15 13:49:36.284778,2023-11-15 13:49:36.831576,0 days 00:00:00.546798,0.8,10,1.25,0.8,1,100,COMPLETE
6122,6122,10774.5,2023-11-15 13:49:36.833690,2023-11-15 13:49:37.354590,0 days 00:00:00.520900,0.7000000000000001,10,1.0,0.8,17,19,COMPLETE
6123,6123,18023.5,2023-11-15 13:49:37.357511,2023-11-15 13:49:37.887639,0 days 00:00:00.530128,0.8,10,1.25,0.8,11,98,COMPLETE
6124,6124,18207.75,2023-11-15 13:49:37.890599,2023-11-15 13:49:38.419290,0 days 00:00:00.528691,0.8,10,1.25,0.8,23,93,COMPLETE
6125,6125,18217.25,2023-11-15 13:49:38.421380,2023-11-15 13:49:38.948857,0 days 00:00:00.527477,0.8,10,1.25,0.9,15,97,COMPLETE
6126,6126,17176.25,2023-11-15 13:49:38.951098,2023-11-15 13:49:39.486663,0 days 00:00:00.535565,0.9,20,1.25,0.8,18,67,COMPLETE
6127,6127,18306.5,2023-11-15 13:49:39.489160,2023-11-15 13:49:40.042877,0 days 00:00:00.553717,0.8,10,1.5,0.8,13,100,COMPLETE
6128,6128,17837.25,2023-11-15 13:49:40.045458,2023-11-15 13:49:40.601540,0 days 00:00:00.556082,0.8,10,1.25,0.8,7,95,COMPLETE
6129,6129,16546.5,2023-11-15 13:49:40.603756,2023-11-15 13:49:41.160611,0 days 00:00:00.556855,0.30000000000000004,10,1.25,0.8,62,98,COMPLETE
6130,6130,18586.25,2023-11-15 13:49:41.162720,2023-11-15 13:49:41.692885,0 days 00:00:00.530165,0.8,10,1.25,0.9,21,99,COMPLETE
6131,6131,18497.5,2023-11-15 13:49:41.694945,2023-11-15 13:49:42.226425,0 days 00:00:00.531480,0.8,10,1.0,0.8,3,96,COMPLETE
6132,6132,18212.25,2023-11-15 13:49:42.228509,2023-11-15 13:49:42.754325,0 days 00:00:00.525816,0.8,10,1.25,0.7000000000000001,10,100,COMPLETE
6133,6133,17839.0,2023-11-15 13:49:42.757135,2023-11-15 13:49:43.279582,0 days 00:00:00.522447,0.8,20,1.25,0.8,15,97,COMPLETE
6134,6134,18398.5,2023-11-15 13:49:43.281697,2023-11-15 13:49:43.825519,0 days 00:00:00.543822,0.8,10,1.5,0.8,18,98,COMPLETE
6135,6135,17450.25,2023-11-15 13:49:43.828052,2023-11-15 13:49:44.358518,0 days 00:00:00.530466,0.8,30,1.25,0.8,12,91,COMPLETE
6136,6136,17837.5,2023-11-15 13:49:44.360572,2023-11-15 13:49:44.892551,0 days 00:00:00.531979,0.7000000000000001,10,1.25,0.8,5,95,COMPLETE
6137,6137,18307.0,2023-11-15 13:49:44.895096,2023-11-15 13:49:45.424035,0 days 00:00:00.528939,0.9,10,1.25,0.8,38,100,COMPLETE
6138,6138,18022.0,2023-11-15 13:49:45.426120,2023-11-15 13:49:45.956197,0 days 00:00:00.530077,0.8,10,1.0,0.8,16,98,COMPLETE
6139,6139,18116.5,2023-11-15 13:49:45.958896,2023-11-15 13:49:46.491071,0 days 00:00:00.532175,0.8,10,1.25,0.7000000000000001,20,96,COMPLETE
6140,6140,18492.5,2023-11-15 13:49:46.493651,2023-11-15 13:49:47.036460,0 days 00:00:00.542809,0.8,10,1.25,0.8,2,100,COMPLETE
6141,6141,18398.5,2023-11-15 13:49:47.038830,2023-11-15 13:49:47.571796,0 days 00:00:00.532966,0.8,10,1.5,0.8,9,98,COMPLETE
6142,6142,18392.5,2023-11-15 13:49:47.574303,2023-11-15 13:49:48.101483,0 days 00:00:00.527180,0.8,10,1.75,0.8,14,93,COMPLETE
6143,6143,18218.0,2023-11-15 13:49:48.103738,2023-11-15 13:49:48.640747,0 days 00:00:00.537009,0.8,10,1.25,0.8,22,97,COMPLETE
6144,6144,18013.5,2023-11-15 13:49:48.643287,2023-11-15 13:49:49.169628,0 days 00:00:00.526341,0.8,20,1.25,0.8,18,100,COMPLETE
6145,6145,17747.25,2023-11-15 13:49:49.172036,2023-11-15 13:49:49.708983,0 days 00:00:00.536947,0.8,10,1.25,0.9,7,95,COMPLETE
6146,6146,15424.25,2023-11-15 13:49:49.711067,2023-11-15 13:49:50.274934,0 days 00:00:00.563867,0.8,60,1.0,0.8,16,98,COMPLETE
6147,6147,18681.25,2023-11-15 13:49:50.277094,2023-11-15 13:49:50.810619,0 days 00:00:00.533525,0.8,10,1.25,0.8,12,99,COMPLETE
6148,6148,18301.75,2023-11-15 13:49:50.812838,2023-11-15 13:49:51.352694,0 days 00:00:00.539856,0.8,10,1.25,0.8,25,96,COMPLETE
6149,6149,18312.25,2023-11-15 13:49:51.355256,2023-11-15 13:49:51.892601,0 days 00:00:00.537345,0.8,10,0.75,0.9,19,100,COMPLETE
6150,6150,18319.5,2023-11-15 13:49:51.894724,2023-11-15 13:49:52.440823,0 days 00:00:00.546099,0.8,10,1.5,0.8,14,97,COMPLETE
6151,6151,18023.5,2023-11-15 13:49:52.443148,2023-11-15 13:49:52.976573,0 days 00:00:00.533425,0.8,10,1.25,0.8,4,98,COMPLETE
6152,6152,199.5,2023-11-15 13:49:52.978630,2023-11-15 13:49:53.766210,0 days 00:00:00.787580,0.1,10,1.25,0.8,0,94,COMPLETE
6153,6153,18216.0,2023-11-15 13:49:53.768337,2023-11-15 13:49:54.304978,0 days 00:00:00.536641,0.7000000000000001,10,1.25,0.7000000000000001,33,100,COMPLETE
6154,6154,18497.5,2023-11-15 13:49:54.307943,2023-11-15 13:49:54.836668,0 days 00:00:00.528725,0.8,10,1.0,0.8,10,96,COMPLETE
6155,6155,18209.5,2023-11-15 13:49:54.839080,2023-11-15 13:49:55.365606,0 days 00:00:00.526526,0.9,10,1.25,0.8,27,98,COMPLETE
6156,6156,18022.25,2023-11-15 13:49:55.367654,2023-11-15 13:49:55.896425,0 days 00:00:00.528771,0.8,10,1.25,0.8,17,73,COMPLETE
6157,6157,17437.25,2023-11-15 13:49:55.898781,2023-11-15 13:49:56.453173,0 days 00:00:00.554392,0.8,20,0.25,0.8,22,100,COMPLETE
6158,6158,18400.5,2023-11-15 13:49:56.455342,2023-11-15 13:49:56.990412,0 days 00:00:00.535070,0.8,10,1.5,0.6,6,97,COMPLETE
6159,6159,18310.75,2023-11-15 13:49:56.992681,2023-11-15 13:49:57.545816,0 days 00:00:00.553135,0.8,10,1.25,0.8,19,92,COMPLETE
6160,6160,18410.75,2023-11-15 13:49:57.547900,2023-11-15 13:49:58.071919,0 days 00:00:00.524019,0.8,10,1.25,0.8,14,94,COMPLETE
6161,6161,18587.75,2023-11-15 13:49:58.074803,2023-11-15 13:49:58.596948,0 days 00:00:00.522145,0.8,10,1.25,0.9,8,99,COMPLETE
6162,6162,18395.25,2023-11-15 13:49:58.599081,2023-11-15 13:49:59.119830,0 days 00:00:00.520749,0.8,10,1.5,0.8,4,96,COMPLETE
6163,6163,18023.5,2023-11-15 13:49:59.122269,2023-11-15 13:49:59.654019,0 days 00:00:00.531750,0.8,10,1.25,0.8,16,98,COMPLETE
6164,6164,18492.5,2023-11-15 13:49:59.656875,2023-11-15 13:50:00.191702,0 days 00:00:00.534827,0.8,10,1.25,0.8,20,100,COMPLETE
6165,6165,18209.5,2023-11-15 13:50:00.193995,2023-11-15 13:50:00.732875,0 days 00:00:00.538880,0.7000000000000001,10,3.0,0.8,12,98,COMPLETE
6166,6166,17740.75,2023-11-15 13:50:00.750927,2023-11-15 13:50:01.305059,0 days 00:00:00.554132,0.8,10,1.0,0.7000000000000001,24,95,COMPLETE
6167,6167,18492.5,2023-11-15 13:50:01.307835,2023-11-15 13:50:01.837218,0 days 00:00:00.529383,0.8,10,1.25,0.8,2,100,COMPLETE
6168,6168,17466.25,2023-11-15 13:50:01.839583,2023-11-15 13:50:02.381770,0 days 00:00:00.542187,0.8,20,1.0,0.8,17,97,COMPLETE
6169,6169,18302.25,2023-11-15 13:50:02.383812,2023-11-15 13:50:02.924481,0 days 00:00:00.540669,0.9,10,1.25,0.8,10,98,COMPLETE
6170,6170,18209.0,2023-11-15 13:50:02.926758,2023-11-15 13:50:03.454436,0 days 00:00:00.527678,0.8,10,1.25,0.8,14,89,COMPLETE
6171,6171,18306.25,2023-11-15 13:50:03.457125,2023-11-15 13:50:03.991000,0 days 00:00:00.533875,0.8,10,1.25,0.9,18,100,COMPLETE
6172,6172,18394.5,2023-11-15 13:50:03.993624,2023-11-15 13:50:04.543198,0 days 00:00:00.549574,0.8,10,1.25,0.8,6,96,COMPLETE
6173,6173,18305.25,2023-11-15 13:50:04.545645,2023-11-15 13:50:05.077959,0 days 00:00:00.532314,0.8,10,1.5,0.8,21,98,COMPLETE
6174,6174,18026.5,2023-11-15 13:50:05.080063,2023-11-15 13:50:05.614164,0 days 00:00:00.534101,0.6,10,1.25,0.7000000000000001,15,94,COMPLETE
6175,6175,17919.25,2023-11-15 13:50:05.616363,2023-11-15 13:50:06.158569,0 days 00:00:00.542206,0.8,20,1.75,0.8,8,99,COMPLETE
6176,6176,16818.75,2023-11-15 13:50:06.160974,2023-11-15 13:50:06.695942,0 days 00:00:00.534968,0.8,40,1.25,0.8,12,96,COMPLETE
6177,6177,199.5,2023-11-15 13:50:06.698178,2023-11-15 13:50:07.492347,0 days 00:00:00.794169,0.8,10,1.25,0.8,0,100,COMPLETE
6178,6178,18023.5,2023-11-15 13:50:07.494597,2023-11-15 13:50:08.041486,0 days 00:00:00.546889,0.8,10,1.25,0.8,19,98,COMPLETE
6179,6179,18395.25,2023-11-15 13:50:08.043781,2023-11-15 13:50:08.576573,0 days 00:00:00.532792,0.8,10,1.5,0.8,4,96,COMPLETE
6180,6180,18399.5,2023-11-15 13:50:08.578709,2023-11-15 13:50:09.115192,0 days 00:00:00.536483,0.8,10,1.25,0.8,23,100,COMPLETE
6181,6181,18022.0,2023-11-15 13:50:09.117714,2023-11-15 13:50:09.647702,0 days 00:00:00.529988,0.8,10,1.0,0.8,17,98,COMPLETE
6182,6182,18115.25,2023-11-15 13:50:09.649791,2023-11-15 13:50:10.177323,0 days 00:00:00.527532,0.7000000000000001,10,1.25,0.4,2,94,COMPLETE
6183,6183,18217.25,2023-11-15 13:50:10.179842,2023-11-15 13:50:10.718126,0 days 00:00:00.538284,0.8,10,1.25,0.9,15,97,COMPLETE
6184,6184,18491.25,2023-11-15 13:50:10.720197,2023-11-15 13:50:11.256234,0 days 00:00:00.536037,0.7000000000000001,10,1.25,0.8,10,99,COMPLETE
6185,6185,18301.75,2023-11-15 13:50:11.266692,2023-11-15 13:50:11.814398,0 days 00:00:00.547706,0.8,10,1.25,0.8,20,96,COMPLETE
6186,6186,18107.75,2023-11-15 13:50:11.816562,2023-11-15 13:50:12.353109,0 days 00:00:00.536547,0.9,20,1.5,0.8,13,100,COMPLETE
6187,6187,18022.0,2023-11-15 13:50:12.355376,2023-11-15 13:50:12.892485,0 days 00:00:00.537109,0.8,10,1.0,0.8,6,98,COMPLETE
6188,6188,18205.75,2023-11-15 13:50:12.895085,2023-11-15 13:50:13.442630,0 days 00:00:00.547545,0.8,10,2.0,0.8,17,94,COMPLETE
6189,6189,18217.75,2023-11-15 13:50:13.444738,2023-11-15 13:50:13.981496,0 days 00:00:00.536758,0.8,10,1.25,0.7000000000000001,22,97,COMPLETE
6190,6190,13720.25,2023-11-15 13:50:13.983795,2023-11-15 13:50:14.549037,0 days 00:00:00.565242,0.8,80,1.25,0.8,8,100,COMPLETE
6191,6191,14298.25,2023-11-15 13:50:14.551270,2023-11-15 13:50:15.126647,0 days 00:00:00.575377,0.8,70,1.25,0.8,15,92,COMPLETE
6192,6192,18117.5,2023-11-15 13:50:15.129146,2023-11-15 13:50:15.669707,0 days 00:00:00.540561,0.5,10,1.25,0.8,4,98,COMPLETE
6193,6193,17835.75,2023-11-15 13:50:15.672052,2023-11-15 13:50:16.212102,0 days 00:00:00.540050,0.8,10,1.0,0.8,19,95,COMPLETE
6194,6194,18309.75,2023-11-15 13:50:16.214461,2023-11-15 13:50:16.744085,0 days 00:00:00.529624,0.8,10,1.5,0.5,11,100,COMPLETE
6195,6195,17839.0,2023-11-15 13:50:16.746465,2023-11-15 13:50:17.282860,0 days 00:00:00.536395,0.8,20,1.25,0.8,13,97,COMPLETE
6196,6196,18265.25,2023-11-15 13:50:17.285187,2023-11-15 13:50:17.819513,0 days 00:00:00.534326,0.8,10,1.25,0.9,29,98,COMPLETE
6197,6197,17660.0,2023-11-15 13:50:17.821787,2023-11-15 13:50:18.381066,0 days 00:00:00.559279,0.4,10,1.25,0.8,17,96,COMPLETE
6198,6198,18399.5,2023-11-15 13:50:18.383113,2023-11-15 13:50:18.924506,0 days 00:00:00.541393,0.9,10,1.25,0.8,2,100,COMPLETE
6199,6199,18023.5,2023-11-15 13:50:18.926647,2023-11-15 13:50:19.463115,0 days 00:00:00.536468,0.8,10,1.25,0.8,20,98,COMPLETE
6200,6200,17831.25,2023-11-15 13:50:19.465216,2023-11-15 13:50:19.999187,0 days 00:00:00.533971,0.8,10,1.5,0.8,6,95,COMPLETE
6201,6201,18120.75,2023-11-15 13:50:20.001385,2023-11-15 13:50:20.537667,0 days 00:00:00.536282,0.8,10,1.25,0.7000000000000001,16,99,COMPLETE
6202,6202,16777.25,2023-11-15 13:50:20.540440,2023-11-15 13:50:21.088080,0 days 00:00:00.547640,0.2,10,1.25,0.8,9,100,COMPLETE
6203,6203,18036.5,2023-11-15 13:50:21.090946,2023-11-15 13:50:21.646826,0 days 00:00:00.555880,0.8,10,1.0,0.8,43,97,COMPLETE
6204,6204,18207.75,2023-11-15 13:50:21.649084,2023-11-15 13:50:22.179212,0 days 00:00:00.530128,0.8,10,1.25,0.8,24,93,COMPLETE
6205,6205,17378.5,2023-11-15 13:50:22.181425,2023-11-15 13:50:22.722202,0 days 00:00:00.540777,0.30000000000000004,20,1.25,0.9,13,98,COMPLETE
6206,6206,12396.25,2023-11-15 13:50:22.724737,2023-11-15 13:50:23.255834,0 days 00:00:00.531097,0.8,10,1.25,0.8,18,22,COMPLETE
6207,6207,18301.75,2023-11-15 13:50:23.258211,2023-11-15 13:50:23.787015,0 days 00:00:00.528804,0.8,10,1.25,0.8,21,96,COMPLETE
6208,6208,18492.5,2023-11-15 13:50:23.790065,2023-11-15 13:50:24.321924,0 days 00:00:00.531859,0.8,10,1.25,0.8,15,100,COMPLETE
6209,6209,18305.25,2023-11-15 13:50:24.324507,2023-11-15 13:50:24.878232,0 days 00:00:00.553725,0.8,10,1.5,0.8,4,98,COMPLETE
6210,6210,17837.5,2023-11-15 13:50:24.880287,2023-11-15 13:50:25.419309,0 days 00:00:00.539022,0.7000000000000001,10,1.25,0.8,11,95,COMPLETE
6211,6211,199.5,2023-11-15 13:50:25.421631,2023-11-15 13:50:26.213474,0 days 00:00:00.791843,0.8,10,1.0,0.9,0,100,COMPLETE
6212,6212,18218.5,2023-11-15 13:50:26.215575,2023-11-15 13:50:26.747940,0 days 00:00:00.532365,0.9,10,1.25,0.8,18,97,COMPLETE
6213,6213,17925.0,2023-11-15 13:50:26.750614,2023-11-15 13:50:27.291806,0 days 00:00:00.541192,0.8,20,1.75,0.8,6,98,COMPLETE
6214,6214,18681.25,2023-11-15 13:50:27.294295,2023-11-15 13:50:27.832435,0 days 00:00:00.538140,0.8,10,1.25,0.8,16,99,COMPLETE
6215,6215,17952.0,2023-11-15 13:50:27.834478,2023-11-15 13:50:28.376452,0 days 00:00:00.541974,0.8,10,0.5,0.7000000000000001,8,96,COMPLETE
6216,6216,18399.0,2023-11-15 13:50:28.378696,2023-11-15 13:50:28.931023,0 days 00:00:00.552327,0.8,10,1.25,0.8,22,100,COMPLETE
6217,6217,17940.25,2023-11-15 13:50:28.933345,2023-11-15 13:50:29.466975,0 days 00:00:00.533630,0.8,10,1.0,0.8,71,94,COMPLETE
6218,6218,17665.75,2023-11-15 13:50:29.469251,2023-11-15 13:50:30.010216,0 days 00:00:00.540965,0.8,10,1.25,0.8,87,98,COMPLETE
6219,6219,18319.5,2023-11-15 13:50:30.012477,2023-11-15 13:50:30.541929,0 days 00:00:00.529452,0.8,10,1.5,0.8,14,97,COMPLETE
6220,6220,18310.0,2023-11-15 13:50:30.544248,2023-11-15 13:50:31.084315,0 days 00:00:00.540067,0.7000000000000001,10,1.25,0.7000000000000001,26,100,COMPLETE
6221,6221,18112.5,2023-11-15 13:50:31.086461,2023-11-15 13:50:31.628562,0 days 00:00:00.542101,0.8,10,1.25,0.8,3,95,COMPLETE
6222,6222,17665.75,2023-11-15 13:50:31.630681,2023-11-15 13:50:32.199189,0 days 00:00:00.568508,0.8,10,1.25,0.8,84,98,COMPLETE
6223,6223,18310.75,2023-11-15 13:50:32.201303,2023-11-15 13:50:32.736955,0 days 00:00:00.535652,0.8,10,1.25,0.8,12,92,COMPLETE
6224,6224,15931.5,2023-11-15 13:50:32.739486,2023-11-15 13:50:33.281257,0 days 00:00:00.541771,0.8,20,1.5,0.9,10,60,COMPLETE
6225,6225,18301.75,2023-11-15 13:50:33.283396,2023-11-15 13:50:33.811783,0 days 00:00:00.528387,0.8,10,1.25,0.8,19,96,COMPLETE
6226,6226,18238.5,2023-11-15 13:50:33.814282,2023-11-15 13:50:34.348583,0 days 00:00:00.534301,0.8,10,1.0,0.8,16,100,COMPLETE
6227,6227,17751.25,2023-11-15 13:50:34.350760,2023-11-15 13:50:34.893028,0 days 00:00:00.542268,0.9,10,1.25,0.30000000000000004,20,98,COMPLETE
6228,6228,18394.5,2023-11-15 13:50:34.895103,2023-11-15 13:50:35.436171,0 days 00:00:00.541068,0.8,10,1.25,0.8,14,96,COMPLETE
6229,6229,18681.25,2023-11-15 13:50:35.438678,2023-11-15 13:50:36.088037,0 days 00:00:00.649359,0.8,10,1.25,0.8,5,99,COMPLETE
6230,6230,18401.5,2023-11-15 13:50:36.090975,2023-11-15 13:50:36.723642,0 days 00:00:00.632667,0.7000000000000001,10,1.25,0.8,17,100,COMPLETE
6231,6231,16287.0,2023-11-15 13:50:36.726743,2023-11-15 13:50:37.367187,0 days 00:00:00.640444,0.8,40,1.5,0.8,8,90,COMPLETE
6232,6232,13133.5,2023-11-15 13:50:37.369584,2023-11-15 13:50:37.992599,0 days 00:00:00.623015,0.8,90,1.25,0.8,2,94,COMPLETE
6233,6233,9880.25,2023-11-15 13:50:37.994707,2023-11-15 13:50:38.537388,0 days 00:00:00.542681,0.8,10,1.25,0.7000000000000001,23,16,COMPLETE
6234,6234,18265.25,2023-11-15 13:50:38.539722,2023-11-15 13:50:39.077745,0 days 00:00:00.538023,0.8,10,1.25,0.9,12,98,COMPLETE
6235,6235,16703.75,2023-11-15 13:50:39.079802,2023-11-15 13:50:39.626612,0 days 00:00:00.546810,0.8,20,1.0,0.8,18,50,COMPLETE
6236,6236,18040.5,2023-11-15 13:50:39.628832,2023-11-15 13:50:40.159603,0 days 00:00:00.530771,0.9,10,1.25,0.8,20,75,COMPLETE
6237,6237,16564.0,2023-11-15 13:50:40.161724,2023-11-15 13:50:40.702329,0 days 00:00:00.540605,0.8,10,1.75,0.8,65,54,COMPLETE
6238,6238,17918.25,2023-11-15 13:50:40.704715,2023-11-15 13:50:41.255673,0 days 00:00:00.550958,0.8,10,0.75,0.8,14,96,COMPLETE
6239,6239,18023.5,2023-11-15 13:50:41.258326,2023-11-15 13:50:41.799974,0 days 00:00:00.541648,0.8,10,1.25,0.8,7,98,COMPLETE
6240,6240,18492.5,2023-11-15 13:50:41.802457,2023-11-15 13:50:42.341718,0 days 00:00:00.539261,0.8,10,1.25,0.8,10,100,COMPLETE
6241,6241,18218.0,2023-11-15 13:50:42.344438,2023-11-15 13:50:42.900510,0 days 00:00:00.556072,0.8,10,1.25,0.8,4,97,COMPLETE
6242,6242,17755.25,2023-11-15 13:50:42.902822,2023-11-15 13:50:43.452626,0 days 00:00:00.549804,0.8,10,1.25,0.2,16,99,COMPLETE
6243,6243,18395.25,2023-11-15 13:50:43.455107,2023-11-15 13:50:43.990766,0 days 00:00:00.535659,0.8,10,1.5,0.8,21,96,COMPLETE
6244,6244,18492.5,2023-11-15 13:50:43.993532,2023-11-15 13:50:44.524240,0 days 00:00:00.530708,0.8,10,1.25,0.8,12,100,COMPLETE
6245,6245,17834.0,2023-11-15 13:50:44.526683,2023-11-15 13:50:45.063264,0 days 00:00:00.536581,0.8,20,1.25,0.9,18,93,COMPLETE
6246,6246,18296.75,2023-11-15 13:50:45.065472,2023-11-15 13:50:45.605396,0 days 00:00:00.539924,0.7000000000000001,10,1.25,0.8,15,98,COMPLETE
6247,6247,15770.0,2023-11-15 13:50:45.608078,2023-11-15 13:50:46.186075,0 days 00:00:00.577997,0.8,50,1.0,0.8,2,95,COMPLETE
6248,6248,18400.5,2023-11-15 13:50:46.189430,2023-11-15 13:50:46.734534,0 days 00:00:00.545104,0.8,10,1.25,0.6,6,97,COMPLETE
6249,6249,199.5,2023-11-15 13:50:46.736782,2023-11-15 13:50:47.534986,0 days 00:00:00.798204,0.8,10,1.5,0.7000000000000001,0,100,COMPLETE
6250,6250,18023.5,2023-11-15 13:50:47.537397,2023-11-15 13:50:48.077967,0 days 00:00:00.540570,0.8,10,1.25,0.8,9,98,COMPLETE
6251,6251,18361.0,2023-11-15 13:50:48.080132,2023-11-15 13:50:48.631933,0 days 00:00:00.551801,0.9,10,1.0,0.8,24,100,COMPLETE
6252,6252,18301.75,2023-11-15 13:50:48.634155,2023-11-15 13:50:49.183326,0 days 00:00:00.549171,0.8,10,1.25,0.8,19,96,COMPLETE
6253,6253,18023.5,2023-11-15 13:50:49.185443,2023-11-15 13:50:49.752126,0 days 00:00:00.566683,0.8,10,1.25,0.8,16,98,COMPLETE
6254,6254,17927.5,2023-11-15 13:50:49.754204,2023-11-15 13:50:50.307354,0 days 00:00:00.553150,0.7000000000000001,10,1.5,0.8,22,94,COMPLETE
6255,6255,18023.5,2023-11-15 13:50:50.309642,2023-11-15 13:50:50.845086,0 days 00:00:00.535444,0.8,10,1.25,0.8,14,98,COMPLETE
6256,6256,18306.25,2023-11-15 13:50:50.847225,2023-11-15 13:50:51.393550,0 days 00:00:00.546325,0.8,10,1.25,0.9,36,100,COMPLETE
6257,6257,18497.5,2023-11-15 13:50:51.395731,2023-11-15 13:50:51.931156,0 days 00:00:00.535425,0.8,10,1.0,0.8,18,96,COMPLETE
6258,6258,12619.0,2023-11-15 13:50:51.933276,2023-11-15 13:50:52.506497,0 days 00:00:00.573221,0.8,100,1.25,0.7000000000000001,5,98,COMPLETE
6259,6259,18013.5,2023-11-15 13:50:52.508869,2023-11-15 13:50:53.060532,0 days 00:00:00.551663,0.8,20,1.25,0.8,12,100,COMPLETE
6260,6260,17831.25,2023-11-15 13:50:53.063437,2023-11-15 13:50:53.601374,0 days 00:00:00.537937,0.8,10,1.5,0.8,21,95,COMPLETE
6261,6261,18218.0,2023-11-15 13:50:53.603600,2023-11-15 13:50:54.151874,0 days 00:00:00.548274,0.8,10,1.25,0.8,8,97,COMPLETE
6262,6262,18681.25,2023-11-15 13:50:54.154237,2023-11-15 13:50:54.695418,0 days 00:00:00.541181,0.8,10,1.25,0.8,17,99,COMPLETE
6263,6263,18217.25,2023-11-15 13:50:54.697549,2023-11-15 13:50:55.267395,0 days 00:00:00.569846,0.8,10,1.25,0.9,10,97,COMPLETE
6264,6264,18396.25,2023-11-15 13:50:55.270779,2023-11-15 13:50:55.842230,0 days 00:00:00.571451,0.9,10,1.25,0.8,3,93,COMPLETE
6265,6265,18492.5,2023-11-15 13:50:55.844995,2023-11-15 13:50:56.437453,0 days 00:00:00.592458,0.8,10,1.25,0.8,14,100,COMPLETE
6266,6266,18071.75,2023-11-15 13:50:56.440422,2023-11-15 13:50:57.009448,0 days 00:00:00.569026,0.6,10,1.0,0.8,19,98,COMPLETE
6267,6267,16820.5,2023-11-15 13:50:57.011581,2023-11-15 13:50:57.590544,0 days 00:00:00.578963,0.8,30,1.25,0.8,15,95,COMPLETE
6268,6268,17925.0,2023-11-15 13:50:57.592910,2023-11-15 13:50:58.152655,0 days 00:00:00.559745,0.8,20,1.75,0.8,6,98,COMPLETE
6269,6269,18398.25,2023-11-15 13:50:58.154951,2023-11-15 13:50:58.723047,0 days 00:00:00.568096,0.8,10,1.25,0.8,13,100,COMPLETE
6270,6270,15242.75,2023-11-15 13:50:58.725484,2023-11-15 13:50:59.299375,0 days 00:00:00.573891,0.7000000000000001,60,1.5,0.8,17,96,COMPLETE
6271,6271,18117.5,2023-11-15 13:50:59.302192,2023-11-15 13:50:59.884712,0 days 00:00:00.582520,0.8,10,1.25,0.9,25,98,COMPLETE
6272,6272,18399.0,2023-11-15 13:50:59.886955,2023-11-15 13:51:00.443492,0 days 00:00:00.556537,0.8,10,1.25,0.8,11,100,COMPLETE
6273,6273,18498.0,2023-11-15 13:51:00.445595,2023-11-15 13:51:01.001330,0 days 00:00:00.555735,0.8,10,1.0,0.8,20,96,COMPLETE
6274,6274,18023.5,2023-11-15 13:51:01.003455,2023-11-15 13:51:01.548567,0 days 00:00:00.545112,0.8,10,1.25,0.8,22,98,COMPLETE
