,number,value,datetime_start,datetime_complete,duration,params_alpha,params_decay_interval,params_decay_rate,params_gamma,params_initialization,params_max_steps,state
9653,9653,17931.25,2023-11-15 14:32:35.605325,2023-11-15 14:32:36.477645,0 days 00:00:00.872320,0.9,10,1.5,0.8,12,98,COMPLETE
9654,9654,18217.25,2023-11-15 14:32:36.481010,2023-11-15 14:32:37.358719,0 days 00:00:00.877709,0.8,10,1.25,0.9,17,97,COMPLETE
9655,9655,18027.25,2023-11-15 14:32:37.361522,2023-11-15 14:32:38.218737,0 days 00:00:00.857215,0.8,10,1.0,0.8,8,94,COMPLETE
9656,9656,18024.25,2023-11-15 14:32:38.221846,2023-11-15 14:32:39.088899,0 days 00:00:00.867053,0.6,10,1.25,0.8,35,99,COMPLETE
9657,9657,18401.5,2023-11-15 14:32:39.092733,2023-11-15 14:32:39.933165,0 days 00:00:00.840432,0.7000000000000001,10,1.25,0.8,19,100,COMPLETE
9658,9658,18394.5,2023-11-15 14:32:39.936346,2023-11-15 14:32:40.800987,0 days 00:00:00.864641,0.8,10,1.25,0.8,13,96,COMPLETE
9659,9659,17925.0,2023-11-15 14:32:40.804530,2023-11-15 14:32:41.773455,0 days 00:00:00.968925,0.8,20,1.5,0.8,2,98,COMPLETE
9660,9660,18027.75,2023-11-15 14:32:41.777216,2023-11-15 14:32:42.641399,0 days 00:00:00.864183,0.8,10,1.25,0.7000000000000001,15,100,COMPLETE
9661,9661,8075.5,2023-11-15 14:32:42.644200,2023-11-15 14:32:43.475750,0 days 00:00:00.831550,0.8,10,1.25,0.8,9,13,COMPLETE
9662,9662,18323.25,2023-11-15 14:32:43.478759,2023-11-15 14:32:44.319473,0 days 00:00:00.840714,0.8,10,1.0,0.9,4,97,COMPLETE
9663,9663,17837.25,2023-11-15 14:32:44.322529,2023-11-15 14:32:45.184392,0 days 00:00:00.861863,0.8,10,1.25,0.8,19,95,COMPLETE
9664,9664,18212.75,2023-11-15 14:32:45.187347,2023-11-15 14:32:46.051289,0 days 00:00:00.863942,0.8,10,1.25,0.8,21,92,COMPLETE
9665,9665,18023.5,2023-11-15 14:32:46.054122,2023-11-15 14:32:46.895579,0 days 00:00:00.841457,0.8,10,1.25,0.8,16,98,COMPLETE
9666,9666,18026.0,2023-11-15 14:32:46.898550,2023-11-15 14:32:47.759146,0 days 00:00:00.860596,0.8,10,1.5,0.8,59,99,COMPLETE
9667,9667,18209.25,2023-11-15 14:32:47.762258,2023-11-15 14:32:48.613708,0 days 00:00:00.851450,0.9,10,1.25,0.8,7,96,COMPLETE
9668,9668,18492.5,2023-11-15 14:32:48.616771,2023-11-15 14:32:49.484312,0 days 00:00:00.867541,0.8,10,1.25,0.8,12,100,COMPLETE
9669,9669,18023.5,2023-11-15 14:32:49.487051,2023-11-15 14:32:50.315283,0 days 00:00:00.828232,0.8,10,1.25,0.8,18,98,COMPLETE
9670,9670,17466.25,2023-11-15 14:32:50.318530,2023-11-15 14:32:51.162651,0 days 00:00:00.844121,0.8,20,1.0,0.8,14,97,COMPLETE
9671,9671,17367.0,2023-11-15 14:32:51.165755,2023-11-15 14:32:51.998170,0 days 00:00:00.832415,0.8,10,1.75,0.8,24,58,COMPLETE
9672,9672,18021.25,2023-11-15 14:32:52.001341,2023-11-15 14:32:52.849169,0 days 00:00:00.847828,0.7000000000000001,10,1.25,0.7000000000000001,4,94,COMPLETE
9673,9673,18492.5,2023-11-15 14:32:52.852389,2023-11-15 14:32:53.740893,0 days 00:00:00.888504,0.8,10,1.25,0.8,6,100,COMPLETE
9674,9674,18114.25,2023-11-15 14:32:53.744900,2023-11-15 14:32:54.587381,0 days 00:00:00.842481,0.8,10,1.25,0.8,16,84,COMPLETE
9675,9675,18023.5,2023-11-15 14:32:54.590202,2023-11-15 14:32:55.496623,0 days 00:00:00.906421,0.8,10,1.25,0.8,11,98,COMPLETE
9676,9676,18301.5,2023-11-15 14:32:55.500388,2023-11-15 14:32:56.439293,0 days 00:00:00.938905,0.8,10,1.5,0.9,22,96,COMPLETE
9677,9677,18492.5,2023-11-15 14:32:56.442123,2023-11-15 14:32:57.290392,0 days 00:00:00.848269,0.8,10,1.25,0.8,2,100,COMPLETE
9678,9678,17830.75,2023-11-15 14:32:57.293384,2023-11-15 14:32:58.126272,0 days 00:00:00.832888,0.8,20,1.25,0.8,20,98,COMPLETE
9679,9679,15611.25,2023-11-15 14:32:58.129454,2023-11-15 14:32:58.989544,0 days 00:00:00.860090,0.8,50,0.75,0.8,18,95,COMPLETE
9680,9680,18266.5,2023-11-15 14:32:58.992721,2023-11-15 14:32:59.850107,0 days 00:00:00.857386,0.8,10,1.0,0.8,9,100,COMPLETE
9681,9681,18400.75,2023-11-15 14:32:59.852902,2023-11-15 14:33:00.714042,0 days 00:00:00.861140,0.9,10,1.5,0.8,13,97,COMPLETE
9682,9682,18206.75,2023-11-15 14:33:00.717182,2023-11-15 14:33:01.558672,0 days 00:00:00.841490,0.7000000000000001,10,1.25,0.9,16,93,COMPLETE
9683,9683,18209.5,2023-11-15 14:33:01.561673,2023-11-15 14:33:02.409725,0 days 00:00:00.848052,0.8,10,1.25,0.7000000000000001,6,98,COMPLETE
9684,9684,18394.5,2023-11-15 14:33:02.412653,2023-11-15 14:33:03.250481,0 days 00:00:00.837828,0.8,10,1.25,0.8,10,96,COMPLETE
9685,9685,18492.5,2023-11-15 14:33:03.280218,2023-11-15 14:33:04.132113,0 days 00:00:00.851895,0.8,10,1.25,0.8,19,100,COMPLETE
9686,9686,199.5,2023-11-15 14:33:04.134979,2023-11-15 14:33:05.258523,0 days 00:00:01.123544,0.8,10,1.0,0.8,0,98,COMPLETE
9687,9687,17919.25,2023-11-15 14:33:05.267113,2023-11-15 14:33:06.231714,0 days 00:00:00.964601,0.8,20,1.25,0.8,15,99,COMPLETE
9688,9688,18301.75,2023-11-15 14:33:06.234507,2023-11-15 14:33:07.084760,0 days 00:00:00.850253,0.8,10,1.25,0.8,21,96,COMPLETE
9689,9689,17739.75,2023-11-15 14:33:07.087888,2023-11-15 14:33:07.952689,0 days 00:00:00.864801,0.5,10,1.25,0.8,26,79,COMPLETE
9690,9690,18048.75,2023-11-15 14:33:07.956168,2023-11-15 14:33:08.824462,0 days 00:00:00.868294,0.7000000000000001,10,0.5,0.8,4,94,COMPLETE
9691,9691,17846.25,2023-11-15 14:33:08.827304,2023-11-15 14:33:09.752808,0 days 00:00:00.925504,0.8,10,1.25,0.5,17,90,COMPLETE
9692,9692,18400.5,2023-11-15 14:33:09.756766,2023-11-15 14:33:10.746029,0 days 00:00:00.989263,0.8,10,1.5,0.9,13,100,COMPLETE
9693,9693,14633.5,2023-11-15 14:33:10.749076,2023-11-15 14:33:11.623977,0 days 00:00:00.874901,0.1,10,1.25,0.8,11,98,COMPLETE
9694,9694,18109.0,2023-11-15 14:33:11.627405,2023-11-15 14:33:12.477955,0 days 00:00:00.850550,0.9,20,1.25,0.8,7,96,COMPLETE
9695,9695,18399.0,2023-11-15 14:33:12.481163,2023-11-15 14:33:13.368110,0 days 00:00:00.886947,0.8,10,2.0,0.8,14,98,COMPLETE
9696,9696,18266.5,2023-11-15 14:33:13.371029,2023-11-15 14:33:14.210535,0 days 00:00:00.839506,0.8,10,1.0,0.8,18,100,COMPLETE
9697,9697,18311.75,2023-11-15 14:33:14.214103,2023-11-15 14:33:15.052439,0 days 00:00:00.838336,0.8,10,1.5,0.8,22,97,COMPLETE
9698,9698,18492.5,2023-11-15 14:33:15.055326,2023-11-15 14:33:15.902044,0 days 00:00:00.846718,0.8,10,1.25,0.8,2,100,COMPLETE
9699,9699,17837.25,2023-11-15 14:33:15.905012,2023-11-15 14:33:16.782466,0 days 00:00:00.877454,0.8,10,1.25,0.8,9,95,COMPLETE
9700,9700,14703.5,2023-11-15 14:33:16.785688,2023-11-15 14:33:17.632703,0 days 00:00:00.847015,0.8,10,1.25,0.7000000000000001,16,34,COMPLETE
9701,9701,18023.5,2023-11-15 14:33:17.635812,2023-11-15 14:33:18.481628,0 days 00:00:00.845816,0.8,10,1.25,0.8,20,98,COMPLETE
9702,9702,18310.75,2023-11-15 14:33:18.485346,2023-11-15 14:33:19.328554,0 days 00:00:00.843208,0.8,10,1.25,0.8,7,92,COMPLETE
9703,9703,18305.25,2023-11-15 14:33:19.332117,2023-11-15 14:33:20.195374,0 days 00:00:00.863257,0.7000000000000001,10,1.25,0.9,4,97,COMPLETE
9704,9704,18209.75,2023-11-15 14:33:20.198856,2023-11-15 14:33:21.066627,0 days 00:00:00.867771,0.8,10,1.5,0.8,24,99,COMPLETE
9705,9705,17182.5,2023-11-15 14:33:21.070427,2023-11-15 14:33:21.926225,0 days 00:00:00.855798,0.9,20,1.0,0.8,12,95,COMPLETE
9706,9706,17359.25,2023-11-15 14:33:21.929084,2023-11-15 14:33:22.779262,0 days 00:00:00.850178,0.8,30,1.75,0.8,18,100,COMPLETE
9707,9707,18214.0,2023-11-15 14:33:22.782304,2023-11-15 14:33:23.657352,0 days 00:00:00.875048,0.8,10,3.0,0.8,15,98,COMPLETE
9708,9708,18488.75,2023-11-15 14:33:23.660397,2023-11-15 14:33:24.586955,0 days 00:00:00.926558,0.8,10,2.25,0.7000000000000001,20,96,COMPLETE
9709,9709,18399.0,2023-11-15 14:33:24.590480,2023-11-15 14:33:25.564602,0 days 00:00:00.974122,0.8,10,1.25,0.8,17,100,COMPLETE
9710,9710,18023.5,2023-11-15 14:33:25.568019,2023-11-15 14:33:26.432841,0 days 00:00:00.864822,0.8,10,1.25,0.8,14,98,COMPLETE
9711,9711,18400.0,2023-11-15 14:33:26.435814,2023-11-15 14:33:27.317568,0 days 00:00:00.881754,0.8,10,1.25,0.9,5,94,COMPLETE
9712,9712,18218.0,2023-11-15 14:33:27.320481,2023-11-15 14:33:28.165669,0 days 00:00:00.845188,0.8,10,1.25,0.8,9,97,COMPLETE
9713,9713,13089.5,2023-11-15 14:33:28.168551,2023-11-15 14:33:29.059253,0 days 00:00:00.890702,0.8,90,1.5,0.8,11,100,COMPLETE
9714,9714,199.5,2023-11-15 14:33:29.062702,2023-11-15 14:33:30.197403,0 days 00:00:01.134701,0.8,10,1.25,0.6,0,98,COMPLETE
9715,9715,18394.5,2023-11-15 14:33:30.202453,2023-11-15 14:33:31.176984,0 days 00:00:00.974531,0.8,10,1.25,0.8,17,96,COMPLETE
9716,9716,18013.5,2023-11-15 14:33:31.180029,2023-11-15 14:33:32.095787,0 days 00:00:00.915758,0.8,20,1.25,0.8,2,100,COMPLETE
9717,9717,17931.0,2023-11-15 14:33:32.099422,2023-11-15 14:33:33.028641,0 days 00:00:00.929219,0.8,10,1.0,0.8,23,98,COMPLETE
9718,9718,16829.0,2023-11-15 14:33:33.031776,2023-11-15 14:33:33.884642,0 days 00:00:00.852866,0.8,40,2.0,0.8,14,94,COMPLETE
9719,9719,17928.25,2023-11-15 14:33:33.888343,2023-11-15 14:33:34.745574,0 days 00:00:00.857231,0.7000000000000001,10,1.25,0.8,19,70,COMPLETE
9720,9720,18214.5,2023-11-15 14:33:34.748706,2023-11-15 14:33:35.601861,0 days 00:00:00.853155,0.6,10,1.25,0.8,7,96,COMPLETE
9721,9721,17763.5,2023-11-15 14:33:35.605728,2023-11-15 14:33:36.505093,0 days 00:00:00.899365,0.9,10,1.5,0.8,89,99,COMPLETE
9722,9722,18308.75,2023-11-15 14:33:36.507964,2023-11-15 14:33:37.366191,0 days 00:00:00.858227,0.8,10,1.25,0.7000000000000001,16,97,COMPLETE
9723,9723,14877.0,2023-11-15 14:33:37.369253,2023-11-15 14:33:38.230608,0 days 00:00:00.861355,0.8,60,1.25,0.5,12,100,COMPLETE
9724,9724,18265.25,2023-11-15 14:33:38.233549,2023-11-15 14:33:39.164963,0 days 00:00:00.931414,0.8,10,1.25,0.9,22,98,COMPLETE
9725,9725,18301.25,2023-11-15 14:33:39.168275,2023-11-15 14:33:40.229203,0 days 00:00:01.060928,0.8,10,1.0,0.8,5,93,COMPLETE
9726,9726,18492.5,2023-11-15 14:33:40.233522,2023-11-15 14:33:41.413337,0 days 00:00:01.179815,0.8,10,1.25,0.8,19,100,COMPLETE
9727,9727,18202.0,2023-11-15 14:33:41.416896,2023-11-15 14:33:42.260335,0 days 00:00:00.843439,0.8,20,1.25,0.8,10,96,COMPLETE
9728,9728,18209.5,2023-11-15 14:33:42.263552,2023-11-15 14:33:43.140301,0 days 00:00:00.876749,0.9,10,1.25,0.8,15,98,COMPLETE
9729,9729,18305.25,2023-11-15 14:33:43.143208,2023-11-15 14:33:43.997426,0 days 00:00:00.854218,0.8,10,1.5,0.8,3,98,COMPLETE
9730,9730,18492.5,2023-11-15 14:33:44.000472,2023-11-15 14:33:44.882617,0 days 00:00:00.882145,0.8,10,1.25,0.8,8,100,COMPLETE
9731,9731,17837.25,2023-11-15 14:33:44.885813,2023-11-15 14:33:45.740247,0 days 00:00:00.854434,0.8,10,1.25,0.8,21,95,COMPLETE
9732,9732,18207.75,2023-11-15 14:33:45.743141,2023-11-15 14:33:46.592675,0 days 00:00:00.849534,0.7000000000000001,10,1.0,0.9,18,96,COMPLETE
9733,9733,18681.25,2023-11-15 14:33:46.595809,2023-11-15 14:33:47.447185,0 days 00:00:00.851376,0.8,10,1.25,0.8,13,99,COMPLETE
9734,9734,18216.25,2023-11-15 14:33:47.450118,2023-11-15 14:33:48.327435,0 days 00:00:00.877317,0.8,10,1.25,0.7000000000000001,25,97,COMPLETE
9735,9735,18305.75,2023-11-15 14:33:48.330971,2023-11-15 14:33:49.224090,0 days 00:00:00.893119,0.8,10,1.5,0.8,16,100,COMPLETE
9736,9736,18023.5,2023-11-15 14:33:49.226851,2023-11-15 14:33:50.127432,0 days 00:00:00.900581,0.8,10,1.25,0.8,6,98,COMPLETE
9737,9737,17937.0,2023-11-15 14:33:50.131164,2023-11-15 14:33:50.981774,0 days 00:00:00.850610,0.8,20,1.75,0.8,11,94,COMPLETE
9738,9738,17583.25,2023-11-15 14:33:50.984797,2023-11-15 14:33:51.887830,0 days 00:00:00.903033,0.8,10,1.0,0.8,78,96,COMPLETE
9739,9739,18313.5,2023-11-15 14:33:51.890743,2023-11-15 14:33:52.744072,0 days 00:00:00.853329,0.7000000000000001,10,1.25,0.8,14,100,COMPLETE
9740,9740,17932.0,2023-11-15 14:33:52.747841,2023-11-15 14:33:53.606452,0 days 00:00:00.858611,0.8,10,1.25,0.8,50,98,COMPLETE
9741,9741,18404.0,2023-11-15 14:33:53.609353,2023-11-15 14:33:54.552023,0 days 00:00:00.942670,0.8,10,1.5,0.8,38,97,COMPLETE
9742,9742,18218.0,2023-11-15 14:33:54.555205,2023-11-15 14:33:55.559675,0 days 00:00:01.004470,0.8,10,1.25,0.9,20,100,COMPLETE
9743,9743,18308.75,2023-11-15 14:33:55.562553,2023-11-15 14:33:56.430350,0 days 00:00:00.867797,0.9,10,1.25,0.7000000000000001,17,92,COMPLETE
9744,9744,18022.25,2023-11-15 14:33:56.433286,2023-11-15 14:33:57.289146,0 days 00:00:00.855860,0.8,10,1.25,0.8,3,73,COMPLETE
9745,9745,17200.25,2023-11-15 14:33:57.292327,2023-11-15 14:33:58.156230,0 days 00:00:00.863903,0.30000000000000004,20,1.25,0.8,19,98,COMPLETE
9746,9746,17653.75,2023-11-15 14:33:58.159229,2023-11-15 14:33:59.012181,0 days 00:00:00.852952,0.8,10,1.0,0.8,9,95,COMPLETE
9747,9747,18681.25,2023-11-15 14:33:59.015564,2023-11-15 14:33:59.909245,0 days 00:00:00.893681,0.8,10,1.25,0.8,13,99,COMPLETE
9748,9748,17499.75,2023-11-15 14:33:59.912311,2023-11-15 14:34:00.796913,0 days 00:00:00.884602,0.5,10,0.25,0.8,22,97,COMPLETE
9749,9749,18492.5,2023-11-15 14:34:00.799780,2023-11-15 14:34:01.645625,0 days 00:00:00.845845,0.8,10,1.25,0.8,16,100,COMPLETE
9750,9750,17831.25,2023-11-15 14:34:01.649971,2023-11-15 14:34:02.532655,0 days 00:00:00.882684,0.8,10,1.5,0.8,5,95,COMPLETE
9751,9751,18023.5,2023-11-15 14:34:02.535586,2023-11-15 14:34:03.380848,0 days 00:00:00.845262,0.8,10,1.25,0.8,7,98,COMPLETE
9752,9752,199.5,2023-11-15 14:34:03.384012,2023-11-15 14:34:04.572137,0 days 00:00:01.188125,0.8,10,1.25,0.9,0,96,COMPLETE
9753,9753,18122.0,2023-11-15 14:34:04.606047,2023-11-15 14:34:05.621813,0 days 00:00:01.015766,0.8,10,1.25,0.4,17,100,COMPLETE
9754,9754,18118.0,2023-11-15 14:34:05.624681,2023-11-15 14:34:06.485596,0 days 00:00:00.860915,0.7000000000000001,10,2.0,0.8,11,98,COMPLETE
9755,9755,18410.75,2023-11-15 14:34:06.488687,2023-11-15 14:34:07.347518,0 days 00:00:00.858831,0.8,10,1.25,0.8,20,94,COMPLETE
9756,9756,17466.25,2023-11-15 14:34:07.350816,2023-11-15 14:34:08.207741,0 days 00:00:00.856925,0.8,20,1.0,0.8,15,97,COMPLETE
9757,9757,18307.0,2023-11-15 14:34:08.210636,2023-11-15 14:34:09.104218,0 days 00:00:00.893582,0.9,10,1.25,0.8,18,100,COMPLETE
9758,9758,18023.5,2023-11-15 14:34:09.107737,2023-11-15 14:34:10.113331,0 days 00:00:01.005594,0.8,10,1.25,0.8,2,98,COMPLETE
9759,9759,18394.5,2023-11-15 14:34:10.117308,2023-11-15 14:34:10.997871,0 days 00:00:00.880563,0.8,10,1.25,0.8,13,96,COMPLETE
9760,9760,18209.75,2023-11-15 14:34:11.001314,2023-11-15 14:34:11.858761,0 days 00:00:00.857447,0.8,10,1.5,0.8,8,99,COMPLETE
9761,9761,18399.0,2023-11-15 14:34:11.861806,2023-11-15 14:34:12.765203,0 days 00:00:00.903397,0.8,10,1.25,0.8,22,100,COMPLETE
9762,9762,18206.5,2023-11-15 14:34:12.768067,2023-11-15 14:34:13.773815,0 days 00:00:01.005748,0.8,10,1.0,0.7000000000000001,15,93,COMPLETE
9763,9763,14009.25,2023-11-15 14:34:13.776704,2023-11-15 14:34:14.659278,0 days 00:00:00.882574,0.8,80,1.25,0.8,4,97,COMPLETE
9764,9764,17029.0,2023-11-15 14:34:14.662437,2023-11-15 14:34:15.540124,0 days 00:00:00.877687,0.2,10,1.25,0.9,11,98,COMPLETE
9765,9765,18112.5,2023-11-15 14:34:15.543033,2023-11-15 14:34:16.440167,0 days 00:00:00.897134,0.8,10,1.25,0.8,27,95,COMPLETE
9766,9766,18107.75,2023-11-15 14:34:16.443065,2023-11-15 14:34:17.311387,0 days 00:00:00.868322,0.8,20,1.5,0.8,18,100,COMPLETE
9767,9767,14669.25,2023-11-15 14:34:17.314660,2023-11-15 14:34:18.184871,0 days 00:00:00.870211,0.8,70,2.5,0.8,24,98,COMPLETE
9768,9768,18492.5,2023-11-15 14:34:18.187732,2023-11-15 14:34:19.042203,0 days 00:00:00.854471,0.8,10,1.25,0.8,6,100,COMPLETE
9769,9769,17842.0,2023-11-15 14:34:19.045501,2023-11-15 14:34:19.925085,0 days 00:00:00.879584,0.4,10,1.75,0.8,20,96,COMPLETE
9770,9770,18023.5,2023-11-15 14:34:19.927908,2023-11-15 14:34:20.798915,0 days 00:00:00.871007,0.8,10,1.25,0.8,9,98,COMPLETE
9771,9771,18024.25,2023-11-15 14:34:20.801809,2023-11-15 14:34:21.662415,0 days 00:00:00.860606,0.7000000000000001,10,1.25,0.7000000000000001,13,96,COMPLETE
9772,9772,18681.25,2023-11-15 14:34:21.665698,2023-11-15 14:34:22.533600,0 days 00:00:00.867902,0.8,10,1.25,0.8,16,99,COMPLETE
9773,9773,18486.25,2023-11-15 14:34:22.536630,2023-11-15 14:34:23.465792,0 days 00:00:00.929162,0.8,10,1.25,0.8,2,94,COMPLETE
9774,9774,18400.25,2023-11-15 14:34:23.468677,2023-11-15 14:34:24.415106,0 days 00:00:00.946429,0.9,10,2.25,0.8,18,100,COMPLETE
9775,9775,17463.75,2023-11-15 14:34:24.418658,2023-11-15 14:34:25.430026,0 days 00:00:01.011368,0.8,20,1.5,0.9,14,97,COMPLETE
9776,9776,17761.25,2023-11-15 14:34:25.433312,2023-11-15 14:34:26.358286,0 days 00:00:00.924974,0.8,10,1.0,0.8,21,91,COMPLETE
9777,9777,18023.5,2023-11-15 14:34:26.361130,2023-11-15 14:34:27.217936,0 days 00:00:00.856806,0.8,10,1.25,0.8,5,98,COMPLETE
9778,9778,18394.5,2023-11-15 14:34:27.220801,2023-11-15 14:34:28.072639,0 days 00:00:00.851838,0.8,10,1.25,0.8,11,96,COMPLETE
9779,9779,16013.5,2023-11-15 14:34:28.075529,2023-11-15 14:34:28.940470,0 days 00:00:00.864941,0.7000000000000001,10,1.25,0.8,16,41,COMPLETE
9780,9780,18305.75,2023-11-15 14:34:28.943309,2023-11-15 14:34:29.820293,0 days 00:00:00.876984,0.8,10,1.5,0.8,7,100,COMPLETE
9781,9781,17931.0,2023-11-15 14:34:29.823159,2023-11-15 14:34:30.678717,0 days 00:00:00.855558,0.8,10,1.0,0.8,23,98,COMPLETE
9782,9782,18490.25,2023-11-15 14:34:30.681543,2023-11-15 14:34:31.531550,0 days 00:00:00.850007,0.8,10,1.25,0.7000000000000001,9,94,COMPLETE
9783,9783,18307.0,2023-11-15 14:34:31.534798,2023-11-15 14:34:32.400964,0 days 00:00:00.866166,0.9,10,1.25,0.8,19,100,COMPLETE
9784,9784,18265.25,2023-11-15 14:34:32.404099,2023-11-15 14:34:33.275341,0 days 00:00:00.871242,0.8,10,1.25,0.9,14,98,COMPLETE
9785,9785,18394.5,2023-11-15 14:34:33.279115,2023-11-15 14:34:34.130389,0 days 00:00:00.851274,0.8,10,1.25,0.8,4,96,COMPLETE
9786,9786,17782.5,2023-11-15 14:34:34.133651,2023-11-15 14:34:35.002089,0 days 00:00:00.868438,0.8,20,1.0,0.8,17,98,COMPLETE
9787,9787,15738.5,2023-11-15 14:34:35.005005,2023-11-15 14:34:35.870227,0 days 00:00:00.865222,0.6,50,1.25,0.8,20,100,COMPLETE
9788,9788,18394.5,2023-11-15 14:34:35.873607,2023-11-15 14:34:36.774876,0 days 00:00:00.901269,0.8,10,1.25,0.8,13,96,COMPLETE
9789,9789,18305.25,2023-11-15 14:34:36.777746,2023-11-15 14:34:37.636976,0 days 00:00:00.859230,0.8,10,1.5,0.8,1,98,COMPLETE
9790,9790,18207.75,2023-11-15 14:34:37.639758,2023-11-15 14:34:38.487177,0 days 00:00:00.847419,0.8,10,1.25,0.8,10,93,COMPLETE
9791,9791,18128.5,2023-11-15 14:34:38.489979,2023-11-15 14:34:39.458834,0 days 00:00:00.968855,0.8,10,1.25,0.8,72,100,COMPLETE
9792,9792,17837.25,2023-11-15 14:34:39.462109,2023-11-15 14:34:40.487048,0 days 00:00:01.024939,0.8,10,1.25,0.8,16,95,COMPLETE
9793,9793,18124.0,2023-11-15 14:34:40.490105,2023-11-15 14:34:41.594445,0 days 00:00:01.104340,0.7000000000000001,10,1.25,0.7000000000000001,30,97,COMPLETE
9794,9794,18023.5,2023-11-15 14:34:41.597852,2023-11-15 14:34:42.479057,0 days 00:00:00.881205,0.8,10,1.25,0.9,12,76,COMPLETE
9795,9795,18398.25,2023-11-15 14:34:42.482794,2023-11-15 14:34:43.353547,0 days 00:00:00.870753,0.9,10,2.0,0.8,7,99,COMPLETE
9796,9796,18403.75,2023-11-15 14:34:43.356876,2023-11-15 14:34:44.225357,0 days 00:00:00.868481,0.8,10,1.5,0.8,19,97,COMPLETE
9797,9797,18401.0,2023-11-15 14:34:44.228256,2023-11-15 14:34:45.125205,0 days 00:00:00.896949,0.8,10,1.0,0.8,25,100,COMPLETE
9798,9798,17105.25,2023-11-15 14:34:45.128063,2023-11-15 14:34:45.990584,0 days 00:00:00.862521,0.8,20,0.5,0.8,3,95,COMPLETE
9799,9799,18399.0,2023-11-15 14:34:45.993602,2023-11-15 14:34:46.849171,0 days 00:00:00.855569,0.8,10,1.75,0.8,15,98,COMPLETE
9800,9800,18023.5,2023-11-15 14:34:46.852121,2023-11-15 14:34:47.711827,0 days 00:00:00.859706,0.8,10,1.25,0.8,21,98,COMPLETE
9801,9801,18306.25,2023-11-15 14:34:47.715099,2023-11-15 14:34:48.580421,0 days 00:00:00.865322,0.8,10,1.25,0.9,18,100,COMPLETE
9802,9802,18394.5,2023-11-15 14:34:48.583312,2023-11-15 14:34:49.472477,0 days 00:00:00.889165,0.8,10,1.25,0.8,9,96,COMPLETE
9803,9803,18209.75,2023-11-15 14:34:49.475559,2023-11-15 14:34:50.343188,0 days 00:00:00.867629,0.8,10,1.5,0.8,5,99,COMPLETE
9804,9804,16913.0,2023-11-15 14:34:50.346358,2023-11-15 14:34:51.195260,0 days 00:00:00.848902,0.8,10,1.25,0.7000000000000001,17,51,COMPLETE
9805,9805,18218.0,2023-11-15 14:34:51.198323,2023-11-15 14:34:52.065794,0 days 00:00:00.867471,0.8,10,1.25,0.8,12,97,COMPLETE
9806,9806,18298.0,2023-11-15 14:34:52.068719,2023-11-15 14:34:52.936298,0 days 00:00:00.867579,0.8,10,1.0,0.8,15,94,COMPLETE
9807,9807,18399.0,2023-11-15 14:34:52.939947,2023-11-15 14:34:53.794646,0 days 00:00:00.854699,0.8,10,1.25,0.8,22,100,COMPLETE
9808,9808,14197.75,2023-11-15 14:34:53.797506,2023-11-15 14:34:54.782887,0 days 00:00:00.985381,0.8,20,1.25,0.8,7,31,COMPLETE
9809,9809,18025.5,2023-11-15 14:34:54.786269,2023-11-15 14:34:55.762032,0 days 00:00:00.975763,0.7000000000000001,10,1.5,0.8,14,98,COMPLETE
9810,9810,18394.5,2023-11-15 14:34:55.765126,2023-11-15 14:34:56.617691,0 days 00:00:00.852565,0.8,10,1.25,0.8,18,96,COMPLETE
9811,9811,18310.75,2023-11-15 14:34:56.621612,2023-11-15 14:34:57.477006,0 days 00:00:00.855394,0.8,10,1.25,0.8,2,92,COMPLETE
9812,9812,199.5,2023-11-15 14:34:57.480122,2023-11-15 14:34:58.590359,0 days 00:00:01.110237,0.9,10,2.75,0.9,0,100,COMPLETE
9813,9813,17012.0,2023-11-15 14:34:58.619564,2023-11-15 14:34:59.694374,0 days 00:00:01.074810,0.8,10,1.0,0.8,11,56,COMPLETE
9814,9814,18023.5,2023-11-15 14:34:59.697499,2023-11-15 14:35:00.591811,0 days 00:00:00.894312,0.8,10,1.25,0.8,20,98,COMPLETE
9815,9815,17837.25,2023-11-15 14:35:00.595211,2023-11-15 14:35:01.480850,0 days 00:00:00.885639,0.8,10,1.25,0.8,4,95,COMPLETE
9816,9816,18023.5,2023-11-15 14:35:01.483932,2023-11-15 14:35:02.351798,0 days 00:00:00.867866,0.8,10,1.25,0.8,16,98,COMPLETE
9817,9817,18212.25,2023-11-15 14:35:02.356054,2023-11-15 14:35:03.289980,0 days 00:00:00.933926,0.8,10,1.25,0.7000000000000001,23,100,COMPLETE
9818,9818,18218.5,2023-11-15 14:35:03.293122,2023-11-15 14:35:04.157552,0 days 00:00:00.864430,0.9,10,1.25,0.8,8,97,COMPLETE
9819,9819,17919.25,2023-11-15 14:35:04.160750,2023-11-15 14:35:05.039383,0 days 00:00:00.878633,0.8,20,1.25,0.8,13,99,COMPLETE
9820,9820,18497.5,2023-11-15 14:35:05.042714,2023-11-15 14:35:05.910320,0 days 00:00:00.867606,0.8,10,1.0,0.8,18,96,COMPLETE
9821,9821,18299.75,2023-11-15 14:35:05.913188,2023-11-15 14:35:06.810070,0 days 00:00:00.896882,0.7000000000000001,10,1.5,0.9,6,94,COMPLETE
