,number,value,datetime_start,datetime_complete,duration,params_alpha,params_decay_interval,params_decay_rate,params_gamma,params_initialization,params_max_steps,state
0,0,7476.5,2023-11-15 13:17:16.359940,2023-11-15 13:17:16.422897,0 days 00:00:00.062957,0.4,40,3.0,0.6,32,20,COMPLETE
1,1,14978.0,2023-11-15 13:17:16.424093,2023-11-15 13:17:16.511042,0 days 00:00:00.086949,0.7000000000000001,50,1.0,0.5,92,96,COMPLETE
2,2,15326.25,2023-11-15 13:17:16.511877,2023-11-15 13:17:16.572611,0 days 00:00:00.060734,0.8,30,1.25,0.4,21,43,COMPLETE
3,3,10509.25,2023-11-15 13:17:16.574448,2023-11-15 13:17:16.794233,0 days 00:00:00.219785,0.1,50,1.75,0.8,93,98,COMPLETE
4,4,0.0,2023-11-15 13:17:16.795101,2023-11-15 13:17:16.875317,0 days 00:00:00.080216,0.8,30,2.5,0.7000000000000001,0,17,COMPLETE
5,5,10202.5,2023-11-15 13:17:16.876934,2023-11-15 13:17:16.963994,0 days 00:00:00.087060,0.5,80,1.25,0.1,38,52,COMPLETE
6,6,6044.5,2023-11-15 13:17:16.964987,2023-11-15 13:17:17.264714,0 days 00:00:00.299727,0.1,20,1.0,0.1,59,95,COMPLETE
7,7,14769.25,2023-11-15 13:17:17.265649,2023-11-15 13:17:17.359591,0 days 00:00:00.093942,0.30000000000000004,50,0.5,0.9,79,96,COMPLETE
8,8,8189.75,2023-11-15 13:17:17.360557,2023-11-15 13:17:17.437686,0 days 00:00:00.077129,0.30000000000000004,90,0.75,0.7000000000000001,34,34,COMPLETE
9,9,10999.0,2023-11-15 13:17:17.438824,2023-11-15 13:17:17.502382,0 days 00:00:00.063558,0.8,40,3.0,0.30000000000000004,78,27,COMPLETE
10,10,17560.25,2023-11-15 13:17:17.503497,2023-11-15 13:17:17.607007,0 days 00:00:00.103510,0.9,10,1.75,0.4,1,67,COMPLETE
11,11,17005.75,2023-11-15 13:17:17.608161,2023-11-15 13:17:17.695527,0 days 00:00:00.087366,0.9,10,1.75,0.4,1,69,COMPLETE
12,12,297.25,2023-11-15 13:17:17.697189,2023-11-15 13:17:17.999585,0 days 00:00:00.302396,0.9,10,2.0,0.30000000000000004,0,72,COMPLETE
13,13,16506.75,2023-11-15 13:17:18.001007,2023-11-15 13:17:18.104826,0 days 00:00:00.103819,0.6,10,2.25,0.30000000000000004,15,71,COMPLETE
14,14,17744.0,2023-11-15 13:17:18.105881,2023-11-15 13:17:18.203007,0 days 00:00:00.097126,0.9,10,1.75,0.4,14,70,COMPLETE
15,15,14124.25,2023-11-15 13:17:18.204424,2023-11-15 13:17:18.296844,0 days 00:00:00.092420,0.6,70,2.5,0.5,16,79,COMPLETE
16,16,15765.25,2023-11-15 13:17:18.298493,2023-11-15 13:17:18.398303,0 days 00:00:00.099810,0.9,20,1.5,0.2,52,60,COMPLETE
17,17,12351.0,2023-11-15 13:17:18.399337,2023-11-15 13:17:18.516007,0 days 00:00:00.116670,0.7000000000000001,100,2.0,0.4,14,81,COMPLETE
18,18,13296.0,2023-11-15 13:17:18.517078,2023-11-15 13:17:18.615005,0 days 00:00:00.097927,0.7000000000000001,70,1.5,0.6,25,58,COMPLETE
19,19,13542.0,2023-11-15 13:17:18.615921,2023-11-15 13:17:18.725909,0 days 00:00:00.109988,0.9,20,0.25,0.2,45,45,COMPLETE
20,20,17097.0,2023-11-15 13:17:18.727312,2023-11-15 13:17:18.823530,0 days 00:00:00.096218,0.6,30,2.5,0.5,9,85,COMPLETE
21,21,16389.0,2023-11-15 13:17:18.825338,2023-11-15 13:17:18.933637,0 days 00:00:00.108299,0.6,30,2.5,0.5,8,84,COMPLETE
22,22,17014.25,2023-11-15 13:17:18.934678,2023-11-15 13:17:19.029054,0 days 00:00:00.094376,0.8,10,2.0,0.6,9,65,COMPLETE
23,23,16249.5,2023-11-15 13:17:19.030276,2023-11-15 13:17:19.128781,0 days 00:00:00.098505,0.5,20,2.75,0.4,28,86,COMPLETE
24,24,16740.75,2023-11-15 13:17:19.129662,2023-11-15 13:17:19.214881,0 days 00:00:00.085219,0.7000000000000001,30,2.25,0.5,8,75,COMPLETE
25,25,15509.0,2023-11-15 13:17:19.215751,2023-11-15 13:17:19.305433,0 days 00:00:00.089682,0.8,40,2.25,0.30000000000000004,19,88,COMPLETE
26,26,10524.5,2023-11-15 13:17:19.306426,2023-11-15 13:17:19.470665,0 days 00:00:00.164239,0.2,10,1.75,0.2,8,65,COMPLETE
27,27,13825.5,2023-11-15 13:17:19.471564,2023-11-15 13:17:19.569511,0 days 00:00:00.097947,0.5,20,2.75,0.4,61,54,COMPLETE
28,28,15167.75,2023-11-15 13:17:19.570611,2023-11-15 13:17:19.662609,0 days 00:00:00.091998,0.9,60,1.25,0.6,42,90,COMPLETE
29,29,15664.25,2023-11-15 13:17:19.663674,2023-11-15 13:17:19.752799,0 days 00:00:00.089125,0.4,40,3.0,0.7000000000000001,32,79,COMPLETE
30,30,3312.75,2023-11-15 13:17:19.754091,2023-11-15 13:17:19.828934,0 days 00:00:00.074843,0.6,30,1.5,0.5,28,11,COMPLETE
31,31,16644.75,2023-11-15 13:17:19.829769,2023-11-15 13:17:19.919309,0 days 00:00:00.089540,0.8,10,2.0,0.6,8,64,COMPLETE
32,32,17014.25,2023-11-15 13:17:19.920418,2023-11-15 13:17:20.004509,0 days 00:00:00.084091,0.8,10,2.0,0.6,12,65,COMPLETE
33,33,16095.75,2023-11-15 13:17:20.005999,2023-11-15 13:17:20.090386,0 days 00:00:00.084387,0.9,20,2.25,0.5,22,45,COMPLETE
34,34,17752.25,2023-11-15 13:17:20.093180,2023-11-15 13:17:20.181993,0 days 00:00:00.088813,0.7000000000000001,10,1.75,0.4,5,75,COMPLETE
35,35,16719.0,2023-11-15 13:17:20.183026,2023-11-15 13:17:20.276482,0 days 00:00:00.093456,0.7000000000000001,30,1.0,0.4,2,76,COMPLETE
36,36,16949.0,2023-11-15 13:17:20.277389,2023-11-15 13:17:20.401924,0 days 00:00:00.124535,0.7000000000000001,20,1.75,0.4,21,92,COMPLETE
37,37,13655.0,2023-11-15 13:17:20.403452,2023-11-15 13:17:20.530673,0 days 00:00:00.127221,0.4,40,1.25,0.30000000000000004,4,51,COMPLETE
38,38,16672.5,2023-11-15 13:17:20.531643,2023-11-15 13:17:20.675842,0 days 00:00:00.144199,0.5,20,1.5,0.5,16,83,COMPLETE
39,39,17040.5,2023-11-15 13:17:20.700993,2023-11-15 13:17:20.948176,0 days 00:00:00.247183,0.6,10,0.75,0.4,5,71,COMPLETE
40,40,13625.0,2023-11-15 13:17:20.949159,2023-11-15 13:17:21.289763,0 days 00:00:00.340604,0.8,50,2.75,0.30000000000000004,100,59,COMPLETE
41,41,16217.0,2023-11-15 13:17:21.290833,2023-11-15 13:17:21.482212,0 days 00:00:00.191379,0.6,10,0.25,0.4,6,70,COMPLETE
42,42,199.5,2023-11-15 13:17:21.484279,2023-11-15 13:17:22.019830,0 days 00:00:00.535551,0.6,10,0.75,0.5,0,75,COMPLETE
43,43,16388.0,2023-11-15 13:17:22.025169,2023-11-15 13:17:22.179987,0 days 00:00:00.154818,0.7000000000000001,30,1.25,0.4,12,75,COMPLETE
44,44,16375.0,2023-11-15 13:17:22.181578,2023-11-15 13:17:22.340698,0 days 00:00:00.159120,0.5,20,0.75,0.30000000000000004,19,99,COMPLETE
45,45,17929.5,2023-11-15 13:17:22.360653,2023-11-15 13:17:22.462834,0 days 00:00:00.102181,0.9,10,1.75,0.9,5,70,COMPLETE
46,46,18298.5,2023-11-15 13:17:22.464057,2023-11-15 13:17:22.615276,0 days 00:00:00.151219,0.9,10,1.75,0.9,66,94,COMPLETE
47,47,16923.5,2023-11-15 13:17:22.619683,2023-11-15 13:17:22.735484,0 days 00:00:00.115801,0.9,10,1.75,0.9,67,50,COMPLETE
48,48,14717.5,2023-11-15 13:17:22.736360,2023-11-15 13:17:22.815850,0 days 00:00:00.079490,0.9,20,1.75,0.8,75,35,COMPLETE
49,49,17477.5,2023-11-15 13:17:22.816843,2023-11-15 13:17:22.907216,0 days 00:00:00.090373,0.8,10,1.5,0.8,89,95,COMPLETE
50,50,12415.75,2023-11-15 13:17:22.908262,2023-11-15 13:17:23.004537,0 days 00:00:00.096275,0.9,90,2.0,0.8,56,68,COMPLETE
51,51,17848.0,2023-11-15 13:17:23.005740,2023-11-15 13:17:23.102041,0 days 00:00:00.096301,0.8,10,1.5,0.9,86,93,COMPLETE
52,52,17837.0,2023-11-15 13:17:23.102934,2023-11-15 13:17:23.189024,0 days 00:00:00.086090,0.9,10,1.75,0.8,72,95,COMPLETE
53,53,17477.5,2023-11-15 13:17:23.190117,2023-11-15 13:17:23.278665,0 days 00:00:00.088548,0.8,20,1.75,0.9,86,100,COMPLETE
54,54,17832.0,2023-11-15 13:17:23.279736,2023-11-15 13:17:23.367689,0 days 00:00:00.087953,0.9,10,1.5,0.9,73,95,COMPLETE
55,55,18213.0,2023-11-15 13:17:23.368579,2023-11-15 13:17:23.452772,0 days 00:00:00.084193,0.9,10,1.5,0.9,71,94,COMPLETE
56,56,17562.75,2023-11-15 13:17:23.453622,2023-11-15 13:17:23.536625,0 days 00:00:00.083003,0.9,20,1.0,0.9,68,93,COMPLETE
57,57,18210.5,2023-11-15 13:17:23.537483,2023-11-15 13:17:23.621820,0 days 00:00:00.084337,0.8,10,1.5,0.9,74,96,COMPLETE
58,58,17105.5,2023-11-15 13:17:23.622811,2023-11-15 13:17:23.711419,0 days 00:00:00.088608,0.8,20,1.25,0.9,83,88,COMPLETE
59,59,17764.25,2023-11-15 13:17:23.712275,2023-11-15 13:17:23.798571,0 days 00:00:00.086296,0.8,10,1.5,0.8,68,97,COMPLETE
60,60,17841.0,2023-11-15 13:17:23.799530,2023-11-15 13:17:23.884340,0 days 00:00:00.084810,0.9,10,1.25,0.8,62,91,COMPLETE
61,61,17938.5,2023-11-15 13:17:23.885282,2023-11-15 13:17:23.969695,0 days 00:00:00.084413,0.9,10,1.25,0.8,62,90,COMPLETE
62,62,18212.5,2023-11-15 13:17:23.970911,2023-11-15 13:17:24.054845,0 days 00:00:00.083934,0.9,10,1.25,0.9,63,89,COMPLETE
63,63,17461.25,2023-11-15 13:17:24.056523,2023-11-15 13:17:24.142615,0 days 00:00:00.086092,0.8,20,1.0,0.9,51,89,COMPLETE
64,64,17931.25,2023-11-15 13:17:24.143568,2023-11-15 13:17:24.225585,0 days 00:00:00.082017,0.9,10,1.5,0.9,82,81,COMPLETE
65,65,15152.75,2023-11-15 13:17:24.226476,2023-11-15 13:17:24.319203,0 days 00:00:00.092727,0.9,60,1.25,0.9,65,81,COMPLETE
66,66,16562.5,2023-11-15 13:17:24.320118,2023-11-15 13:17:24.410159,0 days 00:00:00.090041,0.9,30,1.5,0.7000000000000001,56,86,COMPLETE
67,67,17748.5,2023-11-15 13:17:24.411081,2023-11-15 13:17:24.495623,0 days 00:00:00.084542,0.9,10,1.0,0.9,80,81,COMPLETE
68,68,17652.75,2023-11-15 13:17:24.496754,2023-11-15 13:17:24.583726,0 days 00:00:00.086972,0.9,20,1.25,0.9,78,97,COMPLETE
69,69,18030.5,2023-11-15 13:17:24.584753,2023-11-15 13:17:24.664907,0 days 00:00:00.080154,0.9,10,1.25,0.8,46,85,COMPLETE
70,70,17463.5,2023-11-15 13:17:24.665756,2023-11-15 13:17:24.747798,0 days 00:00:00.082042,0.8,20,1.25,0.8,47,88,COMPLETE
71,71,18022.75,2023-11-15 13:17:24.748659,2023-11-15 13:17:24.832955,0 days 00:00:00.084296,0.9,10,1.5,0.8,57,83,COMPLETE
72,72,17896.25,2023-11-15 13:17:24.833894,2023-11-15 13:17:24.919886,0 days 00:00:00.085992,0.9,10,1.0,0.7000000000000001,57,85,COMPLETE
73,73,17749.75,2023-11-15 13:17:24.920913,2023-11-15 13:17:25.005933,0 days 00:00:00.085020,0.9,10,1.5,0.8,63,83,COMPLETE
74,74,18302.75,2023-11-15 13:17:25.007121,2023-11-15 13:17:25.089446,0 days 00:00:00.082325,0.9,10,1.25,0.8,38,79,COMPLETE
75,75,12383.75,2023-11-15 13:17:25.090580,2023-11-15 13:17:25.243522,0 days 00:00:00.152942,0.1,20,1.25,0.7000000000000001,37,91,COMPLETE
76,76,17838.5,2023-11-15 13:17:25.244420,2023-11-15 13:17:25.333490,0 days 00:00:00.089070,0.8,10,1.25,0.8,43,78,COMPLETE
77,77,15482.5,2023-11-15 13:17:25.334318,2023-11-15 13:17:25.442780,0 days 00:00:00.108462,0.2,20,1.0,0.8,47,100,COMPLETE
78,78,13748.25,2023-11-15 13:17:25.443617,2023-11-15 13:17:25.542903,0 days 00:00:00.099286,0.8,80,1.5,0.7000000000000001,53,86,COMPLETE
79,79,17382.5,2023-11-15 13:17:25.544046,2023-11-15 13:17:25.637058,0 days 00:00:00.093012,0.9,20,1.25,0.8,70,93,COMPLETE
80,80,17935.0,2023-11-15 13:17:25.638044,2023-11-15 13:17:25.724298,0 days 00:00:00.086254,0.8,10,1.5,0.8,40,88,COMPLETE
81,81,17933.5,2023-11-15 13:17:25.725602,2023-11-15 13:17:25.807018,0 days 00:00:00.081416,0.8,10,1.5,0.8,37,89,COMPLETE
82,82,18216.0,2023-11-15 13:17:25.808917,2023-11-15 13:17:25.891824,0 days 00:00:00.082907,0.9,10,1.25,0.9,41,97,COMPLETE
83,83,18218.5,2023-11-15 13:17:25.892692,2023-11-15 13:17:25.977113,0 days 00:00:00.084421,0.9,10,1.25,0.9,48,97,COMPLETE
84,84,18228.75,2023-11-15 13:17:25.978136,2023-11-15 13:17:26.062745,0 days 00:00:00.084609,0.9,10,1.0,0.9,48,98,COMPLETE
85,85,18228.75,2023-11-15 13:17:26.063873,2023-11-15 13:17:26.147803,0 days 00:00:00.083930,0.9,10,1.0,0.9,48,98,COMPLETE
86,86,17372.25,2023-11-15 13:17:26.148619,2023-11-15 13:17:26.232806,0 days 00:00:00.084187,0.9,20,0.75,0.9,40,97,COMPLETE
87,87,18492.0,2023-11-15 13:17:26.233638,2023-11-15 13:17:26.313503,0 days 00:00:00.079865,0.9,10,1.0,0.9,33,99,COMPLETE
88,88,15738.5,2023-11-15 13:17:26.314479,2023-11-15 13:17:26.409955,0 days 00:00:00.095476,0.9,50,1.0,0.9,34,100,COMPLETE
89,89,18299.5,2023-11-15 13:17:26.410847,2023-11-15 13:17:26.494912,0 days 00:00:00.084065,0.9,10,0.5,0.9,30,93,COMPLETE
90,90,17469.5,2023-11-15 13:17:26.496205,2023-11-15 13:17:26.585667,0 days 00:00:00.089462,0.9,20,0.5,0.9,29,93,COMPLETE
91,91,17980.25,2023-11-15 13:17:26.586762,2023-11-15 13:17:26.670188,0 days 00:00:00.083426,0.9,10,1.0,0.9,34,98,COMPLETE
92,92,17197.5,2023-11-15 13:17:26.671008,2023-11-15 13:17:26.767577,0 days 00:00:00.096569,0.9,10,0.5,0.9,49,95,COMPLETE
93,93,18156.0,2023-11-15 13:17:26.768503,2023-11-15 13:17:26.857386,0 days 00:00:00.088883,0.9,10,0.75,0.9,44,99,COMPLETE
94,94,17935.25,2023-11-15 13:17:26.858459,2023-11-15 13:17:26.941561,0 days 00:00:00.083102,0.9,10,1.0,0.9,54,94,COMPLETE
95,95,17980.25,2023-11-15 13:17:26.943051,2023-11-15 13:17:27.026666,0 days 00:00:00.083615,0.9,10,1.0,0.9,25,98,COMPLETE
96,96,17012.25,2023-11-15 13:17:27.027851,2023-11-15 13:17:27.125317,0 days 00:00:00.097466,0.9,20,0.5,0.9,31,91,COMPLETE
97,97,18207.5,2023-11-15 13:17:27.127049,2023-11-15 13:17:27.209533,0 days 00:00:00.082484,0.8,10,0.75,0.9,40,96,COMPLETE
98,98,18328.0,2023-11-15 13:17:27.210877,2023-11-15 13:17:27.292397,0 days 00:00:00.081520,0.9,10,1.0,0.9,50,92,COMPLETE
99,99,17467.75,2023-11-15 13:17:27.293463,2023-11-15 13:17:27.379884,0 days 00:00:00.086421,0.9,20,0.75,0.9,50,92,COMPLETE
100,100,12619.0,2023-11-15 13:17:27.380812,2023-11-15 13:17:27.504802,0 days 00:00:00.123990,0.8,100,1.0,0.9,49,98,COMPLETE
101,101,17434.25,2023-11-15 13:17:27.505801,2023-11-15 13:17:27.611566,0 days 00:00:00.105765,0.9,10,0.25,0.9,42,94,COMPLETE
102,102,18307.0,2023-11-15 13:17:27.612752,2023-11-15 13:17:27.693438,0 days 00:00:00.080686,0.9,10,1.25,0.9,60,100,COMPLETE
103,103,17402.25,2023-11-15 13:17:27.694329,2023-11-15 13:17:27.795167,0 days 00:00:00.100838,0.30000000000000004,10,1.25,0.9,39,100,COMPLETE
104,104,18301.0,2023-11-15 13:17:27.796015,2023-11-15 13:17:27.880457,0 days 00:00:00.084442,0.9,10,0.75,0.9,60,96,COMPLETE
105,105,18032.5,2023-11-15 13:17:27.881284,2023-11-15 13:17:27.967078,0 days 00:00:00.085794,0.9,10,0.5,0.9,59,97,COMPLETE
106,106,17759.75,2023-11-15 13:17:27.967966,2023-11-15 13:17:28.054453,0 days 00:00:00.086487,0.9,20,0.75,0.9,35,100,COMPLETE
107,107,13296.0,2023-11-15 13:17:28.055564,2023-11-15 13:17:28.142439,0 days 00:00:00.086875,0.8,10,1.0,0.9,59,25,COMPLETE
108,108,18301.0,2023-11-15 13:17:28.143456,2023-11-15 13:17:28.225858,0 days 00:00:00.082402,0.9,10,0.75,0.9,45,96,COMPLETE
109,109,18023.75,2023-11-15 13:17:28.226908,2023-11-15 13:17:28.312563,0 days 00:00:00.085655,0.9,10,0.5,0.8,54,92,COMPLETE
110,110,16603.75,2023-11-15 13:17:28.313881,2023-11-15 13:17:28.412703,0 days 00:00:00.098822,0.9,20,0.75,0.1,44,95,COMPLETE
111,111,17936.25,2023-11-15 13:17:28.413632,2023-11-15 13:17:28.537399,0 days 00:00:00.123767,0.9,10,0.75,0.9,48,98,COMPLETE
112,112,18305.0,2023-11-15 13:17:28.538383,2023-11-15 13:17:28.624797,0 days 00:00:00.086414,0.9,10,1.0,0.9,52,96,COMPLETE
113,113,18305.0,2023-11-15 13:17:28.625932,2023-11-15 13:17:28.706633,0 days 00:00:00.080701,0.9,10,1.0,0.9,52,96,COMPLETE
114,114,17930.75,2023-11-15 13:17:28.707748,2023-11-15 13:17:28.797963,0 days 00:00:00.090215,0.9,10,1.0,0.9,52,91,COMPLETE
115,115,16435.5,2023-11-15 13:17:28.798876,2023-11-15 13:17:28.893335,0 days 00:00:00.094459,0.9,10,0.75,0.9,45,62,COMPLETE
116,116,18380.75,2023-11-15 13:17:28.894259,2023-11-15 13:17:28.976659,0 days 00:00:00.082400,0.8,10,1.0,0.9,65,94,COMPLETE
117,117,17026.25,2023-11-15 13:17:28.977805,2023-11-15 13:17:29.068577,0 days 00:00:00.090772,0.8,20,1.0,0.8,26,95,COMPLETE
118,118,17939.0,2023-11-15 13:17:29.069688,2023-11-15 13:17:29.157584,0 days 00:00:00.087896,0.8,10,0.75,0.9,66,87,COMPLETE
119,119,14298.25,2023-11-15 13:17:29.158876,2023-11-15 13:17:29.261312,0 days 00:00:00.102436,0.9,70,1.0,0.9,60,92,COMPLETE
120,120,17982.0,2023-11-15 13:17:29.262178,2023-11-15 13:17:29.355972,0 days 00:00:00.093794,0.9,10,0.5,0.8,56,90,COMPLETE
121,121,18305.0,2023-11-15 13:17:29.357564,2023-11-15 13:17:29.444838,0 days 00:00:00.087274,0.9,10,1.0,0.9,64,96,COMPLETE
122,122,18118.0,2023-11-15 13:17:29.445714,2023-11-15 13:17:29.530677,0 days 00:00:00.084963,0.9,10,1.0,0.9,64,94,COMPLETE
123,123,18301.0,2023-11-15 13:17:29.531621,2023-11-15 13:17:29.620021,0 days 00:00:00.088400,0.9,10,0.75,0.9,69,96,COMPLETE
124,124,18209.5,2023-11-15 13:17:29.620911,2023-11-15 13:17:29.707064,0 days 00:00:00.086153,0.9,10,0.75,0.9,67,96,COMPLETE
125,125,18064.75,2023-11-15 13:17:29.708340,2023-11-15 13:17:29.798382,0 days 00:00:00.090042,0.9,10,0.5,0.9,70,93,COMPLETE
126,126,18312.25,2023-11-15 13:17:29.799434,2023-11-15 13:17:29.890230,0 days 00:00:00.090796,0.8,10,0.75,0.9,61,100,COMPLETE
127,127,18154.25,2023-11-15 13:17:29.891499,2023-11-15 13:17:29.978439,0 days 00:00:00.086940,0.7000000000000001,10,0.75,0.9,61,100,COMPLETE
128,128,17975.75,2023-11-15 13:17:29.979278,2023-11-15 13:17:30.065555,0 days 00:00:00.086277,0.8,20,0.75,0.9,58,96,COMPLETE
129,129,14712.5,2023-11-15 13:17:30.066582,2023-11-15 13:17:30.182395,0 days 00:00:00.115813,0.8,60,0.25,0.9,54,100,COMPLETE
130,130,18037.0,2023-11-15 13:17:30.183651,2023-11-15 13:17:30.274360,0 days 00:00:00.090709,0.9,10,0.75,0.8,64,90,COMPLETE
131,131,16190.25,2023-11-15 13:17:30.275240,2023-11-15 13:17:30.355597,0 days 00:00:00.080357,0.9,10,1.0,0.9,68,36,COMPLETE
132,132,18041.0,2023-11-15 13:17:30.356675,2023-11-15 13:17:30.448933,0 days 00:00:00.092258,0.9,10,0.5,0.9,75,94,COMPLETE
133,133,18240.25,2023-11-15 13:17:30.450459,2023-11-15 13:17:30.538666,0 days 00:00:00.088207,0.9,10,0.75,0.9,61,96,COMPLETE
134,134,18328.0,2023-11-15 13:17:30.539685,2023-11-15 13:17:30.623889,0 days 00:00:00.084204,0.9,10,1.0,0.9,31,92,COMPLETE
135,135,18309.5,2023-11-15 13:17:30.625150,2023-11-15 13:17:30.709922,0 days 00:00:00.084772,0.8,10,1.0,0.9,36,92,COMPLETE
136,136,17961.5,2023-11-15 13:17:30.711175,2023-11-15 13:17:30.801510,0 days 00:00:00.090335,0.8,10,1.0,0.9,33,87,COMPLETE
137,137,17561.75,2023-11-15 13:17:30.802386,2023-11-15 13:17:30.893133,0 days 00:00:00.090747,0.7000000000000001,20,1.0,0.9,36,98,COMPLETE
138,138,17748.25,2023-11-15 13:17:30.894057,2023-11-15 13:17:30.983582,0 days 00:00:00.089525,0.7000000000000001,10,1.0,0.8,51,91,COMPLETE
139,139,18086.0,2023-11-15 13:17:30.984471,2023-11-15 13:17:31.070867,0 days 00:00:00.086396,0.8,10,1.0,0.9,55,89,COMPLETE
140,140,17869.0,2023-11-15 13:17:31.072118,2023-11-15 13:17:31.163541,0 days 00:00:00.091423,0.8,20,0.75,0.8,38,96,COMPLETE
141,141,18207.0,2023-11-15 13:17:31.164676,2023-11-15 13:17:31.251531,0 days 00:00:00.086855,0.9,10,1.0,0.9,29,93,COMPLETE
142,142,18210.75,2023-11-15 13:17:31.252360,2023-11-15 13:17:31.335633,0 days 00:00:00.083273,0.9,10,0.75,0.9,31,92,COMPLETE
143,143,18492.0,2023-11-15 13:17:31.336873,2023-11-15 13:17:31.422080,0 days 00:00:00.085207,0.9,10,1.0,0.9,32,99,COMPLETE
144,144,18492.0,2023-11-15 13:17:31.423104,2023-11-15 13:17:31.510038,0 days 00:00:00.086934,0.9,10,1.0,0.9,26,99,COMPLETE
145,145,18331.5,2023-11-15 13:17:31.511124,2023-11-15 13:17:31.599258,0 days 00:00:00.088134,0.8,10,1.0,0.9,27,99,COMPLETE
146,146,18428.75,2023-11-15 13:17:31.600160,2023-11-15 13:17:31.688152,0 days 00:00:00.087992,0.8,10,1.0,0.9,24,100,COMPLETE
147,147,18331.5,2023-11-15 13:17:31.688986,2023-11-15 13:17:31.775863,0 days 00:00:00.086877,0.8,10,1.0,0.9,21,99,COMPLETE
148,148,18612.5,2023-11-15 13:17:31.776735,2023-11-15 13:17:31.867998,0 days 00:00:00.091263,0.8,10,1.0,0.9,23,100,COMPLETE
149,149,17924.25,2023-11-15 13:17:31.869289,2023-11-15 13:17:31.962078,0 days 00:00:00.092789,0.8,20,1.0,0.9,23,100,COMPLETE
150,150,18428.75,2023-11-15 13:17:31.963281,2023-11-15 13:17:32.059243,0 days 00:00:00.095962,0.8,10,1.0,0.9,19,100,COMPLETE
151,151,18331.5,2023-11-15 13:17:32.060463,2023-11-15 13:17:32.174059,0 days 00:00:00.113596,0.8,10,1.0,0.9,17,99,COMPLETE
152,152,18331.5,2023-11-15 13:17:32.175223,2023-11-15 13:17:32.292811,0 days 00:00:00.117588,0.8,10,1.0,0.9,23,99,COMPLETE
153,153,17301.0,2023-11-15 13:17:32.293917,2023-11-15 13:17:32.406555,0 days 00:00:00.112638,0.7000000000000001,10,1.0,0.2,18,99,COMPLETE
154,154,18306.25,2023-11-15 13:17:32.407815,2023-11-15 13:17:32.520007,0 days 00:00:00.112192,0.8,10,1.25,0.9,26,100,COMPLETE
155,155,18115.75,2023-11-15 13:17:32.521279,2023-11-15 13:17:32.640632,0 days 00:00:00.119353,0.8,10,1.0,0.9,21,98,COMPLETE
156,156,18331.5,2023-11-15 13:17:32.642140,2023-11-15 13:17:32.745689,0 days 00:00:00.103549,0.8,10,1.0,0.9,17,99,COMPLETE
157,157,18071.5,2023-11-15 13:17:32.746938,2023-11-15 13:17:32.844894,0 days 00:00:00.097956,0.8,10,1.0,0.9,17,98,COMPLETE
158,158,18211.75,2023-11-15 13:17:32.846247,2023-11-15 13:17:32.953470,0 days 00:00:00.107223,0.7000000000000001,10,1.0,0.9,20,99,COMPLETE
159,159,18071.5,2023-11-15 13:17:32.954650,2023-11-15 13:17:33.067384,0 days 00:00:00.112734,0.8,10,1.0,0.9,23,98,COMPLETE
160,160,18013.5,2023-11-15 13:17:33.068517,2023-11-15 13:17:33.179331,0 days 00:00:00.110814,0.8,20,1.25,0.9,15,100,COMPLETE
161,161,18428.75,2023-11-15 13:17:33.182175,2023-11-15 13:17:33.286232,0 days 00:00:00.104057,0.8,10,1.0,0.9,24,100,COMPLETE
162,162,18071.5,2023-11-15 13:17:33.287189,2023-11-15 13:17:33.396756,0 days 00:00:00.109567,0.8,10,1.0,0.9,11,98,COMPLETE
163,163,18428.75,2023-11-15 13:17:33.398217,2023-11-15 13:17:33.516522,0 days 00:00:00.118305,0.8,10,1.0,0.9,27,100,COMPLETE
164,164,18428.75,2023-11-15 13:17:33.517864,2023-11-15 13:17:33.611395,0 days 00:00:00.093531,0.8,10,1.0,0.9,24,100,COMPLETE
165,165,18115.75,2023-11-15 13:17:33.612224,2023-11-15 13:17:33.702402,0 days 00:00:00.090178,0.8,10,1.0,0.9,25,98,COMPLETE
166,166,18428.75,2023-11-15 13:17:33.703319,2023-11-15 13:17:33.789844,0 days 00:00:00.086525,0.8,10,1.0,0.9,27,100,COMPLETE
167,167,18428.75,2023-11-15 13:17:33.790822,2023-11-15 13:17:33.877363,0 days 00:00:00.086541,0.8,10,1.0,0.9,27,100,COMPLETE
168,168,16442.5,2023-11-15 13:17:33.878196,2023-11-15 13:17:33.971323,0 days 00:00:00.093127,0.8,40,1.0,0.9,27,100,COMPLETE
169,169,18071.5,2023-11-15 13:17:33.972289,2023-11-15 13:17:34.066021,0 days 00:00:00.093732,0.8,10,1.0,0.9,23,98,COMPLETE
170,170,18399.5,2023-11-15 13:17:34.066869,2023-11-15 13:17:34.153822,0 days 00:00:00.086953,0.7000000000000001,10,1.25,0.9,24,100,COMPLETE
171,171,13089.5,2023-11-15 13:17:34.154665,2023-11-15 13:17:34.268296,0 days 00:00:00.113631,0.7000000000000001,90,1.25,0.9,24,100,COMPLETE
