,number,value,datetime_start,datetime_complete,duration,params_alpha,params_decay_interval,params_decay_rate,params_gamma,params_initialization,params_max_steps,state
1024,1024,13474.25,2023-11-15 10:43:39.361801,2023-11-15 10:43:39.565322,0 days 00:00:00.203521,0.2,10,0.25,0.1,2,150,COMPLETE
1025,1025,18394.75,2023-11-15 10:43:39.566488,2023-11-15 10:43:39.717135,0 days 00:00:00.150647,0.2,20,0.5,0.1,0,142,COMPLETE
1026,1026,13320.5,2023-11-15 10:43:39.718188,2023-11-15 10:43:39.914857,0 days 00:00:00.196669,0.2,20,0.5,0.1,2,145,COMPLETE
1027,1027,8932.5,2023-11-15 10:43:39.916042,2023-11-15 10:43:40.101983,0 days 00:00:00.185941,0.2,10,0.25,0.1,2,66,COMPLETE
1028,1028,19187.5,2023-11-15 10:43:40.103047,2023-11-15 10:43:40.251503,0 days 00:00:00.148456,0.2,10,0.25,0.1,0,76,COMPLETE
1029,1029,13041.0,2023-11-15 10:43:40.252559,2023-11-15 10:43:40.445637,0 days 00:00:00.193078,0.2,10,0.5,0.1,3,138,COMPLETE
1030,1030,19260.75,2023-11-15 10:43:40.446778,2023-11-15 10:43:40.590303,0 days 00:00:00.143525,0.2,10,1.25,0.1,0,71,COMPLETE
1031,1031,13060.5,2023-11-15 10:43:40.591366,2023-11-15 10:43:40.800414,0 days 00:00:00.209048,0.2,10,0.25,0.1,2,147,COMPLETE
1032,1032,12843.75,2023-11-15 10:43:40.801401,2023-11-15 10:43:41.007414,0 days 00:00:00.206013,0.2,10,0.25,0.1,3,143,COMPLETE
1033,1033,14845.5,2023-11-15 10:43:41.008725,2023-11-15 10:43:41.182020,0 days 00:00:00.173295,0.2,70,1.25,0.2,0,150,COMPLETE
1034,1034,8555.5,2023-11-15 10:43:41.183048,2023-11-15 10:43:41.364010,0 days 00:00:00.180962,0.30000000000000004,10,0.25,0.1,4,62,COMPLETE
1035,1035,16286.75,2023-11-15 10:43:41.365039,2023-11-15 10:43:41.537708,0 days 00:00:00.172669,0.2,10,0.5,0.2,2,145,COMPLETE
1036,1036,19260.75,2023-11-15 10:43:41.538749,2023-11-15 10:43:41.677893,0 days 00:00:00.139144,0.2,10,1.25,0.1,0,74,COMPLETE
1037,1037,8213.25,2023-11-15 10:43:41.679350,2023-11-15 10:43:41.871848,0 days 00:00:00.192498,0.2,10,0.25,0.1,2,69,COMPLETE
1038,1038,12615.25,2023-11-15 10:43:41.872972,2023-11-15 10:43:42.035850,0 days 00:00:00.162878,0.2,80,1.5,0.2,4,79,COMPLETE
1039,1039,19261.0,2023-11-15 10:43:42.036939,2023-11-15 10:43:42.177654,0 days 00:00:00.140715,0.2,10,1.25,0.30000000000000004,0,140,COMPLETE
1040,1040,2597.5,2023-11-15 10:43:42.178747,2023-11-15 10:43:42.521863,0 days 00:00:00.343116,0.30000000000000004,10,1.25,0.1,2,147,COMPLETE
1041,1041,12709.5,2023-11-15 10:43:42.522921,2023-11-15 10:43:42.723899,0 days 00:00:00.200978,0.2,10,0.5,0.1,4,142,COMPLETE
1042,1042,18490.0,2023-11-15 10:43:42.725186,2023-11-15 10:43:42.871827,0 days 00:00:00.146641,0.2,20,1.25,0.30000000000000004,0,72,COMPLETE
1043,1043,13009.0,2023-11-15 10:43:42.872987,2023-11-15 10:43:43.088002,0 days 00:00:00.215015,0.2,10,0.25,0.2,70,134,COMPLETE
1044,1044,9238.0,2023-11-15 10:43:43.089039,2023-11-15 10:43:43.373485,0 days 00:00:00.284446,0.2,10,1.25,0.2,2,148,COMPLETE
1045,1045,19359.75,2023-11-15 10:43:43.375052,2023-11-15 10:43:43.552335,0 days 00:00:00.177283,0.2,10,1.25,0.8,0,145,COMPLETE
1046,1046,100.0,2023-11-15 10:43:43.553765,2023-11-15 10:43:43.851921,0 days 00:00:00.298156,0.2,10,1.25,0.8,86,65,COMPLETE
1047,1047,19163.75,2023-11-15 10:43:43.853244,2023-11-15 10:43:44.046754,0 days 00:00:00.193510,0.2,10,1.25,0.5,0,150,COMPLETE
1048,1048,19163.75,2023-11-15 10:43:44.048970,2023-11-15 10:43:44.216011,0 days 00:00:00.167041,0.2,10,1.25,0.8,0,76,COMPLETE
1049,1049,0.0,2023-11-15 10:43:44.217501,2023-11-15 10:43:44.377210,0 days 00:00:00.159709,0.2,10,1.25,0.8,0,5,COMPLETE
1050,1050,17454.0,2023-11-15 10:43:44.379943,2023-11-15 10:43:44.550695,0 days 00:00:00.170752,0.2,20,1.25,0.8,2,144,COMPLETE
1051,1051,19072.5,2023-11-15 10:43:44.552019,2023-11-15 10:43:44.705475,0 days 00:00:00.153456,0.30000000000000004,10,1.25,0.8,0,138,COMPLETE
1052,1052,18606.0,2023-11-15 10:43:44.706558,2023-11-15 10:43:44.856154,0 days 00:00:00.149596,0.2,10,1.25,0.8,2,68,COMPLETE
1053,1053,19358.5,2023-11-15 10:43:44.857233,2023-11-15 10:43:44.996939,0 days 00:00:00.139706,0.2,10,1.25,0.1,0,72,COMPLETE
1054,1054,2597.5,2023-11-15 10:43:44.997986,2023-11-15 10:43:45.350002,0 days 00:00:00.352016,0.2,10,1.25,0.1,2,147,COMPLETE
1055,1055,17730.0,2023-11-15 10:43:45.351520,2023-11-15 10:43:45.504824,0 days 00:00:00.153304,0.2,10,1.25,0.8,2,59,COMPLETE
1056,1056,19261.0,2023-11-15 10:43:45.506024,2023-11-15 10:43:45.652937,0 days 00:00:00.146913,0.2,10,1.25,0.1,0,141,COMPLETE
1057,1057,7672.25,2023-11-15 10:43:45.653996,2023-11-15 10:43:45.911306,0 days 00:00:00.257310,0.2,10,1.25,0.5,3,144,COMPLETE
1058,1058,19260.75,2023-11-15 10:43:45.912609,2023-11-15 10:43:46.058111,0 days 00:00:00.145502,0.2,10,1.25,0.30000000000000004,0,76,COMPLETE
1059,1059,19163.5,2023-11-15 10:43:46.059489,2023-11-15 10:43:46.205168,0 days 00:00:00.145679,0.2,10,1.5,0.9,2,150,COMPLETE
1060,1060,4182.5,2023-11-15 10:43:46.206224,2023-11-15 10:43:46.517129,0 days 00:00:00.310905,0.30000000000000004,10,1.25,0.2,4,147,COMPLETE
1061,1061,19078.5,2023-11-15 10:43:46.518179,2023-11-15 10:43:46.684243,0 days 00:00:00.166064,0.2,10,1.25,0.9,0,70,COMPLETE
1062,1062,18787.25,2023-11-15 10:43:46.685330,2023-11-15 10:43:46.856426,0 days 00:00:00.171096,0.2,10,1.25,0.8,2,142,COMPLETE
1063,1063,4234.5,2023-11-15 10:43:46.857481,2023-11-15 10:43:47.074832,0 days 00:00:00.217351,0.2,10,1.25,0.1,93,73,COMPLETE
1064,1064,18202.25,2023-11-15 10:43:47.076198,2023-11-15 10:43:47.221233,0 days 00:00:00.145035,0.2,20,1.25,0.9,4,79,COMPLETE
1065,1065,19270.0,2023-11-15 10:43:47.222276,2023-11-15 10:43:47.365982,0 days 00:00:00.143706,0.2,10,1.25,0.9,0,145,COMPLETE
1066,1066,19161.25,2023-11-15 10:43:47.367090,2023-11-15 10:43:47.517575,0 days 00:00:00.150485,0.2,10,1.25,0.9,2,139,COMPLETE
1067,1067,100.75,2023-11-15 10:43:47.518722,2023-11-15 10:43:47.787663,0 days 00:00:00.268941,0.2,10,1.25,0.1,3,67,COMPLETE
1068,1068,19261.0,2023-11-15 10:43:47.788751,2023-11-15 10:43:47.935514,0 days 00:00:00.146763,0.30000000000000004,10,0.5,0.2,0,147,COMPLETE
1069,1069,19261.0,2023-11-15 10:43:47.936521,2023-11-15 10:43:48.079548,0 days 00:00:00.143027,0.2,10,1.25,0.9,2,143,COMPLETE
1070,1070,19068.5,2023-11-15 10:43:48.080610,2023-11-15 10:43:48.224464,0 days 00:00:00.143854,0.2,10,1.25,0.9,4,70,COMPLETE
1071,1071,19260.75,2023-11-15 10:43:48.225940,2023-11-15 10:43:48.369937,0 days 00:00:00.143997,0.2,10,1.5,0.1,0,75,COMPLETE
1072,1072,3803.0,2023-11-15 10:43:48.371002,2023-11-15 10:43:48.693971,0 days 00:00:00.322969,0.2,20,1.25,0.2,2,150,COMPLETE
1073,1073,18396.75,2023-11-15 10:43:48.695136,2023-11-15 10:43:48.864311,0 days 00:00:00.169175,0.2,10,0.25,0.9,4,137,COMPLETE
1074,1074,19270.0,2023-11-15 10:43:48.865379,2023-11-15 10:43:49.017304,0 days 00:00:00.151925,0.2,10,1.25,0.9,0,145,COMPLETE
1075,1075,757.0,2023-11-15 10:43:49.018459,2023-11-15 10:43:49.258547,0 days 00:00:00.240088,0.8,10,1.25,0.9,2,64,COMPLETE
1076,1076,16386.0,2023-11-15 10:43:49.259926,2023-11-15 10:43:49.428500,0 days 00:00:00.168574,0.2,50,1.5,0.1,0,142,COMPLETE
1077,1077,19084.5,2023-11-15 10:43:49.430423,2023-11-15 10:43:49.580101,0 days 00:00:00.149678,0.30000000000000004,10,1.25,0.9,4,73,COMPLETE
1078,1078,15784.0,2023-11-15 10:43:49.581171,2023-11-15 10:43:49.757970,0 days 00:00:00.176799,0.2,10,0.5,0.30000000000000004,2,147,COMPLETE
1079,1079,18787.0,2023-11-15 10:43:49.760002,2023-11-15 10:43:49.913005,0 days 00:00:00.153003,0.2,10,1.25,0.8,5,140,COMPLETE
1080,1080,18224.5,2023-11-15 10:43:49.914069,2023-11-15 10:43:50.074331,0 days 00:00:00.160262,0.2,10,0.25,0.9,0,105,COMPLETE
1081,1081,2595.75,2023-11-15 10:43:50.075556,2023-11-15 10:43:50.432594,0 days 00:00:00.357038,0.2,20,1.25,0.1,2,148,COMPLETE
1082,1082,6783.25,2023-11-15 10:43:50.433778,2023-11-15 10:43:50.633858,0 days 00:00:00.200080,0.6,10,1.25,0.2,4,77,COMPLETE
1083,1083,19270.0,2023-11-15 10:43:50.635154,2023-11-15 10:43:50.786803,0 days 00:00:00.151649,0.2,10,1.25,0.9,0,145,COMPLETE
1084,1084,6840.75,2023-11-15 10:43:50.787879,2023-11-15 10:43:50.988420,0 days 00:00:00.200541,0.2,10,1.5,0.5,2,70,COMPLETE
1085,1085,16007.0,2023-11-15 10:43:50.989698,2023-11-15 10:43:51.136449,0 days 00:00:00.146751,0.7000000000000001,40,1.25,0.30000000000000004,6,67,COMPLETE
1086,1086,19163.5,2023-11-15 10:43:51.137558,2023-11-15 10:43:51.290661,0 days 00:00:00.153103,0.30000000000000004,10,1.25,0.9,2,150,COMPLETE
1087,1087,18401.75,2023-11-15 10:43:51.292097,2023-11-15 10:43:51.433008,0 days 00:00:00.140911,0.2,10,0.5,0.9,0,36,COMPLETE
1088,1088,3235.5,2023-11-15 10:43:51.434100,2023-11-15 10:43:51.768929,0 days 00:00:00.334829,0.2,10,1.25,0.2,4,143,COMPLETE
1089,1089,6556.75,2023-11-15 10:43:51.770486,2023-11-15 10:43:51.975925,0 days 00:00:00.205439,0.2,20,1.25,0.1,2,73,COMPLETE
1090,1090,18793.5,2023-11-15 10:43:51.977698,2023-11-15 10:43:52.125571,0 days 00:00:00.147873,0.2,10,1.25,0.9,0,135,COMPLETE
1091,1091,12192.5,2023-11-15 10:43:52.126991,2023-11-15 10:43:52.341881,0 days 00:00:00.214890,0.2,10,1.25,0.9,78,147,COMPLETE
1092,1092,17745.75,2023-11-15 10:43:52.343239,2023-11-15 10:43:52.500797,0 days 00:00:00.157558,0.30000000000000004,10,1.25,0.8,6,126,COMPLETE
1093,1093,14632.75,2023-11-15 10:43:52.501874,2023-11-15 10:43:52.718324,0 days 00:00:00.216450,0.6,10,0.5,0.9,32,141,COMPLETE
1094,1094,18592.75,2023-11-15 10:43:52.719516,2023-11-15 10:43:52.878475,0 days 00:00:00.158959,0.2,10,1.25,0.9,3,144,COMPLETE
1095,1095,19163.5,2023-11-15 10:43:52.879524,2023-11-15 10:43:53.017136,0 days 00:00:00.137612,0.2,10,1.25,0.9,0,80,COMPLETE
1096,1096,9946.75,2023-11-15 10:43:53.018399,2023-11-15 10:43:53.210578,0 days 00:00:00.192179,0.2,10,0.25,0.1,4,71,COMPLETE
1097,1097,18775.75,2023-11-15 10:43:53.211642,2023-11-15 10:43:53.358202,0 days 00:00:00.146560,0.2,10,1.5,0.9,2,75,COMPLETE
1098,1098,19359.75,2023-11-15 10:43:53.359663,2023-11-15 10:43:53.540809,0 days 00:00:00.181146,0.2,10,1.25,0.5,0,148,COMPLETE
1099,1099,4082.75,2023-11-15 10:43:53.541997,2023-11-15 10:43:53.819923,0 days 00:00:00.277926,0.2,10,1.25,0.5,2,118,COMPLETE
1100,1100,19261.0,2023-11-15 10:43:53.820936,2023-11-15 10:43:53.965587,0 days 00:00:00.144651,0.2,10,0.75,0.5,0,150,COMPLETE
1101,1101,14774.75,2023-11-15 10:43:53.966666,2023-11-15 10:43:54.156784,0 days 00:00:00.190118,0.2,10,0.5,0.5,100,147,COMPLETE
1102,1102,13116.5,2023-11-15 10:43:54.157857,2023-11-15 10:43:54.348759,0 days 00:00:00.190902,0.2,100,1.25,0.5,6,150,COMPLETE
1103,1103,17471.0,2023-11-15 10:43:54.350147,2023-11-15 10:43:54.507836,0 days 00:00:00.157689,0.2,20,0.75,0.5,4,147,COMPLETE
1104,1104,8180.75,2023-11-15 10:43:54.509181,2023-11-15 10:43:54.766383,0 days 00:00:00.257202,0.2,10,1.25,0.2,58,145,COMPLETE
1105,1105,17492.75,2023-11-15 10:43:54.767582,2023-11-15 10:43:54.934088,0 days 00:00:00.166506,0.2,10,0.75,0.5,2,148,COMPLETE
1106,1106,19261.0,2023-11-15 10:43:54.935344,2023-11-15 10:43:55.086832,0 days 00:00:00.151488,0.2,10,1.25,0.1,0,143,COMPLETE
1107,1107,19359.75,2023-11-15 10:43:55.088057,2023-11-15 10:43:55.235982,0 days 00:00:00.147925,0.2,10,0.75,0.9,4,145,COMPLETE
1108,1108,18794.25,2023-11-15 10:43:55.237078,2023-11-15 10:43:55.400807,0 days 00:00:00.163729,0.2,10,0.75,0.9,7,139,COMPLETE
1109,1109,18858.25,2023-11-15 10:43:55.401885,2023-11-15 10:43:55.556714,0 days 00:00:00.154829,0.2,10,0.75,0.9,44,145,COMPLETE
1110,1110,14893.0,2023-11-15 10:43:55.557738,2023-11-15 10:43:55.731469,0 days 00:00:00.173731,0.2,60,0.75,0.9,5,141,COMPLETE
1111,1111,19359.75,2023-11-15 10:43:55.732528,2023-11-15 10:43:55.880302,0 days 00:00:00.147774,0.2,10,0.75,0.9,5,145,COMPLETE
1112,1112,19091.5,2023-11-15 10:43:55.881552,2023-11-15 10:43:56.040957,0 days 00:00:00.159405,0.2,10,0.75,0.9,10,142,COMPLETE
1113,1113,18199.25,2023-11-15 10:43:56.042278,2023-11-15 10:43:56.210613,0 days 00:00:00.168335,0.2,20,0.75,0.9,9,138,COMPLETE
1114,1114,19077.75,2023-11-15 10:43:56.211783,2023-11-15 10:43:56.373051,0 days 00:00:00.161268,0.2,10,0.75,0.9,8,146,COMPLETE
1115,1115,18992.75,2023-11-15 10:43:56.374290,2023-11-15 10:43:56.534237,0 days 00:00:00.159947,0.2,10,0.75,0.9,8,143,COMPLETE
1116,1116,19173.0,2023-11-15 10:43:56.535314,2023-11-15 10:43:56.683956,0 days 00:00:00.148642,0.2,10,0.75,0.9,7,148,COMPLETE
1117,1117,18398.5,2023-11-15 10:43:56.685267,2023-11-15 10:43:56.840634,0 days 00:00:00.155367,0.2,20,0.75,0.9,6,145,COMPLETE
1118,1118,19066.25,2023-11-15 10:43:56.841802,2023-11-15 10:43:56.990188,0 days 00:00:00.148386,0.2,10,0.75,0.9,6,140,COMPLETE
1119,1119,19111.25,2023-11-15 10:43:56.991499,2023-11-15 10:43:57.144255,0 days 00:00:00.152756,0.2,10,0.75,0.9,6,150,COMPLETE
1120,1120,18778.0,2023-11-15 10:43:57.145767,2023-11-15 10:43:57.299180,0 days 00:00:00.153413,0.2,10,0.75,0.9,5,144,COMPLETE
1121,1121,17891.25,2023-11-15 10:43:57.300291,2023-11-15 10:43:57.460068,0 days 00:00:00.159777,0.2,10,0.75,0.8,10,136,COMPLETE
1122,1122,19173.0,2023-11-15 10:43:57.461141,2023-11-15 10:43:57.619319,0 days 00:00:00.158178,0.2,10,0.75,0.9,8,148,COMPLETE
1123,1123,19359.75,2023-11-15 10:43:57.620383,2023-11-15 10:43:57.769844,0 days 00:00:00.149461,0.2,10,0.75,0.9,5,145,COMPLETE
1124,1124,19066.25,2023-11-15 10:43:57.770949,2023-11-15 10:43:57.926805,0 days 00:00:00.155856,0.2,10,0.75,0.9,10,140,COMPLETE
1125,1125,19068.0,2023-11-15 10:43:57.927901,2023-11-15 10:43:58.079449,0 days 00:00:00.151548,0.2,10,0.75,0.9,12,145,COMPLETE
1126,1126,13563.0,2023-11-15 10:43:58.080493,2023-11-15 10:43:58.297249,0 days 00:00:00.216756,0.2,90,0.75,0.9,8,143,COMPLETE
1127,1127,19261.0,2023-11-15 10:43:58.298759,2023-11-15 10:43:58.482497,0 days 00:00:00.183738,0.2,10,0.75,0.9,7,147,COMPLETE
1128,1128,19093.75,2023-11-15 10:43:58.483933,2023-11-15 10:43:58.662654,0 days 00:00:00.178721,0.2,10,0.75,0.9,6,142,COMPLETE
1129,1129,19161.25,2023-11-15 10:43:58.664049,2023-11-15 10:43:58.851263,0 days 00:00:00.187214,0.2,10,0.75,0.9,9,137,COMPLETE
1130,1130,18857.5,2023-11-15 10:43:58.852810,2023-11-15 10:43:59.035627,0 days 00:00:00.182817,0.2,10,0.75,0.9,25,145,COMPLETE
1131,1131,18393.5,2023-11-15 10:43:59.037004,2023-11-15 10:43:59.208768,0 days 00:00:00.171764,0.2,20,0.75,0.9,6,150,COMPLETE
1132,1132,19066.25,2023-11-15 10:43:59.210470,2023-11-15 10:43:59.364009,0 days 00:00:00.153539,0.2,10,0.75,0.9,6,140,COMPLETE
1133,1133,19261.0,2023-11-15 10:43:59.365083,2023-11-15 10:43:59.513528,0 days 00:00:00.148445,0.2,10,0.75,0.9,4,147,COMPLETE
1134,1134,18992.75,2023-11-15 10:43:59.514564,2023-11-15 10:43:59.673474,0 days 00:00:00.158910,0.2,10,0.75,0.9,8,143,COMPLETE
1135,1135,19100.0,2023-11-15 10:43:59.674723,2023-11-15 10:43:59.838371,0 days 00:00:00.163648,0.2,10,0.75,0.9,6,146,COMPLETE
1136,1136,18700.5,2023-11-15 10:43:59.839434,2023-11-15 10:43:59.999285,0 days 00:00:00.159851,0.2,10,0.75,0.9,4,133,COMPLETE
1137,1137,18887.0,2023-11-15 10:44:00.000335,2023-11-15 10:44:00.179081,0 days 00:00:00.178746,0.2,10,0.75,0.8,5,140,COMPLETE
1138,1138,19136.5,2023-11-15 10:44:00.180293,2023-11-15 10:44:00.336197,0 days 00:00:00.155904,0.2,10,0.75,0.9,4,148,COMPLETE
1139,1139,18992.75,2023-11-15 10:44:00.337455,2023-11-15 10:44:00.498501,0 days 00:00:00.161046,0.2,10,0.75,0.9,4,143,COMPLETE
1140,1140,19163.5,2023-11-15 10:44:00.499642,2023-11-15 10:44:00.654594,0 days 00:00:00.154952,0.2,10,0.75,0.9,8,150,COMPLETE
1141,1141,19068.0,2023-11-15 10:44:00.655722,2023-11-15 10:44:00.814305,0 days 00:00:00.158583,0.2,10,0.75,0.9,12,145,COMPLETE
1142,1142,18818.25,2023-11-15 10:44:00.815392,2023-11-15 10:44:00.969190,0 days 00:00:00.153798,0.2,10,0.75,0.9,4,139,COMPLETE
1143,1143,18300.25,2023-11-15 10:44:00.970315,2023-11-15 10:44:01.137050,0 days 00:00:00.166735,0.2,20,0.75,0.9,6,142,COMPLETE
1144,1144,19261.0,2023-11-15 10:44:01.138443,2023-11-15 10:44:01.287512,0 days 00:00:00.149069,0.2,10,0.75,0.9,4,147,COMPLETE
1145,1145,19068.0,2023-11-15 10:44:01.288714,2023-11-15 10:44:01.442626,0 days 00:00:00.153912,0.2,10,0.75,0.9,10,145,COMPLETE
1146,1146,19161.25,2023-11-15 10:44:01.444009,2023-11-15 10:44:01.597398,0 days 00:00:00.153389,0.2,10,0.75,0.9,3,137,COMPLETE
1147,1147,19111.25,2023-11-15 10:44:01.598489,2023-11-15 10:44:01.748709,0 days 00:00:00.150220,0.2,10,0.75,0.9,5,150,COMPLETE
1148,1148,18062.25,2023-11-15 10:44:01.749763,2023-11-15 10:44:01.919253,0 days 00:00:00.169490,0.2,20,0.75,0.8,3,142,COMPLETE
1149,1149,19262.25,2023-11-15 10:44:01.920324,2023-11-15 10:44:02.069709,0 days 00:00:00.149385,0.2,10,0.75,0.9,7,145,COMPLETE
1150,1150,19201.25,2023-11-15 10:44:02.070746,2023-11-15 10:44:02.229938,0 days 00:00:00.159192,0.2,10,0.75,0.9,3,148,COMPLETE
1151,1151,19261.0,2023-11-15 10:44:02.231271,2023-11-15 10:44:02.382107,0 days 00:00:00.150836,0.2,10,0.5,0.9,5,147,COMPLETE
1152,1152,19051.5,2023-11-15 10:44:02.383142,2023-11-15 10:44:02.544173,0 days 00:00:00.161031,0.2,10,0.75,0.9,3,142,COMPLETE
1153,1153,18829.5,2023-11-15 10:44:02.545432,2023-11-15 10:44:02.704117,0 days 00:00:00.158685,0.2,10,0.75,0.8,2,145,COMPLETE
1154,1154,16830.5,2023-11-15 10:44:02.705467,2023-11-15 10:44:02.875654,0 days 00:00:00.170187,0.2,40,0.75,0.9,7,150,COMPLETE
1155,1155,19066.25,2023-11-15 10:44:02.877300,2023-11-15 10:44:03.037940,0 days 00:00:00.160640,0.2,10,0.75,0.9,4,140,COMPLETE
1156,1156,19163.5,2023-11-15 10:44:03.039411,2023-11-15 10:44:03.192700,0 days 00:00:00.153289,0.2,10,0.75,0.9,2,144,COMPLETE
1157,1157,19261.0,2023-11-15 10:44:03.194168,2023-11-15 10:44:03.350115,0 days 00:00:00.155947,0.2,10,0.75,0.9,5,147,COMPLETE
1158,1158,18647.5,2023-11-15 10:44:03.351180,2023-11-15 10:44:03.505568,0 days 00:00:00.154388,0.2,10,0.75,0.9,2,136,COMPLETE
1159,1159,14136.25,2023-11-15 10:44:03.506675,2023-11-15 10:44:03.701467,0 days 00:00:00.194792,0.2,80,0.5,0.9,3,142,COMPLETE
1160,1160,19136.75,2023-11-15 10:44:03.702538,2023-11-15 10:44:03.854214,0 days 00:00:00.151676,0.2,10,0.75,0.8,8,147,COMPLETE
1161,1161,19066.25,2023-11-15 10:44:03.855367,2023-11-15 10:44:04.011850,0 days 00:00:00.156483,0.2,10,0.75,0.9,6,140,COMPLETE
1162,1162,19082.5,2023-11-15 10:44:04.012886,2023-11-15 10:44:04.165116,0 days 00:00:00.152230,0.2,10,0.75,0.9,2,150,COMPLETE
1163,1163,17924.5,2023-11-15 10:44:04.166230,2023-11-15 10:44:04.345665,0 days 00:00:00.179435,0.2,20,0.75,0.9,4,144,COMPLETE
1164,1164,19292.25,2023-11-15 10:44:04.346812,2023-11-15 10:44:04.506838,0 days 00:00:00.160026,0.2,10,0.75,0.9,2,145,COMPLETE
1165,1165,18926.25,2023-11-15 10:44:04.507937,2023-11-15 10:44:04.671395,0 days 00:00:00.163458,0.2,10,0.5,0.9,2,147,COMPLETE
1166,1166,18818.25,2023-11-15 10:44:04.672627,2023-11-15 10:44:04.834635,0 days 00:00:00.162008,0.2,10,0.75,0.9,6,139,COMPLETE
1167,1167,18992.75,2023-11-15 10:44:04.835663,2023-11-15 10:44:05.003649,0 days 00:00:00.167986,0.2,10,0.75,0.9,4,143,COMPLETE
1168,1168,19082.5,2023-11-15 10:44:05.004767,2023-11-15 10:44:05.152618,0 days 00:00:00.147851,0.2,10,0.75,0.9,2,150,COMPLETE
1169,1169,19359.75,2023-11-15 10:44:05.153855,2023-11-15 10:44:05.309329,0 days 00:00:00.155474,0.2,10,0.75,0.9,0,145,COMPLETE
1170,1170,18969.25,2023-11-15 10:44:05.310829,2023-11-15 10:44:05.464321,0 days 00:00:00.153492,0.2,10,0.75,0.9,0,138,COMPLETE
1171,1171,18992.75,2023-11-15 10:44:05.465391,2023-11-15 10:44:05.629773,0 days 00:00:00.164382,0.2,10,0.75,0.9,4,143,COMPLETE
1172,1172,18492.0,2023-11-15 10:44:05.630922,2023-11-15 10:44:05.788923,0 days 00:00:00.158001,0.2,20,0.75,0.9,2,146,COMPLETE
1173,1173,18665.0,2023-11-15 10:44:05.790203,2023-11-15 10:44:05.956724,0 days 00:00:00.166521,0.2,10,0.75,0.9,9,134,COMPLETE
1174,1174,19093.75,2023-11-15 10:44:05.958019,2023-11-15 10:44:06.115865,0 days 00:00:00.157846,0.2,10,0.75,0.9,5,142,COMPLETE
1175,1175,17749.5,2023-11-15 10:44:06.117094,2023-11-15 10:44:06.291574,0 days 00:00:00.174480,0.2,30,0.75,0.9,0,147,COMPLETE
1176,1176,19066.25,2023-11-15 10:44:06.293107,2023-11-15 10:44:06.452014,0 days 00:00:00.158907,0.2,10,0.75,0.9,16,140,COMPLETE
1177,1177,18829.5,2023-11-15 10:44:06.453132,2023-11-15 10:44:06.618365,0 days 00:00:00.165233,0.2,10,0.75,0.8,2,145,COMPLETE
1178,1178,16486.0,2023-11-15 10:44:06.619464,2023-11-15 10:44:06.784750,0 days 00:00:00.165286,0.2,50,0.75,0.9,7,148,COMPLETE
1179,1179,19093.75,2023-11-15 10:44:06.786103,2023-11-15 10:44:06.945723,0 days 00:00:00.159620,0.2,10,0.75,0.9,4,142,COMPLETE
1180,1180,19163.75,2023-11-15 10:44:06.947592,2023-11-15 10:44:07.105391,0 days 00:00:00.157799,0.2,10,0.75,0.9,0,150,COMPLETE
1181,1181,18981.0,2023-11-15 10:44:07.106500,2023-11-15 10:44:07.263198,0 days 00:00:00.156698,0.2,10,0.75,0.9,2,138,COMPLETE
1182,1182,19068.0,2023-11-15 10:44:07.264308,2023-11-15 10:44:07.422530,0 days 00:00:00.158222,0.2,10,0.75,0.9,11,145,COMPLETE
1183,1183,19261.0,2023-11-15 10:44:07.424253,2023-11-15 10:44:07.574260,0 days 00:00:00.150007,0.2,10,0.75,0.9,2,147,COMPLETE
1184,1184,18249.75,2023-11-15 10:44:07.575617,2023-11-15 10:44:07.734768,0 days 00:00:00.159151,0.30000000000000004,20,0.5,0.9,6,143,COMPLETE
1185,1185,19171.5,2023-11-15 10:44:07.736731,2023-11-15 10:44:07.890575,0 days 00:00:00.153844,0.2,10,0.75,0.9,0,141,COMPLETE
1186,1186,18856.0,2023-11-15 10:44:07.891915,2023-11-15 10:44:08.054802,0 days 00:00:00.162887,0.2,10,0.75,0.9,4,130,COMPLETE
1187,1187,18865.75,2023-11-15 10:44:08.055999,2023-11-15 10:44:08.218616,0 days 00:00:00.162617,0.2,10,0.75,0.8,2,150,COMPLETE
1188,1188,19261.0,2023-11-15 10:44:08.219704,2023-11-15 10:44:08.371555,0 days 00:00:00.151851,0.2,10,0.75,0.9,4,147,COMPLETE
1189,1189,19261.0,2023-11-15 10:44:08.372619,2023-11-15 10:44:08.526148,0 days 00:00:00.153529,0.1,10,0.75,0.9,0,144,COMPLETE
1190,1190,18476.0,2023-11-15 10:44:08.527656,2023-11-15 10:44:08.704206,0 days 00:00:00.176550,0.2,10,0.25,0.9,8,137,COMPLETE
1191,1191,18970.25,2023-11-15 10:44:08.705312,2023-11-15 10:44:08.858371,0 days 00:00:00.153059,0.2,10,0.5,0.9,2,144,COMPLETE
1192,1192,17834.25,2023-11-15 10:44:08.859838,2023-11-15 10:44:09.038015,0 days 00:00:00.178177,0.30000000000000004,30,0.75,0.9,6,147,COMPLETE
1193,1193,18879.0,2023-11-15 10:44:09.039091,2023-11-15 10:44:09.211498,0 days 00:00:00.172407,0.1,10,0.75,0.9,20,140,COMPLETE
1194,1194,19163.75,2023-11-15 10:44:09.212660,2023-11-15 10:44:09.366910,0 days 00:00:00.154250,0.2,10,0.75,0.9,0,150,COMPLETE
