,number,value,datetime_start,datetime_complete,duration,params_alpha,params_decay_interval,params_decay_rate,params_gamma,params_initialization,params_max_steps,state
7637,7637,18404.0,2023-11-15 11:29:37.768993,2023-11-15 11:29:38.417474,0 days 00:00:00.648481,0.5,10,0.75,0.9,4,119,COMPLETE
7638,7638,13888.25,2023-11-15 11:29:38.421858,2023-11-15 11:29:39.115602,0 days 00:00:00.693744,0.30000000000000004,10,0.75,0.1,7,143,COMPLETE
7639,7639,17095.5,2023-11-15 11:29:39.118129,2023-11-15 11:29:39.814251,0 days 00:00:00.696122,0.6,10,0.5,0.9,2,147,COMPLETE
7640,7640,19261.0,2023-11-15 11:29:39.816595,2023-11-15 11:29:40.472317,0 days 00:00:00.655722,0.2,10,0.75,0.7000000000000001,0,140,COMPLETE
7641,7641,14768.5,2023-11-15 11:29:40.475306,2023-11-15 11:29:41.164596,0 days 00:00:00.689290,0.1,10,1.0,0.5,3,145,COMPLETE
7642,7642,19111.25,2023-11-15 11:29:41.167062,2023-11-15 11:29:41.813822,0 days 00:00:00.646760,0.2,10,0.75,0.9,6,150,COMPLETE
7643,7643,18299.75,2023-11-15 11:29:41.816204,2023-11-15 11:29:42.492106,0 days 00:00:00.675902,0.2,20,2.0,0.9,2,142,COMPLETE
7644,7644,19240.5,2023-11-15 11:29:42.494543,2023-11-15 11:29:43.145003,0 days 00:00:00.650460,0.2,10,0.25,0.9,0,147,COMPLETE
7645,7645,12335.25,2023-11-15 11:29:43.147371,2023-11-15 11:29:43.857869,0 days 00:00:00.710498,0.30000000000000004,90,1.25,0.9,5,144,COMPLETE
7646,7646,18782.0,2023-11-15 11:29:43.860498,2023-11-15 11:29:44.503014,0 days 00:00:00.642516,0.2,10,0.75,0.8,9,140,COMPLETE
7647,7647,19261.0,2023-11-15 11:29:44.505920,2023-11-15 11:29:45.140030,0 days 00:00:00.634110,0.2,10,0.75,0.9,2,147,COMPLETE
7648,7648,18691.75,2023-11-15 11:29:45.142415,2023-11-15 11:29:45.796729,0 days 00:00:00.654314,0.1,10,0.75,0.9,4,136,COMPLETE
7649,7649,7612.75,2023-11-15 11:29:45.799182,2023-11-15 11:29:46.544703,0 days 00:00:00.745521,0.2,20,1.0,0.9,98,143,COMPLETE
7650,7650,19066.5,2023-11-15 11:29:46.547211,2023-11-15 11:29:47.204268,0 days 00:00:00.657057,0.1,10,0.75,0.9,0,131,COMPLETE
7651,7651,19082.5,2023-11-15 11:29:47.207137,2023-11-15 11:29:47.847987,0 days 00:00:00.640850,0.2,10,0.75,0.9,2,150,COMPLETE
7652,7652,19261.0,2023-11-15 11:29:47.850487,2023-11-15 11:29:48.489429,0 days 00:00:00.638942,0.2,10,0.5,0.9,4,147,COMPLETE
7653,7653,19359.75,2023-11-15 11:29:48.491960,2023-11-15 11:29:49.135590,0 days 00:00:00.643630,0.2,10,0.75,0.9,0,145,COMPLETE
7654,7654,19023.0,2023-11-15 11:29:49.138436,2023-11-15 11:29:49.793745,0 days 00:00:00.655309,0.1,10,1.0,0.8,2,140,COMPLETE
7655,7655,19093.75,2023-11-15 11:29:49.796441,2023-11-15 11:29:50.455955,0 days 00:00:00.659514,0.2,10,0.75,0.9,7,142,COMPLETE
7656,7656,18523.25,2023-11-15 11:29:50.458560,2023-11-15 11:29:51.098927,0 days 00:00:00.640367,0.2,20,1.5,0.9,4,147,COMPLETE
7657,7657,19163.5,2023-11-15 11:29:51.101257,2023-11-15 11:29:51.756216,0 days 00:00:00.654959,0.2,10,1.25,0.9,2,150,COMPLETE
7658,7658,19164.0,2023-11-15 11:29:51.758821,2023-11-15 11:29:52.403021,0 days 00:00:00.644200,0.30000000000000004,10,0.75,0.9,0,144,COMPLETE
7659,7659,13842.75,2023-11-15 11:29:52.405905,2023-11-15 11:29:53.091486,0 days 00:00:00.685581,0.2,10,0.75,0.5,5,138,COMPLETE
7660,7660,19261.0,2023-11-15 11:29:53.093961,2023-11-15 11:29:53.745738,0 days 00:00:00.651777,0.2,10,0.75,0.9,0,147,COMPLETE
7661,7661,19166.0,2023-11-15 11:29:53.748066,2023-11-15 11:29:54.397266,0 days 00:00:00.649200,0.1,10,0.75,0.9,3,143,COMPLETE
7662,7662,18515.5,2023-11-15 11:29:54.399793,2023-11-15 11:29:55.056900,0 days 00:00:00.657107,0.2,10,1.0,0.9,44,145,COMPLETE
7663,7663,15798.5,2023-11-15 11:29:55.059406,2023-11-15 11:29:55.732731,0 days 00:00:00.673325,0.2,20,0.75,0.4,6,141,COMPLETE
7664,7664,19062.0,2023-11-15 11:29:55.735081,2023-11-15 11:29:56.402902,0 days 00:00:00.667821,0.1,10,0.75,0.9,2,81,COMPLETE
7665,7665,19070.5,2023-11-15 11:29:56.405861,2023-11-15 11:29:57.085448,0 days 00:00:00.679587,0.2,10,0.75,0.8,8,148,COMPLETE
7666,7666,19163.75,2023-11-15 11:29:57.088415,2023-11-15 11:29:57.744837,0 days 00:00:00.656422,0.2,10,0.75,0.9,0,150,COMPLETE
7667,7667,18904.25,2023-11-15 11:29:57.747956,2023-11-15 11:29:58.410496,0 days 00:00:00.662540,0.4,10,0.75,0.9,11,145,COMPLETE
7668,7668,14886.75,2023-11-15 11:29:58.413000,2023-11-15 11:29:59.138991,0 days 00:00:00.725991,0.7000000000000001,10,0.5,0.9,4,139,COMPLETE
7669,7669,19182.75,2023-11-15 11:29:59.141407,2023-11-15 11:29:59.787597,0 days 00:00:00.646190,0.2,10,1.0,0.9,2,142,COMPLETE
7670,7670,18869.0,2023-11-15 11:29:59.791276,2023-11-15 11:30:00.502413,0 days 00:00:00.711137,0.2,10,1.25,0.6,0,135,COMPLETE
7671,7671,13337.0,2023-11-15 11:30:00.505581,2023-11-15 11:30:01.210533,0 days 00:00:00.704952,0.6,10,0.75,0.30000000000000004,6,147,COMPLETE
7672,7672,19262.25,2023-11-15 11:30:01.212989,2023-11-15 11:30:01.870444,0 days 00:00:00.657455,0.1,10,1.75,0.9,3,145,COMPLETE
7673,7673,18995.0,2023-11-15 11:30:01.873385,2023-11-15 11:30:02.536125,0 days 00:00:00.662740,0.2,10,0.25,0.9,2,150,COMPLETE
7674,7674,19261.0,2023-11-15 11:30:02.539304,2023-11-15 11:30:03.183913,0 days 00:00:00.644609,0.2,10,0.75,0.9,0,143,COMPLETE
7675,7675,0.0,2023-11-15 11:30:03.186580,2023-11-15 11:30:03.883418,0 days 00:00:00.696838,0.30000000000000004,10,0.75,0.7000000000000001,4,8,COMPLETE
7676,7676,19261.0,2023-11-15 11:30:03.886030,2023-11-15 11:30:04.532848,0 days 00:00:00.646818,0.2,10,0.75,0.8,2,147,COMPLETE
7677,7677,18105.5,2023-11-15 11:30:04.535338,2023-11-15 11:30:05.194613,0 days 00:00:00.659275,0.2,20,0.5,0.9,50,138,COMPLETE
7678,7678,19091.75,2023-11-15 11:30:05.197309,2023-11-15 11:30:05.856784,0 days 00:00:00.659475,0.1,10,0.75,0.9,5,143,COMPLETE
7679,7679,16495.75,2023-11-15 11:30:05.859175,2023-11-15 11:30:06.519454,0 days 00:00:00.660279,0.2,50,1.0,0.9,8,147,COMPLETE
7680,7680,19261.0,2023-11-15 11:30:06.522428,2023-11-15 11:30:07.186285,0 days 00:00:00.663857,0.2,10,0.75,0.9,0,142,COMPLETE
7681,7681,19292.25,2023-11-15 11:30:07.189674,2023-11-15 11:30:07.831479,0 days 00:00:00.641805,0.2,10,0.75,0.9,2,145,COMPLETE
7682,7682,15499.75,2023-11-15 11:30:07.833891,2023-11-15 11:30:08.495344,0 days 00:00:00.661453,0.2,60,0.75,0.9,4,140,COMPLETE
7683,7683,14207.5,2023-11-15 11:30:08.497919,2023-11-15 11:30:09.201216,0 days 00:00:00.703297,0.9,10,1.0,0.9,0,150,COMPLETE
7684,7684,19169.0,2023-11-15 11:30:09.203897,2023-11-15 11:30:09.845375,0 days 00:00:00.641478,0.1,10,1.25,0.9,6,147,COMPLETE
7685,7685,18829.5,2023-11-15 11:30:09.848002,2023-11-15 11:30:10.523990,0 days 00:00:00.675988,0.2,10,0.75,0.8,2,145,COMPLETE
7686,7686,16204.75,2023-11-15 11:30:10.526470,2023-11-15 11:30:11.191955,0 days 00:00:00.665485,0.1,10,0.75,0.9,83,141,COMPLETE
7687,7687,0.0,2023-11-15 11:30:11.194291,2023-11-15 11:30:11.923037,0 days 00:00:00.728746,0.2,20,0.75,0.9,0,50,COMPLETE
7688,7688,13296.25,2023-11-15 11:30:11.925537,2023-11-15 11:30:12.632915,0 days 00:00:00.707378,0.5,10,0.75,0.9,4,137,COMPLETE
7689,7689,19359.75,2023-11-15 11:30:12.635318,2023-11-15 11:30:13.300705,0 days 00:00:00.665387,0.30000000000000004,10,0.5,0.9,2,148,COMPLETE
7690,7690,11358.0,2023-11-15 11:30:13.303177,2023-11-15 11:30:14.026015,0 days 00:00:00.722838,0.2,10,1.25,0.2,6,144,COMPLETE
7691,7691,19271.0,2023-11-15 11:30:14.028407,2023-11-15 11:30:14.694909,0 days 00:00:00.666502,0.2,10,0.75,0.9,0,148,COMPLETE
7692,7692,18977.5,2023-11-15 11:30:14.697234,2023-11-15 11:30:15.354315,0 days 00:00:00.657081,0.1,10,0.75,0.8,3,107,COMPLETE
7693,7693,17531.25,2023-11-15 11:30:15.356963,2023-11-15 11:30:16.013899,0 days 00:00:00.656936,0.2,10,1.0,0.5,2,141,COMPLETE
7694,7694,18393.5,2023-11-15 11:30:16.016341,2023-11-15 11:30:16.668639,0 days 00:00:00.652298,0.2,20,0.75,0.9,9,150,COMPLETE
7695,7695,18877.75,2023-11-15 11:30:16.671906,2023-11-15 11:30:17.335360,0 days 00:00:00.663454,0.2,10,0.25,0.9,4,145,COMPLETE
7696,7696,19066.0,2023-11-15 11:30:17.338151,2023-11-15 11:30:18.034209,0 days 00:00:00.696058,0.2,10,0.75,0.9,0,134,COMPLETE
7697,7697,18918.0,2023-11-15 11:30:18.036573,2023-11-15 11:30:18.693315,0 days 00:00:00.656742,0.1,10,0.75,0.9,2,139,COMPLETE
7698,7698,18999.0,2023-11-15 11:30:18.695907,2023-11-15 11:30:19.352252,0 days 00:00:00.656345,0.2,10,1.0,0.9,6,144,COMPLETE
7699,7699,19261.0,2023-11-15 11:30:19.355153,2023-11-15 11:30:19.992212,0 days 00:00:00.637059,0.2,10,0.75,0.9,0,147,COMPLETE
7700,7700,17733.25,2023-11-15 11:30:19.994712,2023-11-15 11:30:20.658551,0 days 00:00:00.663839,0.30000000000000004,30,1.25,0.7000000000000001,4,128,COMPLETE
7701,7701,12979.75,2023-11-15 11:30:20.661030,2023-11-15 11:30:21.371044,0 days 00:00:00.710014,0.2,40,0.75,0.4,2,142,COMPLETE
7702,7702,19163.75,2023-11-15 11:30:21.374542,2023-11-15 11:30:22.024986,0 days 00:00:00.650444,0.2,10,0.75,0.9,0,150,COMPLETE
7703,7703,18829.25,2023-11-15 11:30:22.027374,2023-11-15 11:30:22.691623,0 days 00:00:00.664249,0.1,10,0.75,0.9,7,144,COMPLETE
7704,7704,12433.5,2023-11-15 11:30:22.694113,2023-11-15 11:30:23.397192,0 days 00:00:00.703079,0.2,10,0.5,0.1,4,147,COMPLETE
7705,7705,19065.5,2023-11-15 11:30:23.399608,2023-11-15 11:30:24.048498,0 days 00:00:00.648890,0.2,10,1.5,0.8,2,139,COMPLETE
7706,7706,19359.75,2023-11-15 11:30:24.051423,2023-11-15 11:30:24.721029,0 days 00:00:00.669606,0.2,10,0.75,0.9,0,145,COMPLETE
7707,7707,16343.0,2023-11-15 11:30:24.724045,2023-11-15 11:30:25.396080,0 days 00:00:00.672035,0.1,10,0.75,0.6,5,142,COMPLETE
7708,7708,18402.25,2023-11-15 11:30:25.398605,2023-11-15 11:30:26.054522,0 days 00:00:00.655917,0.2,20,0.75,0.9,14,148,COMPLETE
7709,7709,19292.25,2023-11-15 11:30:26.057085,2023-11-15 11:30:26.711679,0 days 00:00:00.654594,0.2,10,1.0,0.9,2,145,COMPLETE
7710,7710,18685.75,2023-11-15 11:30:26.714137,2023-11-15 11:30:27.354451,0 days 00:00:00.640314,0.2,10,0.5,0.9,10,63,COMPLETE
7711,7711,16146.25,2023-11-15 11:30:27.357392,2023-11-15 11:30:28.081171,0 days 00:00:00.723779,0.4,10,0.75,0.9,3,150,COMPLETE
7712,7712,19065.25,2023-11-15 11:30:28.083678,2023-11-15 11:30:28.735868,0 days 00:00:00.652190,0.2,10,0.75,0.9,0,137,COMPLETE
7713,7713,18972.0,2023-11-15 11:30:28.739150,2023-11-15 11:30:29.387164,0 days 00:00:00.648014,0.1,10,0.75,0.9,4,141,COMPLETE
7714,7714,19261.0,2023-11-15 11:30:29.390406,2023-11-15 11:30:30.036074,0 days 00:00:00.645668,0.2,10,0.75,0.9,8,147,COMPLETE
7715,7715,18247.75,2023-11-15 11:30:30.039353,2023-11-15 11:30:30.691144,0 days 00:00:00.651791,0.2,20,1.0,0.8,2,143,COMPLETE
7716,7716,19261.0,2023-11-15 11:30:30.693740,2023-11-15 11:30:31.358619,0 days 00:00:00.664879,0.2,10,0.75,0.9,0,147,COMPLETE
7717,7717,19067.25,2023-11-15 11:30:31.361114,2023-11-15 11:30:32.015143,0 days 00:00:00.654029,0.1,10,1.25,0.9,6,140,COMPLETE
7718,7718,19359.75,2023-11-15 11:30:32.017543,2023-11-15 11:30:32.672596,0 days 00:00:00.655053,0.30000000000000004,10,0.75,0.9,2,145,COMPLETE
7719,7719,14994.25,2023-11-15 11:30:32.675034,2023-11-15 11:30:33.361934,0 days 00:00:00.686900,0.2,10,0.75,0.5,4,150,COMPLETE
7720,7720,14114.5,2023-11-15 11:30:33.364271,2023-11-15 11:30:34.044839,0 days 00:00:00.680568,0.2,80,0.75,0.9,0,143,COMPLETE
7721,7721,18972.75,2023-11-15 11:30:34.047270,2023-11-15 11:30:34.714660,0 days 00:00:00.667390,0.1,10,1.25,0.9,2,147,COMPLETE
7722,7722,18548.0,2023-11-15 11:30:34.717187,2023-11-15 11:30:35.377679,0 days 00:00:00.660492,0.2,10,0.75,0.8,6,139,COMPLETE
7723,7723,18828.5,2023-11-15 11:30:35.380030,2023-11-15 11:30:36.031528,0 days 00:00:00.651498,0.2,10,0.5,0.9,2,143,COMPLETE
7724,7724,18777.0,2023-11-15 11:30:36.034085,2023-11-15 11:30:36.685812,0 days 00:00:00.651727,0.2,10,1.0,0.7000000000000001,4,150,COMPLETE
7725,7725,18748.5,2023-11-15 11:30:36.688814,2023-11-15 11:30:37.346451,0 days 00:00:00.657637,0.4,10,0.75,0.9,0,132,COMPLETE
7726,7726,18893.25,2023-11-15 11:30:37.348901,2023-11-15 11:30:38.033400,0 days 00:00:00.684499,0.2,10,0.25,0.9,8,145,COMPLETE
7727,7727,3913.25,2023-11-15 11:30:38.035881,2023-11-15 11:30:38.808972,0 days 00:00:00.773091,0.1,10,0.75,0.30000000000000004,12,112,COMPLETE
7728,7728,18424.25,2023-11-15 11:30:38.811710,2023-11-15 11:30:39.475101,0 days 00:00:00.663391,0.30000000000000004,10,0.75,0.9,4,136,COMPLETE
7729,7729,18518.25,2023-11-15 11:30:39.477552,2023-11-15 11:30:40.123733,0 days 00:00:00.646181,0.2,20,1.0,0.9,2,147,COMPLETE
7730,7730,19261.0,2023-11-15 11:30:40.126061,2023-11-15 11:30:40.763296,0 days 00:00:00.637235,0.2,10,0.75,0.6,0,141,COMPLETE
7731,7731,19359.75,2023-11-15 11:30:40.765676,2023-11-15 11:30:41.431942,0 days 00:00:00.666266,0.2,10,0.75,0.9,5,145,COMPLETE
7732,7732,19201.25,2023-11-15 11:30:41.434391,2023-11-15 11:30:42.088661,0 days 00:00:00.654270,0.2,10,0.75,0.9,2,148,COMPLETE
7733,7733,19171.75,2023-11-15 11:30:42.091529,2023-11-15 11:30:42.739711,0 days 00:00:00.648182,0.1,10,0.75,0.9,0,142,COMPLETE
7734,7734,19111.25,2023-11-15 11:30:42.742504,2023-11-15 11:30:43.384347,0 days 00:00:00.641843,0.2,10,0.75,0.9,3,150,COMPLETE
7735,7735,18863.5,2023-11-15 11:30:43.387048,2023-11-15 11:30:44.041097,0 days 00:00:00.654049,0.2,10,1.0,0.8,6,145,COMPLETE
7736,7736,18294.0,2023-11-15 11:30:44.043626,2023-11-15 11:30:44.703865,0 days 00:00:00.660239,0.2,20,1.25,0.9,0,138,COMPLETE
7737,7737,18995.25,2023-11-15 11:30:44.706894,2023-11-15 11:30:45.353209,0 days 00:00:00.646315,0.1,10,0.5,0.9,2,143,COMPLETE
7738,7738,19261.0,2023-11-15 11:30:45.356050,2023-11-15 11:30:46.004900,0 days 00:00:00.648850,0.30000000000000004,10,0.75,0.9,4,147,COMPLETE
7739,7739,19066.25,2023-11-15 11:30:46.007744,2023-11-15 11:30:46.657762,0 days 00:00:00.650018,0.2,10,0.75,0.9,8,140,COMPLETE
7740,7740,19292.25,2023-11-15 11:30:46.660685,2023-11-15 11:30:47.315881,0 days 00:00:00.655196,0.2,10,0.75,0.9,2,145,COMPLETE
7741,7741,19261.0,2023-11-15 11:30:47.318603,2023-11-15 11:30:47.992313,0 days 00:00:00.673710,0.2,10,0.75,0.8,0,150,COMPLETE
7742,7742,19093.75,2023-11-15 11:30:47.995150,2023-11-15 11:30:48.635408,0 days 00:00:00.640258,0.2,10,0.75,0.9,5,142,COMPLETE
7743,7743,18649.75,2023-11-15 11:30:48.638102,2023-11-15 11:30:49.293130,0 days 00:00:00.655028,0.1,10,1.0,0.9,2,124,COMPLETE
7744,7744,19264.5,2023-11-15 11:30:49.295461,2023-11-15 11:30:49.945536,0 days 00:00:00.650075,0.2,10,0.5,0.9,0,148,COMPLETE
7745,7745,18877.75,2023-11-15 11:30:49.948031,2023-11-15 11:30:50.601518,0 days 00:00:00.653487,0.2,10,0.25,0.9,4,145,COMPLETE
7746,7746,18818.25,2023-11-15 11:30:50.604298,2023-11-15 11:30:51.287481,0 days 00:00:00.683183,0.1,10,0.75,0.9,7,139,COMPLETE
7747,7747,17302.0,2023-11-15 11:30:51.290784,2023-11-15 11:30:51.961338,0 days 00:00:00.670554,0.2,20,0.75,0.4,2,147,COMPLETE
7748,7748,4853.0,2023-11-15 11:30:51.963884,2023-11-15 11:30:52.758097,0 days 00:00:00.794213,0.2,10,0.75,0.2,74,143,COMPLETE
7749,7749,18793.5,2023-11-15 11:30:52.760816,2023-11-15 11:30:53.411062,0 days 00:00:00.650246,0.2,10,1.25,0.7000000000000001,0,135,COMPLETE
7750,7750,19110.25,2023-11-15 11:30:53.413575,2023-11-15 11:30:54.060183,0 days 00:00:00.646608,0.1,10,0.75,0.9,4,150,COMPLETE
7751,7751,8138.0,2023-11-15 11:30:54.062711,2023-11-15 11:30:54.752734,0 days 00:00:00.690023,0.30000000000000004,10,0.75,0.6,2,56,COMPLETE
7752,7752,18990.75,2023-11-15 11:30:54.756192,2023-11-15 11:30:55.399951,0 days 00:00:00.643759,0.2,10,1.0,0.9,10,141,COMPLETE
7753,7753,16514.25,2023-11-15 11:30:55.402515,2023-11-15 11:30:56.079561,0 days 00:00:00.677046,0.2,10,0.75,0.5,6,145,COMPLETE
7754,7754,19261.0,2023-11-15 11:30:56.082096,2023-11-15 11:30:56.729872,0 days 00:00:00.647776,0.2,10,0.75,0.9,0,147,COMPLETE
7755,7755,18992.75,2023-11-15 11:30:56.732198,2023-11-15 11:30:57.390754,0 days 00:00:00.658556,0.2,10,0.75,0.9,3,143,COMPLETE
7756,7756,18991.75,2023-11-15 11:30:57.393288,2023-11-15 11:30:58.045732,0 days 00:00:00.652444,0.1,10,0.75,0.8,2,88,COMPLETE
7757,7757,19066.75,2023-11-15 11:30:58.048250,2023-11-15 11:30:58.719457,0 days 00:00:00.671207,0.5,10,1.5,0.9,5,147,COMPLETE
7758,7758,18294.0,2023-11-15 11:30:58.722595,2023-11-15 11:30:59.378605,0 days 00:00:00.656010,0.2,20,1.25,0.9,0,138,COMPLETE
7759,7759,16572.75,2023-11-15 11:30:59.381070,2023-11-15 11:31:00.047838,0 days 00:00:00.666768,0.2,40,0.75,0.9,3,143,COMPLETE
7760,7760,19359.75,2023-11-15 11:31:00.050189,2023-11-15 11:31:00.716103,0 days 00:00:00.665914,0.2,10,1.0,0.9,0,148,COMPLETE
7761,7761,18823.5,2023-11-15 11:31:00.718548,2023-11-15 11:31:01.380897,0 days 00:00:00.662349,0.1,10,0.75,0.9,7,150,COMPLETE
7762,7762,19066.25,2023-11-15 11:31:01.383248,2023-11-15 11:31:02.065248,0 days 00:00:00.682000,0.2,10,0.75,0.8,2,141,COMPLETE
7763,7763,19359.75,2023-11-15 11:31:02.067606,2023-11-15 11:31:02.723188,0 days 00:00:00.655582,0.2,10,0.75,0.9,4,145,COMPLETE
7764,7764,19265.0,2023-11-15 11:31:02.725535,2023-11-15 11:31:03.375811,0 days 00:00:00.650276,0.2,10,0.5,0.9,0,145,COMPLETE
7765,7765,19066.25,2023-11-15 11:31:03.378270,2023-11-15 11:31:04.032816,0 days 00:00:00.654546,0.30000000000000004,10,0.75,0.9,5,140,COMPLETE
7766,7766,19261.0,2023-11-15 11:31:04.035568,2023-11-15 11:31:04.687656,0 days 00:00:00.652088,0.2,10,0.75,0.9,2,147,COMPLETE
7767,7767,18996.0,2023-11-15 11:31:04.690428,2023-11-15 11:31:05.352140,0 days 00:00:00.661712,0.1,10,1.0,0.9,2,137,COMPLETE
7768,7768,18394.75,2023-11-15 11:31:05.354845,2023-11-15 11:31:06.015322,0 days 00:00:00.660477,0.2,20,0.75,0.9,9,143,COMPLETE
7769,7769,0.0,2023-11-15 11:31:06.017872,2023-11-15 11:31:06.709094,0 days 00:00:00.691222,0.2,10,1.0,0.4,4,30,COMPLETE
7770,7770,19163.5,2023-11-15 11:31:06.711542,2023-11-15 11:31:07.365952,0 days 00:00:00.654410,0.2,10,1.25,0.8,0,150,COMPLETE
7771,7771,18779.25,2023-11-15 11:31:07.368394,2023-11-15 11:31:08.036289,0 days 00:00:00.667895,0.1,10,0.75,0.9,41,145,COMPLETE
7772,7772,19066.25,2023-11-15 11:31:08.039293,2023-11-15 11:31:08.718114,0 days 00:00:00.678821,0.2,10,0.75,0.9,6,141,COMPLETE
7773,7773,18926.25,2023-11-15 11:31:08.720612,2023-11-15 11:31:09.395313,0 days 00:00:00.674701,0.2,10,0.5,0.9,2,147,COMPLETE
7774,7774,18796.5,2023-11-15 11:31:09.397978,2023-11-15 11:31:10.070634,0 days 00:00:00.672656,0.7000000000000001,10,0.75,0.7000000000000001,0,143,COMPLETE
7775,7775,19110.25,2023-11-15 11:31:10.073360,2023-11-15 11:31:10.733476,0 days 00:00:00.660116,0.1,10,0.75,0.9,4,150,COMPLETE
7776,7776,13060.5,2023-11-15 11:31:10.736052,2023-11-15 11:31:11.464476,0 days 00:00:00.728424,0.2,10,0.25,0.1,2,147,COMPLETE
7777,7777,16225.0,2023-11-15 11:31:11.466875,2023-11-15 11:31:12.183782,0 days 00:00:00.716907,0.2,10,0.75,0.5,7,145,COMPLETE
7778,7778,18837.5,2023-11-15 11:31:12.186195,2023-11-15 11:31:12.841491,0 days 00:00:00.655296,0.2,10,0.75,0.9,0,133,COMPLETE
7779,7779,18390.5,2023-11-15 11:31:12.844030,2023-11-15 11:31:13.508541,0 days 00:00:00.664511,0.2,20,1.0,0.9,4,139,COMPLETE
7780,7780,19261.0,2023-11-15 11:31:13.510933,2023-11-15 11:31:14.158612,0 days 00:00:00.647679,0.1,10,1.25,0.9,3,143,COMPLETE
7781,7781,19171.5,2023-11-15 11:31:14.161074,2023-11-15 11:31:14.814845,0 days 00:00:00.653771,0.2,10,0.75,0.6,0,77,COMPLETE
7782,7782,19261.0,2023-11-15 11:31:14.817279,2023-11-15 11:31:15.488248,0 days 00:00:00.670969,0.30000000000000004,10,0.75,0.9,2,147,COMPLETE
7783,7783,18469.5,2023-11-15 11:31:15.491039,2023-11-15 11:31:16.185228,0 days 00:00:00.694189,0.6,10,0.75,0.9,35,141,COMPLETE
7784,7784,0.0,2023-11-15 11:31:16.188205,2023-11-15 11:31:16.805040,0 days 00:00:00.616835,0.2,10,0.75,0.9,6,1,COMPLETE
7785,7785,18772.75,2023-11-15 11:31:16.807492,2023-11-15 11:31:17.459324,0 days 00:00:00.651832,0.2,10,0.5,0.8,2,136,COMPLETE
7786,7786,16486.0,2023-11-15 11:31:17.461734,2023-11-15 11:31:18.132672,0 days 00:00:00.670938,0.1,50,0.75,0.9,4,148,COMPLETE
7787,7787,19292.25,2023-11-15 11:31:18.135216,2023-11-15 11:31:18.810086,0 days 00:00:00.674870,0.2,10,1.0,0.9,2,145,COMPLETE
7788,7788,18393.5,2023-11-15 11:31:18.812590,2023-11-15 11:31:19.468250,0 days 00:00:00.655660,0.2,20,0.75,0.9,0,150,COMPLETE
7789,7789,18992.75,2023-11-15 11:31:19.470838,2023-11-15 11:31:20.140934,0 days 00:00:00.670096,0.2,10,0.75,0.9,6,143,COMPLETE
7790,7790,18958.5,2023-11-15 11:31:20.143340,2023-11-15 11:31:20.799691,0 days 00:00:00.656351,0.30000000000000004,10,1.25,0.9,8,139,COMPLETE
7791,7791,19261.0,2023-11-15 11:31:20.802249,2023-11-15 11:31:21.451031,0 days 00:00:00.648782,0.2,10,0.75,0.7000000000000001,0,147,COMPLETE
7792,7792,18992.75,2023-11-15 11:31:21.453473,2023-11-15 11:31:22.132049,0 days 00:00:00.678576,0.2,10,0.75,0.9,4,143,COMPLETE
7793,7793,13116.5,2023-11-15 11:31:22.134441,2023-11-15 11:31:22.835263,0 days 00:00:00.700822,0.1,100,1.0,0.8,2,150,COMPLETE
7794,7794,19359.75,2023-11-15 11:31:22.837896,2023-11-15 11:31:23.493902,0 days 00:00:00.656006,0.2,10,0.75,0.9,0,145,COMPLETE
7795,7795,18972.0,2023-11-15 11:31:23.496508,2023-11-15 11:31:24.144074,0 days 00:00:00.647566,0.1,10,0.75,0.9,4,141,COMPLETE
7796,7796,18554.5,2023-11-15 11:31:24.146507,2023-11-15 11:31:24.801928,0 days 00:00:00.655421,0.2,20,0.75,0.9,2,147,COMPLETE
7797,7797,18647.0,2023-11-15 11:31:24.804831,2023-11-15 11:31:25.497917,0 days 00:00:00.693086,0.2,10,0.25,0.9,6,145,COMPLETE
7798,7798,18922.25,2023-11-15 11:31:25.500643,2023-11-15 11:31:26.166856,0 days 00:00:00.666213,0.2,10,1.0,0.9,11,139,COMPLETE
7799,7799,19185.25,2023-11-15 11:31:26.169331,2023-11-15 11:31:26.825936,0 days 00:00:00.656605,0.2,10,0.75,0.9,23,148,COMPLETE
7800,7800,19261.0,2023-11-15 11:31:26.828497,2023-11-15 11:31:27.482874,0 days 00:00:00.654377,0.30000000000000004,10,0.75,0.9,0,143,COMPLETE
7801,7801,18970.5,2023-11-15 11:31:27.485461,2023-11-15 11:31:28.145838,0 days 00:00:00.660377,0.1,10,0.5,0.9,3,136,COMPLETE
7802,7802,19066.25,2023-11-15 11:31:28.148346,2023-11-15 11:31:28.801320,0 days 00:00:00.652974,0.2,10,0.75,0.8,2,141,COMPLETE
7803,7803,19111.25,2023-11-15 11:31:28.803940,2023-11-15 11:31:29.482685,0 days 00:00:00.678745,0.2,10,0.75,0.9,5,150,COMPLETE
7804,7804,19270.0,2023-11-15 11:31:29.485141,2023-11-15 11:31:30.140724,0 days 00:00:00.655583,0.2,10,1.25,0.9,0,145,COMPLETE
7805,7805,19261.0,2023-11-15 11:31:30.143209,2023-11-15 11:31:30.794622,0 days 00:00:00.651413,0.2,10,0.75,0.9,9,147,COMPLETE
