,number,value,datetime_start,datetime_complete,duration,params_alpha,params_decay_interval,params_decay_rate,params_gamma,params_initialization,params_max_steps,state
9501,9501,16677.25,2023-11-15 11:52:52.439720,2023-11-15 11:52:53.249759,0 days 00:00:00.810039,0.2,20,0.75,0.7000000000000001,38,143,COMPLETE
9502,9502,13022.0,2023-11-15 11:52:53.252665,2023-11-15 11:52:54.092223,0 days 00:00:00.839558,0.2,10,0.75,0.6,2,136,COMPLETE
9503,9503,16212.5,2023-11-15 11:52:54.095449,2023-11-15 11:52:54.923834,0 days 00:00:00.828385,0.2,10,0.75,0.8,79,147,COMPLETE
9504,9504,19359.75,2023-11-15 11:52:54.927019,2023-11-15 11:52:55.734397,0 days 00:00:00.807378,0.1,10,0.75,0.9,0,145,COMPLETE
9505,9505,16013.75,2023-11-15 11:52:55.737289,2023-11-15 11:52:56.548524,0 days 00:00:00.811235,0.2,50,1.0,0.9,4,139,COMPLETE
9506,9506,19261.0,2023-11-15 11:52:56.551383,2023-11-15 11:52:57.337839,0 days 00:00:00.786456,0.30000000000000004,10,1.25,0.9,2,143,COMPLETE
9507,9507,19261.0,2023-11-15 11:52:57.340620,2023-11-15 11:52:58.147736,0 days 00:00:00.807116,0.1,10,0.75,0.9,7,147,COMPLETE
9508,9508,19171.5,2023-11-15 11:52:58.150590,2023-11-15 11:52:58.965256,0 days 00:00:00.814666,0.2,10,0.75,0.9,0,141,COMPLETE
9509,9509,19111.25,2023-11-15 11:52:58.968122,2023-11-15 11:52:59.761960,0 days 00:00:00.793838,0.2,10,0.75,0.9,4,150,COMPLETE
9510,9510,19292.25,2023-11-15 11:52:59.764791,2023-11-15 11:53:00.564605,0 days 00:00:00.799814,0.2,10,1.0,0.9,2,145,COMPLETE
9511,9511,11886.75,2023-11-15 11:53:00.567971,2023-11-15 11:53:01.386797,0 days 00:00:00.818826,0.2,10,0.75,0.5,6,52,COMPLETE
9512,9512,17834.25,2023-11-15 11:53:01.389688,2023-11-15 11:53:02.208483,0 days 00:00:00.818795,0.1,30,0.75,0.8,0,147,COMPLETE
9513,9513,18770.0,2023-11-15 11:53:02.211629,2023-11-15 11:53:03.013018,0 days 00:00:00.801389,0.2,10,0.25,0.9,3,143,COMPLETE
9514,9514,9368.75,2023-11-15 11:53:03.016406,2023-11-15 11:53:03.895026,0 days 00:00:00.878620,0.2,10,0.75,0.30000000000000004,9,139,COMPLETE
9515,9515,19164.25,2023-11-15 11:53:03.897895,2023-11-15 11:53:04.692484,0 days 00:00:00.794589,0.2,10,0.5,0.9,2,150,COMPLETE
9516,9516,7015.5,2023-11-15 11:53:04.695956,2023-11-15 11:53:05.619373,0 days 00:00:00.923417,0.1,70,0.75,0.1,5,145,COMPLETE
9517,9517,19261.0,2023-11-15 11:53:05.622532,2023-11-15 11:53:06.410358,0 days 00:00:00.787826,0.2,10,1.25,0.9,0,142,COMPLETE
9518,9518,10487.25,2023-11-15 11:53:06.413577,2023-11-15 11:53:07.291888,0 days 00:00:00.878311,0.2,20,1.0,0.4,33,147,COMPLETE
9519,9519,14652.5,2023-11-15 11:53:07.295421,2023-11-15 11:53:08.119612,0 days 00:00:00.824191,0.2,80,0.75,0.9,2,145,COMPLETE
9520,9520,19136.5,2023-11-15 11:53:08.122593,2023-11-15 11:53:08.933969,0 days 00:00:00.811376,0.2,10,0.75,0.9,4,148,COMPLETE
9521,9521,15317.25,2023-11-15 11:53:08.937013,2023-11-15 11:53:09.750387,0 days 00:00:00.813374,0.1,60,1.25,0.9,0,135,COMPLETE
9522,9522,18973.0,2023-11-15 11:53:09.753488,2023-11-15 11:53:10.542934,0 days 00:00:00.789446,0.2,10,0.75,0.9,2,141,COMPLETE
9523,9523,18985.25,2023-11-15 11:53:10.546444,2023-11-15 11:53:11.345819,0 days 00:00:00.799375,0.2,10,0.75,0.9,7,138,COMPLETE
9524,9524,16022.25,2023-11-15 11:53:11.348722,2023-11-15 11:53:12.188012,0 days 00:00:00.839290,0.30000000000000004,20,0.5,0.9,4,65,COMPLETE
9525,9525,19261.0,2023-11-15 11:53:12.190935,2023-11-15 11:53:12.987141,0 days 00:00:00.796206,0.2,10,0.75,0.9,0,143,COMPLETE
9526,9526,18873.0,2023-11-15 11:53:12.989989,2023-11-15 11:53:13.787943,0 days 00:00:00.797954,0.1,10,1.0,0.8,2,150,COMPLETE
9527,9527,19068.0,2023-11-15 11:53:13.790764,2023-11-15 11:53:14.586365,0 days 00:00:00.795601,0.2,10,0.75,0.9,14,145,COMPLETE
9528,9528,19263.25,2023-11-15 11:53:14.589057,2023-11-15 11:53:15.392111,0 days 00:00:00.803054,0.30000000000000004,10,0.75,0.9,5,148,COMPLETE
9529,9529,19171.5,2023-11-15 11:53:15.395740,2023-11-15 11:53:16.201095,0 days 00:00:00.805355,0.2,10,0.75,0.9,0,141,COMPLETE
9530,9530,19313.25,2023-11-15 11:53:16.204011,2023-11-15 11:53:17.005461,0 days 00:00:00.801450,0.2,10,0.75,0.9,3,145,COMPLETE
9531,9531,19115.5,2023-11-15 11:53:17.008202,2023-11-15 11:53:17.812408,0 days 00:00:00.804206,0.1,10,0.75,0.9,6,148,COMPLETE
9532,9532,19110.5,2023-11-15 11:53:17.815148,2023-11-15 11:53:18.639935,0 days 00:00:00.824787,0.2,10,1.0,0.8,2,143,COMPLETE
9533,9533,19161.25,2023-11-15 11:53:18.642780,2023-11-15 11:53:19.438114,0 days 00:00:00.795334,0.2,10,0.75,0.7000000000000001,0,139,COMPLETE
9534,9534,16665.0,2023-11-15 11:53:19.440867,2023-11-15 11:53:20.257201,0 days 00:00:00.816334,0.2,40,0.75,0.6,8,150,COMPLETE
9535,9535,16514.25,2023-11-15 11:53:20.260368,2023-11-15 11:53:21.080546,0 days 00:00:00.820178,0.2,10,0.75,0.5,4,145,COMPLETE
9536,9536,18349.0,2023-11-15 11:53:21.083285,2023-11-15 11:53:21.928506,0 days 00:00:00.845221,0.1,20,1.25,0.9,28,147,COMPLETE
9537,9537,18972.0,2023-11-15 11:53:21.931374,2023-11-15 11:53:22.737443,0 days 00:00:00.806069,0.2,10,0.75,0.9,11,142,COMPLETE
9538,9538,0.0,2023-11-15 11:53:22.740255,2023-11-15 11:53:23.530450,0 days 00:00:00.790195,0.2,10,0.5,0.9,2,10,COMPLETE
9539,9539,19038.75,2023-11-15 11:53:23.533255,2023-11-15 11:53:24.334929,0 days 00:00:00.801674,0.5,10,0.75,0.9,0,147,COMPLETE
9540,9540,19161.25,2023-11-15 11:53:24.337613,2023-11-15 11:53:25.151013,0 days 00:00:00.813400,0.2,10,1.0,0.9,4,138,COMPLETE
9541,9541,18989.75,2023-11-15 11:53:25.153769,2023-11-15 11:53:25.951338,0 days 00:00:00.797569,0.4,10,0.75,0.9,2,143,COMPLETE
9542,9542,19110.25,2023-11-15 11:53:25.954084,2023-11-15 11:53:26.765922,0 days 00:00:00.811838,0.1,10,0.75,0.9,6,150,COMPLETE
9543,9543,19237.25,2023-11-15 11:53:26.768758,2023-11-15 11:53:27.583647,0 days 00:00:00.814889,0.2,10,0.25,0.9,0,145,COMPLETE
9544,9544,18973.0,2023-11-15 11:53:27.586414,2023-11-15 11:53:28.380153,0 days 00:00:00.793739,0.2,10,0.75,0.9,2,141,COMPLETE
9545,9545,18426.75,2023-11-15 11:53:28.382905,2023-11-15 11:53:29.204836,0 days 00:00:00.821931,0.30000000000000004,10,0.5,0.8,4,135,COMPLETE
9546,9546,19179.75,2023-11-15 11:53:29.207723,2023-11-15 11:53:30.000609,0 days 00:00:00.792886,0.2,10,0.75,0.9,0,84,COMPLETE
9547,9547,19292.25,2023-11-15 11:53:30.003442,2023-11-15 11:53:30.809870,0 days 00:00:00.806428,0.2,10,0.75,0.9,2,145,COMPLETE
9548,9548,18584.75,2023-11-15 11:53:30.813199,2023-11-15 11:53:31.604119,0 days 00:00:00.790920,0.1,20,1.0,0.9,8,147,COMPLETE
9549,9549,18785.25,2023-11-15 11:53:31.607287,2023-11-15 11:53:32.398232,0 days 00:00:00.790945,0.2,10,1.25,0.9,4,141,COMPLETE
9550,9550,19261.0,2023-11-15 11:53:32.401116,2023-11-15 11:53:33.197172,0 days 00:00:00.796056,0.2,10,0.75,0.9,6,147,COMPLETE
9551,9551,19261.0,2023-11-15 11:53:33.200374,2023-11-15 11:53:34.022168,0 days 00:00:00.821794,0.1,10,1.5,0.9,0,150,COMPLETE
9552,9552,18949.0,2023-11-15 11:53:34.025119,2023-11-15 11:53:34.832518,0 days 00:00:00.807399,0.2,10,0.75,0.8,2,143,COMPLETE
9553,9553,18818.25,2023-11-15 11:53:34.835258,2023-11-15 11:53:35.637454,0 days 00:00:00.802196,0.2,10,0.75,0.9,4,139,COMPLETE
9554,9554,14789.5,2023-11-15 11:53:35.640237,2023-11-15 11:53:36.471243,0 days 00:00:00.831006,0.2,10,1.0,0.4,2,145,COMPLETE
9555,9555,18396.25,2023-11-15 11:53:36.474264,2023-11-15 11:53:37.292267,0 days 00:00:00.818003,0.2,20,0.75,0.9,0,130,COMPLETE
9556,9556,18952.5,2023-11-15 11:53:37.295913,2023-11-15 11:53:38.099731,0 days 00:00:00.803818,0.2,10,0.75,0.7000000000000001,6,147,COMPLETE
9557,9557,18992.75,2023-11-15 11:53:38.102601,2023-11-15 11:53:38.909152,0 days 00:00:00.806551,0.1,10,0.75,0.9,10,143,COMPLETE
9558,9558,19164.25,2023-11-15 11:53:38.912474,2023-11-15 11:53:39.707314,0 days 00:00:00.794840,0.2,10,0.5,0.9,3,150,COMPLETE
9559,9559,19065.25,2023-11-15 11:53:39.710311,2023-11-15 11:53:40.529242,0 days 00:00:00.818931,0.2,10,0.75,0.9,0,137,COMPLETE
9560,9560,19270.0,2023-11-15 11:53:40.532140,2023-11-15 11:53:41.337483,0 days 00:00:00.805343,0.1,10,1.25,0.9,2,145,COMPLETE
9561,9561,16849.75,2023-11-15 11:53:41.340239,2023-11-15 11:53:42.172914,0 days 00:00:00.832675,0.2,10,0.75,0.6,5,141,COMPLETE
9562,9562,19261.0,2023-11-15 11:53:42.175863,2023-11-15 11:53:42.968653,0 days 00:00:00.792790,0.30000000000000004,10,1.0,0.9,2,147,COMPLETE
9563,9563,19261.0,2023-11-15 11:53:42.971562,2023-11-15 11:53:43.766086,0 days 00:00:00.794524,0.2,10,0.75,0.8,0,143,COMPLETE
9564,9564,19111.25,2023-11-15 11:53:43.768822,2023-11-15 11:53:44.579103,0 days 00:00:00.810281,0.2,10,0.75,0.9,4,150,COMPLETE
9565,9565,18794.25,2023-11-15 11:53:44.582030,2023-11-15 11:53:45.385626,0 days 00:00:00.803596,0.2,10,0.75,0.9,8,139,COMPLETE
9566,9566,18584.75,2023-11-15 11:53:45.388414,2023-11-15 11:53:46.188645,0 days 00:00:00.800231,0.1,20,0.75,0.9,2,147,COMPLETE
9567,9567,18958.5,2023-11-15 11:53:46.191413,2023-11-15 11:53:47.007744,0 days 00:00:00.816331,0.2,10,0.25,0.9,0,144,COMPLETE
9568,9568,13644.0,2023-11-15 11:53:47.010566,2023-11-15 11:53:47.881447,0 days 00:00:00.870881,0.30000000000000004,10,0.75,0.4,4,147,COMPLETE
9569,9569,9011.0,2023-11-15 11:53:47.884335,2023-11-15 11:53:48.766931,0 days 00:00:00.882596,0.2,10,1.25,0.30000000000000004,6,140,COMPLETE
9570,9570,16188.25,2023-11-15 11:53:48.769763,2023-11-15 11:53:49.598871,0 days 00:00:00.829108,0.1,10,0.75,0.5,2,143,COMPLETE
9571,9571,19163.5,2023-11-15 11:53:49.601956,2023-11-15 11:53:50.399301,0 days 00:00:00.797345,0.4,10,1.5,0.9,0,150,COMPLETE
9572,9572,18970.75,2023-11-15 11:53:50.402334,2023-11-15 11:53:51.204276,0 days 00:00:00.801942,0.2,10,1.0,0.9,4,145,COMPLETE
9573,9573,18873.75,2023-11-15 11:53:51.207089,2023-11-15 11:53:52.032127,0 days 00:00:00.825038,0.2,10,0.75,0.9,2,133,COMPLETE
9574,9574,18584.75,2023-11-15 11:53:52.034969,2023-11-15 11:53:52.843794,0 days 00:00:00.808825,0.2,20,0.5,0.9,0,147,COMPLETE
9575,9575,17891.25,2023-11-15 11:53:52.847079,2023-11-15 11:53:53.661357,0 days 00:00:00.814278,0.1,10,0.75,0.8,7,136,COMPLETE
9576,9576,18973.0,2023-11-15 11:53:53.664582,2023-11-15 11:53:54.491060,0 days 00:00:00.826478,0.2,10,0.75,0.9,3,141,COMPLETE
9577,9577,18463.5,2023-11-15 11:53:54.494560,2023-11-15 11:53:55.303787,0 days 00:00:00.809227,0.6,10,0.75,0.9,5,145,COMPLETE
9578,9578,19278.5,2023-11-15 11:53:55.306573,2023-11-15 11:53:56.115566,0 days 00:00:00.808993,0.2,10,1.0,0.9,2,148,COMPLETE
9579,9579,103.75,2023-11-15 11:53:56.118390,2023-11-15 11:53:57.165383,0 days 00:00:01.046993,0.2,10,1.25,0.8,61,123,COMPLETE
9580,9580,19171.5,2023-11-15 11:53:57.168320,2023-11-15 11:53:58.015189,0 days 00:00:00.846869,0.30000000000000004,10,0.75,0.9,0,142,COMPLETE
9581,9581,17915.25,2023-11-15 11:53:58.018353,2023-11-15 11:53:58.838511,0 days 00:00:00.820158,0.2,10,0.5,0.6,4,150,COMPLETE
9582,9582,19292.25,2023-11-15 11:53:58.841527,2023-11-15 11:53:59.639176,0 days 00:00:00.797649,0.2,10,0.75,0.9,2,145,COMPLETE
9583,9583,18985.25,2023-11-15 11:53:59.641927,2023-11-15 11:54:00.461020,0 days 00:00:00.819093,0.1,10,0.75,0.9,6,138,COMPLETE
9584,9584,18394.75,2023-11-15 11:54:00.464341,2023-11-15 11:54:01.267815,0 days 00:00:00.803474,0.2,20,0.75,0.9,0,143,COMPLETE
9585,9585,19261.0,2023-11-15 11:54:01.270720,2023-11-15 11:54:02.087733,0 days 00:00:00.817013,0.2,10,1.0,0.7000000000000001,2,147,COMPLETE
9586,9586,18825.75,2023-11-15 11:54:02.090648,2023-11-15 11:54:02.925103,0 days 00:00:00.834455,0.2,10,0.25,0.9,9,140,COMPLETE
9587,9587,19261.0,2023-11-15 11:54:02.928578,2023-11-15 11:54:03.721738,0 days 00:00:00.793160,0.1,10,0.75,0.9,4,147,COMPLETE
9588,9588,19261.0,2023-11-15 11:54:03.724618,2023-11-15 11:54:04.530298,0 days 00:00:00.805680,0.2,10,0.75,0.9,0,143,COMPLETE
9589,9589,16290.0,2023-11-15 11:54:04.533009,2023-11-15 11:54:05.379649,0 days 00:00:00.846640,0.2,50,0.75,0.9,2,150,COMPLETE
9590,9590,19262.25,2023-11-15 11:54:05.382394,2023-11-15 11:54:06.183168,0 days 00:00:00.800774,0.2,10,0.75,0.9,6,145,COMPLETE
9591,9591,19261.0,2023-11-15 11:54:06.185975,2023-11-15 11:54:06.998694,0 days 00:00:00.812719,0.1,10,1.0,0.8,0,141,COMPLETE
9592,9592,19261.0,2023-11-15 11:54:07.001440,2023-11-15 11:54:07.810243,0 days 00:00:00.808803,0.2,10,0.75,0.9,3,147,COMPLETE
9593,9593,18992.75,2023-11-15 11:54:07.813710,2023-11-15 11:54:08.624594,0 days 00:00:00.810884,0.2,10,0.75,0.9,4,143,COMPLETE
9594,9594,0.0,2023-11-15 11:54:08.627768,2023-11-15 11:54:09.489340,0 days 00:00:00.861572,0.2,20,0.75,0.9,8,27,COMPLETE
9595,9595,19066.5,2023-11-15 11:54:09.492137,2023-11-15 11:54:10.292868,0 days 00:00:00.800731,0.2,10,1.25,0.9,0,138,COMPLETE
9596,9596,18777.25,2023-11-15 11:54:10.296426,2023-11-15 11:54:11.108076,0 days 00:00:00.811650,0.30000000000000004,10,0.75,0.9,12,150,COMPLETE
9597,9597,19268.25,2023-11-15 11:54:11.111460,2023-11-15 11:54:11.925713,0 days 00:00:00.814253,0.1,10,0.5,0.9,2,145,COMPLETE
9598,9598,13445.0,2023-11-15 11:54:11.929282,2023-11-15 11:54:12.812902,0 days 00:00:00.883620,0.2,10,0.75,0.1,5,147,COMPLETE
9599,9599,16260.0,2023-11-15 11:54:12.815755,2023-11-15 11:54:13.639458,0 days 00:00:00.823703,0.2,10,1.0,0.2,2,141,COMPLETE
9600,9600,19261.0,2023-11-15 11:54:13.642376,2023-11-15 11:54:14.450338,0 days 00:00:00.807962,0.2,10,0.75,0.5,0,144,COMPLETE
9601,9601,18691.75,2023-11-15 11:54:14.453170,2023-11-15 11:54:15.259979,0 days 00:00:00.806809,0.1,10,0.75,0.9,4,136,COMPLETE
9602,9602,19270.0,2023-11-15 11:54:15.263323,2023-11-15 11:54:16.078882,0 days 00:00:00.815559,0.2,10,1.25,0.9,2,148,COMPLETE
9603,9603,13955.75,2023-11-15 11:54:16.081730,2023-11-15 11:54:16.952577,0 days 00:00:00.870847,0.5,10,0.75,0.8,52,140,COMPLETE
9604,9604,19262.25,2023-11-15 11:54:16.955362,2023-11-15 11:54:17.760495,0 days 00:00:00.805133,0.2,10,0.75,0.9,6,145,COMPLETE
9605,9605,16931.25,2023-11-15 11:54:17.763879,2023-11-15 11:54:18.599155,0 days 00:00:00.835276,0.7000000000000001,20,0.75,0.9,0,150,COMPLETE
9606,9606,19166.0,2023-11-15 11:54:18.602132,2023-11-15 11:54:19.434055,0 days 00:00:00.831923,0.1,10,0.75,0.9,3,143,COMPLETE
9607,9607,11811.0,2023-11-15 11:54:19.436816,2023-11-15 11:54:20.319926,0 days 00:00:00.883110,0.2,10,1.75,0.9,73,147,COMPLETE
9608,9608,18779.0,2023-11-15 11:54:20.322692,2023-11-15 11:54:21.140823,0 days 00:00:00.818131,0.2,10,0.5,0.9,2,116,COMPLETE
9609,9609,19163.75,2023-11-15 11:54:21.143797,2023-11-15 11:54:21.954882,0 days 00:00:00.811085,0.2,10,1.0,0.9,0,141,COMPLETE
9610,9610,17840.75,2023-11-15 11:54:21.957672,2023-11-15 11:54:22.791047,0 days 00:00:00.833375,0.2,30,0.75,0.9,7,145,COMPLETE
9611,9611,18513.0,2023-11-15 11:54:22.794450,2023-11-15 11:54:23.623608,0 days 00:00:00.829158,0.30000000000000004,10,0.25,0.8,4,150,COMPLETE
9612,9612,19171.25,2023-11-15 11:54:23.626488,2023-11-15 11:54:24.429217,0 days 00:00:00.802729,0.1,10,1.0,0.9,2,147,COMPLETE
9613,9613,19065.25,2023-11-15 11:54:24.432321,2023-11-15 11:54:25.232293,0 days 00:00:00.799972,0.2,10,0.75,0.9,0,137,COMPLETE
9614,9614,18992.75,2023-11-15 11:54:25.235137,2023-11-15 11:54:26.066349,0 days 00:00:00.831212,0.2,10,0.75,0.9,5,143,COMPLETE
9615,9615,15971.0,2023-11-15 11:54:26.069294,2023-11-15 11:54:26.910408,0 days 00:00:00.841114,0.6,10,0.75,0.7000000000000001,10,147,COMPLETE
9616,9616,17820.75,2023-11-15 11:54:26.913619,2023-11-15 11:54:27.729555,0 days 00:00:00.815936,0.2,20,0.75,0.6,2,140,COMPLETE
9617,9617,18776.0,2023-11-15 11:54:27.732285,2023-11-15 11:54:28.545992,0 days 00:00:00.813707,0.2,10,1.25,0.9,4,144,COMPLETE
9618,9618,19261.0,2023-11-15 11:54:28.549108,2023-11-15 11:54:29.379441,0 days 00:00:00.830333,0.1,10,0.75,0.9,0,150,COMPLETE
9619,9619,19262.25,2023-11-15 11:54:29.382364,2023-11-15 11:54:30.184282,0 days 00:00:00.801918,0.2,10,0.75,0.9,7,145,COMPLETE
9620,9620,19006.5,2023-11-15 11:54:30.187203,2023-11-15 11:54:30.993079,0 days 00:00:00.805876,0.2,10,0.75,0.9,2,139,COMPLETE
9621,9621,19174.75,2023-11-15 11:54:30.996806,2023-11-15 11:54:31.803377,0 days 00:00:00.806571,0.30000000000000004,10,0.5,0.8,0,147,COMPLETE
9622,9622,18872.5,2023-11-15 11:54:31.806350,2023-11-15 11:54:32.640736,0 days 00:00:00.834386,0.1,10,1.0,0.9,4,134,COMPLETE
9623,9623,19051.5,2023-11-15 11:54:32.643813,2023-11-15 11:54:33.456208,0 days 00:00:00.812395,0.2,10,0.75,0.9,2,142,COMPLETE
9624,9624,19166.5,2023-11-15 11:54:33.459097,2023-11-15 11:54:34.266993,0 days 00:00:00.807896,0.2,10,1.5,0.9,6,148,COMPLETE
9625,9625,18394.75,2023-11-15 11:54:34.269731,2023-11-15 11:54:35.085087,0 days 00:00:00.815356,0.2,20,0.75,0.5,0,143,COMPLETE
9626,9626,19262.25,2023-11-15 11:54:35.087818,2023-11-15 11:54:35.918574,0 days 00:00:00.830756,0.2,10,2.0,0.9,3,145,COMPLETE
9627,9627,18969.25,2023-11-15 11:54:35.921497,2023-11-15 11:54:36.738386,0 days 00:00:00.816889,0.2,10,0.75,0.8,8,150,COMPLETE
9628,9628,18918.0,2023-11-15 11:54:36.741142,2023-11-15 11:54:37.552633,0 days 00:00:00.811491,0.1,10,0.75,0.9,2,139,COMPLETE
9629,9629,19261.0,2023-11-15 11:54:37.555597,2023-11-15 11:54:38.353548,0 days 00:00:00.797951,0.2,10,1.0,0.9,4,147,COMPLETE
9630,9630,19261.0,2023-11-15 11:54:38.356365,2023-11-15 11:54:39.183175,0 days 00:00:00.826810,0.2,10,0.75,0.9,0,142,COMPLETE
9631,9631,19088.5,2023-11-15 11:54:39.186030,2023-11-15 11:54:39.984852,0 days 00:00:00.798822,0.4,10,1.25,0.9,5,145,COMPLETE
9632,9632,19359.75,2023-11-15 11:54:39.987606,2023-11-15 11:54:40.788907,0 days 00:00:00.801301,0.1,10,0.75,0.9,2,148,COMPLETE
9633,9633,19171.5,2023-11-15 11:54:40.791751,2023-11-15 11:54:41.597223,0 days 00:00:00.805472,0.2,10,0.75,0.9,0,141,COMPLETE
9634,9634,18872.0,2023-11-15 11:54:41.600507,2023-11-15 11:54:42.490884,0 days 00:00:00.890377,0.30000000000000004,10,0.5,0.9,3,137,COMPLETE
9635,9635,18398.5,2023-11-15 11:54:42.493803,2023-11-15 11:54:43.304101,0 days 00:00:00.810298,0.2,20,0.75,0.9,6,145,COMPLETE
9636,9636,19082.5,2023-11-15 11:54:43.306966,2023-11-15 11:54:44.105097,0 days 00:00:00.798131,0.2,10,0.75,0.9,2,150,COMPLETE
9637,9637,19261.0,2023-11-15 11:54:44.107887,2023-11-15 11:54:44.906939,0 days 00:00:00.799052,0.1,10,1.0,0.9,0,143,COMPLETE
9638,9638,16840.0,2023-11-15 11:54:44.909844,2023-11-15 11:54:45.730505,0 days 00:00:00.820661,0.2,40,0.75,0.8,10,147,COMPLETE
9639,9639,18631.75,2023-11-15 11:54:45.733607,2023-11-15 11:54:46.552835,0 days 00:00:00.819228,0.2,10,0.25,0.9,4,141,COMPLETE
9640,9640,19292.25,2023-11-15 11:54:46.555681,2023-11-15 11:54:47.367682,0 days 00:00:00.812001,0.2,10,0.75,0.9,2,145,COMPLETE
9641,9641,19311.25,2023-11-15 11:54:47.370562,2023-11-15 11:54:48.177664,0 days 00:00:00.807102,0.2,10,0.75,0.9,24,148,COMPLETE
9642,9642,18971.5,2023-11-15 11:54:48.181452,2023-11-15 11:54:49.012302,0 days 00:00:00.830850,0.1,10,1.0,0.7000000000000001,0,138,COMPLETE
9643,9643,19261.0,2023-11-15 11:54:49.015166,2023-11-15 11:54:49.815214,0 days 00:00:00.800048,0.2,10,1.25,0.9,8,143,COMPLETE
9644,9644,17977.5,2023-11-15 11:54:49.818064,2023-11-15 11:54:50.641030,0 days 00:00:00.822966,0.30000000000000004,20,0.75,0.9,5,147,COMPLETE
9645,9645,19082.5,2023-11-15 11:54:50.644430,2023-11-15 11:54:51.453523,0 days 00:00:00.809093,0.2,10,0.75,0.9,2,150,COMPLETE
9646,9646,19260.75,2023-11-15 11:54:51.456454,2023-11-15 11:54:52.288905,0 days 00:00:00.832451,0.2,10,0.75,0.30000000000000004,0,77,COMPLETE
9647,9647,16113.0,2023-11-15 11:54:52.291742,2023-11-15 11:54:53.125837,0 days 00:00:00.834095,0.2,10,0.5,0.4,4,145,COMPLETE
9648,9648,18445.0,2023-11-15 11:54:53.129301,2023-11-15 11:54:53.944877,0 days 00:00:00.815576,0.1,10,0.75,0.6,2,141,COMPLETE
9649,9649,18999.0,2023-11-15 11:54:53.947838,2023-11-15 11:54:54.766636,0 days 00:00:00.818798,0.2,10,1.0,0.9,6,144,COMPLETE
9650,9650,13693.5,2023-11-15 11:54:54.769557,2023-11-15 11:54:55.634564,0 days 00:00:00.865007,0.2,90,0.75,0.9,0,147,COMPLETE
9651,9651,18735.75,2023-11-15 11:54:55.637378,2023-11-15 11:54:56.442358,0 days 00:00:00.804980,0.2,10,0.75,0.8,4,104,COMPLETE
9652,9652,19261.0,2023-11-15 11:54:56.445754,2023-11-15 11:54:57.251259,0 days 00:00:00.805505,0.1,10,0.75,0.9,2,140,COMPLETE
9653,9653,18393.5,2023-11-15 11:54:57.254148,2023-11-15 11:54:58.064323,0 days 00:00:00.810175,0.2,20,1.25,0.5,0,150,COMPLETE
9654,9654,18992.75,2023-11-15 11:54:58.067531,2023-11-15 11:54:58.906290,0 days 00:00:00.838759,0.2,10,0.75,0.9,3,143,COMPLETE
9655,9655,13022.5,2023-11-15 11:54:58.909152,2023-11-15 11:54:59.762597,0 days 00:00:00.853445,0.2,10,0.75,0.9,86,135,COMPLETE
9656,9656,19261.0,2023-11-15 11:54:59.765385,2023-11-15 11:55:00.567009,0 days 00:00:00.801624,0.1,10,0.75,0.9,7,147,COMPLETE
9657,9657,18970.75,2023-11-15 11:55:00.570278,2023-11-15 11:55:01.384801,0 days 00:00:00.814523,0.2,10,1.0,0.9,4,145,COMPLETE
9658,9658,13756.5,2023-11-15 11:55:01.387929,2023-11-15 11:55:02.248981,0 days 00:00:00.861052,0.2,10,0.5,0.2,2,139,COMPLETE
9659,9659,19171.5,2023-11-15 11:55:02.252346,2023-11-15 11:55:03.055559,0 days 00:00:00.803213,0.30000000000000004,10,0.75,0.9,0,142,COMPLETE
9660,9660,19110.25,2023-11-15 11:55:03.058489,2023-11-15 11:55:03.867203,0 days 00:00:00.808714,0.1,10,0.75,0.9,6,150,COMPLETE
9661,9661,19004.75,2023-11-15 11:55:03.870147,2023-11-15 11:55:04.690586,0 days 00:00:00.820439,0.2,10,0.25,0.9,2,145,COMPLETE
9662,9662,18401.25,2023-11-15 11:55:04.693799,2023-11-15 11:55:05.533010,0 days 00:00:00.839211,0.2,20,1.25,0.8,0,109,COMPLETE
9663,9663,19261.0,2023-11-15 11:55:05.536326,2023-11-15 11:55:06.344145,0 days 00:00:00.807819,0.2,10,0.75,0.9,4,147,COMPLETE
9664,9664,18992.75,2023-11-15 11:55:06.347718,2023-11-15 11:55:07.159808,0 days 00:00:00.812090,0.2,10,0.75,0.9,8,143,COMPLETE
9665,9665,19359.75,2023-11-15 11:55:07.163318,2023-11-15 11:55:07.973834,0 days 00:00:00.810516,0.1,10,0.75,0.9,2,148,COMPLETE
9666,9666,18788.0,2023-11-15 11:55:07.976799,2023-11-15 11:55:08.804532,0 days 00:00:00.827733,0.2,10,1.0,0.9,5,132,COMPLETE
9667,9667,19161.25,2023-11-15 11:55:08.807317,2023-11-15 11:55:09.620872,0 days 00:00:00.813555,0.2,10,0.75,0.4,0,137,COMPLETE
9668,9668,14893.0,2023-11-15 11:55:09.623782,2023-11-15 11:55:10.448577,0 days 00:00:00.824795,0.2,60,0.75,0.9,2,141,COMPLETE
9669,9669,18946.25,2023-11-15 11:55:10.451864,2023-11-15 11:55:11.278559,0 days 00:00:00.826695,0.1,10,0.75,0.8,4,145,COMPLETE
