,number,value,datetime_start,datetime_complete,duration,params_alpha,params_decay_interval,params_decay_rate,params_gamma,params_initialization,params_max_steps,state
8723,8723,18493.25,2023-11-15 12:58:27.611829,2023-11-15 12:58:28.391403,0 days 00:00:00.779574,0.8,10,2.5,0.9,24,72,COMPLETE
8724,8724,15781.0,2023-11-15 12:58:28.394245,2023-11-15 12:58:29.321322,0 days 00:00:00.927077,0.30000000000000004,10,2.75,0.8,31,66,COMPLETE
8725,8725,18121.5,2023-11-15 12:58:29.324498,2023-11-15 12:58:30.266055,0 days 00:00:00.941557,0.8,10,3.0,0.9,21,77,COMPLETE
8726,8726,13119.0,2023-11-15 12:58:30.269127,2023-11-15 12:58:31.126143,0 days 00:00:00.857016,0.1,10,3.0,0.9,17,69,COMPLETE
8727,8727,17920.75,2023-11-15 12:58:31.129227,2023-11-15 12:58:31.903794,0 days 00:00:00.774567,0.8,10,3.0,0.9,60,74,COMPLETE
8728,8728,19260.75,2023-11-15 12:58:31.906535,2023-11-15 12:58:32.672565,0 days 00:00:00.766030,0.9,10,2.75,0.9,23,71,COMPLETE
8729,8729,16812.25,2023-11-15 12:58:32.675586,2023-11-15 12:58:33.458333,0 days 00:00:00.782747,0.8,10,3.0,0.9,19,61,COMPLETE
8730,8730,16635.5,2023-11-15 12:58:33.461270,2023-11-15 12:58:34.269736,0 days 00:00:00.808466,0.8,20,3.0,0.9,9,81,COMPLETE
8731,8731,17547.25,2023-11-15 12:58:34.272351,2023-11-15 12:58:35.047085,0 days 00:00:00.774734,0.8,10,2.75,0.9,14,68,COMPLETE
8732,8732,17546.5,2023-11-15 12:58:35.049700,2023-11-15 12:58:35.819171,0 days 00:00:00.769471,0.7000000000000001,10,3.0,0.9,28,74,COMPLETE
8733,8733,16376.75,2023-11-15 12:58:35.822231,2023-11-15 12:58:36.626510,0 days 00:00:00.804279,0.8,10,3.0,0.2,21,64,COMPLETE
8734,8734,19260.75,2023-11-15 12:58:36.630336,2023-11-15 12:58:37.444746,0 days 00:00:00.814410,0.8,10,3.0,0.9,25,71,COMPLETE
8735,8735,17545.25,2023-11-15 12:58:37.448210,2023-11-15 12:58:38.214920,0 days 00:00:00.766710,0.8,10,2.75,0.9,16,78,COMPLETE
8736,8736,17917.0,2023-11-15 12:58:38.217546,2023-11-15 12:58:38.997218,0 days 00:00:00.779672,0.8,10,3.0,0.9,18,67,COMPLETE
8737,8737,18018.25,2023-11-15 12:58:39.000451,2023-11-15 12:58:39.766605,0 days 00:00:00.766154,0.8,10,3.0,0.8,22,74,COMPLETE
8738,8738,18297.75,2023-11-15 12:58:39.769217,2023-11-15 12:58:40.556110,0 days 00:00:00.786893,0.8,10,2.25,0.9,20,70,COMPLETE
8739,8739,16720.75,2023-11-15 12:58:40.558851,2023-11-15 12:58:41.332009,0 days 00:00:00.773158,0.7000000000000001,20,2.5,0.9,12,76,COMPLETE
8740,8740,17917.0,2023-11-15 12:58:41.334593,2023-11-15 12:58:42.110060,0 days 00:00:00.775467,0.8,10,3.0,0.9,15,67,COMPLETE
8741,8741,18215.25,2023-11-15 12:58:42.114176,2023-11-15 12:58:42.885832,0 days 00:00:00.771656,0.8,10,2.75,0.9,26,72,COMPLETE
8742,8742,17014.0,2023-11-15 12:58:42.888478,2023-11-15 12:58:43.689579,0 days 00:00:00.801101,0.8,10,3.0,0.9,17,64,COMPLETE
8743,8743,17268.0,2023-11-15 12:58:43.692485,2023-11-15 12:58:44.596033,0 days 00:00:00.903548,0.8,10,2.0,0.9,23,58,COMPLETE
8744,8744,17115.5,2023-11-15 12:58:44.599792,2023-11-15 12:58:45.481184,0 days 00:00:00.881392,0.8,10,3.0,0.9,19,69,COMPLETE
8745,8745,16911.75,2023-11-15 12:58:45.484503,2023-11-15 12:58:46.310309,0 days 00:00:00.825806,0.9,10,2.75,0.9,21,76,COMPLETE
8746,8746,17188.25,2023-11-15 12:58:46.313461,2023-11-15 12:58:47.156637,0 days 00:00:00.843176,0.8,10,3.0,0.9,18,73,COMPLETE
8747,8747,17369.25,2023-11-15 12:58:47.159303,2023-11-15 12:58:47.944628,0 days 00:00:00.785325,0.8,10,3.0,0.9,24,79,COMPLETE
8748,8748,18392.25,2023-11-15 12:58:47.948296,2023-11-15 12:58:48.721880,0 days 00:00:00.773584,0.8,20,2.75,0.9,14,70,COMPLETE
8749,8749,16727.75,2023-11-15 12:58:48.724483,2023-11-15 12:58:49.507551,0 days 00:00:00.783068,0.8,10,3.0,0.8,5,66,COMPLETE
8750,8750,18122.5,2023-11-15 12:58:49.511058,2023-11-15 12:58:50.332231,0 days 00:00:00.821173,0.8,10,3.0,0.9,16,72,COMPLETE
8751,8751,18682.0,2023-11-15 12:58:50.334909,2023-11-15 12:58:51.099411,0 days 00:00:00.764502,0.8,10,3.0,0.9,20,75,COMPLETE
8752,8752,16711.25,2023-11-15 12:58:51.102012,2023-11-15 12:58:51.876216,0 days 00:00:00.774204,0.8,10,3.0,0.9,29,62,COMPLETE
8753,8753,19260.75,2023-11-15 12:58:51.879518,2023-11-15 12:58:52.648779,0 days 00:00:00.769261,0.9,10,2.75,0.9,23,71,COMPLETE
8754,8754,16751.5,2023-11-15 12:58:52.651453,2023-11-15 12:58:53.476408,0 days 00:00:00.824955,0.7000000000000001,10,3.0,0.30000000000000004,19,68,COMPLETE
8755,8755,18682.0,2023-11-15 12:58:53.480048,2023-11-15 12:58:54.258503,0 days 00:00:00.778455,0.8,10,3.0,0.9,22,75,COMPLETE
8756,8756,17917.0,2023-11-15 12:58:54.261497,2023-11-15 12:58:55.040414,0 days 00:00:00.778917,0.8,10,3.0,0.9,17,67,COMPLETE
8757,8757,16535.75,2023-11-15 12:58:55.043869,2023-11-15 12:58:55.833662,0 days 00:00:00.789793,0.8,20,2.5,0.9,26,78,COMPLETE
8758,8758,17825.5,2023-11-15 12:58:55.836229,2023-11-15 12:58:56.641035,0 days 00:00:00.804806,0.8,10,3.0,0.9,14,70,COMPLETE
8759,8759,17369.5,2023-11-15 12:58:56.643850,2023-11-15 12:58:57.421537,0 days 00:00:00.777687,0.8,10,2.75,0.9,21,73,COMPLETE
8760,8760,17643.5,2023-11-15 12:58:57.424228,2023-11-15 12:58:58.203328,0 days 00:00:00.779100,0.8,10,3.0,0.4,10,84,COMPLETE
8761,8761,17840.25,2023-11-15 12:58:58.205913,2023-11-15 12:58:58.992747,0 days 00:00:00.786834,0.8,10,3.0,0.6,18,65,COMPLETE
8762,8762,10191.75,2023-11-15 12:58:58.996683,2023-11-15 12:58:59.994376,0 days 00:00:00.997693,0.8,100,3.0,0.9,20,70,COMPLETE
8763,8763,18018.25,2023-11-15 12:58:59.998926,2023-11-15 12:59:00.856145,0 days 00:00:00.857219,0.8,10,2.75,0.8,25,74,COMPLETE
8764,8764,17739.5,2023-11-15 12:59:00.858702,2023-11-15 12:59:01.640995,0 days 00:00:00.782293,0.8,10,3.0,0.9,16,81,COMPLETE
8765,8765,17547.25,2023-11-15 12:59:01.644220,2023-11-15 12:59:02.405326,0 days 00:00:00.761106,0.8,10,3.0,0.9,12,68,COMPLETE
8766,8766,16382.5,2023-11-15 12:59:02.407998,2023-11-15 12:59:03.204988,0 days 00:00:00.796990,0.7000000000000001,10,3.0,0.9,23,63,COMPLETE
8767,8767,17405.25,2023-11-15 12:59:03.207603,2023-11-15 12:59:03.988326,0 days 00:00:00.780723,0.8,10,2.75,0.30000000000000004,19,77,COMPLETE
8768,8768,17840.75,2023-11-15 12:59:03.991366,2023-11-15 12:59:04.764372,0 days 00:00:00.773006,0.9,10,3.0,0.9,16,72,COMPLETE
8769,8769,16719.5,2023-11-15 12:59:04.767002,2023-11-15 12:59:05.532141,0 days 00:00:00.765139,0.8,10,3.0,0.9,22,66,COMPLETE
8770,8770,17115.5,2023-11-15 12:59:05.534997,2023-11-15 12:59:06.327481,0 days 00:00:00.792484,0.8,10,2.75,0.9,18,69,COMPLETE
8771,8771,16636.0,2023-11-15 12:59:06.330555,2023-11-15 12:59:07.139096,0 days 00:00:00.808541,0.8,20,3.0,0.9,27,73,COMPLETE
8772,8772,16923.25,2023-11-15 12:59:07.141904,2023-11-15 12:59:07.931200,0 days 00:00:00.789296,0.8,10,3.0,0.9,21,76,COMPLETE
8773,8773,19260.75,2023-11-15 12:59:07.934235,2023-11-15 12:59:08.697658,0 days 00:00:00.763423,0.8,10,2.5,0.9,24,71,COMPLETE
8774,8774,17917.0,2023-11-15 12:59:08.701775,2023-11-15 12:59:09.498205,0 days 00:00:00.796430,0.8,10,3.0,0.9,13,67,COMPLETE
8775,8775,17920.75,2023-11-15 12:59:09.501143,2023-11-15 12:59:10.290800,0 days 00:00:00.789657,0.8,10,2.75,0.9,15,74,COMPLETE
8776,8776,17833.0,2023-11-15 12:59:10.293552,2023-11-15 12:59:11.077066,0 days 00:00:00.783514,0.8,10,3.0,0.9,19,80,COMPLETE
8777,8777,17922.5,2023-11-15 12:59:11.080274,2023-11-15 12:59:11.851451,0 days 00:00:00.771177,0.8,10,2.75,0.8,17,70,COMPLETE
8778,8778,16919.75,2023-11-15 12:59:11.854401,2023-11-15 12:59:12.655478,0 days 00:00:00.801077,0.7000000000000001,10,3.0,0.9,21,64,COMPLETE
8779,8779,17729.0,2023-11-15 12:59:12.658070,2023-11-15 12:59:13.483628,0 days 00:00:00.825558,0.8,20,3.0,0.9,19,123,COMPLETE
8780,8780,17473.5,2023-11-15 12:59:13.486366,2023-11-15 12:59:14.419077,0 days 00:00:00.932711,0.8,10,2.25,0.9,15,76,COMPLETE
8781,8781,18122.5,2023-11-15 12:59:14.422048,2023-11-15 12:59:15.356057,0 days 00:00:00.934009,0.8,10,3.0,0.9,24,72,COMPLETE
8782,8782,15287.5,2023-11-15 12:59:15.358850,2023-11-15 12:59:16.179411,0 days 00:00:00.820561,0.8,50,3.0,0.9,22,68,COMPLETE
8783,8783,17271.75,2023-11-15 12:59:16.182322,2023-11-15 12:59:16.970595,0 days 00:00:00.788273,0.8,10,3.0,0.9,17,59,COMPLETE
8784,8784,17840.75,2023-11-15 12:59:16.973679,2023-11-15 12:59:17.766539,0 days 00:00:00.792860,0.9,10,3.0,0.9,20,72,COMPLETE
8785,8785,17654.5,2023-11-15 12:59:17.769159,2023-11-15 12:59:18.540520,0 days 00:00:00.771361,0.8,10,2.75,0.9,26,65,COMPLETE
8786,8786,14789.0,2023-11-15 12:59:18.543439,2023-11-15 12:59:19.356161,0 days 00:00:00.812722,0.6,30,3.0,0.9,13,69,COMPLETE
8787,8787,10891.5,2023-11-15 12:59:19.359122,2023-11-15 12:59:20.193707,0 days 00:00:00.834585,0.8,10,3.0,0.8,18,17,COMPLETE
8788,8788,17360.25,2023-11-15 12:59:20.196903,2023-11-15 12:59:20.980559,0 days 00:00:00.783656,0.8,10,3.0,0.9,23,78,COMPLETE
8789,8789,18682.0,2023-11-15 12:59:20.983428,2023-11-15 12:59:21.758228,0 days 00:00:00.774800,0.8,10,2.75,0.9,20,75,COMPLETE
8790,8790,16711.25,2023-11-15 12:59:21.761317,2023-11-15 12:59:22.545703,0 days 00:00:00.784386,0.8,10,3.0,0.9,35,62,COMPLETE
8791,8791,18392.25,2023-11-15 12:59:22.548662,2023-11-15 12:59:23.344268,0 days 00:00:00.795606,0.8,20,2.75,0.9,16,71,COMPLETE
8792,8792,17917.0,2023-11-15 12:59:23.347744,2023-11-15 12:59:24.141955,0 days 00:00:00.794211,0.8,10,3.0,0.9,22,67,COMPLETE
8793,8793,17310.5,2023-11-15 12:59:24.144654,2023-11-15 12:59:24.914557,0 days 00:00:00.769903,0.7000000000000001,10,3.0,0.5,30,73,COMPLETE
8794,8794,17382.5,2023-11-15 12:59:24.917309,2023-11-15 12:59:25.694921,0 days 00:00:00.777612,0.8,10,2.5,0.9,11,69,COMPLETE
8795,8795,18682.0,2023-11-15 12:59:25.698515,2023-11-15 12:59:26.492131,0 days 00:00:00.793616,0.8,10,3.0,0.9,18,75,COMPLETE
8796,8796,16912.5,2023-11-15 12:59:26.495340,2023-11-15 12:59:27.291774,0 days 00:00:00.796434,0.8,10,1.0,0.9,25,66,COMPLETE
8797,8797,16976.75,2023-11-15 12:59:27.294747,2023-11-15 12:59:28.072009,0 days 00:00:00.777262,0.8,10,3.0,0.9,96,71,COMPLETE
8798,8798,17545.25,2023-11-15 12:59:28.074709,2023-11-15 12:59:28.863125,0 days 00:00:00.788416,0.8,10,2.75,0.9,14,78,COMPLETE
8799,8799,16636.0,2023-11-15 12:59:28.866462,2023-11-15 12:59:29.827758,0 days 00:00:00.961296,0.8,20,3.0,0.9,20,73,COMPLETE
8800,8800,16435.5,2023-11-15 12:59:29.831348,2023-11-15 12:59:30.626261,0 days 00:00:00.794913,0.5,10,0.25,0.9,17,69,COMPLETE
8801,8801,18682.0,2023-11-15 12:59:30.629842,2023-11-15 12:59:31.402478,0 days 00:00:00.772636,0.8,10,3.0,0.9,39,75,COMPLETE
8802,8802,17649.5,2023-11-15 12:59:31.405756,2023-11-15 12:59:32.186982,0 days 00:00:00.781226,0.9,10,2.75,0.9,22,65,COMPLETE
8803,8803,15933.25,2023-11-15 12:59:32.189673,2023-11-15 12:59:33.004358,0 days 00:00:00.814685,0.8,40,3.0,0.9,15,71,COMPLETE
8804,8804,17833.0,2023-11-15 12:59:33.007040,2023-11-15 12:59:33.787767,0 days 00:00:00.780727,0.8,10,3.0,0.9,27,80,COMPLETE
8805,8805,17368.5,2023-11-15 12:59:33.790399,2023-11-15 12:59:34.569493,0 days 00:00:00.779094,0.7000000000000001,10,3.0,0.8,20,68,COMPLETE
8806,8806,16539.5,2023-11-15 12:59:34.572174,2023-11-15 12:59:35.357997,0 days 00:00:00.785823,0.8,10,2.75,0.7000000000000001,24,62,COMPLETE
8807,8807,17745.75,2023-11-15 12:59:35.360779,2023-11-15 12:59:36.185152,0 days 00:00:00.824373,0.4,10,3.0,0.9,17,74,COMPLETE
8808,8808,18121.5,2023-11-15 12:59:36.187986,2023-11-15 12:59:36.971315,0 days 00:00:00.783329,0.8,10,3.0,0.9,19,77,COMPLETE
8809,8809,17826.25,2023-11-15 12:59:36.974231,2023-11-15 12:59:37.762906,0 days 00:00:00.788675,0.8,10,2.5,0.9,23,70,COMPLETE
8810,8810,16719.5,2023-11-15 12:59:37.766110,2023-11-15 12:59:38.549338,0 days 00:00:00.783228,0.8,10,3.0,0.9,21,66,COMPLETE
8811,8811,15150.25,2023-11-15 12:59:38.552064,2023-11-15 12:59:39.363069,0 days 00:00:00.811005,0.8,60,2.75,0.9,15,72,COMPLETE
8812,8812,17382.25,2023-11-15 12:59:39.365633,2023-11-15 12:59:40.149926,0 days 00:00:00.784293,0.8,10,2.25,0.9,7,69,COMPLETE
8813,8813,17190.0,2023-11-15 12:59:40.152611,2023-11-15 12:59:40.940845,0 days 00:00:00.788234,0.8,20,3.0,0.9,12,75,COMPLETE
8814,8814,18122.5,2023-11-15 12:59:40.943705,2023-11-15 12:59:41.723238,0 days 00:00:00.779533,0.8,10,3.0,0.9,18,72,COMPLETE
8815,8815,17455.75,2023-11-15 12:59:41.726089,2023-11-15 12:59:42.523166,0 days 00:00:00.797077,0.9,10,2.75,0.9,21,67,COMPLETE
8816,8816,16543.25,2023-11-15 12:59:42.525975,2023-11-15 12:59:43.334930,0 days 00:00:00.808955,0.8,10,3.0,0.9,16,63,COMPLETE
8817,8817,17284.5,2023-11-15 12:59:43.337979,2023-11-15 12:59:44.299440,0 days 00:00:00.961461,0.8,10,3.0,0.8,28,76,COMPLETE
8818,8818,17115.5,2023-11-15 12:59:44.302569,2023-11-15 12:59:45.134581,0 days 00:00:00.832012,0.8,10,3.0,0.9,24,69,COMPLETE
8819,8819,18297.0,2023-11-15 12:59:45.137170,2023-11-15 12:59:45.940177,0 days 00:00:00.803007,0.8,20,3.0,0.9,19,83,COMPLETE
8820,8820,17369.5,2023-11-15 12:59:45.942771,2023-11-15 12:59:46.717519,0 days 00:00:00.774748,0.8,10,2.75,0.9,44,73,COMPLETE
8821,8821,17654.5,2023-11-15 12:59:46.720323,2023-11-15 12:59:47.491036,0 days 00:00:00.770713,0.8,10,3.0,0.9,14,65,COMPLETE
8822,8822,16512.5,2023-11-15 12:59:47.494724,2023-11-15 12:59:48.287981,0 days 00:00:00.793257,0.2,10,3.0,0.9,22,72,COMPLETE
8823,8823,17833.0,2023-11-15 12:59:48.290786,2023-11-15 12:59:49.098876,0 days 00:00:00.808090,0.8,10,3.0,0.9,25,80,COMPLETE
8824,8824,16519.0,2023-11-15 12:59:49.101654,2023-11-15 12:59:49.891747,0 days 00:00:00.790093,0.7000000000000001,10,2.5,0.9,100,69,COMPLETE
8825,8825,17193.75,2023-11-15 12:59:49.894865,2023-11-15 12:59:50.735932,0 days 00:00:00.841067,0.8,10,3.0,0.8,18,76,COMPLETE
8826,8826,17917.0,2023-11-15 12:59:50.738755,2023-11-15 12:59:51.509755,0 days 00:00:00.771000,0.8,10,2.75,0.9,20,67,COMPLETE
8827,8827,16978.5,2023-11-15 12:59:51.513082,2023-11-15 12:59:52.311978,0 days 00:00:00.798896,0.8,10,3.0,0.9,93,71,COMPLETE
8828,8828,17545.25,2023-11-15 12:59:52.315058,2023-11-15 12:59:53.103410,0 days 00:00:00.788352,0.8,10,2.75,0.9,16,78,COMPLETE
8829,8829,15662.5,2023-11-15 12:59:53.106336,2023-11-15 12:59:53.885085,0 days 00:00:00.778749,0.30000000000000004,20,3.0,0.9,21,59,COMPLETE
8830,8830,17920.75,2023-11-15 12:59:53.888846,2023-11-15 12:59:54.678984,0 days 00:00:00.790138,0.8,10,3.0,0.9,18,74,COMPLETE
8831,8831,18109.0,2023-11-15 12:59:54.681725,2023-11-15 12:59:55.485817,0 days 00:00:00.804092,0.9,10,3.0,0.9,13,70,COMPLETE
8832,8832,17654.5,2023-11-15 12:59:55.488422,2023-11-15 12:59:56.267210,0 days 00:00:00.778788,0.8,10,3.0,0.9,23,65,COMPLETE
8833,8833,17188.25,2023-11-15 12:59:56.270108,2023-11-15 12:59:57.059900,0 days 00:00:00.789792,0.8,10,3.0,0.9,16,73,COMPLETE
8834,8834,17556.25,2023-11-15 12:59:57.063171,2023-11-15 12:59:57.851162,0 days 00:00:00.787991,0.8,10,2.75,0.6,26,68,COMPLETE
8835,8835,18121.5,2023-11-15 12:59:57.854555,2023-11-15 12:59:58.789661,0 days 00:00:00.935106,0.8,10,3.0,0.9,10,77,COMPLETE
8836,8836,16371.5,2023-11-15 12:59:58.793926,2023-11-15 12:59:59.768849,0 days 00:00:00.974923,0.8,10,3.0,0.9,70,63,COMPLETE
8837,8837,19260.75,2023-11-15 12:59:59.772613,2023-11-15 13:00:00.623604,0 days 00:00:00.850991,0.8,10,2.75,0.9,19,71,COMPLETE
8838,8838,18679.5,2023-11-15 13:00:00.626249,2023-11-15 13:00:01.394237,0 days 00:00:00.767988,0.7000000000000001,10,3.0,0.9,22,75,COMPLETE
8839,8839,17917.0,2023-11-15 13:00:01.398358,2023-11-15 13:00:02.205753,0 days 00:00:00.807395,0.8,10,3.0,0.9,20,67,COMPLETE
8840,8840,17644.25,2023-11-15 13:00:02.208442,2023-11-15 13:00:02.988015,0 days 00:00:00.779573,0.8,10,2.75,0.8,17,73,COMPLETE
8841,8841,18392.25,2023-11-15 13:00:02.991057,2023-11-15 13:00:03.775664,0 days 00:00:00.784607,0.8,20,3.0,0.9,14,70,COMPLETE
8842,8842,17360.25,2023-11-15 13:00:03.778451,2023-11-15 13:00:04.561826,0 days 00:00:00.783375,0.8,10,3.0,0.9,25,78,COMPLETE
8843,8843,16719.5,2023-11-15 13:00:04.565156,2023-11-15 13:00:05.372512,0 days 00:00:00.807356,0.8,10,3.0,0.9,22,66,COMPLETE
8844,8844,16829.5,2023-11-15 13:00:05.375466,2023-11-15 13:00:06.161848,0 days 00:00:00.786382,0.9,10,2.5,0.9,19,73,COMPLETE
8845,8845,17115.5,2023-11-15 13:00:06.164610,2023-11-15 13:00:06.948970,0 days 00:00:00.784360,0.8,10,3.0,0.9,16,69,COMPLETE
8846,8846,18682.0,2023-11-15 13:00:06.951689,2023-11-15 13:00:07.734954,0 days 00:00:00.783265,0.8,10,2.75,0.9,23,75,COMPLETE
8847,8847,18392.25,2023-11-15 13:00:07.737613,2023-11-15 13:00:08.559918,0 days 00:00:00.822305,0.8,20,3.0,0.9,20,71,COMPLETE
8848,8848,16940.75,2023-11-15 13:00:08.563600,2023-11-15 13:00:09.341316,0 days 00:00:00.777716,0.8,10,3.0,0.1,28,81,COMPLETE
8849,8849,16809.25,2023-11-15 13:00:09.344876,2023-11-15 13:00:10.123172,0 days 00:00:00.778296,0.7000000000000001,10,2.75,0.9,18,62,COMPLETE
8850,8850,17547.25,2023-11-15 13:00:10.125838,2023-11-15 13:00:10.910039,0 days 00:00:00.784201,0.8,10,3.0,0.9,15,68,COMPLETE
8851,8851,17188.25,2023-11-15 13:00:10.914441,2023-11-15 13:00:11.738052,0 days 00:00:00.823611,0.8,10,3.0,0.9,32,73,COMPLETE
8852,8852,17654.5,2023-11-15 13:00:11.740748,2023-11-15 13:00:12.525418,0 days 00:00:00.784670,0.8,10,3.0,0.9,12,65,COMPLETE
8853,8853,18016.5,2023-11-15 13:00:12.528321,2023-11-15 13:00:13.300501,0 days 00:00:00.772180,0.8,10,2.0,0.9,24,70,COMPLETE
8854,8854,18121.5,2023-11-15 13:00:13.303817,2023-11-15 13:00:14.204257,0 days 00:00:00.900440,0.8,10,3.0,0.9,21,77,COMPLETE
8855,8855,17369.5,2023-11-15 13:00:14.207836,2023-11-15 13:00:15.159469,0 days 00:00:00.951633,0.8,10,2.75,0.9,17,73,COMPLETE
8856,8856,17545.5,2023-11-15 13:00:15.162734,2023-11-15 13:00:15.982404,0 days 00:00:00.819670,0.9,10,3.0,0.8,19,67,COMPLETE
8857,8857,17825.5,2023-11-15 13:00:15.985357,2023-11-15 13:00:16.757786,0 days 00:00:00.772429,0.8,10,3.0,0.9,15,70,COMPLETE
8858,8858,17190.0,2023-11-15 13:00:16.760478,2023-11-15 13:00:17.575548,0 days 00:00:00.815070,0.8,20,2.25,0.9,26,75,COMPLETE
8859,8859,17734.75,2023-11-15 13:00:17.578603,2023-11-15 13:00:18.395116,0 days 00:00:00.816513,0.6,10,2.5,0.9,22,79,COMPLETE
8860,8860,17014.0,2023-11-15 13:00:18.398510,2023-11-15 13:00:19.173498,0 days 00:00:00.774988,0.8,10,3.0,0.9,18,64,COMPLETE
8861,8861,18973.5,2023-11-15 13:00:19.176570,2023-11-15 13:00:19.965849,0 days 00:00:00.789279,0.7000000000000001,10,3.0,0.9,21,71,COMPLETE
8862,8862,100.0,2023-11-15 13:00:19.969153,2023-11-15 13:00:20.888092,0 days 00:00:00.918939,0.8,10,2.75,0.9,0,67,COMPLETE
8863,8863,17927.25,2023-11-15 13:00:20.890783,2023-11-15 13:00:21.705616,0 days 00:00:00.814833,0.8,10,3.0,0.9,24,88,COMPLETE
8864,8864,18682.0,2023-11-15 13:00:21.708309,2023-11-15 13:00:22.497861,0 days 00:00:00.789552,0.8,10,3.0,0.9,13,75,COMPLETE
8865,8865,16632.75,2023-11-15 13:00:22.500696,2023-11-15 13:00:23.300451,0 days 00:00:00.799755,0.8,10,2.75,0.9,20,61,COMPLETE
8866,8866,17115.5,2023-11-15 13:00:23.303222,2023-11-15 13:00:24.110098,0 days 00:00:00.806876,0.8,10,3.0,0.9,17,69,COMPLETE
8867,8867,17186.0,2023-11-15 13:00:24.116107,2023-11-15 13:00:24.949231,0 days 00:00:00.833124,0.8,10,3.0,0.9,23,73,COMPLETE
8868,8868,18392.25,2023-11-15 13:00:24.951957,2023-11-15 13:00:25.729197,0 days 00:00:00.777240,0.8,20,2.75,0.9,15,71,COMPLETE
8869,8869,18027.0,2023-11-15 13:00:25.732692,2023-11-15 13:00:26.532716,0 days 00:00:00.800024,0.8,10,3.0,0.8,19,77,COMPLETE
8870,8870,17547.25,2023-11-15 13:00:26.535396,2023-11-15 13:00:27.319310,0 days 00:00:00.783914,0.8,10,3.0,0.9,17,68,COMPLETE
8871,8871,16642.5,2023-11-15 13:00:27.322087,2023-11-15 13:00:28.130604,0 days 00:00:00.808517,0.9,10,3.0,0.9,11,73,COMPLETE
8872,8872,17014.0,2023-11-15 13:00:28.133874,2023-11-15 13:00:29.014013,0 days 00:00:00.880139,0.8,10,2.75,0.9,21,64,COMPLETE
8873,8873,16719.5,2023-11-15 13:00:29.017961,2023-11-15 13:00:29.951870,0 days 00:00:00.933909,0.8,10,3.0,0.9,25,66,COMPLETE
8874,8874,17644.0,2023-11-15 13:00:29.955018,2023-11-15 13:00:30.806525,0 days 00:00:00.851507,0.8,10,3.0,0.9,19,82,COMPLETE
8875,8875,17825.5,2023-11-15 13:00:30.809313,2023-11-15 13:00:31.634210,0 days 00:00:00.824897,0.8,10,3.0,0.9,22,70,COMPLETE
8876,8876,18682.0,2023-11-15 13:00:31.637343,2023-11-15 13:00:32.414353,0 days 00:00:00.777010,0.8,10,2.5,0.9,15,75,COMPLETE
8877,8877,16807.25,2023-11-15 13:00:32.417859,2023-11-15 13:00:33.189015,0 days 00:00:00.771156,0.7000000000000001,20,2.75,0.9,17,79,COMPLETE
8878,8878,17921.75,2023-11-15 13:00:33.191676,2023-11-15 13:00:33.981512,0 days 00:00:00.789836,0.8,10,0.75,0.8,26,72,COMPLETE
8879,8879,17115.5,2023-11-15 13:00:33.984170,2023-11-15 13:00:34.765293,0 days 00:00:00.781123,0.8,10,3.0,0.9,20,69,COMPLETE
8880,8880,16923.25,2023-11-15 13:00:34.768504,2023-11-15 13:00:35.579735,0 days 00:00:00.811231,0.8,10,3.0,0.9,28,76,COMPLETE
8881,8881,16547.25,2023-11-15 13:00:35.582614,2023-11-15 13:00:36.367009,0 days 00:00:00.784395,0.9,10,2.75,0.9,14,66,COMPLETE
8882,8882,17461.25,2023-11-15 13:00:36.369702,2023-11-15 13:00:37.164334,0 days 00:00:00.794632,0.8,10,3.0,0.9,23,60,COMPLETE
8883,8883,17188.25,2023-11-15 13:00:37.166991,2023-11-15 13:00:37.943327,0 days 00:00:00.776336,0.8,10,3.0,0.9,18,73,COMPLETE
8884,8884,17115.5,2023-11-15 13:00:37.946734,2023-11-15 13:00:38.791463,0 days 00:00:00.844729,0.8,10,3.0,0.9,21,69,COMPLETE
8885,8885,18122.5,2023-11-15 13:00:38.795661,2023-11-15 13:00:39.583310,0 days 00:00:00.787649,0.8,10,3.0,0.9,16,72,COMPLETE
8886,8886,17917.0,2023-11-15 13:00:39.586030,2023-11-15 13:00:40.380585,0 days 00:00:00.794555,0.8,10,3.0,0.9,24,67,COMPLETE
8887,8887,17190.0,2023-11-15 13:00:40.383393,2023-11-15 13:00:41.186875,0 days 00:00:00.803482,0.8,20,2.75,0.9,13,75,COMPLETE
8888,8888,16632.25,2023-11-15 13:00:41.189922,2023-11-15 13:00:41.984759,0 days 00:00:00.794837,0.8,10,3.0,0.9,19,63,COMPLETE
8889,8889,17825.5,2023-11-15 13:00:41.987680,2023-11-15 13:00:42.798972,0 days 00:00:00.811292,0.8,10,3.0,0.9,64,70,COMPLETE
8890,8890,18121.5,2023-11-15 13:00:42.801728,2023-11-15 13:00:43.586731,0 days 00:00:00.785003,0.8,10,2.75,0.9,30,77,COMPLETE
8891,8891,17934.75,2023-11-15 13:00:43.589603,2023-11-15 13:00:44.494688,0 days 00:00:00.905085,0.8,10,3.0,0.5,22,72,COMPLETE
8892,8892,17547.25,2023-11-15 13:00:44.498359,2023-11-15 13:00:45.392865,0 days 00:00:00.894506,0.8,10,3.0,0.9,17,68,COMPLETE
8893,8893,12537.25,2023-11-15 13:00:45.397579,2023-11-15 13:00:46.241383,0 days 00:00:00.843804,0.7000000000000001,70,2.5,0.9,9,79,COMPLETE
