,number,value,datetime_start,datetime_complete,duration,params_alpha,params_decay_interval,params_decay_rate,params_gamma,params_initialization,params_max_steps,state
6960,6960,19359.75,2023-11-15 11:22:25.857936,2023-11-15 11:22:26.447808,0 days 00:00:00.589872,0.2,10,0.75,0.9,4,145,COMPLETE
6961,6961,18973.0,2023-11-15 11:22:26.450399,2023-11-15 11:22:27.038616,0 days 00:00:00.588217,0.2,10,0.75,0.9,2,141,COMPLETE
6962,6962,19163.75,2023-11-15 11:22:27.040943,2023-11-15 11:22:27.629969,0 days 00:00:00.589026,0.2,10,1.25,0.8,0,147,COMPLETE
6963,6963,18931.0,2023-11-15 11:22:27.632377,2023-11-15 11:22:28.234313,0 days 00:00:00.601936,0.2,10,1.0,0.9,2,84,COMPLETE
6964,6964,19261.0,2023-11-15 11:22:28.237225,2023-11-15 11:22:28.839550,0 days 00:00:00.602325,0.30000000000000004,10,0.75,0.9,5,147,COMPLETE
6965,6965,17680.75,2023-11-15 11:22:28.841839,2023-11-15 11:22:29.455856,0 days 00:00:00.614017,0.2,20,0.25,0.9,22,135,COMPLETE
6966,6966,19091.75,2023-11-15 11:22:29.458668,2023-11-15 11:22:30.057136,0 days 00:00:00.598468,0.1,10,0.75,0.9,6,143,COMPLETE
6967,6967,19164.25,2023-11-15 11:22:30.059616,2023-11-15 11:22:30.655812,0 days 00:00:00.596196,0.2,10,0.5,0.9,3,150,COMPLETE
6968,6968,19065.0,2023-11-15 11:22:30.658323,2023-11-15 11:22:31.245843,0 days 00:00:00.587520,0.2,10,0.75,0.7000000000000001,0,138,COMPLETE
6969,6969,18903.75,2023-11-15 11:22:31.248058,2023-11-15 11:22:31.864122,0 days 00:00:00.616064,0.30000000000000004,10,0.75,0.9,8,130,COMPLETE
6970,6970,13361.25,2023-11-15 11:22:31.866413,2023-11-15 11:22:32.512866,0 days 00:00:00.646453,0.1,10,0.75,0.4,2,145,COMPLETE
6971,6971,19066.25,2023-11-15 11:22:32.515158,2023-11-15 11:22:33.102039,0 days 00:00:00.586881,0.2,10,1.0,0.8,4,141,COMPLETE
6972,6972,19261.0,2023-11-15 11:22:33.104661,2023-11-15 11:22:33.687109,0 days 00:00:00.582448,0.2,10,0.75,0.9,0,147,COMPLETE
6973,6973,15866.25,2023-11-15 11:22:33.689813,2023-11-15 11:22:34.293629,0 days 00:00:00.603816,0.2,50,0.75,0.9,2,144,COMPLETE
6974,6974,19110.25,2023-11-15 11:22:34.295857,2023-11-15 11:22:34.907883,0 days 00:00:00.612026,0.1,10,0.75,0.9,6,150,COMPLETE
6975,6975,19066.25,2023-11-15 11:22:34.910185,2023-11-15 11:22:35.491355,0 days 00:00:00.581170,0.2,10,0.75,0.9,14,141,COMPLETE
6976,6976,18196.75,2023-11-15 11:22:35.493801,2023-11-15 11:22:36.076471,0 days 00:00:00.582670,0.2,20,1.25,0.30000000000000004,0,57,COMPLETE
6977,6977,18941.25,2023-11-15 11:22:36.078634,2023-11-15 11:22:36.678902,0 days 00:00:00.600268,0.2,10,1.0,0.9,10,145,COMPLETE
6978,6978,18785.5,2023-11-15 11:22:36.681145,2023-11-15 11:22:37.292602,0 days 00:00:00.611457,0.5,10,0.75,0.9,4,148,COMPLETE
6979,6979,17448.25,2023-11-15 11:22:37.294868,2023-11-15 11:22:37.926600,0 days 00:00:00.631732,0.1,10,2.0,0.7000000000000001,2,139,COMPLETE
6980,6980,19261.0,2023-11-15 11:22:37.928886,2023-11-15 11:22:38.515296,0 days 00:00:00.586410,0.2,10,0.75,0.8,0,143,COMPLETE
6981,6981,19261.0,2023-11-15 11:22:38.517933,2023-11-15 11:22:39.109159,0 days 00:00:00.591226,0.2,10,0.75,0.9,4,147,COMPLETE
6982,6982,14686.75,2023-11-15 11:22:39.111718,2023-11-15 11:22:39.726414,0 days 00:00:00.614696,0.2,10,0.75,0.2,2,109,COMPLETE
6983,6983,18493.25,2023-11-15 11:22:39.728672,2023-11-15 11:22:40.325486,0 days 00:00:00.596814,0.2,20,0.5,0.9,6,145,COMPLETE
6984,6984,19082.5,2023-11-15 11:22:40.328212,2023-11-15 11:22:40.937231,0 days 00:00:00.609019,0.1,10,0.75,0.9,2,150,COMPLETE
6985,6985,19163.75,2023-11-15 11:22:40.939644,2023-11-15 11:22:41.533518,0 days 00:00:00.593874,0.30000000000000004,10,1.0,0.9,0,141,COMPLETE
6986,6986,18449.5,2023-11-15 11:22:41.536551,2023-11-15 11:22:42.161964,0 days 00:00:00.625413,0.4,10,0.75,0.9,4,147,COMPLETE
6987,6987,17378.5,2023-11-15 11:22:42.164378,2023-11-15 11:22:42.776056,0 days 00:00:00.611678,0.2,10,0.25,0.6,8,136,COMPLETE
6988,6988,19163.5,2023-11-15 11:22:42.778437,2023-11-15 11:22:43.375187,0 days 00:00:00.596750,0.2,10,0.75,0.9,2,144,COMPLETE
6989,6989,19161.25,2023-11-15 11:22:43.377483,2023-11-15 11:22:43.989430,0 days 00:00:00.611947,0.2,10,0.75,0.5,0,139,COMPLETE
6990,6990,19261.0,2023-11-15 11:22:43.991697,2023-11-15 11:22:44.580620,0 days 00:00:00.588923,0.1,10,0.75,0.9,6,147,COMPLETE
6991,6991,19261.0,2023-11-15 11:22:44.582926,2023-11-15 11:22:45.173010,0 days 00:00:00.590084,0.2,10,1.25,0.9,4,142,COMPLETE
6992,6992,18393.5,2023-11-15 11:22:45.175201,2023-11-15 11:22:45.774524,0 days 00:00:00.599323,0.2,20,0.75,0.9,2,150,COMPLETE
6993,6993,0.0,2023-11-15 11:22:45.776915,2023-11-15 11:22:46.355230,0 days 00:00:00.578315,0.1,10,1.0,0.9,0,5,COMPLETE
6994,6994,14939.0,2023-11-15 11:22:46.357536,2023-11-15 11:22:47.043386,0 days 00:00:00.685850,0.8,10,0.75,0.9,3,145,COMPLETE
6995,6995,18695.0,2023-11-15 11:22:47.045703,2023-11-15 11:22:47.651298,0 days 00:00:00.605595,0.2,10,0.75,0.8,6,142,COMPLETE
6996,6996,19261.0,2023-11-15 11:22:47.654104,2023-11-15 11:22:48.251805,0 days 00:00:00.597701,0.2,10,0.5,0.4,0,147,COMPLETE
6997,6997,18788.25,2023-11-15 11:22:48.254808,2023-11-15 11:22:48.852977,0 days 00:00:00.598169,0.30000000000000004,10,0.75,0.9,2,144,COMPLETE
6998,6998,3263.5,2023-11-15 11:22:48.855666,2023-11-15 11:22:49.617316,0 days 00:00:00.761650,0.2,10,1.0,0.9,78,138,COMPLETE
6999,6999,19136.5,2023-11-15 11:22:49.620270,2023-11-15 11:22:50.228457,0 days 00:00:00.608187,0.2,10,0.75,0.9,4,148,COMPLETE
7000,7000,18969.25,2023-11-15 11:22:50.230695,2023-11-15 11:22:50.824123,0 days 00:00:00.593428,0.1,10,1.25,0.9,2,141,COMPLETE
7001,7001,19261.0,2023-11-15 11:22:50.826341,2023-11-15 11:22:51.419435,0 days 00:00:00.593094,0.2,10,0.75,0.8,0,150,COMPLETE
7002,7002,19359.75,2023-11-15 11:22:51.421851,2023-11-15 11:22:52.017229,0 days 00:00:00.595378,0.2,10,0.75,0.9,4,145,COMPLETE
7003,7003,18584.75,2023-11-15 11:22:52.020026,2023-11-15 11:22:52.607029,0 days 00:00:00.587003,0.2,20,0.75,0.9,6,147,COMPLETE
7004,7004,18992.75,2023-11-15 11:22:52.609411,2023-11-15 11:22:53.220620,0 days 00:00:00.611209,0.2,10,0.75,0.9,9,143,COMPLETE
7005,7005,19261.0,2023-11-15 11:22:53.222864,2023-11-15 11:22:53.807940,0 days 00:00:00.585076,0.2,10,0.5,0.9,2,140,COMPLETE
7006,7006,19359.75,2023-11-15 11:22:53.810137,2023-11-15 11:22:54.406825,0 days 00:00:00.596688,0.1,10,0.75,0.6,0,148,COMPLETE
7007,7007,18798.75,2023-11-15 11:22:54.409216,2023-11-15 11:22:55.002308,0 days 00:00:00.593092,0.2,10,1.0,0.9,4,135,COMPLETE
7008,7008,19292.25,2023-11-15 11:22:55.004862,2023-11-15 11:22:55.604615,0 days 00:00:00.599753,0.2,10,0.75,0.9,2,145,COMPLETE
7009,7009,18900.5,2023-11-15 11:22:55.607004,2023-11-15 11:22:56.220060,0 days 00:00:00.613056,0.2,10,0.75,0.9,26,143,COMPLETE
7010,7010,17561.25,2023-11-15 11:22:56.222541,2023-11-15 11:22:56.821414,0 days 00:00:00.598873,0.1,30,1.25,0.8,12,150,COMPLETE
7011,7011,19317.5,2023-11-15 11:22:56.823705,2023-11-15 11:22:57.421963,0 days 00:00:00.598258,0.30000000000000004,10,0.75,0.9,0,145,COMPLETE
7012,7012,13491.75,2023-11-15 11:22:57.424322,2023-11-15 11:22:58.059312,0 days 00:00:00.634990,0.2,10,1.0,0.7000000000000001,8,138,COMPLETE
7013,7013,18584.75,2023-11-15 11:22:58.061803,2023-11-15 11:22:58.658899,0 days 00:00:00.597096,0.2,20,0.75,0.9,4,147,COMPLETE
7014,7014,18560.5,2023-11-15 11:22:58.661144,2023-11-15 11:22:59.288625,0 days 00:00:00.627481,0.2,10,0.25,0.9,2,142,COMPLETE
7015,7015,19261.0,2023-11-15 11:22:59.290991,2023-11-15 11:22:59.881395,0 days 00:00:00.590404,0.1,10,0.75,0.9,0,147,COMPLETE
7016,7016,14795.25,2023-11-15 11:22:59.883843,2023-11-15 11:23:00.515240,0 days 00:00:00.631397,0.2,10,0.75,0.5,5,150,COMPLETE
7017,7017,18973.0,2023-11-15 11:23:00.517813,2023-11-15 11:23:01.107768,0 days 00:00:00.589955,0.2,10,0.75,0.9,2,141,COMPLETE
7018,7018,18974.5,2023-11-15 11:23:01.110134,2023-11-15 11:23:01.718679,0 days 00:00:00.608545,0.2,10,0.75,0.8,7,145,COMPLETE
7019,7019,19261.0,2023-11-15 11:23:01.721364,2023-11-15 11:23:02.345967,0 days 00:00:00.624603,0.1,10,0.5,0.9,0,143,COMPLETE
7020,7020,18634.75,2023-11-15 11:23:02.348219,2023-11-15 11:23:02.936644,0 days 00:00:00.588425,0.2,10,1.0,0.9,3,23,COMPLETE
7021,7021,16407.75,2023-11-15 11:23:02.938969,2023-11-15 11:23:03.557034,0 days 00:00:00.618065,0.7000000000000001,10,0.75,0.9,5,138,COMPLETE
7022,7022,16571.75,2023-11-15 11:23:03.559366,2023-11-15 11:23:04.175240,0 days 00:00:00.615874,0.30000000000000004,40,1.5,0.9,2,148,COMPLETE
7023,7023,18919.75,2023-11-15 11:23:04.177890,2023-11-15 11:23:04.786495,0 days 00:00:00.608605,0.5,10,0.75,0.9,45,145,COMPLETE
7024,7024,19261.0,2023-11-15 11:23:04.788911,2023-11-15 11:23:05.408437,0 days 00:00:00.619526,0.2,10,1.25,0.9,0,141,COMPLETE
7025,7025,19106.5,2023-11-15 11:23:05.410837,2023-11-15 11:23:06.004633,0 days 00:00:00.593796,0.1,10,0.75,0.9,3,150,COMPLETE
7026,7026,19328.25,2023-11-15 11:23:06.007055,2023-11-15 11:23:06.607924,0 days 00:00:00.600869,0.2,10,1.0,0.9,6,145,COMPLETE
7027,7027,13290.5,2023-11-15 11:23:06.610516,2023-11-15 11:23:07.241947,0 days 00:00:00.631431,0.2,80,0.75,0.9,0,113,COMPLETE
7028,7028,18554.5,2023-11-15 11:23:07.244269,2023-11-15 11:23:07.841289,0 days 00:00:00.597020,0.2,20,0.75,0.9,2,147,COMPLETE
7029,7029,18896.25,2023-11-15 11:23:07.843524,2023-11-15 11:23:08.464852,0 days 00:00:00.621328,0.2,10,0.5,0.9,4,139,COMPLETE
7030,7030,18676.75,2023-11-15 11:23:08.467604,2023-11-15 11:23:09.061917,0 days 00:00:00.594313,0.2,10,0.75,0.8,2,134,COMPLETE
7031,7031,15610.25,2023-11-15 11:23:09.064331,2023-11-15 11:23:09.679256,0 days 00:00:00.614925,0.1,60,0.75,0.9,0,142,COMPLETE
7032,7032,19262.25,2023-11-15 11:23:09.681521,2023-11-15 11:23:10.273799,0 days 00:00:00.592278,0.2,10,0.75,0.9,7,145,COMPLETE
7033,7033,0.0,2023-11-15 11:23:10.276004,2023-11-15 11:23:10.953187,0 days 00:00:00.677183,0.2,10,1.0,0.9,4,51,COMPLETE
7034,7034,19163.5,2023-11-15 11:23:10.955697,2023-11-15 11:23:11.579435,0 days 00:00:00.623738,0.6,10,1.25,0.9,2,150,COMPLETE
7035,7035,18394.75,2023-11-15 11:23:11.581659,2023-11-15 11:23:12.197288,0 days 00:00:00.615629,0.1,20,0.75,0.7000000000000001,0,143,COMPLETE
7036,7036,18164.5,2023-11-15 11:23:12.199476,2023-11-15 11:23:12.840749,0 days 00:00:00.641273,0.4,10,0.75,0.9,9,147,COMPLETE
7037,7037,15822.5,2023-11-15 11:23:12.843169,2023-11-15 11:23:13.457226,0 days 00:00:00.614057,0.2,10,0.75,0.6,5,140,COMPLETE
7038,7038,12103.75,2023-11-15 11:23:13.459569,2023-11-15 11:23:14.105644,0 days 00:00:00.646075,0.2,10,0.75,0.1,2,148,COMPLETE
7039,7039,19172.25,2023-11-15 11:23:14.107969,2023-11-15 11:23:14.694305,0 days 00:00:00.586336,0.30000000000000004,10,1.0,0.9,0,143,COMPLETE
7040,7040,18307.5,2023-11-15 11:23:14.696643,2023-11-15 11:23:15.310882,0 days 00:00:00.614239,0.2,10,0.5,0.8,4,136,COMPLETE
7041,7041,16351.5,2023-11-15 11:23:15.313235,2023-11-15 11:23:15.932377,0 days 00:00:00.619142,0.2,10,0.75,0.4,2,145,COMPLETE
7042,7042,14795.5,2023-11-15 11:23:15.935239,2023-11-15 11:23:16.556152,0 days 00:00:00.620913,0.2,70,0.75,0.9,6,150,COMPLETE
7043,7043,19261.0,2023-11-15 11:23:16.558629,2023-11-15 11:23:17.153137,0 days 00:00:00.594508,0.1,10,0.75,0.9,0,147,COMPLETE
7044,7044,19066.25,2023-11-15 11:23:17.155811,2023-11-15 11:23:17.752027,0 days 00:00:00.596216,0.2,10,0.75,0.9,3,140,COMPLETE
7045,7045,18647.0,2023-11-15 11:23:17.754942,2023-11-15 11:23:18.361512,0 days 00:00:00.606570,0.2,10,0.25,0.9,2,143,COMPLETE
7046,7046,18493.75,2023-11-15 11:23:18.363874,2023-11-15 11:23:18.978424,0 days 00:00:00.614550,0.1,20,1.25,0.9,11,147,COMPLETE
7047,7047,12890.25,2023-11-15 11:23:18.980612,2023-11-15 11:23:19.635057,0 days 00:00:00.654445,0.30000000000000004,10,0.75,0.2,4,145,COMPLETE
7048,7048,5837.25,2023-11-15 11:23:19.637778,2023-11-15 11:23:20.359756,0 days 00:00:00.721978,0.2,10,1.0,0.5,7,137,COMPLETE
7049,7049,19171.5,2023-11-15 11:23:20.362115,2023-11-15 11:23:20.963448,0 days 00:00:00.601333,0.2,10,0.75,0.9,0,141,COMPLETE
7050,7050,16267.75,2023-11-15 11:23:20.965831,2023-11-15 11:23:21.602698,0 days 00:00:00.636867,0.9,10,0.75,0.9,2,148,COMPLETE
7051,7051,18974.5,2023-11-15 11:23:21.605209,2023-11-15 11:23:22.214075,0 days 00:00:00.608866,0.2,10,0.5,0.9,5,143,COMPLETE
7052,7052,18393.5,2023-11-15 11:23:22.216970,2023-11-15 11:23:22.827792,0 days 00:00:00.610822,0.1,20,0.75,0.8,0,150,COMPLETE
7053,7053,19313.25,2023-11-15 11:23:22.829994,2023-11-15 11:23:23.435930,0 days 00:00:00.605936,0.2,10,0.75,0.9,3,145,COMPLETE
7054,7054,17082.25,2023-11-15 11:23:23.438250,2023-11-15 11:23:24.049977,0 days 00:00:00.611727,0.2,10,1.25,0.9,47,139,COMPLETE
7055,7055,19261.0,2023-11-15 11:23:24.052751,2023-11-15 11:23:24.645223,0 days 00:00:00.592472,0.2,10,0.75,0.9,0,147,COMPLETE
7056,7056,6994.5,2023-11-15 11:23:24.647479,2023-11-15 11:23:25.371851,0 days 00:00:00.724372,0.2,10,1.0,0.4,4,143,COMPLETE
7057,7057,19082.5,2023-11-15 11:23:25.374467,2023-11-15 11:23:25.976704,0 days 00:00:00.602237,0.1,10,0.75,0.9,2,150,COMPLETE
7058,7058,16502.75,2023-11-15 11:23:25.978993,2023-11-15 11:23:26.592334,0 days 00:00:00.613341,0.2,10,0.75,0.9,8,31,COMPLETE
7059,7059,19262.25,2023-11-15 11:23:26.594777,2023-11-15 11:23:27.197761,0 days 00:00:00.602984,0.2,10,0.75,0.9,6,145,COMPLETE
7060,7060,17962.0,2023-11-15 11:23:27.200147,2023-11-15 11:23:27.841939,0 days 00:00:00.641792,0.30000000000000004,10,0.25,0.9,2,132,COMPLETE
7061,7061,19261.0,2023-11-15 11:23:27.844150,2023-11-15 11:23:28.445490,0 days 00:00:00.601340,0.1,10,0.75,0.8,0,141,COMPLETE
7062,7062,9922.0,2023-11-15 11:23:28.448130,2023-11-15 11:23:29.132082,0 days 00:00:00.683952,0.2,10,1.0,0.30000000000000004,5,147,COMPLETE
7063,7063,19163.5,2023-11-15 11:23:29.134548,2023-11-15 11:23:29.756539,0 days 00:00:00.621991,0.2,10,0.75,0.9,2,144,COMPLETE
7064,7064,19261.0,2023-11-15 11:23:29.758841,2023-11-15 11:23:30.362739,0 days 00:00:00.603898,0.2,10,0.75,0.9,0,147,COMPLETE
7065,7065,18206.5,2023-11-15 11:23:30.365060,2023-11-15 11:23:30.966863,0 days 00:00:00.601803,0.2,20,0.75,0.9,4,138,COMPLETE
7066,7066,18877.5,2023-11-15 11:23:30.969877,2023-11-15 11:23:31.573027,0 days 00:00:00.603150,0.2,10,0.5,0.9,2,141,COMPLETE
7067,7067,13924.0,2023-11-15 11:23:31.575384,2023-11-15 11:23:32.230470,0 days 00:00:00.655086,0.1,10,0.75,0.6,9,150,COMPLETE
7068,7068,19359.75,2023-11-15 11:23:32.233065,2023-11-15 11:23:32.829990,0 days 00:00:00.596925,0.2,10,1.25,0.7000000000000001,0,145,COMPLETE
7069,7069,19163.25,2023-11-15 11:23:32.832404,2023-11-15 11:23:33.440708,0 days 00:00:00.608304,0.2,10,0.75,0.9,4,102,COMPLETE
7070,7070,19171.25,2023-11-15 11:23:33.443343,2023-11-15 11:23:34.045344,0 days 00:00:00.602001,0.1,10,1.0,0.9,6,147,COMPLETE
7071,7071,18973.0,2023-11-15 11:23:34.047540,2023-11-15 11:23:34.642470,0 days 00:00:00.594930,0.2,10,0.75,0.9,2,141,COMPLETE
7072,7072,16921.0,2023-11-15 11:23:34.644861,2023-11-15 11:23:35.256080,0 days 00:00:00.611219,0.2,10,0.75,0.8,69,143,COMPLETE
7073,7073,19163.75,2023-11-15 11:23:35.258435,2023-11-15 11:23:35.853648,0 days 00:00:00.595213,0.30000000000000004,10,0.75,0.9,0,150,COMPLETE
7074,7074,18499.25,2023-11-15 11:23:35.855964,2023-11-15 11:23:36.458849,0 days 00:00:00.602885,0.2,20,0.75,0.9,3,145,COMPLETE
7075,7075,18977.0,2023-11-15 11:23:36.461271,2023-11-15 11:23:37.082962,0 days 00:00:00.621691,0.2,10,0.5,0.9,2,137,COMPLETE
7076,7076,19014.75,2023-11-15 11:23:37.085769,2023-11-15 11:23:37.680392,0 days 00:00:00.594623,0.2,10,1.0,0.9,7,147,COMPLETE
7077,7077,16437.5,2023-11-15 11:23:37.682780,2023-11-15 11:23:38.296124,0 days 00:00:00.613344,0.1,10,0.75,0.9,65,143,COMPLETE
7078,7078,19261.0,2023-11-15 11:23:38.298387,2023-11-15 11:23:38.890074,0 days 00:00:00.591687,0.2,10,0.75,0.9,0,140,COMPLETE
7079,7079,17647.5,2023-11-15 11:23:38.892461,2023-11-15 11:23:39.499103,0 days 00:00:00.606642,0.2,10,1.25,0.8,34,147,COMPLETE
7080,7080,19091.75,2023-11-15 11:23:39.501453,2023-11-15 11:23:40.121950,0 days 00:00:00.620497,0.1,10,0.75,0.9,4,143,COMPLETE
7081,7081,19082.5,2023-11-15 11:23:40.124163,2023-11-15 11:23:40.720739,0 days 00:00:00.596576,0.2,10,0.75,0.9,2,150,COMPLETE
7082,7082,12042.0,2023-11-15 11:23:40.723031,2023-11-15 11:23:41.384210,0 days 00:00:00.661179,0.2,10,1.0,0.9,96,145,COMPLETE
7083,7083,10921.0,2023-11-15 11:23:41.387234,2023-11-15 11:23:42.062422,0 days 00:00:00.675188,0.30000000000000004,10,0.75,0.5,5,139,COMPLETE
7084,7084,19271.0,2023-11-15 11:23:42.064743,2023-11-15 11:23:42.664533,0 days 00:00:00.599790,0.2,10,0.75,0.9,0,148,COMPLETE
7085,7085,18989.75,2023-11-15 11:23:42.666771,2023-11-15 11:23:43.292605,0 days 00:00:00.625834,0.4,10,0.75,0.9,2,143,COMPLETE
7086,7086,18030.0,2023-11-15 11:23:43.295096,2023-11-15 11:23:43.905173,0 days 00:00:00.610077,0.1,20,0.75,0.9,4,134,COMPLETE
7087,7087,19359.75,2023-11-15 11:23:43.907896,2023-11-15 11:23:44.503775,0 days 00:00:00.595879,0.2,10,0.5,0.7000000000000001,0,145,COMPLETE
7088,7088,0.0,2023-11-15 11:23:44.506301,2023-11-15 11:23:45.098689,0 days 00:00:00.592388,0.2,10,0.75,0.9,6,13,COMPLETE
7089,7089,19066.75,2023-11-15 11:23:45.101171,2023-11-15 11:23:45.709293,0 days 00:00:00.608122,0.2,10,1.5,0.8,2,147,COMPLETE
7090,7090,19066.25,2023-11-15 11:23:45.711781,2023-11-15 11:23:46.333023,0 days 00:00:00.621242,0.2,10,1.25,0.9,10,141,COMPLETE
7091,7091,19165.25,2023-11-15 11:23:46.335611,2023-11-15 11:23:46.951167,0 days 00:00:00.615556,0.1,10,0.25,0.9,4,150,COMPLETE
7092,7092,18068.75,2023-11-15 11:23:46.954109,2023-11-15 11:23:47.565942,0 days 00:00:00.611833,0.2,20,0.75,0.9,0,137,COMPLETE
7093,7093,19149.5,2023-11-15 11:23:47.568228,2023-11-15 11:23:48.176131,0 days 00:00:00.607903,0.2,10,1.0,0.9,8,145,COMPLETE
7094,7094,17666.0,2023-11-15 11:23:48.178885,2023-11-15 11:23:48.795427,0 days 00:00:00.616542,0.2,30,0.75,0.9,2,142,COMPLETE
7095,7095,19200.75,2023-11-15 11:23:48.797692,2023-11-15 11:23:49.415218,0 days 00:00:00.617526,0.30000000000000004,10,0.75,0.9,4,148,COMPLETE
7096,7096,15710.5,2023-11-15 11:23:49.417591,2023-11-15 11:23:50.054766,0 days 00:00:00.637175,0.5,10,0.75,0.9,85,145,COMPLETE
7097,7097,19261.0,2023-11-15 11:23:50.057100,2023-11-15 11:23:50.656732,0 days 00:00:00.599632,0.1,10,0.75,0.8,0,140,COMPLETE
7098,7098,19261.0,2023-11-15 11:23:50.659071,2023-11-15 11:23:51.258170,0 days 00:00:00.599099,0.2,10,0.75,0.9,6,147,COMPLETE
7099,7099,16464.0,2023-11-15 11:23:51.260520,2023-11-15 11:23:51.892835,0 days 00:00:00.632315,0.2,10,1.0,0.5,2,150,COMPLETE
7100,7100,19051.5,2023-11-15 11:23:51.895363,2023-11-15 11:23:52.522750,0 days 00:00:00.627387,0.2,10,0.75,0.9,3,142,COMPLETE
7101,7101,19359.75,2023-11-15 11:23:52.525027,2023-11-15 11:23:53.124514,0 days 00:00:00.599487,0.1,10,1.25,0.9,0,145,COMPLETE
7102,7102,17858.25,2023-11-15 11:23:53.126772,2023-11-15 11:23:53.738336,0 days 00:00:00.611564,0.2,10,0.5,0.9,73,143,COMPLETE
7103,7103,11732.5,2023-11-15 11:23:53.740940,2023-11-15 11:23:54.399216,0 days 00:00:00.658276,0.2,10,0.75,0.30000000000000004,2,138,COMPLETE
7104,7104,18493.25,2023-11-15 11:23:54.401872,2023-11-15 11:23:55.006122,0 days 00:00:00.604250,0.2,20,0.75,0.9,5,148,COMPLETE
7105,7105,16341.75,2023-11-15 11:23:55.008671,2023-11-15 11:23:55.683971,0 days 00:00:00.675300,0.2,50,0.25,0.9,39,145,COMPLETE
7106,7106,19261.0,2023-11-15 11:23:55.687101,2023-11-15 11:23:56.285497,0 days 00:00:00.598396,0.1,10,0.75,0.9,0,150,COMPLETE
7107,7107,12756.5,2023-11-15 11:23:56.288158,2023-11-15 11:23:56.943672,0 days 00:00:00.655514,0.2,10,1.0,0.8,59,140,COMPLETE
7108,7108,16261.5,2023-11-15 11:23:56.946100,2023-11-15 11:23:57.568805,0 days 00:00:00.622705,0.2,10,0.75,0.6,7,147,COMPLETE
7109,7109,16572.75,2023-11-15 11:23:57.571608,2023-11-15 11:23:58.185124,0 days 00:00:00.613516,0.2,40,0.75,0.9,3,143,COMPLETE
7110,7110,19261.0,2023-11-15 11:23:58.187974,2023-11-15 11:23:58.785467,0 days 00:00:00.597493,0.30000000000000004,10,0.75,0.9,2,147,COMPLETE
7111,7111,19161.25,2023-11-15 11:23:58.788369,2023-11-15 11:23:59.411342,0 days 00:00:00.622973,0.1,10,0.5,0.9,0,136,COMPLETE
7112,7112,18874.0,2023-11-15 11:23:59.413591,2023-11-15 11:24:00.024917,0 days 00:00:00.611326,0.2,10,0.75,0.9,31,143,COMPLETE
7113,7113,19066.25,2023-11-15 11:24:00.027378,2023-11-15 11:24:00.624942,0 days 00:00:00.597564,0.2,10,0.75,0.9,4,140,COMPLETE
7114,7114,19292.25,2023-11-15 11:24:00.627374,2023-11-15 11:24:01.233861,0 days 00:00:00.606487,0.2,10,1.0,0.9,2,145,COMPLETE
7115,7115,18872.5,2023-11-15 11:24:01.236858,2023-11-15 11:24:01.859915,0 days 00:00:00.623057,0.6,10,1.25,0.9,6,150,COMPLETE
7116,7116,19261.0,2023-11-15 11:24:01.862209,2023-11-15 11:24:02.464888,0 days 00:00:00.602679,0.1,10,0.75,0.2,0,147,COMPLETE
7117,7117,18394.75,2023-11-15 11:24:02.467213,2023-11-15 11:24:03.068033,0 days 00:00:00.600820,0.2,20,0.75,0.9,4,143,COMPLETE
7118,7118,18682.25,2023-11-15 11:24:03.070608,2023-11-15 11:24:03.669817,0 days 00:00:00.599209,0.2,10,0.75,0.7000000000000001,2,139,COMPLETE
7119,7119,19136.75,2023-11-15 11:24:03.672343,2023-11-15 11:24:04.278742,0 days 00:00:00.606399,0.2,10,0.75,0.8,8,147,COMPLETE
7120,7120,19261.0,2023-11-15 11:24:04.281002,2023-11-15 11:24:04.896537,0 days 00:00:00.615535,0.1,10,1.0,0.9,0,143,COMPLETE
7121,7121,13990.5,2023-11-15 11:24:04.898949,2023-11-15 11:24:05.541634,0 days 00:00:00.642685,0.2,90,0.75,0.9,4,145,COMPLETE
7122,7122,18478.0,2023-11-15 11:24:05.543912,2023-11-15 11:24:06.168564,0 days 00:00:00.624652,0.2,10,0.75,0.9,2,78,COMPLETE
7123,7123,18981.75,2023-11-15 11:24:06.171515,2023-11-15 11:24:06.850408,0 days 00:00:00.678893,0.2,10,0.5,0.9,11,150,COMPLETE
7124,7124,0.0,2023-11-15 11:24:06.852978,2023-11-15 11:24:07.501143,0 days 00:00:00.648165,0.2,10,1.25,0.9,6,10,COMPLETE
7125,7125,19261.0,2023-11-15 11:24:07.504250,2023-11-15 11:24:08.268025,0 days 00:00:00.763775,0.1,10,0.75,0.5,0,141,COMPLETE
7126,7126,15879.25,2023-11-15 11:24:08.271772,2023-11-15 11:24:09.295518,0 days 00:00:01.023746,0.30000000000000004,60,0.75,0.9,2,147,COMPLETE
7127,7127,19023.75,2023-11-15 11:24:09.298218,2023-11-15 11:24:09.981974,0 days 00:00:00.683756,0.2,10,1.0,0.8,4,145,COMPLETE
7128,7128,18389.25,2023-11-15 11:24:09.984344,2023-11-15 11:24:10.695221,0 days 00:00:00.710877,0.2,20,0.75,0.1,0,136,COMPLETE
