,number,value,datetime_start,datetime_complete,duration,params_alpha,params_decay_interval,params_decay_rate,params_gamma,params_initialization,params_max_steps,state
9146,9146,18265.25,2023-11-15 14:25:08.475334,2023-11-15 14:25:09.639341,0 days 00:00:01.164007,0.8,10,1.25,0.9,7,98,COMPLETE
9147,9147,100.0,2023-11-15 14:25:09.642889,2023-11-15 14:25:11.409041,0 days 00:00:01.766152,0.8,10,1.0,0.8,0,95,COMPLETE
9148,9148,18491.25,2023-11-15 14:25:11.415525,2023-11-15 14:25:12.373742,0 days 00:00:00.958217,0.7000000000000001,10,1.25,0.8,13,99,COMPLETE
9149,9149,13456.5,2023-11-15 14:25:12.376727,2023-11-15 14:25:14.041744,0 days 00:00:01.665017,0.8,90,1.5,0.6,22,97,COMPLETE
9150,9150,18399.0,2023-11-15 14:25:14.044638,2023-11-15 14:25:14.918043,0 days 00:00:00.873405,0.8,10,1.25,0.7000000000000001,18,100,COMPLETE
9151,9151,18410.75,2023-11-15 14:25:14.922233,2023-11-15 14:25:15.891972,0 days 00:00:00.969739,0.8,10,1.25,0.8,20,94,COMPLETE
9152,9152,18218.0,2023-11-15 14:25:15.896109,2023-11-15 14:25:16.859159,0 days 00:00:00.963050,0.8,10,1.25,0.8,5,97,COMPLETE
9153,9153,18398.25,2023-11-15 14:25:16.862585,2023-11-15 14:25:17.722855,0 days 00:00:00.860270,0.8,10,1.25,0.8,9,100,COMPLETE
9154,9154,18395.0,2023-11-15 14:25:17.726159,2023-11-15 14:25:18.577084,0 days 00:00:00.850925,0.8,10,2.0,0.8,14,96,COMPLETE
9155,9155,18023.5,2023-11-15 14:25:18.579867,2023-11-15 14:25:19.407779,0 days 00:00:00.827912,0.8,10,1.25,0.8,16,98,COMPLETE
9156,9156,17841.75,2023-11-15 14:25:19.410496,2023-11-15 14:25:20.241835,0 days 00:00:00.831339,0.9,10,1.0,0.8,31,98,COMPLETE
9157,9157,17362.75,2023-11-15 14:25:20.244631,2023-11-15 14:25:21.114597,0 days 00:00:00.869966,0.8,10,1.25,0.9,3,58,COMPLETE
9158,9158,18399.0,2023-11-15 14:25:21.117495,2023-11-15 14:25:21.979520,0 days 00:00:00.862025,0.8,10,1.25,0.8,11,100,COMPLETE
9159,9159,16916.75,2023-11-15 14:25:21.983323,2023-11-15 14:25:22.881733,0 days 00:00:00.898410,0.7000000000000001,20,1.5,0.8,7,95,COMPLETE
9160,9160,17655.25,2023-11-15 14:25:22.884565,2023-11-15 14:25:23.679114,0 days 00:00:00.794549,0.8,10,1.25,0.8,18,91,COMPLETE
9161,9161,18023.5,2023-11-15 14:25:23.682777,2023-11-15 14:25:24.514306,0 days 00:00:00.831529,0.8,10,1.25,0.8,21,98,COMPLETE
9162,9162,16094.0,2023-11-15 14:25:24.517434,2023-11-15 14:25:25.368765,0 days 00:00:00.851331,0.8,10,1.25,0.8,13,41,COMPLETE
9163,9163,18399.0,2023-11-15 14:25:25.373326,2023-11-15 14:25:26.335159,0 days 00:00:00.961833,0.8,10,1.25,0.8,17,100,COMPLETE
9164,9164,18399.0,2023-11-15 14:25:26.338139,2023-11-15 14:25:27.257409,0 days 00:00:00.919270,0.8,10,1.0,0.9,15,96,COMPLETE
9165,9165,17833.0,2023-11-15 14:25:27.264569,2023-11-15 14:25:28.785226,0 days 00:00:01.520657,0.8,20,0.75,0.8,26,98,COMPLETE
9166,9166,18112.5,2023-11-15 14:25:28.790060,2023-11-15 14:25:29.794025,0 days 00:00:01.003965,0.7000000000000001,10,1.5,0.8,10,94,COMPLETE
9167,9167,17946.5,2023-11-15 14:25:29.797136,2023-11-15 14:25:30.835247,0 days 00:00:01.038111,0.9,10,1.25,0.7000000000000001,64,100,COMPLETE
9168,9168,18218.0,2023-11-15 14:25:30.837929,2023-11-15 14:25:31.902544,0 days 00:00:01.064615,0.8,10,1.25,0.8,5,97,COMPLETE
9169,9169,18681.25,2023-11-15 14:25:31.905270,2023-11-15 14:25:32.758547,0 days 00:00:00.853277,0.8,10,1.25,0.8,20,99,COMPLETE
9170,9170,12436.5,2023-11-15 14:25:32.761448,2023-11-15 14:25:33.908453,0 days 00:00:01.147005,0.6,100,1.25,0.8,3,96,COMPLETE
9171,9171,18493.5,2023-11-15 14:25:33.916345,2023-11-15 14:25:35.548933,0 days 00:00:01.632588,0.8,10,1.5,0.8,23,98,COMPLETE
9172,9172,14721.0,2023-11-15 14:25:35.552370,2023-11-15 14:25:36.934756,0 days 00:00:01.382386,0.8,60,1.25,0.2,17,100,COMPLETE
9173,9173,17652.0,2023-11-15 14:25:36.941232,2023-11-15 14:25:38.125595,0 days 00:00:01.184363,0.8,20,1.25,0.8,8,93,COMPLETE
9174,9174,18218.0,2023-11-15 14:25:38.128476,2023-11-15 14:25:39.210385,0 days 00:00:01.081909,0.8,10,1.25,0.8,12,97,COMPLETE
9175,9175,17835.75,2023-11-15 14:25:39.214200,2023-11-15 14:25:40.185701,0 days 00:00:00.971501,0.8,10,1.0,0.8,19,95,COMPLETE
9176,9176,18305.5,2023-11-15 14:25:40.188984,2023-11-15 14:25:41.067738,0 days 00:00:00.878754,0.8,10,1.75,0.9,15,99,COMPLETE
9177,9177,13776.0,2023-11-15 14:25:41.070724,2023-11-15 14:25:42.007719,0 days 00:00:00.936995,0.1,10,1.25,0.8,28,98,COMPLETE
9178,9178,18304.25,2023-11-15 14:25:42.011219,2023-11-15 14:25:43.038204,0 days 00:00:01.026985,0.8,10,1.5,0.7000000000000001,6,100,COMPLETE
9179,9179,18394.5,2023-11-15 14:25:43.042038,2023-11-15 14:25:44.227169,0 days 00:00:01.185131,0.8,10,1.25,0.8,1,96,COMPLETE
9180,9180,18022.0,2023-11-15 14:25:44.231923,2023-11-15 14:25:45.128239,0 days 00:00:00.896316,0.8,10,1.0,0.8,14,98,COMPLETE
9181,9181,17762.5,2023-11-15 14:25:45.131216,2023-11-15 14:25:45.920041,0 days 00:00:00.788825,0.9,10,1.25,0.1,17,100,COMPLETE
9182,9182,18024.0,2023-11-15 14:25:45.922792,2023-11-15 14:25:46.724557,0 days 00:00:00.801765,0.7000000000000001,10,1.25,0.8,11,96,COMPLETE
9183,9183,17830.75,2023-11-15 14:25:46.727241,2023-11-15 14:25:47.533010,0 days 00:00:00.805769,0.8,20,1.25,0.8,20,98,COMPLETE
9184,9184,18410.75,2023-11-15 14:25:47.535731,2023-11-15 14:25:48.412792,0 days 00:00:00.877061,0.8,10,1.25,0.8,23,94,COMPLETE
9185,9185,16659.75,2023-11-15 14:25:48.416683,2023-11-15 14:25:49.262255,0 days 00:00:00.845572,0.8,30,1.25,0.2,4,100,COMPLETE
9186,9186,18399.75,2023-11-15 14:25:49.265143,2023-11-15 14:25:50.061445,0 days 00:00:00.796302,0.8,10,1.5,0.8,9,97,COMPLETE
9187,9187,18265.25,2023-11-15 14:25:50.064555,2023-11-15 14:25:50.858913,0 days 00:00:00.794358,0.8,10,1.25,0.9,13,98,COMPLETE
9188,9188,18399.25,2023-11-15 14:25:50.861782,2023-11-15 14:25:51.751669,0 days 00:00:00.889887,0.8,10,2.5,0.8,16,100,COMPLETE
9189,9189,18432.0,2023-11-15 14:25:51.754493,2023-11-15 14:25:52.605826,0 days 00:00:00.851333,0.8,10,1.0,0.8,19,96,COMPLETE
9190,9190,18023.5,2023-11-15 14:25:52.609281,2023-11-15 14:25:53.443503,0 days 00:00:00.834222,0.8,10,1.25,0.8,7,98,COMPLETE
9191,9191,17835.5,2023-11-15 14:25:53.447184,2023-11-15 14:25:54.252985,0 days 00:00:00.805801,0.8,10,1.25,0.7000000000000001,21,95,COMPLETE
9192,9192,16245.0,2023-11-15 14:25:54.255827,2023-11-15 14:25:55.099932,0 days 00:00:00.844105,0.2,10,1.25,0.8,17,92,COMPLETE
9193,9193,18313.5,2023-11-15 14:25:55.102957,2023-11-15 14:25:55.897415,0 days 00:00:00.794458,0.7000000000000001,10,1.25,0.8,14,100,COMPLETE
9194,9194,199.5,2023-11-15 14:25:55.901372,2023-11-15 14:25:56.986021,0 days 00:00:01.084649,0.8,20,1.5,0.8,0,98,COMPLETE
9195,9195,18218.0,2023-11-15 14:25:56.993966,2023-11-15 14:25:58.129960,0 days 00:00:01.135994,0.8,10,1.25,0.8,10,97,COMPLETE
9196,9196,18308.0,2023-11-15 14:25:58.138375,2023-11-15 14:25:58.986284,0 days 00:00:00.847909,0.9,10,2.0,0.8,3,100,COMPLETE
9197,9197,17938.5,2023-11-15 14:25:58.989901,2023-11-15 14:25:59.815513,0 days 00:00:00.825612,0.8,10,1.0,0.8,18,94,COMPLETE
9198,9198,18301.75,2023-11-15 14:25:59.818332,2023-11-15 14:26:00.668931,0 days 00:00:00.850599,0.8,10,1.25,0.8,24,96,COMPLETE
9199,9199,14669.25,2023-11-15 14:26:00.671661,2023-11-15 14:26:01.499881,0 days 00:00:00.828220,0.8,70,1.25,0.8,6,98,COMPLETE
9200,9200,18218.0,2023-11-15 14:26:01.503113,2023-11-15 14:26:02.329364,0 days 00:00:00.826251,0.8,10,1.25,0.9,12,100,COMPLETE
9201,9201,17002.0,2023-11-15 14:26:02.332745,2023-11-15 14:26:03.172743,0 days 00:00:00.839998,0.8,40,1.5,0.8,16,98,COMPLETE
9202,9202,18301.75,2023-11-15 14:26:03.175458,2023-11-15 14:26:04.052347,0 days 00:00:00.876889,0.8,10,1.25,0.8,20,96,COMPLETE
9203,9203,18491.25,2023-11-15 14:26:04.055635,2023-11-15 14:26:04.934745,0 days 00:00:00.879110,0.7000000000000001,10,1.25,0.8,14,99,COMPLETE
9204,9204,18023.5,2023-11-15 14:26:04.937625,2023-11-15 14:26:05.788104,0 days 00:00:00.850479,0.8,10,1.25,0.8,8,98,COMPLETE
9205,9205,18400.0,2023-11-15 14:26:05.790830,2023-11-15 14:26:06.622591,0 days 00:00:00.831761,0.8,10,2.25,0.8,22,100,COMPLETE
9206,9206,18298.75,2023-11-15 14:26:06.625948,2023-11-15 14:26:07.462265,0 days 00:00:00.836317,0.9,10,1.75,0.7000000000000001,2,94,COMPLETE
9207,9207,18022.25,2023-11-15 14:26:07.465189,2023-11-15 14:26:08.350201,0 days 00:00:00.885012,0.8,10,1.25,0.6,5,96,COMPLETE
9208,9208,17782.5,2023-11-15 14:26:08.353654,2023-11-15 14:26:09.216945,0 days 00:00:00.863291,0.8,20,1.0,0.8,16,98,COMPLETE
9209,9209,18306.25,2023-11-15 14:26:09.219863,2023-11-15 14:26:10.519146,0 days 00:00:01.299283,0.8,10,1.25,0.9,36,100,COMPLETE
9210,9210,18399.75,2023-11-15 14:26:10.526758,2023-11-15 14:26:11.650739,0 days 00:00:01.123981,0.8,10,1.5,0.8,18,97,COMPLETE
9211,9211,18112.5,2023-11-15 14:26:11.655519,2023-11-15 14:26:13.342039,0 days 00:00:01.686520,0.8,10,1.25,0.8,12,95,COMPLETE
9212,9212,18681.25,2023-11-15 14:26:13.348616,2023-11-15 14:26:14.315864,0 days 00:00:00.967248,0.8,10,1.25,0.8,10,99,COMPLETE
9213,9213,18323.25,2023-11-15 14:26:14.318843,2023-11-15 14:26:15.183270,0 days 00:00:00.864427,0.8,10,1.0,0.8,19,97,COMPLETE
9214,9214,18013.5,2023-11-15 14:26:15.185926,2023-11-15 14:26:16.057949,0 days 00:00:00.872023,0.8,20,1.25,0.8,15,100,COMPLETE
9215,9215,18310.75,2023-11-15 14:26:16.061390,2023-11-15 14:26:17.207564,0 days 00:00:01.146174,0.8,10,1.25,0.8,25,92,COMPLETE
9216,9216,18265.25,2023-11-15 14:26:17.219747,2023-11-15 14:26:18.179967,0 days 00:00:00.960220,0.8,10,1.25,0.9,13,98,COMPLETE
9217,9217,16106.5,2023-11-15 14:26:18.183047,2023-11-15 14:26:18.995834,0 days 00:00:00.812787,0.8,50,1.5,0.7000000000000001,4,96,COMPLETE
9218,9218,18399.0,2023-11-15 14:26:18.999097,2023-11-15 14:26:19.805968,0 days 00:00:00.806871,0.8,10,1.25,0.5,7,100,COMPLETE
9219,9219,18211.25,2023-11-15 14:26:19.808838,2023-11-15 14:26:20.647536,0 days 00:00:00.838698,0.7000000000000001,10,1.25,0.8,22,98,COMPLETE
9220,9220,18394.5,2023-11-15 14:26:20.650254,2023-11-15 14:26:21.480838,0 days 00:00:00.830584,0.8,10,1.25,0.8,18,96,COMPLETE
9221,9221,18398.25,2023-11-15 14:26:21.483883,2023-11-15 14:26:22.297318,0 days 00:00:00.813435,0.8,10,1.25,0.8,9,100,COMPLETE
9222,9222,18036.5,2023-11-15 14:26:22.300123,2023-11-15 14:26:23.096814,0 days 00:00:00.796691,0.9,10,1.0,0.8,15,94,COMPLETE
9223,9223,18305.25,2023-11-15 14:26:23.099720,2023-11-15 14:26:23.908193,0 days 00:00:00.808473,0.8,10,1.5,0.8,2,98,COMPLETE
9224,9224,18023.5,2023-11-15 14:26:23.911070,2023-11-15 14:26:24.738467,0 days 00:00:00.827397,0.8,10,1.25,0.8,21,98,COMPLETE
9225,9225,18399.0,2023-11-15 14:26:24.741483,2023-11-15 14:26:25.549443,0 days 00:00:00.807960,0.8,10,1.25,0.8,17,100,COMPLETE
9226,9226,17177.5,2023-11-15 14:26:25.552422,2023-11-15 14:26:26.410783,0 days 00:00:00.858361,0.7000000000000001,20,1.25,0.8,11,95,COMPLETE
9227,9227,18401.5,2023-11-15 14:26:26.413498,2023-11-15 14:26:27.222603,0 days 00:00:00.809105,0.8,10,1.75,0.8,5,97,COMPLETE
9228,9228,18586.25,2023-11-15 14:26:27.225331,2023-11-15 14:26:28.185760,0 days 00:00:00.960429,0.8,10,1.25,0.9,19,99,COMPLETE
9229,9229,13755.0,2023-11-15 14:26:28.188909,2023-11-15 14:26:29.077736,0 days 00:00:00.888827,0.8,80,1.25,0.8,14,96,COMPLETE
9230,9230,17843.5,2023-11-15 14:26:29.080534,2023-11-15 14:26:29.884505,0 days 00:00:00.803971,0.8,10,1.5,0.7000000000000001,55,93,COMPLETE
9231,9231,18238.5,2023-11-15 14:26:29.887873,2023-11-15 14:26:30.691217,0 days 00:00:00.803344,0.8,10,1.0,0.8,16,100,COMPLETE
9232,9232,18039.25,2023-11-15 14:26:30.694090,2023-11-15 14:26:31.524126,0 days 00:00:00.830036,0.8,10,1.25,0.8,7,75,COMPLETE
9233,9233,18302.25,2023-11-15 14:26:31.526996,2023-11-15 14:26:32.331956,0 days 00:00:00.804960,0.9,10,1.25,0.8,20,98,COMPLETE
9234,9234,18218.0,2023-11-15 14:26:32.336254,2023-11-15 14:26:33.152236,0 days 00:00:00.815982,0.8,10,1.25,0.8,13,97,COMPLETE
9235,9235,18398.25,2023-11-15 14:26:33.155337,2023-11-15 14:26:33.980850,0 days 00:00:00.825513,0.8,10,1.25,0.8,9,100,COMPLETE
9236,9236,16830.0,2023-11-15 14:26:33.983944,2023-11-15 14:26:34.856646,0 days 00:00:00.872702,0.5,20,1.25,0.8,17,95,COMPLETE
9237,9237,18022.0,2023-11-15 14:26:34.859594,2023-11-15 14:26:35.676632,0 days 00:00:00.817038,0.8,10,1.0,0.8,15,98,COMPLETE
9238,9238,199.5,2023-11-15 14:26:35.679351,2023-11-15 14:26:36.760286,0 days 00:00:01.080935,0.30000000000000004,10,1.25,0.8,0,100,COMPLETE
9239,9239,18301.5,2023-11-15 14:26:36.763367,2023-11-15 14:26:37.774262,0 days 00:00:01.010895,0.8,10,1.5,0.8,3,96,COMPLETE
9240,9240,18039.75,2023-11-15 14:26:37.777001,2023-11-15 14:26:38.585816,0 days 00:00:00.808815,0.7000000000000001,10,0.5,0.9,12,98,COMPLETE
9241,9241,17758.0,2023-11-15 14:26:38.588844,2023-11-15 14:26:39.403557,0 days 00:00:00.814713,0.4,10,1.25,0.8,19,99,COMPLETE
9242,9242,18410.75,2023-11-15 14:26:39.406626,2023-11-15 14:26:40.236786,0 days 00:00:00.830160,0.8,10,1.25,0.8,23,94,COMPLETE
9243,9243,18218.0,2023-11-15 14:26:40.239958,2023-11-15 14:26:41.064589,0 days 00:00:00.824631,0.8,10,1.25,0.8,6,97,COMPLETE
9244,9244,18024.75,2023-11-15 14:26:41.067536,2023-11-15 14:26:41.911805,0 days 00:00:00.844269,0.8,10,1.25,0.8,10,79,COMPLETE
9245,9245,18013.5,2023-11-15 14:26:41.915772,2023-11-15 14:26:42.866081,0 days 00:00:00.950309,0.8,20,1.25,0.7000000000000001,17,100,COMPLETE
9246,9246,18236.5,2023-11-15 14:26:42.869147,2023-11-15 14:26:43.777615,0 days 00:00:00.908468,0.9,10,1.0,0.9,14,97,COMPLETE
9247,9247,18305.25,2023-11-15 14:26:43.780630,2023-11-15 14:26:44.598448,0 days 00:00:00.817818,0.8,10,1.5,0.8,21,98,COMPLETE
9248,9248,17837.25,2023-11-15 14:26:44.601168,2023-11-15 14:26:45.430402,0 days 00:00:00.829234,0.8,10,1.25,0.8,11,95,COMPLETE
9249,9249,18492.5,2023-11-15 14:26:45.433689,2023-11-15 14:26:46.240467,0 days 00:00:00.806778,0.8,10,1.25,0.8,4,100,COMPLETE
9250,9250,18022.0,2023-11-15 14:26:46.243233,2023-11-15 14:26:47.058428,0 days 00:00:00.815195,0.8,10,1.0,0.8,8,98,COMPLETE
9251,9251,18301.75,2023-11-15 14:26:47.061126,2023-11-15 14:26:47.866090,0 days 00:00:00.804964,0.8,10,1.25,0.8,19,96,COMPLETE
9252,9252,17838.5,2023-11-15 14:26:47.869751,2023-11-15 14:26:48.690010,0 days 00:00:00.820259,0.6,10,2.0,0.7000000000000001,25,93,COMPLETE
9253,9253,18305.75,2023-11-15 14:26:48.692783,2023-11-15 14:26:49.497371,0 days 00:00:00.804588,0.8,10,1.5,0.8,16,100,COMPLETE
9254,9254,18023.5,2023-11-15 14:26:49.500645,2023-11-15 14:26:50.302241,0 days 00:00:00.801596,0.8,10,1.25,0.8,2,98,COMPLETE
9255,9255,18394.5,2023-11-15 14:26:50.305019,2023-11-15 14:26:51.161263,0 days 00:00:00.856244,0.8,10,1.25,0.8,13,96,COMPLETE
9256,9256,17655.25,2023-11-15 14:26:51.164830,2023-11-15 14:26:51.986893,0 days 00:00:00.822063,0.8,10,1.25,0.8,22,91,COMPLETE
9257,9257,18681.25,2023-11-15 14:26:51.990819,2023-11-15 14:26:52.827207,0 days 00:00:00.836388,0.8,10,1.25,0.8,6,99,COMPLETE
9258,9258,14790.75,2023-11-15 14:26:52.830527,2023-11-15 14:26:53.630082,0 days 00:00:00.799555,0.7000000000000001,20,1.25,0.6,18,29,COMPLETE
9259,9259,18307.0,2023-11-15 14:26:53.633275,2023-11-15 14:26:54.445769,0 days 00:00:00.812494,0.9,10,1.25,0.9,16,100,COMPLETE
9260,9260,18399.75,2023-11-15 14:26:54.448655,2023-11-15 14:26:55.301719,0 days 00:00:00.853064,0.8,10,1.5,0.8,20,97,COMPLETE
9261,9261,17835.75,2023-11-15 14:26:55.304779,2023-11-15 14:26:56.123506,0 days 00:00:00.818727,0.8,10,1.0,0.8,29,95,COMPLETE
9262,9262,18219.25,2023-11-15 14:26:56.126323,2023-11-15 14:26:56.983337,0 days 00:00:00.857014,0.8,10,1.25,0.8,8,87,COMPLETE
9263,9263,18023.5,2023-11-15 14:26:56.987204,2023-11-15 14:26:57.938979,0 days 00:00:00.951775,0.8,10,1.25,0.8,11,98,COMPLETE
9264,9264,18013.5,2023-11-15 14:26:57.942034,2023-11-15 14:26:58.748979,0 days 00:00:00.806945,0.8,20,1.25,0.8,14,100,COMPLETE
9265,9265,18309.25,2023-11-15 14:26:58.752648,2023-11-15 14:26:59.562307,0 days 00:00:00.809659,0.8,10,2.0,0.8,18,97,COMPLETE
9266,9266,18400.0,2023-11-15 14:26:59.565399,2023-11-15 14:27:00.377033,0 days 00:00:00.811634,0.8,10,1.25,0.9,4,94,COMPLETE
9267,9267,18213.0,2023-11-15 14:27:00.380118,2023-11-15 14:27:01.212071,0 days 00:00:00.831953,0.8,10,1.25,0.7000000000000001,15,99,COMPLETE
9268,9268,18394.0,2023-11-15 14:27:01.215343,2023-11-15 14:27:02.022225,0 days 00:00:00.806882,0.8,10,2.25,0.8,1,96,COMPLETE
9269,9269,18118.25,2023-11-15 14:27:02.025289,2023-11-15 14:27:02.841113,0 days 00:00:00.815824,0.7000000000000001,10,1.0,0.8,21,98,COMPLETE
9270,9270,18122.0,2023-11-15 14:27:02.844158,2023-11-15 14:27:03.656652,0 days 00:00:00.812494,0.8,10,1.25,0.4,12,100,COMPLETE
9271,9271,18119.25,2023-11-15 14:27:03.659771,2023-11-15 14:27:04.532833,0 days 00:00:00.873062,0.9,10,1.75,0.8,9,98,COMPLETE
9272,9272,18394.5,2023-11-15 14:27:04.535595,2023-11-15 14:27:05.373776,0 days 00:00:00.838181,0.8,10,1.25,0.8,5,96,COMPLETE
9273,9273,18399.0,2023-11-15 14:27:05.376686,2023-11-15 14:27:06.176819,0 days 00:00:00.800133,0.8,10,1.25,0.8,17,100,COMPLETE
9274,9274,17002.0,2023-11-15 14:27:06.179985,2023-11-15 14:27:07.001644,0 days 00:00:00.821659,0.8,40,1.5,0.8,24,98,COMPLETE
9275,9275,16363.25,2023-11-15 14:27:07.004398,2023-11-15 14:27:07.814978,0 days 00:00:00.810580,0.8,20,1.25,0.8,19,53,COMPLETE
9276,9276,17858.75,2023-11-15 14:27:07.817908,2023-11-15 14:27:08.634672,0 days 00:00:00.816764,0.8,10,1.25,0.8,15,72,COMPLETE
9277,9277,18021.5,2023-11-15 14:27:08.638059,2023-11-15 14:27:09.445393,0 days 00:00:00.807334,0.7000000000000001,10,1.25,0.7000000000000001,7,94,COMPLETE
9278,9278,16457.75,2023-11-15 14:27:09.448713,2023-11-15 14:27:10.263872,0 days 00:00:00.815159,0.8,10,1.25,0.8,13,45,COMPLETE
9279,9279,18399.75,2023-11-15 14:27:10.267197,2023-11-15 14:27:11.110209,0 days 00:00:00.843012,0.8,10,1.5,0.9,22,97,COMPLETE
9280,9280,18399.0,2023-11-15 14:27:11.113484,2023-11-15 14:27:12.028757,0 days 00:00:00.915273,0.8,10,1.25,0.8,27,100,COMPLETE
9281,9281,18497.5,2023-11-15 14:27:12.033173,2023-11-15 14:27:12.934827,0 days 00:00:00.901654,0.8,10,1.0,0.8,11,96,COMPLETE
9282,9282,18209.5,2023-11-15 14:27:12.937654,2023-11-15 14:27:13.747760,0 days 00:00:00.810106,0.9,10,1.25,0.8,3,98,COMPLETE
9283,9283,18400.5,2023-11-15 14:27:13.751303,2023-11-15 14:27:14.584269,0 days 00:00:00.832966,0.8,10,1.5,0.8,17,100,COMPLETE
9284,9284,17830.75,2023-11-15 14:27:14.587146,2023-11-15 14:27:15.466131,0 days 00:00:00.878985,0.8,20,1.25,0.8,20,98,COMPLETE
9285,9285,18207.75,2023-11-15 14:27:15.468997,2023-11-15 14:27:16.289257,0 days 00:00:00.820260,0.8,10,1.25,0.8,15,93,COMPLETE
9286,9286,16830.75,2023-11-15 14:27:16.291963,2023-11-15 14:27:17.115616,0 days 00:00:00.823653,0.8,10,1.25,0.8,9,66,COMPLETE
9287,9287,17561.0,2023-11-15 14:27:17.118817,2023-11-15 14:27:17.958664,0 days 00:00:00.839847,0.8,10,1.0,0.8,6,95,COMPLETE
9288,9288,18681.25,2023-11-15 14:27:17.961418,2023-11-15 14:27:18.779216,0 days 00:00:00.817798,0.8,10,1.25,0.8,17,99,COMPLETE
9289,9289,18210.75,2023-11-15 14:27:18.782502,2023-11-15 14:27:19.580848,0 days 00:00:00.798346,0.8,10,1.25,0.7000000000000001,13,96,COMPLETE
9290,9290,18218.0,2023-11-15 14:27:19.583885,2023-11-15 14:27:20.405784,0 days 00:00:00.821899,0.8,10,1.25,0.9,19,100,COMPLETE
9291,9291,18399.0,2023-11-15 14:27:20.408483,2023-11-15 14:27:21.249936,0 days 00:00:00.841453,0.8,10,1.75,0.8,2,98,COMPLETE
9292,9292,18402.0,2023-11-15 14:27:21.253932,2023-11-15 14:27:22.074660,0 days 00:00:00.820728,0.8,10,1.5,0.5,5,97,COMPLETE
9293,9293,199.5,2023-11-15 14:27:22.077405,2023-11-15 14:27:23.140799,0 days 00:00:01.063394,0.8,10,1.25,0.8,0,100,COMPLETE
9294,9294,17837.25,2023-11-15 14:27:23.143827,2023-11-15 14:27:24.090961,0 days 00:00:00.947134,0.8,10,1.25,0.8,10,95,COMPLETE
9295,9295,17740.0,2023-11-15 14:27:24.093656,2023-11-15 14:27:24.934067,0 days 00:00:00.840411,0.7000000000000001,20,1.0,0.8,23,98,COMPLETE
9296,9296,18492.5,2023-11-15 14:27:24.937161,2023-11-15 14:27:25.759205,0 days 00:00:00.822044,0.8,10,1.25,0.8,15,100,COMPLETE
9297,9297,18030.5,2023-11-15 14:27:25.762158,2023-11-15 14:27:26.667953,0 days 00:00:00.905795,0.9,10,1.25,0.9,18,97,COMPLETE
9298,9298,18214.0,2023-11-15 14:27:26.670928,2023-11-15 14:27:27.646152,0 days 00:00:00.975224,0.7000000000000001,10,1.25,0.8,21,92,COMPLETE
9299,9299,18305.25,2023-11-15 14:27:27.649229,2023-11-15 14:27:28.466700,0 days 00:00:00.817471,0.8,10,1.5,0.8,8,98,COMPLETE
9300,9300,18497.5,2023-11-15 14:27:28.469892,2023-11-15 14:27:29.289578,0 days 00:00:00.819686,0.8,10,1.0,0.8,12,96,COMPLETE
9301,9301,18398.0,2023-11-15 14:27:29.293268,2023-11-15 14:27:30.097396,0 days 00:00:00.804128,0.8,10,2.0,0.8,16,100,COMPLETE
9302,9302,18307.0,2023-11-15 14:27:30.100638,2023-11-15 14:27:30.929862,0 days 00:00:00.829224,0.8,10,1.25,0.8,4,90,COMPLETE
9303,9303,17830.75,2023-11-15 14:27:30.933020,2023-11-15 14:27:31.750975,0 days 00:00:00.817955,0.8,20,1.25,0.8,14,98,COMPLETE
9304,9304,18267.25,2023-11-15 14:27:31.753761,2023-11-15 14:27:32.571285,0 days 00:00:00.817524,0.8,10,1.25,0.8,39,94,COMPLETE
9305,9305,18116.5,2023-11-15 14:27:32.574035,2023-11-15 14:27:33.392331,0 days 00:00:00.818296,0.8,10,1.25,0.7000000000000001,18,96,COMPLETE
9306,9306,18681.25,2023-11-15 14:27:33.395097,2023-11-15 14:27:34.205082,0 days 00:00:00.809985,0.8,10,1.25,0.8,20,99,COMPLETE
9307,9307,18492.5,2023-11-15 14:27:34.207757,2023-11-15 14:27:35.042059,0 days 00:00:00.834302,0.8,10,1.25,0.8,7,100,COMPLETE
9308,9308,18265.25,2023-11-15 14:27:35.044766,2023-11-15 14:27:35.860355,0 days 00:00:00.815589,0.8,10,1.25,0.9,11,98,COMPLETE
9309,9309,18395.25,2023-11-15 14:27:35.863342,2023-11-15 14:27:36.692722,0 days 00:00:00.829380,0.8,10,1.5,0.8,16,96,COMPLETE
9310,9310,18397.25,2023-11-15 14:27:36.695535,2023-11-15 14:27:37.508939,0 days 00:00:00.813404,0.9,10,1.25,0.8,13,94,COMPLETE
9311,9311,18033.25,2023-11-15 14:27:37.511676,2023-11-15 14:27:38.348380,0 days 00:00:00.836704,0.8,10,1.25,0.8,23,98,COMPLETE
9312,9312,18305.75,2023-11-15 14:27:38.351236,2023-11-15 14:27:39.157784,0 days 00:00:00.806548,0.8,10,1.5,0.8,19,100,COMPLETE
9313,9313,18307.0,2023-11-15 14:27:39.160559,2023-11-15 14:27:39.972348,0 days 00:00:00.811789,0.8,10,2.25,0.8,6,97,COMPLETE
9314,9314,18490.5,2023-11-15 14:27:39.975327,2023-11-15 14:27:40.826005,0 days 00:00:00.850678,0.8,10,1.0,0.7000000000000001,3,99,COMPLETE
