,number,value,datetime_start,datetime_complete,duration,params_alpha,params_decay_interval,params_decay_rate,params_gamma,params_initialization,params_max_steps,state
3592,3592,17772.75,2023-11-15 12:12:01.967343,2023-11-15 12:12:02.284459,0 days 00:00:00.317116,0.8,10,2.75,0.9,85,71,COMPLETE
3593,3593,17631.75,2023-11-15 12:12:02.285989,2023-11-15 12:12:02.603465,0 days 00:00:00.317476,0.8,20,3.0,0.9,23,65,COMPLETE
3594,3594,17189.0,2023-11-15 12:12:02.605183,2023-11-15 12:12:02.920899,0 days 00:00:00.315716,0.8,10,2.75,0.9,19,60,COMPLETE
3595,3595,17456.5,2023-11-15 12:12:02.922615,2023-11-15 12:12:03.240127,0 days 00:00:00.317512,0.7000000000000001,10,3.0,0.9,17,78,COMPLETE
3596,3596,17369.5,2023-11-15 12:12:03.241771,2023-11-15 12:12:03.558857,0 days 00:00:00.317086,0.8,10,3.0,0.9,21,73,COMPLETE
3597,3597,17547.25,2023-11-15 12:12:03.561044,2023-11-15 12:12:03.873072,0 days 00:00:00.312028,0.8,10,3.0,0.9,26,68,COMPLETE
3598,3598,18587.75,2023-11-15 12:12:03.874805,2023-11-15 12:12:04.182467,0 days 00:00:00.307662,0.9,10,3.0,0.9,13,75,COMPLETE
3599,3599,19260.75,2023-11-15 12:12:04.183999,2023-11-15 12:12:04.487579,0 days 00:00:00.303580,0.8,10,2.25,0.9,24,71,COMPLETE
3600,3600,17917.25,2023-11-15 12:12:04.489247,2023-11-15 12:12:04.804994,0 days 00:00:00.315747,0.8,10,2.5,0.9,21,67,COMPLETE
3601,3601,17185.25,2023-11-15 12:12:04.806632,2023-11-15 12:12:05.121613,0 days 00:00:00.314981,0.8,10,2.75,0.9,15,73,COMPLETE
3602,3602,17926.25,2023-11-15 12:12:05.123244,2023-11-15 12:12:05.439800,0 days 00:00:00.316556,0.8,10,3.0,0.9,18,80,COMPLETE
3603,3603,15630.5,2023-11-15 12:12:05.441443,2023-11-15 12:12:05.760257,0 days 00:00:00.318814,0.8,20,3.0,0.9,22,63,COMPLETE
3604,3604,17731.5,2023-11-15 12:12:05.762326,2023-11-15 12:12:06.072784,0 days 00:00:00.310458,0.8,10,2.75,0.9,19,70,COMPLETE
3605,3605,17190.75,2023-11-15 12:12:06.074306,2023-11-15 12:12:06.392367,0 days 00:00:00.318061,0.8,10,3.0,0.9,91,76,COMPLETE
3606,3606,17111.0,2023-11-15 12:12:06.394624,2023-11-15 12:12:06.718845,0 days 00:00:00.324221,0.8,10,3.0,0.9,16,84,COMPLETE
3607,3607,17115.5,2023-11-15 12:12:06.720547,2023-11-15 12:12:07.038090,0 days 00:00:00.317543,0.8,10,3.0,0.9,20,69,COMPLETE
3608,3608,17756.5,2023-11-15 12:12:07.039856,2023-11-15 12:12:07.355676,0 days 00:00:00.315820,0.8,10,3.0,0.6,28,73,COMPLETE
3609,3609,17654.5,2023-11-15 12:12:07.357678,2023-11-15 12:12:07.691788,0 days 00:00:00.334110,0.8,10,2.75,0.9,24,65,COMPLETE
3610,3610,18121.5,2023-11-15 12:12:07.694039,2023-11-15 12:12:08.005836,0 days 00:00:00.311797,0.8,10,3.0,0.9,17,77,COMPLETE
3611,3611,18316.5,2023-11-15 12:12:08.007482,2023-11-15 12:12:08.317311,0 days 00:00:00.309829,0.6,10,3.0,0.9,14,71,COMPLETE
3612,3612,17917.0,2023-11-15 12:12:08.319101,2023-11-15 12:12:08.639243,0 days 00:00:00.320142,0.8,10,3.0,0.9,22,67,COMPLETE
3613,3613,17640.25,2023-11-15 12:12:08.640897,2023-11-15 12:12:08.954126,0 days 00:00:00.313229,0.7000000000000001,10,2.75,0.9,19,74,COMPLETE
3614,3614,18392.25,2023-11-15 12:12:08.955680,2023-11-15 12:12:09.266006,0 days 00:00:00.310326,0.8,20,3.0,0.9,11,70,COMPLETE
3615,3615,18587.75,2023-11-15 12:12:09.267699,2023-11-15 12:12:09.580848,0 days 00:00:00.313149,0.9,10,2.75,0.9,26,75,COMPLETE
3616,3616,17549.75,2023-11-15 12:12:09.582529,2023-11-15 12:12:09.898410,0 days 00:00:00.315881,0.8,10,2.5,0.9,17,68,COMPLETE
3617,3617,18122.5,2023-11-15 12:12:09.900025,2023-11-15 12:12:10.212821,0 days 00:00:00.312796,0.8,10,3.0,0.9,23,72,COMPLETE
3618,3618,17014.0,2023-11-15 12:12:10.214473,2023-11-15 12:12:10.531323,0 days 00:00:00.316850,0.8,10,3.0,0.9,20,64,COMPLETE
3619,3619,17453.0,2023-11-15 12:12:10.532972,2023-11-15 12:12:10.851317,0 days 00:00:00.318345,0.8,10,3.0,0.9,15,78,COMPLETE
3620,3620,17825.5,2023-11-15 12:12:10.853009,2023-11-15 12:12:11.167943,0 days 00:00:00.314934,0.8,10,3.0,0.9,21,70,COMPLETE
3621,3621,17188.25,2023-11-15 12:12:11.169656,2023-11-15 12:12:11.486593,0 days 00:00:00.316937,0.8,10,2.75,0.9,18,73,COMPLETE
3622,3622,17485.5,2023-11-15 12:12:11.488255,2023-11-15 12:12:11.807329,0 days 00:00:00.319074,0.8,10,3.0,0.30000000000000004,24,81,COMPLETE
3623,3623,16620.5,2023-11-15 12:12:11.809011,2023-11-15 12:12:12.151722,0 days 00:00:00.342711,0.8,20,3.0,0.9,13,67,COMPLETE
3624,3624,16726.25,2023-11-15 12:12:12.153391,2023-11-15 12:12:12.474994,0 days 00:00:00.321603,0.8,10,3.0,0.9,16,61,COMPLETE
3625,3625,14266.25,2023-11-15 12:12:12.477159,2023-11-15 12:12:12.803205,0 days 00:00:00.326046,0.8,30,2.75,0.9,19,57,COMPLETE
3626,3626,16923.25,2023-11-15 12:12:12.804737,2023-11-15 12:12:13.128612,0 days 00:00:00.323875,0.8,10,3.0,0.9,22,76,COMPLETE
3627,3627,18973.5,2023-11-15 12:12:13.130207,2023-11-15 12:12:13.438729,0 days 00:00:00.308522,0.7000000000000001,10,3.0,0.9,25,71,COMPLETE
3628,3628,17654.5,2023-11-15 12:12:13.440534,2023-11-15 12:12:13.764216,0 days 00:00:00.323682,0.8,10,3.0,0.9,18,65,COMPLETE
3629,3629,17745.25,2023-11-15 12:12:13.765895,2023-11-15 12:12:14.082483,0 days 00:00:00.316588,0.9,10,2.75,0.9,21,68,COMPLETE
3630,3630,18682.0,2023-11-15 12:12:14.084016,2023-11-15 12:12:14.395937,0 days 00:00:00.311921,0.8,10,3.0,0.9,15,75,COMPLETE
3631,3631,18973.5,2023-11-15 12:12:14.397588,2023-11-15 12:12:14.707301,0 days 00:00:00.309713,0.7000000000000001,10,3.0,0.9,28,71,COMPLETE
3632,3632,16636.0,2023-11-15 12:12:14.709093,2023-11-15 12:12:15.032387,0 days 00:00:00.323294,0.8,20,3.0,0.9,19,73,COMPLETE
3633,3633,17730.75,2023-11-15 12:12:15.034079,2023-11-15 12:12:15.348235,0 days 00:00:00.314156,0.8,10,2.5,0.9,23,78,COMPLETE
3634,3634,17547.25,2023-11-15 12:12:15.349931,2023-11-15 12:12:15.657123,0 days 00:00:00.307192,0.8,10,3.0,0.9,17,68,COMPLETE
3635,3635,17654.5,2023-11-15 12:12:15.658885,2023-11-15 12:12:15.970871,0 days 00:00:00.311986,0.8,10,2.75,0.9,21,65,COMPLETE
3636,3636,17825.5,2023-11-15 12:12:15.972535,2023-11-15 12:12:16.289007,0 days 00:00:00.316472,0.8,10,3.0,0.9,10,70,COMPLETE
3637,3637,17733.0,2023-11-15 12:12:16.290674,2023-11-15 12:12:16.605882,0 days 00:00:00.315208,0.8,10,2.25,0.9,13,74,COMPLETE
3638,3638,18215.25,2023-11-15 12:12:16.607699,2023-11-15 12:12:16.941607,0 days 00:00:00.333908,0.8,10,2.75,0.9,26,72,COMPLETE
3639,3639,13204.5,2023-11-15 12:12:16.943697,2023-11-15 12:12:17.271180,0 days 00:00:00.327483,0.8,80,3.0,0.9,16,68,COMPLETE
3640,3640,16543.25,2023-11-15 12:12:17.272765,2023-11-15 12:12:17.596573,0 days 00:00:00.323808,0.8,10,3.0,0.9,20,63,COMPLETE
3641,3641,16923.25,2023-11-15 12:12:17.598552,2023-11-15 12:12:17.921604,0 days 00:00:00.323052,0.8,10,3.0,0.9,24,76,COMPLETE
3642,3642,17924.5,2023-11-15 12:12:17.923279,2023-11-15 12:12:18.240598,0 days 00:00:00.317319,0.9,10,3.0,0.9,18,80,COMPLETE
3643,3643,17825.5,2023-11-15 12:12:18.242384,2023-11-15 12:12:18.557907,0 days 00:00:00.315523,0.8,10,2.75,0.9,22,70,COMPLETE
3644,3644,17369.5,2023-11-15 12:12:18.559931,2023-11-15 12:12:18.883588,0 days 00:00:00.323657,0.8,10,3.0,0.9,57,73,COMPLETE
3645,3645,16091.25,2023-11-15 12:12:18.885121,2023-11-15 12:12:19.211367,0 days 00:00:00.326246,0.8,20,3.0,0.9,14,66,COMPLETE
3646,3646,17376.75,2023-11-15 12:12:19.213272,2023-11-15 12:12:19.538462,0 days 00:00:00.325190,0.8,10,2.5,0.9,17,76,COMPLETE
3647,3647,17115.5,2023-11-15 12:12:19.540152,2023-11-15 12:12:19.863207,0 days 00:00:00.323055,0.8,10,3.0,0.9,20,69,COMPLETE
3648,3648,18122.5,2023-11-15 12:12:19.864836,2023-11-15 12:12:20.176431,0 days 00:00:00.311595,0.8,10,3.0,0.9,23,72,COMPLETE
3649,3649,16719.5,2023-11-15 12:12:20.178543,2023-11-15 12:12:20.500492,0 days 00:00:00.321949,0.8,10,2.75,0.9,19,66,COMPLETE
3650,3650,15592.25,2023-11-15 12:12:20.502202,2023-11-15 12:12:20.837928,0 days 00:00:00.335726,0.8,40,3.0,0.9,16,74,COMPLETE
3651,3651,16720.25,2023-11-15 12:12:20.839583,2023-11-15 12:12:21.166655,0 days 00:00:00.327072,0.8,10,2.75,0.9,21,61,COMPLETE
3652,3652,17115.5,2023-11-15 12:12:21.168359,2023-11-15 12:12:21.490821,0 days 00:00:00.322462,0.8,10,3.0,0.9,27,69,COMPLETE
3653,3653,17555.25,2023-11-15 12:12:21.492695,2023-11-15 12:12:21.816730,0 days 00:00:00.324035,0.7000000000000001,10,3.0,0.9,13,79,COMPLETE
3654,3654,13746.5,2023-11-15 12:12:21.818386,2023-11-15 12:12:22.173497,0 days 00:00:00.355111,0.8,70,3.0,0.9,25,72,COMPLETE
3655,3655,16911.75,2023-11-15 12:12:22.175274,2023-11-15 12:12:22.505820,0 days 00:00:00.330546,0.9,10,2.75,0.9,18,76,COMPLETE
3656,3656,16719.5,2023-11-15 12:12:22.507569,2023-11-15 12:12:22.831783,0 days 00:00:00.324214,0.8,10,3.0,0.9,22,66,COMPLETE
3657,3657,18392.25,2023-11-15 12:12:22.833375,2023-11-15 12:12:23.149527,0 days 00:00:00.316152,0.8,20,3.0,0.9,15,70,COMPLETE
3658,3658,16210.5,2023-11-15 12:12:23.151184,2023-11-15 12:12:23.476925,0 days 00:00:00.325741,0.5,10,3.0,0.9,20,63,COMPLETE
3659,3659,18299.25,2023-11-15 12:12:23.479238,2023-11-15 12:12:23.794869,0 days 00:00:00.315631,0.8,10,2.75,0.9,12,53,COMPLETE
3660,3660,17920.75,2023-11-15 12:12:23.796555,2023-11-15 12:12:24.119368,0 days 00:00:00.322813,0.8,10,3.0,0.9,18,74,COMPLETE
3661,3661,17547.25,2023-11-15 12:12:24.121067,2023-11-15 12:12:24.446261,0 days 00:00:00.325194,0.8,10,3.0,0.9,23,68,COMPLETE
3662,3662,18122.5,2023-11-15 12:12:24.447986,2023-11-15 12:12:24.770721,0 days 00:00:00.322735,0.8,10,3.0,0.9,16,72,COMPLETE
3663,3663,17360.25,2023-11-15 12:12:24.772353,2023-11-15 12:12:25.097749,0 days 00:00:00.325396,0.8,10,3.0,0.9,53,78,COMPLETE
3664,3664,16296.25,2023-11-15 12:12:25.099449,2023-11-15 12:12:25.426929,0 days 00:00:00.327480,0.4,20,2.75,0.9,20,70,COMPLETE
3665,3665,18682.0,2023-11-15 12:12:25.428890,2023-11-15 12:12:25.746362,0 days 00:00:00.317472,0.8,10,2.5,0.9,25,75,COMPLETE
3666,3666,16719.5,2023-11-15 12:12:25.748109,2023-11-15 12:12:26.073764,0 days 00:00:00.325655,0.8,10,3.0,0.9,18,66,COMPLETE
3667,3667,18973.5,2023-11-15 12:12:26.075577,2023-11-15 12:12:26.390652,0 days 00:00:00.315075,0.7000000000000001,10,3.0,0.9,22,71,COMPLETE
3668,3668,17547.25,2023-11-15 12:12:26.392444,2023-11-15 12:12:26.719011,0 days 00:00:00.326567,0.8,10,2.75,0.9,15,68,COMPLETE
3669,3669,17739.5,2023-11-15 12:12:26.720600,2023-11-15 12:12:27.047779,0 days 00:00:00.327179,0.8,10,3.0,0.9,20,81,COMPLETE
3670,3670,17920.75,2023-11-15 12:12:27.049599,2023-11-15 12:12:27.371392,0 days 00:00:00.321793,0.8,10,3.0,0.9,18,74,COMPLETE
3671,3671,17194.5,2023-11-15 12:12:27.372986,2023-11-15 12:12:27.700882,0 days 00:00:00.327896,0.9,10,3.0,0.9,24,64,COMPLETE
3672,3672,15150.25,2023-11-15 12:12:27.702617,2023-11-15 12:12:28.038504,0 days 00:00:00.335887,0.8,60,2.75,0.9,28,72,COMPLETE
3673,3673,18121.5,2023-11-15 12:12:28.040862,2023-11-15 12:12:28.386868,0 days 00:00:00.346006,0.8,10,3.0,0.9,14,77,COMPLETE
3674,3674,17111.5,2023-11-15 12:12:28.388410,2023-11-15 12:12:28.711497,0 days 00:00:00.323087,0.7000000000000001,10,3.0,0.9,21,69,COMPLETE
3675,3675,17920.75,2023-11-15 12:12:28.713143,2023-11-15 12:12:29.032806,0 days 00:00:00.319663,0.8,10,3.0,0.9,16,74,COMPLETE
3676,3676,13446.0,2023-11-15 12:12:29.034430,2023-11-15 12:12:29.377598,0 days 00:00:00.343168,0.1,10,2.75,0.9,19,66,COMPLETE
3677,3677,15575.75,2023-11-15 12:12:29.379428,2023-11-15 12:12:29.713246,0 days 00:00:00.333818,0.8,20,3.0,0.9,11,59,COMPLETE
3678,3678,18297.75,2023-11-15 12:12:29.715017,2023-11-15 12:12:30.035121,0 days 00:00:00.320104,0.8,10,2.25,0.9,17,70,COMPLETE
3679,3679,18122.5,2023-11-15 12:12:30.036732,2023-11-15 12:12:30.359103,0 days 00:00:00.322371,0.8,10,3.0,0.9,23,72,COMPLETE
3680,3680,18026.0,2023-11-15 12:12:30.361546,2023-11-15 12:12:30.683384,0 days 00:00:00.321838,0.8,10,3.0,0.9,26,77,COMPLETE
3681,3681,14447.5,2023-11-15 12:12:30.684989,2023-11-15 12:12:31.018541,0 days 00:00:00.333552,0.8,50,3.0,0.5,21,62,COMPLETE
3682,3682,17917.25,2023-11-15 12:12:31.020126,2023-11-15 12:12:31.343407,0 days 00:00:00.323281,0.8,10,2.5,0.9,19,67,COMPLETE
3683,3683,18207.5,2023-11-15 12:12:31.345627,2023-11-15 12:12:31.670027,0 days 00:00:00.324400,0.8,10,2.75,0.9,16,102,COMPLETE
3684,3684,17643.5,2023-11-15 12:12:31.671968,2023-11-15 12:12:32.005218,0 days 00:00:00.333250,0.9,10,3.0,0.9,23,82,COMPLETE
3685,3685,18682.0,2023-11-15 12:12:32.006892,2023-11-15 12:12:32.323450,0 days 00:00:00.316558,0.8,10,3.0,0.9,13,75,COMPLETE
3686,3686,17115.5,2023-11-15 12:12:32.325214,2023-11-15 12:12:32.655857,0 days 00:00:00.330643,0.8,10,2.75,0.9,20,69,COMPLETE
3687,3687,17275.25,2023-11-15 12:12:32.657509,2023-11-15 12:12:32.985560,0 days 00:00:00.328051,0.8,20,3.0,0.9,17,72,COMPLETE
3688,3688,17840.25,2023-11-15 12:12:32.987152,2023-11-15 12:12:33.308528,0 days 00:00:00.321376,0.8,10,3.0,0.6,22,65,COMPLETE
3689,3689,17115.5,2023-11-15 12:12:33.310852,2023-11-15 12:12:33.642073,0 days 00:00:00.331221,0.8,10,3.0,0.9,14,69,COMPLETE
3690,3690,17456.25,2023-11-15 12:12:33.644442,2023-11-15 12:12:33.971107,0 days 00:00:00.326665,0.7000000000000001,10,2.75,0.9,25,78,COMPLETE
3691,3691,17369.5,2023-11-15 12:12:33.972756,2023-11-15 12:12:34.306411,0 days 00:00:00.333655,0.8,10,3.0,0.9,19,73,COMPLETE
3692,3692,19260.75,2023-11-15 12:12:34.308154,2023-11-15 12:12:34.639050,0 days 00:00:00.330896,0.8,10,3.0,0.9,17,71,COMPLETE
3693,3693,18682.0,2023-11-15 12:12:34.640823,2023-11-15 12:12:34.961683,0 days 00:00:00.320860,0.8,10,3.0,0.9,21,75,COMPLETE
3694,3694,17547.25,2023-11-15 12:12:34.963467,2023-11-15 12:12:35.288303,0 days 00:00:00.324836,0.8,10,2.75,0.9,15,68,COMPLETE
3695,3695,15630.5,2023-11-15 12:12:35.289949,2023-11-15 12:12:35.620501,0 days 00:00:00.330552,0.8,20,3.0,0.9,24,63,COMPLETE
3696,3696,18122.5,2023-11-15 12:12:35.622177,2023-11-15 12:12:35.947678,0 days 00:00:00.325501,0.8,10,3.0,0.9,19,72,COMPLETE
3697,3697,17455.75,2023-11-15 12:12:35.949393,2023-11-15 12:12:36.271743,0 days 00:00:00.322350,0.9,10,3.0,0.9,28,67,COMPLETE
3698,3698,16597.75,2023-11-15 12:12:36.273330,2023-11-15 12:12:36.606753,0 days 00:00:00.333423,0.2,10,2.75,0.9,22,76,COMPLETE
3699,3699,17825.5,2023-11-15 12:12:36.608596,2023-11-15 12:12:36.935283,0 days 00:00:00.326687,0.8,10,3.0,0.9,12,70,COMPLETE
3700,3700,17104.25,2023-11-15 12:12:36.936922,2023-11-15 12:12:37.274240,0 days 00:00:00.337318,0.8,10,3.0,0.9,17,84,COMPLETE
3701,3701,17370.5,2023-11-15 12:12:37.275856,2023-11-15 12:12:37.600374,0 days 00:00:00.324518,0.8,10,2.5,0.9,20,79,COMPLETE
3702,3702,17920.75,2023-11-15 12:12:37.602006,2023-11-15 12:12:37.922679,0 days 00:00:00.320673,0.8,10,3.0,0.9,25,74,COMPLETE
3703,3703,17654.5,2023-11-15 12:12:37.924438,2023-11-15 12:12:38.249043,0 days 00:00:00.324605,0.8,10,2.75,0.9,15,65,COMPLETE
3704,3704,17825.5,2023-11-15 12:12:38.250755,2023-11-15 12:12:38.570027,0 days 00:00:00.319272,0.8,10,3.0,0.9,18,70,COMPLETE
3705,3705,16636.0,2023-11-15 12:12:38.572037,2023-11-15 12:12:38.909045,0 days 00:00:00.337008,0.8,20,3.0,0.9,22,73,COMPLETE
3706,3706,17920.5,2023-11-15 12:12:38.911451,2023-11-15 12:12:39.231610,0 days 00:00:00.320159,0.7000000000000001,10,3.0,0.9,20,67,COMPLETE
3707,3707,17196.25,2023-11-15 12:12:39.233256,2023-11-15 12:12:39.564507,0 days 00:00:00.331251,0.8,10,2.75,0.9,24,76,COMPLETE
3708,3708,17825.5,2023-11-15 12:12:39.566228,2023-11-15 12:12:39.887235,0 days 00:00:00.321007,0.8,10,3.0,0.9,17,70,COMPLETE
3709,3709,16645.75,2023-11-15 12:12:39.888850,2023-11-15 12:12:40.220373,0 days 00:00:00.331523,0.9,10,3.0,0.9,14,73,COMPLETE
3710,3710,17014.0,2023-11-15 12:12:40.222251,2023-11-15 12:12:40.550824,0 days 00:00:00.328573,0.8,10,2.75,0.9,10,64,COMPLETE
3711,3711,17917.0,2023-11-15 12:12:40.552368,2023-11-15 12:12:40.888353,0 days 00:00:00.335985,0.8,10,3.0,0.9,22,67,COMPLETE
3712,3712,17369.25,2023-11-15 12:12:40.890021,2023-11-15 12:12:41.217673,0 days 00:00:00.327652,0.8,10,3.0,0.9,19,79,COMPLETE
3713,3713,16726.25,2023-11-15 12:12:41.219354,2023-11-15 12:12:41.551453,0 days 00:00:00.332099,0.8,10,3.0,0.9,27,61,COMPLETE
3714,3714,15678.75,2023-11-15 12:12:41.553197,2023-11-15 12:12:41.895952,0 days 00:00:00.342755,0.5,30,2.75,0.9,16,71,COMPLETE
3715,3715,16898.75,2023-11-15 12:12:41.897641,2023-11-15 12:12:42.224372,0 days 00:00:00.326731,0.8,20,2.5,0.9,21,76,COMPLETE
3716,3716,17547.25,2023-11-15 12:12:42.226167,2023-11-15 12:12:42.546509,0 days 00:00:00.320342,0.8,10,3.0,0.9,18,68,COMPLETE
3717,3717,17186.0,2023-11-15 12:12:42.548158,2023-11-15 12:12:42.873587,0 days 00:00:00.325429,0.8,10,3.0,0.9,23,73,COMPLETE
3718,3718,17825.5,2023-11-15 12:12:42.875320,2023-11-15 12:12:43.197062,0 days 00:00:00.321742,0.8,10,3.0,0.9,20,70,COMPLETE
3719,3719,17654.5,2023-11-15 12:12:43.198876,2023-11-15 12:12:43.523630,0 days 00:00:00.324754,0.8,10,2.75,0.9,26,65,COMPLETE
3720,3720,18682.0,2023-11-15 12:12:43.525322,2023-11-15 12:12:43.851391,0 days 00:00:00.326069,0.8,10,3.0,0.9,12,75,COMPLETE
3721,3721,18490.0,2023-11-15 12:12:43.852979,2023-11-15 12:12:44.175577,0 days 00:00:00.322598,0.7000000000000001,10,3.0,0.9,15,72,COMPLETE
3722,3722,17547.25,2023-11-15 12:12:44.178037,2023-11-15 12:12:44.505926,0 days 00:00:00.327889,0.8,10,3.0,0.9,18,68,COMPLETE
3723,3723,15931.25,2023-11-15 12:12:44.507623,2023-11-15 12:12:44.850211,0 days 00:00:00.342588,0.8,20,2.75,0.9,24,78,COMPLETE
3724,3724,19260.75,2023-11-15 12:12:44.851832,2023-11-15 12:12:45.169812,0 days 00:00:00.317980,0.8,10,3.0,0.9,21,71,COMPLETE
3725,3725,17920.75,2023-11-15 12:12:45.171473,2023-11-15 12:12:45.500168,0 days 00:00:00.328695,0.8,10,3.0,0.9,17,74,COMPLETE
3726,3726,17654.0,2023-11-15 12:12:45.501780,2023-11-15 12:12:45.829523,0 days 00:00:00.327743,0.9,10,2.25,0.9,14,68,COMPLETE
3727,3727,17014.0,2023-11-15 12:12:45.831143,2023-11-15 12:12:46.160302,0 days 00:00:00.329159,0.8,10,3.0,0.9,19,64,COMPLETE
3728,3728,18316.5,2023-11-15 12:12:46.162442,2023-11-15 12:12:46.482706,0 days 00:00:00.320264,0.6,10,2.75,0.9,23,71,COMPLETE
3729,3729,17842.25,2023-11-15 12:12:46.484308,2023-11-15 12:12:46.808780,0 days 00:00:00.324472,0.7000000000000001,10,3.0,0.9,44,77,COMPLETE
3730,3730,17739.5,2023-11-15 12:12:46.811123,2023-11-15 12:12:47.158699,0 days 00:00:00.347576,0.8,10,3.0,0.9,21,81,COMPLETE
3731,3731,15907.75,2023-11-15 12:12:47.160795,2023-11-15 12:12:47.487650,0 days 00:00:00.326855,0.8,10,2.5,0.9,17,37,COMPLETE
3732,3732,17917.0,2023-11-15 12:12:47.489188,2023-11-15 12:12:47.823452,0 days 00:00:00.334264,0.8,10,2.75,0.9,26,67,COMPLETE
3733,3733,17188.25,2023-11-15 12:12:47.825217,2023-11-15 12:12:48.159107,0 days 00:00:00.333890,0.8,20,3.0,0.9,19,74,COMPLETE
3734,3734,17825.5,2023-11-15 12:12:48.161496,2023-11-15 12:12:48.489790,0 days 00:00:00.328294,0.8,10,3.0,0.9,16,70,COMPLETE
3735,3735,12068.25,2023-11-15 12:12:48.491569,2023-11-15 12:12:48.829333,0 days 00:00:00.337764,0.8,90,3.0,0.9,22,61,COMPLETE
3736,3736,17369.5,2023-11-15 12:12:48.831014,2023-11-15 12:12:49.156844,0 days 00:00:00.325830,0.8,10,3.0,0.9,24,73,COMPLETE
3737,3737,16719.5,2023-11-15 12:12:49.158905,2023-11-15 12:12:49.491978,0 days 00:00:00.333073,0.8,10,2.75,0.9,12,66,COMPLETE
3738,3738,17096.0,2023-11-15 12:12:49.494195,2023-11-15 12:12:49.829594,0 days 00:00:00.335399,0.9,10,3.0,0.9,19,76,COMPLETE
3739,3739,17115.5,2023-11-15 12:12:49.831181,2023-11-15 12:12:50.155101,0 days 00:00:00.323920,0.8,10,3.0,0.9,15,69,COMPLETE
3740,3740,18122.5,2023-11-15 12:12:50.156875,2023-11-15 12:12:50.483256,0 days 00:00:00.326381,0.8,10,3.0,0.9,21,72,COMPLETE
3741,3741,17115.5,2023-11-15 12:12:50.484927,2023-11-15 12:12:50.813480,0 days 00:00:00.328553,0.8,10,2.75,0.9,17,69,COMPLETE
3742,3742,18115.75,2023-11-15 12:12:50.815284,2023-11-15 12:12:51.139779,0 days 00:00:00.324495,0.7000000000000001,10,3.0,0.9,28,65,COMPLETE
3743,3743,17360.25,2023-11-15 12:12:51.141452,2023-11-15 12:12:51.473020,0 days 00:00:00.331568,0.8,10,3.0,0.9,23,78,COMPLETE
3744,3744,17188.25,2023-11-15 12:12:51.474693,2023-11-15 12:12:51.816325,0 days 00:00:00.341632,0.8,20,3.0,0.9,20,74,COMPLETE
3745,3745,15933.25,2023-11-15 12:12:51.818009,2023-11-15 12:12:52.160205,0 days 00:00:00.342196,0.8,40,2.75,0.9,14,71,COMPLETE
3746,3746,16619.5,2023-11-15 12:12:52.162307,2023-11-15 12:12:52.492262,0 days 00:00:00.329955,0.8,10,3.0,0.9,10,57,COMPLETE
3747,3747,17547.25,2023-11-15 12:12:52.494691,2023-11-15 12:12:52.819509,0 days 00:00:00.324818,0.8,10,3.0,0.9,18,68,COMPLETE
3748,3748,16632.25,2023-11-15 12:12:52.821233,2023-11-15 12:12:53.154397,0 days 00:00:00.333164,0.8,10,2.75,0.9,25,63,COMPLETE
3749,3749,18587.75,2023-11-15 12:12:53.156172,2023-11-15 12:12:53.495514,0 days 00:00:00.339342,0.9,10,3.0,0.9,21,75,COMPLETE
3750,3750,17739.5,2023-11-15 12:12:53.497242,2023-11-15 12:12:53.826627,0 days 00:00:00.329385,0.8,10,2.5,0.9,16,81,COMPLETE
3751,3751,17495.0,2023-11-15 12:12:53.828663,2023-11-15 12:12:54.158120,0 days 00:00:00.329457,0.8,10,3.0,0.30000000000000004,19,72,COMPLETE
3752,3752,17917.0,2023-11-15 12:12:54.160092,2023-11-15 12:12:54.492688,0 days 00:00:00.332596,0.8,10,3.0,0.9,22,67,COMPLETE
3753,3753,17825.5,2023-11-15 12:12:54.494917,2023-11-15 12:12:54.821097,0 days 00:00:00.326180,0.8,10,3.0,0.9,13,70,COMPLETE
3754,3754,17378.25,2023-11-15 12:12:54.822807,2023-11-15 12:12:55.158081,0 days 00:00:00.335274,0.8,10,2.75,0.9,16,76,COMPLETE
3755,3755,14370.0,2023-11-15 12:12:55.160247,2023-11-15 12:12:55.508703,0 days 00:00:00.348456,0.2,20,0.25,0.9,24,74,COMPLETE
3756,3756,16719.5,2023-11-15 12:12:55.511070,2023-11-15 12:12:55.840364,0 days 00:00:00.329294,0.8,10,3.0,0.9,19,66,COMPLETE
3757,3757,19260.75,2023-11-15 12:12:55.842123,2023-11-15 12:12:56.162495,0 days 00:00:00.320372,0.8,10,3.0,0.9,21,71,COMPLETE
3758,3758,17111.5,2023-11-15 12:12:56.164358,2023-11-15 12:12:56.498542,0 days 00:00:00.334184,0.7000000000000001,10,3.0,0.9,26,69,COMPLETE
3759,3759,17938.75,2023-11-15 12:12:56.500217,2023-11-15 12:12:56.831765,0 days 00:00:00.331548,0.8,10,2.25,0.4,18,77,COMPLETE
3760,3760,16727.0,2023-11-15 12:12:56.833397,2023-11-15 12:12:57.159455,0 days 00:00:00.326058,0.8,10,2.75,0.5,14,62,COMPLETE
3761,3761,11213.75,2023-11-15 12:12:57.162003,2023-11-15 12:12:57.521422,0 days 00:00:00.359419,0.8,100,3.0,0.9,22,73,COMPLETE
3762,3762,16719.5,2023-11-15 12:12:57.523202,2023-11-15 12:12:57.860199,0 days 00:00:00.336997,0.8,10,3.0,0.9,17,66,COMPLETE
