,number,value,datetime_start,datetime_complete,duration,params_alpha,params_decay_interval,params_decay_rate,params_gamma,params_initialization,params_max_steps,state
3571,3571,14301.75,2023-11-15 10:54:30.156922,2023-11-15 10:54:30.539927,0 days 00:00:00.383005,0.7000000000000001,10,0.5,0.9,2,142,COMPLETE
3572,3572,19161.25,2023-11-15 10:54:30.541565,2023-11-15 10:54:30.857968,0 days 00:00:00.316403,0.2,10,1.0,0.9,3,138,COMPLETE
3573,3573,18735.75,2023-11-15 10:54:30.859747,2023-11-15 10:54:31.179792,0 days 00:00:00.320045,0.30000000000000004,10,0.75,0.9,37,145,COMPLETE
3574,3574,19067.5,2023-11-15 10:54:31.182216,2023-11-15 10:54:31.509073,0 days 00:00:00.326857,0.1,10,2.0,0.9,11,147,COMPLETE
3575,3575,18394.75,2023-11-15 10:54:31.511038,2023-11-15 10:54:31.844975,0 days 00:00:00.333937,0.2,20,0.75,0.9,8,143,COMPLETE
3576,3576,19271.0,2023-11-15 10:54:31.846781,2023-11-15 10:54:32.167860,0 days 00:00:00.321079,0.2,10,0.75,0.9,0,148,COMPLETE
3577,3577,19066.75,2023-11-15 10:54:32.169411,2023-11-15 10:54:32.490856,0 days 00:00:00.321445,0.1,10,0.75,0.9,5,140,COMPLETE
3578,3578,18981.75,2023-11-15 10:54:32.492506,2023-11-15 10:54:32.809908,0 days 00:00:00.317402,0.2,10,1.25,0.9,2,109,COMPLETE
3579,3579,19261.0,2023-11-15 10:54:32.811460,2023-11-15 10:54:33.137611,0 days 00:00:00.326151,0.2,10,0.25,0.6,0,150,COMPLETE
3580,3580,16368.0,2023-11-15 10:54:33.139305,2023-11-15 10:54:33.500929,0 days 00:00:00.361624,0.2,10,0.75,0.30000000000000004,3,145,COMPLETE
3581,3581,18394.75,2023-11-15 10:54:33.502693,2023-11-15 10:54:33.827177,0 days 00:00:00.324484,0.2,20,0.75,0.9,6,143,COMPLETE
3582,3582,19261.0,2023-11-15 10:54:33.828815,2023-11-15 10:54:34.148840,0 days 00:00:00.320025,0.1,10,0.75,0.8,2,147,COMPLETE
3583,3583,18774.75,2023-11-15 10:54:34.150549,2023-11-15 10:54:34.477495,0 days 00:00:00.326946,0.2,10,1.0,0.9,4,136,COMPLETE
3584,3584,19261.0,2023-11-15 10:54:34.479177,2023-11-15 10:54:34.796225,0 days 00:00:00.317048,0.2,10,0.5,0.9,0,140,COMPLETE
3585,3585,19261.0,2023-11-15 10:54:34.798621,2023-11-15 10:54:35.114409,0 days 00:00:00.315788,0.2,10,0.75,0.9,2,147,COMPLETE
3586,3586,12193.5,2023-11-15 10:54:35.116304,2023-11-15 10:54:35.489630,0 days 00:00:00.373326,0.30000000000000004,30,0.75,0.2,6,143,COMPLETE
3587,3587,19261.0,2023-11-15 10:54:35.491258,2023-11-15 10:54:35.817531,0 days 00:00:00.326273,0.1,10,0.75,0.9,0,150,COMPLETE
3588,3588,19359.75,2023-11-15 10:54:35.819241,2023-11-15 10:54:36.137623,0 days 00:00:00.318382,0.2,10,0.75,0.9,4,145,COMPLETE
3589,3589,19066.25,2023-11-15 10:54:36.139131,2023-11-15 10:54:36.459806,0 days 00:00:00.320675,0.2,10,0.75,0.8,2,141,COMPLETE
3590,3590,19163.5,2023-11-15 10:54:36.461310,2023-11-15 10:54:36.801553,0 days 00:00:00.340243,0.2,10,1.25,0.9,8,147,COMPLETE
3591,3591,19050.0,2023-11-15 10:54:36.803434,2023-11-15 10:54:37.128316,0 days 00:00:00.324882,0.1,10,1.0,0.9,4,143,COMPLETE
3592,3592,19064.75,2023-11-15 10:54:37.129847,2023-11-15 10:54:37.454895,0 days 00:00:00.325048,0.2,10,0.75,0.9,0,139,COMPLETE
3593,3593,18393.5,2023-11-15 10:54:37.456605,2023-11-15 10:54:37.780123,0 days 00:00:00.323518,0.2,20,0.75,0.9,2,150,COMPLETE
3594,3594,18982.25,2023-11-15 10:54:37.782369,2023-11-15 10:54:38.106660,0 days 00:00:00.324291,0.2,10,0.75,0.9,6,134,COMPLETE
3595,3595,19359.75,2023-11-15 10:54:38.108421,2023-11-15 10:54:38.422448,0 days 00:00:00.314027,0.1,10,1.0,0.6,0,145,COMPLETE
3596,3596,15554.25,2023-11-15 10:54:38.424037,2023-11-15 10:54:38.765297,0 days 00:00:00.341260,0.2,10,0.5,0.4,3,115,COMPLETE
3597,3597,19261.0,2023-11-15 10:54:38.766799,2023-11-15 10:54:39.083172,0 days 00:00:00.316373,0.2,10,0.75,0.9,2,147,COMPLETE
3598,3598,19017.5,2023-11-15 10:54:39.084824,2023-11-15 10:54:39.403163,0 days 00:00:00.318339,0.30000000000000004,10,0.75,0.9,4,142,COMPLETE
3599,3599,19065.0,2023-11-15 10:54:39.404886,2023-11-15 10:54:39.722438,0 days 00:00:00.317552,0.2,10,0.75,0.7000000000000001,0,138,COMPLETE
3600,3600,19136.75,2023-11-15 10:54:39.724047,2023-11-15 10:54:40.063749,0 days 00:00:00.339702,0.2,10,0.75,0.8,9,147,COMPLETE
3601,3601,7672.25,2023-11-15 10:54:40.065444,2023-11-15 10:54:40.490033,0 days 00:00:00.424589,0.1,10,1.25,0.5,2,144,COMPLETE
3602,3602,18627.0,2023-11-15 10:54:40.491732,2023-11-15 10:54:40.825535,0 days 00:00:00.333803,0.2,10,0.75,0.9,15,150,COMPLETE
3603,3603,19066.25,2023-11-15 10:54:40.827192,2023-11-15 10:54:41.155491,0 days 00:00:00.328299,0.2,10,1.0,0.9,6,141,COMPLETE
3604,3604,15302.5,2023-11-15 10:54:41.157262,2023-11-15 10:54:41.500762,0 days 00:00:00.343500,0.2,70,0.5,0.9,0,145,COMPLETE
3605,3605,19165.5,2023-11-15 10:54:41.502273,2023-11-15 10:54:41.834124,0 days 00:00:00.331851,0.1,10,0.25,0.9,4,148,COMPLETE
3606,3606,15513.0,2023-11-15 10:54:41.836184,2023-11-15 10:54:42.177361,0 days 00:00:00.341177,0.30000000000000004,60,0.75,0.9,2,143,COMPLETE
3607,3607,14665.75,2023-11-15 10:54:42.179001,2023-11-15 10:54:42.583168,0 days 00:00:00.404167,0.2,20,0.75,0.9,94,147,COMPLETE
3608,3608,18969.25,2023-11-15 10:54:42.584792,2023-11-15 10:54:42.905263,0 days 00:00:00.320471,0.2,10,0.75,0.9,0,138,COMPLETE
3609,3609,19132.0,2023-11-15 10:54:42.907103,2023-11-15 10:54:43.227495,0 days 00:00:00.320392,0.2,10,1.0,0.9,5,150,COMPLETE
3610,3610,0.0,2023-11-15 10:54:43.229054,2023-11-15 10:54:43.573978,0 days 00:00:00.344924,0.1,10,0.75,0.9,2,18,COMPLETE
3611,3611,18974.5,2023-11-15 10:54:43.575736,2023-11-15 10:54:43.906594,0 days 00:00:00.330858,0.2,10,0.75,0.8,7,145,COMPLETE
3612,3612,19093.75,2023-11-15 10:54:43.908682,2023-11-15 10:54:44.237221,0 days 00:00:00.328539,0.2,10,0.75,0.9,4,142,COMPLETE
3613,3613,19261.0,2023-11-15 10:54:44.239101,2023-11-15 10:54:44.563699,0 days 00:00:00.324598,0.2,10,1.75,0.9,0,147,COMPLETE
3614,3614,19166.0,2023-11-15 10:54:44.565682,2023-11-15 10:54:44.887995,0 days 00:00:00.322313,0.2,10,1.25,0.9,2,140,COMPLETE
3615,3615,18791.75,2023-11-15 10:54:44.889651,2023-11-15 10:54:45.212405,0 days 00:00:00.322754,0.2,10,0.75,0.9,4,144,COMPLETE
3616,3616,19359.75,2023-11-15 10:54:45.214357,2023-11-15 10:54:45.542384,0 days 00:00:00.328027,0.1,10,0.75,0.8,0,148,COMPLETE
3617,3617,16154.75,2023-11-15 10:54:45.543948,2023-11-15 10:54:45.900944,0 days 00:00:00.356996,0.8,20,0.75,0.9,2,145,COMPLETE
3618,3618,0.0,2023-11-15 10:54:45.902588,2023-11-15 10:54:46.329087,0 days 00:00:00.426499,0.2,10,1.0,0.9,6,60,COMPLETE
3619,3619,19066.25,2023-11-15 10:54:46.331242,2023-11-15 10:54:46.660712,0 days 00:00:00.329470,0.1,10,0.75,0.9,10,141,COMPLETE
3620,3620,19082.5,2023-11-15 10:54:46.668845,2023-11-15 10:54:46.997342,0 days 00:00:00.328497,0.2,10,0.75,0.9,2,150,COMPLETE
3621,3621,19065.75,2023-11-15 10:54:46.999378,2023-11-15 10:54:47.320309,0 days 00:00:00.320931,0.2,10,0.75,0.9,0,136,COMPLETE
3622,3622,18984.0,2023-11-15 10:54:47.321872,2023-11-15 10:54:47.651971,0 days 00:00:00.330099,0.30000000000000004,10,0.75,0.9,4,145,COMPLETE
3623,3623,16418.0,2023-11-15 10:54:47.653641,2023-11-15 10:54:48.003278,0 days 00:00:00.349637,0.2,10,0.75,0.7000000000000001,8,143,COMPLETE
3624,3624,18536.25,2023-11-15 10:54:48.004838,2023-11-15 10:54:48.335297,0 days 00:00:00.330459,0.1,20,0.5,0.9,2,147,COMPLETE
3625,3625,19261.0,2023-11-15 10:54:48.336927,2023-11-15 10:54:48.664685,0 days 00:00:00.327758,0.2,10,1.0,0.9,0,140,COMPLETE
3626,3626,18957.5,2023-11-15 10:54:48.666408,2023-11-15 10:54:49.002959,0 days 00:00:00.336551,0.2,10,0.25,0.9,4,150,COMPLETE
3627,3627,13928.25,2023-11-15 10:54:49.004584,2023-11-15 10:54:49.373410,0 days 00:00:00.368826,0.2,10,1.25,0.5,6,145,COMPLETE
3628,3628,17488.5,2023-11-15 10:54:49.375040,2023-11-15 10:54:49.720113,0 days 00:00:00.345073,0.4,10,0.5,0.8,2,138,COMPLETE
3629,3629,19163.25,2023-11-15 10:54:49.721685,2023-11-15 10:54:50.043642,0 days 00:00:00.321957,0.2,10,0.75,0.9,0,130,COMPLETE
3630,3630,18355.0,2023-11-15 10:54:50.045325,2023-11-15 10:54:50.390612,0 days 00:00:00.345287,0.2,10,0.75,0.6,3,142,COMPLETE
3631,3631,19261.0,2023-11-15 10:54:50.392748,2023-11-15 10:54:50.716558,0 days 00:00:00.323810,0.1,10,1.5,0.9,5,147,COMPLETE
3632,3632,18992.75,2023-11-15 10:54:50.718469,2023-11-15 10:54:51.051267,0 days 00:00:00.332798,0.2,10,0.75,0.9,2,143,COMPLETE
3633,3633,19172.25,2023-11-15 10:54:51.052975,2023-11-15 10:54:51.372075,0 days 00:00:00.319100,0.2,10,1.0,0.9,0,147,COMPLETE
3634,3634,18686.75,2023-11-15 10:54:51.373582,2023-11-15 10:54:51.714225,0 days 00:00:00.340643,0.2,10,0.75,0.9,12,150,COMPLETE
3635,3635,19064.25,2023-11-15 10:54:51.716336,2023-11-15 10:54:52.040842,0 days 00:00:00.324506,0.30000000000000004,10,0.75,0.9,4,135,COMPLETE
3636,3636,19166.0,2023-11-15 10:54:52.042531,2023-11-15 10:54:52.368731,0 days 00:00:00.326200,0.1,10,1.25,0.9,2,140,COMPLETE
3637,3637,18398.5,2023-11-15 10:54:52.370326,2023-11-15 10:54:52.697321,0 days 00:00:00.326995,0.2,20,0.75,0.9,7,145,COMPLETE
3638,3638,19261.0,2023-11-15 10:54:52.699761,2023-11-15 10:54:53.021783,0 days 00:00:00.322022,0.2,10,0.75,0.9,0,147,COMPLETE
3639,3639,16905.75,2023-11-15 10:54:53.023310,2023-11-15 10:54:53.369939,0 days 00:00:00.346629,0.2,10,0.75,0.5,3,143,COMPLETE
3640,3640,12903.75,2023-11-15 10:54:53.371488,2023-11-15 10:54:53.779491,0 days 00:00:00.408003,0.1,10,0.75,0.8,65,147,COMPLETE
3641,3641,15926.25,2023-11-15 10:54:53.781926,2023-11-15 10:54:54.128812,0 days 00:00:00.346886,0.2,10,1.0,0.4,5,141,COMPLETE
3642,3642,19261.0,2023-11-15 10:54:54.130705,2023-11-15 10:54:54.457714,0 days 00:00:00.327009,0.30000000000000004,10,0.5,0.9,0,150,COMPLETE
3643,3643,14397.25,2023-11-15 10:54:54.459399,2023-11-15 10:54:54.822443,0 days 00:00:00.363044,0.2,20,0.75,0.30000000000000004,2,144,COMPLETE
3644,3644,18985.25,2023-11-15 10:54:54.824164,2023-11-15 10:54:55.156650,0 days 00:00:00.332486,0.2,10,0.75,0.9,8,138,COMPLETE
3645,3645,19350.75,2023-11-15 10:54:55.158367,2023-11-15 10:54:55.492377,0 days 00:00:00.334010,0.1,10,0.75,0.9,4,145,COMPLETE
3646,3646,19271.0,2023-11-15 10:54:55.493904,2023-11-15 10:54:55.825830,0 days 00:00:00.331926,0.2,10,0.75,0.9,0,148,COMPLETE
3647,3647,16291.25,2023-11-15 10:54:55.827406,2023-11-15 10:54:56.174847,0 days 00:00:00.347441,0.2,50,1.0,0.9,2,142,COMPLETE
3648,3648,19261.0,2023-11-15 10:54:56.176422,2023-11-15 10:54:56.504460,0 days 00:00:00.328038,0.2,10,0.75,0.9,5,147,COMPLETE
3649,3649,19161.25,2023-11-15 10:54:56.506113,2023-11-15 10:54:56.831338,0 days 00:00:00.325225,0.1,10,1.25,0.9,2,139,COMPLETE
3650,3650,12551.25,2023-11-15 10:54:56.833030,2023-11-15 10:54:57.161593,0 days 00:00:00.328563,0.2,80,0.75,0.7000000000000001,0,25,COMPLETE
3651,3651,18741.5,2023-11-15 10:54:57.170268,2023-11-15 10:54:57.528464,0 days 00:00:00.358196,0.2,10,0.25,0.9,6,144,COMPLETE
3652,3652,19201.25,2023-11-15 10:54:57.530370,2023-11-15 10:54:57.859756,0 days 00:00:00.329386,0.2,10,0.75,0.9,3,148,COMPLETE
3653,3653,19068.5,2023-11-15 10:54:57.861494,2023-11-15 10:54:58.192597,0 days 00:00:00.331103,0.2,10,0.75,0.8,0,119,COMPLETE
3654,3654,18393.5,2023-11-15 10:54:58.194145,2023-11-15 10:54:58.530675,0 days 00:00:00.336530,0.1,20,0.5,0.9,2,150,COMPLETE
3655,3655,13044.25,2023-11-15 10:54:58.532919,2023-11-15 10:54:58.904695,0 days 00:00:00.371776,0.2,100,1.0,0.9,4,142,COMPLETE
3656,3656,19262.25,2023-11-15 10:54:58.906301,2023-11-15 10:54:59.234578,0 days 00:00:00.328277,0.2,10,0.75,0.9,7,145,COMPLETE
3657,3657,19161.25,2023-11-15 10:54:59.236444,2023-11-15 10:54:59.562895,0 days 00:00:00.326451,0.2,10,0.75,0.8,0,136,COMPLETE
3658,3658,18969.25,2023-11-15 10:54:59.565282,2023-11-15 10:54:59.892606,0 days 00:00:00.327324,0.1,10,1.25,0.9,2,141,COMPLETE
3659,3659,13108.25,2023-11-15 10:54:59.894283,2023-11-15 10:55:00.278311,0 days 00:00:00.384028,0.2,10,0.75,0.9,97,145,COMPLETE
3660,3660,17564.0,2023-11-15 10:55:00.280143,2023-11-15 10:55:00.663974,0 days 00:00:00.383831,0.4,10,0.75,0.9,10,125,COMPLETE
3661,3661,12177.0,2023-11-15 10:55:00.666177,2023-11-15 10:55:01.076277,0 days 00:00:00.410100,0.30000000000000004,10,1.0,0.6,4,150,COMPLETE
3662,3662,17073.25,2023-11-15 10:55:01.077869,2023-11-15 10:55:01.423662,0 days 00:00:00.345793,0.2,40,0.75,0.9,2,147,COMPLETE
3663,3663,19261.0,2023-11-15 10:55:01.425150,2023-11-15 10:55:01.764271,0 days 00:00:00.339121,0.2,10,0.75,0.9,0,143,COMPLETE
3664,3664,18818.25,2023-11-15 10:55:01.766185,2023-11-15 10:55:02.100175,0 days 00:00:00.333990,0.1,10,0.75,0.9,5,139,COMPLETE
3665,3665,19313.25,2023-11-15 10:55:02.101875,2023-11-15 10:55:02.434438,0 days 00:00:00.332563,0.2,10,0.75,0.9,3,145,COMPLETE
3666,3666,19359.75,2023-11-15 10:55:02.436111,2023-11-15 10:55:02.763221,0 days 00:00:00.327110,0.2,10,0.5,0.8,0,148,COMPLETE
3667,3667,19066.25,2023-11-15 10:55:02.765170,2023-11-15 10:55:03.096504,0 days 00:00:00.331334,0.2,10,0.75,0.9,6,141,COMPLETE
3668,3668,18976.5,2023-11-15 10:55:03.098537,2023-11-15 10:55:03.427960,0 days 00:00:00.329423,0.30000000000000004,10,1.25,0.9,2,134,COMPLETE
3669,3669,19359.75,2023-11-15 10:55:03.429625,2023-11-15 10:55:03.758813,0 days 00:00:00.329188,0.2,10,0.75,0.9,4,145,COMPLETE
3670,3670,18214.75,2023-11-15 10:55:03.760613,2023-11-15 10:55:04.093598,0 days 00:00:00.332985,0.1,20,0.75,0.9,8,150,COMPLETE
3671,3671,18820.25,2023-11-15 10:55:04.095170,2023-11-15 10:55:04.446227,0 days 00:00:00.351057,0.2,10,1.0,0.7000000000000001,0,33,COMPLETE
3672,3672,18992.75,2023-11-15 10:55:04.448276,2023-11-15 10:55:04.785002,0 days 00:00:00.336726,0.2,10,0.75,0.9,2,143,COMPLETE
3673,3673,16886.25,2023-11-15 10:55:04.786699,2023-11-15 10:55:05.130148,0 days 00:00:00.343449,0.2,10,0.75,0.9,2,55,COMPLETE
3674,3674,4793.5,2023-11-15 10:55:05.132387,2023-11-15 10:55:05.615787,0 days 00:00:00.483400,0.2,10,1.0,0.4,6,147,COMPLETE
3675,3675,19161.25,2023-11-15 10:55:05.617360,2023-11-15 10:55:05.941220,0 days 00:00:00.323860,0.1,10,0.75,0.2,0,138,COMPLETE
3676,3676,18394.75,2023-11-15 10:55:05.942782,2023-11-15 10:55:06.286449,0 days 00:00:00.343667,0.2,20,0.75,0.9,4,141,COMPLETE
3677,3677,18926.25,2023-11-15 10:55:06.287974,2023-11-15 10:55:06.628810,0 days 00:00:00.340836,0.2,10,0.5,0.9,2,147,COMPLETE
3678,3678,13862.0,2023-11-15 10:55:06.631006,2023-11-15 10:55:07.073408,0 days 00:00:00.442402,0.9,10,0.25,0.9,0,144,COMPLETE
3679,3679,18680.5,2023-11-15 10:55:07.075033,2023-11-15 10:55:07.412790,0 days 00:00:00.337757,0.1,10,0.75,0.8,4,150,COMPLETE
3680,3680,18972.25,2023-11-15 10:55:07.415102,2023-11-15 10:55:07.774152,0 days 00:00:00.359050,0.2,10,1.25,0.9,8,145,COMPLETE
3681,3681,18973.0,2023-11-15 10:55:07.775809,2023-11-15 10:55:08.106520,0 days 00:00:00.330711,0.2,10,0.75,0.9,3,141,COMPLETE
3682,3682,19261.0,2023-11-15 10:55:08.108095,2023-11-15 10:55:08.436241,0 days 00:00:00.328146,0.2,10,0.75,0.9,0,147,COMPLETE
3683,3683,18985.25,2023-11-15 10:55:08.437869,2023-11-15 10:55:08.778781,0 days 00:00:00.340912,0.30000000000000004,10,0.75,0.9,6,138,COMPLETE
3684,3684,19050.0,2023-11-15 10:55:08.780632,2023-11-15 10:55:09.112293,0 days 00:00:00.331661,0.1,10,1.0,0.9,2,143,COMPLETE
3685,3685,19261.0,2023-11-15 10:55:09.114178,2023-11-15 10:55:09.442364,0 days 00:00:00.328186,0.2,10,0.75,0.9,4,147,COMPLETE
3686,3686,18364.0,2023-11-15 10:55:09.443910,2023-11-15 10:55:09.803537,0 days 00:00:00.359627,0.6,10,0.75,0.8,0,150,COMPLETE
3687,3687,13563.0,2023-11-15 10:55:09.805195,2023-11-15 10:55:10.173100,0 days 00:00:00.367905,0.2,90,1.0,0.9,2,143,COMPLETE
3688,3688,17202.25,2023-11-15 10:55:10.174687,2023-11-15 10:55:10.514857,0 days 00:00:00.340170,0.2,30,0.5,0.5,10,145,COMPLETE
3689,3689,17190.0,2023-11-15 10:55:10.516797,2023-11-15 10:55:10.846291,0 days 00:00:00.329494,0.2,20,0.75,0.9,6,40,COMPLETE
3690,3690,19261.0,2023-11-15 10:55:10.853654,2023-11-15 10:55:11.201958,0 days 00:00:00.348304,0.1,10,0.75,0.9,2,140,COMPLETE
3691,3691,19261.0,2023-11-15 10:55:11.203535,2023-11-15 10:55:11.533902,0 days 00:00:00.330367,0.2,10,0.75,0.9,0,147,COMPLETE
3692,3692,17386.75,2023-11-15 10:55:11.535673,2023-11-15 10:55:11.894164,0 days 00:00:00.358491,0.2,10,0.75,0.6,4,150,COMPLETE
3693,3693,18989.75,2023-11-15 10:55:11.896077,2023-11-15 10:55:12.233552,0 days 00:00:00.337475,0.4,10,0.75,0.9,2,143,COMPLETE
3694,3694,15512.25,2023-11-15 10:55:12.235064,2023-11-15 10:55:12.596621,0 days 00:00:00.361557,0.1,60,1.25,0.9,0,136,COMPLETE
3695,3695,18897.75,2023-11-15 10:55:12.598603,2023-11-15 10:55:12.935891,0 days 00:00:00.337288,0.2,10,0.75,0.8,4,145,COMPLETE
3696,3696,11114.75,2023-11-15 10:55:12.937991,2023-11-15 10:55:13.335835,0 days 00:00:00.397844,0.2,10,1.5,0.5,50,140,COMPLETE
3697,3697,18518.25,2023-11-15 10:55:13.337735,2023-11-15 10:55:13.668988,0 days 00:00:00.331253,0.30000000000000004,20,1.0,0.9,7,147,COMPLETE
3698,3698,18992.75,2023-11-15 10:55:13.670656,2023-11-15 10:55:14.013322,0 days 00:00:00.342666,0.2,10,0.75,0.9,2,143,COMPLETE
3699,3699,18837.5,2023-11-15 10:55:14.015606,2023-11-15 10:55:14.366816,0 days 00:00:00.351210,0.2,10,0.75,0.9,0,133,COMPLETE
3700,3700,19166.75,2023-11-15 10:55:14.368550,2023-11-15 10:55:14.712441,0 days 00:00:00.343891,0.1,10,0.25,0.9,5,148,COMPLETE
3701,3701,19292.25,2023-11-15 10:55:14.714569,2023-11-15 10:55:15.060473,0 days 00:00:00.345904,0.2,10,0.75,0.9,2,145,COMPLETE
3702,3702,19111.25,2023-11-15 10:55:15.062427,2023-11-15 10:55:15.393970,0 days 00:00:00.331543,0.2,10,0.75,0.9,4,150,COMPLETE
3703,3703,19066.25,2023-11-15 10:55:15.395583,2023-11-15 10:55:15.731636,0 days 00:00:00.336053,0.2,10,0.75,0.9,40,141,COMPLETE
3704,3704,18972.25,2023-11-15 10:55:15.733373,2023-11-15 10:55:16.067332,0 days 00:00:00.333959,0.1,10,1.0,0.9,0,138,COMPLETE
3705,3705,19163.5,2023-11-15 10:55:16.068904,2023-11-15 10:55:16.405718,0 days 00:00:00.336814,0.2,10,1.25,0.8,2,147,COMPLETE
3706,3706,18394.75,2023-11-15 10:55:16.407312,2023-11-15 10:55:16.749367,0 days 00:00:00.342055,0.2,20,0.75,0.9,9,143,COMPLETE
3707,3707,19269.5,2023-11-15 10:55:16.751227,2023-11-15 10:55:17.084932,0 days 00:00:00.333705,0.2,10,0.5,0.9,6,145,COMPLETE
3708,3708,17862.0,2023-11-15 10:55:17.086761,2023-11-15 10:55:17.457454,0 days 00:00:00.370693,0.7000000000000001,10,0.75,0.6,0,148,COMPLETE
3709,3709,18969.5,2023-11-15 10:55:17.458964,2023-11-15 10:55:17.793253,0 days 00:00:00.334289,0.2,10,0.75,0.7000000000000001,3,141,COMPLETE
3710,3710,19350.75,2023-11-15 10:55:17.794872,2023-11-15 10:55:18.129062,0 days 00:00:00.334190,0.1,10,0.75,0.9,4,145,COMPLETE
3711,3711,19132.0,2023-11-15 10:55:18.131012,2023-11-15 10:55:18.457947,0 days 00:00:00.326935,0.2,10,1.0,0.9,2,150,COMPLETE
3712,3712,18859.25,2023-11-15 10:55:18.459504,2023-11-15 10:55:18.793621,0 days 00:00:00.334117,0.6,10,0.75,0.4,0,138,COMPLETE
3713,3713,19261.0,2023-11-15 10:55:18.795360,2023-11-15 10:55:19.126665,0 days 00:00:00.331305,0.30000000000000004,10,0.75,0.9,7,147,COMPLETE
3714,3714,19261.0,2023-11-15 10:55:19.128474,2023-11-15 10:55:19.456787,0 days 00:00:00.328313,0.2,10,1.25,0.9,2,142,COMPLETE
3715,3715,18897.75,2023-11-15 10:55:19.458378,2023-11-15 10:55:19.805118,0 days 00:00:00.346740,0.2,10,0.75,0.8,4,145,COMPLETE
3716,3716,19261.0,2023-11-15 10:55:19.806982,2023-11-15 10:55:20.144164,0 days 00:00:00.337182,0.1,10,0.75,0.9,0,150,COMPLETE
3717,3717,17361.5,2023-11-15 10:55:20.145829,2023-11-15 10:55:20.491616,0 days 00:00:00.345787,0.2,10,0.5,0.9,78,142,COMPLETE
3718,3718,18584.75,2023-11-15 10:55:20.493243,2023-11-15 10:55:20.842990,0 days 00:00:00.349747,0.2,20,0.75,0.9,5,147,COMPLETE
3719,3719,19260.75,2023-11-15 10:55:20.844761,2023-11-15 10:55:21.175522,0 days 00:00:00.330761,0.2,10,1.0,0.9,2,101,COMPLETE
3720,3720,19261.0,2023-11-15 10:55:21.177302,2023-11-15 10:55:21.511204,0 days 00:00:00.333902,0.2,10,0.75,0.9,0,140,COMPLETE
3721,3721,19163.5,2023-11-15 10:55:21.512901,2023-11-15 10:55:21.848825,0 days 00:00:00.335924,0.1,10,0.75,0.9,3,144,COMPLETE
3722,3722,19261.0,2023-11-15 10:55:21.850661,2023-11-15 10:55:22.182400,0 days 00:00:00.331739,0.2,10,0.75,0.9,8,147,COMPLETE
3723,3723,18602.0,2023-11-15 10:55:22.184297,2023-11-15 10:55:22.540348,0 days 00:00:00.356051,0.30000000000000004,10,0.5,0.9,5,137,COMPLETE
3724,3724,2297.5,2023-11-15 10:55:22.542016,2023-11-15 10:55:23.066210,0 days 00:00:00.524194,0.2,20,2.0,0.8,72,143,COMPLETE
3725,3725,19082.5,2023-11-15 10:55:23.067849,2023-11-15 10:55:23.392961,0 days 00:00:00.325112,0.2,10,0.75,0.9,2,150,COMPLETE
3726,3726,18267.0,2023-11-15 10:55:23.394705,2023-11-15 10:55:23.731428,0 days 00:00:00.336723,0.4,10,1.0,0.9,0,129,COMPLETE
3727,3727,19068.5,2023-11-15 10:55:23.733288,2023-11-15 10:55:24.091398,0 days 00:00:00.358110,0.1,10,0.25,0.9,11,145,COMPLETE
3728,3728,18776.25,2023-11-15 10:55:24.093032,2023-11-15 10:55:24.431881,0 days 00:00:00.338849,0.2,10,1.25,0.7000000000000001,2,140,COMPLETE
3729,3729,19261.0,2023-11-15 10:55:24.433573,2023-11-15 10:55:24.760741,0 days 00:00:00.327168,0.2,10,0.75,0.9,6,147,COMPLETE
3730,3730,18992.75,2023-11-15 10:55:24.762274,2023-11-15 10:55:25.101426,0 days 00:00:00.339152,0.2,10,0.75,0.9,4,143,COMPLETE
3731,3731,19271.0,2023-11-15 10:55:25.103091,2023-11-15 10:55:25.439025,0 days 00:00:00.335934,0.1,10,0.75,0.9,0,148,COMPLETE
3732,3732,19292.25,2023-11-15 10:55:25.440716,2023-11-15 10:55:25.770564,0 days 00:00:00.329848,0.2,10,0.75,0.9,2,145,COMPLETE
3733,3733,15927.0,2023-11-15 10:55:25.772140,2023-11-15 10:55:26.118986,0 days 00:00:00.346846,0.2,50,0.75,0.8,4,139,COMPLETE
3734,3734,19161.25,2023-11-15 10:55:26.120850,2023-11-15 10:55:26.449225,0 days 00:00:00.328375,0.30000000000000004,10,0.75,0.30000000000000004,0,134,COMPLETE
3735,3735,19132.0,2023-11-15 10:55:26.451188,2023-11-15 10:55:26.776327,0 days 00:00:00.325139,0.2,10,1.0,0.9,2,150,COMPLETE
3736,3736,19051.5,2023-11-15 10:55:26.777939,2023-11-15 10:55:27.127711,0 days 00:00:00.349772,0.1,10,0.75,0.9,6,142,COMPLETE
3737,3737,19261.0,2023-11-15 10:55:27.129411,2023-11-15 10:55:27.458618,0 days 00:00:00.329207,0.2,10,0.75,0.9,2,147,COMPLETE
3738,3738,17292.5,2023-11-15 10:55:27.460359,2023-11-15 10:55:27.795088,0 days 00:00:00.334729,0.2,40,1.0,0.2,0,145,COMPLETE
3739,3739,19066.25,2023-11-15 10:55:27.796812,2023-11-15 10:55:28.129837,0 days 00:00:00.333025,0.2,10,0.75,0.9,8,141,COMPLETE
