,number,value,datetime_start,datetime_complete,duration,params_alpha,params_decay_interval,params_decay_rate,params_gamma,params_initialization,params_max_steps,state
8039,8039,16923.25,2023-11-15 12:50:02.873931,2023-11-15 12:50:03.603719,0 days 00:00:00.729788,0.8,10,3.0,0.9,19,76,COMPLETE
8040,8040,17549.75,2023-11-15 12:50:03.606290,2023-11-15 12:50:04.317972,0 days 00:00:00.711682,0.8,10,2.5,0.9,14,68,COMPLETE
8041,8041,18122.5,2023-11-15 12:50:04.320715,2023-11-15 12:50:05.026980,0 days 00:00:00.706265,0.8,10,3.0,0.9,21,72,COMPLETE
8042,8042,17654.5,2023-11-15 12:50:05.029726,2023-11-15 12:50:05.775763,0 days 00:00:00.746037,0.8,10,2.75,0.9,19,65,COMPLETE
8043,8043,18015.25,2023-11-15 12:50:05.778614,2023-11-15 12:50:06.485513,0 days 00:00:00.706899,0.8,10,3.0,0.4,17,81,COMPLETE
8044,8044,15476.25,2023-11-15 12:50:06.488260,2023-11-15 12:50:07.207771,0 days 00:00:00.719511,0.7000000000000001,20,3.0,0.9,24,58,COMPLETE
8045,8045,17825.5,2023-11-15 12:50:07.211726,2023-11-15 12:50:07.914248,0 days 00:00:00.702522,0.8,10,2.75,0.9,28,70,COMPLETE
8046,8046,17204.0,2023-11-15 12:50:07.917487,2023-11-15 12:50:08.624228,0 days 00:00:00.706741,0.30000000000000004,10,3.0,0.9,21,78,COMPLETE
8047,8047,17920.75,2023-11-15 12:50:08.626675,2023-11-15 12:50:09.359296,0 days 00:00:00.732621,0.8,10,3.0,0.9,15,74,COMPLETE
8048,8048,17547.25,2023-11-15 12:50:09.361761,2023-11-15 12:50:10.074568,0 days 00:00:00.712807,0.8,10,3.0,0.9,12,68,COMPLETE
8049,8049,18122.5,2023-11-15 12:50:10.077044,2023-11-15 12:50:10.781957,0 days 00:00:00.704913,0.8,10,3.0,0.9,18,72,COMPLETE
8050,8050,18682.0,2023-11-15 12:50:10.785207,2023-11-15 12:50:11.480270,0 days 00:00:00.695063,0.8,10,3.0,0.9,25,75,COMPLETE
8051,8051,16719.5,2023-11-15 12:50:11.482801,2023-11-15 12:50:12.206601,0 days 00:00:00.723800,0.8,10,2.75,0.9,20,66,COMPLETE
8052,8052,18109.0,2023-11-15 12:50:12.209533,2023-11-15 12:50:12.920098,0 days 00:00:00.710565,0.9,10,3.0,0.9,40,70,COMPLETE
8053,8053,16809.25,2023-11-15 12:50:12.922954,2023-11-15 12:50:13.629073,0 days 00:00:00.706119,0.7000000000000001,10,2.75,0.9,22,62,COMPLETE
8054,8054,16636.0,2023-11-15 12:50:13.631672,2023-11-15 12:50:14.479413,0 days 00:00:00.847741,0.8,20,3.0,0.9,17,73,COMPLETE
8055,8055,17642.25,2023-11-15 12:50:14.482544,2023-11-15 12:50:15.220821,0 days 00:00:00.738277,0.8,10,3.0,0.8,15,68,COMPLETE
8056,8056,15068.5,2023-11-15 12:50:15.223339,2023-11-15 12:50:15.958181,0 days 00:00:00.734842,0.8,50,3.0,0.9,23,77,COMPLETE
8057,8057,17825.5,2023-11-15 12:50:15.960905,2023-11-15 12:50:16.679600,0 days 00:00:00.718695,0.8,10,3.0,0.9,20,70,COMPLETE
8058,8058,16814.75,2023-11-15 12:50:16.683245,2023-11-15 12:50:17.401515,0 days 00:00:00.718270,0.5,10,3.0,0.9,18,66,COMPLETE
8059,8059,17828.0,2023-11-15 12:50:17.404484,2023-11-15 12:50:18.105103,0 days 00:00:00.700619,0.8,10,2.5,0.9,26,74,COMPLETE
8060,8060,17743.75,2023-11-15 12:50:18.107619,2023-11-15 12:50:18.819994,0 days 00:00:00.712375,0.8,10,2.75,0.9,13,83,COMPLETE
8061,8061,13802.25,2023-11-15 12:50:18.822829,2023-11-15 12:50:19.544268,0 days 00:00:00.721439,0.1,10,3.0,0.9,16,71,COMPLETE
8062,8062,17552.0,2023-11-15 12:50:19.546825,2023-11-15 12:50:20.289868,0 days 00:00:00.743043,0.8,10,2.75,0.9,22,79,COMPLETE
8063,8063,16632.25,2023-11-15 12:50:20.292385,2023-11-15 12:50:21.000667,0 days 00:00:00.708282,0.8,10,3.0,0.9,19,63,COMPLETE
8064,8064,16923.25,2023-11-15 12:50:21.003167,2023-11-15 12:50:21.724698,0 days 00:00:00.721531,0.8,10,3.0,0.9,24,76,COMPLETE
8065,8065,17547.25,2023-11-15 12:50:21.727174,2023-11-15 12:50:22.430504,0 days 00:00:00.703330,0.8,10,3.0,0.9,17,68,COMPLETE
8066,8066,18215.25,2023-11-15 12:50:22.433611,2023-11-15 12:50:23.138071,0 days 00:00:00.704460,0.8,10,2.75,0.9,20,72,COMPLETE
8067,8067,14025.25,2023-11-15 12:50:23.140980,2023-11-15 12:50:23.873123,0 days 00:00:00.732143,0.8,80,3.0,0.8,14,74,COMPLETE
8068,8068,16091.25,2023-11-15 12:50:23.876222,2023-11-15 12:50:24.615513,0 days 00:00:00.739291,0.8,20,3.0,0.9,11,66,COMPLETE
8069,8069,18297.75,2023-11-15 12:50:24.618688,2023-11-15 12:50:25.326370,0 days 00:00:00.707682,0.8,10,2.25,0.9,22,70,COMPLETE
8070,8070,18872.25,2023-11-15 12:50:25.328801,2023-11-15 12:50:26.021698,0 days 00:00:00.692897,0.7000000000000001,10,3.0,0.9,30,73,COMPLETE
8071,8071,17473.75,2023-11-15 12:50:26.024123,2023-11-15 12:50:26.727311,0 days 00:00:00.703188,0.8,10,2.5,0.9,26,69,COMPLETE
8072,8072,18026.0,2023-11-15 12:50:26.730703,2023-11-15 12:50:27.444861,0 days 00:00:00.714158,0.8,10,2.75,0.9,18,77,COMPLETE
8073,8073,16567.5,2023-11-15 12:50:27.447285,2023-11-15 12:50:28.210079,0 days 00:00:00.762794,0.8,10,3.0,0.30000000000000004,20,64,COMPLETE
8074,8074,16827.5,2023-11-15 12:50:28.212741,2023-11-15 12:50:29.080010,0 days 00:00:00.867269,0.9,20,3.0,0.9,15,72,COMPLETE
8075,8075,17917.0,2023-11-15 12:50:29.083056,2023-11-15 12:50:29.883551,0 days 00:00:00.800495,0.8,10,3.0,0.9,23,67,COMPLETE
8076,8076,15414.25,2023-11-15 12:50:29.886012,2023-11-15 12:50:30.615193,0 days 00:00:00.729181,0.8,40,2.75,0.9,17,76,COMPLETE
8077,8077,17825.5,2023-11-15 12:50:30.618711,2023-11-15 12:50:31.340248,0 days 00:00:00.721537,0.8,10,3.0,0.9,21,70,COMPLETE
8078,8078,16917.75,2023-11-15 12:50:31.342887,2023-11-15 12:50:32.053594,0 days 00:00:00.710707,0.8,10,3.0,0.7000000000000001,19,60,COMPLETE
8079,8079,17833.0,2023-11-15 12:50:32.056100,2023-11-15 12:50:32.806156,0 days 00:00:00.750056,0.8,10,3.0,0.9,25,80,COMPLETE
8080,8080,18872.25,2023-11-15 12:50:32.808693,2023-11-15 12:50:33.503943,0 days 00:00:00.695250,0.7000000000000001,10,2.75,0.9,28,73,COMPLETE
8081,8081,17736.0,2023-11-15 12:50:33.506570,2023-11-15 12:50:34.213243,0 days 00:00:00.706673,0.9,10,3.0,0.8,16,68,COMPLETE
8082,8082,18681.75,2023-11-15 12:50:34.217336,2023-11-15 12:50:34.914834,0 days 00:00:00.697498,0.8,10,3.0,0.6,13,75,COMPLETE
8083,8083,19260.75,2023-11-15 12:50:34.918669,2023-11-15 12:50:35.629832,0 days 00:00:00.711163,0.8,10,3.0,0.9,22,71,COMPLETE
8084,8084,17654.5,2023-11-15 12:50:35.633406,2023-11-15 12:50:36.409496,0 days 00:00:00.776090,0.8,10,3.0,0.9,19,65,COMPLETE
8085,8085,17115.5,2023-11-15 12:50:36.412201,2023-11-15 12:50:37.146373,0 days 00:00:00.734172,0.8,10,2.75,0.9,17,69,COMPLETE
8086,8086,17920.75,2023-11-15 12:50:37.149583,2023-11-15 12:50:37.829701,0 days 00:00:00.680118,0.8,10,3.0,0.9,24,74,COMPLETE
8087,8087,17545.25,2023-11-15 12:50:37.832820,2023-11-15 12:50:38.518754,0 days 00:00:00.685934,0.8,10,2.75,0.9,20,78,COMPLETE
8088,8088,16620.5,2023-11-15 12:50:38.521448,2023-11-15 12:50:39.207606,0 days 00:00:00.686158,0.8,20,3.0,0.9,15,67,COMPLETE
8089,8089,19260.75,2023-11-15 12:50:39.210223,2023-11-15 12:50:39.879121,0 days 00:00:00.668898,0.8,10,3.0,0.9,21,71,COMPLETE
8090,8090,14542.0,2023-11-15 12:50:39.881980,2023-11-15 12:50:40.557504,0 days 00:00:00.675524,0.8,10,2.5,0.9,18,23,COMPLETE
8091,8091,17014.0,2023-11-15 12:50:40.561050,2023-11-15 12:50:41.242372,0 days 00:00:00.681322,0.8,10,3.0,0.9,23,64,COMPLETE
8092,8092,17644.25,2023-11-15 12:50:41.244811,2023-11-15 12:50:41.926497,0 days 00:00:00.681686,0.8,10,3.0,0.8,14,73,COMPLETE
8093,8093,17561.25,2023-11-15 12:50:41.929308,2023-11-15 12:50:42.607403,0 days 00:00:00.678095,0.9,10,2.75,0.9,46,69,COMPLETE
8094,8094,18682.0,2023-11-15 12:50:42.610003,2023-11-15 12:50:43.312734,0 days 00:00:00.702731,0.8,10,3.0,0.9,26,75,COMPLETE
8095,8095,16905.0,2023-11-15 12:50:43.315813,2023-11-15 12:50:44.124034,0 days 00:00:00.808221,0.8,20,3.0,0.9,9,79,COMPLETE
8096,8096,19260.75,2023-11-15 12:50:44.127376,2023-11-15 12:50:44.883311,0 days 00:00:00.755935,0.8,10,3.0,0.9,17,71,COMPLETE
8097,8097,17080.5,2023-11-15 12:50:44.886639,2023-11-15 12:50:45.557657,0 days 00:00:00.671018,0.7000000000000001,10,3.0,0.9,21,66,COMPLETE
8098,8098,16914.0,2023-11-15 12:50:45.560113,2023-11-15 12:50:46.237823,0 days 00:00:00.677710,0.8,10,2.75,0.9,63,43,COMPLETE
8099,8099,16726.25,2023-11-15 12:50:46.240460,2023-11-15 12:50:46.919602,0 days 00:00:00.679142,0.8,10,3.0,0.9,12,61,COMPLETE
8100,8100,18584.25,2023-11-15 12:50:46.922598,2023-11-15 12:50:47.614290,0 days 00:00:00.691692,0.8,10,3.0,0.9,20,85,COMPLETE
8101,8101,18215.25,2023-11-15 12:50:47.617508,2023-11-15 12:50:48.296141,0 days 00:00:00.678633,0.8,10,2.75,0.9,23,72,COMPLETE
8102,8102,17016.25,2023-11-15 12:50:48.299188,2023-11-15 12:50:48.974634,0 days 00:00:00.675446,0.8,10,3.0,0.9,18,76,COMPLETE
8103,8103,17547.25,2023-11-15 12:50:48.977135,2023-11-15 12:50:49.659873,0 days 00:00:00.682738,0.8,10,3.0,0.9,15,68,COMPLETE
8104,8104,18392.25,2023-11-15 12:50:49.662368,2023-11-15 12:50:50.335678,0 days 00:00:00.673310,0.8,20,2.25,0.9,19,70,COMPLETE
8105,8105,18018.25,2023-11-15 12:50:50.338224,2023-11-15 12:50:51.029791,0 days 00:00:00.691567,0.8,10,3.0,0.8,24,74,COMPLETE
8106,8106,17652.75,2023-11-15 12:50:51.032876,2023-11-15 12:50:51.705302,0 days 00:00:00.672426,0.8,10,2.5,0.9,22,65,COMPLETE
8107,8107,18026.0,2023-11-15 12:50:51.708008,2023-11-15 12:50:52.385289,0 days 00:00:00.677281,0.8,10,2.75,0.9,16,77,COMPLETE
8108,8108,18490.0,2023-11-15 12:50:52.387936,2023-11-15 12:50:53.064669,0 days 00:00:00.676733,0.7000000000000001,10,3.0,0.9,27,72,COMPLETE
8109,8109,17381.5,2023-11-15 12:50:53.067780,2023-11-15 12:50:53.746270,0 days 00:00:00.678490,0.9,10,3.0,0.9,19,93,COMPLETE
8110,8110,17547.25,2023-11-15 12:50:53.748929,2023-11-15 12:50:54.444365,0 days 00:00:00.695436,0.8,10,3.0,0.9,21,68,COMPLETE
8111,8111,18204.75,2023-11-15 12:50:54.446877,2023-11-15 12:50:55.117804,0 days 00:00:00.670927,0.6,10,2.75,0.9,17,81,COMPLETE
8112,8112,17548.0,2023-11-15 12:50:55.120443,2023-11-15 12:50:55.801067,0 days 00:00:00.680624,0.8,30,3.0,0.9,13,70,COMPLETE
8113,8113,17920.75,2023-11-15 12:50:55.803606,2023-11-15 12:50:56.469023,0 days 00:00:00.665417,0.8,10,3.0,0.9,24,74,COMPLETE
8114,8114,10815.75,2023-11-15 12:50:56.472095,2023-11-15 12:50:57.190300,0 days 00:00:00.718205,0.8,70,2.75,0.9,19,62,COMPLETE
8115,8115,16719.5,2023-11-15 12:50:57.192734,2023-11-15 12:50:57.869384,0 days 00:00:00.676650,0.8,10,3.0,0.9,16,66,COMPLETE
8116,8116,17935.25,2023-11-15 12:50:57.871935,2023-11-15 12:50:58.562867,0 days 00:00:00.690932,0.8,10,3.0,0.5,21,72,COMPLETE
8117,8117,18027.25,2023-11-15 12:50:58.565995,2023-11-15 12:50:59.246281,0 days 00:00:00.680286,0.8,10,3.0,0.9,11,107,COMPLETE
8118,8118,16898.75,2023-11-15 12:50:59.249481,2023-11-15 12:50:59.919644,0 days 00:00:00.670163,0.8,20,3.0,0.9,14,76,COMPLETE
8119,8119,17115.5,2023-11-15 12:50:59.922245,2023-11-15 12:51:00.591708,0 days 00:00:00.669463,0.8,10,2.75,0.9,18,69,COMPLETE
8120,8120,17014.0,2023-11-15 12:51:00.594374,2023-11-15 12:51:01.279458,0 days 00:00:00.685084,0.8,10,3.0,0.9,25,64,COMPLETE
8121,8121,17002.5,2023-11-15 12:51:01.282101,2023-11-15 12:51:01.980222,0 days 00:00:00.698121,0.9,10,2.75,0.8,22,73,COMPLETE
8122,8122,17360.25,2023-11-15 12:51:01.982883,2023-11-15 12:51:02.658584,0 days 00:00:00.675701,0.8,10,3.0,0.9,29,78,COMPLETE
8123,8123,17917.0,2023-11-15 12:51:02.661164,2023-11-15 12:51:03.345053,0 days 00:00:00.683889,0.8,10,3.0,0.9,56,67,COMPLETE
8124,8124,18392.25,2023-11-15 12:51:03.347853,2023-11-15 12:51:04.013163,0 days 00:00:00.665310,0.8,20,2.5,0.9,20,70,COMPLETE
8125,8125,18682.0,2023-11-15 12:51:04.016947,2023-11-15 12:51:04.680928,0 days 00:00:00.663981,0.8,10,3.0,0.9,16,75,COMPLETE
8126,8126,19260.75,2023-11-15 12:51:04.683839,2023-11-15 12:51:05.366357,0 days 00:00:00.682518,0.8,10,3.0,0.9,23,71,COMPLETE
8127,8127,17547.25,2023-11-15 12:51:05.371968,2023-11-15 12:51:06.056332,0 days 00:00:00.684364,0.8,10,3.0,0.9,18,68,COMPLETE
8128,8128,18872.25,2023-11-15 12:51:06.059037,2023-11-15 12:51:06.722820,0 days 00:00:00.663783,0.7000000000000001,10,2.75,0.9,20,73,COMPLETE
8129,8129,17369.25,2023-11-15 12:51:06.725258,2023-11-15 12:51:07.400433,0 days 00:00:00.675175,0.8,10,3.0,0.9,26,79,COMPLETE
8130,8130,17917.0,2023-11-15 12:51:07.403004,2023-11-15 12:51:08.079454,0 days 00:00:00.676450,0.8,10,2.75,0.9,14,67,COMPLETE
8131,8131,16543.25,2023-11-15 12:51:08.082144,2023-11-15 12:51:08.790459,0 days 00:00:00.708315,0.8,10,3.0,0.9,22,63,COMPLETE
8132,8132,18681.75,2023-11-15 12:51:08.793038,2023-11-15 12:51:09.468618,0 days 00:00:00.675580,0.7000000000000001,10,3.0,0.8,16,75,COMPLETE
8133,8133,19260.75,2023-11-15 12:51:09.471214,2023-11-15 12:51:10.139129,0 days 00:00:00.667915,0.8,10,3.0,0.9,18,71,COMPLETE
8134,8134,12824.0,2023-11-15 12:51:10.142283,2023-11-15 12:51:10.843571,0 days 00:00:00.701288,0.8,60,3.0,0.9,20,69,COMPLETE
8135,8135,17649.5,2023-11-15 12:51:10.846051,2023-11-15 12:51:11.519116,0 days 00:00:00.673065,0.9,10,2.75,0.9,24,65,COMPLETE
8136,8136,9324.75,2023-11-15 12:51:11.521669,2023-11-15 12:51:12.238293,0 days 00:00:00.716624,0.8,10,3.0,0.9,22,15,COMPLETE
8137,8137,16636.0,2023-11-15 12:51:12.242949,2023-11-15 12:51:12.948041,0 days 00:00:00.705092,0.8,20,3.0,0.9,17,73,COMPLETE
8138,8138,17644.0,2023-11-15 12:51:12.951187,2023-11-15 12:51:13.633073,0 days 00:00:00.681886,0.8,10,3.0,0.9,12,82,COMPLETE
8139,8139,18121.5,2023-11-15 12:51:13.635605,2023-11-15 12:51:14.303930,0 days 00:00:00.668325,0.8,10,2.75,0.9,19,77,COMPLETE
8140,8140,17825.5,2023-11-15 12:51:14.306649,2023-11-15 12:51:14.987428,0 days 00:00:00.680779,0.8,10,3.0,0.9,15,70,COMPLETE
8141,8141,17271.75,2023-11-15 12:51:14.989935,2023-11-15 12:51:15.702279,0 days 00:00:00.712344,0.8,10,2.5,0.9,26,59,COMPLETE
8142,8142,13952.75,2023-11-15 12:51:15.704984,2023-11-15 12:51:16.401267,0 days 00:00:00.696283,0.8,50,3.0,0.8,21,67,COMPLETE
8143,8143,18682.0,2023-11-15 12:51:16.403816,2023-11-15 12:51:17.071745,0 days 00:00:00.667929,0.8,10,3.0,0.9,17,75,COMPLETE
8144,8144,18215.25,2023-11-15 12:51:17.074344,2023-11-15 12:51:17.750503,0 days 00:00:00.676159,0.8,10,2.75,0.9,23,72,COMPLETE
8145,8145,17825.5,2023-11-15 12:51:17.753467,2023-11-15 12:51:18.432145,0 days 00:00:00.678678,0.8,10,3.0,0.9,19,70,COMPLETE
8146,8146,16182.25,2023-11-15 12:51:18.435426,2023-11-15 12:51:19.123960,0 days 00:00:00.688534,0.8,20,3.0,0.7000000000000001,14,66,COMPLETE
8147,8147,17920.75,2023-11-15 12:51:19.133242,2023-11-15 12:51:19.815092,0 days 00:00:00.681850,0.8,10,3.0,0.9,21,74,COMPLETE
8148,8148,17733.5,2023-11-15 12:51:19.818300,2023-11-15 12:51:20.486167,0 days 00:00:00.667867,0.8,10,1.25,0.9,24,78,COMPLETE
8149,8149,17115.5,2023-11-15 12:51:20.489029,2023-11-15 12:51:21.167131,0 days 00:00:00.678102,0.8,10,2.75,0.9,16,69,COMPLETE
8150,8150,16366.5,2023-11-15 12:51:21.169705,2023-11-15 12:51:21.847661,0 days 00:00:00.677956,0.9,10,3.0,0.4,19,62,COMPLETE
8151,8151,18490.0,2023-11-15 12:51:21.850941,2023-11-15 12:51:22.529464,0 days 00:00:00.678523,0.7000000000000001,10,3.0,0.9,28,72,COMPLETE
8152,8152,16901.0,2023-11-15 12:51:22.532527,2023-11-15 12:51:23.239713,0 days 00:00:00.707186,0.8,10,3.0,0.9,21,55,COMPLETE
8153,8153,11719.0,2023-11-15 12:51:23.242180,2023-11-15 12:51:23.949887,0 days 00:00:00.707707,0.8,90,2.75,0.9,17,66,COMPLETE
8154,8154,18682.0,2023-11-15 12:51:23.952625,2023-11-15 12:51:24.619046,0 days 00:00:00.666421,0.8,10,3.0,0.9,11,75,COMPLETE
8155,8155,18122.5,2023-11-15 12:51:24.621638,2023-11-15 12:51:25.296337,0 days 00:00:00.674699,0.8,10,3.0,0.9,9,72,COMPLETE
8156,8156,17382.25,2023-11-15 12:51:25.299293,2023-11-15 12:51:25.972100,0 days 00:00:00.672807,0.8,10,2.25,0.9,25,69,COMPLETE
8157,8157,18026.0,2023-11-15 12:51:25.974878,2023-11-15 12:51:26.669410,0 days 00:00:00.694532,0.8,10,3.0,0.9,23,77,COMPLETE
8158,8158,16826.75,2023-11-15 12:51:26.671932,2023-11-15 12:51:27.355899,0 days 00:00:00.683967,0.8,20,2.75,0.9,19,80,COMPLETE
8159,8159,16561.0,2023-11-15 12:51:27.358392,2023-11-15 12:51:28.034208,0 days 00:00:00.675816,0.8,10,3.0,0.6,14,63,COMPLETE
8160,8160,17639.75,2023-11-15 12:51:28.036869,2023-11-15 12:51:28.704237,0 days 00:00:00.667368,0.8,10,2.0,0.9,17,68,COMPLETE
8161,8161,18872.25,2023-11-15 12:51:28.706898,2023-11-15 12:51:29.379698,0 days 00:00:00.672800,0.7000000000000001,10,2.5,0.8,37,73,COMPLETE
8162,8162,19260.75,2023-11-15 12:51:29.382954,2023-11-15 12:51:30.077245,0 days 00:00:00.694291,0.8,10,3.0,0.9,21,71,COMPLETE
8163,8163,17430.25,2023-11-15 12:51:30.079791,2023-11-15 12:51:30.760836,0 days 00:00:00.681045,0.8,10,1.0,0.9,15,76,COMPLETE
8164,8164,17654.5,2023-11-15 12:51:30.763274,2023-11-15 12:51:31.437474,0 days 00:00:00.674200,0.8,10,3.0,0.9,19,65,COMPLETE
8165,8165,16617.75,2023-11-15 12:51:31.440145,2023-11-15 12:51:32.124843,0 days 00:00:00.684698,0.8,20,2.75,0.9,27,69,COMPLETE
8166,8166,19260.75,2023-11-15 12:51:32.127382,2023-11-15 12:51:32.798666,0 days 00:00:00.671284,0.9,10,3.0,0.9,23,74,COMPLETE
8167,8167,19260.75,2023-11-15 12:51:32.801618,2023-11-15 12:51:33.499526,0 days 00:00:00.697908,0.8,10,3.0,0.9,18,71,COMPLETE
8168,8168,17917.0,2023-11-15 12:51:33.502072,2023-11-15 12:51:34.189822,0 days 00:00:00.687750,0.8,10,3.0,0.9,13,67,COMPLETE
8169,8169,18682.0,2023-11-15 12:51:34.192359,2023-11-15 12:51:34.867721,0 days 00:00:00.675362,0.8,10,2.75,0.8,21,75,COMPLETE
8170,8170,18122.5,2023-11-15 12:51:34.870288,2023-11-15 12:51:35.539704,0 days 00:00:00.669416,0.8,10,3.0,0.9,33,72,COMPLETE
8171,8171,17926.5,2023-11-15 12:51:35.542298,2023-11-15 12:51:36.226260,0 days 00:00:00.683962,0.8,10,2.5,0.9,16,80,COMPLETE
8172,8172,17825.0,2023-11-15 12:51:36.228795,2023-11-15 12:51:36.926794,0 days 00:00:00.697999,0.6,10,3.0,0.9,24,68,COMPLETE
8173,8173,17014.0,2023-11-15 12:51:36.929454,2023-11-15 12:51:37.608057,0 days 00:00:00.678603,0.8,10,3.0,0.9,20,64,COMPLETE
8174,8174,16121.25,2023-11-15 12:51:37.611085,2023-11-15 12:51:38.307486,0 days 00:00:00.696401,0.7000000000000001,30,2.75,0.9,18,77,COMPLETE
8175,8175,19260.75,2023-11-15 12:51:38.309965,2023-11-15 12:51:38.980331,0 days 00:00:00.670366,0.8,10,3.0,0.8,22,71,COMPLETE
8176,8176,17188.25,2023-11-15 12:51:38.983654,2023-11-15 12:51:39.656944,0 days 00:00:00.673290,0.8,10,3.0,0.9,43,73,COMPLETE
8177,8177,16547.25,2023-11-15 12:51:39.659430,2023-11-15 12:51:40.363338,0 days 00:00:00.703908,0.9,10,2.75,0.9,26,66,COMPLETE
8178,8178,17825.5,2023-11-15 12:51:40.366407,2023-11-15 12:51:41.037617,0 days 00:00:00.671210,0.8,10,3.0,0.9,15,70,COMPLETE
8179,8179,17920.75,2023-11-15 12:51:41.040041,2023-11-15 12:51:41.721574,0 days 00:00:00.681533,0.8,10,3.0,0.9,20,74,COMPLETE
8180,8180,17547.25,2023-11-15 12:51:41.724115,2023-11-15 12:51:42.404719,0 days 00:00:00.680604,0.8,10,3.0,0.9,30,68,COMPLETE
8181,8181,15902.75,2023-11-15 12:51:42.407288,2023-11-15 12:51:43.096324,0 days 00:00:00.689036,0.8,20,2.75,0.9,17,61,COMPLETE
8182,8182,18121.5,2023-11-15 12:51:43.099790,2023-11-15 12:51:43.770389,0 days 00:00:00.670599,0.8,10,3.0,0.9,22,77,COMPLETE
8183,8183,19260.75,2023-11-15 12:51:43.772880,2023-11-15 12:51:44.450771,0 days 00:00:00.677891,0.8,10,3.0,0.9,24,71,COMPLETE
8184,8184,17927.5,2023-11-15 12:51:44.453384,2023-11-15 12:51:45.118621,0 days 00:00:00.665237,0.8,10,2.0,0.9,13,65,COMPLETE
8185,8185,17920.75,2023-11-15 12:51:45.121269,2023-11-15 12:51:45.800406,0 days 00:00:00.679137,0.8,10,3.0,0.9,19,74,COMPLETE
8186,8186,17115.5,2023-11-15 12:51:45.803018,2023-11-15 12:51:46.479853,0 days 00:00:00.676835,0.8,10,3.0,0.9,16,69,COMPLETE
8187,8187,17552.0,2023-11-15 12:51:46.483312,2023-11-15 12:51:47.157890,0 days 00:00:00.674578,0.8,10,2.75,0.9,21,79,COMPLETE
8188,8188,17366.5,2023-11-15 12:51:47.160489,2023-11-15 12:51:47.868810,0 days 00:00:00.708321,0.7000000000000001,20,3.0,0.9,25,72,COMPLETE
8189,8189,17547.25,2023-11-15 12:51:47.872019,2023-11-15 12:51:48.555010,0 days 00:00:00.682991,0.8,10,2.75,0.9,18,68,COMPLETE
8190,8190,17749.75,2023-11-15 12:51:48.557589,2023-11-15 12:51:49.248470,0 days 00:00:00.690881,0.4,10,3.0,0.9,15,76,COMPLETE
8191,8191,15572.25,2023-11-15 12:51:49.251728,2023-11-15 12:51:49.928095,0 days 00:00:00.676367,0.2,40,2.5,0.9,11,83,COMPLETE
8192,8192,17014.0,2023-11-15 12:51:49.930581,2023-11-15 12:51:50.602513,0 days 00:00:00.671932,0.8,10,3.0,0.9,23,64,COMPLETE
8193,8193,18109.0,2023-11-15 12:51:50.605122,2023-11-15 12:51:51.294275,0 days 00:00:00.689153,0.9,10,3.0,0.9,20,70,COMPLETE
8194,8194,17920.75,2023-11-15 12:51:51.297075,2023-11-15 12:51:51.983517,0 days 00:00:00.686442,0.8,10,3.0,0.9,18,74,COMPLETE
8195,8195,17642.25,2023-11-15 12:51:51.986467,2023-11-15 12:51:52.674454,0 days 00:00:00.687987,0.8,10,2.75,0.8,22,68,COMPLETE
8196,8196,17175.5,2023-11-15 12:51:52.677141,2023-11-15 12:51:53.356627,0 days 00:00:00.679486,0.8,10,3.0,0.9,27,58,COMPLETE
8197,8197,18122.5,2023-11-15 12:51:53.359094,2023-11-15 12:51:54.049545,0 days 00:00:00.690451,0.8,10,3.0,0.9,17,72,COMPLETE
8198,8198,16091.25,2023-11-15 12:51:54.052449,2023-11-15 12:51:54.756820,0 days 00:00:00.704371,0.8,20,3.0,0.9,14,66,COMPLETE
8199,8199,16923.25,2023-11-15 12:51:54.759447,2023-11-15 12:51:55.450484,0 days 00:00:00.691037,0.8,10,3.0,0.9,20,76,COMPLETE
8200,8200,19260.75,2023-11-15 12:51:55.453046,2023-11-15 12:51:56.120781,0 days 00:00:00.667735,0.8,10,2.75,0.9,24,71,COMPLETE
8201,8201,17369.25,2023-11-15 12:51:56.123462,2023-11-15 12:51:56.804467,0 days 00:00:00.681005,0.8,10,3.0,0.9,16,79,COMPLETE
8202,8202,9591.0,2023-11-15 12:51:56.807021,2023-11-15 12:51:57.534637,0 days 00:00:00.727616,0.8,100,3.0,0.9,19,63,COMPLETE
8203,8203,19260.75,2023-11-15 12:51:57.537129,2023-11-15 12:51:58.232729,0 days 00:00:00.695600,0.9,10,2.25,0.9,22,74,COMPLETE
8204,8204,17111.5,2023-11-15 12:51:58.235323,2023-11-15 12:51:58.921064,0 days 00:00:00.685741,0.7000000000000001,10,3.0,0.9,13,69,COMPLETE
8205,8205,16822.0,2023-11-15 12:51:58.923551,2023-11-15 12:51:59.606096,0 days 00:00:00.682545,0.8,10,2.75,0.30000000000000004,25,66,COMPLETE
8206,8206,18122.5,2023-11-15 12:51:59.608620,2023-11-15 12:52:00.292815,0 days 00:00:00.684195,0.8,10,3.0,0.9,6,72,COMPLETE
8207,8207,16011.25,2023-11-15 12:52:00.295263,2023-11-15 12:52:00.987802,0 days 00:00:00.692539,0.5,20,3.0,0.9,18,77,COMPLETE
8208,8208,17115.5,2023-11-15 12:52:00.990251,2023-11-15 12:52:01.694226,0 days 00:00:00.703975,0.8,10,2.75,0.9,20,69,COMPLETE
8209,8209,17920.75,2023-11-15 12:52:01.696696,2023-11-15 12:52:02.375212,0 days 00:00:00.678516,0.8,10,3.0,0.9,16,74,COMPLETE
