,number,value,datetime_start,datetime_complete,duration,params_alpha,params_decay_interval,params_decay_rate,params_gamma,params_initialization,params_max_steps,state
9991,9991,17739.25,2023-11-15 14:37:44.339413,2023-11-15 14:37:45.227792,0 days 00:00:00.888379,0.8,10,1.5,0.7000000000000001,16,95,COMPLETE
9992,9992,18304.75,2023-11-15 14:37:45.230747,2023-11-15 14:37:46.116317,0 days 00:00:00.885570,0.8,10,1.75,0.8,19,99,COMPLETE
9993,9993,15334.25,2023-11-15 14:37:46.119698,2023-11-15 14:37:47.027615,0 days 00:00:00.907917,0.8,60,1.0,0.8,14,97,COMPLETE
9994,9994,18399.0,2023-11-15 14:37:47.030517,2023-11-15 14:37:47.927643,0 days 00:00:00.897126,0.8,10,1.25,0.8,11,100,COMPLETE
9995,9995,18218.0,2023-11-15 14:37:47.930928,2023-11-15 14:37:48.819966,0 days 00:00:00.889038,0.8,10,1.25,0.8,3,97,COMPLETE
9996,9996,17751.75,2023-11-15 14:37:48.822858,2023-11-15 14:37:49.705241,0 days 00:00:00.882383,0.6,20,1.25,0.8,22,94,COMPLETE
9997,9997,18587.75,2023-11-15 14:37:49.708195,2023-11-15 14:37:50.590318,0 days 00:00:00.882123,0.8,10,1.25,0.9,18,99,COMPLETE
9998,9998,18395.25,2023-11-15 14:37:50.593976,2023-11-15 14:37:51.473860,0 days 00:00:00.879884,0.8,10,1.5,0.8,16,96,COMPLETE
9999,9999,17655.25,2023-11-15 14:37:51.476956,2023-11-15 14:37:52.465048,0 days 00:00:00.988092,0.8,10,1.25,0.8,9,91,COMPLETE
