,number,value,datetime_start,datetime_complete,duration,params_alpha,params_decay_interval,params_decay_rate,params_gamma,params_initialization,params_max_steps,state
3763,3763,17825.5,2023-11-15 12:12:57.862423,2023-11-15 12:12:58.191661,0 days 00:00:00.329238,0.8,10,3.0,0.9,20,70,COMPLETE
3764,3764,17370.5,2023-11-15 12:12:58.193606,2023-11-15 12:12:58.528358,0 days 00:00:00.334752,0.8,10,2.5,0.9,24,79,COMPLETE
3765,3765,17188.25,2023-11-15 12:12:58.530006,2023-11-15 12:12:58.867733,0 days 00:00:00.337727,0.8,20,2.75,0.9,15,74,COMPLETE
3766,3766,15287.5,2023-11-15 12:12:58.869404,2023-11-15 12:12:59.210247,0 days 00:00:00.340843,0.8,50,3.0,0.9,19,68,COMPLETE
3767,3767,17922.0,2023-11-15 12:12:59.212359,2023-11-15 12:12:59.539166,0 days 00:00:00.326807,0.9,10,3.0,0.9,23,86,COMPLETE
3768,3768,18215.25,2023-11-15 12:12:59.541025,2023-11-15 12:12:59.884868,0 days 00:00:00.343843,0.8,10,2.75,0.9,28,72,COMPLETE
3769,3769,17014.0,2023-11-15 12:12:59.886759,2023-11-15 12:13:00.223639,0 days 00:00:00.336880,0.8,10,3.0,0.9,17,64,COMPLETE
3770,3770,18682.0,2023-11-15 12:13:00.225534,2023-11-15 12:13:00.550419,0 days 00:00:00.324885,0.8,10,3.0,0.9,20,75,COMPLETE
3771,3771,17372.75,2023-11-15 12:13:00.552146,2023-11-15 12:13:00.885021,0 days 00:00:00.332875,0.8,10,3.0,0.9,88,70,COMPLETE
3772,3772,17552.0,2023-11-15 12:13:00.886617,2023-11-15 12:13:01.217684,0 days 00:00:00.331067,0.8,10,2.75,0.9,12,79,COMPLETE
3773,3773,18122.5,2023-11-15 12:13:01.219358,2023-11-15 12:13:01.549491,0 days 00:00:00.330133,0.8,10,3.0,0.9,16,72,COMPLETE
3774,3774,17271.75,2023-11-15 12:13:01.551325,2023-11-15 12:13:01.874226,0 days 00:00:00.322901,0.8,10,3.0,0.9,21,59,COMPLETE
3775,3775,17917.0,2023-11-15 12:13:01.876288,2023-11-15 12:13:02.207159,0 days 00:00:00.330871,0.8,10,2.75,0.9,25,67,COMPLETE
3776,3776,16617.75,2023-11-15 12:13:02.208891,2023-11-15 12:13:02.540711,0 days 00:00:00.331820,0.8,20,3.0,0.9,18,69,COMPLETE
3777,3777,18585.0,2023-11-15 12:13:02.542399,2023-11-15 12:13:02.864554,0 days 00:00:00.322155,0.7000000000000001,10,3.0,0.9,23,76,COMPLETE
3778,3778,17654.5,2023-11-15 12:13:02.866216,2023-11-15 12:13:03.192041,0 days 00:00:00.325825,0.8,10,3.0,0.9,14,65,COMPLETE
3779,3779,17462.25,2023-11-15 12:13:03.194331,2023-11-15 12:13:03.522709,0 days 00:00:00.328378,0.8,10,2.5,0.9,20,73,COMPLETE
3780,3780,19260.75,2023-11-15 12:13:03.524419,2023-11-15 12:13:03.848799,0 days 00:00:00.324380,0.9,10,3.0,0.9,18,71,COMPLETE
3781,3781,18121.5,2023-11-15 12:13:03.850444,2023-11-15 12:13:04.189294,0 days 00:00:00.338850,0.8,10,2.75,0.9,22,77,COMPLETE
3782,3782,17547.25,2023-11-15 12:13:04.190980,2023-11-15 12:13:04.523623,0 days 00:00:00.332643,0.8,10,3.0,0.9,26,68,COMPLETE
3783,3783,13154.5,2023-11-15 12:13:04.525428,2023-11-15 12:13:04.889863,0 days 00:00:00.364435,0.8,60,3.0,0.9,15,74,COMPLETE
3784,3784,17833.75,2023-11-15 12:13:04.891574,2023-11-15 12:13:05.223801,0 days 00:00:00.332227,0.8,10,3.0,0.9,75,83,COMPLETE
3785,3785,16630.0,2023-11-15 12:13:05.225584,2023-11-15 12:13:05.560266,0 days 00:00:00.334682,0.8,10,2.75,0.9,10,62,COMPLETE
3786,3786,18973.5,2023-11-15 12:13:05.562520,2023-11-15 12:13:05.887761,0 days 00:00:00.325241,0.7000000000000001,10,3.0,0.9,17,71,COMPLETE
3787,3787,16091.25,2023-11-15 12:13:05.889392,2023-11-15 12:13:06.231302,0 days 00:00:00.341910,0.8,20,3.0,0.9,20,66,COMPLETE
3788,3788,17115.5,2023-11-15 12:13:06.232876,2023-11-15 12:13:06.561535,0 days 00:00:00.328659,0.8,10,3.0,0.9,23,69,COMPLETE
3789,3789,18682.0,2023-11-15 12:13:06.563362,2023-11-15 12:13:06.888284,0 days 00:00:00.324922,0.8,10,2.75,0.9,50,75,COMPLETE
3790,3790,17369.25,2023-11-15 12:13:06.889929,2023-11-15 12:13:07.223649,0 days 00:00:00.333720,0.8,10,3.0,0.9,13,79,COMPLETE
3791,3791,18122.5,2023-11-15 12:13:07.225388,2023-11-15 12:13:07.554957,0 days 00:00:00.329569,0.8,10,3.0,0.9,19,72,COMPLETE
3792,3792,16440.5,2023-11-15 12:13:07.556655,2023-11-15 12:13:07.890667,0 days 00:00:00.334012,0.8,30,3.0,0.6,16,68,COMPLETE
3793,3793,17014.0,2023-11-15 12:13:07.892381,2023-11-15 12:13:08.231209,0 days 00:00:00.338828,0.8,10,2.75,0.9,22,64,COMPLETE
3794,3794,18030.5,2023-11-15 12:13:08.232788,2023-11-15 12:13:08.596295,0 days 00:00:00.363507,0.9,10,2.25,0.9,25,72,COMPLETE
3795,3795,15754.0,2023-11-15 12:13:08.598211,2023-11-15 12:13:08.940890,0 days 00:00:00.342679,0.30000000000000004,20,3.0,0.9,18,77,COMPLETE
3796,3796,17920.75,2023-11-15 12:13:08.942806,2023-11-15 12:13:09.272930,0 days 00:00:00.330124,0.8,10,3.0,0.9,21,74,COMPLETE
3797,3797,17382.5,2023-11-15 12:13:09.274671,2023-11-15 12:13:09.608039,0 days 00:00:00.333368,0.8,10,2.5,0.9,28,69,COMPLETE
3798,3798,16719.5,2023-11-15 12:13:09.610152,2023-11-15 12:13:09.945032,0 days 00:00:00.334880,0.8,10,3.0,0.9,15,66,COMPLETE
3799,3799,15127.75,2023-11-15 12:13:09.946795,2023-11-15 12:13:10.276102,0 days 00:00:00.329307,0.8,10,2.75,0.9,19,31,COMPLETE
3800,3800,18973.5,2023-11-15 12:13:10.278431,2023-11-15 12:13:10.600938,0 days 00:00:00.322507,0.7000000000000001,10,3.0,0.9,24,71,COMPLETE
3801,3801,18682.0,2023-11-15 12:13:10.602978,2023-11-15 12:13:10.934136,0 days 00:00:00.331158,0.8,10,3.0,0.9,17,75,COMPLETE
3802,3802,17832.5,2023-11-15 12:13:10.935705,2023-11-15 12:13:11.265367,0 days 00:00:00.329662,0.8,10,2.75,0.9,21,81,COMPLETE
3803,3803,17648.0,2023-11-15 12:13:11.267099,2023-11-15 12:13:11.602628,0 days 00:00:00.335529,0.8,10,3.0,0.9,12,98,COMPLETE
3804,3804,17115.5,2023-11-15 12:13:11.604453,2023-11-15 12:13:11.940894,0 days 00:00:00.336441,0.8,10,3.0,0.9,23,69,COMPLETE
3805,3805,16371.5,2023-11-15 12:13:11.942815,2023-11-15 12:13:12.279981,0 days 00:00:00.337166,0.8,10,3.0,0.9,95,63,COMPLETE
3806,3806,17275.25,2023-11-15 12:13:12.281624,2023-11-15 12:13:12.618010,0 days 00:00:00.336386,0.8,20,2.75,0.9,19,72,COMPLETE
3807,3807,16633.0,2023-11-15 12:13:12.619685,2023-11-15 12:13:12.956835,0 days 00:00:00.337150,0.9,10,3.0,0.9,16,66,COMPLETE
3808,3808,16923.25,2023-11-15 12:13:12.958609,2023-11-15 12:13:13.299100,0 days 00:00:00.340491,0.8,10,3.0,0.9,55,76,COMPLETE
3809,3809,17825.5,2023-11-15 12:13:13.300902,2023-11-15 12:13:13.633331,0 days 00:00:00.332429,0.8,10,3.0,0.9,14,70,COMPLETE
3810,3810,17920.75,2023-11-15 12:13:13.635037,2023-11-15 12:13:13.965373,0 days 00:00:00.330336,0.8,10,3.0,0.9,21,74,COMPLETE
3811,3811,17917.0,2023-11-15 12:13:13.967202,2023-11-15 12:13:14.303787,0 days 00:00:00.336585,0.8,10,2.75,0.9,26,67,COMPLETE
3812,3812,18122.5,2023-11-15 12:13:14.305408,2023-11-15 12:13:14.655671,0 days 00:00:00.350263,0.8,10,3.0,0.9,18,72,COMPLETE
3813,3813,17369.25,2023-11-15 12:13:14.657427,2023-11-15 12:13:14.991981,0 days 00:00:00.334554,0.8,10,3.0,0.9,23,79,COMPLETE
3814,3814,17259.0,2023-11-15 12:13:14.994462,2023-11-15 12:13:15.328100,0 days 00:00:00.333638,0.8,20,3.0,0.9,20,60,COMPLETE
3815,3815,17111.5,2023-11-15 12:13:15.330174,2023-11-15 12:13:15.668232,0 days 00:00:00.338058,0.7000000000000001,10,2.75,0.9,61,69,COMPLETE
3816,3816,17462.25,2023-11-15 12:13:15.669993,2023-11-15 12:13:16.004918,0 days 00:00:00.334925,0.8,10,2.5,0.9,16,73,COMPLETE
3817,3817,12515.75,2023-11-15 12:13:16.006589,2023-11-15 12:13:16.368984,0 days 00:00:00.362395,0.8,80,3.0,0.9,18,77,COMPLETE
3818,3818,17654.5,2023-11-15 12:13:16.370813,2023-11-15 12:13:16.702745,0 days 00:00:00.331932,0.8,10,3.0,0.9,22,65,COMPLETE
3819,3819,17923.0,2023-11-15 12:13:16.704523,2023-11-15 12:13:17.031739,0 days 00:00:00.327216,0.6,10,2.75,0.9,14,70,COMPLETE
3820,3820,17920.75,2023-11-15 12:13:17.033309,2023-11-15 12:13:17.364357,0 days 00:00:00.331048,0.8,10,3.0,0.9,25,74,COMPLETE
3821,3821,17642.25,2023-11-15 12:13:17.365921,2023-11-15 12:13:17.694638,0 days 00:00:00.328717,0.8,10,3.0,0.8,20,68,COMPLETE
3822,3822,16899.25,2023-11-15 12:13:17.696468,2023-11-15 12:13:18.037959,0 days 00:00:00.341491,0.9,10,3.0,0.9,17,63,COMPLETE
3823,3823,18122.5,2023-11-15 12:13:18.039594,2023-11-15 12:13:18.372524,0 days 00:00:00.332930,0.8,10,3.0,0.9,22,72,COMPLETE
3824,3824,17917.0,2023-11-15 12:13:18.374101,2023-11-15 12:13:18.711827,0 days 00:00:00.337726,0.8,10,2.75,0.9,12,67,COMPLETE
3825,3825,17473.5,2023-11-15 12:13:18.713575,2023-11-15 12:13:19.050414,0 days 00:00:00.336839,0.8,10,2.25,0.9,19,76,COMPLETE
3826,3826,18392.25,2023-11-15 12:13:19.051987,2023-11-15 12:13:19.375531,0 days 00:00:00.323544,0.8,20,3.0,0.9,27,70,COMPLETE
3827,3827,17185.25,2023-11-15 12:13:19.377882,2023-11-15 12:13:19.713514,0 days 00:00:00.335632,0.8,10,2.75,0.9,15,73,COMPLETE
3828,3828,17833.0,2023-11-15 12:13:19.715190,2023-11-15 12:13:20.047142,0 days 00:00:00.331952,0.8,10,3.0,0.9,24,80,COMPLETE
3829,3829,17654.5,2023-11-15 12:13:20.048810,2023-11-15 12:13:20.381180,0 days 00:00:00.332370,0.8,10,3.0,0.9,20,65,COMPLETE
3830,3830,17842.25,2023-11-15 12:13:20.382856,2023-11-15 12:13:20.732594,0 days 00:00:00.349738,0.7000000000000001,10,3.0,0.9,17,77,COMPLETE
3831,3831,18014.5,2023-11-15 12:13:20.734217,2023-11-15 12:13:21.069243,0 days 00:00:00.335026,0.9,10,2.5,0.9,21,70,COMPLETE
3832,3832,17920.75,2023-11-15 12:13:21.070961,2023-11-15 12:13:21.406358,0 days 00:00:00.335397,0.8,10,3.0,0.9,18,74,COMPLETE
3833,3833,17917.0,2023-11-15 12:13:21.408366,2023-11-15 12:13:21.748039,0 days 00:00:00.339673,0.8,10,3.0,0.9,24,67,COMPLETE
3834,3834,19260.75,2023-11-15 12:13:21.749886,2023-11-15 12:13:22.078165,0 days 00:00:00.328279,0.8,10,2.75,0.9,15,71,COMPLETE
3835,3835,17363.5,2023-11-15 12:13:22.079867,2023-11-15 12:13:22.415108,0 days 00:00:00.335241,0.5,20,3.0,0.9,22,75,COMPLETE
3836,3836,17547.25,2023-11-15 12:13:22.416829,2023-11-15 12:13:22.751561,0 days 00:00:00.334732,0.8,10,3.0,0.9,13,68,COMPLETE
3837,3837,17932.0,2023-11-15 12:13:22.753340,2023-11-15 12:13:23.086168,0 days 00:00:00.332828,0.8,10,2.75,0.8,10,72,COMPLETE
3838,3838,16812.25,2023-11-15 12:13:23.087788,2023-11-15 12:13:23.429973,0 days 00:00:00.342185,0.8,10,3.0,0.9,19,61,COMPLETE
3839,3839,17360.25,2023-11-15 12:13:23.431595,2023-11-15 12:13:23.765760,0 days 00:00:00.334165,0.8,10,3.0,0.9,17,78,COMPLETE
3840,3840,17654.5,2023-11-15 12:13:23.767560,2023-11-15 12:13:24.098897,0 days 00:00:00.331337,0.8,10,2.75,0.9,21,65,COMPLETE
3841,3841,14310.5,2023-11-15 12:13:24.100582,2023-11-15 12:13:24.472484,0 days 00:00:00.371902,0.8,40,3.0,0.9,26,69,COMPLETE
3842,3842,17644.0,2023-11-15 12:13:24.474282,2023-11-15 12:13:24.808208,0 days 00:00:00.333926,0.8,10,3.0,0.9,16,82,COMPLETE
3843,3843,17186.0,2023-11-15 12:13:24.810427,2023-11-15 12:13:25.142190,0 days 00:00:00.331763,0.8,10,3.0,0.9,23,73,COMPLETE
3844,3844,17381.25,2023-11-15 12:13:25.144533,2023-11-15 12:13:25.477605,0 days 00:00:00.333072,0.7000000000000001,10,3.0,0.9,83,70,COMPLETE
3845,3845,16898.75,2023-11-15 12:13:25.479479,2023-11-15 12:13:25.811159,0 days 00:00:00.331680,0.8,20,3.0,0.9,19,76,COMPLETE
3846,3846,17917.0,2023-11-15 12:13:25.813065,2023-11-15 12:13:26.150531,0 days 00:00:00.337466,0.8,10,2.75,0.9,20,67,COMPLETE
3847,3847,18122.5,2023-11-15 12:13:26.152320,2023-11-15 12:13:26.488658,0 days 00:00:00.336338,0.8,10,3.0,0.9,14,72,COMPLETE
3848,3848,16661.0,2023-11-15 12:13:26.490414,2023-11-15 12:13:26.824448,0 days 00:00:00.334034,0.8,10,2.75,0.8,24,64,COMPLETE
3849,3849,18587.75,2023-11-15 12:13:26.826243,2023-11-15 12:13:27.154200,0 days 00:00:00.327957,0.9,10,3.0,0.9,17,75,COMPLETE
3850,3850,17115.5,2023-11-15 12:13:27.155937,2023-11-15 12:13:27.537686,0 days 00:00:00.381749,0.8,10,3.0,0.9,29,69,COMPLETE
3851,3851,13746.5,2023-11-15 12:13:27.539286,2023-11-15 12:13:27.892862,0 days 00:00:00.353576,0.8,70,3.0,0.9,22,72,COMPLETE
3852,3852,17730.75,2023-11-15 12:13:27.895119,2023-11-15 12:13:28.224849,0 days 00:00:00.329730,0.8,10,2.5,0.9,19,78,COMPLETE
3853,3853,17917.0,2023-11-15 12:13:28.226710,2023-11-15 12:13:28.564868,0 days 00:00:00.338158,0.8,10,2.75,0.9,15,67,COMPLETE
3854,3854,17920.75,2023-11-15 12:13:28.566581,2023-11-15 12:13:28.902651,0 days 00:00:00.336070,0.8,10,3.0,0.9,66,74,COMPLETE
3855,3855,17915.25,2023-11-15 12:13:28.904352,2023-11-15 12:13:29.258018,0 days 00:00:00.353666,0.7000000000000001,10,3.0,0.9,26,124,COMPLETE
3856,3856,16543.25,2023-11-15 12:13:29.260161,2023-11-15 12:13:29.601775,0 days 00:00:00.341614,0.8,10,3.0,0.9,12,63,COMPLETE
3857,3857,18392.25,2023-11-15 12:13:29.603670,2023-11-15 12:13:29.934942,0 days 00:00:00.331272,0.8,20,3.0,0.9,21,70,COMPLETE
3858,3858,18215.25,2023-11-15 12:13:29.936534,2023-11-15 12:13:30.271959,0 days 00:00:00.335425,0.8,10,2.75,0.9,18,72,COMPLETE
3859,3859,17917.0,2023-11-15 12:13:30.273637,2023-11-15 12:13:30.609743,0 days 00:00:00.336106,0.8,10,3.0,0.9,16,67,COMPLETE
3860,3860,17284.5,2023-11-15 12:13:30.612009,2023-11-15 12:13:30.954796,0 days 00:00:00.342787,0.8,10,3.0,0.8,22,76,COMPLETE
3861,3861,17825.5,2023-11-15 12:13:30.956489,2023-11-15 12:13:31.291958,0 days 00:00:00.335469,0.8,10,2.75,0.9,24,70,COMPLETE
3862,3862,17924.5,2023-11-15 12:13:31.294336,2023-11-15 12:13:31.635872,0 days 00:00:00.341536,0.9,10,3.0,0.9,20,80,COMPLETE
3863,3863,17828.0,2023-11-15 12:13:31.637445,2023-11-15 12:13:31.986702,0 days 00:00:00.349257,0.8,10,2.5,0.9,18,74,COMPLETE
3864,3864,17654.5,2023-11-15 12:13:31.988380,2023-11-15 12:13:32.333727,0 days 00:00:00.345347,0.8,10,3.0,0.9,27,65,COMPLETE
3865,3865,15575.75,2023-11-15 12:13:32.335767,2023-11-15 12:13:32.690391,0 days 00:00:00.354624,0.8,20,3.0,0.9,14,59,COMPLETE
3866,3866,17115.5,2023-11-15 12:13:32.692203,2023-11-15 12:13:33.063845,0 days 00:00:00.371642,0.8,10,2.75,0.9,20,69,COMPLETE
3867,3867,18122.5,2023-11-15 12:13:33.065684,2023-11-15 12:13:33.412210,0 days 00:00:00.346526,0.8,10,3.0,0.9,16,72,COMPLETE
3868,3868,18026.0,2023-11-15 12:13:33.414293,2023-11-15 12:13:33.787036,0 days 00:00:00.372743,0.8,10,3.0,0.9,23,77,COMPLETE
3869,3869,17549.5,2023-11-15 12:13:33.788674,2023-11-15 12:13:34.137647,0 days 00:00:00.348973,0.7000000000000001,10,3.0,0.9,18,68,COMPLETE
3870,3870,17840.25,2023-11-15 12:13:34.139266,2023-11-15 12:13:34.482532,0 days 00:00:00.343266,0.8,10,2.75,0.5,21,74,COMPLETE
3871,3871,16711.25,2023-11-15 12:13:34.484194,2023-11-15 12:13:34.831866,0 days 00:00:00.347672,0.8,10,3.0,0.9,25,62,COMPLETE
3872,3872,15068.0,2023-11-15 12:13:34.833517,2023-11-15 12:13:35.200645,0 days 00:00:00.367128,0.30000000000000004,10,3.0,0.4,11,70,COMPLETE
3873,3873,17117.25,2023-11-15 12:13:35.202274,2023-11-15 12:13:35.546993,0 days 00:00:00.344719,0.8,10,3.0,0.30000000000000004,16,67,COMPLETE
3874,3874,18028.25,2023-11-15 12:13:35.548773,2023-11-15 12:13:35.898152,0 days 00:00:00.349379,0.8,10,2.25,0.9,19,72,COMPLETE
3875,3875,17639.25,2023-11-15 12:13:35.899727,2023-11-15 12:13:36.236766,0 days 00:00:00.337039,0.9,10,2.75,0.9,13,78,COMPLETE
3876,3876,18299.75,2023-11-15 12:13:36.238410,2023-11-15 12:13:36.570752,0 days 00:00:00.332342,0.8,10,3.0,0.8,22,65,COMPLETE
3877,3877,17190.0,2023-11-15 12:13:36.572520,2023-11-15 12:13:36.920419,0 days 00:00:00.347899,0.8,20,3.0,0.9,17,75,COMPLETE
3878,3878,17577.75,2023-11-15 12:13:36.922052,2023-11-15 12:13:37.259674,0 days 00:00:00.337622,0.4,10,3.0,0.9,24,71,COMPLETE
3879,3879,17549.75,2023-11-15 12:13:37.261908,2023-11-15 12:13:37.597483,0 days 00:00:00.335575,0.8,10,2.5,0.9,20,68,COMPLETE
3880,3880,17833.75,2023-11-15 12:13:37.599408,2023-11-15 12:13:37.937817,0 days 00:00:00.338409,0.8,10,3.0,0.9,15,83,COMPLETE
3881,3881,17920.75,2023-11-15 12:13:37.939446,2023-11-15 12:13:38.294561,0 days 00:00:00.355115,0.8,10,2.75,0.9,18,74,COMPLETE
3882,3882,19260.75,2023-11-15 12:13:38.296756,2023-11-15 12:13:38.643515,0 days 00:00:00.346759,0.8,10,3.0,0.9,28,71,COMPLETE
3883,3883,16276.75,2023-11-15 12:13:38.645677,2023-11-15 12:13:39.006093,0 days 00:00:00.360416,0.7000000000000001,20,3.0,0.6,23,66,COMPLETE
3884,3884,17196.25,2023-11-15 12:13:39.007738,2023-11-15 12:13:39.374563,0 days 00:00:00.366825,0.8,10,2.75,0.9,21,76,COMPLETE
3885,3885,16632.25,2023-11-15 12:13:39.376274,2023-11-15 12:13:39.739988,0 days 00:00:00.363714,0.8,10,3.0,0.9,19,63,COMPLETE
3886,3886,17825.5,2023-11-15 12:13:39.741714,2023-11-15 12:13:40.115031,0 days 00:00:00.373317,0.8,10,3.0,0.9,14,70,COMPLETE
3887,3887,17828.0,2023-11-15 12:13:40.116676,2023-11-15 12:13:40.462035,0 days 00:00:00.345359,0.6,10,3.0,0.9,17,79,COMPLETE
3888,3888,18215.25,2023-11-15 12:13:40.464054,2023-11-15 12:13:40.796160,0 days 00:00:00.332106,0.8,10,2.75,0.9,26,72,COMPLETE
3889,3889,13758.0,2023-11-15 12:13:40.797935,2023-11-15 12:13:41.138540,0 days 00:00:00.340605,0.8,10,3.0,0.8,22,27,COMPLETE
3890,3890,17547.25,2023-11-15 12:13:41.140261,2023-11-15 12:13:41.474265,0 days 00:00:00.334004,0.8,10,3.0,0.9,20,68,COMPLETE
3891,3891,17920.75,2023-11-15 12:13:41.476193,2023-11-15 12:13:41.820626,0 days 00:00:00.344433,0.8,10,2.75,0.9,16,74,COMPLETE
3892,3892,17649.5,2023-11-15 12:13:41.822427,2023-11-15 12:13:42.158597,0 days 00:00:00.336170,0.9,10,3.0,0.9,25,65,COMPLETE
3893,3893,17825.5,2023-11-15 12:13:42.160885,2023-11-15 12:13:42.495324,0 days 00:00:00.334439,0.8,10,3.0,0.9,18,70,COMPLETE
3894,3894,16923.25,2023-11-15 12:13:42.497126,2023-11-15 12:13:42.842416,0 days 00:00:00.345290,0.8,10,3.0,0.9,12,76,COMPLETE
3895,3895,16635.0,2023-11-15 12:13:42.844859,2023-11-15 12:13:43.196340,0 days 00:00:00.351481,0.8,20,2.75,0.9,23,73,COMPLETE
3896,3896,7383.75,2023-11-15 12:13:43.197960,2023-11-15 12:13:43.534114,0 days 00:00:00.336154,0.8,10,3.0,0.9,20,12,COMPLETE
3897,3897,17547.25,2023-11-15 12:13:43.536058,2023-11-15 12:13:43.873676,0 days 00:00:00.337618,0.8,10,3.0,0.9,14,68,COMPLETE
3898,3898,18586.0,2023-11-15 12:13:43.875268,2023-11-15 12:13:44.221010,0 days 00:00:00.345742,0.7000000000000001,10,3.0,0.9,18,80,COMPLETE
3899,3899,18122.5,2023-11-15 12:13:44.222632,2023-11-15 12:13:44.559215,0 days 00:00:00.336583,0.8,10,3.0,0.9,22,72,COMPLETE
3900,3900,16633.0,2023-11-15 12:13:44.561533,2023-11-15 12:13:44.900349,0 days 00:00:00.338816,0.9,10,2.75,0.9,10,66,COMPLETE
3901,3901,17560.0,2023-11-15 12:13:44.902159,2023-11-15 12:13:45.246018,0 days 00:00:00.343859,0.8,10,2.5,0.8,16,76,COMPLETE
3902,3902,16726.25,2023-11-15 12:13:45.247811,2023-11-15 12:13:45.593144,0 days 00:00:00.345333,0.8,10,3.0,0.9,20,61,COMPLETE
3903,3903,16617.75,2023-11-15 12:13:45.595428,2023-11-15 12:13:45.930675,0 days 00:00:00.335247,0.8,20,3.0,0.9,25,69,COMPLETE
3904,3904,17920.75,2023-11-15 12:13:45.932314,2023-11-15 12:13:46.282512,0 days 00:00:00.350198,0.8,10,3.0,0.9,22,74,COMPLETE
3905,3905,19260.75,2023-11-15 12:13:46.284293,2023-11-15 12:13:46.620579,0 days 00:00:00.336286,0.8,10,2.75,0.9,18,71,COMPLETE
3906,3906,17014.0,2023-11-15 12:13:46.622219,2023-11-15 12:13:46.959480,0 days 00:00:00.337261,0.8,10,3.0,0.9,16,64,COMPLETE
3907,3907,17360.25,2023-11-15 12:13:46.961715,2023-11-15 12:13:47.304091,0 days 00:00:00.342376,0.8,10,3.0,0.9,20,78,COMPLETE
3908,3908,12338.5,2023-11-15 12:13:47.305852,2023-11-15 12:13:47.656607,0 days 00:00:00.350755,0.8,90,3.0,0.9,24,68,COMPLETE
3909,3909,17369.5,2023-11-15 12:13:47.658177,2023-11-15 12:13:47.996029,0 days 00:00:00.337852,0.8,10,2.75,0.9,28,73,COMPLETE
3910,3910,17829.75,2023-11-15 12:13:47.997769,2023-11-15 12:13:48.329744,0 days 00:00:00.331975,0.7000000000000001,10,3.0,0.9,15,70,COMPLETE
3911,3911,17828.0,2023-11-15 12:13:48.331403,2023-11-15 12:13:48.676621,0 days 00:00:00.345218,0.8,10,2.5,0.9,18,74,COMPLETE
3912,3912,14199.0,2023-11-15 12:13:48.679276,2023-11-15 12:13:49.025935,0 days 00:00:00.346659,0.8,50,3.0,0.9,13,66,COMPLETE
3913,3913,19260.75,2023-11-15 12:13:49.028098,2023-11-15 12:13:49.352685,0 days 00:00:00.324587,0.9,10,2.75,0.8,21,71,COMPLETE
3914,3914,18026.0,2023-11-15 12:13:49.354477,2023-11-15 12:13:49.689179,0 days 00:00:00.334702,0.8,10,3.0,0.9,23,77,COMPLETE
3915,3915,17115.5,2023-11-15 12:13:49.690980,2023-11-15 12:13:50.043517,0 days 00:00:00.352537,0.8,10,3.0,0.9,19,69,COMPLETE
3916,3916,16543.25,2023-11-15 12:13:50.045865,2023-11-15 12:13:50.388478,0 days 00:00:00.342613,0.8,10,3.0,0.9,17,63,COMPLETE
3917,3917,17833.0,2023-11-15 12:13:50.390360,2023-11-15 12:13:50.729741,0 days 00:00:00.339381,0.8,10,2.25,0.9,21,81,COMPLETE
3918,3918,16635.0,2023-11-15 12:13:50.731374,2023-11-15 12:13:51.077503,0 days 00:00:00.346129,0.8,20,2.75,0.9,26,73,COMPLETE
3919,3919,17262.75,2023-11-15 12:13:51.079544,2023-11-15 12:13:51.417506,0 days 00:00:00.337962,0.8,30,3.0,0.9,14,66,COMPLETE
3920,3920,16923.25,2023-11-15 12:13:51.419191,2023-11-15 12:13:51.767224,0 days 00:00:00.348033,0.8,10,3.0,0.9,24,76,COMPLETE
3921,3921,19260.75,2023-11-15 12:13:51.768913,2023-11-15 12:13:52.101191,0 days 00:00:00.332278,0.8,10,3.0,0.9,19,71,COMPLETE
3922,3922,17111.5,2023-11-15 12:13:52.103115,2023-11-15 12:13:52.444515,0 days 00:00:00.341400,0.7000000000000001,10,2.75,0.9,16,69,COMPLETE
3923,3923,17920.75,2023-11-15 12:13:52.446184,2023-11-15 12:13:52.785255,0 days 00:00:00.339071,0.8,10,3.0,0.9,22,74,COMPLETE
3924,3924,17547.25,2023-11-15 12:13:52.786907,2023-11-15 12:13:53.123904,0 days 00:00:00.336997,0.8,10,3.0,0.9,20,68,COMPLETE
3925,3925,14305.0,2023-11-15 12:13:53.125674,2023-11-15 12:13:53.485539,0 days 00:00:00.359865,0.1,20,2.75,0.9,17,72,COMPLETE
3926,3926,17360.25,2023-11-15 12:13:53.487197,2023-11-15 12:13:53.842776,0 days 00:00:00.355579,0.8,10,3.0,0.9,12,78,COMPLETE
3927,3927,18299.75,2023-11-15 12:13:53.845046,2023-11-15 12:13:54.180117,0 days 00:00:00.335071,0.8,10,3.0,0.8,23,65,COMPLETE
3928,3928,18682.0,2023-11-15 12:13:54.181796,2023-11-15 12:13:54.521662,0 days 00:00:00.339866,0.8,10,3.0,0.9,19,75,COMPLETE
3929,3929,18584.25,2023-11-15 12:13:54.523662,2023-11-15 12:13:54.860004,0 days 00:00:00.336342,0.8,10,3.0,0.9,15,85,COMPLETE
3930,3930,17099.5,2023-11-15 12:13:54.862275,2023-11-15 12:13:55.199965,0 days 00:00:00.337690,0.8,10,2.75,0.9,27,60,COMPLETE
3931,3931,17829.25,2023-11-15 12:13:55.201549,2023-11-15 12:13:55.539796,0 days 00:00:00.338247,0.5,10,3.0,0.9,21,70,COMPLETE
3932,3932,17917.0,2023-11-15 12:13:55.541651,2023-11-15 12:13:55.885485,0 days 00:00:00.343834,0.8,10,3.0,0.9,18,67,COMPLETE
3933,3933,13301.25,2023-11-15 12:13:55.887154,2023-11-15 12:13:56.241864,0 days 00:00:00.354710,0.8,60,2.5,0.9,24,57,COMPLETE
