,number,value,datetime_start,datetime_complete,duration,params_alpha,params_decay_interval,params_decay_rate,params_gamma,params_initialization,params_max_steps,state
9920,9920,14876.0,2023-11-15 13:15:53.102295,2023-11-15 13:15:54.003292,0 days 00:00:00.900997,0.8,40,2.75,0.9,17,78,COMPLETE
9921,9921,17654.5,2023-11-15 13:15:54.006101,2023-11-15 13:15:54.888280,0 days 00:00:00.882179,0.8,10,3.0,0.9,15,65,COMPLETE
9922,9922,18109.0,2023-11-15 13:15:54.891630,2023-11-15 13:15:55.766027,0 days 00:00:00.874397,0.9,10,3.0,0.9,19,70,COMPLETE
9923,9923,17920.75,2023-11-15 13:15:55.768851,2023-11-15 13:15:56.701914,0 days 00:00:00.933063,0.8,10,2.75,0.9,23,74,COMPLETE
9924,9924,17271.75,2023-11-15 13:15:56.704885,2023-11-15 13:15:57.595753,0 days 00:00:00.890868,0.8,10,3.0,0.9,26,59,COMPLETE
9925,9925,17933.5,2023-11-15 13:15:57.599094,2023-11-15 13:15:58.475833,0 days 00:00:00.876739,0.8,10,1.75,0.8,21,67,COMPLETE
9926,9926,17275.25,2023-11-15 13:15:58.478973,2023-11-15 13:15:59.384027,0 days 00:00:00.905054,0.8,20,3.0,0.9,17,72,COMPLETE
9927,9927,16923.25,2023-11-15 13:15:59.386929,2023-11-15 13:16:00.348325,0 days 00:00:00.961396,0.8,10,3.0,0.9,24,76,COMPLETE
9928,9928,13522.0,2023-11-15 13:16:00.351684,2023-11-15 13:16:01.289149,0 days 00:00:00.937465,0.7000000000000001,10,2.75,0.9,19,22,COMPLETE
9929,9929,17825.5,2023-11-15 13:16:01.292770,2023-11-15 13:16:02.196388,0 days 00:00:00.903618,0.8,10,3.0,0.9,29,70,COMPLETE
9930,9930,17917.0,2023-11-15 13:16:02.199752,2023-11-15 13:16:03.206488,0 days 00:00:01.006736,0.8,10,3.0,0.9,15,67,COMPLETE
9931,9931,16636.0,2023-11-15 13:16:03.210454,2023-11-15 13:16:04.398829,0 days 00:00:01.188375,0.8,20,3.0,0.9,21,73,COMPLETE
9932,9932,18119.75,2023-11-15 13:16:04.401987,2023-11-15 13:16:05.275909,0 days 00:00:00.873922,0.4,10,2.5,0.9,17,80,COMPLETE
9933,9933,16543.25,2023-11-15 13:16:05.278842,2023-11-15 13:16:06.180458,0 days 00:00:00.901616,0.8,10,2.75,0.9,12,63,COMPLETE
9934,9934,17825.5,2023-11-15 13:16:06.183785,2023-11-15 13:16:07.120019,0 days 00:00:00.936234,0.8,10,3.0,0.9,22,70,COMPLETE
9935,9935,16923.25,2023-11-15 13:16:07.123527,2023-11-15 13:16:08.013217,0 days 00:00:00.889690,0.8,10,3.0,0.9,20,76,COMPLETE
9936,9936,17547.25,2023-11-15 13:16:08.016134,2023-11-15 13:16:08.946621,0 days 00:00:00.930487,0.8,10,3.0,0.9,25,68,COMPLETE
9937,9937,17188.25,2023-11-15 13:16:08.949646,2023-11-15 13:16:09.950676,0 days 00:00:01.001030,0.8,10,2.75,0.9,18,73,COMPLETE
9938,9938,17654.5,2023-11-15 13:16:09.953958,2023-11-15 13:16:10.962264,0 days 00:00:01.008306,0.8,10,3.0,0.9,14,65,COMPLETE
9939,9939,19260.75,2023-11-15 13:16:10.965118,2023-11-15 13:16:11.989431,0 days 00:00:01.024313,0.8,10,3.0,0.9,23,71,COMPLETE
9940,9940,17835.5,2023-11-15 13:16:11.992968,2023-11-15 13:16:12.973657,0 days 00:00:00.980689,0.8,10,3.0,0.9,16,83,COMPLETE
9941,9941,17824.75,2023-11-15 13:16:12.976970,2023-11-15 13:16:13.913904,0 days 00:00:00.936934,0.9,10,2.75,0.8,19,78,COMPLETE
9942,9942,15902.75,2023-11-15 13:16:13.917459,2023-11-15 13:16:15.330798,0 days 00:00:01.413339,0.8,20,3.0,0.9,21,61,COMPLETE
9943,9943,17920.75,2023-11-15 13:16:15.362117,2023-11-15 13:16:16.432864,0 days 00:00:01.070747,0.8,10,3.0,0.9,26,74,COMPLETE
9944,9944,17115.5,2023-11-15 13:16:16.435989,2023-11-15 13:16:17.650837,0 days 00:00:01.214848,0.8,10,3.0,0.9,17,69,COMPLETE
9945,9945,16731.75,2023-11-15 13:16:17.654805,2023-11-15 13:16:18.912835,0 days 00:00:01.258030,0.8,10,2.25,0.9,19,66,COMPLETE
9946,9946,18215.25,2023-11-15 13:16:18.932024,2023-11-15 13:16:19.988723,0 days 00:00:01.056699,0.8,10,2.75,0.9,13,72,COMPLETE
9947,9947,18679.5,2023-11-15 13:16:19.992474,2023-11-15 13:16:21.020170,0 days 00:00:01.027696,0.7000000000000001,10,3.0,0.9,23,75,COMPLETE
9948,9948,17289.75,2023-11-15 13:16:21.023896,2023-11-15 13:16:22.063714,0 days 00:00:01.039818,0.8,10,3.0,0.5,15,69,COMPLETE
9949,9949,19260.75,2023-11-15 13:16:22.067468,2023-11-15 13:16:23.155050,0 days 00:00:01.087582,0.8,10,2.75,0.9,50,71,COMPLETE
9950,9950,13234.5,2023-11-15 13:16:23.158463,2023-11-15 13:16:24.184433,0 days 00:00:01.025970,0.8,50,3.0,0.8,21,78,COMPLETE
9951,9951,16719.5,2023-11-15 13:16:24.188119,2023-11-15 13:16:25.199135,0 days 00:00:01.011016,0.8,10,3.0,0.9,19,66,COMPLETE
9952,9952,17920.75,2023-11-15 13:16:25.202272,2023-11-15 13:16:26.142887,0 days 00:00:00.940615,0.8,10,3.0,0.9,11,74,COMPLETE
9953,9953,16617.75,2023-11-15 13:16:26.146191,2023-11-15 13:16:27.129561,0 days 00:00:00.983370,0.8,20,2.5,0.9,24,69,COMPLETE
9954,9954,16899.25,2023-11-15 13:16:27.134571,2023-11-15 13:16:28.313915,0 days 00:00:01.179344,0.9,10,2.75,0.9,17,63,COMPLETE
9955,9955,19166.0,2023-11-15 13:16:28.318322,2023-11-15 13:16:29.399943,0 days 00:00:01.081621,0.8,10,3.0,0.6,41,76,COMPLETE
9956,9956,18122.5,2023-11-15 13:16:29.404363,2023-11-15 13:16:30.324368,0 days 00:00:00.920005,0.8,10,3.0,0.9,28,72,COMPLETE
9957,9957,17547.25,2023-11-15 13:16:30.327619,2023-11-15 13:16:31.277151,0 days 00:00:00.949532,0.8,10,3.0,0.9,22,68,COMPLETE
9958,9958,17830.5,2023-11-15 13:16:31.280105,2023-11-15 13:16:32.245033,0 days 00:00:00.964928,0.7000000000000001,10,3.0,0.9,15,81,COMPLETE
9959,9959,18215.25,2023-11-15 13:16:32.248526,2023-11-15 13:16:33.273045,0 days 00:00:01.024519,0.8,10,2.75,0.9,31,72,COMPLETE
9960,9960,17654.5,2023-11-15 13:16:33.276792,2023-11-15 13:16:34.303333,0 days 00:00:01.026541,0.8,10,3.0,0.9,19,65,COMPLETE
9961,9961,17193.5,2023-11-15 13:16:34.306539,2023-11-15 13:16:35.225621,0 days 00:00:00.919082,0.8,10,2.75,0.8,21,76,COMPLETE
9962,9962,17373.75,2023-11-15 13:16:35.229275,2023-11-15 13:16:36.141418,0 days 00:00:00.912143,0.8,10,2.5,0.4,17,70,COMPLETE
9963,9963,17922.25,2023-11-15 13:16:36.144965,2023-11-15 13:16:37.048399,0 days 00:00:00.903434,0.8,10,1.25,0.9,24,67,COMPLETE
9964,9964,16636.0,2023-11-15 13:16:37.051280,2023-11-15 13:16:37.983436,0 days 00:00:00.932156,0.8,20,3.0,0.9,13,73,COMPLETE
9965,9965,17360.25,2023-11-15 13:16:37.986847,2023-11-15 13:16:38.876598,0 days 00:00:00.889751,0.8,10,3.0,0.9,19,78,COMPLETE
9966,9966,17653.25,2023-11-15 13:16:38.879424,2023-11-15 13:16:39.769715,0 days 00:00:00.890291,0.9,10,3.0,0.2,16,70,COMPLETE
9967,9967,17920.75,2023-11-15 13:16:39.772537,2023-11-15 13:16:40.669213,0 days 00:00:00.896676,0.8,10,3.0,0.9,26,74,COMPLETE
9968,9968,16627.5,2023-11-15 13:16:40.672100,2023-11-15 13:16:41.857398,0 days 00:00:01.185298,0.8,10,1.0,0.9,22,62,COMPLETE
9969,9969,17917.0,2023-11-15 13:16:41.873926,2023-11-15 13:16:42.931524,0 days 00:00:01.057598,0.8,10,2.75,0.9,20,67,COMPLETE
9970,9970,19260.75,2023-11-15 13:16:42.934645,2023-11-15 13:16:43.982054,0 days 00:00:01.047409,0.8,10,3.0,0.9,18,71,COMPLETE
9971,9971,18679.5,2023-11-15 13:16:43.984998,2023-11-15 13:16:44.979090,0 days 00:00:00.994092,0.7000000000000001,10,3.0,0.9,14,75,COMPLETE
9972,9972,17547.25,2023-11-15 13:16:44.982057,2023-11-15 13:16:45.872494,0 days 00:00:00.890437,0.8,10,2.75,0.9,22,68,COMPLETE
9973,9973,18122.5,2023-11-15 13:16:45.877194,2023-11-15 13:16:46.798191,0 days 00:00:00.920997,0.8,10,3.0,0.9,10,72,COMPLETE
9974,9974,15905.0,2023-11-15 13:16:46.801061,2023-11-15 13:16:47.699073,0 days 00:00:00.898012,0.8,20,3.0,0.9,25,64,COMPLETE
9975,9975,18026.0,2023-11-15 13:16:47.702410,2023-11-15 13:16:48.627861,0 days 00:00:00.925451,0.8,10,3.0,0.9,16,77,COMPLETE
9976,9976,17020.25,2023-11-15 13:16:48.631332,2023-11-15 13:16:49.533322,0 days 00:00:00.901990,0.8,10,3.0,0.8,20,69,COMPLETE
9977,9977,17920.75,2023-11-15 13:16:49.536219,2023-11-15 13:16:50.424149,0 days 00:00:00.887930,0.8,10,2.75,0.9,23,74,COMPLETE
9978,9978,17375.5,2023-11-15 13:16:50.427604,2023-11-15 13:16:51.323989,0 days 00:00:00.896385,0.9,10,3.0,0.7000000000000001,18,65,COMPLETE
9979,9979,17927.5,2023-11-15 13:16:51.327563,2023-11-15 13:16:52.278397,0 days 00:00:00.950834,0.8,10,2.75,0.9,21,80,COMPLETE
9980,9980,17829.25,2023-11-15 13:16:52.281360,2023-11-15 13:16:53.331429,0 days 00:00:01.050069,0.5,10,3.0,0.9,15,70,COMPLETE
9981,9981,17275.25,2023-11-15 13:16:53.335197,2023-11-15 13:16:54.677252,0 days 00:00:01.342055,0.8,20,2.5,0.9,27,72,COMPLETE
9982,9982,17547.25,2023-11-15 13:16:54.680311,2023-11-15 13:16:55.585502,0 days 00:00:00.905191,0.8,10,3.0,0.9,18,68,COMPLETE
9983,9983,18682.0,2023-11-15 13:16:55.588367,2023-11-15 13:16:56.482270,0 days 00:00:00.893903,0.8,10,3.0,0.9,20,75,COMPLETE
9984,9984,17080.5,2023-11-15 13:16:56.485226,2023-11-15 13:16:57.383550,0 days 00:00:00.898324,0.7000000000000001,10,3.0,0.9,24,66,COMPLETE
9985,9985,17369.5,2023-11-15 13:16:57.386558,2023-11-15 13:16:58.296516,0 days 00:00:00.909958,0.8,10,2.75,0.9,13,60,COMPLETE
9986,9986,18122.5,2023-11-15 13:16:58.299533,2023-11-15 13:16:59.182456,0 days 00:00:00.882923,0.8,10,3.0,0.9,17,72,COMPLETE
9987,9987,18121.5,2023-11-15 13:16:59.185337,2023-11-15 13:17:00.099750,0 days 00:00:00.914413,0.8,10,3.0,0.9,22,77,COMPLETE
9988,9988,17731.5,2023-11-15 13:17:00.102673,2023-11-15 13:17:00.987906,0 days 00:00:00.885233,0.8,10,2.75,0.9,19,70,COMPLETE
9989,9989,17733.0,2023-11-15 13:17:00.991612,2023-11-15 13:17:01.931734,0 days 00:00:00.940122,0.8,10,2.25,0.9,36,74,COMPLETE
9990,9990,17917.0,2023-11-15 13:17:01.934600,2023-11-15 13:17:02.846410,0 days 00:00:00.911810,0.8,10,3.0,0.9,16,67,COMPLETE
9991,9991,19260.75,2023-11-15 13:17:02.849589,2023-11-15 13:17:03.733218,0 days 00:00:00.883629,0.8,10,3.0,0.9,24,71,COMPLETE
9992,9992,17108.75,2023-11-15 13:17:03.736276,2023-11-15 13:17:04.632788,0 days 00:00:00.896512,0.9,10,3.0,0.9,8,64,COMPLETE
9993,9993,14012.75,2023-11-15 13:17:04.635658,2023-11-15 13:17:05.543976,0 days 00:00:00.908318,0.8,20,3.0,0.9,21,27,COMPLETE
9994,9994,17545.25,2023-11-15 13:17:05.546990,2023-11-15 13:17:06.526658,0 days 00:00:00.979668,0.8,10,2.0,0.9,15,78,COMPLETE
9995,9995,18018.25,2023-11-15 13:17:06.530803,2023-11-15 13:17:07.628160,0 days 00:00:01.097357,0.8,10,2.75,0.8,18,74,COMPLETE
9996,9996,17549.5,2023-11-15 13:17:07.632065,2023-11-15 13:17:08.691606,0 days 00:00:01.059541,0.7000000000000001,10,3.0,0.9,12,68,COMPLETE
9997,9997,14236.75,2023-11-15 13:17:08.694997,2023-11-15 13:17:09.647085,0 days 00:00:00.952088,0.8,60,3.0,0.9,29,71,COMPLETE
9998,9998,18682.0,2023-11-15 13:17:09.649987,2023-11-15 13:17:10.538970,0 days 00:00:00.888983,0.8,10,3.0,0.9,26,75,COMPLETE
9999,9999,17743.75,2023-11-15 13:17:10.542537,2023-11-15 13:17:11.453086,0 days 00:00:00.910549,0.8,10,2.75,0.9,20,83,COMPLETE
