,number,value,datetime_start,datetime_complete,duration,params_alpha,params_decay_interval,params_decay_rate,params_gamma,params_initialization,params_max_steps,state
9162,9162,18303.25,2023-11-15 11:48:21.848275,2023-11-15 11:48:22.622959,0 days 00:00:00.774684,0.2,10,0.5,0.9,88,143,COMPLETE
9163,9163,19261.0,2023-11-15 11:48:22.625642,2023-11-15 11:48:23.384638,0 days 00:00:00.758996,0.1,10,0.75,0.9,10,147,COMPLETE
9164,9164,18985.25,2023-11-15 11:48:23.387423,2023-11-15 11:48:24.153243,0 days 00:00:00.765820,0.4,10,0.75,0.9,2,138,COMPLETE
9165,9165,19270.0,2023-11-15 11:48:24.156332,2023-11-15 11:48:24.937462,0 days 00:00:00.781130,0.2,10,1.25,0.9,0,145,COMPLETE
9166,9166,19051.5,2023-11-15 11:48:24.940312,2023-11-15 11:48:25.716408,0 days 00:00:00.776096,0.2,10,0.75,0.9,3,142,COMPLETE
9167,9167,19262.25,2023-11-15 11:48:25.719150,2023-11-15 11:48:26.482016,0 days 00:00:00.762866,0.2,10,0.75,0.9,6,145,COMPLETE
9168,9168,19132.0,2023-11-15 11:48:26.484717,2023-11-15 11:48:27.285236,0 days 00:00:00.800519,0.1,10,1.0,0.9,2,150,COMPLETE
9169,9169,14258.75,2023-11-15 11:48:27.288063,2023-11-15 11:48:28.091986,0 days 00:00:00.803923,0.2,10,0.75,0.8,59,140,COMPLETE
9170,9170,12721.75,2023-11-15 11:48:28.095447,2023-11-15 11:48:28.918342,0 days 00:00:00.822895,0.2,20,0.75,0.30000000000000004,4,147,COMPLETE
9171,9171,19261.0,2023-11-15 11:48:28.921350,2023-11-15 11:48:29.674811,0 days 00:00:00.753461,0.2,10,0.75,0.4,0,143,COMPLETE
9172,9172,18137.0,2023-11-15 11:48:29.677968,2023-11-15 11:48:30.472044,0 days 00:00:00.794076,0.30000000000000004,10,0.25,0.6,8,147,COMPLETE
9173,9173,18996.75,2023-11-15 11:48:30.474867,2023-11-15 11:48:31.240660,0 days 00:00:00.765793,0.1,10,0.5,0.7000000000000001,2,137,COMPLETE
9174,9174,9553.5,2023-11-15 11:48:31.243698,2023-11-15 11:48:32.100206,0 days 00:00:00.856508,0.2,10,1.25,0.1,5,143,COMPLETE
9175,9175,19261.0,2023-11-15 11:48:32.102998,2023-11-15 11:48:32.889819,0 days 00:00:00.786821,0.2,10,1.0,0.4,0,150,COMPLETE
9176,9176,19066.25,2023-11-15 11:48:32.892585,2023-11-15 11:48:33.704450,0 days 00:00:00.811865,0.2,10,0.75,0.9,3,140,COMPLETE
9177,9177,19292.25,2023-11-15 11:48:33.707170,2023-11-15 11:48:34.476128,0 days 00:00:00.768958,0.2,10,0.75,0.9,2,145,COMPLETE
9178,9178,19071.0,2023-11-15 11:48:34.479683,2023-11-15 11:48:35.257195,0 days 00:00:00.777512,0.1,10,0.75,0.9,0,76,COMPLETE
9179,9179,19261.0,2023-11-15 11:48:35.260020,2023-11-15 11:48:36.019769,0 days 00:00:00.759749,0.2,10,0.75,0.9,6,147,COMPLETE
9180,9180,19050.0,2023-11-15 11:48:36.022592,2023-11-15 11:48:36.804008,0 days 00:00:00.781416,0.2,10,1.0,0.9,4,143,COMPLETE
9181,9181,19201.25,2023-11-15 11:48:36.807095,2023-11-15 11:48:37.576759,0 days 00:00:00.769664,0.2,10,0.75,0.9,2,148,COMPLETE
9182,9182,0.0,2023-11-15 11:48:37.579738,2023-11-15 11:48:38.343684,0 days 00:00:00.763946,0.2,20,0.75,0.8,0,18,COMPLETE
9183,9183,18874.25,2023-11-15 11:48:38.346963,2023-11-15 11:48:39.121919,0 days 00:00:00.774956,0.1,10,0.75,0.9,7,145,COMPLETE
9184,9184,18873.75,2023-11-15 11:48:39.124620,2023-11-15 11:48:39.911225,0 days 00:00:00.786605,0.30000000000000004,10,1.25,0.9,4,134,COMPLETE
9185,9185,18973.0,2023-11-15 11:48:39.914332,2023-11-15 11:48:40.679423,0 days 00:00:00.765091,0.2,10,0.75,0.9,2,141,COMPLETE
9186,9186,19261.0,2023-11-15 11:48:40.682368,2023-11-15 11:48:41.464345,0 days 00:00:00.781977,0.2,10,0.75,0.5,0,150,COMPLETE
9187,9187,18970.75,2023-11-15 11:48:41.467103,2023-11-15 11:48:42.248028,0 days 00:00:00.780925,0.2,10,1.0,0.9,4,145,COMPLETE
9188,9188,18981.0,2023-11-15 11:48:42.250657,2023-11-15 11:48:43.027449,0 days 00:00:00.776792,0.1,10,0.75,0.9,2,138,COMPLETE
9189,9189,19261.0,2023-11-15 11:48:43.030589,2023-11-15 11:48:43.795765,0 days 00:00:00.765176,0.2,10,0.75,0.9,0,147,COMPLETE
9190,9190,19093.75,2023-11-15 11:48:43.798521,2023-11-15 11:48:44.561245,0 days 00:00:00.762724,0.2,10,0.75,0.9,6,142,COMPLETE
9191,9191,16422.0,2023-11-15 11:48:44.564412,2023-11-15 11:48:45.352006,0 days 00:00:00.787594,0.2,10,0.75,0.8,40,145,COMPLETE
9192,9192,11872.0,2023-11-15 11:48:45.354974,2023-11-15 11:48:46.190781,0 days 00:00:00.835807,0.1,20,0.5,0.2,9,140,COMPLETE
9193,9193,19168.5,2023-11-15 11:48:46.193798,2023-11-15 11:48:46.983850,0 days 00:00:00.790052,0.2,10,0.75,0.7000000000000001,2,148,COMPLETE
9194,9194,19163.5,2023-11-15 11:48:46.986645,2023-11-15 11:48:47.752475,0 days 00:00:00.765830,0.2,10,1.5,0.9,4,150,COMPLETE
9195,9195,19261.0,2023-11-15 11:48:47.755141,2023-11-15 11:48:48.518323,0 days 00:00:00.763182,0.2,10,0.75,0.9,0,143,COMPLETE
9196,9196,19359.75,2023-11-15 11:48:48.521164,2023-11-15 11:48:49.297565,0 days 00:00:00.776401,0.30000000000000004,10,0.75,0.9,2,145,COMPLETE
9197,9197,19171.25,2023-11-15 11:48:49.301079,2023-11-15 11:48:50.068433,0 days 00:00:00.767354,0.1,10,1.0,0.9,5,147,COMPLETE
9198,9198,18966.5,2023-11-15 11:48:50.071072,2023-11-15 11:48:50.844140,0 days 00:00:00.773068,0.2,10,1.25,0.9,2,136,COMPLETE
9199,9199,18286.25,2023-11-15 11:48:50.847380,2023-11-15 11:48:51.627401,0 days 00:00:00.780021,0.2,20,0.25,0.9,0,140,COMPLETE
9200,9200,18974.25,2023-11-15 11:48:51.630458,2023-11-15 11:48:52.410103,0 days 00:00:00.779645,0.2,10,0.5,0.9,7,143,COMPLETE
9201,9201,16937.25,2023-11-15 11:48:52.413342,2023-11-15 11:48:53.193490,0 days 00:00:00.780148,0.2,40,0.75,0.9,4,148,COMPLETE
9202,9202,19359.75,2023-11-15 11:48:53.196844,2023-11-15 11:48:53.955264,0 days 00:00:00.758420,0.30000000000000004,10,0.75,0.9,2,145,COMPLETE
9203,9203,19261.0,2023-11-15 11:48:53.958030,2023-11-15 11:48:54.719498,0 days 00:00:00.761468,0.1,10,1.0,0.8,0,150,COMPLETE
9204,9204,18973.0,2023-11-15 11:48:54.722454,2023-11-15 11:48:55.497432,0 days 00:00:00.774978,0.2,10,0.75,0.9,4,141,COMPLETE
9205,9205,18980.5,2023-11-15 11:48:55.500213,2023-11-15 11:48:56.274998,0 days 00:00:00.774785,0.4,10,0.75,0.8,2,145,COMPLETE
9206,9206,18985.25,2023-11-15 11:48:56.278400,2023-11-15 11:48:57.040786,0 days 00:00:00.762386,0.2,10,0.75,0.9,6,138,COMPLETE
9207,9207,19261.0,2023-11-15 11:48:57.043865,2023-11-15 11:48:57.806720,0 days 00:00:00.762855,0.2,10,0.75,0.6,0,147,COMPLETE
9208,9208,18394.75,2023-11-15 11:48:57.809437,2023-11-15 11:48:58.606616,0 days 00:00:00.797179,0.1,20,0.75,0.9,3,143,COMPLETE
9209,9209,19359.75,2023-11-15 11:48:58.609452,2023-11-15 11:48:59.381763,0 days 00:00:00.772311,0.5,10,1.0,0.9,10,148,COMPLETE
9210,9210,19261.0,2023-11-15 11:48:59.384562,2023-11-15 11:49:00.159315,0 days 00:00:00.774753,0.2,10,1.25,0.9,0,142,COMPLETE
9211,9211,19111.25,2023-11-15 11:49:00.163804,2023-11-15 11:49:00.964511,0 days 00:00:00.800707,0.2,10,0.75,0.9,4,150,COMPLETE
9212,9212,16031.0,2023-11-15 11:49:00.967265,2023-11-15 11:49:01.760985,0 days 00:00:00.793720,0.1,50,0.75,0.9,2,129,COMPLETE
9213,9213,18751.25,2023-11-15 11:49:01.764461,2023-11-15 11:49:02.545766,0 days 00:00:00.781305,0.2,10,0.75,0.9,8,145,COMPLETE
9214,9214,18896.25,2023-11-15 11:49:02.548927,2023-11-15 11:49:03.314501,0 days 00:00:00.765574,0.2,10,0.5,0.9,5,139,COMPLETE
9215,9215,19261.0,2023-11-15 11:49:03.317203,2023-11-15 11:49:04.075876,0 days 00:00:00.758673,0.2,10,0.75,0.9,2,147,COMPLETE
9216,9216,7607.0,2023-11-15 11:49:04.079240,2023-11-15 11:49:04.969573,0 days 00:00:00.890333,0.2,10,1.0,0.5,51,143,COMPLETE
9217,9217,19261.0,2023-11-15 11:49:04.972305,2023-11-15 11:49:05.752328,0 days 00:00:00.780023,0.1,10,0.75,0.9,0,150,COMPLETE
9218,9218,18973.0,2023-11-15 11:49:05.755078,2023-11-15 11:49:06.524334,0 days 00:00:00.769256,0.30000000000000004,10,0.75,0.9,3,141,COMPLETE
9219,9219,18498.75,2023-11-15 11:49:06.527240,2023-11-15 11:49:07.313855,0 days 00:00:00.786615,0.2,10,0.75,0.7000000000000001,6,145,COMPLETE
9220,9220,18197.5,2023-11-15 11:49:07.316661,2023-11-15 11:49:08.111568,0 days 00:00:00.794907,0.2,20,1.75,0.4,0,135,COMPLETE
9221,9221,14572.5,2023-11-15 11:49:08.114661,2023-11-15 11:49:08.913201,0 days 00:00:00.798540,0.1,80,1.25,0.9,2,145,COMPLETE
9222,9222,19359.75,2023-11-15 11:49:08.915942,2023-11-15 11:49:09.689440,0 days 00:00:00.773498,0.2,10,0.75,0.8,4,148,COMPLETE
9223,9223,18708.75,2023-11-15 11:49:09.692233,2023-11-15 11:49:10.479115,0 days 00:00:00.786882,0.2,10,0.25,0.9,0,139,COMPLETE
9224,9224,18721.75,2023-11-15 11:49:10.481890,2023-11-15 11:49:11.282360,0 days 00:00:00.800470,0.2,10,1.0,0.9,42,142,COMPLETE
9225,9225,19261.0,2023-11-15 11:49:11.285021,2023-11-15 11:49:12.052329,0 days 00:00:00.767308,0.2,10,0.75,0.9,7,147,COMPLETE
9226,9226,17428.5,2023-11-15 11:49:12.055192,2023-11-15 11:49:12.833886,0 days 00:00:00.778694,0.1,30,0.75,0.9,2,143,COMPLETE
9227,9227,19164.25,2023-11-15 11:49:12.836647,2023-11-15 11:49:13.614971,0 days 00:00:00.778324,0.2,10,0.5,0.9,4,150,COMPLETE
9228,9228,19359.75,2023-11-15 11:49:13.617665,2023-11-15 11:49:14.399456,0 days 00:00:00.781791,0.2,10,0.75,0.9,0,145,COMPLETE
9229,9229,19261.0,2023-11-15 11:49:14.402536,2023-11-15 11:49:15.167061,0 days 00:00:00.764525,0.30000000000000004,10,0.75,0.8,2,147,COMPLETE
9230,9230,19112.75,2023-11-15 11:49:15.169697,2023-11-15 11:49:15.948329,0 days 00:00:00.778632,0.2,10,1.0,0.9,5,140,COMPLETE
9231,9231,14171.0,2023-11-15 11:49:15.951104,2023-11-15 11:49:16.766433,0 days 00:00:00.815329,0.9,20,0.75,0.9,2,143,COMPLETE
9232,9232,18499.0,2023-11-15 11:49:16.769139,2023-11-15 11:49:17.542971,0 days 00:00:00.773832,0.2,10,1.25,0.9,0,24,COMPLETE
9233,9233,18079.0,2023-11-15 11:49:17.546354,2023-11-15 11:49:18.312915,0 days 00:00:00.766561,0.1,10,0.75,0.9,8,136,COMPLETE
9234,9234,19261.0,2023-11-15 11:49:18.315694,2023-11-15 11:49:19.084522,0 days 00:00:00.768828,0.2,10,0.75,0.9,4,147,COMPLETE
9235,9235,16509.0,2023-11-15 11:49:19.087228,2023-11-15 11:49:19.878312,0 days 00:00:00.791084,0.2,10,0.5,0.5,2,150,COMPLETE
9236,9236,19350.75,2023-11-15 11:49:19.881370,2023-11-15 11:49:20.654071,0 days 00:00:00.772701,0.1,10,0.75,0.9,6,145,COMPLETE
9237,9237,19171.5,2023-11-15 11:49:20.656833,2023-11-15 11:49:21.424464,0 days 00:00:00.767631,0.2,10,0.75,0.9,0,141,COMPLETE
9238,9238,19152.5,2023-11-15 11:49:21.427170,2023-11-15 11:49:22.211377,0 days 00:00:00.784207,0.2,10,1.0,0.8,12,147,COMPLETE
9239,9239,18985.25,2023-11-15 11:49:22.214641,2023-11-15 11:49:22.984357,0 days 00:00:00.769716,0.2,10,0.75,0.9,3,138,COMPLETE
9240,9240,19261.0,2023-11-15 11:49:22.987030,2023-11-15 11:49:23.776599,0 days 00:00:00.789569,0.2,10,0.75,0.9,0,143,COMPLETE
9241,9241,18299.25,2023-11-15 11:49:23.779959,2023-11-15 11:49:24.572189,0 days 00:00:00.792230,0.1,20,0.25,0.9,4,150,COMPLETE
9242,9242,19359.75,2023-11-15 11:49:24.574936,2023-11-15 11:49:25.347329,0 days 00:00:00.772393,0.30000000000000004,10,0.75,0.9,2,145,COMPLETE
9243,9243,19066.25,2023-11-15 11:49:25.350256,2023-11-15 11:49:26.113026,0 days 00:00:00.762770,0.2,10,0.75,0.9,5,141,COMPLETE
9244,9244,19072.25,2023-11-15 11:49:26.115875,2023-11-15 11:49:26.911241,0 days 00:00:00.795366,0.2,10,1.5,0.9,2,145,COMPLETE
9245,9245,19261.0,2023-11-15 11:49:26.914571,2023-11-15 11:49:27.680612,0 days 00:00:00.766041,0.2,10,1.0,0.2,0,147,COMPLETE
9246,9246,16544.5,2023-11-15 11:49:27.683308,2023-11-15 11:49:28.474094,0 days 00:00:00.790786,0.2,10,0.75,0.6,6,139,COMPLETE
9247,9247,18992.75,2023-11-15 11:49:28.477069,2023-11-15 11:49:29.253791,0 days 00:00:00.776722,0.1,10,0.75,0.9,9,143,COMPLETE
9248,9248,18834.75,2023-11-15 11:49:29.256663,2023-11-15 11:49:30.047757,0 days 00:00:00.791094,0.2,10,1.25,0.7000000000000001,2,132,COMPLETE
9249,9249,16416.25,2023-11-15 11:49:30.050762,2023-11-15 11:49:30.843166,0 days 00:00:00.792404,0.2,10,0.75,0.8,77,148,COMPLETE
9250,9250,19359.75,2023-11-15 11:49:30.846522,2023-11-15 11:49:31.629088,0 days 00:00:00.782566,0.1,10,0.5,0.9,0,145,COMPLETE
9251,9251,19093.75,2023-11-15 11:49:31.631901,2023-11-15 11:49:32.416851,0 days 00:00:00.784950,0.2,10,0.75,0.9,4,142,COMPLETE
9252,9252,18393.5,2023-11-15 11:49:32.419549,2023-11-15 11:49:33.206945,0 days 00:00:00.787396,0.2,20,0.75,0.9,2,150,COMPLETE
9253,9253,19261.0,2023-11-15 11:49:33.209987,2023-11-15 11:49:33.985700,0 days 00:00:00.775713,0.2,10,0.75,0.9,7,147,COMPLETE
9254,9254,19003.0,2023-11-15 11:49:33.988487,2023-11-15 11:49:34.762975,0 days 00:00:00.774488,0.30000000000000004,10,1.0,0.9,0,137,COMPLETE
9255,9255,18992.75,2023-11-15 11:49:34.765774,2023-11-15 11:49:35.533117,0 days 00:00:00.767343,0.2,10,0.75,0.9,4,143,COMPLETE
9256,9256,18972.75,2023-11-15 11:49:35.535877,2023-11-15 11:49:36.307154,0 days 00:00:00.771277,0.1,10,1.25,0.9,2,147,COMPLETE
9257,9257,19261.0,2023-11-15 11:49:36.310432,2023-11-15 11:49:37.113990,0 days 00:00:00.803558,0.2,10,0.75,0.6,0,140,COMPLETE
9258,9258,19313.25,2023-11-15 11:49:37.116772,2023-11-15 11:49:37.888294,0 days 00:00:00.771522,0.2,10,0.75,0.9,3,145,COMPLETE
9259,9259,19069.0,2023-11-15 11:49:37.891020,2023-11-15 11:49:38.659088,0 days 00:00:00.768068,0.2,10,0.5,0.9,6,150,COMPLETE
9260,9260,19067.5,2023-11-15 11:49:38.662375,2023-11-15 11:49:39.418935,0 days 00:00:00.756560,0.1,10,0.75,0.8,2,117,COMPLETE
9261,9261,18394.75,2023-11-15 11:49:39.421850,2023-11-15 11:49:40.213093,0 days 00:00:00.791243,0.4,20,1.0,0.9,0,143,COMPLETE
9262,9262,18633.25,2023-11-15 11:49:40.215910,2023-11-15 11:49:41.000652,0 days 00:00:00.784742,0.2,10,0.75,0.9,4,121,COMPLETE
9263,9263,19261.0,2023-11-15 11:49:41.003332,2023-11-15 11:49:41.777890,0 days 00:00:00.774558,0.2,10,0.75,0.9,10,147,COMPLETE
9264,9264,19006.5,2023-11-15 11:49:41.781261,2023-11-15 11:49:42.549723,0 days 00:00:00.768462,0.2,10,0.75,0.9,2,139,COMPLETE
9265,9265,19263.25,2023-11-15 11:49:42.552751,2023-11-15 11:49:43.352637,0 days 00:00:00.799886,0.1,10,1.0,0.9,5,145,COMPLETE
9266,9266,19261.0,2023-11-15 11:49:43.355439,2023-11-15 11:49:44.125071,0 days 00:00:00.769632,0.2,10,0.75,0.5,0,150,COMPLETE
9267,9267,18969.5,2023-11-15 11:49:44.128402,2023-11-15 11:49:44.898031,0 days 00:00:00.769629,0.2,10,0.75,0.7000000000000001,8,141,COMPLETE
9268,9268,15127.0,2023-11-15 11:49:44.900886,2023-11-15 11:49:45.696395,0 days 00:00:00.795509,0.30000000000000004,70,0.75,0.8,3,147,COMPLETE
9269,9269,12619.75,2023-11-15 11:49:45.699320,2023-11-15 11:49:46.542381,0 days 00:00:00.843061,0.8,90,0.75,0.9,0,135,COMPLETE
9270,9270,15428.0,2023-11-15 11:49:46.545721,2023-11-15 11:49:47.334929,0 days 00:00:00.789208,0.2,60,1.0,0.9,2,143,COMPLETE
9271,9271,19014.25,2023-11-15 11:49:47.337763,2023-11-15 11:49:48.118735,0 days 00:00:00.780972,0.6,10,1.25,0.9,6,145,COMPLETE
9272,9272,19136.5,2023-11-15 11:49:48.121521,2023-11-15 11:49:48.903562,0 days 00:00:00.782041,0.2,10,0.75,0.9,4,148,COMPLETE
9273,9273,18972.25,2023-11-15 11:49:48.906481,2023-11-15 11:49:49.695318,0 days 00:00:00.788837,0.5,10,0.75,0.9,2,141,COMPLETE
9274,9274,18393.5,2023-11-15 11:49:49.698200,2023-11-15 11:49:50.472762,0 days 00:00:00.774562,0.2,20,0.75,0.9,0,150,COMPLETE
9275,9275,7799.0,2023-11-15 11:49:50.475582,2023-11-15 11:49:51.377993,0 days 00:00:00.902411,0.1,10,0.5,0.1,4,145,COMPLETE
9276,9276,2037.5,2023-11-15 11:49:51.380704,2023-11-15 11:49:52.359075,0 days 00:00:00.978371,0.2,10,1.25,0.4,2,139,COMPLETE
9277,9277,18725.5,2023-11-15 11:49:52.362471,2023-11-15 11:49:53.173955,0 days 00:00:00.811484,0.1,10,0.25,0.9,7,143,COMPLETE
9278,9278,19261.0,2023-11-15 11:49:53.176726,2023-11-15 11:49:53.957767,0 days 00:00:00.781041,0.2,10,0.75,0.30000000000000004,0,147,COMPLETE
9279,9279,19161.25,2023-11-15 11:49:53.960610,2023-11-15 11:49:54.739773,0 days 00:00:00.779163,0.2,10,0.75,0.9,26,137,COMPLETE
9280,9280,18992.75,2023-11-15 11:49:54.742508,2023-11-15 11:49:55.527847,0 days 00:00:00.785339,0.2,10,0.75,0.9,5,143,COMPLETE
9281,9281,18872.75,2023-11-15 11:49:55.530911,2023-11-15 11:49:56.325344,0 days 00:00:00.794433,0.30000000000000004,10,0.75,0.8,2,150,COMPLETE
9282,9282,18554.5,2023-11-15 11:49:56.328780,2023-11-15 11:49:57.089254,0 days 00:00:00.760474,0.2,20,0.75,0.9,0,147,COMPLETE
9283,9283,18953.25,2023-11-15 11:49:57.092052,2023-11-15 11:49:57.873395,0 days 00:00:00.781343,0.2,10,1.0,0.9,4,141,COMPLETE
9284,9284,19314.5,2023-11-15 11:49:57.876081,2023-11-15 11:49:58.657663,0 days 00:00:00.781582,0.1,10,0.75,0.9,2,145,COMPLETE
9285,9285,19261.0,2023-11-15 11:49:58.661079,2023-11-15 11:49:59.441885,0 days 00:00:00.780806,0.2,10,0.75,0.9,0,147,COMPLETE
9286,9286,18974.5,2023-11-15 11:49:59.445131,2023-11-15 11:50:00.216680,0 days 00:00:00.771549,0.2,10,0.5,0.9,6,143,COMPLETE
9287,9287,16933.0,2023-11-15 11:50:00.219410,2023-11-15 11:50:01.006856,0 days 00:00:00.787446,0.1,40,1.0,0.9,3,148,COMPLETE
9288,9288,18985.25,2023-11-15 11:50:01.009641,2023-11-15 11:50:01.801897,0 days 00:00:00.792256,0.2,10,0.75,0.9,8,138,COMPLETE
9289,9289,1081.0,2023-11-15 11:50:01.804706,2023-11-15 11:50:02.670854,0 days 00:00:00.866148,0.2,10,0.75,0.9,2,61,COMPLETE
9290,9290,19261.0,2023-11-15 11:50:02.673621,2023-11-15 11:50:03.449115,0 days 00:00:00.775494,0.2,10,0.75,0.6,0,141,COMPLETE
9291,9291,18398.5,2023-11-15 11:50:03.451883,2023-11-15 11:50:04.221775,0 days 00:00:00.769892,0.2,20,0.75,0.8,4,145,COMPLETE
9292,9292,19163.5,2023-11-15 11:50:04.224630,2023-11-15 11:50:04.996584,0 days 00:00:00.771954,0.2,10,1.25,0.9,2,150,COMPLETE
9293,9293,19350.75,2023-11-15 11:50:04.999638,2023-11-15 11:50:05.795851,0 days 00:00:00.796213,0.1,10,0.75,0.9,5,145,COMPLETE
9294,9294,19166.0,2023-11-15 11:50:05.798642,2023-11-15 11:50:06.576186,0 days 00:00:00.777544,0.2,10,1.25,0.9,0,140,COMPLETE
9295,9295,19067.0,2023-11-15 11:50:06.579903,2023-11-15 11:50:07.353430,0 days 00:00:00.773527,0.2,10,0.75,0.9,3,134,COMPLETE
9296,9296,19088.25,2023-11-15 11:50:07.356245,2023-11-15 11:50:08.123839,0 days 00:00:00.767594,0.1,10,1.0,0.8,15,147,COMPLETE
9297,9297,19261.0,2023-11-15 11:50:08.126821,2023-11-15 11:50:08.911502,0 days 00:00:00.784681,0.2,10,0.75,0.7000000000000001,0,143,COMPLETE
9298,9298,18777.5,2023-11-15 11:50:08.914665,2023-11-15 11:50:09.706725,0 days 00:00:00.792060,0.30000000000000004,10,0.25,0.9,10,150,COMPLETE
9299,9299,16218.75,2023-11-15 11:50:09.709425,2023-11-15 11:50:10.508106,0 days 00:00:00.798681,0.2,10,0.5,0.5,6,145,COMPLETE
9300,9300,18253.5,2023-11-15 11:50:10.511750,2023-11-15 11:50:11.300761,0 days 00:00:00.789011,0.7000000000000001,10,0.75,0.9,2,141,COMPLETE
9301,9301,17222.5,2023-11-15 11:50:11.303515,2023-11-15 11:50:12.121975,0 days 00:00:00.818460,0.2,10,0.75,0.9,99,147,COMPLETE
9302,9302,17663.75,2023-11-15 11:50:12.124772,2023-11-15 11:50:12.895958,0 days 00:00:00.771186,0.2,10,0.75,0.9,4,33,COMPLETE
9303,9303,18993.75,2023-11-15 11:50:12.898733,2023-11-15 11:50:13.674605,0 days 00:00:00.775872,0.1,10,0.75,0.9,2,99,COMPLETE
9304,9304,19261.0,2023-11-15 11:50:13.677895,2023-11-15 11:50:14.454272,0 days 00:00:00.776377,0.4,10,0.75,0.9,0,143,COMPLETE
9305,9305,18398.5,2023-11-15 11:50:14.456993,2023-11-15 11:50:15.264314,0 days 00:00:00.807321,0.2,20,1.0,0.9,8,148,COMPLETE
9306,9306,18985.25,2023-11-15 11:50:15.267279,2023-11-15 11:50:16.045457,0 days 00:00:00.778178,0.2,10,0.75,0.9,4,138,COMPLETE
9307,9307,17662.25,2023-11-15 11:50:16.048195,2023-11-15 11:50:16.838247,0 days 00:00:00.790052,0.2,10,0.75,0.8,23,145,COMPLETE
9308,9308,19163.5,2023-11-15 11:50:16.840903,2023-11-15 11:50:17.615856,0 days 00:00:00.774953,0.1,10,1.5,0.9,2,150,COMPLETE
9309,9309,19261.0,2023-11-15 11:50:17.618707,2023-11-15 11:50:18.427406,0 days 00:00:00.808699,0.2,10,0.5,0.9,0,143,COMPLETE
9310,9310,19014.75,2023-11-15 11:50:18.430856,2023-11-15 11:50:19.222321,0 days 00:00:00.791465,0.2,10,1.0,0.9,6,147,COMPLETE
9311,9311,14836.5,2023-11-15 11:50:19.225326,2023-11-15 11:50:20.043845,0 days 00:00:00.818519,0.30000000000000004,10,0.75,0.4,2,140,COMPLETE
9312,9312,19359.75,2023-11-15 11:50:20.047064,2023-11-15 11:50:20.834309,0 days 00:00:00.787245,0.2,10,0.75,0.9,4,145,COMPLETE
9313,9313,19261.0,2023-11-15 11:50:20.836979,2023-11-15 11:50:21.626063,0 days 00:00:00.789084,0.2,10,1.25,0.9,0,142,COMPLETE
9314,9314,18818.0,2023-11-15 11:50:21.629773,2023-11-15 11:50:22.408004,0 days 00:00:00.778231,0.1,10,0.75,0.6,2,147,COMPLETE
9315,9315,18393.5,2023-11-15 11:50:22.411287,2023-11-15 11:50:23.199597,0 days 00:00:00.788310,0.2,20,0.75,0.9,6,150,COMPLETE
9316,9316,19161.25,2023-11-15 11:50:23.202385,2023-11-15 11:50:23.973415,0 days 00:00:00.771030,0.2,10,0.75,0.9,4,137,COMPLETE
9317,9317,19261.0,2023-11-15 11:50:23.976150,2023-11-15 11:50:24.778754,0 days 00:00:00.802604,0.2,10,0.75,0.8,0,144,COMPLETE
9318,9318,19071.25,2023-11-15 11:50:24.781559,2023-11-15 11:50:25.562463,0 days 00:00:00.780904,0.1,10,0.25,0.9,2,140,COMPLETE
9319,9319,19247.0,2023-11-15 11:50:25.565342,2023-11-15 11:50:26.334924,0 days 00:00:00.769582,0.30000000000000004,10,0.5,0.9,4,148,COMPLETE
9320,9320,19359.75,2023-11-15 11:50:26.337776,2023-11-15 11:50:27.109491,0 days 00:00:00.771715,0.2,10,1.0,0.9,0,145,COMPLETE
9321,9321,15402.5,2023-11-15 11:50:27.113148,2023-11-15 11:50:27.941628,0 days 00:00:00.828480,0.2,10,0.75,0.2,2,143,COMPLETE
9322,9322,13097.5,2023-11-15 11:50:27.945234,2023-11-15 11:50:28.780246,0 days 00:00:00.835012,0.1,10,0.75,0.30000000000000004,7,150,COMPLETE
9323,9323,12001.25,2023-11-15 11:50:28.782924,2023-11-15 11:50:29.623594,0 days 00:00:00.840670,0.2,20,1.25,0.9,55,147,COMPLETE
9324,9324,19161.25,2023-11-15 11:50:29.626366,2023-11-15 11:50:30.410439,0 days 00:00:00.784073,0.2,10,0.75,0.1,0,136,COMPLETE
9325,9325,18973.0,2023-11-15 11:50:30.414193,2023-11-15 11:50:31.215114,0 days 00:00:00.800921,0.2,10,0.75,0.9,3,141,COMPLETE
9326,9326,19359.75,2023-11-15 11:50:31.217765,2023-11-15 11:50:32.019026,0 days 00:00:00.801261,0.2,10,0.75,0.9,5,145,COMPLETE
9327,9327,19119.25,2023-11-15 11:50:32.021903,2023-11-15 11:50:32.812527,0 days 00:00:00.790624,0.2,10,1.0,0.9,2,86,COMPLETE
9328,9328,15927.0,2023-11-15 11:50:32.815467,2023-11-15 11:50:33.621450,0 days 00:00:00.805983,0.1,50,0.75,0.9,9,139,COMPLETE
9329,9329,19261.0,2023-11-15 11:50:33.624293,2023-11-15 11:50:34.425129,0 days 00:00:00.800836,0.4,10,0.75,0.7000000000000001,0,147,COMPLETE
9330,9330,19093.75,2023-11-15 11:50:34.428514,2023-11-15 11:50:35.211321,0 days 00:00:00.782807,0.2,10,0.75,0.9,4,142,COMPLETE
9331,9331,11583.0,2023-11-15 11:50:35.214506,2023-11-15 11:50:36.068812,0 days 00:00:00.854306,0.2,20,0.75,0.8,63,150,COMPLETE
