,number,value,datetime_start,datetime_complete,duration,params_alpha,params_decay_interval,params_decay_rate,params_gamma,params_initialization,params_max_steps,state
3420,3420,17016.25,2023-11-15 12:11:08.151084,2023-11-15 12:11:08.461547,0 days 00:00:00.310463,0.8,10,3.0,0.9,16,76,COMPLETE
3421,3421,16719.5,2023-11-15 12:11:08.463190,2023-11-15 12:11:08.766042,0 days 00:00:00.302852,0.8,10,3.0,0.9,19,66,COMPLETE
3422,3422,18109.0,2023-11-15 12:11:08.767885,2023-11-15 12:11:09.065151,0 days 00:00:00.297266,0.9,10,3.0,0.9,10,70,COMPLETE
3423,3423,13672.5,2023-11-15 12:11:09.066855,2023-11-15 12:11:09.394036,0 days 00:00:00.327181,0.8,50,3.0,0.9,24,73,COMPLETE
3424,3424,17547.25,2023-11-15 12:11:09.395968,2023-11-15 12:11:09.691617,0 days 00:00:00.295649,0.8,10,2.75,0.9,21,68,COMPLETE
3425,3425,16711.25,2023-11-15 12:11:09.693686,2023-11-15 12:11:09.997830,0 days 00:00:00.304144,0.8,10,3.0,0.9,18,62,COMPLETE
3426,3426,18026.0,2023-11-15 12:11:09.999536,2023-11-15 12:11:10.300477,0 days 00:00:00.300941,0.8,10,3.0,0.9,23,77,COMPLETE
3427,3427,18297.0,2023-11-15 12:11:10.302106,2023-11-15 12:11:10.600154,0 days 00:00:00.298048,0.8,20,2.25,0.9,28,83,COMPLETE
3428,3428,17188.25,2023-11-15 12:11:10.601839,2023-11-15 12:11:10.904582,0 days 00:00:00.302743,0.8,10,2.75,0.9,16,73,COMPLETE
3429,3429,17825.5,2023-11-15 12:11:10.906253,2023-11-15 12:11:11.204267,0 days 00:00:00.298014,0.8,10,3.0,0.9,20,70,COMPLETE
3430,3430,16719.5,2023-11-15 12:11:11.205861,2023-11-15 12:11:11.513857,0 days 00:00:00.307996,0.8,10,3.0,0.9,13,66,COMPLETE
3431,3431,18679.5,2023-11-15 12:11:11.515463,2023-11-15 12:11:11.814967,0 days 00:00:00.299504,0.7000000000000001,10,2.5,0.9,25,75,COMPLETE
3432,3432,18122.5,2023-11-15 12:11:11.816641,2023-11-15 12:11:12.134470,0 days 00:00:00.317829,0.8,10,3.0,0.9,19,72,COMPLETE
3433,3433,17014.0,2023-11-15 12:11:12.136010,2023-11-15 12:11:12.438673,0 days 00:00:00.302663,0.8,10,3.0,0.9,22,64,COMPLETE
3434,3434,17115.5,2023-11-15 12:11:12.440318,2023-11-15 12:11:12.739942,0 days 00:00:00.299624,0.8,10,2.75,0.9,16,69,COMPLETE
3435,3435,17924.5,2023-11-15 12:11:12.741581,2023-11-15 12:11:13.042751,0 days 00:00:00.301170,0.9,10,3.0,0.9,18,80,COMPLETE
3436,3436,18215.25,2023-11-15 12:11:13.044814,2023-11-15 12:11:13.345908,0 days 00:00:00.301094,0.8,10,2.75,0.9,14,72,COMPLETE
3437,3437,15575.75,2023-11-15 12:11:13.347596,2023-11-15 12:11:13.658484,0 days 00:00:00.310888,0.8,20,3.0,0.9,70,59,COMPLETE
3438,3438,17917.0,2023-11-15 12:11:13.660631,2023-11-15 12:11:13.967277,0 days 00:00:00.306646,0.8,10,3.0,0.9,23,67,COMPLETE
3439,3439,16932.5,2023-11-15 12:11:13.968855,2023-11-15 12:11:14.275582,0 days 00:00:00.306727,0.30000000000000004,10,3.0,0.9,20,76,COMPLETE
3440,3440,17825.5,2023-11-15 12:11:14.277686,2023-11-15 12:11:14.578436,0 days 00:00:00.300750,0.8,10,3.0,0.9,16,70,COMPLETE
3441,3441,17920.75,2023-11-15 12:11:14.579995,2023-11-15 12:11:14.883588,0 days 00:00:00.303593,0.8,10,3.0,0.9,21,74,COMPLETE
3442,3442,16719.5,2023-11-15 12:11:14.885136,2023-11-15 12:11:15.188032,0 days 00:00:00.302896,0.8,10,2.75,0.9,25,66,COMPLETE
3443,3443,18973.5,2023-11-15 12:11:15.189596,2023-11-15 12:11:15.481539,0 days 00:00:00.291943,0.7000000000000001,10,3.0,0.9,18,71,COMPLETE
3444,3444,17360.25,2023-11-15 12:11:15.483294,2023-11-15 12:11:15.786187,0 days 00:00:00.302893,0.8,10,3.0,0.9,12,78,COMPLETE
3445,3445,15558.5,2023-11-15 12:11:15.787837,2023-11-15 12:11:16.096715,0 days 00:00:00.308878,0.6,20,2.75,0.9,23,68,COMPLETE
3446,3446,18682.0,2023-11-15 12:11:16.098295,2023-11-15 12:11:16.394709,0 days 00:00:00.296414,0.8,10,3.0,0.9,27,75,COMPLETE
3447,3447,18122.5,2023-11-15 12:11:16.396330,2023-11-15 12:11:16.698744,0 days 00:00:00.302414,0.8,10,3.0,0.9,19,72,COMPLETE
3448,3448,16543.25,2023-11-15 12:11:16.700430,2023-11-15 12:11:17.004976,0 days 00:00:00.304546,0.8,10,2.75,0.9,15,63,COMPLETE
3449,3449,17382.5,2023-11-15 12:11:17.006950,2023-11-15 12:11:17.318681,0 days 00:00:00.311731,0.8,10,2.5,0.9,21,69,COMPLETE
3450,3450,17188.25,2023-11-15 12:11:17.320183,2023-11-15 12:11:17.626697,0 days 00:00:00.306514,0.8,10,3.0,0.9,18,73,COMPLETE
3451,3451,17649.5,2023-11-15 12:11:17.628703,2023-11-15 12:11:17.934455,0 days 00:00:00.305752,0.9,10,3.0,0.9,17,65,COMPLETE
3452,3452,18121.5,2023-11-15 12:11:17.936001,2023-11-15 12:11:18.258928,0 days 00:00:00.322927,0.8,10,3.0,0.9,21,77,COMPLETE
3453,3453,17115.5,2023-11-15 12:11:18.261142,2023-11-15 12:11:18.565560,0 days 00:00:00.304418,0.8,10,3.0,0.9,14,69,COMPLETE
3454,3454,17920.75,2023-11-15 12:11:18.567204,2023-11-15 12:11:18.871611,0 days 00:00:00.304407,0.8,10,3.0,0.9,24,74,COMPLETE
3455,3455,17927.5,2023-11-15 12:11:18.873322,2023-11-15 12:11:19.182564,0 days 00:00:00.309242,0.8,10,2.75,0.9,19,80,COMPLETE
3456,3456,18392.25,2023-11-15 12:11:19.184141,2023-11-15 12:11:19.484386,0 days 00:00:00.300245,0.8,20,3.0,0.9,22,71,COMPLETE
3457,3457,17917.0,2023-11-15 12:11:19.485994,2023-11-15 12:11:19.796190,0 days 00:00:00.310196,0.8,10,3.0,0.9,16,67,COMPLETE
3458,3458,17196.25,2023-11-15 12:11:19.797921,2023-11-15 12:11:20.108240,0 days 00:00:00.310319,0.8,10,2.75,0.9,10,76,COMPLETE
3459,3459,19260.75,2023-11-15 12:11:20.110342,2023-11-15 12:11:20.406967,0 days 00:00:00.296625,0.8,10,3.0,0.9,20,71,COMPLETE
3460,3460,17654.5,2023-11-15 12:11:20.408572,2023-11-15 12:11:20.714744,0 days 00:00:00.306172,0.8,10,3.0,0.9,26,65,COMPLETE
3461,3461,18872.25,2023-11-15 12:11:20.716483,2023-11-15 12:11:21.015080,0 days 00:00:00.298597,0.7000000000000001,10,2.75,0.9,17,73,COMPLETE
3462,3462,0.0,2023-11-15 12:11:21.016687,2023-11-15 12:11:21.294675,0 days 00:00:00.277988,0.8,10,3.0,0.30000000000000004,12,1,COMPLETE
3463,3463,15902.75,2023-11-15 12:11:21.296345,2023-11-15 12:11:21.619017,0 days 00:00:00.322672,0.8,20,3.0,0.9,23,61,COMPLETE
3464,3464,17561.25,2023-11-15 12:11:21.620572,2023-11-15 12:11:21.931630,0 days 00:00:00.311058,0.9,10,3.0,0.9,19,69,COMPLETE
3465,3465,17828.0,2023-11-15 12:11:21.933273,2023-11-15 12:11:22.240112,0 days 00:00:00.306839,0.8,10,2.5,0.9,14,74,COMPLETE
3466,3466,17115.5,2023-11-15 12:11:22.241765,2023-11-15 12:11:22.545495,0 days 00:00:00.303730,0.8,10,3.0,0.9,21,69,COMPLETE
3467,3467,18121.5,2023-11-15 12:11:22.547105,2023-11-15 12:11:22.850382,0 days 00:00:00.303277,0.8,10,2.75,0.9,25,77,COMPLETE
3468,3468,17654.5,2023-11-15 12:11:22.851878,2023-11-15 12:11:23.157204,0 days 00:00:00.305326,0.8,10,3.0,0.9,18,65,COMPLETE
3469,3469,18122.5,2023-11-15 12:11:23.158828,2023-11-15 12:11:23.465220,0 days 00:00:00.306392,0.8,10,3.0,0.9,16,72,COMPLETE
3470,3470,17547.25,2023-11-15 12:11:23.466886,2023-11-15 12:11:23.772042,0 days 00:00:00.305156,0.8,10,3.0,0.9,23,68,COMPLETE
3471,3471,17832.5,2023-11-15 12:11:23.773693,2023-11-15 12:11:24.080900,0 days 00:00:00.307207,0.8,10,2.75,0.9,20,81,COMPLETE
3472,3472,19260.75,2023-11-15 12:11:24.082639,2023-11-15 12:11:24.381145,0 days 00:00:00.298506,0.8,10,3.0,0.9,64,71,COMPLETE
3473,3473,18679.5,2023-11-15 12:11:24.382882,2023-11-15 12:11:24.682988,0 days 00:00:00.300106,0.7000000000000001,10,3.0,0.9,28,75,COMPLETE
3474,3474,16620.5,2023-11-15 12:11:24.684527,2023-11-15 12:11:24.990130,0 days 00:00:00.305603,0.8,20,2.75,0.9,15,67,COMPLETE
3475,3475,16632.25,2023-11-15 12:11:24.991844,2023-11-15 12:11:25.304132,0 days 00:00:00.312288,0.8,10,3.0,0.9,21,63,COMPLETE
3476,3476,17460.25,2023-11-15 12:11:25.305754,2023-11-15 12:11:25.612780,0 days 00:00:00.307026,0.8,10,2.25,0.9,17,73,COMPLETE
3477,3477,18305.0,2023-11-15 12:11:25.614371,2023-11-15 12:11:25.918930,0 days 00:00:00.304559,0.9,10,3.0,0.9,24,77,COMPLETE
3478,3478,17731.5,2023-11-15 12:11:25.920587,2023-11-15 12:11:26.229310,0 days 00:00:00.308723,0.8,10,2.75,0.9,19,70,COMPLETE
3479,3479,16719.5,2023-11-15 12:11:26.230836,2023-11-15 12:11:26.539509,0 days 00:00:00.308673,0.8,10,3.0,0.9,22,66,COMPLETE
3480,3480,15617.75,2023-11-15 12:11:26.541158,2023-11-15 12:11:26.874710,0 days 00:00:00.333552,0.8,10,0.25,0.9,13,74,COMPLETE
3481,3481,19260.75,2023-11-15 12:11:26.876703,2023-11-15 12:11:27.177575,0 days 00:00:00.300872,0.8,10,3.0,0.9,16,71,COMPLETE
3482,3482,12929.75,2023-11-15 12:11:27.179358,2023-11-15 12:11:27.521013,0 days 00:00:00.341655,0.7000000000000001,80,3.0,0.9,19,79,COMPLETE
3483,3483,17547.25,2023-11-15 12:11:27.522729,2023-11-15 12:11:27.845220,0 days 00:00:00.322491,0.8,10,3.0,0.9,26,68,COMPLETE
3484,3484,17190.0,2023-11-15 12:11:27.846946,2023-11-15 12:11:28.160037,0 days 00:00:00.313091,0.8,20,2.5,0.9,22,75,COMPLETE
3485,3485,19260.75,2023-11-15 12:11:28.162224,2023-11-15 12:11:28.463700,0 days 00:00:00.301476,0.8,10,2.75,0.9,18,71,COMPLETE
3486,3486,9501.0,2023-11-15 12:11:28.465325,2023-11-15 12:11:28.816785,0 days 00:00:00.351460,0.1,10,3.0,0.6,14,63,COMPLETE
3487,3487,17547.25,2023-11-15 12:11:28.818571,2023-11-15 12:11:29.120388,0 days 00:00:00.301817,0.8,10,3.0,0.9,20,68,COMPLETE
3488,3488,17369.5,2023-11-15 12:11:29.122016,2023-11-15 12:11:29.431867,0 days 00:00:00.309851,0.8,10,3.0,0.9,24,73,COMPLETE
3489,3489,17825.5,2023-11-15 12:11:29.433410,2023-11-15 12:11:29.741096,0 days 00:00:00.307686,0.8,10,2.75,0.9,17,70,COMPLETE
3490,3490,18121.5,2023-11-15 12:11:29.742880,2023-11-15 12:11:30.049675,0 days 00:00:00.306795,0.8,10,3.0,0.9,22,77,COMPLETE
3491,3491,17744.25,2023-11-15 12:11:30.051403,2023-11-15 12:11:30.362418,0 days 00:00:00.311015,0.9,10,3.0,0.9,20,83,COMPLETE
3492,3492,16719.5,2023-11-15 12:11:30.364400,2023-11-15 12:11:30.668986,0 days 00:00:00.304586,0.8,10,3.0,0.9,15,66,COMPLETE
3493,3493,16378.5,2023-11-15 12:11:30.670752,2023-11-15 12:11:30.981497,0 days 00:00:00.310745,0.5,10,2.75,0.9,26,60,COMPLETE
3494,3494,16636.0,2023-11-15 12:11:30.983287,2023-11-15 12:11:31.316764,0 days 00:00:00.333477,0.8,20,3.0,0.9,18,73,COMPLETE
3495,3495,17115.5,2023-11-15 12:11:31.318548,2023-11-15 12:11:31.624882,0 days 00:00:00.306334,0.8,10,3.0,0.9,12,69,COMPLETE
3496,3496,16923.25,2023-11-15 12:11:31.627744,2023-11-15 12:11:31.948245,0 days 00:00:00.320501,0.8,10,3.0,0.9,24,76,COMPLETE
3497,3497,17654.5,2023-11-15 12:11:31.949877,2023-11-15 12:11:32.251921,0 days 00:00:00.302044,0.8,10,2.75,0.9,21,65,COMPLETE
3498,3498,15929.0,2023-11-15 12:11:32.253410,2023-11-15 12:11:32.589398,0 days 00:00:00.335988,0.8,30,3.0,0.9,17,71,COMPLETE
3499,3499,16081.0,2023-11-15 12:11:32.591087,2023-11-15 12:11:32.909069,0 days 00:00:00.317982,0.2,10,2.5,0.9,28,74,COMPLETE
3500,3500,13962.75,2023-11-15 12:11:32.911577,2023-11-15 12:11:33.238556,0 days 00:00:00.326979,0.8,60,3.0,0.9,19,79,COMPLETE
3501,3501,17547.25,2023-11-15 12:11:33.240183,2023-11-15 12:11:33.545264,0 days 00:00:00.305081,0.8,10,3.0,0.9,23,68,COMPLETE
3502,3502,13827.0,2023-11-15 12:11:33.547006,2023-11-15 12:11:33.872543,0 days 00:00:00.325537,0.7000000000000001,70,2.75,0.9,15,72,COMPLETE
3503,3503,18113.0,2023-11-15 12:11:33.874220,2023-11-15 12:11:34.190254,0 days 00:00:00.316034,0.8,10,2.25,0.9,21,128,COMPLETE
3504,3504,17917.0,2023-11-15 12:11:34.191963,2023-11-15 12:11:34.503294,0 days 00:00:00.311331,0.8,10,3.0,0.9,17,67,COMPLETE
3505,3505,16543.25,2023-11-15 12:11:34.505028,2023-11-15 12:11:34.820610,0 days 00:00:00.315582,0.8,10,3.0,0.9,11,63,COMPLETE
3506,3506,18392.25,2023-11-15 12:11:34.822237,2023-11-15 12:11:35.124292,0 days 00:00:00.302055,0.9,20,3.0,0.9,19,70,COMPLETE
3507,3507,18682.0,2023-11-15 12:11:35.126066,2023-11-15 12:11:35.429745,0 days 00:00:00.303679,0.8,10,2.75,0.9,25,75,COMPLETE
3508,3508,18122.5,2023-11-15 12:11:35.431426,2023-11-15 12:11:35.736738,0 days 00:00:00.305312,0.8,10,3.0,0.9,22,72,COMPLETE
3509,3509,17369.25,2023-11-15 12:11:35.738242,2023-11-15 12:11:36.046608,0 days 00:00:00.308366,0.8,10,3.0,0.9,15,79,COMPLETE
3510,3510,16619.5,2023-11-15 12:11:36.048251,2023-11-15 12:11:36.356666,0 days 00:00:00.308415,0.8,10,3.0,0.9,20,57,COMPLETE
3511,3511,17190.25,2023-11-15 12:11:36.358393,2023-11-15 12:11:36.668831,0 days 00:00:00.310438,0.8,10,2.75,0.4,17,68,COMPLETE
3512,3512,17016.25,2023-11-15 12:11:36.670532,2023-11-15 12:11:36.994445,0 days 00:00:00.323913,0.8,10,3.0,0.9,13,76,COMPLETE
3513,3513,17654.5,2023-11-15 12:11:36.996420,2023-11-15 12:11:37.301678,0 days 00:00:00.305258,0.8,10,3.0,0.9,23,65,COMPLETE
3514,3514,18973.5,2023-11-15 12:11:37.303369,2023-11-15 12:11:37.628205,0 days 00:00:00.324836,0.7000000000000001,10,2.75,0.9,19,71,COMPLETE
3515,3515,17920.75,2023-11-15 12:11:37.629816,2023-11-15 12:11:37.937861,0 days 00:00:00.308045,0.8,10,3.0,0.9,16,74,COMPLETE
3516,3516,16688.25,2023-11-15 12:11:37.939462,2023-11-15 12:11:38.256587,0 days 00:00:00.317125,0.8,10,3.0,0.5,100,70,COMPLETE
3517,3517,17837.75,2023-11-15 12:11:38.258341,2023-11-15 12:11:38.565031,0 days 00:00:00.306690,0.9,10,2.5,0.9,26,68,COMPLETE
3518,3518,16635.0,2023-11-15 12:11:38.566577,2023-11-15 12:11:38.885650,0 days 00:00:00.319073,0.8,20,2.75,0.9,21,73,COMPLETE
3519,3519,18026.0,2023-11-15 12:11:38.887194,2023-11-15 12:11:39.196214,0 days 00:00:00.309020,0.8,10,3.0,0.9,18,77,COMPLETE
3520,3520,16726.25,2023-11-15 12:11:39.197869,2023-11-15 12:11:39.511413,0 days 00:00:00.313544,0.8,10,3.0,0.9,14,61,COMPLETE
3521,3521,17825.5,2023-11-15 12:11:39.513164,2023-11-15 12:11:39.820547,0 days 00:00:00.307383,0.8,10,3.0,0.9,23,70,COMPLETE
3522,3522,17644.0,2023-11-15 12:11:39.822323,2023-11-15 12:11:40.132471,0 days 00:00:00.310148,0.8,10,3.0,0.9,20,82,COMPLETE
3523,3523,16719.5,2023-11-15 12:11:40.134076,2023-11-15 12:11:40.446219,0 days 00:00:00.312143,0.8,10,2.75,0.9,17,66,COMPLETE
3524,3524,17920.75,2023-11-15 12:11:40.447819,2023-11-15 12:11:40.754898,0 days 00:00:00.307079,0.8,10,3.0,0.9,10,74,COMPLETE
3525,3525,15905.0,2023-11-15 12:11:40.756537,2023-11-15 12:11:41.070811,0 days 00:00:00.314274,0.8,20,3.0,0.9,24,64,COMPLETE
3526,3526,19260.75,2023-11-15 12:11:41.072499,2023-11-15 12:11:41.380582,0 days 00:00:00.308083,0.8,10,3.0,0.9,21,71,COMPLETE
3527,3527,17545.25,2023-11-15 12:11:41.382156,2023-11-15 12:11:41.699263,0 days 00:00:00.317107,0.8,10,2.75,0.9,16,78,COMPLETE
3528,3528,17917.0,2023-11-15 12:11:41.700950,2023-11-15 12:11:42.014829,0 days 00:00:00.313879,0.8,10,3.0,0.9,19,67,COMPLETE
3529,3529,17369.5,2023-11-15 12:11:42.016456,2023-11-15 12:11:42.329351,0 days 00:00:00.312895,0.8,10,3.0,0.9,22,73,COMPLETE
3530,3530,17115.5,2023-11-15 12:11:42.330921,2023-11-15 12:11:42.641090,0 days 00:00:00.310169,0.8,10,3.0,0.9,13,69,COMPLETE
3531,3531,17546.5,2023-11-15 12:11:42.642741,2023-11-15 12:11:42.950364,0 days 00:00:00.307623,0.7000000000000001,10,2.75,0.9,28,74,COMPLETE
3532,3532,16923.25,2023-11-15 12:11:42.952092,2023-11-15 12:11:43.275138,0 days 00:00:00.323046,0.8,10,3.0,0.9,25,76,COMPLETE
3533,3533,19260.75,2023-11-15 12:11:43.277275,2023-11-15 12:11:43.579517,0 days 00:00:00.302242,0.9,10,3.0,0.9,18,71,COMPLETE
3534,3534,11830.0,2023-11-15 12:11:43.581137,2023-11-15 12:11:43.947155,0 days 00:00:00.366018,0.8,90,2.5,0.9,15,65,COMPLETE
3535,3535,15812.0,2023-11-15 12:11:43.948790,2023-11-15 12:11:44.272535,0 days 00:00:00.323745,0.8,20,3.0,0.9,20,68,COMPLETE
3536,3536,18122.5,2023-11-15 12:11:44.274054,2023-11-15 12:11:44.585164,0 days 00:00:00.311110,0.8,10,3.0,0.9,22,72,COMPLETE
3537,3537,17552.0,2023-11-15 12:11:44.586799,2023-11-15 12:11:44.901532,0 days 00:00:00.314733,0.8,10,2.75,0.9,17,79,COMPLETE
3538,3538,16923.25,2023-11-15 12:11:44.903213,2023-11-15 12:11:45.222002,0 days 00:00:00.318789,0.8,10,3.0,0.9,19,76,COMPLETE
3539,3539,17115.5,2023-11-15 12:11:45.223669,2023-11-15 12:11:45.538180,0 days 00:00:00.314511,0.8,10,2.75,0.9,24,69,COMPLETE
3540,3540,16543.25,2023-11-15 12:11:45.539784,2023-11-15 12:11:45.856474,0 days 00:00:00.316690,0.8,10,3.0,0.9,14,63,COMPLETE
3541,3541,17369.5,2023-11-15 12:11:45.858185,2023-11-15 12:11:46.169275,0 days 00:00:00.311090,0.8,10,3.0,0.9,21,73,COMPLETE
3542,3542,17920.5,2023-11-15 12:11:46.170838,2023-11-15 12:11:46.481258,0 days 00:00:00.310420,0.7000000000000001,10,3.0,0.9,26,67,COMPLETE
3543,3543,17825.5,2023-11-15 12:11:46.482895,2023-11-15 12:11:46.790072,0 days 00:00:00.307177,0.8,10,3.0,0.9,16,70,COMPLETE
3544,3544,17190.0,2023-11-15 12:11:46.791779,2023-11-15 12:11:47.114051,0 days 00:00:00.322272,0.8,20,2.75,0.9,18,75,COMPLETE
3545,3545,16719.5,2023-11-15 12:11:47.116017,2023-11-15 12:11:47.431955,0 days 00:00:00.315938,0.8,10,3.0,0.9,23,66,COMPLETE
3546,3546,17840.75,2023-11-15 12:11:47.433534,2023-11-15 12:11:47.748209,0 days 00:00:00.314675,0.9,10,3.0,0.9,12,72,COMPLETE
3547,3547,17927.5,2023-11-15 12:11:47.749981,2023-11-15 12:11:48.055967,0 days 00:00:00.305986,0.8,10,2.75,0.9,20,80,COMPLETE
3548,3548,17825.5,2023-11-15 12:11:48.057612,2023-11-15 12:11:48.367921,0 days 00:00:00.310309,0.8,10,3.0,0.9,18,70,COMPLETE
3549,3549,16923.25,2023-11-15 12:11:48.369548,2023-11-15 12:11:48.689961,0 days 00:00:00.320413,0.8,10,3.0,0.9,15,76,COMPLETE
3550,3550,13672.5,2023-11-15 12:11:48.691675,2023-11-15 12:11:49.040123,0 days 00:00:00.348448,0.8,50,3.0,0.9,22,73,COMPLETE
3551,3551,17099.5,2023-11-15 12:11:49.041763,2023-11-15 12:11:49.353508,0 days 00:00:00.311745,0.8,10,2.75,0.9,20,60,COMPLETE
3552,3552,17554.5,2023-11-15 12:11:49.355175,2023-11-15 12:11:49.669443,0 days 00:00:00.314268,0.6,10,3.0,0.9,25,68,COMPLETE
3553,3553,16928.25,2023-11-15 12:11:49.671301,2023-11-15 12:11:49.985016,0 days 00:00:00.313715,0.8,10,2.5,0.9,16,64,COMPLETE
3554,3554,0.0,2023-11-15 12:11:49.986598,2023-11-15 12:11:50.281749,0 days 00:00:00.295151,0.8,100,3.0,0.9,28,5,COMPLETE
3555,3555,17840.75,2023-11-15 12:11:50.283323,2023-11-15 12:11:50.597810,0 days 00:00:00.314487,0.9,10,3.0,0.9,18,72,COMPLETE
3556,3556,18121.5,2023-11-15 12:11:50.599470,2023-11-15 12:11:50.905127,0 days 00:00:00.305657,0.8,10,2.75,0.9,22,77,COMPLETE
3557,3557,16617.75,2023-11-15 12:11:50.906880,2023-11-15 12:11:51.220580,0 days 00:00:00.313700,0.8,20,3.0,0.9,20,69,COMPLETE
3558,3558,16207.75,2023-11-15 12:11:51.222294,2023-11-15 12:11:51.545580,0 days 00:00:00.323286,0.4,10,3.0,0.9,14,66,COMPLETE
3559,3559,17640.25,2023-11-15 12:11:51.547241,2023-11-15 12:11:51.857504,0 days 00:00:00.310263,0.7000000000000001,10,3.0,0.9,24,74,COMPLETE
3560,3560,17825.5,2023-11-15 12:11:51.859312,2023-11-15 12:11:52.169500,0 days 00:00:00.310188,0.8,10,2.75,0.9,80,70,COMPLETE
3561,3561,18686.5,2023-11-15 12:11:52.171072,2023-11-15 12:11:52.479817,0 days 00:00:00.308745,0.8,10,2.25,0.9,17,87,COMPLETE
3562,3562,17644.0,2023-11-15 12:11:52.481598,2023-11-15 12:11:52.795035,0 days 00:00:00.313437,0.8,10,3.0,0.9,12,82,COMPLETE
3563,3563,16711.25,2023-11-15 12:11:52.796822,2023-11-15 12:11:53.106845,0 days 00:00:00.310023,0.8,10,3.0,0.9,19,62,COMPLETE
3564,3564,17481.25,2023-11-15 12:11:53.108509,2023-11-15 12:11:53.426852,0 days 00:00:00.318343,0.30000000000000004,10,3.0,0.9,22,72,COMPLETE
3565,3565,16620.5,2023-11-15 12:11:53.428771,2023-11-15 12:11:53.743622,0 days 00:00:00.314851,0.8,20,2.75,0.9,16,67,COMPLETE
3566,3566,18026.0,2023-11-15 12:11:53.745706,2023-11-15 12:11:54.051885,0 days 00:00:00.306179,0.8,10,3.0,0.9,26,77,COMPLETE
3567,3567,18295.75,2023-11-15 12:11:54.053534,2023-11-15 12:11:54.372767,0 days 00:00:00.319233,0.8,10,3.0,0.9,68,122,COMPLETE
3568,3568,17920.75,2023-11-15 12:11:54.374420,2023-11-15 12:11:54.682286,0 days 00:00:00.307866,0.8,10,3.0,0.9,20,74,COMPLETE
3569,3569,17566.0,2023-11-15 12:11:54.683810,2023-11-15 12:11:54.991045,0 days 00:00:00.307235,0.9,10,3.0,0.5,47,70,COMPLETE
3570,3570,17080.5,2023-11-15 12:11:54.992850,2023-11-15 12:11:55.324064,0 days 00:00:00.331214,0.7000000000000001,10,2.75,0.9,24,66,COMPLETE
3571,3571,17828.0,2023-11-15 12:11:55.325998,2023-11-15 12:11:55.640013,0 days 00:00:00.314015,0.8,10,2.5,0.9,18,74,COMPLETE
3572,3572,17115.5,2023-11-15 12:11:55.641542,2023-11-15 12:11:55.953598,0 days 00:00:00.312056,0.8,10,3.0,0.9,14,69,COMPLETE
3573,3573,19260.75,2023-11-15 12:11:55.955344,2023-11-15 12:11:56.265521,0 days 00:00:00.310177,0.8,10,3.0,0.9,22,71,COMPLETE
3574,3574,17188.5,2023-11-15 12:11:56.267151,2023-11-15 12:11:56.572619,0 days 00:00:00.305468,0.8,10,2.75,0.9,20,42,COMPLETE
3575,3575,17360.25,2023-11-15 12:11:56.574410,2023-11-15 12:11:56.887630,0 days 00:00:00.313220,0.8,10,3.0,0.9,17,78,COMPLETE
3576,3576,15905.0,2023-11-15 12:11:56.889335,2023-11-15 12:11:57.206929,0 days 00:00:00.317594,0.8,20,3.0,0.9,23,64,COMPLETE
3577,3577,18682.0,2023-11-15 12:11:57.209000,2023-11-15 12:11:57.518487,0 days 00:00:00.309487,0.8,10,3.0,0.9,16,75,COMPLETE
3578,3578,17547.25,2023-11-15 12:11:57.520184,2023-11-15 12:11:57.829839,0 days 00:00:00.309655,0.8,10,2.75,0.9,10,68,COMPLETE
3579,3579,18490.0,2023-11-15 12:11:57.831363,2023-11-15 12:11:58.137820,0 days 00:00:00.306457,0.7000000000000001,10,3.0,0.9,21,72,COMPLETE
3580,3580,19260.75,2023-11-15 12:11:58.139390,2023-11-15 12:11:58.446659,0 days 00:00:00.307269,0.8,10,3.0,0.9,19,71,COMPLETE
3581,3581,17833.0,2023-11-15 12:11:58.448401,2023-11-15 12:11:58.760490,0 days 00:00:00.312089,0.8,10,3.0,0.9,27,80,COMPLETE
3582,3582,17917.0,2023-11-15 12:11:58.762455,2023-11-15 12:11:59.075399,0 days 00:00:00.312944,0.8,10,2.75,0.9,14,67,COMPLETE
3583,3583,17656.25,2023-11-15 12:11:59.077737,2023-11-15 12:11:59.390283,0 days 00:00:00.312546,0.8,10,2.5,0.9,18,93,COMPLETE
3584,3584,18682.0,2023-11-15 12:11:59.391940,2023-11-15 12:11:59.701438,0 days 00:00:00.309498,0.8,10,3.0,0.9,23,75,COMPLETE
3585,3585,15823.5,2023-11-15 12:11:59.703191,2023-11-15 12:12:00.024387,0 days 00:00:00.321196,0.8,20,3.0,0.4,21,63,COMPLETE
3586,3586,14557.75,2023-11-15 12:12:00.026123,2023-11-15 12:12:00.363140,0 days 00:00:00.337017,0.8,40,3.0,0.9,16,69,COMPLETE
3587,3587,18215.25,2023-11-15 12:12:00.364799,2023-11-15 12:12:00.680085,0 days 00:00:00.315286,0.8,10,2.75,0.9,25,72,COMPLETE
3588,3588,18305.0,2023-11-15 12:12:00.681657,2023-11-15 12:12:00.993721,0 days 00:00:00.312064,0.9,10,3.0,0.9,12,77,COMPLETE
3589,3589,16719.5,2023-11-15 12:12:00.995829,2023-11-15 12:12:01.311446,0 days 00:00:00.315617,0.8,10,3.0,0.9,18,66,COMPLETE
3590,3590,17920.75,2023-11-15 12:12:01.313184,2023-11-15 12:12:01.645180,0 days 00:00:00.331996,0.8,10,3.0,0.9,20,74,COMPLETE
3591,3591,17115.5,2023-11-15 12:12:01.647061,2023-11-15 12:12:01.965647,0 days 00:00:00.318586,0.8,10,3.0,0.9,15,69,COMPLETE
