,number,value,datetime_start,datetime_complete,duration,params_alpha,params_decay_interval,params_decay_rate,params_gamma,params_initialization,params_max_steps,state
4585,4585,18396.25,2023-11-15 13:37:11.299918,2023-11-15 13:37:11.728649,0 days 00:00:00.428731,0.8,10,1.5,0.8,7,92,COMPLETE
4586,4586,18304.0,2023-11-15 13:37:11.730417,2023-11-15 13:37:12.147525,0 days 00:00:00.417108,0.8,10,1.25,0.7000000000000001,14,100,COMPLETE
4587,4587,18323.25,2023-11-15 13:37:12.149339,2023-11-15 13:37:12.583808,0 days 00:00:00.434469,0.8,10,1.0,0.8,18,97,COMPLETE
4588,4588,18494.5,2023-11-15 13:37:12.586362,2023-11-15 13:37:12.996136,0 days 00:00:00.409774,0.9,10,1.25,0.8,11,99,COMPLETE
4589,4589,17834.25,2023-11-15 13:37:12.997907,2023-11-15 13:37:13.413567,0 days 00:00:00.415660,0.8,10,1.25,0.5,8,95,COMPLETE
4590,4590,17494.5,2023-11-15 13:37:13.415329,2023-11-15 13:37:13.836479,0 days 00:00:00.421150,0.8,10,1.5,0.8,98,98,COMPLETE
4591,4591,18311.0,2023-11-15 13:37:13.838204,2023-11-15 13:37:14.246008,0 days 00:00:00.407804,0.8,10,1.25,0.30000000000000004,4,100,COMPLETE
4592,4592,14293.5,2023-11-15 13:37:14.247811,2023-11-15 13:37:14.656217,0 days 00:00:00.408406,0.7000000000000001,10,1.25,0.8,20,27,COMPLETE
4593,4593,18323.25,2023-11-15 13:37:14.658499,2023-11-15 13:37:15.065876,0 days 00:00:00.407377,0.8,10,1.0,0.8,12,97,COMPLETE
4594,4594,18400.0,2023-11-15 13:37:15.068269,2023-11-15 13:37:15.474095,0 days 00:00:00.405826,0.8,10,1.25,0.9,16,94,COMPLETE
4595,4595,18398.25,2023-11-15 13:37:15.475913,2023-11-15 13:37:15.904732,0 days 00:00:00.428819,0.8,10,1.25,0.8,18,100,COMPLETE
4596,4596,17294.0,2023-11-15 13:37:15.906688,2023-11-15 13:37:16.331968,0 days 00:00:00.425280,0.8,20,1.25,0.8,63,96,COMPLETE
4597,4597,18023.5,2023-11-15 13:37:16.334012,2023-11-15 13:37:16.741994,0 days 00:00:00.407982,0.8,10,1.25,0.8,14,98,COMPLETE
4598,4598,18305.25,2023-11-15 13:37:16.743777,2023-11-15 13:37:17.155206,0 days 00:00:00.411429,0.8,10,1.5,0.8,22,98,COMPLETE
4599,4599,18492.5,2023-11-15 13:37:17.157134,2023-11-15 13:37:17.600658,0 days 00:00:00.443524,0.8,10,1.25,0.8,2,100,COMPLETE
4600,4600,18300.75,2023-11-15 13:37:17.603061,2023-11-15 13:37:18.022177,0 days 00:00:00.419116,0.8,10,1.25,0.9,5,96,COMPLETE
4601,4601,17782.5,2023-11-15 13:37:18.023996,2023-11-15 13:37:18.445769,0 days 00:00:00.421773,0.8,20,1.0,0.8,9,98,COMPLETE
4602,4602,18301.75,2023-11-15 13:37:18.447596,2023-11-15 13:37:18.865887,0 days 00:00:00.418291,0.9,10,1.25,0.7000000000000001,19,93,COMPLETE
4603,4603,18492.5,2023-11-15 13:37:18.868293,2023-11-15 13:37:19.301200,0 days 00:00:00.432907,0.8,10,1.25,0.8,16,100,COMPLETE
4604,4604,18488.75,2023-11-15 13:37:19.303361,2023-11-15 13:37:19.733376,0 days 00:00:00.430015,0.8,10,1.75,0.8,12,96,COMPLETE
4605,4605,18305.25,2023-11-15 13:37:19.735869,2023-11-15 13:37:20.160431,0 days 00:00:00.424562,0.8,10,1.5,0.8,21,98,COMPLETE
4606,4606,17837.25,2023-11-15 13:37:20.162690,2023-11-15 13:37:20.571893,0 days 00:00:00.409203,0.8,10,1.25,0.8,14,77,COMPLETE
4607,4607,18502.75,2023-11-15 13:37:20.573761,2023-11-15 13:37:20.973898,0 days 00:00:00.400137,0.7000000000000001,10,1.25,0.8,6,100,COMPLETE
4608,4608,17837.25,2023-11-15 13:37:20.975724,2023-11-15 13:37:21.383333,0 days 00:00:00.407609,0.8,10,1.25,0.8,18,95,COMPLETE
4609,4609,18023.5,2023-11-15 13:37:21.386115,2023-11-15 13:37:21.796191,0 days 00:00:00.410076,0.8,10,1.25,0.8,3,98,COMPLETE
4610,4610,18118.75,2023-11-15 13:37:21.798068,2023-11-15 13:37:22.209761,0 days 00:00:00.411693,0.8,10,1.0,0.7000000000000001,9,97,COMPLETE
4611,4611,18492.5,2023-11-15 13:37:22.211591,2023-11-15 13:37:22.622007,0 days 00:00:00.410416,0.8,10,1.25,0.8,15,100,COMPLETE
4612,4612,18112.5,2023-11-15 13:37:22.623789,2023-11-15 13:37:23.051908,0 days 00:00:00.428119,0.8,10,1.25,0.8,24,95,COMPLETE
4613,4613,17737.75,2023-11-15 13:37:23.054128,2023-11-15 13:37:23.460721,0 days 00:00:00.406593,0.9,20,1.25,0.9,1,98,COMPLETE
4614,4614,17931.5,2023-11-15 13:37:23.462767,2023-11-15 13:37:23.886897,0 days 00:00:00.424130,0.8,10,0.25,0.8,11,99,COMPLETE
4615,4615,18301.5,2023-11-15 13:37:23.888776,2023-11-15 13:37:24.298685,0 days 00:00:00.409909,0.8,10,1.5,0.8,17,96,COMPLETE
4616,4616,18492.5,2023-11-15 13:37:24.301078,2023-11-15 13:37:24.712280,0 days 00:00:00.411202,0.8,10,1.25,0.8,20,100,COMPLETE
4617,4617,18125.0,2023-11-15 13:37:24.714221,2023-11-15 13:37:25.127932,0 days 00:00:00.413711,0.8,10,1.25,0.8,56,97,COMPLETE
4618,4618,17934.0,2023-11-15 13:37:25.129695,2023-11-15 13:37:25.543282,0 days 00:00:00.413587,0.8,10,0.75,0.8,5,93,COMPLETE
4619,4619,18022.0,2023-11-15 13:37:25.545245,2023-11-15 13:37:25.958306,0 days 00:00:00.413061,0.8,10,1.0,0.8,8,98,COMPLETE
4620,4620,18309.0,2023-11-15 13:37:25.960217,2023-11-15 13:37:26.394108,0 days 00:00:00.433891,0.7000000000000001,10,1.25,0.8,13,100,COMPLETE
4621,4621,17939.5,2023-11-15 13:37:26.395905,2023-11-15 13:37:26.809512,0 days 00:00:00.413607,0.8,20,1.25,0.8,45,94,COMPLETE
4622,4622,18213.0,2023-11-15 13:37:26.811352,2023-11-15 13:37:27.226951,0 days 00:00:00.415599,0.6,10,1.5,0.9,16,97,COMPLETE
4623,4623,18681.25,2023-11-15 13:37:27.228838,2023-11-15 13:37:27.639780,0 days 00:00:00.410942,0.8,10,1.25,0.8,19,99,COMPLETE
4624,4624,18301.75,2023-11-15 13:37:27.641524,2023-11-15 13:37:28.051539,0 days 00:00:00.410015,0.8,10,1.25,0.8,21,96,COMPLETE
4625,4625,17565.5,2023-11-15 13:37:28.053773,2023-11-15 13:37:28.468961,0 days 00:00:00.415188,0.8,30,1.0,0.7000000000000001,14,98,COMPLETE
4626,4626,18492.5,2023-11-15 13:37:28.470837,2023-11-15 13:37:28.877899,0 days 00:00:00.407062,0.8,10,1.25,0.8,10,100,COMPLETE
4627,4627,17489.75,2023-11-15 13:37:28.879682,2023-11-15 13:37:29.302938,0 days 00:00:00.423256,0.7000000000000001,10,1.25,0.8,3,95,COMPLETE
4628,4628,199.5,2023-11-15 13:37:29.305149,2023-11-15 13:37:29.997076,0 days 00:00:00.691927,0.8,10,1.5,0.8,0,98,COMPLETE
4629,4629,18492.5,2023-11-15 13:37:29.998975,2023-11-15 13:37:30.415272,0 days 00:00:00.416297,0.8,10,1.25,0.8,7,100,COMPLETE
4630,4630,17655.25,2023-11-15 13:37:30.417766,2023-11-15 13:37:30.836602,0 days 00:00:00.418836,0.8,10,1.25,0.8,17,91,COMPLETE
4631,4631,18109.0,2023-11-15 13:37:30.838876,2023-11-15 13:37:31.257090,0 days 00:00:00.418214,0.9,20,1.25,0.9,23,96,COMPLETE
4632,4632,18119.25,2023-11-15 13:37:31.258912,2023-11-15 13:37:31.679282,0 days 00:00:00.420370,0.8,10,1.25,0.6,18,98,COMPLETE
4633,4633,17583.5,2023-11-15 13:37:31.681160,2023-11-15 13:37:32.105924,0 days 00:00:00.424764,0.8,10,1.0,0.8,86,97,COMPLETE
4634,4634,18492.5,2023-11-15 13:37:32.107915,2023-11-15 13:37:32.527309,0 days 00:00:00.419394,0.8,10,1.25,0.8,12,100,COMPLETE
4635,4635,18307.0,2023-11-15 13:37:32.529087,2023-11-15 13:37:32.946299,0 days 00:00:00.417212,0.8,10,1.5,0.8,15,94,COMPLETE
4636,4636,17580.25,2023-11-15 13:37:32.948163,2023-11-15 13:37:33.382630,0 days 00:00:00.434467,0.8,10,1.25,0.1,5,99,COMPLETE
4637,4637,18039.25,2023-11-15 13:37:33.385121,2023-11-15 13:37:33.793664,0 days 00:00:00.408543,0.8,10,1.25,0.8,20,75,COMPLETE
4638,4638,18394.5,2023-11-15 13:37:33.795429,2023-11-15 13:37:34.211838,0 days 00:00:00.416409,0.8,10,1.25,0.8,16,96,COMPLETE
4639,4639,18305.25,2023-11-15 13:37:34.213697,2023-11-15 13:37:34.630153,0 days 00:00:00.416456,0.8,10,2.75,0.7000000000000001,10,98,COMPLETE
4640,4640,17921.25,2023-11-15 13:37:34.632127,2023-11-15 13:37:35.050996,0 days 00:00:00.418869,0.7000000000000001,20,1.25,0.8,13,100,COMPLETE
4641,4641,18218.0,2023-11-15 13:37:35.052859,2023-11-15 13:37:35.467170,0 days 00:00:00.414311,0.8,10,1.25,0.8,7,97,COMPLETE
4642,4642,17833.5,2023-11-15 13:37:35.469412,2023-11-15 13:37:35.879808,0 days 00:00:00.410396,0.8,10,1.75,0.8,2,95,COMPLETE
4643,4643,18213.5,2023-11-15 13:37:35.881603,2023-11-15 13:37:36.305602,0 days 00:00:00.423999,0.9,10,1.5,0.9,26,98,COMPLETE
4644,4644,18458.5,2023-11-15 13:37:36.307333,2023-11-15 13:37:36.741441,0 days 00:00:00.434108,0.8,10,1.0,0.8,22,100,COMPLETE
4645,4645,18398.75,2023-11-15 13:37:36.743913,2023-11-15 13:37:37.188573,0 days 00:00:00.444660,0.8,10,2.25,0.8,19,98,COMPLETE
4646,4646,18394.5,2023-11-15 13:37:37.190316,2023-11-15 13:37:37.615052,0 days 00:00:00.424736,0.8,10,1.25,0.8,17,96,COMPLETE
4647,4647,18027.5,2023-11-15 13:37:37.617547,2023-11-15 13:37:38.048497,0 days 00:00:00.430950,0.8,10,1.25,0.8,4,86,COMPLETE
4648,4648,18207.75,2023-11-15 13:37:38.050715,2023-11-15 13:37:38.481319,0 days 00:00:00.430604,0.8,10,1.25,0.8,14,93,COMPLETE
4649,4649,16291.0,2023-11-15 13:37:38.483390,2023-11-15 13:37:38.938071,0 days 00:00:00.454681,0.8,40,1.25,0.8,11,100,COMPLETE
4650,4650,18209.25,2023-11-15 13:37:38.940108,2023-11-15 13:37:39.388197,0 days 00:00:00.448089,0.8,10,1.25,0.7000000000000001,8,98,COMPLETE
4651,4651,18126.75,2023-11-15 13:37:39.390106,2023-11-15 13:37:39.832209,0 days 00:00:00.442103,0.8,20,1.0,0.8,19,96,COMPLETE
4652,4652,18030.25,2023-11-15 13:37:39.834646,2023-11-15 13:37:40.285064,0 days 00:00:00.450418,0.5,10,1.25,0.9,15,99,COMPLETE
4653,4653,18492.5,2023-11-15 13:37:40.287123,2023-11-15 13:37:40.723922,0 days 00:00:00.436799,0.8,10,1.25,0.8,6,100,COMPLETE
4654,4654,18399.75,2023-11-15 13:37:40.725902,2023-11-15 13:37:41.187256,0 days 00:00:00.461354,0.8,10,1.5,0.8,17,97,COMPLETE
4655,4655,18410.75,2023-11-15 13:37:41.189226,2023-11-15 13:37:41.629800,0 days 00:00:00.440574,0.8,10,1.25,0.8,21,94,COMPLETE
4656,4656,18023.5,2023-11-15 13:37:41.631869,2023-11-15 13:37:42.074738,0 days 00:00:00.442869,0.8,10,1.25,0.8,12,98,COMPLETE
4657,4657,18022.25,2023-11-15 13:37:42.076696,2023-11-15 13:37:42.517669,0 days 00:00:00.440973,0.8,10,1.25,0.6,2,96,COMPLETE
4658,4658,18401.0,2023-11-15 13:37:42.519959,2023-11-15 13:37:42.967531,0 days 00:00:00.447572,0.8,10,1.0,0.8,24,100,COMPLETE
4659,4659,18209.5,2023-11-15 13:37:42.969843,2023-11-15 13:37:43.420698,0 days 00:00:00.450855,0.9,10,1.25,0.8,18,98,COMPLETE
4660,4660,17831.25,2023-11-15 13:37:43.422669,2023-11-15 13:37:43.865681,0 days 00:00:00.443012,0.8,10,1.5,0.8,15,95,COMPLETE
4661,4661,18310.75,2023-11-15 13:37:43.868179,2023-11-15 13:37:44.313514,0 days 00:00:00.445335,0.8,10,1.25,0.8,10,92,COMPLETE
4662,4662,17873.75,2023-11-15 13:37:44.315473,2023-11-15 13:37:44.762267,0 days 00:00:00.446794,0.7000000000000001,20,1.25,0.8,4,100,COMPLETE
4663,4663,18217.25,2023-11-15 13:37:44.764184,2023-11-15 13:37:45.210968,0 days 00:00:00.446784,0.8,10,1.25,0.9,20,97,COMPLETE
4664,4664,18362.5,2023-11-15 13:37:45.212860,2023-11-15 13:37:45.628532,0 days 00:00:00.415672,0.8,10,1.25,0.7000000000000001,13,99,COMPLETE
4665,4665,18023.5,2023-11-15 13:37:45.630573,2023-11-15 13:37:46.044862,0 days 00:00:00.414289,0.8,10,1.25,0.8,8,98,COMPLETE
4666,4666,16009.0,2023-11-15 13:37:46.046616,2023-11-15 13:37:46.470268,0 days 00:00:00.423652,0.9,50,1.25,0.8,52,95,COMPLETE
4667,4667,199.5,2023-11-15 13:37:46.472196,2023-11-15 13:37:47.143665,0 days 00:00:00.671469,0.8,10,1.5,0.8,0,100,COMPLETE
4668,4668,18323.25,2023-11-15 13:37:47.145441,2023-11-15 13:37:47.560779,0 days 00:00:00.415338,0.8,10,1.0,0.8,16,97,COMPLETE
4669,4669,18023.5,2023-11-15 13:37:47.562716,2023-11-15 13:37:47.976035,0 days 00:00:00.413319,0.8,10,1.25,0.8,18,98,COMPLETE
4670,4670,9140.5,2023-11-15 13:37:47.977909,2023-11-15 13:37:48.387152,0 days 00:00:00.409243,0.8,20,1.25,0.8,5,17,COMPLETE
4671,4671,18458.5,2023-11-15 13:37:48.388970,2023-11-15 13:37:48.807902,0 days 00:00:00.418932,0.8,10,1.0,0.8,22,100,COMPLETE
4672,4672,18300.75,2023-11-15 13:37:48.809694,2023-11-15 13:37:49.250360,0 days 00:00:00.440666,0.8,10,1.25,0.9,13,96,COMPLETE
4673,4673,18022.75,2023-11-15 13:37:49.252744,2023-11-15 13:37:49.675834,0 days 00:00:00.423090,0.8,10,1.75,0.8,15,94,COMPLETE
4674,4674,17750.5,2023-11-15 13:37:49.677668,2023-11-15 13:37:50.103017,0 days 00:00:00.425349,0.7000000000000001,10,1.25,0.4,9,98,COMPLETE
4675,4675,18217.75,2023-11-15 13:37:50.105099,2023-11-15 13:37:50.530978,0 days 00:00:00.425879,0.8,10,2.0,0.5,19,100,COMPLETE
4676,4676,18301.5,2023-11-15 13:37:50.533061,2023-11-15 13:37:50.952017,0 days 00:00:00.418956,0.8,10,1.5,0.8,31,96,COMPLETE
4677,4677,18023.5,2023-11-15 13:37:50.954915,2023-11-15 13:37:51.374995,0 days 00:00:00.420080,0.8,10,1.25,0.8,17,98,COMPLETE
4678,4678,17919.25,2023-11-15 13:37:51.376780,2023-11-15 13:37:51.797143,0 days 00:00:00.420363,0.8,20,1.25,0.7000000000000001,7,99,COMPLETE
4679,4679,18218.0,2023-11-15 13:37:51.799190,2023-11-15 13:37:52.220231,0 days 00:00:00.421041,0.8,10,1.25,0.8,3,97,COMPLETE
4680,4680,18486.25,2023-11-15 13:37:52.222273,2023-11-15 13:37:52.644836,0 days 00:00:00.422563,0.8,10,1.25,0.8,11,94,COMPLETE
4681,4681,14877.0,2023-11-15 13:37:52.646628,2023-11-15 13:37:53.094661,0 days 00:00:00.448033,0.8,60,1.0,0.8,23,100,COMPLETE
4682,4682,17485.5,2023-11-15 13:37:53.096491,2023-11-15 13:37:53.521910,0 days 00:00:00.425419,0.8,10,1.5,0.30000000000000004,21,96,COMPLETE
4683,4683,18209.5,2023-11-15 13:37:53.523715,2023-11-15 13:37:53.936276,0 days 00:00:00.412561,0.9,10,1.25,0.8,15,98,COMPLETE
4684,4684,18398.25,2023-11-15 13:37:53.938008,2023-11-15 13:37:54.352168,0 days 00:00:00.414160,0.8,10,1.25,0.8,13,100,COMPLETE
4685,4685,18310.75,2023-11-15 13:37:54.354413,2023-11-15 13:37:54.765604,0 days 00:00:00.411191,0.8,10,1.25,0.8,6,92,COMPLETE
4686,4686,18401.5,2023-11-15 13:37:54.768057,2023-11-15 13:37:55.182547,0 days 00:00:00.414490,0.8,10,1.75,0.8,17,97,COMPLETE
4687,4687,17747.25,2023-11-15 13:37:55.184887,2023-11-15 13:37:55.611850,0 days 00:00:00.426963,0.8,10,1.25,0.9,20,95,COMPLETE
4688,4688,17926.25,2023-11-15 13:37:55.613660,2023-11-15 13:37:56.032460,0 days 00:00:00.418800,0.4,10,1.25,0.8,2,99,COMPLETE
4689,4689,18209.5,2023-11-15 13:37:56.034888,2023-11-15 13:37:56.473520,0 days 00:00:00.438632,0.8,10,1.25,0.7000000000000001,10,98,COMPLETE
4690,4690,17928.5,2023-11-15 13:37:56.475501,2023-11-15 13:37:56.896421,0 days 00:00:00.420920,0.7000000000000001,20,1.0,0.8,29,100,COMPLETE
4691,4691,18126.75,2023-11-15 13:37:56.898487,2023-11-15 13:37:57.320732,0 days 00:00:00.422245,0.6,10,1.25,0.8,15,96,COMPLETE
4692,4692,18305.25,2023-11-15 13:37:57.322557,2023-11-15 13:37:57.740327,0 days 00:00:00.417770,0.8,10,1.5,0.8,4,98,COMPLETE
4693,4693,18399.0,2023-11-15 13:37:57.742248,2023-11-15 13:37:58.160784,0 days 00:00:00.418536,0.8,10,1.25,0.8,25,100,COMPLETE
4694,4694,18120.0,2023-11-15 13:37:58.162811,2023-11-15 13:37:58.578264,0 days 00:00:00.415453,0.7000000000000001,10,1.25,0.8,18,94,COMPLETE
4695,4695,17035.25,2023-11-15 13:37:58.580096,2023-11-15 13:37:59.012031,0 days 00:00:00.431935,0.30000000000000004,10,1.25,0.7000000000000001,12,97,COMPLETE
4696,4696,18023.5,2023-11-15 13:37:59.013828,2023-11-15 13:37:59.434944,0 days 00:00:00.421116,0.8,10,1.25,0.8,21,98,COMPLETE
4697,4697,18461.25,2023-11-15 13:37:59.436773,2023-11-15 13:37:59.875872,0 days 00:00:00.439099,0.9,10,1.0,0.8,8,100,COMPLETE
4698,4698,18300.75,2023-11-15 13:37:59.877763,2023-11-15 13:38:00.300987,0 days 00:00:00.423224,0.8,10,1.25,0.9,16,96,COMPLETE
4699,4699,18023.5,2023-11-15 13:38:00.302968,2023-11-15 13:38:00.723523,0 days 00:00:00.420555,0.8,10,1.25,0.8,19,98,COMPLETE
4700,4700,18107.75,2023-11-15 13:38:00.725388,2023-11-15 13:38:01.146422,0 days 00:00:00.421034,0.8,20,1.5,0.8,6,100,COMPLETE
4701,4701,100.0,2023-11-15 13:38:01.148403,2023-11-15 13:38:01.834020,0 days 00:00:00.685617,0.8,10,1.25,0.8,0,95,COMPLETE
4702,4702,16510.75,2023-11-15 13:38:01.836133,2023-11-15 13:38:02.276753,0 days 00:00:00.440620,0.2,10,1.25,0.8,13,98,COMPLETE
4703,4703,18394.5,2023-11-15 13:38:02.278834,2023-11-15 13:38:02.693390,0 days 00:00:00.414556,0.8,10,1.25,0.8,14,96,COMPLETE
4704,4704,18300.0,2023-11-15 13:38:02.695162,2023-11-15 13:38:03.113345,0 days 00:00:00.418183,0.8,10,1.5,0.8,17,93,COMPLETE
4705,4705,18681.25,2023-11-15 13:38:03.115326,2023-11-15 13:38:03.550867,0 days 00:00:00.435541,0.8,10,1.25,0.8,9,99,COMPLETE
4706,4706,18309.5,2023-11-15 13:38:03.553138,2023-11-15 13:38:03.981038,0 days 00:00:00.427900,0.8,10,1.0,0.8,23,97,COMPLETE
4707,4707,14290.75,2023-11-15 13:38:03.983408,2023-11-15 13:38:04.422531,0 days 00:00:00.439123,0.8,70,1.25,0.7000000000000001,4,100,COMPLETE
4708,4708,18265.25,2023-11-15 13:38:04.424840,2023-11-15 13:38:04.853020,0 days 00:00:00.428180,0.8,10,1.25,0.9,11,98,COMPLETE
4709,4709,18399.5,2023-11-15 13:38:04.855175,2023-11-15 13:38:05.274170,0 days 00:00:00.418995,0.8,10,1.25,0.8,19,90,COMPLETE
4710,4710,18394.5,2023-11-15 13:38:05.276185,2023-11-15 13:38:05.696227,0 days 00:00:00.420042,0.8,10,1.25,0.8,16,96,COMPLETE
4711,4711,18013.5,2023-11-15 13:38:05.698311,2023-11-15 13:38:06.114389,0 days 00:00:00.416078,0.8,20,1.25,0.8,27,100,COMPLETE
4712,4712,18027.25,2023-11-15 13:38:06.116690,2023-11-15 13:38:06.536898,0 days 00:00:00.420208,0.8,10,1.0,0.8,2,94,COMPLETE
4713,4713,15640.0,2023-11-15 13:38:06.538716,2023-11-15 13:38:06.972709,0 days 00:00:00.433993,0.8,10,1.25,0.8,21,30,COMPLETE
4714,4714,18209.25,2023-11-15 13:38:06.974625,2023-11-15 13:38:07.391702,0 days 00:00:00.417077,0.8,10,1.5,0.8,15,79,COMPLETE
4715,4715,18118.75,2023-11-15 13:38:07.393548,2023-11-15 13:38:07.815935,0 days 00:00:00.422387,0.9,10,1.25,0.6,6,98,COMPLETE
4716,4716,18218.0,2023-11-15 13:38:07.818579,2023-11-15 13:38:08.234114,0 days 00:00:00.415535,0.8,10,1.25,0.9,12,100,COMPLETE
4717,4717,18216.0,2023-11-15 13:38:08.236183,2023-11-15 13:38:08.653199,0 days 00:00:00.417016,0.7000000000000001,10,1.25,0.8,18,97,COMPLETE
4718,4718,17371.75,2023-11-15 13:38:08.655613,2023-11-15 13:38:09.073447,0 days 00:00:00.417834,0.8,10,1.25,0.8,14,50,COMPLETE
4719,4719,18202.0,2023-11-15 13:38:09.075384,2023-11-15 13:38:09.499323,0 days 00:00:00.423939,0.8,20,1.5,0.8,9,96,COMPLETE
4720,4720,18022.0,2023-11-15 13:38:09.501789,2023-11-15 13:38:09.922778,0 days 00:00:00.420989,0.8,10,1.0,0.8,20,98,COMPLETE
4721,4721,18681.25,2023-11-15 13:38:09.924753,2023-11-15 13:38:10.369581,0 days 00:00:00.444828,0.8,10,1.25,0.8,4,99,COMPLETE
4722,4722,17837.25,2023-11-15 13:38:10.371682,2023-11-15 13:38:10.804077,0 days 00:00:00.432395,0.8,10,1.25,0.8,17,95,COMPLETE
4723,4723,18492.75,2023-11-15 13:38:10.805912,2023-11-15 13:38:11.228298,0 days 00:00:00.422386,0.8,10,1.25,0.9,34,100,COMPLETE
4724,4724,18218.0,2023-11-15 13:38:11.230120,2023-11-15 13:38:11.659401,0 days 00:00:00.429281,0.8,10,1.25,0.8,11,97,COMPLETE
4725,4725,18209.5,2023-11-15 13:38:11.661203,2023-11-15 13:38:12.080903,0 days 00:00:00.419700,0.8,10,1.25,0.7000000000000001,22,98,COMPLETE
4726,4726,17593.25,2023-11-15 13:38:12.082810,2023-11-15 13:38:12.515990,0 days 00:00:00.433180,0.8,10,0.75,0.1,6,100,COMPLETE
4727,4727,13573.75,2023-11-15 13:38:12.518370,2023-11-15 13:38:12.968218,0 days 00:00:00.449848,0.8,80,1.5,0.8,2,95,COMPLETE
4728,4728,18492.0,2023-11-15 13:38:12.970219,2023-11-15 13:38:13.395527,0 days 00:00:00.425308,0.9,10,1.75,0.8,14,92,COMPLETE
4729,4729,17782.5,2023-11-15 13:38:13.397542,2023-11-15 13:38:13.827932,0 days 00:00:00.430390,0.8,20,1.0,0.8,18,98,COMPLETE
4730,4730,18028.0,2023-11-15 13:38:13.829722,2023-11-15 13:38:14.266508,0 days 00:00:00.436786,0.7000000000000001,10,1.25,0.8,8,96,COMPLETE
4731,4731,18492.5,2023-11-15 13:38:14.269089,2023-11-15 13:38:14.687747,0 days 00:00:00.418658,0.8,10,1.25,0.8,16,100,COMPLETE
4732,4732,18023.5,2023-11-15 13:38:14.689631,2023-11-15 13:38:15.108542,0 days 00:00:00.418911,0.8,10,1.25,0.8,24,98,COMPLETE
4733,4733,18307.0,2023-11-15 13:38:15.110359,2023-11-15 13:38:15.530400,0 days 00:00:00.420041,0.8,10,1.5,0.8,19,94,COMPLETE
4734,4734,18587.75,2023-11-15 13:38:15.532405,2023-11-15 13:38:15.952279,0 days 00:00:00.419874,0.8,10,1.25,0.9,4,99,COMPLETE
4735,4735,199.5,2023-11-15 13:38:15.954100,2023-11-15 13:38:16.622814,0 days 00:00:00.668714,0.8,10,1.25,0.8,0,97,COMPLETE
4736,4736,18492.5,2023-11-15 13:38:16.624974,2023-11-15 13:38:17.041889,0 days 00:00:00.416915,0.8,10,1.25,0.8,12,100,COMPLETE
4737,4737,18202.0,2023-11-15 13:38:17.043748,2023-11-15 13:38:17.468795,0 days 00:00:00.425047,0.8,20,1.25,0.8,16,96,COMPLETE
4738,4738,18022.0,2023-11-15 13:38:17.470564,2023-11-15 13:38:17.914907,0 days 00:00:00.444343,0.8,10,1.0,0.8,14,98,COMPLETE
4739,4739,18401.75,2023-11-15 13:38:17.917448,2023-11-15 13:38:18.369216,0 days 00:00:00.451768,0.7000000000000001,10,1.25,0.8,20,100,COMPLETE
4740,4740,18398.5,2023-11-15 13:38:18.371439,2023-11-15 13:38:18.800478,0 days 00:00:00.429039,0.8,10,1.5,0.8,9,98,COMPLETE
4741,4741,18213.25,2023-11-15 13:38:18.802729,2023-11-15 13:38:19.227572,0 days 00:00:00.424843,0.8,10,1.25,0.7000000000000001,22,94,COMPLETE
4742,4742,16818.75,2023-11-15 13:38:19.229430,2023-11-15 13:38:19.657856,0 days 00:00:00.428426,0.8,40,1.25,0.8,7,96,COMPLETE
4743,4743,18307.0,2023-11-15 13:38:19.659768,2023-11-15 13:38:20.090244,0 days 00:00:00.430476,0.9,10,1.25,0.8,18,100,COMPLETE
4744,4744,18265.25,2023-11-15 13:38:20.092122,2023-11-15 13:38:20.517013,0 days 00:00:00.424891,0.8,10,1.25,0.9,11,98,COMPLETE
4745,4745,17274.5,2023-11-15 13:38:20.519065,2023-11-15 13:38:20.948234,0 days 00:00:00.429169,0.8,30,1.0,0.8,15,97,COMPLETE
4746,4746,18681.25,2023-11-15 13:38:20.950800,2023-11-15 13:38:21.383360,0 days 00:00:00.432560,0.8,10,1.25,0.8,3,99,COMPLETE
4747,4747,17837.25,2023-11-15 13:38:21.385590,2023-11-15 13:38:21.811776,0 days 00:00:00.426186,0.8,10,1.25,0.8,13,95,COMPLETE
4748,4748,18400.5,2023-11-15 13:38:21.813531,2023-11-15 13:38:22.234010,0 days 00:00:00.420479,0.8,10,1.5,0.8,17,100,COMPLETE
4749,4749,17839.0,2023-11-15 13:38:22.236000,2023-11-15 13:38:22.651418,0 days 00:00:00.415418,0.8,20,1.25,0.8,5,97,COMPLETE
4750,4750,18023.5,2023-11-15 13:38:22.653284,2023-11-15 13:38:23.070876,0 days 00:00:00.417592,0.8,10,1.25,0.8,19,98,COMPLETE
4751,4751,18298.5,2023-11-15 13:38:23.072747,2023-11-15 13:38:23.489505,0 days 00:00:00.416758,0.8,10,1.75,0.7000000000000001,10,93,COMPLETE
4752,4752,18207.75,2023-11-15 13:38:23.491316,2023-11-15 13:38:23.910267,0 days 00:00:00.418951,0.9,10,1.25,0.8,21,96,COMPLETE
4753,4753,17272.25,2023-11-15 13:38:23.912253,2023-11-15 13:38:24.337497,0 days 00:00:00.425244,0.8,10,1.25,0.8,2,53,COMPLETE
