,number,value,datetime_start,datetime_complete,duration,params_alpha,params_decay_interval,params_decay_rate,params_gamma,params_initialization,params_max_steps,state
2051,2051,19260.75,2023-11-15 12:05:09.590060,2023-11-15 12:05:09.796065,0 days 00:00:00.206005,0.8,10,3.0,0.9,18,71,COMPLETE
2052,2052,16642.0,2023-11-15 12:05:09.797284,2023-11-15 12:05:10.014588,0 days 00:00:00.217304,0.8,10,3.0,0.8,17,63,COMPLETE
2053,2053,16719.5,2023-11-15 12:05:10.016073,2023-11-15 12:05:10.233295,0 days 00:00:00.217222,0.8,10,3.0,0.9,18,66,COMPLETE
2054,2054,15466.0,2023-11-15 12:05:10.234632,2023-11-15 12:05:10.456956,0 days 00:00:00.222324,0.2,10,3.0,0.9,18,68,COMPLETE
2055,2055,16741.5,2023-11-15 12:05:10.458219,2023-11-15 12:05:10.675186,0 days 00:00:00.216967,0.8,10,3.0,0.8,17,61,COMPLETE
2056,2056,17654.5,2023-11-15 12:05:10.676531,2023-11-15 12:05:10.887447,0 days 00:00:00.210916,0.8,10,3.0,0.9,19,65,COMPLETE
2057,2057,19260.75,2023-11-15 12:05:10.888875,2023-11-15 12:05:11.094885,0 days 00:00:00.206010,0.8,10,3.0,0.9,17,71,COMPLETE
2058,2058,17644.5,2023-11-15 12:05:11.096202,2023-11-15 12:05:11.305499,0 days 00:00:00.209297,0.8,10,3.0,0.7000000000000001,17,67,COMPLETE
2059,2059,15905.0,2023-11-15 12:05:11.306818,2023-11-15 12:05:11.522752,0 days 00:00:00.215934,0.8,20,3.0,0.9,18,64,COMPLETE
2060,2060,17471.25,2023-11-15 12:05:11.524014,2023-11-15 12:05:11.739735,0 days 00:00:00.215721,0.7000000000000001,10,3.0,0.8,17,69,COMPLETE
2061,2061,19260.75,2023-11-15 12:05:11.741110,2023-11-15 12:05:11.946520,0 days 00:00:00.205410,0.8,10,3.0,0.9,17,71,COMPLETE
2062,2062,17271.75,2023-11-15 12:05:11.947948,2023-11-15 12:05:12.156602,0 days 00:00:00.208654,0.8,10,3.0,0.9,16,59,COMPLETE
2063,2063,19260.75,2023-11-15 12:05:12.157975,2023-11-15 12:05:12.364886,0 days 00:00:00.206911,0.8,10,3.0,0.9,17,71,COMPLETE
2064,2064,17575.75,2023-11-15 12:05:12.366156,2023-11-15 12:05:12.577454,0 days 00:00:00.211298,0.4,10,3.0,0.9,17,71,COMPLETE
2065,2065,17917.0,2023-11-15 12:05:12.579020,2023-11-15 12:05:12.791936,0 days 00:00:00.212916,0.8,10,3.0,0.9,17,67,COMPLETE
2066,2066,17825.5,2023-11-15 12:05:12.793449,2023-11-15 12:05:13.005116,0 days 00:00:00.211667,0.8,10,3.0,0.9,17,70,COMPLETE
2067,2067,17654.5,2023-11-15 12:05:13.006304,2023-11-15 12:05:13.216401,0 days 00:00:00.210097,0.8,10,3.0,0.9,17,65,COMPLETE
2068,2068,18392.25,2023-11-15 12:05:13.217733,2023-11-15 12:05:13.426821,0 days 00:00:00.209088,0.8,20,3.0,0.9,16,71,COMPLETE
2069,2069,17917.0,2023-11-15 12:05:13.428623,2023-11-15 12:05:13.641730,0 days 00:00:00.213107,0.8,10,3.0,0.9,19,67,COMPLETE
2070,2070,16543.25,2023-11-15 12:05:13.643305,2023-11-15 12:05:13.864249,0 days 00:00:00.220944,0.8,10,3.0,0.9,17,63,COMPLETE
2071,2071,19260.75,2023-11-15 12:05:13.865498,2023-11-15 12:05:14.070842,0 days 00:00:00.205344,0.8,10,3.0,0.9,19,71,COMPLETE
2072,2072,17115.5,2023-11-15 12:05:14.072399,2023-11-15 12:05:14.289859,0 days 00:00:00.217460,0.8,10,3.0,0.9,17,69,COMPLETE
2073,2073,19260.75,2023-11-15 12:05:14.291504,2023-11-15 12:05:14.519729,0 days 00:00:00.228225,0.8,10,3.0,0.9,16,71,COMPLETE
2074,2074,17549.5,2023-11-15 12:05:14.521065,2023-11-15 12:05:14.738953,0 days 00:00:00.217888,0.7000000000000001,10,3.0,0.9,19,68,COMPLETE
2075,2075,19260.75,2023-11-15 12:05:14.740219,2023-11-15 12:05:14.946858,0 days 00:00:00.206639,0.8,10,3.0,0.9,17,71,COMPLETE
2076,2076,16719.5,2023-11-15 12:05:14.948257,2023-11-15 12:05:15.168141,0 days 00:00:00.219884,0.8,10,3.0,0.9,16,66,COMPLETE
2077,2077,19260.75,2023-11-15 12:05:15.169576,2023-11-15 12:05:15.374499,0 days 00:00:00.204923,0.8,10,3.0,0.9,16,71,COMPLETE
2078,2078,16711.25,2023-11-15 12:05:15.375853,2023-11-15 12:05:15.589196,0 days 00:00:00.213343,0.8,10,3.0,0.9,17,62,COMPLETE
2079,2079,19260.75,2023-11-15 12:05:15.590539,2023-11-15 12:05:15.797847,0 days 00:00:00.207308,0.8,10,3.0,0.9,16,71,COMPLETE
2080,2080,17917.0,2023-11-15 12:05:15.799455,2023-11-15 12:05:16.011828,0 days 00:00:00.212373,0.8,10,3.0,0.9,16,67,COMPLETE
2081,2081,19260.75,2023-11-15 12:05:16.013333,2023-11-15 12:05:16.217790,0 days 00:00:00.204457,0.8,10,3.0,0.9,16,71,COMPLETE
2082,2082,16617.75,2023-11-15 12:05:16.219162,2023-11-15 12:05:16.434943,0 days 00:00:00.215781,0.8,20,3.0,0.9,15,69,COMPLETE
2083,2083,17014.0,2023-11-15 12:05:16.436208,2023-11-15 12:05:16.648904,0 days 00:00:00.212696,0.8,10,3.0,0.9,16,64,COMPLETE
2084,2084,18973.5,2023-11-15 12:05:16.650224,2023-11-15 12:05:16.855559,0 days 00:00:00.205335,0.7000000000000001,10,3.0,0.9,16,71,COMPLETE
2085,2085,17547.25,2023-11-15 12:05:16.856957,2023-11-15 12:05:17.074530,0 days 00:00:00.217573,0.8,10,3.0,0.9,16,68,COMPLETE
2086,2086,18122.5,2023-11-15 12:05:17.075773,2023-11-15 12:05:17.289583,0 days 00:00:00.213810,0.8,10,3.0,0.9,15,72,COMPLETE
2087,2087,17654.5,2023-11-15 12:05:17.291097,2023-11-15 12:05:17.501645,0 days 00:00:00.210548,0.8,10,3.0,0.9,16,65,COMPLETE
2088,2088,15407.0,2023-11-15 12:05:17.503181,2023-11-15 12:05:17.729477,0 days 00:00:00.226296,0.8,50,3.0,0.9,15,72,COMPLETE
2089,2089,12354.0,2023-11-15 12:05:17.730703,2023-11-15 12:05:17.967551,0 days 00:00:00.236848,0.8,60,3.0,0.9,16,68,COMPLETE
2090,2090,19260.75,2023-11-15 12:05:17.968905,2023-11-15 12:05:18.173735,0 days 00:00:00.204830,0.8,10,3.0,0.9,17,71,COMPLETE
2091,2091,17547.25,2023-11-15 12:05:18.174988,2023-11-15 12:05:18.386716,0 days 00:00:00.211728,0.8,10,3.0,0.9,15,68,COMPLETE
2092,2092,18122.5,2023-11-15 12:05:18.387977,2023-11-15 12:05:18.598628,0 days 00:00:00.210651,0.8,10,3.0,0.9,16,72,COMPLETE
2093,2093,12410.75,2023-11-15 12:05:18.599968,2023-11-15 12:05:18.839900,0 days 00:00:00.239932,0.1,20,3.0,0.9,17,62,COMPLETE
2094,2094,16719.5,2023-11-15 12:05:18.841292,2023-11-15 12:05:19.058454,0 days 00:00:00.217162,0.8,10,3.0,0.9,15,66,COMPLETE
2095,2095,19260.75,2023-11-15 12:05:19.059830,2023-11-15 12:05:19.266010,0 days 00:00:00.206180,0.8,10,3.0,0.9,16,71,COMPLETE
2096,2096,17115.5,2023-11-15 12:05:19.267274,2023-11-15 12:05:19.484905,0 days 00:00:00.217631,0.8,10,3.0,0.9,17,69,COMPLETE
2097,2097,18122.5,2023-11-15 12:05:19.486217,2023-11-15 12:05:19.697760,0 days 00:00:00.211543,0.8,10,3.0,0.9,17,72,COMPLETE
2098,2098,18115.75,2023-11-15 12:05:19.699138,2023-11-15 12:05:19.910897,0 days 00:00:00.211759,0.7000000000000001,10,3.0,0.9,16,65,COMPLETE
2099,2099,17115.5,2023-11-15 12:05:19.912451,2023-11-15 12:05:20.127404,0 days 00:00:00.214953,0.8,10,3.0,0.9,15,69,COMPLETE
2100,2100,18122.5,2023-11-15 12:05:20.129065,2023-11-15 12:05:20.339709,0 days 00:00:00.210644,0.8,10,3.0,0.9,17,72,COMPLETE
2101,2101,17547.25,2023-11-15 12:05:20.340917,2023-11-15 12:05:20.553651,0 days 00:00:00.212734,0.8,10,3.0,0.9,15,68,COMPLETE
2102,2102,17275.25,2023-11-15 12:05:20.554897,2023-11-15 12:05:20.773413,0 days 00:00:00.218516,0.8,20,3.0,0.9,18,72,COMPLETE
2103,2103,16543.25,2023-11-15 12:05:20.774765,2023-11-15 12:05:20.993538,0 days 00:00:00.218773,0.8,10,3.0,0.9,14,63,COMPLETE
2104,2104,17917.0,2023-11-15 12:05:20.995109,2023-11-15 12:05:21.212968,0 days 00:00:00.217859,0.8,10,3.0,0.9,18,67,COMPLETE
2105,2105,16293.25,2023-11-15 12:05:21.214817,2023-11-15 12:05:21.455356,0 days 00:00:00.240539,0.8,30,3.0,0.9,17,72,COMPLETE
2106,2106,17825.5,2023-11-15 12:05:21.456732,2023-11-15 12:05:21.670664,0 days 00:00:00.213932,0.8,10,3.0,0.9,15,70,COMPLETE
2107,2107,18118.75,2023-11-15 12:05:21.672075,2023-11-15 12:05:21.882626,0 days 00:00:00.210551,0.6,10,3.0,0.9,18,65,COMPLETE
2108,2108,17547.25,2023-11-15 12:05:21.883856,2023-11-15 12:05:22.097170,0 days 00:00:00.213314,0.8,10,3.0,0.9,14,68,COMPLETE
2109,2109,16726.25,2023-11-15 12:05:22.098421,2023-11-15 12:05:22.314480,0 days 00:00:00.216059,0.8,10,3.0,0.9,15,61,COMPLETE
2110,2110,19260.75,2023-11-15 12:05:22.316036,2023-11-15 12:05:22.521328,0 days 00:00:00.205292,0.8,10,3.0,0.9,18,71,COMPLETE
2111,2111,17275.25,2023-11-15 12:05:22.522677,2023-11-15 12:05:22.742583,0 days 00:00:00.219906,0.8,20,3.0,0.9,18,72,COMPLETE
2112,2112,17080.5,2023-11-15 12:05:22.744396,2023-11-15 12:05:22.961140,0 days 00:00:00.216744,0.7000000000000001,10,3.0,0.9,16,66,COMPLETE
2113,2113,17547.25,2023-11-15 12:05:22.962775,2023-11-15 12:05:23.175204,0 days 00:00:00.212429,0.8,10,3.0,0.9,18,68,COMPLETE
2114,2114,18122.5,2023-11-15 12:05:23.176717,2023-11-15 12:05:23.387843,0 days 00:00:00.211126,0.8,10,3.0,0.9,18,72,COMPLETE
2115,2115,17825.5,2023-11-15 12:05:23.389122,2023-11-15 12:05:23.601799,0 days 00:00:00.212677,0.8,10,3.0,0.9,16,70,COMPLETE
2116,2116,17014.0,2023-11-15 12:05:23.603115,2023-11-15 12:05:23.821245,0 days 00:00:00.218130,0.8,10,3.0,0.9,14,64,COMPLETE
2117,2117,17271.75,2023-11-15 12:05:23.822662,2023-11-15 12:05:24.038501,0 days 00:00:00.215839,0.8,10,3.0,0.9,19,59,COMPLETE
2118,2118,17115.5,2023-11-15 12:05:24.039750,2023-11-15 12:05:24.255585,0 days 00:00:00.215835,0.8,10,3.0,0.9,17,69,COMPLETE
2119,2119,18122.5,2023-11-15 12:05:24.257013,2023-11-15 12:05:24.470795,0 days 00:00:00.213782,0.8,10,3.0,0.9,15,72,COMPLETE
2120,2120,18122.5,2023-11-15 12:05:24.472013,2023-11-15 12:05:24.682260,0 days 00:00:00.210247,0.8,10,3.0,0.9,19,72,COMPLETE
2121,2121,16816.5,2023-11-15 12:05:24.683523,2023-11-15 12:05:24.902117,0 days 00:00:00.218594,0.5,10,2.75,0.9,17,66,COMPLETE
2122,2122,15643.0,2023-11-15 12:05:24.903350,2023-11-15 12:05:25.121137,0 days 00:00:00.217787,0.7000000000000001,40,3.0,0.9,19,69,COMPLETE
2123,2123,17275.25,2023-11-15 12:05:25.122430,2023-11-15 12:05:25.340378,0 days 00:00:00.217948,0.8,20,3.0,0.9,14,72,COMPLETE
2124,2124,17547.25,2023-11-15 12:05:25.341754,2023-11-15 12:05:25.555129,0 days 00:00:00.213375,0.8,10,3.0,0.9,17,68,COMPLETE
2125,2125,17014.0,2023-11-15 12:05:25.556567,2023-11-15 12:05:25.773688,0 days 00:00:00.217121,0.8,10,3.0,0.9,19,64,COMPLETE
2126,2126,18215.25,2023-11-15 12:05:25.774966,2023-11-15 12:05:25.989203,0 days 00:00:00.214237,0.8,10,2.75,0.9,15,72,COMPLETE
2127,2127,17115.5,2023-11-15 12:05:25.990490,2023-11-15 12:05:26.212237,0 days 00:00:00.221747,0.8,10,3.0,0.9,19,69,COMPLETE
2128,2128,16719.5,2023-11-15 12:05:26.213522,2023-11-15 12:05:26.430083,0 days 00:00:00.216561,0.8,10,3.0,0.9,17,66,COMPLETE
2129,2129,18215.25,2023-11-15 12:05:26.431466,2023-11-15 12:05:26.646235,0 days 00:00:00.214769,0.8,10,2.75,0.9,14,72,COMPLETE
2130,2130,17547.25,2023-11-15 12:05:26.647663,2023-11-15 12:05:26.860019,0 days 00:00:00.212356,0.8,10,3.0,0.9,19,68,COMPLETE
2131,2131,16543.25,2023-11-15 12:05:26.861850,2023-11-15 12:05:27.080764,0 days 00:00:00.218914,0.8,10,3.0,0.9,16,63,COMPLETE
2132,2132,16636.0,2023-11-15 12:05:27.081989,2023-11-15 12:05:27.307485,0 days 00:00:00.225496,0.8,20,3.0,0.9,19,73,COMPLETE
2133,2133,17115.5,2023-11-15 12:05:27.308799,2023-11-15 12:05:27.539094,0 days 00:00:00.230295,0.8,10,2.75,0.9,17,69,COMPLETE
2134,2134,18872.25,2023-11-15 12:05:27.540544,2023-11-15 12:05:27.748145,0 days 00:00:00.207601,0.7000000000000001,10,3.0,0.9,19,73,COMPLETE
2135,2135,17917.0,2023-11-15 12:05:27.749512,2023-11-15 12:05:27.965122,0 days 00:00:00.215610,0.8,10,3.0,0.9,15,67,COMPLETE
2136,2136,17825.5,2023-11-15 12:05:27.966405,2023-11-15 12:05:28.183007,0 days 00:00:00.216602,0.8,10,3.0,0.9,17,70,COMPLETE
2137,2137,17014.0,2023-11-15 12:05:28.184955,2023-11-15 12:05:28.404106,0 days 00:00:00.219151,0.8,10,3.0,0.9,14,64,COMPLETE
2138,2138,17369.5,2023-11-15 12:05:28.405326,2023-11-15 12:05:28.622588,0 days 00:00:00.217262,0.8,10,2.75,0.9,19,73,COMPLETE
2139,2139,17825.5,2023-11-15 12:05:28.624134,2023-11-15 12:05:28.839048,0 days 00:00:00.214914,0.8,10,3.0,0.9,17,70,COMPLETE
2140,2140,16468.5,2023-11-15 12:05:28.840355,2023-11-15 12:05:29.058174,0 days 00:00:00.217819,0.30000000000000004,10,3.0,0.9,19,66,COMPLETE
2141,2141,17369.5,2023-11-15 12:05:29.059545,2023-11-15 12:05:29.281422,0 days 00:00:00.221877,0.8,10,3.0,0.9,69,73,COMPLETE
2142,2142,15902.75,2023-11-15 12:05:29.282777,2023-11-15 12:05:29.508414,0 days 00:00:00.225637,0.8,20,2.75,0.9,14,61,COMPLETE
2143,2143,17115.5,2023-11-15 12:05:29.509806,2023-11-15 12:05:29.727119,0 days 00:00:00.217313,0.8,10,3.0,0.9,19,69,COMPLETE
2144,2144,17188.25,2023-11-15 12:05:29.728860,2023-11-15 12:05:29.948318,0 days 00:00:00.219458,0.8,10,3.0,0.9,16,73,COMPLETE
2145,2145,16719.5,2023-11-15 12:05:29.949624,2023-11-15 12:05:30.169637,0 days 00:00:00.220013,0.8,10,2.75,0.9,20,66,COMPLETE
2146,2146,17825.5,2023-11-15 12:05:30.170932,2023-11-15 12:05:30.384283,0 days 00:00:00.213351,0.8,10,3.0,0.9,16,70,COMPLETE
2147,2147,17115.5,2023-11-15 12:05:30.385577,2023-11-15 12:05:30.600603,0 days 00:00:00.215026,0.8,10,3.0,0.9,18,69,COMPLETE
2148,2148,17369.5,2023-11-15 12:05:30.601839,2023-11-15 12:05:30.823139,0 days 00:00:00.221300,0.8,10,3.0,0.9,19,73,COMPLETE
2149,2149,17080.5,2023-11-15 12:05:30.824361,2023-11-15 12:05:31.041549,0 days 00:00:00.217188,0.7000000000000001,10,2.75,0.9,14,66,COMPLETE
2150,2150,18122.5,2023-11-15 12:05:31.043110,2023-11-15 12:05:31.256124,0 days 00:00:00.213014,0.8,10,3.0,0.9,17,72,COMPLETE
2151,2151,15630.5,2023-11-15 12:05:31.257366,2023-11-15 12:05:31.482173,0 days 00:00:00.224807,0.8,20,3.0,0.9,20,63,COMPLETE
2152,2152,17115.5,2023-11-15 12:05:31.483505,2023-11-15 12:05:31.709406,0 days 00:00:00.225901,0.8,10,2.75,0.9,16,69,COMPLETE
2153,2153,16349.5,2023-11-15 12:05:31.710801,2023-11-15 12:05:31.944764,0 days 00:00:00.233963,0.8,10,3.0,0.9,20,56,COMPLETE
2154,2154,17369.5,2023-11-15 12:05:31.946386,2023-11-15 12:05:32.160186,0 days 00:00:00.213800,0.8,10,3.0,0.9,14,73,COMPLETE
2155,2155,17917.0,2023-11-15 12:05:32.161949,2023-11-15 12:05:32.377957,0 days 00:00:00.216008,0.8,10,3.0,0.9,18,67,COMPLETE
2156,2156,14566.5,2023-11-15 12:05:32.379189,2023-11-15 12:05:32.615158,0 days 00:00:00.235969,0.8,50,3.0,0.9,20,70,COMPLETE
2157,2157,17369.5,2023-11-15 12:05:32.616730,2023-11-15 12:05:32.833752,0 days 00:00:00.217022,0.8,10,2.75,0.9,17,73,COMPLETE
2158,2158,16719.5,2023-11-15 12:05:32.835018,2023-11-15 12:05:33.053192,0 days 00:00:00.218174,0.8,10,3.0,0.9,15,66,COMPLETE
2159,2159,17825.5,2023-11-15 12:05:33.054618,2023-11-15 12:05:33.270291,0 days 00:00:00.215673,0.8,10,3.0,0.9,20,70,COMPLETE
2160,2160,17259.0,2023-11-15 12:05:33.271594,2023-11-15 12:05:33.485776,0 days 00:00:00.214182,0.8,20,3.0,0.9,19,60,COMPLETE
2161,2161,17369.5,2023-11-15 12:05:33.487048,2023-11-15 12:05:33.705422,0 days 00:00:00.218374,0.8,10,3.0,0.9,17,73,COMPLETE
2162,2162,16919.75,2023-11-15 12:05:33.706700,2023-11-15 12:05:33.925718,0 days 00:00:00.219018,0.7000000000000001,10,2.75,0.9,14,64,COMPLETE
2163,2163,16749.75,2023-11-15 12:05:33.927234,2023-11-15 12:05:34.148038,0 days 00:00:00.220804,0.4,10,3.0,0.9,20,69,COMPLETE
2164,2164,18215.25,2023-11-15 12:05:34.149464,2023-11-15 12:05:34.365727,0 days 00:00:00.216263,0.8,10,2.75,0.9,17,72,COMPLETE
2165,2165,17917.0,2023-11-15 12:05:34.367191,2023-11-15 12:05:34.586106,0 days 00:00:00.218915,0.8,10,3.0,0.9,18,67,COMPLETE
2166,2166,17369.5,2023-11-15 12:05:34.587351,2023-11-15 12:05:34.808833,0 days 00:00:00.221482,0.8,10,3.0,0.9,20,73,COMPLETE
2167,2167,17014.75,2023-11-15 12:05:34.810386,2023-11-15 12:05:35.031275,0 days 00:00:00.220889,0.6,10,3.0,0.9,16,69,COMPLETE
2168,2168,17369.5,2023-11-15 12:05:35.032568,2023-11-15 12:05:35.251282,0 days 00:00:00.218714,0.8,10,3.0,0.9,14,73,COMPLETE
2169,2169,16543.25,2023-11-15 12:05:35.252859,2023-11-15 12:05:35.479525,0 days 00:00:00.226666,0.8,10,2.75,0.9,20,63,COMPLETE
2170,2170,17917.0,2023-11-15 12:05:35.480808,2023-11-15 12:05:35.699313,0 days 00:00:00.218505,0.8,10,3.0,0.9,18,67,COMPLETE
2171,2171,19260.75,2023-11-15 12:05:35.700564,2023-11-15 12:05:35.908747,0 days 00:00:00.208183,0.8,10,3.0,0.9,16,71,COMPLETE
2172,2172,17826.75,2023-11-15 12:05:35.910228,2023-11-15 12:05:36.122668,0 days 00:00:00.212440,0.5,20,2.75,0.9,20,70,COMPLETE
2173,2173,17369.5,2023-11-15 12:05:36.123951,2023-11-15 12:05:36.339716,0 days 00:00:00.215765,0.8,10,3.0,0.9,13,73,COMPLETE
2174,2174,17654.5,2023-11-15 12:05:36.341050,2023-11-15 12:05:36.555422,0 days 00:00:00.214372,0.8,10,3.0,0.9,18,65,COMPLETE
2175,2175,17115.5,2023-11-15 12:05:36.556704,2023-11-15 12:05:36.779232,0 days 00:00:00.222528,0.8,10,3.0,0.9,16,69,COMPLETE
2176,2176,17369.5,2023-11-15 12:05:36.780891,2023-11-15 12:05:37.002563,0 days 00:00:00.221672,0.8,10,2.75,0.9,20,73,COMPLETE
2177,2177,16719.5,2023-11-15 12:05:37.003812,2023-11-15 12:05:37.235745,0 days 00:00:00.231933,0.8,10,3.0,0.9,18,66,COMPLETE
2178,2178,17825.5,2023-11-15 12:05:37.237221,2023-11-15 12:05:37.457870,0 days 00:00:00.220649,0.8,10,3.0,0.9,14,70,COMPLETE
2179,2179,11417.25,2023-11-15 12:05:37.459151,2023-11-15 12:05:37.698629,0 days 00:00:00.239478,0.8,70,3.0,0.9,20,67,COMPLETE
2180,2180,16630.25,2023-11-15 12:05:37.699923,2023-11-15 12:05:37.925571,0 days 00:00:00.225648,0.8,10,2.75,0.9,16,62,COMPLETE
2181,2181,17369.5,2023-11-15 12:05:37.927230,2023-11-15 12:05:38.148945,0 days 00:00:00.221715,0.8,10,3.0,0.9,21,73,COMPLETE
2182,2182,18392.25,2023-11-15 12:05:38.150274,2023-11-15 12:05:38.365695,0 days 00:00:00.215421,0.7000000000000001,20,3.0,0.9,18,71,COMPLETE
2183,2183,17115.5,2023-11-15 12:05:38.366985,2023-11-15 12:05:38.587182,0 days 00:00:00.220197,0.8,10,3.0,0.9,15,69,COMPLETE
2184,2184,17369.5,2023-11-15 12:05:38.588453,2023-11-15 12:05:38.808521,0 days 00:00:00.220068,0.8,10,2.75,0.9,21,73,COMPLETE
2185,2185,17654.5,2023-11-15 12:05:38.810010,2023-11-15 12:05:39.033629,0 days 00:00:00.223619,0.8,10,3.0,0.9,18,65,COMPLETE
2186,2186,17825.5,2023-11-15 12:05:39.035084,2023-11-15 12:05:39.248834,0 days 00:00:00.213750,0.8,10,3.0,0.9,13,70,COMPLETE
2187,2187,17917.0,2023-11-15 12:05:39.250256,2023-11-15 12:05:39.469249,0 days 00:00:00.218993,0.8,10,3.0,0.9,20,67,COMPLETE
2188,2188,17920.75,2023-11-15 12:05:39.470548,2023-11-15 12:05:39.691362,0 days 00:00:00.220814,0.8,10,2.75,0.9,16,74,COMPLETE
2189,2189,17461.25,2023-11-15 12:05:39.692746,2023-11-15 12:05:39.907552,0 days 00:00:00.214806,0.8,10,3.0,0.9,18,60,COMPLETE
2190,2190,16636.0,2023-11-15 12:05:39.908981,2023-11-15 12:05:40.150658,0 days 00:00:00.241677,0.8,20,3.0,0.9,21,73,COMPLETE
2191,2191,17825.5,2023-11-15 12:05:40.152034,2023-11-15 12:05:40.374655,0 days 00:00:00.222621,0.8,10,3.0,0.9,15,70,COMPLETE
2192,2192,17920.5,2023-11-15 12:05:40.376297,2023-11-15 12:05:40.592341,0 days 00:00:00.216044,0.7000000000000001,10,2.75,0.9,19,67,COMPLETE
2193,2193,17014.0,2023-11-15 12:05:40.594157,2023-11-15 12:05:40.829911,0 days 00:00:00.235754,0.8,10,3.0,0.9,21,64,COMPLETE
2194,2194,17369.5,2023-11-15 12:05:40.831229,2023-11-15 12:05:41.057007,0 days 00:00:00.225778,0.8,10,3.0,0.9,17,73,COMPLETE
2195,2195,17115.5,2023-11-15 12:05:41.058423,2023-11-15 12:05:41.284766,0 days 00:00:00.226343,0.8,10,3.0,0.9,19,69,COMPLETE
2196,2196,17369.5,2023-11-15 12:05:41.286060,2023-11-15 12:05:41.505429,0 days 00:00:00.219369,0.8,10,2.75,0.9,21,73,COMPLETE
2197,2197,17825.5,2023-11-15 12:05:41.506775,2023-11-15 12:05:41.730997,0 days 00:00:00.224222,0.8,10,3.0,0.9,13,70,COMPLETE
2198,2198,17917.0,2023-11-15 12:05:41.732344,2023-11-15 12:05:41.957375,0 days 00:00:00.225031,0.8,10,3.0,0.9,17,67,COMPLETE
2199,2199,17188.25,2023-11-15 12:05:41.958658,2023-11-15 12:05:42.186465,0 days 00:00:00.227807,0.8,20,3.0,0.9,15,74,COMPLETE
2200,2200,16632.25,2023-11-15 12:05:42.187776,2023-11-15 12:05:42.412161,0 days 00:00:00.224385,0.8,10,2.75,0.9,19,63,COMPLETE
2201,2201,19260.75,2023-11-15 12:05:42.413784,2023-11-15 12:05:42.628113,0 days 00:00:00.214329,0.8,10,3.0,0.9,21,71,COMPLETE
2202,2202,17547.25,2023-11-15 12:05:42.629493,2023-11-15 12:05:42.848400,0 days 00:00:00.218907,0.8,10,3.0,0.9,16,68,COMPLETE
2203,2203,17920.75,2023-11-15 12:05:42.849643,2023-11-15 12:05:43.067463,0 days 00:00:00.217820,0.8,10,3.0,0.9,18,74,COMPLETE
2204,2204,18973.5,2023-11-15 12:05:43.068711,2023-11-15 12:05:43.287401,0 days 00:00:00.218690,0.7000000000000001,10,2.75,0.9,21,71,COMPLETE
2205,2205,17654.5,2023-11-15 12:05:43.288679,2023-11-15 12:05:43.505727,0 days 00:00:00.217048,0.8,10,3.0,0.9,19,65,COMPLETE
2206,2206,17825.5,2023-11-15 12:05:43.506971,2023-11-15 12:05:43.729436,0 days 00:00:00.222465,0.8,10,3.0,0.9,14,70,COMPLETE
2207,2207,17920.75,2023-11-15 12:05:43.730703,2023-11-15 12:05:43.950865,0 days 00:00:00.220162,0.8,10,2.75,0.9,17,74,COMPLETE
2208,2208,15812.25,2023-11-15 12:05:43.952180,2023-11-15 12:05:44.181600,0 days 00:00:00.229420,0.8,20,3.0,0.9,21,68,COMPLETE
2209,2209,13671.25,2023-11-15 12:05:44.183118,2023-11-15 12:05:44.433312,0 days 00:00:00.250194,0.8,80,3.0,0.9,16,71,COMPLETE
2210,2210,16711.25,2023-11-15 12:05:44.434558,2023-11-15 12:05:44.668572,0 days 00:00:00.234014,0.8,10,3.0,0.9,22,62,COMPLETE
2211,2211,16719.5,2023-11-15 12:05:44.670155,2023-11-15 12:05:44.891350,0 days 00:00:00.221195,0.8,10,3.0,0.9,19,66,COMPLETE
2212,2212,17920.75,2023-11-15 12:05:44.892934,2023-11-15 12:05:45.113196,0 days 00:00:00.220262,0.8,10,2.75,0.9,14,74,COMPLETE
2213,2213,17175.5,2023-11-15 12:05:45.115038,2023-11-15 12:05:45.332532,0 days 00:00:00.217494,0.8,10,3.0,0.9,20,58,COMPLETE
2214,2214,15846.0,2023-11-15 12:05:45.333806,2023-11-15 12:05:45.572833,0 days 00:00:00.239027,0.7000000000000001,30,3.0,0.9,18,71,COMPLETE
2215,2215,17547.25,2023-11-15 12:05:45.574129,2023-11-15 12:05:45.795579,0 days 00:00:00.221450,0.8,10,3.0,0.9,22,68,COMPLETE
2216,2216,17920.75,2023-11-15 12:05:45.796959,2023-11-15 12:05:46.016267,0 days 00:00:00.219308,0.8,10,2.75,0.9,13,74,COMPLETE
2217,2217,17654.5,2023-11-15 12:05:46.017726,2023-11-15 12:05:46.235135,0 days 00:00:00.217409,0.8,10,3.0,0.9,16,65,COMPLETE
2218,2218,19260.75,2023-11-15 12:05:46.236427,2023-11-15 12:05:46.449727,0 days 00:00:00.213300,0.8,10,3.0,0.9,18,71,COMPLETE
2219,2219,17115.5,2023-11-15 12:05:46.450973,2023-11-15 12:05:46.670821,0 days 00:00:00.219848,0.8,10,2.75,0.9,21,69,COMPLETE
2220,2220,17920.75,2023-11-15 12:05:46.672085,2023-11-15 12:05:46.894430,0 days 00:00:00.222345,0.8,10,3.0,0.9,16,74,COMPLETE
2221,2221,16719.5,2023-11-15 12:05:46.895833,2023-11-15 12:05:47.115982,0 days 00:00:00.220149,0.8,10,3.0,0.9,20,66,COMPLETE
2222,2222,19260.75,2023-11-15 12:05:47.117633,2023-11-15 12:05:47.336781,0 days 00:00:00.219148,0.8,10,3.0,0.9,13,71,COMPLETE
