,number,value,datetime_start,datetime_complete,duration,params_alpha,params_decay_interval,params_decay_rate,params_gamma,params_initialization,params_max_steps,state
343,343,19358.5,2023-11-15 10:41:54.418081,2023-11-15 10:41:54.506604,0 days 00:00:00.088523,0.2,10,1.25,0.2,0,72,COMPLETE
344,344,100.0,2023-11-15 10:41:54.507661,2023-11-15 10:41:54.726723,0 days 00:00:00.219062,0.5,10,1.25,0.2,69,66,COMPLETE
345,345,1387.75,2023-11-15 10:41:54.727960,2023-11-15 10:41:54.920767,0 days 00:00:00.192807,0.2,10,1.25,0.2,2,73,COMPLETE
346,346,19358.5,2023-11-15 10:41:54.921753,2023-11-15 10:41:55.016728,0 days 00:00:00.094975,0.2,10,1.25,0.2,0,72,COMPLETE
347,347,5951.0,2023-11-15 10:41:55.017733,2023-11-15 10:41:55.168138,0 days 00:00:00.150405,0.30000000000000004,10,1.25,0.2,8,70,COMPLETE
348,348,100.0,2023-11-15 10:41:55.169065,2023-11-15 10:41:55.382669,0 days 00:00:00.213604,0.2,10,1.25,0.2,32,65,COMPLETE
349,349,4422.75,2023-11-15 10:41:55.383621,2023-11-15 10:41:55.545859,0 days 00:00:00.162238,0.2,10,1.25,0.30000000000000004,50,72,COMPLETE
350,350,100.0,2023-11-15 10:41:55.546738,2023-11-15 10:41:55.767367,0 days 00:00:00.220629,0.2,10,1.25,0.2,4,68,COMPLETE
351,351,1387.75,2023-11-15 10:41:55.768293,2023-11-15 10:41:55.965241,0 days 00:00:00.196948,0.30000000000000004,10,1.25,0.2,2,73,COMPLETE
352,352,1339.5,2023-11-15 10:41:55.966125,2023-11-15 10:41:56.163961,0 days 00:00:00.197836,0.2,10,1.25,0.2,6,75,COMPLETE
353,353,19260.75,2023-11-15 10:41:56.165065,2023-11-15 10:41:56.256816,0 days 00:00:00.091751,0.5,10,1.25,0.2,0,71,COMPLETE
354,354,15749.0,2023-11-15 10:41:56.258482,2023-11-15 10:41:56.363092,0 days 00:00:00.104610,0.4,50,1.25,0.5,2,76,COMPLETE
355,355,19161.25,2023-11-15 10:41:56.364038,2023-11-15 10:41:56.452250,0 days 00:00:00.088212,0.2,10,1.25,0.30000000000000004,0,68,COMPLETE
356,356,9157.75,2023-11-15 10:41:56.453127,2023-11-15 10:41:56.593817,0 days 00:00:00.140690,0.2,10,1.25,0.2,4,78,COMPLETE
357,357,18679.5,2023-11-15 10:41:56.594940,2023-11-15 10:41:56.684061,0 days 00:00:00.089121,0.2,10,1.25,0.8,2,71,COMPLETE
358,358,4834.25,2023-11-15 10:41:56.685068,2023-11-15 10:41:56.853965,0 days 00:00:00.168897,0.2,10,1.0,0.30000000000000004,65,74,COMPLETE
359,359,14862.75,2023-11-15 10:41:56.854919,2023-11-15 10:41:56.950946,0 days 00:00:00.096027,0.30000000000000004,60,1.25,0.4,0,65,COMPLETE
360,360,4138.0,2023-11-15 10:41:56.951860,2023-11-15 10:41:57.128760,0 days 00:00:00.176900,0.2,20,1.25,0.4,20,79,COMPLETE
361,361,1339.5,2023-11-15 10:41:57.129829,2023-11-15 10:41:57.334351,0 days 00:00:00.204522,0.2,10,1.25,0.2,4,75,COMPLETE
362,362,662.5,2023-11-15 10:41:57.335437,2023-11-15 10:41:57.531023,0 days 00:00:00.195586,0.30000000000000004,10,1.0,0.1,2,69,COMPLETE
363,363,3379.5,2023-11-15 10:41:57.532074,2023-11-15 10:41:57.708126,0 days 00:00:00.176052,0.4,10,1.25,0.6,6,73,COMPLETE
364,364,19260.75,2023-11-15 10:41:57.709528,2023-11-15 10:41:57.831010,0 days 00:00:00.121482,0.2,10,1.25,0.4,0,77,COMPLETE
365,365,1781.5,2023-11-15 10:41:57.832007,2023-11-15 10:41:58.020836,0 days 00:00:00.188829,0.2,10,1.25,0.1,3,71,COMPLETE
366,366,19261.0,2023-11-15 10:41:58.021922,2023-11-15 10:41:58.119003,0 days 00:00:00.097081,0.5,10,1.75,0.2,0,150,COMPLETE
367,367,8296.0,2023-11-15 10:41:58.119906,2023-11-15 10:41:58.327285,0 days 00:00:00.207379,0.5,10,1.25,0.2,2,143,COMPLETE
368,368,19260.75,2023-11-15 10:41:58.328216,2023-11-15 10:41:58.414592,0 days 00:00:00.086376,0.5,10,1.75,0.2,0,105,COMPLETE
369,369,831.5,2023-11-15 10:41:58.415634,2023-11-15 10:41:58.603999,0 days 00:00:00.188365,0.5,10,1.75,0.2,4,63,COMPLETE
370,370,966.5,2023-11-15 10:41:58.604997,2023-11-15 10:41:58.906156,0 days 00:00:00.301159,0.5,20,1.75,0.2,2,120,COMPLETE
371,371,2931.25,2023-11-15 10:41:58.907142,2023-11-15 10:41:59.215591,0 days 00:00:00.308449,0.6,10,1.25,0.2,6,137,COMPLETE
372,372,19067.5,2023-11-15 10:41:59.216751,2023-11-15 10:41:59.329031,0 days 00:00:00.112280,0.5,10,1.75,0.2,0,67,COMPLETE
373,373,11139.75,2023-11-15 10:41:59.330285,2023-11-15 10:41:59.525199,0 days 00:00:00.194914,0.5,10,1.75,0.4,2,146,COMPLETE
374,374,8812.75,2023-11-15 10:41:59.526452,2023-11-15 10:41:59.695443,0 days 00:00:00.168991,0.5,10,1.25,0.5,4,74,COMPLETE
375,375,19260.75,2023-11-15 10:41:59.696770,2023-11-15 10:41:59.810394,0 days 00:00:00.113624,0.4,10,1.75,0.30000000000000004,0,110,COMPLETE
376,376,14362.5,2023-11-15 10:41:59.812064,2023-11-15 10:41:59.964091,0 days 00:00:00.152027,0.30000000000000004,70,1.25,0.4,2,149,COMPLETE
377,377,3340.5,2023-11-15 10:41:59.965370,2023-11-15 10:42:00.169208,0 days 00:00:00.203838,0.6,10,1.25,0.4,80,70,COMPLETE
378,378,222.75,2023-11-15 10:42:00.170218,2023-11-15 10:42:00.493874,0 days 00:00:00.323656,0.2,10,1.75,0.2,8,113,COMPLETE
379,379,19161.25,2023-11-15 10:42:00.495049,2023-11-15 10:42:00.595022,0 days 00:00:00.099973,0.2,10,1.25,0.4,0,126,COMPLETE
380,380,7490.0,2023-11-15 10:42:00.596580,2023-11-15 10:42:00.738742,0 days 00:00:00.142162,0.2,20,1.25,0.4,4,76,COMPLETE
381,381,297.25,2023-11-15 10:42:00.739719,2023-11-15 10:42:00.976949,0 days 00:00:00.237230,0.2,10,1.25,0.4,100,72,COMPLETE
382,382,19087.25,2023-11-15 10:42:00.978165,2023-11-15 10:42:01.072810,0 days 00:00:00.094645,0.5,10,1.25,0.9,2,79,COMPLETE
383,383,19260.75,2023-11-15 10:42:01.073702,2023-11-15 10:42:01.168621,0 days 00:00:00.094919,0.2,10,1.25,0.2,0,101,COMPLETE
384,384,3664.75,2023-11-15 10:42:01.169589,2023-11-15 10:42:01.345107,0 days 00:00:00.175518,0.30000000000000004,10,1.0,0.30000000000000004,5,75,COMPLETE
385,385,4636.25,2023-11-15 10:42:01.346035,2023-11-15 10:42:01.503204,0 days 00:00:00.157169,0.2,10,1.25,0.4,2,67,COMPLETE
386,386,19161.25,2023-11-15 10:42:01.504221,2023-11-15 10:42:01.601919,0 days 00:00:00.097698,0.6,10,1.75,0.1,0,134,COMPLETE
387,387,5951.0,2023-11-15 10:42:01.602887,2023-11-15 10:42:01.756298,0 days 00:00:00.153411,0.2,10,1.25,0.2,3,70,COMPLETE
388,388,5685.75,2023-11-15 10:42:01.757354,2023-11-15 10:42:01.928426,0 days 00:00:00.171072,0.30000000000000004,20,1.25,0.1,6,77,COMPLETE
389,389,5668.75,2023-11-15 10:42:01.929318,2023-11-15 10:42:02.084578,0 days 00:00:00.155260,0.2,10,1.0,0.4,2,73,COMPLETE
390,390,19260.75,2023-11-15 10:42:02.085502,2023-11-15 10:42:02.181115,0 days 00:00:00.095613,0.2,10,1.25,0.5,0,81,COMPLETE
391,391,7250.25,2023-11-15 10:42:02.182092,2023-11-15 10:42:02.350272,0 days 00:00:00.168180,0.2,10,1.25,0.6,4,89,COMPLETE
392,392,19260.75,2023-11-15 10:42:02.351418,2023-11-15 10:42:02.443912,0 days 00:00:00.092494,0.6,10,1.25,0.4,0,85,COMPLETE
393,393,5274.75,2023-11-15 10:42:02.444810,2023-11-15 10:42:02.611818,0 days 00:00:00.167008,0.5,10,1.25,0.1,2,77,COMPLETE
394,394,100.0,2023-11-15 10:42:02.612737,2023-11-15 10:42:02.839283,0 days 00:00:00.226546,0.2,10,1.25,0.1,4,69,COMPLETE
395,395,10821.0,2023-11-15 10:42:02.840244,2023-11-15 10:42:02.969244,0 days 00:00:00.129000,0.2,20,1.25,0.4,2,73,COMPLETE
396,396,19259.0,2023-11-15 10:42:02.970453,2023-11-15 10:42:03.070668,0 days 00:00:00.100215,0.2,10,1.0,0.30000000000000004,0,130,COMPLETE
397,397,1101.25,2023-11-15 10:42:03.071787,2023-11-15 10:42:03.261839,0 days 00:00:00.190052,0.2,10,1.25,0.1,7,64,COMPLETE
398,398,1838.25,2023-11-15 10:42:03.262950,2023-11-15 10:42:03.475097,0 days 00:00:00.212147,0.30000000000000004,10,1.25,0.1,2,79,COMPLETE
399,399,1530.75,2023-11-15 10:42:03.476368,2023-11-15 10:42:03.687068,0 days 00:00:00.210700,0.2,40,1.75,0.2,4,75,COMPLETE
400,400,3931.0,2023-11-15 10:42:03.687987,2023-11-15 10:42:03.857088,0 days 00:00:00.169101,0.5,10,1.25,0.4,17,72,COMPLETE
401,401,19260.75,2023-11-15 10:42:03.858320,2023-11-15 10:42:03.954522,0 days 00:00:00.096202,0.30000000000000004,10,1.25,0.4,0,81,COMPLETE
402,402,100.0,2023-11-15 10:42:03.955439,2023-11-15 10:42:04.178610,0 days 00:00:00.223171,0.2,10,1.25,0.2,2,67,COMPLETE
403,403,19260.75,2023-11-15 10:42:04.179502,2023-11-15 10:42:04.275304,0 days 00:00:00.095802,0.2,10,1.25,0.1,0,70,COMPLETE
404,404,10466.25,2023-11-15 10:42:04.276794,2023-11-15 10:42:04.412875,0 days 00:00:00.136081,0.2,10,1.25,0.4,4,77,COMPLETE
405,405,1134.75,2023-11-15 10:42:04.413774,2023-11-15 10:42:04.620940,0 days 00:00:00.207166,0.2,10,1.25,0.1,6,75,COMPLETE
406,406,5844.0,2023-11-15 10:42:04.621901,2023-11-15 10:42:04.790003,0 days 00:00:00.168102,0.2,10,1.25,0.4,2,83,COMPLETE
407,407,18297.0,2023-11-15 10:42:04.790971,2023-11-15 10:42:04.888437,0 days 00:00:00.097466,0.5,20,1.75,0.5,0,73,COMPLETE
408,408,9510.0,2023-11-15 10:42:04.889531,2023-11-15 10:42:05.030041,0 days 00:00:00.140510,0.4,10,1.25,0.1,3,78,COMPLETE
409,409,0.0,2023-11-15 10:42:05.031507,2023-11-15 10:42:05.123767,0 days 00:00:00.092260,0.2,10,1.25,0.2,0,10,COMPLETE
410,410,100.0,2023-11-15 10:42:05.124950,2023-11-15 10:42:05.359191,0 days 00:00:00.234241,0.6,10,1.25,0.4,10,69,COMPLETE
411,411,19164.25,2023-11-15 10:42:05.360298,2023-11-15 10:42:05.455688,0 days 00:00:00.095390,0.30000000000000004,10,1.0,0.7000000000000001,2,72,COMPLETE
412,412,3676.5,2023-11-15 10:42:05.456619,2023-11-15 10:42:05.719812,0 days 00:00:00.263193,0.2,10,1.25,0.1,5,138,COMPLETE
413,413,13846.25,2023-11-15 10:42:05.721018,2023-11-15 10:42:05.834443,0 days 00:00:00.113425,0.4,80,1.25,0.4,0,80,COMPLETE
414,414,1339.5,2023-11-15 10:42:05.835942,2023-11-15 10:42:06.039871,0 days 00:00:00.203929,0.2,10,1.25,0.1,2,75,COMPLETE
415,415,11062.25,2023-11-15 10:42:06.041408,2023-11-15 10:42:06.177978,0 days 00:00:00.136570,0.2,10,0.75,0.1,4,86,COMPLETE
416,416,18984.25,2023-11-15 10:42:06.178900,2023-11-15 10:42:06.274390,0 days 00:00:00.095490,0.2,10,1.25,0.30000000000000004,0,65,COMPLETE
417,417,5722.75,2023-11-15 10:42:06.275577,2023-11-15 10:42:06.438483,0 days 00:00:00.162906,0.2,20,1.25,0.4,2,72,COMPLETE
418,418,157.5,2023-11-15 10:42:06.439421,2023-11-15 10:42:06.639553,0 days 00:00:00.200132,0.30000000000000004,10,1.75,0.1,6,61,COMPLETE
419,419,10035.0,2023-11-15 10:42:06.640503,2023-11-15 10:42:06.779215,0 days 00:00:00.138712,0.2,10,1.0,0.2,3,78,COMPLETE
420,420,19161.25,2023-11-15 10:42:06.780480,2023-11-15 10:42:06.881147,0 days 00:00:00.100667,0.5,10,1.25,0.4,0,68,COMPLETE
421,421,1538.5,2023-11-15 10:42:06.882070,2023-11-15 10:42:07.087625,0 days 00:00:00.205555,0.2,10,1.5,0.1,2,76,COMPLETE
422,422,7733.5,2023-11-15 10:42:07.088567,2023-11-15 10:42:07.240538,0 days 00:00:00.151971,0.2,10,1.25,0.4,4,82,COMPLETE
423,423,4137.75,2023-11-15 10:42:07.241689,2023-11-15 10:42:07.413019,0 days 00:00:00.171330,0.2,10,1.25,0.1,8,70,COMPLETE
424,424,19260.75,2023-11-15 10:42:07.413986,2023-11-15 10:42:07.508042,0 days 00:00:00.094056,0.30000000000000004,10,1.25,0.4,0,74,COMPLETE
425,425,1753.5,2023-11-15 10:42:07.509490,2023-11-15 10:42:07.719909,0 days 00:00:00.210419,0.5,10,1.5,0.1,2,79,COMPLETE
426,426,19358.5,2023-11-15 10:42:07.720980,2023-11-15 10:42:07.818493,0 days 00:00:00.097513,0.6,10,1.25,0.2,0,72,COMPLETE
427,427,3838.0,2023-11-15 10:42:07.819451,2023-11-15 10:42:07.989331,0 days 00:00:00.169880,0.6,40,1.25,0.2,86,67,COMPLETE
428,428,4109.0,2023-11-15 10:42:07.990221,2023-11-15 10:42:08.159532,0 days 00:00:00.169311,0.6,90,1.25,0.2,5,71,COMPLETE
429,429,6584.75,2023-11-15 10:42:08.160497,2023-11-15 10:42:08.311638,0 days 00:00:00.151141,0.6,20,1.25,0.2,59,74,COMPLETE
430,430,100.0,2023-11-15 10:42:08.312783,2023-11-15 10:42:08.533152,0 days 00:00:00.220369,0.6,10,1.25,0.2,2,65,COMPLETE
431,431,19260.75,2023-11-15 10:42:08.534431,2023-11-15 10:42:08.632211,0 days 00:00:00.097780,0.7000000000000001,10,1.25,0.2,0,70,COMPLETE
432,432,8883.75,2023-11-15 10:42:08.633241,2023-11-15 10:42:08.774610,0 days 00:00:00.141369,0.6,20,1.25,0.2,4,73,COMPLETE
433,433,1896.0,2023-11-15 10:42:08.775635,2023-11-15 10:42:08.978367,0 days 00:00:00.202732,0.6,10,1.25,0.2,2,76,COMPLETE
434,434,18986.0,2023-11-15 10:42:08.979490,2023-11-15 10:42:09.076472,0 days 00:00:00.096982,0.6,10,1.25,0.30000000000000004,0,69,COMPLETE
435,435,4562.75,2023-11-15 10:42:09.077427,2023-11-15 10:42:09.248219,0 days 00:00:00.170792,0.7000000000000001,10,1.25,0.4,3,72,COMPLETE
436,436,3962.5,2023-11-15 10:42:09.249169,2023-11-15 10:42:09.424198,0 days 00:00:00.175029,0.8,10,1.75,0.4,6,76,COMPLETE
437,437,19161.25,2023-11-15 10:42:09.425618,2023-11-15 10:42:09.527244,0 days 00:00:00.101626,0.4,10,1.25,0.2,0,68,COMPLETE
438,438,1391.25,2023-11-15 10:42:09.528219,2023-11-15 10:42:09.706473,0 days 00:00:00.178254,0.6,10,1.25,0.5,2,62,COMPLETE
439,439,8773.25,2023-11-15 10:42:09.707425,2023-11-15 10:42:09.851646,0 days 00:00:00.144221,0.30000000000000004,10,1.0,0.4,4,74,COMPLETE
440,440,19260.75,2023-11-15 10:42:09.852737,2023-11-15 10:42:09.948887,0 days 00:00:00.096150,0.6,10,1.25,0.30000000000000004,0,98,COMPLETE
441,441,10034.5,2023-11-15 10:42:09.949783,2023-11-15 10:42:10.091843,0 days 00:00:00.142060,0.9,10,1.25,0.2,2,78,COMPLETE
442,442,4929.75,2023-11-15 10:42:10.093323,2023-11-15 10:42:10.298894,0 days 00:00:00.205571,0.30000000000000004,10,1.25,0.4,4,107,COMPLETE
443,443,19358.5,2023-11-15 10:42:10.300061,2023-11-15 10:42:10.398885,0 days 00:00:00.098824,0.2,10,1.25,0.4,0,72,COMPLETE
444,444,4636.25,2023-11-15 10:42:10.399875,2023-11-15 10:42:10.563305,0 days 00:00:00.163430,0.2,10,1.25,0.4,2,67,COMPLETE
445,445,19163.25,2023-11-15 10:42:10.564252,2023-11-15 10:42:10.662246,0 days 00:00:00.097994,0.7000000000000001,10,1.25,0.4,0,71,COMPLETE
446,446,2294.75,2023-11-15 10:42:10.663893,2023-11-15 10:42:10.842238,0 days 00:00:00.178345,0.4,10,1.25,0.4,6,65,COMPLETE
447,447,11562.25,2023-11-15 10:42:10.843590,2023-11-15 10:42:10.969117,0 days 00:00:00.125527,0.6,10,1.25,0.4,2,71,COMPLETE
448,448,6463.5,2023-11-15 10:42:10.970114,2023-11-15 10:42:11.127689,0 days 00:00:00.157575,0.2,100,1.25,0.4,4,75,COMPLETE
449,449,5685.75,2023-11-15 10:42:11.128620,2023-11-15 10:42:11.285306,0 days 00:00:00.156686,0.2,20,1.25,0.4,49,73,COMPLETE
450,450,14865.0,2023-11-15 10:42:11.286282,2023-11-15 10:42:11.395935,0 days 00:00:00.109653,0.2,60,1.0,0.5,0,69,COMPLETE
451,451,12096.0,2023-11-15 10:42:11.396887,2023-11-15 10:42:11.545874,0 days 00:00:00.148987,0.6,10,1.25,0.4,2,114,COMPLETE
452,452,19358.5,2023-11-15 10:42:11.546963,2023-11-15 10:42:11.649627,0 days 00:00:00.102664,0.30000000000000004,10,1.25,0.30000000000000004,0,72,COMPLETE
453,453,5529.75,2023-11-15 10:42:11.650530,2023-11-15 10:42:11.814734,0 days 00:00:00.164204,0.30000000000000004,10,1.25,0.30000000000000004,8,71,COMPLETE
454,454,100.0,2023-11-15 10:42:11.815714,2023-11-15 10:42:12.039221,0 days 00:00:00.223507,0.30000000000000004,10,1.25,0.30000000000000004,4,67,COMPLETE
455,455,4986.75,2023-11-15 10:42:12.040160,2023-11-15 10:42:12.213310,0 days 00:00:00.173150,0.30000000000000004,10,1.25,0.30000000000000004,2,76,COMPLETE
456,456,19260.75,2023-11-15 10:42:12.214252,2023-11-15 10:42:12.312463,0 days 00:00:00.098211,0.30000000000000004,10,1.25,0.4,0,74,COMPLETE
457,457,9439.25,2023-11-15 10:42:12.313481,2023-11-15 10:42:12.457022,0 days 00:00:00.143541,0.30000000000000004,10,1.25,0.30000000000000004,2,78,COMPLETE
458,458,19260.75,2023-11-15 10:42:12.458387,2023-11-15 10:42:12.554924,0 days 00:00:00.096537,0.30000000000000004,10,1.25,0.4,0,71,COMPLETE
459,459,116.5,2023-11-15 10:42:12.556001,2023-11-15 10:42:12.773000,0 days 00:00:00.216999,0.4,20,1.25,0.2,5,64,COMPLETE
460,460,100.0,2023-11-15 10:42:12.773921,2023-11-15 10:42:13.002983,0 days 00:00:00.229062,0.30000000000000004,10,1.25,0.4,44,68,COMPLETE
461,461,1867.0,2023-11-15 10:42:13.003956,2023-11-15 10:42:13.208719,0 days 00:00:00.204763,0.30000000000000004,10,1.25,0.2,3,76,COMPLETE
462,462,19260.75,2023-11-15 10:42:13.210107,2023-11-15 10:42:13.313379,0 days 00:00:00.103272,0.30000000000000004,10,1.25,0.4,0,73,COMPLETE
463,463,9011.25,2023-11-15 10:42:13.314843,2023-11-15 10:42:13.503673,0 days 00:00:00.188830,0.6,10,1.25,0.4,6,140,COMPLETE
464,464,5951.0,2023-11-15 10:42:13.504569,2023-11-15 10:42:13.663497,0 days 00:00:00.158928,0.30000000000000004,10,1.25,0.2,2,70,COMPLETE
465,465,4831.75,2023-11-15 10:42:13.664447,2023-11-15 10:42:13.860168,0 days 00:00:00.195721,0.2,10,1.25,0.4,4,78,COMPLETE
466,466,2956.0,2023-11-15 10:42:13.861210,2023-11-15 10:42:14.090232,0 days 00:00:00.229022,0.6,10,1.25,0.30000000000000004,26,75,COMPLETE
467,467,18980.75,2023-11-15 10:42:14.091506,2023-11-15 10:42:14.206101,0 days 00:00:00.114595,0.2,10,1.0,0.4,0,66,COMPLETE
468,468,2137.0,2023-11-15 10:42:14.207359,2023-11-15 10:42:14.442730,0 days 00:00:00.235371,0.2,10,1.25,0.4,2,73,COMPLETE
469,469,1388.25,2023-11-15 10:42:14.444199,2023-11-15 10:42:14.693300,0 days 00:00:00.249101,0.4,10,1.25,0.2,37,79,COMPLETE
470,470,18986.0,2023-11-15 10:42:14.694757,2023-11-15 10:42:14.820336,0 days 00:00:00.125579,0.30000000000000004,10,1.25,0.4,0,69,COMPLETE
471,471,11882.75,2023-11-15 10:42:14.821518,2023-11-15 10:42:14.965238,0 days 00:00:00.143720,0.2,20,1.0,0.5,3,77,COMPLETE
472,472,3240.25,2023-11-15 10:42:14.966482,2023-11-15 10:42:15.243309,0 days 00:00:00.276827,0.2,10,1.25,0.30000000000000004,2,127,COMPLETE
473,473,1391.25,2023-11-15 10:42:15.244483,2023-11-15 10:42:15.427562,0 days 00:00:00.183079,0.2,10,1.25,0.4,7,62,COMPLETE
474,474,19260.75,2023-11-15 10:42:15.428763,2023-11-15 10:42:15.530986,0 days 00:00:00.102223,0.2,10,1.75,0.2,0,71,COMPLETE
475,475,9776.25,2023-11-15 10:42:15.531899,2023-11-15 10:42:15.670416,0 days 00:00:00.138517,0.7000000000000001,10,1.25,0.4,4,74,COMPLETE
476,476,7171.25,2023-11-15 10:42:15.671405,2023-11-15 10:42:15.824493,0 days 00:00:00.153088,0.30000000000000004,10,1.25,0.30000000000000004,2,72,COMPLETE
477,477,19260.75,2023-11-15 10:42:15.825574,2023-11-15 10:42:15.924118,0 days 00:00:00.098544,0.2,10,1.25,0.4,0,81,COMPLETE
478,478,100.0,2023-11-15 10:42:15.925265,2023-11-15 10:42:16.153015,0 days 00:00:00.227750,0.6,10,1.25,0.2,5,67,COMPLETE
479,479,0.0,2023-11-15 10:42:16.154007,2023-11-15 10:42:16.293224,0 days 00:00:00.139217,0.2,10,1.25,0.4,2,28,COMPLETE
480,480,18297.0,2023-11-15 10:42:16.294419,2023-11-15 10:42:16.397697,0 days 00:00:00.103278,0.2,20,1.25,0.2,0,76,COMPLETE
481,481,6956.75,2023-11-15 10:42:16.398729,2023-11-15 10:42:16.553138,0 days 00:00:00.154409,0.2,10,1.25,0.4,4,70,COMPLETE
482,482,17546.25,2023-11-15 10:42:16.554162,2023-11-15 10:42:16.686079,0 days 00:00:00.131917,0.30000000000000004,20,1.25,0.5,2,120,COMPLETE
483,483,19260.75,2023-11-15 10:42:16.688222,2023-11-15 10:42:16.809435,0 days 00:00:00.121213,0.2,10,1.75,0.4,0,80,COMPLETE
484,484,5326.25,2023-11-15 10:42:16.810686,2023-11-15 10:42:16.998816,0 days 00:00:00.188130,0.5,10,1.25,0.4,6,75,COMPLETE
485,485,14043.75,2023-11-15 10:42:16.999853,2023-11-15 10:42:17.122027,0 days 00:00:00.122174,0.2,50,1.25,0.2,2,78,COMPLETE
486,486,18910.75,2023-11-15 10:42:17.122987,2023-11-15 10:42:17.229374,0 days 00:00:00.106387,0.4,10,1.25,0.30000000000000004,0,64,COMPLETE
487,487,5981.0,2023-11-15 10:42:17.230285,2023-11-15 10:42:17.387807,0 days 00:00:00.157522,0.2,70,1.0,0.4,4,72,COMPLETE
488,488,542.5,2023-11-15 10:42:17.388769,2023-11-15 10:42:17.601560,0 days 00:00:00.212791,0.6,10,1.25,0.4,2,69,COMPLETE
489,489,19260.75,2023-11-15 10:42:17.602508,2023-11-15 10:42:17.704710,0 days 00:00:00.102202,0.30000000000000004,10,1.25,0.2,0,74,COMPLETE
490,490,6294.75,2023-11-15 10:42:17.705671,2023-11-15 10:42:17.880285,0 days 00:00:00.174614,0.2,10,1.25,0.4,8,84,COMPLETE
491,491,1617.5,2023-11-15 10:42:17.881348,2023-11-15 10:42:18.095464,0 days 00:00:00.214116,0.2,10,1.25,0.4,4,76,COMPLETE
492,492,100.0,2023-11-15 10:42:18.096885,2023-11-15 10:42:18.323938,0 days 00:00:00.227053,0.30000000000000004,10,1.25,0.2,2,67,COMPLETE
493,493,19358.5,2023-11-15 10:42:18.325034,2023-11-15 10:42:18.428990,0 days 00:00:00.103956,0.6,10,1.25,0.4,0,72,COMPLETE
494,494,11562.25,2023-11-15 10:42:18.429886,2023-11-15 10:42:18.557569,0 days 00:00:00.127683,0.6,10,1.25,0.4,2,71,COMPLETE
495,495,2294.75,2023-11-15 10:42:18.558770,2023-11-15 10:42:18.746434,0 days 00:00:00.187664,0.6,10,1.25,0.4,5,65,COMPLETE
496,496,18986.0,2023-11-15 10:42:18.747412,2023-11-15 10:42:18.848658,0 days 00:00:00.101246,0.6,10,1.25,0.4,0,69,COMPLETE
497,497,2106.25,2023-11-15 10:42:18.849692,2023-11-15 10:42:19.047423,0 days 00:00:00.197731,0.6,10,1.25,0.4,3,73,COMPLETE
498,498,19260.75,2023-11-15 10:42:19.048410,2023-11-15 10:42:19.153318,0 days 00:00:00.104908,0.6,10,1.25,0.4,0,78,COMPLETE
499,499,4305.5,2023-11-15 10:42:19.154281,2023-11-15 10:42:19.331899,0 days 00:00:00.177618,0.6,10,1.25,0.4,2,72,COMPLETE
500,500,0.25,2023-11-15 10:42:19.333006,2023-11-15 10:42:19.547519,0 days 00:00:00.214513,0.6,10,1.25,0.5,6,60,COMPLETE
501,501,100.0,2023-11-15 10:42:19.548508,2023-11-15 10:42:19.781010,0 days 00:00:00.232502,0.6,10,1.25,0.30000000000000004,10,68,COMPLETE
502,502,5442.75,2023-11-15 10:42:19.781984,2023-11-15 10:42:19.959748,0 days 00:00:00.177764,0.8,20,1.25,0.4,4,81,COMPLETE
503,503,19260.75,2023-11-15 10:42:19.960718,2023-11-15 10:42:20.062558,0 days 00:00:00.101840,0.6,10,1.25,0.4,0,75,COMPLETE
504,504,6769.75,2023-11-15 10:42:20.064300,2023-11-15 10:42:20.223287,0 days 00:00:00.158987,0.5,10,1.0,0.4,15,71,COMPLETE
505,505,13715.5,2023-11-15 10:42:20.225152,2023-11-15 10:42:20.355240,0 days 00:00:00.130088,0.4,10,0.75,0.4,2,78,COMPLETE
506,506,19161.25,2023-11-15 10:42:20.356185,2023-11-15 10:42:20.455720,0 days 00:00:00.099535,0.6,10,1.25,0.30000000000000004,0,66,COMPLETE
507,507,1412.25,2023-11-15 10:42:20.456685,2023-11-15 10:42:20.722812,0 days 00:00:00.266127,0.5,10,1.25,0.4,3,104,COMPLETE
508,508,6669.75,2023-11-15 10:42:20.723716,2023-11-15 10:42:20.886161,0 days 00:00:00.162445,0.7000000000000001,10,1.25,0.2,34,74,COMPLETE
509,509,8043.25,2023-11-15 10:42:20.887073,2023-11-15 10:42:21.033507,0 days 00:00:00.146434,0.30000000000000004,10,1.25,0.4,2,70,COMPLETE
510,510,7918.75,2023-11-15 10:42:21.034417,2023-11-15 10:42:21.194182,0 days 00:00:00.159765,0.30000000000000004,20,1.25,0.4,4,77,COMPLETE
511,511,1985.25,2023-11-15 10:42:21.195442,2023-11-15 10:42:21.389653,0 days 00:00:00.194211,0.6,10,1.25,0.4,56,73,COMPLETE
512,512,19260.75,2023-11-15 10:42:21.390752,2023-11-15 10:42:21.498133,0 days 00:00:00.107381,0.2,10,1.25,0.5,0,84,COMPLETE
