,number,value,datetime_start,datetime_complete,duration,params_alpha,params_decay_interval,params_decay_rate,params_gamma,params_initialization,params_max_steps,state
5816,5816,19260.75,2023-11-15 12:27:14.184516,2023-11-15 12:27:14.727189,0 days 00:00:00.542673,0.8,10,2.5,0.9,15,71,COMPLETE
5817,5817,17115.5,2023-11-15 12:27:14.735183,2023-11-15 12:27:15.250091,0 days 00:00:00.514908,0.8,10,3.0,0.9,25,69,COMPLETE
5818,5818,17654.5,2023-11-15 12:27:15.252338,2023-11-15 12:27:15.744090,0 days 00:00:00.491752,0.8,10,2.75,0.9,23,65,COMPLETE
5819,5819,17920.75,2023-11-15 12:27:15.746196,2023-11-15 12:27:16.236623,0 days 00:00:00.490427,0.8,10,3.0,0.9,17,74,COMPLETE
5820,5820,17360.25,2023-11-15 12:27:16.238795,2023-11-15 12:27:16.731733,0 days 00:00:00.492938,0.8,10,3.0,0.9,20,78,COMPLETE
5821,5821,19260.75,2023-11-15 12:27:16.733801,2023-11-15 12:27:17.220610,0 days 00:00:00.486809,0.8,10,3.0,0.9,21,71,COMPLETE
5822,5822,15899.75,2023-11-15 12:27:17.222782,2023-11-15 12:27:17.730386,0 days 00:00:00.507604,0.8,20,3.0,0.9,16,68,COMPLETE
5823,5823,17920.75,2023-11-15 12:27:17.732403,2023-11-15 12:27:18.258390,0 days 00:00:00.525987,0.8,10,2.75,0.9,19,74,COMPLETE
5824,5824,16711.25,2023-11-15 12:27:18.260448,2023-11-15 12:27:18.756130,0 days 00:00:00.495682,0.8,10,3.0,0.9,11,62,COMPLETE
5825,5825,16607.75,2023-11-15 12:27:18.758328,2023-11-15 12:27:19.262389,0 days 00:00:00.504061,0.4,10,3.0,0.6,26,72,COMPLETE
5826,5826,16719.5,2023-11-15 12:27:19.264529,2023-11-15 12:27:19.761827,0 days 00:00:00.497298,0.8,10,2.75,0.9,14,66,COMPLETE
5827,5827,17739.5,2023-11-15 12:27:19.763864,2023-11-15 12:27:20.262407,0 days 00:00:00.498543,0.8,10,3.0,0.9,23,81,COMPLETE
5828,5828,17842.25,2023-11-15 12:27:20.264526,2023-11-15 12:27:20.761163,0 days 00:00:00.496637,0.7000000000000001,10,3.0,0.9,17,77,COMPLETE
5829,5829,17382.5,2023-11-15 12:27:20.763194,2023-11-15 12:27:21.273510,0 days 00:00:00.510316,0.8,10,2.5,0.9,21,69,COMPLETE
5830,5830,17931.25,2023-11-15 12:27:21.275559,2023-11-15 12:27:21.781908,0 days 00:00:00.506349,0.9,10,3.0,0.7000000000000001,19,72,COMPLETE
5831,5831,0.0,2023-11-15 12:27:21.784147,2023-11-15 12:27:22.258188,0 days 00:00:00.474041,0.8,20,2.75,0.9,24,4,COMPLETE
5832,5832,17129.25,2023-11-15 12:27:22.260438,2023-11-15 12:27:22.756763,0 days 00:00:00.496325,0.30000000000000004,10,3.0,0.8,15,75,COMPLETE
5833,5833,17016.5,2023-11-15 12:27:22.759234,2023-11-15 12:27:23.255319,0 days 00:00:00.496085,0.8,10,3.0,0.9,97,68,COMPLETE
5834,5834,17014.0,2023-11-15 12:27:23.257439,2023-11-15 12:27:23.753576,0 days 00:00:00.496137,0.8,10,3.0,0.9,18,64,COMPLETE
5835,5835,17825.5,2023-11-15 12:27:23.755971,2023-11-15 12:27:24.250146,0 days 00:00:00.494175,0.8,10,3.0,0.9,22,70,COMPLETE
5836,5836,16629.25,2023-11-15 12:27:24.252454,2023-11-15 12:27:24.774809,0 days 00:00:00.522355,0.7000000000000001,10,2.75,0.9,17,57,COMPLETE
5837,5837,17834.5,2023-11-15 12:27:24.776774,2023-11-15 12:27:25.272653,0 days 00:00:00.495879,0.5,10,3.0,0.9,13,73,COMPLETE
5838,5838,18121.5,2023-11-15 12:27:25.274665,2023-11-15 12:27:25.768919,0 days 00:00:00.494254,0.8,10,3.0,0.9,20,77,COMPLETE
5839,5839,17917.0,2023-11-15 12:27:25.771497,2023-11-15 12:27:26.268086,0 days 00:00:00.496589,0.8,10,2.75,0.9,29,67,COMPLETE
5840,5840,17259.0,2023-11-15 12:27:26.270873,2023-11-15 12:27:26.761973,0 days 00:00:00.491100,0.8,20,3.0,0.9,26,60,COMPLETE
5841,5841,19260.75,2023-11-15 12:27:26.764142,2023-11-15 12:27:27.251261,0 days 00:00:00.487119,0.8,10,3.0,0.8,22,71,COMPLETE
5842,5842,18493.25,2023-11-15 12:27:27.254126,2023-11-15 12:27:27.746879,0 days 00:00:00.492753,0.8,10,2.25,0.9,19,75,COMPLETE
5843,5843,17654.5,2023-11-15 12:27:27.749098,2023-11-15 12:27:28.277121,0 days 00:00:00.528023,0.8,10,2.75,0.9,24,65,COMPLETE
5844,5844,17115.5,2023-11-15 12:27:28.279192,2023-11-15 12:27:28.776226,0 days 00:00:00.497034,0.8,10,3.0,0.9,16,69,COMPLETE
5845,5845,16642.5,2023-11-15 12:27:28.778241,2023-11-15 12:27:29.281027,0 days 00:00:00.502786,0.9,10,3.0,0.9,20,73,COMPLETE
5846,5846,18019.5,2023-11-15 12:27:29.283121,2023-11-15 12:27:29.786863,0 days 00:00:00.503742,0.8,10,2.0,0.9,14,80,COMPLETE
5847,5847,17825.5,2023-11-15 12:27:29.789287,2023-11-15 12:27:30.289769,0 days 00:00:00.500482,0.8,10,3.0,0.9,18,70,COMPLETE
5848,5848,16923.25,2023-11-15 12:27:30.291836,2023-11-15 12:27:30.819577,0 days 00:00:00.527741,0.8,10,3.0,0.9,22,76,COMPLETE
5849,5849,16719.5,2023-11-15 12:27:30.822385,2023-11-15 12:27:31.322780,0 days 00:00:00.500395,0.8,10,2.75,0.9,16,66,COMPLETE
5850,5850,18490.0,2023-11-15 12:27:31.325616,2023-11-15 12:27:31.825802,0 days 00:00:00.500186,0.7000000000000001,10,2.5,0.9,24,72,COMPLETE
5851,5851,15899.75,2023-11-15 12:27:31.827883,2023-11-15 12:27:32.333499,0 days 00:00:00.505616,0.8,20,3.0,0.9,11,68,COMPLETE
5852,5852,16632.25,2023-11-15 12:27:32.335839,2023-11-15 12:27:32.844215,0 days 00:00:00.508376,0.8,10,3.0,0.9,21,63,COMPLETE
5853,5853,17920.75,2023-11-15 12:27:32.846323,2023-11-15 12:27:33.350958,0 days 00:00:00.504635,0.8,10,3.0,0.9,27,74,COMPLETE
5854,5854,16639.75,2023-11-15 12:27:33.353435,2023-11-15 12:27:33.895249,0 days 00:00:00.541814,0.9,30,2.75,0.8,18,131,COMPLETE
5855,5855,17360.25,2023-11-15 12:27:33.905234,2023-11-15 12:27:34.416274,0 days 00:00:00.511040,0.8,10,3.0,0.9,20,78,COMPLETE
5856,5856,19260.75,2023-11-15 12:27:34.418599,2023-11-15 12:27:34.911533,0 days 00:00:00.492934,0.8,10,3.0,0.9,45,71,COMPLETE
5857,5857,17547.25,2023-11-15 12:27:34.913646,2023-11-15 12:27:35.408834,0 days 00:00:00.495188,0.8,10,3.0,0.9,15,68,COMPLETE
5858,5858,14025.25,2023-11-15 12:27:35.410944,2023-11-15 12:27:35.915781,0 days 00:00:00.504837,0.8,80,2.75,0.9,24,74,COMPLETE
5859,5859,17825.5,2023-11-15 12:27:35.918044,2023-11-15 12:27:36.424933,0 days 00:00:00.506889,0.8,10,3.0,0.9,17,70,COMPLETE
5860,5860,17467.75,2023-11-15 12:27:36.427011,2023-11-15 12:27:36.944210,0 days 00:00:00.517199,0.8,10,2.5,0.9,13,76,COMPLETE
5861,5861,16731.0,2023-11-15 12:27:36.946391,2023-11-15 12:27:37.443255,0 days 00:00:00.496864,0.8,20,3.0,0.4,19,65,COMPLETE
5862,5862,18122.5,2023-11-15 12:27:37.445381,2023-11-15 12:27:37.938691,0 days 00:00:00.493310,0.8,10,3.0,0.9,22,72,COMPLETE
5863,5863,18115.75,2023-11-15 12:27:37.940833,2023-11-15 12:27:38.448135,0 days 00:00:00.507302,0.8,10,2.75,0.9,31,115,COMPLETE
5864,5864,17547.25,2023-11-15 12:27:38.450219,2023-11-15 12:27:38.951539,0 days 00:00:00.501320,0.8,10,3.0,0.9,48,68,COMPLETE
5865,5865,17369.25,2023-11-15 12:27:38.954946,2023-11-15 12:27:39.450067,0 days 00:00:00.495121,0.8,10,3.0,0.9,25,79,COMPLETE
5866,5866,17185.25,2023-11-15 12:27:39.452452,2023-11-15 12:27:39.981048,0 days 00:00:00.528596,0.8,10,3.0,0.9,55,73,COMPLETE
5867,5867,16467.75,2023-11-15 12:27:39.983413,2023-11-15 12:27:40.487038,0 days 00:00:00.503625,0.7000000000000001,10,2.75,0.9,20,61,COMPLETE
5868,5868,17644.0,2023-11-15 12:27:40.489075,2023-11-15 12:27:40.990747,0 days 00:00:00.501672,0.8,10,3.0,0.9,16,82,COMPLETE
5869,5869,17825.5,2023-11-15 12:27:40.992765,2023-11-15 12:27:41.486708,0 days 00:00:00.493943,0.8,10,3.0,0.9,22,70,COMPLETE
5870,5870,16363.25,2023-11-15 12:27:41.489244,2023-11-15 12:27:41.999724,0 days 00:00:00.510480,0.8,20,2.75,0.8,18,66,COMPLETE
5871,5871,18587.75,2023-11-15 12:27:42.002047,2023-11-15 12:27:42.497500,0 days 00:00:00.495453,0.9,10,3.0,0.9,14,75,COMPLETE
5872,5872,19260.75,2023-11-15 12:27:42.499569,2023-11-15 12:27:43.017127,0 days 00:00:00.517558,0.8,10,3.0,0.9,20,71,COMPLETE
5873,5873,17547.25,2023-11-15 12:27:43.019556,2023-11-15 12:27:43.534871,0 days 00:00:00.515315,0.8,10,3.0,0.9,17,68,COMPLETE
5874,5874,18120.0,2023-11-15 12:27:43.537430,2023-11-15 12:27:44.057381,0 days 00:00:00.519951,0.8,10,2.5,0.9,23,77,COMPLETE
5875,5875,16919.5,2023-11-15 12:27:44.059430,2023-11-15 12:27:44.576829,0 days 00:00:00.517399,0.8,10,2.75,0.5,26,64,COMPLETE
5876,5876,17369.5,2023-11-15 12:27:44.578846,2023-11-15 12:27:45.088626,0 days 00:00:00.509780,0.8,10,3.0,0.9,12,73,COMPLETE
5877,5877,17825.5,2023-11-15 12:27:45.090682,2023-11-15 12:27:45.592165,0 days 00:00:00.501483,0.8,10,3.0,0.9,19,70,COMPLETE
5878,5878,18682.0,2023-11-15 12:27:45.594279,2023-11-15 12:27:46.087620,0 days 00:00:00.493341,0.8,10,3.0,0.9,15,75,COMPLETE
5879,5879,17920.5,2023-11-15 12:27:46.089839,2023-11-15 12:27:46.607765,0 days 00:00:00.517926,0.7000000000000001,10,2.75,0.9,22,67,COMPLETE
5880,5880,17275.25,2023-11-15 12:27:46.609980,2023-11-15 12:27:47.107998,0 days 00:00:00.498018,0.8,20,3.0,0.9,17,72,COMPLETE
5881,5881,17546.25,2023-11-15 12:27:47.110454,2023-11-15 12:27:47.609212,0 days 00:00:00.498758,0.8,10,3.0,0.8,21,78,COMPLETE
5882,5882,17115.5,2023-11-15 12:27:47.611432,2023-11-15 12:27:48.110190,0 days 00:00:00.498758,0.8,10,3.0,0.9,29,69,COMPLETE
5883,5883,16545.75,2023-11-15 12:27:48.112303,2023-11-15 12:27:48.634556,0 days 00:00:00.522253,0.9,10,2.75,0.9,24,63,COMPLETE
5884,5884,17920.75,2023-11-15 12:27:48.637061,2023-11-15 12:27:49.146814,0 days 00:00:00.509753,0.8,10,3.0,0.9,19,74,COMPLETE
5885,5885,17917.0,2023-11-15 12:27:49.148934,2023-11-15 12:27:49.676516,0 days 00:00:00.527582,0.8,10,3.0,0.9,16,67,COMPLETE
5886,5886,19260.75,2023-11-15 12:27:49.679113,2023-11-15 12:27:50.181794,0 days 00:00:00.502681,0.8,10,3.0,0.9,20,71,COMPLETE
5887,5887,18682.0,2023-11-15 12:27:50.183868,2023-11-15 12:27:50.681370,0 days 00:00:00.497502,0.8,10,3.0,0.9,14,75,COMPLETE
5888,5888,17654.5,2023-11-15 12:27:50.683567,2023-11-15 12:27:51.202111,0 days 00:00:00.518544,0.8,10,2.75,0.9,23,65,COMPLETE
5889,5889,17825.5,2023-11-15 12:27:51.204678,2023-11-15 12:27:51.707672,0 days 00:00:00.502994,0.8,10,3.0,0.9,26,70,COMPLETE
5890,5890,17369.5,2023-11-15 12:27:51.709843,2023-11-15 12:27:52.210366,0 days 00:00:00.500523,0.8,10,2.75,0.9,10,73,COMPLETE
5891,5891,12200.5,2023-11-15 12:27:52.212455,2023-11-15 12:27:52.759497,0 days 00:00:00.547042,0.1,20,3.0,0.9,64,80,COMPLETE
5892,5892,16750.25,2023-11-15 12:27:52.761618,2023-11-15 12:27:53.283536,0 days 00:00:00.521918,0.8,10,3.0,0.1,18,68,COMPLETE
5893,5893,18118.5,2023-11-15 12:27:53.285691,2023-11-15 12:27:53.781691,0 days 00:00:00.496000,0.8,10,2.5,0.9,21,77,COMPLETE
5894,5894,18122.5,2023-11-15 12:27:53.783985,2023-11-15 12:27:54.285832,0 days 00:00:00.501847,0.8,10,3.0,0.9,17,72,COMPLETE
5895,5895,17656.75,2023-11-15 12:27:54.288551,2023-11-15 12:27:54.791244,0 days 00:00:00.502693,0.8,10,2.25,0.8,19,65,COMPLETE
5896,5896,10886.75,2023-11-15 12:27:54.793338,2023-11-15 12:27:55.323713,0 days 00:00:00.530375,0.7000000000000001,100,3.0,0.9,22,69,COMPLETE
5897,5897,15919.75,2023-11-15 12:27:55.326019,2023-11-15 12:27:55.821928,0 days 00:00:00.495909,0.8,10,2.75,0.9,15,34,COMPLETE
5898,5898,17372.0,2023-11-15 12:27:55.824276,2023-11-15 12:27:56.350011,0 days 00:00:00.525735,0.9,10,3.0,0.9,24,84,COMPLETE
5899,5899,16473.0,2023-11-15 12:27:56.352443,2023-11-15 12:27:56.860233,0 days 00:00:00.507790,0.6,10,3.0,0.9,12,61,COMPLETE
5900,5900,16636.0,2023-11-15 12:27:56.862355,2023-11-15 12:27:57.375119,0 days 00:00:00.512764,0.8,20,3.0,0.9,27,73,COMPLETE
5901,5901,17196.25,2023-11-15 12:27:57.377345,2023-11-15 12:27:57.884979,0 days 00:00:00.507634,0.8,10,2.75,0.9,21,76,COMPLETE
5902,5902,17825.5,2023-11-15 12:27:57.887727,2023-11-15 12:27:58.380758,0 days 00:00:00.493031,0.8,10,3.0,0.9,18,70,COMPLETE
5903,5903,16719.5,2023-11-15 12:27:58.382883,2023-11-15 12:27:58.888830,0 days 00:00:00.505947,0.8,10,3.0,0.9,16,66,COMPLETE
5904,5904,18215.25,2023-11-15 12:27:58.891045,2023-11-15 12:27:59.406884,0 days 00:00:00.515839,0.8,10,2.75,0.9,20,72,COMPLETE
5905,5905,15855.25,2023-11-15 12:27:59.409056,2023-11-15 12:27:59.921237,0 days 00:00:00.512181,0.8,40,3.0,0.9,14,75,COMPLETE
5906,5906,17020.25,2023-11-15 12:27:59.923240,2023-11-15 12:28:00.426360,0 days 00:00:00.503120,0.8,10,3.0,0.8,25,69,COMPLETE
5907,5907,17926.25,2023-11-15 12:28:00.428559,2023-11-15 12:28:00.919252,0 days 00:00:00.490693,0.8,10,3.0,0.9,18,80,COMPLETE
5908,5908,16719.5,2023-11-15 12:28:00.922154,2023-11-15 12:28:01.425660,0 days 00:00:00.503506,0.8,10,3.0,0.9,23,66,COMPLETE
5909,5909,18299.25,2023-11-15 12:28:01.427968,2023-11-15 12:28:01.919982,0 days 00:00:00.492014,0.8,10,2.75,0.9,21,53,COMPLETE
5910,5910,18490.0,2023-11-15 12:28:01.922730,2023-11-15 12:28:02.444412,0 days 00:00:00.521682,0.7000000000000001,10,3.0,0.9,8,72,COMPLETE
5911,5911,16184.5,2023-11-15 12:28:02.446800,2023-11-15 12:28:02.979136,0 days 00:00:00.532336,0.8,20,3.0,0.9,16,78,COMPLETE
5912,5912,17652.5,2023-11-15 12:28:02.981243,2023-11-15 12:28:03.477257,0 days 00:00:00.496014,0.9,10,2.5,0.9,70,69,COMPLETE
5913,5913,16632.25,2023-11-15 12:28:03.479754,2023-11-15 12:28:03.985244,0 days 00:00:00.505490,0.8,10,2.75,0.9,19,63,COMPLETE
5914,5914,17920.75,2023-11-15 12:28:03.987840,2023-11-15 12:28:04.490868,0 days 00:00:00.503028,0.8,10,3.0,0.9,23,74,COMPLETE
5915,5915,19260.75,2023-11-15 12:28:04.492908,2023-11-15 12:28:04.992722,0 days 00:00:00.499814,0.8,10,3.0,0.9,13,71,COMPLETE
5916,5916,14871.25,2023-11-15 12:28:04.994789,2023-11-15 12:28:05.535988,0 days 00:00:00.541199,0.8,60,2.25,0.9,17,67,COMPLETE
5917,5917,17196.25,2023-11-15 12:28:05.538461,2023-11-15 12:28:06.048242,0 days 00:00:00.509781,0.8,10,2.75,0.9,21,76,COMPLETE
5918,5918,19260.75,2023-11-15 12:28:06.050217,2023-11-15 12:28:06.542115,0 days 00:00:00.491898,0.8,10,3.0,0.9,19,71,COMPLETE
5919,5919,17449.75,2023-11-15 12:28:06.544119,2023-11-15 12:28:07.048220,0 days 00:00:00.504101,0.8,10,3.0,0.7000000000000001,28,59,COMPLETE
5920,5920,17547.25,2023-11-15 12:28:07.050359,2023-11-15 12:28:07.550696,0 days 00:00:00.500337,0.8,10,3.0,0.9,24,68,COMPLETE
5921,5921,18302.5,2023-11-15 12:28:07.553505,2023-11-15 12:28:08.051579,0 days 00:00:00.498074,0.8,10,3.0,0.6,15,74,COMPLETE
5922,5922,15627.25,2023-11-15 12:28:08.054390,2023-11-15 12:28:08.581930,0 days 00:00:00.527540,0.7000000000000001,20,2.0,0.9,21,63,COMPLETE
5923,5923,15060.0,2023-11-15 12:28:08.584083,2023-11-15 12:28:09.120961,0 days 00:00:00.536878,0.8,10,0.25,0.8,17,71,COMPLETE
5924,5924,17360.25,2023-11-15 12:28:09.123172,2023-11-15 12:28:09.628938,0 days 00:00:00.505766,0.8,10,3.0,0.9,26,78,COMPLETE
5925,5925,16547.25,2023-11-15 12:28:09.631258,2023-11-15 12:28:10.144833,0 days 00:00:00.513575,0.9,10,2.75,0.9,19,66,COMPLETE
5926,5926,17369.5,2023-11-15 12:28:10.146947,2023-11-15 12:28:10.656251,0 days 00:00:00.509304,0.8,10,3.0,0.9,22,73,COMPLETE
5927,5927,17115.5,2023-11-15 12:28:10.658583,2023-11-15 12:28:11.163564,0 days 00:00:00.504981,0.8,10,3.0,0.9,12,69,COMPLETE
5928,5928,18682.0,2023-11-15 12:28:11.165715,2023-11-15 12:28:11.667635,0 days 00:00:00.501920,0.8,10,2.75,0.9,15,75,COMPLETE
5929,5929,16617.75,2023-11-15 12:28:11.670177,2023-11-15 12:28:12.203617,0 days 00:00:00.533440,0.8,20,3.0,0.9,18,69,COMPLETE
5930,5930,17644.0,2023-11-15 12:28:12.205790,2023-11-15 12:28:12.710660,0 days 00:00:00.504870,0.8,10,3.0,0.9,25,82,COMPLETE
5931,5931,17931.25,2023-11-15 12:28:12.712865,2023-11-15 12:28:13.218712,0 days 00:00:00.505847,0.8,10,3.0,0.8,20,72,COMPLETE
5932,5932,16995.0,2023-11-15 12:28:13.221447,2023-11-15 12:28:13.723022,0 days 00:00:00.501575,0.7000000000000001,10,2.5,0.9,23,66,COMPLETE
5933,5933,18121.5,2023-11-15 12:28:13.725079,2023-11-15 12:28:14.224322,0 days 00:00:00.499243,0.8,10,3.0,0.9,17,77,COMPLETE
5934,5934,17920.75,2023-11-15 12:28:14.226469,2023-11-15 12:28:14.729762,0 days 00:00:00.503293,0.8,10,2.75,0.9,14,74,COMPLETE
5935,5935,16543.25,2023-11-15 12:28:14.731793,2023-11-15 12:28:15.264148,0 days 00:00:00.532355,0.8,10,3.0,0.9,20,63,COMPLETE
5936,5936,15419.75,2023-11-15 12:28:15.266924,2023-11-15 12:28:15.782221,0 days 00:00:00.515297,0.8,50,3.0,0.30000000000000004,22,70,COMPLETE
5937,5937,17917.0,2023-11-15 12:28:15.784401,2023-11-15 12:28:16.287755,0 days 00:00:00.503354,0.8,10,2.75,0.9,16,67,COMPLETE
5938,5938,18124.5,2023-11-15 12:28:16.290167,2023-11-15 12:28:16.796806,0 days 00:00:00.506639,0.9,10,3.0,0.9,19,72,COMPLETE
5939,5939,17662.0,2023-11-15 12:28:16.799117,2023-11-15 12:28:17.302371,0 days 00:00:00.503254,0.4,10,3.0,0.9,24,76,COMPLETE
5940,5940,17734.25,2023-11-15 12:28:17.304999,2023-11-15 12:28:17.808710,0 days 00:00:00.503711,0.8,10,3.0,0.9,10,89,COMPLETE
5941,5941,16617.75,2023-11-15 12:28:17.810836,2023-11-15 12:28:18.313823,0 days 00:00:00.502987,0.8,20,2.75,0.9,18,69,COMPLETE
5942,5942,17743.5,2023-11-15 12:28:18.316021,2023-11-15 12:28:18.842547,0 days 00:00:00.526526,0.5,10,3.0,0.9,21,73,COMPLETE
5943,5943,17654.5,2023-11-15 12:28:18.844681,2023-11-15 12:28:19.347056,0 days 00:00:00.502375,0.8,10,3.0,0.9,28,65,COMPLETE
5944,5944,18020.5,2023-11-15 12:28:19.349133,2023-11-15 12:28:19.851629,0 days 00:00:00.502496,0.8,10,2.75,0.8,13,80,COMPLETE
5945,5945,17548.0,2023-11-15 12:28:19.854682,2023-11-15 12:28:20.358739,0 days 00:00:00.504057,0.8,30,2.5,0.9,25,70,COMPLETE
5946,5946,17016.25,2023-11-15 12:28:20.360914,2023-11-15 12:28:20.868859,0 days 00:00:00.507945,0.8,10,3.0,0.9,16,76,COMPLETE
5947,5947,17917.0,2023-11-15 12:28:20.871200,2023-11-15 12:28:21.376617,0 days 00:00:00.505417,0.8,10,3.0,0.9,22,67,COMPLETE
5948,5948,16827.5,2023-11-15 12:28:21.378695,2023-11-15 12:28:21.889830,0 days 00:00:00.511135,0.9,10,3.0,0.9,18,73,COMPLETE
5949,5949,15882.75,2023-11-15 12:28:21.891952,2023-11-15 12:28:22.413227,0 days 00:00:00.521275,0.2,10,3.0,0.9,20,70,COMPLETE
5950,5950,17099.5,2023-11-15 12:28:22.415338,2023-11-15 12:28:22.921087,0 days 00:00:00.505749,0.8,10,2.75,0.9,14,60,COMPLETE
5951,5951,16013.5,2023-11-15 12:28:22.923108,2023-11-15 12:28:23.442358,0 days 00:00:00.519250,0.7000000000000001,20,3.0,0.9,23,78,COMPLETE
5952,5952,17920.75,2023-11-15 12:28:23.444423,2023-11-15 12:28:23.949840,0 days 00:00:00.505417,0.8,10,3.0,0.9,17,74,COMPLETE
5953,5953,16046.5,2023-11-15 12:28:23.952224,2023-11-15 12:28:24.482760,0 days 00:00:00.530536,0.30000000000000004,10,3.0,0.9,20,65,COMPLETE
5954,5954,17547.25,2023-11-15 12:28:24.485170,2023-11-15 12:28:24.985294,0 days 00:00:00.500124,0.8,10,2.75,0.9,15,68,COMPLETE
5955,5955,19260.75,2023-11-15 12:28:24.987971,2023-11-15 12:28:25.489086,0 days 00:00:00.501115,0.8,10,3.0,0.9,27,71,COMPLETE
5956,5956,18682.0,2023-11-15 12:28:25.491362,2023-11-15 12:28:26.018143,0 days 00:00:00.526781,0.8,10,3.0,0.9,22,75,COMPLETE
5957,5957,17931.25,2023-11-15 12:28:26.020933,2023-11-15 12:28:26.527791,0 days 00:00:00.506858,0.8,10,3.0,0.8,19,72,COMPLETE
5958,5958,16543.25,2023-11-15 12:28:26.529877,2023-11-15 12:28:27.041572,0 days 00:00:00.511695,0.8,10,2.75,0.9,31,63,COMPLETE
5959,5959,17921.0,2023-11-15 12:28:27.043679,2023-11-15 12:28:27.556772,0 days 00:00:00.513093,0.8,10,3.0,0.9,17,105,COMPLETE
5960,5960,16620.5,2023-11-15 12:28:27.558811,2023-11-15 12:28:28.138759,0 days 00:00:00.579948,0.8,20,2.25,0.9,25,67,COMPLETE
5961,5961,17360.25,2023-11-15 12:28:28.141171,2023-11-15 12:28:28.649576,0 days 00:00:00.508405,0.8,10,3.0,0.9,21,78,COMPLETE
5962,5962,17825.5,2023-11-15 12:28:28.651674,2023-11-15 12:28:29.159428,0 days 00:00:00.507754,0.8,10,2.75,0.9,12,70,COMPLETE
5963,5963,17920.75,2023-11-15 12:28:29.161759,2023-11-15 12:28:29.669430,0 days 00:00:00.507671,0.8,10,3.0,0.9,19,74,COMPLETE
5964,5964,17549.75,2023-11-15 12:28:29.672206,2023-11-15 12:28:30.177442,0 days 00:00:00.505236,0.8,10,2.5,0.9,23,68,COMPLETE
5965,5965,18122.5,2023-11-15 12:28:30.179452,2023-11-15 12:28:30.686609,0 days 00:00:00.507157,0.8,10,3.0,0.9,16,72,COMPLETE
5966,5966,17014.0,2023-11-15 12:28:30.689068,2023-11-15 12:28:31.218533,0 days 00:00:00.529465,0.8,10,3.0,0.9,18,64,COMPLETE
5967,5967,17196.25,2023-11-15 12:28:31.221231,2023-11-15 12:28:31.738874,0 days 00:00:00.517643,0.8,10,2.75,0.9,14,76,COMPLETE
5968,5968,17830.5,2023-11-15 12:28:31.741021,2023-11-15 12:28:32.241605,0 days 00:00:00.500584,0.7000000000000001,10,3.0,0.9,21,81,COMPLETE
5969,5969,17469.0,2023-11-15 12:28:32.243810,2023-11-15 12:28:32.756203,0 days 00:00:00.512393,0.9,10,3.0,0.9,24,69,COMPLETE
5970,5970,18122.5,2023-11-15 12:28:32.758257,2023-11-15 12:28:33.266629,0 days 00:00:00.508372,0.8,10,3.0,0.9,26,72,COMPLETE
5971,5971,18682.0,2023-11-15 12:28:33.269213,2023-11-15 12:28:33.774171,0 days 00:00:00.504958,0.8,10,2.75,0.8,16,75,COMPLETE
5972,5972,16091.25,2023-11-15 12:28:33.776272,2023-11-15 12:28:34.305104,0 days 00:00:00.528832,0.8,20,3.0,0.9,19,66,COMPLETE
5973,5973,17461.75,2023-11-15 12:28:34.307280,2023-11-15 12:28:34.823445,0 days 00:00:00.516165,0.8,10,3.0,0.4,21,70,COMPLETE
5974,5974,18490.0,2023-11-15 12:28:34.825500,2023-11-15 12:28:35.324158,0 days 00:00:00.498658,0.7000000000000001,10,3.0,0.9,23,72,COMPLETE
5975,5975,17545.25,2023-11-15 12:28:35.326157,2023-11-15 12:28:35.828558,0 days 00:00:00.502401,0.8,10,2.75,0.9,17,78,COMPLETE
5976,5976,17547.25,2023-11-15 12:28:35.830685,2023-11-15 12:28:36.338148,0 days 00:00:00.507463,0.8,10,3.0,0.9,11,68,COMPLETE
5977,5977,16726.25,2023-11-15 12:28:36.341034,2023-11-15 12:28:36.866397,0 days 00:00:00.525363,0.8,10,3.0,0.9,20,61,COMPLETE
5978,5978,17920.75,2023-11-15 12:28:36.868792,2023-11-15 12:28:37.403118,0 days 00:00:00.534326,0.8,10,3.0,0.9,14,74,COMPLETE
5979,5979,17654.5,2023-11-15 12:28:37.405552,2023-11-15 12:28:37.916695,0 days 00:00:00.511143,0.8,10,3.0,0.9,18,65,COMPLETE
5980,5980,17826.25,2023-11-15 12:28:37.918988,2023-11-15 12:28:38.462164,0 days 00:00:00.543176,0.8,10,2.5,0.9,22,70,COMPLETE
5981,5981,16898.75,2023-11-15 12:28:38.464260,2023-11-15 12:28:38.972825,0 days 00:00:00.508565,0.8,20,2.75,0.9,25,76,COMPLETE
5982,5982,18124.75,2023-11-15 12:28:38.975433,2023-11-15 12:28:39.500020,0 days 00:00:00.524587,0.9,10,3.0,0.8,15,72,COMPLETE
5983,5983,17115.5,2023-11-15 12:28:39.502293,2023-11-15 12:28:40.098980,0 days 00:00:00.596687,0.8,10,3.0,0.9,20,69,COMPLETE
5984,5984,17917.0,2023-11-15 12:28:40.101221,2023-11-15 12:28:40.612744,0 days 00:00:00.511523,0.8,10,2.75,0.9,17,67,COMPLETE
5985,5985,16619.5,2023-11-15 12:28:40.614777,2023-11-15 12:28:41.125388,0 days 00:00:00.510611,0.8,10,3.0,0.9,23,57,COMPLETE
5986,5986,17920.75,2023-11-15 12:28:41.127390,2023-11-15 12:28:41.631602,0 days 00:00:00.504212,0.8,10,3.0,0.9,29,74,COMPLETE
