,number,value,datetime_start,datetime_complete,duration,params_alpha,params_decay_interval,params_decay_rate,params_gamma,params_initialization,params_max_steps,state
6614,6614,18495.25,2023-11-15 13:54:27.818118,2023-11-15 13:54:28.427449,0 days 00:00:00.609331,0.7000000000000001,10,1.25,0.9,10,100,COMPLETE
6615,6615,18497.5,2023-11-15 13:54:28.430740,2023-11-15 13:54:29.020177,0 days 00:00:00.589437,0.8,10,1.0,0.8,15,96,COMPLETE
6616,6616,199.5,2023-11-15 13:54:29.022602,2023-11-15 13:54:29.856848,0 days 00:00:00.834246,0.8,10,1.25,0.8,0,98,COMPLETE
6617,6617,18305.75,2023-11-15 13:54:29.859107,2023-11-15 13:54:30.432470,0 days 00:00:00.573363,0.8,10,1.5,0.8,20,100,COMPLETE
6618,6618,17931.5,2023-11-15 13:54:30.435030,2023-11-15 13:54:31.011797,0 days 00:00:00.576767,0.8,20,1.25,0.6,4,80,COMPLETE
6619,6619,18112.5,2023-11-15 13:54:31.014000,2023-11-15 13:54:31.593800,0 days 00:00:00.579800,0.8,10,1.25,0.8,12,95,COMPLETE
6620,6620,17936.5,2023-11-15 13:54:31.596032,2023-11-15 13:54:32.185637,0 days 00:00:00.589605,0.8,10,1.25,0.4,17,98,COMPLETE
6621,6621,17644.0,2023-11-15 13:54:32.188239,2023-11-15 13:54:32.753973,0 days 00:00:00.565734,0.9,10,1.25,0.7000000000000001,24,59,COMPLETE
6622,6622,18394.5,2023-11-15 13:54:32.756547,2023-11-15 13:54:33.333583,0 days 00:00:00.577036,0.8,10,1.25,0.8,8,96,COMPLETE
6623,6623,18322.0,2023-11-15 13:54:33.336227,2023-11-15 13:54:33.959186,0 days 00:00:00.622959,0.8,10,1.0,0.8,15,99,COMPLETE
6624,6624,18207.75,2023-11-15 13:54:33.961479,2023-11-15 13:54:34.539831,0 days 00:00:00.578352,0.8,10,1.25,0.8,22,93,COMPLETE
6625,6625,17920.5,2023-11-15 13:54:34.541961,2023-11-15 13:54:35.129020,0 days 00:00:00.587059,0.8,20,1.5,0.8,19,97,COMPLETE
6626,6626,18492.5,2023-11-15 13:54:35.131190,2023-11-15 13:54:35.718076,0 days 00:00:00.586886,0.8,10,1.25,0.8,14,100,COMPLETE
6627,6627,18209.5,2023-11-15 13:54:35.722225,2023-11-15 13:54:36.299288,0 days 00:00:00.577063,0.8,10,1.25,0.7000000000000001,5,98,COMPLETE
6628,6628,17837.5,2023-11-15 13:54:36.301500,2023-11-15 13:54:36.888016,0 days 00:00:00.586516,0.7000000000000001,10,1.25,0.8,11,95,COMPLETE
6629,6629,18306.25,2023-11-15 13:54:36.890596,2023-11-15 13:54:37.466238,0 days 00:00:00.575642,0.8,10,1.25,0.9,2,100,COMPLETE
6630,6630,18218.0,2023-11-15 13:54:37.468692,2023-11-15 13:54:38.075952,0 days 00:00:00.607260,0.8,10,1.25,0.8,18,97,COMPLETE
6631,6631,18022.0,2023-11-15 13:54:38.078381,2023-11-15 13:54:38.765191,0 days 00:00:00.686810,0.8,10,1.0,0.8,9,98,COMPLETE
6632,6632,13089.5,2023-11-15 13:54:38.767765,2023-11-15 13:54:39.439801,0 days 00:00:00.672036,0.8,90,1.25,0.8,20,100,COMPLETE
6633,6633,17399.75,2023-11-15 13:54:39.442007,2023-11-15 13:54:40.035327,0 days 00:00:00.593320,0.8,10,1.5,0.8,93,96,COMPLETE
6634,6634,18023.5,2023-11-15 13:54:40.037973,2023-11-15 13:54:40.617512,0 days 00:00:00.579539,0.8,10,1.25,0.8,14,98,COMPLETE
6635,6635,18397.25,2023-11-15 13:54:40.620030,2023-11-15 13:54:41.205024,0 days 00:00:00.584994,0.9,10,1.25,0.8,16,94,COMPLETE
6636,6636,17413.25,2023-11-15 13:54:41.207424,2023-11-15 13:54:41.842945,0 days 00:00:00.635521,0.8,10,1.25,0.9,98,99,COMPLETE
6637,6637,18497.5,2023-11-15 13:54:41.845259,2023-11-15 13:54:42.431658,0 days 00:00:00.586399,0.8,10,1.0,0.8,7,96,COMPLETE
6638,6638,18306.25,2023-11-15 13:54:42.434863,2023-11-15 13:54:43.025820,0 days 00:00:00.590957,0.8,10,1.25,0.8,32,100,COMPLETE
6639,6639,18023.5,2023-11-15 13:54:43.027993,2023-11-15 13:54:43.619117,0 days 00:00:00.591124,0.8,10,1.25,0.8,12,98,COMPLETE
6640,6640,18107.75,2023-11-15 13:54:43.621271,2023-11-15 13:54:44.204987,0 days 00:00:00.583716,0.8,20,1.5,0.8,4,92,COMPLETE
6641,6641,18218.0,2023-11-15 13:54:44.207292,2023-11-15 13:54:44.794554,0 days 00:00:00.587262,0.8,10,1.25,0.8,17,97,COMPLETE
6642,6642,18304.0,2023-11-15 13:54:44.797162,2023-11-15 13:54:45.385705,0 days 00:00:00.588543,0.8,10,1.25,0.7000000000000001,21,100,COMPLETE
6643,6643,17735.5,2023-11-15 13:54:45.388330,2023-11-15 13:54:45.968877,0 days 00:00:00.580547,0.7000000000000001,10,1.0,0.8,13,95,COMPLETE
6644,6644,17844.75,2023-11-15 13:54:45.971281,2023-11-15 13:54:46.554205,0 days 00:00:00.582924,0.8,10,1.25,0.30000000000000004,6,98,COMPLETE
6645,6645,17380.25,2023-11-15 13:54:46.556574,2023-11-15 13:54:47.130525,0 days 00:00:00.573951,0.8,10,1.25,0.8,18,67,COMPLETE
6646,6646,18305.75,2023-11-15 13:54:47.132827,2023-11-15 13:54:47.727142,0 days 00:00:00.594315,0.8,10,1.5,0.8,2,100,COMPLETE
6647,6647,17298.75,2023-11-15 13:54:47.729445,2023-11-15 13:54:48.339770,0 days 00:00:00.610325,0.8,20,1.25,0.5,23,96,COMPLETE
6648,6648,18023.5,2023-11-15 13:54:48.341912,2023-11-15 13:54:48.930286,0 days 00:00:00.588374,0.8,10,1.25,0.8,9,98,COMPLETE
6649,6649,18400.0,2023-11-15 13:54:48.933341,2023-11-15 13:54:49.518169,0 days 00:00:00.584828,0.8,10,1.25,0.9,16,94,COMPLETE
6650,6650,18398.25,2023-11-15 13:54:49.520544,2023-11-15 13:54:50.099944,0 days 00:00:00.579400,0.9,10,1.75,0.8,20,99,COMPLETE
6651,6651,18218.0,2023-11-15 13:54:50.102257,2023-11-15 13:54:50.688860,0 days 00:00:00.586603,0.8,10,1.25,0.8,11,97,COMPLETE
6652,6652,18492.5,2023-11-15 13:54:50.691074,2023-11-15 13:54:51.269756,0 days 00:00:00.578682,0.8,10,1.25,0.8,15,100,COMPLETE
6653,6653,18394.5,2023-11-15 13:54:51.271994,2023-11-15 13:54:51.893378,0 days 00:00:00.621384,0.8,10,1.25,0.8,18,96,COMPLETE
6654,6654,18399.0,2023-11-15 13:54:51.895770,2023-11-15 13:54:52.482595,0 days 00:00:00.586825,0.8,10,2.0,0.8,3,98,COMPLETE
6655,6655,17859.25,2023-11-15 13:54:52.485166,2023-11-15 13:54:53.150020,0 days 00:00:00.664854,0.8,20,1.0,0.7000000000000001,13,100,COMPLETE
6656,6656,18029.0,2023-11-15 13:54:53.152602,2023-11-15 13:54:53.844340,0 days 00:00:00.691738,0.8,10,1.5,0.8,62,97,COMPLETE
6657,6657,18112.5,2023-11-15 13:54:53.847296,2023-11-15 13:54:54.440227,0 days 00:00:00.592931,0.8,10,1.25,0.8,6,95,COMPLETE
6658,6658,18491.25,2023-11-15 13:54:54.442446,2023-11-15 13:54:55.018697,0 days 00:00:00.576251,0.7000000000000001,10,1.25,0.8,26,99,COMPLETE
6659,6659,18207.75,2023-11-15 13:54:55.021056,2023-11-15 13:54:55.612900,0 days 00:00:00.591844,0.8,10,1.25,0.8,22,93,COMPLETE
6660,6660,18071.5,2023-11-15 13:54:55.616611,2023-11-15 13:54:56.200478,0 days 00:00:00.583867,0.8,10,1.0,0.9,8,98,COMPLETE
6661,6661,199.5,2023-11-15 13:54:56.203172,2023-11-15 13:54:57.041606,0 days 00:00:00.838434,0.8,10,1.25,0.8,0,100,COMPLETE
6662,6662,17968.25,2023-11-15 13:54:57.043923,2023-11-15 13:54:57.631177,0 days 00:00:00.587254,0.8,10,0.75,0.8,16,96,COMPLETE
6663,6663,18209.5,2023-11-15 13:54:57.633664,2023-11-15 13:54:58.212269,0 days 00:00:00.578605,0.8,10,1.25,0.7000000000000001,20,98,COMPLETE
6664,6664,18399.75,2023-11-15 13:54:58.214498,2023-11-15 13:54:58.806710,0 days 00:00:00.592212,0.9,10,1.5,0.8,10,100,COMPLETE
6665,6665,18218.0,2023-11-15 13:54:58.809180,2023-11-15 13:54:59.392477,0 days 00:00:00.583297,0.8,10,1.25,0.8,14,97,COMPLETE
6666,6666,15145.25,2023-11-15 13:54:59.394869,2023-11-15 13:54:59.992490,0 days 00:00:00.597621,0.8,60,1.25,0.8,18,95,COMPLETE
6667,6667,17830.75,2023-11-15 13:54:59.994815,2023-11-15 13:55:00.582840,0 days 00:00:00.588025,0.8,20,1.25,0.9,4,98,COMPLETE
6668,6668,18492.5,2023-11-15 13:55:00.585170,2023-11-15 13:55:01.172684,0 days 00:00:00.587514,0.8,10,1.25,0.8,12,100,COMPLETE
6669,6669,18394.5,2023-11-15 13:55:01.174863,2023-11-15 13:55:01.751571,0 days 00:00:00.576708,0.8,10,1.25,0.8,16,96,COMPLETE
6670,6670,18118.25,2023-11-15 13:55:01.754877,2023-11-15 13:55:02.337245,0 days 00:00:00.582368,0.7000000000000001,10,1.0,0.8,21,98,COMPLETE
6671,6671,18209.0,2023-11-15 13:55:02.339898,2023-11-15 13:55:02.921015,0 days 00:00:00.581117,0.8,10,1.25,0.8,6,89,COMPLETE
6672,6672,18307.0,2023-11-15 13:55:02.923425,2023-11-15 13:55:03.509121,0 days 00:00:00.585696,0.8,10,1.5,0.8,19,94,COMPLETE
6673,6673,18398.25,2023-11-15 13:55:03.511339,2023-11-15 13:55:04.096937,0 days 00:00:00.585598,0.8,10,1.25,0.8,13,100,COMPLETE
6674,6674,13936.0,2023-11-15 13:55:04.099127,2023-11-15 13:55:04.702030,0 days 00:00:00.602903,0.8,80,1.25,0.8,24,98,COMPLETE
6675,6675,16831.5,2023-11-15 13:55:04.704517,2023-11-15 13:55:05.300897,0 days 00:00:00.596380,0.8,10,1.25,0.8,2,49,COMPLETE
6676,6676,17465.0,2023-11-15 13:55:05.303455,2023-11-15 13:55:05.896888,0 days 00:00:00.593433,0.4,20,1.0,0.9,17,96,COMPLETE
6677,6677,18213.75,2023-11-15 13:55:05.899198,2023-11-15 13:55:06.491169,0 days 00:00:00.591971,0.8,10,1.25,0.7000000000000001,9,92,COMPLETE
6678,6678,18120.75,2023-11-15 13:55:06.493412,2023-11-15 13:55:07.082192,0 days 00:00:00.588780,0.9,10,1.5,0.8,11,99,COMPLETE
6679,6679,18218.0,2023-11-15 13:55:07.085099,2023-11-15 13:55:07.726700,0 days 00:00:00.641601,0.8,10,1.25,0.8,15,97,COMPLETE
6680,6680,18304.0,2023-11-15 13:55:07.729183,2023-11-15 13:55:08.420046,0 days 00:00:00.690863,0.8,10,1.75,0.8,4,100,COMPLETE
6681,6681,17002.0,2023-11-15 13:55:08.422698,2023-11-15 13:55:09.094182,0 days 00:00:00.671484,0.8,40,1.25,0.8,19,98,COMPLETE
6682,6682,16474.75,2023-11-15 13:55:09.096749,2023-11-15 13:55:09.681751,0 days 00:00:00.585002,0.7000000000000001,10,1.25,0.8,22,55,COMPLETE
6683,6683,18410.75,2023-11-15 13:55:09.683938,2023-11-15 13:55:10.262903,0 days 00:00:00.578965,0.8,10,1.25,0.8,14,94,COMPLETE
6684,6684,18594.75,2023-11-15 13:55:10.265070,2023-11-15 13:55:10.850203,0 days 00:00:00.585133,0.8,10,1.0,0.8,8,96,COMPLETE
6685,6685,18306.5,2023-11-15 13:55:10.853039,2023-11-15 13:55:11.451188,0 days 00:00:00.598149,0.8,10,1.5,0.8,18,100,COMPLETE
6686,6686,17830.75,2023-11-15 13:55:11.454020,2023-11-15 13:55:12.059229,0 days 00:00:00.605209,0.8,20,1.25,0.9,16,98,COMPLETE
6687,6687,18218.0,2023-11-15 13:55:12.061709,2023-11-15 13:55:12.651942,0 days 00:00:00.590233,0.8,10,1.25,0.8,6,97,COMPLETE
6688,6688,17359.25,2023-11-15 13:55:12.654626,2023-11-15 13:55:13.237836,0 days 00:00:00.583210,0.8,30,1.25,0.7000000000000001,21,100,COMPLETE
6689,6689,18209.5,2023-11-15 13:55:13.240274,2023-11-15 13:55:13.828516,0 days 00:00:00.588242,0.9,10,1.25,0.8,2,98,COMPLETE
6690,6690,17831.25,2023-11-15 13:55:13.832071,2023-11-15 13:55:14.425179,0 days 00:00:00.593108,0.8,10,1.5,0.8,11,95,COMPLETE
6691,6691,18681.25,2023-11-15 13:55:14.427356,2023-11-15 13:55:15.010380,0 days 00:00:00.583024,0.8,10,1.25,0.8,14,99,COMPLETE
6692,6692,184.5,2023-11-15 13:55:15.012603,2023-11-15 13:55:15.674482,0 days 00:00:00.661879,0.8,50,1.25,0.8,0,38,COMPLETE
6693,6693,18394.5,2023-11-15 13:55:15.676969,2023-11-15 13:55:16.257045,0 days 00:00:00.580076,0.8,10,1.25,0.8,17,96,COMPLETE
6694,6694,18120.75,2023-11-15 13:55:16.259274,2023-11-15 13:55:16.844028,0 days 00:00:00.584754,0.7000000000000001,10,1.0,0.8,24,100,COMPLETE
6695,6695,18122.5,2023-11-15 13:55:16.846427,2023-11-15 13:55:17.437127,0 days 00:00:00.590700,0.8,10,1.25,0.8,19,97,COMPLETE
6696,6696,18023.5,2023-11-15 13:55:17.439509,2023-11-15 13:55:18.023076,0 days 00:00:00.583567,0.8,10,1.25,0.8,5,98,COMPLETE
6697,6697,18301.75,2023-11-15 13:55:18.025466,2023-11-15 13:55:18.629965,0 days 00:00:00.604499,0.8,10,1.25,0.9,13,93,COMPLETE
6698,6698,17294.0,2023-11-15 13:55:18.632236,2023-11-15 13:55:19.225765,0 days 00:00:00.593529,0.5,20,1.5,0.8,47,100,COMPLETE
6699,6699,17481.5,2023-11-15 13:55:19.227910,2023-11-15 13:55:19.821821,0 days 00:00:00.593911,0.30000000000000004,10,1.25,0.8,8,96,COMPLETE
6700,6700,18023.5,2023-11-15 13:55:19.824014,2023-11-15 13:55:20.406405,0 days 00:00:00.582391,0.8,10,1.25,0.8,16,98,COMPLETE
6701,6701,17981.25,2023-11-15 13:55:20.408760,2023-11-15 13:55:20.989413,0 days 00:00:00.580653,0.8,10,1.0,0.8,21,94,COMPLETE
6702,6702,18492.5,2023-11-15 13:55:20.991844,2023-11-15 13:55:21.577218,0 days 00:00:00.585374,0.8,10,1.25,0.8,10,100,COMPLETE
6703,6703,18209.5,2023-11-15 13:55:21.580274,2023-11-15 13:55:22.193665,0 days 00:00:00.613391,0.9,10,1.25,0.8,27,98,COMPLETE
6704,6704,17655.25,2023-11-15 13:55:22.195880,2023-11-15 13:55:22.839544,0 days 00:00:00.643664,0.8,10,1.25,0.8,3,91,COMPLETE
6705,6705,17391.25,2023-11-15 13:55:22.842370,2023-11-15 13:55:23.543395,0 days 00:00:00.701025,0.8,10,1.25,0.8,82,95,COMPLETE
6706,6706,18400.75,2023-11-15 13:55:23.545987,2023-11-15 13:55:24.145924,0 days 00:00:00.599937,0.8,10,1.5,0.7000000000000001,18,97,COMPLETE
6707,6707,17830.25,2023-11-15 13:55:24.148133,2023-11-15 13:55:24.735088,0 days 00:00:00.586955,0.7000000000000001,20,1.25,0.8,15,100,COMPLETE
6708,6708,18023.5,2023-11-15 13:55:24.737746,2023-11-15 13:55:25.311767,0 days 00:00:00.574021,0.8,10,1.25,0.8,12,98,COMPLETE
6709,6709,18331.5,2023-11-15 13:55:25.314237,2023-11-15 13:55:25.907298,0 days 00:00:00.593061,0.8,10,1.0,0.9,6,99,COMPLETE
6710,6710,18301.75,2023-11-15 13:55:25.909570,2023-11-15 13:55:26.488873,0 days 00:00:00.579303,0.8,10,1.25,0.8,20,96,COMPLETE
6711,6711,18119.0,2023-11-15 13:55:26.491109,2023-11-15 13:55:27.070715,0 days 00:00:00.579606,0.8,10,1.75,0.8,35,100,COMPLETE
6712,6712,18218.0,2023-11-15 13:55:27.073140,2023-11-15 13:55:27.672984,0 days 00:00:00.599844,0.8,10,1.25,0.8,17,97,COMPLETE
6713,6713,18398.5,2023-11-15 13:55:27.675256,2023-11-15 13:55:28.253400,0 days 00:00:00.578144,0.8,10,1.5,0.8,9,98,COMPLETE
6714,6714,17658.75,2023-11-15 13:55:28.255898,2023-11-15 13:55:28.875677,0 days 00:00:00.619779,0.8,10,1.0,0.9,14,95,COMPLETE
6715,6715,18212.25,2023-11-15 13:55:28.877873,2023-11-15 13:55:29.473111,0 days 00:00:00.595238,0.8,10,1.25,0.7000000000000001,4,100,COMPLETE
6716,6716,18301.75,2023-11-15 13:55:29.476558,2023-11-15 13:55:30.099333,0 days 00:00:00.622775,0.8,10,1.25,0.8,23,96,COMPLETE
6717,6717,17830.75,2023-11-15 13:55:30.101884,2023-11-15 13:55:30.696242,0 days 00:00:00.594358,0.8,20,1.25,0.8,7,98,COMPLETE
6718,6718,18491.25,2023-11-15 13:55:30.698448,2023-11-15 13:55:31.296547,0 days 00:00:00.598099,0.7000000000000001,10,1.25,0.8,18,99,COMPLETE
6719,6719,18207.75,2023-11-15 13:55:31.298700,2023-11-15 13:55:31.899005,0 days 00:00:00.600305,0.8,10,1.25,0.8,12,93,COMPLETE
6720,6720,12692.75,2023-11-15 13:55:31.902590,2023-11-15 13:55:32.521683,0 days 00:00:00.619093,0.8,100,1.25,0.8,44,97,COMPLETE
6721,6721,18461.25,2023-11-15 13:55:32.523883,2023-11-15 13:55:33.108241,0 days 00:00:00.584358,0.9,10,1.0,0.8,2,100,COMPLETE
6722,6722,17831.25,2023-11-15 13:55:33.110851,2023-11-15 13:55:33.702344,0 days 00:00:00.591493,0.8,10,1.5,0.8,15,95,COMPLETE
6723,6723,17933.5,2023-11-15 13:55:33.705109,2023-11-15 13:55:34.292290,0 days 00:00:00.587181,0.8,10,1.25,0.5,20,98,COMPLETE
6724,6724,18212.25,2023-11-15 13:55:34.294687,2023-11-15 13:55:34.895571,0 days 00:00:00.600884,0.8,10,1.25,0.7000000000000001,11,100,COMPLETE
6725,6725,18394.5,2023-11-15 13:55:34.898137,2023-11-15 13:55:35.488463,0 days 00:00:00.590326,0.8,10,1.25,0.8,16,96,COMPLETE
6726,6726,18023.5,2023-11-15 13:55:35.490643,2023-11-15 13:55:36.079816,0 days 00:00:00.589173,0.8,10,1.25,0.8,19,98,COMPLETE
6727,6727,18492.5,2023-11-15 13:55:36.082116,2023-11-15 13:55:36.664617,0 days 00:00:00.582501,0.8,10,1.25,0.8,7,100,COMPLETE
6728,6728,18021.25,2023-11-15 13:55:36.667514,2023-11-15 13:55:37.303576,0 days 00:00:00.636062,0.8,10,1.75,0.8,22,94,COMPLETE
6729,6729,295.5,2023-11-15 13:55:37.306223,2023-11-15 13:55:38.271424,0 days 00:00:00.965201,0.8,20,1.25,0.9,0,97,COMPLETE
6730,6730,14634.75,2023-11-15 13:55:38.273952,2023-11-15 13:55:38.893693,0 days 00:00:00.619741,0.8,10,1.5,0.8,14,30,COMPLETE
6731,6731,18208.75,2023-11-15 13:55:38.896002,2023-11-15 13:55:39.487920,0 days 00:00:00.591918,0.8,10,1.25,0.6,4,98,COMPLETE
6732,6732,18458.5,2023-11-15 13:55:39.490392,2023-11-15 13:55:40.087911,0 days 00:00:00.597519,0.8,10,1.0,0.8,17,100,COMPLETE
6733,6733,18394.5,2023-11-15 13:55:40.090290,2023-11-15 13:55:40.666838,0 days 00:00:00.576548,0.8,10,1.25,0.8,10,96,COMPLETE
6734,6734,18209.5,2023-11-15 13:55:40.669606,2023-11-15 13:55:41.264218,0 days 00:00:00.594612,0.9,10,1.25,0.8,13,98,COMPLETE
6735,6735,18681.25,2023-11-15 13:55:41.266607,2023-11-15 13:55:41.872644,0 days 00:00:00.606037,0.8,10,1.25,0.8,19,99,COMPLETE
6736,6736,18225.25,2023-11-15 13:55:41.874922,2023-11-15 13:55:42.465513,0 days 00:00:00.590591,0.8,10,1.0,0.9,25,94,COMPLETE
6737,6737,18394.5,2023-11-15 13:55:42.467984,2023-11-15 13:55:43.055293,0 days 00:00:00.587309,0.8,10,1.25,0.8,5,96,COMPLETE
6738,6738,18398.0,2023-11-15 13:55:43.057710,2023-11-15 13:55:43.647496,0 days 00:00:00.589786,0.8,10,2.0,0.8,16,100,COMPLETE
6739,6739,18305.25,2023-11-15 13:55:43.649977,2023-11-15 13:55:44.251588,0 days 00:00:00.601611,0.8,10,1.5,0.8,21,98,COMPLETE
6740,6740,17839.0,2023-11-15 13:55:44.253859,2023-11-15 13:55:44.830853,0 days 00:00:00.576994,0.8,20,1.25,0.7000000000000001,9,97,COMPLETE
6741,6741,18492.5,2023-11-15 13:55:44.833192,2023-11-15 13:55:45.415128,0 days 00:00:00.581936,0.8,10,1.25,0.8,2,100,COMPLETE
6742,6742,17838.25,2023-11-15 13:55:45.417385,2023-11-15 13:55:46.005612,0 days 00:00:00.588227,0.9,10,1.25,0.8,15,95,COMPLETE
6743,6743,18023.5,2023-11-15 13:55:46.007916,2023-11-15 13:55:46.596178,0 days 00:00:00.588262,0.8,10,1.25,0.8,12,98,COMPLETE
6744,6744,17932.75,2023-11-15 13:55:46.598467,2023-11-15 13:55:47.193842,0 days 00:00:00.595375,0.7000000000000001,10,1.25,0.8,18,96,COMPLETE
6745,6745,10264.25,2023-11-15 13:55:47.196359,2023-11-15 13:55:47.789189,0 days 00:00:00.592830,0.8,10,1.25,0.8,23,18,COMPLETE
6746,6746,18396.25,2023-11-15 13:55:47.791517,2023-11-15 13:55:48.396137,0 days 00:00:00.604620,0.8,10,1.5,0.8,6,92,COMPLETE
6747,6747,18492.5,2023-11-15 13:55:48.398365,2023-11-15 13:55:48.989887,0 days 00:00:00.591522,0.8,10,1.25,0.8,14,100,COMPLETE
6748,6748,17782.5,2023-11-15 13:55:48.992356,2023-11-15 13:55:49.595829,0 days 00:00:00.603473,0.8,20,1.0,0.8,17,98,COMPLETE
6749,6749,18122.75,2023-11-15 13:55:49.598081,2023-11-15 13:55:50.192103,0 days 00:00:00.594022,0.8,10,3.0,0.9,8,98,COMPLETE
6750,6750,18492.5,2023-11-15 13:55:50.194301,2023-11-15 13:55:50.779924,0 days 00:00:00.585623,0.8,10,1.25,0.8,19,100,COMPLETE
6751,6751,17936.0,2023-11-15 13:55:50.782130,2023-11-15 13:55:51.377412,0 days 00:00:00.595282,0.8,10,1.5,0.7000000000000001,50,96,COMPLETE
6752,6752,18216.0,2023-11-15 13:55:51.379625,2023-11-15 13:55:51.989068,0 days 00:00:00.609443,0.6,10,1.25,0.8,3,98,COMPLETE
6753,6753,18486.25,2023-11-15 13:55:51.991380,2023-11-15 13:55:52.664836,0 days 00:00:00.673456,0.8,10,1.25,0.8,11,94,COMPLETE
6754,6754,18681.25,2023-11-15 13:55:52.667384,2023-11-15 13:55:53.345721,0 days 00:00:00.678337,0.8,10,1.25,0.8,21,99,COMPLETE
6755,6755,17847.0,2023-11-15 13:55:53.347994,2023-11-15 13:55:53.943718,0 days 00:00:00.595724,0.7000000000000001,10,1.25,0.4,16,96,COMPLETE
6756,6756,18213.5,2023-11-15 13:55:53.945902,2023-11-15 13:55:54.531539,0 days 00:00:00.585637,0.8,10,1.0,0.8,13,100,COMPLETE
6757,6757,17839.0,2023-11-15 13:55:54.534161,2023-11-15 13:55:55.138015,0 days 00:00:00.603854,0.9,20,1.25,0.6,5,97,COMPLETE
6758,6758,15356.25,2023-11-15 13:55:55.140465,2023-11-15 13:55:55.777428,0 days 00:00:00.636963,0.1,10,1.25,0.9,18,98,COMPLETE
6759,6759,18210.75,2023-11-15 13:55:55.779636,2023-11-15 13:55:56.368356,0 days 00:00:00.588720,0.8,10,1.75,0.8,7,100,COMPLETE
6760,6760,18486.25,2023-11-15 13:55:56.370530,2023-11-15 13:55:56.956538,0 days 00:00:00.586008,0.8,10,1.25,0.8,1,94,COMPLETE
6761,6761,14487.75,2023-11-15 13:55:56.958846,2023-11-15 13:55:57.565779,0 days 00:00:00.606933,0.8,70,1.25,0.8,15,96,COMPLETE
6762,6762,18398.5,2023-11-15 13:55:57.568416,2023-11-15 13:55:58.152577,0 days 00:00:00.584161,0.8,10,1.5,0.8,10,98,COMPLETE
6763,6763,18027.0,2023-11-15 13:55:58.154968,2023-11-15 13:55:58.748192,0 days 00:00:00.593224,0.7000000000000001,10,1.0,0.8,21,100,COMPLETE
6764,6764,18125.0,2023-11-15 13:55:58.750473,2023-11-15 13:55:59.358098,0 days 00:00:00.607625,0.8,10,1.25,0.8,58,97,COMPLETE
6765,6765,16429.25,2023-11-15 13:55:59.360244,2023-11-15 13:55:59.983806,0 days 00:00:00.623562,0.2,10,1.25,0.8,26,99,COMPLETE
6766,6766,17003.5,2023-11-15 13:55:59.986382,2023-11-15 13:56:00.589823,0 days 00:00:00.603441,0.8,20,1.25,0.7000000000000001,13,95,COMPLETE
6767,6767,17838.5,2023-11-15 13:56:00.593079,2023-11-15 13:56:01.181317,0 days 00:00:00.588238,0.8,10,1.5,0.8,17,91,COMPLETE
6768,6768,18033.25,2023-11-15 13:56:01.183715,2023-11-15 13:56:01.789139,0 days 00:00:00.605424,0.8,10,1.25,0.8,23,98,COMPLETE
6769,6769,18218.0,2023-11-15 13:56:01.791629,2023-11-15 13:56:02.384142,0 days 00:00:00.592513,0.8,10,1.25,0.9,29,100,COMPLETE
6770,6770,18216.5,2023-11-15 13:56:02.386790,2023-11-15 13:56:02.982307,0 days 00:00:00.595517,0.8,10,1.0,0.8,54,96,COMPLETE
6771,6771,18023.5,2023-11-15 13:56:02.985001,2023-11-15 13:56:03.581737,0 days 00:00:00.596736,0.8,10,1.25,0.8,4,98,COMPLETE
6772,6772,17934.0,2023-11-15 13:56:03.585892,2023-11-15 13:56:04.172494,0 days 00:00:00.586602,0.8,10,0.75,0.8,19,93,COMPLETE
6773,6773,17746.25,2023-11-15 13:56:04.174737,2023-11-15 13:56:04.760118,0 days 00:00:00.585381,0.9,10,1.25,0.8,15,71,COMPLETE
6774,6774,18218.0,2023-11-15 13:56:04.763107,2023-11-15 13:56:05.359741,0 days 00:00:00.596634,0.8,10,1.25,0.8,9,97,COMPLETE
6775,6775,18211.0,2023-11-15 13:56:05.361966,2023-11-15 13:56:05.970253,0 days 00:00:00.608287,0.8,10,1.5,0.7000000000000001,12,99,COMPLETE
6776,6776,18492.5,2023-11-15 13:56:05.972497,2023-11-15 13:56:06.561940,0 days 00:00:00.589443,0.8,10,1.25,0.8,2,100,COMPLETE
6777,6777,17747.25,2023-11-15 13:56:06.564465,2023-11-15 13:56:07.232934,0 days 00:00:00.668469,0.8,10,1.25,0.9,7,95,COMPLETE
6778,6778,16271.75,2023-11-15 13:56:07.235866,2023-11-15 13:56:07.897467,0 days 00:00:00.661601,0.8,20,1.25,0.8,20,45,COMPLETE
6779,6779,17145.5,2023-11-15 13:56:07.899744,2023-11-15 13:56:08.494867,0 days 00:00:00.595123,0.7000000000000001,10,1.25,0.1,17,97,COMPLETE
6780,6780,18401.0,2023-11-15 13:56:08.497472,2023-11-15 13:56:09.090348,0 days 00:00:00.592876,0.8,10,1.0,0.8,14,100,COMPLETE
6781,6781,18023.5,2023-11-15 13:56:09.092573,2023-11-15 13:56:09.721925,0 days 00:00:00.629352,0.8,10,1.25,0.8,19,98,COMPLETE
6782,6782,18026.25,2023-11-15 13:56:09.724154,2023-11-15 13:56:10.322319,0 days 00:00:00.598165,0.8,10,1.25,0.8,10,88,COMPLETE
