,number,value,datetime_start,datetime_complete,duration,params_alpha,params_decay_interval,params_decay_rate,params_gamma,params_initialization,params_max_steps,state
8210,8210,16727.75,2023-11-15 12:52:02.378067,2023-11-15 12:52:03.071180,0 days 00:00:00.693113,0.8,10,3.0,0.8,22,66,COMPLETE
8211,8211,19260.75,2023-11-15 12:52:03.073856,2023-11-15 12:52:03.751750,0 days 00:00:00.677894,0.8,10,3.0,0.9,54,71,COMPLETE
8212,8212,18682.0,2023-11-15 12:52:03.754601,2023-11-15 12:52:04.438298,0 days 00:00:00.683697,0.8,10,2.5,0.9,29,75,COMPLETE
8213,8213,17115.5,2023-11-15 12:52:04.440798,2023-11-15 12:52:05.154646,0 days 00:00:00.713848,0.8,10,2.75,0.9,18,69,COMPLETE
8214,8214,15902.75,2023-11-15 12:52:05.157095,2023-11-15 12:52:05.850458,0 days 00:00:00.693363,0.8,20,3.0,0.9,12,61,COMPLETE
8215,8215,18122.5,2023-11-15 12:52:05.853082,2023-11-15 12:52:06.523378,0 days 00:00:00.670296,0.8,10,3.0,0.9,20,72,COMPLETE
8216,8216,17917.0,2023-11-15 12:52:06.525862,2023-11-15 12:52:07.206822,0 days 00:00:00.680960,0.8,10,2.75,0.9,15,67,COMPLETE
8217,8217,17739.5,2023-11-15 12:52:07.209460,2023-11-15 12:52:07.888399,0 days 00:00:00.678939,0.8,10,3.0,0.9,23,81,COMPLETE
8218,8218,17842.25,2023-11-15 12:52:07.890926,2023-11-15 12:52:08.588682,0 days 00:00:00.697756,0.7000000000000001,10,3.0,0.9,25,77,COMPLETE
8219,8219,18206.5,2023-11-15 12:52:08.591286,2023-11-15 12:52:09.266550,0 days 00:00:00.675264,0.9,10,3.0,0.5,17,72,COMPLETE
8220,8220,16632.25,2023-11-15 12:52:09.269043,2023-11-15 12:52:09.947001,0 days 00:00:00.677958,0.8,10,2.75,0.9,21,63,COMPLETE
8221,8221,17115.5,2023-11-15 12:52:09.951363,2023-11-15 12:52:10.637479,0 days 00:00:00.686116,0.8,10,3.0,0.9,19,69,COMPLETE
8222,8222,18018.25,2023-11-15 12:52:10.640046,2023-11-15 12:52:11.325159,0 days 00:00:00.685113,0.8,10,3.0,0.8,14,74,COMPLETE
8223,8223,17825.5,2023-11-15 12:52:11.327653,2023-11-15 12:52:12.025084,0 days 00:00:00.697431,0.8,10,3.0,0.9,22,70,COMPLETE
8224,8224,16719.5,2023-11-15 12:52:12.027525,2023-11-15 12:52:12.706525,0 days 00:00:00.679000,0.8,10,2.75,0.9,17,66,COMPLETE
8225,8225,16280.75,2023-11-15 12:52:12.709210,2023-11-15 12:52:13.408270,0 days 00:00:00.699060,0.8,20,3.0,0.9,27,78,COMPLETE
8226,8226,17920.75,2023-11-15 12:52:13.410852,2023-11-15 12:52:14.095139,0 days 00:00:00.684287,0.8,10,3.0,0.9,20,74,COMPLETE
8227,8227,13521.75,2023-11-15 12:52:14.098078,2023-11-15 12:52:14.797482,0 days 00:00:00.699404,0.1,10,3.0,0.9,23,71,COMPLETE
8228,8228,17917.0,2023-11-15 12:52:14.800763,2023-11-15 12:52:15.485829,0 days 00:00:00.685066,0.8,10,2.75,0.9,16,67,COMPLETE
8229,8229,18592.5,2023-11-15 12:52:15.488309,2023-11-15 12:52:16.181887,0 days 00:00:00.693578,0.8,10,2.5,0.9,18,87,COMPLETE
8230,8230,17014.0,2023-11-15 12:52:16.184828,2023-11-15 12:52:16.861064,0 days 00:00:00.676236,0.8,10,3.0,0.9,9,64,COMPLETE
8231,8231,18585.0,2023-11-15 12:52:16.863796,2023-11-15 12:52:17.545788,0 days 00:00:00.681992,0.7000000000000001,10,3.0,0.9,25,76,COMPLETE
8232,8232,17931.25,2023-11-15 12:52:17.549150,2023-11-15 12:52:18.230400,0 days 00:00:00.681250,0.8,10,3.0,0.8,21,72,COMPLETE
8233,8233,17115.5,2023-11-15 12:52:18.233812,2023-11-15 12:52:18.907490,0 days 00:00:00.673678,0.8,10,2.75,0.9,14,69,COMPLETE
8234,8234,13375.25,2023-11-15 12:52:18.910000,2023-11-15 12:52:19.619759,0 days 00:00:00.709759,0.8,70,3.0,0.9,20,80,COMPLETE
8235,8235,17920.75,2023-11-15 12:52:19.622464,2023-11-15 12:52:20.330521,0 days 00:00:00.708057,0.8,10,3.0,0.9,12,74,COMPLETE
8236,8236,17917.0,2023-11-15 12:52:20.333790,2023-11-15 12:52:21.025802,0 days 00:00:00.692012,0.8,10,3.0,0.9,18,67,COMPLETE
8237,8237,17469.0,2023-11-15 12:52:21.028256,2023-11-15 12:52:21.720503,0 days 00:00:00.692247,0.9,10,2.75,0.9,24,69,COMPLETE
8238,8238,18207.75,2023-11-15 12:52:21.723023,2023-11-15 12:52:22.404704,0 days 00:00:00.681681,0.8,10,3.0,0.7000000000000001,16,72,COMPLETE
8239,8239,16898.75,2023-11-15 12:52:22.407226,2023-11-15 12:52:23.097302,0 days 00:00:00.690076,0.8,20,3.0,0.9,22,76,COMPLETE
8240,8240,17014.0,2023-11-15 12:52:23.100614,2023-11-15 12:52:23.801819,0 days 00:00:00.701205,0.8,10,2.75,0.9,19,64,COMPLETE
8241,8241,19260.75,2023-11-15 12:52:23.804355,2023-11-15 12:52:24.478052,0 days 00:00:00.673697,0.8,10,3.0,0.9,27,71,COMPLETE
8242,8242,17461.25,2023-11-15 12:52:24.480831,2023-11-15 12:52:25.164335,0 days 00:00:00.683504,0.8,10,3.0,0.9,14,60,COMPLETE
8243,8243,17920.75,2023-11-15 12:52:25.167354,2023-11-15 12:52:25.846006,0 days 00:00:00.678652,0.8,10,3.0,0.9,21,74,COMPLETE
8244,8244,17917.0,2023-11-15 12:52:25.848753,2023-11-15 12:52:26.521792,0 days 00:00:00.673039,0.8,10,2.75,0.9,17,67,COMPLETE
8245,8245,17204.0,2023-11-15 12:52:26.524506,2023-11-15 12:52:27.220773,0 days 00:00:00.696267,0.30000000000000004,10,3.0,0.9,24,78,COMPLETE
8246,8246,18392.25,2023-11-15 12:52:27.223228,2023-11-15 12:52:27.900837,0 days 00:00:00.677609,0.8,20,2.5,0.9,19,70,COMPLETE
8247,8247,18023.5,2023-11-15 12:52:27.903342,2023-11-15 12:52:28.575168,0 days 00:00:00.671826,0.7000000000000001,10,3.0,0.8,15,83,COMPLETE
8248,8248,17733.0,2023-11-15 12:52:28.577760,2023-11-15 12:52:29.253717,0 days 00:00:00.675957,0.8,10,2.25,0.9,22,74,COMPLETE
8249,8249,17561.25,2023-11-15 12:52:29.256180,2023-11-15 12:52:29.938151,0 days 00:00:00.681971,0.9,10,3.0,0.9,10,69,COMPLETE
8250,8250,13378.75,2023-11-15 12:52:29.940661,2023-11-15 12:52:30.651669,0 days 00:00:00.711008,0.8,80,2.75,0.9,19,65,COMPLETE
8251,8251,18122.5,2023-11-15 12:52:30.654247,2023-11-15 12:52:31.329197,0 days 00:00:00.674950,0.8,10,3.0,0.9,17,72,COMPLETE
8252,8252,17016.25,2023-11-15 12:52:31.332438,2023-11-15 12:52:32.019200,0 days 00:00:00.686762,0.8,10,3.0,0.9,23,76,COMPLETE
8253,8253,17115.5,2023-11-15 12:52:32.022153,2023-11-15 12:52:32.703335,0 days 00:00:00.681182,0.8,10,3.0,0.9,20,69,COMPLETE
8254,8254,17369.5,2023-11-15 12:52:32.706056,2023-11-15 12:52:33.388853,0 days 00:00:00.682797,0.8,10,3.0,0.9,28,73,COMPLETE
8255,8255,16719.5,2023-11-15 12:52:33.391516,2023-11-15 12:52:34.099284,0 days 00:00:00.707768,0.8,10,2.75,0.9,26,66,COMPLETE
8256,8256,16607.75,2023-11-15 12:52:34.102252,2023-11-15 12:52:34.775817,0 days 00:00:00.673565,0.8,20,3.0,0.9,15,62,COMPLETE
8257,8257,17360.25,2023-11-15 12:52:34.778592,2023-11-15 12:52:35.457801,0 days 00:00:00.679209,0.8,10,3.0,0.9,12,78,COMPLETE
8258,8258,18316.25,2023-11-15 12:52:35.460272,2023-11-15 12:52:36.141392,0 days 00:00:00.681120,0.7000000000000001,10,3.0,0.8,21,71,COMPLETE
8259,8259,17547.25,2023-11-15 12:52:36.143915,2023-11-15 12:52:36.822705,0 days 00:00:00.678790,0.8,10,2.75,0.9,18,68,COMPLETE
8260,8260,13232.75,2023-11-15 12:52:36.825386,2023-11-15 12:52:37.539994,0 days 00:00:00.714608,0.9,90,3.0,0.9,23,75,COMPLETE
8261,8261,18493.25,2023-11-15 12:52:37.542494,2023-11-15 12:52:38.217719,0 days 00:00:00.675225,0.8,10,2.5,0.9,16,72,COMPLETE
8262,8262,17051.5,2023-11-15 12:52:38.220325,2023-11-15 12:52:38.907542,0 days 00:00:00.687217,0.8,10,3.0,0.1,20,80,COMPLETE
8263,8263,17192.75,2023-11-15 12:52:38.910046,2023-11-15 12:52:39.594950,0 days 00:00:00.684904,0.8,10,3.0,0.6,25,64,COMPLETE
8264,8264,16244.25,2023-11-15 12:52:39.597497,2023-11-15 12:52:40.299161,0 days 00:00:00.701664,0.2,10,2.75,0.9,31,75,COMPLETE
8265,8265,17115.5,2023-11-15 12:52:40.301763,2023-11-15 12:52:41.009041,0 days 00:00:00.707278,0.8,10,3.0,0.9,18,69,COMPLETE
8266,8266,17917.0,2023-11-15 12:52:41.011574,2023-11-15 12:52:41.696401,0 days 00:00:00.684827,0.8,10,3.0,0.9,13,67,COMPLETE
8267,8267,18028.25,2023-11-15 12:52:41.699761,2023-11-15 12:52:42.383804,0 days 00:00:00.684043,0.8,10,2.25,0.9,22,72,COMPLETE
8268,8268,18392.25,2023-11-15 12:52:42.386750,2023-11-15 12:52:43.064375,0 days 00:00:00.677625,0.8,20,3.0,0.9,16,70,COMPLETE
8269,8269,15068.5,2023-11-15 12:52:43.067472,2023-11-15 12:52:43.774362,0 days 00:00:00.706890,0.8,50,2.75,0.9,20,77,COMPLETE
8270,8270,18018.25,2023-11-15 12:52:43.776860,2023-11-15 12:52:44.477345,0 days 00:00:00.700485,0.8,10,3.0,0.8,18,74,COMPLETE
8271,8271,16719.5,2023-11-15 12:52:44.479858,2023-11-15 12:52:45.166751,0 days 00:00:00.686893,0.8,10,3.0,0.9,25,66,COMPLETE
8272,8272,19260.75,2023-11-15 12:52:45.169591,2023-11-15 12:52:45.851104,0 days 00:00:00.681513,0.8,10,2.75,0.9,21,71,COMPLETE
8273,8273,17547.25,2023-11-15 12:52:45.853629,2023-11-15 12:52:46.536026,0 days 00:00:00.682397,0.8,10,3.0,0.9,14,68,COMPLETE
8274,8274,16201.25,2023-11-15 12:52:46.538689,2023-11-15 12:52:47.222570,0 days 00:00:00.683881,0.7000000000000001,10,3.0,0.9,17,63,COMPLETE
8275,8275,16642.5,2023-11-15 12:52:47.225172,2023-11-15 12:52:47.935272,0 days 00:00:00.710100,0.9,10,2.75,0.9,23,73,COMPLETE
8276,8276,14569.25,2023-11-15 12:52:47.937815,2023-11-15 12:52:48.645001,0 days 00:00:00.707186,0.8,60,2.5,0.9,19,77,COMPLETE
8277,8277,17825.5,2023-11-15 12:52:48.647652,2023-11-15 12:52:49.322906,0 days 00:00:00.675254,0.8,10,3.0,0.9,15,70,COMPLETE
8278,8278,16091.25,2023-11-15 12:52:49.325368,2023-11-15 12:52:50.012985,0 days 00:00:00.687617,0.8,20,3.0,0.9,21,66,COMPLETE
8279,8279,17739.5,2023-11-15 12:52:50.016343,2023-11-15 12:52:50.699103,0 days 00:00:00.682760,0.8,10,3.0,0.9,23,81,COMPLETE
8280,8280,17920.75,2023-11-15 12:52:50.701852,2023-11-15 12:52:51.398453,0 days 00:00:00.696601,0.8,10,3.0,0.9,26,74,COMPLETE
8281,8281,15929.0,2023-11-15 12:52:51.401401,2023-11-15 12:52:52.116888,0 days 00:00:00.715487,0.8,30,3.0,0.9,17,71,COMPLETE
8282,8282,17547.25,2023-11-15 12:52:52.119429,2023-11-15 12:52:52.799442,0 days 00:00:00.680013,0.8,10,2.75,0.9,19,68,COMPLETE
8283,8283,17461.25,2023-11-15 12:52:52.801969,2023-11-15 12:52:53.484344,0 days 00:00:00.682375,0.8,10,3.0,0.9,11,60,COMPLETE
8284,8284,16923.25,2023-11-15 12:52:53.486806,2023-11-15 12:52:54.185236,0 days 00:00:00.698430,0.8,10,3.0,0.9,21,76,COMPLETE
8285,8285,17185.25,2023-11-15 12:52:54.188346,2023-11-15 12:52:54.892254,0 days 00:00:00.703908,0.8,10,3.0,0.9,15,73,COMPLETE
8286,8286,17014.0,2023-11-15 12:52:54.894847,2023-11-15 12:52:55.578884,0 days 00:00:00.684037,0.8,10,2.75,0.9,29,64,COMPLETE
8287,8287,17737.25,2023-11-15 12:52:55.581651,2023-11-15 12:52:56.253876,0 days 00:00:00.672225,0.7000000000000001,10,3.0,0.8,23,70,COMPLETE
8288,8288,16905.0,2023-11-15 12:52:56.256538,2023-11-15 12:52:56.945180,0 days 00:00:00.688642,0.8,20,2.0,0.9,18,79,COMPLETE
8289,8289,17475.0,2023-11-15 12:52:56.947928,2023-11-15 12:52:57.635725,0 days 00:00:00.687797,0.8,10,3.0,0.4,13,67,COMPLETE
8290,8290,17369.5,2023-11-15 12:52:57.638269,2023-11-15 12:52:58.349878,0 days 00:00:00.711609,0.8,10,3.0,0.9,35,73,COMPLETE
8291,8291,16911.75,2023-11-15 12:52:58.352570,2023-11-15 12:52:59.040776,0 days 00:00:00.688206,0.9,10,2.75,0.9,20,76,COMPLETE
8292,8292,18020.5,2023-11-15 12:52:59.043318,2023-11-15 12:52:59.740493,0 days 00:00:00.697175,0.8,10,3.0,0.9,25,120,COMPLETE
8293,8293,18497.0,2023-11-15 12:52:59.743039,2023-11-15 12:53:00.431086,0 days 00:00:00.688047,0.8,10,3.0,0.9,17,111,COMPLETE
8294,8294,17825.5,2023-11-15 12:53:00.434244,2023-11-15 12:53:01.119517,0 days 00:00:00.685273,0.8,10,3.0,0.9,22,70,COMPLETE
8295,8295,15295.75,2023-11-15 12:53:01.122296,2023-11-15 12:53:01.840164,0 days 00:00:00.717868,0.6,40,2.75,0.9,16,67,COMPLETE
8296,8296,18122.5,2023-11-15 12:53:01.842693,2023-11-15 12:53:02.521210,0 days 00:00:00.678517,0.8,10,3.0,0.9,24,72,COMPLETE
8297,8297,16751.75,2023-11-15 12:53:02.523860,2023-11-15 12:53:03.239150,0 days 00:00:00.715290,0.8,10,2.75,0.8,19,64,COMPLETE
8298,8298,17190.0,2023-11-15 12:53:03.241632,2023-11-15 12:53:03.947514,0 days 00:00:00.705882,0.8,20,2.5,0.9,20,75,COMPLETE
8299,8299,16803.75,2023-11-15 12:53:03.950727,2023-11-15 12:53:04.630053,0 days 00:00:00.679326,0.7000000000000001,10,3.0,0.9,27,57,COMPLETE
8300,8300,17115.5,2023-11-15 12:53:04.633444,2023-11-15 12:53:05.327717,0 days 00:00:00.694273,0.8,10,3.0,0.9,15,69,COMPLETE
8301,8301,17453.0,2023-11-15 12:53:05.330173,2023-11-15 12:53:06.012575,0 days 00:00:00.682402,0.8,10,3.0,0.9,18,78,COMPLETE
8302,8302,18122.5,2023-11-15 12:53:06.015710,2023-11-15 12:53:06.706714,0 days 00:00:00.691004,0.8,10,3.0,0.9,22,72,COMPLETE
8303,8303,17467.75,2023-11-15 12:53:06.709302,2023-11-15 12:53:07.399809,0 days 00:00:00.690507,0.5,10,2.75,0.9,20,67,COMPLETE
8304,8304,19260.75,2023-11-15 12:53:07.402464,2023-11-15 12:53:08.080047,0 days 00:00:00.677583,0.9,10,3.0,0.9,13,74,COMPLETE
8305,8305,17825.5,2023-11-15 12:53:08.083124,2023-11-15 12:53:08.781100,0 days 00:00:00.697976,0.8,10,3.0,0.9,24,70,COMPLETE
8306,8306,16708.75,2023-11-15 12:53:08.783770,2023-11-15 12:53:09.469768,0 days 00:00:00.685998,0.8,10,2.5,0.9,16,62,COMPLETE
8307,8307,17835.5,2023-11-15 12:53:09.472845,2023-11-15 12:53:10.158928,0 days 00:00:00.686083,0.8,10,3.0,0.9,18,83,COMPLETE
8308,8308,17275.25,2023-11-15 12:53:10.161632,2023-11-15 12:53:10.857413,0 days 00:00:00.695781,0.8,20,2.75,0.9,21,72,COMPLETE
8309,8309,16719.5,2023-11-15 12:53:10.859889,2023-11-15 12:53:11.552364,0 days 00:00:00.692475,0.8,10,3.0,0.9,49,66,COMPLETE
8310,8310,18682.0,2023-11-15 12:53:11.554960,2023-11-15 12:53:12.252612,0 days 00:00:00.697652,0.8,10,3.0,0.8,23,75,COMPLETE
8311,8311,17115.5,2023-11-15 12:53:12.255177,2023-11-15 12:53:12.932594,0 days 00:00:00.677417,0.8,10,3.0,0.9,14,69,COMPLETE
8312,8312,17837.5,2023-11-15 12:53:12.935365,2023-11-15 12:53:13.622758,0 days 00:00:00.687393,0.4,10,3.0,0.9,17,78,COMPLETE
8313,8313,19260.75,2023-11-15 12:53:13.625206,2023-11-15 12:53:14.309487,0 days 00:00:00.684281,0.8,10,2.75,0.9,19,71,COMPLETE
8314,8314,16620.5,2023-11-15 12:53:14.312137,2023-11-15 12:53:15.007474,0 days 00:00:00.695337,0.8,10,0.5,0.9,11,65,COMPLETE
8315,8315,18587.75,2023-11-15 12:53:15.010064,2023-11-15 12:53:15.697106,0 days 00:00:00.687042,0.9,10,3.0,0.9,26,75,COMPLETE
8316,8316,16124.25,2023-11-15 12:53:15.700351,2023-11-15 12:53:16.432951,0 days 00:00:00.732600,0.8,10,0.25,0.9,21,69,COMPLETE
8317,8317,17188.25,2023-11-15 12:53:16.435815,2023-11-15 12:53:17.110021,0 days 00:00:00.674206,0.8,10,2.75,0.9,8,73,COMPLETE
8318,8318,18112.25,2023-11-15 12:53:17.112487,2023-11-15 12:53:17.795949,0 days 00:00:00.683462,0.8,10,2.25,0.9,32,80,COMPLETE
8319,8319,16617.75,2023-11-15 12:53:17.799238,2023-11-15 12:53:18.486104,0 days 00:00:00.686866,0.8,20,3.0,0.9,16,69,COMPLETE
8320,8320,18585.0,2023-11-15 12:53:18.488640,2023-11-15 12:53:19.169250,0 days 00:00:00.680610,0.7000000000000001,10,3.0,0.9,19,76,COMPLETE
8321,8321,16719.5,2023-11-15 12:53:19.171963,2023-11-15 12:53:19.878184,0 days 00:00:00.706221,0.8,10,2.75,0.9,22,66,COMPLETE
8322,8322,18122.5,2023-11-15 12:53:19.880902,2023-11-15 12:53:20.565369,0 days 00:00:00.684467,0.8,10,3.0,0.9,24,72,COMPLETE
8323,8323,16711.25,2023-11-15 12:53:20.568211,2023-11-15 12:53:21.254730,0 days 00:00:00.686519,0.8,10,3.0,0.9,14,62,COMPLETE
8324,8324,17547.25,2023-11-15 12:53:21.257501,2023-11-15 12:53:21.944760,0 days 00:00:00.687259,0.8,10,3.0,0.9,28,68,COMPLETE
8325,8325,11197.0,2023-11-15 12:53:21.947550,2023-11-15 12:53:22.671253,0 days 00:00:00.723703,0.8,100,3.0,0.9,17,72,COMPLETE
8326,8326,17185.5,2023-11-15 12:53:22.673730,2023-11-15 12:53:23.394015,0 days 00:00:00.720285,0.8,20,2.75,0.9,20,77,COMPLETE
8327,8327,18398.0,2023-11-15 12:53:23.396532,2023-11-15 12:53:24.088181,0 days 00:00:00.691649,0.8,10,1.25,0.8,22,70,COMPLETE
8328,8328,17920.75,2023-11-15 12:53:24.090719,2023-11-15 12:53:24.777507,0 days 00:00:00.686788,0.8,10,3.0,0.9,25,74,COMPLETE
8329,8329,17455.75,2023-11-15 12:53:24.780023,2023-11-15 12:53:25.463720,0 days 00:00:00.683697,0.9,10,3.0,0.9,18,67,COMPLETE
8330,8330,16928.25,2023-11-15 12:53:25.466765,2023-11-15 12:53:26.161350,0 days 00:00:00.694585,0.8,10,2.5,0.9,16,64,COMPLETE
8331,8331,19260.75,2023-11-15 12:53:26.163900,2023-11-15 12:53:26.849131,0 days 00:00:00.685231,0.8,10,3.0,0.9,12,71,COMPLETE
8332,8332,18679.5,2023-11-15 12:53:26.851768,2023-11-15 12:53:27.537007,0 days 00:00:00.685239,0.7000000000000001,10,2.75,0.9,20,75,COMPLETE
8333,8333,17556.0,2023-11-15 12:53:27.539779,2023-11-15 12:53:28.227069,0 days 00:00:00.687290,0.8,10,3.0,0.8,23,79,COMPLETE
8334,8334,17547.25,2023-11-15 12:53:28.229562,2023-11-15 12:53:28.923432,0 days 00:00:00.693870,0.8,10,3.0,0.9,18,68,COMPLETE
8335,8335,17185.25,2023-11-15 12:53:28.926066,2023-11-15 12:53:29.641292,0 days 00:00:00.715226,0.8,10,3.0,0.9,15,73,COMPLETE
8336,8336,17825.5,2023-11-15 12:53:29.644111,2023-11-15 12:53:30.326834,0 days 00:00:00.682723,0.8,10,3.0,0.9,22,70,COMPLETE
8337,8337,15905.0,2023-11-15 12:53:30.329507,2023-11-15 12:53:31.027891,0 days 00:00:00.698384,0.8,20,2.75,0.9,20,64,COMPLETE
8338,8338,17016.25,2023-11-15 12:53:31.030556,2023-11-15 12:53:31.729343,0 days 00:00:00.698787,0.8,10,3.0,0.9,26,76,COMPLETE
8339,8339,18122.5,2023-11-15 12:53:31.732576,2023-11-15 12:53:32.415640,0 days 00:00:00.683064,0.8,10,3.0,0.9,18,72,COMPLETE
8340,8340,17917.0,2023-11-15 12:53:32.418252,2023-11-15 12:53:33.120503,0 days 00:00:00.702251,0.8,10,3.0,0.9,14,67,COMPLETE
8341,8341,17825.5,2023-11-15 12:53:33.122985,2023-11-15 12:53:33.813301,0 days 00:00:00.690316,0.8,10,2.75,0.9,21,70,COMPLETE
8342,8342,17271.75,2023-11-15 12:53:33.816761,2023-11-15 12:53:34.502716,0 days 00:00:00.685955,0.8,10,3.0,0.9,24,59,COMPLETE
8343,8343,17733.0,2023-11-15 12:53:34.505179,2023-11-15 12:53:35.198529,0 days 00:00:00.693350,0.8,10,2.25,0.9,40,74,COMPLETE
8344,8344,18496.0,2023-11-15 12:53:35.201438,2023-11-15 12:53:35.886667,0 days 00:00:00.685229,0.7000000000000001,10,3.0,0.7000000000000001,16,80,COMPLETE
8345,8345,16719.5,2023-11-15 12:53:35.889386,2023-11-15 12:53:36.602413,0 days 00:00:00.713027,0.8,10,2.75,0.9,19,66,COMPLETE
8346,8346,18305.0,2023-11-15 12:53:36.605002,2023-11-15 12:53:37.294843,0 days 00:00:00.689841,0.9,10,3.0,0.9,17,77,COMPLETE
8347,8347,17104.25,2023-11-15 12:53:37.297707,2023-11-15 12:53:37.999546,0 days 00:00:00.701839,0.8,10,3.0,0.9,10,84,COMPLETE
8348,8348,18392.25,2023-11-15 12:53:38.002528,2023-11-15 12:53:38.680038,0 days 00:00:00.677510,0.8,20,3.0,0.8,21,70,COMPLETE
8349,8349,17462.25,2023-11-15 12:53:38.683186,2023-11-15 12:53:39.376083,0 days 00:00:00.692897,0.8,10,2.5,0.9,23,73,COMPLETE
8350,8350,17917.0,2023-11-15 12:53:39.378629,2023-11-15 12:53:40.066702,0 days 00:00:00.688073,0.8,10,3.0,0.9,19,67,COMPLETE
8351,8351,18215.25,2023-11-15 12:53:40.069375,2023-11-15 12:53:40.764071,0 days 00:00:00.694696,0.8,10,2.75,0.9,13,72,COMPLETE
8352,8352,16711.25,2023-11-15 12:53:40.767282,2023-11-15 12:53:41.449049,0 days 00:00:00.681767,0.8,10,3.0,0.9,25,62,COMPLETE
8353,8353,17115.5,2023-11-15 12:53:41.451634,2023-11-15 12:53:42.141855,0 days 00:00:00.690221,0.8,10,3.0,0.9,29,69,COMPLETE
8354,8354,18682.0,2023-11-15 12:53:42.144352,2023-11-15 12:53:42.853672,0 days 00:00:00.709320,0.8,10,2.75,0.9,16,75,COMPLETE
8355,8355,19260.75,2023-11-15 12:53:42.856596,2023-11-15 12:53:43.572314,0 days 00:00:00.715718,0.8,10,3.0,0.9,20,71,COMPLETE
8356,8356,17654.5,2023-11-15 12:53:43.585854,2023-11-15 12:53:44.319907,0 days 00:00:00.734053,0.8,10,3.0,0.9,15,65,COMPLETE
8357,8357,16280.75,2023-11-15 12:53:44.322888,2023-11-15 12:53:45.029839,0 days 00:00:00.706951,0.8,20,3.0,0.9,22,78,COMPLETE
8358,8358,17745.25,2023-11-15 12:53:45.033295,2023-11-15 12:53:45.751481,0 days 00:00:00.718186,0.9,10,2.75,0.9,18,68,COMPLETE
8359,8359,17828.0,2023-11-15 12:53:45.754015,2023-11-15 12:53:46.457977,0 days 00:00:00.703962,0.8,10,2.5,0.9,27,74,COMPLETE
8360,8360,19260.75,2023-11-15 12:53:46.460656,2023-11-15 12:53:47.147701,0 days 00:00:00.687045,0.8,10,3.0,0.9,24,71,COMPLETE
8361,8361,16742.0,2023-11-15 12:53:47.150887,2023-11-15 12:53:47.854016,0 days 00:00:00.703129,0.7000000000000001,10,3.0,0.9,52,64,COMPLETE
8362,8362,17193.75,2023-11-15 12:53:47.856677,2023-11-15 12:53:48.586281,0 days 00:00:00.729604,0.8,10,3.0,0.8,21,76,COMPLETE
8363,8363,17547.25,2023-11-15 12:53:48.588844,2023-11-15 12:53:49.277573,0 days 00:00:00.688729,0.8,10,2.75,0.9,12,68,COMPLETE
8364,8364,17188.25,2023-11-15 12:53:49.280363,2023-11-15 12:53:49.979677,0 days 00:00:00.699314,0.8,10,3.0,0.9,18,73,COMPLETE
8365,8365,17825.5,2023-11-15 12:53:49.982587,2023-11-15 12:53:50.681378,0 days 00:00:00.698791,0.8,10,3.0,0.9,16,70,COMPLETE
8366,8366,16635.5,2023-11-15 12:53:50.684306,2023-11-15 12:53:51.388265,0 days 00:00:00.703959,0.8,20,2.75,0.9,20,81,COMPLETE
8367,8367,17733.0,2023-11-15 12:53:51.391045,2023-11-15 12:53:52.093838,0 days 00:00:00.702793,0.8,10,2.0,0.9,14,74,COMPLETE
8368,8368,17654.5,2023-11-15 12:53:52.096425,2023-11-15 12:53:52.780989,0 days 00:00:00.684564,0.8,10,3.0,0.9,23,65,COMPLETE
8369,8369,18026.0,2023-11-15 12:53:52.784071,2023-11-15 12:53:53.474789,0 days 00:00:00.690718,0.8,10,3.0,0.9,18,77,COMPLETE
8370,8370,17111.5,2023-11-15 12:53:53.477497,2023-11-15 12:53:54.186575,0 days 00:00:00.709078,0.7000000000000001,10,3.0,0.9,26,69,COMPLETE
8371,8371,18215.25,2023-11-15 12:53:54.189175,2023-11-15 12:53:54.876452,0 days 00:00:00.687277,0.8,10,2.75,0.9,22,72,COMPLETE
8372,8372,17584.75,2023-11-15 12:53:54.879074,2023-11-15 12:53:55.588481,0 days 00:00:00.709407,0.8,10,1.0,0.9,19,67,COMPLETE
8373,8373,17278.75,2023-11-15 12:53:55.591191,2023-11-15 12:53:56.276978,0 days 00:00:00.685787,0.9,10,3.0,0.6,16,60,COMPLETE
8374,8374,16020.5,2023-11-15 12:53:56.279574,2023-11-15 12:53:56.980774,0 days 00:00:00.701200,0.6,10,3.0,0.4,79,73,COMPLETE
8375,8375,18016.75,2023-11-15 12:53:56.983696,2023-11-15 12:53:57.672461,0 days 00:00:00.688765,0.8,10,3.0,0.5,20,70,COMPLETE
8376,8376,16098.5,2023-11-15 12:53:57.675008,2023-11-15 12:53:58.373697,0 days 00:00:00.698689,0.8,20,3.0,0.8,24,78,COMPLETE
8377,8377,16719.5,2023-11-15 12:53:58.376288,2023-11-15 12:53:59.088141,0 days 00:00:00.711853,0.8,10,2.75,0.9,14,66,COMPLETE
8378,8378,16375.5,2023-11-15 12:53:59.090783,2023-11-15 12:53:59.802918,0 days 00:00:00.712135,0.8,30,3.0,0.9,17,75,COMPLETE
8379,8379,13671.25,2023-11-15 12:53:59.805628,2023-11-15 12:54:00.516005,0 days 00:00:00.710377,0.8,80,3.0,0.9,21,71,COMPLETE
8380,8380,16718.5,2023-11-15 12:54:00.518958,2023-11-15 12:54:01.206225,0 days 00:00:00.687267,0.8,10,2.75,0.9,19,62,COMPLETE
