,number,value,datetime_start,datetime_complete,duration,params_alpha,params_decay_interval,params_decay_rate,params_gamma,params_initialization,params_max_steps,state
6671,6671,17014.75,2023-11-15 12:35:01.473074,2023-11-15 12:35:02.040498,0 days 00:00:00.567424,0.6,10,3.0,0.9,29,69,COMPLETE
6672,6672,16358.75,2023-11-15 12:35:02.042825,2023-11-15 12:35:02.608808,0 days 00:00:00.565983,0.8,20,2.75,0.4,10,67,COMPLETE
6673,6673,18585.0,2023-11-15 12:35:02.611150,2023-11-15 12:35:03.170115,0 days 00:00:00.558965,0.7000000000000001,10,3.0,0.9,23,76,COMPLETE
6674,6674,19260.75,2023-11-15 12:35:03.172335,2023-11-15 12:35:03.743742,0 days 00:00:00.571407,0.8,10,3.0,0.9,14,71,COMPLETE
6675,6675,17920.75,2023-11-15 12:35:03.745933,2023-11-15 12:35:04.301687,0 days 00:00:00.555754,0.8,10,3.0,0.9,27,74,COMPLETE
6676,6676,17825.5,2023-11-15 12:35:04.304255,2023-11-15 12:35:04.865268,0 days 00:00:00.561013,0.8,10,2.75,0.9,20,70,COMPLETE
6677,6677,14934.0,2023-11-15 12:35:04.867594,2023-11-15 12:35:05.442821,0 days 00:00:00.575227,0.2,10,3.0,0.9,18,63,COMPLETE
6678,6678,14786.75,2023-11-15 12:35:05.445089,2023-11-15 12:35:06.018266,0 days 00:00:00.573177,0.9,60,2.5,0.9,16,67,COMPLETE
6679,6679,18026.0,2023-11-15 12:35:06.020957,2023-11-15 12:35:06.582036,0 days 00:00:00.561079,0.8,10,3.0,0.8,21,77,COMPLETE
6680,6680,17369.5,2023-11-15 12:35:06.584449,2023-11-15 12:35:07.173736,0 days 00:00:00.589287,0.8,10,3.0,0.9,67,73,COMPLETE
6681,6681,17654.5,2023-11-15 12:35:07.176299,2023-11-15 12:35:07.737006,0 days 00:00:00.560707,0.8,10,2.75,0.9,25,65,COMPLETE
6682,6682,17825.5,2023-11-15 12:35:07.739195,2023-11-15 12:35:08.304774,0 days 00:00:00.565579,0.8,10,3.0,0.9,48,70,COMPLETE
6683,6683,17739.5,2023-11-15 12:35:08.307029,2023-11-15 12:35:08.867943,0 days 00:00:00.560914,0.8,10,3.0,0.9,22,81,COMPLETE
6684,6684,16636.0,2023-11-15 12:35:08.870654,2023-11-15 12:35:09.442445,0 days 00:00:00.571791,0.8,20,3.0,0.9,19,73,COMPLETE
6685,6685,17547.25,2023-11-15 12:35:09.444782,2023-11-15 12:35:10.001032,0 days 00:00:00.556250,0.8,10,2.75,0.9,12,68,COMPLETE
6686,6686,16923.25,2023-11-15 12:35:10.003837,2023-11-15 12:35:10.585832,0 days 00:00:00.581995,0.8,10,3.0,0.9,15,76,COMPLETE
6687,6687,17461.25,2023-11-15 12:35:10.588282,2023-11-15 12:35:11.151140,0 days 00:00:00.562858,0.8,10,3.0,0.9,23,60,COMPLETE
6688,6688,13671.25,2023-11-15 12:35:11.153548,2023-11-15 12:35:11.731535,0 days 00:00:00.577987,0.8,80,3.0,0.9,17,71,COMPLETE
6689,6689,17917.0,2023-11-15 12:35:11.733967,2023-11-15 12:35:12.300797,0 days 00:00:00.566830,0.8,10,2.75,0.9,20,67,COMPLETE
6690,6690,16877.0,2023-11-15 12:35:12.303743,2023-11-15 12:35:12.874784,0 days 00:00:00.571041,0.8,10,3.0,0.1,25,72,COMPLETE
6691,6691,7886.5,2023-11-15 12:35:12.877035,2023-11-15 12:35:13.435594,0 days 00:00:00.558559,0.8,10,2.5,0.8,18,14,COMPLETE
6692,6692,18679.5,2023-11-15 12:35:13.438074,2023-11-15 12:35:14.016607,0 days 00:00:00.578533,0.7000000000000001,10,3.0,0.9,13,75,COMPLETE
6693,6693,17654.5,2023-11-15 12:35:14.019512,2023-11-15 12:35:14.581818,0 days 00:00:00.562306,0.8,10,2.75,0.9,21,65,COMPLETE
6694,6694,16184.5,2023-11-15 12:35:14.584273,2023-11-15 12:35:15.168583,0 days 00:00:00.584310,0.8,20,3.0,0.9,16,78,COMPLETE
6695,6695,17115.5,2023-11-15 12:35:15.171452,2023-11-15 12:35:15.739424,0 days 00:00:00.567972,0.8,10,3.0,0.9,23,69,COMPLETE
6696,6696,18872.25,2023-11-15 12:35:15.741573,2023-11-15 12:35:16.302076,0 days 00:00:00.560503,0.7000000000000001,10,3.0,0.9,32,73,COMPLETE
6697,6697,18109.0,2023-11-15 12:35:16.304616,2023-11-15 12:35:16.866623,0 days 00:00:00.562007,0.9,10,3.0,0.9,19,70,COMPLETE
6698,6698,16543.25,2023-11-15 12:35:16.869545,2023-11-15 12:35:17.461121,0 days 00:00:00.591576,0.8,10,2.75,0.9,27,63,COMPLETE
6699,6699,18682.0,2023-11-15 12:35:17.463523,2023-11-15 12:35:18.015445,0 days 00:00:00.551922,0.8,10,3.0,0.9,15,75,COMPLETE
6700,6700,17917.0,2023-11-15 12:35:18.018238,2023-11-15 12:35:18.588759,0 days 00:00:00.570521,0.8,10,3.0,0.9,21,67,COMPLETE
6701,6701,18392.25,2023-11-15 12:35:18.591007,2023-11-15 12:35:19.143345,0 days 00:00:00.552338,0.8,20,2.75,0.9,88,71,COMPLETE
6702,6702,17556.0,2023-11-15 12:35:19.145590,2023-11-15 12:35:19.705641,0 days 00:00:00.560051,0.8,10,3.0,0.8,18,79,COMPLETE
6703,6703,17920.75,2023-11-15 12:35:19.708057,2023-11-15 12:35:20.267421,0 days 00:00:00.559364,0.8,10,3.0,0.9,24,74,COMPLETE
6704,6704,17115.5,2023-11-15 12:35:20.270231,2023-11-15 12:35:20.839450,0 days 00:00:00.569219,0.8,10,3.0,0.9,17,69,COMPLETE
6705,6705,17104.25,2023-11-15 12:35:20.841651,2023-11-15 12:35:21.424393,0 days 00:00:00.582742,0.8,10,3.0,0.9,20,84,COMPLETE
6706,6706,16633.0,2023-11-15 12:35:21.426538,2023-11-15 12:35:21.998705,0 days 00:00:00.572167,0.9,10,2.75,0.9,22,66,COMPLETE
6707,6707,17495.0,2023-11-15 12:35:22.001267,2023-11-15 12:35:22.566100,0 days 00:00:00.564833,0.8,10,3.0,0.30000000000000004,14,72,COMPLETE
6708,6708,16923.25,2023-11-15 12:35:22.568460,2023-11-15 12:35:23.140990,0 days 00:00:00.572530,0.8,10,3.0,0.9,19,76,COMPLETE
6709,6709,17826.25,2023-11-15 12:35:23.143389,2023-11-15 12:35:23.701390,0 days 00:00:00.558001,0.8,10,2.5,0.9,9,70,COMPLETE
6710,6710,16831.5,2023-11-15 12:35:23.704182,2023-11-15 12:35:24.270511,0 days 00:00:00.566329,0.8,10,3.0,0.4,16,64,COMPLETE
6711,6711,17460.25,2023-11-15 12:35:24.273026,2023-11-15 12:35:24.852445,0 days 00:00:00.579419,0.8,10,2.25,0.9,24,73,COMPLETE
6712,6712,17547.25,2023-11-15 12:35:24.854637,2023-11-15 12:35:25.424703,0 days 00:00:00.570066,0.8,10,2.75,0.9,12,68,COMPLETE
6713,6713,15550.5,2023-11-15 12:35:25.427378,2023-11-15 12:35:25.996995,0 days 00:00:00.569617,0.7000000000000001,20,3.0,0.9,26,61,COMPLETE
6714,6714,17196.25,2023-11-15 12:35:25.999323,2023-11-15 12:35:26.570559,0 days 00:00:00.571236,0.8,10,2.75,0.9,22,76,COMPLETE
6715,6715,17369.25,2023-11-15 12:35:26.572712,2023-11-15 12:35:27.137845,0 days 00:00:00.565133,0.8,10,3.0,0.9,17,79,COMPLETE
6716,6716,18122.5,2023-11-15 12:35:27.140052,2023-11-15 12:35:27.698091,0 days 00:00:00.558039,0.8,10,3.0,0.9,20,72,COMPLETE
6717,6717,17650.75,2023-11-15 12:35:27.700461,2023-11-15 12:35:28.300321,0 days 00:00:00.599860,0.8,10,3.0,0.9,19,103,COMPLETE
6718,6718,12531.0,2023-11-15 12:35:28.303211,2023-11-15 12:35:28.884717,0 days 00:00:00.581506,0.9,70,3.0,0.8,14,66,COMPLETE
6719,6719,17825.5,2023-11-15 12:35:28.887456,2023-11-15 12:35:29.450064,0 days 00:00:00.562608,0.8,10,2.75,0.9,22,70,COMPLETE
6720,6720,17920.75,2023-11-15 12:35:29.453123,2023-11-15 12:35:30.013605,0 days 00:00:00.560482,0.8,10,3.0,0.9,29,74,COMPLETE
6721,6721,17547.25,2023-11-15 12:35:30.015846,2023-11-15 12:35:30.577716,0 days 00:00:00.561870,0.8,10,3.0,0.9,17,68,COMPLETE
6722,6722,18121.5,2023-11-15 12:35:30.580142,2023-11-15 12:35:31.166211,0 days 00:00:00.586069,0.8,10,2.75,0.9,24,77,COMPLETE
6723,6723,17275.25,2023-11-15 12:35:31.168652,2023-11-15 12:35:31.747752,0 days 00:00:00.579100,0.8,20,3.0,0.9,20,72,COMPLETE
6724,6724,17936.0,2023-11-15 12:35:31.749978,2023-11-15 12:35:32.318409,0 days 00:00:00.568431,0.8,10,3.0,0.7000000000000001,15,65,COMPLETE
6725,6725,17473.75,2023-11-15 12:35:32.321058,2023-11-15 12:35:32.885143,0 days 00:00:00.564085,0.8,10,2.5,0.9,18,69,COMPLETE
6726,6726,17745.75,2023-11-15 12:35:32.887697,2023-11-15 12:35:33.455245,0 days 00:00:00.567548,0.4,10,3.0,0.9,22,74,COMPLETE
6727,6727,19260.75,2023-11-15 12:35:33.457477,2023-11-15 12:35:34.024671,0 days 00:00:00.567194,0.8,10,3.0,0.8,26,71,COMPLETE
6728,6728,16711.25,2023-11-15 12:35:34.026832,2023-11-15 12:35:34.591472,0 days 00:00:00.564640,0.8,10,3.0,0.9,20,62,COMPLETE
6729,6729,17832.5,2023-11-15 12:35:34.594096,2023-11-15 12:35:35.184292,0 days 00:00:00.590196,0.8,10,2.75,0.9,58,81,COMPLETE
6730,6730,17920.5,2023-11-15 12:35:35.187122,2023-11-15 12:35:35.749975,0 days 00:00:00.562853,0.7000000000000001,10,3.0,0.9,16,67,COMPLETE
6731,6731,18682.0,2023-11-15 12:35:35.753050,2023-11-15 12:35:36.316108,0 days 00:00:00.563058,0.8,10,3.0,0.9,12,75,COMPLETE
6732,6732,17825.5,2023-11-15 12:35:36.318896,2023-11-15 12:35:36.885800,0 days 00:00:00.566904,0.8,10,2.75,0.9,24,70,COMPLETE
6733,6733,17188.25,2023-11-15 12:35:36.888049,2023-11-15 12:35:37.457878,0 days 00:00:00.569829,0.8,10,3.0,0.9,18,73,COMPLETE
6734,6734,16104.75,2023-11-15 12:35:37.460253,2023-11-15 12:35:38.050036,0 days 00:00:00.589783,0.9,20,3.0,0.9,20,78,COMPLETE
6735,6735,16555.25,2023-11-15 12:35:38.052462,2023-11-15 12:35:38.615170,0 days 00:00:00.562708,0.5,10,2.75,0.6,14,66,COMPLETE
6736,6736,16154.0,2023-11-15 12:35:38.617566,2023-11-15 12:35:39.190163,0 days 00:00:00.572597,0.2,10,2.0,0.9,22,70,COMPLETE
6737,6737,18682.0,2023-11-15 12:35:39.192385,2023-11-15 12:35:39.746387,0 days 00:00:00.554002,0.8,10,3.0,0.9,17,75,COMPLETE
6738,6738,17547.25,2023-11-15 12:35:39.748898,2023-11-15 12:35:40.310406,0 days 00:00:00.561508,0.8,10,3.0,0.9,28,68,COMPLETE
6739,6739,18122.5,2023-11-15 12:35:40.312858,2023-11-15 12:35:40.879022,0 days 00:00:00.566164,0.8,10,3.0,0.9,23,72,COMPLETE
6740,6740,17654.5,2023-11-15 12:35:40.881254,2023-11-15 12:35:41.460636,0 days 00:00:00.579382,0.8,10,2.75,0.9,21,65,COMPLETE
6741,6741,13457.75,2023-11-15 12:35:41.462975,2023-11-15 12:35:42.071468,0 days 00:00:00.608493,0.8,40,0.25,0.9,19,78,COMPLETE
6742,6742,17382.25,2023-11-15 12:35:42.073934,2023-11-15 12:35:42.634818,0 days 00:00:00.560884,0.8,10,2.25,0.9,15,69,COMPLETE
6743,6743,17644.25,2023-11-15 12:35:42.637592,2023-11-15 12:35:43.204611,0 days 00:00:00.567019,0.8,10,3.0,0.8,26,73,COMPLETE
6744,6744,16898.75,2023-11-15 12:35:43.206868,2023-11-15 12:35:43.769563,0 days 00:00:00.562695,0.8,20,3.0,0.9,17,76,COMPLETE
6745,6745,17825.5,2023-11-15 12:35:43.772735,2023-11-15 12:35:44.333553,0 days 00:00:00.560818,0.8,10,3.0,0.9,19,70,COMPLETE
6746,6746,16543.25,2023-11-15 12:35:44.336431,2023-11-15 12:35:44.925621,0 days 00:00:00.589190,0.8,10,3.0,0.9,24,63,COMPLETE
6747,6747,17452.25,2023-11-15 12:35:44.927970,2023-11-15 12:35:45.489243,0 days 00:00:00.561273,0.7000000000000001,10,2.75,0.9,11,59,COMPLETE
6748,6748,17249.5,2023-11-15 12:35:45.491502,2023-11-15 12:35:46.058449,0 days 00:00:00.566947,0.8,10,0.5,0.9,21,67,COMPLETE
6749,6749,18122.5,2023-11-15 12:35:46.060753,2023-11-15 12:35:46.617941,0 days 00:00:00.557188,0.8,10,3.0,0.9,16,72,COMPLETE
6750,6750,17556.5,2023-11-15 12:35:46.620830,2023-11-15 12:35:47.191606,0 days 00:00:00.570776,0.9,10,3.0,0.9,13,81,COMPLETE
6751,6751,17828.0,2023-11-15 12:35:47.193840,2023-11-15 12:35:47.760290,0 days 00:00:00.566450,0.8,10,2.5,0.9,18,74,COMPLETE
6752,6752,15287.5,2023-11-15 12:35:47.762515,2023-11-15 12:35:48.361851,0 days 00:00:00.599336,0.8,50,2.75,0.9,23,68,COMPLETE
6753,6753,19260.75,2023-11-15 12:35:48.363998,2023-11-15 12:35:48.923535,0 days 00:00:00.559537,0.8,10,3.0,0.9,21,71,COMPLETE
6754,6754,17014.0,2023-11-15 12:35:48.925910,2023-11-15 12:35:49.498959,0 days 00:00:00.573049,0.8,10,3.0,0.9,15,64,COMPLETE
6755,6755,16916.25,2023-11-15 12:35:49.501412,2023-11-15 12:35:50.080495,0 days 00:00:00.579083,0.8,20,3.0,0.8,19,75,COMPLETE
6756,6756,17360.25,2023-11-15 12:35:50.082742,2023-11-15 12:35:50.652845,0 days 00:00:00.570103,0.8,10,3.0,0.9,26,78,COMPLETE
6757,6757,17825.5,2023-11-15 12:35:50.655141,2023-11-15 12:35:51.220685,0 days 00:00:00.565544,0.8,10,2.75,0.9,22,70,COMPLETE
6758,6758,16719.5,2023-11-15 12:35:51.223104,2023-11-15 12:35:51.795857,0 days 00:00:00.572753,0.8,10,3.0,0.9,17,66,COMPLETE
6759,6759,18872.25,2023-11-15 12:35:51.798192,2023-11-15 12:35:52.384105,0 days 00:00:00.585913,0.7000000000000001,10,3.0,0.9,20,73,COMPLETE
6760,6760,17115.5,2023-11-15 12:35:52.386762,2023-11-15 12:35:52.953820,0 days 00:00:00.567058,0.8,10,2.75,0.9,25,69,COMPLETE
6761,6761,18122.5,2023-11-15 12:35:52.956340,2023-11-15 12:35:53.517049,0 days 00:00:00.560709,0.8,10,3.0,0.9,13,72,COMPLETE
6762,6762,17183.75,2023-11-15 12:35:53.520100,2023-11-15 12:35:54.094806,0 days 00:00:00.574706,0.9,10,3.0,0.9,18,76,COMPLETE
6763,6763,16091.25,2023-11-15 12:35:54.097069,2023-11-15 12:35:54.672413,0 days 00:00:00.575344,0.8,20,3.0,0.9,23,66,COMPLETE
6764,6764,16472.75,2023-11-15 12:35:54.674718,2023-11-15 12:35:55.274732,0 days 00:00:00.600014,0.6,10,2.5,0.9,15,62,COMPLETE
6765,6765,17115.5,2023-11-15 12:35:55.276877,2023-11-15 12:35:55.846238,0 days 00:00:00.569361,0.8,10,3.0,0.9,20,69,COMPLETE
6766,6766,17369.5,2023-11-15 12:35:55.848566,2023-11-15 12:35:56.421347,0 days 00:00:00.572781,0.8,10,2.75,0.9,17,73,COMPLETE
6767,6767,17642.5,2023-11-15 12:35:56.424100,2023-11-15 12:35:56.993190,0 days 00:00:00.569090,0.8,10,3.0,0.9,30,82,COMPLETE
6768,6768,17545.25,2023-11-15 12:35:56.995499,2023-11-15 12:35:57.565109,0 days 00:00:00.569610,0.8,10,2.75,0.9,22,78,COMPLETE
6769,6769,19260.75,2023-11-15 12:35:57.567431,2023-11-15 12:35:58.127611,0 days 00:00:00.560180,0.8,10,3.0,0.9,19,71,COMPLETE
6770,6770,17917.0,2023-11-15 12:35:58.129918,2023-11-15 12:35:58.721616,0 days 00:00:00.591698,0.8,10,3.0,0.9,24,67,COMPLETE
6771,6771,18585.0,2023-11-15 12:35:58.723827,2023-11-15 12:35:59.285525,0 days 00:00:00.561698,0.7000000000000001,10,3.0,0.9,16,76,COMPLETE
6772,6772,16714.0,2023-11-15 12:35:59.287860,2023-11-15 12:35:59.844888,0 days 00:00:00.557028,0.8,10,2.75,0.8,9,29,COMPLETE
6773,6773,17462.25,2023-11-15 12:35:59.847285,2023-11-15 12:36:00.417375,0 days 00:00:00.570090,0.8,10,2.5,0.9,21,73,COMPLETE
6774,6774,15905.0,2023-11-15 12:36:00.420008,2023-11-15 12:36:00.988205,0 days 00:00:00.568197,0.8,20,3.0,0.9,14,64,COMPLETE
6775,6775,17353.5,2023-11-15 12:36:00.990381,2023-11-15 12:36:01.572120,0 days 00:00:00.581739,0.8,30,3.0,0.9,18,69,COMPLETE
6776,6776,18682.0,2023-11-15 12:36:01.574895,2023-11-15 12:36:02.138750,0 days 00:00:00.563855,0.8,10,3.0,0.9,21,75,COMPLETE
6777,6777,0.0,2023-11-15 12:36:02.141954,2023-11-15 12:36:02.681723,0 days 00:00:00.539769,0.8,10,3.0,0.9,28,1,COMPLETE
6778,6778,16901.0,2023-11-15 12:36:02.684270,2023-11-15 12:36:03.251138,0 days 00:00:00.566868,0.8,10,2.75,0.9,25,55,COMPLETE
6779,6779,19260.75,2023-11-15 12:36:03.253888,2023-11-15 12:36:03.813907,0 days 00:00:00.560019,0.9,10,3.0,0.9,19,71,COMPLETE
6780,6780,17115.5,2023-11-15 12:36:03.816304,2023-11-15 12:36:04.413230,0 days 00:00:00.596926,0.8,10,3.0,0.9,16,69,COMPLETE
6781,6781,17369.25,2023-11-15 12:36:04.415540,2023-11-15 12:36:04.981319,0 days 00:00:00.565779,0.8,10,3.0,0.9,12,79,COMPLETE
6782,6782,13027.75,2023-11-15 12:36:04.983643,2023-11-15 12:36:05.580799,0 days 00:00:00.597156,0.1,10,2.75,0.9,23,66,COMPLETE
6783,6783,17640.25,2023-11-15 12:36:05.583042,2023-11-15 12:36:06.154067,0 days 00:00:00.571025,0.7000000000000001,10,3.0,0.9,18,74,COMPLETE
6784,6784,17117.25,2023-11-15 12:36:06.156436,2023-11-15 12:36:06.720643,0 days 00:00:00.564207,0.30000000000000004,10,3.0,0.9,20,71,COMPLETE
6785,6785,15902.75,2023-11-15 12:36:06.723160,2023-11-15 12:36:07.294253,0 days 00:00:00.571093,0.8,20,2.75,0.9,14,61,COMPLETE
6786,6786,18011.5,2023-11-15 12:36:07.296507,2023-11-15 12:36:07.893039,0 days 00:00:00.596532,0.8,10,3.0,0.8,22,67,COMPLETE
6787,6787,17291.75,2023-11-15 12:36:07.895195,2023-11-15 12:36:08.476775,0 days 00:00:00.581580,0.8,10,2.25,0.9,16,76,COMPLETE
6788,6788,18122.5,2023-11-15 12:36:08.478998,2023-11-15 12:36:09.065863,0 days 00:00:00.586865,0.8,10,3.0,0.9,39,72,COMPLETE
6789,6789,17547.25,2023-11-15 12:36:09.068458,2023-11-15 12:36:09.637136,0 days 00:00:00.568678,0.8,10,3.0,0.9,26,68,COMPLETE
6790,6790,17014.0,2023-11-15 12:36:09.639660,2023-11-15 12:36:10.207195,0 days 00:00:00.567535,0.8,10,3.0,0.9,19,64,COMPLETE
6791,6791,19260.75,2023-11-15 12:36:10.209500,2023-11-15 12:36:10.811815,0 days 00:00:00.602315,0.9,10,2.75,0.9,24,74,COMPLETE
6792,6792,18392.25,2023-11-15 12:36:10.814134,2023-11-15 12:36:11.387846,0 days 00:00:00.573712,0.8,20,3.0,0.9,17,71,COMPLETE
6793,6793,17370.5,2023-11-15 12:36:11.390054,2023-11-15 12:36:11.963944,0 days 00:00:00.573890,0.8,10,2.5,0.9,21,79,COMPLETE
6794,6794,17642.25,2023-11-15 12:36:11.966228,2023-11-15 12:36:12.537295,0 days 00:00:00.571067,0.8,10,3.0,0.8,11,68,COMPLETE
6795,6795,18682.0,2023-11-15 12:36:12.539665,2023-11-15 12:36:13.100309,0 days 00:00:00.560644,0.8,10,3.0,0.9,15,75,COMPLETE
6796,6796,18215.25,2023-11-15 12:36:13.103233,2023-11-15 12:36:13.687948,0 days 00:00:00.584715,0.8,10,2.75,0.9,23,72,COMPLETE
6797,6797,17654.5,2023-11-15 12:36:13.690253,2023-11-15 12:36:14.258315,0 days 00:00:00.568062,0.8,10,3.0,0.9,19,65,COMPLETE
6798,6798,17825.5,2023-11-15 12:36:14.260853,2023-11-15 12:36:14.835839,0 days 00:00:00.574986,0.8,10,3.0,0.9,21,70,COMPLETE
6799,6799,17104.25,2023-11-15 12:36:14.838155,2023-11-15 12:36:15.412713,0 days 00:00:00.574558,0.8,10,3.0,0.9,27,84,COMPLETE
6800,6800,17842.25,2023-11-15 12:36:15.414866,2023-11-15 12:36:15.986031,0 days 00:00:00.571165,0.7000000000000001,10,2.75,0.9,17,77,COMPLETE
6801,6801,13130.0,2023-11-15 12:36:15.988409,2023-11-15 12:36:16.598686,0 days 00:00:00.610277,0.8,90,3.0,0.9,14,73,COMPLETE
6802,6802,17547.25,2023-11-15 12:36:16.601226,2023-11-15 12:36:17.160734,0 days 00:00:00.559508,0.8,10,3.0,0.9,20,68,COMPLETE
6803,6803,19260.75,2023-11-15 12:36:17.163249,2023-11-15 12:36:17.732583,0 days 00:00:00.569334,0.8,10,2.75,0.9,23,71,COMPLETE
6804,6804,16900.75,2023-11-15 12:36:17.735398,2023-11-15 12:36:18.308747,0 days 00:00:00.573349,0.8,20,3.0,0.5,18,76,COMPLETE
6805,6805,16543.25,2023-11-15 12:36:18.310971,2023-11-15 12:36:18.884044,0 days 00:00:00.573073,0.8,10,3.0,0.9,7,63,COMPLETE
6806,6806,14871.25,2023-11-15 12:36:18.886834,2023-11-15 12:36:19.466187,0 days 00:00:00.579353,0.8,60,2.0,0.9,16,67,COMPLETE
6807,6807,16827.5,2023-11-15 12:36:19.468792,2023-11-15 12:36:20.072893,0 days 00:00:00.604101,0.9,10,2.75,0.9,21,73,COMPLETE
6808,6808,17833.0,2023-11-15 12:36:20.075158,2023-11-15 12:36:20.646423,0 days 00:00:00.571265,0.8,10,3.0,0.9,25,80,COMPLETE
6809,6809,17922.5,2023-11-15 12:36:20.649124,2023-11-15 12:36:21.220140,0 days 00:00:00.571016,0.8,10,3.0,0.8,18,70,COMPLETE
6810,6810,17268.75,2023-11-15 12:36:21.222494,2023-11-15 12:36:21.794122,0 days 00:00:00.571628,0.8,10,3.0,0.9,13,58,COMPLETE
6811,6811,17652.75,2023-11-15 12:36:21.796287,2023-11-15 12:36:22.369098,0 days 00:00:00.572811,0.8,10,2.5,0.9,23,65,COMPLETE
6812,6812,18679.5,2023-11-15 12:36:22.371478,2023-11-15 12:36:22.930063,0 days 00:00:00.558585,0.7000000000000001,10,3.0,0.9,20,75,COMPLETE
6813,6813,16617.75,2023-11-15 12:36:22.932396,2023-11-15 12:36:23.522260,0 days 00:00:00.589864,0.8,20,2.75,0.9,16,69,COMPLETE
6814,6814,17369.5,2023-11-15 12:36:23.524511,2023-11-15 12:36:24.095727,0 days 00:00:00.571216,0.8,10,3.0,0.9,19,73,COMPLETE
6815,6815,18304.25,2023-11-15 12:36:24.098197,2023-11-15 12:36:24.668969,0 days 00:00:00.570772,0.9,10,3.0,0.9,28,77,COMPLETE
6816,6816,17825.5,2023-11-15 12:36:24.671370,2023-11-15 12:36:25.239528,0 days 00:00:00.568158,0.8,10,3.0,0.9,22,70,COMPLETE
6817,6817,16719.5,2023-11-15 12:36:25.241821,2023-11-15 12:36:25.809821,0 days 00:00:00.568000,0.8,10,3.0,0.9,25,66,COMPLETE
6818,6818,17369.5,2023-11-15 12:36:25.812106,2023-11-15 12:36:26.402037,0 days 00:00:00.589931,0.8,10,2.75,0.9,14,73,COMPLETE
6819,6819,16711.25,2023-11-15 12:36:26.404717,2023-11-15 12:36:26.973817,0 days 00:00:00.569100,0.8,10,3.0,0.9,17,62,COMPLETE
6820,6820,17115.5,2023-11-15 12:36:26.975999,2023-11-15 12:36:27.543590,0 days 00:00:00.567591,0.8,10,3.0,0.9,21,69,COMPLETE
6821,6821,17193.5,2023-11-15 12:36:27.545882,2023-11-15 12:36:28.126641,0 days 00:00:00.580759,0.8,10,2.75,0.8,19,76,COMPLETE
6822,6822,19260.75,2023-11-15 12:36:28.128946,2023-11-15 12:36:28.693527,0 days 00:00:00.564581,0.8,10,3.0,0.9,10,71,COMPLETE
6823,6823,14363.5,2023-11-15 12:36:28.695797,2023-11-15 12:36:29.293545,0 days 00:00:00.597748,0.8,50,3.0,0.9,23,67,COMPLETE
6824,6824,17927.25,2023-11-15 12:36:29.295953,2023-11-15 12:36:29.862163,0 days 00:00:00.566210,0.5,10,3.0,0.9,15,79,COMPLETE
6825,6825,17366.5,2023-11-15 12:36:29.864383,2023-11-15 12:36:30.439150,0 days 00:00:00.574767,0.7000000000000001,20,2.25,0.9,18,72,COMPLETE
6826,6826,17364.25,2023-11-15 12:36:30.441451,2023-11-15 12:36:31.014650,0 days 00:00:00.573199,0.8,30,3.0,0.9,25,74,COMPLETE
6827,6827,17547.25,2023-11-15 12:36:31.016908,2023-11-15 12:36:31.586394,0 days 00:00:00.569486,0.8,10,2.75,0.9,12,68,COMPLETE
6828,6828,17014.0,2023-11-15 12:36:31.588717,2023-11-15 12:36:32.182398,0 days 00:00:00.593681,0.8,10,3.0,0.9,21,64,COMPLETE
6829,6829,17370.25,2023-11-15 12:36:32.185406,2023-11-15 12:36:32.759674,0 days 00:00:00.574268,0.8,10,2.5,0.9,80,70,COMPLETE
6830,6830,17644.0,2023-11-15 12:36:32.761969,2023-11-15 12:36:33.342286,0 days 00:00:00.580317,0.8,10,3.0,0.9,17,82,COMPLETE
6831,6831,18682.0,2023-11-15 12:36:33.344475,2023-11-15 12:36:33.917379,0 days 00:00:00.572904,0.8,10,2.75,0.9,20,75,COMPLETE
6832,6832,18391.25,2023-11-15 12:36:33.920177,2023-11-15 12:36:34.492960,0 days 00:00:00.572783,0.8,10,3.0,0.8,42,132,COMPLETE
6833,6833,16719.5,2023-11-15 12:36:34.495267,2023-11-15 12:36:35.063278,0 days 00:00:00.568011,0.8,10,3.0,0.9,32,66,COMPLETE
6834,6834,11047.25,2023-11-15 12:36:35.065621,2023-11-15 12:36:35.691636,0 days 00:00:00.626015,0.9,100,3.0,0.9,23,72,COMPLETE
6835,6835,15931.25,2023-11-15 12:36:35.694065,2023-11-15 12:36:36.279937,0 days 00:00:00.585872,0.8,20,2.75,0.9,15,78,COMPLETE
6836,6836,17115.5,2023-11-15 12:36:36.282380,2023-11-15 12:36:36.861659,0 days 00:00:00.579279,0.8,10,3.0,0.9,19,69,COMPLETE
6837,6837,16553.5,2023-11-15 12:36:36.864046,2023-11-15 12:36:37.446870,0 days 00:00:00.582824,0.7000000000000001,10,3.0,0.9,22,61,COMPLETE
6838,6838,18682.0,2023-11-15 12:36:37.449205,2023-11-15 12:36:38.017592,0 days 00:00:00.568387,0.8,10,3.0,0.9,27,75,COMPLETE
6839,6839,18215.25,2023-11-15 12:36:38.020306,2023-11-15 12:36:38.620302,0 days 00:00:00.599996,0.8,10,2.75,0.9,17,72,COMPLETE
6840,6840,17917.0,2023-11-15 12:36:38.622527,2023-11-15 12:36:39.193221,0 days 00:00:00.570694,0.8,10,3.0,0.9,24,67,COMPLETE
6841,6841,17825.5,2023-11-15 12:36:39.196048,2023-11-15 12:36:39.767568,0 days 00:00:00.571520,0.8,10,3.0,0.9,13,70,COMPLETE
