,number,value,datetime_start,datetime_complete,duration,params_alpha,params_decay_interval,params_decay_rate,params_gamma,params_initialization,params_max_steps,state
9236,9236,17561.25,2023-11-15 13:05:25.136802,2023-11-15 13:05:25.914337,0 days 00:00:00.777535,0.9,10,3.0,0.9,21,69,COMPLETE
9237,9237,17014.0,2023-11-15 13:05:25.917026,2023-11-15 13:05:26.691356,0 days 00:00:00.774330,0.8,10,2.75,0.9,19,64,COMPLETE
9238,9238,17185.25,2023-11-15 13:05:26.694830,2023-11-15 13:05:27.465511,0 days 00:00:00.770681,0.8,10,3.0,0.9,15,73,COMPLETE
9239,9239,17917.0,2023-11-15 13:05:27.468457,2023-11-15 13:05:28.268936,0 days 00:00:00.800479,0.8,10,3.0,0.9,23,67,COMPLETE
9240,9240,18682.0,2023-11-15 13:05:28.271592,2023-11-15 13:05:29.041860,0 days 00:00:00.770268,0.8,10,3.0,0.8,53,75,COMPLETE
9241,9241,18392.25,2023-11-15 13:05:29.045513,2023-11-15 13:05:29.811167,0 days 00:00:00.765654,0.8,20,3.0,0.9,18,71,COMPLETE
9242,9242,15948.75,2023-11-15 13:05:29.814225,2023-11-15 13:05:30.588264,0 days 00:00:00.774039,0.8,10,3.0,0.1,25,57,COMPLETE
9243,9243,17826.25,2023-11-15 13:05:30.591192,2023-11-15 13:05:31.382087,0 days 00:00:00.790895,0.8,10,2.5,0.9,14,70,COMPLETE
9244,9244,17369.5,2023-11-15 13:05:31.384730,2023-11-15 13:05:32.151495,0 days 00:00:00.766765,0.8,10,2.75,0.9,21,73,COMPLETE
9245,9245,17654.5,2023-11-15 13:05:32.154601,2023-11-15 13:05:32.925427,0 days 00:00:00.770826,0.8,10,3.0,0.9,17,65,COMPLETE
9246,9246,15214.0,2023-11-15 13:05:32.929023,2023-11-15 13:05:33.704510,0 days 00:00:00.775487,0.7000000000000001,50,2.25,0.9,19,79,COMPLETE
9247,9247,17547.25,2023-11-15 13:05:33.707482,2023-11-15 13:05:34.493530,0 days 00:00:00.786048,0.8,10,2.75,0.9,26,68,COMPLETE
9248,9248,17833.75,2023-11-15 13:05:34.496951,2023-11-15 13:05:35.264421,0 days 00:00:00.767470,0.8,10,3.0,0.9,22,83,COMPLETE
9249,9249,18682.0,2023-11-15 13:05:35.267235,2023-11-15 13:05:36.022887,0 days 00:00:00.755652,0.8,10,3.0,0.8,15,75,COMPLETE
9250,9250,18594.5,2023-11-15 13:05:36.025696,2023-11-15 13:05:36.814406,0 days 00:00:00.788710,0.8,10,1.25,0.9,20,70,COMPLETE
9251,9251,16607.75,2023-11-15 13:05:36.817102,2023-11-15 13:05:37.610040,0 days 00:00:00.792938,0.8,20,3.0,0.9,11,62,COMPLETE
9252,9252,16642.5,2023-11-15 13:05:37.613273,2023-11-15 13:05:38.401841,0 days 00:00:00.788568,0.9,10,3.0,0.9,23,73,COMPLETE
9253,9253,16713.5,2023-11-15 13:05:38.404737,2023-11-15 13:05:39.183365,0 days 00:00:00.778628,0.8,10,2.5,0.9,17,66,COMPLETE
9254,9254,18026.0,2023-11-15 13:05:39.186162,2023-11-15 13:05:39.963830,0 days 00:00:00.777668,0.8,10,3.0,0.9,13,77,COMPLETE
9255,9255,17115.5,2023-11-15 13:05:39.966718,2023-11-15 13:05:40.758901,0 days 00:00:00.792183,0.8,10,2.75,0.9,19,69,COMPLETE
9256,9256,18122.5,2023-11-15 13:05:40.762413,2023-11-15 13:05:41.547490,0 days 00:00:00.785077,0.8,10,3.0,0.9,21,72,COMPLETE
9257,9257,18681.75,2023-11-15 13:05:41.550343,2023-11-15 13:05:42.326758,0 days 00:00:00.776415,0.8,10,3.0,0.6,16,75,COMPLETE
9258,9258,17547.25,2023-11-15 13:05:42.330158,2023-11-15 13:05:43.104718,0 days 00:00:00.774560,0.8,10,2.75,0.9,28,68,COMPLETE
9259,9259,17275.25,2023-11-15 13:05:43.107611,2023-11-15 13:05:43.906038,0 days 00:00:00.798427,0.8,20,3.0,0.9,24,72,COMPLETE
9260,9260,16719.5,2023-11-15 13:05:43.908915,2023-11-15 13:05:44.690916,0 days 00:00:00.782001,0.8,10,3.0,0.9,18,66,COMPLETE
9261,9261,17369.25,2023-11-15 13:05:44.694125,2023-11-15 13:05:45.471693,0 days 00:00:00.777568,0.8,10,3.0,0.9,22,79,COMPLETE
9262,9262,15759.0,2023-11-15 13:05:45.474576,2023-11-15 13:05:46.271774,0 days 00:00:00.797198,0.8,40,3.0,0.9,15,70,COMPLETE
9263,9263,18776.75,2023-11-15 13:05:46.274493,2023-11-15 13:05:47.068259,0 days 00:00:00.793766,0.8,10,2.75,0.7000000000000001,26,75,COMPLETE
9264,9264,16543.25,2023-11-15 13:05:47.071185,2023-11-15 13:05:47.855688,0 days 00:00:00.784503,0.8,10,3.0,0.9,20,63,COMPLETE
9265,9265,17935.25,2023-11-15 13:05:47.858611,2023-11-15 13:05:48.631029,0 days 00:00:00.772418,0.8,10,3.0,0.5,17,72,COMPLETE
9266,9266,17549.5,2023-11-15 13:05:48.633941,2023-11-15 13:05:49.408543,0 days 00:00:00.774602,0.7000000000000001,10,2.75,0.9,23,68,COMPLETE
9267,9267,17096.0,2023-11-15 13:05:49.412127,2023-11-15 13:05:50.218172,0 days 00:00:00.806045,0.9,10,3.0,0.9,19,76,COMPLETE
9268,9268,18299.75,2023-11-15 13:05:50.221570,2023-11-15 13:05:50.994533,0 days 00:00:00.772963,0.8,10,3.0,0.8,21,65,COMPLETE
9269,9269,18122.5,2023-11-15 13:05:50.997263,2023-11-15 13:05:51.782160,0 days 00:00:00.784897,0.8,10,3.0,0.9,13,72,COMPLETE
9270,9270,18025.0,2023-11-15 13:05:51.784823,2023-11-15 13:05:52.555780,0 days 00:00:00.770957,0.8,10,2.75,0.2,16,118,COMPLETE
9271,9271,17115.5,2023-11-15 13:05:52.558696,2023-11-15 13:05:53.366920,0 days 00:00:00.808224,0.8,10,3.0,0.9,25,69,COMPLETE
9272,9272,14302.5,2023-11-15 13:05:53.369723,2023-11-15 13:05:54.161560,0 days 00:00:00.791837,0.8,70,2.5,0.9,18,78,COMPLETE
9273,9273,17640.25,2023-11-15 13:05:54.164405,2023-11-15 13:05:54.930273,0 days 00:00:00.765868,0.7000000000000001,10,3.0,0.9,20,74,COMPLETE
9274,9274,15575.75,2023-11-15 13:05:54.933114,2023-11-15 13:05:55.705175,0 days 00:00:00.772061,0.8,20,2.75,0.9,23,59,COMPLETE
9275,9275,19260.75,2023-11-15 13:05:55.708045,2023-11-15 13:05:56.493882,0 days 00:00:00.785837,0.8,10,3.0,0.9,15,71,COMPLETE
9276,9276,17917.0,2023-11-15 13:05:56.497111,2023-11-15 13:05:57.276340,0 days 00:00:00.779229,0.8,10,3.0,0.9,18,67,COMPLETE
9277,9277,17369.5,2023-11-15 13:05:57.280163,2023-11-15 13:05:58.048942,0 days 00:00:00.768779,0.8,10,3.0,0.9,11,73,COMPLETE
9278,9278,17556.25,2023-11-15 13:05:58.051855,2023-11-15 13:05:58.832972,0 days 00:00:00.781117,0.9,10,3.0,0.9,21,81,COMPLETE
9279,9279,17115.5,2023-11-15 13:05:58.835636,2023-11-15 13:05:59.634519,0 days 00:00:00.798883,0.8,10,2.75,0.9,14,69,COMPLETE
9280,9280,17014.0,2023-11-15 13:05:59.637190,2023-11-15 13:06:00.423118,0 days 00:00:00.785928,0.8,10,3.0,0.9,27,64,COMPLETE
9281,9281,16898.75,2023-11-15 13:06:00.425936,2023-11-15 13:06:01.202940,0 days 00:00:00.777004,0.8,20,2.0,0.9,24,76,COMPLETE
9282,9282,17825.5,2023-11-15 13:06:01.205878,2023-11-15 13:06:01.982371,0 days 00:00:00.776493,0.8,10,3.0,0.9,67,70,COMPLETE
9283,9283,18018.25,2023-11-15 13:06:01.985086,2023-11-15 13:06:02.796637,0 days 00:00:00.811551,0.8,10,3.0,0.8,17,74,COMPLETE
9284,9284,16814.75,2023-11-15 13:06:02.799493,2023-11-15 13:06:03.578713,0 days 00:00:00.779220,0.5,10,2.75,0.9,22,66,COMPLETE
9285,9285,19260.75,2023-11-15 13:06:03.581407,2023-11-15 13:06:04.367796,0 days 00:00:00.786389,0.8,10,3.0,0.9,19,71,COMPLETE
9286,9286,17550.0,2023-11-15 13:06:04.370508,2023-11-15 13:06:05.201826,0 days 00:00:00.831318,0.7000000000000001,10,2.25,0.9,20,78,COMPLETE
9287,9287,17547.25,2023-11-15 13:06:05.205130,2023-11-15 13:06:06.116903,0 days 00:00:00.911773,0.8,10,3.0,0.9,15,68,COMPLETE
9288,9288,16726.25,2023-11-15 13:06:06.119610,2023-11-15 13:06:06.917473,0 days 00:00:00.797863,0.8,10,3.0,0.9,17,61,COMPLETE
9289,9289,17193.25,2023-11-15 13:06:06.920233,2023-11-15 13:06:07.722861,0 days 00:00:00.802628,0.30000000000000004,10,2.75,0.9,25,73,COMPLETE
9290,9290,16923.25,2023-11-15 13:06:07.725912,2023-11-15 13:06:08.542750,0 days 00:00:00.816838,0.8,10,3.0,0.9,22,76,COMPLETE
9291,9291,17825.5,2023-11-15 13:06:08.546098,2023-11-15 13:06:10.096162,0 days 00:00:01.550064,0.8,10,3.0,0.9,19,70,COMPLETE
9292,9292,17654.5,2023-11-15 13:06:10.102677,2023-11-15 13:06:11.327262,0 days 00:00:01.224585,0.8,10,3.0,0.9,30,65,COMPLETE
9293,9293,17188.25,2023-11-15 13:06:11.373180,2023-11-15 13:06:12.240457,0 days 00:00:00.867277,0.8,20,2.75,0.9,8,74,COMPLETE
9294,9294,17837.75,2023-11-15 13:06:12.244036,2023-11-15 13:06:13.057317,0 days 00:00:00.813281,0.9,10,2.5,0.9,13,68,COMPLETE
9295,9295,18122.5,2023-11-15 13:06:13.060435,2023-11-15 13:06:13.882844,0 days 00:00:00.822409,0.8,10,3.0,0.9,21,72,COMPLETE
9296,9296,18027.0,2023-11-15 13:06:13.885591,2023-11-15 13:06:14.700739,0 days 00:00:00.815148,0.8,10,3.0,0.8,17,77,COMPLETE
9297,9297,16543.25,2023-11-15 13:06:14.703784,2023-11-15 13:06:15.509001,0 days 00:00:00.805217,0.8,10,3.0,0.9,23,63,COMPLETE
9298,9298,17548.0,2023-11-15 13:06:15.512602,2023-11-15 13:06:16.316712,0 days 00:00:00.804110,0.8,30,2.75,0.9,19,70,COMPLETE
9299,9299,17917.0,2023-11-15 13:06:16.319493,2023-11-15 13:06:17.131477,0 days 00:00:00.811984,0.8,10,3.0,0.9,16,67,COMPLETE
9300,9300,17739.5,2023-11-15 13:06:17.134391,2023-11-15 13:06:18.003964,0 days 00:00:00.869573,0.8,10,3.0,0.9,25,81,COMPLETE
9301,9301,18215.25,2023-11-15 13:06:18.006984,2023-11-15 13:06:18.849687,0 days 00:00:00.842703,0.8,10,2.75,0.9,21,72,COMPLETE
9302,9302,18682.0,2023-11-15 13:06:18.852606,2023-11-15 13:06:19.698299,0 days 00:00:00.845693,0.8,10,3.0,0.9,18,75,COMPLETE
9303,9303,16451.75,2023-11-15 13:06:19.701490,2023-11-15 13:06:20.624259,0 days 00:00:00.922769,0.7000000000000001,20,3.0,0.9,14,66,COMPLETE
9304,9304,17284.0,2023-11-15 13:06:20.628048,2023-11-15 13:06:21.513008,0 days 00:00:00.884960,0.8,10,3.0,0.9,90,70,COMPLETE
9305,9305,18970.0,2023-11-15 13:06:21.515933,2023-11-15 13:06:22.327208,0 days 00:00:00.811275,0.6,10,2.75,0.9,23,73,COMPLETE
9306,9306,17360.25,2023-11-15 13:06:22.330014,2023-11-15 13:06:23.140396,0 days 00:00:00.810382,0.8,10,3.0,0.9,28,78,COMPLETE
9307,9307,17547.25,2023-11-15 13:06:23.143529,2023-11-15 13:06:23.942153,0 days 00:00:00.798624,0.8,10,3.0,0.9,20,68,COMPLETE
9308,9308,18682.0,2023-11-15 13:06:23.945419,2023-11-15 13:06:24.789126,0 days 00:00:00.843707,0.8,10,3.0,0.9,11,75,COMPLETE
9309,9309,17016.75,2023-11-15 13:06:24.792169,2023-11-15 13:06:25.608485,0 days 00:00:00.816316,0.8,10,2.5,0.8,16,64,COMPLETE
9310,9310,19260.75,2023-11-15 13:06:25.612180,2023-11-15 13:06:26.516769,0 days 00:00:00.904589,0.9,10,3.0,0.9,18,71,COMPLETE
9311,9311,17275.25,2023-11-15 13:06:26.519645,2023-11-15 13:06:27.325913,0 days 00:00:00.806268,0.8,20,2.75,0.9,61,72,COMPLETE
9312,9312,17547.25,2023-11-15 13:06:27.329159,2023-11-15 13:06:28.152424,0 days 00:00:00.823265,0.8,10,3.0,0.9,26,68,COMPLETE
9313,9313,18682.0,2023-11-15 13:06:28.155243,2023-11-15 13:06:29.011195,0 days 00:00:00.855952,0.8,10,3.0,0.9,22,75,COMPLETE
9314,9314,17285.25,2023-11-15 13:06:29.013988,2023-11-15 13:06:29.864192,0 days 00:00:00.850204,0.8,10,2.75,0.9,20,84,COMPLETE
9315,9315,16726.25,2023-11-15 13:06:29.866851,2023-11-15 13:06:30.715375,0 days 00:00:00.848524,0.8,10,3.0,0.9,14,61,COMPLETE
9316,9316,17369.25,2023-11-15 13:06:30.718350,2023-11-15 13:06:31.536749,0 days 00:00:00.818399,0.8,10,3.0,0.9,24,79,COMPLETE
9317,9317,17383.0,2023-11-15 13:06:31.539492,2023-11-15 13:06:32.377911,0 days 00:00:00.838419,0.7000000000000001,10,2.75,0.4,16,70,COMPLETE
9318,9318,16719.5,2023-11-15 13:06:32.380697,2023-11-15 13:06:33.259862,0 days 00:00:00.879165,0.8,10,3.0,0.9,19,66,COMPLETE
9319,9319,17369.5,2023-11-15 13:06:33.263075,2023-11-15 13:06:34.114963,0 days 00:00:00.851888,0.8,10,3.0,0.9,22,73,COMPLETE
9320,9320,16617.75,2023-11-15 13:06:34.117853,2023-11-15 13:06:34.965774,0 days 00:00:00.847921,0.8,20,3.0,0.9,17,69,COMPLETE
9321,9321,17291.75,2023-11-15 13:06:34.969425,2023-11-15 13:06:35.873545,0 days 00:00:00.904120,0.8,10,2.25,0.9,13,76,COMPLETE
9322,9322,16751.75,2023-11-15 13:06:35.877044,2023-11-15 13:06:36.707011,0 days 00:00:00.829967,0.8,10,3.0,0.8,20,64,COMPLETE
9323,9323,18026.25,2023-11-15 13:06:36.710008,2023-11-15 13:06:37.519343,0 days 00:00:00.809335,0.9,10,2.75,0.9,24,72,COMPLETE
9324,9324,17917.0,2023-11-15 13:06:37.522061,2023-11-15 13:06:38.376622,0 days 00:00:00.854561,0.8,10,3.0,0.9,18,67,COMPLETE
9325,9325,17185.25,2023-11-15 13:06:38.380379,2023-11-15 13:06:39.234028,0 days 00:00:00.853649,0.8,10,3.0,0.9,15,73,COMPLETE
9326,9326,17828.75,2023-11-15 13:06:39.237095,2023-11-15 13:06:40.128706,0 days 00:00:00.891611,0.7000000000000001,10,2.75,0.6,21,70,COMPLETE
9327,9327,17360.25,2023-11-15 13:06:40.131878,2023-11-15 13:06:40.965924,0 days 00:00:00.834046,0.8,10,3.0,0.9,26,78,COMPLETE
9328,9328,18682.0,2023-11-15 13:06:40.968858,2023-11-15 13:06:41.814304,0 days 00:00:00.845446,0.8,10,2.5,0.9,22,75,COMPLETE
9329,9329,17917.0,2023-11-15 13:06:41.817148,2023-11-15 13:06:42.652892,0 days 00:00:00.835744,0.8,10,3.0,0.9,18,67,COMPLETE
9330,9330,17825.5,2023-11-15 13:06:42.655739,2023-11-15 13:06:43.483456,0 days 00:00:00.827717,0.8,10,3.0,0.9,16,70,COMPLETE
9331,9331,15905.0,2023-11-15 13:06:43.486715,2023-11-15 13:06:44.313478,0 days 00:00:00.826763,0.8,20,2.75,0.9,20,64,COMPLETE
9332,9332,17739.5,2023-11-15 13:06:44.316593,2023-11-15 13:06:45.154468,0 days 00:00:00.837875,0.8,10,3.0,0.9,12,81,COMPLETE
9333,9333,17369.5,2023-11-15 13:06:45.157210,2023-11-15 13:06:46.007350,0 days 00:00:00.850140,0.8,10,3.0,0.9,24,73,COMPLETE
9334,9334,17642.25,2023-11-15 13:06:46.010605,2023-11-15 13:06:46.816725,0 days 00:00:00.806120,0.8,10,3.0,0.8,19,68,COMPLETE
9335,9335,17404.75,2023-11-15 13:06:46.819553,2023-11-15 13:06:47.638778,0 days 00:00:00.819225,0.8,10,2.75,0.30000000000000004,28,77,COMPLETE
9336,9336,19260.75,2023-11-15 13:06:47.641625,2023-11-15 13:06:48.436000,0 days 00:00:00.794375,0.9,10,3.0,0.9,22,71,COMPLETE
9337,9337,17920.75,2023-11-15 13:06:48.438909,2023-11-15 13:06:49.233788,0 days 00:00:00.794879,0.8,10,3.0,0.9,15,74,COMPLETE
9338,9338,17115.5,2023-11-15 13:06:49.236511,2023-11-15 13:06:50.023316,0 days 00:00:00.786805,0.8,10,3.0,0.9,17,69,COMPLETE
9339,9339,16448.0,2023-11-15 13:06:50.026275,2023-11-15 13:06:50.838531,0 days 00:00:00.812256,0.6,20,3.0,0.9,20,66,COMPLETE
9340,9340,16630.0,2023-11-15 13:06:50.841354,2023-11-15 13:06:51.678616,0 days 00:00:00.837262,0.8,10,2.75,0.9,10,62,COMPLETE
9341,9341,18122.5,2023-11-15 13:06:51.681699,2023-11-15 13:06:52.479851,0 days 00:00:00.798152,0.8,10,3.0,0.9,32,72,COMPLETE
9342,9342,16996.25,2023-11-15 13:06:52.482588,2023-11-15 13:06:53.267935,0 days 00:00:00.785347,0.8,10,3.0,0.9,74,58,COMPLETE
9343,9343,18682.0,2023-11-15 13:06:53.270900,2023-11-15 13:06:54.040980,0 days 00:00:00.770080,0.8,10,2.75,0.9,24,75,COMPLETE
9344,9344,17829.75,2023-11-15 13:06:54.044025,2023-11-15 13:06:54.853647,0 days 00:00:00.809622,0.7000000000000001,10,3.0,0.9,18,70,COMPLETE
9345,9345,18307.75,2023-11-15 13:06:54.856449,2023-11-15 13:06:55.666377,0 days 00:00:00.809928,0.8,10,3.0,0.9,38,106,COMPLETE
9346,9346,17730.75,2023-11-15 13:06:55.669303,2023-11-15 13:06:56.452517,0 days 00:00:00.783214,0.8,10,2.5,0.9,22,78,COMPLETE
9347,9347,16809.75,2023-11-15 13:06:56.455527,2023-11-15 13:06:57.247796,0 days 00:00:00.792269,0.9,10,3.0,0.8,13,66,COMPLETE
9348,9348,17185.25,2023-11-15 13:06:57.250563,2023-11-15 13:06:58.083717,0 days 00:00:00.833154,0.8,10,2.75,0.9,15,73,COMPLETE
9349,9349,13314.5,2023-11-15 13:06:58.086403,2023-11-15 13:06:58.887524,0 days 00:00:00.801121,0.8,80,3.0,0.9,26,69,COMPLETE
9350,9350,16923.25,2023-11-15 13:06:58.890257,2023-11-15 13:06:59.684876,0 days 00:00:00.794619,0.8,10,3.0,0.9,20,76,COMPLETE
9351,9351,19260.75,2023-11-15 13:06:59.687668,2023-11-15 13:07:00.464983,0 days 00:00:00.777315,0.8,10,2.75,0.9,18,71,COMPLETE
9352,9352,15751.0,2023-11-15 13:07:00.467781,2023-11-15 13:07:01.281970,0 days 00:00:00.814189,0.8,20,3.0,0.9,98,66,COMPLETE
9353,9353,18017.25,2023-11-15 13:07:01.284741,2023-11-15 13:07:02.050942,0 days 00:00:00.766201,0.8,10,1.0,0.9,22,80,COMPLETE
9354,9354,17920.75,2023-11-15 13:07:02.053839,2023-11-15 13:07:02.831121,0 days 00:00:00.777282,0.8,10,3.0,0.9,17,74,COMPLETE
9355,9355,16543.25,2023-11-15 13:07:02.833794,2023-11-15 13:07:03.604928,0 days 00:00:00.771134,0.8,10,3.0,0.9,24,63,COMPLETE
9356,9356,17111.5,2023-11-15 13:07:03.607701,2023-11-15 13:07:04.389915,0 days 00:00:00.782214,0.7000000000000001,10,3.0,0.9,20,69,COMPLETE
9357,9357,17932.0,2023-11-15 13:07:04.393237,2023-11-15 13:07:05.155310,0 days 00:00:00.762073,0.8,10,2.75,0.8,55,72,COMPLETE
9358,9358,16898.75,2023-11-15 13:07:05.158194,2023-11-15 13:07:05.929956,0 days 00:00:00.771762,0.8,20,3.0,0.9,15,76,COMPLETE
9359,9359,17074.0,2023-11-15 13:07:05.932684,2023-11-15 13:07:06.706372,0 days 00:00:00.773688,0.4,30,3.0,0.9,21,68,COMPLETE
9360,9360,14236.75,2023-11-15 13:07:06.709241,2023-11-15 13:07:07.542282,0 days 00:00:00.833041,0.8,60,2.25,0.9,17,71,COMPLETE
9361,9361,17652.75,2023-11-15 13:07:07.545758,2023-11-15 13:07:08.317485,0 days 00:00:00.771727,0.8,10,2.5,0.9,23,65,COMPLETE
9362,9362,17733.0,2023-11-15 13:07:08.320286,2023-11-15 13:07:09.099884,0 days 00:00:00.779598,0.8,10,2.0,0.9,12,74,COMPLETE
9363,9363,17547.25,2023-11-15 13:07:09.102693,2023-11-15 13:07:09.881408,0 days 00:00:00.778715,0.8,10,3.0,0.9,29,68,COMPLETE
9364,9364,17639.25,2023-11-15 13:07:09.884199,2023-11-15 13:07:10.666969,0 days 00:00:00.782770,0.9,10,3.0,0.9,19,78,COMPLETE
9365,9365,17099.5,2023-11-15 13:07:10.669841,2023-11-15 13:07:11.449980,0 days 00:00:00.780139,0.8,10,2.75,0.9,14,60,COMPLETE
9366,9366,18498.5,2023-11-15 13:07:11.452972,2023-11-15 13:07:12.251573,0 days 00:00:00.798601,0.8,10,3.0,0.7000000000000001,26,87,COMPLETE
9367,9367,17180.75,2023-11-15 13:07:12.254293,2023-11-15 13:07:13.038224,0 days 00:00:00.783931,0.8,10,3.0,0.9,19,44,COMPLETE
9368,9368,15933.25,2023-11-15 13:07:13.040972,2023-11-15 13:07:13.845305,0 days 00:00:00.804333,0.8,40,3.0,0.9,16,71,COMPLETE
9369,9369,17920.75,2023-11-15 13:07:13.848101,2023-11-15 13:07:14.622440,0 days 00:00:00.774339,0.8,10,2.75,0.9,21,74,COMPLETE
9370,9370,16719.5,2023-11-15 13:07:14.625225,2023-11-15 13:07:15.402397,0 days 00:00:00.777172,0.8,10,3.0,0.9,23,66,COMPLETE
9371,9371,18389.75,2023-11-15 13:07:15.405166,2023-11-15 13:07:16.182949,0 days 00:00:00.777783,0.8,20,3.0,0.9,17,128,COMPLETE
9372,9372,19260.75,2023-11-15 13:07:16.185829,2023-11-15 13:07:16.975442,0 days 00:00:00.789613,0.8,10,2.5,0.9,25,71,COMPLETE
9373,9373,18022.25,2023-11-15 13:07:16.979967,2023-11-15 13:07:17.762602,0 days 00:00:00.782635,0.7000000000000001,10,2.75,0.9,35,83,COMPLETE
9374,9374,17096.0,2023-11-15 13:07:17.765460,2023-11-15 13:07:18.560722,0 days 00:00:00.795262,0.9,10,3.0,0.9,19,76,COMPLETE
9375,9375,17642.25,2023-11-15 13:07:18.563805,2023-11-15 13:07:19.338874,0 days 00:00:00.775069,0.8,10,3.0,0.8,21,68,COMPLETE
9376,9376,16395.0,2023-11-15 13:07:19.341703,2023-11-15 13:07:20.149360,0 days 00:00:00.807657,0.8,10,0.75,0.9,15,64,COMPLETE
9377,9377,17186.0,2023-11-15 13:07:20.152358,2023-11-15 13:07:20.935417,0 days 00:00:00.783059,0.8,10,2.75,0.9,23,73,COMPLETE
9378,9378,17825.5,2023-11-15 13:07:20.938470,2023-11-15 13:07:21.719786,0 days 00:00:00.781316,0.8,10,3.0,0.9,18,70,COMPLETE
9379,9379,17369.25,2023-11-15 13:07:21.722481,2023-11-15 13:07:22.504091,0 days 00:00:00.781610,0.8,10,3.0,0.9,27,79,COMPLETE
9380,9380,17369.5,2023-11-15 13:07:22.507044,2023-11-15 13:07:23.299051,0 days 00:00:00.792007,0.8,10,3.0,0.9,13,73,COMPLETE
9381,9381,15812.0,2023-11-15 13:07:23.301871,2023-11-15 13:07:24.088615,0 days 00:00:00.786744,0.8,20,2.75,0.9,20,68,COMPLETE
9382,9382,13568.0,2023-11-15 13:07:24.091446,2023-11-15 13:07:24.892605,0 days 00:00:00.801159,0.8,50,3.0,0.9,16,76,COMPLETE
9383,9383,16642.0,2023-11-15 13:07:24.895697,2023-11-15 13:07:25.673187,0 days 00:00:00.777490,0.8,10,3.0,0.8,22,63,COMPLETE
9384,9384,19260.75,2023-11-15 13:07:25.676483,2023-11-15 13:07:26.475434,0 days 00:00:00.798951,0.8,10,3.0,0.9,18,71,COMPLETE
9385,9385,17917.0,2023-11-15 13:07:26.478921,2023-11-15 13:07:27.251920,0 days 00:00:00.772999,0.8,10,3.0,0.9,25,67,COMPLETE
9386,9386,17640.25,2023-11-15 13:07:27.254602,2023-11-15 13:07:28.026920,0 days 00:00:00.772318,0.7000000000000001,10,2.75,0.9,21,74,COMPLETE
9387,9387,17382.5,2023-11-15 13:07:28.029947,2023-11-15 13:07:28.798976,0 days 00:00:00.769029,0.8,10,2.5,0.9,10,69,COMPLETE
9388,9388,19260.75,2023-11-15 13:07:28.801681,2023-11-15 13:07:29.576633,0 days 00:00:00.774952,0.8,10,3.0,0.9,16,71,COMPLETE
9389,9389,17074.5,2023-11-15 13:07:29.580160,2023-11-15 13:07:30.359018,0 days 00:00:00.778858,0.9,10,3.0,0.9,19,52,COMPLETE
9390,9390,16923.25,2023-11-15 13:07:30.362368,2023-11-15 13:07:31.138408,0 days 00:00:00.776040,0.8,10,3.0,0.9,14,76,COMPLETE
9391,9391,17631.75,2023-11-15 13:07:31.141133,2023-11-15 13:07:31.921099,0 days 00:00:00.779966,0.8,20,2.75,0.8,23,65,COMPLETE
9392,9392,17369.5,2023-11-15 13:07:31.923943,2023-11-15 13:07:32.712862,0 days 00:00:00.788919,0.8,10,3.0,0.9,17,73,COMPLETE
9393,9393,17739.5,2023-11-15 13:07:32.716238,2023-11-15 13:07:33.491820,0 days 00:00:00.775582,0.8,10,3.0,0.9,20,81,COMPLETE
9394,9394,17111.5,2023-11-15 13:07:33.495244,2023-11-15 13:07:34.312118,0 days 00:00:00.816874,0.7000000000000001,10,2.75,0.9,24,69,COMPLETE
9395,9395,17360.25,2023-11-15 13:07:34.314980,2023-11-15 13:07:35.161274,0 days 00:00:00.846294,0.8,10,3.0,0.9,12,78,COMPLETE
9396,9396,16719.5,2023-11-15 13:07:35.164387,2023-11-15 13:07:35.985378,0 days 00:00:00.820991,0.8,10,3.0,0.9,21,66,COMPLETE
9397,9397,18122.5,2023-11-15 13:07:35.988357,2023-11-15 13:07:36.778976,0 days 00:00:00.790619,0.8,10,3.0,0.9,18,72,COMPLETE
9398,9398,16632.75,2023-11-15 13:07:36.781780,2023-11-15 13:07:37.587439,0 days 00:00:00.805659,0.8,10,2.75,0.9,27,61,COMPLETE
9399,9399,18682.0,2023-11-15 13:07:37.590176,2023-11-15 13:07:38.379968,0 days 00:00:00.789792,0.8,10,3.0,0.9,15,75,COMPLETE
9400,9400,17825.5,2023-11-15 13:07:38.382724,2023-11-15 13:07:39.191889,0 days 00:00:00.809165,0.8,10,3.0,0.9,22,70,COMPLETE
9401,9401,16624.25,2023-11-15 13:07:39.195746,2023-11-15 13:07:39.994395,0 days 00:00:00.798649,0.9,20,3.0,0.9,19,67,COMPLETE
9402,9402,17369.5,2023-11-15 13:07:39.997503,2023-11-15 13:07:40.800449,0 days 00:00:00.802946,0.8,10,2.75,0.9,77,73,COMPLETE
9403,9403,18121.5,2023-11-15 13:07:40.803294,2023-11-15 13:07:41.599411,0 days 00:00:00.796117,0.8,10,3.0,0.9,17,77,COMPLETE
9404,9404,17825.5,2023-11-15 13:07:41.602096,2023-11-15 13:07:42.417596,0 days 00:00:00.815500,0.8,10,3.0,0.9,25,70,COMPLETE
9405,9405,16727.75,2023-11-15 13:07:42.420761,2023-11-15 13:07:43.212984,0 days 00:00:00.792223,0.8,10,3.0,0.8,14,66,COMPLETE
9406,9406,17920.75,2023-11-15 13:07:43.216525,2023-11-15 13:07:44.006452,0 days 00:00:00.789927,0.8,10,2.75,0.9,20,74,COMPLETE
