,number,value,datetime_start,datetime_complete,duration,params_alpha,params_decay_interval,params_decay_rate,params_gamma,params_initialization,params_max_steps,state
6329,6329,17360.25,2023-11-15 12:31:45.605906,2023-11-15 12:31:46.192472,0 days 00:00:00.586566,0.8,10,3.0,0.9,22,78,COMPLETE
6330,6330,17111.5,2023-11-15 12:31:46.194610,2023-11-15 12:31:46.759937,0 days 00:00:00.565327,0.7000000000000001,10,3.0,0.9,18,69,COMPLETE
6331,6331,17931.25,2023-11-15 12:31:46.762084,2023-11-15 12:31:47.383552,0 days 00:00:00.621468,0.8,10,3.0,0.8,24,72,COMPLETE
6332,6332,16719.5,2023-11-15 12:31:47.386653,2023-11-15 12:31:47.981016,0 days 00:00:00.594363,0.8,10,3.0,0.9,28,66,COMPLETE
6333,6333,17920.75,2023-11-15 12:31:47.983181,2023-11-15 12:31:48.534500,0 days 00:00:00.551319,0.8,10,2.75,0.9,15,74,COMPLETE
6334,6334,15902.75,2023-11-15 12:31:48.537321,2023-11-15 12:31:49.096174,0 days 00:00:00.558853,0.8,20,3.0,0.9,20,61,COMPLETE
6335,6335,18297.75,2023-11-15 12:31:49.098920,2023-11-15 12:31:49.706225,0 days 00:00:00.607305,0.8,10,2.25,0.9,13,70,COMPLETE
6336,6336,17917.0,2023-11-15 12:31:49.708493,2023-11-15 12:31:50.324356,0 days 00:00:00.615863,0.8,10,3.0,0.9,21,67,COMPLETE
6337,6337,13732.5,2023-11-15 12:31:50.326852,2023-11-15 12:31:50.899747,0 days 00:00:00.572895,0.8,80,2.75,0.5,18,78,COMPLETE
6338,6338,18122.5,2023-11-15 12:31:50.902193,2023-11-15 12:31:51.466611,0 days 00:00:00.564418,0.8,10,3.0,0.9,16,72,COMPLETE
6339,6339,18587.75,2023-11-15 12:31:51.469077,2023-11-15 12:31:52.023642,0 days 00:00:00.554565,0.9,10,3.0,0.9,23,75,COMPLETE
6340,6340,18592.5,2023-11-15 12:31:52.025882,2023-11-15 12:31:52.567147,0 days 00:00:00.541265,0.8,10,2.75,0.9,25,87,COMPLETE
6341,6341,17014.0,2023-11-15 12:31:52.569931,2023-11-15 12:31:53.127883,0 days 00:00:00.557952,0.8,10,3.0,0.9,19,64,COMPLETE
6342,6342,18392.25,2023-11-15 12:31:53.130126,2023-11-15 12:31:53.688654,0 days 00:00:00.558528,0.8,20,3.0,0.9,22,70,COMPLETE
6343,6343,17917.0,2023-11-15 12:31:53.691166,2023-11-15 12:31:54.245718,0 days 00:00:00.554552,0.8,10,3.0,0.9,16,67,COMPLETE
6344,6344,18018.25,2023-11-15 12:31:54.247869,2023-11-15 12:31:54.832641,0 days 00:00:00.584772,0.8,10,2.75,0.8,12,74,COMPLETE
6345,6345,17826.25,2023-11-15 12:31:54.835007,2023-11-15 12:31:55.384252,0 days 00:00:00.549245,0.8,10,2.5,0.9,20,70,COMPLETE
6346,6346,17670.25,2023-11-15 12:31:55.387066,2023-11-15 12:31:55.939145,0 days 00:00:00.552079,0.8,10,3.0,0.30000000000000004,10,77,COMPLETE
6347,6347,17644.0,2023-11-15 12:31:55.941980,2023-11-15 12:31:56.490190,0 days 00:00:00.548210,0.8,10,3.0,0.9,14,82,COMPLETE
6348,6348,18490.0,2023-11-15 12:31:56.492620,2023-11-15 12:31:57.039392,0 days 00:00:00.546772,0.7000000000000001,10,2.75,0.9,18,72,COMPLETE
6349,6349,17917.0,2023-11-15 12:31:57.041639,2023-11-15 12:31:57.590716,0 days 00:00:00.549077,0.8,10,3.0,0.9,26,67,COMPLETE
6350,6350,17920.75,2023-11-15 12:31:57.592992,2023-11-15 12:31:58.171895,0 days 00:00:00.578903,0.8,10,3.0,0.9,21,74,COMPLETE
6351,6351,16617.75,2023-11-15 12:31:58.174141,2023-11-15 12:31:58.728863,0 days 00:00:00.554722,0.8,20,3.0,0.9,24,69,COMPLETE
6352,6352,17194.5,2023-11-15 12:31:58.730975,2023-11-15 12:31:59.287183,0 days 00:00:00.556208,0.9,10,3.0,0.9,17,64,COMPLETE
6353,6353,18122.5,2023-11-15 12:31:59.289584,2023-11-15 12:31:59.840232,0 days 00:00:00.550648,0.8,10,3.0,0.9,19,72,COMPLETE
6354,6354,18019.5,2023-11-15 12:31:59.842450,2023-11-15 12:32:00.394948,0 days 00:00:00.552498,0.8,10,2.0,0.9,22,80,COMPLETE
6355,6355,17110.0,2023-11-15 12:32:00.397381,2023-11-15 12:32:00.957832,0 days 00:00:00.560451,0.8,10,2.75,0.6,15,69,COMPLETE
6356,6356,16923.25,2023-11-15 12:32:00.960012,2023-11-15 12:32:01.538108,0 days 00:00:00.578096,0.8,10,3.0,0.9,20,76,COMPLETE
6357,6357,17271.75,2023-11-15 12:32:01.540217,2023-11-15 12:32:02.096200,0 days 00:00:00.555983,0.8,10,2.5,0.9,18,59,COMPLETE
6358,6358,11826.25,2023-11-15 12:32:02.098513,2023-11-15 12:32:02.667400,0 days 00:00:00.568887,0.8,100,3.0,0.9,31,65,COMPLETE
6359,6359,17840.75,2023-11-15 12:32:02.670278,2023-11-15 12:32:03.228879,0 days 00:00:00.558601,0.9,10,3.0,0.9,23,72,COMPLETE
6360,6360,17113.75,2023-11-15 12:32:03.231061,2023-11-15 12:32:03.787464,0 days 00:00:00.556403,0.4,10,2.75,0.8,16,67,COMPLETE
6361,6361,18682.0,2023-11-15 12:32:03.790448,2023-11-15 12:32:04.336825,0 days 00:00:00.546377,0.8,10,3.0,0.9,28,75,COMPLETE
6362,6362,17825.5,2023-11-15 12:32:04.339010,2023-11-15 12:32:04.908910,0 days 00:00:00.569900,0.8,10,3.0,0.9,21,70,COMPLETE
6363,6363,16104.5,2023-11-15 12:32:04.911108,2023-11-15 12:32:05.470013,0 days 00:00:00.558905,0.8,20,3.0,0.9,25,78,COMPLETE
6364,6364,16809.25,2023-11-15 12:32:05.472141,2023-11-15 12:32:06.032757,0 days 00:00:00.560616,0.7000000000000001,10,2.75,0.9,14,62,COMPLETE
6365,6365,17270.25,2023-11-15 12:32:06.035170,2023-11-15 12:32:06.594358,0 days 00:00:00.559188,0.8,30,3.0,0.9,19,73,COMPLETE
6366,6366,17115.5,2023-11-15 12:32:06.596536,2023-11-15 12:32:07.164233,0 days 00:00:00.567697,0.8,10,3.0,0.9,17,69,COMPLETE
6367,6367,16719.5,2023-11-15 12:32:07.166485,2023-11-15 12:32:07.735548,0 days 00:00:00.569063,0.8,10,3.0,0.9,23,66,COMPLETE
6368,6368,17662.75,2023-11-15 12:32:07.738211,2023-11-15 12:32:08.320523,0 days 00:00:00.582312,0.5,10,2.5,0.8,20,72,COMPLETE
6369,6369,17473.5,2023-11-15 12:32:08.323074,2023-11-15 12:32:08.875783,0 days 00:00:00.552709,0.8,10,2.25,0.9,12,76,COMPLETE
6370,6370,17115.5,2023-11-15 12:32:08.877948,2023-11-15 12:32:09.474266,0 days 00:00:00.596318,0.8,10,2.75,0.9,16,69,COMPLETE
6371,6371,17920.75,2023-11-15 12:32:09.476350,2023-11-15 12:32:10.069466,0 days 00:00:00.593116,0.8,10,3.0,0.9,22,74,COMPLETE
6372,6372,17917.0,2023-11-15 12:32:10.071923,2023-11-15 12:32:10.759852,0 days 00:00:00.687929,0.8,10,3.0,0.9,26,67,COMPLETE
6373,6373,18392.25,2023-11-15 12:32:10.762342,2023-11-15 12:32:11.355727,0 days 00:00:00.593385,0.7000000000000001,20,3.0,0.9,8,71,COMPLETE
6374,6374,17014.0,2023-11-15 12:32:11.357818,2023-11-15 12:32:11.925234,0 days 00:00:00.567416,0.8,10,2.75,0.9,18,64,COMPLETE
6375,6375,17833.0,2023-11-15 12:32:11.927959,2023-11-15 12:32:12.627468,0 days 00:00:00.699509,0.8,10,3.0,0.9,20,80,COMPLETE
6376,6376,18682.0,2023-11-15 12:32:12.629720,2023-11-15 12:32:13.185944,0 days 00:00:00.556224,0.8,10,2.75,0.9,15,75,COMPLETE
6377,6377,19260.75,2023-11-15 12:32:13.188409,2023-11-15 12:32:13.729574,0 days 00:00:00.541165,0.8,10,3.0,0.9,23,71,COMPLETE
6378,6378,17115.5,2023-11-15 12:32:13.731687,2023-11-15 12:32:14.312890,0 days 00:00:00.581203,0.8,10,3.0,0.9,18,69,COMPLETE
6379,6379,17360.25,2023-11-15 12:32:14.315082,2023-11-15 12:32:14.877728,0 days 00:00:00.562646,0.8,10,3.0,0.9,21,78,COMPLETE
6380,6380,17369.5,2023-11-15 12:32:14.880089,2023-11-15 12:32:15.463097,0 days 00:00:00.583008,0.8,10,2.75,0.9,49,73,COMPLETE
6381,6381,16547.25,2023-11-15 12:32:15.465936,2023-11-15 12:32:16.081589,0 days 00:00:00.615653,0.9,10,3.0,0.9,13,66,COMPLETE
6382,6382,18392.25,2023-11-15 12:32:16.083724,2023-11-15 12:32:16.645486,0 days 00:00:00.561762,0.8,20,3.0,0.9,24,71,COMPLETE
6383,6383,16626.0,2023-11-15 12:32:16.647978,2023-11-15 12:32:17.200713,0 days 00:00:00.552735,0.8,10,3.0,0.8,17,62,COMPLETE
6384,6384,19260.75,2023-11-15 12:32:17.203642,2023-11-15 12:32:17.776612,0 days 00:00:00.572970,0.6,10,3.0,0.9,27,76,COMPLETE
6385,6385,17547.25,2023-11-15 12:32:17.778797,2023-11-15 12:32:18.350287,0 days 00:00:00.571490,0.8,10,2.75,0.9,19,68,COMPLETE
6386,6386,17369.5,2023-11-15 12:32:18.353251,2023-11-15 12:32:18.943849,0 days 00:00:00.590598,0.8,10,3.0,0.9,14,73,COMPLETE
6387,6387,17292.25,2023-11-15 12:32:18.946556,2023-11-15 12:32:19.511134,0 days 00:00:00.564578,0.8,10,3.0,0.7000000000000001,21,69,COMPLETE
6388,6388,17652.75,2023-11-15 12:32:19.513340,2023-11-15 12:32:20.074850,0 days 00:00:00.561510,0.8,10,2.5,0.9,16,65,COMPLETE
6389,6389,19260.75,2023-11-15 12:32:20.077185,2023-11-15 12:32:20.639262,0 days 00:00:00.562077,0.9,10,3.0,0.9,24,74,COMPLETE
6390,6390,18121.5,2023-11-15 12:32:20.641881,2023-11-15 12:32:21.228320,0 days 00:00:00.586439,0.8,10,2.75,0.9,19,77,COMPLETE
6391,6391,18297.0,2023-11-15 12:32:21.231137,2023-11-15 12:32:21.804628,0 days 00:00:00.573491,0.8,20,3.0,0.9,21,83,COMPLETE
6392,6392,19260.75,2023-11-15 12:32:21.807029,2023-11-15 12:32:22.377713,0 days 00:00:00.570684,0.8,10,3.0,0.9,17,71,COMPLETE
6393,6393,17920.5,2023-11-15 12:32:22.380208,2023-11-15 12:32:22.936701,0 days 00:00:00.556493,0.7000000000000001,10,3.0,0.9,22,67,COMPLETE
6394,6394,19260.75,2023-11-15 12:32:22.939090,2023-11-15 12:32:23.482993,0 days 00:00:00.543903,0.8,10,2.75,0.9,25,71,COMPLETE
6395,6395,17920.75,2023-11-15 12:32:23.486479,2023-11-15 12:32:24.057141,0 days 00:00:00.570662,0.8,10,3.0,0.9,19,74,COMPLETE
6396,6396,17451.25,2023-11-15 12:32:24.059837,2023-11-15 12:32:24.613694,0 days 00:00:00.553857,0.8,10,3.0,0.8,11,59,COMPLETE
6397,6397,17369.25,2023-11-15 12:32:24.616059,2023-11-15 12:32:25.165489,0 days 00:00:00.549430,0.8,10,3.0,0.9,56,79,COMPLETE
6398,6398,17547.25,2023-11-15 12:32:25.167590,2023-11-15 12:32:25.732171,0 days 00:00:00.564581,0.8,10,3.0,0.9,15,68,COMPLETE
6399,6399,17014.0,2023-11-15 12:32:25.734670,2023-11-15 12:32:26.292368,0 days 00:00:00.557698,0.8,10,2.75,0.9,22,64,COMPLETE
6400,6400,18490.0,2023-11-15 12:32:26.294537,2023-11-15 12:32:26.849847,0 days 00:00:00.555310,0.7000000000000001,10,3.0,0.9,17,72,COMPLETE
6401,6401,17190.0,2023-11-15 12:32:26.852874,2023-11-15 12:32:27.413657,0 days 00:00:00.560783,0.8,20,3.0,0.9,29,75,COMPLETE
6402,6402,17115.5,2023-11-15 12:32:27.415891,2023-11-15 12:32:27.988408,0 days 00:00:00.572517,0.8,10,2.75,0.9,20,69,COMPLETE
6403,6403,19260.75,2023-11-15 12:32:27.990732,2023-11-15 12:32:28.554514,0 days 00:00:00.563782,0.8,10,3.0,0.9,14,71,COMPLETE
6404,6404,17917.0,2023-11-15 12:32:28.557629,2023-11-15 12:32:29.145153,0 days 00:00:00.587524,0.8,10,2.75,0.9,24,67,COMPLETE
6405,6405,13285.0,2023-11-15 12:32:29.148055,2023-11-15 12:32:29.733993,0 days 00:00:00.585938,0.8,90,2.25,0.9,18,77,COMPLETE
6406,6406,17462.25,2023-11-15 12:32:29.736797,2023-11-15 12:32:30.295072,0 days 00:00:00.558275,0.8,10,2.5,0.9,20,73,COMPLETE
6407,6407,17194.5,2023-11-15 12:32:30.297244,2023-11-15 12:32:30.868327,0 days 00:00:00.571083,0.9,10,3.0,0.9,26,64,COMPLETE
6408,6408,17922.5,2023-11-15 12:32:30.871310,2023-11-15 12:32:31.447151,0 days 00:00:00.575841,0.8,10,3.0,0.8,16,70,COMPLETE
6409,6409,17833.0,2023-11-15 12:32:31.449371,2023-11-15 12:32:32.026292,0 days 00:00:00.576921,0.8,10,3.0,0.9,22,80,COMPLETE
6410,6410,18682.0,2023-11-15 12:32:32.028480,2023-11-15 12:32:32.605541,0 days 00:00:00.577061,0.8,10,3.0,0.9,18,75,COMPLETE
6411,6411,17549.5,2023-11-15 12:32:32.612992,2023-11-15 12:32:33.201761,0 days 00:00:00.588769,0.7000000000000001,10,3.0,0.9,12,68,COMPLETE
6412,6412,17186.0,2023-11-15 12:32:33.204942,2023-11-15 12:32:33.772181,0 days 00:00:00.567239,0.8,10,2.75,0.9,23,73,COMPLETE
6413,6413,15902.75,2023-11-15 12:32:33.774746,2023-11-15 12:32:34.338083,0 days 00:00:00.563337,0.8,20,3.0,0.9,20,61,COMPLETE
6414,6414,17917.0,2023-11-15 12:32:34.340334,2023-11-15 12:32:34.913232,0 days 00:00:00.572898,0.8,10,3.0,0.9,15,67,COMPLETE
6415,6415,14569.25,2023-11-15 12:32:34.915794,2023-11-15 12:32:35.531753,0 days 00:00:00.615959,0.8,60,3.0,0.9,18,77,COMPLETE
6416,6416,17825.5,2023-11-15 12:32:35.534829,2023-11-15 12:32:36.120768,0 days 00:00:00.585939,0.8,10,2.75,0.9,22,70,COMPLETE
6417,6417,14152.75,2023-11-15 12:32:36.122860,2023-11-15 12:32:36.720460,0 days 00:00:00.597600,0.9,50,3.0,0.9,25,73,COMPLETE
6418,6418,16719.5,2023-11-15 12:32:36.723057,2023-11-15 12:32:37.290820,0 days 00:00:00.567763,0.8,10,3.0,0.9,10,66,COMPLETE
6419,6419,19260.75,2023-11-15 12:32:37.293670,2023-11-15 12:32:37.884252,0 days 00:00:00.590582,0.8,10,3.0,0.9,13,71,COMPLETE
6420,6420,18682.0,2023-11-15 12:32:37.887656,2023-11-15 12:32:38.454892,0 days 00:00:00.567236,0.8,10,2.5,0.9,20,75,COMPLETE
6421,6421,17020.25,2023-11-15 12:32:38.457062,2023-11-15 12:32:39.036491,0 days 00:00:00.579429,0.8,10,2.75,0.8,27,69,COMPLETE
6422,6422,15630.5,2023-11-15 12:32:39.038778,2023-11-15 12:32:39.613136,0 days 00:00:00.574358,0.8,20,3.0,0.9,16,63,COMPLETE
6423,6423,18122.5,2023-11-15 12:32:39.616065,2023-11-15 12:32:40.201204,0 days 00:00:00.585139,0.8,10,3.0,0.9,18,72,COMPLETE
6424,6424,18121.5,2023-11-15 12:32:40.204150,2023-11-15 12:32:40.761551,0 days 00:00:00.557401,0.8,10,2.75,0.9,69,77,COMPLETE
6425,6425,16719.5,2023-11-15 12:32:40.764122,2023-11-15 12:32:41.345220,0 days 00:00:00.581098,0.8,10,3.0,0.9,41,66,COMPLETE
6426,6426,17833.0,2023-11-15 12:32:41.347578,2023-11-15 12:32:41.907610,0 days 00:00:00.560032,0.8,10,3.0,0.9,23,80,COMPLETE
6427,6427,17825.5,2023-11-15 12:32:41.910083,2023-11-15 12:32:42.467435,0 days 00:00:00.557352,0.8,10,3.0,0.9,20,70,COMPLETE
6428,6428,18679.5,2023-11-15 12:32:42.470323,2023-11-15 12:32:43.009945,0 days 00:00:00.539622,0.7000000000000001,10,2.75,0.9,16,75,COMPLETE
6429,6429,16910.5,2023-11-15 12:32:43.012106,2023-11-15 12:32:43.592490,0 days 00:00:00.580384,0.8,10,3.0,0.9,14,54,COMPLETE
6430,6430,17369.5,2023-11-15 12:32:43.594830,2023-11-15 12:32:44.165322,0 days 00:00:00.570492,0.8,10,3.0,0.9,21,73,COMPLETE
6431,6431,17115.5,2023-11-15 12:32:44.167480,2023-11-15 12:32:44.723088,0 days 00:00:00.555608,0.8,10,2.75,0.9,61,69,COMPLETE
6432,6432,17654.5,2023-11-15 12:32:44.725521,2023-11-15 12:32:45.292488,0 days 00:00:00.566967,0.8,10,3.0,0.9,24,65,COMPLETE
6433,6433,17931.25,2023-11-15 12:32:45.295204,2023-11-15 12:32:45.858005,0 days 00:00:00.562801,0.8,10,3.0,0.8,18,72,COMPLETE
6434,6434,15899.75,2023-11-15 12:32:45.860319,2023-11-15 12:32:46.435227,0 days 00:00:00.574908,0.8,20,3.0,0.9,32,68,COMPLETE
6435,6435,16193.5,2023-11-15 12:32:46.437879,2023-11-15 12:32:47.055500,0 days 00:00:00.617621,0.9,30,3.0,0.9,19,76,COMPLETE
6436,6436,17285.25,2023-11-15 12:32:47.058288,2023-11-15 12:32:47.632995,0 days 00:00:00.574707,0.8,10,2.75,0.9,22,84,COMPLETE
6437,6437,16711.25,2023-11-15 12:32:47.635723,2023-11-15 12:32:48.198917,0 days 00:00:00.563194,0.8,10,3.0,0.9,16,62,COMPLETE
6438,6438,19260.75,2023-11-15 12:32:48.201206,2023-11-15 12:32:48.745308,0 days 00:00:00.544102,0.8,10,3.0,0.9,25,71,COMPLETE
6439,6439,17730.75,2023-11-15 12:32:48.747602,2023-11-15 12:32:49.319280,0 days 00:00:00.571678,0.8,10,2.5,0.9,17,78,COMPLETE
6440,6440,16719.5,2023-11-15 12:32:49.321635,2023-11-15 12:32:49.898116,0 days 00:00:00.576481,0.8,10,2.75,0.9,21,66,COMPLETE
6441,6441,17920.75,2023-11-15 12:32:49.900629,2023-11-15 12:32:50.477450,0 days 00:00:00.576821,0.8,10,3.0,0.9,14,74,COMPLETE
6442,6442,16708.0,2023-11-15 12:32:50.479772,2023-11-15 12:32:51.074925,0 days 00:00:00.595153,0.7000000000000001,20,3.0,0.9,28,69,COMPLETE
6443,6443,17369.5,2023-11-15 12:32:51.077127,2023-11-15 12:32:51.630940,0 days 00:00:00.553813,0.8,10,3.0,0.9,19,73,COMPLETE
6444,6444,17745.25,2023-11-15 12:32:51.633272,2023-11-15 12:32:52.199486,0 days 00:00:00.566214,0.9,10,3.0,0.9,24,68,COMPLETE
6445,6445,19260.75,2023-11-15 12:32:52.201690,2023-11-15 12:32:52.765062,0 days 00:00:00.563372,0.8,10,2.75,0.8,21,71,COMPLETE
6446,6446,17014.0,2023-11-15 12:32:52.767283,2023-11-15 12:32:53.342643,0 days 00:00:00.575360,0.8,10,3.0,0.9,78,64,COMPLETE
6447,6447,17196.25,2023-11-15 12:32:53.344896,2023-11-15 12:32:53.928993,0 days 00:00:00.584097,0.8,10,2.75,0.9,17,76,COMPLETE
6448,6448,16619.5,2023-11-15 12:32:53.931203,2023-11-15 12:32:54.517003,0 days 00:00:00.585800,0.8,10,3.0,0.9,19,57,COMPLETE
6449,6449,17930.5,2023-11-15 12:32:54.519637,2023-11-15 12:32:55.082828,0 days 00:00:00.563191,0.8,10,3.0,0.4,13,79,COMPLETE
6450,6450,17825.5,2023-11-15 12:32:55.085516,2023-11-15 12:32:55.634335,0 days 00:00:00.548819,0.8,10,3.0,0.9,65,70,COMPLETE
6451,6451,17751.75,2023-11-15 12:32:55.637152,2023-11-15 12:32:56.194493,0 days 00:00:00.557341,0.7000000000000001,10,2.25,0.6,23,74,COMPLETE
6452,6452,15715.0,2023-11-15 12:32:56.196702,2023-11-15 12:32:56.780436,0 days 00:00:00.583734,0.8,20,0.5,0.9,27,67,COMPLETE
6453,6453,19260.75,2023-11-15 12:32:56.782658,2023-11-15 12:32:57.330331,0 days 00:00:00.547673,0.8,10,3.0,0.9,15,71,COMPLETE
6454,6454,17920.75,2023-11-15 12:32:57.332831,2023-11-15 12:32:57.901797,0 days 00:00:00.568966,0.8,10,3.0,0.9,22,74,COMPLETE
6455,6455,17832.5,2023-11-15 12:32:57.904170,2023-11-15 12:32:58.495025,0 days 00:00:00.590855,0.8,10,2.75,0.9,19,81,COMPLETE
6456,6456,14508.25,2023-11-15 12:32:58.497704,2023-11-15 12:32:59.106544,0 days 00:00:00.608840,0.8,10,0.25,0.9,17,66,COMPLETE
6457,6457,17020.25,2023-11-15 12:32:59.109819,2023-11-15 12:32:59.674319,0 days 00:00:00.564500,0.8,10,3.0,0.8,30,69,COMPLETE
6458,6458,18118.5,2023-11-15 12:32:59.676943,2023-11-15 12:33:00.245856,0 days 00:00:00.568913,0.8,10,2.5,0.9,12,77,COMPLETE
6459,6459,14652.5,2023-11-15 12:33:00.248058,2023-11-15 12:33:00.842314,0 days 00:00:00.594256,0.8,70,3.0,0.9,20,73,COMPLETE
6460,6460,15609.75,2023-11-15 12:33:00.844648,2023-11-15 12:33:01.435631,0 days 00:00:00.590983,0.4,10,2.75,0.9,75,62,COMPLETE
6461,6461,19260.75,2023-11-15 12:33:01.438595,2023-11-15 12:33:02.014047,0 days 00:00:00.575452,0.9,10,3.0,0.9,25,71,COMPLETE
6462,6462,17920.5,2023-11-15 12:33:02.016277,2023-11-15 12:33:02.597216,0 days 00:00:00.580939,0.7000000000000001,10,3.0,0.9,16,67,COMPLETE
6463,6463,17190.0,2023-11-15 12:33:02.599430,2023-11-15 12:33:03.201414,0 days 00:00:00.601984,0.8,20,3.0,0.9,22,75,COMPLETE
6464,6464,17014.0,2023-11-15 12:33:03.204177,2023-11-15 12:33:03.783763,0 days 00:00:00.579586,0.8,10,3.0,0.9,19,64,COMPLETE
6465,6465,17825.5,2023-11-15 12:33:03.787128,2023-11-15 12:33:04.366360,0 days 00:00:00.579232,0.8,10,2.75,0.9,10,70,COMPLETE
6466,6466,17185.25,2023-11-15 12:33:04.368961,2023-11-15 12:33:04.953235,0 days 00:00:00.584274,0.8,10,3.0,0.9,15,73,COMPLETE
6467,6467,17360.25,2023-11-15 12:33:04.956190,2023-11-15 12:33:05.517219,0 days 00:00:00.561029,0.8,10,3.0,0.9,23,78,COMPLETE
6468,6468,16460.5,2023-11-15 12:33:05.520123,2023-11-15 12:33:06.125769,0 days 00:00:00.605646,0.8,40,3.0,0.8,18,113,COMPLETE
6469,6469,17561.25,2023-11-15 12:33:06.128344,2023-11-15 12:33:06.702116,0 days 00:00:00.573772,0.9,10,2.75,0.9,21,69,COMPLETE
6470,6470,16713.5,2023-11-15 12:33:06.705103,2023-11-15 12:33:07.265892,0 days 00:00:00.560789,0.8,10,2.5,0.9,17,66,COMPLETE
6471,6471,18122.5,2023-11-15 12:33:07.268256,2023-11-15 12:33:07.843219,0 days 00:00:00.574963,0.8,10,3.0,0.9,25,72,COMPLETE
6472,6472,17547.25,2023-11-15 12:33:07.845750,2023-11-15 12:33:08.430609,0 days 00:00:00.584859,0.8,10,3.0,0.9,20,68,COMPLETE
6473,6473,16898.75,2023-11-15 12:33:08.432886,2023-11-15 12:33:08.997694,0 days 00:00:00.564808,0.8,20,2.75,0.9,13,76,COMPLETE
6474,6474,18122.5,2023-11-15 12:33:08.999971,2023-11-15 12:33:09.578802,0 days 00:00:00.578831,0.8,10,3.0,0.9,23,72,COMPLETE
6475,6475,18587.75,2023-11-15 12:33:09.588097,2023-11-15 12:33:10.184589,0 days 00:00:00.596492,0.6,10,3.0,0.9,15,75,COMPLETE
6476,6476,17014.0,2023-11-15 12:33:10.187508,2023-11-15 12:33:10.772543,0 days 00:00:00.585035,0.8,10,3.0,0.9,19,64,COMPLETE
6477,6477,17825.5,2023-11-15 12:33:10.774705,2023-11-15 12:33:11.343659,0 days 00:00:00.568954,0.8,10,2.75,0.9,27,70,COMPLETE
6478,6478,17280.0,2023-11-15 12:33:11.346058,2023-11-15 12:33:11.909227,0 days 00:00:00.563169,0.8,10,3.0,0.9,21,60,COMPLETE
6479,6479,18586.0,2023-11-15 12:33:11.911808,2023-11-15 12:33:12.493384,0 days 00:00:00.581576,0.7000000000000001,10,3.0,0.9,18,80,COMPLETE
6480,6480,17547.25,2023-11-15 12:33:12.496255,2023-11-15 12:33:13.083357,0 days 00:00:00.587102,0.8,10,2.75,0.9,16,68,COMPLETE
6481,6481,17460.25,2023-11-15 12:33:13.086043,2023-11-15 12:33:13.667074,0 days 00:00:00.581031,0.8,10,2.0,0.9,24,73,COMPLETE
6482,6482,16719.5,2023-11-15 12:33:13.673914,2023-11-15 12:33:14.260079,0 days 00:00:00.586165,0.8,10,3.0,0.9,21,66,COMPLETE
6483,6483,16898.75,2023-11-15 12:33:14.262205,2023-11-15 12:33:14.844615,0 days 00:00:00.582410,0.8,20,3.0,0.9,17,76,COMPLETE
6484,6484,16678.25,2023-11-15 12:33:14.847038,2023-11-15 12:33:15.431305,0 days 00:00:00.584267,0.30000000000000004,10,3.0,0.9,51,71,COMPLETE
6485,6485,17020.25,2023-11-15 12:33:15.433646,2023-11-15 12:33:16.009459,0 days 00:00:00.575813,0.8,10,3.0,0.8,12,69,COMPLETE
6486,6486,17920.75,2023-11-15 12:33:16.011887,2023-11-15 12:33:16.582752,0 days 00:00:00.570865,0.8,10,2.75,0.9,14,74,COMPLETE
6487,6487,17014.0,2023-11-15 12:33:16.585172,2023-11-15 12:33:17.172244,0 days 00:00:00.587072,0.8,10,3.0,0.9,20,64,COMPLETE
6488,6488,19260.75,2023-11-15 12:33:17.174493,2023-11-15 12:33:17.726591,0 days 00:00:00.552098,0.8,10,2.5,0.9,23,71,COMPLETE
6489,6489,17642.5,2023-11-15 12:33:17.729137,2023-11-15 12:33:18.304562,0 days 00:00:00.575425,0.8,10,3.0,0.9,26,82,COMPLETE
6490,6490,17277.0,2023-11-15 12:33:18.306802,2023-11-15 12:33:18.885638,0 days 00:00:00.578836,0.9,20,3.0,0.9,18,77,COMPLETE
6491,6491,17917.0,2023-11-15 12:33:18.888211,2023-11-15 12:33:19.454650,0 days 00:00:00.566439,0.8,10,2.75,0.9,22,67,COMPLETE
6492,6492,16855.25,2023-11-15 12:33:19.457599,2023-11-15 12:33:20.035066,0 days 00:00:00.577467,0.8,10,3.0,0.1,16,74,COMPLETE
6493,6493,17825.5,2023-11-15 12:33:20.037561,2023-11-15 12:33:20.635748,0 days 00:00:00.598187,0.8,10,3.0,0.9,20,70,COMPLETE
6494,6494,17452.5,2023-11-15 12:33:20.638420,2023-11-15 12:33:21.216401,0 days 00:00:00.577981,0.8,10,2.75,0.9,18,78,COMPLETE
6495,6495,18490.0,2023-11-15 12:33:21.218807,2023-11-15 12:33:21.762055,0 days 00:00:00.543248,0.7000000000000001,10,3.0,0.9,14,72,COMPLETE
6496,6496,18011.5,2023-11-15 12:33:21.764608,2023-11-15 12:33:22.344831,0 days 00:00:00.580223,0.8,10,3.0,0.8,24,67,COMPLETE
6497,6497,16711.25,2023-11-15 12:33:22.347257,2023-11-15 12:33:22.928273,0 days 00:00:00.581016,0.8,10,3.0,0.9,21,62,COMPLETE
6498,6498,18682.0,2023-11-15 12:33:22.930473,2023-11-15 12:33:23.499359,0 days 00:00:00.568886,0.8,10,3.0,0.9,19,75,COMPLETE
6499,6499,17825.5,2023-11-15 12:33:23.502570,2023-11-15 12:33:24.083113,0 days 00:00:00.580543,0.8,10,2.75,0.9,16,70,COMPLETE
