,number,value,datetime_start,datetime_complete,duration,params_alpha,params_decay_interval,params_decay_rate,params_gamma,params_initialization,params_max_steps,state
4248,4248,19292.25,2023-11-15 10:58:46.635726,2023-11-15 10:58:47.049570,0 days 00:00:00.413844,0.2,10,0.75,0.9,2,145,COMPLETE
4249,4249,19261.0,2023-11-15 10:58:47.051509,2023-11-15 10:58:47.454410,0 days 00:00:00.402901,0.2,10,0.75,0.8,0,142,COMPLETE
4250,4250,19111.25,2023-11-15 10:58:47.456283,2023-11-15 10:58:47.853298,0 days 00:00:00.397015,0.2,10,0.75,0.9,6,150,COMPLETE
4251,4251,18872.5,2023-11-15 10:58:47.855008,2023-11-15 10:58:48.264119,0 days 00:00:00.409111,0.1,10,1.0,0.9,2,134,COMPLETE
4252,4252,17552.25,2023-11-15 10:58:48.265989,2023-11-15 10:58:48.780878,0 days 00:00:00.514889,0.30000000000000004,10,0.75,0.6,4,145,COMPLETE
4253,4253,19261.0,2023-11-15 10:58:48.783127,2023-11-15 10:58:49.263034,0 days 00:00:00.479907,0.2,10,0.75,0.4,0,140,COMPLETE
4254,4254,19261.0,2023-11-15 10:58:49.265582,2023-11-15 10:58:49.767961,0 days 00:00:00.502379,0.2,10,0.75,0.7000000000000001,2,147,COMPLETE
4255,4255,19261.0,2023-11-15 10:58:49.770459,2023-11-15 10:58:50.229443,0 days 00:00:00.458984,0.2,10,1.75,0.9,4,143,COMPLETE
4256,4256,19172.25,2023-11-15 10:58:50.231329,2023-11-15 10:58:50.629875,0 days 00:00:00.398546,0.1,10,0.5,0.9,9,148,COMPLETE
4257,4257,19065.25,2023-11-15 10:58:50.631712,2023-11-15 10:58:51.050914,0 days 00:00:00.419202,0.2,10,0.75,0.9,0,137,COMPLETE
4258,4258,18210.75,2023-11-15 10:58:51.052826,2023-11-15 10:58:51.461489,0 days 00:00:00.408663,0.2,20,1.5,0.9,2,145,COMPLETE
4259,4259,19132.0,2023-11-15 10:58:51.463247,2023-11-15 10:58:51.857913,0 days 00:00:00.394666,0.2,10,1.0,0.9,6,150,COMPLETE
4260,4260,19066.25,2023-11-15 10:58:51.859711,2023-11-15 10:58:52.262425,0 days 00:00:00.402714,0.1,10,0.75,0.9,14,141,COMPLETE
4261,4261,19359.75,2023-11-15 10:58:52.264168,2023-11-15 10:58:52.661708,0 days 00:00:00.397540,0.2,10,0.75,0.9,4,145,COMPLETE
4262,4262,19163.75,2023-11-15 10:58:52.663385,2023-11-15 10:58:53.067508,0 days 00:00:00.404123,0.2,10,1.25,0.8,0,147,COMPLETE
4263,4263,18647.0,2023-11-15 10:58:53.069302,2023-11-15 10:58:53.481101,0 days 00:00:00.411799,0.2,10,0.25,0.9,2,143,COMPLETE
4264,4264,11447.5,2023-11-15 10:58:53.483452,2023-11-15 10:58:53.954522,0 days 00:00:00.471070,0.2,10,0.75,0.6,96,140,COMPLETE
4265,4265,18700.5,2023-11-15 10:58:53.956206,2023-11-15 10:58:54.383884,0 days 00:00:00.427678,0.6,10,0.75,0.9,8,150,COMPLETE
4266,4266,18953.75,2023-11-15 10:58:54.385616,2023-11-15 10:58:54.794830,0 days 00:00:00.409214,0.30000000000000004,10,0.75,0.9,5,145,COMPLETE
4267,4267,18584.75,2023-11-15 10:58:54.797683,2023-11-15 10:58:55.198500,0 days 00:00:00.400817,0.1,20,0.75,0.9,0,147,COMPLETE
4268,4268,19028.25,2023-11-15 10:58:55.200454,2023-11-15 10:58:55.607590,0 days 00:00:00.407136,0.2,10,0.5,0.8,2,142,COMPLETE
4269,4269,17207.25,2023-11-15 10:58:55.609389,2023-11-15 10:58:56.036817,0 days 00:00:00.427428,0.5,10,0.75,0.9,4,147,COMPLETE
4270,4270,19066.5,2023-11-15 10:58:56.038667,2023-11-15 10:58:56.440134,0 days 00:00:00.401467,0.2,10,1.0,0.9,2,138,COMPLETE
4271,4271,19261.0,2023-11-15 10:58:56.441833,2023-11-15 10:58:56.867364,0 days 00:00:00.425531,0.2,10,1.25,0.5,0,143,COMPLETE
4272,4272,19111.25,2023-11-15 10:58:56.869164,2023-11-15 10:58:57.277724,0 days 00:00:00.408560,0.2,10,0.75,0.9,6,150,COMPLETE
4273,4273,14968.0,2023-11-15 10:58:57.279487,2023-11-15 10:58:57.721451,0 days 00:00:00.441964,0.30000000000000004,10,0.75,0.30000000000000004,2,145,COMPLETE
4274,4274,19147.25,2023-11-15 10:58:57.723194,2023-11-15 10:58:58.182433,0 days 00:00:00.459239,0.1,10,0.75,0.9,4,140,COMPLETE
4275,4275,19058.75,2023-11-15 10:58:58.184618,2023-11-15 10:58:58.600052,0 days 00:00:00.415434,0.4,10,0.75,0.9,2,148,COMPLETE
4276,4276,18975.25,2023-11-15 10:58:58.601853,2023-11-15 10:58:59.271764,0 days 00:00:00.669911,0.2,10,1.0,0.9,0,136,COMPLETE
4277,4277,18992.75,2023-11-15 10:58:59.273838,2023-11-15 10:58:59.769508,0 days 00:00:00.495670,0.2,10,0.75,0.9,11,143,COMPLETE
4278,4278,19261.0,2023-11-15 10:58:59.772349,2023-11-15 10:59:00.746005,0 days 00:00:00.973656,0.1,10,0.75,0.9,7,147,COMPLETE
4279,4279,18973.0,2023-11-15 10:59:00.749491,2023-11-15 10:59:01.536894,0 days 00:00:00.787403,0.2,10,0.75,0.9,4,141,COMPLETE
4280,4280,19359.75,2023-11-15 10:59:01.538951,2023-11-15 10:59:02.003946,0 days 00:00:00.464995,0.2,10,1.0,0.8,0,145,COMPLETE
4281,4281,17643.75,2023-11-15 10:59:02.012241,2023-11-15 10:59:02.572235,0 days 00:00:00.559994,0.2,30,0.5,0.9,2,150,COMPLETE
4282,4282,18150.25,2023-11-15 10:59:02.574017,2023-11-15 10:59:03.313139,0 days 00:00:00.739122,0.2,20,0.75,0.7000000000000001,4,143,COMPLETE
4283,4283,19164.0,2023-11-15 10:59:03.316657,2023-11-15 10:59:03.895609,0 days 00:00:00.578952,0.1,10,1.25,0.9,0,147,COMPLETE
4284,4284,18912.25,2023-11-15 10:59:03.897820,2023-11-15 10:59:04.539162,0 days 00:00:00.641342,0.2,10,0.75,0.9,47,138,COMPLETE
4285,4285,8299.25,2023-11-15 10:59:04.541432,2023-11-15 10:59:05.020569,0 days 00:00:00.479137,0.2,10,0.75,0.5,2,119,COMPLETE
4286,4286,19262.25,2023-11-15 10:59:05.022586,2023-11-15 10:59:05.439230,0 days 00:00:00.416644,0.2,10,0.75,0.9,6,145,COMPLETE
4287,4287,18882.0,2023-11-15 10:59:05.441302,2023-11-15 10:59:05.947905,0 days 00:00:00.506603,0.1,10,0.75,0.9,3,84,COMPLETE
4288,4288,18300.0,2023-11-15 10:59:05.950841,2023-11-15 10:59:06.407614,0 days 00:00:00.456773,0.2,20,1.0,0.9,0,141,COMPLETE
4289,4289,17848.75,2023-11-15 10:59:06.409521,2023-11-15 10:59:06.864276,0 days 00:00:00.454755,0.8,10,0.75,0.9,9,148,COMPLETE
4290,4290,12261.25,2023-11-15 10:59:06.866593,2023-11-15 10:59:07.359573,0 days 00:00:00.492980,0.2,100,0.75,0.9,5,144,COMPLETE
4291,4291,15568.5,2023-11-15 10:59:07.361229,2023-11-15 10:59:07.808026,0 days 00:00:00.446797,0.30000000000000004,10,0.25,0.1,2,150,COMPLETE
4292,4292,19076.5,2023-11-15 10:59:07.809720,2023-11-15 10:59:08.211254,0 days 00:00:00.401534,0.2,10,0.5,0.9,0,134,COMPLETE
4293,4293,19066.25,2023-11-15 10:59:08.212973,2023-11-15 10:59:08.626243,0 days 00:00:00.413270,0.2,10,0.75,0.9,4,140,COMPLETE
4294,4294,19261.0,2023-11-15 10:59:08.627921,2023-11-15 10:59:09.023599,0 days 00:00:00.395678,0.2,10,1.0,0.8,7,147,COMPLETE
4295,4295,19261.0,2023-11-15 10:59:09.025436,2023-11-15 10:59:09.432732,0 days 00:00:00.407296,0.1,10,1.25,0.9,2,143,COMPLETE
4296,4296,19359.75,2023-11-15 10:59:09.435152,2023-11-15 10:59:09.847244,0 days 00:00:00.412092,0.2,10,0.75,0.9,0,145,COMPLETE
4297,4297,19261.0,2023-11-15 10:59:09.849476,2023-11-15 10:59:10.252637,0 days 00:00:00.403161,0.2,10,0.75,0.9,3,147,COMPLETE
4298,4298,18488.25,2023-11-15 10:59:10.254739,2023-11-15 10:59:10.746926,0 days 00:00:00.492187,0.1,10,0.75,0.9,6,129,COMPLETE
4299,4299,18351.25,2023-11-15 10:59:10.749204,2023-11-15 10:59:11.180697,0 days 00:00:00.431493,0.2,20,0.75,0.9,0,139,COMPLETE
4300,4300,17139.0,2023-11-15 10:59:11.182738,2023-11-15 10:59:11.602834,0 days 00:00:00.420096,0.30000000000000004,10,0.75,0.6,2,143,COMPLETE
4301,4301,19136.5,2023-11-15 10:59:11.605140,2023-11-15 10:59:12.020283,0 days 00:00:00.415143,0.2,10,0.75,0.9,4,148,COMPLETE
4302,4302,18865.75,2023-11-15 10:59:12.022011,2023-11-15 10:59:12.434669,0 days 00:00:00.412658,0.2,10,0.75,0.8,2,150,COMPLETE
4303,4303,0.0,2023-11-15 10:59:12.436431,2023-11-15 10:59:12.853272,0 days 00:00:00.416841,0.1,10,1.0,0.9,0,19,COMPLETE
4304,4304,19166.75,2023-11-15 10:59:12.855293,2023-11-15 10:59:13.273437,0 days 00:00:00.418144,0.2,10,0.5,0.9,8,145,COMPLETE
4305,4305,18394.75,2023-11-15 10:59:13.275122,2023-11-15 10:59:13.695525,0 days 00:00:00.420403,0.2,20,0.75,0.9,5,141,COMPLETE
4306,4306,18886.5,2023-11-15 10:59:13.697301,2023-11-15 10:59:14.195388,0 days 00:00:00.498087,0.30000000000000004,10,1.25,0.7000000000000001,2,137,COMPLETE
4307,4307,19359.75,2023-11-15 10:59:14.197038,2023-11-15 10:59:14.598500,0 days 00:00:00.401462,0.2,10,0.75,0.9,4,145,COMPLETE
4308,4308,19261.0,2023-11-15 10:59:14.600818,2023-11-15 10:59:15.004233,0 days 00:00:00.403415,0.1,10,0.75,0.8,0,150,COMPLETE
4309,4309,14001.75,2023-11-15 10:59:15.007069,2023-11-15 10:59:15.457979,0 days 00:00:00.450910,0.2,40,1.0,0.4,2,142,COMPLETE
4310,4310,17344.75,2023-11-15 10:59:15.460099,2023-11-15 10:59:15.891314,0 days 00:00:00.431215,0.2,10,0.75,0.9,82,147,COMPLETE
4311,4311,19269.5,2023-11-15 10:59:15.892997,2023-11-15 10:59:16.307598,0 days 00:00:00.414601,0.2,10,0.5,0.9,6,145,COMPLETE
4312,4312,19261.0,2023-11-15 10:59:16.309499,2023-11-15 10:59:16.725453,0 days 00:00:00.415954,0.1,10,0.75,0.9,0,140,COMPLETE
4313,4313,19261.0,2023-11-15 10:59:16.728460,2023-11-15 10:59:17.139479,0 days 00:00:00.411019,0.2,10,0.75,0.9,3,147,COMPLETE
4314,4314,18989.75,2023-11-15 10:59:17.141422,2023-11-15 10:59:17.567530,0 days 00:00:00.426108,0.4,10,0.75,0.9,4,143,COMPLETE
4315,4315,15446.5,2023-11-15 10:59:17.569451,2023-11-15 10:59:18.034217,0 days 00:00:00.464766,0.2,10,0.25,0.9,2,32,COMPLETE
4316,4316,19270.0,2023-11-15 10:59:18.036217,2023-11-15 10:59:18.525605,0 days 00:00:00.489388,0.2,10,1.25,0.9,0,148,COMPLETE
4317,4317,6197.75,2023-11-15 10:59:18.527548,2023-11-15 10:59:19.149033,0 days 00:00:00.621485,0.2,20,1.0,0.2,10,136,COMPLETE
4318,4318,11776.25,2023-11-15 10:59:19.151433,2023-11-15 10:59:19.709044,0 days 00:00:00.557611,0.1,10,0.75,0.5,5,150,COMPLETE
4319,4319,18992.75,2023-11-15 10:59:19.711600,2023-11-15 10:59:20.182011,0 days 00:00:00.470411,0.2,10,0.75,0.9,2,143,COMPLETE
4320,4320,18870.75,2023-11-15 10:59:20.184369,2023-11-15 10:59:20.584794,0 days 00:00:00.400425,0.2,10,0.75,0.9,0,52,COMPLETE
4321,4321,10950.5,2023-11-15 10:59:20.586467,2023-11-15 10:59:21.058834,0 days 00:00:00.472367,0.2,10,0.75,0.6,8,139,COMPLETE
4322,4322,19359.75,2023-11-15 10:59:21.060988,2023-11-15 10:59:21.503722,0 days 00:00:00.442734,0.2,10,0.75,0.9,4,145,COMPLETE
4323,4323,19261.0,2023-11-15 10:59:21.505391,2023-11-15 10:59:21.917755,0 days 00:00:00.412364,0.30000000000000004,10,0.75,0.9,2,147,COMPLETE
4324,4324,18586.0,2023-11-15 10:59:21.919472,2023-11-15 10:59:22.335863,0 days 00:00:00.416391,0.2,10,1.0,0.8,6,142,COMPLETE
4325,4325,19261.0,2023-11-15 10:59:22.337662,2023-11-15 10:59:22.748195,0 days 00:00:00.410533,0.1,10,0.75,0.9,0,150,COMPLETE
4326,4326,19313.25,2023-11-15 10:59:22.750972,2023-11-15 10:59:23.159361,0 days 00:00:00.408389,0.2,10,0.75,0.9,3,145,COMPLETE
4327,4327,18297.75,2023-11-15 10:59:23.161618,2023-11-15 10:59:23.576711,0 days 00:00:00.415093,0.2,20,0.5,0.9,2,139,COMPLETE
4328,4328,18787.25,2023-11-15 10:59:23.578413,2023-11-15 10:59:23.989322,0 days 00:00:00.410909,0.1,10,1.25,0.9,16,142,COMPLETE
4329,4329,19261.0,2023-11-15 10:59:23.991115,2023-11-15 10:59:24.397062,0 days 00:00:00.405947,0.2,10,0.75,0.9,0,147,COMPLETE
4330,4330,18786.25,2023-11-15 10:59:24.398958,2023-11-15 10:59:24.841381,0 days 00:00:00.442423,0.2,10,0.75,0.7000000000000001,4,145,COMPLETE
4331,4331,18884.25,2023-11-15 10:59:24.843021,2023-11-15 10:59:25.249198,0 days 00:00:00.406177,0.2,10,0.75,0.9,7,150,COMPLETE
4332,4332,12255.25,2023-11-15 10:59:25.251427,2023-11-15 10:59:25.713299,0 days 00:00:00.461872,0.1,20,1.0,0.30000000000000004,2,141,COMPLETE
4333,4333,14788.25,2023-11-15 10:59:25.715218,2023-11-15 10:59:26.163028,0 days 00:00:00.447810,0.2,10,1.5,0.8,34,147,COMPLETE
4334,4334,18288.0,2023-11-15 10:59:26.164671,2023-11-15 10:59:26.582584,0 days 00:00:00.417913,0.2,10,0.25,0.9,77,143,COMPLETE
4335,4335,19359.75,2023-11-15 10:59:26.584902,2023-11-15 10:59:26.988730,0 days 00:00:00.403828,0.2,10,0.75,0.9,0,145,COMPLETE
4336,4336,19296.75,2023-11-15 10:59:26.990434,2023-11-15 10:59:27.397986,0 days 00:00:00.407552,0.1,10,0.75,0.9,5,148,COMPLETE
4337,4337,18872.0,2023-11-15 10:59:27.399988,2023-11-15 10:59:27.818650,0 days 00:00:00.418662,0.30000000000000004,10,0.5,0.9,2,137,COMPLETE
4338,4338,13806.75,2023-11-15 10:59:27.820413,2023-11-15 10:59:28.256381,0 days 00:00:00.435968,0.2,80,1.0,0.9,4,134,COMPLETE
4339,4339,18969.25,2023-11-15 10:59:28.258300,2023-11-15 10:59:28.686611,0 days 00:00:00.428311,0.5,10,1.25,0.9,0,140,COMPLETE
4340,4340,18496.0,2023-11-15 10:59:28.689021,2023-11-15 10:59:29.104697,0 days 00:00:00.415676,0.2,10,0.75,0.8,6,144,COMPLETE
4341,4341,12541.75,2023-11-15 10:59:29.106410,2023-11-15 10:59:29.576579,0 days 00:00:00.470169,0.2,10,0.75,0.5,2,147,COMPLETE
4342,4342,19261.0,2023-11-15 10:59:29.578556,2023-11-15 10:59:29.982391,0 days 00:00:00.403835,0.1,10,0.75,0.9,0,150,COMPLETE
4343,4343,15551.25,2023-11-15 10:59:29.985391,2023-11-15 10:59:30.423476,0 days 00:00:00.438085,0.2,10,0.75,0.9,50,143,COMPLETE
4344,4344,18902.25,2023-11-15 10:59:30.425198,2023-11-15 10:59:30.841049,0 days 00:00:00.415851,0.30000000000000004,10,0.75,0.9,12,145,COMPLETE
4345,4345,19163.5,2023-11-15 10:59:30.843063,2023-11-15 10:59:31.248043,0 days 00:00:00.404980,0.2,10,1.0,0.9,4,140,COMPLETE
4346,4346,15931.25,2023-11-15 10:59:31.250143,2023-11-15 10:59:31.684121,0 days 00:00:00.433978,0.2,20,0.75,0.4,8,147,COMPLETE
4347,4347,19051.5,2023-11-15 10:59:31.686074,2023-11-15 10:59:32.099922,0 days 00:00:00.413848,0.1,10,0.75,0.9,2,142,COMPLETE
4348,4348,18969.25,2023-11-15 10:59:32.101984,2023-11-15 10:59:32.534720,0 days 00:00:00.432736,0.2,10,0.75,0.9,0,138,COMPLETE
4349,4349,19163.5,2023-11-15 10:59:32.536635,2023-11-15 10:59:32.942370,0 days 00:00:00.405735,0.2,10,1.25,0.9,3,150,COMPLETE
4350,4350,19262.25,2023-11-15 10:59:32.944028,2023-11-15 10:59:33.347686,0 days 00:00:00.403658,0.2,10,0.75,0.9,6,145,COMPLETE
4351,4351,19261.0,2023-11-15 10:59:33.350188,2023-11-15 10:59:33.824916,0 days 00:00:00.474728,0.2,10,0.75,0.9,2,147,COMPLETE
4352,4352,18882.25,2023-11-15 10:59:33.827363,2023-11-15 10:59:34.309020,0 days 00:00:00.481657,0.2,10,0.5,0.8,4,142,COMPLETE
4353,4353,19261.0,2023-11-15 10:59:34.310695,2023-11-15 10:59:34.721741,0 days 00:00:00.411046,0.1,10,0.75,0.9,0,147,COMPLETE
4354,4354,19066.25,2023-11-15 10:59:34.723391,2023-11-15 10:59:35.131213,0 days 00:00:00.407822,0.2,10,1.0,0.9,2,144,COMPLETE
4355,4355,19111.25,2023-11-15 10:59:35.134273,2023-11-15 10:59:35.539197,0 days 00:00:00.404924,0.2,10,0.75,0.9,4,150,COMPLETE
4356,4356,19261.0,2023-11-15 10:59:35.540932,2023-11-15 10:59:35.987628,0 days 00:00:00.446696,0.1,10,1.25,0.9,0,141,COMPLETE
4357,4357,18255.5,2023-11-15 10:59:35.989430,2023-11-15 10:59:36.400410,0 days 00:00:00.410980,0.2,10,0.75,0.9,10,136,COMPLETE
4358,4358,17040.25,2023-11-15 10:59:36.402442,2023-11-15 10:59:36.848014,0 days 00:00:00.445572,0.6,20,0.75,0.9,6,145,COMPLETE
4359,4359,19201.25,2023-11-15 10:59:36.851147,2023-11-15 10:59:37.268498,0 days 00:00:00.417351,0.2,10,0.75,0.9,2,148,COMPLETE
4360,4360,17185.75,2023-11-15 10:59:37.270373,2023-11-15 10:59:37.716437,0 days 00:00:00.446064,0.9,10,0.75,0.7000000000000001,0,139,COMPLETE
4361,4361,18784.5,2023-11-15 10:59:37.718588,2023-11-15 10:59:38.134411,0 days 00:00:00.415823,0.2,10,0.75,0.8,4,143,COMPLETE
4362,4362,19261.0,2023-11-15 10:59:38.136112,2023-11-15 10:59:38.537771,0 days 00:00:00.401659,0.30000000000000004,10,0.75,0.9,8,147,COMPLETE
4363,4363,19007.0,2023-11-15 10:59:38.539552,2023-11-15 10:59:38.953951,0 days 00:00:00.414399,0.1,10,1.0,0.9,2,132,COMPLETE
4364,4364,19161.25,2023-11-15 10:59:38.955706,2023-11-15 10:59:39.383024,0 days 00:00:00.427318,0.2,10,0.5,0.4,0,112,COMPLETE
4365,4365,14795.5,2023-11-15 10:59:39.385130,2023-11-15 10:59:39.817007,0 days 00:00:00.431877,0.2,70,0.75,0.9,5,150,COMPLETE
4366,4366,15513.0,2023-11-15 10:59:39.818738,2023-11-15 10:59:40.257237,0 days 00:00:00.438499,0.2,60,0.25,0.9,2,143,COMPLETE
4367,4367,18054.5,2023-11-15 10:59:40.259023,2023-11-15 10:59:40.672743,0 days 00:00:00.413720,0.1,20,1.25,0.8,3,145,COMPLETE
4368,4368,19261.0,2023-11-15 10:59:40.674484,2023-11-15 10:59:41.081788,0 days 00:00:00.407304,0.2,10,0.75,0.9,0,140,COMPLETE
4369,4369,19261.0,2023-11-15 10:59:41.084415,2023-11-15 10:59:41.494257,0 days 00:00:00.409842,0.2,10,0.75,0.9,4,147,COMPLETE
4370,4370,18992.75,2023-11-15 10:59:41.495922,2023-11-15 10:59:41.913108,0 days 00:00:00.417186,0.2,10,0.75,0.9,7,143,COMPLETE
4371,4371,19261.0,2023-11-15 10:59:41.914929,2023-11-15 10:59:42.318864,0 days 00:00:00.403935,0.30000000000000004,10,1.0,0.9,2,147,COMPLETE
4372,4372,19052.5,2023-11-15 10:59:42.320674,2023-11-15 10:59:42.727700,0 days 00:00:00.407026,0.4,10,0.75,0.9,0,150,COMPLETE
4373,4373,16366.5,2023-11-15 10:59:42.729534,2023-11-15 10:59:43.167904,0 days 00:00:00.438370,0.2,30,0.75,0.6,6,139,COMPLETE
4374,4374,19163.5,2023-11-15 10:59:43.169994,2023-11-15 10:59:43.572676,0 days 00:00:00.402682,0.1,10,0.75,0.9,2,144,COMPLETE
4375,4375,10830.0,2023-11-15 10:59:43.575229,2023-11-15 10:59:44.060597,0 days 00:00:00.485368,0.2,10,1.0,0.2,4,141,COMPLETE
4376,4376,16376.0,2023-11-15 10:59:44.062432,2023-11-15 10:59:44.484533,0 days 00:00:00.422101,0.2,50,0.5,0.9,27,136,COMPLETE
4377,4377,19359.75,2023-11-15 10:59:44.486596,2023-11-15 10:59:44.902801,0 days 00:00:00.416205,0.2,10,0.75,0.9,0,145,COMPLETE
4378,4378,6404.0,2023-11-15 10:59:44.904598,2023-11-15 10:59:45.439971,0 days 00:00:00.535373,0.2,20,1.75,0.1,2,148,COMPLETE
4379,4379,16576.25,2023-11-15 10:59:45.441758,2023-11-15 10:59:45.872433,0 days 00:00:00.430675,0.1,10,0.75,0.6,5,145,COMPLETE
4380,4380,16109.5,2023-11-15 10:59:45.874466,2023-11-15 10:59:46.311844,0 days 00:00:00.437378,0.2,10,0.75,0.30000000000000004,2,150,COMPLETE
4381,4381,19261.0,2023-11-15 10:59:46.314607,2023-11-15 10:59:46.750521,0 days 00:00:00.435914,0.2,10,0.75,0.8,0,141,COMPLETE
4382,4382,19014.75,2023-11-15 10:59:46.752353,2023-11-15 10:59:47.172367,0 days 00:00:00.420014,0.2,10,1.0,0.9,8,147,COMPLETE
4383,4383,19261.0,2023-11-15 10:59:47.174088,2023-11-15 10:59:47.575801,0 days 00:00:00.401713,0.1,10,1.25,0.9,4,142,COMPLETE
4384,4384,19163.5,2023-11-15 10:59:47.577502,2023-11-15 10:59:48.076093,0 days 00:00:00.498591,0.2,10,0.75,0.9,2,144,COMPLETE
4385,4385,11975.5,2023-11-15 10:59:48.078538,2023-11-15 10:59:48.625515,0 days 00:00:00.546977,0.30000000000000004,10,0.75,0.9,54,138,COMPLETE
4386,4386,19261.0,2023-11-15 10:59:48.627591,2023-11-15 10:59:49.160184,0 days 00:00:00.532593,0.2,10,0.5,0.9,0,147,COMPLETE
4387,4387,19111.25,2023-11-15 10:59:49.162145,2023-11-15 10:59:49.678430,0 days 00:00:00.516285,0.2,10,0.75,0.9,4,150,COMPLETE
4388,4388,18441.25,2023-11-15 10:59:49.680240,2023-11-15 10:59:50.123031,0 days 00:00:00.442791,0.1,10,0.75,0.8,6,145,COMPLETE
4389,4389,17838.25,2023-11-15 10:59:50.124843,2023-11-15 10:59:50.606133,0 days 00:00:00.481290,0.2,20,0.25,0.9,2,142,COMPLETE
4390,4390,0.0,2023-11-15 10:59:50.607805,2023-11-15 10:59:51.126148,0 days 00:00:00.518343,0.2,10,1.5,0.5,0,58,COMPLETE
4391,4391,19240.5,2023-11-15 10:59:51.128210,2023-11-15 10:59:51.573939,0 days 00:00:00.445729,0.2,10,1.0,0.9,10,148,COMPLETE
4392,4392,0.0,2023-11-15 10:59:51.575735,2023-11-15 10:59:51.991863,0 days 00:00:00.416128,0.2,10,0.75,0.9,3,8,COMPLETE
4393,4393,19359.75,2023-11-15 10:59:51.993618,2023-11-15 10:59:52.417880,0 days 00:00:00.424262,0.1,10,0.75,0.9,0,145,COMPLETE
4394,4394,19067.25,2023-11-15 10:59:52.419783,2023-11-15 10:59:52.847636,0 days 00:00:00.427853,0.2,10,1.25,0.9,6,140,COMPLETE
4395,4395,19261.0,2023-11-15 10:59:52.850361,2023-11-15 10:59:53.288318,0 days 00:00:00.437957,0.2,10,0.75,0.9,2,147,COMPLETE
4396,4396,18933.75,2023-11-15 10:59:53.290025,2023-11-15 10:59:53.750256,0 days 00:00:00.460231,0.30000000000000004,10,0.75,0.7000000000000001,4,143,COMPLETE
4397,4397,18494.75,2023-11-15 10:59:53.752206,2023-11-15 10:59:54.204399,0 days 00:00:00.452193,0.2,10,0.75,0.9,2,135,COMPLETE
4398,4398,19261.0,2023-11-15 10:59:54.206072,2023-11-15 10:59:54.615955,0 days 00:00:00.409883,0.5,10,1.0,0.8,0,150,COMPLETE
4399,4399,18126.5,2023-11-15 10:59:54.619772,2023-11-15 10:59:55.056647,0 days 00:00:00.436875,0.1,20,0.5,0.9,8,139,COMPLETE
4400,4400,19359.75,2023-11-15 10:59:55.058648,2023-11-15 10:59:55.476945,0 days 00:00:00.418297,0.2,10,0.75,0.9,4,145,COMPLETE
4401,4401,18878.75,2023-11-15 10:59:55.478652,2023-11-15 10:59:55.905644,0 days 00:00:00.426992,0.2,10,0.75,0.9,20,142,COMPLETE
4402,4402,17104.25,2023-11-15 10:59:55.907426,2023-11-15 10:59:56.327980,0 days 00:00:00.420554,0.1,40,1.25,0.9,2,147,COMPLETE
4403,4403,19262.25,2023-11-15 10:59:56.329955,2023-11-15 10:59:56.740704,0 days 00:00:00.410749,0.2,10,0.75,0.9,6,145,COMPLETE
4404,4404,19163.75,2023-11-15 10:59:56.742432,2023-11-15 10:59:57.178836,0 days 00:00:00.436404,0.2,10,0.75,0.9,0,150,COMPLETE
4405,4405,18985.25,2023-11-15 10:59:57.181482,2023-11-15 10:59:57.601487,0 days 00:00:00.420005,0.2,10,0.75,0.9,4,138,COMPLETE
4406,4406,19182.75,2023-11-15 10:59:57.603492,2023-11-15 10:59:58.014945,0 days 00:00:00.411453,0.2,10,1.0,0.9,2,142,COMPLETE
4407,4407,19261.0,2023-11-15 10:59:58.017598,2023-11-15 10:59:58.430747,0 days 00:00:00.413149,0.1,10,0.75,0.5,0,147,COMPLETE
4408,4408,18784.5,2023-11-15 10:59:58.432579,2023-11-15 10:59:58.859056,0 days 00:00:00.426477,0.2,10,0.75,0.8,3,143,COMPLETE
4409,4409,18450.75,2023-11-15 10:59:58.860749,2023-11-15 10:59:59.310398,0 days 00:00:00.449649,0.4,10,0.75,0.9,6,147,COMPLETE
4410,4410,18305.5,2023-11-15 10:59:59.312194,2023-11-15 10:59:59.729445,0 days 00:00:00.417251,0.2,20,0.5,0.9,0,150,COMPLETE
4411,4411,18973.0,2023-11-15 10:59:59.731190,2023-11-15 11:00:00.145481,0 days 00:00:00.414291,0.30000000000000004,10,0.75,0.9,2,141,COMPLETE
4412,4412,15460.0,2023-11-15 11:00:00.147293,2023-11-15 11:00:00.645826,0 days 00:00:00.498533,0.8,10,0.75,0.9,4,145,COMPLETE
4413,4413,18476.0,2023-11-15 11:00:00.647572,2023-11-15 11:00:01.078565,0 days 00:00:00.430993,0.2,10,0.25,0.9,9,137,COMPLETE
4414,4414,18962.5,2023-11-15 11:00:01.080334,2023-11-15 11:00:01.506667,0 days 00:00:00.426333,0.7000000000000001,10,1.0,0.9,5,147,COMPLETE
4415,4415,19166.0,2023-11-15 11:00:01.508603,2023-11-15 11:00:01.926183,0 days 00:00:00.417580,0.1,10,0.75,0.9,2,143,COMPLETE
4416,4416,19359.75,2023-11-15 11:00:01.928048,2023-11-15 11:00:02.343384,0 days 00:00:00.415336,0.2,10,0.75,0.9,0,145,COMPLETE
