,number,value,datetime_start,datetime_complete,duration,params_alpha,params_decay_interval,params_decay_rate,params_gamma,params_initialization,params_max_steps,state
2736,2736,18493.25,2023-11-15 12:07:51.775286,2023-11-15 12:07:52.031513,0 days 00:00:00.256227,0.8,10,2.5,0.9,20,72,COMPLETE
2737,2737,17111.5,2023-11-15 12:07:52.032900,2023-11-15 12:07:52.289221,0 days 00:00:00.256321,0.7000000000000001,10,3.0,0.9,11,69,COMPLETE
2738,2738,18026.0,2023-11-15 12:07:52.290764,2023-11-15 12:07:52.545063,0 days 00:00:00.254299,0.8,10,3.0,0.9,16,77,COMPLETE
2739,2739,17369.5,2023-11-15 12:07:52.546736,2023-11-15 12:07:52.804082,0 days 00:00:00.257346,0.8,10,2.75,0.9,26,73,COMPLETE
2740,2740,16719.5,2023-11-15 12:07:52.805524,2023-11-15 12:07:53.063553,0 days 00:00:00.258029,0.8,10,3.0,0.9,24,66,COMPLETE
2741,2741,17825.5,2023-11-15 12:07:53.065111,2023-11-15 12:07:53.317675,0 days 00:00:00.252564,0.8,10,3.0,0.9,19,70,COMPLETE
2742,2742,18682.0,2023-11-15 12:07:53.319388,2023-11-15 12:07:53.570961,0 days 00:00:00.251573,0.8,10,3.0,0.9,14,75,COMPLETE
2743,2743,9001.25,2023-11-15 12:07:53.572326,2023-11-15 12:07:53.866615,0 days 00:00:00.294289,0.8,90,0.25,0.9,21,53,COMPLETE
2744,2744,17275.25,2023-11-15 12:07:53.868122,2023-11-15 12:07:54.128738,0 days 00:00:00.260616,0.8,20,2.75,0.9,18,72,COMPLETE
2745,2745,16714.0,2023-11-15 12:07:54.130465,2023-11-15 12:07:54.387292,0 days 00:00:00.256827,0.7000000000000001,10,3.0,0.9,16,62,COMPLETE
2746,2746,17547.25,2023-11-15 12:07:54.388657,2023-11-15 12:07:54.645181,0 days 00:00:00.256524,0.8,10,3.0,0.9,22,68,COMPLETE
2747,2747,17920.75,2023-11-15 12:07:54.646865,2023-11-15 12:07:54.916710,0 days 00:00:00.269845,0.8,10,3.0,0.9,20,74,COMPLETE
2748,2748,17360.25,2023-11-15 12:07:54.918582,2023-11-15 12:07:55.178980,0 days 00:00:00.260398,0.8,10,3.0,0.9,24,78,COMPLETE
2749,2749,17654.5,2023-11-15 12:07:55.180391,2023-11-15 12:07:55.432604,0 days 00:00:00.252213,0.8,10,2.75,0.9,17,65,COMPLETE
2750,2750,17825.5,2023-11-15 12:07:55.434032,2023-11-15 12:07:55.689058,0 days 00:00:00.255026,0.8,10,3.0,0.9,14,70,COMPLETE
2751,2751,18122.5,2023-11-15 12:07:55.690600,2023-11-15 12:07:55.946707,0 days 00:00:00.256107,0.8,10,3.0,0.9,22,72,COMPLETE
2752,2752,17549.75,2023-11-15 12:07:55.948292,2023-11-15 12:07:56.204173,0 days 00:00:00.255881,0.8,10,2.5,0.9,19,68,COMPLETE
2753,2753,18682.0,2023-11-15 12:07:56.205757,2023-11-15 12:07:56.458132,0 days 00:00:00.252375,0.8,10,3.0,0.9,26,75,COMPLETE
2754,2754,17552.0,2023-11-15 12:07:56.459833,2023-11-15 12:07:56.715440,0 days 00:00:00.255607,0.8,10,2.75,0.9,16,79,COMPLETE
2755,2755,18392.25,2023-11-15 12:07:56.716893,2023-11-15 12:07:56.967602,0 days 00:00:00.250709,0.8,20,3.0,0.9,12,71,COMPLETE
2756,2756,17654.5,2023-11-15 12:07:56.969124,2023-11-15 12:07:57.224689,0 days 00:00:00.255565,0.8,10,3.0,0.9,20,65,COMPLETE
2757,2757,17547.25,2023-11-15 12:07:57.226107,2023-11-15 12:07:57.483320,0 days 00:00:00.257213,0.8,10,2.75,0.9,23,68,COMPLETE
2758,2758,17920.75,2023-11-15 12:07:57.484735,2023-11-15 12:07:57.743188,0 days 00:00:00.258453,0.8,10,3.0,0.9,18,74,COMPLETE
2759,2759,19260.75,2023-11-15 12:07:57.745037,2023-11-15 12:07:57.997988,0 days 00:00:00.252951,0.8,10,3.0,0.9,21,71,COMPLETE
2760,2760,18121.5,2023-11-15 12:07:57.999518,2023-11-15 12:07:58.257223,0 days 00:00:00.257705,0.8,10,3.0,0.9,15,77,COMPLETE
2761,2761,13431.5,2023-11-15 12:07:58.258663,2023-11-15 12:07:58.549949,0 days 00:00:00.291286,0.8,10,2.75,0.9,18,27,COMPLETE
2762,2762,15537.5,2023-11-15 12:07:58.552073,2023-11-15 12:07:58.870168,0 days 00:00:00.318095,0.7000000000000001,20,3.0,0.9,24,63,COMPLETE
2763,2763,17739.5,2023-11-15 12:07:58.873095,2023-11-15 12:07:59.159622,0 days 00:00:00.286527,0.8,10,3.0,0.9,21,81,COMPLETE
2764,2764,17917.0,2023-11-15 12:07:59.161790,2023-11-15 12:07:59.459260,0 days 00:00:00.297470,0.8,10,3.0,0.9,13,67,COMPLETE
2765,2765,17369.5,2023-11-15 12:07:59.461462,2023-11-15 12:07:59.771847,0 days 00:00:00.310385,0.8,10,2.75,0.9,17,73,COMPLETE
2766,2766,17825.5,2023-11-15 12:07:59.773261,2023-11-15 12:08:00.069654,0 days 00:00:00.296393,0.8,10,3.0,0.9,26,70,COMPLETE
2767,2767,16917.75,2023-11-15 12:08:00.071419,2023-11-15 12:08:00.362601,0 days 00:00:00.291182,0.4,10,3.0,0.9,19,59,COMPLETE
2768,2768,18682.0,2023-11-15 12:08:00.364056,2023-11-15 12:08:00.634590,0 days 00:00:00.270534,0.8,10,3.0,0.9,22,75,COMPLETE
2769,2769,17547.25,2023-11-15 12:08:00.635962,2023-11-15 12:08:00.918054,0 days 00:00:00.282092,0.8,10,2.75,0.9,15,68,COMPLETE
2770,2770,18493.25,2023-11-15 12:08:00.919545,2023-11-15 12:08:01.190457,0 days 00:00:00.270912,0.8,10,2.5,0.9,24,72,COMPLETE
2771,2771,17654.5,2023-11-15 12:08:01.191994,2023-11-15 12:08:01.462382,0 days 00:00:00.270388,0.8,10,3.0,0.9,20,65,COMPLETE
2772,2772,17185.5,2023-11-15 12:08:01.463831,2023-11-15 12:08:01.728590,0 days 00:00:00.264759,0.8,20,3.0,0.9,17,77,COMPLETE
2773,2773,17111.5,2023-11-15 12:08:01.730051,2023-11-15 12:08:02.002811,0 days 00:00:00.272760,0.7000000000000001,10,3.0,0.9,19,69,COMPLETE
2774,2774,17369.5,2023-11-15 12:08:02.004276,2023-11-15 12:08:02.266929,0 days 00:00:00.262653,0.8,10,2.75,0.9,22,73,COMPLETE
2775,2775,19260.75,2023-11-15 12:08:02.268406,2023-11-15 12:08:02.521468,0 days 00:00:00.253062,0.8,10,3.0,0.9,15,71,COMPLETE
2776,2776,17917.0,2023-11-15 12:08:02.522830,2023-11-15 12:08:02.792957,0 days 00:00:00.270127,0.8,10,3.0,0.9,17,67,COMPLETE
2777,2777,18682.0,2023-11-15 12:08:02.795825,2023-11-15 12:08:03.122017,0 days 00:00:00.326192,0.8,10,3.0,0.9,11,75,COMPLETE
2778,2778,16632.25,2023-11-15 12:08:03.123441,2023-11-15 12:08:03.399151,0 days 00:00:00.275710,0.8,10,3.0,0.9,25,63,COMPLETE
2779,2779,17927.5,2023-11-15 12:08:03.400524,2023-11-15 12:08:03.663534,0 days 00:00:00.263010,0.8,10,2.75,0.9,21,80,COMPLETE
2780,2780,17825.5,2023-11-15 12:08:03.665025,2023-11-15 12:08:03.947950,0 days 00:00:00.282925,0.8,10,3.0,0.9,13,70,COMPLETE
2781,2781,17369.5,2023-11-15 12:08:03.949331,2023-11-15 12:08:04.214224,0 days 00:00:00.264893,0.8,10,3.0,0.9,19,73,COMPLETE
2782,2782,16535.75,2023-11-15 12:08:04.215722,2023-11-15 12:08:04.483526,0 days 00:00:00.267804,0.7000000000000001,20,2.75,0.9,23,67,COMPLETE
2783,2783,14161.5,2023-11-15 12:08:04.484905,2023-11-15 12:08:04.765998,0 days 00:00:00.281093,0.5,70,3.0,0.9,16,77,COMPLETE
2784,2784,17461.75,2023-11-15 12:08:04.767505,2023-11-15 12:08:05.031804,0 days 00:00:00.264299,0.8,10,3.0,0.4,20,70,COMPLETE
2785,2785,17920.75,2023-11-15 12:08:05.033221,2023-11-15 12:08:05.293324,0 days 00:00:00.260103,0.8,10,3.0,0.9,18,74,COMPLETE
2786,2786,17654.5,2023-11-15 12:08:05.295393,2023-11-15 12:08:05.552878,0 days 00:00:00.257485,0.8,10,2.75,0.9,26,65,COMPLETE
2787,2787,17825.5,2023-11-15 12:08:05.554328,2023-11-15 12:08:05.815507,0 days 00:00:00.261179,0.8,10,3.0,0.9,23,70,COMPLETE
2788,2788,18121.5,2023-11-15 12:08:05.816958,2023-11-15 12:08:06.097852,0 days 00:00:00.280894,0.8,10,3.0,0.9,14,77,COMPLETE
2789,2789,16900.75,2023-11-15 12:08:06.100004,2023-11-15 12:08:06.375045,0 days 00:00:00.275041,0.8,10,2.5,0.9,21,61,COMPLETE
2790,2790,18122.5,2023-11-15 12:08:06.376814,2023-11-15 12:08:06.638735,0 days 00:00:00.261921,0.8,10,3.0,0.9,17,72,COMPLETE
2791,2791,15042.0,2023-11-15 12:08:06.640076,2023-11-15 12:08:06.924070,0 days 00:00:00.283994,0.8,40,2.75,0.9,20,67,COMPLETE
2792,2792,17920.75,2023-11-15 12:08:06.925564,2023-11-15 12:08:07.189333,0 days 00:00:00.263769,0.8,10,3.0,0.9,24,74,COMPLETE
2793,2793,17825.5,2023-11-15 12:08:07.190768,2023-11-15 12:08:07.451665,0 days 00:00:00.260897,0.8,10,3.0,0.9,18,70,COMPLETE
2794,2794,17739.5,2023-11-15 12:08:07.453166,2023-11-15 12:08:07.746791,0 days 00:00:00.293625,0.8,10,2.75,0.9,52,81,COMPLETE
2795,2795,17631.75,2023-11-15 12:08:07.749582,2023-11-15 12:08:08.023511,0 days 00:00:00.273929,0.8,20,3.0,0.9,15,65,COMPLETE
2796,2796,18679.5,2023-11-15 12:08:08.024890,2023-11-15 12:08:08.282840,0 days 00:00:00.257950,0.7000000000000001,10,3.0,0.9,22,75,COMPLETE
2797,2797,17547.25,2023-11-15 12:08:08.284220,2023-11-15 12:08:08.542553,0 days 00:00:00.258333,0.8,10,3.0,0.9,19,68,COMPLETE
2798,2798,18122.5,2023-11-15 12:08:08.544367,2023-11-15 12:08:08.803795,0 days 00:00:00.259428,0.8,10,3.0,0.9,16,72,COMPLETE
2799,2799,18026.0,2023-11-15 12:08:08.805303,2023-11-15 12:08:09.065773,0 days 00:00:00.260470,0.8,10,2.75,0.9,13,77,COMPLETE
2800,2800,17115.5,2023-11-15 12:08:09.067261,2023-11-15 12:08:09.390602,0 days 00:00:00.323341,0.8,10,3.0,0.9,22,69,COMPLETE
2801,2801,18122.5,2023-11-15 12:08:09.392155,2023-11-15 12:08:09.654808,0 days 00:00:00.262653,0.8,10,3.0,0.9,26,72,COMPLETE
2802,2802,16719.75,2023-11-15 12:08:09.656287,2023-11-15 12:08:09.926581,0 days 00:00:00.270294,0.8,10,2.5,0.9,18,63,COMPLETE
2803,2803,17917.0,2023-11-15 12:08:09.928706,2023-11-15 12:08:10.213420,0 days 00:00:00.284714,0.8,10,3.0,0.9,20,67,COMPLETE
2804,2804,17369.5,2023-11-15 12:08:10.214858,2023-11-15 12:08:10.482947,0 days 00:00:00.268089,0.8,10,2.75,0.9,24,73,COMPLETE
2805,2805,16184.5,2023-11-15 12:08:10.484356,2023-11-15 12:08:10.772312,0 days 00:00:00.287956,0.8,20,3.0,0.9,16,78,COMPLETE
2806,2806,17825.5,2023-11-15 12:08:10.773680,2023-11-15 12:08:11.038553,0 days 00:00:00.264873,0.8,10,3.0,0.9,21,70,COMPLETE
2807,2807,18682.0,2023-11-15 12:08:11.040037,2023-11-15 12:08:11.300454,0 days 00:00:00.260417,0.8,10,2.75,0.9,18,75,COMPLETE
2808,2808,16719.5,2023-11-15 12:08:11.301879,2023-11-15 12:08:11.569250,0 days 00:00:00.267371,0.8,10,3.0,0.9,11,66,COMPLETE
2809,2809,19260.75,2023-11-15 12:08:11.571103,2023-11-15 12:08:11.845487,0 days 00:00:00.274384,0.8,10,3.0,0.9,23,71,COMPLETE
2810,2810,17115.5,2023-11-15 12:08:11.847011,2023-11-15 12:08:12.116185,0 days 00:00:00.269174,0.8,10,3.0,0.9,14,69,COMPLETE
2811,2811,14917.25,2023-11-15 12:08:12.117692,2023-11-15 12:08:12.400623,0 days 00:00:00.282931,0.8,50,2.75,0.9,19,75,COMPLETE
2812,2812,12228.0,2023-11-15 12:08:12.402072,2023-11-15 12:08:12.689411,0 days 00:00:00.287339,0.7000000000000001,80,3.0,0.9,16,64,COMPLETE
2813,2813,17369.5,2023-11-15 12:08:12.690957,2023-11-15 12:08:12.967730,0 days 00:00:00.276773,0.8,10,3.0,0.9,21,73,COMPLETE
2814,2814,16905.0,2023-11-15 12:08:12.969248,2023-11-15 12:08:13.249418,0 days 00:00:00.280170,0.8,20,3.0,0.9,26,79,COMPLETE
2815,2815,16619.5,2023-11-15 12:08:13.250871,2023-11-15 12:08:13.528784,0 days 00:00:00.277913,0.8,10,2.75,0.9,24,57,COMPLETE
2816,2816,17547.25,2023-11-15 12:08:13.530210,2023-11-15 12:08:13.792930,0 days 00:00:00.262720,0.8,10,3.0,0.9,18,68,COMPLETE
2817,2817,17352.25,2023-11-15 12:08:13.795088,2023-11-15 12:08:14.055676,0 days 00:00:00.260588,0.8,30,3.0,0.9,20,60,COMPLETE
2818,2818,19260.75,2023-11-15 12:08:14.057272,2023-11-15 12:08:14.325793,0 days 00:00:00.268521,0.8,10,3.0,0.9,15,71,COMPLETE
2819,2819,18679.5,2023-11-15 12:08:14.327973,2023-11-15 12:08:14.587920,0 days 00:00:00.259947,0.7000000000000001,10,2.75,0.9,22,75,COMPLETE
2820,2820,16719.5,2023-11-15 12:08:14.589306,2023-11-15 12:08:14.853962,0 days 00:00:00.264656,0.8,10,3.0,0.9,17,66,COMPLETE
2821,2821,18122.5,2023-11-15 12:08:14.855562,2023-11-15 12:08:15.120601,0 days 00:00:00.265039,0.8,10,3.0,0.9,20,72,COMPLETE
2822,2822,17826.25,2023-11-15 12:08:15.122103,2023-11-15 12:08:15.386581,0 days 00:00:00.264478,0.8,10,2.5,0.9,13,70,COMPLETE
2823,2823,18026.0,2023-11-15 12:08:15.387992,2023-11-15 12:08:15.648677,0 days 00:00:00.260685,0.8,10,3.0,0.9,23,77,COMPLETE
2824,2824,17547.25,2023-11-15 12:08:15.656156,2023-11-15 12:08:15.933016,0 days 00:00:00.276860,0.8,10,2.75,0.9,17,68,COMPLETE
2825,2825,17188.25,2023-11-15 12:08:15.934593,2023-11-15 12:08:16.211997,0 days 00:00:00.277404,0.8,20,3.0,0.9,26,74,COMPLETE
2826,2826,16386.25,2023-11-15 12:08:16.213629,2023-11-15 12:08:16.483491,0 days 00:00:00.269862,0.6,10,3.0,0.9,19,63,COMPLETE
2827,2827,17833.0,2023-11-15 12:08:16.484886,2023-11-15 12:08:16.748147,0 days 00:00:00.263261,0.8,10,3.0,0.9,22,80,COMPLETE
2828,2828,18215.25,2023-11-15 12:08:16.749735,2023-11-15 12:08:17.010047,0 days 00:00:00.260312,0.8,10,2.75,0.9,15,72,COMPLETE
2829,2829,16713.5,2023-11-15 12:08:17.012014,2023-11-15 12:08:17.278530,0 days 00:00:00.266516,0.8,10,2.5,0.9,11,66,COMPLETE
2830,2830,17115.5,2023-11-15 12:08:17.279911,2023-11-15 12:08:17.548553,0 days 00:00:00.268642,0.8,10,3.0,0.9,20,69,COMPLETE
2831,2831,16923.25,2023-11-15 12:08:17.549922,2023-11-15 12:08:17.822294,0 days 00:00:00.272372,0.8,10,3.0,0.9,24,76,COMPLETE
2832,2832,17369.5,2023-11-15 12:08:17.823780,2023-11-15 12:08:18.091166,0 days 00:00:00.267386,0.8,10,3.0,0.9,17,73,COMPLETE
2833,2833,17115.5,2023-11-15 12:08:18.092792,2023-11-15 12:08:18.358550,0 days 00:00:00.265758,0.8,10,2.75,0.9,13,69,COMPLETE
2834,2834,16091.25,2023-11-15 12:08:18.360450,2023-11-15 12:08:18.632313,0 days 00:00:00.271863,0.8,20,3.0,0.9,21,66,COMPLETE
2835,2835,19260.75,2023-11-15 12:08:18.633730,2023-11-15 12:08:18.889412,0 days 00:00:00.255682,0.8,10,3.0,0.9,18,71,COMPLETE
2836,2836,17920.75,2023-11-15 12:08:18.890965,2023-11-15 12:08:19.172910,0 days 00:00:00.281945,0.8,10,2.75,0.9,15,74,COMPLETE
2837,2837,17752.25,2023-11-15 12:08:19.174501,2023-11-15 12:08:19.446052,0 days 00:00:00.271551,0.8,10,3.0,0.5,25,77,COMPLETE
2838,2838,16711.25,2023-11-15 12:08:19.448249,2023-11-15 12:08:19.731705,0 days 00:00:00.283456,0.8,10,3.0,0.9,19,62,COMPLETE
2839,2839,17830.5,2023-11-15 12:08:19.733145,2023-11-15 12:08:19.997881,0 days 00:00:00.264736,0.7000000000000001,10,3.0,0.9,22,81,COMPLETE
2840,2840,17547.25,2023-11-15 12:08:19.999527,2023-11-15 12:08:20.270869,0 days 00:00:00.271342,0.8,10,2.75,0.9,17,68,COMPLETE
2841,2841,18122.5,2023-11-15 12:08:20.272673,2023-11-15 12:08:20.542145,0 days 00:00:00.269472,0.8,10,3.0,0.9,20,72,COMPLETE
2842,2842,17654.5,2023-11-15 12:08:20.543790,2023-11-15 12:08:20.811236,0 days 00:00:00.267446,0.8,10,3.0,0.9,22,65,COMPLETE
2843,2843,17825.5,2023-11-15 12:08:20.812958,2023-11-15 12:08:21.089916,0 days 00:00:00.276958,0.8,10,3.0,0.9,15,70,COMPLETE
2844,2844,16898.75,2023-11-15 12:08:21.091450,2023-11-15 12:08:21.371586,0 days 00:00:00.280136,0.8,20,3.0,0.9,19,76,COMPLETE
2845,2845,18872.25,2023-11-15 12:08:21.373051,2023-11-15 12:08:21.655951,0 days 00:00:00.282900,0.7000000000000001,10,2.75,0.9,24,73,COMPLETE
2846,2846,15630.5,2023-11-15 12:08:21.657348,2023-11-15 12:08:21.957601,0 days 00:00:00.300253,0.2,10,3.0,0.9,17,68,COMPLETE
2847,2847,17825.5,2023-11-15 12:08:21.959050,2023-11-15 12:08:22.236131,0 days 00:00:00.277081,0.8,10,3.0,0.9,26,70,COMPLETE
2848,2848,17360.25,2023-11-15 12:08:22.237591,2023-11-15 12:08:22.518953,0 days 00:00:00.281362,0.8,10,3.0,0.9,13,78,COMPLETE
2849,2849,17654.5,2023-11-15 12:08:22.520549,2023-11-15 12:08:22.796376,0 days 00:00:00.275827,0.8,10,2.75,0.9,21,65,COMPLETE
2850,2850,17920.75,2023-11-15 12:08:22.797758,2023-11-15 12:08:23.083978,0 days 00:00:00.286220,0.8,10,3.0,0.9,23,74,COMPLETE
2851,2851,17115.5,2023-11-15 12:08:23.085354,2023-11-15 12:08:23.376305,0 days 00:00:00.290951,0.8,10,3.0,0.9,16,69,COMPLETE
2852,2852,18215.25,2023-11-15 12:08:23.378543,2023-11-15 12:08:23.666885,0 days 00:00:00.288342,0.8,10,2.75,0.9,19,72,COMPLETE
2853,2853,17190.0,2023-11-15 12:08:23.668256,2023-11-15 12:08:23.983964,0 days 00:00:00.315708,0.8,20,3.0,0.9,21,75,COMPLETE
2854,2854,16813.0,2023-11-15 12:08:23.985382,2023-11-15 12:08:24.273153,0 days 00:00:00.287771,0.8,10,2.5,0.9,18,61,COMPLETE
2855,2855,17917.0,2023-11-15 12:08:24.274531,2023-11-15 12:08:24.563628,0 days 00:00:00.289097,0.8,10,3.0,0.9,11,67,COMPLETE
2856,2856,19260.75,2023-11-15 12:08:24.565013,2023-11-15 12:08:24.842162,0 days 00:00:00.277149,0.8,10,3.0,0.9,24,71,COMPLETE
2857,2857,17649.0,2023-11-15 12:08:24.844169,2023-11-15 12:08:25.120890,0 days 00:00:00.276721,0.7000000000000001,10,2.75,0.9,14,79,COMPLETE
2858,2858,17014.0,2023-11-15 12:08:25.122273,2023-11-15 12:08:25.408589,0 days 00:00:00.286316,0.8,10,3.0,0.9,20,64,COMPLETE
2859,2859,18495.5,2023-11-15 12:08:25.410352,2023-11-15 12:08:25.672579,0 days 00:00:00.262227,0.8,10,3.0,0.9,82,75,COMPLETE
2860,2860,17547.25,2023-11-15 12:08:25.674001,2023-11-15 12:08:25.952642,0 days 00:00:00.278641,0.8,10,3.0,0.9,16,68,COMPLETE
2861,2861,18215.25,2023-11-15 12:08:25.954419,2023-11-15 12:08:26.243782,0 days 00:00:00.289363,0.8,10,2.75,0.9,22,72,COMPLETE
2862,2862,15759.0,2023-11-15 12:08:26.245735,2023-11-15 12:08:26.544046,0 days 00:00:00.298311,0.8,40,3.0,0.9,18,70,COMPLETE
2863,2863,18026.0,2023-11-15 12:08:26.545847,2023-11-15 12:08:26.813031,0 days 00:00:00.267184,0.8,10,3.0,0.9,26,77,COMPLETE
2864,2864,16719.5,2023-11-15 12:08:26.814409,2023-11-15 12:08:27.091072,0 days 00:00:00.276663,0.8,10,3.0,0.9,20,66,COMPLETE
2865,2865,17462.25,2023-11-15 12:08:27.092581,2023-11-15 12:08:27.394823,0 days 00:00:00.302242,0.8,10,2.5,0.9,16,73,COMPLETE
2866,2866,18392.25,2023-11-15 12:08:27.396545,2023-11-15 12:08:27.655289,0 days 00:00:00.258744,0.8,20,2.75,0.9,23,70,COMPLETE
2867,2867,18682.0,2023-11-15 12:08:27.656897,2023-11-15 12:08:27.917864,0 days 00:00:00.260967,0.8,10,3.0,0.9,19,75,COMPLETE
2868,2868,17014.0,2023-11-15 12:08:27.919282,2023-11-15 12:08:28.182177,0 days 00:00:00.262895,0.8,10,3.0,0.9,13,64,COMPLETE
2869,2869,17644.0,2023-11-15 12:08:28.183697,2023-11-15 12:08:28.447976,0 days 00:00:00.264279,0.8,10,3.0,0.9,17,82,COMPLETE
2870,2870,17547.25,2023-11-15 12:08:28.449525,2023-11-15 12:08:28.711686,0 days 00:00:00.262161,0.8,10,2.75,0.9,24,68,COMPLETE
2871,2871,17275.25,2023-11-15 12:08:28.713173,2023-11-15 12:08:28.983331,0 days 00:00:00.270158,0.8,20,2.25,0.9,21,72,COMPLETE
2872,2872,17360.25,2023-11-15 12:08:28.984792,2023-11-15 12:08:29.250937,0 days 00:00:00.266145,0.8,10,3.0,0.9,14,78,COMPLETE
2873,2873,17920.5,2023-11-15 12:08:29.252740,2023-11-15 12:08:29.517907,0 days 00:00:00.265167,0.7000000000000001,10,3.0,0.9,18,67,COMPLETE
2874,2874,17920.75,2023-11-15 12:08:29.519619,2023-11-15 12:08:29.782766,0 days 00:00:00.263147,0.8,10,3.0,0.9,22,74,COMPLETE
2875,2875,19260.75,2023-11-15 12:08:29.784249,2023-11-15 12:08:30.040933,0 days 00:00:00.256684,0.8,10,2.75,0.9,16,71,COMPLETE
2876,2876,16775.5,2023-11-15 12:08:30.042578,2023-11-15 12:08:30.321473,0 days 00:00:00.278895,0.8,10,3.0,0.9,98,69,COMPLETE
2877,2877,16812.25,2023-11-15 12:08:30.338468,2023-11-15 12:08:30.679394,0 days 00:00:00.340926,0.8,10,3.0,0.9,25,61,COMPLETE
2878,2878,18682.0,2023-11-15 12:08:30.681326,2023-11-15 12:08:30.955102,0 days 00:00:00.273776,0.8,10,3.0,0.9,20,75,COMPLETE
2879,2879,16719.5,2023-11-15 12:08:30.956489,2023-11-15 12:08:31.248179,0 days 00:00:00.291690,0.8,10,2.75,0.9,22,66,COMPLETE
2880,2880,18122.5,2023-11-15 12:08:31.249681,2023-11-15 12:08:31.537520,0 days 00:00:00.287839,0.8,10,3.0,0.9,56,72,COMPLETE
2881,2881,17842.25,2023-11-15 12:08:31.538957,2023-11-15 12:08:31.833814,0 days 00:00:00.294857,0.7000000000000001,10,3.0,0.9,18,77,COMPLETE
2882,2882,17825.5,2023-11-15 12:08:31.835507,2023-11-15 12:08:32.106280,0 days 00:00:00.270773,0.8,10,3.0,0.9,15,70,COMPLETE
2883,2883,15905.0,2023-11-15 12:08:32.107844,2023-11-15 12:08:32.409017,0 days 00:00:00.301173,0.8,20,2.5,0.9,12,64,COMPLETE
2884,2884,17488.25,2023-11-15 12:08:32.411553,2023-11-15 12:08:32.702103,0 days 00:00:00.290550,0.8,10,3.0,0.4,26,73,COMPLETE
2885,2885,17917.0,2023-11-15 12:08:32.703527,2023-11-15 12:08:33.133034,0 days 00:00:00.429507,0.8,10,2.75,0.9,20,67,COMPLETE
2886,2886,17926.25,2023-11-15 12:08:33.135094,2023-11-15 12:08:33.495155,0 days 00:00:00.360061,0.8,10,3.0,0.9,18,80,COMPLETE
2887,2887,17827.0,2023-11-15 12:08:33.496611,2023-11-15 12:08:33.802108,0 days 00:00:00.305497,0.5,10,2.75,0.9,24,70,COMPLETE
2888,2888,18682.0,2023-11-15 12:08:33.803543,2023-11-15 12:08:34.121916,0 days 00:00:00.318373,0.8,10,3.0,0.9,15,75,COMPLETE
2889,2889,18122.5,2023-11-15 12:08:34.123384,2023-11-15 12:08:34.418015,0 days 00:00:00.294631,0.8,10,3.0,0.9,22,72,COMPLETE
2890,2890,16719.5,2023-11-15 12:08:34.419471,2023-11-15 12:08:34.748314,0 days 00:00:00.328843,0.8,10,3.0,0.9,19,66,COMPLETE
2891,2891,17115.5,2023-11-15 12:08:34.750221,2023-11-15 12:08:35.095843,0 days 00:00:00.345622,0.8,10,3.0,0.9,17,69,COMPLETE
2892,2892,18121.5,2023-11-15 12:08:35.097545,2023-11-15 12:08:35.417238,0 days 00:00:00.319693,0.8,10,2.75,0.9,21,77,COMPLETE
2893,2893,17369.5,2023-11-15 12:08:35.418822,2023-11-15 12:08:35.714040,0 days 00:00:00.295218,0.8,10,3.0,0.9,74,73,COMPLETE
2894,2894,15115.75,2023-11-15 12:08:35.715422,2023-11-15 12:08:36.026582,0 days 00:00:00.311160,0.30000000000000004,20,3.0,0.6,23,68,COMPLETE
2895,2895,16129.5,2023-11-15 12:08:36.028098,2023-11-15 12:08:36.309185,0 days 00:00:00.281087,0.6,10,3.0,0.9,86,63,COMPLETE
2896,2896,17502.0,2023-11-15 12:08:36.311135,2023-11-15 12:08:36.605974,0 days 00:00:00.294839,0.8,10,2.75,0.9,93,75,COMPLETE
2897,2897,16619.5,2023-11-15 12:08:36.608105,2023-11-15 12:08:36.908313,0 days 00:00:00.300208,0.8,10,3.0,0.9,27,57,COMPLETE
2898,2898,19260.75,2023-11-15 12:08:36.909864,2023-11-15 12:08:37.201352,0 days 00:00:00.291488,0.8,10,3.0,0.9,19,71,COMPLETE
2899,2899,17552.0,2023-11-15 12:08:37.203004,2023-11-15 12:08:37.477774,0 days 00:00:00.274770,0.8,10,2.75,0.9,14,79,COMPLETE
2900,2900,17110.0,2023-11-15 12:08:37.479459,2023-11-15 12:08:37.775847,0 days 00:00:00.296388,0.7000000000000001,10,2.5,0.9,11,69,COMPLETE
2901,2901,17188.25,2023-11-15 12:08:37.777984,2023-11-15 12:08:38.062991,0 days 00:00:00.285007,0.8,10,3.0,0.9,16,73,COMPLETE
2902,2902,17262.75,2023-11-15 12:08:38.064401,2023-11-15 12:08:38.346816,0 days 00:00:00.282415,0.8,30,3.0,0.9,20,66,COMPLETE
2903,2903,16912.5,2023-11-15 12:08:38.348248,2023-11-15 12:08:38.632629,0 days 00:00:00.284381,0.8,20,3.0,0.9,24,82,COMPLETE
2904,2904,17849.5,2023-11-15 12:08:38.634012,2023-11-15 12:08:38.933976,0 days 00:00:00.299964,0.4,10,2.75,0.9,17,75,COMPLETE
2905,2905,19260.75,2023-11-15 12:08:38.936129,2023-11-15 12:08:39.216936,0 days 00:00:00.280807,0.8,10,2.25,0.9,21,71,COMPLETE
2906,2906,11959.75,2023-11-15 12:08:39.218336,2023-11-15 12:08:39.513517,0 days 00:00:00.295181,0.1,10,3.0,0.9,19,63,COMPLETE
