,number,value,datetime_start,datetime_complete,duration,params_alpha,params_decay_interval,params_decay_rate,params_gamma,params_initialization,params_max_steps,state
3908,3908,18119.0,2023-11-15 13:32:40.768949,2023-11-15 13:32:41.125048,0 days 00:00:00.356099,0.8,10,1.75,0.7000000000000001,21,98,COMPLETE
3909,3909,18401.0,2023-11-15 13:32:41.127131,2023-11-15 13:32:41.479150,0 days 00:00:00.352019,0.8,10,1.0,0.8,15,100,COMPLETE
3910,3910,18115.75,2023-11-15 13:32:41.480854,2023-11-15 13:32:41.835949,0 days 00:00:00.355095,0.7000000000000001,10,1.25,0.8,10,96,COMPLETE
3911,3911,18209.5,2023-11-15 13:32:41.838071,2023-11-15 13:32:42.186374,0 days 00:00:00.348303,0.9,10,1.25,0.8,6,98,COMPLETE
3912,3912,17294.25,2023-11-15 13:32:42.188877,2023-11-15 13:32:42.552110,0 days 00:00:00.363233,0.8,20,2.0,0.5,52,100,COMPLETE
3913,3913,18307.0,2023-11-15 13:32:42.553968,2023-11-15 13:32:42.908529,0 days 00:00:00.354561,0.8,10,1.5,0.8,18,94,COMPLETE
3914,3914,18305.5,2023-11-15 13:32:42.910241,2023-11-15 13:32:43.264423,0 days 00:00:00.354182,0.8,10,1.0,0.6,4,97,COMPLETE
3915,3915,18265.25,2023-11-15 13:32:43.266016,2023-11-15 13:32:43.633946,0 days 00:00:00.367930,0.8,10,1.25,0.9,16,98,COMPLETE
3916,3916,18399.0,2023-11-15 13:32:43.635735,2023-11-15 13:32:43.985305,0 days 00:00:00.349570,0.8,10,1.25,0.8,25,100,COMPLETE
3917,3917,18394.5,2023-11-15 13:32:43.987099,2023-11-15 13:32:44.334561,0 days 00:00:00.347462,0.8,10,1.25,0.8,12,96,COMPLETE
3918,3918,18310.75,2023-11-15 13:32:44.336391,2023-11-15 13:32:44.687730,0 days 00:00:00.351339,0.8,10,1.25,0.8,8,92,COMPLETE
3919,3919,18023.5,2023-11-15 13:32:44.690085,2023-11-15 13:32:45.046238,0 days 00:00:00.356153,0.8,10,1.25,0.8,20,98,COMPLETE
3920,3920,16026.0,2023-11-15 13:32:45.047988,2023-11-15 13:32:45.408263,0 days 00:00:00.360275,0.8,10,1.25,0.8,14,47,COMPLETE
3921,3921,16917.5,2023-11-15 13:32:45.409961,2023-11-15 13:32:45.768909,0 days 00:00:00.358948,0.8,20,1.5,0.8,22,95,COMPLETE
3922,3922,18399.0,2023-11-15 13:32:45.770855,2023-11-15 13:32:46.128879,0 days 00:00:00.358024,0.8,10,1.25,0.8,17,100,COMPLETE
3923,3923,18022.0,2023-11-15 13:32:46.130595,2023-11-15 13:32:46.487351,0 days 00:00:00.356756,0.8,10,1.0,0.8,2,98,COMPLETE
3924,3924,18210.5,2023-11-15 13:32:46.489815,2023-11-15 13:32:46.841549,0 days 00:00:00.351734,0.7000000000000001,10,1.25,0.9,11,96,COMPLETE
3925,3925,18493.0,2023-11-15 13:32:46.843176,2023-11-15 13:32:47.218370,0 days 00:00:00.375194,0.9,10,1.25,0.8,19,99,COMPLETE
3926,3926,18212.25,2023-11-15 13:32:47.220158,2023-11-15 13:32:47.569817,0 days 00:00:00.349659,0.8,10,1.25,0.7000000000000001,6,100,COMPLETE
3927,3927,18127.0,2023-11-15 13:32:47.572091,2023-11-15 13:32:47.930956,0 days 00:00:00.358865,0.8,10,1.25,0.8,69,97,COMPLETE
3928,3928,18123.25,2023-11-15 13:32:47.932735,2023-11-15 13:32:48.287279,0 days 00:00:00.354544,0.8,10,1.5,0.8,60,94,COMPLETE
3929,3929,17830.75,2023-11-15 13:32:48.289391,2023-11-15 13:32:48.649695,0 days 00:00:00.360304,0.8,20,1.25,0.8,15,98,COMPLETE
3930,3930,18266.5,2023-11-15 13:32:48.651340,2023-11-15 13:32:49.004345,0 days 00:00:00.353005,0.8,10,1.0,0.8,9,100,COMPLETE
3931,3931,18023.75,2023-11-15 13:32:49.006390,2023-11-15 13:32:49.360543,0 days 00:00:00.354153,0.7000000000000001,10,1.25,0.8,13,96,COMPLETE
3932,3932,16367.75,2023-11-15 13:32:49.362258,2023-11-15 13:32:49.712967,0 days 00:00:00.350709,0.8,10,1.25,0.7000000000000001,4,45,COMPLETE
3933,3933,18398.5,2023-11-15 13:32:49.714681,2023-11-15 13:32:50.069307,0 days 00:00:00.354626,0.8,10,1.5,0.8,17,98,COMPLETE
3934,3934,18492.5,2023-11-15 13:32:50.071458,2023-11-15 13:32:50.444085,0 days 00:00:00.372627,0.8,10,1.25,0.8,20,100,COMPLETE
3935,3935,18400.0,2023-11-15 13:32:50.445750,2023-11-15 13:32:50.812921,0 days 00:00:00.367171,0.8,10,1.25,0.9,1,94,COMPLETE
3936,3936,18218.0,2023-11-15 13:32:50.814574,2023-11-15 13:32:51.194749,0 days 00:00:00.380175,0.8,10,1.25,0.8,23,97,COMPLETE
3937,3937,17841.75,2023-11-15 13:32:51.196602,2023-11-15 13:32:51.691785,0 days 00:00:00.495183,0.9,10,1.0,0.8,18,98,COMPLETE
3938,3938,18210.75,2023-11-15 13:32:51.693668,2023-11-15 13:32:52.171286,0 days 00:00:00.477618,0.8,10,1.75,0.8,15,100,COMPLETE
3939,3939,14487.75,2023-11-15 13:32:52.173548,2023-11-15 13:32:52.560368,0 days 00:00:00.386820,0.8,70,1.25,0.8,8,96,COMPLETE
3940,3940,17830.75,2023-11-15 13:32:52.562412,2023-11-15 13:32:52.917438,0 days 00:00:00.355026,0.8,20,1.25,0.8,12,98,COMPLETE
3941,3941,18681.25,2023-11-15 13:32:52.919457,2023-11-15 13:32:53.283728,0 days 00:00:00.364271,0.8,10,1.25,0.8,21,99,COMPLETE
3942,3942,17831.25,2023-11-15 13:32:53.285389,2023-11-15 13:32:53.683280,0 days 00:00:00.397891,0.8,10,1.5,0.8,3,95,COMPLETE
3943,3943,18310.75,2023-11-15 13:32:53.685005,2023-11-15 13:32:54.094872,0 days 00:00:00.409867,0.8,10,1.25,0.8,16,92,COMPLETE
3944,3944,18307.75,2023-11-15 13:32:54.096819,2023-11-15 13:32:54.488688,0 days 00:00:00.391869,0.7000000000000001,10,1.25,0.8,27,97,COMPLETE
3945,3945,18401.0,2023-11-15 13:32:54.490451,2023-11-15 13:32:54.858994,0 days 00:00:00.368543,0.8,10,1.0,0.8,10,100,COMPLETE
3946,3946,18303.75,2023-11-15 13:32:54.860752,2023-11-15 13:32:55.230943,0 days 00:00:00.370191,0.8,10,1.25,0.7000000000000001,6,96,COMPLETE
3947,3947,18117.5,2023-11-15 13:32:55.232619,2023-11-15 13:32:55.616840,0 days 00:00:00.384221,0.8,10,1.25,0.9,19,98,COMPLETE
3948,3948,18492.5,2023-11-15 13:32:55.618561,2023-11-15 13:32:56.080614,0 days 00:00:00.462053,0.8,10,1.25,0.8,14,100,COMPLETE
3949,3949,489.0,2023-11-15 13:32:56.082927,2023-11-15 13:32:56.707092,0 days 00:00:00.624165,0.4,20,1.5,0.8,0,94,COMPLETE
3950,3950,18023.5,2023-11-15 13:32:56.709431,2023-11-15 13:32:57.074152,0 days 00:00:00.364721,0.8,10,1.25,0.8,17,98,COMPLETE
3951,3951,18301.75,2023-11-15 13:32:57.075814,2023-11-15 13:32:57.441668,0 days 00:00:00.365854,0.8,10,1.25,0.8,24,96,COMPLETE
3952,3952,18586.25,2023-11-15 13:32:57.443339,2023-11-15 13:32:57.834645,0 days 00:00:00.391306,0.8,10,1.25,0.9,12,99,COMPLETE
3953,3953,18492.5,2023-11-15 13:32:57.836492,2023-11-15 13:32:58.234824,0 days 00:00:00.398332,0.8,10,1.25,0.8,4,100,COMPLETE
3954,3954,18215.0,2023-11-15 13:32:58.236505,2023-11-15 13:32:58.623626,0 days 00:00:00.387121,0.9,10,1.0,0.8,21,97,COMPLETE
3955,3955,18023.5,2023-11-15 13:32:58.625776,2023-11-15 13:32:59.049095,0 days 00:00:00.423319,0.8,10,1.25,0.8,8,98,COMPLETE
3956,3956,18492.5,2023-11-15 13:32:59.050893,2023-11-15 13:32:59.429095,0 days 00:00:00.378202,0.8,10,1.25,0.8,14,100,COMPLETE
3957,3957,17003.5,2023-11-15 13:32:59.430724,2023-11-15 13:32:59.806805,0 days 00:00:00.376081,0.8,20,1.25,0.7000000000000001,18,95,COMPLETE
3958,3958,18305.25,2023-11-15 13:32:59.808470,2023-11-15 13:33:00.228839,0 days 00:00:00.420369,0.8,10,1.5,0.8,16,98,COMPLETE
3959,3959,16106.5,2023-11-15 13:33:00.230614,2023-11-15 13:33:00.634770,0 days 00:00:00.404156,0.8,50,1.25,0.8,11,96,COMPLETE
3960,3960,17863.5,2023-11-15 13:33:00.636864,2023-11-15 13:33:01.029867,0 days 00:00:00.393003,0.8,10,1.0,0.8,56,78,COMPLETE
3961,3961,18307.75,2023-11-15 13:33:01.031763,2023-11-15 13:33:01.432394,0 days 00:00:00.400631,0.6,10,1.25,0.8,6,100,COMPLETE
3962,3962,13206.0,2023-11-15 13:33:01.441794,2023-11-15 13:33:01.873272,0 days 00:00:00.431478,0.7000000000000001,90,1.25,0.8,20,93,COMPLETE
3963,3963,18319.5,2023-11-15 13:33:01.875130,2023-11-15 13:33:02.265564,0 days 00:00:00.390434,0.8,10,1.5,0.9,41,97,COMPLETE
3964,3964,18212.0,2023-11-15 13:33:02.267421,2023-11-15 13:33:02.645964,0 days 00:00:00.378543,0.8,10,0.5,0.8,2,98,COMPLETE
3965,3965,18398.25,2023-11-15 13:33:02.647626,2023-11-15 13:33:03.011991,0 days 00:00:00.364365,0.8,10,1.25,0.8,13,100,COMPLETE
3966,3966,13887.25,2023-11-15 13:33:03.014119,2023-11-15 13:33:03.445320,0 days 00:00:00.431201,0.1,10,1.25,0.8,22,95,COMPLETE
3967,3967,18023.5,2023-11-15 13:33:03.447007,2023-11-15 13:33:03.817724,0 days 00:00:00.370717,0.8,10,1.25,0.8,18,98,COMPLETE
3968,3968,18304.75,2023-11-15 13:33:03.819592,2023-11-15 13:33:04.190484,0 days 00:00:00.370892,0.8,10,1.75,0.8,10,99,COMPLETE
3969,3969,13755.0,2023-11-15 13:33:04.192241,2023-11-15 13:33:04.596323,0 days 00:00:00.404082,0.8,80,1.25,0.8,30,96,COMPLETE
3970,3970,17839.0,2023-11-15 13:33:04.598153,2023-11-15 13:33:04.986896,0 days 00:00:00.388743,0.8,20,1.25,0.8,15,97,COMPLETE
3971,3971,18306.0,2023-11-15 13:33:04.988791,2023-11-15 13:33:05.375270,0 days 00:00:00.386479,0.9,10,1.0,0.8,5,100,COMPLETE
3972,3972,18212.75,2023-11-15 13:33:05.376947,2023-11-15 13:33:05.762961,0 days 00:00:00.386014,0.8,10,1.5,0.8,8,94,COMPLETE
3973,3973,18121.75,2023-11-15 13:33:05.764966,2023-11-15 13:33:06.146338,0 days 00:00:00.381372,0.8,10,1.25,0.7000000000000001,19,85,COMPLETE
3974,3974,18023.5,2023-11-15 13:33:06.147936,2023-11-15 13:33:06.529414,0 days 00:00:00.381478,0.8,10,1.25,0.8,16,98,COMPLETE
3975,3975,17098.5,2023-11-15 13:33:06.531095,2023-11-15 13:33:06.912833,0 days 00:00:00.381738,0.8,10,1.25,0.30000000000000004,3,51,COMPLETE
3976,3976,18306.25,2023-11-15 13:33:06.914623,2023-11-15 13:33:07.289470,0 days 00:00:00.374847,0.8,10,1.25,0.9,13,100,COMPLETE
3977,3977,18301.75,2023-11-15 13:33:07.291741,2023-11-15 13:33:07.680428,0 days 00:00:00.388687,0.8,10,1.25,0.8,23,96,COMPLETE
3978,3978,17444.5,2023-11-15 13:33:07.682102,2023-11-15 13:33:08.060579,0 days 00:00:00.378477,0.8,20,1.5,0.8,17,59,COMPLETE
3979,3979,18213.75,2023-11-15 13:33:08.062251,2023-11-15 13:33:08.467182,0 days 00:00:00.404931,0.7000000000000001,10,1.25,0.8,20,98,COMPLETE
3980,3980,18322.0,2023-11-15 13:33:08.469068,2023-11-15 13:33:08.842576,0 days 00:00:00.373508,0.8,10,1.0,0.8,7,99,COMPLETE
3981,3981,17057.25,2023-11-15 13:33:08.844180,2023-11-15 13:33:09.241359,0 days 00:00:00.397179,0.7000000000000001,10,1.25,0.1,11,92,COMPLETE
3982,3982,100.0,2023-11-15 13:33:09.243033,2023-11-15 13:33:09.871041,0 days 00:00:00.628008,0.8,10,1.25,0.8,0,95,COMPLETE
3983,3983,15918.75,2023-11-15 13:33:09.873152,2023-11-15 13:33:10.245263,0 days 00:00:00.372111,0.9,10,1.25,0.9,15,42,COMPLETE
3984,3984,18118.75,2023-11-15 13:33:10.247460,2023-11-15 13:33:10.616587,0 days 00:00:00.369127,0.8,10,1.0,0.7000000000000001,4,97,COMPLETE
3985,3985,11811.25,2023-11-15 13:33:10.618381,2023-11-15 13:33:10.980393,0 days 00:00:00.362012,0.8,40,1.25,0.4,18,23,COMPLETE
3986,3986,18306.5,2023-11-15 13:33:10.982008,2023-11-15 13:33:11.351138,0 days 00:00:00.369130,0.8,10,1.5,0.8,9,100,COMPLETE
3987,3987,18023.5,2023-11-15 13:33:11.353024,2023-11-15 13:33:11.718509,0 days 00:00:00.365485,0.8,10,1.25,0.8,14,98,COMPLETE
3988,3988,18492.5,2023-11-15 13:33:11.721128,2023-11-15 13:33:12.079804,0 days 00:00:00.358676,0.8,10,1.25,0.8,16,100,COMPLETE
3989,3989,17866.25,2023-11-15 13:33:12.081523,2023-11-15 13:33:12.452316,0 days 00:00:00.370793,0.8,10,1.25,0.8,72,97,COMPLETE
3990,3990,18410.75,2023-11-15 13:33:12.454298,2023-11-15 13:33:12.825338,0 days 00:00:00.371040,0.8,10,1.25,0.8,21,94,COMPLETE
3991,3991,18014.75,2023-11-15 13:33:12.831043,2023-11-15 13:33:13.206932,0 days 00:00:00.375889,0.8,20,1.0,0.8,25,90,COMPLETE
3992,3992,18301.5,2023-11-15 13:33:13.208636,2023-11-15 13:33:13.568373,0 days 00:00:00.359737,0.8,10,1.5,0.8,6,96,COMPLETE
3993,3993,18493.0,2023-11-15 13:33:13.570035,2023-11-15 13:33:13.933703,0 days 00:00:00.363668,0.9,10,1.25,0.8,12,99,COMPLETE
3994,3994,18209.5,2023-11-15 13:33:13.935490,2023-11-15 13:33:14.290324,0 days 00:00:00.354834,0.8,10,1.25,0.7000000000000001,19,98,COMPLETE
3995,3995,18214.25,2023-11-15 13:33:14.292166,2023-11-15 13:33:14.650809,0 days 00:00:00.358643,0.8,10,1.25,0.8,48,100,COMPLETE
3996,3996,18300.75,2023-11-15 13:33:14.652786,2023-11-15 13:33:15.018381,0 days 00:00:00.365595,0.8,10,1.25,0.9,2,96,COMPLETE
3997,3997,16504.5,2023-11-15 13:33:15.020123,2023-11-15 13:33:15.402463,0 days 00:00:00.382340,0.2,10,1.25,0.8,17,98,COMPLETE
3998,3998,18399.0,2023-11-15 13:33:15.404339,2023-11-15 13:33:15.765013,0 days 00:00:00.360674,0.8,10,1.25,0.8,22,100,COMPLETE
3999,3999,18488.75,2023-11-15 13:33:15.766854,2023-11-15 13:33:16.129714,0 days 00:00:00.362860,0.8,10,1.75,0.8,14,96,COMPLETE
4000,4000,18398.5,2023-11-15 13:33:16.131383,2023-11-15 13:33:16.511366,0 days 00:00:00.379983,0.8,10,1.5,0.8,5,98,COMPLETE
4001,4001,17938.25,2023-11-15 13:33:16.512983,2023-11-15 13:33:16.872861,0 days 00:00:00.359878,0.8,20,2.75,0.8,9,94,COMPLETE
4002,4002,18218.0,2023-11-15 13:33:16.874632,2023-11-15 13:33:17.238349,0 days 00:00:00.363717,0.8,10,1.25,0.9,19,100,COMPLETE
4003,4003,18323.25,2023-11-15 13:33:17.240182,2023-11-15 13:33:17.605325,0 days 00:00:00.365143,0.8,10,1.0,0.8,12,97,COMPLETE
4004,4004,18023.5,2023-11-15 13:33:17.607029,2023-11-15 13:33:17.971346,0 days 00:00:00.364317,0.8,10,1.25,0.8,15,98,COMPLETE
4005,4005,17574.75,2023-11-15 13:33:17.973670,2023-11-15 13:33:18.336757,0 days 00:00:00.363087,0.9,10,1.25,0.2,17,95,COMPLETE
4006,4006,18502.75,2023-11-15 13:33:18.338811,2023-11-15 13:33:18.700326,0 days 00:00:00.361515,0.7000000000000001,10,1.25,0.8,3,100,COMPLETE
4007,4007,18023.5,2023-11-15 13:33:18.702087,2023-11-15 13:33:19.055783,0 days 00:00:00.353696,0.8,10,1.25,0.8,10,98,COMPLETE
4008,4008,18309.5,2023-11-15 13:33:19.057565,2023-11-15 13:33:19.422582,0 days 00:00:00.365017,0.8,10,1.0,0.8,23,97,COMPLETE
4009,4009,18013.5,2023-11-15 13:33:19.424489,2023-11-15 13:33:19.808395,0 days 00:00:00.383906,0.8,20,1.25,0.7000000000000001,7,100,COMPLETE
4010,4010,18300.0,2023-11-15 13:33:19.810115,2023-11-15 13:33:20.171090,0 days 00:00:00.360975,0.8,10,1.5,0.8,20,93,COMPLETE
4011,4011,18394.5,2023-11-15 13:33:20.173143,2023-11-15 13:33:20.532818,0 days 00:00:00.359675,0.8,10,1.25,0.8,13,96,COMPLETE
4012,4012,18399.0,2023-11-15 13:33:20.534582,2023-11-15 13:33:20.897993,0 days 00:00:00.363411,0.8,10,2.0,0.8,16,98,COMPLETE
4013,4013,18491.25,2023-11-15 13:33:20.899631,2023-11-15 13:33:21.257421,0 days 00:00:00.357790,0.7000000000000001,10,1.25,0.8,5,99,COMPLETE
4014,4014,17837.25,2023-11-15 13:33:21.259150,2023-11-15 13:33:21.624565,0 days 00:00:00.365415,0.8,10,1.25,0.8,19,95,COMPLETE
4015,4015,18119.75,2023-11-15 13:33:21.626433,2023-11-15 13:33:21.989036,0 days 00:00:00.362603,0.8,10,1.0,0.5,11,100,COMPLETE
4016,4016,199.5,2023-11-15 13:33:21.990828,2023-11-15 13:33:22.601015,0 days 00:00:00.610187,0.8,10,1.25,0.8,0,98,COMPLETE
4017,4017,18394.5,2023-11-15 13:33:22.602858,2023-11-15 13:33:22.975144,0 days 00:00:00.372286,0.8,10,1.25,0.8,14,96,COMPLETE
4018,4018,18306.5,2023-11-15 13:33:22.976961,2023-11-15 13:33:23.356962,0 days 00:00:00.380001,0.8,10,1.5,0.8,21,100,COMPLETE
4019,4019,17839.0,2023-11-15 13:33:23.358642,2023-11-15 13:33:23.724811,0 days 00:00:00.366169,0.8,20,1.25,0.9,7,97,COMPLETE
4020,4020,15244.25,2023-11-15 13:33:23.726471,2023-11-15 13:33:24.099349,0 days 00:00:00.372878,0.8,60,1.25,0.8,17,93,COMPLETE
4021,4021,18116.5,2023-11-15 13:33:24.101214,2023-11-15 13:33:24.474999,0 days 00:00:00.373785,0.8,10,1.25,0.6,25,98,COMPLETE
4022,4022,17831.25,2023-11-15 13:33:24.476837,2023-11-15 13:33:24.841248,0 days 00:00:00.364411,0.8,10,1.5,0.8,2,95,COMPLETE
4023,4023,18307.0,2023-11-15 13:33:24.843296,2023-11-15 13:33:25.198282,0 days 00:00:00.354986,0.9,10,1.25,0.8,9,100,COMPLETE
4024,4024,18209.5,2023-11-15 13:33:25.200050,2023-11-15 13:33:25.566312,0 days 00:00:00.366262,0.8,10,1.25,0.7000000000000001,15,98,COMPLETE
4025,4025,18301.75,2023-11-15 13:33:25.568005,2023-11-15 13:33:25.943466,0 days 00:00:00.375461,0.8,10,1.25,0.8,19,96,COMPLETE
4026,4026,18322.0,2023-11-15 13:33:25.945111,2023-11-15 13:33:26.314304,0 days 00:00:00.369193,0.8,10,1.0,0.8,4,99,COMPLETE
4027,4027,18492.5,2023-11-15 13:33:26.316052,2023-11-15 13:33:26.700866,0 days 00:00:00.384814,0.8,10,1.25,0.8,12,100,COMPLETE
4028,4028,18216.0,2023-11-15 13:33:26.703419,2023-11-15 13:33:27.069578,0 days 00:00:00.366159,0.7000000000000001,10,1.25,0.8,17,97,COMPLETE
4029,4029,17806.75,2023-11-15 13:33:27.071800,2023-11-15 13:33:27.447970,0 days 00:00:00.376170,0.8,20,1.5,0.9,23,94,COMPLETE
4030,4030,18399.0,2023-11-15 13:33:27.449853,2023-11-15 13:33:27.819733,0 days 00:00:00.369880,0.8,10,1.75,0.8,18,98,COMPLETE
4031,4031,16554.0,2023-11-15 13:33:27.821884,2023-11-15 13:33:28.183286,0 days 00:00:00.361402,0.8,10,1.25,0.8,28,54,COMPLETE
4032,4032,18398.25,2023-11-15 13:33:28.185079,2023-11-15 13:33:28.544025,0 days 00:00:00.358946,0.8,10,1.25,0.8,21,100,COMPLETE
4033,4033,18497.5,2023-11-15 13:33:28.545702,2023-11-15 13:33:28.906537,0 days 00:00:00.360835,0.8,10,1.0,0.8,14,96,COMPLETE
4034,4034,17936.5,2023-11-15 13:33:28.908444,2023-11-15 13:33:29.271458,0 days 00:00:00.363014,0.6,10,1.25,0.8,37,98,COMPLETE
4035,4035,18492.5,2023-11-15 13:33:29.273902,2023-11-15 13:33:29.629792,0 days 00:00:00.355890,0.8,10,1.25,0.8,8,100,COMPLETE
4036,4036,18218.5,2023-11-15 13:33:29.631585,2023-11-15 13:33:30.028468,0 days 00:00:00.396883,0.9,10,1.25,0.7000000000000001,6,97,COMPLETE
4037,4037,18117.25,2023-11-15 13:33:30.030660,2023-11-15 13:33:30.388119,0 days 00:00:00.357459,0.8,10,1.25,0.9,16,81,COMPLETE
4038,4038,18022.0,2023-11-15 13:33:30.389993,2023-11-15 13:33:30.748943,0 days 00:00:00.358950,0.8,10,1.0,0.8,11,98,COMPLETE
4039,4039,17005.25,2023-11-15 13:33:30.750602,2023-11-15 13:33:31.119249,0 days 00:00:00.368647,0.8,20,1.25,0.8,13,95,COMPLETE
4040,4040,18492.75,2023-11-15 13:33:31.121357,2023-11-15 13:33:31.495090,0 days 00:00:00.373733,0.7000000000000001,10,1.5,0.8,2,100,COMPLETE
4041,4041,18310.75,2023-11-15 13:33:31.496713,2023-11-15 13:33:31.866953,0 days 00:00:00.370240,0.8,10,1.25,0.8,19,92,COMPLETE
4042,4042,18394.5,2023-11-15 13:33:31.868885,2023-11-15 13:33:32.230049,0 days 00:00:00.361164,0.8,10,1.25,0.8,16,96,COMPLETE
4043,4043,18023.5,2023-11-15 13:33:32.231785,2023-11-15 13:33:32.593889,0 days 00:00:00.362104,0.8,10,1.25,0.8,4,98,COMPLETE
4044,4044,18681.25,2023-11-15 13:33:32.595566,2023-11-15 13:33:32.957655,0 days 00:00:00.362089,0.8,10,1.25,0.8,21,99,COMPLETE
4045,4045,18486.25,2023-11-15 13:33:32.959602,2023-11-15 13:33:33.318075,0 days 00:00:00.358473,0.8,10,1.25,0.8,10,94,COMPLETE
4046,4046,18217.5,2023-11-15 13:33:33.320091,2023-11-15 13:33:33.684059,0 days 00:00:00.363968,0.8,10,1.5,0.6,14,97,COMPLETE
4047,4047,18399.0,2023-11-15 13:33:33.685703,2023-11-15 13:33:34.048680,0 days 00:00:00.362977,0.8,10,1.25,0.7000000000000001,18,100,COMPLETE
4048,4048,17830.75,2023-11-15 13:33:34.050303,2023-11-15 13:33:34.409675,0 days 00:00:00.359372,0.8,20,1.25,0.8,7,98,COMPLETE
4049,4049,17569.25,2023-11-15 13:33:34.411443,2023-11-15 13:33:34.800388,0 days 00:00:00.388945,0.30000000000000004,10,1.0,0.9,16,96,COMPLETE
4050,4050,16737.75,2023-11-15 13:33:34.802098,2023-11-15 13:33:35.178454,0 days 00:00:00.376356,0.9,10,1.25,0.8,1,64,COMPLETE
4051,4051,17572.25,2023-11-15 13:33:35.180210,2023-11-15 13:33:35.552702,0 days 00:00:00.372492,0.4,10,1.5,0.8,23,100,COMPLETE
4052,4052,18023.5,2023-11-15 13:33:35.554777,2023-11-15 13:33:35.921378,0 days 00:00:00.366601,0.8,10,1.25,0.8,5,98,COMPLETE
4053,4053,18112.5,2023-11-15 13:33:35.923459,2023-11-15 13:33:36.292667,0 days 00:00:00.369208,0.8,10,1.25,0.8,12,95,COMPLETE
4054,4054,17450.25,2023-11-15 13:33:36.294352,2023-11-15 13:33:36.665479,0 days 00:00:00.371127,0.7000000000000001,30,1.25,0.8,9,91,COMPLETE
4055,4055,18304.75,2023-11-15 13:33:36.667160,2023-11-15 13:33:37.033954,0 days 00:00:00.366794,0.8,10,1.75,0.8,20,99,COMPLETE
4056,4056,17766.0,2023-11-15 13:33:37.035674,2023-11-15 13:33:37.409958,0 days 00:00:00.374284,0.8,10,1.0,0.4,18,97,COMPLETE
4057,4057,18492.5,2023-11-15 13:33:37.411657,2023-11-15 13:33:37.782388,0 days 00:00:00.370731,0.8,10,1.25,0.8,15,100,COMPLETE
4058,4058,18303.75,2023-11-15 13:33:37.784070,2023-11-15 13:33:38.163503,0 days 00:00:00.379433,0.8,10,1.25,0.7000000000000001,4,96,COMPLETE
4059,4059,18212.75,2023-11-15 13:33:38.165126,2023-11-15 13:33:38.535662,0 days 00:00:00.370536,0.8,10,1.5,0.9,14,98,COMPLETE
4060,4060,18030.0,2023-11-15 13:33:38.537707,2023-11-15 13:33:38.904437,0 days 00:00:00.366730,0.8,20,1.25,0.8,25,94,COMPLETE
4061,4061,18398.25,2023-11-15 13:33:38.906367,2023-11-15 13:33:39.266498,0 days 00:00:00.360131,0.8,10,1.25,0.8,21,100,COMPLETE
4062,4062,18023.5,2023-11-15 13:33:39.268120,2023-11-15 13:33:39.634386,0 days 00:00:00.366266,0.8,10,1.25,0.8,11,98,COMPLETE
4063,4063,15829.5,2023-11-15 13:33:39.636195,2023-11-15 13:33:39.995698,0 days 00:00:00.359503,0.8,10,1.25,0.8,17,38,COMPLETE
4064,4064,18497.5,2023-11-15 13:33:39.997348,2023-11-15 13:33:40.353695,0 days 00:00:00.356347,0.8,10,1.0,0.8,7,96,COMPLETE
4065,4065,12479.5,2023-11-15 13:33:40.355959,2023-11-15 13:33:40.757217,0 days 00:00:00.401258,0.8,100,1.25,0.8,2,100,COMPLETE
4066,4066,18209.5,2023-11-15 13:33:40.759055,2023-11-15 13:33:41.125557,0 days 00:00:00.366502,0.9,10,1.25,0.8,19,98,COMPLETE
4067,4067,18410.75,2023-11-15 13:33:41.127500,2023-11-15 13:33:41.511359,0 days 00:00:00.383859,0.8,10,1.25,0.8,16,94,COMPLETE
4068,4068,199.5,2023-11-15 13:33:41.512985,2023-11-15 13:33:42.126665,0 days 00:00:00.613680,0.8,10,1.25,0.8,0,97,COMPLETE
4069,4069,18032.5,2023-11-15 13:33:42.128775,2023-11-15 13:33:42.500607,0 days 00:00:00.371832,0.5,10,1.25,0.9,9,99,COMPLETE
4070,4070,18395.25,2023-11-15 13:33:42.502414,2023-11-15 13:33:42.867552,0 days 00:00:00.365138,0.8,10,1.5,0.8,13,96,COMPLETE
4071,4071,18458.5,2023-11-15 13:33:42.869359,2023-11-15 13:33:43.234246,0 days 00:00:00.364887,0.8,10,1.0,0.8,22,100,COMPLETE
4072,4072,17763.25,2023-11-15 13:33:43.236110,2023-11-15 13:33:43.605011,0 days 00:00:00.368901,0.7000000000000001,20,1.25,0.8,6,98,COMPLETE
4073,4073,18116.5,2023-11-15 13:33:43.606843,2023-11-15 13:33:43.975909,0 days 00:00:00.369066,0.8,10,1.25,0.7000000000000001,19,96,COMPLETE
4074,4074,14769.25,2023-11-15 13:33:43.977706,2023-11-15 13:33:44.360918,0 days 00:00:00.383212,0.2,50,1.25,0.8,3,93,COMPLETE
4075,4075,18305.75,2023-11-15 13:33:44.362544,2023-11-15 13:33:44.725617,0 days 00:00:00.363073,0.8,10,1.5,0.8,14,100,COMPLETE
4076,4076,18023.5,2023-11-15 13:33:44.727435,2023-11-15 13:33:45.107362,0 days 00:00:00.379927,0.8,10,1.25,0.8,17,98,COMPLETE
