,number,value,datetime_start,datetime_complete,duration,params_alpha,params_decay_interval,params_decay_rate,params_gamma,params_initialization,params_max_steps,state
4077,4077,18022.0,2023-11-15 13:33:45.109001,2023-11-15 13:33:45.473770,0 days 00:00:00.364769,0.8,10,1.0,0.8,33,98,COMPLETE
4078,4078,17833.5,2023-11-15 13:33:45.475896,2023-11-15 13:33:45.854314,0 days 00:00:00.378418,0.8,10,1.75,0.8,10,95,COMPLETE
4079,4079,18492.5,2023-11-15 13:33:45.856268,2023-11-15 13:33:46.225579,0 days 00:00:00.369311,0.8,10,1.25,0.8,12,100,COMPLETE
4080,4080,18218.0,2023-11-15 13:33:46.227566,2023-11-15 13:33:46.598803,0 days 00:00:00.371237,0.8,10,1.25,0.8,15,97,COMPLETE
4081,4081,18586.25,2023-11-15 13:33:46.600466,2023-11-15 13:33:46.968553,0 days 00:00:00.368087,0.8,10,1.25,0.9,20,99,COMPLETE
4082,4082,18209.25,2023-11-15 13:33:46.970764,2023-11-15 13:33:47.333048,0 days 00:00:00.362284,0.9,10,1.25,0.8,5,96,COMPLETE
4083,4083,18107.75,2023-11-15 13:33:47.334784,2023-11-15 13:33:47.700817,0 days 00:00:00.366033,0.8,20,1.5,0.8,18,100,COMPLETE
4084,4084,18033.25,2023-11-15 13:33:47.702870,2023-11-15 13:33:48.078324,0 days 00:00:00.375454,0.8,10,1.25,0.8,23,98,COMPLETE
4085,4085,18400.0,2023-11-15 13:33:48.079941,2023-11-15 13:33:48.463706,0 days 00:00:00.383765,0.8,10,1.25,0.9,8,94,COMPLETE
4086,4086,18218.0,2023-11-15 13:33:48.465406,2023-11-15 13:33:48.835160,0 days 00:00:00.369754,0.8,10,1.25,0.8,27,97,COMPLETE
4087,4087,18492.5,2023-11-15 13:33:48.837868,2023-11-15 13:33:49.207010,0 days 00:00:00.369142,0.8,10,1.25,0.8,16,100,COMPLETE
4088,4088,18129.25,2023-11-15 13:33:49.208859,2023-11-15 13:33:49.577058,0 days 00:00:00.368199,0.7000000000000001,10,1.0,0.8,13,98,COMPLETE
4089,4089,17003.5,2023-11-15 13:33:49.578774,2023-11-15 13:33:49.956842,0 days 00:00:00.378068,0.8,20,1.25,0.7000000000000001,3,95,COMPLETE
4090,4090,17688.0,2023-11-15 13:33:49.958568,2023-11-15 13:33:50.334392,0 days 00:00:00.375824,0.8,10,1.5,0.8,88,100,COMPLETE
4091,4091,18218.0,2023-11-15 13:33:50.336376,2023-11-15 13:33:50.713823,0 days 00:00:00.377447,0.8,10,1.25,0.8,21,97,COMPLETE
4092,4092,17947.5,2023-11-15 13:33:50.715508,2023-11-15 13:33:51.089350,0 days 00:00:00.373842,0.8,10,0.75,0.8,11,87,COMPLETE
4093,4093,18023.5,2023-11-15 13:33:51.091148,2023-11-15 13:33:51.462711,0 days 00:00:00.371563,0.8,10,1.25,0.8,18,98,COMPLETE
4094,4094,18497.5,2023-11-15 13:33:51.464402,2023-11-15 13:33:51.858128,0 days 00:00:00.393726,0.8,10,1.0,0.8,6,96,COMPLETE
4095,4095,18301.75,2023-11-15 13:33:51.859892,2023-11-15 13:33:52.226952,0 days 00:00:00.367060,0.9,10,1.25,0.7000000000000001,15,93,COMPLETE
4096,4096,18306.25,2023-11-15 13:33:52.228717,2023-11-15 13:33:52.596235,0 days 00:00:00.367518,0.8,10,1.25,0.9,8,100,COMPLETE
4097,4097,18023.5,2023-11-15 13:33:52.597872,2023-11-15 13:33:52.964393,0 days 00:00:00.366521,0.8,10,1.25,0.8,20,98,COMPLETE
4098,4098,18301.5,2023-11-15 13:33:52.966020,2023-11-15 13:33:53.330820,0 days 00:00:00.364800,0.8,10,1.5,0.8,17,96,COMPLETE
4099,4099,18491.25,2023-11-15 13:33:53.332577,2023-11-15 13:33:53.729938,0 days 00:00:00.397361,0.7000000000000001,10,1.25,0.8,13,99,COMPLETE
4100,4100,199.5,2023-11-15 13:33:53.731771,2023-11-15 13:33:54.358837,0 days 00:00:00.627066,0.8,10,1.25,0.8,0,100,COMPLETE
4101,4101,18024.0,2023-11-15 13:33:54.360953,2023-11-15 13:33:54.727516,0 days 00:00:00.366563,0.8,20,1.0,0.8,24,91,COMPLETE
4102,4102,17761.75,2023-11-15 13:33:54.729199,2023-11-15 13:33:55.105423,0 days 00:00:00.376224,0.8,10,1.25,0.8,83,98,COMPLETE
4103,4103,14415.0,2023-11-15 13:33:55.110885,2023-11-15 13:33:55.509846,0 days 00:00:00.398961,0.7000000000000001,70,1.25,0.8,3,94,COMPLETE
4104,4104,17002.0,2023-11-15 13:33:55.511588,2023-11-15 13:33:55.882279,0 days 00:00:00.370691,0.8,40,1.25,0.8,10,98,COMPLETE
4105,4105,18112.5,2023-11-15 13:33:55.884175,2023-11-15 13:33:56.256675,0 days 00:00:00.372500,0.8,10,1.25,0.8,15,95,COMPLETE
4106,4106,18488.75,2023-11-15 13:33:56.258497,2023-11-15 13:33:56.627386,0 days 00:00:00.368889,0.8,10,1.75,0.8,5,96,COMPLETE
4107,4107,18306.25,2023-11-15 13:33:56.629166,2023-11-15 13:33:57.000301,0 days 00:00:00.371135,0.8,10,1.25,0.9,18,100,COMPLETE
4108,4108,18311.75,2023-11-15 13:33:57.002192,2023-11-15 13:33:57.376133,0 days 00:00:00.373941,0.8,10,1.5,0.8,22,97,COMPLETE
4109,4109,14439.75,2023-11-15 13:33:57.377897,2023-11-15 13:33:57.741980,0 days 00:00:00.364083,0.9,10,1.25,0.8,13,26,COMPLETE
4110,4110,18120.75,2023-11-15 13:33:57.743735,2023-11-15 13:33:58.114501,0 days 00:00:00.370766,0.8,10,1.25,0.7000000000000001,16,99,COMPLETE
4111,4111,18492.5,2023-11-15 13:33:58.116130,2023-11-15 13:33:58.536907,0 days 00:00:00.420777,0.8,10,1.25,0.8,20,100,COMPLETE
4112,4112,17649.0,2023-11-15 13:33:58.539326,2023-11-15 13:33:58.930068,0 days 00:00:00.390742,0.8,20,0.25,0.8,7,97,COMPLETE
4113,4113,18022.0,2023-11-15 13:33:58.932291,2023-11-15 13:33:59.308586,0 days 00:00:00.376295,0.8,10,1.0,0.8,12,98,COMPLETE
4114,4114,17831.25,2023-11-15 13:33:59.310239,2023-11-15 13:33:59.687290,0 days 00:00:00.377051,0.8,10,1.5,0.8,2,95,COMPLETE
4115,4115,9332.0,2023-11-15 13:33:59.689293,2023-11-15 13:34:00.063999,0 days 00:00:00.374706,0.5,10,1.25,0.8,17,18,COMPLETE
4116,4116,18492.5,2023-11-15 13:34:00.065673,2023-11-15 13:34:00.439560,0 days 00:00:00.373887,0.8,10,1.25,0.8,10,100,COMPLETE
4117,4117,18022.0,2023-11-15 13:34:00.441347,2023-11-15 13:34:00.821063,0 days 00:00:00.379716,0.8,10,1.0,0.8,19,98,COMPLETE
4118,4118,17947.75,2023-11-15 13:34:00.822962,2023-11-15 13:34:01.213188,0 days 00:00:00.390226,0.8,20,1.25,0.8,14,92,COMPLETE
4119,4119,18300.75,2023-11-15 13:34:01.214933,2023-11-15 13:34:01.595919,0 days 00:00:00.380986,0.8,10,1.25,0.9,4,96,COMPLETE
4120,4120,17930.5,2023-11-15 13:34:01.597634,2023-11-15 13:34:01.994588,0 days 00:00:00.396954,0.9,10,1.5,0.8,8,98,COMPLETE
4121,4121,18399.0,2023-11-15 13:34:01.996266,2023-11-15 13:34:02.382370,0 days 00:00:00.386104,0.8,10,1.25,0.8,22,100,COMPLETE
4122,4122,18301.75,2023-11-15 13:34:02.384087,2023-11-15 13:34:02.759096,0 days 00:00:00.375009,0.8,10,1.25,0.7000000000000001,15,96,COMPLETE
4123,4123,18023.5,2023-11-15 13:34:02.760968,2023-11-15 13:34:03.133429,0 days 00:00:00.372461,0.8,10,1.25,0.8,17,98,COMPLETE
4124,4124,17108.5,2023-11-15 13:34:03.135177,2023-11-15 13:34:03.530945,0 days 00:00:00.395768,0.8,30,1.0,0.8,6,94,COMPLETE
4125,4125,18399.75,2023-11-15 13:34:03.532578,2023-11-15 13:34:03.913805,0 days 00:00:00.381227,0.8,10,1.25,0.9,11,100,COMPLETE
4126,4126,17934.5,2023-11-15 13:34:03.915521,2023-11-15 13:34:04.323510,0 days 00:00:00.407989,0.7000000000000001,10,1.25,0.8,19,75,COMPLETE
4127,4127,18218.0,2023-11-15 13:34:04.325424,2023-11-15 13:34:04.721716,0 days 00:00:00.396292,0.8,10,1.25,0.8,1,97,COMPLETE
4128,4128,18681.25,2023-11-15 13:34:04.723439,2023-11-15 13:34:05.100868,0 days 00:00:00.377429,0.8,10,1.25,0.8,26,99,COMPLETE
4129,4129,18301.5,2023-11-15 13:34:05.102986,2023-11-15 13:34:05.508960,0 days 00:00:00.405974,0.8,10,1.5,0.8,15,96,COMPLETE
4130,4130,18023.5,2023-11-15 13:34:05.510708,2023-11-15 13:34:05.897144,0 days 00:00:00.386436,0.8,10,1.25,0.8,4,98,COMPLETE
4131,4131,13089.5,2023-11-15 13:34:05.898791,2023-11-15 13:34:06.314103,0 days 00:00:00.415312,0.8,90,1.25,0.8,20,100,COMPLETE
4132,4132,18486.25,2023-11-15 13:34:06.315813,2023-11-15 13:34:06.698408,0 days 00:00:00.382595,0.8,10,1.25,0.8,9,94,COMPLETE
4133,4133,16822.0,2023-11-15 13:34:06.700362,2023-11-15 13:34:07.084713,0 days 00:00:00.384351,0.9,10,3.0,0.9,13,57,COMPLETE
4134,4134,18148.5,2023-11-15 13:34:07.086867,2023-11-15 13:34:07.467098,0 days 00:00:00.380231,0.8,10,1.0,0.8,39,97,COMPLETE
4135,4135,18305.75,2023-11-15 13:34:07.468740,2023-11-15 13:34:07.851002,0 days 00:00:00.382262,0.8,10,1.5,0.8,24,100,COMPLETE
4136,4136,17516.25,2023-11-15 13:34:07.852981,2023-11-15 13:34:08.236308,0 days 00:00:00.383327,0.8,20,1.25,0.6,18,98,COMPLETE
4137,4137,17835.5,2023-11-15 13:34:08.238589,2023-11-15 13:34:08.626981,0 days 00:00:00.388392,0.8,10,1.25,0.7000000000000001,21,95,COMPLETE
4138,4138,17925.0,2023-11-15 13:34:08.628676,2023-11-15 13:34:09.027450,0 days 00:00:00.398774,0.8,20,2.0,0.8,16,98,COMPLETE
4139,4139,18126.0,2023-11-15 13:34:09.029259,2023-11-15 13:34:09.410229,0 days 00:00:00.380970,0.8,10,1.25,0.30000000000000004,11,100,COMPLETE
4140,4140,18394.5,2023-11-15 13:34:09.412110,2023-11-15 13:34:09.790342,0 days 00:00:00.378232,0.8,10,1.25,0.8,7,96,COMPLETE
4141,4141,17928.0,2023-11-15 13:34:09.792041,2023-11-15 13:34:10.169974,0 days 00:00:00.377933,0.8,10,1.75,0.5,18,93,COMPLETE
4142,4142,15640.0,2023-11-15 13:34:10.172335,2023-11-15 13:34:10.548427,0 days 00:00:00.376092,0.8,10,1.25,0.8,2,30,COMPLETE
4143,4143,18022.0,2023-11-15 13:34:10.550133,2023-11-15 13:34:10.930207,0 days 00:00:00.380074,0.8,10,1.0,0.8,14,98,COMPLETE
4144,4144,18488.5,2023-11-15 13:34:10.932296,2023-11-15 13:34:11.310305,0 days 00:00:00.378009,0.7000000000000001,10,1.25,0.8,5,100,COMPLETE
4145,4145,18394.5,2023-11-15 13:34:11.312221,2023-11-15 13:34:11.688331,0 days 00:00:00.376110,0.8,10,1.25,0.8,12,96,COMPLETE
4146,4146,18026.5,2023-11-15 13:34:11.690019,2023-11-15 13:34:12.101434,0 days 00:00:00.411415,0.8,10,1.5,0.7000000000000001,16,98,COMPLETE
4147,4147,18307.0,2023-11-15 13:34:12.103729,2023-11-15 13:34:12.481087,0 days 00:00:00.377358,0.9,10,1.25,0.8,9,100,COMPLETE
4148,4148,18396.0,2023-11-15 13:34:12.483101,2023-11-15 13:34:12.863683,0 days 00:00:00.380582,0.8,10,1.25,0.9,21,96,COMPLETE
4149,4149,18023.5,2023-11-15 13:34:12.865323,2023-11-15 13:34:13.242923,0 days 00:00:00.377600,0.8,10,1.25,0.8,18,98,COMPLETE
4150,4150,18681.25,2023-11-15 13:34:13.244603,2023-11-15 13:34:13.615632,0 days 00:00:00.371029,0.8,10,1.25,0.8,23,99,COMPLETE
4151,4151,17026.25,2023-11-15 13:34:13.617523,2023-11-15 13:34:14.005679,0 days 00:00:00.388156,0.8,20,1.0,0.8,14,95,COMPLETE
4152,4152,18218.0,2023-11-15 13:34:14.008142,2023-11-15 13:34:14.392416,0 days 00:00:00.384274,0.8,10,1.25,0.8,4,97,COMPLETE
4153,4153,17935.0,2023-11-15 13:34:14.394276,2023-11-15 13:34:14.776987,0 days 00:00:00.382711,0.6,10,1.5,0.8,43,89,COMPLETE
4154,4154,18492.5,2023-11-15 13:34:14.778713,2023-11-15 13:34:15.154282,0 days 00:00:00.375569,0.8,10,1.25,0.8,16,100,COMPLETE
4155,4155,199.5,2023-11-15 13:34:15.156411,2023-11-15 13:34:15.830637,0 days 00:00:00.674226,0.7000000000000001,10,1.25,0.8,0,98,COMPLETE
4156,4156,18310.75,2023-11-15 13:34:15.832382,2023-11-15 13:34:16.214470,0 days 00:00:00.382088,0.8,10,1.25,0.8,6,92,COMPLETE
4157,4157,18410.75,2023-11-15 13:34:16.216229,2023-11-15 13:34:16.598344,0 days 00:00:00.382115,0.8,10,1.25,0.8,20,94,COMPLETE
4158,4158,18323.25,2023-11-15 13:34:16.600072,2023-11-15 13:34:16.982123,0 days 00:00:00.382051,0.8,10,1.0,0.8,11,97,COMPLETE
4159,4159,18013.5,2023-11-15 13:34:16.983794,2023-11-15 13:34:17.362511,0 days 00:00:00.378717,0.8,20,1.25,0.7000000000000001,8,100,COMPLETE
4160,4160,17850.5,2023-11-15 13:34:17.364370,2023-11-15 13:34:17.750752,0 days 00:00:00.386382,0.9,10,1.75,0.1,18,98,COMPLETE
4161,4161,18300.75,2023-11-15 13:34:17.752799,2023-11-15 13:34:18.133104,0 days 00:00:00.380305,0.8,10,1.25,0.9,2,96,COMPLETE
4162,4162,18306.5,2023-11-15 13:34:18.134812,2023-11-15 13:34:18.521055,0 days 00:00:00.386243,0.8,10,1.5,0.8,13,100,COMPLETE
4163,4163,18023.5,2023-11-15 13:34:18.522784,2023-11-15 13:34:18.926844,0 days 00:00:00.404060,0.8,10,1.25,0.8,16,98,COMPLETE
4164,4164,17837.25,2023-11-15 13:34:18.928695,2023-11-15 13:34:19.310680,0 days 00:00:00.381985,0.8,10,1.25,0.8,22,95,COMPLETE
4165,4165,18492.5,2023-11-15 13:34:19.312776,2023-11-15 13:34:19.690011,0 days 00:00:00.377235,0.8,10,1.25,0.8,19,100,COMPLETE
4166,4166,18218.0,2023-11-15 13:34:19.691926,2023-11-15 13:34:20.072196,0 days 00:00:00.380270,0.8,10,1.25,0.8,14,97,COMPLETE
4167,4167,14737.0,2023-11-15 13:34:20.073973,2023-11-15 13:34:20.488202,0 days 00:00:00.414229,0.1,10,1.0,0.8,10,99,COMPLETE
4168,4168,18302.0,2023-11-15 13:34:20.490132,2023-11-15 13:34:20.864233,0 days 00:00:00.374101,0.7000000000000001,10,1.5,0.8,4,96,COMPLETE
4169,4169,18209.5,2023-11-15 13:34:20.865973,2023-11-15 13:34:21.244714,0 days 00:00:00.378741,0.8,10,1.25,0.7000000000000001,17,98,COMPLETE
4170,4170,18400.0,2023-11-15 13:34:21.246452,2023-11-15 13:34:21.627641,0 days 00:00:00.381189,0.8,10,1.25,0.9,7,94,COMPLETE
4171,4171,18013.5,2023-11-15 13:34:21.629495,2023-11-15 13:34:22.031288,0 days 00:00:00.401793,0.8,20,1.25,0.8,15,100,COMPLETE
4172,4172,18309.25,2023-11-15 13:34:22.033001,2023-11-15 13:34:22.418331,0 days 00:00:00.385330,0.8,10,2.0,0.8,24,97,COMPLETE
4173,4173,18493.0,2023-11-15 13:34:22.420661,2023-11-15 13:34:22.797911,0 days 00:00:00.377250,0.9,10,1.25,0.8,12,99,COMPLETE
4174,4174,18301.5,2023-11-15 13:34:22.799708,2023-11-15 13:34:23.180835,0 days 00:00:00.381127,0.8,10,1.5,0.8,19,96,COMPLETE
4175,4175,18398.25,2023-11-15 13:34:23.182577,2023-11-15 13:34:23.565679,0 days 00:00:00.383102,0.8,10,1.25,0.8,21,100,COMPLETE
4176,4176,18022.0,2023-11-15 13:34:23.567386,2023-11-15 13:34:23.951898,0 days 00:00:00.384512,0.8,10,1.0,0.8,5,98,COMPLETE
4177,4177,18486.25,2023-11-15 13:34:23.953990,2023-11-15 13:34:24.339134,0 days 00:00:00.385144,0.8,10,1.25,0.8,2,94,COMPLETE
4178,4178,17830.75,2023-11-15 13:34:24.340805,2023-11-15 13:34:24.717111,0 days 00:00:00.376306,0.8,20,1.25,0.8,17,98,COMPLETE
4179,4179,18300.75,2023-11-15 13:34:24.718908,2023-11-15 13:34:25.116891,0 days 00:00:00.397983,0.8,10,1.25,0.9,8,96,COMPLETE
4180,4180,18398.25,2023-11-15 13:34:25.118688,2023-11-15 13:34:25.503701,0 days 00:00:00.385013,0.8,10,1.25,0.8,13,100,COMPLETE
4181,4181,18296.75,2023-11-15 13:34:25.506481,2023-11-15 13:34:25.884888,0 days 00:00:00.378407,0.7000000000000001,10,1.25,0.8,15,98,COMPLETE
4182,4182,18310.75,2023-11-15 13:34:25.887478,2023-11-15 13:34:26.267388,0 days 00:00:00.379910,0.8,10,1.25,0.8,20,92,COMPLETE
4183,4183,17652.5,2023-11-15 13:34:26.269217,2023-11-15 13:34:26.649875,0 days 00:00:00.380658,0.8,10,1.5,0.8,11,70,COMPLETE
4184,4184,18150.0,2023-11-15 13:34:26.651986,2023-11-15 13:34:27.041933,0 days 00:00:00.389947,0.8,10,0.5,0.8,26,100,COMPLETE
4185,4185,17486.5,2023-11-15 13:34:27.043646,2023-11-15 13:34:27.431825,0 days 00:00:00.388179,0.8,10,1.0,0.7000000000000001,17,95,COMPLETE
4186,4186,199.5,2023-11-15 13:34:27.433527,2023-11-15 13:34:28.077064,0 days 00:00:00.643537,0.8,10,1.25,0.8,0,97,COMPLETE
4187,4187,18023.5,2023-11-15 13:34:28.078985,2023-11-15 13:34:28.463384,0 days 00:00:00.384399,0.8,10,1.25,0.8,58,98,COMPLETE
4188,4188,18013.5,2023-11-15 13:34:28.465081,2023-11-15 13:34:28.864096,0 days 00:00:00.399015,0.8,20,1.25,0.9,5,100,COMPLETE
4189,4189,18394.5,2023-11-15 13:34:28.865919,2023-11-15 13:34:29.245329,0 days 00:00:00.379410,0.8,10,1.25,0.8,9,96,COMPLETE
4190,4190,18022.0,2023-11-15 13:34:29.247118,2023-11-15 13:34:29.623515,0 days 00:00:00.376397,0.8,10,1.0,0.8,22,98,COMPLETE
4191,4191,18493.0,2023-11-15 13:34:29.625376,2023-11-15 13:34:30.000192,0 days 00:00:00.374816,0.9,10,1.25,0.8,3,99,COMPLETE
4192,4192,18020.0,2023-11-15 13:34:30.002061,2023-11-15 13:34:30.384152,0 days 00:00:00.382091,0.7000000000000001,10,1.5,0.8,14,94,COMPLETE
4193,4193,17225.25,2023-11-15 13:34:30.386357,2023-11-15 13:34:30.778151,0 days 00:00:00.391794,0.30000000000000004,10,1.25,0.8,19,96,COMPLETE
4194,4194,14877.0,2023-11-15 13:34:30.780079,2023-11-15 13:34:31.191657,0 days 00:00:00.411578,0.8,60,1.25,0.8,16,100,COMPLETE
4195,4195,18209.5,2023-11-15 13:34:31.193379,2023-11-15 13:34:31.571466,0 days 00:00:00.378087,0.8,10,1.25,0.7000000000000001,6,98,COMPLETE
4196,4196,18218.0,2023-11-15 13:34:31.573215,2023-11-15 13:34:31.984401,0 days 00:00:00.411186,0.8,10,1.25,0.8,29,97,COMPLETE
4197,4197,18401.0,2023-11-15 13:34:31.987326,2023-11-15 13:34:32.367163,0 days 00:00:00.379837,0.8,10,1.0,0.8,12,100,COMPLETE
4198,4198,17831.25,2023-11-15 13:34:32.368993,2023-11-15 13:34:32.752046,0 days 00:00:00.383053,0.8,10,1.5,0.8,19,95,COMPLETE
4199,4199,17830.75,2023-11-15 13:34:32.754649,2023-11-15 13:34:33.131861,0 days 00:00:00.377212,0.8,20,1.25,0.9,9,98,COMPLETE
4200,4200,18307.0,2023-11-15 13:34:33.133568,2023-11-15 13:34:33.517718,0 days 00:00:00.384150,0.9,10,1.25,0.8,17,100,COMPLETE
4201,4201,18207.75,2023-11-15 13:34:33.519983,2023-11-15 13:34:33.899130,0 days 00:00:00.379147,0.8,10,1.25,0.8,14,93,COMPLETE
4202,4202,18401.5,2023-11-15 13:34:33.900945,2023-11-15 13:34:34.289625,0 days 00:00:00.388680,0.8,10,1.75,0.8,21,97,COMPLETE
4203,4203,18023.5,2023-11-15 13:34:34.291280,2023-11-15 13:34:34.679492,0 days 00:00:00.388212,0.8,10,1.25,0.8,24,98,COMPLETE
4204,4204,17746.5,2023-11-15 13:34:34.681212,2023-11-15 13:34:35.095248,0 days 00:00:00.414036,0.8,10,1.25,0.7000000000000001,3,95,COMPLETE
4205,4205,16538.0,2023-11-15 13:34:35.096959,2023-11-15 13:34:35.490271,0 days 00:00:00.393312,0.8,40,1.5,0.8,11,100,COMPLETE
4206,4206,18116.0,2023-11-15 13:34:35.491976,2023-11-15 13:34:35.876239,0 days 00:00:00.384263,0.8,10,1.25,0.6,7,96,COMPLETE
4207,4207,18129.25,2023-11-15 13:34:35.877931,2023-11-15 13:34:36.288140,0 days 00:00:00.410209,0.7000000000000001,10,1.0,0.8,18,98,COMPLETE
4208,4208,18681.25,2023-11-15 13:34:36.289979,2023-11-15 13:34:36.674133,0 days 00:00:00.384154,0.8,10,1.25,0.8,15,99,COMPLETE
4209,4209,18300.75,2023-11-15 13:34:36.676301,2023-11-15 13:34:37.065098,0 days 00:00:00.388797,0.8,10,1.25,0.9,13,96,COMPLETE
4210,4210,18013.5,2023-11-15 13:34:37.066840,2023-11-15 13:34:37.454303,0 days 00:00:00.387463,0.8,20,1.25,0.8,20,100,COMPLETE
4211,4211,17846.75,2023-11-15 13:34:37.456239,2023-11-15 13:34:37.849105,0 days 00:00:00.392866,0.4,10,1.25,0.8,16,98,COMPLETE
4212,4212,17469.0,2023-11-15 13:34:37.850913,2023-11-15 13:34:38.245856,0 days 00:00:00.394943,0.8,10,1.25,0.8,6,67,COMPLETE
4213,4213,18323.25,2023-11-15 13:34:38.247667,2023-11-15 13:34:38.626930,0 days 00:00:00.379263,0.8,10,1.0,0.8,2,97,COMPLETE
4214,4214,16116.75,2023-11-15 13:34:38.628776,2023-11-15 13:34:39.017426,0 days 00:00:00.388650,0.8,50,1.5,0.8,18,94,COMPLETE
4215,4215,18492.5,2023-11-15 13:34:39.019546,2023-11-15 13:34:39.395350,0 days 00:00:00.375804,0.8,10,1.25,0.8,10,100,COMPLETE
4216,4216,18115.25,2023-11-15 13:34:39.397168,2023-11-15 13:34:39.782507,0 days 00:00:00.385339,0.9,10,1.25,0.9,22,98,COMPLETE
4217,4217,18394.5,2023-11-15 13:34:39.784177,2023-11-15 13:34:40.165852,0 days 00:00:00.381675,0.8,10,1.25,0.8,4,96,COMPLETE
4218,4218,18304.5,2023-11-15 13:34:40.167696,2023-11-15 13:34:40.543559,0 days 00:00:00.375863,0.8,10,1.5,0.7000000000000001,15,99,COMPLETE
4219,4219,199.5,2023-11-15 13:34:40.545259,2023-11-15 13:34:41.158089,0 days 00:00:00.612830,0.8,10,1.25,0.8,0,92,COMPLETE
4220,4220,18492.5,2023-11-15 13:34:41.159856,2023-11-15 13:34:41.550546,0 days 00:00:00.390690,0.8,10,1.25,0.8,12,100,COMPLETE
4221,4221,17927.0,2023-11-15 13:34:41.552772,2023-11-15 13:34:41.934161,0 days 00:00:00.381389,0.7000000000000001,20,1.25,0.8,8,97,COMPLETE
4222,4222,18185.0,2023-11-15 13:34:41.936178,2023-11-15 13:34:42.341274,0 days 00:00:00.405096,0.8,10,0.75,0.8,17,98,COMPLETE
4223,4223,17835.75,2023-11-15 13:34:42.342990,2023-11-15 13:34:42.729561,0 days 00:00:00.386571,0.8,10,1.0,0.8,19,95,COMPLETE
4224,4224,18210.75,2023-11-15 13:34:42.731427,2023-11-15 13:34:43.114572,0 days 00:00:00.383145,0.8,10,1.75,0.8,23,100,COMPLETE
4225,4225,18027.25,2023-11-15 13:34:43.116278,2023-11-15 13:34:43.498939,0 days 00:00:00.382661,0.5,10,1.25,0.8,14,97,COMPLETE
4226,4226,18026.5,2023-11-15 13:34:43.500656,2023-11-15 13:34:43.884597,0 days 00:00:00.383941,0.8,10,1.25,0.8,46,98,COMPLETE
4227,4227,17747.25,2023-11-15 13:34:43.886891,2023-11-15 13:34:44.275055,0 days 00:00:00.388164,0.8,10,1.25,0.9,5,95,COMPLETE
4228,4228,18398.25,2023-11-15 13:34:44.276935,2023-11-15 13:34:44.661220,0 days 00:00:00.384285,0.8,10,1.25,0.8,21,100,COMPLETE
4229,4229,13851.0,2023-11-15 13:34:44.663345,2023-11-15 13:34:45.063751,0 days 00:00:00.400406,0.9,80,1.0,0.8,16,90,COMPLETE
4230,4230,18027.75,2023-11-15 13:34:45.065479,2023-11-15 13:34:45.469374,0 days 00:00:00.403895,0.8,10,1.5,0.7000000000000001,9,98,COMPLETE
4231,4231,18394.5,2023-11-15 13:34:45.471557,2023-11-15 13:34:45.855454,0 days 00:00:00.383897,0.8,10,1.25,0.8,12,96,COMPLETE
4232,4232,17560.75,2023-11-15 13:34:45.857301,2023-11-15 13:34:46.241863,0 days 00:00:00.384562,0.8,20,1.25,0.8,2,83,COMPLETE
4233,4233,18115.0,2023-11-15 13:34:46.243519,2023-11-15 13:34:46.624156,0 days 00:00:00.380637,0.7000000000000001,10,1.25,0.8,25,93,COMPLETE
4234,4234,18306.5,2023-11-15 13:34:46.625914,2023-11-15 13:34:47.012124,0 days 00:00:00.386210,0.8,10,1.5,0.8,18,100,COMPLETE
4235,4235,18121.25,2023-11-15 13:34:47.013783,2023-11-15 13:34:47.410925,0 days 00:00:00.397142,0.6,10,1.25,0.8,7,98,COMPLETE
4236,4236,18394.5,2023-11-15 13:34:47.412706,2023-11-15 13:34:47.803286,0 days 00:00:00.390580,0.8,10,1.25,0.8,15,96,COMPLETE
4237,4237,17919.25,2023-11-15 13:34:47.805365,2023-11-15 13:34:48.191586,0 days 00:00:00.386221,0.8,20,1.25,0.8,20,99,COMPLETE
4238,4238,18428.75,2023-11-15 13:34:48.193386,2023-11-15 13:34:48.598766,0 days 00:00:00.405380,0.8,10,1.0,0.9,10,100,COMPLETE
4239,4239,18218.0,2023-11-15 13:34:48.600626,2023-11-15 13:34:48.990111,0 days 00:00:00.389485,0.8,10,1.25,0.8,13,97,COMPLETE
4240,4240,18410.75,2023-11-15 13:34:48.991818,2023-11-15 13:34:49.377152,0 days 00:00:00.385334,0.8,10,1.25,0.8,17,94,COMPLETE
4241,4241,18023.5,2023-11-15 13:34:49.379070,2023-11-15 13:34:49.770289,0 days 00:00:00.391219,0.8,10,1.25,0.8,5,98,COMPLETE
4242,4242,9382.25,2023-11-15 13:34:49.772074,2023-11-15 13:34:50.150422,0 days 00:00:00.378348,0.8,10,1.25,0.8,20,15,COMPLETE
4243,4243,18301.5,2023-11-15 13:34:50.152367,2023-11-15 13:34:50.538365,0 days 00:00:00.385998,0.8,10,1.5,0.8,15,96,COMPLETE
4244,4244,18681.25,2023-11-15 13:34:50.540075,2023-11-15 13:34:50.922474,0 days 00:00:00.382399,0.8,10,1.25,0.8,3,99,COMPLETE
4245,4245,18212.25,2023-11-15 13:34:50.924207,2023-11-15 13:34:51.311795,0 days 00:00:00.387588,0.8,10,1.25,0.7000000000000001,23,100,COMPLETE
