,number,value,datetime_start,datetime_complete,duration,params_alpha,params_decay_interval,params_decay_rate,params_gamma,params_initialization,params_max_steps,state
3738,3738,14529.75,2023-11-15 13:31:39.202759,2023-11-15 13:31:39.590448,0 days 00:00:00.387689,0.2,10,1.25,0.8,81,98,COMPLETE
3739,3739,18218.5,2023-11-15 13:31:39.592146,2023-11-15 13:31:39.939286,0 days 00:00:00.347140,0.9,10,1.5,0.8,11,93,COMPLETE
3740,3740,16539.0,2023-11-15 13:31:39.941348,2023-11-15 13:31:40.290645,0 days 00:00:00.349297,0.8,20,1.25,0.8,19,56,COMPLETE
3741,3741,199.5,2023-11-15 13:31:40.292405,2023-11-15 13:31:40.883198,0 days 00:00:00.590793,0.8,10,1.25,0.8,0,96,COMPLETE
3742,3742,18032.75,2023-11-15 13:31:40.884841,2023-11-15 13:31:41.233811,0 days 00:00:00.348970,0.8,10,1.25,0.4,16,100,COMPLETE
3743,3743,18030.75,2023-11-15 13:31:41.235510,2023-11-15 13:31:41.580135,0 days 00:00:00.344625,0.8,10,1.25,0.8,29,79,COMPLETE
3744,3744,18022.0,2023-11-15 13:31:41.581914,2023-11-15 13:31:41.925652,0 days 00:00:00.343738,0.8,10,1.0,0.8,4,98,COMPLETE
3745,3745,18218.0,2023-11-15 13:31:41.927467,2023-11-15 13:31:42.290253,0 days 00:00:00.362786,0.8,10,1.25,0.8,20,97,COMPLETE
3746,3746,18210.5,2023-11-15 13:31:42.292253,2023-11-15 13:31:42.632516,0 days 00:00:00.340263,0.8,10,1.5,0.9,13,99,COMPLETE
3747,3747,17663.5,2023-11-15 13:31:42.634168,2023-11-15 13:31:42.982298,0 days 00:00:00.348130,0.8,20,1.25,0.6,22,100,COMPLETE
3748,3748,17735.5,2023-11-15 13:31:42.983923,2023-11-15 13:31:43.336390,0 days 00:00:00.352467,0.8,10,1.25,0.30000000000000004,15,95,COMPLETE
3749,3749,18122.0,2023-11-15 13:31:43.338447,2023-11-15 13:31:43.682182,0 days 00:00:00.343735,0.8,10,1.5,0.8,49,97,COMPLETE
3750,3750,18212.25,2023-11-15 13:31:43.683756,2023-11-15 13:31:44.035464,0 days 00:00:00.351708,0.9,10,2.25,0.7000000000000001,2,98,COMPLETE
3751,3751,18398.25,2023-11-15 13:31:44.037217,2023-11-15 13:31:44.377228,0 days 00:00:00.340011,0.8,10,1.25,0.8,9,100,COMPLETE
3752,3752,18394.5,2023-11-15 13:31:44.379006,2023-11-15 13:31:44.721865,0 days 00:00:00.342859,0.8,10,1.25,0.8,18,96,COMPLETE
3753,3753,18207.75,2023-11-15 13:31:44.723960,2023-11-15 13:31:45.062427,0 days 00:00:00.338467,0.8,10,1.25,0.8,7,93,COMPLETE
3754,3754,18071.5,2023-11-15 13:31:45.063983,2023-11-15 13:31:45.424297,0 days 00:00:00.360314,0.8,10,1.0,0.9,11,98,COMPLETE
3755,3755,18399.0,2023-11-15 13:31:45.425984,2023-11-15 13:31:45.773103,0 days 00:00:00.347119,0.8,10,1.25,0.8,17,100,COMPLETE
3756,3756,17837.25,2023-11-15 13:31:45.775086,2023-11-15 13:31:46.128703,0 days 00:00:00.353617,0.8,10,1.25,0.8,14,95,COMPLETE
3757,3757,18023.5,2023-11-15 13:31:46.130338,2023-11-15 13:31:46.480846,0 days 00:00:00.350508,0.8,10,1.25,0.8,21,98,COMPLETE
3758,3758,17919.25,2023-11-15 13:31:46.482579,2023-11-15 13:31:46.830070,0 days 00:00:00.347491,0.7000000000000001,20,1.25,0.8,4,99,COMPLETE
3759,3759,18207.75,2023-11-15 13:31:46.831812,2023-11-15 13:31:47.177719,0 days 00:00:00.345907,0.9,10,1.25,0.8,16,96,COMPLETE
3760,3760,18306.5,2023-11-15 13:31:47.179528,2023-11-15 13:31:47.527396,0 days 00:00:00.347868,0.8,10,1.5,0.8,26,100,COMPLETE
3761,3761,18122.5,2023-11-15 13:31:47.529103,2023-11-15 13:31:47.878626,0 days 00:00:00.349523,0.8,10,1.25,0.8,19,97,COMPLETE
3762,3762,18022.0,2023-11-15 13:31:47.880341,2023-11-15 13:31:48.227558,0 days 00:00:00.347217,0.8,10,1.0,0.8,12,98,COMPLETE
3763,3763,18209.75,2023-11-15 13:31:48.229165,2023-11-15 13:31:48.579008,0 days 00:00:00.349843,0.5,10,1.75,0.8,7,94,COMPLETE
3764,3764,18399.5,2023-11-15 13:31:48.580765,2023-11-15 13:31:48.954520,0 days 00:00:00.373755,0.8,10,1.25,0.8,23,100,COMPLETE
3765,3765,18210.5,2023-11-15 13:31:48.956886,2023-11-15 13:31:49.301620,0 days 00:00:00.344734,0.7000000000000001,10,1.25,0.9,2,96,COMPLETE
3766,3766,17925.0,2023-11-15 13:31:49.303240,2023-11-15 13:31:49.651199,0 days 00:00:00.347959,0.8,20,1.5,0.8,17,98,COMPLETE
3767,3767,14806.0,2023-11-15 13:31:49.652877,2023-11-15 13:31:49.993361,0 days 00:00:00.340484,0.8,10,1.25,0.8,10,32,COMPLETE
3768,3768,18311.25,2023-11-15 13:31:49.995053,2023-11-15 13:31:50.341027,0 days 00:00:00.345974,0.6,10,1.25,0.8,15,100,COMPLETE
3769,3769,18401.0,2023-11-15 13:31:50.342731,2023-11-15 13:31:50.689510,0 days 00:00:00.346779,0.8,10,1.25,0.7000000000000001,5,97,COMPLETE
3770,3770,18310.75,2023-11-15 13:31:50.691862,2023-11-15 13:31:51.033750,0 days 00:00:00.341888,0.8,10,1.25,0.8,20,92,COMPLETE
3771,3771,18023.5,2023-11-15 13:31:51.035317,2023-11-15 13:31:51.377818,0 days 00:00:00.342501,0.8,10,1.25,0.8,13,98,COMPLETE
3772,3772,17653.75,2023-11-15 13:31:51.379706,2023-11-15 13:31:51.731603,0 days 00:00:00.351897,0.8,10,1.0,0.8,9,95,COMPLETE
3773,3773,18681.25,2023-11-15 13:31:51.733461,2023-11-15 13:31:52.078579,0 days 00:00:00.345118,0.8,10,1.25,0.8,15,99,COMPLETE
3774,3774,18306.5,2023-11-15 13:31:52.080265,2023-11-15 13:31:52.429847,0 days 00:00:00.349582,0.8,10,1.5,0.8,18,100,COMPLETE
3775,3775,18207.75,2023-11-15 13:31:52.431519,2023-11-15 13:31:52.805277,0 days 00:00:00.373758,0.9,10,1.25,0.8,22,96,COMPLETE
3776,3776,18209.5,2023-11-15 13:31:52.807336,2023-11-15 13:31:53.149656,0 days 00:00:00.342320,0.8,10,1.25,0.7000000000000001,12,98,COMPLETE
3777,3777,199.5,2023-11-15 13:31:53.151227,2023-11-15 13:31:53.733559,0 days 00:00:00.582332,0.8,10,1.0,0.9,0,94,COMPLETE
3778,3778,18218.0,2023-11-15 13:31:53.735348,2023-11-15 13:31:54.078698,0 days 00:00:00.343350,0.8,10,1.25,0.8,6,97,COMPLETE
3779,3779,18013.5,2023-11-15 13:31:54.080260,2023-11-15 13:31:54.424742,0 days 00:00:00.344482,0.8,20,1.25,0.8,3,100,COMPLETE
3780,3780,18023.5,2023-11-15 13:31:54.426438,2023-11-15 13:31:54.766866,0 days 00:00:00.340428,0.8,10,1.25,0.8,17,98,COMPLETE
3781,3781,18301.75,2023-11-15 13:31:54.768970,2023-11-15 13:31:55.113363,0 days 00:00:00.344393,0.8,10,1.25,0.8,20,96,COMPLETE
3782,3782,14877.0,2023-11-15 13:31:55.114982,2023-11-15 13:31:55.478660,0 days 00:00:00.363678,0.8,60,1.5,0.8,15,100,COMPLETE
3783,3783,16830.75,2023-11-15 13:31:55.480341,2023-11-15 13:31:55.834328,0 days 00:00:00.353987,0.8,10,1.25,0.8,18,66,COMPLETE
3784,3784,18023.5,2023-11-15 13:31:55.836232,2023-11-15 13:31:56.186192,0 days 00:00:00.349960,0.8,10,1.25,0.8,11,98,COMPLETE
3785,3785,17489.75,2023-11-15 13:31:56.188056,2023-11-15 13:31:56.540435,0 days 00:00:00.352379,0.7000000000000001,10,1.25,0.8,24,95,COMPLETE
3786,3786,18025.0,2023-11-15 13:31:56.542321,2023-11-15 13:31:56.900147,0 days 00:00:00.357826,0.8,10,1.25,0.9,8,74,COMPLETE
3787,3787,18331.5,2023-11-15 13:31:56.901941,2023-11-15 13:31:57.246154,0 days 00:00:00.344213,0.8,10,1.0,0.8,19,99,COMPLETE
3788,3788,18399.75,2023-11-15 13:31:57.247782,2023-11-15 13:31:57.585992,0 days 00:00:00.338210,0.8,10,1.5,0.8,13,97,COMPLETE
3789,3789,16291.0,2023-11-15 13:31:57.587790,2023-11-15 13:31:57.945711,0 days 00:00:00.357921,0.8,40,1.25,0.7000000000000001,4,100,COMPLETE
3790,3790,17925.0,2023-11-15 13:31:57.947279,2023-11-15 13:31:58.287149,0 days 00:00:00.339870,0.8,20,1.75,0.8,16,98,COMPLETE
3791,3791,18397.25,2023-11-15 13:31:58.289409,2023-11-15 13:31:58.629985,0 days 00:00:00.340576,0.9,10,1.25,0.8,6,94,COMPLETE
3792,3792,18301.75,2023-11-15 13:31:58.631579,2023-11-15 13:31:58.973194,0 days 00:00:00.341615,0.8,10,1.25,0.8,21,96,COMPLETE
3793,3793,18492.75,2023-11-15 13:31:58.974975,2023-11-15 13:31:59.314289,0 days 00:00:00.339314,0.8,10,1.25,0.9,14,100,COMPLETE
3794,3794,18023.5,2023-11-15 13:31:59.316010,2023-11-15 13:31:59.663103,0 days 00:00:00.347093,0.8,10,1.25,0.8,9,98,COMPLETE
3795,3795,18114.25,2023-11-15 13:31:59.664956,2023-11-15 13:32:00.020526,0 days 00:00:00.355570,0.8,10,1.25,0.8,17,83,COMPLETE
3796,3796,18301.25,2023-11-15 13:32:00.024319,2023-11-15 13:32:00.378916,0 days 00:00:00.354597,0.7000000000000001,10,2.0,0.8,2,96,COMPLETE
3797,3797,17924.25,2023-11-15 13:32:00.380548,2023-11-15 13:32:00.722895,0 days 00:00:00.342347,0.8,20,1.0,0.8,19,100,COMPLETE
3798,3798,13206.0,2023-11-15 13:32:00.724644,2023-11-15 13:32:01.090805,0 days 00:00:00.366161,0.8,90,2.25,0.8,12,93,COMPLETE
3799,3799,18303.5,2023-11-15 13:32:01.092500,2023-11-15 13:32:01.433499,0 days 00:00:00.340999,0.8,10,1.25,0.7000000000000001,23,98,COMPLETE
3800,3800,18399.75,2023-11-15 13:32:01.435184,2023-11-15 13:32:01.783181,0 days 00:00:00.347997,0.8,10,1.5,0.8,15,97,COMPLETE
3801,3801,18681.25,2023-11-15 13:32:01.784797,2023-11-15 13:32:02.128501,0 days 00:00:00.343704,0.8,10,1.25,0.8,7,99,COMPLETE
3802,3802,17837.25,2023-11-15 13:32:02.130197,2023-11-15 13:32:02.472874,0 days 00:00:00.342677,0.8,10,1.25,0.8,4,95,COMPLETE
3803,3803,18492.5,2023-11-15 13:32:02.474689,2023-11-15 13:32:02.816672,0 days 00:00:00.341983,0.8,10,1.25,0.8,10,100,COMPLETE
3804,3804,17466.25,2023-11-15 13:32:02.818332,2023-11-15 13:32:03.169696,0 days 00:00:00.351364,0.8,20,1.0,0.8,21,97,COMPLETE
3805,3805,18115.25,2023-11-15 13:32:03.171680,2023-11-15 13:32:03.532266,0 days 00:00:00.360586,0.9,10,1.25,0.9,18,98,COMPLETE
3806,3806,17574.5,2023-11-15 13:32:03.534133,2023-11-15 13:32:03.885752,0 days 00:00:00.351619,0.8,10,1.5,0.2,14,100,COMPLETE
3807,3807,18301.75,2023-11-15 13:32:03.887685,2023-11-15 13:32:04.233757,0 days 00:00:00.346072,0.8,10,1.25,0.8,26,96,COMPLETE
3808,3808,18023.5,2023-11-15 13:32:04.235400,2023-11-15 13:32:04.585735,0 days 00:00:00.350335,0.8,10,1.25,0.8,16,98,COMPLETE
3809,3809,18490.25,2023-11-15 13:32:04.587482,2023-11-15 13:32:04.932065,0 days 00:00:00.344583,0.8,10,1.25,0.7000000000000001,5,94,COMPLETE
3810,3810,17085.5,2023-11-15 13:32:04.933787,2023-11-15 13:32:05.286555,0 days 00:00:00.352768,0.8,30,1.25,0.8,1,92,COMPLETE
3811,3811,18401.0,2023-11-15 13:32:05.288678,2023-11-15 13:32:05.632454,0 days 00:00:00.343776,0.8,10,1.0,0.8,12,100,COMPLETE
3812,3812,18024.75,2023-11-15 13:32:05.634178,2023-11-15 13:32:05.987183,0 days 00:00:00.353005,0.7000000000000001,10,1.25,0.8,20,96,COMPLETE
3813,3813,18023.5,2023-11-15 13:32:05.990702,2023-11-15 13:32:06.339253,0 days 00:00:00.348551,0.8,10,1.25,0.8,17,98,COMPLETE
3814,3814,16225.25,2023-11-15 13:32:06.341236,2023-11-15 13:32:06.723448,0 days 00:00:00.382212,0.4,10,1.5,0.9,63,68,COMPLETE
3815,3815,18681.25,2023-11-15 13:32:06.725172,2023-11-15 13:32:07.068517,0 days 00:00:00.343345,0.8,10,1.25,0.8,9,99,COMPLETE
3816,3816,18394.5,2023-11-15 13:32:07.070190,2023-11-15 13:32:07.419067,0 days 00:00:00.348877,0.8,10,1.25,0.8,14,96,COMPLETE
3817,3817,18401.0,2023-11-15 13:32:07.420817,2023-11-15 13:32:07.768203,0 days 00:00:00.347386,0.8,10,1.0,0.8,7,100,COMPLETE
3818,3818,18023.5,2023-11-15 13:32:07.770163,2023-11-15 13:32:08.118650,0 days 00:00:00.348487,0.8,10,1.25,0.8,3,98,COMPLETE
3819,3819,18213.0,2023-11-15 13:32:08.120369,2023-11-15 13:32:08.470567,0 days 00:00:00.350198,0.9,10,1.5,0.8,22,94,COMPLETE
3820,3820,18218.0,2023-11-15 13:32:08.472919,2023-11-15 13:32:08.826704,0 days 00:00:00.353785,0.8,10,1.25,0.8,16,97,COMPLETE
3821,3821,17838.0,2023-11-15 13:32:08.828283,2023-11-15 13:32:09.180171,0 days 00:00:00.351888,0.8,20,0.75,0.8,19,100,COMPLETE
3822,3822,14669.25,2023-11-15 13:32:09.181958,2023-11-15 13:32:09.546832,0 days 00:00:00.364874,0.8,70,1.25,0.8,11,98,COMPLETE
3823,3823,0.0,2023-11-15 13:32:09.548559,2023-11-15 13:32:10.064421,0 days 00:00:00.515862,0.8,10,1.75,0.4,0,62,COMPLETE
3824,3824,17837.25,2023-11-15 13:32:10.066138,2023-11-15 13:32:10.451088,0 days 00:00:00.384950,0.8,10,1.25,0.8,32,95,COMPLETE
3825,3825,18306.25,2023-11-15 13:32:10.453242,2023-11-15 13:32:10.824409,0 days 00:00:00.371167,0.8,10,1.25,0.9,18,100,COMPLETE
3826,3826,18133.5,2023-11-15 13:32:10.826824,2023-11-15 13:32:11.187788,0 days 00:00:00.360964,0.7000000000000001,10,1.25,0.6,13,97,COMPLETE
3827,3827,17680.75,2023-11-15 13:32:11.190059,2023-11-15 13:32:11.550242,0 days 00:00:00.360183,0.8,10,3.0,0.7000000000000001,96,98,COMPLETE
3828,3828,18379.75,2023-11-15 13:32:11.551891,2023-11-15 13:32:11.912346,0 days 00:00:00.360455,0.8,10,1.0,0.8,24,96,COMPLETE
3829,3829,17655.25,2023-11-15 13:32:11.914112,2023-11-15 13:32:12.279869,0 days 00:00:00.365757,0.8,10,1.25,0.8,8,91,COMPLETE
3830,3830,17736.0,2023-11-15 13:32:12.281471,2023-11-15 13:32:12.636895,0 days 00:00:00.355424,0.8,20,1.5,0.8,45,99,COMPLETE
3831,3831,18307.0,2023-11-15 13:32:12.639173,2023-11-15 13:32:12.990051,0 days 00:00:00.350878,0.9,10,1.25,0.8,6,100,COMPLETE
3832,3832,18023.5,2023-11-15 13:32:12.991743,2023-11-15 13:32:13.340404,0 days 00:00:00.348661,0.8,10,1.25,0.8,15,98,COMPLETE
3833,3833,17927.75,2023-11-15 13:32:13.342229,2023-11-15 13:32:13.697437,0 days 00:00:00.355208,0.7000000000000001,10,1.25,0.9,21,95,COMPLETE
3834,3834,18323.25,2023-11-15 13:32:13.699129,2023-11-15 13:32:14.046279,0 days 00:00:00.347150,0.8,10,1.0,0.8,2,97,COMPLETE
3835,3835,18026.25,2023-11-15 13:32:14.047874,2023-11-15 13:32:14.420341,0 days 00:00:00.372467,0.8,10,1.25,0.8,17,88,COMPLETE
3836,3836,11492.75,2023-11-15 13:32:14.422807,2023-11-15 13:32:14.765312,0 days 00:00:00.342505,0.8,10,1.25,0.8,11,20,COMPLETE
3837,3837,18305.75,2023-11-15 13:32:14.767023,2023-11-15 13:32:15.115038,0 days 00:00:00.348015,0.8,10,1.5,0.8,5,100,COMPLETE
3838,3838,17933.5,2023-11-15 13:32:15.116776,2023-11-15 13:32:15.465411,0 days 00:00:00.348635,0.8,10,1.25,0.5,19,98,COMPLETE
3839,3839,18394.5,2023-11-15 13:32:15.467327,2023-11-15 13:32:15.816569,0 days 00:00:00.349242,0.8,10,1.25,0.8,13,96,COMPLETE
3840,3840,18207.75,2023-11-15 13:32:15.818751,2023-11-15 13:32:16.168440,0 days 00:00:00.349689,0.8,10,1.25,0.8,9,93,COMPLETE
3841,3841,18492.5,2023-11-15 13:32:16.170225,2023-11-15 13:32:16.522965,0 days 00:00:00.352740,0.8,10,1.25,0.8,15,100,COMPLETE
3842,3842,18033.25,2023-11-15 13:32:16.525475,2023-11-15 13:32:16.878218,0 days 00:00:00.352743,0.8,10,1.25,0.8,35,98,COMPLETE
3843,3843,17249.75,2023-11-15 13:32:16.879849,2023-11-15 13:32:17.236649,0 days 00:00:00.356800,0.9,20,1.0,0.8,20,95,COMPLETE
3844,3844,18026.5,2023-11-15 13:32:17.238943,2023-11-15 13:32:17.614801,0 days 00:00:00.375858,0.8,10,1.5,0.7000000000000001,17,98,COMPLETE
3845,3845,18399.0,2023-11-15 13:32:17.616926,2023-11-15 13:32:17.967434,0 days 00:00:00.350508,0.8,10,1.25,0.8,28,100,COMPLETE
3846,3846,18488.75,2023-11-15 13:32:17.969098,2023-11-15 13:32:18.323642,0 days 00:00:00.354544,0.8,10,1.75,0.8,3,96,COMPLETE
3847,3847,14867.5,2023-11-15 13:32:18.325289,2023-11-15 13:32:18.703655,0 days 00:00:00.378366,0.8,10,1.25,0.8,24,40,COMPLETE
3848,3848,17830.75,2023-11-15 13:32:18.705890,2023-11-15 13:32:19.056976,0 days 00:00:00.351086,0.8,20,1.25,0.9,13,98,COMPLETE
3849,3849,18458.5,2023-11-15 13:32:19.059169,2023-11-15 13:32:19.408189,0 days 00:00:00.349020,0.8,10,1.0,0.8,22,100,COMPLETE
3850,3850,13684.5,2023-11-15 13:32:19.409900,2023-11-15 13:32:19.785253,0 days 00:00:00.375353,0.8,80,1.25,0.8,16,94,COMPLETE
3851,3851,18399.75,2023-11-15 13:32:19.787040,2023-11-15 13:32:20.133132,0 days 00:00:00.346092,0.8,10,1.5,0.8,5,97,COMPLETE
3852,3852,16941.75,2023-11-15 13:32:20.134879,2023-11-15 13:32:20.507502,0 days 00:00:00.372623,0.7000000000000001,10,0.25,0.8,74,99,COMPLETE
3853,3853,18116.5,2023-11-15 13:32:20.509294,2023-11-15 13:32:20.862572,0 days 00:00:00.353278,0.8,10,1.25,0.7000000000000001,18,96,COMPLETE
3854,3854,18306.25,2023-11-15 13:32:20.864384,2023-11-15 13:32:21.235936,0 days 00:00:00.371552,0.8,10,1.25,0.9,8,100,COMPLETE
3855,3855,17830.75,2023-11-15 13:32:21.238245,2023-11-15 13:32:21.592753,0 days 00:00:00.354508,0.8,20,1.25,0.8,14,98,COMPLETE
3856,3856,18394.5,2023-11-15 13:32:21.594460,2023-11-15 13:32:21.942671,0 days 00:00:00.348211,0.8,10,1.25,0.8,11,96,COMPLETE
3857,3857,18023.5,2023-11-15 13:32:21.944261,2023-11-15 13:32:22.294270,0 days 00:00:00.350009,0.8,10,1.25,0.8,20,98,COMPLETE
3858,3858,12479.5,2023-11-15 13:32:22.296073,2023-11-15 13:32:22.677509,0 days 00:00:00.381436,0.8,100,1.25,0.8,2,100,COMPLETE
3859,3859,18212.75,2023-11-15 13:32:22.679128,2023-11-15 13:32:23.030800,0 days 00:00:00.351672,0.8,10,1.5,0.8,16,94,COMPLETE
3860,3860,18122.0,2023-11-15 13:32:23.032458,2023-11-15 13:32:23.387652,0 days 00:00:00.355194,0.9,10,1.0,0.8,7,97,COMPLETE
3861,3861,18681.25,2023-11-15 13:32:23.390074,2023-11-15 13:32:23.735206,0 days 00:00:00.345132,0.8,10,1.25,0.8,19,99,COMPLETE
3862,3862,18394.5,2023-11-15 13:32:23.736836,2023-11-15 13:32:24.080514,0 days 00:00:00.343678,0.8,10,1.25,0.8,10,96,COMPLETE
3863,3863,199.5,2023-11-15 13:32:24.082209,2023-11-15 13:32:24.707410,0 days 00:00:00.625201,0.8,10,1.25,0.7000000000000001,0,100,COMPLETE
3864,3864,18022.0,2023-11-15 13:32:24.709105,2023-11-15 13:32:25.064051,0 days 00:00:00.354946,0.8,10,1.0,0.8,4,98,COMPLETE
3865,3865,15917.5,2023-11-15 13:32:25.065693,2023-11-15 13:32:25.422182,0 days 00:00:00.356489,0.8,50,1.25,0.8,14,92,COMPLETE
3866,3866,17747.25,2023-11-15 13:32:25.424270,2023-11-15 13:32:25.776587,0 days 00:00:00.352317,0.8,10,1.25,0.9,22,95,COMPLETE
3867,3867,18116.5,2023-11-15 13:32:25.778249,2023-11-15 13:32:26.135586,0 days 00:00:00.357337,0.6,10,1.25,0.8,18,98,COMPLETE
3868,3868,18492.5,2023-11-15 13:32:26.137293,2023-11-15 13:32:26.490228,0 days 00:00:00.352935,0.8,10,1.25,0.8,12,100,COMPLETE
3869,3869,18117.75,2023-11-15 13:32:26.491982,2023-11-15 13:32:26.843789,0 days 00:00:00.351807,0.7000000000000001,10,1.5,0.8,16,97,COMPLETE
3870,3870,18302.25,2023-11-15 13:32:26.845484,2023-11-15 13:32:27.197350,0 days 00:00:00.351866,0.9,10,1.25,0.8,5,98,COMPLETE
3871,3871,18030.0,2023-11-15 13:32:27.198993,2023-11-15 13:32:27.554013,0 days 00:00:00.355020,0.8,20,1.25,0.8,10,94,COMPLETE
3872,3872,18305.75,2023-11-15 13:32:27.555952,2023-11-15 13:32:27.914242,0 days 00:00:00.358290,0.8,10,1.5,0.8,20,100,COMPLETE
3873,3873,15493.0,2023-11-15 13:32:27.915890,2023-11-15 13:32:28.308742,0 days 00:00:00.392852,0.8,10,1.25,0.7000000000000001,17,35,COMPLETE
3874,3874,18394.5,2023-11-15 13:32:28.310400,2023-11-15 13:32:28.662417,0 days 00:00:00.352017,0.8,10,1.25,0.8,7,96,COMPLETE
3875,3875,18209.25,2023-11-15 13:32:28.664094,2023-11-15 13:32:29.036490,0 days 00:00:00.372396,0.7000000000000001,10,1.0,0.9,14,98,COMPLETE
3876,3876,18398.25,2023-11-15 13:32:29.038761,2023-11-15 13:32:29.402020,0 days 00:00:00.363259,0.8,10,1.25,0.8,26,100,COMPLETE
3877,3877,18119.5,2023-11-15 13:32:29.404242,2023-11-15 13:32:29.763961,0 days 00:00:00.359719,0.5,10,1.25,0.8,3,97,COMPLETE
3878,3878,18112.5,2023-11-15 13:32:29.765614,2023-11-15 13:32:30.130973,0 days 00:00:00.365359,0.8,10,1.25,0.8,12,95,COMPLETE
3879,3879,18209.75,2023-11-15 13:32:30.132688,2023-11-15 13:32:30.496746,0 days 00:00:00.364058,0.8,10,1.5,0.8,22,99,COMPLETE
3880,3880,17782.5,2023-11-15 13:32:30.498394,2023-11-15 13:32:30.855974,0 days 00:00:00.357580,0.8,20,1.0,0.8,15,98,COMPLETE
3881,3881,18210.75,2023-11-15 13:32:30.857811,2023-11-15 13:32:31.215474,0 days 00:00:00.357663,0.8,10,1.75,0.8,19,100,COMPLETE
3882,3882,18394.5,2023-11-15 13:32:31.217060,2023-11-15 13:32:31.572774,0 days 00:00:00.355714,0.8,10,1.25,0.8,6,96,COMPLETE
3883,3883,18207.75,2023-11-15 13:32:31.574748,2023-11-15 13:32:31.936123,0 days 00:00:00.361375,0.8,10,1.25,0.8,9,93,COMPLETE
3884,3884,18023.5,2023-11-15 13:32:31.938159,2023-11-15 13:32:32.297614,0 days 00:00:00.359455,0.8,10,1.25,0.8,17,98,COMPLETE
3885,3885,18492.5,2023-11-15 13:32:32.308998,2023-11-15 13:32:32.675826,0 days 00:00:00.366828,0.8,10,1.25,0.8,2,100,COMPLETE
3886,3886,18399.0,2023-11-15 13:32:32.677587,2023-11-15 13:32:33.031469,0 days 00:00:00.353882,0.8,10,1.0,0.9,13,96,COMPLETE
3887,3887,17830.75,2023-11-15 13:32:33.033050,2023-11-15 13:32:33.385087,0 days 00:00:00.352037,0.8,20,1.25,0.8,24,98,COMPLETE
3888,3888,18399.75,2023-11-15 13:32:33.386830,2023-11-15 13:32:33.741388,0 days 00:00:00.354558,0.9,10,1.5,0.8,20,100,COMPLETE
3889,3889,18216.0,2023-11-15 13:32:33.743003,2023-11-15 13:32:34.101820,0 days 00:00:00.358817,0.7000000000000001,10,1.25,0.8,18,97,COMPLETE
3890,3890,18490.25,2023-11-15 13:32:34.103471,2023-11-15 13:32:34.458301,0 days 00:00:00.354830,0.8,10,1.25,0.7000000000000001,15,94,COMPLETE
3891,3891,18681.25,2023-11-15 13:32:34.460051,2023-11-15 13:32:34.811403,0 days 00:00:00.351352,0.8,10,1.25,0.8,11,99,COMPLETE
3892,3892,18300.25,2023-11-15 13:32:34.813069,2023-11-15 13:32:35.168632,0 days 00:00:00.355563,0.8,10,2.5,0.8,4,96,COMPLETE
3893,3893,18023.5,2023-11-15 13:32:35.170367,2023-11-15 13:32:35.528137,0 days 00:00:00.357770,0.8,10,1.25,0.8,8,98,COMPLETE
3894,3894,18398.25,2023-11-15 13:32:35.529771,2023-11-15 13:32:35.898596,0 days 00:00:00.368825,0.8,10,1.25,0.8,21,100,COMPLETE
3895,3895,18217.25,2023-11-15 13:32:35.900407,2023-11-15 13:32:36.252952,0 days 00:00:00.352545,0.8,10,1.25,0.9,16,97,COMPLETE
3896,3896,14270.5,2023-11-15 13:32:36.254952,2023-11-15 13:32:36.627622,0 days 00:00:00.372670,0.30000000000000004,60,1.25,0.8,18,90,COMPLETE
3897,3897,100.0,2023-11-15 13:32:36.629603,2023-11-15 13:32:37.222808,0 days 00:00:00.593205,0.8,10,1.5,0.8,0,95,COMPLETE
3898,3898,18213.5,2023-11-15 13:32:37.224477,2023-11-15 13:32:37.572303,0 days 00:00:00.347826,0.8,10,1.0,0.8,13,100,COMPLETE
3899,3899,17557.0,2023-11-15 13:32:37.574185,2023-11-15 13:32:37.928245,0 days 00:00:00.354060,0.8,30,0.75,0.8,5,98,COMPLETE
3900,3900,18109.0,2023-11-15 13:32:37.930017,2023-11-15 13:32:38.278695,0 days 00:00:00.348678,0.9,20,1.25,0.7000000000000001,23,96,COMPLETE
3901,3901,18023.5,2023-11-15 13:32:38.280516,2023-11-15 13:32:38.628982,0 days 00:00:00.348466,0.8,10,1.25,0.8,10,98,COMPLETE
3902,3902,18492.5,2023-11-15 13:32:38.630736,2023-11-15 13:32:38.980989,0 days 00:00:00.350253,0.8,10,1.25,0.8,15,100,COMPLETE
3903,3903,18301.75,2023-11-15 13:32:38.982898,2023-11-15 13:32:39.327983,0 days 00:00:00.345085,0.8,10,1.25,0.9,19,93,COMPLETE
3904,3904,18399.75,2023-11-15 13:32:39.329700,2023-11-15 13:32:39.677538,0 days 00:00:00.347838,0.8,10,1.5,0.8,7,97,COMPLETE
3905,3905,17858.75,2023-11-15 13:32:39.679268,2023-11-15 13:32:40.043600,0 days 00:00:00.364332,0.8,10,1.25,0.8,2,72,COMPLETE
3906,3906,18681.25,2023-11-15 13:32:40.045514,2023-11-15 13:32:40.407269,0 days 00:00:00.361755,0.8,10,1.25,0.8,17,99,COMPLETE
3907,3907,16720.0,2023-11-15 13:32:40.408983,2023-11-15 13:32:40.767107,0 days 00:00:00.358124,0.8,40,1.25,0.8,13,95,COMPLETE
