,number,value,datetime_start,datetime_complete,duration,params_alpha,params_decay_interval,params_decay_rate,params_gamma,params_initialization,params_max_steps,state
2555,2555,8470.75,2023-11-15 10:49:15.486768,2023-11-15 10:49:15.862952,0 days 00:00:00.376184,0.2,10,1.0,0.30000000000000004,11,148,COMPLETE
2556,2556,19163.5,2023-11-15 10:49:15.864349,2023-11-15 10:49:16.144298,0 days 00:00:00.279949,0.1,10,0.75,0.9,3,144,COMPLETE
2557,2557,18985.25,2023-11-15 10:49:16.146500,2023-11-15 10:49:16.404609,0 days 00:00:00.258109,0.2,10,0.75,0.9,5,138,COMPLETE
2558,2558,19132.0,2023-11-15 10:49:16.405975,2023-11-15 10:49:16.664313,0 days 00:00:00.258338,0.2,10,1.0,0.9,2,150,COMPLETE
2559,2559,15610.25,2023-11-15 10:49:16.666083,2023-11-15 10:49:16.955057,0 days 00:00:00.288974,0.2,60,0.75,0.9,0,142,COMPLETE
2560,2560,0.0,2023-11-15 10:49:16.956721,2023-11-15 10:49:17.340780,0 days 00:00:00.384059,0.1,20,1.25,0.9,4,37,COMPLETE
2561,2561,17205.5,2023-11-15 10:49:17.342296,2023-11-15 10:49:17.649829,0 days 00:00:00.307533,0.2,40,0.75,0.9,2,145,COMPLETE
2562,2562,19261.0,2023-11-15 10:49:17.651253,2023-11-15 10:49:17.907624,0 days 00:00:00.256371,0.30000000000000004,10,0.75,0.8,0,147,COMPLETE
2563,2563,15001.5,2023-11-15 10:49:17.909016,2023-11-15 10:49:18.227524,0 days 00:00:00.318508,0.7000000000000001,10,0.75,0.9,58,143,COMPLETE
2564,2564,19066.25,2023-11-15 10:49:18.229356,2023-11-15 10:49:18.494656,0 days 00:00:00.265300,0.2,10,0.75,0.9,6,140,COMPLETE
2565,2565,5475.75,2023-11-15 10:49:18.496530,2023-11-15 10:49:18.765890,0 days 00:00:00.269360,0.2,10,0.5,0.7000000000000001,3,31,COMPLETE
2566,2566,0.0,2023-11-15 10:49:18.767182,2023-11-15 10:49:19.050347,0 days 00:00:00.283165,0.2,10,0.75,0.9,54,26,COMPLETE
2567,2567,19261.0,2023-11-15 10:49:19.051763,2023-11-15 10:49:19.303873,0 days 00:00:00.252110,0.1,10,0.75,0.9,8,147,COMPLETE
2568,2568,14598.75,2023-11-15 10:49:19.305188,2023-11-15 10:49:19.590213,0 days 00:00:00.285025,0.2,70,1.5,0.9,0,150,COMPLETE
2569,2569,19359.75,2023-11-15 10:49:19.591516,2023-11-15 10:49:19.881181,0 days 00:00:00.289665,0.2,10,1.25,0.9,2,145,COMPLETE
2570,2570,13070.5,2023-11-15 10:49:19.882663,2023-11-15 10:49:20.181645,0 days 00:00:00.298982,0.2,90,1.0,0.9,4,136,COMPLETE
2571,2571,19261.0,2023-11-15 10:49:20.183012,2023-11-15 10:49:20.439042,0 days 00:00:00.256030,0.1,10,0.75,0.8,0,143,COMPLETE
2572,2572,18297.25,2023-11-15 10:49:20.440331,2023-11-15 10:49:20.702216,0 days 00:00:00.261885,0.30000000000000004,20,0.75,0.9,6,118,COMPLETE
2573,2573,19261.0,2023-11-15 10:49:20.703620,2023-11-15 10:49:20.951917,0 days 00:00:00.248297,0.2,10,0.75,0.9,2,147,COMPLETE
2574,2574,19163.5,2023-11-15 10:49:20.953252,2023-11-15 10:49:21.218376,0 days 00:00:00.265124,0.2,10,1.75,0.9,4,141,COMPLETE
2575,2575,19082.5,2023-11-15 10:49:21.219888,2023-11-15 10:49:21.476997,0 days 00:00:00.257109,0.2,10,0.75,0.9,2,150,COMPLETE
2576,2576,13736.0,2023-11-15 10:49:21.478633,2023-11-15 10:49:21.791135,0 days 00:00:00.312502,0.2,10,1.0,0.9,76,145,COMPLETE
2577,2577,18862.5,2023-11-15 10:49:21.792492,2023-11-15 10:49:22.057137,0 days 00:00:00.264645,0.1,10,0.25,0.9,0,138,COMPLETE
2578,2578,19261.0,2023-11-15 10:49:22.058467,2023-11-15 10:49:22.311807,0 days 00:00:00.253340,0.2,10,0.75,0.9,5,147,COMPLETE
2579,2579,19014.0,2023-11-15 10:49:22.313379,2023-11-15 10:49:22.572690,0 days 00:00:00.259311,0.2,10,0.5,0.9,25,143,COMPLETE
2580,2580,18969.75,2023-11-15 10:49:22.573987,2023-11-15 10:49:22.833393,0 days 00:00:00.259406,0.2,10,0.75,0.8,8,140,COMPLETE
2581,2581,19359.75,2023-11-15 10:49:22.834923,2023-11-15 10:49:23.097078,0 days 00:00:00.262155,0.1,10,0.75,0.9,2,148,COMPLETE
2582,2582,19359.75,2023-11-15 10:49:23.098879,2023-11-15 10:49:23.353692,0 days 00:00:00.254813,0.2,10,0.75,0.9,0,145,COMPLETE
2583,2583,18026.75,2023-11-15 10:49:23.354977,2023-11-15 10:49:23.676715,0 days 00:00:00.321738,0.2,20,1.25,0.9,4,142,COMPLETE
2584,2584,19028.0,2023-11-15 10:49:23.678146,2023-11-15 10:49:23.942750,0 days 00:00:00.264604,0.30000000000000004,10,0.75,0.9,2,150,COMPLETE
2585,2585,18048.75,2023-11-15 10:49:23.944193,2023-11-15 10:49:24.218739,0 days 00:00:00.274546,0.2,10,1.0,0.7000000000000001,6,145,COMPLETE
2586,2586,19261.0,2023-11-15 10:49:24.220185,2023-11-15 10:49:24.481159,0 days 00:00:00.260974,0.1,10,0.75,0.9,0,147,COMPLETE
2587,2587,15685.75,2023-11-15 10:49:24.482556,2023-11-15 10:49:24.761635,0 days 00:00:00.279079,0.2,10,0.75,0.5,3,108,COMPLETE
2588,2588,17544.5,2023-11-15 10:49:24.763471,2023-11-15 10:49:25.042872,0 days 00:00:00.279401,0.2,30,1.0,0.9,2,132,COMPLETE
2589,2589,16191.25,2023-11-15 10:49:25.044554,2023-11-15 10:49:25.325130,0 days 00:00:00.280576,0.2,50,0.75,0.9,0,140,COMPLETE
2590,2590,1748.5,2023-11-15 10:49:25.326424,2023-11-15 10:49:25.654164,0 days 00:00:00.327740,0.2,10,0.75,0.6,4,58,COMPLETE
2591,2591,17772.0,2023-11-15 10:49:25.655808,2023-11-15 10:49:25.934267,0 days 00:00:00.278459,0.1,10,0.5,0.8,10,143,COMPLETE
2592,2592,12979.0,2023-11-15 10:49:25.935558,2023-11-15 10:49:26.247573,0 days 00:00:00.312015,0.2,10,0.75,0.4,6,135,COMPLETE
2593,2593,19201.25,2023-11-15 10:49:26.249113,2023-11-15 10:49:26.510504,0 days 00:00:00.261391,0.2,10,0.75,0.9,2,148,COMPLETE
2594,2594,19359.75,2023-11-15 10:49:26.512546,2023-11-15 10:49:26.768035,0 days 00:00:00.255489,0.1,10,1.25,0.9,0,145,COMPLETE
2595,2595,19130.5,2023-11-15 10:49:26.769519,2023-11-15 10:49:27.032760,0 days 00:00:00.263241,0.2,10,0.5,0.9,4,138,COMPLETE
2596,2596,18393.5,2023-11-15 10:49:27.034291,2023-11-15 10:49:27.328123,0 days 00:00:00.293832,0.2,20,0.75,0.9,2,150,COMPLETE
2597,2597,19261.0,2023-11-15 10:49:27.330115,2023-11-15 10:49:27.595809,0 days 00:00:00.265694,0.30000000000000004,10,0.75,0.9,0,143,COMPLETE
2598,2598,19169.25,2023-11-15 10:49:27.597495,2023-11-15 10:49:27.847326,0 days 00:00:00.249831,0.1,10,0.75,0.8,7,147,COMPLETE
2599,2599,18973.0,2023-11-15 10:49:27.848860,2023-11-15 10:49:28.113839,0 days 00:00:00.264979,0.2,10,0.75,0.9,4,141,COMPLETE
2600,2600,18499.0,2023-11-15 10:49:28.115187,2023-11-15 10:49:28.387136,0 days 00:00:00.271949,0.2,20,0.25,0.9,2,145,COMPLETE
2601,2601,19359.75,2023-11-15 10:49:28.388485,2023-11-15 10:49:28.651585,0 days 00:00:00.263100,0.2,10,1.0,0.9,0,148,COMPLETE
2602,2602,14652.5,2023-11-15 10:49:28.652967,2023-11-15 10:49:28.945495,0 days 00:00:00.292528,0.2,10,0.75,0.9,5,124,COMPLETE
2603,2603,19197.25,2023-11-15 10:49:28.947215,2023-11-15 10:49:29.201775,0 days 00:00:00.254560,0.1,10,0.75,0.9,8,143,COMPLETE
2604,2604,19161.25,2023-11-15 10:49:29.203120,2023-11-15 10:49:29.466436,0 days 00:00:00.263316,0.2,10,1.0,0.9,2,139,COMPLETE
2605,2605,19111.25,2023-11-15 10:49:29.467778,2023-11-15 10:49:29.724790,0 days 00:00:00.257012,0.2,10,0.75,0.9,3,150,COMPLETE
2606,2606,17063.0,2023-11-15 10:49:29.726145,2023-11-15 10:49:30.018988,0 days 00:00:00.292843,0.9,10,1.25,0.9,0,145,COMPLETE
2607,2607,19261.0,2023-11-15 10:49:30.020295,2023-11-15 10:49:30.281888,0 days 00:00:00.261593,0.4,10,0.75,0.8,5,147,COMPLETE
2608,2608,19022.5,2023-11-15 10:49:30.283406,2023-11-15 10:49:30.544057,0 days 00:00:00.260651,0.30000000000000004,10,0.5,0.9,2,141,COMPLETE
2609,2609,19261.0,2023-11-15 10:49:30.545720,2023-11-15 10:49:30.833548,0 days 00:00:00.287828,0.2,10,0.75,0.6,0,144,COMPLETE
2610,2610,16734.25,2023-11-15 10:49:30.834951,2023-11-15 10:49:31.129951,0 days 00:00:00.295000,0.6,10,0.75,0.9,4,136,COMPLETE
2611,2611,19261.0,2023-11-15 10:49:31.131375,2023-11-15 10:49:31.440005,0 days 00:00:00.308630,0.2,10,0.75,0.9,13,147,COMPLETE
2612,2612,19051.5,2023-11-15 10:49:31.441653,2023-11-15 10:49:31.775390,0 days 00:00:00.333737,0.1,10,0.75,0.9,2,142,COMPLETE
2613,2613,19011.25,2023-11-15 10:49:31.777321,2023-11-15 10:49:32.092100,0 days 00:00:00.314779,0.2,10,1.0,0.9,7,150,COMPLETE
2614,2614,19359.75,2023-11-15 10:49:32.094160,2023-11-15 10:49:32.420799,0 days 00:00:00.326639,0.2,10,0.75,0.9,0,145,COMPLETE
2615,2615,18390.5,2023-11-15 10:49:32.422479,2023-11-15 10:49:32.709953,0 days 00:00:00.287474,0.2,20,1.25,0.9,3,139,COMPLETE
2616,2616,19183.0,2023-11-15 10:49:32.711492,2023-11-15 10:49:32.979746,0 days 00:00:00.268254,0.1,10,0.75,0.9,32,148,COMPLETE
2617,2617,11077.25,2023-11-15 10:49:32.981438,2023-11-15 10:49:33.323039,0 days 00:00:00.341601,0.2,10,1.0,0.9,91,143,COMPLETE
2618,2618,18584.75,2023-11-15 10:49:33.324413,2023-11-15 10:49:33.589874,0 days 00:00:00.265461,0.2,20,0.75,0.9,5,147,COMPLETE
2619,2619,18969.25,2023-11-15 10:49:33.591238,2023-11-15 10:49:33.855612,0 days 00:00:00.264374,0.2,10,0.75,0.8,9,150,COMPLETE
2620,2620,18973.0,2023-11-15 10:49:33.856945,2023-11-15 10:49:34.113490,0 days 00:00:00.256545,0.2,10,0.75,0.9,2,141,COMPLETE
2621,2621,19359.75,2023-11-15 10:49:34.114950,2023-11-15 10:49:34.377755,0 days 00:00:00.262805,0.1,10,0.5,0.9,0,145,COMPLETE
2622,2622,19116.25,2023-11-15 10:49:34.379565,2023-11-15 10:49:34.642733,0 days 00:00:00.263168,0.2,10,0.75,0.7000000000000001,4,138,COMPLETE
2623,2623,17281.0,2023-11-15 10:49:34.644524,2023-11-15 10:49:34.945105,0 days 00:00:00.300581,0.30000000000000004,10,0.75,0.5,2,145,COMPLETE
2624,2624,13044.25,2023-11-15 10:49:34.947364,2023-11-15 10:49:35.262598,0 days 00:00:00.315234,0.1,100,0.25,0.9,6,142,COMPLETE
2625,2625,19261.0,2023-11-15 10:49:35.264440,2023-11-15 10:49:35.523077,0 days 00:00:00.258637,0.2,10,0.75,0.8,0,147,COMPLETE
2626,2626,19163.5,2023-11-15 10:49:35.524852,2023-11-15 10:49:35.783893,0 days 00:00:00.259041,0.2,10,1.25,0.9,2,150,COMPLETE
2627,2627,19261.0,2023-11-15 10:49:35.785590,2023-11-15 10:49:36.049517,0 days 00:00:00.263927,0.2,10,0.75,0.9,0,144,COMPLETE
2628,2628,19163.5,2023-11-15 10:49:36.050937,2023-11-15 10:49:36.316992,0 days 00:00:00.266055,0.2,10,1.0,0.9,4,140,COMPLETE
2629,2629,19261.0,2023-11-15 10:49:36.318484,2023-11-15 10:49:36.582690,0 days 00:00:00.264206,0.2,10,0.75,0.9,6,147,COMPLETE
2630,2630,10162.0,2023-11-15 10:49:36.584352,2023-11-15 10:49:36.922535,0 days 00:00:00.338183,0.1,10,0.75,0.30000000000000004,2,136,COMPLETE
2631,2631,19261.0,2023-11-15 10:49:36.923924,2023-11-15 10:49:37.184757,0 days 00:00:00.260833,0.4,10,0.75,0.4,0,143,COMPLETE
2632,2632,19261.0,2023-11-15 10:49:37.186191,2023-11-15 10:49:37.451952,0 days 00:00:00.265761,0.2,10,0.5,0.9,4,147,COMPLETE
2633,2633,11417.5,2023-11-15 10:49:37.453327,2023-11-15 10:49:37.790958,0 days 00:00:00.337631,0.2,10,0.75,0.6,16,150,COMPLETE
2634,2634,19359.75,2023-11-15 10:49:37.792370,2023-11-15 10:49:38.054132,0 days 00:00:00.261762,0.30000000000000004,10,0.75,0.9,2,145,COMPLETE
2635,2635,18205.5,2023-11-15 10:49:38.055532,2023-11-15 10:49:38.323236,0 days 00:00:00.267704,0.1,20,1.0,0.9,9,141,COMPLETE
2636,2636,19261.0,2023-11-15 10:49:38.324577,2023-11-15 10:49:38.597119,0 days 00:00:00.272542,0.2,10,0.75,0.8,0,143,COMPLETE
2637,2637,19261.0,2023-11-15 10:49:38.602934,2023-11-15 10:49:38.973247,0 days 00:00:00.370313,0.2,10,0.75,0.9,3,147,COMPLETE
2638,2638,19066.5,2023-11-15 10:49:38.974685,2023-11-15 10:49:39.239189,0 days 00:00:00.264504,0.2,10,1.25,0.9,6,138,COMPLETE
2639,2639,19163.5,2023-11-15 10:49:39.240614,2023-11-15 10:49:39.506486,0 days 00:00:00.265872,0.1,10,0.75,0.9,2,144,COMPLETE
2640,2640,19111.25,2023-11-15 10:49:39.507959,2023-11-15 10:49:39.769815,0 days 00:00:00.261856,0.2,10,0.75,0.9,4,150,COMPLETE
2641,2641,19171.5,2023-11-15 10:49:39.771188,2023-11-15 10:49:40.033029,0 days 00:00:00.261841,0.2,10,0.75,0.9,0,141,COMPLETE
2642,2642,19105.0,2023-11-15 10:49:40.034668,2023-11-15 10:49:40.300081,0 days 00:00:00.265413,0.2,10,1.0,0.9,11,147,COMPLETE
2643,2643,18970.25,2023-11-15 10:49:40.301593,2023-11-15 10:49:40.563405,0 days 00:00:00.261812,0.2,10,0.75,0.8,2,86,COMPLETE
2644,2644,18874.25,2023-11-15 10:49:40.564850,2023-11-15 10:49:40.840561,0 days 00:00:00.275711,0.1,10,0.75,0.9,7,145,COMPLETE
2645,2645,17050.5,2023-11-15 10:49:40.841923,2023-11-15 10:49:41.125215,0 days 00:00:00.283292,0.2,20,1.5,0.9,4,148,COMPLETE
2646,2646,18707.25,2023-11-15 10:49:41.127236,2023-11-15 10:49:41.408843,0 days 00:00:00.281607,0.2,10,0.25,0.7000000000000001,0,139,COMPLETE
2647,2647,18205.75,2023-11-15 10:49:41.410233,2023-11-15 10:49:41.684863,0 days 00:00:00.274630,0.30000000000000004,10,0.5,0.9,2,143,COMPLETE
2648,2648,6298.0,2023-11-15 10:49:41.686253,2023-11-15 10:49:42.066521,0 days 00:00:00.380268,0.2,10,1.25,0.5,5,134,COMPLETE
2649,2649,18588.25,2023-11-15 10:49:42.067899,2023-11-15 10:49:42.366565,0 days 00:00:00.298666,0.1,20,0.75,0.9,0,145,COMPLETE
2650,2650,19082.5,2023-11-15 10:49:42.367869,2023-11-15 10:49:42.633297,0 days 00:00:00.265428,0.2,10,0.75,0.9,2,150,COMPLETE
2651,2651,18990.75,2023-11-15 10:49:42.634618,2023-11-15 10:49:42.899912,0 days 00:00:00.265294,0.2,10,1.0,0.9,8,141,COMPLETE
2652,2652,14341.25,2023-11-15 10:49:42.901287,2023-11-15 10:49:43.195219,0 days 00:00:00.293932,0.2,80,0.75,0.9,4,147,COMPLETE
2653,2653,19261.0,2023-11-15 10:49:43.197114,2023-11-15 10:49:43.466926,0 days 00:00:00.269812,0.2,10,0.75,0.9,0,143,COMPLETE
2654,2654,19171.25,2023-11-15 10:49:43.468283,2023-11-15 10:49:43.731235,0 days 00:00:00.262952,0.1,10,1.0,0.9,2,147,COMPLETE
2655,2655,18985.25,2023-11-15 10:49:43.732937,2023-11-15 10:49:43.992820,0 days 00:00:00.259883,0.2,10,0.75,0.9,6,138,COMPLETE
2656,2656,19262.25,2023-11-15 10:49:43.994197,2023-11-15 10:49:44.266392,0 days 00:00:00.272195,0.2,10,1.75,0.9,3,145,COMPLETE
2657,2657,19261.0,2023-11-15 10:49:44.267778,2023-11-15 10:49:44.531979,0 days 00:00:00.264201,0.2,10,0.75,0.8,0,150,COMPLETE
2658,2658,19096.25,2023-11-15 10:49:44.533298,2023-11-15 10:49:44.800705,0 days 00:00:00.267407,0.1,10,0.5,0.9,4,130,COMPLETE
2659,2659,0.0,2023-11-15 10:49:44.802395,2023-11-15 10:49:45.038527,0 days 00:00:00.236132,0.30000000000000004,60,0.75,0.9,2,4,COMPLETE
2660,2660,19066.25,2023-11-15 10:49:45.040302,2023-11-15 10:49:45.306872,0 days 00:00:00.266570,0.2,10,0.75,0.9,6,141,COMPLETE
2661,2661,19270.0,2023-11-15 10:49:45.308871,2023-11-15 10:49:45.593743,0 days 00:00:00.284872,0.2,10,1.25,0.9,0,145,COMPLETE
2662,2662,17022.0,2023-11-15 10:49:45.596683,2023-11-15 10:49:45.885483,0 days 00:00:00.288800,0.2,10,0.75,0.4,2,148,COMPLETE
2663,2663,19093.75,2023-11-15 10:49:45.886842,2023-11-15 10:49:46.174698,0 days 00:00:00.287856,0.2,10,0.75,0.9,4,142,COMPLETE
2664,2664,18389.25,2023-11-15 10:49:46.176165,2023-11-15 10:49:46.502562,0 days 00:00:00.326397,0.1,20,1.0,0.8,0,136,COMPLETE
2665,2665,19261.0,2023-11-15 10:49:46.504369,2023-11-15 10:49:46.817664,0 days 00:00:00.313295,0.2,10,0.75,0.9,8,147,COMPLETE
2666,2666,18566.0,2023-11-15 10:49:46.819003,2023-11-15 10:49:47.090326,0 days 00:00:00.271323,0.2,10,0.75,0.9,2,94,COMPLETE
2667,2667,18778.0,2023-11-15 10:49:47.092062,2023-11-15 10:49:47.363168,0 days 00:00:00.271106,0.2,10,0.75,0.9,5,144,COMPLETE
2668,2668,18662.75,2023-11-15 10:49:47.364549,2023-11-15 10:49:47.630716,0 days 00:00:00.266167,0.1,10,0.75,0.6,2,140,COMPLETE
2669,2669,17366.0,2023-11-15 10:49:47.632200,2023-11-15 10:49:47.909251,0 days 00:00:00.277051,0.2,10,0.75,0.9,68,150,COMPLETE
2670,2670,19359.75,2023-11-15 10:49:47.910793,2023-11-15 10:49:48.174916,0 days 00:00:00.264123,0.2,10,0.5,0.7000000000000001,0,145,COMPLETE
2671,2671,18122.5,2023-11-15 10:49:48.176266,2023-11-15 10:49:48.463235,0 days 00:00:00.286969,0.2,10,0.25,0.9,4,142,COMPLETE
2672,2672,15858.25,2023-11-15 10:49:48.465003,2023-11-15 10:49:48.760421,0 days 00:00:00.295418,0.30000000000000004,10,0.75,0.5,2,147,COMPLETE
2673,2673,19161.25,2023-11-15 10:49:48.762034,2023-11-15 10:49:49.024018,0 days 00:00:00.261984,0.2,10,1.0,0.9,0,139,COMPLETE
2674,2674,18306.0,2023-11-15 10:49:49.025860,2023-11-15 10:49:49.326567,0 days 00:00:00.300707,0.1,20,0.75,0.9,6,145,COMPLETE
2675,2675,19163.5,2023-11-15 10:49:49.327931,2023-11-15 10:49:49.591407,0 days 00:00:00.263476,0.2,10,1.25,0.9,3,150,COMPLETE
2676,2676,18108.25,2023-11-15 10:49:49.593194,2023-11-15 10:49:49.866898,0 days 00:00:00.273704,0.2,10,0.75,0.8,10,99,COMPLETE
2677,2677,19171.75,2023-11-15 10:49:49.868328,2023-11-15 10:49:50.130998,0 days 00:00:00.262670,0.1,10,0.75,0.9,0,142,COMPLETE
2678,2678,19261.0,2023-11-15 10:49:50.132772,2023-11-15 10:49:50.395258,0 days 00:00:00.262486,0.2,10,0.75,0.9,4,147,COMPLETE
2679,2679,19066.25,2023-11-15 10:49:50.396822,2023-11-15 10:49:50.663491,0 days 00:00:00.266669,0.2,10,1.0,0.9,2,144,COMPLETE
2680,2680,18192.0,2023-11-15 10:49:50.664891,2023-11-15 10:49:50.928182,0 days 00:00:00.263291,0.2,10,0.75,0.9,7,103,COMPLETE
2681,2681,19066.5,2023-11-15 10:49:50.929797,2023-11-15 10:49:51.195349,0 days 00:00:00.265552,0.30000000000000004,10,1.25,0.9,0,138,COMPLETE
2682,2682,18493.25,2023-11-15 10:49:51.197572,2023-11-15 10:49:51.467089,0 days 00:00:00.269517,0.2,20,0.75,0.9,4,148,COMPLETE
2683,2683,17558.0,2023-11-15 10:49:51.468736,2023-11-15 10:49:51.749244,0 days 00:00:00.280508,0.1,30,0.5,0.9,2,143,COMPLETE
2684,2684,19261.0,2023-11-15 10:49:51.750600,2023-11-15 10:49:52.010550,0 days 00:00:00.259950,0.2,10,0.75,0.9,6,147,COMPLETE
2685,2685,9180.5,2023-11-15 10:49:52.012217,2023-11-15 10:49:52.377683,0 days 00:00:00.365466,0.2,10,0.75,0.30000000000000004,71,150,COMPLETE
2686,2686,15438.0,2023-11-15 10:49:52.379631,2023-11-15 10:49:52.697990,0 days 00:00:00.318359,0.4,10,1.0,0.8,2,134,COMPLETE
2687,2687,19261.0,2023-11-15 10:49:52.700245,2023-11-15 10:49:52.962924,0 days 00:00:00.262679,0.2,10,0.75,0.9,0,140,COMPLETE
2688,2688,17221.25,2023-11-15 10:49:52.964320,2023-11-15 10:49:53.256221,0 days 00:00:00.291901,0.6,10,0.75,0.9,4,144,COMPLETE
2689,2689,19314.5,2023-11-15 10:49:53.257612,2023-11-15 10:49:53.523248,0 days 00:00:00.265636,0.1,10,0.75,0.9,2,145,COMPLETE
2690,2690,19261.0,2023-11-15 10:49:53.524732,2023-11-15 10:49:53.789173,0 days 00:00:00.264441,0.2,10,0.75,0.9,0,147,COMPLETE
2691,2691,18715.75,2023-11-15 10:49:53.790611,2023-11-15 10:49:54.071752,0 days 00:00:00.281141,0.2,10,0.25,0.9,8,141,COMPLETE
2692,2692,19132.0,2023-11-15 10:49:54.073123,2023-11-15 10:49:54.328274,0 days 00:00:00.255151,0.2,10,1.0,0.9,5,150,COMPLETE
2693,2693,18992.75,2023-11-15 10:49:54.330688,2023-11-15 10:49:54.609378,0 days 00:00:00.278690,0.2,10,0.75,0.9,2,143,COMPLETE
2694,2694,18294.0,2023-11-15 10:49:54.610837,2023-11-15 10:49:54.874211,0 days 00:00:00.263374,0.1,20,0.75,0.8,0,138,COMPLETE
2695,2695,19163.5,2023-11-15 10:49:54.875608,2023-11-15 10:49:55.139700,0 days 00:00:00.264092,0.2,10,1.5,0.7000000000000001,3,147,COMPLETE
2696,2696,18776.0,2023-11-15 10:49:55.141056,2023-11-15 10:49:55.415027,0 days 00:00:00.273971,0.8,10,1.25,0.9,5,144,COMPLETE
2697,2697,19066.25,2023-11-15 10:49:55.416365,2023-11-15 10:49:55.686879,0 days 00:00:00.270514,0.2,10,0.75,0.9,12,140,COMPLETE
2698,2698,14035.0,2023-11-15 10:49:55.688918,2023-11-15 10:49:55.998529,0 days 00:00:00.309611,0.30000000000000004,10,0.75,0.4,2,147,COMPLETE
2699,2699,0.0,2023-11-15 10:49:55.999920,2023-11-15 10:49:56.286492,0 days 00:00:00.286572,0.2,10,0.5,0.9,0,13,COMPLETE
2700,2700,18208.5,2023-11-15 10:49:56.287860,2023-11-15 10:49:56.559363,0 days 00:00:00.271503,0.1,20,0.75,0.9,29,150,COMPLETE
2701,2701,19359.75,2023-11-15 10:49:56.560812,2023-11-15 10:49:56.825724,0 days 00:00:00.264912,0.2,10,0.75,0.9,4,145,COMPLETE
2702,2702,10845.0,2023-11-15 10:49:56.827477,2023-11-15 10:49:57.162672,0 days 00:00:00.335195,0.2,10,1.0,0.6,8,136,COMPLETE
2703,2703,19051.5,2023-11-15 10:49:57.164247,2023-11-15 10:49:57.440763,0 days 00:00:00.276516,0.1,10,0.75,0.9,2,142,COMPLETE
2704,2704,19261.0,2023-11-15 10:49:57.442135,2023-11-15 10:49:57.707593,0 days 00:00:00.265458,0.2,10,0.75,0.9,6,147,COMPLETE
2705,2705,19261.0,2023-11-15 10:49:57.709010,2023-11-15 10:49:57.978143,0 days 00:00:00.269133,0.2,10,0.75,0.9,0,142,COMPLETE
2706,2706,19165.25,2023-11-15 10:49:57.980254,2023-11-15 10:49:58.249716,0 days 00:00:00.269462,0.30000000000000004,10,1.25,0.8,3,145,COMPLETE
2707,2707,19271.0,2023-11-15 10:49:58.251263,2023-11-15 10:49:58.520054,0 days 00:00:00.268791,0.2,10,0.75,0.9,0,148,COMPLETE
2708,2708,19163.5,2023-11-15 10:49:58.521475,2023-11-15 10:49:58.790401,0 days 00:00:00.268926,0.2,10,1.0,0.9,4,140,COMPLETE
2709,2709,19082.5,2023-11-15 10:49:58.791795,2023-11-15 10:49:59.060504,0 days 00:00:00.268709,0.1,10,0.75,0.9,2,150,COMPLETE
2710,2710,17217.25,2023-11-15 10:49:59.062275,2023-11-15 10:49:59.344195,0 days 00:00:00.281920,0.2,40,0.75,0.9,6,145,COMPLETE
2711,2711,19261.0,2023-11-15 10:49:59.346357,2023-11-15 10:49:59.630433,0 days 00:00:00.284076,0.2,10,0.5,0.8,0,143,COMPLETE
2712,2712,7310.0,2023-11-15 10:49:59.631897,2023-11-15 10:50:00.040727,0 days 00:00:00.408830,0.2,10,2.0,0.5,3,147,COMPLETE
2713,2713,12351.5,2023-11-15 10:50:00.042149,2023-11-15 10:50:00.393854,0 days 00:00:00.351705,0.2,10,0.75,0.9,39,137,COMPLETE
2714,2714,18302.5,2023-11-15 10:50:00.395998,2023-11-15 10:50:00.734365,0 days 00:00:00.338367,0.1,20,0.75,0.9,2,142,COMPLETE
2715,2715,18783.75,2023-11-15 10:50:00.736090,2023-11-15 10:50:01.075920,0 days 00:00:00.339830,0.2,10,0.75,0.9,9,150,COMPLETE
2716,2716,18970.75,2023-11-15 10:50:01.077776,2023-11-15 10:50:01.421260,0 days 00:00:00.343484,0.2,10,1.0,0.9,5,145,COMPLETE
2717,2717,19261.0,2023-11-15 10:50:01.422975,2023-11-15 10:50:01.750172,0 days 00:00:00.327197,0.1,10,0.75,0.9,0,147,COMPLETE
2718,2718,19003.25,2023-11-15 10:50:01.751618,2023-11-15 10:50:02.034220,0 days 00:00:00.282602,0.2,10,0.75,0.9,42,140,COMPLETE
2719,2719,18828.5,2023-11-15 10:50:02.036401,2023-11-15 10:50:02.319142,0 days 00:00:00.282741,0.2,10,0.5,0.9,2,143,COMPLETE
2720,2720,19359.75,2023-11-15 10:50:02.320503,2023-11-15 10:50:02.592742,0 days 00:00:00.272239,0.2,10,0.75,0.9,4,145,COMPLETE
2721,2721,19270.0,2023-11-15 10:50:02.594178,2023-11-15 10:50:02.866554,0 days 00:00:00.272376,0.2,10,1.25,0.9,0,148,COMPLETE
2722,2722,18992.25,2023-11-15 10:50:02.867904,2023-11-15 10:50:03.143292,0 days 00:00:00.275388,0.30000000000000004,10,1.0,0.8,6,138,COMPLETE
2723,2723,17618.25,2023-11-15 10:50:03.144886,2023-11-15 10:50:03.439263,0 days 00:00:00.294377,0.2,20,0.25,0.9,2,150,COMPLETE
2724,2724,19066.75,2023-11-15 10:50:03.440791,2023-11-15 10:50:03.743694,0 days 00:00:00.302903,0.1,10,0.75,0.9,18,142,COMPLETE
