,number,value,datetime_start,datetime_complete,duration,params_alpha,params_decay_interval,params_decay_rate,params_gamma,params_initialization,params_max_steps,state
2217,2217,19271.0,2023-11-15 10:47:47.564545,2023-11-15 10:47:47.795515,0 days 00:00:00.230970,0.2,10,0.75,0.9,0,148,COMPLETE
2218,2218,19017.5,2023-11-15 10:47:47.797035,2023-11-15 10:47:48.028303,0 days 00:00:00.231268,0.30000000000000004,10,0.75,0.9,4,142,COMPLETE
2219,2219,19082.5,2023-11-15 10:47:48.029827,2023-11-15 10:47:48.261594,0 days 00:00:00.231767,0.2,10,0.75,0.9,2,150,COMPLETE
2220,2220,19359.75,2023-11-15 10:47:48.262847,2023-11-15 10:47:48.496606,0 days 00:00:00.233759,0.2,10,0.75,0.9,5,145,COMPLETE
2221,2221,19261.0,2023-11-15 10:47:48.497897,2023-11-15 10:47:48.726841,0 days 00:00:00.228944,0.1,10,1.25,0.5,0,143,COMPLETE
2222,2222,2069.5,2023-11-15 10:47:48.729758,2023-11-15 10:47:49.157064,0 days 00:00:00.427306,0.2,10,1.0,0.30000000000000004,3,138,COMPLETE
2223,2223,18584.75,2023-11-15 10:47:49.158464,2023-11-15 10:47:49.405719,0 days 00:00:00.247255,0.2,20,0.75,0.9,9,147,COMPLETE
2224,2224,18973.0,2023-11-15 10:47:49.406985,2023-11-15 10:47:49.642617,0 days 00:00:00.235632,0.2,10,0.75,0.9,2,141,COMPLETE
2225,2225,19359.75,2023-11-15 10:47:49.644076,2023-11-15 10:47:49.884825,0 days 00:00:00.240749,0.1,10,0.5,0.8,0,145,COMPLETE
2226,2226,19359.75,2023-11-15 10:47:49.886138,2023-11-15 10:47:50.163106,0 days 00:00:00.276968,0.2,10,0.75,0.9,5,148,COMPLETE
2227,2227,19013.0,2023-11-15 10:47:50.165075,2023-11-15 10:47:50.444720,0 days 00:00:00.279645,0.4,10,0.75,0.9,3,135,COMPLETE
2228,2228,2883.0,2023-11-15 10:47:50.446992,2023-11-15 10:47:50.828926,0 days 00:00:00.381934,0.2,10,2.0,0.9,93,96,COMPLETE
2229,2229,19261.0,2023-11-15 10:47:50.830311,2023-11-15 10:47:51.069172,0 days 00:00:00.238861,0.2,10,0.75,0.8,0,150,COMPLETE
2230,2230,19169.5,2023-11-15 10:47:51.070431,2023-11-15 10:47:51.300459,0 days 00:00:00.230028,0.2,10,1.0,0.9,7,143,COMPLETE
2231,2231,18814.5,2023-11-15 10:47:51.301812,2023-11-15 10:47:51.547395,0 days 00:00:00.245583,0.1,10,0.25,0.9,2,139,COMPLETE
2232,2232,19238.0,2023-11-15 10:47:51.548994,2023-11-15 10:47:51.788105,0 days 00:00:00.239111,0.30000000000000004,10,1.25,0.9,4,145,COMPLETE
2233,2233,18554.5,2023-11-15 10:47:51.789354,2023-11-15 10:47:52.025780,0 days 00:00:00.236426,0.2,20,0.75,0.9,0,147,COMPLETE
2234,2234,18973.0,2023-11-15 10:47:52.027503,2023-11-15 10:47:52.258891,0 days 00:00:00.231388,0.2,10,0.75,0.9,2,141,COMPLETE
2235,2235,18692.25,2023-11-15 10:47:52.260944,2023-11-15 10:47:52.503949,0 days 00:00:00.243005,0.1,10,0.75,0.9,6,144,COMPLETE
2236,2236,17808.75,2023-11-15 10:47:52.505307,2023-11-15 10:47:52.759333,0 days 00:00:00.254026,0.2,10,0.75,0.7000000000000001,4,150,COMPLETE
2237,2237,19261.0,2023-11-15 10:47:52.760752,2023-11-15 10:47:52.986786,0 days 00:00:00.226034,0.2,10,1.0,0.9,2,147,COMPLETE
2238,2238,19261.0,2023-11-15 10:47:52.988068,2023-11-15 10:47:53.223588,0 days 00:00:00.235520,0.2,10,0.75,0.9,0,142,COMPLETE
2239,2239,18294.0,2023-11-15 10:47:53.225269,2023-11-15 10:47:53.461693,0 days 00:00:00.236424,0.1,20,0.75,0.9,2,138,COMPLETE
2240,2240,19265.0,2023-11-15 10:47:53.463185,2023-11-15 10:47:53.699128,0 days 00:00:00.235943,0.2,10,0.5,0.9,5,145,COMPLETE
2241,2241,19173.0,2023-11-15 10:47:53.700486,2023-11-15 10:47:53.935349,0 days 00:00:00.234863,0.2,10,0.75,0.9,8,148,COMPLETE
2242,2242,19261.0,2023-11-15 10:47:53.936689,2023-11-15 10:47:54.171160,0 days 00:00:00.234471,0.2,10,0.75,0.8,0,141,COMPLETE
2243,2243,17340.25,2023-11-15 10:47:54.172442,2023-11-15 10:47:54.428522,0 days 00:00:00.256080,0.30000000000000004,10,0.75,0.5,3,145,COMPLETE
2244,2244,18872.5,2023-11-15 10:47:54.430703,2023-11-15 10:47:54.668956,0 days 00:00:00.238253,0.2,10,1.25,0.9,11,150,COMPLETE
2245,2245,19172.25,2023-11-15 10:47:54.670229,2023-11-15 10:47:54.896956,0 days 00:00:00.226727,0.2,10,1.0,0.9,0,143,COMPLETE
2246,2246,19261.0,2023-11-15 10:47:54.898705,2023-11-15 10:47:55.130255,0 days 00:00:00.231550,0.1,10,0.75,0.9,4,147,COMPLETE
2247,2247,18992.5,2023-11-15 10:47:55.131591,2023-11-15 10:47:55.366651,0 days 00:00:00.235060,0.2,10,0.75,0.8,2,111,COMPLETE
2248,2248,18079.0,2023-11-15 10:47:55.367926,2023-11-15 10:47:55.614389,0 days 00:00:00.246463,0.2,10,0.75,0.9,7,136,COMPLETE
2249,2249,9864.75,2023-11-15 10:47:55.615756,2023-11-15 10:47:55.880816,0 days 00:00:00.265060,0.1,10,1.5,0.6,2,34,COMPLETE
2250,2250,19066.25,2023-11-15 10:47:55.882051,2023-11-15 10:47:56.123245,0 days 00:00:00.241194,0.2,10,0.75,0.9,5,140,COMPLETE
2251,2251,18183.5,2023-11-15 10:47:56.124534,2023-11-15 10:47:56.370818,0 days 00:00:00.246284,0.2,20,1.0,0.9,0,144,COMPLETE
2252,2252,16746.5,2023-11-15 10:47:56.372285,2023-11-15 10:47:56.632619,0 days 00:00:00.260334,0.30000000000000004,10,0.5,0.30000000000000004,3,148,COMPLETE
2253,2253,19261.0,2023-11-15 10:47:56.634063,2023-11-15 10:47:56.860152,0 days 00:00:00.226089,0.2,10,0.75,0.9,0,147,COMPLETE
2254,2254,19169.0,2023-11-15 10:47:56.861697,2023-11-15 10:47:57.101214,0 days 00:00:00.239517,0.4,10,0.75,0.9,6,142,COMPLETE
2255,2255,19067.0,2023-11-15 10:47:57.102446,2023-11-15 10:47:57.334471,0 days 00:00:00.232025,0.1,10,1.25,0.9,2,150,COMPLETE
2256,2256,18700.5,2023-11-15 10:47:57.336086,2023-11-15 10:47:57.581143,0 days 00:00:00.245057,0.2,10,0.75,0.9,4,133,COMPLETE
2257,2257,19359.75,2023-11-15 10:47:57.582560,2023-11-15 10:47:57.816272,0 days 00:00:00.233712,0.2,10,0.75,0.9,0,145,COMPLETE
2258,2258,17494.0,2023-11-15 10:47:57.817507,2023-11-15 10:47:58.064823,0 days 00:00:00.247316,0.2,10,0.25,0.7000000000000001,9,139,COMPLETE
2259,2259,15485.75,2023-11-15 10:47:58.066063,2023-11-15 10:47:58.363671,0 days 00:00:00.297608,0.9,10,0.75,0.9,2,145,COMPLETE
2260,2260,19182.75,2023-11-15 10:47:58.365284,2023-11-15 10:47:58.594503,0 days 00:00:00.229219,0.2,10,1.0,0.9,4,142,COMPLETE
2261,2261,19261.0,2023-11-15 10:47:58.596296,2023-11-15 10:47:58.825515,0 days 00:00:00.229219,0.1,10,0.75,0.9,0,147,COMPLETE
2262,2262,18969.25,2023-11-15 10:47:58.827281,2023-11-15 10:47:59.068714,0 days 00:00:00.241433,0.2,10,0.75,0.8,6,150,COMPLETE
2263,2263,15866.25,2023-11-15 10:47:59.070037,2023-11-15 10:47:59.338563,0 days 00:00:00.268526,0.2,50,0.75,0.9,2,144,COMPLETE
2264,2264,18105.25,2023-11-15 10:47:59.339941,2023-11-15 10:47:59.584707,0 days 00:00:00.244766,0.2,20,0.5,0.9,3,137,COMPLETE
2265,2265,19261.0,2023-11-15 10:47:59.586230,2023-11-15 10:47:59.816658,0 days 00:00:00.230428,0.2,10,0.75,0.9,0,140,COMPLETE
2266,2266,19163.5,2023-11-15 10:47:59.818036,2023-11-15 10:48:00.051366,0 days 00:00:00.233330,0.30000000000000004,10,1.25,0.9,5,147,COMPLETE
2267,2267,0.0,2023-11-15 10:48:00.053246,2023-11-15 10:48:00.372426,0 days 00:00:00.319180,0.1,10,1.0,0.9,2,51,COMPLETE
2268,2268,18394.75,2023-11-15 10:48:00.373824,2023-11-15 10:48:00.616678,0 days 00:00:00.242854,0.2,20,0.75,0.9,0,143,COMPLETE
2269,2269,19261.0,2023-11-15 10:48:00.617927,2023-11-15 10:48:00.851967,0 days 00:00:00.234040,0.30000000000000004,10,0.75,0.9,7,147,COMPLETE
2270,2270,18680.5,2023-11-15 10:48:00.853230,2023-11-15 10:48:01.087785,0 days 00:00:00.234555,0.2,10,0.75,0.8,4,150,COMPLETE
2271,2271,19292.25,2023-11-15 10:48:01.089438,2023-11-15 10:48:01.334312,0 days 00:00:00.244874,0.2,10,0.75,0.9,2,145,COMPLETE
2272,2272,19261.0,2023-11-15 10:48:01.335587,2023-11-15 10:48:01.575477,0 days 00:00:00.239890,0.1,10,0.75,0.9,0,140,COMPLETE
2273,2273,16686.75,2023-11-15 10:48:01.576878,2023-11-15 10:48:01.828321,0 days 00:00:00.251443,0.2,40,1.0,0.9,4,143,COMPLETE
2274,2274,19072.5,2023-11-15 10:48:01.829810,2023-11-15 10:48:02.068562,0 days 00:00:00.238752,0.2,10,0.75,0.6,2,147,COMPLETE
2275,2275,17733.25,2023-11-15 10:48:02.069977,2023-11-15 10:48:02.315887,0 days 00:00:00.245910,0.2,30,0.5,0.9,9,128,COMPLETE
2276,2276,19051.5,2023-11-15 10:48:02.317376,2023-11-15 10:48:02.559836,0 days 00:00:00.242460,0.1,10,0.75,0.9,6,142,COMPLETE
2277,2277,18638.75,2023-11-15 10:48:02.561553,2023-11-15 10:48:02.808905,0 days 00:00:00.247352,0.2,10,0.25,0.8,2,137,COMPLETE
2278,2278,19163.75,2023-11-15 10:48:02.811067,2023-11-15 10:48:03.064029,0 days 00:00:00.252962,0.2,10,0.75,0.9,0,150,COMPLETE
2279,2279,19359.75,2023-11-15 10:48:03.066448,2023-11-15 10:48:03.309678,0 days 00:00:00.243230,0.2,10,1.25,0.9,4,145,COMPLETE
2280,2280,19261.0,2023-11-15 10:48:03.311393,2023-11-15 10:48:03.545342,0 days 00:00:00.233949,0.1,10,0.75,0.9,2,147,COMPLETE
2281,2281,19163.75,2023-11-15 10:48:03.546656,2023-11-15 10:48:03.777516,0 days 00:00:00.230860,0.2,10,1.0,0.9,0,141,COMPLETE
2282,2282,18786.25,2023-11-15 10:48:03.779407,2023-11-15 10:48:04.012832,0 days 00:00:00.233425,0.2,10,0.75,0.7000000000000001,4,145,COMPLETE
2283,2283,15689.25,2023-11-15 10:48:04.014088,2023-11-15 10:48:04.330397,0 days 00:00:00.316309,0.2,10,0.75,0.5,7,148,COMPLETE
2284,2284,18992.75,2023-11-15 10:48:04.332364,2023-11-15 10:48:04.615273,0 days 00:00:00.282909,0.2,10,0.75,0.9,2,143,COMPLETE
2285,2285,18351.25,2023-11-15 10:48:04.617006,2023-11-15 10:48:04.904179,0 days 00:00:00.287173,0.1,20,0.75,0.9,0,139,COMPLETE
2286,2286,18969.25,2023-11-15 10:48:04.906009,2023-11-15 10:48:05.194954,0 days 00:00:00.288945,0.2,10,0.75,0.8,5,150,COMPLETE
2287,2287,19072.75,2023-11-15 10:48:05.196978,2023-11-15 10:48:05.484784,0 days 00:00:00.287806,0.30000000000000004,10,1.25,0.9,2,145,COMPLETE
2288,2288,19261.0,2023-11-15 10:48:05.486230,2023-11-15 10:48:05.726716,0 days 00:00:00.240486,0.2,10,0.5,0.9,0,142,COMPLETE
2289,2289,15795.0,2023-11-15 10:48:05.728501,2023-11-15 10:48:05.985424,0 days 00:00:00.256923,0.2,60,1.0,0.9,4,147,COMPLETE
2290,2290,18225.0,2023-11-15 10:48:05.986750,2023-11-15 10:48:06.239558,0 days 00:00:00.252808,0.1,20,0.75,0.9,12,145,COMPLETE
2291,2291,18827.5,2023-11-15 10:48:06.240956,2023-11-15 10:48:06.483673,0 days 00:00:00.242717,0.2,10,0.75,0.9,2,92,COMPLETE
2292,2292,0.0,2023-11-15 10:48:06.485055,2023-11-15 10:48:06.706111,0 days 00:00:00.221056,0.2,10,0.75,0.9,6,7,COMPLETE
2293,2293,18969.25,2023-11-15 10:48:06.707791,2023-11-15 10:48:06.992523,0 days 00:00:00.284732,0.2,10,0.75,0.9,0,138,COMPLETE
2294,2294,19132.0,2023-11-15 10:48:06.993833,2023-11-15 10:48:07.230172,0 days 00:00:00.236339,0.1,10,1.0,0.9,3,150,COMPLETE
2295,2295,18468.75,2023-11-15 10:48:07.232291,2023-11-15 10:48:07.488209,0 days 00:00:00.255918,0.2,10,0.75,0.8,10,134,COMPLETE
2296,2296,18492.5,2023-11-15 10:48:07.489504,2023-11-15 10:48:07.733933,0 days 00:00:00.244429,0.2,10,0.5,0.9,63,141,COMPLETE
2297,2297,19261.0,2023-11-15 10:48:07.735370,2023-11-15 10:48:07.967860,0 days 00:00:00.232490,0.2,10,0.75,0.9,2,147,COMPLETE
2298,2298,18570.0,2023-11-15 10:48:07.969590,2023-11-15 10:48:08.233130,0 days 00:00:00.263540,0.30000000000000004,10,0.25,0.9,4,143,COMPLETE
2299,2299,19173.0,2023-11-15 10:48:08.234888,2023-11-15 10:48:08.474850,0 days 00:00:00.239962,0.2,10,0.75,0.9,8,148,COMPLETE
2300,2300,19071.25,2023-11-15 10:48:08.476449,2023-11-15 10:48:08.713737,0 days 00:00:00.237288,0.1,10,0.75,0.9,0,121,COMPLETE
2301,2301,17275.0,2023-11-15 10:48:08.715077,2023-11-15 10:48:08.969406,0 days 00:00:00.254329,0.2,20,1.25,0.9,2,144,COMPLETE
2302,2302,15522.5,2023-11-15 10:48:08.970763,2023-11-15 10:48:09.245601,0 days 00:00:00.274838,0.2,10,0.75,0.9,96,140,COMPLETE
2303,2303,19350.75,2023-11-15 10:48:09.247402,2023-11-15 10:48:09.495297,0 days 00:00:00.247895,0.1,10,0.75,0.9,6,145,COMPLETE
2304,2304,19261.0,2023-11-15 10:48:09.496793,2023-11-15 10:48:09.729900,0 days 00:00:00.233107,0.2,10,1.0,0.9,0,150,COMPLETE
2305,2305,14556.25,2023-11-15 10:48:09.731692,2023-11-15 10:48:10.003003,0 days 00:00:00.271311,0.2,70,0.75,0.6,4,147,COMPLETE
2306,2306,19161.25,2023-11-15 10:48:10.004605,2023-11-15 10:48:10.236033,0 days 00:00:00.231428,0.2,10,0.75,0.8,2,137,COMPLETE
2307,2307,19261.0,2023-11-15 10:48:10.237618,2023-11-15 10:48:10.494570,0 days 00:00:00.256952,0.1,10,0.75,0.5,0,143,COMPLETE
2308,2308,19261.0,2023-11-15 10:48:10.496197,2023-11-15 10:48:10.729960,0 days 00:00:00.233763,0.2,10,1.0,0.9,5,147,COMPLETE
2309,2309,19049.0,2023-11-15 10:48:10.731325,2023-11-15 10:48:10.967961,0 days 00:00:00.236636,0.2,10,0.75,0.9,2,140,COMPLETE
2310,2310,18592.75,2023-11-15 10:48:10.969285,2023-11-15 10:48:11.215341,0 days 00:00:00.246056,0.2,10,1.25,0.9,3,144,COMPLETE
2311,2311,18885.5,2023-11-15 10:48:11.216716,2023-11-15 10:48:11.475560,0 days 00:00:00.258844,0.30000000000000004,10,0.5,0.9,7,150,COMPLETE
2312,2312,19261.0,2023-11-15 10:48:11.476932,2023-11-15 10:48:11.716734,0 days 00:00:00.239802,0.2,10,0.75,0.7000000000000001,0,142,COMPLETE
2313,2313,18584.75,2023-11-15 10:48:11.717997,2023-11-15 10:48:11.957224,0 days 00:00:00.239227,0.2,20,0.75,0.9,4,147,COMPLETE
2314,2314,19314.5,2023-11-15 10:48:11.958573,2023-11-15 10:48:12.201121,0 days 00:00:00.242548,0.1,10,0.75,0.9,2,145,COMPLETE
2315,2315,19163.75,2023-11-15 10:48:12.202438,2023-11-15 10:48:12.438713,0 days 00:00:00.236275,0.2,10,1.0,0.9,0,141,COMPLETE
2316,2316,19070.75,2023-11-15 10:48:12.440093,2023-11-15 10:48:12.682194,0 days 00:00:00.242101,0.1,10,0.75,0.8,5,148,COMPLETE
2317,2317,18985.25,2023-11-15 10:48:12.683475,2023-11-15 10:48:12.924043,0 days 00:00:00.240568,0.4,10,0.75,0.9,2,138,COMPLETE
2318,2318,18751.25,2023-11-15 10:48:12.925396,2023-11-15 10:48:13.174580,0 days 00:00:00.249184,0.2,10,0.75,0.9,8,145,COMPLETE
2319,2319,19261.0,2023-11-15 10:48:13.176099,2023-11-15 10:48:13.421211,0 days 00:00:00.245112,0.2,10,0.75,0.9,0,143,COMPLETE
2320,2320,19164.25,2023-11-15 10:48:13.422487,2023-11-15 10:48:13.664149,0 days 00:00:00.241662,0.2,10,0.5,0.9,4,150,COMPLETE
2321,2321,18847.5,2023-11-15 10:48:13.665413,2023-11-15 10:48:13.906480,0 days 00:00:00.241067,0.2,10,1.25,0.9,2,135,COMPLETE
2322,2322,19261.0,2023-11-15 10:48:13.907742,2023-11-15 10:48:14.141964,0 days 00:00:00.234222,0.2,10,0.75,0.9,6,147,COMPLETE
2323,2323,15394.75,2023-11-15 10:48:14.143309,2023-11-15 10:48:14.437461,0 days 00:00:00.294152,0.1,20,0.75,0.9,85,140,COMPLETE
2324,2324,19262.25,2023-11-15 10:48:14.438877,2023-11-15 10:48:14.680223,0 days 00:00:00.241346,0.2,10,1.5,0.8,0,145,COMPLETE
2325,2325,18940.75,2023-11-15 10:48:14.681473,2023-11-15 10:48:14.922314,0 days 00:00:00.240841,0.2,10,0.75,0.9,47,143,COMPLETE
2326,2326,12782.75,2023-11-15 10:48:14.923574,2023-11-15 10:48:15.187880,0 days 00:00:00.264306,0.2,90,1.0,0.9,3,100,COMPLETE
2327,2327,17759.75,2023-11-15 10:48:15.189487,2023-11-15 10:48:15.438759,0 days 00:00:00.249272,0.30000000000000004,10,0.75,0.5,2,148,COMPLETE
2328,2328,19110.25,2023-11-15 10:48:15.440076,2023-11-15 10:48:15.677620,0 days 00:00:00.237544,0.1,10,0.75,0.9,4,150,COMPLETE
2329,2329,19171.25,2023-11-15 10:48:15.679429,2023-11-15 10:48:15.915699,0 days 00:00:00.236270,0.6,10,1.0,0.6,0,141,COMPLETE
2330,2330,19262.25,2023-11-15 10:48:15.917015,2023-11-15 10:48:16.154328,0 days 00:00:00.237313,0.2,10,0.75,0.9,6,145,COMPLETE
2331,2331,13880.0,2023-11-15 10:48:16.155619,2023-11-15 10:48:16.438923,0 days 00:00:00.283304,0.2,80,0.25,0.9,44,138,COMPLETE
2332,2332,18584.75,2023-11-15 10:48:16.440345,2023-11-15 10:48:16.677767,0 days 00:00:00.237422,0.1,20,0.75,0.9,2,147,COMPLETE
2333,2333,18992.75,2023-11-15 10:48:16.679622,2023-11-15 10:48:16.925035,0 days 00:00:00.245413,0.2,10,0.75,0.9,10,143,COMPLETE
2334,2334,19261.0,2023-11-15 10:48:16.926515,2023-11-15 10:48:17.157972,0 days 00:00:00.231457,0.2,10,1.25,0.9,0,147,COMPLETE
2335,2335,18680.5,2023-11-15 10:48:17.160293,2023-11-15 10:48:17.403236,0 days 00:00:00.242943,0.2,10,0.75,0.8,4,150,COMPLETE
2336,2336,19265.0,2023-11-15 10:48:17.404529,2023-11-15 10:48:17.645632,0 days 00:00:00.241103,0.2,10,0.5,0.9,2,145,COMPLETE
2337,2337,19261.0,2023-11-15 10:48:17.647284,2023-11-15 10:48:17.886341,0 days 00:00:00.239057,0.2,10,0.75,0.9,0,140,COMPLETE
2338,2338,15677.25,2023-11-15 10:48:17.887682,2023-11-15 10:48:18.193286,0 days 00:00:00.305604,0.1,10,0.75,0.7000000000000001,7,143,COMPLETE
2339,2339,19261.0,2023-11-15 10:48:18.194801,2023-11-15 10:48:18.430520,0 days 00:00:00.235719,0.2,10,1.0,0.9,4,147,COMPLETE
2340,2340,19051.5,2023-11-15 10:48:18.431838,2023-11-15 10:48:18.670622,0 days 00:00:00.238784,0.2,10,0.75,0.9,2,142,COMPLETE
2341,2341,15751.5,2023-11-15 10:48:18.671912,2023-11-15 10:48:18.928127,0 days 00:00:00.256215,0.30000000000000004,50,0.75,0.9,0,131,COMPLETE
2342,2342,19359.75,2023-11-15 10:48:18.930019,2023-11-15 10:48:19.208891,0 days 00:00:00.278872,0.2,10,0.75,0.9,5,145,COMPLETE
2343,2343,3240.25,2023-11-15 10:48:19.210494,2023-11-15 10:48:19.693832,0 days 00:00:00.483338,0.1,10,1.25,0.30000000000000004,2,136,COMPLETE
2344,2344,18393.5,2023-11-15 10:48:19.695869,2023-11-15 10:48:19.944329,0 days 00:00:00.248460,0.2,20,1.0,0.9,8,150,COMPLETE
2345,2345,18765.5,2023-11-15 10:48:19.946506,2023-11-15 10:48:20.196886,0 days 00:00:00.250380,0.2,10,0.75,0.9,3,139,COMPLETE
2346,2346,19261.0,2023-11-15 10:48:20.198557,2023-11-15 10:48:20.458608,0 days 00:00:00.260051,0.2,10,0.75,0.6,0,147,COMPLETE
2347,2347,18973.5,2023-11-15 10:48:20.460028,2023-11-15 10:48:20.711187,0 days 00:00:00.251159,0.2,10,0.75,0.8,5,143,COMPLETE
2348,2348,19268.25,2023-11-15 10:48:20.712913,2023-11-15 10:48:20.954843,0 days 00:00:00.241930,0.1,10,0.5,0.9,2,145,COMPLETE
2349,2349,18394.75,2023-11-15 10:48:20.956259,2023-11-15 10:48:21.204115,0 days 00:00:00.247856,0.30000000000000004,20,0.75,0.9,0,141,COMPLETE
2350,2350,19136.5,2023-11-15 10:48:21.205419,2023-11-15 10:48:21.450617,0 days 00:00:00.245198,0.2,10,0.75,0.9,4,148,COMPLETE
2351,2351,18865.75,2023-11-15 10:48:21.452028,2023-11-15 10:48:21.700549,0 days 00:00:00.248521,0.2,10,0.75,0.8,2,150,COMPLETE
2352,2352,17929.0,2023-11-15 10:48:21.701864,2023-11-15 10:48:21.973404,0 days 00:00:00.271540,0.2,10,0.25,0.9,79,145,COMPLETE
2353,2353,19005.0,2023-11-15 10:48:21.974834,2023-11-15 10:48:22.229330,0 days 00:00:00.254496,0.2,10,1.0,0.9,6,142,COMPLETE
2354,2354,19164.0,2023-11-15 10:48:22.230851,2023-11-15 10:48:22.469966,0 days 00:00:00.239115,0.1,10,1.25,0.9,0,147,COMPLETE
2355,2355,14297.5,2023-11-15 10:48:22.471284,2023-11-15 10:48:22.747243,0 days 00:00:00.275959,0.2,10,0.75,0.5,3,137,COMPLETE
2356,2356,15289.5,2023-11-15 10:48:22.748765,2023-11-15 10:48:23.111009,0 days 00:00:00.362244,0.8,10,0.75,0.9,2,145,COMPLETE
2357,2357,19163.75,2023-11-15 10:48:23.113121,2023-11-15 10:48:23.352806,0 days 00:00:00.239685,0.2,10,0.5,0.9,8,140,COMPLETE
2358,2358,19271.0,2023-11-15 10:48:23.354123,2023-11-15 10:48:23.594887,0 days 00:00:00.240764,0.1,10,0.75,0.9,0,148,COMPLETE
2359,2359,18992.75,2023-11-15 10:48:23.596763,2023-11-15 10:48:23.844097,0 days 00:00:00.247334,0.2,10,0.75,0.9,4,143,COMPLETE
2360,2360,17217.0,2023-11-15 10:48:23.845766,2023-11-15 10:48:24.103659,0 days 00:00:00.257893,0.2,10,0.75,0.7000000000000001,38,150,COMPLETE
2361,2361,18306.25,2023-11-15 10:48:24.104924,2023-11-15 10:48:24.355369,0 days 00:00:00.250445,0.1,20,1.0,0.8,6,145,COMPLETE
2362,2362,18999.75,2023-11-15 10:48:24.356662,2023-11-15 10:48:24.684637,0 days 00:00:00.327975,0.30000000000000004,10,0.75,0.9,2,134,COMPLETE
2363,2363,19171.5,2023-11-15 10:48:24.685895,2023-11-15 10:48:24.929036,0 days 00:00:00.243141,0.2,10,0.75,0.9,0,141,COMPLETE
2364,2364,19261.0,2023-11-15 10:48:24.930532,2023-11-15 10:48:25.170492,0 days 00:00:00.239960,0.2,10,0.75,0.9,4,147,COMPLETE
2365,2365,19066.5,2023-11-15 10:48:25.171767,2023-11-15 10:48:25.414989,0 days 00:00:00.243222,0.2,10,1.0,0.9,2,138,COMPLETE
2366,2366,19261.0,2023-11-15 10:48:25.416938,2023-11-15 10:48:25.680467,0 days 00:00:00.263529,0.2,10,1.75,0.9,0,144,COMPLETE
2367,2367,16703.75,2023-11-15 10:48:25.682428,2023-11-15 10:48:25.956766,0 days 00:00:00.274338,0.4,10,0.75,0.9,60,150,COMPLETE
2368,2368,19169.0,2023-11-15 10:48:25.958071,2023-11-15 10:48:26.193347,0 days 00:00:00.235276,0.1,10,1.25,0.9,6,147,COMPLETE
2369,2369,19051.5,2023-11-15 10:48:26.195367,2023-11-15 10:48:26.443023,0 days 00:00:00.247656,0.2,10,0.75,0.9,2,142,COMPLETE
2370,2370,19068.0,2023-11-15 10:48:26.444715,2023-11-15 10:48:26.686517,0 days 00:00:00.241802,0.2,10,0.75,0.9,10,145,COMPLETE
2371,2371,18678.0,2023-11-15 10:48:26.687827,2023-11-15 10:48:26.941379,0 days 00:00:00.253552,0.2,10,0.5,0.8,4,139,COMPLETE
2372,2372,19261.0,2023-11-15 10:48:26.942731,2023-11-15 10:48:27.178061,0 days 00:00:00.235330,0.2,10,0.75,0.9,0,147,COMPLETE
2373,2373,16834.5,2023-11-15 10:48:27.179944,2023-11-15 10:48:27.443498,0 days 00:00:00.263554,0.6,10,0.75,0.9,66,143,COMPLETE
2374,2374,18066.25,2023-11-15 10:48:27.446166,2023-11-15 10:48:27.709179,0 days 00:00:00.263013,0.2,20,0.25,0.9,52,150,COMPLETE
2375,2375,19167.0,2023-11-15 10:48:27.710817,2023-11-15 10:48:27.958459,0 days 00:00:00.247642,0.1,10,1.5,0.9,2,145,COMPLETE
2376,2376,15778.25,2023-11-15 10:48:27.959854,2023-11-15 10:48:28.238216,0 days 00:00:00.278362,0.2,40,1.0,0.9,30,141,COMPLETE
2377,2377,14082.0,2023-11-15 10:48:28.239529,2023-11-15 10:48:28.491722,0 days 00:00:00.252193,0.30000000000000004,10,0.75,0.9,4,15,COMPLETE
2378,2378,19262.75,2023-11-15 10:48:28.493144,2023-11-15 10:48:28.740890,0 days 00:00:00.247746,0.2,10,0.75,0.9,6,148,COMPLETE
2379,2379,19261.0,2023-11-15 10:48:28.742200,2023-11-15 10:48:28.985647,0 days 00:00:00.243447,0.2,10,0.75,0.9,0,144,COMPLETE
2380,2380,19065.75,2023-11-15 10:48:28.987006,2023-11-15 10:48:29.227649,0 days 00:00:00.240643,0.7000000000000001,10,1.25,0.8,2,137,COMPLETE
2381,2381,19261.0,2023-11-15 10:48:29.229426,2023-11-15 10:48:29.468055,0 days 00:00:00.238629,0.1,10,0.75,0.9,8,147,COMPLETE
2382,2382,12912.25,2023-11-15 10:48:29.469313,2023-11-15 10:48:29.770584,0 days 00:00:00.301271,0.2,20,1.0,0.5,4,141,COMPLETE
2383,2383,18910.25,2023-11-15 10:48:29.771997,2023-11-15 10:48:30.014964,0 days 00:00:00.242967,0.1,10,0.5,0.9,13,150,COMPLETE
2384,2384,18498.75,2023-11-15 10:48:30.016421,2023-11-15 10:48:30.267625,0 days 00:00:00.251204,0.2,10,0.75,0.6,2,145,COMPLETE
2385,2385,17486.75,2023-11-15 10:48:30.268925,2023-11-15 10:48:30.526203,0 days 00:00:00.257278,0.2,10,0.75,0.9,74,143,COMPLETE
