,number,value,datetime_start,datetime_complete,duration,params_alpha,params_decay_interval,params_decay_rate,params_gamma,params_initialization,params_max_steps,state
8992,8992,19313.25,2023-11-15 11:46:08.433502,2023-11-15 11:46:09.191116,0 days 00:00:00.757614,0.2,10,0.75,0.9,3,145,COMPLETE
8993,8993,19161.25,2023-11-15 11:46:09.194322,2023-11-15 11:46:09.948389,0 days 00:00:00.754067,0.2,10,1.0,0.9,0,139,COMPLETE
8994,8994,18949.0,2023-11-15 11:46:09.951178,2023-11-15 11:46:10.712164,0 days 00:00:00.760986,0.2,10,0.75,0.8,2,143,COMPLETE
8995,8995,13631.75,2023-11-15 11:46:10.715464,2023-11-15 11:46:11.506314,0 days 00:00:00.790850,0.1,10,0.75,0.6,4,72,COMPLETE
8996,8996,19271.0,2023-11-15 11:46:11.509037,2023-11-15 11:46:12.265662,0 days 00:00:00.756625,0.2,10,0.75,0.9,0,148,COMPLETE
8997,8997,18971.0,2023-11-15 11:46:12.268320,2023-11-15 11:46:13.021691,0 days 00:00:00.753371,0.2,10,0.25,0.9,6,141,COMPLETE
8998,8998,19265.0,2023-11-15 11:46:13.024458,2023-11-15 11:46:13.772474,0 days 00:00:00.748016,0.2,10,0.5,0.9,2,145,COMPLETE
8999,8999,19132.0,2023-11-15 11:46:13.775119,2023-11-15 11:46:14.520516,0 days 00:00:00.745397,0.1,10,1.0,0.9,4,150,COMPLETE
9000,9000,13693.5,2023-11-15 11:46:14.523199,2023-11-15 11:46:15.327586,0 days 00:00:00.804387,0.2,90,0.75,0.9,8,147,COMPLETE
9001,9001,18324.25,2023-11-15 11:46:15.330372,2023-11-15 11:46:16.074318,0 days 00:00:00.743946,0.2,10,0.75,0.9,0,45,COMPLETE
9002,9002,18949.0,2023-11-15 11:46:16.077346,2023-11-15 11:46:16.833688,0 days 00:00:00.756342,0.2,10,0.75,0.8,2,143,COMPLETE
9003,9003,16157.5,2023-11-15 11:46:16.836334,2023-11-15 11:46:17.648712,0 days 00:00:00.812378,0.6,10,0.75,0.9,4,135,COMPLETE
9004,9004,16542.0,2023-11-15 11:46:17.651578,2023-11-15 11:46:18.433367,0 days 00:00:00.781789,0.1,20,0.5,0.4,2,140,COMPLETE
9005,9005,19012.75,2023-11-15 11:46:18.436273,2023-11-15 11:46:19.181669,0 days 00:00:00.745396,0.2,10,0.75,0.9,0,119,COMPLETE
9006,9006,18973.5,2023-11-15 11:46:19.184346,2023-11-15 11:46:19.942369,0 days 00:00:00.758023,0.2,10,1.25,0.9,6,145,COMPLETE
9007,9007,19261.0,2023-11-15 11:46:19.945930,2023-11-15 11:46:20.700270,0 days 00:00:00.754340,0.30000000000000004,10,1.0,0.9,2,147,COMPLETE
9008,9008,19261.0,2023-11-15 11:46:20.703168,2023-11-15 11:46:21.479961,0 days 00:00:00.776793,0.2,10,0.75,0.1,0,142,COMPLETE
9009,9009,16570.25,2023-11-15 11:46:21.482832,2023-11-15 11:46:22.246839,0 days 00:00:00.764007,0.2,50,0.75,0.9,90,147,COMPLETE
9010,9010,18795.75,2023-11-15 11:46:22.249668,2023-11-15 11:46:23.002871,0 days 00:00:00.753203,0.4,10,0.75,0.9,4,144,COMPLETE
9011,9011,19161.25,2023-11-15 11:46:23.005586,2023-11-15 11:46:23.762139,0 days 00:00:00.756553,0.2,10,1.0,0.9,2,139,COMPLETE
9012,9012,11776.25,2023-11-15 11:46:23.764866,2023-11-15 11:46:24.605020,0 days 00:00:00.840154,0.1,10,0.75,0.5,5,150,COMPLETE
9013,9013,19169.25,2023-11-15 11:46:24.607767,2023-11-15 11:46:25.363571,0 days 00:00:00.755804,0.30000000000000004,10,0.75,0.8,11,147,COMPLETE
9014,9014,18394.75,2023-11-15 11:46:25.366888,2023-11-15 11:46:26.125727,0 days 00:00:00.758839,0.2,20,0.75,0.9,0,142,COMPLETE
9015,9015,18780.5,2023-11-15 11:46:26.129024,2023-11-15 11:46:26.880951,0 days 00:00:00.751927,0.2,10,1.5,0.9,7,150,COMPLETE
9016,9016,19350.75,2023-11-15 11:46:26.883547,2023-11-15 11:46:27.653173,0 days 00:00:00.769626,0.1,10,0.75,0.9,3,145,COMPLETE
9017,9017,15739.0,2023-11-15 11:46:27.655992,2023-11-15 11:46:28.544648,0 days 00:00:00.888656,0.5,10,0.75,0.9,2,137,COMPLETE
9018,9018,18947.75,2023-11-15 11:46:28.547808,2023-11-15 11:46:29.372808,0 days 00:00:00.825000,0.2,10,1.25,0.7000000000000001,0,131,COMPLETE
9019,9019,19359.75,2023-11-15 11:46:29.375490,2023-11-15 11:46:30.134724,0 days 00:00:00.759234,0.2,10,0.75,0.9,4,145,COMPLETE
9020,9020,18267.5,2023-11-15 11:46:30.137396,2023-11-15 11:46:30.936759,0 days 00:00:00.799363,0.2,20,1.0,0.9,2,142,COMPLETE
9021,9021,10554.0,2023-11-15 11:46:30.939438,2023-11-15 11:46:31.777442,0 days 00:00:00.838004,0.1,10,0.75,0.2,6,148,COMPLETE
9022,9022,15375.5,2023-11-15 11:46:31.780692,2023-11-15 11:46:32.567673,0 days 00:00:00.786981,0.2,60,0.25,0.9,0,140,COMPLETE
9023,9023,17048.75,2023-11-15 11:46:32.570401,2023-11-15 11:46:33.349095,0 days 00:00:00.778694,0.2,10,0.75,0.6,8,145,COMPLETE
9024,9024,19201.25,2023-11-15 11:46:33.351880,2023-11-15 11:46:34.124264,0 days 00:00:00.772384,0.2,10,0.75,0.9,3,148,COMPLETE
9025,9025,18999.0,2023-11-15 11:46:34.127636,2023-11-15 11:46:34.882843,0 days 00:00:00.755207,0.2,10,0.5,0.8,5,143,COMPLETE
9026,9026,19261.0,2023-11-15 11:46:34.885614,2023-11-15 11:46:35.638924,0 days 00:00:00.753310,0.1,10,0.75,0.9,0,150,COMPLETE
9027,9027,11924.5,2023-11-15 11:46:35.641654,2023-11-15 11:46:36.525491,0 days 00:00:00.883837,0.2,10,1.0,0.30000000000000004,2,145,COMPLETE
9028,9028,18968.25,2023-11-15 11:46:36.528888,2023-11-15 11:46:37.387238,0 days 00:00:00.858350,0.2,10,1.25,0.9,4,139,COMPLETE
9029,9029,19261.0,2023-11-15 11:46:37.390043,2023-11-15 11:46:38.198642,0 days 00:00:00.808599,0.2,10,0.75,0.9,2,147,COMPLETE
9030,9030,18394.75,2023-11-15 11:46:38.201353,2023-11-15 11:46:39.062416,0 days 00:00:00.861063,0.1,20,0.75,0.9,0,141,COMPLETE
9031,9031,19163.5,2023-11-15 11:46:39.065071,2023-11-15 11:46:39.957310,0 days 00:00:00.892239,0.30000000000000004,10,0.75,0.9,6,150,COMPLETE
9032,9032,18255.5,2023-11-15 11:46:39.960084,2023-11-15 11:46:40.853144,0 days 00:00:00.893060,0.2,10,0.75,0.9,10,136,COMPLETE
9033,9033,19050.0,2023-11-15 11:46:40.855853,2023-11-15 11:46:41.639539,0 days 00:00:00.783686,0.2,10,1.0,0.9,2,143,COMPLETE
9034,9034,19222.0,2023-11-15 11:46:41.642185,2023-11-15 11:46:42.402318,0 days 00:00:00.760133,0.2,10,0.75,0.8,4,88,COMPLETE
9035,9035,19261.0,2023-11-15 11:46:42.405180,2023-11-15 11:46:43.198284,0 days 00:00:00.793104,0.2,10,0.5,0.9,0,147,COMPLETE
9036,9036,19314.5,2023-11-15 11:46:43.201130,2023-11-15 11:46:44.029290,0 days 00:00:00.828160,0.1,10,0.75,0.9,2,145,COMPLETE
9037,9037,18394.5,2023-11-15 11:46:44.032382,2023-11-15 11:46:44.850654,0 days 00:00:00.818272,0.2,10,1.25,0.7000000000000001,4,142,COMPLETE
9038,9038,19064.75,2023-11-15 11:46:44.853311,2023-11-15 11:46:45.640773,0 days 00:00:00.787462,0.2,10,0.75,0.9,0,139,COMPLETE
9039,9039,7817.0,2023-11-15 11:46:45.643528,2023-11-15 11:46:46.490974,0 days 00:00:00.847446,0.1,20,0.75,0.5,71,93,COMPLETE
9040,9040,19163.75,2023-11-15 11:46:46.494094,2023-11-15 11:46:47.402780,0 days 00:00:00.908686,0.2,10,1.75,0.9,8,147,COMPLETE
9041,9041,19082.5,2023-11-15 11:46:47.405431,2023-11-15 11:46:48.309869,0 days 00:00:00.904438,0.2,10,0.75,0.9,2,150,COMPLETE
9042,9042,16024.0,2023-11-15 11:46:48.313377,2023-11-15 11:46:49.140172,0 days 00:00:00.826795,0.7000000000000001,10,0.75,0.4,6,144,COMPLETE
9043,9043,19172.25,2023-11-15 11:46:49.142892,2023-11-15 11:46:49.966204,0 days 00:00:00.823312,0.2,10,1.0,0.9,0,147,COMPLETE
9044,9044,18973.0,2023-11-15 11:46:49.968846,2023-11-15 11:46:50.775491,0 days 00:00:00.806645,0.2,10,0.75,0.9,4,141,COMPLETE
9045,9045,18999.75,2023-11-15 11:46:50.778969,2023-11-15 11:46:51.571074,0 days 00:00:00.792105,0.30000000000000004,10,0.75,0.9,2,134,COMPLETE
9046,9046,16074.0,2023-11-15 11:46:51.573721,2023-11-15 11:46:52.405045,0 days 00:00:00.831324,0.9,10,0.5,0.8,0,145,COMPLETE
9047,9047,19091.75,2023-11-15 11:46:52.407886,2023-11-15 11:46:53.174533,0 days 00:00:00.766647,0.1,10,0.75,0.9,4,143,COMPLETE
9048,9048,18981.0,2023-11-15 11:46:53.177344,2023-11-15 11:46:53.948863,0 days 00:00:00.771519,0.2,10,0.75,0.9,2,138,COMPLETE
9049,9049,18732.75,2023-11-15 11:46:53.951474,2023-11-15 11:46:54.730456,0 days 00:00:00.778982,0.2,10,0.25,0.9,6,150,COMPLETE
9050,9050,19172.25,2023-11-15 11:46:54.733170,2023-11-15 11:46:55.490957,0 days 00:00:00.757787,0.2,10,1.0,0.9,0,147,COMPLETE
9051,9051,0.0,2023-11-15 11:46:55.493913,2023-11-15 11:46:56.257921,0 days 00:00:00.764008,0.1,30,0.75,0.9,3,4,COMPLETE
9052,9052,19261.0,2023-11-15 11:46:56.260918,2023-11-15 11:46:57.052497,0 days 00:00:00.791579,0.2,10,1.25,0.9,2,143,COMPLETE
9053,9053,18071.0,2023-11-15 11:46:57.055153,2023-11-15 11:46:57.817443,0 days 00:00:00.762290,0.2,20,0.75,0.6,5,147,COMPLETE
9054,9054,19261.0,2023-11-15 11:46:57.820157,2023-11-15 11:46:58.571514,0 days 00:00:00.751357,0.2,10,0.75,0.8,0,141,COMPLETE
9055,9055,18835.5,2023-11-15 11:46:58.574178,2023-11-15 11:46:59.328111,0 days 00:00:00.753933,0.2,10,0.75,0.9,8,106,COMPLETE
9056,9056,19268.25,2023-11-15 11:46:59.331339,2023-11-15 11:47:00.104641,0 days 00:00:00.773302,0.1,10,0.5,0.9,2,145,COMPLETE
9057,9057,19132.0,2023-11-15 11:47:00.107376,2023-11-15 11:47:00.882996,0 days 00:00:00.775620,0.2,10,1.0,0.9,4,150,COMPLETE
9058,9058,18969.25,2023-11-15 11:47:00.885623,2023-11-15 11:47:01.644231,0 days 00:00:00.758608,0.2,10,0.75,0.9,0,138,COMPLETE
9059,9059,19359.75,2023-11-15 11:47:01.647637,2023-11-15 11:47:02.413184,0 days 00:00:00.765547,0.30000000000000004,10,0.75,0.9,2,145,COMPLETE
9060,9060,18300.25,2023-11-15 11:47:02.415918,2023-11-15 11:47:03.198849,0 days 00:00:00.782931,0.2,20,0.75,0.9,6,142,COMPLETE
9061,9061,19163.75,2023-11-15 11:47:03.201513,2023-11-15 11:47:03.949062,0 days 00:00:00.747549,0.1,10,1.5,0.9,4,147,COMPLETE
9062,9062,19261.0,2023-11-15 11:47:03.951756,2023-11-15 11:47:04.710315,0 days 00:00:00.758559,0.2,10,0.75,0.7000000000000001,0,144,COMPLETE
9063,9063,19270.0,2023-11-15 11:47:04.713584,2023-11-15 11:47:05.471249,0 days 00:00:00.757665,0.4,10,1.25,0.9,2,148,COMPLETE
9064,9064,19066.25,2023-11-15 11:47:05.474062,2023-11-15 11:47:06.254822,0 days 00:00:00.780760,0.2,10,0.75,0.9,9,141,COMPLETE
9065,9065,19132.0,2023-11-15 11:47:06.257470,2023-11-15 11:47:07.015239,0 days 00:00:00.757769,0.2,10,1.0,0.9,4,150,COMPLETE
9066,9066,18971.5,2023-11-15 11:47:07.018069,2023-11-15 11:47:07.772878,0 days 00:00:00.754809,0.30000000000000004,10,0.75,0.8,0,136,COMPLETE
9067,9067,19314.5,2023-11-15 11:47:07.775595,2023-11-15 11:47:08.540478,0 days 00:00:00.764883,0.1,10,0.75,0.9,2,145,COMPLETE
9068,9068,19066.25,2023-11-15 11:47:08.543329,2023-11-15 11:47:09.329874,0 days 00:00:00.786545,0.2,10,0.75,0.9,6,140,COMPLETE
9069,9069,19261.0,2023-11-15 11:47:09.333015,2023-11-15 11:47:10.076360,0 days 00:00:00.743345,0.2,10,0.75,0.9,2,147,COMPLETE
9070,9070,19261.0,2023-11-15 11:47:10.079682,2023-11-15 11:47:10.839398,0 days 00:00:00.759716,0.2,10,0.75,0.9,0,143,COMPLETE
9071,9071,17368.25,2023-11-15 11:47:10.842062,2023-11-15 11:47:11.659302,0 days 00:00:00.817240,0.6,10,0.75,0.9,4,147,COMPLETE
9072,9072,13944.0,2023-11-15 11:47:11.662681,2023-11-15 11:47:12.487365,0 days 00:00:00.824684,0.2,80,1.0,0.9,2,150,COMPLETE
9073,9073,17578.5,2023-11-15 11:47:12.490095,2023-11-15 11:47:13.269805,0 days 00:00:00.779710,0.1,20,0.25,0.8,8,139,COMPLETE
9074,9074,18974.25,2023-11-15 11:47:13.272674,2023-11-15 11:47:14.037428,0 days 00:00:00.764754,0.2,10,0.5,0.9,17,143,COMPLETE
9075,9075,19359.75,2023-11-15 11:47:14.040291,2023-11-15 11:47:14.798787,0 days 00:00:00.758496,0.5,10,1.25,0.9,0,145,COMPLETE
9076,9076,19261.0,2023-11-15 11:47:14.801482,2023-11-15 11:47:15.568292,0 days 00:00:00.766810,0.2,10,0.75,0.9,4,147,COMPLETE
9077,9077,14080.5,2023-11-15 11:47:15.571030,2023-11-15 11:47:16.363641,0 days 00:00:00.792611,0.2,10,0.75,0.4,6,141,COMPLETE
9078,9078,13479.5,2023-11-15 11:47:16.366228,2023-11-15 11:47:17.167342,0 days 00:00:00.801114,0.1,70,0.75,0.5,2,145,COMPLETE
9079,9079,0.0,2023-11-15 11:47:17.170050,2023-11-15 11:47:17.922413,0 days 00:00:00.752363,0.2,40,0.75,0.9,0,12,COMPLETE
9080,9080,19136.5,2023-11-15 11:47:17.925243,2023-11-15 11:47:18.702840,0 days 00:00:00.777597,0.2,10,0.75,0.9,4,148,COMPLETE
9081,9081,10532.25,2023-11-15 11:47:18.705563,2023-11-15 11:47:19.539330,0 days 00:00:00.833767,0.2,10,1.0,0.1,2,150,COMPLETE
9082,9082,19109.25,2023-11-15 11:47:19.542023,2023-11-15 11:47:20.291916,0 days 00:00:00.749893,0.30000000000000004,10,0.5,0.6,0,143,COMPLETE
9083,9083,15897.5,2023-11-15 11:47:20.295174,2023-11-15 11:47:21.041506,0 days 00:00:00.746332,0.1,20,0.75,0.8,3,54,COMPLETE
9084,9084,19161.25,2023-11-15 11:47:21.044732,2023-11-15 11:47:21.801869,0 days 00:00:00.757137,0.2,10,0.75,0.9,6,137,COMPLETE
9085,9085,19166.0,2023-11-15 11:47:21.804497,2023-11-15 11:47:22.584927,0 days 00:00:00.780430,0.2,10,1.25,0.9,2,140,COMPLETE
9086,9086,16676.5,2023-11-15 11:47:22.587564,2023-11-15 11:47:23.355491,0 days 00:00:00.767927,0.2,10,1.0,0.9,84,147,COMPLETE
9087,9087,19261.0,2023-11-15 11:47:23.358274,2023-11-15 11:47:24.109449,0 days 00:00:00.751175,0.1,10,0.75,0.9,0,144,COMPLETE
9088,9088,13449.0,2023-11-15 11:47:24.112960,2023-11-15 11:47:24.903203,0 days 00:00:00.790243,0.2,100,0.75,0.5,4,145,COMPLETE
9089,9089,12957.25,2023-11-15 11:47:24.905963,2023-11-15 11:47:25.725296,0 days 00:00:00.819333,0.2,10,0.75,0.9,75,126,COMPLETE
9090,9090,18686.75,2023-11-15 11:47:25.728750,2023-11-15 11:47:26.496726,0 days 00:00:00.767976,0.2,10,0.75,0.9,11,150,COMPLETE
9091,9091,14735.75,2023-11-15 11:47:26.499799,2023-11-15 11:47:27.289049,0 days 00:00:00.789250,0.8,50,1.25,0.30000000000000004,7,132,COMPLETE
9092,9092,18973.0,2023-11-15 11:47:27.291732,2023-11-15 11:47:28.049047,0 days 00:00:00.757315,0.2,10,0.75,0.9,2,141,COMPLETE
9093,9093,19261.0,2023-11-15 11:47:28.051814,2023-11-15 11:47:28.817096,0 days 00:00:00.765282,0.1,10,0.75,0.9,5,147,COMPLETE
9094,9094,19261.0,2023-11-15 11:47:28.819942,2023-11-15 11:47:29.581811,0 days 00:00:00.761869,0.2,10,0.75,0.9,0,143,COMPLETE
9095,9095,18294.0,2023-11-15 11:47:29.584560,2023-11-15 11:47:30.336898,0 days 00:00:00.752338,0.30000000000000004,20,1.0,0.7000000000000001,3,138,COMPLETE
9096,9096,19359.75,2023-11-15 11:47:30.339528,2023-11-15 11:47:31.105965,0 days 00:00:00.766437,0.2,10,0.5,0.8,0,145,COMPLETE
9097,9097,19201.25,2023-11-15 11:47:31.108710,2023-11-15 11:47:31.890658,0 days 00:00:00.781948,0.2,10,0.75,0.9,2,148,COMPLETE
9098,9098,19066.25,2023-11-15 11:47:31.893466,2023-11-15 11:47:32.650644,0 days 00:00:00.757178,0.1,10,1.0,0.9,5,141,COMPLETE
9099,9099,18872.5,2023-11-15 11:47:32.653341,2023-11-15 11:47:33.414869,0 days 00:00:00.761528,0.2,10,0.75,0.9,8,135,COMPLETE
9100,9100,19082.5,2023-11-15 11:47:33.417567,2023-11-15 11:47:34.170171,0 days 00:00:00.752604,0.2,10,0.75,0.9,2,150,COMPLETE
9101,9101,19237.25,2023-11-15 11:47:34.173632,2023-11-15 11:47:34.963786,0 days 00:00:00.790154,0.2,10,0.25,0.9,0,145,COMPLETE
9102,9102,18921.25,2023-11-15 11:47:34.966552,2023-11-15 11:47:35.739787,0 days 00:00:00.773235,0.1,10,0.75,0.9,14,143,COMPLETE
9103,9103,18584.75,2023-11-15 11:47:35.742480,2023-11-15 11:47:36.500508,0 days 00:00:00.758028,0.2,20,0.75,0.8,4,147,COMPLETE
9104,9104,19166.0,2023-11-15 11:47:36.503137,2023-11-15 11:47:37.264547,0 days 00:00:00.761410,0.2,10,1.25,0.9,2,140,COMPLETE
9105,9105,18971.0,2023-11-15 11:47:37.267930,2023-11-15 11:47:38.038078,0 days 00:00:00.770148,0.2,10,0.5,0.9,29,147,COMPLETE
9106,9106,19051.5,2023-11-15 11:47:38.040847,2023-11-15 11:47:38.806086,0 days 00:00:00.765239,0.1,10,0.75,0.9,6,142,COMPLETE
9107,9107,19163.75,2023-11-15 11:47:38.808891,2023-11-15 11:47:39.570197,0 days 00:00:00.761306,0.30000000000000004,10,0.75,0.9,0,150,COMPLETE
9108,9108,18791.75,2023-11-15 11:47:39.572928,2023-11-15 11:47:40.338191,0 days 00:00:00.765263,0.2,10,0.75,0.9,4,144,COMPLETE
9109,9109,11495.75,2023-11-15 11:47:40.340842,2023-11-15 11:47:41.183088,0 days 00:00:00.842246,0.4,10,1.0,0.9,34,138,COMPLETE
9110,9110,19261.0,2023-11-15 11:47:41.186074,2023-11-15 11:47:41.951840,0 days 00:00:00.765766,0.2,10,0.75,0.8,2,147,COMPLETE
9111,9111,19359.75,2023-11-15 11:47:41.954753,2023-11-15 11:47:42.718711,0 days 00:00:00.763958,0.2,10,0.75,0.9,0,145,COMPLETE
9112,9112,17725.75,2023-11-15 11:47:42.721564,2023-11-15 11:47:43.495371,0 days 00:00:00.773807,0.1,20,0.75,0.7000000000000001,10,142,COMPLETE
9113,9113,19111.25,2023-11-15 11:47:43.498153,2023-11-15 11:47:44.277280,0 days 00:00:00.779127,0.2,10,0.75,0.9,4,150,COMPLETE
9114,9114,19359.75,2023-11-15 11:47:44.280522,2023-11-15 11:47:45.033011,0 days 00:00:00.752489,0.2,10,1.0,0.9,7,145,COMPLETE
9115,9115,9073.75,2023-11-15 11:47:45.035683,2023-11-15 11:47:45.867854,0 days 00:00:00.832171,0.2,10,0.75,0.2,2,112,COMPLETE
9116,9116,19079.75,2023-11-15 11:47:45.870588,2023-11-15 11:47:46.631180,0 days 00:00:00.760592,0.2,10,0.75,0.4,0,139,COMPLETE
9117,9117,19223.75,2023-11-15 11:47:46.633852,2023-11-15 11:47:47.405017,0 days 00:00:00.771165,0.1,10,0.75,0.9,3,148,COMPLETE
9118,9118,10175.5,2023-11-15 11:47:47.407753,2023-11-15 11:47:48.242307,0 days 00:00:00.834554,0.2,10,1.25,0.6,5,143,COMPLETE
9119,9119,15050.25,2023-11-15 11:47:48.245720,2023-11-15 11:47:49.084885,0 days 00:00:00.839165,0.7000000000000001,10,0.5,0.9,2,147,COMPLETE
9120,9120,19171.5,2023-11-15 11:47:49.087621,2023-11-15 11:47:49.851378,0 days 00:00:00.763757,0.2,10,0.75,0.9,0,141,COMPLETE
9121,9121,18782.5,2023-11-15 11:47:49.854139,2023-11-15 11:47:50.640763,0 days 00:00:00.786624,0.30000000000000004,10,1.0,0.9,4,136,COMPLETE
9122,9122,18398.5,2023-11-15 11:47:50.643618,2023-11-15 11:47:51.410930,0 days 00:00:00.767312,0.2,20,0.75,0.9,8,145,COMPLETE
9123,9123,5067.0,2023-11-15 11:47:51.414099,2023-11-15 11:47:52.214908,0 days 00:00:00.800809,0.2,10,0.75,0.8,2,42,COMPLETE
9124,9124,19261.0,2023-11-15 11:47:52.217962,2023-11-15 11:47:52.996246,0 days 00:00:00.778284,0.1,10,0.75,0.9,0,150,COMPLETE
9125,9125,18992.75,2023-11-15 11:47:52.999157,2023-11-15 11:47:53.794044,0 days 00:00:00.794887,0.2,10,0.75,0.9,5,143,COMPLETE
9126,9126,18971.5,2023-11-15 11:47:53.797209,2023-11-15 11:47:54.573191,0 days 00:00:00.775982,0.2,10,0.25,0.9,2,147,COMPLETE
9127,9127,18548.0,2023-11-15 11:47:54.576011,2023-11-15 11:47:55.348758,0 days 00:00:00.772747,0.2,10,0.75,0.8,6,139,COMPLETE
9128,9128,19359.75,2023-11-15 11:47:55.351607,2023-11-15 11:47:56.104170,0 days 00:00:00.752563,0.2,10,1.0,0.5,0,145,COMPLETE
9129,9129,17647.0,2023-11-15 11:47:56.106802,2023-11-15 11:47:56.903114,0 days 00:00:00.796312,0.1,30,1.25,0.9,3,142,COMPLETE
9130,9130,19201.25,2023-11-15 11:47:56.906001,2023-11-15 11:47:57.667513,0 days 00:00:00.761512,0.2,10,0.75,0.9,2,148,COMPLETE
9131,9131,19111.25,2023-11-15 11:47:57.670326,2023-11-15 11:47:58.432008,0 days 00:00:00.761682,0.2,10,0.75,0.9,4,150,COMPLETE
9132,9132,19167.0,2023-11-15 11:47:58.434677,2023-11-15 11:47:59.207266,0 days 00:00:00.772589,0.2,10,1.5,0.9,0,145,COMPLETE
9133,9133,18394.75,2023-11-15 11:47:59.210792,2023-11-15 11:47:59.983213,0 days 00:00:00.772421,0.1,20,0.5,0.9,7,140,COMPLETE
9134,9134,19261.0,2023-11-15 11:47:59.985980,2023-11-15 11:48:00.751033,0 days 00:00:00.765053,0.30000000000000004,10,0.75,0.9,2,147,COMPLETE
9135,9135,19261.0,2023-11-15 11:48:00.753705,2023-11-15 11:48:01.522599,0 days 00:00:00.768894,0.2,10,0.75,0.9,0,143,COMPLETE
9136,9136,18871.5,2023-11-15 11:48:01.525339,2023-11-15 11:48:02.292335,0 days 00:00:00.766996,0.2,10,0.75,0.9,4,135,COMPLETE
9137,9137,19270.0,2023-11-15 11:48:02.296146,2023-11-15 11:48:03.073009,0 days 00:00:00.776863,0.1,10,1.25,0.9,2,145,COMPLETE
9138,9138,18272.5,2023-11-15 11:48:03.075851,2023-11-15 11:48:03.864684,0 days 00:00:00.788833,0.2,10,0.25,0.9,9,150,COMPLETE
9139,9139,19066.25,2023-11-15 11:48:03.867488,2023-11-15 11:48:04.627372,0 days 00:00:00.759884,0.2,10,1.0,0.9,6,141,COMPLETE
9140,9140,19359.75,2023-11-15 11:48:04.630409,2023-11-15 11:48:05.383230,0 days 00:00:00.752821,0.30000000000000004,10,0.75,0.8,0,145,COMPLETE
9141,9141,10856.75,2023-11-15 11:48:05.385938,2023-11-15 11:48:06.275678,0 days 00:00:00.889740,0.5,10,0.5,0.9,4,138,COMPLETE
9142,9142,19072.5,2023-11-15 11:48:06.279075,2023-11-15 11:48:07.050288,0 days 00:00:00.771213,0.2,10,0.75,0.6,2,147,COMPLETE
9143,9143,19197.5,2023-11-15 11:48:07.053084,2023-11-15 11:48:07.817964,0 days 00:00:00.764880,0.1,10,0.75,0.9,0,143,COMPLETE
9144,9144,18584.75,2023-11-15 11:48:07.820789,2023-11-15 11:48:08.584253,0 days 00:00:00.763464,0.2,20,0.75,0.9,3,147,COMPLETE
9145,9145,14893.0,2023-11-15 11:48:08.587058,2023-11-15 11:48:09.382175,0 days 00:00:00.795117,0.2,60,0.75,0.9,6,141,COMPLETE
9146,9146,16109.5,2023-11-15 11:48:09.384915,2023-11-15 11:48:10.165378,0 days 00:00:00.780463,0.2,10,0.75,0.30000000000000004,2,150,COMPLETE
9147,9147,19172.25,2023-11-15 11:48:10.168097,2023-11-15 11:48:10.916765,0 days 00:00:00.748668,0.2,10,1.0,0.9,0,143,COMPLETE
9148,9148,19176.5,2023-11-15 11:48:10.919530,2023-11-15 11:48:11.687564,0 days 00:00:00.768034,0.2,10,0.75,0.7000000000000001,4,148,COMPLETE
9149,9149,19314.5,2023-11-15 11:48:11.690566,2023-11-15 11:48:12.482393,0 days 00:00:00.791827,0.1,10,0.75,0.9,2,145,COMPLETE
9150,9150,19064.75,2023-11-15 11:48:12.485121,2023-11-15 11:48:13.249365,0 days 00:00:00.764244,0.2,10,0.75,0.9,0,139,COMPLETE
9151,9151,18496.5,2023-11-15 11:48:13.252124,2023-11-15 11:48:14.013771,0 days 00:00:00.761647,0.2,10,0.5,0.8,5,133,COMPLETE
9152,9152,18518.25,2023-11-15 11:48:14.016632,2023-11-15 11:48:14.778295,0 days 00:00:00.761663,0.2,20,1.0,0.9,12,147,COMPLETE
9153,9153,13878.25,2023-11-15 11:48:14.781663,2023-11-15 11:48:15.599108,0 days 00:00:00.817445,0.1,10,0.75,0.5,8,141,COMPLETE
9154,9154,19163.5,2023-11-15 11:48:15.601922,2023-11-15 11:48:16.371775,0 days 00:00:00.769853,0.2,10,0.75,0.9,2,144,COMPLETE
9155,9155,19261.0,2023-11-15 11:48:16.374527,2023-11-15 11:48:17.149462,0 days 00:00:00.774935,0.2,10,2.0,0.9,4,147,COMPLETE
9156,9156,19071.5,2023-11-15 11:48:17.152360,2023-11-15 11:48:17.920204,0 days 00:00:00.767844,0.1,10,1.25,0.9,20,137,COMPLETE
9157,9157,19163.75,2023-11-15 11:48:17.922942,2023-11-15 11:48:18.722862,0 days 00:00:00.799920,0.30000000000000004,10,0.75,0.9,0,150,COMPLETE
9158,9158,18970.75,2023-11-15 11:48:18.725550,2023-11-15 11:48:19.494192,0 days 00:00:00.768642,0.2,10,0.75,0.8,2,144,COMPLETE
9159,9159,19066.25,2023-11-15 11:48:19.497230,2023-11-15 11:48:20.257539,0 days 00:00:00.760309,0.2,10,1.0,0.9,6,141,COMPLETE
9160,9160,18350.75,2023-11-15 11:48:20.260501,2023-11-15 11:48:21.038557,0 days 00:00:00.778056,0.6,10,0.75,0.9,0,147,COMPLETE
9161,9161,18393.5,2023-11-15 11:48:21.041304,2023-11-15 11:48:21.845419,0 days 00:00:00.804115,0.2,20,0.75,0.9,4,150,COMPLETE
