,number,value,datetime_start,datetime_complete,duration,params_alpha,params_decay_interval,params_decay_rate,params_gamma,params_initialization,params_max_steps,state
7290,7290,18218.0,2023-11-15 14:01:37.373441,2023-11-15 14:01:38.007824,0 days 00:00:00.634383,0.8,10,1.25,0.8,18,97,COMPLETE
7291,7291,17919.25,2023-11-15 14:01:38.010305,2023-11-15 14:01:38.650512,0 days 00:00:00.640207,0.8,20,1.75,0.8,21,99,COMPLETE
7292,7292,18394.5,2023-11-15 14:01:38.653544,2023-11-15 14:01:39.276041,0 days 00:00:00.622497,0.8,10,1.25,0.8,2,96,COMPLETE
7293,7293,13720.25,2023-11-15 14:01:39.278301,2023-11-15 14:01:39.952196,0 days 00:00:00.673895,0.8,80,1.0,0.8,4,100,COMPLETE
7294,7294,199.5,2023-11-15 14:01:39.954616,2023-11-15 14:01:40.831933,0 days 00:00:00.877317,0.9,10,1.25,0.9,0,98,COMPLETE
7295,7295,18410.75,2023-11-15 14:01:40.834711,2023-11-15 14:01:41.468905,0 days 00:00:00.634194,0.8,10,1.25,0.8,14,94,COMPLETE
7296,7296,18398.5,2023-11-15 14:01:41.471431,2023-11-15 14:01:42.110338,0 days 00:00:00.638907,0.8,10,1.5,0.8,10,98,COMPLETE
7297,7297,18013.5,2023-11-15 14:01:42.112662,2023-11-15 14:01:42.744824,0 days 00:00:00.632162,0.8,20,1.25,0.7000000000000001,18,100,COMPLETE
7298,7298,16455.25,2023-11-15 14:01:42.747111,2023-11-15 14:01:43.392046,0 days 00:00:00.644935,0.7000000000000001,10,1.25,0.8,16,63,COMPLETE
7299,7299,18395.0,2023-11-15 14:01:43.394535,2023-11-15 14:01:44.056924,0 days 00:00:00.662389,0.8,10,2.0,0.8,20,96,COMPLETE
7300,7300,18023.5,2023-11-15 14:01:44.059295,2023-11-15 14:01:44.698357,0 days 00:00:00.639062,0.8,10,1.25,0.8,12,98,COMPLETE
7301,7301,18463.25,2023-11-15 14:01:44.701465,2023-11-15 14:01:45.329981,0 days 00:00:00.628516,0.8,10,1.0,0.7000000000000001,6,92,COMPLETE
7302,7302,17747.75,2023-11-15 14:01:45.332542,2023-11-15 14:01:45.961088,0 days 00:00:00.628546,0.8,10,0.5,0.8,8,100,COMPLETE
7303,7303,18394.5,2023-11-15 14:01:45.963683,2023-11-15 14:01:46.604956,0 days 00:00:00.641273,0.8,10,1.25,0.8,14,96,COMPLETE
7304,7304,17932.0,2023-11-15 14:01:46.608479,2023-11-15 14:01:47.362626,0 days 00:00:00.754147,0.8,10,1.25,0.8,50,98,COMPLETE
7305,7305,16825.0,2023-11-15 14:01:47.365553,2023-11-15 14:01:48.104577,0 days 00:00:00.739024,0.8,10,1.25,0.8,22,56,COMPLETE
7306,7306,18492.75,2023-11-15 14:01:48.106879,2023-11-15 14:01:48.740090,0 days 00:00:00.633211,0.8,10,1.25,0.9,17,100,COMPLETE
7307,7307,18307.0,2023-11-15 14:01:48.742500,2023-11-15 14:01:49.389620,0 days 00:00:00.647120,0.8,10,1.5,0.8,3,94,COMPLETE
7308,7308,18218.0,2023-11-15 14:01:49.392028,2023-11-15 14:01:50.017888,0 days 00:00:00.625860,0.8,10,1.25,0.8,36,97,COMPLETE
7309,7309,16515.5,2023-11-15 14:01:50.020550,2023-11-15 14:01:50.668226,0 days 00:00:00.647676,0.2,10,1.25,0.8,19,98,COMPLETE
7310,7310,18112.0,2023-11-15 14:01:50.670748,2023-11-15 14:01:51.308309,0 days 00:00:00.637561,0.9,10,1.0,0.5,12,95,COMPLETE
7311,7311,17471.0,2023-11-15 14:01:51.310674,2023-11-15 14:01:51.968926,0 days 00:00:00.658252,0.8,20,1.25,0.4,16,100,COMPLETE
7312,7312,12692.75,2023-11-15 14:01:51.971718,2023-11-15 14:01:52.637816,0 days 00:00:00.666098,0.8,100,1.5,0.8,5,97,COMPLETE
7313,7313,18491.25,2023-11-15 14:01:52.640099,2023-11-15 14:01:53.264482,0 days 00:00:00.624383,0.7000000000000001,10,1.25,0.8,24,99,COMPLETE
7314,7314,17934.5,2023-11-15 14:01:53.267565,2023-11-15 14:01:53.888768,0 days 00:00:00.621203,0.8,10,1.25,0.8,10,74,COMPLETE
7315,7315,18301.75,2023-11-15 14:01:53.891244,2023-11-15 14:01:54.514518,0 days 00:00:00.623274,0.8,10,1.25,0.8,21,96,COMPLETE
7316,7316,15424.25,2023-11-15 14:01:54.517131,2023-11-15 14:01:55.191839,0 days 00:00:00.674708,0.8,60,1.0,0.9,15,98,COMPLETE
7317,7317,18492.5,2023-11-15 14:01:55.194323,2023-11-15 14:01:55.834562,0 days 00:00:00.640239,0.8,10,1.25,0.8,8,100,COMPLETE
7318,7318,18399.25,2023-11-15 14:01:55.837001,2023-11-15 14:01:56.505954,0 days 00:00:00.668953,0.8,10,1.5,0.7000000000000001,19,94,COMPLETE
7319,7319,17565.75,2023-11-15 14:01:56.508257,2023-11-15 14:01:57.144093,0 days 00:00:00.635836,0.8,30,1.25,0.8,2,98,COMPLETE
7320,7320,18394.5,2023-11-15 14:01:57.146375,2023-11-15 14:01:57.778102,0 days 00:00:00.631727,0.8,10,1.25,0.8,13,96,COMPLETE
7321,7321,18399.5,2023-11-15 14:01:57.780514,2023-11-15 14:01:58.420285,0 days 00:00:00.639771,0.8,10,1.75,0.8,17,100,COMPLETE
7322,7322,17824.5,2023-11-15 14:01:58.423024,2023-11-15 14:01:59.061700,0 days 00:00:00.638676,0.9,20,1.25,0.8,14,88,COMPLETE
7323,7323,18023.5,2023-11-15 14:01:59.064150,2023-11-15 14:01:59.707951,0 days 00:00:00.643801,0.8,10,1.25,0.8,4,98,COMPLETE
7324,7324,16818.75,2023-11-15 14:01:59.710258,2023-11-15 14:02:00.351457,0 days 00:00:00.641199,0.8,40,1.0,0.8,0,96,COMPLETE
7325,7325,18218.0,2023-11-15 14:02:00.353777,2023-11-15 14:02:00.988968,0 days 00:00:00.635191,0.8,10,1.25,0.9,6,100,COMPLETE
7326,7326,17754.75,2023-11-15 14:02:00.991613,2023-11-15 14:02:01.705350,0 days 00:00:00.713737,0.8,10,1.25,0.8,76,98,COMPLETE
7327,7327,17831.25,2023-11-15 14:02:01.708127,2023-11-15 14:02:02.448422,0 days 00:00:00.740295,0.8,10,1.5,0.8,18,95,COMPLETE
7328,7328,18215.0,2023-11-15 14:02:02.451338,2023-11-15 14:02:03.153139,0 days 00:00:00.701801,0.7000000000000001,10,1.25,0.7000000000000001,10,92,COMPLETE
7329,7329,18218.0,2023-11-15 14:02:03.155541,2023-11-15 14:02:03.803734,0 days 00:00:00.648193,0.8,10,1.25,0.8,22,97,COMPLETE
7330,7330,18681.25,2023-11-15 14:02:03.806261,2023-11-15 14:02:04.445233,0 days 00:00:00.638972,0.8,10,1.25,0.8,15,99,COMPLETE
7331,7331,17111.75,2023-11-15 14:02:04.448341,2023-11-15 14:02:05.093849,0 days 00:00:00.645508,0.8,20,1.25,0.2,20,100,COMPLETE
7332,7332,18399.75,2023-11-15 14:02:05.096485,2023-11-15 14:02:05.757802,0 days 00:00:00.661317,0.8,10,1.5,0.8,12,97,COMPLETE
7333,7333,18033.25,2023-11-15 14:02:05.760684,2023-11-15 14:02:06.403052,0 days 00:00:00.642368,0.8,10,1.25,0.8,27,98,COMPLETE
7334,7334,18028.0,2023-11-15 14:02:06.405319,2023-11-15 14:02:07.044214,0 days 00:00:00.638895,0.7000000000000001,10,1.25,0.6,17,94,COMPLETE
7335,7335,18307.0,2023-11-15 14:02:07.046545,2023-11-15 14:02:07.692113,0 days 00:00:00.645568,0.9,10,1.25,0.8,7,100,COMPLETE
7336,7336,18457.5,2023-11-15 14:02:07.694784,2023-11-15 14:02:08.332947,0 days 00:00:00.638163,0.8,10,1.0,0.9,16,96,COMPLETE
7337,7337,18023.5,2023-11-15 14:02:08.335521,2023-11-15 14:02:08.973425,0 days 00:00:00.637904,0.8,10,1.25,0.8,20,98,COMPLETE
7338,7338,18238.5,2023-11-15 14:02:08.975732,2023-11-15 14:02:09.614666,0 days 00:00:00.638934,0.8,10,1.0,0.8,4,100,COMPLETE
7339,7339,18218.0,2023-11-15 14:02:09.617811,2023-11-15 14:02:10.250971,0 days 00:00:00.633160,0.8,10,1.25,0.8,9,97,COMPLETE
7340,7340,16917.5,2023-11-15 14:02:10.253340,2023-11-15 14:02:10.895813,0 days 00:00:00.642473,0.8,20,1.5,0.8,14,95,COMPLETE
7341,7341,18681.25,2023-11-15 14:02:10.898276,2023-11-15 14:02:11.552167,0 days 00:00:00.653891,0.8,10,1.25,0.8,23,99,COMPLETE
7342,7342,18023.5,2023-11-15 14:02:11.554517,2023-11-15 14:02:12.222536,0 days 00:00:00.668019,0.8,10,1.25,0.8,11,98,COMPLETE
7343,7343,18492.5,2023-11-15 14:02:12.225054,2023-11-15 14:02:12.859963,0 days 00:00:00.634909,0.8,10,1.25,0.8,2,100,COMPLETE
7344,7344,18394.5,2023-11-15 14:02:12.862637,2023-11-15 14:02:13.504343,0 days 00:00:00.641706,0.8,10,1.25,0.8,18,96,COMPLETE
7345,7345,18298.0,2023-11-15 14:02:13.506738,2023-11-15 14:02:14.142749,0 days 00:00:00.636011,0.8,10,1.0,0.8,6,94,COMPLETE
7346,7346,18493.75,2023-11-15 14:02:14.145074,2023-11-15 14:02:14.776478,0 days 00:00:00.631404,0.8,10,1.75,0.7000000000000001,13,98,COMPLETE
7347,7347,18305.75,2023-11-15 14:02:14.778747,2023-11-15 14:02:15.418081,0 days 00:00:00.639334,0.8,10,1.5,0.8,16,100,COMPLETE
7348,7348,18217.25,2023-11-15 14:02:15.420653,2023-11-15 14:02:16.056857,0 days 00:00:00.636204,0.8,10,1.25,0.9,21,97,COMPLETE
7349,7349,18493.0,2023-11-15 14:02:16.059237,2023-11-15 14:02:16.744608,0 days 00:00:00.685371,0.9,10,1.25,0.8,19,99,COMPLETE
7350,7350,17655.25,2023-11-15 14:02:16.747599,2023-11-15 14:02:17.475707,0 days 00:00:00.728108,0.8,10,1.25,0.8,8,91,COMPLETE
7351,7351,18024.75,2023-11-15 14:02:17.478747,2023-11-15 14:02:18.116304,0 days 00:00:00.637557,0.8,10,1.25,0.8,15,79,COMPLETE
7352,7352,18202.0,2023-11-15 14:02:18.119735,2023-11-15 14:02:18.771185,0 days 00:00:00.651450,0.8,20,1.25,0.8,18,96,COMPLETE
7353,7353,18303.75,2023-11-15 14:02:18.773612,2023-11-15 14:02:19.413206,0 days 00:00:00.639594,0.7000000000000001,10,1.25,0.8,4,98,COMPLETE
7354,7354,7630.0,2023-11-15 14:02:19.415846,2023-11-15 14:02:20.052619,0 days 00:00:00.636773,0.4,10,1.5,0.8,61,20,COMPLETE
7355,7355,17571.25,2023-11-15 14:02:20.055294,2023-11-15 14:02:20.702798,0 days 00:00:00.647504,0.30000000000000004,10,1.25,0.9,24,100,COMPLETE
7356,7356,18207.75,2023-11-15 14:02:20.705711,2023-11-15 14:02:21.339277,0 days 00:00:00.633566,0.8,10,1.25,0.8,10,93,COMPLETE
7357,7357,18497.5,2023-11-15 14:02:21.341684,2023-11-15 14:02:21.987621,0 days 00:00:00.645937,0.8,10,1.0,0.8,12,96,COMPLETE
7358,7358,18023.5,2023-11-15 14:02:21.990089,2023-11-15 14:02:22.628606,0 days 00:00:00.638517,0.8,10,1.25,0.8,2,98,COMPLETE
7359,7359,18027.75,2023-11-15 14:02:22.630989,2023-11-15 14:02:23.279796,0 days 00:00:00.648807,0.8,10,1.25,0.7000000000000001,15,100,COMPLETE
7360,7360,17005.25,2023-11-15 14:02:23.282159,2023-11-15 14:02:23.940050,0 days 00:00:00.657891,0.8,20,1.25,0.8,18,95,COMPLETE
7361,7361,199.5,2023-11-15 14:02:23.942506,2023-11-15 14:02:24.828392,0 days 00:00:00.885886,0.8,10,1.5,0.8,0,98,COMPLETE
7362,7362,18218.0,2023-11-15 14:02:24.830706,2023-11-15 14:02:25.492889,0 days 00:00:00.662183,0.8,10,1.25,0.8,6,97,COMPLETE
7363,7363,18398.25,2023-11-15 14:02:25.495787,2023-11-15 14:02:26.137962,0 days 00:00:00.642175,0.8,10,1.25,0.8,21,100,COMPLETE
7364,7364,18397.25,2023-11-15 14:02:26.140535,2023-11-15 14:02:26.779584,0 days 00:00:00.639049,0.9,10,1.25,0.8,13,94,COMPLETE
7365,7365,17558.5,2023-11-15 14:02:26.782281,2023-11-15 14:02:27.437243,0 days 00:00:00.654962,0.5,20,1.25,0.8,16,98,COMPLETE
7366,7366,18399.0,2023-11-15 14:02:27.439536,2023-11-15 14:02:28.085905,0 days 00:00:00.646369,0.8,10,1.0,0.9,25,96,COMPLETE
7367,7367,18492.5,2023-11-15 14:02:28.088637,2023-11-15 14:02:28.720392,0 days 00:00:00.631755,0.8,10,1.25,0.8,8,100,COMPLETE
7368,7368,17857.75,2023-11-15 14:02:28.722746,2023-11-15 14:02:29.372773,0 days 00:00:00.650027,0.8,10,1.25,0.4,19,98,COMPLETE
7369,7369,16784.5,2023-11-15 14:02:29.375143,2023-11-15 14:02:30.017879,0 days 00:00:00.642736,0.8,10,0.25,0.7000000000000001,11,44,COMPLETE
7370,7370,18400.5,2023-11-15 14:02:30.020895,2023-11-15 14:02:30.649912,0 days 00:00:00.629017,0.8,10,1.5,0.8,17,100,COMPLETE
7371,7371,18394.5,2023-11-15 14:02:30.652595,2023-11-15 14:02:31.377237,0 days 00:00:00.724642,0.8,10,1.25,0.8,4,96,COMPLETE
7372,7372,18022.0,2023-11-15 14:02:31.380021,2023-11-15 14:02:32.116851,0 days 00:00:00.736830,0.8,10,1.0,0.8,22,98,COMPLETE
7373,7373,18362.0,2023-11-15 14:02:32.119760,2023-11-15 14:02:32.765341,0 days 00:00:00.645581,0.7000000000000001,10,1.25,0.8,13,97,COMPLETE
7374,7374,17269.5,2023-11-15 14:02:32.768141,2023-11-15 14:02:33.410882,0 days 00:00:00.642741,0.8,10,1.25,0.8,14,58,COMPLETE
7375,7375,18218.0,2023-11-15 14:02:33.413904,2023-11-15 14:02:34.060158,0 days 00:00:00.646254,0.8,10,1.25,0.9,20,100,COMPLETE
7376,7376,18486.25,2023-11-15 14:02:34.062486,2023-11-15 14:02:34.702367,0 days 00:00:00.639881,0.8,10,1.25,0.8,6,94,COMPLETE
7377,7377,17925.0,2023-11-15 14:02:34.704660,2023-11-15 14:02:35.346482,0 days 00:00:00.641822,0.8,20,1.5,0.8,9,98,COMPLETE
7378,7378,18223.75,2023-11-15 14:02:35.349295,2023-11-15 14:02:35.998264,0 days 00:00:00.648969,0.7000000000000001,10,1.0,0.8,17,96,COMPLETE
7379,7379,15447.25,2023-11-15 14:02:36.001022,2023-11-15 14:02:36.667306,0 days 00:00:00.666284,0.1,10,1.75,0.7000000000000001,3,99,COMPLETE
7380,7380,18492.5,2023-11-15 14:02:36.670065,2023-11-15 14:02:37.314168,0 days 00:00:00.644103,0.8,10,1.25,0.8,15,100,COMPLETE
7381,7381,17837.25,2023-11-15 14:02:37.317350,2023-11-15 14:02:37.979162,0 days 00:00:00.661812,0.8,10,1.25,0.8,19,95,COMPLETE
7382,7382,18399.5,2023-11-15 14:02:37.981518,2023-11-15 14:02:38.609339,0 days 00:00:00.627821,0.8,10,3.0,0.8,11,92,COMPLETE
7383,7383,18209.5,2023-11-15 14:02:38.611677,2023-11-15 14:02:39.249579,0 days 00:00:00.637902,0.9,10,1.25,0.8,23,98,COMPLETE
7384,7384,14579.25,2023-11-15 14:02:39.252132,2023-11-15 14:02:39.919689,0 days 00:00:00.667557,0.8,70,1.5,0.8,17,97,COMPLETE
7385,7385,17925.75,2023-11-15 14:02:39.922091,2023-11-15 14:02:40.561801,0 days 00:00:00.639710,0.8,10,1.25,0.9,5,85,COMPLETE
7386,7386,18492.5,2023-11-15 14:02:40.564248,2023-11-15 14:02:41.201790,0 days 00:00:00.637542,0.8,10,1.25,0.8,1,100,COMPLETE
7387,7387,18023.5,2023-11-15 14:02:41.204259,2023-11-15 14:02:41.855635,0 days 00:00:00.651376,0.8,10,1.25,0.8,8,98,COMPLETE
7388,7388,18118.0,2023-11-15 14:02:41.857962,2023-11-15 14:02:42.496440,0 days 00:00:00.638478,0.8,10,1.25,0.8,46,96,COMPLETE
7389,7389,18681.25,2023-11-15 14:02:42.498755,2023-11-15 14:02:43.143727,0 days 00:00:00.644972,0.8,10,1.25,0.8,15,99,COMPLETE
7390,7390,18027.75,2023-11-15 14:02:43.146147,2023-11-15 14:02:43.802837,0 days 00:00:00.656690,0.8,20,1.0,0.8,21,94,COMPLETE
7391,7391,18304.0,2023-11-15 14:02:43.805120,2023-11-15 14:02:44.459399,0 days 00:00:00.654279,0.8,10,1.25,0.7000000000000001,19,100,COMPLETE
7392,7392,18394.5,2023-11-15 14:02:44.461705,2023-11-15 14:02:45.097049,0 days 00:00:00.635344,0.8,10,1.25,0.8,12,96,COMPLETE
7393,7393,18302.25,2023-11-15 14:02:45.099674,2023-11-15 14:02:45.809091,0 days 00:00:00.709417,0.9,10,1.25,0.8,14,98,COMPLETE
7394,7394,18119.75,2023-11-15 14:02:45.812073,2023-11-15 14:02:46.564558,0 days 00:00:00.752485,0.8,10,2.5,0.8,17,100,COMPLETE
7395,7395,18399.75,2023-11-15 14:02:46.567224,2023-11-15 14:02:47.234928,0 days 00:00:00.667704,0.8,10,1.5,0.8,3,97,COMPLETE
7396,7396,17747.25,2023-11-15 14:02:47.237336,2023-11-15 14:02:47.908410,0 days 00:00:00.671074,0.8,10,1.25,0.9,6,95,COMPLETE
7397,7397,17830.75,2023-11-15 14:02:47.911135,2023-11-15 14:02:48.556324,0 days 00:00:00.645189,0.8,20,1.25,0.8,11,98,COMPLETE
7398,7398,18027.0,2023-11-15 14:02:48.558853,2023-11-15 14:02:49.211706,0 days 00:00:00.652853,0.7000000000000001,10,1.0,0.8,9,100,COMPLETE
7399,7399,18023.5,2023-11-15 14:02:49.214570,2023-11-15 14:02:49.855279,0 days 00:00:00.640709,0.8,10,1.25,0.8,25,98,COMPLETE
7400,7400,14103.5,2023-11-15 14:02:49.857643,2023-11-15 14:02:50.489671,0 days 00:00:00.632028,0.8,10,1.5,0.8,16,28,COMPLETE
7401,7401,17640.25,2023-11-15 14:02:50.492399,2023-11-15 14:02:51.146124,0 days 00:00:00.653725,0.8,30,1.25,0.8,30,96,COMPLETE
7402,7402,18119.25,2023-11-15 14:02:51.148497,2023-11-15 14:02:51.803686,0 days 00:00:00.655189,0.8,10,1.25,0.6,20,94,COMPLETE
7403,7403,13295.5,2023-11-15 14:02:51.806034,2023-11-15 14:02:52.482176,0 days 00:00:00.676142,0.8,90,1.25,0.8,13,99,COMPLETE
7404,7404,18218.5,2023-11-15 14:02:52.485417,2023-11-15 14:02:53.177608,0 days 00:00:00.692191,0.9,10,1.25,0.9,22,97,COMPLETE
7405,7405,18307.75,2023-11-15 14:02:53.179953,2023-11-15 14:02:53.847241,0 days 00:00:00.667288,0.7000000000000001,10,1.75,0.8,18,100,COMPLETE
7406,7406,199.5,2023-11-15 14:02:53.849706,2023-11-15 14:02:54.753392,0 days 00:00:00.903686,0.8,10,2.0,0.7000000000000001,0,98,COMPLETE
7407,7407,18497.5,2023-11-15 14:02:54.755795,2023-11-15 14:02:55.391544,0 days 00:00:00.635749,0.8,10,1.0,0.8,7,96,COMPLETE
7408,7408,18028.25,2023-11-15 14:02:55.393886,2023-11-15 14:02:56.051721,0 days 00:00:00.657835,0.8,10,1.25,0.8,53,100,COMPLETE
7409,7409,18023.5,2023-11-15 14:02:56.054200,2023-11-15 14:02:56.690649,0 days 00:00:00.636449,0.8,10,1.25,0.8,15,98,COMPLETE
7410,7410,16004.0,2023-11-15 14:02:56.693085,2023-11-15 14:02:57.326199,0 days 00:00:00.633114,0.8,10,1.5,0.8,2,37,COMPLETE
7411,7411,18307.0,2023-11-15 14:02:57.328504,2023-11-15 14:02:57.984778,0 days 00:00:00.656274,0.8,10,1.25,0.8,5,90,COMPLETE
7412,7412,16020.5,2023-11-15 14:02:57.987352,2023-11-15 14:02:58.626932,0 days 00:00:00.639580,0.8,50,2.75,0.8,18,93,COMPLETE
7413,7413,18202.0,2023-11-15 14:02:58.629289,2023-11-15 14:02:59.275320,0 days 00:00:00.646031,0.8,20,2.25,0.8,10,96,COMPLETE
7414,7414,18306.25,2023-11-15 14:02:59.278320,2023-11-15 14:02:59.961692,0 days 00:00:00.683372,0.8,10,1.25,0.9,13,100,COMPLETE
7415,7415,18121.25,2023-11-15 14:02:59.964697,2023-11-15 14:03:00.723421,0 days 00:00:00.758724,0.6,10,1.25,0.8,20,98,COMPLETE
7416,7416,17559.25,2023-11-15 14:03:00.726492,2023-11-15 14:03:01.469695,0 days 00:00:00.743203,0.8,10,1.0,0.8,16,95,COMPLETE
7417,7417,18218.5,2023-11-15 14:03:01.472073,2023-11-15 14:03:02.112538,0 days 00:00:00.640465,0.9,10,1.25,0.8,4,97,COMPLETE
7418,7418,18681.25,2023-11-15 14:03:02.115014,2023-11-15 14:03:02.753410,0 days 00:00:00.638396,0.8,10,1.25,0.8,23,99,COMPLETE
7419,7419,18305.75,2023-11-15 14:03:02.755911,2023-11-15 14:03:03.395335,0 days 00:00:00.639424,0.8,10,1.5,0.8,7,100,COMPLETE
7420,7420,18216.25,2023-11-15 14:03:03.397853,2023-11-15 14:03:04.046868,0 days 00:00:00.649015,0.8,10,1.25,0.7000000000000001,27,97,COMPLETE
7421,7421,18303.75,2023-11-15 14:03:04.049671,2023-11-15 14:03:04.713638,0 days 00:00:00.663967,0.7000000000000001,10,1.25,0.8,14,98,COMPLETE
7422,7422,18030.0,2023-11-15 14:03:04.716145,2023-11-15 14:03:05.358737,0 days 00:00:00.642592,0.8,20,1.25,0.8,17,94,COMPLETE
7423,7423,18492.5,2023-11-15 14:03:05.361144,2023-11-15 14:03:06.001300,0 days 00:00:00.640156,0.8,10,1.25,0.8,10,100,COMPLETE
7424,7424,18498.0,2023-11-15 14:03:06.004030,2023-11-15 14:03:06.650215,0 days 00:00:00.646185,0.8,10,1.0,0.8,20,96,COMPLETE
7425,7425,18305.25,2023-11-15 14:03:06.652599,2023-11-15 14:03:07.294469,0 days 00:00:00.641870,0.8,10,1.5,0.8,12,98,COMPLETE
7426,7426,17765.25,2023-11-15 14:03:07.296795,2023-11-15 14:03:07.957543,0 days 00:00:00.660748,0.8,10,1.25,0.9,89,92,COMPLETE
7427,7427,18492.5,2023-11-15 14:03:07.960006,2023-11-15 14:03:08.610905,0 days 00:00:00.650899,0.8,10,1.25,0.8,2,100,COMPLETE
7428,7428,18112.5,2023-11-15 14:03:08.613254,2023-11-15 14:03:09.253727,0 days 00:00:00.640473,0.8,10,1.25,0.8,15,95,COMPLETE
7429,7429,18023.5,2023-11-15 14:03:09.256702,2023-11-15 14:03:09.945153,0 days 00:00:00.688451,0.8,10,1.25,0.8,18,98,COMPLETE
7430,7430,17466.25,2023-11-15 14:03:09.947504,2023-11-15 14:03:10.587041,0 days 00:00:00.639537,0.8,20,1.0,0.8,8,97,COMPLETE
7431,7431,18120.75,2023-11-15 14:03:10.589458,2023-11-15 14:03:11.237898,0 days 00:00:00.648440,0.8,10,1.25,0.7000000000000001,22,99,COMPLETE
7432,7432,18399.75,2023-11-15 14:03:11.240422,2023-11-15 14:03:11.913226,0 days 00:00:00.672804,0.9,10,1.5,0.8,5,100,COMPLETE
7433,7433,16095.75,2023-11-15 14:03:11.915608,2023-11-15 14:03:12.559097,0 days 00:00:00.643489,0.8,10,1.25,0.8,16,41,COMPLETE
7434,7434,18396.0,2023-11-15 14:03:12.561547,2023-11-15 14:03:13.198333,0 days 00:00:00.636786,0.8,10,1.25,0.9,19,96,COMPLETE
7435,7435,18023.5,2023-11-15 14:03:13.201197,2023-11-15 14:03:13.845868,0 days 00:00:00.644671,0.8,10,1.25,0.8,12,98,COMPLETE
7436,7436,16437.0,2023-11-15 14:03:13.848357,2023-11-15 14:03:14.482445,0 days 00:00:00.634088,0.8,40,1.25,0.8,14,68,COMPLETE
7437,7437,17938.5,2023-11-15 14:03:14.485417,2023-11-15 14:03:15.204343,0 days 00:00:00.718926,0.8,10,1.0,0.8,9,94,COMPLETE
7438,7438,18492.5,2023-11-15 14:03:15.207060,2023-11-15 14:03:15.979149,0 days 00:00:00.772089,0.8,10,1.25,0.8,3,100,COMPLETE
7439,7439,17839.0,2023-11-15 14:03:15.982048,2023-11-15 14:03:16.722282,0 days 00:00:00.740234,0.8,20,1.25,0.8,21,97,COMPLETE
7440,7440,16370.5,2023-11-15 14:03:16.724723,2023-11-15 14:03:17.373346,0 days 00:00:00.648623,0.8,10,1.75,0.8,18,61,COMPLETE
7441,7441,18119.0,2023-11-15 14:03:17.375795,2023-11-15 14:03:18.019346,0 days 00:00:00.643551,0.7000000000000001,10,1.5,0.7000000000000001,16,98,COMPLETE
7442,7442,17837.25,2023-11-15 14:03:18.021832,2023-11-15 14:03:18.661902,0 days 00:00:00.640070,0.8,10,1.25,0.8,25,95,COMPLETE
7443,7443,18492.5,2023-11-15 14:03:18.664269,2023-11-15 14:03:19.309526,0 days 00:00:00.645257,0.8,10,1.25,0.8,7,100,COMPLETE
7444,7444,18223.75,2023-11-15 14:03:19.313650,2023-11-15 14:03:19.967036,0 days 00:00:00.653386,0.7000000000000001,10,1.0,0.8,14,96,COMPLETE
7445,7445,18115.25,2023-11-15 14:03:19.969763,2023-11-15 14:03:20.624800,0 days 00:00:00.655037,0.9,10,1.25,0.9,11,98,COMPLETE
7446,7446,199.5,2023-11-15 14:03:20.627161,2023-11-15 14:03:21.530413,0 days 00:00:00.903252,0.8,10,1.25,0.8,0,99,COMPLETE
7447,7447,18403.75,2023-11-15 14:03:21.533706,2023-11-15 14:03:22.178230,0 days 00:00:00.644524,0.8,10,1.5,0.8,19,97,COMPLETE
7448,7448,18207.75,2023-11-15 14:03:22.180693,2023-11-15 14:03:22.824412,0 days 00:00:00.643719,0.8,10,1.25,0.8,6,93,COMPLETE
7449,7449,18121.5,2023-11-15 14:03:22.826828,2023-11-15 14:03:23.500864,0 days 00:00:00.674036,0.8,10,0.75,0.30000000000000004,4,100,COMPLETE
7450,7450,14883.0,2023-11-15 14:03:23.503560,2023-11-15 14:03:24.153497,0 days 00:00:00.649937,0.8,10,1.25,0.8,17,34,COMPLETE
7451,7451,17830.75,2023-11-15 14:03:24.155909,2023-11-15 14:03:24.798598,0 days 00:00:00.642689,0.8,20,1.25,0.8,21,98,COMPLETE
7452,7452,18022.25,2023-11-15 14:03:24.801641,2023-11-15 14:03:25.452635,0 days 00:00:00.650994,0.8,10,1.25,0.6,13,96,COMPLETE
7453,7453,16563.75,2023-11-15 14:03:25.455048,2023-11-15 14:03:26.117176,0 days 00:00:00.662128,0.30000000000000004,10,1.25,0.5,23,100,COMPLETE
7454,7454,18026.0,2023-11-15 14:03:26.119920,2023-11-15 14:03:26.775608,0 days 00:00:00.655688,0.5,10,1.25,0.8,10,98,COMPLETE
7455,7455,17740.75,2023-11-15 14:03:26.778525,2023-11-15 14:03:27.426735,0 days 00:00:00.648210,0.8,10,1.0,0.7000000000000001,16,95,COMPLETE
7456,7456,18305.75,2023-11-15 14:03:27.429126,2023-11-15 14:03:28.074136,0 days 00:00:00.645010,0.8,10,1.5,0.8,19,100,COMPLETE
7457,7457,18014.5,2023-11-15 14:03:28.076870,2023-11-15 14:03:28.731392,0 days 00:00:00.654522,0.7000000000000001,20,1.25,0.9,8,97,COMPLETE
7458,7458,18023.5,2023-11-15 14:03:28.734169,2023-11-15 14:03:29.384107,0 days 00:00:00.649938,0.8,10,1.25,0.8,2,98,COMPLETE
