,number,value,datetime_start,datetime_complete,duration,params_alpha,params_decay_interval,params_decay_rate,params_gamma,params_initialization,params_max_steps,state
4417,4417,9346.0,2023-11-15 11:00:02.345252,2023-11-15 11:00:02.854174,0 days 00:00:00.508922,0.2,10,1.25,0.4,2,140,COMPLETE
4418,4418,19246.25,2023-11-15 11:00:02.857195,2023-11-15 11:00:03.346861,0 days 00:00:00.489666,0.2,10,0.75,0.8,7,148,COMPLETE
4419,4419,19261.0,2023-11-15 11:00:03.349115,2023-11-15 11:00:03.874103,0 days 00:00:00.524988,0.1,10,1.0,0.7000000000000001,0,150,COMPLETE
4420,4420,18394.75,2023-11-15 11:00:03.876662,2023-11-15 11:00:04.378580,0 days 00:00:00.501918,0.2,20,0.75,0.9,4,143,COMPLETE
4421,4421,19292.25,2023-11-15 11:00:04.380554,2023-11-15 11:00:04.920786,0 days 00:00:00.540232,0.2,10,0.75,0.9,2,145,COMPLETE
4422,4422,19064.75,2023-11-15 11:00:04.922797,2023-11-15 11:00:05.339144,0 days 00:00:00.416347,0.2,10,0.75,0.9,0,139,COMPLETE
4423,4423,19261.0,2023-11-15 11:00:05.340856,2023-11-15 11:00:05.761469,0 days 00:00:00.420613,0.1,10,0.5,0.9,4,147,COMPLETE
4424,4424,18973.0,2023-11-15 11:00:05.763237,2023-11-15 11:00:06.179153,0 days 00:00:00.415916,0.2,10,0.75,0.9,2,141,COMPLETE
4425,4425,18553.75,2023-11-15 11:00:06.181385,2023-11-15 11:00:06.607373,0 days 00:00:00.425988,0.2,10,0.75,0.8,6,100,COMPLETE
4426,4426,19261.0,2023-11-15 11:00:06.609093,2023-11-15 11:00:07.027766,0 days 00:00:00.418673,0.30000000000000004,10,1.25,0.9,0,144,COMPLETE
4427,4427,18198.0,2023-11-15 11:00:07.029501,2023-11-15 11:00:07.446728,0 days 00:00:00.417227,0.2,20,1.0,0.9,3,133,COMPLETE
4428,4428,13087.25,2023-11-15 11:00:07.448588,2023-11-15 11:00:07.920456,0 days 00:00:00.471868,0.2,10,0.75,0.6,86,150,COMPLETE
4429,4429,19314.5,2023-11-15 11:00:07.922486,2023-11-15 11:00:08.355627,0 days 00:00:00.433141,0.1,10,0.75,0.9,2,145,COMPLETE
4430,4430,18601.25,2023-11-15 11:00:08.357335,2023-11-15 11:00:08.781159,0 days 00:00:00.423824,0.2,10,0.75,0.9,5,127,COMPLETE
4431,4431,19014.75,2023-11-15 11:00:08.783422,2023-11-15 11:00:09.205757,0 days 00:00:00.422335,0.2,10,1.0,0.9,8,147,COMPLETE
4432,4432,18989.0,2023-11-15 11:00:09.207487,2023-11-15 11:00:09.624784,0 days 00:00:00.417297,0.2,10,0.75,0.9,12,137,COMPLETE
4433,4433,19171.5,2023-11-15 11:00:09.626516,2023-11-15 11:00:10.048765,0 days 00:00:00.422249,0.2,10,0.75,0.9,0,141,COMPLETE
4434,4434,19192.0,2023-11-15 11:00:10.051102,2023-11-15 11:00:10.469589,0 days 00:00:00.418487,0.1,10,0.75,0.9,4,148,COMPLETE
4435,4435,18343.75,2023-11-15 11:00:10.472254,2023-11-15 11:00:10.884548,0 days 00:00:00.412294,0.2,10,0.5,0.9,2,44,COMPLETE
4436,4436,19261.0,2023-11-15 11:00:10.886500,2023-11-15 11:00:11.309225,0 days 00:00:00.422725,0.2,10,0.75,0.9,0,143,COMPLETE
4437,4437,18805.25,2023-11-15 11:00:11.310946,2023-11-15 11:00:11.767742,0 days 00:00:00.456796,0.1,10,0.25,0.9,6,150,COMPLETE
4438,4438,18829.5,2023-11-15 11:00:11.770293,2023-11-15 11:00:12.192511,0 days 00:00:00.422218,0.2,10,0.75,0.8,2,145,COMPLETE
4439,4439,16195.0,2023-11-15 11:00:12.194493,2023-11-15 11:00:12.638512,0 days 00:00:00.444019,0.6,20,0.75,0.9,0,141,COMPLETE
4440,4440,19261.0,2023-11-15 11:00:12.640431,2023-11-15 11:00:13.049832,0 days 00:00:00.409401,0.30000000000000004,10,1.0,0.9,4,147,COMPLETE
4441,4441,4780.25,2023-11-15 11:00:13.051994,2023-11-15 11:00:13.608213,0 days 00:00:00.556219,0.2,10,1.25,0.5,2,138,COMPLETE
4442,4442,15478.0,2023-11-15 11:00:13.610071,2023-11-15 11:00:14.052387,0 days 00:00:00.442316,0.2,10,0.75,0.30000000000000004,4,144,COMPLETE
4443,4443,19261.0,2023-11-15 11:00:14.054170,2023-11-15 11:00:14.468423,0 days 00:00:00.414253,0.2,10,0.5,0.4,0,147,COMPLETE
4444,4444,6167.5,2023-11-15 11:00:14.470144,2023-11-15 11:00:15.012114,0 days 00:00:00.541970,0.1,10,1.5,0.7000000000000001,45,143,COMPLETE
4445,4445,19261.0,2023-11-15 11:00:15.013821,2023-11-15 11:00:15.432521,0 days 00:00:00.418700,0.2,10,0.75,0.9,7,147,COMPLETE
4446,4446,14795.5,2023-11-15 11:00:15.434970,2023-11-15 11:00:15.879078,0 days 00:00:00.444108,0.2,70,0.75,0.9,10,150,COMPLETE
4447,4447,19006.5,2023-11-15 11:00:15.880954,2023-11-15 11:00:16.303310,0 days 00:00:00.422356,0.2,10,0.75,0.9,2,139,COMPLETE
4448,4448,18016.25,2023-11-15 11:00:16.305581,2023-11-15 11:00:16.729986,0 days 00:00:00.424405,0.30000000000000004,20,1.0,0.8,5,142,COMPLETE
4449,4449,11149.5,2023-11-15 11:00:16.731735,2023-11-15 11:00:17.214051,0 days 00:00:00.482316,0.1,10,0.75,0.9,93,135,COMPLETE
4450,4450,13133.5,2023-11-15 11:00:17.215896,2023-11-15 11:00:17.656483,0 days 00:00:00.440587,0.2,90,0.75,0.6,0,94,COMPLETE
4451,4451,19313.25,2023-11-15 11:00:17.658208,2023-11-15 11:00:18.082958,0 days 00:00:00.424750,0.2,10,0.75,0.9,3,145,COMPLETE
4452,4452,19201.25,2023-11-15 11:00:18.085080,2023-11-15 11:00:18.539935,0 days 00:00:00.454855,0.2,10,0.75,0.9,2,148,COMPLETE
4453,4453,19261.0,2023-11-15 11:00:18.542397,2023-11-15 11:00:19.041387,0 days 00:00:00.498990,0.1,10,2.0,0.2,0,141,COMPLETE
4454,4454,19262.25,2023-11-15 11:00:19.043328,2023-11-15 11:00:19.531772,0 days 00:00:00.488444,0.2,10,0.75,0.9,6,145,COMPLETE
4455,4455,19270.75,2023-11-15 11:00:19.534348,2023-11-15 11:00:19.951347,0 days 00:00:00.416999,0.30000000000000004,10,1.25,0.9,3,148,COMPLETE
4456,4456,18995.0,2023-11-15 11:00:19.953471,2023-11-15 11:00:20.393038,0 days 00:00:00.439567,0.2,10,0.25,0.9,2,150,COMPLETE
4457,4457,17027.25,2023-11-15 11:00:20.394799,2023-11-15 11:00:20.838594,0 days 00:00:00.443795,0.2,10,0.75,0.8,79,143,COMPLETE
4458,4458,19161.25,2023-11-15 11:00:20.840415,2023-11-15 11:00:21.271748,0 days 00:00:00.431333,0.2,10,1.0,0.9,0,139,COMPLETE
4459,4459,18067.5,2023-11-15 11:00:21.274002,2023-11-15 11:00:21.703971,0 days 00:00:00.429969,0.4,20,0.75,0.9,5,145,COMPLETE
4460,4460,16251.75,2023-11-15 11:00:21.706083,2023-11-15 11:00:22.168505,0 days 00:00:00.462422,0.5,10,0.5,0.9,8,147,COMPLETE
4461,4461,11512.25,2023-11-15 11:00:22.170237,2023-11-15 11:00:22.661856,0 days 00:00:00.491619,0.1,10,0.75,0.1,4,143,COMPLETE
4462,4462,18973.0,2023-11-15 11:00:22.663554,2023-11-15 11:00:23.108366,0 days 00:00:00.444812,0.2,10,0.75,0.9,2,141,COMPLETE
4463,4463,19270.0,2023-11-15 11:00:23.110113,2023-11-15 11:00:23.533307,0 days 00:00:00.423194,0.2,10,1.25,0.9,0,145,COMPLETE
4464,4464,19082.5,2023-11-15 11:00:23.535751,2023-11-15 11:00:23.961638,0 days 00:00:00.425887,0.2,10,0.75,0.9,2,150,COMPLETE
4465,4465,19161.25,2023-11-15 11:00:23.963304,2023-11-15 11:00:24.385734,0 days 00:00:00.422430,0.1,10,0.75,0.9,4,137,COMPLETE
4466,4466,19261.0,2023-11-15 11:00:24.387776,2023-11-15 11:00:24.805756,0 days 00:00:00.417980,0.2,10,1.0,0.6,0,147,COMPLETE
4467,4467,14323.0,2023-11-15 11:00:24.807867,2023-11-15 11:00:25.276924,0 days 00:00:00.469057,0.2,20,0.75,0.7000000000000001,38,141,COMPLETE
4468,4468,19262.25,2023-11-15 11:00:25.278893,2023-11-15 11:00:25.697042,0 days 00:00:00.418149,0.2,10,0.75,0.9,6,145,COMPLETE
4469,4469,18687.75,2023-11-15 11:00:25.698901,2023-11-15 11:00:26.167385,0 days 00:00:00.468484,0.2,10,0.75,0.9,3,131,COMPLETE
4470,4470,19261.0,2023-11-15 11:00:26.169722,2023-11-15 11:00:26.615718,0 days 00:00:00.445996,0.1,10,1.0,0.8,0,150,COMPLETE
4471,4471,17534.75,2023-11-15 11:00:26.617919,2023-11-15 11:00:27.052160,0 days 00:00:00.434241,0.2,10,0.5,0.5,9,143,COMPLETE
4472,4472,19261.0,2023-11-15 11:00:27.053877,2023-11-15 11:00:27.476626,0 days 00:00:00.422749,0.2,10,0.75,0.9,2,147,COMPLETE
4473,4473,18659.5,2023-11-15 11:00:27.478615,2023-11-15 11:00:27.903156,0 days 00:00:00.424541,0.1,10,0.75,0.9,4,121,COMPLETE
4474,4474,18968.25,2023-11-15 11:00:27.904880,2023-11-15 11:00:28.329729,0 days 00:00:00.424849,0.2,10,1.25,0.9,7,139,COMPLETE
4475,4475,18967.0,2023-11-15 11:00:28.331567,2023-11-15 11:00:28.747335,0 days 00:00:00.415768,0.30000000000000004,10,0.75,0.9,2,135,COMPLETE
4476,4476,19261.0,2023-11-15 11:00:28.749023,2023-11-15 11:00:29.170285,0 days 00:00:00.421262,0.2,10,0.75,0.9,0,143,COMPLETE
4477,4477,19359.75,2023-11-15 11:00:29.172056,2023-11-15 11:00:29.591268,0 days 00:00:00.419212,0.2,10,1.0,0.9,5,148,COMPLETE
4478,4478,18454.25,2023-11-15 11:00:29.593009,2023-11-15 11:00:30.038382,0 days 00:00:00.445373,0.1,20,0.75,0.9,2,145,COMPLETE
4479,4479,19261.0,2023-11-15 11:00:30.040184,2023-11-15 11:00:30.467853,0 days 00:00:00.427669,0.2,10,0.75,0.8,0,150,COMPLETE
4480,4480,18973.0,2023-11-15 11:00:30.469609,2023-11-15 11:00:30.877425,0 days 00:00:00.407816,0.2,10,0.75,0.9,4,141,COMPLETE
4481,4481,19265.0,2023-11-15 11:00:30.879315,2023-11-15 11:00:31.296462,0 days 00:00:00.417147,0.2,10,0.5,0.9,2,145,COMPLETE
4482,4482,19261.0,2023-11-15 11:00:31.298229,2023-11-15 11:00:31.715678,0 days 00:00:00.417449,0.2,10,0.75,0.9,6,147,COMPLETE
4483,4483,19161.25,2023-11-15 11:00:31.718223,2023-11-15 11:00:32.138533,0 days 00:00:00.420310,0.1,10,0.75,0.4,0,138,COMPLETE
4484,4484,18795.0,2023-11-15 11:00:32.140278,2023-11-15 11:00:32.576776,0 days 00:00:00.436498,0.2,10,0.25,0.9,4,143,COMPLETE
4485,4485,16570.25,2023-11-15 11:00:32.578480,2023-11-15 11:00:33.060145,0 days 00:00:00.481665,0.2,50,1.25,0.9,2,147,COMPLETE
4486,4486,18394.75,2023-11-15 11:00:33.062201,2023-11-15 11:00:33.659897,0 days 00:00:00.597696,0.2,20,0.75,0.8,0,141,COMPLETE
4487,4487,18884.25,2023-11-15 11:00:33.662200,2023-11-15 11:00:34.168386,0 days 00:00:00.506186,0.2,10,0.75,0.9,7,150,COMPLETE
4488,4488,19350.75,2023-11-15 11:00:34.170464,2023-11-15 11:00:34.592385,0 days 00:00:00.421921,0.1,10,0.75,0.9,3,145,COMPLETE
4489,4489,17645.0,2023-11-15 11:00:34.594133,2023-11-15 11:00:35.025357,0 days 00:00:00.431224,0.2,30,1.0,0.9,0,143,COMPLETE
4490,4490,19261.0,2023-11-15 11:00:35.027187,2023-11-15 11:00:35.444272,0 days 00:00:00.417085,0.30000000000000004,10,0.75,0.9,14,147,COMPLETE
4491,4491,19006.5,2023-11-15 11:00:35.446042,2023-11-15 11:00:35.869955,0 days 00:00:00.423913,0.2,10,0.75,0.9,2,139,COMPLETE
4492,4492,19111.25,2023-11-15 11:00:35.871749,2023-11-15 11:00:36.287852,0 days 00:00:00.416103,0.2,10,0.75,0.9,5,150,COMPLETE
4493,4493,19170.25,2023-11-15 11:00:36.289662,2023-11-15 11:00:36.708517,0 days 00:00:00.418855,0.1,10,1.0,0.9,9,145,COMPLETE
4494,4494,18973.0,2023-11-15 11:00:36.710611,2023-11-15 11:00:37.137331,0 days 00:00:00.426720,0.2,10,0.75,0.9,2,141,COMPLETE
4495,4495,19261.0,2023-11-15 11:00:37.139055,2023-11-15 11:00:37.571010,0 days 00:00:00.431955,0.2,10,0.75,0.7000000000000001,4,147,COMPLETE
4496,4496,19261.0,2023-11-15 11:00:37.572723,2023-11-15 11:00:37.985654,0 days 00:00:00.412931,0.4,10,1.25,0.8,0,143,COMPLETE
4497,4497,13709.75,2023-11-15 11:00:37.987392,2023-11-15 11:00:38.480459,0 days 00:00:00.493067,0.7000000000000001,10,0.5,0.5,2,137,COMPLETE
4498,4498,15819.0,2023-11-15 11:00:38.482406,2023-11-15 11:00:38.931253,0 days 00:00:00.448847,0.30000000000000004,60,1.0,0.9,6,148,COMPLETE
4499,4499,18307.25,2023-11-15 11:00:38.933544,2023-11-15 11:00:39.359738,0 days 00:00:00.426194,0.2,20,0.75,0.9,4,108,COMPLETE
4500,4500,18903.5,2023-11-15 11:00:39.361528,2023-11-15 11:00:39.793661,0 days 00:00:00.432133,0.1,10,0.75,0.9,22,145,COMPLETE
4501,4501,17393.5,2023-11-15 11:00:39.795469,2023-11-15 11:00:40.210771,0 days 00:00:00.415302,0.2,10,0.75,0.9,0,22,COMPLETE
4502,4502,19049.0,2023-11-15 11:00:40.212909,2023-11-15 11:00:40.633013,0 days 00:00:00.420104,0.2,10,0.75,0.9,2,140,COMPLETE
4503,4503,18686.75,2023-11-15 11:00:40.636717,2023-11-15 11:00:41.066958,0 days 00:00:00.430241,0.2,10,0.75,0.9,11,150,COMPLETE
4504,4504,18783.5,2023-11-15 11:00:41.068979,2023-11-15 11:00:41.532357,0 days 00:00:00.463378,0.1,10,0.25,0.9,8,143,COMPLETE
4505,4505,19261.0,2023-11-15 11:00:41.534401,2023-11-15 11:00:41.962564,0 days 00:00:00.428163,0.2,10,0.75,0.9,0,147,COMPLETE
4506,4506,18897.75,2023-11-15 11:00:41.964336,2023-11-15 11:00:42.396070,0 days 00:00:00.431734,0.2,10,0.75,0.8,4,145,COMPLETE
4507,4507,18953.25,2023-11-15 11:00:42.397926,2023-11-15 11:00:42.823553,0 days 00:00:00.425627,0.2,10,1.0,0.9,2,141,COMPLETE
4508,4508,19064.25,2023-11-15 11:00:42.825316,2023-11-15 11:00:43.244946,0 days 00:00:00.419630,0.1,10,0.75,0.9,6,135,COMPLETE
4509,4509,18554.5,2023-11-15 11:00:43.246670,2023-11-15 11:00:43.670027,0 days 00:00:00.423357,0.2,20,0.75,0.9,0,147,COMPLETE
4510,4510,18680.5,2023-11-15 11:00:43.672293,2023-11-15 11:00:44.094434,0 days 00:00:00.422141,0.2,10,0.5,0.9,3,143,COMPLETE
4511,4511,19163.5,2023-11-15 11:00:44.096444,2023-11-15 11:00:44.521829,0 days 00:00:00.425385,0.2,10,1.25,0.9,2,150,COMPLETE
4512,4512,18818.25,2023-11-15 11:00:44.523852,2023-11-15 11:00:44.974915,0 days 00:00:00.451063,0.2,10,0.75,0.9,4,139,COMPLETE
4513,4513,19317.5,2023-11-15 11:00:44.976682,2023-11-15 11:00:45.393217,0 days 00:00:00.416535,0.30000000000000004,10,0.75,0.9,0,145,COMPLETE
4514,4514,19261.0,2023-11-15 11:00:45.394995,2023-11-15 11:00:45.817267,0 days 00:00:00.422272,0.1,10,1.0,0.8,6,147,COMPLETE
4515,4515,19051.5,2023-11-15 11:00:45.819261,2023-11-15 11:00:46.250848,0 days 00:00:00.431587,0.2,10,0.75,0.9,2,142,COMPLETE
4516,4516,18588.25,2023-11-15 11:00:46.252908,2023-11-15 11:00:46.685255,0 days 00:00:00.432347,0.2,20,0.75,0.9,0,145,COMPLETE
4517,4517,11882.75,2023-11-15 11:00:46.687175,2023-11-15 11:00:47.189077,0 days 00:00:00.501902,0.1,10,0.75,0.5,4,150,COMPLETE
4518,4518,18994.75,2023-11-15 11:00:47.190994,2023-11-15 11:00:47.616333,0 days 00:00:00.425339,0.2,10,0.5,0.9,2,138,COMPLETE
4519,4519,17926.0,2023-11-15 11:00:47.618604,2023-11-15 11:00:48.125201,0 days 00:00:00.506597,0.2,10,1.0,0.7000000000000001,8,143,COMPLETE
4520,4520,19261.0,2023-11-15 11:00:48.127249,2023-11-15 11:00:48.586012,0 days 00:00:00.458763,0.2,10,1.25,0.9,0,147,COMPLETE
4521,4521,19166.5,2023-11-15 11:00:48.588086,2023-11-15 11:00:49.038246,0 days 00:00:00.450160,0.2,10,1.5,0.9,5,148,COMPLETE
4522,4522,18972.0,2023-11-15 11:00:49.040409,2023-11-15 11:00:49.504884,0 days 00:00:00.464475,0.1,10,0.75,0.9,2,141,COMPLETE
4523,4523,13253.25,2023-11-15 11:00:49.506768,2023-11-15 11:00:49.981717,0 days 00:00:00.474949,0.2,10,0.75,0.6,29,145,COMPLETE
4524,4524,13023.5,2023-11-15 11:00:49.983918,2023-11-15 11:00:50.453218,0 days 00:00:00.469300,0.2,100,0.75,0.9,4,150,COMPLETE
4525,4525,19261.0,2023-11-15 11:00:50.455122,2023-11-15 11:00:50.881627,0 days 00:00:00.426505,0.2,10,0.75,0.30000000000000004,0,143,COMPLETE
4526,4526,18744.75,2023-11-15 11:00:50.884075,2023-11-15 11:00:51.314725,0 days 00:00:00.430650,0.30000000000000004,10,0.75,0.9,2,136,COMPLETE
4527,4527,18122.25,2023-11-15 11:00:51.316960,2023-11-15 11:00:51.743476,0 days 00:00:00.426516,0.2,20,1.0,0.9,6,88,COMPLETE
4528,4528,17885.5,2023-11-15 11:00:51.745412,2023-11-15 11:00:52.179845,0 days 00:00:00.434433,0.5,10,0.75,0.8,3,104,COMPLETE
4529,4529,19261.0,2023-11-15 11:00:52.181573,2023-11-15 11:00:52.624628,0 days 00:00:00.443055,0.1,10,0.75,0.9,0,140,COMPLETE
4530,4530,19261.0,2023-11-15 11:00:52.626362,2023-11-15 11:00:53.044374,0 days 00:00:00.418012,0.2,10,0.75,0.9,2,147,COMPLETE
4531,4531,18779.25,2023-11-15 11:00:53.046563,2023-11-15 11:00:53.483460,0 days 00:00:00.436897,0.2,10,0.25,0.9,5,145,COMPLETE
4532,4532,18974.25,2023-11-15 11:00:53.486068,2023-11-15 11:00:53.913113,0 days 00:00:00.427045,0.2,10,0.5,0.9,8,143,COMPLETE
4533,4533,17018.0,2023-11-15 11:00:53.914846,2023-11-15 11:00:54.350132,0 days 00:00:00.435286,0.1,40,1.25,0.9,0,148,COMPLETE
4534,4534,18887.0,2023-11-15 11:00:54.352365,2023-11-15 11:00:54.779886,0 days 00:00:00.427521,0.2,10,0.75,0.8,4,140,COMPLETE
4535,4535,19359.75,2023-11-15 11:00:54.781609,2023-11-15 11:00:55.215008,0 days 00:00:00.433399,0.30000000000000004,10,0.75,0.9,2,145,COMPLETE
4536,4536,19067.75,2023-11-15 11:00:55.217104,2023-11-15 11:00:55.646750,0 days 00:00:00.429646,0.2,10,0.75,0.9,0,132,COMPLETE
4537,4537,13944.0,2023-11-15 11:00:55.648535,2023-11-15 11:00:56.176377,0 days 00:00:00.527842,0.2,80,1.0,0.9,3,150,COMPLETE
4538,4538,0.0,2023-11-15 11:00:56.178276,2023-11-15 11:00:56.597722,0 days 00:00:00.419446,0.1,10,0.75,0.9,6,13,COMPLETE
4539,4539,16641.75,2023-11-15 11:00:56.599924,2023-11-15 11:00:57.055521,0 days 00:00:00.455597,0.2,10,0.75,0.4,10,143,COMPLETE
4540,4540,19261.0,2023-11-15 11:00:57.057696,2023-11-15 11:00:57.483025,0 days 00:00:00.425329,0.2,10,0.75,0.9,2,147,COMPLETE
4541,4541,18277.75,2023-11-15 11:00:57.485277,2023-11-15 11:00:57.903864,0 days 00:00:00.418587,0.2,20,1.0,0.7000000000000001,0,139,COMPLETE
4542,4542,10745.75,2023-11-15 11:00:57.905626,2023-11-15 11:00:58.417745,0 days 00:00:00.512119,0.1,10,0.75,0.30000000000000004,4,145,COMPLETE
4543,4543,18865.75,2023-11-15 11:00:58.419535,2023-11-15 11:00:58.838640,0 days 00:00:00.419105,0.2,10,0.75,0.8,2,150,COMPLETE
4544,4544,19073.0,2023-11-15 11:00:58.840744,2023-11-15 11:00:59.257187,0 days 00:00:00.416443,0.2,10,1.25,0.9,7,142,COMPLETE
4545,4545,19261.0,2023-11-15 11:00:59.259551,2023-11-15 11:00:59.695614,0 days 00:00:00.436063,0.2,10,0.75,0.9,0,147,COMPLETE
4546,4546,18890.0,2023-11-15 11:00:59.697437,2023-11-15 11:01:00.122752,0 days 00:00:00.425315,0.2,10,0.75,0.9,4,136,COMPLETE
4547,4547,18063.5,2023-11-15 11:01:00.124561,2023-11-15 11:01:00.563278,0 days 00:00:00.438717,0.1,10,0.75,0.6,2,145,COMPLETE
4548,4548,18227.25,2023-11-15 11:01:00.565169,2023-11-15 11:01:01.003514,0 days 00:00:00.438345,0.2,20,0.5,0.9,0,141,COMPLETE
4549,4549,19261.0,2023-11-15 11:01:01.005371,2023-11-15 11:01:01.419180,0 days 00:00:00.413809,0.2,10,0.75,0.9,5,147,COMPLETE
4550,4550,18992.75,2023-11-15 11:01:01.421060,2023-11-15 11:01:01.854642,0 days 00:00:00.433582,0.2,10,0.75,0.9,2,143,COMPLETE
4551,4551,7573.0,2023-11-15 11:01:01.856400,2023-11-15 11:01:02.387393,0 days 00:00:00.530993,0.30000000000000004,10,1.0,0.9,61,138,COMPLETE
4552,4552,19163.5,2023-11-15 11:01:02.389168,2023-11-15 11:01:02.807021,0 days 00:00:00.417853,0.2,10,1.25,0.9,4,150,COMPLETE
4553,4553,18330.5,2023-11-15 11:01:02.808801,2023-11-15 11:01:03.349124,0 days 00:00:00.540323,0.4,10,0.75,0.8,7,145,COMPLETE
4554,4554,19261.0,2023-11-15 11:01:03.351972,2023-11-15 11:01:03.845565,0 days 00:00:00.493593,0.1,10,0.75,0.9,0,147,COMPLETE
4555,4555,18973.0,2023-11-15 11:01:03.847974,2023-11-15 11:01:04.353725,0 days 00:00:00.505751,0.2,10,0.75,0.9,2,141,COMPLETE
4556,4556,15782.25,2023-11-15 11:01:04.355930,2023-11-15 11:01:04.831453,0 days 00:00:00.475523,0.6,10,0.5,0.9,4,143,COMPLETE
4557,4557,19278.5,2023-11-15 11:01:04.833428,2023-11-15 11:01:05.265018,0 days 00:00:00.431590,0.2,10,1.0,0.9,2,148,COMPLETE
4558,4558,19359.75,2023-11-15 11:01:05.266969,2023-11-15 11:01:05.695133,0 days 00:00:00.428164,0.2,10,0.75,0.9,0,145,COMPLETE
4559,4559,16292.0,2023-11-15 11:01:05.696822,2023-11-15 11:01:06.151404,0 days 00:00:00.454582,0.1,10,0.25,0.5,6,150,COMPLETE
4560,4560,15305.0,2023-11-15 11:01:06.153219,2023-11-15 11:01:06.614855,0 days 00:00:00.461636,0.2,20,0.75,0.4,2,140,COMPLETE
4561,4561,19261.0,2023-11-15 11:01:06.617006,2023-11-15 11:01:07.059674,0 days 00:00:00.442668,0.30000000000000004,10,0.75,0.9,12,147,COMPLETE
4562,4562,19261.0,2023-11-15 11:01:07.061458,2023-11-15 11:01:07.495297,0 days 00:00:00.433839,0.2,10,0.75,0.9,0,143,COMPLETE
4563,4563,19170.25,2023-11-15 11:01:07.497019,2023-11-15 11:01:07.930221,0 days 00:00:00.433202,0.1,10,1.0,0.9,9,145,COMPLETE
4564,4564,3246.5,2023-11-15 11:01:07.932021,2023-11-15 11:01:08.530933,0 days 00:00:00.598912,0.2,30,1.25,0.9,90,137,COMPLETE
4565,4565,0.0,2023-11-15 11:01:08.533131,2023-11-15 11:01:08.930293,0 days 00:00:00.397162,0.2,10,0.75,0.8,4,1,COMPLETE
4566,4566,18404.75,2023-11-15 11:01:08.933023,2023-11-15 11:01:09.367281,0 days 00:00:00.434258,0.2,20,0.75,0.9,2,148,COMPLETE
4567,4567,19066.25,2023-11-15 11:01:09.369573,2023-11-15 11:01:09.805102,0 days 00:00:00.435529,0.2,10,0.75,0.9,6,140,COMPLETE
4568,4568,19166.0,2023-11-15 11:01:09.807010,2023-11-15 11:01:10.230839,0 days 00:00:00.423829,0.1,10,0.75,0.9,3,143,COMPLETE
4569,4569,18883.25,2023-11-15 11:01:10.232885,2023-11-15 11:01:10.666808,0 days 00:00:00.433923,0.2,10,1.5,0.9,0,134,COMPLETE
4570,4570,12433.5,2023-11-15 11:01:10.668938,2023-11-15 11:01:11.175196,0 days 00:00:00.506258,0.2,10,0.5,0.1,4,147,COMPLETE
4571,4571,14207.5,2023-11-15 11:01:11.177059,2023-11-15 11:01:11.661359,0 days 00:00:00.484300,0.9,10,1.0,0.9,0,150,COMPLETE
4572,4572,17055.0,2023-11-15 11:01:11.663362,2023-11-15 11:01:12.108867,0 days 00:00:00.445505,0.2,10,0.75,0.6,2,143,COMPLETE
4573,4573,19261.0,2023-11-15 11:01:12.111344,2023-11-15 11:01:12.540284,0 days 00:00:00.428940,0.2,10,0.75,0.9,7,147,COMPLETE
4574,4574,18972.0,2023-11-15 11:01:12.542066,2023-11-15 11:01:12.969463,0 days 00:00:00.427397,0.1,10,0.75,0.9,2,141,COMPLETE
4575,4575,17283.5,2023-11-15 11:01:12.971850,2023-11-15 11:01:13.423386,0 days 00:00:00.451536,0.30000000000000004,10,0.75,0.7000000000000001,25,145,COMPLETE
4576,4576,18999.25,2023-11-15 11:01:13.425258,2023-11-15 11:01:13.845639,0 days 00:00:00.420381,0.2,10,1.0,0.9,36,150,COMPLETE
4577,4577,14580.0,2023-11-15 11:01:13.848025,2023-11-15 11:01:14.313479,0 days 00:00:00.465454,0.2,10,0.5,0.2,5,138,COMPLETE
4578,4578,19359.75,2023-11-15 11:01:14.315287,2023-11-15 11:01:14.840275,0 days 00:00:00.524988,0.2,10,1.25,0.8,0,145,COMPLETE
4579,4579,18394.75,2023-11-15 11:01:14.841996,2023-11-15 11:01:15.276176,0 days 00:00:00.434180,0.1,20,0.75,0.9,4,141,COMPLETE
4580,4580,19261.0,2023-11-15 11:01:15.278240,2023-11-15 11:01:15.707554,0 days 00:00:00.429314,0.2,10,0.75,0.9,2,147,COMPLETE
4581,4581,12948.25,2023-11-15 11:01:15.709331,2023-11-15 11:01:16.185161,0 days 00:00:00.475830,0.2,90,0.75,0.9,57,144,COMPLETE
4582,4582,19271.0,2023-11-15 11:01:16.186933,2023-11-15 11:01:16.609222,0 days 00:00:00.422289,0.1,10,0.75,0.9,0,148,COMPLETE
4583,4583,18600.25,2023-11-15 11:01:16.610990,2023-11-15 11:01:17.039565,0 days 00:00:00.428575,0.2,10,0.75,0.9,8,48,COMPLETE
4584,4584,19050.0,2023-11-15 11:01:17.042233,2023-11-15 11:01:17.475826,0 days 00:00:00.433593,0.2,10,1.0,0.9,3,143,COMPLETE
4585,4585,17023.25,2023-11-15 11:01:17.477586,2023-11-15 11:01:17.910498,0 days 00:00:00.432912,0.2,20,1.25,0.7000000000000001,5,139,COMPLETE
