,number,value,datetime_start,datetime_complete,duration,params_alpha,params_decay_interval,params_decay_rate,params_gamma,params_initialization,params_max_steps,state
9407,9407,16543.25,2023-11-15 13:07:44.009381,2023-11-15 13:07:44.805504,0 days 00:00:00.796123,0.8,10,3.0,0.9,23,63,COMPLETE
9408,9408,17382.25,2023-11-15 13:07:44.808469,2023-11-15 13:07:45.617565,0 days 00:00:00.809096,0.8,10,2.25,0.9,30,69,COMPLETE
9409,9409,17935.25,2023-11-15 13:07:45.620514,2023-11-15 13:07:46.400139,0 days 00:00:00.779625,0.8,10,3.0,0.5,16,72,COMPLETE
9410,9410,17185.5,2023-11-15 13:07:46.403060,2023-11-15 13:07:47.194062,0 days 00:00:00.791002,0.8,20,3.0,0.9,19,77,COMPLETE
9411,9411,17455.75,2023-11-15 13:07:47.197035,2023-11-15 13:07:47.986723,0 days 00:00:00.789688,0.7000000000000001,10,2.5,0.9,21,68,COMPLETE
9412,9412,19260.75,2023-11-15 13:07:47.989534,2023-11-15 13:07:48.784426,0 days 00:00:00.794892,0.8,10,2.75,0.9,17,71,COMPLETE
9413,9413,17753.0,2023-11-15 13:07:48.787233,2023-11-15 13:07:49.579621,0 days 00:00:00.792388,0.8,10,3.0,0.4,24,74,COMPLETE
9414,9414,17369.25,2023-11-15 13:07:49.582348,2023-11-15 13:07:50.489975,0 days 00:00:00.907627,0.8,10,3.0,0.9,14,79,COMPLETE
9415,9415,16742.0,2023-11-15 13:07:50.493237,2023-11-15 13:07:51.383851,0 days 00:00:00.890614,0.9,10,2.75,0.30000000000000004,22,64,COMPLETE
9416,9416,17115.5,2023-11-15 13:07:51.386584,2023-11-15 13:07:52.254918,0 days 00:00:00.868334,0.8,10,3.0,0.9,12,69,COMPLETE
9417,9417,18682.0,2023-11-15 13:07:52.257697,2023-11-15 13:07:53.099157,0 days 00:00:00.841460,0.8,10,3.0,0.9,19,75,COMPLETE
9418,9418,18122.5,2023-11-15 13:07:53.101923,2023-11-15 13:07:53.935828,0 days 00:00:00.833905,0.8,10,3.0,0.9,26,72,COMPLETE
9419,9419,16091.25,2023-11-15 13:07:53.938988,2023-11-15 13:07:54.794451,0 days 00:00:00.855463,0.8,20,3.0,0.9,17,66,COMPLETE
9420,9420,17825.5,2023-11-15 13:07:54.798378,2023-11-15 13:07:55.657316,0 days 00:00:00.858938,0.8,10,2.75,0.9,8,70,COMPLETE
9421,9421,17831.25,2023-11-15 13:07:55.661277,2023-11-15 13:07:56.507730,0 days 00:00:00.846453,0.8,10,3.0,0.8,21,81,COMPLETE
9422,9422,16553.5,2023-11-15 13:07:56.511222,2023-11-15 13:07:57.362428,0 days 00:00:00.851206,0.7000000000000001,10,3.0,0.9,15,61,COMPLETE
9423,9423,17738.25,2023-11-15 13:07:57.365301,2023-11-15 13:07:58.224326,0 days 00:00:00.859025,0.6,10,3.0,0.9,19,74,COMPLETE
9424,9424,17922.25,2023-11-15 13:07:58.228413,2023-11-15 13:07:59.148581,0 days 00:00:00.920168,0.8,10,1.25,0.9,23,67,COMPLETE
9425,9425,18305.0,2023-11-15 13:07:59.152293,2023-11-15 13:08:00.037183,0 days 00:00:00.884890,0.9,10,3.0,0.9,18,77,COMPLETE
9426,9426,19260.75,2023-11-15 13:08:00.040313,2023-11-15 13:08:00.898212,0 days 00:00:00.857899,0.8,10,2.75,0.9,20,71,COMPLETE
9427,9427,17115.5,2023-11-15 13:08:00.901687,2023-11-15 13:08:01.792193,0 days 00:00:00.890506,0.8,10,3.0,0.9,25,69,COMPLETE
9428,9428,16635.0,2023-11-15 13:08:01.795558,2023-11-15 13:08:02.730764,0 days 00:00:00.935206,0.8,20,2.75,0.9,16,73,COMPLETE
9429,9429,16719.5,2023-11-15 13:08:02.733591,2023-11-15 13:08:03.641209,0 days 00:00:00.907618,0.8,10,3.0,0.9,65,66,COMPLETE
9430,9430,14134.25,2023-11-15 13:08:03.644647,2023-11-15 13:08:04.641092,0 days 00:00:00.996445,0.1,10,2.5,0.9,22,76,COMPLETE
9431,9431,18122.5,2023-11-15 13:08:04.645288,2023-11-15 13:08:06.012637,0 days 00:00:01.367349,0.8,10,3.0,0.9,12,72,COMPLETE
9432,9432,17014.0,2023-11-15 13:08:06.028010,2023-11-15 13:08:07.607439,0 days 00:00:01.579429,0.8,10,3.0,0.9,28,64,COMPLETE
9433,9433,17645.0,2023-11-15 13:08:07.611085,2023-11-15 13:08:08.472250,0 days 00:00:00.861165,0.8,10,3.0,0.7000000000000001,18,68,COMPLETE
9434,9434,17927.25,2023-11-15 13:08:08.476054,2023-11-15 13:08:09.402575,0 days 00:00:00.926521,0.5,10,3.0,0.9,21,79,COMPLETE
9435,9435,19260.75,2023-11-15 13:08:09.405657,2023-11-15 13:08:10.393948,0 days 00:00:00.988291,0.8,10,2.75,0.9,24,71,COMPLETE
9436,9436,18679.5,2023-11-15 13:08:10.402133,2023-11-15 13:08:11.522462,0 days 00:00:01.120329,0.7000000000000001,10,3.0,0.9,16,75,COMPLETE
9437,9437,14654.0,2023-11-15 13:08:11.525817,2023-11-15 13:08:12.414488,0 days 00:00:00.888671,0.4,10,2.75,0.9,88,58,COMPLETE
9438,9438,15812.0,2023-11-15 13:08:12.417430,2023-11-15 13:08:13.315835,0 days 00:00:00.898405,0.8,20,3.0,0.9,20,68,COMPLETE
9439,9439,16009.5,2023-11-15 13:08:13.318761,2023-11-15 13:08:14.206039,0 days 00:00:00.887278,0.8,10,2.75,0.9,14,38,COMPLETE
9440,9440,17931.25,2023-11-15 13:08:14.209441,2023-11-15 13:08:15.090517,0 days 00:00:00.881076,0.8,10,3.0,0.8,18,72,COMPLETE
9441,9441,17014.0,2023-11-15 13:08:15.093584,2023-11-15 13:08:15.973978,0 days 00:00:00.880394,0.8,10,3.0,0.9,21,64,COMPLETE
9442,9442,16375.5,2023-11-15 13:08:15.977466,2023-11-15 13:08:16.841265,0 days 00:00:00.863799,0.8,30,2.0,0.9,24,75,COMPLETE
9443,9443,18297.75,2023-11-15 13:08:16.844283,2023-11-15 13:08:17.702487,0 days 00:00:00.858204,0.8,10,2.25,0.9,10,70,COMPLETE
9444,9444,17835.5,2023-11-15 13:08:17.705241,2023-11-15 13:08:18.596543,0 days 00:00:00.891302,0.8,10,3.0,0.9,16,83,COMPLETE
9445,9445,12156.5,2023-11-15 13:08:18.599528,2023-11-15 13:08:19.494731,0 days 00:00:00.895203,0.8,100,3.0,0.9,23,66,COMPLETE
9446,9446,18017.5,2023-11-15 13:08:19.498566,2023-11-15 13:08:21.017980,0 days 00:00:01.519414,0.9,10,3.0,0.6,27,73,COMPLETE
9447,9447,17730.75,2023-11-15 13:08:21.023963,2023-11-15 13:08:22.043330,0 days 00:00:01.019367,0.8,10,2.5,0.9,20,78,COMPLETE
9448,9448,17115.5,2023-11-15 13:08:22.047529,2023-11-15 13:08:23.811318,0 days 00:00:01.763789,0.8,10,2.75,0.9,18,69,COMPLETE
9449,9449,16190.0,2023-11-15 13:08:23.814187,2023-11-15 13:08:24.876961,0 days 00:00:01.062774,0.8,10,3.0,0.2,14,62,COMPLETE
9450,9450,17546.5,2023-11-15 13:08:24.880038,2023-11-15 13:08:26.116661,0 days 00:00:01.236623,0.7000000000000001,10,3.0,0.9,22,74,COMPLETE
9451,9451,15899.75,2023-11-15 13:08:26.120615,2023-11-15 13:08:27.314298,0 days 00:00:01.193683,0.8,20,3.0,0.9,19,68,COMPLETE
9452,9452,19260.75,2023-11-15 13:08:27.318074,2023-11-15 13:08:28.428698,0 days 00:00:01.110624,0.8,10,3.0,0.8,16,71,COMPLETE
9453,9453,18305.0,2023-11-15 13:08:28.431485,2023-11-15 13:08:29.565714,0 days 00:00:01.134229,0.9,10,2.75,0.9,22,77,COMPLETE
9454,9454,14952.75,2023-11-15 13:08:29.570137,2023-11-15 13:08:30.696015,0 days 00:00:01.125878,0.2,10,3.0,0.9,26,66,COMPLETE
9455,9455,15671.75,2023-11-15 13:08:30.699312,2023-11-15 13:08:31.642702,0 days 00:00:00.943390,0.8,10,0.25,0.9,17,72,COMPLETE
9456,9456,17115.5,2023-11-15 13:08:31.645930,2023-11-15 13:08:32.536408,0 days 00:00:00.890478,0.8,10,3.0,0.9,12,69,COMPLETE
9457,9457,18682.0,2023-11-15 13:08:32.539236,2023-11-15 13:08:33.453100,0 days 00:00:00.913864,0.8,10,2.75,0.9,31,75,COMPLETE
9458,9458,16754.25,2023-11-15 13:08:33.457241,2023-11-15 13:08:34.441879,0 days 00:00:00.984638,0.8,20,3.0,0.1,19,80,COMPLETE
9459,9459,19260.75,2023-11-15 13:08:34.447267,2023-11-15 13:08:35.965075,0 days 00:00:01.517808,0.8,10,3.0,0.9,14,71,COMPLETE
9460,9460,16815.75,2023-11-15 13:08:35.968721,2023-11-15 13:08:37.021107,0 days 00:00:01.052386,0.8,10,0.5,0.9,24,64,COMPLETE
9461,9461,17920.75,2023-11-15 13:08:37.024186,2023-11-15 13:08:38.120220,0 days 00:00:01.096034,0.8,10,3.0,0.9,21,74,COMPLETE
9462,9462,17917.0,2023-11-15 13:08:38.123117,2023-11-15 13:08:39.184216,0 days 00:00:01.061099,0.8,10,2.75,0.9,5,67,COMPLETE
9463,9463,17829.75,2023-11-15 13:08:39.188766,2023-11-15 13:08:40.277520,0 days 00:00:01.088754,0.7000000000000001,10,3.0,0.9,17,70,COMPLETE
9464,9464,17560.0,2023-11-15 13:08:40.280736,2023-11-15 13:08:41.845086,0 days 00:00:01.564350,0.8,10,2.5,0.8,20,76,COMPLETE
9465,9465,17186.0,2023-11-15 13:08:41.847897,2023-11-15 13:08:42.763972,0 days 00:00:00.916075,0.8,10,3.0,0.9,23,73,COMPLETE
9466,9466,17547.25,2023-11-15 13:08:42.767710,2023-11-15 13:08:43.717722,0 days 00:00:00.950012,0.8,10,3.0,0.9,15,68,COMPLETE
9467,9467,19260.75,2023-11-15 13:08:43.720541,2023-11-15 13:08:44.621114,0 days 00:00:00.900573,0.8,10,2.75,0.9,18,71,COMPLETE
9468,9468,16812.25,2023-11-15 13:08:44.624168,2023-11-15 13:08:45.579057,0 days 00:00:00.954889,0.8,10,3.0,0.9,42,61,COMPLETE
9469,9469,12043.0,2023-11-15 13:08:45.583458,2023-11-15 13:08:46.475558,0 days 00:00:00.892100,0.8,90,3.0,0.9,26,78,COMPLETE
9470,9470,13369.25,2023-11-15 13:08:46.478678,2023-11-15 13:08:47.351897,0 days 00:00:00.873219,0.8,50,3.0,0.9,20,65,COMPLETE
9471,9471,17369.5,2023-11-15 13:08:47.355147,2023-11-15 13:08:48.217105,0 days 00:00:00.861958,0.8,10,2.75,0.9,22,73,COMPLETE
9472,9472,16617.75,2023-11-15 13:08:48.220327,2023-11-15 13:08:49.104937,0 days 00:00:00.884610,0.8,20,3.0,0.9,13,69,COMPLETE
9473,9473,17183.75,2023-11-15 13:08:49.108375,2023-11-15 13:08:49.967572,0 days 00:00:00.859197,0.9,10,3.0,0.9,17,76,COMPLETE
9474,9474,11781.25,2023-11-15 13:08:49.971016,2023-11-15 13:08:51.095172,0 days 00:00:01.124156,0.8,70,3.0,0.8,25,67,COMPLETE
9475,9475,18215.25,2023-11-15 13:08:51.115053,2023-11-15 13:08:52.310169,0 days 00:00:01.195116,0.8,10,2.75,0.9,29,72,COMPLETE
9476,9476,17825.5,2023-11-15 13:08:52.313466,2023-11-15 13:08:53.299131,0 days 00:00:00.985665,0.8,10,3.0,0.9,15,70,COMPLETE
9477,9477,17014.0,2023-11-15 13:08:53.302046,2023-11-15 13:08:54.261123,0 days 00:00:00.959077,0.8,10,3.0,0.9,19,64,COMPLETE
9478,9478,17920.75,2023-11-15 13:08:54.265362,2023-11-15 13:08:55.135325,0 days 00:00:00.869963,0.8,10,2.75,0.9,23,74,COMPLETE
9479,9479,17739.5,2023-11-15 13:08:55.138226,2023-11-15 13:08:56.008968,0 days 00:00:00.870742,0.8,10,3.0,0.9,21,81,COMPLETE
9480,9480,17920.5,2023-11-15 13:08:56.012299,2023-11-15 13:08:56.877613,0 days 00:00:00.865314,0.7000000000000001,10,3.0,0.9,18,67,COMPLETE
9481,9481,16898.75,2023-11-15 13:08:56.880467,2023-11-15 13:08:57.738190,0 days 00:00:00.857723,0.8,20,3.0,0.9,72,76,COMPLETE
9482,9482,17116.5,2023-11-15 13:08:57.742220,2023-11-15 13:08:58.599665,0 days 00:00:00.857445,0.30000000000000004,10,2.75,0.9,16,71,COMPLETE
9483,9483,17383.0,2023-11-15 13:08:58.603018,2023-11-15 13:08:59.486051,0 days 00:00:00.883033,0.8,10,2.25,0.9,19,69,COMPLETE
9484,9484,17369.5,2023-11-15 13:08:59.488829,2023-11-15 13:09:00.361991,0 days 00:00:00.873162,0.8,10,3.0,0.9,21,73,COMPLETE
9485,9485,16719.5,2023-11-15 13:09:00.365654,2023-11-15 13:09:01.213247,0 days 00:00:00.847593,0.8,10,3.0,0.9,24,66,COMPLETE
9486,9486,17369.25,2023-11-15 13:09:01.216010,2023-11-15 13:09:02.086925,0 days 00:00:00.870915,0.8,10,3.0,0.9,11,79,COMPLETE
9487,9487,17828.0,2023-11-15 13:09:02.089664,2023-11-15 13:09:02.956514,0 days 00:00:00.866850,0.8,10,2.5,0.9,14,74,COMPLETE
9488,9488,16711.25,2023-11-15 13:09:02.959542,2023-11-15 13:09:03.841295,0 days 00:00:00.881753,0.8,10,3.0,0.9,18,62,COMPLETE
9489,9489,18012.75,2023-11-15 13:09:03.845056,2023-11-15 13:09:04.695535,0 days 00:00:00.850479,0.9,10,2.75,0.9,22,70,COMPLETE
9490,9490,16923.25,2023-11-15 13:09:04.698924,2023-11-15 13:09:05.640482,0 days 00:00:00.941558,0.8,10,3.0,0.9,47,76,COMPLETE
9491,9491,17368.0,2023-11-15 13:09:05.644406,2023-11-15 13:09:06.578280,0 days 00:00:00.933874,0.8,20,3.0,0.8,27,72,COMPLETE
9492,9492,17547.25,2023-11-15 13:09:06.581293,2023-11-15 13:09:07.475433,0 days 00:00:00.894140,0.8,10,2.75,0.9,16,68,COMPLETE
9493,9493,17217.25,2023-11-15 13:09:07.478891,2023-11-15 13:09:08.336287,0 days 00:00:00.857396,0.8,10,3.0,0.5,20,65,COMPLETE
9494,9494,17360.25,2023-11-15 13:09:08.339281,2023-11-15 13:09:09.198126,0 days 00:00:00.858845,0.8,10,3.0,0.9,25,78,COMPLETE
9495,9495,13502.25,2023-11-15 13:09:09.201534,2023-11-15 13:09:10.087557,0 days 00:00:00.886023,0.7000000000000001,60,3.0,0.9,17,71,COMPLETE
9496,9496,17920.75,2023-11-15 13:09:10.090696,2023-11-15 13:09:10.973826,0 days 00:00:00.883130,0.8,10,2.75,0.9,13,74,COMPLETE
9497,9497,17745.25,2023-11-15 13:09:10.977213,2023-11-15 13:09:11.839346,0 days 00:00:00.862133,0.9,10,3.0,0.9,23,68,COMPLETE
9498,9498,19260.75,2023-11-15 13:09:11.842336,2023-11-15 13:09:12.706291,0 days 00:00:00.863955,0.8,10,3.0,0.9,19,71,COMPLETE
9499,9499,16923.25,2023-11-15 13:09:12.709338,2023-11-15 13:09:13.585526,0 days 00:00:00.876188,0.8,10,3.0,0.9,21,76,COMPLETE
9500,9500,16467.75,2023-11-15 13:09:13.588907,2023-11-15 13:09:14.489762,0 days 00:00:00.900855,0.5,10,2.5,0.9,15,60,COMPLETE
9501,9501,16091.75,2023-11-15 13:09:14.493148,2023-11-15 13:09:15.349606,0 days 00:00:00.856458,0.8,20,2.75,0.9,18,66,COMPLETE
9502,9502,17833.75,2023-11-15 13:09:15.352294,2023-11-15 13:09:16.205597,0 days 00:00:00.853303,0.8,10,3.0,0.9,23,83,COMPLETE
9503,9503,17369.5,2023-11-15 13:09:16.208544,2023-11-15 13:09:17.053947,0 days 00:00:00.845403,0.8,10,3.0,0.9,20,73,COMPLETE
9504,9504,17115.5,2023-11-15 13:09:17.056913,2023-11-15 13:09:17.950457,0 days 00:00:00.893544,0.8,10,2.75,0.9,16,69,COMPLETE
9505,9505,16661.0,2023-11-15 13:09:17.953193,2023-11-15 13:09:18.799823,0 days 00:00:00.846630,0.8,10,3.0,0.8,25,64,COMPLETE
9506,9506,17833.0,2023-11-15 13:09:18.803266,2023-11-15 13:09:19.698597,0 days 00:00:00.895331,0.8,10,3.0,0.9,21,80,COMPLETE
9507,9507,19260.75,2023-11-15 13:09:19.702299,2023-11-15 13:09:20.745175,0 days 00:00:01.042876,0.8,10,3.0,0.9,18,71,COMPLETE
9508,9508,18682.0,2023-11-15 13:09:20.748541,2023-11-15 13:09:21.826234,0 days 00:00:01.077693,0.8,10,3.0,0.9,28,75,COMPLETE
9509,9509,17549.5,2023-11-15 13:09:21.829403,2023-11-15 13:09:22.673281,0 days 00:00:00.843878,0.7000000000000001,10,3.0,0.9,15,68,COMPLETE
9510,9510,14720.0,2023-11-15 13:09:22.677207,2023-11-15 13:09:23.545560,0 days 00:00:00.868353,0.8,40,2.75,0.9,11,73,COMPLETE
9511,9511,16280.75,2023-11-15 13:09:23.548392,2023-11-15 13:09:24.406058,0 days 00:00:00.857666,0.8,20,3.0,0.9,22,78,COMPLETE
9512,9512,17825.5,2023-11-15 13:09:24.409137,2023-11-15 13:09:25.285531,0 days 00:00:00.876394,0.8,10,3.0,0.9,19,70,COMPLETE
9513,9513,16543.25,2023-11-15 13:09:25.288274,2023-11-15 13:09:26.154903,0 days 00:00:00.866629,0.8,10,2.75,0.9,17,63,COMPLETE
9514,9514,16809.75,2023-11-15 13:09:26.157689,2023-11-15 13:09:27.026513,0 days 00:00:00.868824,0.9,10,3.0,0.8,24,66,COMPLETE
9515,9515,18682.0,2023-11-15 13:09:27.029851,2023-11-15 13:09:27.888757,0 days 00:00:00.858906,0.8,10,2.5,0.9,13,75,COMPLETE
9516,9516,18122.5,2023-11-15 13:09:27.891904,2023-11-15 13:09:28.764033,0 days 00:00:00.872129,0.8,10,3.0,0.9,21,72,COMPLETE
9517,9517,16802.75,2023-11-15 13:09:28.767211,2023-11-15 13:09:29.597580,0 days 00:00:00.830369,0.8,10,3.0,0.9,20,29,COMPLETE
9518,9518,17547.25,2023-11-15 13:09:29.601081,2023-11-15 13:09:30.461521,0 days 00:00:00.860440,0.8,10,3.0,0.9,17,68,COMPLETE
9519,9519,17825.5,2023-11-15 13:09:30.464415,2023-11-15 13:09:31.312007,0 days 00:00:00.847592,0.8,10,2.75,0.9,26,70,COMPLETE
9520,9520,18026.0,2023-11-15 13:09:31.315044,2023-11-15 13:09:32.200824,0 days 00:00:00.885780,0.8,10,3.0,0.9,23,77,COMPLETE
9521,9521,17188.25,2023-11-15 13:09:32.203680,2023-11-15 13:09:33.067150,0 days 00:00:00.863470,0.8,10,3.0,0.9,9,73,COMPLETE
9522,9522,16719.5,2023-11-15 13:09:33.069934,2023-11-15 13:09:33.924628,0 days 00:00:00.854694,0.8,10,2.75,0.9,15,66,COMPLETE
9523,9523,16619.0,2023-11-15 13:09:33.928611,2023-11-15 13:09:34.907911,0 days 00:00:00.979300,0.7000000000000001,20,3.0,0.9,19,69,COMPLETE
9524,9524,18682.0,2023-11-15 13:09:34.915559,2023-11-15 13:09:35.972342,0 days 00:00:01.056783,0.8,10,3.0,0.9,22,75,COMPLETE
9525,9525,19164.5,2023-11-15 13:09:35.975337,2023-11-15 13:09:37.012022,0 days 00:00:01.036685,0.8,10,2.25,0.8,13,71,COMPLETE
9526,9526,16928.25,2023-11-15 13:09:37.015481,2023-11-15 13:09:37.874139,0 days 00:00:00.858658,0.8,10,2.5,0.9,17,64,COMPLETE
9527,9527,17369.5,2023-11-15 13:09:37.877682,2023-11-15 13:09:38.749476,0 days 00:00:00.871794,0.8,10,3.0,0.9,20,73,COMPLETE
9528,9528,16619.5,2023-11-15 13:09:38.752226,2023-11-15 13:09:39.605079,0 days 00:00:00.852853,0.8,10,2.75,0.9,24,57,COMPLETE
9529,9529,17745.25,2023-11-15 13:09:39.608705,2023-11-15 13:09:40.503450,0 days 00:00:00.894745,0.9,10,3.0,0.9,18,68,COMPLETE
9530,9530,17833.0,2023-11-15 13:09:40.506435,2023-11-15 13:09:41.367409,0 days 00:00:00.860974,0.8,10,3.0,0.9,15,80,COMPLETE
9531,9531,16898.75,2023-11-15 13:09:41.370157,2023-11-15 13:09:42.238226,0 days 00:00:00.868069,0.8,20,2.75,0.9,29,76,COMPLETE
9532,9532,19260.75,2023-11-15 13:09:42.241760,2023-11-15 13:09:43.147148,0 days 00:00:00.905388,0.8,10,3.0,0.9,22,71,COMPLETE
9533,9533,17917.0,2023-11-15 13:09:43.151520,2023-11-15 13:09:44.058420,0 days 00:00:00.906900,0.8,10,3.0,0.9,20,67,COMPLETE
9534,9534,16714.0,2023-11-15 13:09:44.061844,2023-11-15 13:09:44.907971,0 days 00:00:00.846127,0.7000000000000001,10,3.0,0.9,26,62,COMPLETE
9535,9535,17369.5,2023-11-15 13:09:44.912163,2023-11-15 13:09:45.768910,0 days 00:00:00.856747,0.8,10,3.0,0.9,17,73,COMPLETE
9536,9536,17115.5,2023-11-15 13:09:45.771662,2023-11-15 13:09:46.617665,0 days 00:00:00.846003,0.8,10,2.75,0.9,19,69,COMPLETE
9537,9537,17546.25,2023-11-15 13:09:46.620600,2023-11-15 13:09:47.489523,0 days 00:00:00.868923,0.8,10,3.0,0.8,51,78,COMPLETE
9538,9538,17920.75,2023-11-15 13:09:47.492799,2023-11-15 13:09:48.353320,0 days 00:00:00.860521,0.8,10,3.0,0.9,34,74,COMPLETE
9539,9539,19260.75,2023-11-15 13:09:48.356207,2023-11-15 13:09:49.216564,0 days 00:00:00.860357,0.8,10,3.0,0.9,23,71,COMPLETE
9540,9540,17654.5,2023-11-15 13:09:49.219731,2023-11-15 13:09:50.181031,0 days 00:00:00.961300,0.8,10,2.75,0.9,16,65,COMPLETE
9541,9541,18584.25,2023-11-15 13:09:50.184392,2023-11-15 13:09:51.225831,0 days 00:00:01.041439,0.8,10,3.0,0.9,13,85,COMPLETE
9542,9542,16451.0,2023-11-15 13:09:51.230808,2023-11-15 13:09:52.253714,0 days 00:00:01.022906,0.9,20,3.0,0.7000000000000001,21,76,COMPLETE
9543,9543,17547.25,2023-11-15 13:09:52.257264,2023-11-15 13:09:53.117001,0 days 00:00:00.859737,0.8,10,3.0,0.9,18,68,COMPLETE
9544,9544,18215.25,2023-11-15 13:09:53.119866,2023-11-15 13:09:53.981882,0 days 00:00:00.862016,0.8,10,2.75,0.9,24,72,COMPLETE
9545,9545,17115.5,2023-11-15 13:09:53.985116,2023-11-15 13:09:54.834481,0 days 00:00:00.849365,0.8,10,3.0,0.9,20,69,COMPLETE
9546,9546,16719.5,2023-11-15 13:09:54.837327,2023-11-15 13:09:55.736291,0 days 00:00:00.898964,0.8,10,3.0,0.9,14,66,COMPLETE
9547,9547,17920.75,2023-11-15 13:09:55.739905,2023-11-15 13:09:56.599326,0 days 00:00:00.859421,0.8,10,2.75,0.9,27,74,COMPLETE
9548,9548,18017.0,2023-11-15 13:09:56.602251,2023-11-15 13:09:57.461563,0 days 00:00:00.859312,0.8,10,3.0,0.6,22,78,COMPLETE
9549,9549,16726.25,2023-11-15 13:09:57.464529,2023-11-15 13:09:58.338569,0 days 00:00:00.874040,0.8,10,3.0,0.9,16,61,COMPLETE
9550,9550,18392.25,2023-11-15 13:09:58.341354,2023-11-15 13:09:59.221696,0 days 00:00:00.880342,0.6,20,3.0,0.9,11,71,COMPLETE
9551,9551,18682.0,2023-11-15 13:09:59.224448,2023-11-15 13:10:00.063748,0 days 00:00:00.839300,0.8,10,2.5,0.9,19,75,COMPLETE
9552,9552,17014.0,2023-11-15 13:10:00.067285,2023-11-15 13:10:00.946961,0 days 00:00:00.879676,0.8,10,3.0,0.9,24,64,COMPLETE
9553,9553,18489.0,2023-11-15 13:10:00.949676,2023-11-15 13:10:01.804610,0 days 00:00:00.854934,0.7000000000000001,10,2.0,0.9,18,81,COMPLETE
9554,9554,17922.5,2023-11-15 13:10:01.807569,2023-11-15 13:10:02.687943,0 days 00:00:00.880374,0.8,10,2.75,0.8,21,70,COMPLETE
9555,9555,18972.75,2023-11-15 13:10:02.691062,2023-11-15 13:10:03.540150,0 days 00:00:00.849088,0.8,10,3.0,0.9,15,113,COMPLETE
9556,9556,17455.75,2023-11-15 13:10:03.544246,2023-11-15 13:10:04.394632,0 days 00:00:00.850386,0.9,10,3.0,0.9,25,67,COMPLETE
9557,9557,17369.5,2023-11-15 13:10:04.397804,2023-11-15 13:10:05.460168,0 days 00:00:01.062364,0.8,10,2.75,0.9,17,73,COMPLETE
9558,9558,17016.25,2023-11-15 13:10:05.464650,2023-11-15 13:10:06.453777,0 days 00:00:00.989127,0.8,10,3.0,0.9,32,76,COMPLETE
9559,9559,17829.75,2023-11-15 13:10:06.456777,2023-11-15 13:10:07.307017,0 days 00:00:00.850240,0.7000000000000001,10,3.0,0.9,20,70,COMPLETE
9560,9560,16278.75,2023-11-15 13:10:07.310558,2023-11-15 13:10:08.167972,0 days 00:00:00.857414,0.8,20,3.0,0.4,22,66,COMPLETE
9561,9561,18493.25,2023-11-15 13:10:08.171069,2023-11-15 13:10:09.015454,0 days 00:00:00.844385,0.8,10,2.5,0.9,15,72,COMPLETE
9562,9562,15271.5,2023-11-15 13:10:09.018334,2023-11-15 13:10:09.922387,0 days 00:00:00.904053,0.2,10,3.0,0.9,18,69,COMPLETE
9563,9563,17920.75,2023-11-15 13:10:09.925273,2023-11-15 13:10:10.804181,0 days 00:00:00.878908,0.8,10,2.75,0.9,12,74,COMPLETE
9564,9564,17360.25,2023-11-15 13:10:10.807079,2023-11-15 13:10:11.677771,0 days 00:00:00.870692,0.8,10,3.0,0.9,23,78,COMPLETE
9565,9565,13391.75,2023-11-15 13:10:11.681614,2023-11-15 13:10:12.571784,0 days 00:00:00.890170,0.8,80,2.75,0.9,20,67,COMPLETE
9566,9566,18122.5,2023-11-15 13:10:12.574633,2023-11-15 13:10:13.453194,0 days 00:00:00.878561,0.8,10,3.0,0.9,16,72,COMPLETE
9567,9567,16642.0,2023-11-15 13:10:13.455949,2023-11-15 13:10:14.320323,0 days 00:00:00.864374,0.8,10,3.0,0.8,26,63,COMPLETE
9568,9568,17271.75,2023-11-15 13:10:14.323259,2023-11-15 13:10:15.172996,0 days 00:00:00.849737,0.8,10,3.0,0.9,19,59,COMPLETE
9569,9569,17115.5,2023-11-15 13:10:15.176393,2023-11-15 13:10:16.031589,0 days 00:00:00.855196,0.8,10,3.0,0.9,2,69,COMPLETE
9570,9570,12488.5,2023-11-15 13:10:16.034446,2023-11-15 13:10:16.943953,0 days 00:00:00.909507,0.8,70,2.75,0.9,21,76,COMPLETE
9571,9571,16645.75,2023-11-15 13:10:16.947271,2023-11-15 13:10:17.805672,0 days 00:00:00.858401,0.9,10,3.0,0.9,14,73,COMPLETE
9572,9572,18392.25,2023-11-15 13:10:17.808704,2023-11-15 13:10:18.656853,0 days 00:00:00.848149,0.8,20,3.0,0.9,23,70,COMPLETE
9573,9573,18011.5,2023-11-15 13:10:18.661324,2023-11-15 13:10:19.643413,0 days 00:00:00.982089,0.8,10,3.0,0.8,18,67,COMPLETE
9574,9574,17833.0,2023-11-15 13:10:19.646891,2023-11-15 13:10:20.715634,0 days 00:00:01.068743,0.8,10,3.0,0.9,25,80,COMPLETE
9575,9575,18679.5,2023-11-15 13:10:20.719675,2023-11-15 13:10:21.745094,0 days 00:00:01.025419,0.7000000000000001,10,2.75,0.9,17,75,COMPLETE
9576,9576,17654.5,2023-11-15 13:10:21.747845,2023-11-15 13:10:22.625452,0 days 00:00:00.877607,0.8,10,3.0,0.9,21,65,COMPLETE
9577,9577,19260.75,2023-11-15 13:10:22.629372,2023-11-15 13:10:23.472206,0 days 00:00:00.842834,0.8,10,2.25,0.9,28,71,COMPLETE
