,number,value,datetime_start,datetime_complete,duration,params_alpha,params_decay_interval,params_decay_rate,params_gamma,params_initialization,params_max_steps,state
3400,3400,18207.75,2023-11-15 13:29:34.378100,2023-11-15 13:29:34.777834,0 days 00:00:00.399734,0.8,10,1.25,0.8,16,93,COMPLETE
3401,3401,16916.0,2023-11-15 13:29:34.779506,2023-11-15 13:29:35.217354,0 days 00:00:00.437848,0.7000000000000001,10,1.25,0.9,23,51,COMPLETE
3402,3402,12907.5,2023-11-15 13:29:35.219525,2023-11-15 13:29:35.634416,0 days 00:00:00.414891,0.8,10,1.25,0.6,13,21,COMPLETE
3403,3403,17831.25,2023-11-15 13:29:35.636329,2023-11-15 13:29:36.025574,0 days 00:00:00.389245,0.8,10,1.5,0.8,18,95,COMPLETE
3404,3404,18681.25,2023-11-15 13:29:36.027595,2023-11-15 13:29:36.364437,0 days 00:00:00.336842,0.8,10,1.25,0.8,21,99,COMPLETE
3405,3405,18218.0,2023-11-15 13:29:36.365979,2023-11-15 13:29:36.711136,0 days 00:00:00.345157,0.8,10,1.25,0.8,31,97,COMPLETE
3406,3406,18040.5,2023-11-15 13:29:36.713209,2023-11-15 13:29:37.055442,0 days 00:00:00.342233,0.9,20,1.0,0.8,3,100,COMPLETE
3407,3407,18023.5,2023-11-15 13:29:37.057207,2023-11-15 13:29:37.393875,0 days 00:00:00.336668,0.8,10,1.25,0.8,10,98,COMPLETE
3408,3408,18492.5,2023-11-15 13:29:37.395520,2023-11-15 13:29:37.725232,0 days 00:00:00.329712,0.8,10,1.25,0.8,14,100,COMPLETE
3409,3409,18117.25,2023-11-15 13:29:37.726747,2023-11-15 13:29:38.065867,0 days 00:00:00.339120,0.7000000000000001,10,1.75,0.7000000000000001,19,96,COMPLETE
3410,3410,18023.5,2023-11-15 13:29:38.067395,2023-11-15 13:29:38.400086,0 days 00:00:00.332691,0.8,10,1.25,0.8,8,98,COMPLETE
3411,3411,18399.25,2023-11-15 13:29:38.401821,2023-11-15 13:29:38.760639,0 days 00:00:00.358818,0.8,10,1.25,0.9,17,92,COMPLETE
3412,3412,17831.25,2023-11-15 13:29:38.762242,2023-11-15 13:29:39.102498,0 days 00:00:00.340256,0.8,10,1.5,0.8,12,95,COMPLETE
3413,3413,18218.5,2023-11-15 13:29:39.104247,2023-11-15 13:29:39.439383,0 days 00:00:00.335136,0.9,10,1.25,0.8,6,97,COMPLETE
3414,3414,14767.5,2023-11-15 13:29:39.441675,2023-11-15 13:29:39.778246,0 days 00:00:00.336571,0.8,10,1.0,0.8,15,34,COMPLETE
3415,3415,18492.5,2023-11-15 13:29:39.779913,2023-11-15 13:29:40.112740,0 days 00:00:00.332827,0.8,10,1.25,0.8,20,100,COMPLETE
3416,3416,18023.5,2023-11-15 13:29:40.114813,2023-11-15 13:29:40.450941,0 days 00:00:00.336128,0.8,10,1.25,0.8,3,98,COMPLETE
3417,3417,199.5,2023-11-15 13:29:40.452491,2023-11-15 13:29:41.037280,0 days 00:00:00.584789,0.8,10,1.25,0.8,0,94,COMPLETE
3418,3418,18013.5,2023-11-15 13:29:41.038829,2023-11-15 13:29:41.373236,0 days 00:00:00.334407,0.8,20,1.25,0.8,24,100,COMPLETE
3419,3419,18399.75,2023-11-15 13:29:41.375777,2023-11-15 13:29:41.715921,0 days 00:00:00.340144,0.8,10,1.5,0.8,11,97,COMPLETE
3420,3420,18026.25,2023-11-15 13:29:41.717534,2023-11-15 13:29:42.051721,0 days 00:00:00.334187,0.6,10,1.25,0.8,16,88,COMPLETE
3421,3421,12608.5,2023-11-15 13:29:42.053312,2023-11-15 13:29:42.425946,0 days 00:00:00.372634,0.8,100,1.25,0.9,18,99,COMPLETE
3422,3422,18208.75,2023-11-15 13:29:42.427598,2023-11-15 13:29:42.766145,0 days 00:00:00.338547,0.8,10,1.25,0.7000000000000001,21,96,COMPLETE
3423,3423,18022.0,2023-11-15 13:29:42.767678,2023-11-15 13:29:43.131391,0 days 00:00:00.363713,0.8,10,1.0,0.8,13,98,COMPLETE
3424,3424,16026.0,2023-11-15 13:29:43.132927,2023-11-15 13:29:43.471906,0 days 00:00:00.338979,0.8,10,1.25,0.8,5,47,COMPLETE
3425,3425,18492.5,2023-11-15 13:29:43.473633,2023-11-15 13:29:43.806010,0 days 00:00:00.332377,0.8,10,1.25,0.8,8,100,COMPLETE
3426,3426,17831.25,2023-11-15 13:29:43.808024,2023-11-15 13:29:44.144854,0 days 00:00:00.336830,0.8,10,1.5,0.8,16,95,COMPLETE
3427,3427,18129.25,2023-11-15 13:29:44.146434,2023-11-15 13:29:44.481093,0 days 00:00:00.334659,0.7000000000000001,10,1.0,0.8,18,98,COMPLETE
3428,3428,18492.5,2023-11-15 13:29:44.482920,2023-11-15 13:29:44.822129,0 days 00:00:00.339209,0.8,10,1.25,0.8,14,100,COMPLETE
3429,3429,17839.0,2023-11-15 13:29:44.825038,2023-11-15 13:29:45.157030,0 days 00:00:00.331992,0.8,20,1.25,0.8,3,97,COMPLETE
3430,3430,17747.25,2023-11-15 13:29:45.159016,2023-11-15 13:29:45.493584,0 days 00:00:00.334568,0.8,10,1.25,0.9,22,95,COMPLETE
3431,3431,18023.5,2023-11-15 13:29:45.495246,2023-11-15 13:29:45.875722,0 days 00:00:00.380476,0.8,10,1.25,0.8,9,98,COMPLETE
3432,3432,18210.75,2023-11-15 13:29:45.877520,2023-11-15 13:29:46.213194,0 days 00:00:00.335674,0.8,10,1.75,0.8,19,100,COMPLETE
3433,3433,17565.25,2023-11-15 13:29:46.214823,2023-11-15 13:29:46.557736,0 days 00:00:00.342913,0.4,10,1.5,0.7000000000000001,7,84,COMPLETE
3434,3434,18207.75,2023-11-15 13:29:46.559708,2023-11-15 13:29:46.897895,0 days 00:00:00.338187,0.9,10,1.25,0.8,12,96,COMPLETE
3435,3435,9325.0,2023-11-15 13:29:46.899519,2023-11-15 13:29:47.322095,0 days 00:00:00.422576,0.8,10,1.25,0.8,28,16,COMPLETE
3436,3436,18071.5,2023-11-15 13:29:47.324494,2023-11-15 13:29:47.669168,0 days 00:00:00.344674,0.8,10,1.0,0.9,16,98,COMPLETE
3437,3437,18492.5,2023-11-15 13:29:47.671203,2023-11-15 13:29:48.098633,0 days 00:00:00.427430,0.8,10,1.25,0.8,10,100,COMPLETE
3438,3438,17011.5,2023-11-15 13:29:48.100310,2023-11-15 13:29:48.530294,0 days 00:00:00.429984,0.30000000000000004,20,1.25,0.8,5,93,COMPLETE
3439,3439,18307.75,2023-11-15 13:29:48.532062,2023-11-15 13:29:48.910327,0 days 00:00:00.378265,0.7000000000000001,10,1.25,0.8,20,97,COMPLETE
3440,3440,18681.25,2023-11-15 13:29:48.912177,2023-11-15 13:29:49.240337,0 days 00:00:00.328160,0.8,10,1.25,0.8,14,99,COMPLETE
3441,3441,18270.75,2023-11-15 13:29:49.242628,2023-11-15 13:29:49.583332,0 days 00:00:00.340704,0.8,10,1.0,0.8,25,96,COMPLETE
3442,3442,17641.5,2023-11-15 13:29:49.584914,2023-11-15 13:29:49.924808,0 days 00:00:00.339894,0.8,30,1.5,0.8,1,98,COMPLETE
3443,3443,18212.25,2023-11-15 13:29:49.926704,2023-11-15 13:29:50.267396,0 days 00:00:00.340692,0.8,10,1.25,0.7000000000000001,17,100,COMPLETE
3444,3444,17837.25,2023-11-15 13:29:50.269472,2023-11-15 13:29:50.619031,0 days 00:00:00.349559,0.8,10,1.25,0.8,22,95,COMPLETE
3445,3445,18023.5,2023-11-15 13:29:50.620600,2023-11-15 13:29:50.962237,0 days 00:00:00.341637,0.8,10,1.25,0.8,12,98,COMPLETE
3446,3446,18397.25,2023-11-15 13:29:50.963875,2023-11-15 13:29:51.309971,0 days 00:00:00.346096,0.9,10,1.25,0.8,18,94,COMPLETE
3447,3447,18492.5,2023-11-15 13:29:51.311593,2023-11-15 13:29:51.678569,0 days 00:00:00.366976,0.8,10,1.25,0.8,15,100,COMPLETE
3448,3448,17920.5,2023-11-15 13:29:51.680858,2023-11-15 13:29:52.016171,0 days 00:00:00.335313,0.8,20,1.5,0.8,4,97,COMPLETE
3449,3449,18494.0,2023-11-15 13:29:52.017738,2023-11-15 13:29:52.366874,0 days 00:00:00.349136,0.7000000000000001,10,1.25,0.9,8,98,COMPLETE
3450,3450,18301.75,2023-11-15 13:29:52.368574,2023-11-15 13:29:52.706080,0 days 00:00:00.337506,0.8,10,1.25,0.8,19,96,COMPLETE
3451,3451,18399.0,2023-11-15 13:29:52.708806,2023-11-15 13:29:53.047535,0 days 00:00:00.338729,0.8,10,1.25,0.8,11,100,COMPLETE
3452,3452,17855.5,2023-11-15 13:29:53.049210,2023-11-15 13:29:53.390227,0 days 00:00:00.341017,0.8,10,1.0,0.8,6,91,COMPLETE
3453,3453,18034.0,2023-11-15 13:29:53.392619,2023-11-15 13:29:53.733645,0 days 00:00:00.341026,0.8,10,2.0,0.8,65,98,COMPLETE
3454,3454,18306.25,2023-11-15 13:29:53.735160,2023-11-15 13:29:54.113518,0 days 00:00:00.378358,0.8,10,1.25,0.7000000000000001,14,99,COMPLETE
3455,3455,18490.75,2023-11-15 13:29:54.115137,2023-11-15 13:29:54.454948,0 days 00:00:00.339811,0.8,10,1.5,0.6,2,94,COMPLETE
3456,3456,17230.25,2023-11-15 13:29:54.456759,2023-11-15 13:29:54.809360,0 days 00:00:00.352601,0.5,10,1.25,0.4,17,96,COMPLETE
3457,3457,18492.5,2023-11-15 13:29:54.811112,2023-11-15 13:29:55.171177,0 days 00:00:00.360065,0.8,10,1.25,0.8,20,100,COMPLETE
3458,3458,18402.25,2023-11-15 13:29:55.173402,2023-11-15 13:29:55.515786,0 days 00:00:00.342384,0.8,10,2.75,0.8,16,97,COMPLETE
3459,3459,17833.5,2023-11-15 13:29:55.517619,2023-11-15 13:29:55.864145,0 days 00:00:00.346526,0.9,20,1.25,0.8,21,98,COMPLETE
3460,3460,18399.5,2023-11-15 13:29:55.865646,2023-11-15 13:29:56.201851,0 days 00:00:00.336205,0.8,10,1.25,0.8,23,100,COMPLETE
3461,3461,18300.75,2023-11-15 13:29:56.203738,2023-11-15 13:29:56.538347,0 days 00:00:00.334609,0.8,10,1.25,0.9,10,96,COMPLETE
3462,3462,18023.5,2023-11-15 13:29:56.541237,2023-11-15 13:29:56.885198,0 days 00:00:00.343961,0.8,10,1.25,0.8,13,98,COMPLETE
3463,3463,14463.25,2023-11-15 13:29:56.887642,2023-11-15 13:29:57.225986,0 days 00:00:00.338344,0.8,10,1.5,0.8,3,27,COMPLETE
3464,3464,815.25,2023-11-15 13:29:57.227614,2023-11-15 13:29:57.558132,0 days 00:00:00.330518,0.8,10,1.25,0.2,7,10,COMPLETE
3465,3465,18492.5,2023-11-15 13:29:57.559784,2023-11-15 13:29:57.898560,0 days 00:00:00.338776,0.8,10,1.25,0.8,15,100,COMPLETE
3466,3466,17938.5,2023-11-15 13:29:57.900230,2023-11-15 13:29:58.238592,0 days 00:00:00.338362,0.8,10,1.0,0.8,18,94,COMPLETE
3467,3467,18028.0,2023-11-15 13:29:58.240396,2023-11-15 13:29:58.610829,0 days 00:00:00.370433,0.7000000000000001,10,1.0,0.7000000000000001,4,97,COMPLETE
3468,3468,18681.25,2023-11-15 13:29:58.612732,2023-11-15 13:29:58.953077,0 days 00:00:00.340345,0.8,10,1.25,0.8,12,99,COMPLETE
3469,3469,17947.75,2023-11-15 13:29:58.955627,2023-11-15 13:29:59.327866,0 days 00:00:00.372239,0.8,20,1.25,0.8,17,92,COMPLETE
3470,3470,16939.75,2023-11-15 13:29:59.330450,2023-11-15 13:29:59.770018,0 days 00:00:00.439568,0.8,30,1.75,0.30000000000000004,9,96,COMPLETE
3471,3471,18023.5,2023-11-15 13:29:59.772409,2023-11-15 13:30:00.201612,0 days 00:00:00.429203,0.8,10,1.25,0.8,20,98,COMPLETE
3472,3472,18492.5,2023-11-15 13:30:00.203209,2023-11-15 13:30:00.543544,0 days 00:00:00.340335,0.8,10,1.25,0.8,15,100,COMPLETE
3473,3473,17740.25,2023-11-15 13:30:00.545410,2023-11-15 13:30:00.888547,0 days 00:00:00.343137,0.8,10,1.5,0.9,47,95,COMPLETE
3474,3474,18023.5,2023-11-15 13:30:00.890410,2023-11-15 13:30:01.227158,0 days 00:00:00.336748,0.8,10,1.25,0.8,1,98,COMPLETE
3475,3475,18492.5,2023-11-15 13:30:01.228692,2023-11-15 13:30:01.564028,0 days 00:00:00.335336,0.8,10,1.25,0.8,6,100,COMPLETE
3476,3476,18109.0,2023-11-15 13:30:01.566760,2023-11-15 13:30:01.913866,0 days 00:00:00.347106,0.9,20,1.25,0.8,23,96,COMPLETE
3477,3477,18022.0,2023-11-15 13:30:01.915509,2023-11-15 13:30:02.252591,0 days 00:00:00.337082,0.8,10,1.0,0.8,18,98,COMPLETE
3478,3478,13780.5,2023-11-15 13:30:02.254172,2023-11-15 13:30:02.583712,0 days 00:00:00.329540,0.8,10,1.25,0.8,14,24,COMPLETE
3479,3479,199.5,2023-11-15 13:30:02.585387,2023-11-15 13:30:03.232620,0 days 00:00:00.647233,0.8,10,1.5,0.8,0,98,COMPLETE
3480,3480,18212.25,2023-11-15 13:30:03.234205,2023-11-15 13:30:03.567426,0 days 00:00:00.333221,0.8,10,1.25,0.7000000000000001,10,100,COMPLETE
3481,3481,18410.75,2023-11-15 13:30:03.569005,2023-11-15 13:30:03.913052,0 days 00:00:00.344047,0.8,10,1.25,0.8,21,94,COMPLETE
3482,3482,16110.75,2023-11-15 13:30:03.914850,2023-11-15 13:30:04.259826,0 days 00:00:00.344976,0.8,50,1.25,0.8,5,97,COMPLETE
3483,3483,18358.75,2023-11-15 13:30:04.261556,2023-11-15 13:30:04.592021,0 days 00:00:00.330465,0.7000000000000001,10,1.0,0.8,12,99,COMPLETE
3484,3484,17650.0,2023-11-15 13:30:04.594123,2023-11-15 13:30:04.937714,0 days 00:00:00.343591,0.6,10,1.25,0.9,16,95,COMPLETE
3485,3485,16647.75,2023-11-15 13:30:04.939452,2023-11-15 13:30:05.288100,0 days 00:00:00.348648,0.8,40,1.25,0.8,26,97,COMPLETE
3486,3486,18128.25,2023-11-15 13:30:05.290117,2023-11-15 13:30:05.637253,0 days 00:00:00.347136,0.8,10,1.25,0.8,76,100,COMPLETE
3487,3487,18023.5,2023-11-15 13:30:05.638857,2023-11-15 13:30:05.977825,0 days 00:00:00.338968,0.8,10,1.25,0.8,19,98,COMPLETE
3488,3488,18395.25,2023-11-15 13:30:05.979475,2023-11-15 13:30:06.316480,0 days 00:00:00.337005,0.8,10,1.5,0.8,8,96,COMPLETE
3489,3489,18013.5,2023-11-15 13:30:06.318035,2023-11-15 13:30:06.656663,0 days 00:00:00.338628,0.9,20,1.25,0.9,14,100,COMPLETE
3490,3490,18022.0,2023-11-15 13:30:06.658796,2023-11-15 13:30:07.016213,0 days 00:00:00.357417,0.8,10,1.0,0.8,16,98,COMPLETE
3491,3491,18207.75,2023-11-15 13:30:07.017903,2023-11-15 13:30:07.360399,0 days 00:00:00.342496,0.8,10,1.25,0.8,3,93,COMPLETE
3492,3492,17271.25,2023-11-15 13:30:07.362080,2023-11-15 13:30:07.699263,0 days 00:00:00.337183,0.8,10,1.25,0.8,18,58,COMPLETE
3493,3493,18488.75,2023-11-15 13:30:07.701187,2023-11-15 13:30:08.037769,0 days 00:00:00.336582,0.8,10,1.75,0.8,24,96,COMPLETE
3494,3494,18398.75,2023-11-15 13:30:08.039572,2023-11-15 13:30:08.378757,0 days 00:00:00.339185,0.8,10,1.25,0.7000000000000001,12,99,COMPLETE
3495,3495,18306.5,2023-11-15 13:30:08.380314,2023-11-15 13:30:08.715605,0 days 00:00:00.335291,0.8,10,1.5,0.8,21,100,COMPLETE
3496,3496,18218.5,2023-11-15 13:30:08.717218,2023-11-15 13:30:09.064975,0 days 00:00:00.347757,0.9,10,1.25,0.8,8,97,COMPLETE
3497,3497,17489.75,2023-11-15 13:30:09.066693,2023-11-15 13:30:09.412544,0 days 00:00:00.345851,0.7000000000000001,10,1.25,0.8,6,95,COMPLETE
3498,3498,18022.0,2023-11-15 13:30:09.414104,2023-11-15 13:30:09.787886,0 days 00:00:00.373782,0.8,10,1.0,0.8,19,98,COMPLETE
3499,3499,18306.25,2023-11-15 13:30:09.789903,2023-11-15 13:30:10.227457,0 days 00:00:00.437554,0.8,10,1.25,0.9,16,100,COMPLETE
3500,3500,17830.75,2023-11-15 13:30:10.229433,2023-11-15 13:30:10.656569,0 days 00:00:00.427136,0.8,20,1.25,0.8,2,98,COMPLETE
3501,3501,17399.75,2023-11-15 13:30:10.658560,2023-11-15 13:30:11.091157,0 days 00:00:00.432597,0.8,10,1.5,0.8,93,96,COMPLETE
3502,3502,18207.75,2023-11-15 13:30:11.092986,2023-11-15 13:30:11.561578,0 days 00:00:00.468592,0.8,10,1.25,0.8,10,93,COMPLETE
3503,3503,18308.75,2023-11-15 13:30:11.563671,2023-11-15 13:30:11.916679,0 days 00:00:00.353008,0.8,10,1.25,0.8,58,100,COMPLETE
3504,3504,18023.5,2023-11-15 13:30:11.918232,2023-11-15 13:30:12.258712,0 days 00:00:00.340480,0.8,10,1.25,0.8,13,98,COMPLETE
3505,3505,18208.0,2023-11-15 13:30:12.260328,2023-11-15 13:30:12.602085,0 days 00:00:00.341757,0.7000000000000001,10,0.75,0.8,17,96,COMPLETE
3506,3506,17830.75,2023-11-15 13:30:12.603931,2023-11-15 13:30:12.947759,0 days 00:00:00.343828,0.8,20,1.25,0.8,4,98,COMPLETE
3507,3507,18304.0,2023-11-15 13:30:12.949476,2023-11-15 13:30:13.289888,0 days 00:00:00.340412,0.8,10,1.25,0.7000000000000001,14,100,COMPLETE
3508,3508,18307.0,2023-11-15 13:30:13.292492,2023-11-15 13:30:13.634647,0 days 00:00:00.342155,0.8,10,1.5,0.9,22,94,COMPLETE
3509,3509,18323.25,2023-11-15 13:30:13.636239,2023-11-15 13:30:13.982019,0 days 00:00:00.345780,0.8,10,1.0,0.8,19,97,COMPLETE
3510,3510,18681.25,2023-11-15 13:30:13.983604,2023-11-15 13:30:14.331421,0 days 00:00:00.347817,0.8,10,1.25,0.8,6,99,COMPLETE
3511,3511,18112.5,2023-11-15 13:30:14.333032,2023-11-15 13:30:14.684544,0 days 00:00:00.351512,0.8,10,1.25,0.8,15,95,COMPLETE
3512,3512,18399.0,2023-11-15 13:30:14.686124,2023-11-15 13:30:15.081885,0 days 00:00:00.395761,0.8,10,1.25,0.8,11,100,COMPLETE
3513,3513,18399.75,2023-11-15 13:30:15.083462,2023-11-15 13:30:15.427890,0 days 00:00:00.344428,0.9,10,1.25,0.8,20,90,COMPLETE
3514,3514,199.5,2023-11-15 13:30:15.429796,2023-11-15 13:30:16.031527,0 days 00:00:00.601731,0.8,10,1.5,0.8,0,97,COMPLETE
3515,3515,18023.5,2023-11-15 13:30:16.033470,2023-11-15 13:30:16.377530,0 days 00:00:00.344060,0.8,10,1.25,0.8,17,98,COMPLETE
3516,3516,17670.25,2023-11-15 13:30:16.379370,2023-11-15 13:30:16.728228,0 days 00:00:00.348858,0.4,10,1.0,0.8,8,96,COMPLETE
3517,3517,18398.25,2023-11-15 13:30:16.730518,2023-11-15 13:30:17.069653,0 days 00:00:00.339135,0.8,10,1.25,0.8,13,100,COMPLETE
3518,3518,16548.5,2023-11-15 13:30:17.071217,2023-11-15 13:30:17.419346,0 days 00:00:00.348129,0.8,10,1.25,0.8,22,64,COMPLETE
3519,3519,17839.0,2023-11-15 13:30:17.420988,2023-11-15 13:30:17.764960,0 days 00:00:00.343972,0.8,20,1.25,0.9,5,97,COMPLETE
3520,3520,18399.25,2023-11-15 13:30:17.766654,2023-11-15 13:30:18.112800,0 days 00:00:00.346146,0.8,10,1.25,0.8,18,92,COMPLETE
3521,3521,18681.25,2023-11-15 13:30:18.114348,2023-11-15 13:30:18.457764,0 days 00:00:00.343416,0.8,10,1.25,0.8,10,99,COMPLETE
3522,3522,14669.25,2023-11-15 13:30:18.459400,2023-11-15 13:30:18.820723,0 days 00:00:00.361323,0.8,70,1.25,0.7000000000000001,3,98,COMPLETE
3523,3523,17833.75,2023-11-15 13:30:18.822585,2023-11-15 13:30:19.195296,0 days 00:00:00.372711,0.7000000000000001,10,2.0,0.8,15,95,COMPLETE
3524,3524,18401.0,2023-11-15 13:30:19.196870,2023-11-15 13:30:19.545177,0 days 00:00:00.348307,0.8,10,1.0,0.8,25,100,COMPLETE
3525,3525,16185.75,2023-11-15 13:30:19.547459,2023-11-15 13:30:19.913581,0 days 00:00:00.366122,0.30000000000000004,10,1.5,0.5,20,98,COMPLETE
3526,3526,15028.75,2023-11-15 13:30:19.915182,2023-11-15 13:30:20.285858,0 days 00:00:00.370676,0.1,20,1.75,0.8,7,96,COMPLETE
3527,3527,18399.0,2023-11-15 13:30:20.288250,2023-11-15 13:30:20.625415,0 days 00:00:00.337165,0.8,10,1.25,0.8,17,100,COMPLETE
3528,3528,16198.0,2023-11-15 13:30:20.628140,2023-11-15 13:30:20.979860,0 days 00:00:00.351720,0.9,10,1.25,0.7000000000000001,13,61,COMPLETE
3529,3529,18486.25,2023-11-15 13:30:20.981497,2023-11-15 13:30:21.329708,0 days 00:00:00.348211,0.8,10,1.25,0.8,11,94,COMPLETE
3530,3530,18023.5,2023-11-15 13:30:21.331378,2023-11-15 13:30:21.687321,0 days 00:00:00.355943,0.8,10,1.25,0.8,2,98,COMPLETE
3531,3531,18218.0,2023-11-15 13:30:21.688986,2023-11-15 13:30:22.030585,0 days 00:00:00.341599,0.8,10,1.25,0.8,23,97,COMPLETE
3532,3532,18400.5,2023-11-15 13:30:22.032127,2023-11-15 13:30:22.401205,0 days 00:00:00.369078,0.8,10,1.5,0.9,17,100,COMPLETE
3533,3533,18023.5,2023-11-15 13:30:22.403706,2023-11-15 13:30:22.818163,0 days 00:00:00.414457,0.8,10,1.25,0.8,33,98,COMPLETE
3534,3534,18300.75,2023-11-15 13:30:22.819964,2023-11-15 13:30:23.303083,0 days 00:00:00.483119,0.8,10,0.5,0.8,15,96,COMPLETE
3535,3535,15977.75,2023-11-15 13:30:23.305470,2023-11-15 13:30:23.710651,0 days 00:00:00.405181,0.8,10,1.0,0.8,9,44,COMPLETE
3536,3536,18492.5,2023-11-15 13:30:23.712329,2023-11-15 13:30:24.059262,0 days 00:00:00.346933,0.8,10,1.25,0.8,19,100,COMPLETE
3537,3537,18030.0,2023-11-15 13:30:24.060987,2023-11-15 13:30:24.412254,0 days 00:00:00.351267,0.8,20,1.25,0.8,5,94,COMPLETE
3538,3538,18209.5,2023-11-15 13:30:24.413951,2023-11-15 13:30:24.764777,0 days 00:00:00.350826,0.8,10,1.25,0.7000000000000001,21,98,COMPLETE
3539,3539,15242.75,2023-11-15 13:30:24.766301,2023-11-15 13:30:25.124927,0 days 00:00:00.358626,0.8,60,1.25,0.9,13,96,COMPLETE
3540,3540,18303.5,2023-11-15 13:30:25.126840,2023-11-15 13:30:25.474120,0 days 00:00:00.347280,0.7000000000000001,10,3.0,0.8,16,99,COMPLETE
3541,3541,18238.5,2023-11-15 13:30:25.475714,2023-11-15 13:30:25.815725,0 days 00:00:00.340011,0.8,10,1.0,0.8,4,100,COMPLETE
3542,3542,18218.0,2023-11-15 13:30:25.817357,2023-11-15 13:30:26.161964,0 days 00:00:00.344607,0.8,10,1.25,0.8,7,97,COMPLETE
3543,3543,18305.25,2023-11-15 13:30:26.163683,2023-11-15 13:30:26.508980,0 days 00:00:00.345297,0.8,10,1.5,0.8,19,98,COMPLETE
3544,3544,17838.25,2023-11-15 13:30:26.510931,2023-11-15 13:30:26.915464,0 days 00:00:00.404533,0.9,10,1.25,0.8,15,95,COMPLETE
3545,3545,18399.0,2023-11-15 13:30:26.917100,2023-11-15 13:30:27.258073,0 days 00:00:00.340973,0.8,10,1.25,0.8,11,100,COMPLETE
3546,3546,199.5,2023-11-15 13:30:27.260238,2023-11-15 13:30:27.868909,0 days 00:00:00.608671,0.8,10,1.25,0.8,0,98,COMPLETE
3547,3547,18310.75,2023-11-15 13:30:27.870528,2023-11-15 13:30:28.217080,0 days 00:00:00.346552,0.8,10,1.25,0.8,17,92,COMPLETE
3548,3548,16481.25,2023-11-15 13:30:28.218673,2023-11-15 13:30:28.569981,0 days 00:00:00.351308,0.8,20,1.0,0.1,9,81,COMPLETE
3549,3549,18395.25,2023-11-15 13:30:28.571559,2023-11-15 13:30:28.912866,0 days 00:00:00.341307,0.8,10,1.5,0.8,21,96,COMPLETE
3550,3550,18681.25,2023-11-15 13:30:28.914447,2023-11-15 13:30:29.260595,0 days 00:00:00.346148,0.8,10,1.25,0.8,28,99,COMPLETE
3551,3551,17282.5,2023-11-15 13:30:29.262310,2023-11-15 13:30:29.606468,0 days 00:00:00.344158,0.8,10,1.25,0.8,13,69,COMPLETE
3552,3552,18209.5,2023-11-15 13:30:29.608444,2023-11-15 13:30:29.956159,0 days 00:00:00.347715,0.7000000000000001,10,1.25,0.9,23,94,COMPLETE
3553,3553,18492.5,2023-11-15 13:30:29.958187,2023-11-15 13:30:30.297963,0 days 00:00:00.339776,0.8,10,1.25,0.8,2,100,COMPLETE
3554,3554,18495.75,2023-11-15 13:30:30.300024,2023-11-15 13:30:30.649589,0 days 00:00:00.349565,0.8,10,1.0,0.7000000000000001,18,96,COMPLETE
3555,3555,13306.0,2023-11-15 13:30:30.651151,2023-11-15 13:30:31.027211,0 days 00:00:00.376060,0.8,90,1.25,0.8,15,98,COMPLETE
3556,3556,17839.0,2023-11-15 13:30:31.067186,2023-11-15 13:30:31.433796,0 days 00:00:00.366610,0.9,20,1.25,0.8,6,97,COMPLETE
3557,3557,18210.75,2023-11-15 13:30:31.435678,2023-11-15 13:30:31.782406,0 days 00:00:00.346728,0.8,10,1.75,0.8,12,100,COMPLETE
3558,3558,18212.75,2023-11-15 13:30:31.784082,2023-11-15 13:30:32.131242,0 days 00:00:00.347160,0.8,10,1.5,0.9,20,98,COMPLETE
3559,3559,17837.25,2023-11-15 13:30:32.132840,2023-11-15 13:30:32.483477,0 days 00:00:00.350637,0.8,10,1.25,0.8,4,95,COMPLETE
3560,3560,18023.5,2023-11-15 13:30:32.485063,2023-11-15 13:30:32.832025,0 days 00:00:00.346962,0.8,10,1.25,0.8,14,98,COMPLETE
3561,3561,18399.0,2023-11-15 13:30:32.833566,2023-11-15 13:30:33.180090,0 days 00:00:00.346524,0.8,10,1.25,0.8,17,100,COMPLETE
3562,3562,18209.0,2023-11-15 13:30:33.182109,2023-11-15 13:30:33.531211,0 days 00:00:00.349102,0.8,10,1.5,0.7000000000000001,25,96,COMPLETE
3563,3563,18303.75,2023-11-15 13:30:33.532874,2023-11-15 13:30:33.879226,0 days 00:00:00.346352,0.7000000000000001,10,1.25,0.8,9,98,COMPLETE
3564,3564,18207.75,2023-11-15 13:30:33.880823,2023-11-15 13:30:34.229354,0 days 00:00:00.348531,0.8,10,1.25,0.8,19,93,COMPLETE
3565,3565,18492.5,2023-11-15 13:30:34.230978,2023-11-15 13:30:34.610154,0 days 00:00:00.379176,0.8,10,1.25,0.8,7,100,COMPLETE
3566,3566,17466.25,2023-11-15 13:30:34.611815,2023-11-15 13:30:34.962554,0 days 00:00:00.350739,0.8,20,1.0,0.8,11,97,COMPLETE
3567,3567,18681.25,2023-11-15 13:30:34.964179,2023-11-15 13:30:35.312238,0 days 00:00:00.348059,0.8,10,1.25,0.8,16,99,COMPLETE
3568,3568,17838.25,2023-11-15 13:30:35.313833,2023-11-15 13:30:35.679603,0 days 00:00:00.365770,0.9,10,1.25,0.8,2,95,COMPLETE
