,number,value,datetime_start,datetime_complete,duration,params_alpha,params_decay_interval,params_decay_rate,params_gamma,params_initialization,params_max_steps,state
7459,7459,18394.5,2023-11-15 14:03:29.386647,2023-11-15 14:03:30.064344,0 days 00:00:00.677697,0.8,10,1.25,0.8,15,96,COMPLETE
7460,7460,18401.0,2023-11-15 14:03:30.067456,2023-11-15 14:03:30.913067,0 days 00:00:00.845611,0.8,10,1.0,0.8,5,100,COMPLETE
7461,7461,18490.5,2023-11-15 14:03:30.916524,2023-11-15 14:03:31.604587,0 days 00:00:00.688063,0.9,10,1.25,0.8,41,94,COMPLETE
7462,7462,18303.5,2023-11-15 14:03:31.607698,2023-11-15 14:03:32.265241,0 days 00:00:00.657543,0.8,10,1.25,0.7000000000000001,13,98,COMPLETE
7463,7463,18681.25,2023-11-15 14:03:32.267729,2023-11-15 14:03:32.914158,0 days 00:00:00.646429,0.8,10,1.25,0.8,17,99,COMPLETE
7464,7464,18395.25,2023-11-15 14:03:32.916635,2023-11-15 14:03:33.565965,0 days 00:00:00.649330,0.8,10,1.5,0.8,21,96,COMPLETE
7465,7465,18033.25,2023-11-15 14:03:33.568613,2023-11-15 14:03:34.222473,0 days 00:00:00.653860,0.8,10,1.25,0.8,57,92,COMPLETE
7466,7466,18492.5,2023-11-15 14:03:34.225066,2023-11-15 14:03:34.865939,0 days 00:00:00.640873,0.8,10,1.25,0.8,12,100,COMPLETE
7467,7467,2461.0,2023-11-15 14:03:34.868633,2023-11-15 14:03:35.508296,0 days 00:00:00.639663,0.8,10,1.25,0.9,19,10,COMPLETE
7468,7468,15424.25,2023-11-15 14:03:35.510655,2023-11-15 14:03:36.180634,0 days 00:00:00.669979,0.8,60,1.0,0.8,10,98,COMPLETE
7469,7469,18112.5,2023-11-15 14:03:36.183412,2023-11-15 14:03:36.854046,0 days 00:00:00.670634,0.8,10,1.25,0.8,15,95,COMPLETE
7470,7470,18319.5,2023-11-15 14:03:36.856564,2023-11-15 14:03:37.509892,0 days 00:00:00.653328,0.8,10,1.5,0.8,23,97,COMPLETE
7471,7471,18013.5,2023-11-15 14:03:37.512500,2023-11-15 14:03:38.152451,0 days 00:00:00.639951,0.8,20,1.25,0.8,2,100,COMPLETE
7472,7472,18023.5,2023-11-15 14:03:38.154822,2023-11-15 14:03:38.796792,0 days 00:00:00.641970,0.8,10,1.25,0.8,17,98,COMPLETE
7473,7473,18209.25,2023-11-15 14:03:38.799242,2023-11-15 14:03:39.456047,0 days 00:00:00.656805,0.9,10,1.25,0.8,7,96,COMPLETE
7474,7474,18209.75,2023-11-15 14:03:39.458541,2023-11-15 14:03:40.177936,0 days 00:00:00.719395,0.8,10,1.5,0.8,4,99,COMPLETE
7475,7475,18410.75,2023-11-15 14:03:40.182396,2023-11-15 14:03:40.946703,0 days 00:00:00.764307,0.8,10,1.25,0.8,20,94,COMPLETE
7476,7476,18210.75,2023-11-15 14:03:40.950393,2023-11-15 14:03:41.643162,0 days 00:00:00.692769,0.8,10,1.75,0.8,14,100,COMPLETE
7477,7477,18218.0,2023-11-15 14:03:41.645918,2023-11-15 14:03:42.317146,0 days 00:00:00.671228,0.8,10,1.25,0.8,9,97,COMPLETE
7478,7478,18494.0,2023-11-15 14:03:42.320008,2023-11-15 14:03:42.970318,0 days 00:00:00.650310,0.7000000000000001,10,1.25,0.9,18,98,COMPLETE
7479,7479,17937.75,2023-11-15 14:03:42.973668,2023-11-15 14:03:43.678906,0 days 00:00:00.705238,0.8,10,0.5,0.7000000000000001,12,100,COMPLETE
7480,7480,18497.5,2023-11-15 14:03:43.681476,2023-11-15 14:03:44.335825,0 days 00:00:00.654349,0.8,10,1.0,0.8,15,96,COMPLETE
7481,7481,100.0,2023-11-15 14:03:44.338355,2023-11-15 14:03:45.236050,0 days 00:00:00.897695,0.8,10,1.25,0.1,0,65,COMPLETE
7482,7482,17830.75,2023-11-15 14:03:45.238661,2023-11-15 14:03:46.004465,0 days 00:00:00.765804,0.8,20,1.25,0.8,6,98,COMPLETE
7483,7483,18410.75,2023-11-15 14:03:46.007205,2023-11-15 14:03:46.693168,0 days 00:00:00.685963,0.8,10,1.25,0.8,25,94,COMPLETE
7484,7484,18398.25,2023-11-15 14:03:46.695598,2023-11-15 14:03:47.347863,0 days 00:00:00.652265,0.8,10,1.25,0.8,21,100,COMPLETE
7485,7485,18022.0,2023-11-15 14:03:47.350746,2023-11-15 14:03:48.006614,0 days 00:00:00.655868,0.8,10,1.0,0.8,18,98,COMPLETE
7486,7486,18395.25,2023-11-15 14:03:48.009041,2023-11-15 14:03:48.651743,0 days 00:00:00.642702,0.9,10,1.5,0.8,16,96,COMPLETE
7487,7487,18265.25,2023-11-15 14:03:48.654339,2023-11-15 14:03:49.300502,0 days 00:00:00.646163,0.8,10,1.25,0.9,4,98,COMPLETE
7488,7488,18492.5,2023-11-15 14:03:49.303542,2023-11-15 14:03:49.951594,0 days 00:00:00.648052,0.8,10,1.25,0.8,10,100,COMPLETE
7489,7489,17005.25,2023-11-15 14:03:49.953951,2023-11-15 14:03:50.627593,0 days 00:00:00.673642,0.8,20,1.25,0.8,13,95,COMPLETE
7490,7490,18218.0,2023-11-15 14:03:50.630698,2023-11-15 14:03:51.338609,0 days 00:00:00.707911,0.8,10,1.25,0.8,20,97,COMPLETE
7491,7491,18310.75,2023-11-15 14:03:51.340907,2023-11-15 14:03:52.005465,0 days 00:00:00.664558,0.8,10,1.25,0.8,8,92,COMPLETE
7492,7492,18121.0,2023-11-15 14:03:52.007890,2023-11-15 14:03:52.663510,0 days 00:00:00.655620,0.7000000000000001,10,1.5,0.7000000000000001,17,99,COMPLETE
7493,7493,18594.75,2023-11-15 14:03:52.666503,2023-11-15 14:03:53.310842,0 days 00:00:00.644339,0.8,10,1.0,0.8,2,96,COMPLETE
7494,7494,17837.25,2023-11-15 14:03:53.313402,2023-11-15 14:03:53.992998,0 days 00:00:00.679596,0.8,10,1.25,0.8,23,77,COMPLETE
7495,7495,17275.0,2023-11-15 14:03:53.995367,2023-11-15 14:03:54.646974,0 days 00:00:00.651607,0.8,30,1.25,0.8,11,100,COMPLETE
7496,7496,18116.5,2023-11-15 14:03:54.649525,2023-11-15 14:03:55.304195,0 days 00:00:00.654670,0.6,10,1.25,0.8,15,98,COMPLETE
7497,7497,18218.0,2023-11-15 14:03:55.306961,2023-11-15 14:03:55.966698,0 days 00:00:00.659737,0.8,10,1.25,0.8,18,97,COMPLETE
7498,7498,17185.25,2023-11-15 14:03:55.969239,2023-11-15 14:03:56.627167,0 days 00:00:00.657928,0.8,10,1.25,0.9,4,51,COMPLETE
7499,7499,18305.75,2023-11-15 14:03:56.629531,2023-11-15 14:03:57.446179,0 days 00:00:00.816648,0.8,10,1.5,0.8,6,100,COMPLETE
7500,7500,18410.75,2023-11-15 14:03:57.449177,2023-11-15 14:03:58.200720,0 days 00:00:00.751543,0.8,10,1.25,0.8,14,94,COMPLETE
7501,7501,14669.25,2023-11-15 14:03:58.203164,2023-11-15 14:03:58.874527,0 days 00:00:00.671363,0.9,70,1.0,0.8,27,98,COMPLETE
7502,7502,18301.75,2023-11-15 14:03:58.877052,2023-11-15 14:03:59.590122,0 days 00:00:00.713070,0.8,10,1.25,0.8,19,96,COMPLETE
7503,7503,18107.75,2023-11-15 14:03:59.593188,2023-11-15 14:04:00.486093,0 days 00:00:00.892905,0.8,20,1.75,0.7000000000000001,21,100,COMPLETE
7504,7504,18023.5,2023-11-15 14:04:00.489450,2023-11-15 14:04:01.427465,0 days 00:00:00.938015,0.8,10,1.25,0.8,16,98,COMPLETE
7505,7505,17743.25,2023-11-15 14:04:01.432400,2023-11-15 14:04:02.341764,0 days 00:00:00.909364,0.8,10,2.0,0.9,11,95,COMPLETE
7506,7506,18491.25,2023-11-15 14:04:02.344273,2023-11-15 14:04:03.039500,0 days 00:00:00.695227,0.7000000000000001,10,1.25,0.8,8,99,COMPLETE
7507,7507,18218.0,2023-11-15 14:04:03.042048,2023-11-15 14:04:03.725705,0 days 00:00:00.683657,0.8,10,1.25,0.8,13,97,COMPLETE
7508,7508,18492.5,2023-11-15 14:04:03.728393,2023-11-15 14:04:04.453567,0 days 00:00:00.725174,0.8,10,1.25,0.8,2,100,COMPLETE
7509,7509,13936.0,2023-11-15 14:04:04.457360,2023-11-15 14:04:05.227197,0 days 00:00:00.769837,0.8,80,1.5,0.8,17,98,COMPLETE
7510,7510,18497.5,2023-11-15 14:04:05.229674,2023-11-15 14:04:05.926566,0 days 00:00:00.696892,0.8,10,1.0,0.8,5,96,COMPLETE
7511,7511,18410.75,2023-11-15 14:04:05.929641,2023-11-15 14:04:06.624693,0 days 00:00:00.695052,0.8,10,1.25,0.8,22,94,COMPLETE
7512,7512,17559.25,2023-11-15 14:04:06.627037,2023-11-15 14:04:07.322548,0 days 00:00:00.695511,0.8,20,1.25,0.8,19,90,COMPLETE
7513,7513,199.5,2023-11-15 14:04:07.325314,2023-11-15 14:04:08.432811,0 days 00:00:01.107497,0.8,10,1.25,0.8,0,100,COMPLETE
7514,7514,17300.25,2023-11-15 14:04:08.436308,2023-11-15 14:04:09.291227,0 days 00:00:00.854919,0.2,10,1.25,0.9,15,98,COMPLETE
7515,7515,18392.25,2023-11-15 14:04:09.294009,2023-11-15 14:04:09.986477,0 days 00:00:00.692468,0.8,10,1.5,0.7000000000000001,9,93,COMPLETE
7516,7516,17853.5,2023-11-15 14:04:09.988879,2023-11-15 14:04:10.663332,0 days 00:00:00.674453,0.8,10,1.25,0.2,13,96,COMPLETE
7517,7517,18209.5,2023-11-15 14:04:10.666298,2023-11-15 14:04:11.376894,0 days 00:00:00.710596,0.9,10,1.25,0.8,24,98,COMPLETE
7518,7518,17644.5,2023-11-15 14:04:11.379773,2023-11-15 14:04:12.094243,0 days 00:00:00.714470,0.4,20,1.25,0.8,7,100,COMPLETE
7519,7519,18129.25,2023-11-15 14:04:12.096691,2023-11-15 14:04:12.803017,0 days 00:00:00.706326,0.7000000000000001,10,1.0,0.8,17,98,COMPLETE
7520,7520,18301.75,2023-11-15 14:04:12.805453,2023-11-15 14:04:13.510331,0 days 00:00:00.704878,0.8,10,1.25,0.8,20,96,COMPLETE
7521,7521,18399.0,2023-11-15 14:04:13.513620,2023-11-15 14:04:14.202374,0 days 00:00:00.688754,0.8,10,1.25,0.8,11,100,COMPLETE
7522,7522,18305.25,2023-11-15 14:04:14.205178,2023-11-15 14:04:14.900628,0 days 00:00:00.695450,0.8,10,1.5,0.8,4,98,COMPLETE
7523,7523,18112.5,2023-11-15 14:04:14.905337,2023-11-15 14:04:15.635991,0 days 00:00:00.730654,0.8,10,1.25,0.8,15,95,COMPLETE
7524,7524,15738.5,2023-11-15 14:04:15.639172,2023-11-15 14:04:16.500466,0 days 00:00:00.861294,0.8,50,1.25,0.8,18,100,COMPLETE
7525,7525,18401.5,2023-11-15 14:04:16.504008,2023-11-15 14:04:17.245184,0 days 00:00:00.741176,0.8,10,1.75,0.8,22,97,COMPLETE
7526,7526,18023.5,2023-11-15 14:04:17.248069,2023-11-15 14:04:17.941033,0 days 00:00:00.692964,0.8,10,1.25,0.8,13,98,COMPLETE
7527,7527,16288.75,2023-11-15 14:04:17.943950,2023-11-15 14:04:18.626242,0 days 00:00:00.682292,0.8,10,1.0,0.7000000000000001,3,46,COMPLETE
7528,7528,18586.25,2023-11-15 14:04:18.628561,2023-11-15 14:04:19.309150,0 days 00:00:00.680589,0.8,10,1.25,0.9,6,99,COMPLETE
7529,7529,18394.5,2023-11-15 14:04:19.311479,2023-11-15 14:04:20.084231,0 days 00:00:00.772752,0.8,10,1.25,0.8,16,96,COMPLETE
7530,7530,18306.5,2023-11-15 14:04:20.087184,2023-11-15 14:04:20.847531,0 days 00:00:00.760347,0.8,10,1.5,0.8,9,100,COMPLETE
7531,7531,18397.25,2023-11-15 14:04:20.850234,2023-11-15 14:04:21.528545,0 days 00:00:00.678311,0.9,10,1.25,0.8,20,94,COMPLETE
7532,7532,18218.0,2023-11-15 14:04:21.531384,2023-11-15 14:04:22.215400,0 days 00:00:00.684016,0.8,10,1.25,0.8,12,97,COMPLETE
7533,7533,18310.75,2023-11-15 14:04:22.218534,2023-11-15 14:04:22.896303,0 days 00:00:00.677769,0.8,10,1.25,0.8,29,92,COMPLETE
7534,7534,17782.5,2023-11-15 14:04:22.899069,2023-11-15 14:04:23.591790,0 days 00:00:00.692721,0.8,20,1.0,0.8,17,98,COMPLETE
7535,7535,18492.5,2023-11-15 14:04:23.594474,2023-11-15 14:04:24.268034,0 days 00:00:00.673560,0.8,10,1.25,0.8,14,100,COMPLETE
7536,7536,18300.75,2023-11-15 14:04:24.270600,2023-11-15 14:04:24.940665,0 days 00:00:00.670065,0.8,10,1.25,0.9,2,96,COMPLETE
7537,7537,18023.5,2023-11-15 14:04:24.943101,2023-11-15 14:04:25.602555,0 days 00:00:00.659454,0.8,10,1.25,0.8,7,98,COMPLETE
7538,7538,18401.75,2023-11-15 14:04:25.604951,2023-11-15 14:04:26.269925,0 days 00:00:00.664974,0.7000000000000001,10,1.25,0.8,20,100,COMPLETE
7539,7539,17640.25,2023-11-15 14:04:26.272362,2023-11-15 14:04:26.947440,0 days 00:00:00.675078,0.8,30,1.5,0.7000000000000001,10,96,COMPLETE
7540,7540,18211.25,2023-11-15 14:04:26.950110,2023-11-15 14:04:27.629764,0 days 00:00:00.679654,0.7000000000000001,10,1.25,0.8,18,98,COMPLETE
7541,7541,18086.5,2023-11-15 14:04:27.632412,2023-11-15 14:04:28.296620,0 days 00:00:00.664208,0.8,10,1.0,0.8,38,93,COMPLETE
7542,7542,18681.25,2023-11-15 14:04:28.299175,2023-11-15 14:04:28.959865,0 days 00:00:00.660690,0.8,10,1.25,0.8,15,99,COMPLETE
7543,7543,17005.25,2023-11-15 14:04:28.962662,2023-11-15 14:04:29.642132,0 days 00:00:00.679470,0.8,20,1.25,0.8,25,95,COMPLETE
7544,7544,18218.5,2023-11-15 14:04:29.644507,2023-11-15 14:04:30.304053,0 days 00:00:00.659546,0.9,10,1.25,0.8,22,97,COMPLETE
7545,7545,18492.5,2023-11-15 14:04:30.306489,2023-11-15 14:04:30.987381,0 days 00:00:00.680892,0.8,10,1.25,0.8,4,100,COMPLETE
7546,7546,18305.25,2023-11-15 14:04:30.990041,2023-11-15 14:04:31.747968,0 days 00:00:00.757927,0.8,10,1.5,0.8,12,98,COMPLETE
7547,7547,18612.5,2023-11-15 14:04:31.751378,2023-11-15 14:04:32.534030,0 days 00:00:00.782652,0.8,10,1.0,0.9,16,100,COMPLETE
7548,7548,17837.25,2023-11-15 14:04:32.536720,2023-11-15 14:04:33.187841,0 days 00:00:00.651121,0.8,10,1.25,0.8,19,95,COMPLETE
7549,7549,18401.5,2023-11-15 14:04:33.190256,2023-11-15 14:04:33.905702,0 days 00:00:00.715446,0.8,10,1.75,0.8,6,97,COMPLETE
7550,7550,17852.0,2023-11-15 14:04:33.908106,2023-11-15 14:04:34.568838,0 days 00:00:00.660732,0.8,10,1.25,0.7000000000000001,63,99,COMPLETE
7551,7551,18305.25,2023-11-15 14:04:34.571645,2023-11-15 14:04:35.215605,0 days 00:00:00.643960,0.8,10,1.5,0.8,1,98,COMPLETE
7552,7552,18202.0,2023-11-15 14:04:35.219021,2023-11-15 14:04:35.885218,0 days 00:00:00.666197,0.8,20,1.25,0.8,9,96,COMPLETE
7553,7553,18306.25,2023-11-15 14:04:35.887944,2023-11-15 14:04:36.554454,0 days 00:00:00.666510,0.8,10,1.25,0.8,32,100,COMPLETE
7554,7554,18209.5,2023-11-15 14:04:36.556905,2023-11-15 14:04:37.212090,0 days 00:00:00.655185,0.5,10,1.25,0.8,14,94,COMPLETE
7555,7555,17856.0,2023-11-15 14:04:37.214535,2023-11-15 14:04:37.890995,0 days 00:00:00.676460,0.8,10,1.25,0.9,83,87,COMPLETE
7556,7556,18023.5,2023-11-15 14:04:37.893373,2023-11-15 14:04:38.594700,0 days 00:00:00.701327,0.8,10,1.25,0.8,17,98,COMPLETE
7557,7557,18119.75,2023-11-15 14:04:38.597458,2023-11-15 14:04:39.251703,0 days 00:00:00.654245,0.8,10,1.0,0.5,11,100,COMPLETE
7558,7558,12692.75,2023-11-15 14:04:39.254199,2023-11-15 14:04:39.955117,0 days 00:00:00.700918,0.9,100,1.25,0.8,21,97,COMPLETE
7559,7559,18394.5,2023-11-15 14:04:39.957497,2023-11-15 14:04:40.638302,0 days 00:00:00.680805,0.8,10,1.25,0.8,5,96,COMPLETE
7560,7560,17002.0,2023-11-15 14:04:40.641154,2023-11-15 14:04:41.310067,0 days 00:00:00.668913,0.8,40,1.0,0.6,18,98,COMPLETE
7561,7561,17687.0,2023-11-15 14:04:41.312589,2023-11-15 14:04:41.983768,0 days 00:00:00.671179,0.7000000000000001,20,0.75,0.8,16,100,COMPLETE
7562,7562,18410.75,2023-11-15 14:04:41.986809,2023-11-15 14:04:42.640047,0 days 00:00:00.653238,0.8,10,1.25,0.8,23,94,COMPLETE
7563,7563,18305.25,2023-11-15 14:04:42.642617,2023-11-15 14:04:43.295292,0 days 00:00:00.652675,0.8,10,1.5,0.8,8,98,COMPLETE
7564,7564,18394.5,2023-11-15 14:04:43.297751,2023-11-15 14:04:43.966823,0 days 00:00:00.669072,0.8,10,1.25,0.8,13,96,COMPLETE
7565,7565,18212.25,2023-11-15 14:04:43.969279,2023-11-15 14:04:44.624693,0 days 00:00:00.655414,0.8,10,1.25,0.7000000000000001,2,100,COMPLETE
7566,7566,18023.5,2023-11-15 14:04:44.627031,2023-11-15 14:04:45.345462,0 days 00:00:00.718431,0.8,10,1.25,0.8,19,98,COMPLETE
7567,7567,17186.5,2023-11-15 14:04:45.348262,2023-11-15 14:04:46.066136,0 days 00:00:00.717874,0.8,10,1.25,0.9,15,48,COMPLETE
7568,7568,18310.75,2023-11-15 14:04:46.069245,2023-11-15 14:04:46.842280,0 days 00:00:00.773035,0.8,10,1.25,0.8,6,92,COMPLETE
7569,7569,100.0,2023-11-15 14:04:46.844805,2023-11-15 14:04:47.783336,0 days 00:00:00.938531,0.8,10,1.5,0.8,0,95,COMPLETE
7570,7570,18494.5,2023-11-15 14:04:47.785854,2023-11-15 14:04:48.442381,0 days 00:00:00.656527,0.9,10,1.25,0.8,11,99,COMPLETE
7571,7571,14877.0,2023-11-15 14:04:48.445127,2023-11-15 14:04:49.125181,0 days 00:00:00.680054,0.8,60,1.25,0.8,20,100,COMPLETE
7572,7572,18214.25,2023-11-15 14:04:49.127760,2023-11-15 14:04:49.788880,0 days 00:00:00.661120,0.8,10,1.25,0.4,3,97,COMPLETE
7573,7573,18222.5,2023-11-15 14:04:49.792599,2023-11-15 14:04:50.446849,0 days 00:00:00.654250,0.7000000000000001,10,1.0,0.8,14,97,COMPLETE
7574,7574,18681.25,2023-11-15 14:04:50.449754,2023-11-15 14:04:51.099533,0 days 00:00:00.649779,0.8,10,1.25,0.8,18,99,COMPLETE
7575,7575,17303.25,2023-11-15 14:04:51.101971,2023-11-15 14:04:51.776290,0 days 00:00:00.674319,0.8,10,1.5,0.30000000000000004,68,95,COMPLETE
7576,7576,18023.5,2023-11-15 14:04:51.778827,2023-11-15 14:04:52.460006,0 days 00:00:00.681179,0.8,10,1.25,0.8,16,98,COMPLETE
7577,7577,17739.0,2023-11-15 14:04:52.462478,2023-11-15 14:04:53.129873,0 days 00:00:00.667395,0.6,20,1.25,0.8,22,100,COMPLETE
7578,7578,18300.75,2023-11-15 14:04:53.132568,2023-11-15 14:04:53.777674,0 days 00:00:00.645106,0.8,10,1.25,0.9,8,96,COMPLETE
7579,7579,18023.5,2023-11-15 14:04:53.782131,2023-11-15 14:04:54.430159,0 days 00:00:00.648028,0.8,10,1.25,0.8,12,98,COMPLETE
7580,7580,18309.0,2023-11-15 14:04:54.433016,2023-11-15 14:04:55.085710,0 days 00:00:00.652694,0.8,10,1.0,0.7000000000000001,25,100,COMPLETE
7581,7581,18486.25,2023-11-15 14:04:55.088181,2023-11-15 14:04:55.740068,0 days 00:00:00.651887,0.8,10,1.25,0.8,5,94,COMPLETE
7582,7582,18399.75,2023-11-15 14:04:55.742585,2023-11-15 14:04:56.384163,0 days 00:00:00.641578,0.8,10,1.5,0.8,17,97,COMPLETE
7583,7583,18023.5,2023-11-15 14:04:56.386578,2023-11-15 14:04:57.033689,0 days 00:00:00.647111,0.8,10,1.25,0.8,20,98,COMPLETE
7584,7584,18013.5,2023-11-15 14:04:57.036270,2023-11-15 14:04:57.689824,0 days 00:00:00.653554,0.9,20,1.25,0.8,10,100,COMPLETE
7585,7585,18395.0,2023-11-15 14:04:57.692356,2023-11-15 14:04:58.348460,0 days 00:00:00.656104,0.8,10,2.0,0.8,15,96,COMPLETE
7586,7586,18023.5,2023-11-15 14:04:58.351240,2023-11-15 14:04:59.029140,0 days 00:00:00.677900,0.8,10,1.25,0.8,3,98,COMPLETE
7587,7587,18401.0,2023-11-15 14:04:59.031843,2023-11-15 14:04:59.710040,0 days 00:00:00.678197,0.8,10,1.0,0.8,7,100,COMPLETE
7588,7588,17834.5,2023-11-15 14:04:59.712555,2023-11-15 14:05:00.427359,0 days 00:00:00.714804,0.8,10,0.25,0.8,13,96,COMPLETE
7589,7589,18209.5,2023-11-15 14:05:00.430615,2023-11-15 14:05:01.315758,0 days 00:00:00.885143,0.7000000000000001,10,1.25,0.9,18,94,COMPLETE
7590,7590,18118.75,2023-11-15 14:05:01.319142,2023-11-15 14:05:02.093027,0 days 00:00:00.773885,0.8,10,1.75,0.8,22,90,COMPLETE
7591,7591,18305.25,2023-11-15 14:05:02.095919,2023-11-15 14:05:02.756015,0 days 00:00:00.660096,0.8,10,1.5,0.8,15,98,COMPLETE
7592,7592,18492.5,2023-11-15 14:05:02.758394,2023-11-15 14:05:03.416818,0 days 00:00:00.658424,0.8,10,1.25,0.8,19,100,COMPLETE
7593,7593,18303.75,2023-11-15 14:05:03.419298,2023-11-15 14:05:04.083034,0 days 00:00:00.663736,0.8,10,1.25,0.7000000000000001,10,96,COMPLETE
7594,7594,17652.0,2023-11-15 14:05:04.085886,2023-11-15 14:05:04.746948,0 days 00:00:00.661062,0.8,20,1.25,0.8,4,93,COMPLETE
7595,7595,18211.25,2023-11-15 14:05:04.749537,2023-11-15 14:05:05.420085,0 days 00:00:00.670548,0.7000000000000001,10,1.25,0.8,17,98,COMPLETE
7596,7596,13295.5,2023-11-15 14:05:05.422609,2023-11-15 14:05:06.129961,0 days 00:00:00.707352,0.8,90,1.25,0.8,13,99,COMPLETE
7597,7597,18399.75,2023-11-15 14:05:06.132477,2023-11-15 14:05:06.795711,0 days 00:00:00.663234,0.8,10,1.5,0.8,24,97,COMPLETE
7598,7598,199.5,2023-11-15 14:05:06.798622,2023-11-15 14:05:07.730070,0 days 00:00:00.931448,0.8,10,1.0,0.9,0,100,COMPLETE
7599,7599,16910.75,2023-11-15 14:05:07.732730,2023-11-15 14:05:08.401660,0 days 00:00:00.668930,0.9,20,1.25,0.8,21,95,COMPLETE
7600,7600,15024.75,2023-11-15 14:05:08.404018,2023-11-15 14:05:09.100086,0 days 00:00:00.696068,0.1,10,1.25,0.8,7,98,COMPLETE
7601,7601,18212.25,2023-11-15 14:05:09.103011,2023-11-15 14:05:09.763796,0 days 00:00:00.660785,0.8,10,1.25,0.7000000000000001,16,100,COMPLETE
7602,7602,18301.75,2023-11-15 14:05:09.766236,2023-11-15 14:05:10.425302,0 days 00:00:00.659066,0.8,10,1.25,0.8,27,96,COMPLETE
7603,7603,18305.25,2023-11-15 14:05:10.428219,2023-11-15 14:05:11.083304,0 days 00:00:00.655085,0.8,10,1.5,0.8,12,98,COMPLETE
7604,7604,18218.0,2023-11-15 14:05:11.086123,2023-11-15 14:05:11.759292,0 days 00:00:00.673169,0.8,10,1.25,0.8,9,97,COMPLETE
7605,7605,17948.25,2023-11-15 14:05:11.762083,2023-11-15 14:05:12.442310,0 days 00:00:00.680227,0.8,10,1.0,0.8,14,70,COMPLETE
7606,7606,18117.25,2023-11-15 14:05:12.444854,2023-11-15 14:05:13.103839,0 days 00:00:00.658985,0.8,10,1.25,0.9,2,81,COMPLETE
7607,7607,18492.5,2023-11-15 14:05:13.106256,2023-11-15 14:05:13.762615,0 days 00:00:00.656359,0.8,10,1.25,0.8,19,100,COMPLETE
7608,7608,18207.75,2023-11-15 14:05:13.765252,2023-11-15 14:05:14.434994,0 days 00:00:00.669742,0.8,10,1.25,0.8,6,93,COMPLETE
7609,7609,17211.75,2023-11-15 14:05:14.437398,2023-11-15 14:05:15.103793,0 days 00:00:00.666395,0.8,10,1.0,0.1,17,98,COMPLETE
7610,7610,17177.5,2023-11-15 14:05:15.106269,2023-11-15 14:05:15.812132,0 days 00:00:00.705863,0.7000000000000001,20,1.25,0.8,11,95,COMPLETE
7611,7611,18681.25,2023-11-15 14:05:15.815084,2023-11-15 14:05:16.578920,0 days 00:00:00.763836,0.8,10,1.25,0.8,21,99,COMPLETE
7612,7612,17588.5,2023-11-15 14:05:16.581810,2023-11-15 14:05:17.347150,0 days 00:00:00.765340,0.8,10,1.25,0.8,93,97,COMPLETE
7613,7613,18306.5,2023-11-15 14:05:17.350782,2023-11-15 14:05:18.011005,0 days 00:00:00.660223,0.9,10,1.5,0.7000000000000001,4,100,COMPLETE
7614,7614,17837.25,2023-11-15 14:05:18.013457,2023-11-15 14:05:18.671324,0 days 00:00:00.657867,0.8,10,1.25,0.8,19,95,COMPLETE
7615,7615,18022.0,2023-11-15 14:05:18.674018,2023-11-15 14:05:19.365659,0 days 00:00:00.691641,0.8,10,1.0,0.8,15,98,COMPLETE
7616,7616,18301.75,2023-11-15 14:05:19.368354,2023-11-15 14:05:20.032609,0 days 00:00:00.664255,0.8,10,1.25,0.8,23,96,COMPLETE
7617,7617,16195.25,2023-11-15 14:05:20.035582,2023-11-15 14:05:20.703074,0 days 00:00:00.667492,0.8,50,1.25,0.8,8,99,COMPLETE
7618,7618,18400.5,2023-11-15 14:05:20.705548,2023-11-15 14:05:21.360379,0 days 00:00:00.654831,0.8,10,1.5,0.9,14,100,COMPLETE
7619,7619,18401.5,2023-11-15 14:05:21.362799,2023-11-15 14:05:22.024154,0 days 00:00:00.661355,0.8,10,1.75,0.8,5,97,COMPLETE
7620,7620,17279.0,2023-11-15 14:05:22.026788,2023-11-15 14:05:22.691587,0 days 00:00:00.664799,0.8,20,1.25,0.8,17,73,COMPLETE
7621,7621,18023.5,2023-11-15 14:05:22.694471,2023-11-15 14:05:23.353971,0 days 00:00:00.659500,0.8,10,1.25,0.8,12,98,COMPLETE
7622,7622,17655.25,2023-11-15 14:05:23.356883,2023-11-15 14:05:24.042232,0 days 00:00:00.685349,0.8,10,1.25,0.8,2,91,COMPLETE
7623,7623,18387.5,2023-11-15 14:05:24.045458,2023-11-15 14:05:24.711610,0 days 00:00:00.666152,0.9,10,1.25,0.8,55,100,COMPLETE
7624,7624,16914.75,2023-11-15 14:05:24.714146,2023-11-15 14:05:25.373176,0 days 00:00:00.659030,0.8,10,1.25,0.6,20,54,COMPLETE
7625,7625,18410.75,2023-11-15 14:05:25.375645,2023-11-15 14:05:26.059466,0 days 00:00:00.683821,0.8,10,1.25,0.8,16,94,COMPLETE
7626,7626,18497.5,2023-11-15 14:05:26.062815,2023-11-15 14:05:26.728696,0 days 00:00:00.665881,0.8,10,1.0,0.8,10,96,COMPLETE
7627,7627,18027.75,2023-11-15 14:05:26.731106,2023-11-15 14:05:27.464894,0 days 00:00:00.733788,0.8,10,1.5,0.7000000000000001,18,98,COMPLETE
7628,7628,18492.5,2023-11-15 14:05:27.467686,2023-11-15 14:05:28.152838,0 days 00:00:00.685152,0.8,10,1.25,0.8,15,100,COMPLETE
