,number,value,datetime_start,datetime_complete,duration,params_alpha,params_decay_interval,params_decay_rate,params_gamma,params_initialization,params_max_steps,state
8144,8144,19082.5,2023-11-15 11:35:27.479443,2023-11-15 11:35:28.154423,0 days 00:00:00.674980,0.2,10,0.75,0.9,2,150,COMPLETE
8145,8145,19066.75,2023-11-15 11:35:28.157790,2023-11-15 11:35:28.853908,0 days 00:00:00.696118,0.2,10,0.5,0.9,4,141,COMPLETE
8146,8146,19261.0,2023-11-15 11:35:28.856962,2023-11-15 11:35:29.532042,0 days 00:00:00.675080,0.2,10,0.75,0.8,0,147,COMPLETE
8147,8147,18969.5,2023-11-15 11:35:29.534815,2023-11-15 11:35:30.224290,0 days 00:00:00.689475,0.4,10,1.0,0.9,12,144,COMPLETE
8148,8148,19201.25,2023-11-15 11:35:30.227333,2023-11-15 11:35:30.909230,0 days 00:00:00.681897,0.2,10,0.75,0.9,2,148,COMPLETE
8149,8149,19091.75,2023-11-15 11:35:30.911814,2023-11-15 11:35:31.592349,0 days 00:00:00.680535,0.1,10,0.75,0.9,4,143,COMPLETE
8150,8150,18398.5,2023-11-15 11:35:31.595374,2023-11-15 11:35:32.317979,0 days 00:00:00.722605,0.2,20,0.75,0.9,7,145,COMPLETE
8151,8151,16013.75,2023-11-15 11:35:32.320582,2023-11-15 11:35:33.023383,0 days 00:00:00.702801,0.4,50,0.75,0.9,0,139,COMPLETE
8152,8152,18494.75,2023-11-15 11:35:33.026538,2023-11-15 11:35:33.713264,0 days 00:00:00.686726,0.2,10,0.75,0.9,2,135,COMPLETE
8153,8153,13970.5,2023-11-15 11:35:33.715732,2023-11-15 11:35:34.410461,0 days 00:00:00.694729,0.30000000000000004,10,0.75,0.9,5,33,COMPLETE
8154,8154,14171.75,2023-11-15 11:35:34.413084,2023-11-15 11:35:35.139709,0 days 00:00:00.726625,0.2,10,1.0,0.8,33,150,COMPLETE
8155,8155,19261.0,2023-11-15 11:35:35.142824,2023-11-15 11:35:35.840338,0 days 00:00:00.697514,0.1,10,1.25,0.9,0,141,COMPLETE
8156,8156,18791.75,2023-11-15 11:35:35.843265,2023-11-15 11:35:36.529021,0 days 00:00:00.685756,0.2,10,0.75,0.9,3,144,COMPLETE
8157,8157,19201.25,2023-11-15 11:35:36.531594,2023-11-15 11:35:37.224178,0 days 00:00:00.692584,0.2,10,0.75,0.9,2,148,COMPLETE
8158,8158,19261.0,2023-11-15 11:35:37.226640,2023-11-15 11:35:37.916291,0 days 00:00:00.689651,0.2,10,0.5,0.9,5,147,COMPLETE
8159,8159,9214.75,2023-11-15 11:35:37.918951,2023-11-15 11:35:38.708582,0 days 00:00:00.789631,0.1,20,0.25,0.2,91,142,COMPLETE
8160,8160,16555.0,2023-11-15 11:35:38.711172,2023-11-15 11:35:39.417913,0 days 00:00:00.706741,0.2,10,0.75,0.6,9,145,COMPLETE
8161,8161,19261.0,2023-11-15 11:35:39.420350,2023-11-15 11:35:40.122339,0 days 00:00:00.701989,0.2,10,0.75,0.5,0,150,COMPLETE
8162,8162,19161.25,2023-11-15 11:35:40.125414,2023-11-15 11:35:40.808052,0 days 00:00:00.682638,0.5,10,1.0,0.9,2,138,COMPLETE
8163,8163,19261.0,2023-11-15 11:35:40.810672,2023-11-15 11:35:41.493016,0 days 00:00:00.682344,0.2,10,0.75,0.9,4,147,COMPLETE
8164,8164,17187.0,2023-11-15 11:35:41.495569,2023-11-15 11:35:42.219857,0 days 00:00:00.724288,0.6,10,0.75,0.9,7,141,COMPLETE
8165,8165,19359.75,2023-11-15 11:35:42.222470,2023-11-15 11:35:42.912416,0 days 00:00:00.689946,0.1,10,0.75,0.8,0,145,COMPLETE
8166,8166,19261.0,2023-11-15 11:35:42.914917,2023-11-15 11:35:43.616594,0 days 00:00:00.701677,0.30000000000000004,10,1.0,0.9,2,147,COMPLETE
8167,8167,19261.0,2023-11-15 11:35:43.619073,2023-11-15 11:35:44.296738,0 days 00:00:00.677665,0.2,10,1.25,0.9,4,143,COMPLETE
8168,8168,18393.5,2023-11-15 11:35:44.299230,2023-11-15 11:35:44.991906,0 days 00:00:00.692676,0.2,20,0.75,0.9,0,150,COMPLETE
8169,8169,18722.5,2023-11-15 11:35:44.994881,2023-11-15 11:35:45.680974,0 days 00:00:00.686093,0.2,10,0.5,0.8,2,139,COMPLETE
8170,8170,19262.25,2023-11-15 11:35:45.683489,2023-11-15 11:35:46.371414,0 days 00:00:00.687925,0.2,10,0.75,0.9,6,145,COMPLETE
8171,8171,19166.0,2023-11-15 11:35:46.375055,2023-11-15 11:35:47.076891,0 days 00:00:00.701836,0.1,10,0.75,0.9,3,143,COMPLETE
8172,8172,19261.0,2023-11-15 11:35:47.079355,2023-11-15 11:35:47.769553,0 days 00:00:00.690198,0.2,10,0.75,0.9,0,147,COMPLETE
8173,8173,19066.25,2023-11-15 11:35:47.772514,2023-11-15 11:35:48.461038,0 days 00:00:00.688524,0.2,10,0.75,0.9,8,141,COMPLETE
8174,8174,950.75,2023-11-15 11:35:48.463698,2023-11-15 11:35:49.367023,0 days 00:00:00.903325,0.30000000000000004,10,1.5,0.4,4,136,COMPLETE
8175,8175,19261.0,2023-11-15 11:35:49.369653,2023-11-15 11:35:50.048227,0 days 00:00:00.678574,0.2,10,0.75,0.9,2,147,COMPLETE
8176,8176,19261.0,2023-11-15 11:35:50.050787,2023-11-15 11:35:50.752972,0 days 00:00:00.702185,0.2,10,1.0,0.9,0,150,COMPLETE
8177,8177,18299.75,2023-11-15 11:35:50.755802,2023-11-15 11:35:51.446685,0 days 00:00:00.690883,0.1,20,1.25,0.9,6,143,COMPLETE
8178,8178,18743.75,2023-11-15 11:35:51.449180,2023-11-15 11:35:52.141258,0 days 00:00:00.692078,0.2,10,0.75,0.7000000000000001,2,145,COMPLETE
8179,8179,19066.25,2023-11-15 11:35:52.143834,2023-11-15 11:35:52.826907,0 days 00:00:00.683073,0.2,10,0.75,0.9,4,140,COMPLETE
8180,8180,19067.75,2023-11-15 11:35:52.829420,2023-11-15 11:35:53.522458,0 days 00:00:00.693038,0.2,10,0.75,0.9,0,132,COMPLETE
8181,8181,19261.0,2023-11-15 11:35:53.525912,2023-11-15 11:35:54.211222,0 days 00:00:00.685310,0.1,10,0.75,0.9,2,147,COMPLETE
8182,8182,15513.0,2023-11-15 11:35:54.213842,2023-11-15 11:35:54.938169,0 days 00:00:00.724327,0.2,60,0.5,0.9,5,143,COMPLETE
8183,8183,16386.75,2023-11-15 11:35:54.941153,2023-11-15 11:35:55.647674,0 days 00:00:00.706521,0.2,10,0.75,0.8,68,148,COMPLETE
8184,8184,0.0,2023-11-15 11:35:55.650257,2023-11-15 11:35:56.348945,0 days 00:00:00.698688,0.2,10,1.0,0.9,0,19,COMPLETE
8185,8185,13001.75,2023-11-15 11:35:56.351453,2023-11-15 11:35:57.087760,0 days 00:00:00.736307,0.1,10,0.75,0.30000000000000004,2,138,COMPLETE
8186,8186,13524.0,2023-11-15 11:35:57.091040,2023-11-15 11:35:57.838050,0 days 00:00:00.747010,0.9,10,0.75,0.9,4,150,COMPLETE
8187,8187,19262.25,2023-11-15 11:35:57.841547,2023-11-15 11:35:58.521834,0 days 00:00:00.680287,0.2,10,0.75,0.9,7,145,COMPLETE
8188,8188,18953.25,2023-11-15 11:35:58.525415,2023-11-15 11:35:59.227374,0 days 00:00:00.701959,0.30000000000000004,10,1.0,0.9,2,141,COMPLETE
8189,8189,13235.25,2023-11-15 11:35:59.229852,2023-11-15 11:35:59.969843,0 days 00:00:00.739991,0.2,10,1.25,0.9,72,145,COMPLETE
8190,8190,18584.75,2023-11-15 11:35:59.972484,2023-11-15 11:36:00.671770,0 days 00:00:00.699286,0.2,20,0.25,0.5,0,147,COMPLETE
8191,8191,19051.5,2023-11-15 11:36:00.675015,2023-11-15 11:36:01.359166,0 days 00:00:00.684151,0.1,10,0.75,0.9,4,142,COMPLETE
8192,8192,18686.75,2023-11-15 11:36:01.362402,2023-11-15 11:36:02.086960,0 days 00:00:00.724558,0.2,10,0.75,0.9,11,150,COMPLETE
8193,8193,18647.5,2023-11-15 11:36:02.089597,2023-11-15 11:36:02.785509,0 days 00:00:00.695912,0.2,10,0.75,0.9,2,136,COMPLETE
8194,8194,19359.75,2023-11-15 11:36:02.788139,2023-11-15 11:36:03.488844,0 days 00:00:00.700705,0.2,10,0.75,0.8,0,145,COMPLETE
8195,8195,15034.5,2023-11-15 11:36:03.492184,2023-11-15 11:36:04.229584,0 days 00:00:00.737400,0.2,10,0.5,0.6,5,139,COMPLETE
8196,8196,19261.0,2023-11-15 11:36:04.232125,2023-11-15 11:36:04.907794,0 days 00:00:00.675669,0.2,10,0.75,0.9,3,147,COMPLETE
8197,8197,14843.0,2023-11-15 11:36:04.910558,2023-11-15 11:36:05.657237,0 days 00:00:00.746679,0.1,70,1.0,0.9,8,143,COMPLETE
8198,8198,19271.0,2023-11-15 11:36:05.660036,2023-11-15 11:36:06.350255,0 days 00:00:00.690219,0.2,10,0.75,0.9,0,148,COMPLETE
8199,8199,18843.75,2023-11-15 11:36:06.352729,2023-11-15 11:36:07.042726,0 days 00:00:00.689997,0.2,10,0.75,0.9,2,126,COMPLETE
8200,8200,18969.5,2023-11-15 11:36:07.045811,2023-11-15 11:36:07.738123,0 days 00:00:00.692312,0.30000000000000004,10,0.75,0.7000000000000001,6,141,COMPLETE
8201,8201,18398.75,2023-11-15 11:36:07.741126,2023-11-15 11:36:08.435607,0 days 00:00:00.694481,0.1,20,1.25,0.9,2,145,COMPLETE
8202,8202,19163.75,2023-11-15 11:36:08.438065,2023-11-15 11:36:09.142880,0 days 00:00:00.704815,0.2,10,0.75,0.9,0,150,COMPLETE
8203,8203,16572.75,2023-11-15 11:36:09.145448,2023-11-15 11:36:09.840075,0 days 00:00:00.694627,0.2,40,0.75,0.9,4,143,COMPLETE
8204,8204,17812.0,2023-11-15 11:36:09.843152,2023-11-15 11:36:10.544183,0 days 00:00:00.701031,0.5,20,0.75,0.8,2,147,COMPLETE
8205,8205,8411.5,2023-11-15 11:36:10.547139,2023-11-15 11:36:11.324715,0 days 00:00:00.777576,0.2,10,1.0,0.30000000000000004,6,139,COMPLETE
8206,8206,19359.75,2023-11-15 11:36:11.327149,2023-11-15 11:36:12.009779,0 days 00:00:00.682630,0.2,10,0.75,0.9,0,145,COMPLETE
8207,8207,19051.5,2023-11-15 11:36:12.012345,2023-11-15 11:36:12.721765,0 days 00:00:00.709420,0.1,10,0.75,0.9,4,142,COMPLETE
8208,8208,17558.25,2023-11-15 11:36:12.725214,2023-11-15 11:36:13.431917,0 days 00:00:00.706703,0.2,30,0.25,0.9,9,150,COMPLETE
8209,8209,19066.5,2023-11-15 11:36:13.434437,2023-11-15 11:36:14.117432,0 days 00:00:00.682995,0.2,10,0.5,0.8,2,147,COMPLETE
8210,8210,19067.0,2023-11-15 11:36:14.119988,2023-11-15 11:36:14.803840,0 days 00:00:00.683852,0.1,10,0.75,0.9,4,134,COMPLETE
8211,8211,19261.0,2023-11-15 11:36:14.806911,2023-11-15 11:36:15.491557,0 days 00:00:00.684646,0.2,10,0.75,0.9,0,144,COMPLETE
8212,8212,19163.5,2023-11-15 11:36:15.494602,2023-11-15 11:36:16.197635,0 days 00:00:00.703033,0.2,10,1.0,0.9,3,140,COMPLETE
8213,8213,19270.0,2023-11-15 11:36:16.200179,2023-11-15 11:36:16.879638,0 days 00:00:00.679459,0.30000000000000004,10,1.25,0.9,0,148,COMPLETE
8214,8214,19262.25,2023-11-15 11:36:16.882062,2023-11-15 11:36:17.567480,0 days 00:00:00.685418,0.2,10,0.75,0.9,7,145,COMPLETE
8215,8215,19161.25,2023-11-15 11:36:17.570026,2023-11-15 11:36:18.256582,0 days 00:00:00.686556,0.1,10,0.75,0.9,2,137,COMPLETE
8216,8216,19093.75,2023-11-15 11:36:18.259427,2023-11-15 11:36:18.945699,0 days 00:00:00.686272,0.2,10,0.75,0.9,5,142,COMPLETE
8217,8217,19261.0,2023-11-15 11:36:18.948320,2023-11-15 11:36:19.650525,0 days 00:00:00.702205,0.2,10,1.5,0.9,2,147,COMPLETE
8218,8218,15982.0,2023-11-15 11:36:19.653078,2023-11-15 11:36:20.375441,0 days 00:00:00.722363,0.4,10,0.5,0.4,39,150,COMPLETE
8219,8219,18394.75,2023-11-15 11:36:20.378024,2023-11-15 11:36:21.065020,0 days 00:00:00.686996,0.2,20,0.75,0.9,0,143,COMPLETE
8220,8220,19261.0,2023-11-15 11:36:21.067712,2023-11-15 11:36:21.747390,0 days 00:00:00.679678,0.2,10,1.0,0.7000000000000001,4,147,COMPLETE
8221,8221,19261.0,2023-11-15 11:36:21.750058,2023-11-15 11:36:22.438157,0 days 00:00:00.688099,0.1,10,0.75,0.9,2,140,COMPLETE
8222,8222,19359.75,2023-11-15 11:36:22.441216,2023-11-15 11:36:23.138206,0 days 00:00:00.696990,0.2,10,0.75,0.5,0,145,COMPLETE
8223,8223,18992.75,2023-11-15 11:36:23.141465,2023-11-15 11:36:23.839481,0 days 00:00:00.698016,0.2,10,0.75,0.9,7,143,COMPLETE
8224,8224,19028.0,2023-11-15 11:36:23.842462,2023-11-15 11:36:24.539891,0 days 00:00:00.697429,0.30000000000000004,10,0.75,0.9,4,150,COMPLETE
8225,8225,19165.25,2023-11-15 11:36:24.543026,2023-11-15 11:36:25.237555,0 days 00:00:00.694529,0.2,10,1.25,0.8,2,145,COMPLETE
8226,8226,19072.75,2023-11-15 11:36:25.240671,2023-11-15 11:36:25.929655,0 days 00:00:00.688984,0.1,10,0.75,0.9,0,137,COMPLETE
8227,8227,18971.0,2023-11-15 11:36:25.932268,2023-11-15 11:36:26.646777,0 days 00:00:00.714509,0.2,10,0.5,0.9,10,141,COMPLETE
8228,8228,15730.5,2023-11-15 11:36:26.649248,2023-11-15 11:36:27.386448,0 days 00:00:00.737200,0.7000000000000001,20,0.75,0.9,6,147,COMPLETE
8229,8229,19221.0,2023-11-15 11:36:27.389236,2023-11-15 11:36:28.087291,0 days 00:00:00.698055,0.2,10,1.0,0.9,3,145,COMPLETE
8230,8230,19261.0,2023-11-15 11:36:28.090191,2023-11-15 11:36:28.792439,0 days 00:00:00.702248,0.2,10,0.75,0.8,0,150,COMPLETE
8231,8231,18972.0,2023-11-15 11:36:28.795646,2023-11-15 11:36:29.491958,0 days 00:00:00.696312,0.1,10,0.75,0.9,2,141,COMPLETE
8232,8232,19169.0,2023-11-15 11:36:29.495867,2023-11-15 11:36:30.245453,0 days 00:00:00.749586,0.2,10,1.25,0.9,5,147,COMPLETE
8233,8233,18992.75,2023-11-15 11:36:30.247942,2023-11-15 11:36:30.959358,0 days 00:00:00.711416,0.2,10,0.75,0.9,2,143,COMPLETE
8234,8234,13948.5,2023-11-15 11:36:30.961847,2023-11-15 11:36:31.730943,0 days 00:00:00.769096,0.6,80,1.0,0.2,0,138,COMPLETE
8235,8235,19261.0,2023-11-15 11:36:31.733892,2023-11-15 11:36:32.430190,0 days 00:00:00.696298,0.2,10,0.75,0.9,4,147,COMPLETE
8236,8236,19163.5,2023-11-15 11:36:32.432679,2023-11-15 11:36:33.128443,0 days 00:00:00.695764,0.1,10,0.75,0.9,2,144,COMPLETE
8237,8237,18001.0,2023-11-15 11:36:33.131304,2023-11-15 11:36:33.861998,0 days 00:00:00.730694,0.2,10,0.25,0.6,8,148,COMPLETE
8238,8238,18394.75,2023-11-15 11:36:33.864570,2023-11-15 11:36:34.566541,0 days 00:00:00.701971,0.2,20,0.75,0.9,6,141,COMPLETE
8239,8239,19163.75,2023-11-15 11:36:34.569012,2023-11-15 11:36:35.258629,0 days 00:00:00.689617,0.2,10,0.75,0.9,0,150,COMPLETE
8240,8240,14789.5,2023-11-15 11:36:35.261368,2023-11-15 11:36:35.981800,0 days 00:00:00.720432,0.1,10,1.0,0.5,4,145,COMPLETE
8241,8241,11664.25,2023-11-15 11:36:35.984297,2023-11-15 11:36:36.744585,0 days 00:00:00.760288,0.2,10,0.75,0.8,53,135,COMPLETE
8242,8242,18992.75,2023-11-15 11:36:36.747090,2023-11-15 11:36:37.461844,0 days 00:00:00.714754,0.30000000000000004,10,0.75,0.9,2,143,COMPLETE
8243,8243,18818.25,2023-11-15 11:36:37.474387,2023-11-15 11:36:38.218890,0 days 00:00:00.744503,0.2,10,0.75,0.9,4,139,COMPLETE
8244,8244,19261.0,2023-11-15 11:36:38.221678,2023-11-15 11:36:38.959929,0 days 00:00:00.738251,0.2,10,0.5,0.7000000000000001,0,147,COMPLETE
8245,8245,12042.25,2023-11-15 11:36:38.962727,2023-11-15 11:36:39.715220,0 days 00:00:00.752493,0.2,10,0.75,0.1,2,145,COMPLETE
8246,8246,19110.25,2023-11-15 11:36:39.717775,2023-11-15 11:36:40.413004,0 days 00:00:00.695229,0.1,10,0.75,0.9,6,150,COMPLETE
8247,8247,19172.25,2023-11-15 11:36:40.415662,2023-11-15 11:36:41.132407,0 days 00:00:00.716745,0.2,10,1.0,0.9,0,142,COMPLETE
8248,8248,19261.0,2023-11-15 11:36:41.134987,2023-11-15 11:36:41.859379,0 days 00:00:00.724392,0.2,10,0.75,0.9,3,147,COMPLETE
8249,8249,19161.25,2023-11-15 11:36:41.862010,2023-11-15 11:36:42.562674,0 days 00:00:00.700664,0.2,10,1.25,0.9,2,139,COMPLETE
8250,8250,18778.0,2023-11-15 11:36:42.565159,2023-11-15 11:36:43.295830,0 days 00:00:00.730671,0.2,10,0.75,0.9,5,144,COMPLETE
8251,8251,17505.5,2023-11-15 11:36:43.298341,2023-11-15 11:36:44.021297,0 days 00:00:00.722956,0.1,10,0.75,0.9,60,148,COMPLETE
8252,8252,18090.25,2023-11-15 11:36:44.024094,2023-11-15 11:36:44.772544,0 days 00:00:00.748450,0.2,20,0.5,0.9,9,141,COMPLETE
8253,8253,19359.75,2023-11-15 11:36:44.775575,2023-11-15 11:36:45.481506,0 days 00:00:00.705931,0.2,10,0.75,0.8,0,145,COMPLETE
8254,8254,12995.25,2023-11-15 11:36:45.483984,2023-11-15 11:36:46.225769,0 days 00:00:00.741785,0.2,100,1.0,0.9,2,150,COMPLETE
8255,8255,19091.75,2023-11-15 11:36:46.228278,2023-11-15 11:36:46.918168,0 days 00:00:00.689890,0.1,10,0.75,0.9,4,143,COMPLETE
8256,8256,19065.25,2023-11-15 11:36:46.920595,2023-11-15 11:36:47.618764,0 days 00:00:00.698169,0.2,10,0.75,0.9,0,137,COMPLETE
8257,8257,0.0,2023-11-15 11:36:47.621434,2023-11-15 11:36:48.316476,0 days 00:00:00.695042,0.30000000000000004,10,0.75,0.9,6,10,COMPLETE
8258,8258,4167.25,2023-11-15 11:36:48.319320,2023-11-15 11:36:49.175841,0 days 00:00:00.856521,0.2,20,1.5,0.4,2,145,COMPLETE
8259,8259,19261.0,2023-11-15 11:36:49.178363,2023-11-15 11:36:49.870589,0 days 00:00:00.692226,0.2,10,0.75,0.9,4,147,COMPLETE
8260,8260,19261.0,2023-11-15 11:36:49.873584,2023-11-15 11:36:50.562675,0 days 00:00:00.689091,0.2,10,1.25,0.30000000000000004,0,141,COMPLETE
8261,8261,18677.0,2023-11-15 11:36:50.565394,2023-11-15 11:36:51.282370,0 days 00:00:00.716976,0.1,10,0.75,0.8,2,133,COMPLETE
8262,8262,18768.25,2023-11-15 11:36:51.285062,2023-11-15 11:36:52.015749,0 days 00:00:00.730687,0.2,10,0.75,0.9,8,113,COMPLETE
8263,8263,16017.0,2023-11-15 11:36:52.018256,2023-11-15 11:36:52.754218,0 days 00:00:00.735962,0.2,10,1.0,0.9,81,147,COMPLETE
8264,8264,19163.75,2023-11-15 11:36:52.757575,2023-11-15 11:36:53.476008,0 days 00:00:00.718433,0.2,10,0.75,0.9,0,150,COMPLETE
8265,8265,18995.25,2023-11-15 11:36:53.478497,2023-11-15 11:36:54.180969,0 days 00:00:00.702472,0.1,10,0.5,0.9,4,143,COMPLETE
8266,8266,18764.75,2023-11-15 11:36:54.183488,2023-11-15 11:36:54.924901,0 days 00:00:00.741413,0.30000000000000004,10,0.75,0.9,2,139,COMPLETE
8267,8267,18145.25,2023-11-15 11:36:54.928174,2023-11-15 11:36:55.671249,0 days 00:00:00.743075,0.2,10,0.25,0.7000000000000001,12,145,COMPLETE
8268,8268,19001.5,2023-11-15 11:36:55.674321,2023-11-15 11:36:56.385528,0 days 00:00:00.711207,0.2,10,1.25,0.9,6,147,COMPLETE
8269,8269,19051.5,2023-11-15 11:36:56.388532,2023-11-15 11:36:57.089929,0 days 00:00:00.701397,0.2,10,0.75,0.9,3,142,COMPLETE
8270,8270,18393.5,2023-11-15 11:36:57.092975,2023-11-15 11:36:57.788464,0 days 00:00:00.695489,0.2,20,0.75,0.6,0,150,COMPLETE
8271,8271,15613.5,2023-11-15 11:36:57.791731,2023-11-15 11:36:58.536214,0 days 00:00:00.744483,0.8,10,0.75,0.5,19,145,COMPLETE
8272,8272,18918.0,2023-11-15 11:36:58.539066,2023-11-15 11:36:59.234184,0 days 00:00:00.695118,0.1,10,0.75,0.9,2,139,COMPLETE
8273,8273,13555.0,2023-11-15 11:36:59.236822,2023-11-15 11:36:59.992924,0 days 00:00:00.756102,0.2,90,1.0,0.8,4,147,COMPLETE
8274,8274,19197.5,2023-11-15 11:36:59.995504,2023-11-15 11:37:00.751762,0 days 00:00:00.756258,0.1,10,0.75,0.9,0,143,COMPLETE
8275,8275,19262.75,2023-11-15 11:37:00.754278,2023-11-15 11:37:01.472068,0 days 00:00:00.717790,0.2,10,0.75,0.9,6,148,COMPLETE
8276,8276,18966.5,2023-11-15 11:37:01.475001,2023-11-15 11:37:02.200737,0 days 00:00:00.725736,0.4,10,1.0,0.9,2,136,COMPLETE
8277,8277,19066.25,2023-11-15 11:37:02.203191,2023-11-15 11:37:02.914050,0 days 00:00:00.710859,0.2,10,0.75,0.9,16,141,COMPLETE
8278,8278,18501.5,2023-11-15 11:37:02.916711,2023-11-15 11:37:03.632927,0 days 00:00:00.716216,0.2,20,0.5,0.9,0,145,COMPLETE
8279,8279,16389.5,2023-11-15 11:37:03.635406,2023-11-15 11:37:04.404293,0 days 00:00:00.768887,0.5,10,0.75,0.9,8,150,COMPLETE
8280,8280,18992.75,2023-11-15 11:37:04.407283,2023-11-15 11:37:05.115974,0 days 00:00:00.708691,0.2,10,0.75,0.9,4,143,COMPLETE
8281,8281,16494.0,2023-11-15 11:37:05.118589,2023-11-15 11:37:05.849998,0 days 00:00:00.731409,0.1,50,1.25,0.8,2,145,COMPLETE
8282,8282,19261.0,2023-11-15 11:37:05.852462,2023-11-15 11:37:06.566737,0 days 00:00:00.714275,0.30000000000000004,10,0.75,0.9,5,147,COMPLETE
8283,8283,19064.75,2023-11-15 11:37:06.569929,2023-11-15 11:37:07.299675,0 days 00:00:00.729746,0.2,10,0.75,0.9,0,139,COMPLETE
8284,8284,18639.75,2023-11-15 11:37:07.302306,2023-11-15 11:37:08.038007,0 days 00:00:00.735701,0.2,10,0.75,0.6,2,142,COMPLETE
8285,8285,19261.0,2023-11-15 11:37:08.041241,2023-11-15 11:37:08.761675,0 days 00:00:00.720434,0.2,10,1.0,0.9,26,147,COMPLETE
8286,8286,19165.5,2023-11-15 11:37:08.764156,2023-11-15 11:37:09.504247,0 days 00:00:00.740091,0.1,10,0.25,0.9,4,148,COMPLETE
8287,8287,18992.75,2023-11-15 11:37:09.507462,2023-11-15 11:37:10.243041,0 days 00:00:00.735579,0.2,10,0.75,0.9,7,143,COMPLETE
8288,8288,18968.0,2023-11-15 11:37:10.245514,2023-11-15 11:37:11.002571,0 days 00:00:00.757057,0.2,10,0.5,0.9,0,150,COMPLETE
8289,8289,19066.25,2023-11-15 11:37:11.005222,2023-11-15 11:37:11.715136,0 days 00:00:00.709914,0.30000000000000004,10,0.75,0.9,2,140,COMPLETE
8290,8290,18499.25,2023-11-15 11:37:11.717623,2023-11-15 11:37:12.441534,0 days 00:00:00.723911,0.2,20,0.75,0.9,3,145,COMPLETE
8291,8291,19359.75,2023-11-15 11:37:12.444056,2023-11-15 11:37:13.169656,0 days 00:00:00.725600,0.1,10,1.25,0.8,0,145,COMPLETE
8292,8292,14340.75,2023-11-15 11:37:13.172181,2023-11-15 11:37:13.975049,0 days 00:00:00.802868,0.2,10,0.75,0.9,75,136,COMPLETE
8293,8293,19132.0,2023-11-15 11:37:13.977712,2023-11-15 11:37:14.719860,0 days 00:00:00.742148,0.2,10,1.0,0.9,6,150,COMPLETE
8294,8294,19066.25,2023-11-15 11:37:14.722544,2023-11-15 11:37:15.440942,0 days 00:00:00.718398,0.2,10,0.75,0.9,10,141,COMPLETE
8295,8295,19261.0,2023-11-15 11:37:15.444088,2023-11-15 11:37:16.160047,0 days 00:00:00.715959,0.1,10,0.75,0.9,2,147,COMPLETE
8296,8296,18992.75,2023-11-15 11:37:16.162805,2023-11-15 11:37:16.882259,0 days 00:00:00.719454,0.2,10,0.75,0.9,4,143,COMPLETE
8297,8297,19163.25,2023-11-15 11:37:16.885092,2023-11-15 11:37:17.589979,0 days 00:00:00.704887,0.2,10,0.75,0.7000000000000001,0,130,COMPLETE
8298,8298,19066.5,2023-11-15 11:37:17.592767,2023-11-15 11:37:18.334769,0 days 00:00:00.742002,0.2,10,1.0,0.9,2,138,COMPLETE
8299,8299,18584.75,2023-11-15 11:37:18.338003,2023-11-15 11:37:19.066174,0 days 00:00:00.728171,0.2,20,0.75,0.9,5,147,COMPLETE
8300,8300,19261.0,2023-11-15 11:37:19.069013,2023-11-15 11:37:19.811662,0 days 00:00:00.742649,0.30000000000000004,10,0.75,0.1,0,144,COMPLETE
8301,8301,19164.25,2023-11-15 11:37:19.814533,2023-11-15 11:37:20.532980,0 days 00:00:00.718447,0.2,10,0.5,0.9,3,150,COMPLETE
8302,8302,19170.5,2023-11-15 11:37:20.535435,2023-11-15 11:37:21.267102,0 days 00:00:00.731667,0.1,10,0.75,0.9,7,142,COMPLETE
8303,8303,14718.75,2023-11-15 11:37:21.269645,2023-11-15 11:37:22.034461,0 days 00:00:00.764816,0.2,10,1.0,0.5,2,145,COMPLETE
8304,8304,19261.0,2023-11-15 11:37:22.037020,2023-11-15 11:37:22.761969,0 days 00:00:00.724949,0.2,10,0.75,0.8,4,147,COMPLETE
8305,8305,19166.0,2023-11-15 11:37:22.764565,2023-11-15 11:37:23.465218,0 days 00:00:00.700653,0.1,10,1.25,0.9,0,140,COMPLETE
8306,8306,19201.25,2023-11-15 11:37:23.468241,2023-11-15 11:37:24.188221,0 days 00:00:00.719980,0.2,10,0.75,0.9,2,148,COMPLETE
8307,8307,18970.25,2023-11-15 11:37:24.191076,2023-11-15 11:37:24.914879,0 days 00:00:00.723803,0.2,10,0.5,0.9,8,144,COMPLETE
8308,8308,16744.75,2023-11-15 11:37:24.917524,2023-11-15 11:37:25.652411,0 days 00:00:00.734887,0.2,40,0.75,0.9,5,138,COMPLETE
8309,8309,18394.75,2023-11-15 11:37:25.654957,2023-11-15 11:37:26.382069,0 days 00:00:00.727112,0.2,20,0.75,0.6,0,141,COMPLETE
8310,8310,19163.5,2023-11-15 11:37:26.384590,2023-11-15 11:37:27.080111,0 days 00:00:00.695521,0.2,10,1.75,0.9,2,150,COMPLETE
8311,8311,10184.5,2023-11-15 11:37:27.082639,2023-11-15 11:37:27.813295,0 days 00:00:00.730656,0.1,10,0.25,0.4,4,54,COMPLETE
8312,8312,19083.75,2023-11-15 11:37:27.816257,2023-11-15 11:37:28.563093,0 days 00:00:00.746836,0.6,10,1.0,0.9,0,147,COMPLETE
8313,8313,19033.75,2023-11-15 11:37:28.565627,2023-11-15 11:37:29.345167,0 days 00:00:00.779540,0.4,10,0.75,0.9,6,145,COMPLETE
