,number,value,datetime_start,datetime_complete,duration,params_alpha,params_decay_interval,params_decay_rate,params_gamma,params_initialization,params_max_steps,state
862,862,18209.25,2023-11-15 13:19:00.405737,2023-11-15 13:19:00.589317,0 days 00:00:00.183580,0.8,10,1.25,0.7000000000000001,16,98,COMPLETE
863,863,18394.5,2023-11-15 13:19:00.591387,2023-11-15 13:19:00.732269,0 days 00:00:00.140882,0.8,10,1.25,0.8,8,96,COMPLETE
864,864,18209.75,2023-11-15 13:19:00.736177,2023-11-15 13:19:00.935678,0 days 00:00:00.199501,0.8,10,1.5,0.8,18,99,COMPLETE
865,865,18212.75,2023-11-15 13:19:00.936699,2023-11-15 13:19:01.078609,0 days 00:00:00.141910,0.8,10,1.25,0.8,21,92,COMPLETE
866,866,18492.5,2023-11-15 13:19:01.079662,2023-11-15 13:19:01.216520,0 days 00:00:00.136858,0.8,10,1.25,0.8,15,100,COMPLETE
867,867,18399.75,2023-11-15 13:19:01.217570,2023-11-15 13:19:01.365805,0 days 00:00:00.148235,0.8,10,1.5,0.8,10,97,COMPLETE
868,868,18030.0,2023-11-15 13:19:01.366887,2023-11-15 13:19:01.519430,0 days 00:00:00.152543,0.8,20,1.25,0.8,3,94,COMPLETE
869,869,199.5,2023-11-15 13:19:01.520474,2023-11-15 13:19:01.910603,0 days 00:00:00.390129,0.7000000000000001,10,1.25,0.8,0,98,COMPLETE
870,870,18401.0,2023-11-15 13:19:01.911631,2023-11-15 13:19:02.054989,0 days 00:00:00.143358,0.8,10,1.0,0.8,20,100,COMPLETE
871,871,18112.5,2023-11-15 13:19:02.056284,2023-11-15 13:19:02.194454,0 days 00:00:00.138170,0.8,10,1.25,0.8,12,95,COMPLETE
872,872,16110.75,2023-11-15 13:19:02.195502,2023-11-15 13:19:02.348075,0 days 00:00:00.152573,0.8,50,1.25,0.8,6,97,COMPLETE
873,873,16539.25,2023-11-15 13:19:02.349123,2023-11-15 13:19:02.483829,0 days 00:00:00.134706,0.8,10,1.25,0.7000000000000001,17,62,COMPLETE
874,874,18209.75,2023-11-15 13:19:02.485006,2023-11-15 13:19:02.666699,0 days 00:00:00.181693,0.8,10,1.5,0.8,14,99,COMPLETE
875,875,18394.5,2023-11-15 13:19:02.667693,2023-11-15 13:19:02.810594,0 days 00:00:00.142901,0.8,10,1.25,0.8,8,96,COMPLETE
876,876,18026.5,2023-11-15 13:19:02.811675,2023-11-15 13:19:02.956658,0 days 00:00:00.144983,0.8,10,1.25,0.8,49,98,COMPLETE
877,877,18492.5,2023-11-15 13:19:02.958364,2023-11-15 13:19:03.097688,0 days 00:00:00.139324,0.8,10,1.25,0.8,19,100,COMPLETE
878,878,17466.25,2023-11-15 13:19:03.098926,2023-11-15 13:19:03.247490,0 days 00:00:00.148564,0.8,20,1.0,0.8,22,97,COMPLETE
879,879,18681.25,2023-11-15 13:19:03.248549,2023-11-15 13:19:03.391966,0 days 00:00:00.143417,0.8,10,1.25,0.8,15,99,COMPLETE
880,880,17092.5,2023-11-15 13:19:03.393017,2023-11-15 13:19:03.533359,0 days 00:00:00.140342,0.8,10,1.25,0.8,11,43,COMPLETE
881,881,18486.25,2023-11-15 13:19:03.534465,2023-11-15 13:19:03.677913,0 days 00:00:00.143448,0.8,10,1.25,0.8,4,94,COMPLETE
882,882,18214.75,2023-11-15 13:19:03.679077,2023-11-15 13:19:03.821311,0 days 00:00:00.142234,0.7000000000000001,10,1.5,0.7000000000000001,17,100,COMPLETE
883,883,18301.75,2023-11-15 13:19:03.822336,2023-11-15 13:19:03.987833,0 days 00:00:00.165497,0.8,10,1.25,0.8,20,96,COMPLETE
884,884,18022.0,2023-11-15 13:19:03.992132,2023-11-15 13:19:04.152711,0 days 00:00:00.160579,0.8,10,1.0,0.8,13,98,COMPLETE
885,885,17933.75,2023-11-15 13:19:04.153717,2023-11-15 13:19:04.297132,0 days 00:00:00.143415,0.8,10,1.25,0.8,70,98,COMPLETE
886,886,18394.5,2023-11-15 13:19:04.298235,2023-11-15 13:19:04.462270,0 days 00:00:00.164035,0.8,10,1.25,0.8,7,96,COMPLETE
887,887,18492.5,2023-11-15 13:19:04.463630,2023-11-15 13:19:04.642135,0 days 00:00:00.178505,0.8,10,1.25,0.8,2,100,COMPLETE
888,888,17830.75,2023-11-15 13:19:04.655848,2023-11-15 13:19:04.850462,0 days 00:00:00.194614,0.8,20,1.25,0.8,16,98,COMPLETE
889,889,17837.25,2023-11-15 13:19:04.851594,2023-11-15 13:19:05.032704,0 days 00:00:00.181110,0.8,10,1.25,0.8,10,95,COMPLETE
890,890,18396.25,2023-11-15 13:19:05.033766,2023-11-15 13:19:05.177981,0 days 00:00:00.144215,0.8,10,1.5,0.8,19,92,COMPLETE
891,891,18492.5,2023-11-15 13:19:05.179119,2023-11-15 13:19:05.313308,0 days 00:00:00.134189,0.8,10,1.25,0.8,5,100,COMPLETE
892,892,17983.25,2023-11-15 13:19:05.314479,2023-11-15 13:19:05.488215,0 days 00:00:00.173736,0.8,10,1.0,0.6,40,97,COMPLETE
893,893,18023.5,2023-11-15 13:19:05.489831,2023-11-15 13:19:05.666867,0 days 00:00:00.177036,0.8,10,1.25,0.8,22,98,COMPLETE
894,894,18401.5,2023-11-15 13:19:05.667839,2023-11-15 13:19:05.804803,0 days 00:00:00.136964,0.7000000000000001,10,1.25,0.8,15,100,COMPLETE
895,895,18121.0,2023-11-15 13:19:05.805839,2023-11-15 13:19:05.943514,0 days 00:00:00.137675,0.8,10,1.0,0.7000000000000001,18,94,COMPLETE
896,896,18394.5,2023-11-15 13:19:05.944664,2023-11-15 13:19:06.089998,0 days 00:00:00.145334,0.8,10,1.25,0.8,13,96,COMPLETE
897,897,18398.5,2023-11-15 13:19:06.091602,2023-11-15 13:19:06.238265,0 days 00:00:00.146663,0.8,10,1.5,0.8,9,98,COMPLETE
898,898,18311.0,2023-11-15 13:19:06.239392,2023-11-15 13:19:06.383653,0 days 00:00:00.144261,0.8,10,1.25,0.30000000000000004,4,100,COMPLETE
899,899,18024.75,2023-11-15 13:19:06.384848,2023-11-15 13:19:06.522061,0 days 00:00:00.137213,0.8,10,1.25,0.5,17,98,COMPLETE
900,900,199.5,2023-11-15 13:19:06.523650,2023-11-15 13:19:06.930901,0 days 00:00:00.407251,0.8,10,1.25,0.8,0,96,COMPLETE
901,901,17919.25,2023-11-15 13:19:06.932203,2023-11-15 13:19:07.076821,0 days 00:00:00.144618,0.8,20,1.25,0.8,20,99,COMPLETE
902,902,18207.75,2023-11-15 13:19:07.078129,2023-11-15 13:19:07.222434,0 days 00:00:00.144305,0.8,10,1.25,0.8,15,93,COMPLETE
903,903,18400.5,2023-11-15 13:19:07.223656,2023-11-15 13:19:07.370129,0 days 00:00:00.146473,0.8,10,1.5,0.8,11,100,COMPLETE
904,904,18394.5,2023-11-15 13:19:07.371262,2023-11-15 13:19:07.516243,0 days 00:00:00.144981,0.8,10,1.25,0.8,7,96,COMPLETE
905,905,17969.75,2023-11-15 13:19:07.517670,2023-11-15 13:19:07.667529,0 days 00:00:00.149859,0.7000000000000001,10,0.5,0.8,2,98,COMPLETE
906,906,18399.5,2023-11-15 13:19:07.668619,2023-11-15 13:19:07.807374,0 days 00:00:00.138755,0.8,10,1.25,0.8,22,90,COMPLETE
907,907,13493.75,2023-11-15 13:19:07.808723,2023-11-15 13:19:07.966886,0 days 00:00:00.158163,0.30000000000000004,80,1.0,0.8,18,95,COMPLETE
908,908,18218.0,2023-11-15 13:19:07.967877,2023-11-15 13:19:08.102141,0 days 00:00:00.134264,0.8,10,1.25,0.8,13,97,COMPLETE
909,909,18223.75,2023-11-15 13:19:08.103355,2023-11-15 13:19:08.251874,0 days 00:00:00.148519,0.6,10,1.25,0.8,16,100,COMPLETE
910,910,17469.5,2023-11-15 13:19:08.253536,2023-11-15 13:19:08.397736,0 days 00:00:00.144200,0.8,10,1.0,0.7000000000000001,44,71,COMPLETE
911,911,18023.5,2023-11-15 13:19:08.398771,2023-11-15 13:19:08.543996,0 days 00:00:00.145225,0.8,10,1.25,0.8,9,98,COMPLETE
912,912,12479.5,2023-11-15 13:19:08.545158,2023-11-15 13:19:08.715746,0 days 00:00:00.170588,0.8,100,1.25,0.8,20,100,COMPLETE
913,913,16820.25,2023-11-15 13:19:08.716895,2023-11-15 13:19:08.908668,0 days 00:00:00.191773,0.8,40,1.5,0.8,5,97,COMPLETE
914,914,16823.75,2023-11-15 13:19:08.909969,2023-11-15 13:19:09.056028,0 days 00:00:00.146059,0.8,20,1.25,0.8,12,65,COMPLETE
915,915,18410.75,2023-11-15 13:19:09.057412,2023-11-15 13:19:09.203102,0 days 00:00:00.145690,0.8,10,1.25,0.8,14,94,COMPLETE
916,916,18114.25,2023-11-15 13:19:09.204229,2023-11-15 13:19:09.349490,0 days 00:00:00.145261,0.8,10,1.25,0.8,18,84,COMPLETE
917,917,18022.0,2023-11-15 13:19:09.350550,2023-11-15 13:19:09.490247,0 days 00:00:00.139697,0.8,10,1.0,0.8,3,98,COMPLETE
918,918,18303.75,2023-11-15 13:19:09.491798,2023-11-15 13:19:09.645039,0 days 00:00:00.153241,0.8,10,1.25,0.7000000000000001,7,96,COMPLETE
919,919,18305.75,2023-11-15 13:19:09.648129,2023-11-15 13:19:09.937477,0 days 00:00:00.289348,0.8,10,1.5,0.8,16,100,COMPLETE
920,920,18211.25,2023-11-15 13:19:09.938964,2023-11-15 13:19:10.116847,0 days 00:00:00.177883,0.7000000000000001,10,1.25,0.8,21,98,COMPLETE
921,921,16661.5,2023-11-15 13:19:10.117835,2023-11-15 13:19:10.273342,0 days 00:00:00.155507,0.5,20,1.25,0.8,66,95,COMPLETE
922,922,17006.0,2023-11-15 13:19:10.274871,2023-11-15 13:19:10.412608,0 days 00:00:00.137737,0.8,10,1.25,0.8,10,52,COMPLETE
923,923,18681.25,2023-11-15 13:19:10.413809,2023-11-15 13:19:10.562285,0 days 00:00:00.148476,0.8,10,1.25,0.8,14,99,COMPLETE
924,924,18122.5,2023-11-15 13:19:10.563631,2023-11-15 13:19:10.705737,0 days 00:00:00.142106,0.8,10,1.25,0.8,19,97,COMPLETE
925,925,18305.75,2023-11-15 13:19:10.707413,2023-11-15 13:19:10.846174,0 days 00:00:00.138761,0.8,10,1.5,0.8,6,100,COMPLETE
926,926,18218.0,2023-11-15 13:19:10.847301,2023-11-15 13:19:10.990214,0 days 00:00:00.142913,0.8,10,1.25,0.8,17,97,COMPLETE
927,927,18681.25,2023-11-15 13:19:10.991772,2023-11-15 13:19:11.129775,0 days 00:00:00.138003,0.8,10,1.25,0.8,12,99,COMPLETE
928,928,17837.25,2023-11-15 13:19:11.130770,2023-11-15 13:19:11.271489,0 days 00:00:00.140719,0.8,10,1.25,0.8,2,95,COMPLETE
929,929,18022.0,2023-11-15 13:19:11.272719,2023-11-15 13:19:11.414954,0 days 00:00:00.142235,0.8,10,1.0,0.8,15,98,COMPLETE
930,930,18212.25,2023-11-15 13:19:11.416121,2023-11-15 13:19:11.557197,0 days 00:00:00.141076,0.8,10,1.25,0.7000000000000001,22,100,COMPLETE
931,931,17932.0,2023-11-15 13:19:11.558779,2023-11-15 13:19:11.701062,0 days 00:00:00.142283,0.8,10,1.25,0.8,8,78,COMPLETE
932,932,18205.0,2023-11-15 13:19:11.702324,2023-11-15 13:19:11.841977,0 days 00:00:00.139653,0.7000000000000001,10,1.5,0.8,4,93,COMPLETE
933,933,15242.75,2023-11-15 13:19:11.843180,2023-11-15 13:19:12.016605,0 days 00:00:00.173425,0.8,60,1.25,0.8,72,96,COMPLETE
934,934,17830.75,2023-11-15 13:19:12.019634,2023-11-15 13:19:12.215522,0 days 00:00:00.195888,0.8,20,1.25,0.8,17,98,COMPLETE
935,935,18492.5,2023-11-15 13:19:12.216610,2023-11-15 13:19:12.357446,0 days 00:00:00.140836,0.8,10,1.25,0.8,19,100,COMPLETE
936,936,18394.5,2023-11-15 13:19:12.358708,2023-11-15 13:19:12.496874,0 days 00:00:00.138166,0.8,10,1.25,0.8,12,96,COMPLETE
937,937,18022.0,2023-11-15 13:19:12.497884,2023-11-15 13:19:12.640468,0 days 00:00:00.142584,0.8,10,1.0,0.8,15,98,COMPLETE
938,938,18399.0,2023-11-15 13:19:12.642004,2023-11-15 13:19:12.781792,0 days 00:00:00.139788,0.8,10,1.25,0.7000000000000001,9,100,COMPLETE
939,939,18212.75,2023-11-15 13:19:12.782870,2023-11-15 13:19:12.922184,0 days 00:00:00.139314,0.8,10,1.5,0.8,21,94,COMPLETE
940,940,18023.5,2023-11-15 13:19:12.923462,2023-11-15 13:19:13.064799,0 days 00:00:00.141337,0.8,10,1.25,0.8,18,98,COMPLETE
941,941,18394.5,2023-11-15 13:19:13.065914,2023-11-15 13:19:13.203117,0 days 00:00:00.137203,0.8,10,1.25,0.8,6,96,COMPLETE
942,942,199.5,2023-11-15 13:19:13.204178,2023-11-15 13:19:13.626187,0 days 00:00:00.422009,0.8,20,1.25,0.8,0,100,COMPLETE
943,943,16654.5,2023-11-15 13:19:13.627314,2023-11-15 13:19:13.775225,0 days 00:00:00.147911,0.8,10,1.25,0.8,13,49,COMPLETE
944,944,18022.0,2023-11-15 13:19:13.776369,2023-11-15 13:19:13.927285,0 days 00:00:00.150916,0.8,10,1.0,0.8,16,98,COMPLETE
945,945,16827.5,2023-11-15 13:19:13.928446,2023-11-15 13:19:14.076195,0 days 00:00:00.147749,0.8,10,1.5,0.8,4,56,COMPLETE
946,946,18218.0,2023-11-15 13:19:14.077266,2023-11-15 13:19:14.227100,0 days 00:00:00.149834,0.8,10,1.25,0.8,10,97,COMPLETE
947,947,18401.75,2023-11-15 13:19:14.228211,2023-11-15 13:19:14.370356,0 days 00:00:00.142145,0.7000000000000001,10,1.25,0.8,20,100,COMPLETE
948,948,18486.25,2023-11-15 13:19:14.371470,2023-11-15 13:19:14.515311,0 days 00:00:00.143841,0.8,10,1.25,0.8,2,94,COMPLETE
949,949,17830.75,2023-11-15 13:19:14.516781,2023-11-15 13:19:14.661131,0 days 00:00:00.144350,0.8,20,1.25,0.8,15,98,COMPLETE
950,950,18208.75,2023-11-15 13:19:14.662265,2023-11-15 13:19:14.813864,0 days 00:00:00.151599,0.8,10,1.25,0.7000000000000001,22,96,COMPLETE
951,951,18322.0,2023-11-15 13:19:14.814921,2023-11-15 13:19:14.963943,0 days 00:00:00.149022,0.8,10,1.0,0.8,18,99,COMPLETE
952,952,18218.0,2023-11-15 13:19:14.965311,2023-11-15 13:19:15.126907,0 days 00:00:00.161596,0.8,10,1.25,0.8,13,97,COMPLETE
953,953,18310.75,2023-11-15 13:19:15.128294,2023-11-15 13:19:15.286637,0 days 00:00:00.158343,0.8,10,1.25,0.8,5,92,COMPLETE
954,954,17752.5,2023-11-15 13:19:15.288151,2023-11-15 13:19:15.441857,0 days 00:00:00.153706,0.4,10,1.5,0.8,7,100,COMPLETE
955,955,17837.25,2023-11-15 13:19:15.442849,2023-11-15 13:19:15.590834,0 days 00:00:00.147985,0.8,10,1.25,0.8,17,95,COMPLETE
956,956,18116.75,2023-11-15 13:19:15.592277,2023-11-15 13:19:15.742548,0 days 00:00:00.150271,0.8,10,1.25,0.6,10,98,COMPLETE
957,957,6833.75,2023-11-15 13:19:15.743616,2023-11-15 13:19:16.093541,0 days 00:00:00.349925,0.1,10,1.25,0.1,20,100,COMPLETE
958,958,18613.0,2023-11-15 13:19:16.094691,2023-11-15 13:19:16.240925,0 days 00:00:00.146234,0.8,10,1.0,0.7000000000000001,11,96,COMPLETE
959,959,18023.5,2023-11-15 13:19:16.242332,2023-11-15 13:19:16.387985,0 days 00:00:00.145653,0.8,10,1.25,0.8,14,98,COMPLETE
960,960,18399.5,2023-11-15 13:19:16.389336,2023-11-15 13:19:16.536123,0 days 00:00:00.146787,0.8,10,1.25,0.8,23,100,COMPLETE
961,961,17925.0,2023-11-15 13:19:16.537125,2023-11-15 13:19:16.682141,0 days 00:00:00.145016,0.8,20,1.5,0.8,16,98,COMPLETE
962,962,17837.5,2023-11-15 13:19:16.683372,2023-11-15 13:19:16.833309,0 days 00:00:00.149937,0.7000000000000001,10,1.25,0.8,19,95,COMPLETE
963,963,18023.5,2023-11-15 13:19:16.834417,2023-11-15 13:19:17.003532,0 days 00:00:00.169115,0.8,10,1.25,0.8,8,98,COMPLETE
964,964,6564.25,2023-11-15 13:19:17.004761,2023-11-15 13:19:17.149210,0 days 00:00:00.144449,0.8,10,1.25,0.8,1,12,COMPLETE
965,965,16818.75,2023-11-15 13:19:17.160772,2023-11-15 13:19:17.316423,0 days 00:00:00.155651,0.8,40,1.0,0.8,3,96,COMPLETE
966,966,18492.5,2023-11-15 13:19:17.317481,2023-11-15 13:19:17.466625,0 days 00:00:00.149144,0.8,10,1.25,0.8,14,100,COMPLETE
967,967,18300.0,2023-11-15 13:19:17.467676,2023-11-15 13:19:17.613345,0 days 00:00:00.145669,0.8,10,1.5,0.8,12,93,COMPLETE
968,968,18218.0,2023-11-15 13:19:17.614351,2023-11-15 13:19:17.764000,0 days 00:00:00.149649,0.8,10,1.25,0.8,17,97,COMPLETE
969,969,18681.25,2023-11-15 13:19:17.765057,2023-11-15 13:19:17.911015,0 days 00:00:00.145958,0.8,10,1.25,0.8,6,99,COMPLETE
970,970,18492.5,2023-11-15 13:19:17.912066,2023-11-15 13:19:18.059277,0 days 00:00:00.147211,0.8,10,1.25,0.8,19,100,COMPLETE
971,971,17740.25,2023-11-15 13:19:18.060320,2023-11-15 13:19:18.354440,0 days 00:00:00.294120,0.8,20,1.25,0.7000000000000001,21,97,COMPLETE
972,972,16735.5,2023-11-15 13:19:18.355936,2023-11-15 13:19:18.628675,0 days 00:00:00.272739,0.8,30,1.25,0.8,63,95,COMPLETE
973,973,18129.25,2023-11-15 13:19:18.634194,2023-11-15 13:19:18.934656,0 days 00:00:00.300462,0.7000000000000001,10,1.0,0.8,15,98,COMPLETE
974,974,18399.0,2023-11-15 13:19:18.944505,2023-11-15 13:19:19.151336,0 days 00:00:00.206831,0.8,10,1.25,0.8,11,100,COMPLETE
975,975,18395.25,2023-11-15 13:19:19.155055,2023-11-15 13:19:19.362310,0 days 00:00:00.207255,0.8,10,1.5,0.8,4,96,COMPLETE
976,976,18119.5,2023-11-15 13:19:19.365595,2023-11-15 13:19:19.622545,0 days 00:00:00.256950,0.8,10,1.25,0.8,8,81,COMPLETE
977,977,18023.5,2023-11-15 13:19:19.626154,2023-11-15 13:19:19.793644,0 days 00:00:00.167490,0.8,10,1.25,0.8,17,98,COMPLETE
978,978,18125.5,2023-11-15 13:19:19.795362,2023-11-15 13:19:19.947321,0 days 00:00:00.151959,0.8,10,1.25,0.7000000000000001,13,87,COMPLETE
979,979,17459.0,2023-11-15 13:19:19.949147,2023-11-15 13:19:20.097498,0 days 00:00:00.148351,0.8,10,1.25,0.8,22,59,COMPLETE
980,980,18209.75,2023-11-15 13:19:20.098552,2023-11-15 13:19:20.258688,0 days 00:00:00.160136,0.8,10,1.5,0.8,18,99,COMPLETE
981,981,391.5,2023-11-15 13:19:20.260075,2023-11-15 13:19:20.672894,0 days 00:00:00.412819,0.8,20,1.0,0.8,0,93,COMPLETE
982,982,18218.0,2023-11-15 13:19:20.674375,2023-11-15 13:19:20.819947,0 days 00:00:00.145572,0.8,10,1.25,0.8,16,97,COMPLETE
983,983,18492.5,2023-11-15 13:19:20.821004,2023-11-15 13:19:20.995175,0 days 00:00:00.174171,0.8,10,1.25,0.8,5,100,COMPLETE
984,984,17837.25,2023-11-15 13:19:20.996474,2023-11-15 13:19:21.148675,0 days 00:00:00.152201,0.8,10,1.25,0.8,9,95,COMPLETE
985,985,18213.75,2023-11-15 13:19:21.149734,2023-11-15 13:19:21.295439,0 days 00:00:00.145705,0.7000000000000001,10,1.25,0.8,20,98,COMPLETE
986,986,14290.75,2023-11-15 13:19:21.296620,2023-11-15 13:19:21.461959,0 days 00:00:00.165339,0.8,70,1.0,0.8,15,100,COMPLETE
987,987,13850.5,2023-11-15 13:19:21.463021,2023-11-15 13:19:21.604731,0 days 00:00:00.141710,0.8,10,1.25,0.8,3,28,COMPLETE
988,988,18399.75,2023-11-15 13:19:21.605893,2023-11-15 13:19:21.752869,0 days 00:00:00.146976,0.8,10,1.5,0.8,11,97,COMPLETE
989,989,17932.0,2023-11-15 13:19:21.753871,2023-11-15 13:19:21.900852,0 days 00:00:00.146981,0.8,10,1.25,0.5,23,94,COMPLETE
990,990,18023.5,2023-11-15 13:19:21.902170,2023-11-15 13:19:22.050982,0 days 00:00:00.148812,0.8,10,1.25,0.8,19,98,COMPLETE
991,991,9382.25,2023-11-15 13:19:22.051991,2023-11-15 13:19:22.188380,0 days 00:00:00.136389,0.8,10,1.25,0.8,6,15,COMPLETE
992,992,18202.0,2023-11-15 13:19:22.189821,2023-11-15 13:19:22.331515,0 days 00:00:00.141694,0.8,20,1.25,0.8,17,96,COMPLETE
993,993,18306.5,2023-11-15 13:19:22.332596,2023-11-15 13:19:22.479109,0 days 00:00:00.146513,0.8,10,1.5,0.8,13,100,COMPLETE
994,994,18212.25,2023-11-15 13:19:22.480225,2023-11-15 13:19:22.624715,0 days 00:00:00.144490,0.8,10,1.0,0.7000000000000001,14,90,COMPLETE
995,995,18023.5,2023-11-15 13:19:22.625934,2023-11-15 13:19:22.772877,0 days 00:00:00.146943,0.8,10,1.25,0.8,2,98,COMPLETE
996,996,18394.5,2023-11-15 13:19:22.774544,2023-11-15 13:19:22.915341,0 days 00:00:00.140797,0.8,10,1.25,0.8,8,96,COMPLETE
997,997,17487.75,2023-11-15 13:19:22.916352,2023-11-15 13:19:23.069305,0 days 00:00:00.152953,0.8,10,1.25,0.2,20,99,COMPLETE
998,998,18492.5,2023-11-15 13:19:23.070435,2023-11-15 13:19:23.214889,0 days 00:00:00.144454,0.8,10,1.25,0.8,16,100,COMPLETE
999,999,18486.25,2023-11-15 13:19:23.216043,2023-11-15 13:19:23.359918,0 days 00:00:00.143875,0.8,10,1.25,0.8,10,94,COMPLETE
1000,1000,18031.75,2023-11-15 13:19:23.361017,2023-11-15 13:19:23.512102,0 days 00:00:00.151085,0.7000000000000001,10,1.0,0.8,55,97,COMPLETE
1001,1001,17925.0,2023-11-15 13:19:23.513115,2023-11-15 13:19:23.660329,0 days 00:00:00.147214,0.8,20,1.5,0.8,5,98,COMPLETE
1002,1002,18492.5,2023-11-15 13:19:23.661375,2023-11-15 13:19:23.806372,0 days 00:00:00.144997,0.8,10,1.25,0.8,19,100,COMPLETE
1003,1003,18301.75,2023-11-15 13:19:23.808006,2023-11-15 13:19:23.952990,0 days 00:00:00.144984,0.8,10,1.25,0.7000000000000001,12,96,COMPLETE
1004,1004,18023.5,2023-11-15 13:19:23.954045,2023-11-15 13:19:24.101460,0 days 00:00:00.147415,0.8,10,1.25,0.8,22,98,COMPLETE
1005,1005,17740.0,2023-11-15 13:19:24.102672,2023-11-15 13:19:24.256056,0 days 00:00:00.153384,0.6,10,1.25,0.8,16,95,COMPLETE
1006,1006,18310.75,2023-11-15 13:19:24.257411,2023-11-15 13:19:24.407966,0 days 00:00:00.150555,0.8,10,1.25,0.8,14,92,COMPLETE
1007,1007,13695.25,2023-11-15 13:19:24.409129,2023-11-15 13:19:24.553102,0 days 00:00:00.143973,0.7000000000000001,10,1.25,0.8,7,31,COMPLETE
1008,1008,18305.75,2023-11-15 13:19:24.554163,2023-11-15 13:19:24.701958,0 days 00:00:00.147795,0.8,10,1.5,0.8,2,100,COMPLETE
1009,1009,18022.0,2023-11-15 13:19:24.703123,2023-11-15 13:19:24.851068,0 days 00:00:00.147945,0.8,10,1.0,0.8,18,98,COMPLETE
1010,1010,18035.25,2023-11-15 13:19:24.852211,2023-11-15 13:19:24.997313,0 days 00:00:00.145102,0.8,10,1.25,0.8,21,75,COMPLETE
1011,1011,17839.0,2023-11-15 13:19:24.998428,2023-11-15 13:19:25.148322,0 days 00:00:00.149894,0.8,20,1.25,0.8,9,97,COMPLETE
1012,1012,18213.0,2023-11-15 13:19:25.149463,2023-11-15 13:19:25.295065,0 days 00:00:00.145602,0.8,10,1.25,0.7000000000000001,15,99,COMPLETE
1013,1013,18207.75,2023-11-15 13:19:25.296119,2023-11-15 13:19:25.443254,0 days 00:00:00.147135,0.9,10,1.25,0.8,18,96,COMPLETE
1014,1014,18305.75,2023-11-15 13:19:25.444431,2023-11-15 13:19:25.591402,0 days 00:00:00.146971,0.8,10,1.5,0.8,4,100,COMPLETE
1015,1015,16057.5,2023-11-15 13:19:25.592825,2023-11-15 13:19:25.755640,0 days 00:00:00.162815,0.8,50,1.25,0.8,24,94,COMPLETE
1016,1016,18022.0,2023-11-15 13:19:25.756895,2023-11-15 13:19:25.902657,0 days 00:00:00.145762,0.8,10,1.0,0.8,11,98,COMPLETE
1017,1017,18398.25,2023-11-15 13:19:25.903747,2023-11-15 13:19:26.050859,0 days 00:00:00.147112,0.8,10,1.25,0.8,13,100,COMPLETE
1018,1018,18394.5,2023-11-15 13:19:26.051990,2023-11-15 13:19:26.195425,0 days 00:00:00.143435,0.8,10,1.25,0.8,17,96,COMPLETE
1019,1019,18023.5,2023-11-15 13:19:26.196623,2023-11-15 13:19:26.344871,0 days 00:00:00.148248,0.8,10,1.25,0.8,6,98,COMPLETE
1020,1020,18013.5,2023-11-15 13:19:26.346021,2023-11-15 13:19:26.489386,0 days 00:00:00.143365,0.8,20,1.25,0.8,19,100,COMPLETE
1021,1021,199.5,2023-11-15 13:19:26.490993,2023-11-15 13:19:26.908815,0 days 00:00:00.417822,0.8,10,1.5,0.6,0,98,COMPLETE
1022,1022,12863.75,2023-11-15 13:19:26.909923,2023-11-15 13:19:27.081044,0 days 00:00:00.171121,0.8,90,1.25,0.8,15,95,COMPLETE
1023,1023,18307.75,2023-11-15 13:19:27.082111,2023-11-15 13:19:27.230811,0 days 00:00:00.148700,0.7000000000000001,10,1.25,0.8,21,97,COMPLETE
1024,1024,18238.5,2023-11-15 13:19:27.231875,2023-11-15 13:19:27.379439,0 days 00:00:00.147564,0.8,10,1.0,0.8,4,100,COMPLETE
1025,1025,17952.0,2023-11-15 13:19:27.380459,2023-11-15 13:19:27.530240,0 days 00:00:00.149781,0.8,10,0.5,0.7000000000000001,9,96,COMPLETE
1026,1026,18209.5,2023-11-15 13:19:27.531350,2023-11-15 13:19:27.675862,0 days 00:00:00.144512,0.9,10,1.25,0.8,13,98,COMPLETE
1027,1027,18681.25,2023-11-15 13:19:27.677044,2023-11-15 13:19:27.818424,0 days 00:00:00.141380,0.8,10,1.25,0.8,17,99,COMPLETE
1028,1028,17932.5,2023-11-15 13:19:27.819437,2023-11-15 13:19:27.967203,0 days 00:00:00.147766,0.8,10,1.25,0.30000000000000004,7,93,COMPLETE
1029,1029,18218.0,2023-11-15 13:19:27.968346,2023-11-15 13:19:28.115774,0 days 00:00:00.147428,0.8,10,1.25,0.8,2,97,COMPLETE
1030,1030,18305.75,2023-11-15 13:19:28.117000,2023-11-15 13:19:28.264796,0 days 00:00:00.147796,0.8,10,1.5,0.8,23,100,COMPLETE
1031,1031,17837.25,2023-11-15 13:19:28.265934,2023-11-15 13:19:28.413933,0 days 00:00:00.147999,0.8,10,1.25,0.8,11,95,COMPLETE
1032,1032,17830.75,2023-11-15 13:19:28.415108,2023-11-15 13:19:28.561412,0 days 00:00:00.146304,0.8,20,1.25,0.8,15,98,COMPLETE
