,number,value,datetime_start,datetime_complete,duration,params_alpha,params_decay_interval,params_decay_rate,params_gamma,params_initialization,params_max_steps,state
8894,8894,16813.0,2023-11-15 13:00:46.244222,2023-11-15 13:00:47.034479,0 days 00:00:00.790257,0.8,10,2.75,0.9,20,55,COMPLETE
8895,8895,18018.25,2023-11-15 13:00:47.037123,2023-11-15 13:00:47.822997,0 days 00:00:00.785874,0.8,10,3.0,0.8,25,74,COMPLETE
8896,8896,16533.0,2023-11-15 13:00:47.825757,2023-11-15 13:00:48.626330,0 days 00:00:00.800573,0.9,20,1.25,0.9,14,65,COMPLETE
8897,8897,19260.75,2023-11-15 13:00:48.630441,2023-11-15 13:00:49.442324,0 days 00:00:00.811883,0.8,10,3.0,0.9,18,71,COMPLETE
8898,8898,17547.25,2023-11-15 13:00:49.445709,2023-11-15 13:00:50.236556,0 days 00:00:00.790847,0.8,10,3.0,0.9,22,68,COMPLETE
8899,8899,18682.0,2023-11-15 13:00:50.239296,2023-11-15 13:00:51.031754,0 days 00:00:00.792458,0.8,10,3.0,0.9,16,75,COMPLETE
8900,8900,15672.5,2023-11-15 13:00:51.034580,2023-11-15 13:00:51.840015,0 days 00:00:00.805435,0.8,50,2.75,0.9,19,71,COMPLETE
8901,8901,11905.0,2023-11-15 13:00:51.843886,2023-11-15 13:00:52.702819,0 days 00:00:00.858933,0.8,90,3.0,0.9,27,65,COMPLETE
8902,8902,17920.75,2023-11-15 13:00:52.705480,2023-11-15 13:00:53.493235,0 days 00:00:00.787755,0.8,10,3.0,0.9,21,74,COMPLETE
8903,8903,17111.5,2023-11-15 13:00:53.496238,2023-11-15 13:00:54.279603,0 days 00:00:00.783365,0.7000000000000001,10,2.75,0.9,24,69,COMPLETE
8904,8904,17371.5,2023-11-15 13:00:54.282243,2023-11-15 13:00:55.089086,0 days 00:00:00.806843,0.8,10,2.25,0.9,17,84,COMPLETE
8905,8905,18121.5,2023-11-15 13:00:55.091818,2023-11-15 13:00:55.920765,0 days 00:00:00.828947,0.8,10,3.0,0.9,12,77,COMPLETE
8906,8906,18122.5,2023-11-15 13:00:55.923438,2023-11-15 13:00:56.700191,0 days 00:00:00.776753,0.8,10,3.0,0.9,37,72,COMPLETE
8907,8907,16620.5,2023-11-15 13:00:56.703245,2023-11-15 13:00:57.497645,0 days 00:00:00.794400,0.8,20,3.0,0.9,20,67,COMPLETE
8908,8908,17833.0,2023-11-15 13:00:57.500422,2023-11-15 13:00:58.291309,0 days 00:00:00.790887,0.8,10,3.0,0.9,15,80,COMPLETE
8909,8909,16630.0,2023-11-15 13:00:58.293958,2023-11-15 13:00:59.211245,0 days 00:00:00.917287,0.8,10,2.75,0.8,23,62,COMPLETE
8910,8910,16468.75,2023-11-15 13:00:59.215066,2023-11-15 13:01:00.039476,0 days 00:00:00.824410,0.9,30,3.0,0.7000000000000001,18,71,COMPLETE
8911,8911,17920.75,2023-11-15 13:01:00.042143,2023-11-15 13:01:00.891246,0 days 00:00:00.849103,0.8,10,3.0,0.9,20,74,COMPLETE
8912,8912,17115.5,2023-11-15 13:01:00.893869,2023-11-15 13:01:01.687010,0 days 00:00:00.793141,0.8,10,3.0,0.9,22,69,COMPLETE
8913,8913,18118.5,2023-11-15 13:01:01.689632,2023-11-15 13:01:02.496467,0 days 00:00:00.806835,0.8,10,2.5,0.9,56,77,COMPLETE
8914,8914,8274.5,2023-11-15 13:01:02.500044,2023-11-15 13:01:03.284314,0 days 00:00:00.784270,0.8,10,2.75,0.9,16,13,COMPLETE
8915,8915,17654.5,2023-11-15 13:01:03.287085,2023-11-15 13:01:04.072783,0 days 00:00:00.785698,0.8,10,3.0,0.9,25,65,COMPLETE
8916,8916,18392.25,2023-11-15 13:01:04.075375,2023-11-15 13:01:04.865533,0 days 00:00:00.790158,0.8,20,2.75,0.9,13,71,COMPLETE
8917,8917,17642.25,2023-11-15 13:01:04.869089,2023-11-15 13:01:05.689336,0 days 00:00:00.820247,0.8,10,3.0,0.8,18,68,COMPLETE
8918,8918,17640.25,2023-11-15 13:01:05.691970,2023-11-15 13:01:06.482704,0 days 00:00:00.790734,0.7000000000000001,10,3.0,0.9,21,74,COMPLETE
8919,8919,18122.5,2023-11-15 13:01:06.486383,2023-11-15 13:01:07.291592,0 days 00:00:00.805209,0.8,10,3.0,0.9,23,72,COMPLETE
8920,8920,16719.5,2023-11-15 13:01:07.294242,2023-11-15 13:01:08.087593,0 days 00:00:00.793351,0.8,10,3.0,0.9,27,66,COMPLETE
8921,8921,18121.5,2023-11-15 13:01:08.090942,2023-11-15 13:01:08.907912,0 days 00:00:00.816970,0.8,10,2.75,0.9,19,77,COMPLETE
8922,8922,17461.25,2023-11-15 13:01:08.910666,2023-11-15 13:01:09.701078,0 days 00:00:00.790412,0.8,10,3.0,0.9,16,60,COMPLETE
8923,8923,17115.5,2023-11-15 13:01:09.703955,2023-11-15 13:01:10.500247,0 days 00:00:00.796292,0.8,10,3.0,0.9,20,69,COMPLETE
8924,8924,19260.75,2023-11-15 13:01:10.503150,2023-11-15 13:01:11.290037,0 days 00:00:00.786887,0.9,10,3.0,0.9,11,74,COMPLETE
8925,8925,16543.25,2023-11-15 13:01:11.293489,2023-11-15 13:01:12.123130,0 days 00:00:00.829641,0.8,10,2.75,0.9,14,63,COMPLETE
8926,8926,17923.0,2023-11-15 13:01:12.125785,2023-11-15 13:01:12.947621,0 days 00:00:00.821836,0.6,10,3.0,0.9,24,70,COMPLETE
8927,8927,15765.0,2023-11-15 13:01:12.951401,2023-11-15 13:01:13.902462,0 days 00:00:00.951061,0.8,10,3.0,0.9,18,41,COMPLETE
8928,8928,17739.5,2023-11-15 13:01:13.905329,2023-11-15 13:01:14.838876,0 days 00:00:00.933547,0.8,10,3.0,0.9,21,81,COMPLETE
8929,8929,11632.75,2023-11-15 13:01:14.843164,2023-11-15 13:01:15.715752,0 days 00:00:00.872588,0.5,80,2.0,0.9,29,67,COMPLETE
8930,8930,18490.0,2023-11-15 13:01:15.718940,2023-11-15 13:01:16.512114,0 days 00:00:00.793174,0.7000000000000001,10,2.75,0.9,16,72,COMPLETE
8931,8931,17274.5,2023-11-15 13:01:16.514752,2023-11-15 13:01:17.315572,0 days 00:00:00.800820,0.8,20,3.0,0.8,51,77,COMPLETE
8932,8932,17920.75,2023-11-15 13:01:17.318377,2023-11-15 13:01:18.100871,0 days 00:00:00.782494,0.8,10,3.0,0.9,23,74,COMPLETE
8933,8933,17731.5,2023-11-15 13:01:18.104097,2023-11-15 13:01:18.925000,0 days 00:00:00.820903,0.8,10,2.75,0.9,19,70,COMPLETE
8934,8934,17549.75,2023-11-15 13:01:18.928124,2023-11-15 13:01:19.708069,0 days 00:00:00.779945,0.8,10,2.5,0.9,14,68,COMPLETE
8935,8935,17649.5,2023-11-15 13:01:19.710979,2023-11-15 13:01:20.488728,0 days 00:00:00.777749,0.9,10,3.0,0.9,17,65,COMPLETE
8936,8936,17579.25,2023-11-15 13:01:20.491366,2023-11-15 13:01:21.286913,0 days 00:00:00.795547,0.4,10,3.0,0.9,26,75,COMPLETE
8937,8937,18122.5,2023-11-15 13:01:21.289717,2023-11-15 13:01:22.115613,0 days 00:00:00.825896,0.8,10,3.0,0.9,21,72,COMPLETE
8938,8938,12862.5,2023-11-15 13:01:22.119602,2023-11-15 13:01:22.939587,0 days 00:00:00.819985,0.30000000000000004,60,2.75,0.9,18,78,COMPLETE
8939,8939,13048.75,2023-11-15 13:01:22.942243,2023-11-15 13:01:23.752499,0 days 00:00:00.810256,0.1,20,3.0,0.9,34,71,COMPLETE
8940,8940,16543.25,2023-11-15 13:01:23.755257,2023-11-15 13:01:24.554860,0 days 00:00:00.799603,0.8,10,3.0,0.9,23,63,COMPLETE
8941,8941,17547.25,2023-11-15 13:01:24.557542,2023-11-15 13:01:25.373863,0 days 00:00:00.816321,0.8,10,3.0,0.9,15,68,COMPLETE
8942,8942,17920.75,2023-11-15 13:01:25.376993,2023-11-15 13:01:26.173821,0 days 00:00:00.796828,0.8,10,3.0,0.9,20,74,COMPLETE
8943,8943,16354.5,2023-11-15 13:01:26.176698,2023-11-15 13:01:26.980664,0 days 00:00:00.803966,0.8,40,2.75,0.9,22,66,COMPLETE
8944,8944,17737.25,2023-11-15 13:01:26.983382,2023-11-15 13:01:27.777022,0 days 00:00:00.793640,0.7000000000000001,10,2.25,0.8,25,70,COMPLETE
8945,8945,16923.25,2023-11-15 13:01:27.780001,2023-11-15 13:01:28.669361,0 days 00:00:00.889360,0.8,10,3.0,0.9,17,76,COMPLETE
8946,8946,17741.0,2023-11-15 13:01:28.672685,2023-11-15 13:01:29.539607,0 days 00:00:00.866922,0.8,10,2.5,0.9,19,80,COMPLETE
8947,8947,18122.5,2023-11-15 13:01:29.542459,2023-11-15 13:01:30.329302,0 days 00:00:00.786843,0.8,10,3.0,0.9,12,72,COMPLETE
8948,8948,17547.25,2023-11-15 13:01:30.332372,2023-11-15 13:01:31.129803,0 days 00:00:00.797431,0.8,10,2.75,0.9,21,68,COMPLETE
8949,8949,17188.25,2023-11-15 13:01:31.132448,2023-11-15 13:01:31.979150,0 days 00:00:00.846702,0.8,20,3.0,0.9,16,74,COMPLETE
8950,8950,17374.25,2023-11-15 13:01:31.982335,2023-11-15 13:01:32.774043,0 days 00:00:00.791708,0.9,10,2.75,0.6,24,65,COMPLETE
8951,8951,19260.75,2023-11-15 13:01:32.776710,2023-11-15 13:01:33.573448,0 days 00:00:00.796738,0.8,10,3.0,0.9,14,71,COMPLETE
8952,8952,16923.25,2023-11-15 13:01:33.576203,2023-11-15 13:01:34.378902,0 days 00:00:00.802699,0.8,10,3.0,0.9,19,76,COMPLETE
8953,8953,17115.5,2023-11-15 13:01:34.382065,2023-11-15 13:01:35.206455,0 days 00:00:00.824390,0.8,10,3.0,0.9,22,69,COMPLETE
8954,8954,17369.5,2023-11-15 13:01:35.209159,2023-11-15 13:01:36.002540,0 days 00:00:00.793381,0.8,10,3.0,0.9,27,73,COMPLETE
8955,8955,16719.5,2023-11-15 13:01:36.005584,2023-11-15 13:01:36.808885,0 days 00:00:00.803301,0.8,10,3.0,0.9,17,66,COMPLETE
8956,8956,16274.5,2023-11-15 13:01:36.812017,2023-11-15 13:01:37.615613,0 days 00:00:00.803596,0.8,10,2.75,0.2,20,62,COMPLETE
8957,8957,17369.25,2023-11-15 13:01:37.619451,2023-11-15 13:01:38.438674,0 days 00:00:00.819223,0.8,10,3.0,0.9,18,79,COMPLETE
8958,8958,0.0,2023-11-15 13:01:38.441495,2023-11-15 13:01:39.206491,0 days 00:00:00.764996,0.8,20,3.0,0.8,24,1,COMPLETE
8959,8959,16914.5,2023-11-15 13:01:39.209433,2023-11-15 13:01:39.991088,0 days 00:00:00.781655,0.8,10,3.0,0.30000000000000004,10,58,COMPLETE
8960,8960,17551.5,2023-11-15 13:01:39.994232,2023-11-15 13:01:40.800858,0 days 00:00:00.806626,0.8,10,3.0,0.4,14,70,COMPLETE
8961,8961,17369.5,2023-11-15 13:01:40.803617,2023-11-15 13:01:41.609549,0 days 00:00:00.805932,0.8,10,2.75,0.9,21,73,COMPLETE
8962,8962,17549.5,2023-11-15 13:01:41.612985,2023-11-15 13:01:42.411575,0 days 00:00:00.798590,0.7000000000000001,10,3.0,0.9,15,68,COMPLETE
8963,8963,17378.25,2023-11-15 13:01:42.415290,2023-11-15 13:01:43.335063,0 days 00:00:00.919773,0.8,10,2.75,0.9,18,76,COMPLETE
8964,8964,19260.75,2023-11-15 13:01:43.339095,2023-11-15 13:01:44.201050,0 days 00:00:00.861955,0.8,10,3.0,0.9,22,71,COMPLETE
8965,8965,18398.5,2023-11-15 13:01:44.203778,2023-11-15 13:01:45.008197,0 days 00:00:00.804419,0.8,10,3.0,0.9,25,109,COMPLETE
8966,8966,16928.25,2023-11-15 13:01:45.010970,2023-11-15 13:01:45.823477,0 days 00:00:00.812507,0.8,10,2.5,0.9,20,64,COMPLETE
8967,8967,17917.0,2023-11-15 13:01:45.826137,2023-11-15 13:01:46.617288,0 days 00:00:00.791151,0.8,10,3.0,0.9,16,67,COMPLETE
8968,8968,17095.75,2023-11-15 13:01:46.620124,2023-11-15 13:01:47.430953,0 days 00:00:00.810829,0.9,20,3.0,0.9,12,74,COMPLETE
8969,8969,17285.25,2023-11-15 13:01:47.434263,2023-11-15 13:01:48.262300,0 days 00:00:00.828037,0.8,10,2.75,0.9,84,84,COMPLETE
8970,8970,19260.75,2023-11-15 13:01:48.265125,2023-11-15 13:01:49.057634,0 days 00:00:00.792509,0.8,10,3.0,0.9,19,71,COMPLETE
8971,8971,17404.75,2023-11-15 13:01:49.060531,2023-11-15 13:01:49.872052,0 days 00:00:00.811521,0.8,10,0.5,0.8,29,77,COMPLETE
8972,8972,17549.5,2023-11-15 13:01:49.874949,2023-11-15 13:01:50.683881,0 days 00:00:00.808932,0.7000000000000001,10,3.0,0.9,23,68,COMPLETE
8973,8973,17369.5,2023-11-15 13:01:50.687107,2023-11-15 13:01:51.509209,0 days 00:00:00.822102,0.8,10,3.0,0.9,17,73,COMPLETE
8974,8974,17825.5,2023-11-15 13:01:51.512532,2023-11-15 13:01:52.314796,0 days 00:00:00.802264,0.8,10,2.75,0.9,26,70,COMPLETE
8975,8975,17833.0,2023-11-15 13:01:52.317809,2023-11-15 13:01:53.109820,0 days 00:00:00.792011,0.8,10,3.0,0.9,22,80,COMPLETE
8976,8976,13006.75,2023-11-15 13:01:53.113187,2023-11-15 13:01:53.934639,0 days 00:00:00.821452,0.8,50,3.0,0.9,19,64,COMPLETE
8977,8977,18682.0,2023-11-15 13:01:53.938137,2023-11-15 13:01:54.743765,0 days 00:00:00.805628,0.8,10,3.0,0.9,15,75,COMPLETE
8978,8978,17917.25,2023-11-15 13:01:54.747082,2023-11-15 13:01:55.550469,0 days 00:00:00.803387,0.8,10,2.5,0.9,21,67,COMPLETE
8979,8979,18392.25,2023-11-15 13:01:55.553449,2023-11-15 13:01:56.351635,0 days 00:00:00.798186,0.8,20,2.75,0.9,17,71,COMPLETE
8980,8980,17369.5,2023-11-15 13:01:56.354342,2023-11-15 13:01:57.145176,0 days 00:00:00.790834,0.8,10,3.0,0.9,7,73,COMPLETE
8981,8981,17381.75,2023-11-15 13:01:57.148172,2023-11-15 13:01:58.173164,0 days 00:00:01.024992,0.9,10,3.0,0.8,24,69,COMPLETE
8982,8982,17360.25,2023-11-15 13:01:58.177439,2023-11-15 13:01:59.267831,0 days 00:00:01.090392,0.8,10,3.0,0.9,13,78,COMPLETE
8983,8983,16719.5,2023-11-15 13:01:59.270684,2023-11-15 13:02:00.086515,0 days 00:00:00.815831,0.8,10,2.75,0.9,20,66,COMPLETE
8984,8984,18679.5,2023-11-15 13:02:00.089454,2023-11-15 13:02:00.895873,0 days 00:00:00.806419,0.7000000000000001,10,3.0,0.9,18,75,COMPLETE
8985,8985,19260.75,2023-11-15 13:02:00.898542,2023-11-15 13:02:01.686942,0 days 00:00:00.788400,0.8,10,3.0,0.9,22,71,COMPLETE
8986,8986,16726.25,2023-11-15 13:02:01.689543,2023-11-15 13:02:02.523978,0 days 00:00:00.834435,0.8,10,3.0,0.9,15,61,COMPLETE
8987,8987,17115.5,2023-11-15 13:02:02.526937,2023-11-15 13:02:03.323184,0 days 00:00:00.796247,0.8,10,3.0,0.9,26,69,COMPLETE
8988,8988,16635.0,2023-11-15 13:02:03.325958,2023-11-15 13:02:04.134574,0 days 00:00:00.808616,0.8,20,2.75,0.9,31,73,COMPLETE
8989,8989,17014.0,2023-11-15 13:02:04.138193,2023-11-15 13:02:04.922176,0 days 00:00:00.783983,0.8,10,3.0,0.9,20,64,COMPLETE
8990,8990,17010.0,2023-11-15 13:02:04.925355,2023-11-15 13:02:05.776912,0 days 00:00:00.851557,0.9,10,2.25,0.9,17,76,COMPLETE
8991,8991,17833.0,2023-11-15 13:02:05.780500,2023-11-15 13:02:06.572244,0 days 00:00:00.791744,0.8,10,2.75,0.9,23,94,COMPLETE
8992,8992,17547.25,2023-11-15 13:02:06.574921,2023-11-15 13:02:07.420709,0 days 00:00:00.845788,0.8,10,3.0,0.9,19,68,COMPLETE
8993,8993,12235.5,2023-11-15 13:02:07.428997,2023-11-15 13:02:08.282087,0 days 00:00:00.853090,0.8,100,3.0,0.9,16,82,COMPLETE
8994,8994,18122.5,2023-11-15 13:02:08.284717,2023-11-15 13:02:09.116160,0 days 00:00:00.831443,0.8,10,3.0,0.9,21,72,COMPLETE
8995,8995,16903.75,2023-11-15 13:02:09.119152,2023-11-15 13:02:09.920108,0 days 00:00:00.800956,0.8,10,3.0,0.7000000000000001,11,66,COMPLETE
8996,8996,17545.25,2023-11-15 13:02:09.922809,2023-11-15 13:02:10.730192,0 days 00:00:00.807383,0.8,10,2.75,0.9,13,78,COMPLETE
8997,8997,17825.5,2023-11-15 13:02:10.733120,2023-11-15 13:02:11.536293,0 days 00:00:00.803173,0.8,10,3.0,0.9,47,70,COMPLETE
8998,8998,18018.25,2023-11-15 13:02:11.539128,2023-11-15 13:02:12.429407,0 days 00:00:00.890279,0.8,10,3.0,0.8,24,74,COMPLETE
8999,8999,18215.25,2023-11-15 13:02:12.432536,2023-11-15 13:02:13.356804,0 days 00:00:00.924268,0.8,10,2.75,0.9,18,72,COMPLETE
9000,9000,15812.0,2023-11-15 13:02:13.359754,2023-11-15 13:02:14.171825,0 days 00:00:00.812071,0.8,20,2.5,0.9,20,68,COMPLETE
9001,9001,16923.25,2023-11-15 13:02:14.174673,2023-11-15 13:02:15.055769,0 days 00:00:00.881096,0.8,10,3.0,0.9,27,76,COMPLETE
9002,9002,16543.25,2023-11-15 13:02:15.058534,2023-11-15 13:02:15.894004,0 days 00:00:00.835470,0.8,10,3.0,0.9,16,63,COMPLETE
9003,9003,17829.75,2023-11-15 13:02:15.897492,2023-11-15 13:02:16.701992,0 days 00:00:00.804500,0.7000000000000001,10,3.0,0.9,22,70,COMPLETE
9004,9004,16719.5,2023-11-15 13:02:16.705015,2023-11-15 13:02:17.521751,0 days 00:00:00.816736,0.8,10,2.75,0.9,18,66,COMPLETE
9005,9005,17920.75,2023-11-15 13:02:17.524817,2023-11-15 13:02:18.316979,0 days 00:00:00.792162,0.8,10,3.0,0.9,25,74,COMPLETE
9006,9006,18028.0,2023-11-15 13:02:18.319989,2023-11-15 13:02:19.153952,0 days 00:00:00.833963,0.8,10,1.0,0.9,15,72,COMPLETE
9007,9007,0.0,2023-11-15 13:02:19.157844,2023-11-15 13:02:19.933601,0 days 00:00:00.775757,0.9,10,3.0,0.9,23,7,COMPLETE
9008,9008,17552.0,2023-11-15 13:02:19.936286,2023-11-15 13:02:20.734122,0 days 00:00:00.797836,0.8,10,2.75,0.9,21,79,COMPLETE
9009,9009,16617.75,2023-11-15 13:02:20.736798,2023-11-15 13:02:21.540677,0 days 00:00:00.803879,0.8,20,3.0,0.9,19,69,COMPLETE
9010,9010,17016.25,2023-11-15 13:02:21.543763,2023-11-15 13:02:22.374505,0 days 00:00:00.830742,0.8,10,3.0,0.9,13,76,COMPLETE
9011,9011,16719.5,2023-11-15 13:02:22.377467,2023-11-15 13:02:23.194302,0 days 00:00:00.816835,0.8,10,3.0,0.9,17,66,COMPLETE
9012,9012,17931.25,2023-11-15 13:02:23.197556,2023-11-15 13:02:23.997948,0 days 00:00:00.800392,0.8,10,3.0,0.8,20,72,COMPLETE
9013,9013,16726.25,2023-11-15 13:02:24.001111,2023-11-15 13:02:24.814303,0 days 00:00:00.813192,0.8,10,3.0,0.9,15,61,COMPLETE
9014,9014,17115.5,2023-11-15 13:02:24.817071,2023-11-15 13:02:25.634629,0 days 00:00:00.817558,0.8,10,2.75,0.9,23,69,COMPLETE
9015,9015,17933.75,2023-11-15 13:02:25.637303,2023-11-15 13:02:26.425456,0 days 00:00:00.788153,0.8,10,3.0,0.5,9,74,COMPLETE
9016,9016,19260.75,2023-11-15 13:02:26.428821,2023-11-15 13:02:27.327064,0 days 00:00:00.898243,0.9,10,3.0,0.9,28,71,COMPLETE
9017,9017,17827.5,2023-11-15 13:02:27.330554,2023-11-15 13:02:28.146510,0 days 00:00:00.815956,0.7000000000000001,10,2.75,0.8,18,78,COMPLETE
9018,9018,17014.0,2023-11-15 13:02:28.149360,2023-11-15 13:02:28.951030,0 days 00:00:00.801670,0.8,10,3.0,0.9,25,64,COMPLETE
9019,9019,15812.25,2023-11-15 13:02:28.954190,2023-11-15 13:02:29.766914,0 days 00:00:00.812724,0.8,20,2.5,0.9,21,68,COMPLETE
9020,9020,18682.0,2023-11-15 13:02:29.769869,2023-11-15 13:02:30.565881,0 days 00:00:00.796012,0.8,10,3.0,0.9,16,75,COMPLETE
9021,9021,18221.0,2023-11-15 13:02:30.568963,2023-11-15 13:02:31.365383,0 days 00:00:00.796420,0.8,10,2.75,0.6,19,71,COMPLETE
9022,9022,16719.5,2023-11-15 13:02:31.368196,2023-11-15 13:02:32.196928,0 days 00:00:00.828732,0.8,10,3.0,0.9,14,66,COMPLETE
9023,9023,17642.5,2023-11-15 13:02:32.199714,2023-11-15 13:02:33.006470,0 days 00:00:00.806756,0.8,10,3.0,0.9,21,82,COMPLETE
9024,9024,17186.0,2023-11-15 13:02:33.009131,2023-11-15 13:02:33.813461,0 days 00:00:00.804330,0.8,10,3.0,0.9,23,73,COMPLETE
9025,9025,17115.5,2023-11-15 13:02:33.816835,2023-11-15 13:02:34.621965,0 days 00:00:00.805130,0.8,10,2.75,0.9,17,69,COMPLETE
9026,9026,16619.5,2023-11-15 13:02:34.625716,2023-11-15 13:02:35.425565,0 days 00:00:00.799849,0.8,10,3.0,0.9,19,57,COMPLETE
9027,9027,17207.75,2023-11-15 13:02:35.428823,2023-11-15 13:02:36.263103,0 days 00:00:00.834280,0.8,10,2.25,0.9,25,76,COMPLETE
9028,9028,16557.0,2023-11-15 13:02:36.265884,2023-11-15 13:02:37.083463,0 days 00:00:00.817579,0.7000000000000001,30,3.0,0.9,22,72,COMPLETE
9029,9029,17917.0,2023-11-15 13:02:37.087013,2023-11-15 13:02:37.891479,0 days 00:00:00.804466,0.8,10,3.0,0.9,11,67,COMPLETE
9030,9030,15630.5,2023-11-15 13:02:37.894644,2023-11-15 13:02:38.707798,0 days 00:00:00.813154,0.8,20,3.0,0.9,14,63,COMPLETE
9031,9031,17369.25,2023-11-15 13:02:38.710760,2023-11-15 13:02:39.561241,0 days 00:00:00.850481,0.8,10,3.0,0.9,17,79,COMPLETE
9032,9032,18014.75,2023-11-15 13:02:39.564173,2023-11-15 13:02:40.358080,0 days 00:00:00.793907,0.9,10,2.75,0.8,20,70,COMPLETE
9033,9033,17920.75,2023-11-15 13:02:40.361567,2023-11-15 13:02:41.211410,0 days 00:00:00.849843,0.8,10,3.0,0.9,27,74,COMPLETE
9034,9034,17917.25,2023-11-15 13:02:41.214812,2023-11-15 13:02:42.192474,0 days 00:00:00.977662,0.8,10,2.5,0.9,23,67,COMPLETE
9035,9035,18215.25,2023-11-15 13:02:42.196178,2023-11-15 13:02:43.118555,0 days 00:00:00.922377,0.8,10,2.75,0.9,19,72,COMPLETE
9036,9036,18026.0,2023-11-15 13:02:43.121407,2023-11-15 13:02:43.930621,0 days 00:00:00.809214,0.8,10,3.0,0.9,16,77,COMPLETE
9037,9037,16617.75,2023-11-15 13:02:43.933320,2023-11-15 13:02:44.743807,0 days 00:00:00.810487,0.8,20,3.0,0.9,21,69,COMPLETE
9038,9038,17128.0,2023-11-15 13:02:44.748046,2023-11-15 13:02:45.549859,0 days 00:00:00.801813,0.8,10,3.0,0.1,13,75,COMPLETE
9039,9039,17654.5,2023-11-15 13:02:45.553327,2023-11-15 13:02:46.368540,0 days 00:00:00.815213,0.8,10,3.0,0.9,18,65,COMPLETE
9040,9040,18016.5,2023-11-15 13:02:46.372150,2023-11-15 13:02:47.198631,0 days 00:00:00.826481,0.8,10,2.0,0.9,24,70,COMPLETE
9041,9041,17741.25,2023-11-15 13:02:47.201373,2023-11-15 13:02:48.005730,0 days 00:00:00.804357,0.5,10,2.75,0.9,16,74,COMPLETE
9042,9042,16812.25,2023-11-15 13:02:48.008454,2023-11-15 13:02:48.801009,0 days 00:00:00.792555,0.8,10,3.0,0.9,21,61,COMPLETE
9043,9043,18124.5,2023-11-15 13:02:48.803902,2023-11-15 13:02:49.656421,0 days 00:00:00.852519,0.9,10,3.0,0.9,19,72,COMPLETE
9044,9044,17917.0,2023-11-15 13:02:49.659545,2023-11-15 13:02:50.459244,0 days 00:00:00.799699,0.8,10,3.0,0.9,26,67,COMPLETE
9045,9045,17826.25,2023-11-15 13:02:50.462583,2023-11-15 13:02:51.267256,0 days 00:00:00.804673,0.8,10,2.5,0.9,30,70,COMPLETE
9046,9046,17927.5,2023-11-15 13:02:51.270511,2023-11-15 13:02:52.102114,0 days 00:00:00.831603,0.8,10,2.75,0.9,22,80,COMPLETE
9047,9047,13737.25,2023-11-15 13:02:52.104784,2023-11-15 13:02:52.940462,0 days 00:00:00.835678,0.8,80,3.0,0.9,15,76,COMPLETE
9048,9048,17631.75,2023-11-15 13:02:52.943223,2023-11-15 13:02:53.779034,0 days 00:00:00.835811,0.8,20,2.75,0.9,17,65,COMPLETE
9049,9049,18224.25,2023-11-15 13:02:53.782464,2023-11-15 13:02:54.628323,0 days 00:00:00.845859,0.7000000000000001,10,1.25,0.8,24,72,COMPLETE
9050,9050,12354.0,2023-11-15 13:02:54.631644,2023-11-15 13:02:55.498537,0 days 00:00:00.866893,0.8,60,3.0,0.9,20,68,COMPLETE
9051,9051,17920.75,2023-11-15 13:02:55.501921,2023-11-15 13:02:56.434625,0 days 00:00:00.932704,0.8,10,3.0,0.9,14,74,COMPLETE
9052,9052,17453.0,2023-11-15 13:02:56.437874,2023-11-15 13:02:57.491017,0 days 00:00:01.053143,0.8,10,3.0,0.9,18,78,COMPLETE
9053,9053,14073.0,2023-11-15 13:02:57.495617,2023-11-15 13:02:58.621974,0 days 00:00:01.126357,0.7000000000000001,70,3.0,0.9,12,70,COMPLETE
9054,9054,16934.5,2023-11-15 13:02:58.625245,2023-11-15 13:02:59.447372,0 days 00:00:00.822127,0.8,10,2.75,0.4,22,65,COMPLETE
9055,9055,17369.5,2023-11-15 13:02:59.450889,2023-11-15 13:03:00.262776,0 days 00:00:00.811887,0.8,10,3.0,0.9,19,73,COMPLETE
9056,9056,17547.25,2023-11-15 13:03:00.265439,2023-11-15 13:03:01.069447,0 days 00:00:00.804008,0.8,10,3.0,0.9,25,68,COMPLETE
9057,9057,17016.25,2023-11-15 13:03:01.072172,2023-11-15 13:03:01.886148,0 days 00:00:00.813976,0.8,10,3.0,0.9,16,76,COMPLETE
9058,9058,17922.5,2023-11-15 13:03:01.888956,2023-11-15 13:03:02.724161,0 days 00:00:00.835205,0.8,10,3.0,0.8,21,70,COMPLETE
9059,9059,14774.25,2023-11-15 13:03:02.727008,2023-11-15 13:03:03.545001,0 days 00:00:00.817993,0.2,10,2.75,0.9,23,63,COMPLETE
9060,9060,17285.0,2023-11-15 13:03:03.547681,2023-11-15 13:03:04.360817,0 days 00:00:00.813136,0.8,20,3.0,0.9,18,98,COMPLETE
9061,9061,16642.5,2023-11-15 13:03:04.363872,2023-11-15 13:03:05.171271,0 days 00:00:00.807399,0.9,10,3.0,0.9,20,73,COMPLETE
9062,9062,17461.25,2023-11-15 13:03:05.173994,2023-11-15 13:03:06.004937,0 days 00:00:00.830943,0.8,10,3.0,0.9,28,60,COMPLETE
9063,9063,17917.0,2023-11-15 13:03:06.007592,2023-11-15 13:03:06.831037,0 days 00:00:00.823445,0.8,10,2.75,0.9,15,67,COMPLETE
9064,9064,19260.75,2023-11-15 13:03:06.833741,2023-11-15 13:03:07.714729,0 days 00:00:00.880988,0.8,10,2.5,0.9,17,71,COMPLETE
