,number,value,datetime_start,datetime_complete,duration,params_alpha,params_decay_interval,params_decay_rate,params_gamma,params_initialization,params_max_steps,state
6111,6111,18410.0,2023-11-15 11:14:19.442247,2023-11-15 11:14:19.972907,0 days 00:00:00.530660,0.1,10,1.0,0.6,3,147,COMPLETE
6112,6112,18394.75,2023-11-15 11:14:19.975114,2023-11-15 11:14:20.526981,0 days 00:00:00.551867,0.2,20,0.75,0.9,0,143,COMPLETE
6113,6113,18700.5,2023-11-15 11:14:20.529033,2023-11-15 11:14:21.063941,0 days 00:00:00.534908,0.2,10,0.75,0.9,4,133,COMPLETE
6114,6114,14102.25,2023-11-15 11:14:21.066448,2023-11-15 11:14:21.630790,0 days 00:00:00.564342,0.2,80,0.75,0.9,2,140,COMPLETE
6115,6115,19270.0,2023-11-15 11:14:21.633673,2023-11-15 11:14:22.153420,0 days 00:00:00.519747,0.1,10,1.25,0.9,6,148,COMPLETE
6116,6116,19359.75,2023-11-15 11:14:22.155547,2023-11-15 11:14:22.675140,0 days 00:00:00.519593,0.2,10,0.75,0.7000000000000001,0,145,COMPLETE
6117,6117,19164.25,2023-11-15 11:14:22.677292,2023-11-15 11:14:23.203944,0 days 00:00:00.526652,0.2,10,0.5,0.9,2,150,COMPLETE
6118,6118,19093.75,2023-11-15 11:14:23.205941,2023-11-15 11:14:23.753098,0 days 00:00:00.547157,0.2,10,0.75,0.9,4,142,COMPLETE
6119,6119,19172.75,2023-11-15 11:14:23.755145,2023-11-15 11:14:24.268666,0 days 00:00:00.513521,0.2,10,1.0,0.9,9,145,COMPLETE
6120,6120,19261.0,2023-11-15 11:14:24.270864,2023-11-15 11:14:24.789207,0 days 00:00:00.518343,0.30000000000000004,10,0.75,0.9,2,147,COMPLETE
6121,6121,19161.25,2023-11-15 11:14:24.791338,2023-11-15 11:14:25.314551,0 days 00:00:00.523213,0.2,10,0.75,0.8,0,137,COMPLETE
6122,6122,19066.25,2023-11-15 11:14:25.317672,2023-11-15 11:14:25.838778,0 days 00:00:00.521106,0.2,10,0.75,0.9,6,141,COMPLETE
6123,6123,13795.25,2023-11-15 11:14:25.841024,2023-11-15 11:14:26.395472,0 days 00:00:00.554448,0.1,10,1.0,0.9,85,143,COMPLETE
6124,6124,19082.5,2023-11-15 11:14:26.397692,2023-11-15 11:14:26.943747,0 days 00:00:00.546055,0.1,10,0.75,0.9,2,150,COMPLETE
6125,6125,18588.25,2023-11-15 11:14:26.945828,2023-11-15 11:14:27.462266,0 days 00:00:00.516438,0.2,20,0.5,0.9,4,145,COMPLETE
6126,6126,19195.0,2023-11-15 11:14:27.464371,2023-11-15 11:14:27.993702,0 days 00:00:00.529331,0.2,10,0.75,0.9,0,99,COMPLETE
6127,6127,14652.75,2023-11-15 11:14:27.995708,2023-11-15 11:14:28.590396,0 days 00:00:00.594688,0.5,10,0.75,0.9,2,147,COMPLETE
6128,6128,13194.75,2023-11-15 11:14:28.592466,2023-11-15 11:14:29.160678,0 days 00:00:00.568212,0.2,90,1.25,0.9,4,140,COMPLETE
6129,6129,19261.0,2023-11-15 11:14:29.162846,2023-11-15 11:14:29.690260,0 days 00:00:00.527414,0.2,10,0.75,0.9,0,144,COMPLETE
6130,6130,19194.5,2023-11-15 11:14:29.692364,2023-11-15 11:14:30.221650,0 days 00:00:00.529286,0.1,10,0.75,0.8,6,148,COMPLETE
6131,6131,18082.0,2023-11-15 11:14:30.223733,2023-11-15 11:14:30.791148,0 days 00:00:00.567415,0.2,10,0.25,0.9,82,143,COMPLETE
6132,6132,19161.25,2023-11-15 11:14:30.793493,2023-11-15 11:14:31.318574,0 days 00:00:00.525081,0.2,10,1.0,0.9,8,138,COMPLETE
6133,6133,16760.5,2023-11-15 11:14:31.321429,2023-11-15 11:14:31.854377,0 days 00:00:00.532948,0.30000000000000004,40,0.75,0.6,2,147,COMPLETE
6134,6134,13156.75,2023-11-15 11:14:31.856936,2023-11-15 11:14:32.440103,0 days 00:00:00.583167,0.2,20,0.75,0.5,11,150,COMPLETE
6135,6135,18972.0,2023-11-15 11:14:32.442190,2023-11-15 11:14:32.968539,0 days 00:00:00.526349,0.1,10,0.75,0.9,4,141,COMPLETE
6136,6136,19261.0,2023-11-15 11:14:32.970612,2023-11-15 11:14:33.491242,0 days 00:00:00.520630,0.2,10,0.75,0.9,0,144,COMPLETE
6137,6137,19292.25,2023-11-15 11:14:33.493361,2023-11-15 11:14:34.035393,0 days 00:00:00.542032,0.2,10,0.75,0.9,2,145,COMPLETE
6138,6138,19261.0,2023-11-15 11:14:34.037571,2023-11-15 11:14:34.564427,0 days 00:00:00.526856,0.2,10,0.75,0.9,5,147,COMPLETE
6139,6139,19064.0,2023-11-15 11:14:34.567231,2023-11-15 11:14:35.093324,0 days 00:00:00.526093,0.2,10,1.0,0.9,0,135,COMPLETE
6140,6140,14020.75,2023-11-15 11:14:35.095494,2023-11-15 11:14:35.664462,0 days 00:00:00.568968,0.1,10,0.75,0.4,3,140,COMPLETE
6141,6141,19023.5,2023-11-15 11:14:35.667192,2023-11-15 11:14:36.189288,0 days 00:00:00.522096,0.2,10,0.5,0.9,7,150,COMPLETE
6142,6142,19261.0,2023-11-15 11:14:36.191407,2023-11-15 11:14:36.717944,0 days 00:00:00.526537,0.2,10,1.25,0.8,2,143,COMPLETE
6143,6143,18307.75,2023-11-15 11:14:36.720531,2023-11-15 11:14:37.273658,0 days 00:00:00.553127,0.30000000000000004,20,0.75,0.9,0,145,COMPLETE
6144,6144,18449.5,2023-11-15 11:14:37.275743,2023-11-15 11:14:37.830670,0 days 00:00:00.554927,0.4,10,0.75,0.9,4,147,COMPLETE
6145,6145,18953.25,2023-11-15 11:14:37.833213,2023-11-15 11:14:38.357413,0 days 00:00:00.524200,0.2,10,1.0,0.9,2,141,COMPLETE
6146,6146,19261.0,2023-11-15 11:14:38.359631,2023-11-15 11:14:38.894058,0 days 00:00:00.534427,0.1,10,0.75,0.9,0,150,COMPLETE
6147,6147,18303.0,2023-11-15 11:14:38.896278,2023-11-15 11:14:39.429623,0 days 00:00:00.533345,0.2,10,0.75,0.7000000000000001,5,138,COMPLETE
6148,6148,19292.25,2023-11-15 11:14:39.431801,2023-11-15 11:14:39.956731,0 days 00:00:00.524930,0.2,10,0.75,0.9,2,145,COMPLETE
6149,6149,19152.5,2023-11-15 11:14:39.958940,2023-11-15 11:14:40.483930,0 days 00:00:00.524990,0.2,10,1.0,0.9,33,147,COMPLETE
6150,6150,19197.25,2023-11-15 11:14:40.486321,2023-11-15 11:14:41.026164,0 days 00:00:00.539843,0.1,10,0.75,0.9,8,143,COMPLETE
6151,6151,19359.75,2023-11-15 11:14:41.028483,2023-11-15 11:14:41.557687,0 days 00:00:00.529204,0.2,10,0.75,0.8,0,148,COMPLETE
6152,6152,15746.0,2023-11-15 11:14:41.560262,2023-11-15 11:14:42.108628,0 days 00:00:00.548366,0.2,50,0.5,0.9,4,141,COMPLETE
6153,6153,18992.75,2023-11-15 11:14:42.110682,2023-11-15 11:14:42.646618,0 days 00:00:00.535936,0.2,10,0.75,0.9,2,143,COMPLETE
6154,6154,18584.75,2023-11-15 11:14:42.649279,2023-11-15 11:14:43.167395,0 days 00:00:00.518116,0.2,20,1.25,0.9,6,147,COMPLETE
6155,6155,18622.75,2023-11-15 11:14:43.169463,2023-11-15 11:14:43.696550,0 days 00:00:00.527087,0.1,10,0.25,0.8,3,137,COMPLETE
6156,6156,19163.75,2023-11-15 11:14:43.698847,2023-11-15 11:14:44.245475,0 days 00:00:00.546628,0.2,10,0.75,0.9,0,150,COMPLETE
6157,6157,19292.25,2023-11-15 11:14:44.247627,2023-11-15 11:14:44.776596,0 days 00:00:00.528969,0.2,10,0.75,0.9,2,145,COMPLETE
6158,6158,18953.25,2023-11-15 11:14:44.778613,2023-11-15 11:14:45.305065,0 days 00:00:00.526452,0.30000000000000004,10,1.0,0.9,4,141,COMPLETE
6159,6159,19261.0,2023-11-15 11:14:45.307188,2023-11-15 11:14:45.832415,0 days 00:00:00.525227,0.2,10,0.75,0.9,0,147,COMPLETE
6160,6160,19063.75,2023-11-15 11:14:45.835113,2023-11-15 11:14:46.358725,0 days 00:00:00.523612,0.1,10,2.0,0.9,6,139,COMPLETE
6161,6161,17454.0,2023-11-15 11:14:46.360896,2023-11-15 11:14:46.895611,0 days 00:00:00.534715,0.2,20,1.25,0.9,10,144,COMPLETE
6162,6162,19082.5,2023-11-15 11:14:46.897688,2023-11-15 11:14:47.437290,0 days 00:00:00.539602,0.2,10,0.75,0.9,2,150,COMPLETE
6163,6163,18644.25,2023-11-15 11:14:47.439429,2023-11-15 11:14:47.972270,0 days 00:00:00.532841,0.6,10,0.75,0.9,4,145,COMPLETE
6164,6164,19261.0,2023-11-15 11:14:47.974510,2023-11-15 11:14:48.493867,0 days 00:00:00.519357,0.2,10,0.5,0.8,0,142,COMPLETE
6165,6165,18818.0,2023-11-15 11:14:48.495999,2023-11-15 11:14:49.017287,0 days 00:00:00.521288,0.1,10,0.75,0.6,2,147,COMPLETE
6166,6166,18833.25,2023-11-15 11:14:49.019842,2023-11-15 11:14:49.555307,0 days 00:00:00.535465,0.2,10,0.75,0.9,18,143,COMPLETE
6167,6167,18704.5,2023-11-15 11:14:49.557461,2023-11-15 11:14:50.081315,0 days 00:00:00.523854,0.2,10,0.75,0.9,7,133,COMPLETE
6168,6168,19261.0,2023-11-15 11:14:50.084135,2023-11-15 11:14:50.619038,0 days 00:00:00.534903,0.2,10,0.75,0.9,4,147,COMPLETE
6169,6169,18972.25,2023-11-15 11:14:50.621651,2023-11-15 11:14:51.156586,0 days 00:00:00.534935,0.1,10,1.0,0.9,0,138,COMPLETE
6170,6170,19068.0,2023-11-15 11:14:51.158797,2023-11-15 11:14:51.682667,0 days 00:00:00.523870,0.2,10,0.75,0.9,13,145,COMPLETE
6171,6171,19028.0,2023-11-15 11:14:51.685102,2023-11-15 11:14:52.211485,0 days 00:00:00.526383,0.30000000000000004,10,0.75,0.9,2,150,COMPLETE
6172,6172,19119.25,2023-11-15 11:14:52.213672,2023-11-15 11:14:52.738347,0 days 00:00:00.524675,0.2,10,1.0,0.9,5,86,COMPLETE
6173,6173,18394.75,2023-11-15 11:14:52.740518,2023-11-15 11:14:53.271301,0 days 00:00:00.530783,0.2,20,0.75,0.9,0,140,COMPLETE
6174,6174,12093.5,2023-11-15 11:14:53.273343,2023-11-15 11:14:53.880941,0 days 00:00:00.607598,0.5,10,1.25,0.5,2,143,COMPLETE
6175,6175,13607.5,2023-11-15 11:14:53.883767,2023-11-15 11:14:54.453498,0 days 00:00:00.569731,0.2,10,0.75,0.4,4,147,COMPLETE
6176,6176,18875.5,2023-11-15 11:14:54.455945,2023-11-15 11:14:54.984987,0 days 00:00:00.529042,0.1,10,0.75,0.8,2,150,COMPLETE
6177,6177,12723.0,2023-11-15 11:14:54.987385,2023-11-15 11:14:55.584494,0 days 00:00:00.597109,0.2,10,0.75,0.30000000000000004,9,145,COMPLETE
6178,6178,19261.0,2023-11-15 11:14:55.586683,2023-11-15 11:14:56.116582,0 days 00:00:00.529899,0.2,10,0.25,0.2,0,141,COMPLETE
6179,6179,18658.0,2023-11-15 11:14:56.118953,2023-11-15 11:14:56.648834,0 days 00:00:00.529881,0.2,10,0.5,0.9,6,136,COMPLETE
6180,6180,19163.5,2023-11-15 11:14:56.651766,2023-11-15 11:14:57.198993,0 days 00:00:00.547227,0.2,10,1.5,0.7000000000000001,3,147,COMPLETE
6181,6181,19197.5,2023-11-15 11:14:57.201533,2023-11-15 11:14:57.726000,0 days 00:00:00.524467,0.1,10,0.75,0.9,0,143,COMPLETE
6182,6182,18210.5,2023-11-15 11:14:57.728122,2023-11-15 11:14:58.264396,0 days 00:00:00.536274,0.30000000000000004,20,0.75,0.9,21,148,COMPLETE
6183,6183,19261.0,2023-11-15 11:14:58.267185,2023-11-15 11:14:58.801490,0 days 00:00:00.534305,0.2,10,1.0,0.9,2,140,COMPLETE
6184,6184,19359.75,2023-11-15 11:14:58.803673,2023-11-15 11:14:59.330106,0 days 00:00:00.526433,0.2,10,0.75,0.9,5,145,COMPLETE
6185,6185,19163.5,2023-11-15 11:14:59.332474,2023-11-15 11:14:59.858184,0 days 00:00:00.525710,0.2,10,1.25,0.9,8,150,COMPLETE
6186,6186,14843.0,2023-11-15 11:14:59.860246,2023-11-15 11:15:00.444297,0 days 00:00:00.584051,0.1,70,0.75,0.9,0,143,COMPLETE
6187,6187,19261.0,2023-11-15 11:15:00.446363,2023-11-15 11:15:00.977526,0 days 00:00:00.531163,0.2,10,0.75,0.8,3,147,COMPLETE
6188,6188,19006.5,2023-11-15 11:15:00.979701,2023-11-15 11:15:01.513092,0 days 00:00:00.533391,0.2,10,0.75,0.9,2,139,COMPLETE
6189,6189,18992.75,2023-11-15 11:15:01.515627,2023-11-15 11:15:02.056779,0 days 00:00:00.541152,0.2,10,0.75,0.9,4,143,COMPLETE
6190,6190,18876.25,2023-11-15 11:15:02.058947,2023-11-15 11:15:02.597077,0 days 00:00:00.538130,0.1,10,0.75,0.1,0,128,COMPLETE
6191,6191,14789.5,2023-11-15 11:15:02.599740,2023-11-15 11:15:03.164046,0 days 00:00:00.564306,0.2,10,1.0,0.5,6,145,COMPLETE
6192,6192,19359.75,2023-11-15 11:15:03.166459,2023-11-15 11:15:03.694956,0 days 00:00:00.528497,0.2,10,0.5,0.9,2,148,COMPLETE
6193,6193,18394.75,2023-11-15 11:15:03.697122,2023-11-15 11:15:04.260756,0 days 00:00:00.563634,0.2,20,0.75,0.9,4,141,COMPLETE
6194,6194,19029.0,2023-11-15 11:15:04.262785,2023-11-15 11:15:04.792229,0 days 00:00:00.529444,0.30000000000000004,10,1.25,0.9,0,136,COMPLETE
6195,6195,17138.0,2023-11-15 11:15:04.794344,2023-11-15 11:15:05.358283,0 days 00:00:00.563939,0.4,10,0.75,0.9,2,150,COMPLETE
6196,6196,0.0,2023-11-15 11:15:05.360449,2023-11-15 11:15:05.881524,0 days 00:00:00.521075,0.2,10,0.75,0.9,6,12,COMPLETE
6197,6197,19359.75,2023-11-15 11:15:05.884254,2023-11-15 11:15:06.410183,0 days 00:00:00.525929,0.1,10,0.75,0.7000000000000001,0,145,COMPLETE
6198,6198,19261.0,2023-11-15 11:15:06.412649,2023-11-15 11:15:06.943011,0 days 00:00:00.530362,0.2,10,0.75,0.9,3,147,COMPLETE
6199,6199,18971.0,2023-11-15 11:15:06.945020,2023-11-15 11:15:07.497029,0 days 00:00:00.552009,0.2,10,0.5,0.9,8,141,COMPLETE
6200,6200,16482.0,2023-11-15 11:15:07.499304,2023-11-15 11:15:08.052332,0 days 00:00:00.553028,0.2,20,1.0,0.9,45,145,COMPLETE
6201,6201,19359.75,2023-11-15 11:15:08.054472,2023-11-15 11:15:08.586969,0 days 00:00:00.532497,0.1,10,0.75,0.9,2,148,COMPLETE
6202,6202,18985.25,2023-11-15 11:15:08.589106,2023-11-15 11:15:09.117867,0 days 00:00:00.528761,0.2,10,0.75,0.8,4,138,COMPLETE
6203,6203,19172.25,2023-11-15 11:15:09.120566,2023-11-15 11:15:09.640455,0 days 00:00:00.519889,0.2,10,1.0,0.9,0,143,COMPLETE
6204,6204,18969.25,2023-11-15 11:15:09.642582,2023-11-15 11:15:10.175855,0 days 00:00:00.533273,0.2,10,0.75,0.8,5,150,COMPLETE
6205,6205,19359.75,2023-11-15 11:15:10.177879,2023-11-15 11:15:10.728385,0 days 00:00:00.550506,0.30000000000000004,10,0.75,0.9,2,145,COMPLETE
6206,6206,19171.75,2023-11-15 11:15:10.730565,2023-11-15 11:15:11.263742,0 days 00:00:00.533177,0.1,10,0.75,0.9,0,142,COMPLETE
6207,6207,18971.5,2023-11-15 11:15:11.265915,2023-11-15 11:15:11.810188,0 days 00:00:00.544273,0.2,10,0.25,0.9,2,147,COMPLETE
6208,6208,18782.75,2023-11-15 11:15:11.812257,2023-11-15 11:15:12.351551,0 days 00:00:00.539294,0.2,10,1.25,0.9,15,140,COMPLETE
6209,6209,17466.75,2023-11-15 11:15:12.353814,2023-11-15 11:15:12.901959,0 days 00:00:00.548145,0.2,10,0.75,0.6,7,145,COMPLETE
6210,6210,19067.0,2023-11-15 11:15:12.904240,2023-11-15 11:15:13.425620,0 days 00:00:00.521380,0.2,10,0.75,0.9,4,134,COMPLETE
6211,6211,19261.0,2023-11-15 11:15:13.427696,2023-11-15 11:15:13.960021,0 days 00:00:00.532325,0.1,10,0.75,0.9,0,150,COMPLETE
6212,6212,19050.0,2023-11-15 11:15:13.962043,2023-11-15 11:15:14.505261,0 days 00:00:00.543218,0.2,10,1.0,0.9,2,143,COMPLETE
6213,6213,17042.25,2023-11-15 11:15:14.507396,2023-11-15 11:15:15.045902,0 days 00:00:00.538506,0.2,20,0.5,0.4,5,147,COMPLETE
6214,6214,18969.25,2023-11-15 11:15:15.047929,2023-11-15 11:15:15.573525,0 days 00:00:00.525596,0.2,10,0.75,0.9,0,138,COMPLETE
6215,6215,19173.0,2023-11-15 11:15:15.575740,2023-11-15 11:15:16.110333,0 days 00:00:00.534593,0.5,10,0.75,0.9,11,142,COMPLETE
6216,6216,19261.0,2023-11-15 11:15:16.112476,2023-11-15 11:15:16.639701,0 days 00:00:00.527225,0.1,10,0.75,0.9,3,147,COMPLETE
6217,6217,15749.25,2023-11-15 11:15:16.641819,2023-11-15 11:15:17.209684,0 days 00:00:00.567865,0.7000000000000001,10,1.0,0.8,38,145,COMPLETE
6218,6218,19111.25,2023-11-15 11:15:17.211892,2023-11-15 11:15:17.761406,0 days 00:00:00.549514,0.2,10,0.75,0.9,6,150,COMPLETE
6219,6219,19066.25,2023-11-15 11:15:17.763566,2023-11-15 11:15:18.290578,0 days 00:00:00.527012,0.30000000000000004,10,0.75,0.9,2,140,COMPLETE
6220,6220,18398.5,2023-11-15 11:15:18.292731,2023-11-15 11:15:18.826817,0 days 00:00:00.534086,0.2,20,1.25,0.9,0,145,COMPLETE
6221,6221,18992.75,2023-11-15 11:15:18.828835,2023-11-15 11:15:19.367256,0 days 00:00:00.538421,0.2,10,0.75,0.9,4,143,COMPLETE
6222,6222,17136.75,2023-11-15 11:15:19.369380,2023-11-15 11:15:19.913119,0 days 00:00:00.543739,0.1,10,0.75,0.5,2,148,COMPLETE
6223,6223,16212.0,2023-11-15 11:15:19.915300,2023-11-15 11:15:20.482809,0 days 00:00:00.567509,0.2,10,0.75,0.6,8,147,COMPLETE
6224,6224,19003.0,2023-11-15 11:15:20.485494,2023-11-15 11:15:21.013167,0 days 00:00:00.527673,0.2,10,1.0,0.9,0,137,COMPLETE
6225,6225,19051.5,2023-11-15 11:15:21.015538,2023-11-15 11:15:21.570765,0 days 00:00:00.555227,0.1,10,0.75,0.9,4,142,COMPLETE
6226,6226,19164.25,2023-11-15 11:15:21.572864,2023-11-15 11:15:22.109004,0 days 00:00:00.536140,0.2,10,0.5,0.9,2,150,COMPLETE
6227,6227,18469.75,2023-11-15 11:15:22.111142,2023-11-15 11:15:22.661442,0 days 00:00:00.550300,0.2,10,0.25,0.7000000000000001,5,145,COMPLETE
6228,6228,17456.0,2023-11-15 11:15:22.663587,2023-11-15 11:15:23.211243,0 days 00:00:00.547656,0.2,30,0.75,0.8,0,140,COMPLETE
6229,6229,19261.0,2023-11-15 11:15:23.213443,2023-11-15 11:15:23.737813,0 days 00:00:00.524370,0.2,10,0.75,0.9,2,147,COMPLETE
6230,6230,18488.5,2023-11-15 11:15:23.740241,2023-11-15 11:15:24.298327,0 days 00:00:00.558086,0.1,10,1.25,0.9,7,144,COMPLETE
6231,6231,18300.5,2023-11-15 11:15:24.300890,2023-11-15 11:15:24.846658,0 days 00:00:00.545768,0.2,20,0.75,0.9,4,142,COMPLETE
6232,6232,14619.5,2023-11-15 11:15:24.849037,2023-11-15 11:15:25.392048,0 days 00:00:00.543011,0.30000000000000004,60,0.75,0.9,0,93,COMPLETE
6233,6233,19278.5,2023-11-15 11:15:25.394297,2023-11-15 11:15:25.929517,0 days 00:00:00.535220,0.2,10,1.0,0.9,2,148,COMPLETE
6234,6234,16857.25,2023-11-15 11:15:25.931871,2023-11-15 11:15:26.481507,0 days 00:00:00.549636,0.4,10,0.5,0.9,27,131,COMPLETE
6235,6235,15481.0,2023-11-15 11:15:26.484435,2023-11-15 11:15:27.044117,0 days 00:00:00.559682,0.2,10,0.75,0.9,51,139,COMPLETE
6236,6236,4738.75,2023-11-15 11:15:27.046270,2023-11-15 11:15:27.641237,0 days 00:00:00.594967,0.1,10,0.75,0.9,6,60,COMPLETE
6237,6237,18898.0,2023-11-15 11:15:27.643386,2023-11-15 11:15:28.185735,0 days 00:00:00.542349,0.2,10,0.75,0.8,3,145,COMPLETE
6238,6238,17983.25,2023-11-15 11:15:28.187971,2023-11-15 11:15:28.724415,0 days 00:00:00.536444,0.8,10,1.0,0.9,9,104,COMPLETE
6239,6239,19163.75,2023-11-15 11:15:28.726437,2023-11-15 11:15:29.257650,0 days 00:00:00.531213,0.2,10,0.75,0.9,0,150,COMPLETE
6240,6240,19261.0,2023-11-15 11:15:29.259698,2023-11-15 11:15:29.789734,0 days 00:00:00.530036,0.2,10,1.25,0.9,2,142,COMPLETE
6241,6241,19261.0,2023-11-15 11:15:29.791767,2023-11-15 11:15:30.322842,0 days 00:00:00.531075,0.1,10,0.75,0.9,4,147,COMPLETE
6242,6242,18743.25,2023-11-15 11:15:30.325130,2023-11-15 11:15:30.876537,0 days 00:00:00.551407,0.30000000000000004,10,0.75,0.9,0,135,COMPLETE
6243,6243,19292.25,2023-11-15 11:15:30.878633,2023-11-15 11:15:31.415947,0 days 00:00:00.537314,0.2,10,0.75,0.9,2,145,COMPLETE
6244,6244,14700.25,2023-11-15 11:15:31.419066,2023-11-15 11:15:31.989962,0 days 00:00:00.570896,0.2,20,0.75,0.2,6,143,COMPLETE
6245,6245,18606.25,2023-11-15 11:15:31.992185,2023-11-15 11:15:32.531081,0 days 00:00:00.538896,0.2,10,0.75,0.9,4,118,COMPLETE
6246,6246,19161.25,2023-11-15 11:15:32.533802,2023-11-15 11:15:33.073427,0 days 00:00:00.539625,0.1,10,1.0,0.8,0,139,COMPLETE
6247,6247,18995.0,2023-11-15 11:15:33.075534,2023-11-15 11:15:33.618377,0 days 00:00:00.542843,0.2,10,0.25,0.9,2,150,COMPLETE
6248,6248,19169.0,2023-11-15 11:15:33.621076,2023-11-15 11:15:34.146871,0 days 00:00:00.525795,0.2,10,1.25,0.9,4,147,COMPLETE
6249,6249,19068.0,2023-11-15 11:15:34.149325,2023-11-15 11:15:34.698919,0 days 00:00:00.549594,0.2,10,0.75,0.9,10,145,COMPLETE
6250,6250,19261.0,2023-11-15 11:15:34.701493,2023-11-15 11:15:35.242532,0 days 00:00:00.541039,0.2,10,0.5,0.9,0,141,COMPLETE
6251,6251,19261.0,2023-11-15 11:15:35.244704,2023-11-15 11:15:35.772366,0 days 00:00:00.527662,0.2,10,0.75,0.7000000000000001,2,147,COMPLETE
6252,6252,15292.75,2023-11-15 11:15:35.774398,2023-11-15 11:15:36.339668,0 days 00:00:00.565270,0.1,10,0.75,0.4,7,143,COMPLETE
6253,6253,2347.25,2023-11-15 11:15:36.341808,2023-11-15 11:15:37.074898,0 days 00:00:00.733090,0.2,20,1.0,0.30000000000000004,4,150,COMPLETE
6254,6254,17446.5,2023-11-15 11:15:37.076980,2023-11-15 11:15:37.621025,0 days 00:00:00.544045,0.2,10,0.75,0.6,2,138,COMPLETE
6255,6255,19359.75,2023-11-15 11:15:37.623106,2023-11-15 11:15:38.179905,0 days 00:00:00.556799,0.2,10,0.75,0.5,0,145,COMPLETE
6256,6256,15686.5,2023-11-15 11:15:38.182098,2023-11-15 11:15:38.746589,0 days 00:00:00.564491,0.1,50,0.5,0.9,6,141,COMPLETE
6257,6257,13936.75,2023-11-15 11:15:38.748750,2023-11-15 11:15:39.324625,0 days 00:00:00.575875,0.2,10,0.75,0.1,2,147,COMPLETE
6258,6258,19261.0,2023-11-15 11:15:39.326657,2023-11-15 11:15:39.863116,0 days 00:00:00.536459,0.2,10,0.75,0.9,0,143,COMPLETE
6259,6259,19200.75,2023-11-15 11:15:39.865356,2023-11-15 11:15:40.396576,0 days 00:00:00.531220,0.30000000000000004,10,0.75,0.9,4,148,COMPLETE
6260,6260,19163.5,2023-11-15 11:15:40.398778,2023-11-15 11:15:40.934539,0 days 00:00:00.535761,0.2,10,1.5,0.9,2,150,COMPLETE
6261,6261,18441.25,2023-11-15 11:15:40.936779,2023-11-15 11:15:41.506017,0 days 00:00:00.569238,0.1,10,0.75,0.8,5,145,COMPLETE
6262,6262,19143.75,2023-11-15 11:15:41.508467,2023-11-15 11:15:42.041117,0 days 00:00:00.532650,0.2,10,1.25,0.9,0,136,COMPLETE
6263,6263,18300.0,2023-11-15 11:15:42.043221,2023-11-15 11:15:42.580358,0 days 00:00:00.537137,0.2,20,1.0,0.9,3,141,COMPLETE
6264,6264,11476.0,2023-11-15 11:15:42.582786,2023-11-15 11:15:43.194013,0 days 00:00:00.611227,0.2,10,0.75,0.9,87,145,COMPLETE
6265,6265,19261.0,2023-11-15 11:15:43.196151,2023-11-15 11:15:43.734524,0 days 00:00:00.538373,0.1,10,0.75,0.9,7,147,COMPLETE
6266,6266,12586.0,2023-11-15 11:15:43.736728,2023-11-15 11:15:44.308971,0 days 00:00:00.572243,0.2,100,0.75,0.9,2,139,COMPLETE
6267,6267,19172.25,2023-11-15 11:15:44.311099,2023-11-15 11:15:44.856356,0 days 00:00:00.545257,0.2,10,1.0,0.9,0,143,COMPLETE
6268,6268,19111.25,2023-11-15 11:15:44.858938,2023-11-15 11:15:45.394207,0 days 00:00:00.535269,0.2,10,0.75,0.9,4,150,COMPLETE
6269,6269,0.0,2023-11-15 11:15:45.396344,2023-11-15 11:15:45.902741,0 days 00:00:00.506397,0.30000000000000004,10,0.75,0.9,2,1,COMPLETE
6270,6270,12192.5,2023-11-15 11:15:45.905177,2023-11-15 11:15:46.504404,0 days 00:00:00.599227,0.2,10,1.25,0.9,78,147,COMPLETE
6271,6271,19261.0,2023-11-15 11:15:46.506652,2023-11-15 11:15:47.047484,0 days 00:00:00.540832,0.1,10,0.75,0.8,0,143,COMPLETE
6272,6272,19066.25,2023-11-15 11:15:47.050562,2023-11-15 11:15:47.592268,0 days 00:00:00.541706,0.2,10,0.75,0.9,6,140,COMPLETE
6273,6273,17292.5,2023-11-15 11:15:47.594461,2023-11-15 11:15:48.162459,0 days 00:00:00.567998,0.2,40,0.5,0.9,4,145,COMPLETE
6274,6274,19359.75,2023-11-15 11:15:48.164760,2023-11-15 11:15:48.709444,0 days 00:00:00.544684,0.1,10,0.75,0.9,2,148,COMPLETE
6275,6275,19110.5,2023-11-15 11:15:48.711960,2023-11-15 11:15:49.252157,0 days 00:00:00.540197,0.4,10,1.0,0.9,9,143,COMPLETE
6276,6276,18857.5,2023-11-15 11:15:49.254391,2023-11-15 11:15:49.808770,0 days 00:00:00.554379,0.2,10,0.25,0.9,0,136,COMPLETE
6277,6277,19261.0,2023-11-15 11:15:49.810948,2023-11-15 11:15:50.339411,0 days 00:00:00.528463,0.2,10,0.75,0.8,2,147,COMPLETE
6278,6278,19111.25,2023-11-15 11:15:50.341585,2023-11-15 11:15:50.872602,0 days 00:00:00.531017,0.2,10,0.75,0.9,5,150,COMPLETE
6279,6279,18394.75,2023-11-15 11:15:50.874668,2023-11-15 11:15:51.436972,0 days 00:00:00.562304,0.2,20,0.75,0.9,0,140,COMPLETE
6280,6280,18796.25,2023-11-15 11:15:51.439078,2023-11-15 11:15:51.984708,0 days 00:00:00.545630,0.1,10,0.75,0.7000000000000001,3,145,COMPLETE
