,number,value,datetime_start,datetime_complete,duration,params_alpha,params_decay_interval,params_decay_rate,params_gamma,params_initialization,params_max_steps,state
8552,8552,17297.25,2023-11-15 12:56:12.099973,2023-11-15 12:56:12.849059,0 days 00:00:00.749086,0.7000000000000001,10,2.25,0.8,24,69,COMPLETE
8553,8553,18207.5,2023-11-15 12:56:12.852165,2023-11-15 12:56:13.614268,0 days 00:00:00.762103,0.8,10,3.0,0.7000000000000001,15,72,COMPLETE
8554,8554,17552.0,2023-11-15 12:56:13.617186,2023-11-15 12:56:14.387265,0 days 00:00:00.770079,0.8,10,2.75,0.9,20,79,COMPLETE
8555,8555,17917.25,2023-11-15 12:56:14.389879,2023-11-15 12:56:15.182377,0 days 00:00:00.792498,0.8,10,2.5,0.9,17,67,COMPLETE
8556,8556,16711.25,2023-11-15 12:56:15.185386,2023-11-15 12:56:16.064150,0 days 00:00:00.878764,0.8,10,3.0,0.9,22,62,COMPLETE
8557,8557,17650.75,2023-11-15 12:56:16.066994,2023-11-15 12:56:16.838324,0 days 00:00:00.771330,0.8,10,3.0,0.9,19,103,COMPLETE
8558,8558,17185.25,2023-11-15 12:56:16.840944,2023-11-15 12:56:17.602477,0 days 00:00:00.761533,0.8,10,3.0,0.9,15,73,COMPLETE
8559,8559,16617.75,2023-11-15 12:56:17.605021,2023-11-15 12:56:18.397034,0 days 00:00:00.792013,0.8,20,3.0,0.9,23,69,COMPLETE
8560,8560,17378.25,2023-11-15 12:56:18.399652,2023-11-15 12:56:19.160175,0 days 00:00:00.760523,0.8,10,2.75,0.9,13,76,COMPLETE
8561,8561,18115.75,2023-11-15 12:56:19.163492,2023-11-15 12:56:19.909099,0 days 00:00:00.745607,0.7000000000000001,10,3.0,0.9,18,65,COMPLETE
8562,8562,17825.5,2023-11-15 12:56:19.912021,2023-11-15 12:56:20.667528,0 days 00:00:00.755507,0.8,10,3.0,0.9,21,70,COMPLETE
8563,8563,16642.5,2023-11-15 12:56:20.670392,2023-11-15 12:56:21.451107,0 days 00:00:00.780715,0.9,10,3.0,0.9,26,73,COMPLETE
8564,8564,17552.0,2023-11-15 12:56:21.453716,2023-11-15 12:56:22.218484,0 days 00:00:00.764768,0.8,10,2.75,0.9,17,79,COMPLETE
8565,8565,12073.0,2023-11-15 12:56:22.221310,2023-11-15 12:56:22.980196,0 days 00:00:00.758886,0.8,100,3.0,0.30000000000000004,20,67,COMPLETE
8566,8566,18299.0,2023-11-15 12:56:22.983230,2023-11-15 12:56:23.731183,0 days 00:00:00.747953,0.8,10,3.0,0.8,24,85,COMPLETE
8567,8567,17920.75,2023-11-15 12:56:23.734339,2023-11-15 12:56:24.477612,0 days 00:00:00.743273,0.8,10,2.75,0.9,16,74,COMPLETE
8568,8568,17548.0,2023-11-15 12:56:24.481824,2023-11-15 12:56:25.272460,0 days 00:00:00.790636,0.8,30,3.0,0.9,19,70,COMPLETE
8569,8569,17016.25,2023-11-15 12:56:25.275136,2023-11-15 12:56:26.039653,0 days 00:00:00.764517,0.8,10,3.0,0.9,32,76,COMPLETE
8570,8570,15905.0,2023-11-15 12:56:26.042251,2023-11-15 12:56:26.799859,0 days 00:00:00.757608,0.8,20,3.0,0.9,22,64,COMPLETE
8571,8571,18215.25,2023-11-15 12:56:26.802484,2023-11-15 12:56:27.559015,0 days 00:00:00.756531,0.8,10,2.75,0.9,13,72,COMPLETE
8572,8572,13204.5,2023-11-15 12:56:27.561739,2023-11-15 12:56:28.356396,0 days 00:00:00.794657,0.8,80,3.0,0.9,18,68,COMPLETE
8573,8573,16946.25,2023-11-15 12:56:28.359258,2023-11-15 12:56:29.115723,0 days 00:00:00.756465,0.8,10,2.5,0.2,28,71,COMPLETE
8574,8574,17639.25,2023-11-15 12:56:29.118753,2023-11-15 12:56:29.955666,0 days 00:00:00.836913,0.9,10,3.0,0.9,21,78,COMPLETE
8575,8575,17920.75,2023-11-15 12:56:29.958984,2023-11-15 12:56:30.876887,0 days 00:00:00.917903,0.8,10,3.0,0.9,25,74,COMPLETE
8576,8576,17920.5,2023-11-15 12:56:30.880058,2023-11-15 12:56:31.667138,0 days 00:00:00.787080,0.7000000000000001,10,2.75,0.9,47,67,COMPLETE
8577,8577,17739.5,2023-11-15 12:56:31.669709,2023-11-15 12:56:32.423496,0 days 00:00:00.753787,0.8,10,3.0,0.9,15,81,COMPLETE
8578,8578,17825.5,2023-11-15 12:56:32.426122,2023-11-15 12:56:33.182287,0 days 00:00:00.756165,0.8,10,3.0,0.9,9,70,COMPLETE
8579,8579,16543.25,2023-11-15 12:56:33.185203,2023-11-15 12:56:33.966417,0 days 00:00:00.781214,0.8,10,3.0,0.9,23,63,COMPLETE
8580,8580,17920.75,2023-11-15 12:56:33.968971,2023-11-15 12:56:34.762996,0 days 00:00:00.794025,0.8,10,2.75,0.9,20,74,COMPLETE
8581,8581,17115.5,2023-11-15 12:56:34.765644,2023-11-15 12:56:35.525295,0 days 00:00:00.759651,0.8,10,3.0,0.9,18,69,COMPLETE
8582,8582,16898.75,2023-11-15 12:56:35.527864,2023-11-15 12:56:36.287624,0 days 00:00:00.759760,0.8,20,3.0,0.9,17,76,COMPLETE
8583,8583,16719.5,2023-11-15 12:56:36.290149,2023-11-15 12:56:37.054820,0 days 00:00:00.764671,0.8,10,3.0,0.9,14,66,COMPLETE
8584,8584,16344.75,2023-11-15 12:56:37.057558,2023-11-15 12:56:37.822234,0 days 00:00:00.764676,0.8,10,2.75,0.8,21,37,COMPLETE
8585,8585,18122.5,2023-11-15 12:56:37.838622,2023-11-15 12:56:38.618917,0 days 00:00:00.780295,0.8,10,3.0,0.9,25,72,COMPLETE
8586,8586,16245.0,2023-11-15 12:56:38.622387,2023-11-15 12:56:39.412180,0 days 00:00:00.789793,0.8,10,0.25,0.9,16,71,COMPLETE
8587,8587,17271.75,2023-11-15 12:56:39.415271,2023-11-15 12:56:40.176909,0 days 00:00:00.761638,0.8,10,3.0,0.9,36,59,COMPLETE
8588,8588,15899.75,2023-11-15 12:56:40.179875,2023-11-15 12:56:41.002618,0 days 00:00:00.822743,0.8,20,2.75,0.9,11,68,COMPLETE
8589,8589,17933.5,2023-11-15 12:56:41.005229,2023-11-15 12:56:41.762415,0 days 00:00:00.757186,0.6,10,3.0,0.9,19,77,COMPLETE
8590,8590,17186.0,2023-11-15 12:56:41.765320,2023-11-15 12:56:42.512532,0 days 00:00:00.747212,0.8,10,3.0,0.9,23,73,COMPLETE
8591,8591,16722.5,2023-11-15 12:56:42.515614,2023-11-15 12:56:43.271230,0 days 00:00:00.755616,0.9,10,2.5,0.8,20,66,COMPLETE
8592,8592,16210.5,2023-11-15 12:56:43.273824,2023-11-15 12:56:44.050961,0 days 00:00:00.777137,0.5,10,3.0,0.9,17,63,COMPLETE
8593,8593,17929.5,2023-11-15 12:56:44.054097,2023-11-15 12:56:44.897916,0 days 00:00:00.843819,0.8,10,1.0,0.9,22,70,COMPLETE
8594,8594,18682.0,2023-11-15 12:56:44.901452,2023-11-15 12:56:45.792470,0 days 00:00:00.891018,0.8,10,3.0,0.9,15,75,COMPLETE
8595,8595,18122.5,2023-11-15 12:56:45.796130,2023-11-15 12:56:46.660945,0 days 00:00:00.864815,0.8,10,3.0,0.9,19,72,COMPLETE
8596,8596,17668.75,2023-11-15 12:56:46.664347,2023-11-15 12:56:47.460345,0 days 00:00:00.795998,0.7000000000000001,10,2.75,0.5,28,79,COMPLETE
8597,8597,17115.5,2023-11-15 12:56:47.463532,2023-11-15 12:56:48.210220,0 days 00:00:00.746688,0.8,10,3.0,0.9,24,69,COMPLETE
8598,8598,16719.5,2023-11-15 12:56:48.213714,2023-11-15 12:56:48.971984,0 days 00:00:00.758270,0.8,10,3.0,0.9,13,66,COMPLETE
8599,8599,18682.0,2023-11-15 12:56:48.974678,2023-11-15 12:56:49.734076,0 days 00:00:00.759398,0.8,10,2.75,0.9,21,75,COMPLETE
8600,8600,17275.25,2023-11-15 12:56:49.736699,2023-11-15 12:56:50.533699,0 days 00:00:00.797000,0.8,20,3.0,0.9,17,72,COMPLETE
8601,8601,17383.0,2023-11-15 12:56:50.536266,2023-11-15 12:56:51.292781,0 days 00:00:00.756515,0.8,10,2.25,0.9,19,69,COMPLETE
8602,8602,17016.25,2023-11-15 12:56:51.295512,2023-11-15 12:56:52.077398,0 days 00:00:00.781886,0.8,10,3.0,0.9,26,76,COMPLETE
8603,8603,17654.5,2023-11-15 12:56:52.080638,2023-11-15 12:56:52.844200,0 days 00:00:00.763562,0.8,10,3.0,0.9,22,65,COMPLETE
8604,8604,17185.25,2023-11-15 12:56:52.847702,2023-11-15 12:56:53.651317,0 days 00:00:00.803615,0.8,10,2.75,0.9,15,73,COMPLETE
8605,8605,15572.5,2023-11-15 12:56:53.655259,2023-11-15 12:56:54.408339,0 days 00:00:00.753080,0.7000000000000001,10,2.5,0.9,20,33,COMPLETE
8606,8606,16726.25,2023-11-15 12:56:54.411066,2023-11-15 12:56:55.174750,0 days 00:00:00.763684,0.8,10,3.0,0.9,17,61,COMPLETE
8607,8607,17745.25,2023-11-15 12:56:55.177405,2023-11-15 12:56:55.932463,0 days 00:00:00.755058,0.9,10,3.0,0.9,23,68,COMPLETE
8608,8608,15311.5,2023-11-15 12:56:55.935090,2023-11-15 12:56:56.731875,0 days 00:00:00.796785,0.8,40,3.0,0.9,12,82,COMPLETE
8609,8609,18392.25,2023-11-15 12:56:56.734418,2023-11-15 12:56:57.475485,0 days 00:00:00.741067,0.8,20,2.75,0.9,18,71,COMPLETE
8610,8610,17546.25,2023-11-15 12:56:57.478350,2023-11-15 12:56:58.255478,0 days 00:00:00.777128,0.8,10,3.0,0.8,25,78,COMPLETE
8611,8611,17920.75,2023-11-15 12:56:58.258445,2023-11-15 12:56:59.026226,0 days 00:00:00.767781,0.8,10,3.0,0.9,21,74,COMPLETE
8612,8612,17547.25,2023-11-15 12:56:59.029143,2023-11-15 12:56:59.809892,0 days 00:00:00.780749,0.8,10,3.0,0.9,15,68,COMPLETE
8613,8613,17014.0,2023-11-15 12:56:59.813135,2023-11-15 12:57:00.699626,0 days 00:00:00.886491,0.8,10,2.75,0.9,19,64,COMPLETE
8614,8614,19260.75,2023-11-15 12:57:00.702824,2023-11-15 12:57:01.510461,0 days 00:00:00.807637,0.8,10,3.0,0.9,22,71,COMPLETE
8615,8615,18682.0,2023-11-15 12:57:01.513958,2023-11-15 12:57:02.281257,0 days 00:00:00.767299,0.8,10,3.0,0.9,16,75,COMPLETE
8616,8616,17917.0,2023-11-15 12:57:02.283888,2023-11-15 12:57:03.080328,0 days 00:00:00.796440,0.8,10,2.75,0.9,24,67,COMPLETE
8617,8617,19260.75,2023-11-15 12:57:03.082941,2023-11-15 12:57:03.826641,0 days 00:00:00.743700,0.8,10,3.0,0.9,20,71,COMPLETE
8618,8618,17453.0,2023-11-15 12:57:03.829942,2023-11-15 12:57:04.603224,0 days 00:00:00.773282,0.8,10,3.0,0.9,30,78,COMPLETE
8619,8619,16464.5,2023-11-15 12:57:04.606672,2023-11-15 12:57:05.374099,0 days 00:00:00.767427,0.7000000000000001,20,3.0,0.9,14,73,COMPLETE
8620,8620,17561.25,2023-11-15 12:57:05.376677,2023-11-15 12:57:06.157402,0 days 00:00:00.780725,0.9,10,2.75,0.9,18,69,COMPLETE
8621,8621,17654.5,2023-11-15 12:57:06.159960,2023-11-15 12:57:06.909261,0 days 00:00:00.749301,0.8,10,3.0,0.9,23,65,COMPLETE
8622,8622,16923.25,2023-11-15 12:57:06.912043,2023-11-15 12:57:07.685884,0 days 00:00:00.773841,0.8,10,3.0,0.9,27,76,COMPLETE
8623,8623,17826.25,2023-11-15 12:57:07.688679,2023-11-15 12:57:08.437859,0 days 00:00:00.749180,0.8,10,2.5,0.9,17,70,COMPLETE
8624,8624,17111.25,2023-11-15 12:57:08.440827,2023-11-15 12:57:09.237344,0 days 00:00:00.796517,0.8,10,0.75,0.8,21,73,COMPLETE
8625,8625,17644.5,2023-11-15 12:57:09.240264,2023-11-15 12:57:09.987474,0 days 00:00:00.747210,0.8,10,3.0,0.7000000000000001,19,67,COMPLETE
8626,8626,15902.75,2023-11-15 12:57:09.991023,2023-11-15 12:57:10.767151,0 days 00:00:00.776128,0.8,20,2.75,0.9,13,61,COMPLETE
8627,8627,17926.25,2023-11-15 12:57:10.769698,2023-11-15 12:57:11.525670,0 days 00:00:00.755972,0.8,10,3.0,0.9,16,80,COMPLETE
8628,8628,19260.75,2023-11-15 12:57:11.528324,2023-11-15 12:57:12.291178,0 days 00:00:00.762854,0.8,10,3.0,0.9,25,71,COMPLETE
8629,8629,18682.0,2023-11-15 12:57:12.293874,2023-11-15 12:57:13.041885,0 days 00:00:00.748011,0.8,10,3.0,0.9,22,75,COMPLETE
8630,8630,17547.25,2023-11-15 12:57:13.046216,2023-11-15 12:57:13.807067,0 days 00:00:00.760851,0.8,10,2.75,0.9,19,68,COMPLETE
8631,8631,17369.5,2023-11-15 12:57:13.809664,2023-11-15 12:57:14.673796,0 days 00:00:00.864132,0.8,10,3.0,0.9,50,73,COMPLETE
8632,8632,18115.75,2023-11-15 12:57:14.677435,2023-11-15 12:57:15.626606,0 days 00:00:00.949171,0.7000000000000001,10,3.0,0.9,17,65,COMPLETE
8633,8633,18121.5,2023-11-15 12:57:15.630032,2023-11-15 12:57:16.392398,0 days 00:00:00.762366,0.8,10,3.0,0.9,21,77,COMPLETE
8634,8634,17922.5,2023-11-15 12:57:16.395253,2023-11-15 12:57:17.165492,0 days 00:00:00.770239,0.8,10,2.75,0.8,11,70,COMPLETE
8635,8635,16899.25,2023-11-15 12:57:17.168209,2023-11-15 12:57:17.941165,0 days 00:00:00.772956,0.9,10,3.0,0.9,14,63,COMPLETE
8636,8636,17186.0,2023-11-15 12:57:17.943804,2023-11-15 12:57:18.743870,0 days 00:00:00.800066,0.8,10,3.0,0.9,23,73,COMPLETE
8637,8637,17115.5,2023-11-15 12:57:18.748161,2023-11-15 12:57:19.525483,0 days 00:00:00.777322,0.8,10,3.0,0.9,20,69,COMPLETE
8638,8638,16620.5,2023-11-15 12:57:19.528153,2023-11-15 12:57:20.306851,0 days 00:00:00.778698,0.8,20,2.75,0.9,26,67,COMPLETE
8639,8639,17134.75,2023-11-15 12:57:20.309423,2023-11-15 12:57:21.066813,0 days 00:00:00.757390,0.8,10,3.0,0.1,18,76,COMPLETE
8640,8640,19260.75,2023-11-15 12:57:21.069428,2023-11-15 12:57:21.849547,0 days 00:00:00.780119,0.8,10,3.0,0.9,16,71,COMPLETE
8641,8641,17548.0,2023-11-15 12:57:21.852192,2023-11-15 12:57:22.622091,0 days 00:00:00.769899,0.8,10,2.5,0.9,24,82,COMPLETE
8642,8642,16968.25,2023-11-15 12:57:22.624956,2023-11-15 12:57:23.394208,0 days 00:00:00.769252,0.8,10,2.75,0.6,87,73,COMPLETE
8643,8643,17369.25,2023-11-15 12:57:23.397386,2023-11-15 12:57:24.159121,0 days 00:00:00.761735,0.8,10,3.0,0.9,20,79,COMPLETE
8644,8644,14531.75,2023-11-15 12:57:24.161993,2023-11-15 12:57:24.952245,0 days 00:00:00.790252,0.8,50,3.0,0.4,15,67,COMPLETE
8645,8645,18109.0,2023-11-15 12:57:24.954944,2023-11-15 12:57:25.713088,0 days 00:00:00.758144,0.9,10,3.0,0.9,22,70,COMPLETE
8646,8646,18679.5,2023-11-15 12:57:25.715897,2023-11-15 12:57:26.472662,0 days 00:00:00.756765,0.7000000000000001,10,2.75,0.9,18,75,COMPLETE
8647,8647,16745.0,2023-11-15 12:57:26.475280,2023-11-15 12:57:27.226408,0 days 00:00:00.751128,0.8,10,2.25,0.9,20,64,COMPLETE
8648,8648,17275.25,2023-11-15 12:57:27.231217,2023-11-15 12:57:28.021503,0 days 00:00:00.790286,0.8,20,3.0,0.9,27,72,COMPLETE
8649,8649,17547.25,2023-11-15 12:57:28.024115,2023-11-15 12:57:28.780187,0 days 00:00:00.756072,0.8,10,3.0,0.9,13,68,COMPLETE
8650,8650,18027.0,2023-11-15 12:57:28.783478,2023-11-15 12:57:29.601202,0 days 00:00:00.817724,0.8,10,3.0,0.8,17,77,COMPLETE
8651,8651,17188.25,2023-11-15 12:57:29.605043,2023-11-15 12:57:30.547368,0 days 00:00:00.942325,0.8,10,2.75,0.9,8,73,COMPLETE
8652,8652,17115.5,2023-11-15 12:57:30.551123,2023-11-15 12:57:31.451047,0 days 00:00:00.899924,0.8,10,3.0,0.9,23,69,COMPLETE
8653,8653,17654.5,2023-11-15 12:57:31.453724,2023-11-15 12:57:32.213491,0 days 00:00:00.759767,0.8,10,3.0,0.9,21,65,COMPLETE
8654,8654,19260.75,2023-11-15 12:57:32.217520,2023-11-15 12:57:32.997175,0 days 00:00:00.779655,0.8,10,2.5,0.9,15,71,COMPLETE
8655,8655,18587.75,2023-11-15 12:57:33.000310,2023-11-15 12:57:33.788251,0 days 00:00:00.787941,0.8,10,2.75,0.9,68,75,COMPLETE
8656,8656,16726.25,2023-11-15 12:57:33.790851,2023-11-15 12:57:34.582461,0 days 00:00:00.791610,0.8,10,3.0,0.9,18,61,COMPLETE
8657,8657,17922.5,2023-11-15 12:57:34.585083,2023-11-15 12:57:35.345419,0 days 00:00:00.760336,0.8,10,3.0,0.8,33,70,COMPLETE
8658,8658,17920.5,2023-11-15 12:57:35.348450,2023-11-15 12:57:36.156316,0 days 00:00:00.807866,0.7000000000000001,10,3.0,0.9,24,67,COMPLETE
8659,8659,16898.25,2023-11-15 12:57:36.159123,2023-11-15 12:57:36.950378,0 days 00:00:00.791255,0.6,20,3.0,0.9,19,79,COMPLETE
8660,8660,17920.75,2023-11-15 12:57:36.953205,2023-11-15 12:57:37.728901,0 days 00:00:00.775696,0.8,10,3.0,0.9,21,74,COMPLETE
8661,8661,18215.25,2023-11-15 12:57:37.731908,2023-11-15 12:57:38.540770,0 days 00:00:00.808862,0.8,10,2.75,0.9,11,72,COMPLETE
8662,8662,16719.5,2023-11-15 12:57:38.544014,2023-11-15 12:57:39.320213,0 days 00:00:00.776199,0.8,10,3.0,0.9,16,66,COMPLETE
8663,8663,17016.25,2023-11-15 12:57:39.322976,2023-11-15 12:57:40.106843,0 days 00:00:00.783867,0.8,10,3.0,0.9,26,76,COMPLETE
8664,8664,17561.25,2023-11-15 12:57:40.110115,2023-11-15 12:57:40.889494,0 days 00:00:00.779379,0.9,10,2.75,0.9,19,69,COMPLETE
8665,8665,18122.5,2023-11-15 12:57:40.892177,2023-11-15 12:57:41.675005,0 days 00:00:00.782828,0.8,10,3.0,0.9,23,72,COMPLETE
8666,8666,16623.0,2023-11-15 12:57:41.677976,2023-11-15 12:57:42.454048,0 days 00:00:00.776072,0.8,10,2.75,0.9,13,57,COMPLETE
8667,8667,16751.75,2023-11-15 12:57:42.456768,2023-11-15 12:57:43.242176,0 days 00:00:00.785408,0.8,10,3.0,0.8,29,64,COMPLETE
8668,8668,17188.25,2023-11-15 12:57:43.245060,2023-11-15 12:57:44.027791,0 days 00:00:00.782731,0.8,20,2.5,0.9,17,74,COMPLETE
8669,8669,16359.75,2023-11-15 12:57:44.031787,2023-11-15 12:57:44.827032,0 days 00:00:00.795245,0.8,10,2.0,0.9,21,51,COMPLETE
8670,8670,13455.5,2023-11-15 12:57:44.831001,2023-11-15 12:57:45.773147,0 days 00:00:00.942146,0.8,60,3.0,0.5,15,69,COMPLETE
8671,8671,17456.5,2023-11-15 12:57:45.776128,2023-11-15 12:57:46.798509,0 days 00:00:01.022381,0.7000000000000001,10,3.0,0.9,25,78,COMPLETE
8672,8672,19164.5,2023-11-15 12:57:46.802246,2023-11-15 12:57:47.766315,0 days 00:00:00.964069,0.8,10,3.0,0.7000000000000001,19,71,COMPLETE
8673,8673,16719.5,2023-11-15 12:57:47.769263,2023-11-15 12:57:48.643103,0 days 00:00:00.873840,0.8,10,3.0,0.9,22,66,COMPLETE
8674,8674,18405.0,2023-11-15 12:57:48.647097,2023-11-15 12:57:49.426006,0 days 00:00:00.778909,0.8,10,1.25,0.9,17,75,COMPLETE
8675,8675,17159.5,2023-11-15 12:57:49.428864,2023-11-15 12:57:50.201430,0 days 00:00:00.772566,0.9,30,2.75,0.9,20,62,COMPLETE
8676,8676,17739.5,2023-11-15 12:57:50.204007,2023-11-15 12:57:51.003754,0 days 00:00:00.799747,0.8,10,3.0,0.9,24,81,COMPLETE
8677,8677,17115.5,2023-11-15 12:57:51.006439,2023-11-15 12:57:51.793217,0 days 00:00:00.786778,0.8,10,3.0,0.9,14,69,COMPLETE
8678,8678,16594.75,2023-11-15 12:57:51.796066,2023-11-15 12:57:52.571519,0 days 00:00:00.775453,0.8,10,0.5,0.9,18,73,COMPLETE
8679,8679,16620.5,2023-11-15 12:57:52.574175,2023-11-15 12:57:53.351566,0 days 00:00:00.777391,0.8,20,2.75,0.9,22,67,COMPLETE
8680,8680,18019.5,2023-11-15 12:57:53.354221,2023-11-15 12:57:54.107598,0 days 00:00:00.753377,0.7000000000000001,10,3.0,0.9,20,86,COMPLETE
8681,8681,18026.0,2023-11-15 12:57:54.110205,2023-11-15 12:57:54.923971,0 days 00:00:00.813766,0.8,10,3.0,0.9,16,77,COMPLETE
8682,8682,17825.5,2023-11-15 12:57:54.926573,2023-11-15 12:57:55.684136,0 days 00:00:00.757563,0.8,10,3.0,0.9,10,70,COMPLETE
8683,8683,17188.25,2023-11-15 12:57:55.687329,2023-11-15 12:57:56.452087,0 days 00:00:00.764758,0.8,10,3.0,0.9,18,73,COMPLETE
8684,8684,18299.75,2023-11-15 12:57:56.454720,2023-11-15 12:57:57.227768,0 days 00:00:00.773048,0.8,10,2.75,0.8,26,65,COMPLETE
8685,8685,19260.75,2023-11-15 12:57:57.230974,2023-11-15 12:57:58.029293,0 days 00:00:00.798319,0.8,10,3.0,0.9,21,71,COMPLETE
8686,8686,18682.0,2023-11-15 12:57:58.032362,2023-11-15 12:57:58.795714,0 days 00:00:00.763352,0.8,10,3.0,0.9,23,75,COMPLETE
8687,8687,17917.0,2023-11-15 12:57:58.798673,2023-11-15 12:57:59.708494,0 days 00:00:00.909821,0.8,10,3.0,0.9,12,67,COMPLETE
8688,8688,17826.25,2023-11-15 12:57:59.711499,2023-11-15 12:58:00.597118,0 days 00:00:00.885619,0.8,10,2.5,0.9,2,70,COMPLETE
8689,8689,15620.75,2023-11-15 12:58:00.599736,2023-11-15 12:58:01.398703,0 days 00:00:00.798967,0.9,20,2.75,0.9,15,63,COMPLETE
8690,8690,17369.25,2023-11-15 12:58:01.401817,2023-11-15 12:58:02.170180,0 days 00:00:00.768363,0.8,10,3.0,0.9,19,79,COMPLETE
8691,8691,17369.5,2023-11-15 12:58:02.172749,2023-11-15 12:58:03.004921,0 days 00:00:00.832172,0.8,10,3.0,0.9,74,73,COMPLETE
8692,8692,17549.5,2023-11-15 12:58:03.007461,2023-11-15 12:58:03.780639,0 days 00:00:00.773178,0.7000000000000001,10,2.75,0.9,28,68,COMPLETE
8693,8693,17016.25,2023-11-15 12:58:03.783621,2023-11-15 12:58:04.598706,0 days 00:00:00.815085,0.8,10,3.0,0.9,16,76,COMPLETE
8694,8694,15820.0,2023-11-15 12:58:04.601525,2023-11-15 12:58:05.368304,0 days 00:00:00.766779,0.8,10,3.0,0.9,24,47,COMPLETE
8695,8695,19260.75,2023-11-15 12:58:05.371238,2023-11-15 12:58:06.147670,0 days 00:00:00.776432,0.8,10,3.0,0.9,21,71,COMPLETE
8696,8696,17460.25,2023-11-15 12:58:06.150404,2023-11-15 12:58:06.939286,0 days 00:00:00.788882,0.8,10,2.25,0.9,18,73,COMPLETE
8697,8697,17547.25,2023-11-15 12:58:06.941949,2023-11-15 12:58:07.736360,0 days 00:00:00.794411,0.8,10,3.0,0.9,41,68,COMPLETE
8698,8698,17099.5,2023-11-15 12:58:07.739913,2023-11-15 12:58:08.507489,0 days 00:00:00.767576,0.8,10,2.75,0.9,22,60,COMPLETE
8699,8699,16898.75,2023-11-15 12:58:08.510172,2023-11-15 12:58:09.281911,0 days 00:00:00.771739,0.8,20,3.0,0.9,14,76,COMPLETE
8700,8700,17833.75,2023-11-15 12:58:09.284484,2023-11-15 12:58:10.046575,0 days 00:00:00.762091,0.8,10,3.0,0.9,17,83,COMPLETE
8701,8701,17654.5,2023-11-15 12:58:10.049641,2023-11-15 12:58:10.808813,0 days 00:00:00.759172,0.8,10,3.0,0.9,25,65,COMPLETE
8702,8702,15932.5,2023-11-15 12:58:10.811537,2023-11-15 12:58:11.630476,0 days 00:00:00.818939,0.9,40,2.75,0.9,20,71,COMPLETE
8703,8703,17115.5,2023-11-15 12:58:11.633405,2023-11-15 12:58:12.399041,0 days 00:00:00.765636,0.8,10,3.0,0.9,19,69,COMPLETE
8704,8704,17462.25,2023-11-15 12:58:12.401707,2023-11-15 12:58:13.172820,0 days 00:00:00.771113,0.8,10,2.5,0.9,23,73,COMPLETE
8705,8705,16811.25,2023-11-15 12:58:13.175511,2023-11-15 12:58:13.965479,0 days 00:00:00.789968,0.8,10,3.0,0.8,13,66,COMPLETE
8706,8706,18121.5,2023-11-15 12:58:13.968603,2023-11-15 12:58:14.950559,0 days 00:00:00.981956,0.8,10,2.75,0.9,54,77,COMPLETE
8707,8707,16415.5,2023-11-15 12:58:14.954134,2023-11-15 12:58:15.782586,0 days 00:00:00.828452,0.2,10,3.0,0.9,17,74,COMPLETE
8708,8708,17826.75,2023-11-15 12:58:15.785312,2023-11-15 12:58:16.551715,0 days 00:00:00.766403,0.5,20,3.0,0.9,15,70,COMPLETE
8709,8709,17014.0,2023-11-15 12:58:16.554325,2023-11-15 12:58:17.326245,0 days 00:00:00.771920,0.8,10,3.0,0.9,20,64,COMPLETE
8710,8710,17927.5,2023-11-15 12:58:17.329650,2023-11-15 12:58:18.118611,0 days 00:00:00.788961,0.8,10,2.75,0.9,22,80,COMPLETE
8711,8711,12415.75,2023-11-15 12:58:18.121295,2023-11-15 12:58:18.907606,0 days 00:00:00.786311,0.7000000000000001,90,3.0,0.8,27,68,COMPLETE
8712,8712,18122.5,2023-11-15 12:58:18.910154,2023-11-15 12:58:19.681913,0 days 00:00:00.771759,0.8,10,3.0,0.9,18,72,COMPLETE
8713,8713,12488.5,2023-11-15 12:58:19.684661,2023-11-15 12:58:20.483614,0 days 00:00:00.798953,0.8,70,3.0,0.9,25,76,COMPLETE
8714,8714,19260.75,2023-11-15 12:58:20.486247,2023-11-15 12:58:21.263439,0 days 00:00:00.777192,0.8,10,3.0,0.9,16,71,COMPLETE
8715,8715,16565.75,2023-11-15 12:58:21.266031,2023-11-15 12:58:22.040712,0 days 00:00:00.774681,0.4,10,2.75,0.9,20,68,COMPLETE
8716,8716,19260.75,2023-11-15 12:58:22.043287,2023-11-15 12:58:22.814268,0 days 00:00:00.770981,0.9,10,3.0,0.9,23,74,COMPLETE
8717,8717,17453.0,2023-11-15 12:58:22.816938,2023-11-15 12:58:23.593080,0 days 00:00:00.776142,0.8,10,3.0,0.9,18,78,COMPLETE
8718,8718,16719.5,2023-11-15 12:58:23.596159,2023-11-15 12:58:24.427259,0 days 00:00:00.831100,0.8,10,2.75,0.9,14,66,COMPLETE
8719,8719,12763.75,2023-11-15 12:58:24.430570,2023-11-15 12:58:25.228961,0 days 00:00:00.798391,0.8,80,3.0,0.9,21,63,COMPLETE
8720,8720,19260.75,2023-11-15 12:58:25.231911,2023-11-15 12:58:26.002410,0 days 00:00:00.770499,0.8,10,3.0,0.9,16,71,COMPLETE
8721,8721,16617.75,2023-11-15 12:58:26.005006,2023-11-15 12:58:26.776947,0 days 00:00:00.771941,0.8,20,3.0,0.9,12,69,COMPLETE
8722,8722,17920.75,2023-11-15 12:58:26.779861,2023-11-15 12:58:27.609114,0 days 00:00:00.829253,0.8,10,3.0,0.9,19,74,COMPLETE
