,number,value,datetime_start,datetime_complete,duration,params_alpha,params_decay_interval,params_decay_rate,params_gamma,params_initialization,params_max_steps,state
7298,7298,19261.0,2023-11-15 11:25:57.488133,2023-11-15 11:25:58.119528,0 days 00:00:00.631395,0.30000000000000004,10,0.75,0.9,4,147,COMPLETE
7299,7299,18992.75,2023-11-15 11:25:58.122518,2023-11-15 11:25:58.755650,0 days 00:00:00.633132,0.2,10,0.75,0.9,8,143,COMPLETE
7300,7300,19132.0,2023-11-15 11:25:58.758029,2023-11-15 11:25:59.362148,0 days 00:00:00.604119,0.1,10,1.0,0.9,2,150,COMPLETE
7301,7301,19359.75,2023-11-15 11:25:59.364649,2023-11-15 11:25:59.981776,0 days 00:00:00.617127,0.2,10,0.75,0.9,0,145,COMPLETE
7302,7302,18887.0,2023-11-15 11:25:59.984166,2023-11-15 11:26:00.611135,0 days 00:00:00.626969,0.2,10,0.75,0.8,6,140,COMPLETE
7303,7303,14882.5,2023-11-15 11:26:00.613572,2023-11-15 11:26:01.285263,0 days 00:00:00.671691,0.2,70,0.75,0.9,43,147,COMPLETE
7304,7304,16604.75,2023-11-15 11:26:01.288321,2023-11-15 11:26:01.911340,0 days 00:00:00.623019,0.5,10,0.5,0.9,3,59,COMPLETE
7305,7305,18793.5,2023-11-15 11:26:01.913600,2023-11-15 11:26:02.530919,0 days 00:00:00.617319,0.2,10,1.25,0.9,0,135,COMPLETE
7306,7306,19091.75,2023-11-15 11:26:02.533279,2023-11-15 11:26:03.153987,0 days 00:00:00.620708,0.1,10,0.75,0.9,4,143,COMPLETE
7307,7307,17503.0,2023-11-15 11:26:03.156347,2023-11-15 11:26:03.801469,0 days 00:00:00.645122,0.2,10,0.75,0.9,80,148,COMPLETE
7308,7308,13567.75,2023-11-15 11:26:03.804671,2023-11-15 11:26:04.464687,0 days 00:00:00.660016,0.2,10,0.25,0.5,62,86,COMPLETE
7309,7309,9676.75,2023-11-15 11:26:04.467108,2023-11-15 11:26:05.162511,0 days 00:00:00.695403,0.2,10,0.75,0.1,2,138,COMPLETE
7310,7310,18493.25,2023-11-15 11:26:05.164831,2023-11-15 11:26:05.782442,0 days 00:00:00.617611,0.30000000000000004,20,0.75,0.9,6,145,COMPLETE
7311,7311,18953.25,2023-11-15 11:26:05.784855,2023-11-15 11:26:06.398628,0 days 00:00:00.613773,0.1,10,1.0,0.9,2,141,COMPLETE
7312,7312,19163.75,2023-11-15 11:26:06.401013,2023-11-15 11:26:07.030670,0 days 00:00:00.629657,0.2,10,0.75,0.9,0,150,COMPLETE
7313,7313,18970.75,2023-11-15 11:26:07.033040,2023-11-15 11:26:07.678314,0 days 00:00:00.645274,0.2,10,1.0,0.9,4,145,COMPLETE
7314,7314,18787.25,2023-11-15 11:26:07.680668,2023-11-15 11:26:08.326209,0 days 00:00:00.645541,0.2,10,1.25,0.8,2,142,COMPLETE
7315,7315,19261.0,2023-11-15 11:26:08.328442,2023-11-15 11:26:08.941486,0 days 00:00:00.613044,0.1,10,0.75,0.9,8,147,COMPLETE
7316,7316,0.0,2023-11-15 11:26:08.943778,2023-11-15 11:26:09.573459,0 days 00:00:00.629681,0.2,20,0.75,0.9,0,20,COMPLETE
7317,7317,18970.25,2023-11-15 11:26:09.575766,2023-11-15 11:26:10.194304,0 days 00:00:00.618538,0.2,10,0.5,0.9,4,144,COMPLETE
7318,7318,17272.5,2023-11-15 11:26:10.197237,2023-11-15 11:26:10.851932,0 days 00:00:00.654695,0.2,10,0.75,0.6,2,139,COMPLETE
7319,7319,19110.25,2023-11-15 11:26:10.855183,2023-11-15 11:26:11.465852,0 days 00:00:00.610669,0.1,10,0.75,0.9,6,150,COMPLETE
7320,7320,19261.0,2023-11-15 11:26:11.468389,2023-11-15 11:26:12.097476,0 days 00:00:00.629087,0.2,10,0.75,0.4,0,147,COMPLETE
7321,7321,19182.75,2023-11-15 11:26:12.099758,2023-11-15 11:26:12.718392,0 days 00:00:00.618634,0.2,10,1.0,0.9,4,142,COMPLETE
7322,7322,18771.5,2023-11-15 11:26:12.721385,2023-11-15 11:26:13.341253,0 days 00:00:00.619868,0.2,10,0.75,0.9,2,76,COMPLETE
7323,7323,18974.5,2023-11-15 11:26:13.343642,2023-11-15 11:26:13.975498,0 days 00:00:00.631856,0.2,10,0.75,0.8,10,145,COMPLETE
7324,7324,19078.0,2023-11-15 11:26:13.977963,2023-11-15 11:26:14.596984,0 days 00:00:00.619021,0.1,10,0.75,0.9,0,136,COMPLETE
7325,7325,15944.75,2023-11-15 11:26:14.599391,2023-11-15 11:26:15.237680,0 days 00:00:00.638289,0.30000000000000004,10,0.75,0.2,5,148,COMPLETE
7326,7326,18394.75,2023-11-15 11:26:15.240454,2023-11-15 11:26:15.859032,0 days 00:00:00.618578,0.2,20,0.75,0.7000000000000001,2,141,COMPLETE
7327,7327,19270.0,2023-11-15 11:26:15.861402,2023-11-15 11:26:16.478591,0 days 00:00:00.617189,0.2,10,1.25,0.9,0,145,COMPLETE
7328,7328,19164.25,2023-11-15 11:26:16.480961,2023-11-15 11:26:17.110510,0 days 00:00:00.629549,0.2,10,0.5,0.9,3,150,COMPLETE
7329,7329,19197.25,2023-11-15 11:26:17.112981,2023-11-15 11:26:17.725777,0 days 00:00:00.612796,0.1,10,0.75,0.9,8,143,COMPLETE
7330,7330,18904.5,2023-11-15 11:26:17.728154,2023-11-15 11:26:18.345219,0 days 00:00:00.617065,0.2,10,0.75,0.9,2,110,COMPLETE
7331,7331,17629.25,2023-11-15 11:26:18.347747,2023-11-15 11:26:19.006852,0 days 00:00:00.659105,0.4,10,0.25,0.8,6,147,COMPLETE
7332,7332,16507.25,2023-11-15 11:26:19.009258,2023-11-15 11:26:19.674874,0 days 00:00:00.665616,0.7000000000000001,10,1.0,0.9,0,139,COMPLETE
7333,7333,18499.25,2023-11-15 11:26:19.677189,2023-11-15 11:26:20.324294,0 days 00:00:00.647105,0.2,20,0.75,0.9,4,145,COMPLETE
7334,7334,15811.75,2023-11-15 11:26:20.326614,2023-11-15 11:26:20.970162,0 days 00:00:00.643548,0.2,10,0.75,0.9,93,148,COMPLETE
7335,7335,18972.0,2023-11-15 11:26:20.972797,2023-11-15 11:26:21.593021,0 days 00:00:00.620224,0.1,10,0.75,0.9,2,141,COMPLETE
7336,7336,19163.75,2023-11-15 11:26:21.595422,2023-11-15 11:26:22.210529,0 days 00:00:00.615107,0.2,10,0.75,0.9,0,150,COMPLETE
7337,7337,19050.0,2023-11-15 11:26:22.213038,2023-11-15 11:26:22.826257,0 days 00:00:00.613219,0.2,10,1.0,0.9,4,143,COMPLETE
7338,7338,18842.0,2023-11-15 11:26:22.828622,2023-11-15 11:26:23.462767,0 days 00:00:00.634145,0.2,10,0.75,0.8,2,94,COMPLETE
7339,7339,19080.5,2023-11-15 11:26:23.465154,2023-11-15 11:26:24.080460,0 days 00:00:00.615306,0.30000000000000004,10,1.25,0.9,5,145,COMPLETE
7340,7340,19161.25,2023-11-15 11:26:24.082756,2023-11-15 11:26:24.704678,0 days 00:00:00.621922,0.2,10,0.5,0.9,0,137,COMPLETE
7341,7341,19261.0,2023-11-15 11:26:24.707367,2023-11-15 11:26:25.326263,0 days 00:00:00.618896,0.1,10,0.75,0.9,7,147,COMPLETE
7342,7342,19050.0,2023-11-15 11:26:25.328740,2023-11-15 11:26:25.942667,0 days 00:00:00.613927,0.2,10,1.0,0.9,3,143,COMPLETE
7343,7343,14001.75,2023-11-15 11:26:25.944981,2023-11-15 11:26:26.620732,0 days 00:00:00.675751,0.2,10,0.75,0.4,2,147,COMPLETE
7344,7344,15983.0,2023-11-15 11:26:26.623186,2023-11-15 11:26:27.268379,0 days 00:00:00.645193,0.2,10,0.75,0.6,20,141,COMPLETE
7345,7345,19261.0,2023-11-15 11:26:27.271330,2023-11-15 11:26:27.896220,0 days 00:00:00.624890,0.2,10,0.75,0.30000000000000004,0,150,COMPLETE
7346,7346,18335.75,2023-11-15 11:26:27.898630,2023-11-15 11:26:28.552384,0 days 00:00:00.653754,0.1,20,0.75,0.9,5,139,COMPLETE
7347,7347,19068.0,2023-11-15 11:26:28.555496,2023-11-15 11:26:29.184715,0 days 00:00:00.629219,0.2,10,0.75,0.9,15,145,COMPLETE
7348,7348,19261.0,2023-11-15 11:26:29.187880,2023-11-15 11:26:29.801185,0 days 00:00:00.613305,0.30000000000000004,10,0.75,0.9,2,147,COMPLETE
7349,7349,19261.0,2023-11-15 11:26:29.804149,2023-11-15 11:26:30.443772,0 days 00:00:00.639623,0.2,10,0.5,0.8,0,143,COMPLETE
7350,7350,18930.25,2023-11-15 11:26:30.446629,2023-11-15 11:26:31.073499,0 days 00:00:00.626870,0.1,10,1.25,0.9,4,133,COMPLETE
7351,7351,18060.0,2023-11-15 11:26:31.075906,2023-11-15 11:26:31.714007,0 days 00:00:00.638101,0.2,10,0.25,0.7000000000000001,2,150,COMPLETE
7352,7352,16515.25,2023-11-15 11:26:31.716529,2023-11-15 11:26:32.352828,0 days 00:00:00.636299,0.2,50,1.0,0.9,7,145,COMPLETE
7353,7353,19261.0,2023-11-15 11:26:32.355620,2023-11-15 11:26:32.974132,0 days 00:00:00.618512,0.2,10,0.75,0.2,0,140,COMPLETE
7354,7354,9376.0,2023-11-15 11:26:32.976384,2023-11-15 11:26:33.716768,0 days 00:00:00.740384,0.1,10,1.75,0.5,10,147,COMPLETE
7355,7355,19093.75,2023-11-15 11:26:33.719181,2023-11-15 11:26:34.346050,0 days 00:00:00.626869,0.2,10,0.75,0.9,4,142,COMPLETE
7356,7356,17803.75,2023-11-15 11:26:34.348403,2023-11-15 11:26:34.966587,0 days 00:00:00.618184,0.30000000000000004,20,0.75,0.9,2,54,COMPLETE
7357,7357,18725.25,2023-11-15 11:26:34.968936,2023-11-15 11:26:35.593033,0 days 00:00:00.624097,0.8,10,1.5,0.9,0,137,COMPLETE
7358,7358,19262.25,2023-11-15 11:26:35.595400,2023-11-15 11:26:36.207778,0 days 00:00:00.612378,0.2,10,0.75,0.9,6,145,COMPLETE
7359,7359,19201.25,2023-11-15 11:26:36.210174,2023-11-15 11:26:36.836490,0 days 00:00:00.626316,0.2,10,0.75,0.9,3,148,COMPLETE
7360,7360,19050.0,2023-11-15 11:26:36.839379,2023-11-15 11:26:37.475304,0 days 00:00:00.635925,0.1,10,1.0,0.9,2,143,COMPLETE
7361,7361,19261.0,2023-11-15 11:26:37.477600,2023-11-15 11:26:38.092096,0 days 00:00:00.614496,0.2,10,0.75,0.9,4,147,COMPLETE
7362,7362,17643.75,2023-11-15 11:26:38.094461,2023-11-15 11:26:38.726864,0 days 00:00:00.632403,0.2,30,0.5,0.9,0,150,COMPLETE
7363,7363,18787.0,2023-11-15 11:26:38.729188,2023-11-15 11:26:39.358482,0 days 00:00:00.629294,0.2,10,1.25,0.8,6,140,COMPLETE
7364,7364,19163.5,2023-11-15 11:26:39.360907,2023-11-15 11:26:39.977327,0 days 00:00:00.616420,0.2,10,0.75,0.9,2,144,COMPLETE
7365,7365,19261.0,2023-11-15 11:26:39.979783,2023-11-15 11:26:40.612875,0 days 00:00:00.633092,0.1,10,0.75,0.9,0,147,COMPLETE
7366,7366,18792.0,2023-11-15 11:26:40.615349,2023-11-15 11:26:41.236817,0 days 00:00:00.621468,0.2,10,1.0,0.9,8,142,COMPLETE
7367,7367,18021.5,2023-11-15 11:26:41.239458,2023-11-15 11:26:41.865066,0 days 00:00:00.625608,0.2,20,0.75,0.7000000000000001,4,138,COMPLETE
7368,7368,14133.25,2023-11-15 11:26:41.867653,2023-11-15 11:26:42.529415,0 days 00:00:00.661762,0.1,40,0.75,0.6,13,150,COMPLETE
7369,7369,18898.0,2023-11-15 11:26:42.531695,2023-11-15 11:26:43.156904,0 days 00:00:00.625209,0.2,10,0.75,0.8,3,145,COMPLETE
7370,7370,19058.5,2023-11-15 11:26:43.159284,2023-11-15 11:26:43.796059,0 days 00:00:00.636775,0.2,10,0.75,0.9,0,100,COMPLETE
7371,7371,19292.25,2023-11-15 11:26:43.798371,2023-11-15 11:26:44.422814,0 days 00:00:00.624443,0.2,10,0.75,0.9,2,145,COMPLETE
7372,7372,19070.25,2023-11-15 11:26:44.425089,2023-11-15 11:26:45.038161,0 days 00:00:00.613072,0.4,10,0.75,0.9,5,141,COMPLETE
7373,7373,12789.25,2023-11-15 11:26:45.040715,2023-11-15 11:26:45.730880,0 days 00:00:00.690165,0.2,100,1.0,0.9,2,148,COMPLETE
7374,7374,19161.25,2023-11-15 11:26:45.733275,2023-11-15 11:26:46.349603,0 days 00:00:00.616328,0.2,10,0.5,0.1,0,135,COMPLETE
7375,7375,8780.25,2023-11-15 11:26:46.351884,2023-11-15 11:26:47.089291,0 days 00:00:00.737407,0.1,10,0.75,0.5,9,143,COMPLETE
7376,7376,19066.75,2023-11-15 11:26:47.091775,2023-11-15 11:26:47.709649,0 days 00:00:00.617874,0.5,10,1.25,0.9,5,147,COMPLETE
7377,7377,18956.0,2023-11-15 11:26:47.712127,2023-11-15 11:26:48.338816,0 days 00:00:00.626689,0.30000000000000004,10,0.75,0.9,2,130,COMPLETE
7378,7378,18394.75,2023-11-15 11:26:48.341071,2023-11-15 11:26:48.977231,0 days 00:00:00.636160,0.2,20,0.75,0.9,0,140,COMPLETE
7379,7379,19111.25,2023-11-15 11:26:48.979638,2023-11-15 11:26:49.600361,0 days 00:00:00.620723,0.2,10,0.75,0.9,4,150,COMPLETE
7380,7380,19262.25,2023-11-15 11:26:49.602852,2023-11-15 11:26:50.232635,0 days 00:00:00.629783,0.2,10,0.75,0.9,6,145,COMPLETE
7381,7381,18701.25,2023-11-15 11:26:50.241289,2023-11-15 11:26:50.933906,0 days 00:00:00.692617,0.2,10,0.25,0.8,2,143,COMPLETE
7382,7382,19261.0,2023-11-15 11:26:50.937603,2023-11-15 11:26:51.626124,0 days 00:00:00.688521,0.1,10,1.0,0.9,0,147,COMPLETE
7383,7383,18765.5,2023-11-15 11:26:51.628743,2023-11-15 11:26:52.309250,0 days 00:00:00.680507,0.2,10,0.75,0.9,3,139,COMPLETE
7384,7384,19197.25,2023-11-15 11:26:52.311700,2023-11-15 11:26:52.940050,0 days 00:00:00.628350,0.1,10,0.75,0.9,7,143,COMPLETE
7385,7385,19163.5,2023-11-15 11:26:52.942306,2023-11-15 11:26:53.602853,0 days 00:00:00.660547,0.2,10,1.25,0.9,2,150,COMPLETE
7386,7386,19359.75,2023-11-15 11:26:53.605637,2023-11-15 11:26:54.222049,0 days 00:00:00.616412,0.2,10,0.75,0.9,4,145,COMPLETE
7387,7387,18068.75,2023-11-15 11:26:54.224789,2023-11-15 11:26:54.861044,0 days 00:00:00.636255,0.2,20,0.75,0.9,0,137,COMPLETE
7388,7388,19066.25,2023-11-15 11:26:54.863524,2023-11-15 11:26:55.491580,0 days 00:00:00.628056,0.30000000000000004,10,0.75,0.8,2,141,COMPLETE
7389,7389,14343.0,2023-11-15 11:26:55.493855,2023-11-15 11:26:56.150260,0 days 00:00:00.656405,0.2,80,1.0,0.9,5,147,COMPLETE
7390,7390,19359.75,2023-11-15 11:26:56.152731,2023-11-15 11:26:56.795789,0 days 00:00:00.643058,0.2,10,0.75,0.9,0,145,COMPLETE
7391,7391,19359.75,2023-11-15 11:26:56.798424,2023-11-15 11:26:57.425325,0 days 00:00:00.626901,0.1,10,0.5,0.9,2,148,COMPLETE
7392,7392,19261.0,2023-11-15 11:26:57.427843,2023-11-15 11:26:58.076920,0 days 00:00:00.649077,0.7000000000000001,10,1.5,0.9,4,143,COMPLETE
7393,7393,19163.5,2023-11-15 11:26:58.079187,2023-11-15 11:26:58.742317,0 days 00:00:00.663130,0.2,10,0.75,0.9,8,150,COMPLETE
7394,7394,19261.0,2023-11-15 11:26:58.745014,2023-11-15 11:26:59.399141,0 days 00:00:00.654127,0.2,10,1.0,0.9,0,140,COMPLETE
7395,7395,19262.25,2023-11-15 11:26:59.401566,2023-11-15 11:27:00.117096,0 days 00:00:00.715530,0.2,10,0.75,0.9,6,145,COMPLETE
7396,7396,13388.75,2023-11-15 11:27:00.119644,2023-11-15 11:27:00.862314,0 days 00:00:00.742670,0.1,10,0.75,0.4,2,147,COMPLETE
7397,7397,19017.5,2023-11-15 11:27:00.865513,2023-11-15 11:27:01.546771,0 days 00:00:00.681258,0.30000000000000004,10,0.75,0.9,4,142,COMPLETE
7398,7398,19065.25,2023-11-15 11:27:01.549052,2023-11-15 11:27:02.189315,0 days 00:00:00.640263,0.2,10,0.75,0.9,0,137,COMPLETE
7399,7399,18584.75,2023-11-15 11:27:02.192554,2023-11-15 11:27:02.855347,0 days 00:00:00.662793,0.2,20,0.5,0.9,11,147,COMPLETE
7400,7400,19261.0,2023-11-15 11:27:02.857788,2023-11-15 11:27:03.492619,0 days 00:00:00.634831,0.2,10,1.25,0.9,2,143,COMPLETE
7401,7401,15980.0,2023-11-15 11:27:03.500247,2023-11-15 11:27:04.184233,0 days 00:00:00.683986,0.2,10,1.0,0.5,4,148,COMPLETE
7402,7402,19261.0,2023-11-15 11:27:04.186938,2023-11-15 11:27:04.802378,0 days 00:00:00.615440,0.1,10,0.75,0.30000000000000004,0,140,COMPLETE
7403,7403,13298.5,2023-11-15 11:27:04.805461,2023-11-15 11:27:05.478418,0 days 00:00:00.672957,0.2,10,0.75,0.6,67,150,COMPLETE
7404,7404,17459.0,2023-11-15 11:27:05.480804,2023-11-15 11:27:06.123657,0 days 00:00:00.642853,0.1,10,0.25,0.8,33,145,COMPLETE
7405,7405,19261.0,2023-11-15 11:27:06.125993,2023-11-15 11:27:06.743034,0 days 00:00:00.617041,0.2,10,1.25,0.9,6,143,COMPLETE
7406,7406,19292.25,2023-11-15 11:27:06.745372,2023-11-15 11:27:07.391436,0 days 00:00:00.646064,0.2,10,0.75,0.9,2,145,COMPLETE
7407,7407,18494.75,2023-11-15 11:27:07.393841,2023-11-15 11:27:08.022394,0 days 00:00:00.628553,0.2,10,0.75,0.9,3,135,COMPLETE
7408,7408,18393.5,2023-11-15 11:27:08.024852,2023-11-15 11:27:08.656691,0 days 00:00:00.631839,0.2,20,0.75,0.9,0,150,COMPLETE
7409,7409,15745.5,2023-11-15 11:27:08.659218,2023-11-15 11:27:09.314766,0 days 00:00:00.655548,0.1,60,0.75,0.9,2,147,COMPLETE
7410,7410,19064.0,2023-11-15 11:27:09.317234,2023-11-15 11:27:09.942800,0 days 00:00:00.625566,0.2,10,1.0,0.9,9,139,COMPLETE
7411,7411,18951.0,2023-11-15 11:27:09.945076,2023-11-15 11:27:10.585324,0 days 00:00:00.640248,0.30000000000000004,10,0.5,0.9,6,141,COMPLETE
7412,7412,18992.75,2023-11-15 11:27:10.588500,2023-11-15 11:27:11.217305,0 days 00:00:00.628805,0.2,10,0.75,0.9,4,143,COMPLETE
7413,7413,16093.5,2023-11-15 11:27:11.219893,2023-11-15 11:27:11.951464,0 days 00:00:00.731571,0.6,10,0.75,0.8,0,147,COMPLETE
7414,7414,19292.25,2023-11-15 11:27:11.955152,2023-11-15 11:27:12.578057,0 days 00:00:00.622905,0.2,10,0.75,0.9,2,145,COMPLETE
7415,7415,19111.25,2023-11-15 11:27:12.580342,2023-11-15 11:27:13.205202,0 days 00:00:00.624860,0.2,10,0.75,0.9,4,150,COMPLETE
7416,7416,0.0,2023-11-15 11:27:13.207471,2023-11-15 11:27:13.881952,0 days 00:00:00.674481,0.1,10,1.0,0.9,0,27,COMPLETE
7417,7417,19093.75,2023-11-15 11:27:13.884430,2023-11-15 11:27:14.514756,0 days 00:00:00.630326,0.2,10,0.75,0.9,7,142,COMPLETE
7418,7418,18584.75,2023-11-15 11:27:14.517151,2023-11-15 11:27:15.203570,0 days 00:00:00.686419,0.2,20,0.75,0.8,2,147,COMPLETE
7419,7419,18985.25,2023-11-15 11:27:15.206541,2023-11-15 11:27:15.835984,0 days 00:00:00.629443,0.2,10,0.75,0.9,4,138,COMPLETE
7420,7420,19359.75,2023-11-15 11:27:15.838684,2023-11-15 11:27:16.457667,0 days 00:00:00.618983,0.1,10,1.25,0.7000000000000001,0,145,COMPLETE
7421,7421,18973.0,2023-11-15 11:27:16.460153,2023-11-15 11:27:17.095998,0 days 00:00:00.635845,0.2,10,0.75,0.9,2,141,COMPLETE
7422,7422,16324.5,2023-11-15 11:27:17.098459,2023-11-15 11:27:17.754553,0 days 00:00:00.656094,0.2,10,1.0,0.7000000000000001,38,148,COMPLETE
7423,7423,18982.5,2023-11-15 11:27:17.757007,2023-11-15 11:27:18.380484,0 days 00:00:00.623477,0.30000000000000004,10,0.75,0.9,6,144,COMPLETE
7424,7424,19164.25,2023-11-15 11:27:18.382809,2023-11-15 11:27:19.012745,0 days 00:00:00.629936,0.2,10,0.5,0.9,2,150,COMPLETE
7425,7425,19359.75,2023-11-15 11:27:19.015154,2023-11-15 11:27:19.635451,0 days 00:00:00.620297,0.4,10,0.75,0.9,0,145,COMPLETE
7426,7426,6055.5,2023-11-15 11:27:19.638657,2023-11-15 11:27:20.402082,0 days 00:00:00.763425,0.2,10,2.0,0.5,4,140,COMPLETE
7427,7427,17319.0,2023-11-15 11:27:20.405200,2023-11-15 11:27:21.040118,0 days 00:00:00.634918,0.1,20,0.75,0.9,8,66,COMPLETE
7428,7428,19261.0,2023-11-15 11:27:21.042541,2023-11-15 11:27:21.678090,0 days 00:00:00.635549,0.2,10,0.75,0.9,2,147,COMPLETE
7429,7429,19261.0,2023-11-15 11:27:21.680948,2023-11-15 11:27:22.308117,0 days 00:00:00.627169,0.2,10,0.75,0.8,0,143,COMPLETE
7430,7430,14716.25,2023-11-15 11:27:22.310592,2023-11-15 11:27:22.969538,0 days 00:00:00.658946,0.1,10,0.25,0.4,5,136,COMPLETE
7431,7431,19261.0,2023-11-15 11:27:22.972424,2023-11-15 11:27:23.616304,0 days 00:00:00.643880,0.2,10,1.0,0.9,3,147,COMPLETE
7432,7432,19163.5,2023-11-15 11:27:23.618733,2023-11-15 11:27:24.239596,0 days 00:00:00.620863,0.2,10,1.25,0.9,0,150,COMPLETE
7433,7433,11521.75,2023-11-15 11:27:24.241918,2023-11-15 11:27:24.926500,0 days 00:00:00.684582,0.2,10,0.75,0.6,71,141,COMPLETE
7434,7434,19292.25,2023-11-15 11:27:24.928889,2023-11-15 11:27:25.558810,0 days 00:00:00.629921,0.2,10,0.75,0.9,2,145,COMPLETE
7435,7435,7537.75,2023-11-15 11:27:25.561240,2023-11-15 11:27:26.283840,0 days 00:00:00.722600,0.1,20,0.75,0.1,4,138,COMPLETE
7436,7436,18974.25,2023-11-15 11:27:26.286370,2023-11-15 11:27:26.928806,0 days 00:00:00.642436,0.2,10,0.5,0.9,7,143,COMPLETE
7437,7437,19067.75,2023-11-15 11:27:26.931123,2023-11-15 11:27:27.563135,0 days 00:00:00.632012,0.2,10,0.75,0.9,0,132,COMPLETE
7438,7438,19261.0,2023-11-15 11:27:27.565453,2023-11-15 11:27:28.218814,0 days 00:00:00.653361,0.30000000000000004,10,0.75,0.9,2,147,COMPLETE
7439,7439,8886.25,2023-11-15 11:27:28.221951,2023-11-15 11:27:28.960627,0 days 00:00:00.738676,0.2,10,1.5,0.2,5,145,COMPLETE
7440,7440,18900.75,2023-11-15 11:27:28.963009,2023-11-15 11:27:29.598145,0 days 00:00:00.635136,0.5,10,0.75,0.9,2,126,COMPLETE
7441,7441,18634.75,2023-11-15 11:27:29.600531,2023-11-15 11:27:30.260776,0 days 00:00:00.660245,0.1,10,1.0,0.8,9,141,COMPLETE
7442,7442,19163.5,2023-11-15 11:27:30.263101,2023-11-15 11:27:30.894980,0 days 00:00:00.631879,0.2,10,1.25,0.9,0,150,COMPLETE
7443,7443,19261.0,2023-11-15 11:27:30.897410,2023-11-15 11:27:31.526116,0 days 00:00:00.628706,0.2,10,0.75,0.9,4,147,COMPLETE
7444,7444,18992.75,2023-11-15 11:27:31.528428,2023-11-15 11:27:32.175356,0 days 00:00:00.646928,0.2,10,0.75,0.9,2,143,COMPLETE
7445,7445,18199.25,2023-11-15 11:27:32.177680,2023-11-15 11:27:32.810485,0 days 00:00:00.632805,0.1,20,1.0,0.9,6,138,COMPLETE
7446,7446,19359.75,2023-11-15 11:27:32.813198,2023-11-15 11:27:33.455867,0 days 00:00:00.642669,0.2,10,0.75,0.9,0,145,COMPLETE
7447,7447,19201.25,2023-11-15 11:27:33.458430,2023-11-15 11:27:34.093355,0 days 00:00:00.634925,0.2,10,0.75,0.9,3,148,COMPLETE
7448,7448,18971.0,2023-11-15 11:27:34.095852,2023-11-15 11:27:34.737037,0 days 00:00:00.641185,0.2,10,0.5,0.9,11,141,COMPLETE
7449,7449,19028.0,2023-11-15 11:27:34.740031,2023-11-15 11:27:35.378926,0 days 00:00:00.638895,0.30000000000000004,10,0.75,0.9,4,150,COMPLETE
7450,7450,19163.5,2023-11-15 11:27:35.381280,2023-11-15 11:27:36.017958,0 days 00:00:00.636678,0.1,10,0.75,0.9,2,144,COMPLETE
7451,7451,19261.0,2023-11-15 11:27:36.021141,2023-11-15 11:27:36.672587,0 days 00:00:00.651446,0.2,10,0.75,0.8,0,147,COMPLETE
7452,7452,18992.75,2023-11-15 11:27:36.674855,2023-11-15 11:27:37.316172,0 days 00:00:00.641317,0.2,10,0.75,0.9,6,143,COMPLETE
7453,7453,18390.5,2023-11-15 11:27:37.318612,2023-11-15 11:27:37.965483,0 days 00:00:00.646871,0.2,10,1.25,0.7000000000000001,2,134,COMPLETE
7454,7454,18870.75,2023-11-15 11:27:37.967946,2023-11-15 11:27:38.615774,0 days 00:00:00.647828,0.1,10,0.25,0.6,0,139,COMPLETE
7455,7455,18584.75,2023-11-15 11:27:38.618242,2023-11-15 11:27:39.244901,0 days 00:00:00.626659,0.2,20,0.75,0.9,4,147,COMPLETE
7456,7456,19359.75,2023-11-15 11:27:39.247350,2023-11-15 11:27:39.880595,0 days 00:00:00.633245,0.2,10,0.75,0.9,0,145,COMPLETE
7457,7457,19132.0,2023-11-15 11:27:39.883069,2023-11-15 11:27:40.545050,0 days 00:00:00.661981,0.2,10,1.0,0.9,2,150,COMPLETE
7458,7458,19091.5,2023-11-15 11:27:40.547587,2023-11-15 11:27:41.188477,0 days 00:00:00.640890,0.2,10,0.75,0.9,8,142,COMPLETE
7459,7459,19359.75,2023-11-15 11:27:41.190954,2023-11-15 11:27:41.830401,0 days 00:00:00.639447,0.2,10,0.75,0.9,4,145,COMPLETE
7460,7460,15920.0,2023-11-15 11:27:41.832693,2023-11-15 11:27:42.502206,0 days 00:00:00.669513,0.1,50,0.75,0.9,30,140,COMPLETE
7461,7461,19261.0,2023-11-15 11:27:42.505330,2023-11-15 11:27:43.136402,0 days 00:00:00.631072,0.2,10,0.75,0.9,6,147,COMPLETE
7462,7462,19110.5,2023-11-15 11:27:43.139203,2023-11-15 11:27:43.779733,0 days 00:00:00.640530,0.2,10,1.0,0.8,2,143,COMPLETE
7463,7463,19072.75,2023-11-15 11:27:43.782134,2023-11-15 11:27:44.409701,0 days 00:00:00.627567,0.1,10,0.75,0.9,0,137,COMPLETE
7464,7464,19164.25,2023-11-15 11:27:44.412368,2023-11-15 11:27:45.040145,0 days 00:00:00.627777,0.2,10,0.5,0.9,4,150,COMPLETE
7465,7465,18554.5,2023-11-15 11:27:45.042581,2023-11-15 11:27:45.673993,0 days 00:00:00.631412,0.2,20,0.75,0.9,2,147,COMPLETE
7466,7466,19040.5,2023-11-15 11:27:45.676338,2023-11-15 11:27:46.306881,0 days 00:00:00.630543,0.2,10,1.25,0.8,2,141,COMPLETE
7467,7467,18829.0,2023-11-15 11:27:46.309803,2023-11-15 11:27:46.964971,0 days 00:00:00.655168,0.2,10,0.75,0.9,22,145,COMPLETE
