,number,value,datetime_start,datetime_complete,duration,params_alpha,params_decay_interval,params_decay_rate,params_gamma,params_initialization,params_max_steps,state
8136,8136,18397.25,2023-11-15 14:11:39.135178,2023-11-15 14:11:39.936982,0 days 00:00:00.801804,0.9,10,1.25,0.9,13,94,COMPLETE
8137,8137,17471.0,2023-11-15 14:11:39.939829,2023-11-15 14:11:40.736284,0 days 00:00:00.796455,0.4,10,1.0,0.8,15,96,COMPLETE
8138,8138,18232.5,2023-11-15 14:11:40.738788,2023-11-15 14:11:41.634660,0 days 00:00:00.895872,0.7000000000000001,10,1.25,0.8,21,100,COMPLETE
8139,8139,18023.5,2023-11-15 14:11:41.637673,2023-11-15 14:11:42.428302,0 days 00:00:00.790629,0.8,10,1.25,0.8,6,98,COMPLETE
8140,8140,13295.5,2023-11-15 14:11:42.430960,2023-11-15 14:11:43.288052,0 days 00:00:00.857092,0.8,90,1.25,0.8,2,99,COMPLETE
8141,8141,18202.0,2023-11-15 14:11:43.290528,2023-11-15 14:11:44.024635,0 days 00:00:00.734107,0.8,20,1.5,0.8,17,96,COMPLETE
8142,8142,18492.0,2023-11-15 14:11:44.027437,2023-11-15 14:11:44.947113,0 days 00:00:00.919676,0.8,10,1.75,0.8,32,92,COMPLETE
8143,8143,18399.5,2023-11-15 14:11:44.950360,2023-11-15 14:11:45.850241,0 days 00:00:00.899881,0.8,10,1.25,0.8,24,100,COMPLETE
8144,8144,18218.0,2023-11-15 14:11:45.853288,2023-11-15 14:11:46.646216,0 days 00:00:00.792928,0.8,10,1.25,0.8,20,97,COMPLETE
8145,8145,18265.25,2023-11-15 14:11:46.649156,2023-11-15 14:11:47.420065,0 days 00:00:00.770909,0.8,10,1.25,0.9,10,98,COMPLETE
8146,8146,17934.25,2023-11-15 14:11:47.423491,2023-11-15 14:11:48.214090,0 days 00:00:00.790599,0.8,10,1.25,0.7000000000000001,13,88,COMPLETE
8147,8147,18410.75,2023-11-15 14:11:48.217164,2023-11-15 14:11:49.050496,0 days 00:00:00.833332,0.8,10,1.25,0.8,16,94,COMPLETE
8148,8148,15738.5,2023-11-15 14:11:49.053568,2023-11-15 14:11:49.944805,0 days 00:00:00.891237,0.8,50,1.5,0.8,3,100,COMPLETE
8149,8149,18207.75,2023-11-15 14:11:49.947317,2023-11-15 14:11:50.707838,0 days 00:00:00.760521,0.9,10,1.25,0.8,8,96,COMPLETE
8150,8150,17782.5,2023-11-15 14:11:50.710993,2023-11-15 14:11:51.492890,0 days 00:00:00.781897,0.8,20,1.0,0.8,18,98,COMPLETE
8151,8151,18127.5,2023-11-15 14:11:51.495853,2023-11-15 14:11:52.259704,0 days 00:00:00.763851,0.8,10,3.0,0.8,72,100,COMPLETE
8152,8152,199.5,2023-11-15 14:11:52.262268,2023-11-15 14:11:53.292996,0 days 00:00:01.030728,0.8,10,2.0,0.8,0,98,COMPLETE
8153,8153,18300.75,2023-11-15 14:11:53.295913,2023-11-15 14:11:54.225584,0 days 00:00:00.929671,0.8,10,1.25,0.9,5,96,COMPLETE
8154,8154,18211.5,2023-11-15 14:11:54.228287,2023-11-15 14:11:55.023061,0 days 00:00:00.794774,0.8,10,1.25,0.8,15,82,COMPLETE
8155,8155,18136.5,2023-11-15 14:11:55.025679,2023-11-15 14:11:55.848867,0 days 00:00:00.823188,0.8,10,1.25,0.7000000000000001,21,99,COMPLETE
8156,8156,17836.75,2023-11-15 14:11:55.851985,2023-11-15 14:11:56.649375,0 days 00:00:00.797390,0.7000000000000001,10,1.5,0.8,13,95,COMPLETE
8157,8157,18218.0,2023-11-15 14:11:56.651829,2023-11-15 14:11:57.466952,0 days 00:00:00.815123,0.8,10,1.25,0.8,10,97,COMPLETE
8158,8158,18492.5,2023-11-15 14:11:57.469818,2023-11-15 14:11:58.303328,0 days 00:00:00.833510,0.8,10,1.25,0.8,19,100,COMPLETE
8159,8159,17652.0,2023-11-15 14:11:58.306038,2023-11-15 14:11:59.101072,0 days 00:00:00.795034,0.8,20,1.25,0.8,16,93,COMPLETE
8160,8160,18022.0,2023-11-15 14:11:59.103722,2023-11-15 14:11:59.941815,0 days 00:00:00.838093,0.8,10,1.0,0.8,7,98,COMPLETE
8161,8161,17102.0,2023-11-15 14:11:59.945038,2023-11-15 14:12:00.885418,0 days 00:00:00.940380,0.8,10,1.25,0.8,4,68,COMPLETE
8162,8162,18401.5,2023-11-15 14:12:00.889257,2023-11-15 14:12:01.778015,0 days 00:00:00.888758,0.7000000000000001,10,1.25,0.8,18,100,COMPLETE
8163,8163,18400.25,2023-11-15 14:12:01.782081,2023-11-15 14:12:02.606963,0 days 00:00:00.824882,0.9,10,1.5,0.8,23,97,COMPLETE
8164,8164,17837.25,2023-11-15 14:12:02.609754,2023-11-15 14:12:03.373019,0 days 00:00:00.763265,0.8,10,1.25,0.8,14,95,COMPLETE
8165,8165,18265.25,2023-11-15 14:12:03.376113,2023-11-15 14:12:04.127693,0 days 00:00:00.751580,0.8,10,1.25,0.9,11,98,COMPLETE
8166,8166,17573.5,2023-11-15 14:12:04.130196,2023-11-15 14:12:04.959231,0 days 00:00:00.829035,0.8,10,0.25,0.8,46,100,COMPLETE
8167,8167,18497.5,2023-11-15 14:12:04.962289,2023-11-15 14:12:05.744454,0 days 00:00:00.782165,0.8,10,1.0,0.8,17,96,COMPLETE
8168,8168,18209.5,2023-11-15 14:12:05.747082,2023-11-15 14:12:06.544303,0 days 00:00:00.797221,0.8,10,1.25,0.7000000000000001,20,98,COMPLETE
8169,8169,18681.25,2023-11-15 14:12:06.547446,2023-11-15 14:12:07.289494,0 days 00:00:00.742048,0.8,10,1.25,0.8,6,99,COMPLETE
8170,8170,17924.5,2023-11-15 14:12:07.292173,2023-11-15 14:12:08.041341,0 days 00:00:00.749168,0.8,10,1.25,0.8,52,90,COMPLETE
8171,8171,17931.0,2023-11-15 14:12:08.043934,2023-11-15 14:12:08.797023,0 days 00:00:00.753089,0.7000000000000001,10,1.75,0.6,25,94,COMPLETE
8172,8172,18394.5,2023-11-15 14:12:08.800217,2023-11-15 14:12:09.536889,0 days 00:00:00.736672,0.8,10,1.25,0.8,2,96,COMPLETE
8173,8173,18013.5,2023-11-15 14:12:09.539553,2023-11-15 14:12:10.265459,0 days 00:00:00.725906,0.8,20,1.25,0.8,15,100,COMPLETE
8174,8174,18022.0,2023-11-15 14:12:10.308571,2023-11-15 14:12:11.054382,0 days 00:00:00.745811,0.8,10,1.0,0.8,9,98,COMPLETE
8175,8175,18217.25,2023-11-15 14:12:11.057194,2023-11-15 14:12:11.794038,0 days 00:00:00.736844,0.8,10,1.25,0.9,12,97,COMPLETE
8176,8176,17760.0,2023-11-15 14:12:11.796536,2023-11-15 14:12:12.544543,0 days 00:00:00.748007,0.8,10,1.5,0.4,22,100,COMPLETE
8177,8177,18400.25,2023-11-15 14:12:12.547324,2023-11-15 14:12:13.272545,0 days 00:00:00.725221,0.8,10,0.75,0.7000000000000001,17,98,COMPLETE
8178,8178,17837.25,2023-11-15 14:12:13.275344,2023-11-15 14:12:13.994448,0 days 00:00:00.719104,0.8,10,1.25,0.8,14,95,COMPLETE
8179,8179,13936.0,2023-11-15 14:12:13.996956,2023-11-15 14:12:14.837313,0 days 00:00:00.840357,0.9,80,1.25,0.8,19,98,COMPLETE
8180,8180,18238.5,2023-11-15 14:12:14.840511,2023-11-15 14:12:15.625443,0 days 00:00:00.784932,0.8,10,1.0,0.8,4,100,COMPLETE
8181,8181,18207.75,2023-11-15 14:12:15.628006,2023-11-15 14:12:16.350881,0 days 00:00:00.722875,0.8,10,1.25,0.8,8,93,COMPLETE
8182,8182,17640.25,2023-11-15 14:12:16.354176,2023-11-15 14:12:17.078061,0 days 00:00:00.723885,0.8,30,1.25,0.8,16,96,COMPLETE
8183,8183,17925.0,2023-11-15 14:12:17.080594,2023-11-15 14:12:17.811472,0 days 00:00:00.730878,0.8,20,1.5,0.8,12,98,COMPLETE
8184,8184,18492.5,2023-11-15 14:12:17.813940,2023-11-15 14:12:18.562558,0 days 00:00:00.748618,0.8,10,1.25,0.8,1,100,COMPLETE
8185,8185,18301.75,2023-11-15 14:12:18.565304,2023-11-15 14:12:19.290311,0 days 00:00:00.725007,0.8,10,1.25,0.8,21,96,COMPLETE
8186,8186,18023.5,2023-11-15 14:12:19.292801,2023-11-15 14:12:20.032569,0 days 00:00:00.739768,0.8,10,1.25,0.8,6,98,COMPLETE
8187,8187,18400.0,2023-11-15 14:12:20.035536,2023-11-15 14:12:20.764218,0 days 00:00:00.728682,0.8,10,1.5,0.9,18,100,COMPLETE
8188,8188,18218.0,2023-11-15 14:12:20.767427,2023-11-15 14:12:21.498237,0 days 00:00:00.730810,0.8,10,1.25,0.8,13,97,COMPLETE
8189,8189,18299.5,2023-11-15 14:12:21.500736,2023-11-15 14:12:22.248736,0 days 00:00:00.748000,0.8,10,2.25,0.8,10,94,COMPLETE
8190,8190,18494.5,2023-11-15 14:12:22.251592,2023-11-15 14:12:22.973645,0 days 00:00:00.722053,0.9,10,1.25,0.8,15,99,COMPLETE
8191,8191,18301.75,2023-11-15 14:12:22.976547,2023-11-15 14:12:23.716890,0 days 00:00:00.740343,0.8,10,1.25,0.8,23,96,COMPLETE
8192,8192,18607.25,2023-11-15 14:12:23.719744,2023-11-15 14:12:24.451770,0 days 00:00:00.732026,0.8,10,1.0,0.8,20,92,COMPLETE
8193,8193,17830.75,2023-11-15 14:12:24.454380,2023-11-15 14:12:25.211981,0 days 00:00:00.757601,0.7000000000000001,20,1.25,0.8,4,98,COMPLETE
8194,8194,18398.25,2023-11-15 14:12:25.214836,2023-11-15 14:12:25.953407,0 days 00:00:00.738571,0.8,10,1.25,0.8,18,100,COMPLETE
8195,8195,17747.5,2023-11-15 14:12:25.955951,2023-11-15 14:12:26.685520,0 days 00:00:00.729569,0.8,10,1.25,0.9,16,71,COMPLETE
8196,8196,18400.75,2023-11-15 14:12:26.688201,2023-11-15 14:12:27.423363,0 days 00:00:00.735162,0.8,10,1.5,0.7000000000000001,2,97,COMPLETE
8197,8197,17837.25,2023-11-15 14:12:27.426889,2023-11-15 14:12:28.228799,0 days 00:00:00.801910,0.8,10,1.25,0.8,11,95,COMPLETE
8198,8198,18358.75,2023-11-15 14:12:28.231543,2023-11-15 14:12:29.025985,0 days 00:00:00.794442,0.7000000000000001,10,1.0,0.8,7,99,COMPLETE
8199,8199,16819.75,2023-11-15 14:12:29.029080,2023-11-15 14:12:29.920052,0 days 00:00:00.890972,0.8,10,1.75,0.8,14,54,COMPLETE
8200,8200,18492.5,2023-11-15 14:12:29.922993,2023-11-15 14:12:30.767678,0 days 00:00:00.844685,0.8,10,1.25,0.8,19,100,COMPLETE
8201,8201,18218.0,2023-11-15 14:12:30.770689,2023-11-15 14:12:31.510588,0 days 00:00:00.739899,0.8,10,1.25,0.8,9,97,COMPLETE
8202,8202,199.5,2023-11-15 14:12:31.514697,2023-11-15 14:12:32.539189,0 days 00:00:01.024492,0.30000000000000004,20,1.25,0.8,0,98,COMPLETE
8203,8203,16720.25,2023-11-15 14:12:32.541716,2023-11-15 14:12:33.549130,0 days 00:00:01.007414,0.9,40,1.25,0.8,5,95,COMPLETE
8204,8204,18399.0,2023-11-15 14:12:33.552299,2023-11-15 14:12:34.297543,0 days 00:00:00.745244,0.8,10,1.25,0.8,17,100,COMPLETE
8205,8205,18209.5,2023-11-15 14:12:34.300768,2023-11-15 14:12:35.047120,0 days 00:00:00.746352,0.8,10,1.25,0.7000000000000001,21,98,COMPLETE
8206,8206,18207.75,2023-11-15 14:12:35.050218,2023-11-15 14:12:35.786196,0 days 00:00:00.735978,0.8,10,1.5,0.6,13,96,COMPLETE
8207,8207,18218.0,2023-11-15 14:12:35.788760,2023-11-15 14:12:36.536481,0 days 00:00:00.747721,0.8,10,1.25,0.9,25,100,COMPLETE
8208,8208,18022.0,2023-11-15 14:12:36.539128,2023-11-15 14:12:37.273649,0 days 00:00:00.734521,0.8,10,1.0,0.8,15,98,COMPLETE
8209,8209,18394.5,2023-11-15 14:12:37.276217,2023-11-15 14:12:38.021388,0 days 00:00:00.745171,0.8,10,1.25,0.8,8,96,COMPLETE
8210,8210,18486.25,2023-11-15 14:12:38.023997,2023-11-15 14:12:38.754172,0 days 00:00:00.730175,0.8,10,1.25,0.8,3,94,COMPLETE
8211,8211,13850.5,2023-11-15 14:12:38.756615,2023-11-15 14:12:39.469410,0 days 00:00:00.712795,0.8,10,1.25,0.8,19,28,COMPLETE
8212,8212,12517.0,2023-11-15 14:12:39.471882,2023-11-15 14:12:40.212981,0 days 00:00:00.741099,0.9,100,1.5,0.8,23,85,COMPLETE
8213,8213,17782.5,2023-11-15 14:12:40.215940,2023-11-15 14:12:40.981652,0 days 00:00:00.765712,0.8,20,1.0,0.8,17,98,COMPLETE
8214,8214,18399.75,2023-11-15 14:12:40.984790,2023-11-15 14:12:41.717919,0 days 00:00:00.733129,0.8,10,1.25,0.9,11,100,COMPLETE
8215,8215,18218.0,2023-11-15 14:12:41.720640,2023-11-15 14:12:42.563220,0 days 00:00:00.842580,0.8,10,1.25,0.8,6,97,COMPLETE
8216,8216,18491.25,2023-11-15 14:12:42.566221,2023-11-15 14:12:43.289620,0 days 00:00:00.723399,0.7000000000000001,10,1.25,0.8,14,99,COMPLETE
8217,8217,7484.25,2023-11-15 14:12:43.292978,2023-11-15 14:12:44.066433,0 days 00:00:00.773455,0.8,10,2.75,0.8,21,14,COMPLETE
8218,8218,18410.75,2023-11-15 14:12:44.069362,2023-11-15 14:12:44.988496,0 days 00:00:00.919134,0.8,10,1.25,0.8,16,94,COMPLETE
8219,8219,18218.0,2023-11-15 14:12:44.991597,2023-11-15 14:12:45.825213,0 days 00:00:00.833616,0.8,10,1.25,0.8,12,97,COMPLETE
8220,8220,18213.25,2023-11-15 14:12:45.827830,2023-11-15 14:12:46.575854,0 days 00:00:00.748024,0.8,10,1.25,0.7000000000000001,28,100,COMPLETE
8221,8221,18305.25,2023-11-15 14:12:46.578457,2023-11-15 14:12:47.306027,0 days 00:00:00.727570,0.8,10,1.5,0.8,19,98,COMPLETE
8222,8222,18394.5,2023-11-15 14:12:47.309167,2023-11-15 14:12:48.038374,0 days 00:00:00.729207,0.8,10,1.25,0.8,9,96,COMPLETE
8223,8223,18492.5,2023-11-15 14:12:48.041478,2023-11-15 14:12:48.766109,0 days 00:00:00.724631,0.8,10,1.25,0.8,4,100,COMPLETE
8224,8224,18024.0,2023-11-15 14:12:48.768662,2023-11-15 14:12:49.484033,0 days 00:00:00.715371,0.8,20,1.0,0.9,17,91,COMPLETE
8225,8225,17932.0,2023-11-15 14:12:49.486772,2023-11-15 14:12:50.233904,0 days 00:00:00.747132,0.8,10,1.25,0.8,40,98,COMPLETE
8226,8226,18207.75,2023-11-15 14:12:50.237400,2023-11-15 14:12:50.962353,0 days 00:00:00.724953,0.8,10,1.25,0.8,14,93,COMPLETE
8227,8227,17740.0,2023-11-15 14:12:50.965073,2023-11-15 14:12:51.701673,0 days 00:00:00.736600,0.6,10,1.25,0.8,20,95,COMPLETE
8228,8228,18209.75,2023-11-15 14:12:51.705378,2023-11-15 14:12:52.431172,0 days 00:00:00.725794,0.8,10,1.5,0.8,10,99,COMPLETE
8229,8229,18218.0,2023-11-15 14:12:52.434270,2023-11-15 14:12:53.159104,0 days 00:00:00.724834,0.8,10,1.25,0.8,2,97,COMPLETE
8230,8230,18682.5,2023-11-15 14:12:53.161809,2023-11-15 14:12:53.879933,0 days 00:00:00.718124,0.7000000000000001,10,2.0,0.8,6,100,COMPLETE
8231,8231,18118.5,2023-11-15 14:12:53.882560,2023-11-15 14:12:54.627090,0 days 00:00:00.744530,0.6,10,2.25,0.8,9,100,COMPLETE
8232,8232,18587.25,2023-11-15 14:12:54.629827,2023-11-15 14:12:55.346924,0 days 00:00:00.717097,0.7000000000000001,10,2.0,0.8,9,100,COMPLETE
8233,8233,18307.5,2023-11-15 14:12:55.350017,2023-11-15 14:12:56.063265,0 days 00:00:00.713248,0.7000000000000001,10,2.0,0.7000000000000001,8,100,COMPLETE
8234,8234,18399.5,2023-11-15 14:12:56.065941,2023-11-15 14:12:56.811450,0 days 00:00:00.745509,0.7000000000000001,10,2.25,0.8,9,100,COMPLETE
8235,8235,18013.5,2023-11-15 14:12:56.814892,2023-11-15 14:12:57.569834,0 days 00:00:00.754942,0.7000000000000001,20,2.25,0.9,10,100,COMPLETE
8236,8236,18587.25,2023-11-15 14:12:57.573133,2023-11-15 14:12:58.296317,0 days 00:00:00.723184,0.7000000000000001,10,2.0,0.8,8,100,COMPLETE
8237,8237,18212.5,2023-11-15 14:12:58.299413,2023-11-15 14:12:59.030815,0 days 00:00:00.731402,0.6,10,1.5,0.8,11,100,COMPLETE
8238,8238,18399.5,2023-11-15 14:12:59.033920,2023-11-15 14:12:59.888230,0 days 00:00:00.854310,0.7000000000000001,10,2.25,0.8,10,100,COMPLETE
8239,8239,18027.0,2023-11-15 14:12:59.891010,2023-11-15 14:13:00.712819,0 days 00:00:00.821809,0.7000000000000001,10,2.25,0.5,8,100,COMPLETE
8240,8240,18492.75,2023-11-15 14:13:00.716660,2023-11-15 14:13:01.450444,0 days 00:00:00.733784,0.7000000000000001,10,1.5,0.8,8,100,COMPLETE
8241,8241,18215.5,2023-11-15 14:13:01.452977,2023-11-15 14:13:02.219688,0 days 00:00:00.766711,0.6,10,2.0,0.7000000000000001,10,100,COMPLETE
8242,8242,18210.5,2023-11-15 14:13:02.222294,2023-11-15 14:13:02.964225,0 days 00:00:00.741931,0.7000000000000001,10,2.25,0.8,11,98,COMPLETE
8243,8243,15738.5,2023-11-15 14:13:02.967212,2023-11-15 14:13:03.698433,0 days 00:00:00.731221,0.9,50,2.25,0.8,12,100,COMPLETE
8244,8244,14669.25,2023-11-15 14:13:03.701486,2023-11-15 14:13:04.455353,0 days 00:00:00.753867,0.7000000000000001,70,1.5,0.8,7,98,COMPLETE
8245,8245,17921.25,2023-11-15 14:13:04.457832,2023-11-15 14:13:05.188814,0 days 00:00:00.730982,0.6,20,2.25,0.8,9,100,COMPLETE
8246,8246,18026.25,2023-11-15 14:13:05.191436,2023-11-15 14:13:05.922769,0 days 00:00:00.731333,0.6,10,1.5,0.9,11,98,COMPLETE
8247,8247,18118.0,2023-11-15 14:13:05.925423,2023-11-15 14:13:06.653076,0 days 00:00:00.727653,0.7000000000000001,10,2.0,0.8,7,98,COMPLETE
8248,8248,18401.0,2023-11-15 14:13:06.655955,2023-11-15 14:13:07.385546,0 days 00:00:00.729591,0.7000000000000001,10,2.5,0.8,12,100,COMPLETE
8249,8249,18118.0,2023-11-15 14:13:07.388120,2023-11-15 14:13:08.120733,0 days 00:00:00.732613,0.7000000000000001,10,2.0,0.8,10,98,COMPLETE
8250,8250,18304.0,2023-11-15 14:13:08.123354,2023-11-15 14:13:08.888765,0 days 00:00:00.765411,0.6,10,2.25,0.8,8,100,COMPLETE
8251,8251,18210.5,2023-11-15 14:13:08.891329,2023-11-15 14:13:09.661765,0 days 00:00:00.770436,0.6,10,2.25,0.8,13,98,COMPLETE
8252,8252,18210.5,2023-11-15 14:13:09.664329,2023-11-15 14:13:10.470456,0 days 00:00:00.806127,0.7000000000000001,10,2.25,0.8,8,98,COMPLETE
8253,8253,18015.5,2023-11-15 14:13:10.473033,2023-11-15 14:13:11.229225,0 days 00:00:00.756192,0.7000000000000001,20,2.0,0.8,12,100,COMPLETE
8254,8254,18119.0,2023-11-15 14:13:11.232091,2023-11-15 14:13:12.001612,0 days 00:00:00.769521,0.6,10,2.0,0.7000000000000001,7,98,COMPLETE
8255,8255,18304.25,2023-11-15 14:13:12.004195,2023-11-15 14:13:12.739066,0 days 00:00:00.734871,0.6,10,2.25,0.9,10,100,COMPLETE
8256,8256,17840.25,2023-11-15 14:13:12.741914,2023-11-15 14:13:13.460947,0 days 00:00:00.719033,0.9,10,2.0,0.8,13,78,COMPLETE
8257,8257,17935.5,2023-11-15 14:13:13.463561,2023-11-15 14:13:14.300414,0 days 00:00:00.836853,0.5,10,2.0,0.8,15,98,COMPLETE
8258,8258,18400.25,2023-11-15 14:13:14.314385,2023-11-15 14:13:15.316595,0 days 00:00:01.002210,0.9,10,2.25,0.8,7,100,COMPLETE
8259,8259,18118.5,2023-11-15 14:13:15.319297,2023-11-15 14:13:16.120875,0 days 00:00:00.801578,0.5,10,2.5,0.8,11,98,COMPLETE
8260,8260,18210.0,2023-11-15 14:13:16.124106,2023-11-15 14:13:16.910402,0 days 00:00:00.786296,0.7000000000000001,10,2.0,0.8,15,96,COMPLETE
8261,8261,17930.5,2023-11-15 14:13:16.914002,2023-11-15 14:13:17.639622,0 days 00:00:00.725620,0.9,10,1.5,0.8,22,98,COMPLETE
8262,8262,18492.75,2023-11-15 14:13:17.642090,2023-11-15 14:13:18.422385,0 days 00:00:00.780295,0.7000000000000001,10,1.5,0.8,18,100,COMPLETE
8263,8263,18395.25,2023-11-15 14:13:18.425310,2023-11-15 14:13:19.236067,0 days 00:00:00.810757,0.9,10,2.25,0.8,13,96,COMPLETE
8264,8264,18121.25,2023-11-15 14:13:19.238809,2023-11-15 14:13:20.066259,0 days 00:00:00.827450,0.6,10,1.5,0.7000000000000001,17,98,COMPLETE
8265,8265,18118.5,2023-11-15 14:13:20.069956,2023-11-15 14:13:20.924656,0 days 00:00:00.854700,0.6,10,2.25,0.8,7,100,COMPLETE
8266,8266,17920.5,2023-11-15 14:13:20.927165,2023-11-15 14:13:21.669579,0 days 00:00:00.742414,0.7000000000000001,20,2.0,0.8,10,97,COMPLETE
8267,8267,18211.25,2023-11-15 14:13:21.672074,2023-11-15 14:13:22.434843,0 days 00:00:00.762769,0.7000000000000001,10,2.25,0.8,15,98,COMPLETE
8268,8268,18213.0,2023-11-15 14:13:22.437409,2023-11-15 14:13:23.183464,0 days 00:00:00.746055,0.6,10,2.0,0.9,26,100,COMPLETE
8269,8269,17932.75,2023-11-15 14:13:23.185977,2023-11-15 14:13:23.994626,0 days 00:00:00.808649,0.7000000000000001,10,2.0,0.8,19,74,COMPLETE
8270,8270,18488.75,2023-11-15 14:13:23.998527,2023-11-15 14:13:24.784286,0 days 00:00:00.785759,0.9,10,2.0,0.8,13,96,COMPLETE
8271,8271,17935.5,2023-11-15 14:13:24.787419,2023-11-15 14:13:25.516162,0 days 00:00:00.728743,0.5,10,1.5,0.8,23,98,COMPLETE
8272,8272,18107.75,2023-11-15 14:13:25.519111,2023-11-15 14:13:26.241619,0 days 00:00:00.722508,0.9,20,1.5,0.8,16,100,COMPLETE
8273,8273,17370.5,2023-11-15 14:13:26.244292,2023-11-15 14:13:26.963120,0 days 00:00:00.718828,0.7000000000000001,10,2.0,0.8,9,50,COMPLETE
8274,8274,18488.75,2023-11-15 14:13:26.965756,2023-11-15 14:13:27.731299,0 days 00:00:00.765543,0.9,10,2.0,0.8,20,96,COMPLETE
8275,8275,18118.5,2023-11-15 14:13:27.734415,2023-11-15 14:13:28.475005,0 days 00:00:00.740590,0.6,10,2.0,0.9,6,98,COMPLETE
8276,8276,18400.25,2023-11-15 14:13:28.477633,2023-11-15 14:13:29.305130,0 days 00:00:00.827497,0.9,10,2.25,0.8,12,100,COMPLETE
8277,8277,18210.0,2023-11-15 14:13:29.308184,2023-11-15 14:13:30.158588,0 days 00:00:00.850404,0.7000000000000001,10,2.0,0.8,17,96,COMPLETE
8278,8278,18213.5,2023-11-15 14:13:30.161477,2023-11-15 14:13:31.100430,0 days 00:00:00.938953,0.9,10,2.0,0.7000000000000001,14,98,COMPLETE
8279,8279,17924.25,2023-11-15 14:13:31.103341,2023-11-15 14:13:31.831114,0 days 00:00:00.727773,0.7000000000000001,20,2.25,0.8,21,100,COMPLETE
8280,8280,18118.5,2023-11-15 14:13:31.834556,2023-11-15 14:13:32.569308,0 days 00:00:00.734752,0.7000000000000001,10,2.25,0.8,16,98,COMPLETE
8281,8281,18210.0,2023-11-15 14:13:32.571948,2023-11-15 14:13:33.311922,0 days 00:00:00.739974,0.7000000000000001,10,2.0,0.8,18,96,COMPLETE
8282,8282,18028.25,2023-11-15 14:13:33.314838,2023-11-15 14:13:34.039335,0 days 00:00:00.724497,0.9,10,2.0,0.8,11,98,COMPLETE
8283,8283,18308.0,2023-11-15 14:13:34.042009,2023-11-15 14:13:34.765042,0 days 00:00:00.723033,0.9,10,2.0,0.8,7,100,COMPLETE
8284,8284,18303.0,2023-11-15 14:13:34.772414,2023-11-15 14:13:35.533070,0 days 00:00:00.760656,0.7000000000000001,10,2.25,0.8,9,96,COMPLETE
8285,8285,18118.5,2023-11-15 14:13:35.536621,2023-11-15 14:13:36.272828,0 days 00:00:00.736207,0.6,10,2.0,0.9,15,98,COMPLETE
8286,8286,18120.75,2023-11-15 14:13:36.275428,2023-11-15 14:13:37.019430,0 days 00:00:00.744002,0.9,10,1.5,0.8,19,99,COMPLETE
8287,8287,18302.5,2023-11-15 14:13:37.022038,2023-11-15 14:13:37.760631,0 days 00:00:00.738593,0.9,10,2.0,0.8,23,94,COMPLETE
8288,8288,11286.5,2023-11-15 14:13:37.763142,2023-11-15 14:13:38.490403,0 days 00:00:00.727261,0.7000000000000001,10,2.25,0.8,13,20,COMPLETE
8289,8289,18214.75,2023-11-15 14:13:38.493145,2023-11-15 14:13:39.223308,0 days 00:00:00.730163,0.7000000000000001,10,2.0,0.7000000000000001,21,100,COMPLETE
8290,8290,18403.25,2023-11-15 14:13:39.225939,2023-11-15 14:13:39.959415,0 days 00:00:00.733476,0.9,10,2.25,0.8,6,97,COMPLETE
8291,8291,18301.25,2023-11-15 14:13:39.962149,2023-11-15 14:13:40.710198,0 days 00:00:00.748049,0.7000000000000001,10,2.5,0.8,17,96,COMPLETE
8292,8292,15424.25,2023-11-15 14:13:40.713022,2023-11-15 14:13:41.461900,0 days 00:00:00.748878,0.5,60,2.25,0.8,14,98,COMPLETE
8293,8293,15677.0,2023-11-15 14:13:41.464768,2023-11-15 14:13:42.243457,0 days 00:00:00.778689,0.6,10,1.5,0.8,19,47,COMPLETE
8294,8294,18107.75,2023-11-15 14:13:42.246196,2023-11-15 14:13:42.965578,0 days 00:00:00.719382,0.9,20,1.5,0.8,9,100,COMPLETE
8295,8295,17833.5,2023-11-15 14:13:42.968307,2023-11-15 14:13:43.694342,0 days 00:00:00.726035,0.7000000000000001,10,2.5,0.8,12,95,COMPLETE
8296,8296,18304.75,2023-11-15 14:13:43.697409,2023-11-15 14:13:44.436430,0 days 00:00:00.739021,0.9,10,2.25,0.8,25,98,COMPLETE
8297,8297,18033.75,2023-11-15 14:13:44.439785,2023-11-15 14:13:45.284290,0 days 00:00:00.844505,0.7000000000000001,10,2.25,0.6,16,100,COMPLETE
8298,8298,18680.75,2023-11-15 14:13:45.286800,2023-11-15 14:13:46.004950,0 days 00:00:00.718150,0.9,10,2.0,0.8,6,97,COMPLETE
8299,8299,17745.75,2023-11-15 14:13:46.007580,2023-11-15 14:13:46.767798,0 days 00:00:00.760218,0.7000000000000001,10,2.0,0.9,18,95,COMPLETE
8300,8300,18028.25,2023-11-15 14:13:46.770512,2023-11-15 14:13:47.491005,0 days 00:00:00.720493,0.9,10,2.0,0.8,11,98,COMPLETE
8301,8301,18214.75,2023-11-15 14:13:47.493732,2023-11-15 14:13:48.224347,0 days 00:00:00.730615,0.9,10,2.0,0.8,22,100,COMPLETE
