,number,value,datetime_start,datetime_complete,duration,params_alpha,params_decay_interval,params_decay_rate,params_gamma,params_initialization,params_max_steps,state
5772,5772,18923.0,2023-11-15 11:11:10.977486,2023-11-15 11:11:11.522565,0 days 00:00:00.545079,0.2,10,0.75,0.9,0,135,COMPLETE
5773,5773,19266.0,2023-11-15 11:11:11.524579,2023-11-15 11:11:12.047205,0 days 00:00:00.522626,0.2,10,0.5,0.7000000000000001,2,148,COMPLETE
5774,5774,19170.5,2023-11-15 11:11:12.050201,2023-11-15 11:11:12.576419,0 days 00:00:00.526218,0.1,10,0.75,0.9,7,142,COMPLETE
5775,5775,19261.0,2023-11-15 11:11:12.578424,2023-11-15 11:11:13.105632,0 days 00:00:00.527208,0.2,10,0.75,0.9,4,147,COMPLETE
5776,5776,18873.0,2023-11-15 11:11:13.107840,2023-11-15 11:11:13.701658,0 days 00:00:00.593818,0.2,10,1.0,0.8,2,150,COMPLETE
5777,5777,19270.0,2023-11-15 11:11:13.704333,2023-11-15 11:11:14.268514,0 days 00:00:00.564181,0.2,10,1.25,0.9,0,145,COMPLETE
5778,5778,18985.25,2023-11-15 11:11:14.271135,2023-11-15 11:11:14.823568,0 days 00:00:00.552433,0.2,10,0.75,0.9,10,138,COMPLETE
5779,5779,1748.5,2023-11-15 11:11:14.825606,2023-11-15 11:11:15.412827,0 days 00:00:00.587221,0.1,10,0.75,0.6,3,58,COMPLETE
5780,5780,18394.75,2023-11-15 11:11:15.415389,2023-11-15 11:11:15.948022,0 days 00:00:00.532633,0.2,20,0.75,0.9,0,143,COMPLETE
5781,5781,16744.25,2023-11-15 11:11:15.950871,2023-11-15 11:11:16.485462,0 days 00:00:00.534591,0.30000000000000004,10,0.5,0.4,5,141,COMPLETE
5782,5782,15833.25,2023-11-15 11:11:16.487930,2023-11-15 11:11:17.039440,0 days 00:00:00.551510,0.2,60,0.75,0.9,2,145,COMPLETE
5783,5783,19173.5,2023-11-15 11:11:17.041381,2023-11-15 11:11:17.558408,0 days 00:00:00.517027,0.2,10,0.75,0.9,4,98,COMPLETE
5784,5784,13722.0,2023-11-15 11:11:17.560431,2023-11-15 11:11:18.149022,0 days 00:00:00.588591,0.1,90,0.75,0.9,7,150,COMPLETE
5785,5785,19172.25,2023-11-15 11:11:18.151127,2023-11-15 11:11:18.667047,0 days 00:00:00.515920,0.2,10,1.0,0.9,0,147,COMPLETE
5786,5786,19043.0,2023-11-15 11:11:18.669040,2023-11-15 11:11:19.192488,0 days 00:00:00.523448,0.2,10,0.75,0.8,2,142,COMPLETE
5787,5787,11583.5,2023-11-15 11:11:19.195004,2023-11-15 11:11:19.762274,0 days 00:00:00.567270,0.5,10,0.25,0.9,2,64,COMPLETE
5788,5788,19265.0,2023-11-15 11:11:19.764377,2023-11-15 11:11:20.287664,0 days 00:00:00.523287,0.2,10,0.5,0.9,0,145,COMPLETE
5789,5789,18968.5,2023-11-15 11:11:20.289805,2023-11-15 11:11:20.812804,0 days 00:00:00.522999,0.1,10,1.25,0.9,6,139,COMPLETE
5790,5790,19261.0,2023-11-15 11:11:20.815054,2023-11-15 11:11:21.331272,0 days 00:00:00.516218,0.2,10,0.75,0.9,4,147,COMPLETE
5791,5791,8777.25,2023-11-15 11:11:21.334069,2023-11-15 11:11:21.971800,0 days 00:00:00.637731,0.2,10,0.75,0.5,9,143,COMPLETE
5792,5792,19278.5,2023-11-15 11:11:21.974461,2023-11-15 11:11:22.484731,0 days 00:00:00.510270,0.2,10,1.0,0.9,2,148,COMPLETE
5793,5793,18276.0,2023-11-15 11:11:22.486767,2023-11-15 11:11:23.008751,0 days 00:00:00.521984,0.30000000000000004,20,0.75,0.9,0,150,COMPLETE
5794,5794,18890.0,2023-11-15 11:11:23.010838,2023-11-15 11:11:23.532559,0 days 00:00:00.521721,0.2,10,0.75,0.9,4,136,COMPLETE
5795,5795,19292.25,2023-11-15 11:11:23.534807,2023-11-15 11:11:24.061815,0 days 00:00:00.527008,0.2,10,0.75,0.9,2,145,COMPLETE
5796,5796,18969.5,2023-11-15 11:11:24.063838,2023-11-15 11:11:24.592709,0 days 00:00:00.528871,0.1,10,0.75,0.8,6,141,COMPLETE
5797,5797,13325.5,2023-11-15 11:11:24.594869,2023-11-15 11:11:25.186239,0 days 00:00:00.591370,0.2,100,1.0,0.9,3,145,COMPLETE
5798,5798,18864.75,2023-11-15 11:11:25.188280,2023-11-15 11:11:25.711291,0 days 00:00:00.523011,0.2,10,0.75,0.9,23,139,COMPLETE
5799,5799,0.0,2023-11-15 11:11:25.713372,2023-11-15 11:11:26.247958,0 days 00:00:00.534586,0.1,10,1.5,0.9,0,20,COMPLETE
5800,5800,19261.0,2023-11-15 11:11:26.250454,2023-11-15 11:11:26.776791,0 days 00:00:00.526337,0.2,10,1.25,0.2,0,147,COMPLETE
5801,5801,17376.5,2023-11-15 11:11:26.778813,2023-11-15 11:11:27.313281,0 days 00:00:00.534468,0.2,10,0.75,0.6,4,143,COMPLETE
5802,5802,19007.25,2023-11-15 11:11:27.316734,2023-11-15 11:11:27.917949,0 days 00:00:00.601215,0.2,10,0.5,0.9,8,150,COMPLETE
5803,5803,18554.5,2023-11-15 11:11:27.921322,2023-11-15 11:11:28.564194,0 days 00:00:00.642872,0.2,20,0.75,0.9,2,147,COMPLETE
5804,5804,19051.5,2023-11-15 11:11:28.568131,2023-11-15 11:11:29.124218,0 days 00:00:00.556087,0.1,10,0.75,0.9,5,142,COMPLETE
5805,5805,19292.25,2023-11-15 11:11:29.127261,2023-11-15 11:11:29.647224,0 days 00:00:00.519963,0.2,10,0.75,0.9,2,145,COMPLETE
5806,5806,19261.0,2023-11-15 11:11:29.649984,2023-11-15 11:11:30.176229,0 days 00:00:00.526245,0.2,10,0.75,0.9,0,140,COMPLETE
5807,5807,18873.0,2023-11-15 11:11:30.178174,2023-11-15 11:11:30.710722,0 days 00:00:00.532548,0.1,10,1.0,0.8,4,150,COMPLETE
5808,5808,15912.0,2023-11-15 11:11:30.712728,2023-11-15 11:11:31.268754,0 days 00:00:00.556026,0.30000000000000004,10,0.75,0.5,2,143,COMPLETE
5809,5809,19001.5,2023-11-15 11:11:31.270934,2023-11-15 11:11:31.820609,0 days 00:00:00.549675,0.2,10,1.25,0.9,6,147,COMPLETE
5810,5810,19065.75,2023-11-15 11:11:31.822637,2023-11-15 11:11:32.356361,0 days 00:00:00.533724,0.2,10,0.75,0.9,0,136,COMPLETE
5811,5811,18743.75,2023-11-15 11:11:32.358441,2023-11-15 11:11:32.885091,0 days 00:00:00.526650,0.2,10,0.75,0.7000000000000001,2,145,COMPLETE
5812,5812,17563.5,2023-11-15 11:11:32.887290,2023-11-15 11:11:33.435761,0 days 00:00:00.548471,0.2,20,0.25,0.9,12,131,COMPLETE
5813,5813,18829.5,2023-11-15 11:11:33.438073,2023-11-15 11:11:33.965793,0 days 00:00:00.527720,0.2,10,1.0,0.9,4,139,COMPLETE
5814,5814,19271.0,2023-11-15 11:11:33.968535,2023-11-15 11:11:34.489295,0 days 00:00:00.520760,0.1,10,0.75,0.9,0,148,COMPLETE
5815,5815,18992.75,2023-11-15 11:11:34.491356,2023-11-15 11:11:35.056709,0 days 00:00:00.565353,0.2,10,0.75,0.9,2,143,COMPLETE
5816,5816,19261.0,2023-11-15 11:11:35.058919,2023-11-15 11:11:35.579910,0 days 00:00:00.520991,0.4,10,0.75,0.8,7,147,COMPLETE
5817,5817,19111.25,2023-11-15 11:11:35.582512,2023-11-15 11:11:36.108203,0 days 00:00:00.525691,0.2,10,0.75,0.9,4,150,COMPLETE
5818,5818,18995.25,2023-11-15 11:11:36.110237,2023-11-15 11:11:36.643467,0 days 00:00:00.533230,0.1,10,0.5,0.9,2,143,COMPLETE
5819,5819,19317.5,2023-11-15 11:11:36.645575,2023-11-15 11:11:37.177002,0 days 00:00:00.531427,0.30000000000000004,10,0.75,0.9,0,145,COMPLETE
5820,5820,19066.25,2023-11-15 11:11:37.179028,2023-11-15 11:11:37.710795,0 days 00:00:00.531767,0.2,10,1.0,0.9,6,141,COMPLETE
5821,5821,19261.0,2023-11-15 11:11:37.712747,2023-11-15 11:11:38.230818,0 days 00:00:00.518071,0.2,10,0.75,0.9,0,147,COMPLETE
5822,5822,0.0,2023-11-15 11:11:38.233276,2023-11-15 11:11:38.820187,0 days 00:00:00.586911,0.2,20,0.75,0.9,3,27,COMPLETE
5823,5823,2034.0,2023-11-15 11:11:38.822130,2023-11-15 11:11:39.400571,0 days 00:00:00.578441,0.2,10,0.75,0.9,2,50,COMPLETE
5824,5824,1292.0,2023-11-15 11:11:39.402665,2023-11-15 11:11:40.136203,0 days 00:00:00.733538,0.1,10,1.25,0.4,9,138,COMPLETE
5825,5825,18795.5,2023-11-15 11:11:40.138160,2023-11-15 11:11:40.657709,0 days 00:00:00.519549,0.2,10,0.75,0.7000000000000001,5,145,COMPLETE
5826,5826,19261.0,2023-11-15 11:11:40.659806,2023-11-15 11:11:41.182661,0 days 00:00:00.522855,0.2,10,0.75,0.30000000000000004,0,150,COMPLETE
5827,5827,18978.0,2023-11-15 11:11:41.184880,2023-11-15 11:11:41.731109,0 days 00:00:00.546229,0.1,10,0.5,0.9,3,142,COMPLETE
5828,5828,19261.0,2023-11-15 11:11:41.734293,2023-11-15 11:11:42.293757,0 days 00:00:00.559464,0.30000000000000004,10,1.0,0.9,2,147,COMPLETE
5829,5829,14913.75,2023-11-15 11:11:42.295803,2023-11-15 11:11:42.872074,0 days 00:00:00.576271,0.2,70,0.75,0.1,0,140,COMPLETE
5830,5830,18778.0,2023-11-15 11:11:42.874316,2023-11-15 11:11:43.466911,0 days 00:00:00.592595,0.2,10,0.75,0.9,5,144,COMPLETE
5831,5831,17073.25,2023-11-15 11:11:43.469206,2023-11-15 11:11:44.022605,0 days 00:00:00.553399,0.2,40,0.75,0.9,8,147,COMPLETE
5832,5832,17246.75,2023-11-15 11:11:44.024638,2023-11-15 11:11:44.632581,0 days 00:00:00.607943,0.2,10,0.75,0.8,4,133,COMPLETE
5833,5833,18393.5,2023-11-15 11:11:44.634870,2023-11-15 11:11:45.240006,0 days 00:00:00.605136,0.2,20,1.25,0.9,2,150,COMPLETE
5834,5834,19197.5,2023-11-15 11:11:45.242163,2023-11-15 11:11:45.797971,0 days 00:00:00.555808,0.1,10,0.75,0.9,0,143,COMPLETE
5835,5835,19112.75,2023-11-15 11:11:45.800410,2023-11-15 11:11:46.314959,0 days 00:00:00.514549,0.2,10,1.0,0.9,6,140,COMPLETE
5836,5836,18925.5,2023-11-15 11:11:46.317609,2023-11-15 11:11:46.844938,0 days 00:00:00.527329,0.1,10,0.5,0.9,2,136,COMPLETE
5837,5837,19359.75,2023-11-15 11:11:46.847082,2023-11-15 11:11:47.374448,0 days 00:00:00.527366,0.2,10,0.75,0.9,4,145,COMPLETE
5838,5838,19359.75,2023-11-15 11:11:47.376425,2023-11-15 11:11:47.904422,0 days 00:00:00.527997,0.2,10,0.75,0.8,0,148,COMPLETE
5839,5839,19004.75,2023-11-15 11:11:47.906753,2023-11-15 11:11:48.432918,0 days 00:00:00.526165,0.2,10,0.25,0.9,2,145,COMPLETE
5840,5840,16999.75,2023-11-15 11:11:48.435281,2023-11-15 11:11:48.988845,0 days 00:00:00.553564,0.2,10,0.75,0.6,4,141,COMPLETE
5841,5841,19261.0,2023-11-15 11:11:48.991153,2023-11-15 11:11:49.594939,0 days 00:00:00.603786,0.1,10,0.75,0.9,0,150,COMPLETE
5842,5842,12884.0,2023-11-15 11:11:49.596948,2023-11-15 11:11:50.171113,0 days 00:00:00.574165,0.6,80,1.0,0.9,7,143,COMPLETE
5843,5843,19169.0,2023-11-15 11:11:50.173059,2023-11-15 11:11:50.692982,0 days 00:00:00.519923,0.30000000000000004,10,1.25,0.9,2,147,COMPLETE
5844,5844,18867.0,2023-11-15 11:11:50.695020,2023-11-15 11:11:51.231533,0 days 00:00:00.536513,0.2,10,0.75,0.9,11,139,COMPLETE
5845,5845,18588.25,2023-11-15 11:11:51.233837,2023-11-15 11:11:51.770485,0 days 00:00:00.536648,0.2,20,0.75,0.9,0,145,COMPLETE
5846,5846,19136.5,2023-11-15 11:11:51.772989,2023-11-15 11:11:52.304294,0 days 00:00:00.531305,0.2,10,0.75,0.9,4,148,COMPLETE
5847,5847,19051.5,2023-11-15 11:11:52.307939,2023-11-15 11:11:52.830077,0 days 00:00:00.522138,0.2,10,0.75,0.9,2,142,COMPLETE
5848,5848,18863.5,2023-11-15 11:11:52.832811,2023-11-15 11:11:53.390523,0 days 00:00:00.557712,0.1,10,1.0,0.8,6,145,COMPLETE
5849,5849,19271.0,2023-11-15 11:11:53.392597,2023-11-15 11:11:53.920751,0 days 00:00:00.528154,0.2,10,0.75,0.9,0,148,COMPLETE
5850,5850,19161.25,2023-11-15 11:11:53.922861,2023-11-15 11:11:54.452315,0 days 00:00:00.529454,0.2,10,0.5,0.9,3,137,COMPLETE
5851,5851,19163.5,2023-11-15 11:11:54.454323,2023-11-15 11:11:54.981254,0 days 00:00:00.526931,0.2,10,0.75,0.9,8,150,COMPLETE
5852,5852,19139.0,2023-11-15 11:11:54.983719,2023-11-15 11:11:55.497596,0 days 00:00:00.513877,0.1,10,0.75,0.8,2,143,COMPLETE
5853,5853,18394.75,2023-11-15 11:11:55.500278,2023-11-15 11:11:56.037132,0 days 00:00:00.536854,0.2,20,0.75,0.9,5,141,COMPLETE
5854,5854,19270.0,2023-11-15 11:11:56.039403,2023-11-15 11:11:56.583786,0 days 00:00:00.544383,0.2,10,1.25,0.9,0,145,COMPLETE
5855,5855,15699.5,2023-11-15 11:11:56.586180,2023-11-15 11:11:57.149813,0 days 00:00:00.563633,0.5,10,0.75,0.6,3,147,COMPLETE
5856,5856,11917.0,2023-11-15 11:11:57.152331,2023-11-15 11:11:57.736769,0 days 00:00:00.584438,0.30000000000000004,10,0.75,0.5,2,139,COMPLETE
5857,5857,17366.0,2023-11-15 11:11:57.739032,2023-11-15 11:11:58.287798,0 days 00:00:00.548766,0.2,10,0.75,0.9,71,150,COMPLETE
5858,5858,19261.0,2023-11-15 11:11:58.289805,2023-11-15 11:11:58.845307,0 days 00:00:00.555502,0.1,10,1.0,0.9,0,143,COMPLETE
5859,5859,18938.75,2023-11-15 11:11:58.848289,2023-11-15 11:11:59.500516,0 days 00:00:00.652227,0.2,10,0.25,0.9,4,147,COMPLETE
5860,5860,16514.25,2023-11-15 11:11:59.502829,2023-11-15 11:12:00.088185,0 days 00:00:00.585356,0.2,10,0.75,0.5,6,145,COMPLETE
5861,5861,15609.0,2023-11-15 11:12:00.090604,2023-11-15 11:12:00.650958,0 days 00:00:00.560354,0.2,10,0.75,0.7000000000000001,20,141,COMPLETE
5862,5862,18774.75,2023-11-15 11:12:00.653018,2023-11-15 11:12:01.184885,0 days 00:00:00.531867,0.2,10,1.0,0.9,2,136,COMPLETE
5863,5863,19190.75,2023-11-15 11:12:01.187172,2023-11-15 11:12:01.727109,0 days 00:00:00.539937,0.4,10,0.75,0.9,0,147,COMPLETE
5864,5864,17767.25,2023-11-15 11:12:01.729254,2023-11-15 11:12:02.278950,0 days 00:00:00.549696,0.7000000000000001,20,0.75,0.2,4,143,COMPLETE
5865,5865,19314.5,2023-11-15 11:12:02.281355,2023-11-15 11:12:02.800986,0 days 00:00:00.519631,0.1,10,0.75,0.9,2,145,COMPLETE
5866,5866,18872.5,2023-11-15 11:12:02.803038,2023-11-15 11:12:03.342216,0 days 00:00:00.539178,0.30000000000000004,10,1.25,0.9,9,150,COMPLETE
5867,5867,19161.25,2023-11-15 11:12:03.344733,2023-11-15 11:12:03.894270,0 days 00:00:00.549537,0.2,10,0.75,0.8,0,139,COMPLETE
5868,5868,18308.75,2023-11-15 11:12:03.896823,2023-11-15 11:12:04.429967,0 days 00:00:00.533144,0.2,20,0.5,0.9,4,143,COMPLETE
5869,5869,18364.0,2023-11-15 11:12:04.432567,2023-11-15 11:12:04.971682,0 days 00:00:00.539115,0.2,10,0.75,0.9,7,119,COMPLETE
5870,5870,19171.25,2023-11-15 11:12:04.973678,2023-11-15 11:12:05.497861,0 days 00:00:00.524183,0.1,10,1.0,0.9,2,147,COMPLETE
5871,5871,19261.0,2023-11-15 11:12:05.500479,2023-11-15 11:12:06.017500,0 days 00:00:00.517021,0.2,10,0.75,0.9,0,147,COMPLETE
5872,5872,19066.25,2023-11-15 11:12:06.019606,2023-11-15 11:12:06.582272,0 days 00:00:00.562666,0.2,10,0.75,0.9,6,141,COMPLETE
5873,5873,19072.25,2023-11-15 11:12:06.585126,2023-11-15 11:12:07.112827,0 days 00:00:00.527701,0.2,10,1.5,0.9,2,145,COMPLETE
5874,5874,3774.5,2023-11-15 11:12:07.116143,2023-11-15 11:12:07.675096,0 days 00:00:00.558953,0.2,10,0.75,0.30000000000000004,4,42,COMPLETE
5875,5875,19261.0,2023-11-15 11:12:07.677179,2023-11-15 11:12:08.200117,0 days 00:00:00.522938,0.1,10,0.75,0.4,0,150,COMPLETE
5876,5876,16877.75,2023-11-15 11:12:08.203031,2023-11-15 11:12:08.743822,0 days 00:00:00.540791,0.2,10,0.5,0.8,50,137,COMPLETE
5877,5877,19050.0,2023-11-15 11:12:08.745963,2023-11-15 11:12:09.264257,0 days 00:00:00.518294,0.30000000000000004,10,1.0,0.9,2,143,COMPLETE
5878,5878,18982.25,2023-11-15 11:12:09.267504,2023-11-15 11:12:09.791111,0 days 00:00:00.523607,0.2,10,0.75,0.9,5,134,COMPLETE
5879,5879,19261.0,2023-11-15 11:12:09.793137,2023-11-15 11:12:10.355776,0 days 00:00:00.562639,0.1,10,0.75,0.9,0,147,COMPLETE
5880,5880,18872.5,2023-11-15 11:12:10.358054,2023-11-15 11:12:10.882593,0 days 00:00:00.524539,0.2,10,1.25,0.9,3,140,COMPLETE
5881,5881,18317.0,2023-11-15 11:12:10.885022,2023-11-15 11:12:11.423193,0 days 00:00:00.538171,0.2,20,0.75,0.7000000000000001,2,150,COMPLETE
5882,5882,18751.25,2023-11-15 11:12:11.425310,2023-11-15 11:12:11.959336,0 days 00:00:00.534026,0.2,10,0.75,0.9,8,145,COMPLETE
5883,5883,19093.75,2023-11-15 11:12:11.961368,2023-11-15 11:12:12.529938,0 days 00:00:00.568570,0.2,10,0.75,0.9,5,142,COMPLETE
5884,5884,19261.0,2023-11-15 11:12:12.536999,2023-11-15 11:12:13.118054,0 days 00:00:00.581055,0.1,10,0.5,0.9,0,147,COMPLETE
5885,5885,18598.25,2023-11-15 11:12:13.120514,2023-11-15 11:12:13.776811,0 days 00:00:00.656297,0.2,10,0.75,0.9,4,45,COMPLETE
5886,5886,19163.5,2023-11-15 11:12:13.839986,2023-11-15 11:12:14.475980,0 days 00:00:00.635994,0.2,10,0.75,0.9,2,144,COMPLETE
5887,5887,7415.5,2023-11-15 11:12:14.478217,2023-11-15 11:12:15.116240,0 days 00:00:00.638023,0.9,10,1.0,0.8,44,138,COMPLETE
5888,5888,19271.0,2023-11-15 11:12:15.118383,2023-11-15 11:12:15.641738,0 days 00:00:00.523355,0.2,10,0.75,0.9,0,148,COMPLETE
5889,5889,19066.25,2023-11-15 11:12:15.643748,2023-11-15 11:12:16.175805,0 days 00:00:00.532057,0.1,10,1.25,0.9,11,141,COMPLETE
5890,5890,19292.25,2023-11-15 11:12:16.177816,2023-11-15 11:12:16.701917,0 days 00:00:00.524101,0.2,10,0.75,0.9,2,145,COMPLETE
5891,5891,17851.25,2023-11-15 11:12:16.704252,2023-11-15 11:12:17.267061,0 days 00:00:00.562809,0.2,20,0.25,0.9,6,111,COMPLETE
5892,5892,18524.5,2023-11-15 11:12:17.269098,2023-11-15 11:12:17.802425,0 days 00:00:00.533327,0.2,10,0.75,0.9,17,126,COMPLETE
5893,5893,19359.75,2023-11-15 11:12:17.804655,2023-11-15 11:12:18.331276,0 days 00:00:00.526621,0.30000000000000004,10,1.0,0.8,4,148,COMPLETE
5894,5894,17645.0,2023-11-15 11:12:18.333792,2023-11-15 11:12:18.873578,0 days 00:00:00.539786,0.1,30,0.75,0.9,0,143,COMPLETE
5895,5895,19100.5,2023-11-15 11:12:18.875643,2023-11-15 11:12:19.429328,0 days 00:00:00.553685,0.2,10,0.75,0.9,2,79,COMPLETE
5896,5896,11652.25,2023-11-15 11:12:19.431769,2023-11-15 11:12:20.066871,0 days 00:00:00.635102,0.2,10,0.75,0.4,14,150,COMPLETE
5897,5897,19359.75,2023-11-15 11:12:20.069274,2023-11-15 11:12:20.601530,0 days 00:00:00.532256,0.2,10,0.75,0.9,4,145,COMPLETE
5898,5898,19021.75,2023-11-15 11:12:20.603890,2023-11-15 11:12:21.156681,0 days 00:00:00.552791,0.5,10,0.75,0.9,7,140,COMPLETE
5899,5899,19261.0,2023-11-15 11:12:21.159083,2023-11-15 11:12:21.701347,0 days 00:00:00.542264,0.2,10,0.5,0.9,0,147,COMPLETE
5900,5900,19050.0,2023-11-15 11:12:21.703440,2023-11-15 11:12:22.225681,0 days 00:00:00.522241,0.1,10,1.0,0.9,2,143,COMPLETE
5901,5901,18304.0,2023-11-15 11:12:22.227734,2023-11-15 11:12:22.772513,0 days 00:00:00.544779,0.2,20,1.25,0.8,4,145,COMPLETE
5902,5902,19163.75,2023-11-15 11:12:22.774514,2023-11-15 11:12:23.307448,0 days 00:00:00.532934,0.2,10,0.75,0.9,0,150,COMPLETE
5903,5903,18981.0,2023-11-15 11:12:23.309404,2023-11-15 11:12:23.873121,0 days 00:00:00.563717,0.2,10,0.75,0.9,2,138,COMPLETE
5904,5904,16217.0,2023-11-15 11:12:23.875186,2023-11-15 11:12:24.435508,0 days 00:00:00.560322,0.1,10,0.75,0.6,6,141,COMPLETE
5905,5905,18508.75,2023-11-15 11:12:24.438856,2023-11-15 11:12:24.979026,0 days 00:00:00.540170,0.30000000000000004,10,0.75,0.9,40,147,COMPLETE
5906,5906,19050.0,2023-11-15 11:12:24.981370,2023-11-15 11:12:25.526421,0 days 00:00:00.545051,0.2,10,1.0,0.9,3,143,COMPLETE
5907,5907,19261.0,2023-11-15 11:12:25.528924,2023-11-15 11:12:26.070563,0 days 00:00:00.541639,0.2,10,0.25,0.7000000000000001,0,147,COMPLETE
5908,5908,19067.0,2023-11-15 11:12:26.072745,2023-11-15 11:12:26.608181,0 days 00:00:00.535436,0.2,10,0.75,0.9,2,134,COMPLETE
5909,5909,18251.5,2023-11-15 11:12:26.610188,2023-11-15 11:12:27.159922,0 days 00:00:00.549734,0.1,20,0.75,0.9,10,145,COMPLETE
5910,5910,19066.25,2023-11-15 11:12:27.162354,2023-11-15 11:12:27.718017,0 days 00:00:00.555663,0.2,10,0.75,0.9,6,140,COMPLETE
5911,5911,16391.0,2023-11-15 11:12:27.720031,2023-11-15 11:12:28.341586,0 days 00:00:00.621555,0.2,10,1.25,0.5,4,148,COMPLETE
5912,5912,19171.5,2023-11-15 11:12:28.345291,2023-11-15 11:12:28.962047,0 days 00:00:00.616756,0.4,10,0.75,0.8,0,142,COMPLETE
5913,5913,9770.25,2023-11-15 11:12:28.965396,2023-11-15 11:12:29.678474,0 days 00:00:00.713078,0.2,10,1.0,0.1,8,150,COMPLETE
5914,5914,19268.25,2023-11-15 11:12:29.680644,2023-11-15 11:12:30.223074,0 days 00:00:00.542430,0.1,10,0.5,0.9,2,145,COMPLETE
5915,5915,19161.25,2023-11-15 11:12:30.225095,2023-11-15 11:12:30.766372,0 days 00:00:00.541277,0.2,10,2.0,0.9,4,138,COMPLETE
5916,5916,15513.0,2023-11-15 11:12:30.768877,2023-11-15 11:12:31.350185,0 days 00:00:00.581308,0.30000000000000004,60,0.75,0.9,0,143,COMPLETE
5917,5917,19082.5,2023-11-15 11:12:31.352702,2023-11-15 11:12:31.886839,0 days 00:00:00.534137,0.2,10,0.75,0.9,2,150,COMPLETE
5918,5918,19261.0,2023-11-15 11:12:31.888838,2023-11-15 11:12:32.422344,0 days 00:00:00.533506,0.2,10,0.75,0.9,5,147,COMPLETE
5919,5919,19292.25,2023-11-15 11:12:32.424503,2023-11-15 11:12:32.962396,0 days 00:00:00.537893,0.2,10,0.75,0.9,2,145,COMPLETE
5920,5920,19261.0,2023-11-15 11:12:32.965163,2023-11-15 11:12:33.504634,0 days 00:00:00.539471,0.1,10,1.0,0.9,0,141,COMPLETE
5921,5921,19169.0,2023-11-15 11:12:33.506633,2023-11-15 11:12:34.038310,0 days 00:00:00.531677,0.2,10,1.25,0.9,4,147,COMPLETE
5922,5922,17911.75,2023-11-15 11:12:34.040440,2023-11-15 11:12:34.590931,0 days 00:00:00.550491,0.2,20,0.75,0.9,2,137,COMPLETE
5923,5923,18522.5,2023-11-15 11:12:34.592950,2023-11-15 11:12:35.149539,0 days 00:00:00.556589,0.2,10,0.5,0.9,54,144,COMPLETE
5924,5924,18823.5,2023-11-15 11:12:35.151713,2023-11-15 11:12:35.709263,0 days 00:00:00.557550,0.1,10,0.75,0.9,7,150,COMPLETE
5925,5925,19261.0,2023-11-15 11:12:35.711428,2023-11-15 11:12:36.273051,0 days 00:00:00.561623,0.2,10,0.75,0.8,0,140,COMPLETE
5926,5926,17837.5,2023-11-15 11:12:36.275087,2023-11-15 11:12:36.822702,0 days 00:00:00.547615,0.2,10,0.75,0.9,67,145,COMPLETE
5927,5927,13693.5,2023-11-15 11:12:36.825412,2023-11-15 11:12:37.394688,0 days 00:00:00.569276,0.2,90,0.75,0.9,35,147,COMPLETE
5928,5928,14304.0,2023-11-15 11:12:37.396737,2023-11-15 11:12:37.973807,0 days 00:00:00.577070,0.1,40,0.75,0.30000000000000004,3,142,COMPLETE
5929,5929,18002.5,2023-11-15 11:12:37.975844,2023-11-15 11:12:38.559124,0 days 00:00:00.583280,0.6,10,1.0,0.9,6,143,COMPLETE
5930,5930,19359.75,2023-11-15 11:12:38.561148,2023-11-15 11:12:39.102105,0 days 00:00:00.540957,0.30000000000000004,10,0.75,0.6,0,148,COMPLETE
5931,5931,19069.5,2023-11-15 11:12:39.104134,2023-11-15 11:12:39.646077,0 days 00:00:00.541943,0.2,10,1.25,0.9,2,115,COMPLETE
5932,5932,6005.0,2023-11-15 11:12:39.648407,2023-11-15 11:12:40.338526,0 days 00:00:00.690119,0.2,10,1.5,0.5,9,150,COMPLETE
5933,5933,18401.25,2023-11-15 11:12:40.340665,2023-11-15 11:12:40.901601,0 days 00:00:00.560936,0.2,10,0.25,0.8,5,139,COMPLETE
5934,5934,16154.75,2023-11-15 11:12:40.903668,2023-11-15 11:12:41.487681,0 days 00:00:00.584013,0.8,20,0.75,0.9,2,145,COMPLETE
5935,5935,19261.0,2023-11-15 11:12:41.489789,2023-11-15 11:12:42.062105,0 days 00:00:00.572316,0.2,10,0.75,0.7000000000000001,0,147,COMPLETE
5936,5936,18968.25,2023-11-15 11:12:42.064729,2023-11-15 11:12:42.610578,0 days 00:00:00.545849,0.1,10,0.5,0.9,4,135,COMPLETE
5937,5937,19051.5,2023-11-15 11:12:42.612582,2023-11-15 11:12:43.164486,0 days 00:00:00.551904,0.2,10,0.75,0.9,2,142,COMPLETE
5938,5938,19359.75,2023-11-15 11:12:43.167068,2023-11-15 11:12:43.814440,0 days 00:00:00.647372,0.2,10,0.75,0.9,0,145,COMPLETE
5939,5939,18300.0,2023-11-15 11:12:43.817158,2023-11-15 11:12:44.445893,0 days 00:00:00.628735,0.2,20,1.0,0.9,4,141,COMPLETE
5940,5940,19082.5,2023-11-15 11:12:44.448835,2023-11-15 11:12:45.042966,0 days 00:00:00.594131,0.1,10,0.75,0.9,2,150,COMPLETE
5941,5941,13701.75,2023-11-15 11:12:45.044969,2023-11-15 11:12:45.657415,0 days 00:00:00.612446,0.2,10,0.75,0.4,6,147,COMPLETE
