,number,value,datetime_start,datetime_complete,duration,params_alpha,params_decay_interval,params_decay_rate,params_gamma,params_initialization,params_max_steps,state
8823,8823,19261.0,2023-11-15 11:43:48.514231,2023-11-15 11:43:49.274770,0 days 00:00:00.760539,0.1,10,0.75,0.9,0,150,COMPLETE
8824,8824,19261.0,2023-11-15 11:43:49.277879,2023-11-15 11:43:50.007827,0 days 00:00:00.729948,0.2,10,1.0,0.9,2,147,COMPLETE
8825,8825,18787.25,2023-11-15 11:43:50.010975,2023-11-15 11:43:50.757075,0 days 00:00:00.746100,0.5,10,1.25,0.9,16,142,COMPLETE
8826,8826,19350.75,2023-11-15 11:43:50.760621,2023-11-15 11:43:51.500922,0 days 00:00:00.740301,0.1,10,0.75,0.9,6,145,COMPLETE
8827,8827,18969.25,2023-11-15 11:43:51.503601,2023-11-15 11:43:52.263240,0 days 00:00:00.759639,0.2,10,0.75,0.9,0,138,COMPLETE
8828,8828,19359.75,2023-11-15 11:43:52.266056,2023-11-15 11:43:52.997452,0 days 00:00:00.731396,0.2,10,0.5,0.9,4,148,COMPLETE
8829,8829,18796.0,2023-11-15 11:43:53.000232,2023-11-15 11:43:53.732510,0 days 00:00:00.732278,0.2,10,0.75,0.8,3,104,COMPLETE
8830,8830,17745.25,2023-11-15 11:43:53.735191,2023-11-15 11:43:54.475955,0 days 00:00:00.740764,0.2,20,0.75,0.5,2,141,COMPLETE
8831,8831,14962.0,2023-11-15 11:43:54.479003,2023-11-15 11:43:55.264359,0 days 00:00:00.785356,0.1,10,0.75,0.9,93,143,COMPLETE
8832,8832,19163.75,2023-11-15 11:43:55.267051,2023-11-15 11:43:56.004251,0 days 00:00:00.737200,0.2,10,0.75,0.9,0,150,COMPLETE
8833,8833,18885.5,2023-11-15 11:43:56.006909,2023-11-15 11:43:56.810688,0 days 00:00:00.803779,0.30000000000000004,10,1.0,0.9,8,115,COMPLETE
8834,8834,19359.75,2023-11-15 11:43:56.813682,2023-11-15 11:43:57.629148,0 days 00:00:00.815466,0.2,10,0.75,0.9,5,145,COMPLETE
8835,8835,19169.0,2023-11-15 11:43:57.632798,2023-11-15 11:43:58.670420,0 days 00:00:01.037622,0.2,10,1.25,0.9,2,147,COMPLETE
8836,8836,19261.0,2023-11-15 11:43:58.674128,2023-11-15 11:43:59.720735,0 days 00:00:01.046607,0.1,10,0.75,0.9,0,140,COMPLETE
8837,8837,18897.75,2023-11-15 11:43:59.723489,2023-11-15 11:44:01.228974,0 days 00:00:01.505485,0.2,10,0.75,0.8,4,145,COMPLETE
8838,8838,19201.25,2023-11-15 11:44:01.232833,2023-11-15 11:44:02.179570,0 days 00:00:00.946737,0.2,10,0.75,0.9,2,148,COMPLETE
8839,8839,13106.5,2023-11-15 11:44:02.182155,2023-11-15 11:44:03.302915,0 days 00:00:01.120760,0.6,10,0.75,0.9,6,137,COMPLETE
8840,8840,18394.75,2023-11-15 11:44:03.305737,2023-11-15 11:44:04.144316,0 days 00:00:00.838579,0.2,20,1.0,0.9,0,143,COMPLETE
8841,8841,19164.25,2023-11-15 11:44:04.147276,2023-11-15 11:44:05.083216,0 days 00:00:00.935940,0.2,10,0.5,0.9,3,150,COMPLETE
8842,8842,18972.0,2023-11-15 11:44:05.086300,2023-11-15 11:44:06.178689,0 days 00:00:01.092389,0.1,10,0.75,0.9,2,141,COMPLETE
8843,8843,19317.5,2023-11-15 11:44:06.184504,2023-11-15 11:44:07.149868,0 days 00:00:00.965364,0.30000000000000004,10,0.75,0.9,0,145,COMPLETE
8844,8844,18535.75,2023-11-15 11:44:07.152639,2023-11-15 11:44:08.032434,0 days 00:00:00.879795,0.2,10,0.75,0.8,22,147,COMPLETE
8845,8845,19065.25,2023-11-15 11:44:08.036097,2023-11-15 11:44:08.981474,0 days 00:00:00.945377,0.2,10,0.75,0.9,5,132,COMPLETE
8846,8846,14191.75,2023-11-15 11:44:08.984346,2023-11-15 11:44:09.946181,0 days 00:00:00.961835,0.2,80,1.0,0.9,8,143,COMPLETE
8847,8847,15127.5,2023-11-15 11:44:09.948820,2023-11-15 11:44:10.901776,0 days 00:00:00.952956,0.1,70,0.75,0.9,2,147,COMPLETE
8848,8848,18637.25,2023-11-15 11:44:10.905298,2023-11-15 11:44:11.830058,0 days 00:00:00.924760,0.2,10,0.25,0.9,4,139,COMPLETE
8849,8849,18393.5,2023-11-15 11:44:11.833404,2023-11-15 11:44:12.648381,0 days 00:00:00.814977,0.2,20,0.75,0.9,0,150,COMPLETE
8850,8850,19163.5,2023-11-15 11:44:12.650934,2023-11-15 11:44:13.462145,0 days 00:00:00.811211,0.2,10,0.75,0.9,2,144,COMPLETE
8851,8851,13056.75,2023-11-15 11:44:13.464754,2023-11-15 11:44:14.342821,0 days 00:00:00.878067,0.1,10,1.25,0.6,6,141,COMPLETE
8852,8852,19359.75,2023-11-15 11:44:14.345977,2023-11-15 11:44:15.172129,0 days 00:00:00.826152,0.2,10,0.75,0.4,0,145,COMPLETE
8853,8853,18780.25,2023-11-15 11:44:15.175330,2023-11-15 11:44:15.969614,0 days 00:00:00.794284,0.2,10,0.5,0.7000000000000001,4,147,COMPLETE
8854,8854,18992.75,2023-11-15 11:44:15.972437,2023-11-15 11:44:16.759169,0 days 00:00:00.786732,0.2,10,0.75,0.9,2,143,COMPLETE
8855,8855,19067.5,2023-11-15 11:44:16.762317,2023-11-15 11:44:17.511655,0 days 00:00:00.749338,0.30000000000000004,10,1.0,0.30000000000000004,0,137,COMPLETE
8856,8856,19173.0,2023-11-15 11:44:17.514503,2023-11-15 11:44:18.248423,0 days 00:00:00.733920,0.2,10,0.75,0.9,10,148,COMPLETE
8857,8857,19018.5,2023-11-15 11:44:18.251129,2023-11-15 11:44:19.002249,0 days 00:00:00.751120,0.1,10,0.75,0.9,4,68,COMPLETE
8858,8858,18872.5,2023-11-15 11:44:19.004939,2023-11-15 11:44:19.768147,0 days 00:00:00.763208,0.2,10,1.25,0.8,2,150,COMPLETE
8859,8859,15043.25,2023-11-15 11:44:19.770703,2023-11-15 11:44:20.657225,0 days 00:00:00.886522,0.2,60,0.75,0.9,6,134,COMPLETE
8860,8860,16365.75,2023-11-15 11:44:20.660630,2023-11-15 11:44:21.468507,0 days 00:00:00.807877,0.2,40,1.0,0.9,0,141,COMPLETE
8861,8861,19072.25,2023-11-15 11:44:21.471284,2023-11-15 11:44:22.316326,0 days 00:00:00.845042,0.1,10,1.5,0.9,3,145,COMPLETE
8862,8862,18398.5,2023-11-15 11:44:22.318902,2023-11-15 11:44:23.080836,0 days 00:00:00.761934,0.2,20,0.75,0.9,7,145,COMPLETE
8863,8863,19261.0,2023-11-15 11:44:23.083409,2023-11-15 11:44:23.867625,0 days 00:00:00.784216,0.2,10,0.75,0.9,2,147,COMPLETE
8864,8864,15822.5,2023-11-15 11:44:23.870713,2023-11-15 11:44:24.791473,0 days 00:00:00.920760,0.2,10,0.75,0.6,4,140,COMPLETE
8865,8865,19197.5,2023-11-15 11:44:24.796530,2023-11-15 11:44:25.687433,0 days 00:00:00.890903,0.1,10,0.75,0.9,0,143,COMPLETE
8866,8866,19270.0,2023-11-15 11:44:25.690147,2023-11-15 11:44:26.574440,0 days 00:00:00.884293,0.2,10,1.25,0.9,2,148,COMPLETE
8867,8867,19037.75,2023-11-15 11:44:26.578189,2023-11-15 11:44:27.489762,0 days 00:00:00.911573,0.30000000000000004,10,0.5,0.9,5,150,COMPLETE
8868,8868,19161.25,2023-11-15 11:44:27.492450,2023-11-15 11:44:28.372162,0 days 00:00:00.879712,0.2,10,0.75,0.5,0,138,COMPLETE
8869,8869,13967.5,2023-11-15 11:44:28.375346,2023-11-15 11:44:29.355381,0 days 00:00:00.980035,0.2,50,0.75,0.2,3,143,COMPLETE
8870,8870,19261.0,2023-11-15 11:44:29.358813,2023-11-15 11:44:30.151361,0 days 00:00:00.792548,0.2,10,0.75,0.9,7,147,COMPLETE
8871,8871,19066.25,2023-11-15 11:44:30.154058,2023-11-15 11:44:30.996590,0 days 00:00:00.842532,0.5,10,1.0,0.8,2,141,COMPLETE
8872,8872,0.0,2023-11-15 11:44:30.999374,2023-11-15 11:44:31.793271,0 days 00:00:00.793897,0.1,10,0.75,0.9,0,21,COMPLETE
8873,8873,19265.0,2023-11-15 11:44:31.795849,2023-11-15 11:44:32.590442,0 days 00:00:00.794593,0.2,10,0.5,0.9,4,145,COMPLETE
8874,8874,19082.5,2023-11-15 11:44:32.594091,2023-11-15 11:44:33.399978,0 days 00:00:00.805887,0.2,10,0.75,0.9,2,150,COMPLETE
8875,8875,17879.5,2023-11-15 11:44:33.402560,2023-11-15 11:44:34.195242,0 days 00:00:00.792682,0.2,20,0.25,0.7000000000000001,9,145,COMPLETE
8876,8876,19171.75,2023-11-15 11:44:34.198069,2023-11-15 11:44:34.949769,0 days 00:00:00.751700,0.1,10,0.75,0.9,0,142,COMPLETE
8877,8877,18966.5,2023-11-15 11:44:34.952753,2023-11-15 11:44:35.729884,0 days 00:00:00.777131,0.2,10,1.75,0.9,5,136,COMPLETE
8878,8878,19261.0,2023-11-15 11:44:35.732700,2023-11-15 11:44:36.515585,0 days 00:00:00.782885,0.2,10,1.0,0.9,2,147,COMPLETE
8879,8879,19066.25,2023-11-15 11:44:36.518270,2023-11-15 11:44:37.314897,0 days 00:00:00.796627,0.1,10,0.75,0.8,4,140,COMPLETE
8880,8880,19359.75,2023-11-15 11:44:37.317504,2023-11-15 11:44:38.088554,0 days 00:00:00.771050,0.2,10,0.75,0.9,0,145,COMPLETE
8881,8881,18317.5,2023-11-15 11:44:38.091599,2023-11-15 11:44:38.903863,0 days 00:00:00.812264,0.30000000000000004,20,1.25,0.9,6,150,COMPLETE
8882,8882,18775.75,2023-11-15 11:44:38.906420,2023-11-15 11:44:39.721608,0 days 00:00:00.815188,0.2,10,0.75,0.9,2,123,COMPLETE
8883,8883,19110.5,2023-11-15 11:44:39.724254,2023-11-15 11:44:40.540783,0 days 00:00:00.816529,0.2,10,1.0,0.9,12,143,COMPLETE
8884,8884,19261.0,2023-11-15 11:44:40.543959,2023-11-15 11:44:41.330763,0 days 00:00:00.786804,0.2,10,0.75,0.8,0,147,COMPLETE
8885,8885,18985.25,2023-11-15 11:44:41.333517,2023-11-15 11:44:42.132090,0 days 00:00:00.798573,0.1,10,0.75,0.9,4,138,COMPLETE
8886,8886,18979.75,2023-11-15 11:44:42.135014,2023-11-15 11:44:42.886233,0 days 00:00:00.751219,0.4,10,0.75,0.9,8,143,COMPLETE
8887,8887,19169.0,2023-11-15 11:44:42.888901,2023-11-15 11:44:43.649190,0 days 00:00:00.760289,0.2,10,1.25,0.9,2,147,COMPLETE
8888,8888,19066.25,2023-11-15 11:44:43.651827,2023-11-15 11:44:44.400492,0 days 00:00:00.748665,0.2,10,0.75,0.9,27,141,COMPLETE
8889,8889,13023.5,2023-11-15 11:44:44.403151,2023-11-15 11:44:45.227488,0 days 00:00:00.824337,0.2,100,0.75,0.9,0,150,COMPLETE
8890,8890,19313.25,2023-11-15 11:44:45.231422,2023-11-15 11:44:46.064047,0 days 00:00:00.832625,0.2,10,0.75,0.9,3,145,COMPLETE
8891,8891,19171.25,2023-11-15 11:44:46.066909,2023-11-15 11:44:46.880840,0 days 00:00:00.813931,0.1,10,1.0,0.9,6,147,COMPLETE
8892,8892,16378.25,2023-11-15 11:44:46.883587,2023-11-15 11:44:47.662569,0 days 00:00:00.778982,0.2,10,0.75,0.5,2,143,COMPLETE
8893,8893,18973.0,2023-11-15 11:44:47.666514,2023-11-15 11:44:48.473366,0 days 00:00:00.806852,0.2,10,0.5,0.9,0,138,COMPLETE
8894,8894,19261.0,2023-11-15 11:44:48.476310,2023-11-15 11:44:49.377145,0 days 00:00:00.900835,0.1,10,0.75,0.9,4,147,COMPLETE
8895,8895,18973.0,2023-11-15 11:44:49.380103,2023-11-15 11:44:50.162912,0 days 00:00:00.782809,0.30000000000000004,10,0.75,0.9,2,141,COMPLETE
8896,8896,18398.5,2023-11-15 11:44:50.165673,2023-11-15 11:44:50.915823,0 days 00:00:00.750150,0.2,20,0.75,0.9,6,145,COMPLETE
8897,8897,19261.0,2023-11-15 11:44:50.918537,2023-11-15 11:44:51.668952,0 days 00:00:00.750415,0.2,10,1.0,0.30000000000000004,0,150,COMPLETE
8898,8898,17263.0,2023-11-15 11:44:51.672117,2023-11-15 11:44:52.440385,0 days 00:00:00.768268,0.2,30,0.75,0.9,4,135,COMPLETE
8899,8899,16854.0,2023-11-15 11:44:52.443213,2023-11-15 11:44:53.261663,0 days 00:00:00.818450,0.2,10,0.75,0.4,2,143,COMPLETE
8900,8900,15162.75,2023-11-15 11:44:53.264441,2023-11-15 11:44:54.087268,0 days 00:00:00.822827,0.7000000000000001,10,0.5,0.8,32,147,COMPLETE
8901,8901,19066.25,2023-11-15 11:44:54.090508,2023-11-15 11:44:54.885618,0 days 00:00:00.795110,0.2,10,0.75,0.9,8,140,COMPLETE
8902,8902,19359.75,2023-11-15 11:44:54.888675,2023-11-15 11:44:55.704329,0 days 00:00:00.815654,0.1,10,0.25,0.7000000000000001,0,145,COMPLETE
8903,8903,14598.75,2023-11-15 11:44:55.707179,2023-11-15 11:44:56.506300,0 days 00:00:00.799121,0.2,70,1.25,0.9,4,150,COMPLETE
8904,8904,18992.75,2023-11-15 11:44:56.509009,2023-11-15 11:44:57.291032,0 days 00:00:00.782023,0.2,10,0.75,0.9,2,143,COMPLETE
8905,8905,19261.0,2023-11-15 11:44:57.293629,2023-11-15 11:44:58.050608,0 days 00:00:00.756979,0.30000000000000004,10,0.75,0.9,6,147,COMPLETE
8906,8906,18277.75,2023-11-15 11:44:58.054073,2023-11-15 11:44:58.825811,0 days 00:00:00.771738,0.2,20,1.0,0.8,0,139,COMPLETE
8907,8907,14943.25,2023-11-15 11:44:58.828584,2023-11-15 11:44:59.628921,0 days 00:00:00.800337,0.1,10,0.75,0.9,53,59,COMPLETE
8908,8908,18498.75,2023-11-15 11:44:59.631645,2023-11-15 11:45:00.423734,0 days 00:00:00.792089,0.2,10,0.75,0.6,2,145,COMPLETE
8909,8909,19136.5,2023-11-15 11:45:00.426773,2023-11-15 11:45:01.183215,0 days 00:00:00.756442,0.2,10,0.75,0.9,4,148,COMPLETE
8910,8910,10766.75,2023-11-15 11:45:01.186312,2023-11-15 11:45:02.052190,0 days 00:00:00.865878,0.2,10,0.75,0.1,10,142,COMPLETE
8911,8911,18393.5,2023-11-15 11:45:02.054937,2023-11-15 11:45:02.837855,0 days 00:00:00.782918,0.1,20,1.25,0.9,0,150,COMPLETE
8912,8912,19292.25,2023-11-15 11:45:02.840560,2023-11-15 11:45:03.579505,0 days 00:00:00.738945,0.2,10,0.75,0.9,2,145,COMPLETE
8913,8913,19163.75,2023-11-15 11:45:03.582510,2023-11-15 11:45:04.329619,0 days 00:00:00.747109,0.2,10,0.5,0.9,5,140,COMPLETE
8914,8914,16752.25,2023-11-15 11:45:04.332641,2023-11-15 11:45:05.095069,0 days 00:00:00.762428,0.2,10,1.0,0.5,3,147,COMPLETE
8915,8915,19197.5,2023-11-15 11:45:05.097927,2023-11-15 11:45:05.854921,0 days 00:00:00.756994,0.1,10,0.75,0.9,0,143,COMPLETE
8916,8916,19264.25,2023-11-15 11:45:05.857607,2023-11-15 11:45:06.608737,0 days 00:00:00.751130,0.4,10,0.75,0.8,7,148,COMPLETE
8917,8917,18647.5,2023-11-15 11:45:06.611319,2023-11-15 11:45:07.360090,0 days 00:00:00.748771,0.2,10,0.75,0.9,2,136,COMPLETE
8918,8918,18791.75,2023-11-15 11:45:07.362824,2023-11-15 11:45:08.113657,0 days 00:00:00.750833,0.2,10,0.75,0.9,4,144,COMPLETE
8919,8919,19163.75,2023-11-15 11:45:08.116846,2023-11-15 11:45:08.872313,0 days 00:00:00.755467,0.30000000000000004,10,1.0,0.9,0,141,COMPLETE
8920,8920,18808.0,2023-11-15 11:45:08.875119,2023-11-15 11:45:09.632601,0 days 00:00:00.757482,0.6,10,0.75,0.9,2,150,COMPLETE
8921,8921,18493.25,2023-11-15 11:45:09.635307,2023-11-15 11:45:10.385789,0 days 00:00:00.750482,0.2,20,0.75,0.9,5,145,COMPLETE
8922,8922,18973.0,2023-11-15 11:45:10.388496,2023-11-15 11:45:11.136739,0 days 00:00:00.748243,0.2,10,0.5,0.9,0,138,COMPLETE
8923,8923,18403.5,2023-11-15 11:45:11.139459,2023-11-15 11:45:11.907596,0 days 00:00:00.768137,0.1,10,1.25,0.9,3,129,COMPLETE
8924,8924,14001.75,2023-11-15 11:45:11.910187,2023-11-15 11:45:12.708260,0 days 00:00:00.798073,0.2,10,0.75,0.4,2,147,COMPLETE
8925,8925,18840.75,2023-11-15 11:45:12.710918,2023-11-15 11:45:13.471229,0 days 00:00:00.760311,0.2,10,0.75,0.9,14,142,COMPLETE
8926,8926,16298.75,2023-11-15 11:45:13.473990,2023-11-15 11:45:14.220234,0 days 00:00:00.746244,0.1,10,0.75,0.9,7,36,COMPLETE
8927,8927,19172.25,2023-11-15 11:45:14.223248,2023-11-15 11:45:14.971494,0 days 00:00:00.748246,0.2,10,1.0,0.9,0,147,COMPLETE
8928,8928,18496.0,2023-11-15 11:45:14.974194,2023-11-15 11:45:15.740289,0 days 00:00:00.766095,0.2,10,0.75,0.8,4,144,COMPLETE
8929,8929,18777.0,2023-11-15 11:45:15.743066,2023-11-15 11:45:16.507481,0 days 00:00:00.764415,0.2,10,0.25,0.9,2,140,COMPLETE
8930,8930,13018.5,2023-11-15 11:45:16.510168,2023-11-15 11:45:17.349473,0 days 00:00:00.839305,0.1,20,0.75,0.7000000000000001,81,150,COMPLETE
8931,8931,19262.25,2023-11-15 11:45:17.352554,2023-11-15 11:45:18.193210,0 days 00:00:00.840656,0.2,10,0.75,0.9,6,145,COMPLETE
8932,8932,19172.25,2023-11-15 11:45:18.195944,2023-11-15 11:45:18.978512,0 days 00:00:00.782568,0.2,10,1.0,0.9,0,147,COMPLETE
8933,8933,15305.25,2023-11-15 11:45:18.982023,2023-11-15 11:45:19.853743,0 days 00:00:00.871720,0.30000000000000004,10,0.75,0.6,4,133,COMPLETE
8934,8934,18787.25,2023-11-15 11:45:19.856321,2023-11-15 11:45:20.623561,0 days 00:00:00.767240,0.2,10,1.25,0.9,9,142,COMPLETE
8935,8935,18918.0,2023-11-15 11:45:20.626366,2023-11-15 11:45:21.382890,0 days 00:00:00.756524,0.1,10,0.75,0.9,2,139,COMPLETE
8936,8936,19359.75,2023-11-15 11:45:21.385512,2023-11-15 11:45:22.166309,0 days 00:00:00.780797,0.2,10,0.75,0.8,0,148,COMPLETE
8937,8937,18778.0,2023-11-15 11:45:22.168931,2023-11-15 11:45:22.969823,0 days 00:00:00.800892,0.2,10,0.75,0.9,5,144,COMPLETE
8938,8938,2034.0,2023-11-15 11:45:22.972454,2023-11-15 11:45:23.802883,0 days 00:00:00.830429,0.2,10,0.75,0.9,2,50,COMPLETE
8939,8939,19164.25,2023-11-15 11:45:23.805777,2023-11-15 11:45:24.590031,0 days 00:00:00.784254,0.2,10,0.5,0.9,3,150,COMPLETE
8940,8940,19197.5,2023-11-15 11:45:24.592680,2023-11-15 11:45:25.400959,0 days 00:00:00.808279,0.1,10,0.75,0.9,0,143,COMPLETE
8941,8941,1491.25,2023-11-15 11:45:25.404094,2023-11-15 11:45:26.281825,0 days 00:00:00.877731,0.2,10,1.5,0.9,8,64,COMPLETE
8942,8942,19261.0,2023-11-15 11:45:26.284482,2023-11-15 11:45:27.056798,0 days 00:00:00.772316,0.2,10,0.75,0.9,2,147,COMPLETE
8943,8943,19067.0,2023-11-15 11:45:27.060286,2023-11-15 11:45:27.878949,0 days 00:00:00.818663,0.30000000000000004,10,1.0,0.8,5,137,COMPLETE
8944,8944,19261.0,2023-11-15 11:45:27.881755,2023-11-15 11:45:28.691236,0 days 00:00:00.809481,0.2,10,0.75,0.9,0,144,COMPLETE
8945,8945,18394.75,2023-11-15 11:45:28.694318,2023-11-15 11:45:29.509998,0 days 00:00:00.815680,0.2,20,0.75,0.9,3,140,COMPLETE
8946,8946,19163.5,2023-11-15 11:45:29.514120,2023-11-15 11:45:30.338874,0 days 00:00:00.824754,0.1,10,1.25,0.9,19,147,COMPLETE
8947,8947,19328.25,2023-11-15 11:45:30.341481,2023-11-15 11:45:31.113707,0 days 00:00:00.772226,0.2,10,1.0,0.9,6,145,COMPLETE
8948,8948,19088.5,2023-11-15 11:45:31.116529,2023-11-15 11:45:31.887292,0 days 00:00:00.770763,0.2,10,0.75,0.9,2,100,COMPLETE
8949,8949,18705.25,2023-11-15 11:45:31.889887,2023-11-15 11:45:32.688646,0 days 00:00:00.798759,0.2,10,0.75,0.9,24,150,COMPLETE
8950,8950,13504.5,2023-11-15 11:45:32.691369,2023-11-15 11:45:33.465626,0 days 00:00:00.774257,0.5,10,0.5,0.9,0,29,COMPLETE
8951,8951,19066.25,2023-11-15 11:45:33.468451,2023-11-15 11:45:34.269526,0 days 00:00:00.801075,0.2,10,0.75,0.9,5,141,COMPLETE
8952,8952,19175.25,2023-11-15 11:45:34.272198,2023-11-15 11:45:35.052373,0 days 00:00:00.780175,0.1,10,0.25,0.9,2,147,COMPLETE
8953,8953,18394.75,2023-11-15 11:45:35.055069,2023-11-15 11:45:35.822242,0 days 00:00:00.767173,0.2,20,0.75,0.8,4,143,COMPLETE
8954,8954,19359.75,2023-11-15 11:45:35.825108,2023-11-15 11:45:36.570368,0 days 00:00:00.745260,0.30000000000000004,10,0.75,0.4,0,145,COMPLETE
8955,8955,18774.75,2023-11-15 11:45:36.572994,2023-11-15 11:45:37.365486,0 days 00:00:00.792492,0.2,10,1.0,0.9,2,136,COMPLETE
8956,8956,14752.0,2023-11-15 11:45:37.368331,2023-11-15 11:45:38.201441,0 days 00:00:00.833110,0.2,10,0.75,0.5,7,150,COMPLETE
8957,8957,14403.25,2023-11-15 11:45:38.204371,2023-11-15 11:45:39.038976,0 days 00:00:00.834605,0.1,40,0.75,0.9,67,141,COMPLETE
8958,8958,19264.25,2023-11-15 11:45:39.041791,2023-11-15 11:45:39.823729,0 days 00:00:00.781938,0.2,10,0.5,0.9,10,145,COMPLETE
8959,8959,19261.0,2023-11-15 11:45:39.826380,2023-11-15 11:45:40.625884,0 days 00:00:00.799504,0.2,10,0.75,0.9,4,147,COMPLETE
8960,8960,19261.0,2023-11-15 11:45:40.629223,2023-11-15 11:45:41.464735,0 days 00:00:00.835512,0.2,10,1.25,0.2,0,142,COMPLETE
8961,8961,18765.0,2023-11-15 11:45:41.467546,2023-11-15 11:45:42.291976,0 days 00:00:00.824430,0.1,10,0.75,0.9,3,139,COMPLETE
8962,8962,18404.75,2023-11-15 11:45:42.295514,2023-11-15 11:45:43.353437,0 days 00:00:01.057923,0.2,20,0.75,0.9,2,148,COMPLETE
8963,8963,19359.75,2023-11-15 11:45:43.356227,2023-11-15 11:45:44.258654,0 days 00:00:00.902427,0.2,10,1.0,0.7000000000000001,0,145,COMPLETE
8964,8964,18969.25,2023-11-15 11:45:44.263221,2023-11-15 11:45:45.230070,0 days 00:00:00.966849,0.2,10,0.75,0.8,6,150,COMPLETE
8965,8965,19091.75,2023-11-15 11:45:45.232839,2023-11-15 11:45:46.424863,0 days 00:00:01.192024,0.1,10,0.75,0.9,4,143,COMPLETE
8966,8966,18981.0,2023-11-15 11:45:46.455307,2023-11-15 11:45:47.356230,0 days 00:00:00.900923,0.2,10,0.75,0.9,2,138,COMPLETE
8967,8967,19260.75,2023-11-15 11:45:47.360093,2023-11-15 11:45:48.181373,0 days 00:00:00.821280,0.2,10,0.75,0.30000000000000004,0,110,COMPLETE
8968,8968,19261.0,2023-11-15 11:45:48.184368,2023-11-15 11:45:49.116871,0 days 00:00:00.932503,0.30000000000000004,10,1.0,0.9,8,147,COMPLETE
8969,8969,19093.75,2023-11-15 11:45:49.119520,2023-11-15 11:45:49.919582,0 days 00:00:00.800062,0.2,10,0.75,0.9,4,142,COMPLETE
8970,8970,12524.25,2023-11-15 11:45:49.922715,2023-11-15 11:45:50.854362,0 days 00:00:00.931647,0.2,10,2.0,0.6,2,145,COMPLETE
8971,8971,19271.0,2023-11-15 11:45:50.857424,2023-11-15 11:45:51.685500,0 days 00:00:00.828076,0.1,10,0.75,0.9,0,148,COMPLETE
8972,8972,18976.5,2023-11-15 11:45:51.688440,2023-11-15 11:45:52.488328,0 days 00:00:00.799888,0.2,10,1.25,0.9,2,134,COMPLETE
8973,8973,18394.75,2023-11-15 11:45:52.491634,2023-11-15 11:45:53.498139,0 days 00:00:01.006505,0.2,20,0.5,0.9,6,140,COMPLETE
8974,8974,19163.75,2023-11-15 11:45:53.501079,2023-11-15 11:45:54.992612,0 days 00:00:01.491533,0.2,10,0.75,0.9,0,150,COMPLETE
8975,8975,19091.75,2023-11-15 11:45:55.001370,2023-11-15 11:45:55.894513,0 days 00:00:00.893143,0.1,10,0.75,0.9,4,143,COMPLETE
8976,8976,18228.75,2023-11-15 11:45:55.897957,2023-11-15 11:45:56.737360,0 days 00:00:00.839403,0.2,10,0.25,0.8,37,145,COMPLETE
8977,8977,19261.0,2023-11-15 11:45:56.740010,2023-11-15 11:45:57.501690,0 days 00:00:00.761680,0.2,10,0.75,0.9,2,147,COMPLETE
8978,8978,18969.25,2023-11-15 11:45:57.504444,2023-11-15 11:45:58.292429,0 days 00:00:00.787985,0.1,10,1.25,0.9,4,141,COMPLETE
8979,8979,19359.75,2023-11-15 11:45:58.295557,2023-11-15 11:45:59.043773,0 days 00:00:00.748216,0.2,10,0.75,0.9,0,145,COMPLETE
8980,8980,13974.25,2023-11-15 11:45:59.046977,2023-11-15 11:45:59.863993,0 days 00:00:00.817016,0.8,10,1.0,0.9,2,138,COMPLETE
8981,8981,14289.0,2023-11-15 11:45:59.866668,2023-11-15 11:46:00.680698,0 days 00:00:00.814030,0.2,10,0.75,0.5,12,150,COMPLETE
8982,8982,16841.0,2023-11-15 11:46:00.683280,2023-11-15 11:46:01.547321,0 days 00:00:00.864041,0.4,20,0.75,0.9,7,147,COMPLETE
8983,8983,17200.75,2023-11-15 11:46:01.550008,2023-11-15 11:46:02.322598,0 days 00:00:00.772590,0.30000000000000004,10,0.75,0.8,46,143,COMPLETE
8984,8984,19359.75,2023-11-15 11:46:02.325186,2023-11-15 11:46:03.081653,0 days 00:00:00.756467,0.2,10,0.75,0.9,5,145,COMPLETE
8985,8985,19261.0,2023-11-15 11:46:03.084343,2023-11-15 11:46:03.842995,0 days 00:00:00.758652,0.2,10,0.5,0.9,0,141,COMPLETE
8986,8986,19359.75,2023-11-15 11:46:03.846306,2023-11-15 11:46:04.598326,0 days 00:00:00.752020,0.1,10,0.75,0.9,2,148,COMPLETE
8987,8987,19050.0,2023-11-15 11:46:04.601022,2023-11-15 11:46:05.372281,0 days 00:00:00.771259,0.2,10,1.0,0.9,4,143,COMPLETE
8988,8988,19082.5,2023-11-15 11:46:05.374962,2023-11-15 11:46:06.127104,0 days 00:00:00.752142,0.2,10,0.75,0.9,2,150,COMPLETE
8989,8989,15609.25,2023-11-15 11:46:06.130539,2023-11-15 11:46:06.918984,0 days 00:00:00.788445,0.2,10,0.75,0.7000000000000001,9,137,COMPLETE
8990,8990,19261.0,2023-11-15 11:46:06.921966,2023-11-15 11:46:07.676473,0 days 00:00:00.754507,0.1,10,0.75,0.9,0,147,COMPLETE
8991,8991,18012.75,2023-11-15 11:46:07.679824,2023-11-15 11:46:08.429687,0 days 00:00:00.749863,0.30000000000000004,20,1.25,0.9,6,82,COMPLETE
