,number,value,datetime_start,datetime_complete,duration,params_alpha,params_decay_interval,params_decay_rate,params_gamma,params_initialization,params_max_steps,state
6451,6451,19261.0,2023-11-15 11:17:27.401262,2023-11-15 11:17:27.965219,0 days 00:00:00.563957,0.2,10,0.75,0.9,0,143,COMPLETE
6452,6452,18585.5,2023-11-15 11:17:27.968048,2023-11-15 11:17:28.521003,0 days 00:00:00.552955,0.2,10,0.5,0.8,4,133,COMPLETE
6453,6453,18199.25,2023-11-15 11:17:28.523217,2023-11-15 11:17:29.063464,0 days 00:00:00.540247,0.30000000000000004,20,0.75,0.9,2,138,COMPLETE
6454,6454,19066.75,2023-11-15 11:17:29.066383,2023-11-15 11:17:29.618644,0 days 00:00:00.552261,0.6,10,1.25,0.9,7,147,COMPLETE
6455,6455,19359.75,2023-11-15 11:17:29.620910,2023-11-15 11:17:30.162367,0 days 00:00:00.541457,0.2,10,0.75,0.9,0,145,COMPLETE
6456,6456,18972.0,2023-11-15 11:17:30.164576,2023-11-15 11:17:30.707797,0 days 00:00:00.543221,0.1,10,0.75,0.9,4,141,COMPLETE
6457,6457,15826.5,2023-11-15 11:17:30.710005,2023-11-15 11:17:31.293198,0 days 00:00:00.583193,0.2,10,0.75,0.6,19,148,COMPLETE
6458,6458,17824.0,2023-11-15 11:17:31.298628,2023-11-15 11:17:31.876558,0 days 00:00:00.577930,0.2,10,1.0,0.7000000000000001,2,57,COMPLETE
6459,6459,13600.0,2023-11-15 11:17:31.878812,2023-11-15 11:17:32.473010,0 days 00:00:00.594198,0.2,70,0.75,0.4,5,150,COMPLETE
6460,6460,13214.0,2023-11-15 11:17:32.475362,2023-11-15 11:17:33.086343,0 days 00:00:00.610981,0.1,10,0.75,0.9,40,143,COMPLETE
6461,6461,19359.75,2023-11-15 11:17:33.088818,2023-11-15 11:17:33.631420,0 days 00:00:00.542602,0.2,10,0.75,0.9,0,145,COMPLETE
6462,6462,5746.75,2023-11-15 11:17:33.634250,2023-11-15 11:17:34.302012,0 days 00:00:00.667762,0.2,20,1.0,0.5,2,137,COMPLETE
6463,6463,18510.25,2023-11-15 11:17:34.304460,2023-11-15 11:17:34.877685,0 days 00:00:00.573225,0.2,10,0.5,0.9,8,147,COMPLETE
6464,6464,18973.0,2023-11-15 11:17:34.879917,2023-11-15 11:17:35.425945,0 days 00:00:00.546028,0.2,10,0.75,0.9,3,141,COMPLETE
6465,6465,19359.75,2023-11-15 11:17:35.428218,2023-11-15 11:17:35.977997,0 days 00:00:00.549779,0.1,10,0.75,0.8,0,145,COMPLETE
6466,6466,18627.0,2023-11-15 11:17:35.980326,2023-11-15 11:17:36.542521,0 days 00:00:00.562195,0.2,10,0.75,0.9,13,150,COMPLETE
6467,6467,18992.75,2023-11-15 11:17:36.544668,2023-11-15 11:17:37.117560,0 days 00:00:00.572892,0.2,10,0.75,0.9,6,143,COMPLETE
6468,6468,18151.25,2023-11-15 11:17:37.119969,2023-11-15 11:17:37.697905,0 days 00:00:00.577936,0.30000000000000004,10,0.25,0.9,2,139,COMPLETE
6469,6469,19171.25,2023-11-15 11:17:37.700254,2023-11-15 11:17:38.247318,0 days 00:00:00.547064,0.1,10,1.0,0.9,4,147,COMPLETE
6470,6470,16574.75,2023-11-15 11:17:38.249926,2023-11-15 11:17:38.836083,0 days 00:00:00.586157,0.2,40,0.75,0.9,0,143,COMPLETE
6471,6471,13157.5,2023-11-15 11:17:38.838276,2023-11-15 11:17:39.430123,0 days 00:00:00.591847,0.2,100,1.25,0.9,10,147,COMPLETE
6472,6472,18393.5,2023-11-15 11:17:39.432599,2023-11-15 11:17:39.988181,0 days 00:00:00.555582,0.2,20,0.75,0.9,2,150,COMPLETE
6473,6473,15833.25,2023-11-15 11:17:39.990396,2023-11-15 11:17:40.561524,0 days 00:00:00.571128,0.2,60,0.75,0.9,4,145,COMPLETE
6474,6474,19171.5,2023-11-15 11:17:40.563672,2023-11-15 11:17:41.111014,0 days 00:00:00.547342,0.4,10,0.75,0.8,0,142,COMPLETE
6475,6475,19064.25,2023-11-15 11:17:41.113375,2023-11-15 11:17:41.675097,0 days 00:00:00.561722,0.1,10,0.75,0.9,6,135,COMPLETE
6476,6476,18926.25,2023-11-15 11:17:41.677231,2023-11-15 11:17:42.239150,0 days 00:00:00.561919,0.2,10,0.5,0.9,2,147,COMPLETE
6477,6477,19163.5,2023-11-15 11:17:42.241572,2023-11-15 11:17:42.817202,0 days 00:00:00.575630,0.2,10,1.0,0.9,4,140,COMPLETE
6478,6478,19359.75,2023-11-15 11:17:42.819735,2023-11-15 11:17:43.370567,0 days 00:00:00.550832,0.7000000000000001,10,0.75,0.1,0,145,COMPLETE
6479,6479,19082.5,2023-11-15 11:17:43.372709,2023-11-15 11:17:43.914701,0 days 00:00:00.541992,0.2,10,0.75,0.9,2,150,COMPLETE
6480,6480,13194.75,2023-11-15 11:17:43.917344,2023-11-15 11:17:44.518128,0 days 00:00:00.600784,0.2,90,1.25,0.9,6,140,COMPLETE
6481,6481,19166.0,2023-11-15 11:17:44.520259,2023-11-15 11:17:45.063137,0 days 00:00:00.542878,0.1,10,0.75,0.9,2,143,COMPLETE
6482,6482,19261.0,2023-11-15 11:17:45.065380,2023-11-15 11:17:45.615932,0 days 00:00:00.550552,0.2,10,0.75,0.9,0,147,COMPLETE
6483,6483,18199.75,2023-11-15 11:17:45.618621,2023-11-15 11:17:46.189989,0 days 00:00:00.571368,0.30000000000000004,20,0.75,0.8,4,138,COMPLETE
6484,6484,19149.5,2023-11-15 11:17:46.192239,2023-11-15 11:17:46.745080,0 days 00:00:00.552841,0.2,10,1.0,0.9,8,145,COMPLETE
6485,6485,19201.25,2023-11-15 11:17:46.747329,2023-11-15 11:17:47.304260,0 days 00:00:00.556931,0.2,10,0.75,0.9,2,148,COMPLETE
6486,6486,18940.25,2023-11-15 11:17:47.307148,2023-11-15 11:17:47.856537,0 days 00:00:00.549389,0.1,10,0.75,0.9,0,102,COMPLETE
6487,6487,5075.5,2023-11-15 11:17:47.858864,2023-11-15 11:17:48.553380,0 days 00:00:00.694516,0.2,10,1.75,0.6,4,143,COMPLETE
6488,6488,15067.75,2023-11-15 11:17:48.555598,2023-11-15 11:17:49.156590,0 days 00:00:00.600992,0.8,10,0.75,0.7000000000000001,2,147,COMPLETE
6489,6489,19066.25,2023-11-15 11:17:49.158764,2023-11-15 11:17:49.740847,0 days 00:00:00.582083,0.2,10,0.75,0.9,5,141,COMPLETE
6490,6490,19359.75,2023-11-15 11:17:49.743094,2023-11-15 11:17:50.297847,0 days 00:00:00.554753,0.2,10,1.25,0.30000000000000004,0,145,COMPLETE
6491,6491,14298.0,2023-11-15 11:17:50.300272,2023-11-15 11:17:50.897649,0 days 00:00:00.597377,0.1,10,0.5,0.5,7,150,COMPLETE
6492,6492,19261.0,2023-11-15 11:17:50.900329,2023-11-15 11:17:51.446136,0 days 00:00:00.545807,0.30000000000000004,10,1.5,0.8,3,143,COMPLETE
6493,6493,0.0,2023-11-15 11:17:51.448433,2023-11-15 11:17:52.017260,0 days 00:00:00.568827,0.2,10,0.75,0.9,0,19,COMPLETE
6494,6494,18647.5,2023-11-15 11:17:52.019916,2023-11-15 11:17:52.572432,0 days 00:00:00.552516,0.2,10,0.75,0.9,2,136,COMPLETE
6495,6495,15161.75,2023-11-15 11:17:52.574549,2023-11-15 11:17:53.163590,0 days 00:00:00.589041,0.2,20,1.0,0.4,5,147,COMPLETE
6496,6496,19082.5,2023-11-15 11:17:53.165999,2023-11-15 11:17:53.718114,0 days 00:00:00.552115,0.1,10,0.75,0.9,2,150,COMPLETE
6497,6497,18928.25,2023-11-15 11:17:53.720716,2023-11-15 11:17:54.276617,0 days 00:00:00.555901,0.2,10,0.25,0.9,10,140,COMPLETE
6498,6498,19359.75,2023-11-15 11:17:54.278777,2023-11-15 11:17:54.827971,0 days 00:00:00.549194,0.2,10,0.75,0.2,0,145,COMPLETE
6499,6499,11178.75,2023-11-15 11:17:54.830253,2023-11-15 11:17:55.452087,0 days 00:00:00.621834,0.2,10,1.0,0.9,95,142,COMPLETE
6500,6500,17759.75,2023-11-15 11:17:55.454343,2023-11-15 11:17:56.009725,0 days 00:00:00.555382,0.1,30,0.75,0.9,4,147,COMPLETE
6501,6501,19163.5,2023-11-15 11:17:56.011943,2023-11-15 11:17:56.591958,0 days 00:00:00.580015,0.2,10,0.75,0.9,2,144,COMPLETE
6502,6502,17170.5,2023-11-15 11:17:56.594151,2023-11-15 11:17:57.180784,0 days 00:00:00.586633,0.5,10,0.5,0.9,7,139,COMPLETE
6503,6503,19271.0,2023-11-15 11:17:57.183258,2023-11-15 11:17:57.742760,0 days 00:00:00.559502,0.2,10,0.75,0.9,0,148,COMPLETE
6504,6504,19261.0,2023-11-15 11:17:57.745010,2023-11-15 11:17:58.293649,0 days 00:00:00.548639,0.2,10,1.25,0.8,4,143,COMPLETE
6505,6505,19082.5,2023-11-15 11:17:58.296021,2023-11-15 11:17:58.845687,0 days 00:00:00.549666,0.2,10,0.75,0.9,2,150,COMPLETE
6506,6506,15710.5,2023-11-15 11:17:58.847834,2023-11-15 11:17:59.434754,0 days 00:00:00.586920,0.1,20,0.75,0.6,6,145,COMPLETE
6507,6507,19065.25,2023-11-15 11:17:59.436845,2023-11-15 11:18:00.006306,0 days 00:00:00.569461,0.2,10,0.75,0.9,0,137,COMPLETE
6508,6508,18903.5,2023-11-15 11:18:00.008967,2023-11-15 11:18:00.563735,0 days 00:00:00.554768,0.2,10,1.0,0.9,3,132,COMPLETE
6509,6509,18973.0,2023-11-15 11:18:00.565911,2023-11-15 11:18:01.125611,0 days 00:00:00.559700,0.2,10,0.75,0.9,2,141,COMPLETE
6510,6510,19261.0,2023-11-15 11:18:01.127804,2023-11-15 11:18:01.683707,0 days 00:00:00.555903,0.30000000000000004,10,0.75,0.9,0,147,COMPLETE
6511,6511,18493.25,2023-11-15 11:18:01.685927,2023-11-15 11:18:02.245624,0 days 00:00:00.559697,0.2,20,0.5,0.9,5,145,COMPLETE
6512,6512,19106.5,2023-11-15 11:18:02.247866,2023-11-15 11:18:02.795548,0 days 00:00:00.547682,0.1,10,0.75,0.9,3,150,COMPLETE
6513,6513,19066.25,2023-11-15 11:18:02.797841,2023-11-15 11:18:03.352204,0 days 00:00:00.554363,0.2,10,1.25,0.9,8,141,COMPLETE
6514,6514,19261.0,2023-11-15 11:18:03.354446,2023-11-15 11:18:03.934700,0 days 00:00:00.580254,0.2,10,0.75,0.8,4,147,COMPLETE
6515,6515,19261.0,2023-11-15 11:18:03.937117,2023-11-15 11:18:04.481607,0 days 00:00:00.544490,0.2,10,1.0,0.7000000000000001,0,144,COMPLETE
6516,6516,18981.0,2023-11-15 11:18:04.484381,2023-11-15 11:18:05.040076,0 days 00:00:00.555695,0.1,10,0.75,0.9,2,138,COMPLETE
6517,6517,16407.75,2023-11-15 11:18:05.042303,2023-11-15 11:18:05.633149,0 days 00:00:00.590846,0.2,50,0.25,0.9,6,147,COMPLETE
6518,6518,19261.0,2023-11-15 11:18:05.636432,2023-11-15 11:18:06.186982,0 days 00:00:00.550550,0.2,10,0.75,0.5,0,142,COMPLETE
6519,6519,19201.25,2023-11-15 11:18:06.189272,2023-11-15 11:18:06.747526,0 days 00:00:00.558254,0.2,10,0.75,0.9,2,148,COMPLETE
6520,6520,18795.75,2023-11-15 11:18:06.750073,2023-11-15 11:18:07.331021,0 days 00:00:00.580948,0.4,10,0.75,0.9,4,144,COMPLETE
6521,6521,19261.0,2023-11-15 11:18:07.333352,2023-11-15 11:18:07.888906,0 days 00:00:00.555554,0.1,10,0.75,0.8,0,150,COMPLETE
6522,6522,18785.25,2023-11-15 11:18:07.891122,2023-11-15 11:18:08.449355,0 days 00:00:00.558233,0.30000000000000004,10,1.25,0.9,2,141,COMPLETE
6523,6523,18970.75,2023-11-15 11:18:08.452105,2023-11-15 11:18:09.012473,0 days 00:00:00.560368,0.2,10,1.0,0.9,5,145,COMPLETE
6524,6524,18335.75,2023-11-15 11:18:09.014760,2023-11-15 11:18:09.579660,0 days 00:00:00.564900,0.2,20,0.75,0.9,9,139,COMPLETE
6525,6525,19065.0,2023-11-15 11:18:09.582221,2023-11-15 11:18:10.149447,0 days 00:00:00.567226,0.2,10,0.75,0.9,2,128,COMPLETE
6526,6526,9872.0,2023-11-15 11:18:10.152086,2023-11-15 11:18:10.745141,0 days 00:00:00.593055,0.1,10,0.5,0.4,34,84,COMPLETE
6527,6527,19261.0,2023-11-15 11:18:10.747441,2023-11-15 11:18:11.319620,0 days 00:00:00.572179,0.2,10,0.75,0.9,0,147,COMPLETE
6528,6528,18992.75,2023-11-15 11:18:11.321906,2023-11-15 11:18:11.885616,0 days 00:00:00.563710,0.2,10,0.75,0.9,4,143,COMPLETE
6529,6529,18079.0,2023-11-15 11:18:11.887841,2023-11-15 11:18:12.440663,0 days 00:00:00.552822,0.2,10,0.75,0.9,6,136,COMPLETE
6530,6530,18873.0,2023-11-15 11:18:12.442815,2023-11-15 11:18:12.999677,0 days 00:00:00.556862,0.30000000000000004,10,1.0,0.8,2,150,COMPLETE
6531,6531,19359.75,2023-11-15 11:18:13.002379,2023-11-15 11:18:13.542269,0 days 00:00:00.539890,0.1,10,0.75,0.9,0,145,COMPLETE
6532,6532,18187.25,2023-11-15 11:18:13.544586,2023-11-15 11:18:14.096344,0 days 00:00:00.551758,0.2,10,0.75,0.9,3,52,COMPLETE
6533,6533,19066.25,2023-11-15 11:18:14.098719,2023-11-15 11:18:14.673828,0 days 00:00:00.575109,0.2,10,1.25,0.9,7,141,COMPLETE
6534,6534,18554.5,2023-11-15 11:18:14.675914,2023-11-15 11:18:15.225627,0 days 00:00:00.549713,0.2,20,0.75,0.9,0,147,COMPLETE
6535,6535,18969.5,2023-11-15 11:18:15.227862,2023-11-15 11:18:15.783023,0 days 00:00:00.555161,0.1,10,2.0,0.9,4,144,COMPLETE
6536,6536,17391.25,2023-11-15 11:18:15.785765,2023-11-15 11:18:16.348152,0 days 00:00:00.562387,0.2,10,0.75,0.7000000000000001,14,148,COMPLETE
6537,6537,19161.25,2023-11-15 11:18:16.350913,2023-11-15 11:18:16.900055,0 days 00:00:00.549142,0.2,10,1.0,0.9,2,139,COMPLETE
6538,6538,18992.75,2023-11-15 11:18:16.902869,2023-11-15 11:18:17.458819,0 days 00:00:00.555950,0.2,10,0.75,0.9,2,143,COMPLETE
6539,6539,19163.5,2023-11-15 11:18:17.461073,2023-11-15 11:18:18.032225,0 days 00:00:00.571152,0.2,10,0.5,0.8,5,150,COMPLETE
6540,6540,19359.75,2023-11-15 11:18:18.035226,2023-11-15 11:18:18.581227,0 days 00:00:00.546001,0.1,10,0.75,0.9,0,145,COMPLETE
6541,6541,19261.0,2023-11-15 11:18:18.583964,2023-11-15 11:18:19.140564,0 days 00:00:00.556600,0.30000000000000004,10,0.75,0.9,4,147,COMPLETE
6542,6542,19066.25,2023-11-15 11:18:19.142667,2023-11-15 11:18:19.701412,0 days 00:00:00.558745,0.2,10,0.75,0.9,9,141,COMPLETE
6543,6543,18588.25,2023-11-15 11:18:19.703871,2023-11-15 11:18:20.263703,0 days 00:00:00.559832,0.2,20,1.0,0.9,2,145,COMPLETE
6544,6544,19261.0,2023-11-15 11:18:20.266241,2023-11-15 11:18:20.822700,0 days 00:00:00.556459,0.2,10,0.75,0.5,0,150,COMPLETE
6545,6545,18785.75,2023-11-15 11:18:20.824800,2023-11-15 11:18:21.401726,0 days 00:00:00.576926,0.1,10,1.25,0.9,7,136,COMPLETE
6546,6546,14114.75,2023-11-15 11:18:21.404200,2023-11-15 11:18:21.994064,0 days 00:00:00.589864,0.2,80,0.5,0.9,3,143,COMPLETE
6547,6547,19261.0,2023-11-15 11:18:21.996318,2023-11-15 11:18:22.553392,0 days 00:00:00.557074,0.2,10,0.75,0.9,0,147,COMPLETE
6548,6548,18750.0,2023-11-15 11:18:22.555552,2023-11-15 11:18:23.120960,0 days 00:00:00.565408,0.1,10,0.75,0.8,5,139,COMPLETE
6549,6549,18931.75,2023-11-15 11:18:23.123130,2023-11-15 11:18:23.673680,0 days 00:00:00.550550,0.2,10,0.75,0.9,2,107,COMPLETE
6550,6550,19182.75,2023-11-15 11:18:23.676050,2023-11-15 11:18:24.230473,0 days 00:00:00.554423,0.2,10,1.0,0.9,2,142,COMPLETE
6551,6551,17824.25,2023-11-15 11:18:24.233070,2023-11-15 11:18:24.832488,0 days 00:00:00.599418,0.2,10,0.25,0.9,11,147,COMPLETE
6552,6552,19359.75,2023-11-15 11:18:24.835386,2023-11-15 11:18:25.393011,0 days 00:00:00.557625,0.2,10,0.75,0.9,0,145,COMPLETE
6553,6553,17704.0,2023-11-15 11:18:25.395189,2023-11-15 11:18:25.995431,0 days 00:00:00.600242,0.5,20,0.75,0.9,6,150,COMPLETE
6554,6554,707.0,2023-11-15 11:18:25.997582,2023-11-15 11:18:26.639204,0 days 00:00:00.641622,0.2,10,0.75,0.6,4,37,COMPLETE
6555,6555,19067.0,2023-11-15 11:18:26.641655,2023-11-15 11:18:27.208876,0 days 00:00:00.567221,0.1,10,0.75,0.9,2,134,COMPLETE
6556,6556,19171.5,2023-11-15 11:18:27.211304,2023-11-15 11:18:27.774269,0 days 00:00:00.562965,0.2,10,0.75,0.9,0,141,COMPLETE
6557,6557,19261.0,2023-11-15 11:18:27.776754,2023-11-15 11:18:28.335125,0 days 00:00:00.558371,0.2,10,1.0,0.9,3,147,COMPLETE
6558,6558,18392.5,2023-11-15 11:18:28.337320,2023-11-15 11:18:28.897903,0 days 00:00:00.560583,0.30000000000000004,10,1.25,0.9,8,144,COMPLETE
6559,6559,16641.0,2023-11-15 11:18:28.901217,2023-11-15 11:18:29.456669,0 days 00:00:00.555452,0.2,40,0.75,0.8,5,91,COMPLETE
6560,6560,18969.25,2023-11-15 11:18:29.458874,2023-11-15 11:18:30.034660,0 days 00:00:00.575786,0.1,10,0.75,0.9,0,138,COMPLETE
6561,6561,18828.5,2023-11-15 11:18:30.037073,2023-11-15 11:18:30.603983,0 days 00:00:00.566910,0.2,10,0.5,0.9,2,143,COMPLETE
6562,6562,19261.0,2023-11-15 11:18:30.606224,2023-11-15 11:18:31.159787,0 days 00:00:00.553563,0.2,10,0.75,0.9,4,147,COMPLETE
6563,6563,19052.5,2023-11-15 11:18:31.162155,2023-11-15 11:18:31.729250,0 days 00:00:00.567095,0.4,10,0.75,0.9,0,150,COMPLETE
6564,6564,18378.5,2023-11-15 11:18:31.731442,2023-11-15 11:18:32.303404,0 days 00:00:00.571962,0.9,10,1.0,0.8,2,141,COMPLETE
6565,6565,16514.25,2023-11-15 11:18:32.305804,2023-11-15 11:18:32.882524,0 days 00:00:00.576720,0.2,10,0.75,0.5,6,145,COMPLETE
6566,6566,18554.0,2023-11-15 11:18:32.885448,2023-11-15 11:18:33.463855,0 days 00:00:00.578407,0.1,20,0.75,0.9,23,147,COMPLETE
6567,6567,15126.5,2023-11-15 11:18:33.466415,2023-11-15 11:18:34.058312,0 days 00:00:00.591897,0.30000000000000004,10,0.25,0.4,3,139,COMPLETE
6568,6568,19261.0,2023-11-15 11:18:34.060502,2023-11-15 11:18:34.635909,0 days 00:00:00.575407,0.2,10,0.75,0.30000000000000004,0,143,COMPLETE
6569,6569,19136.5,2023-11-15 11:18:34.638239,2023-11-15 11:18:35.195892,0 days 00:00:00.557653,0.2,10,0.75,0.9,4,148,COMPLETE
6570,6570,19265.0,2023-11-15 11:18:35.198171,2023-11-15 11:18:35.762287,0 days 00:00:00.564116,0.2,10,0.5,0.9,2,145,COMPLETE
6571,6571,18777.75,2023-11-15 11:18:35.764481,2023-11-15 11:18:36.330347,0 days 00:00:00.565866,0.1,10,1.25,0.9,8,150,COMPLETE
6572,6572,19163.75,2023-11-15 11:18:36.332597,2023-11-15 11:18:36.914734,0 days 00:00:00.582137,0.2,10,1.0,0.9,0,141,COMPLETE
6573,6573,19262.25,2023-11-15 11:18:36.917047,2023-11-15 11:18:37.473385,0 days 00:00:00.556338,0.2,10,0.75,0.9,6,145,COMPLETE
6574,6574,19261.0,2023-11-15 11:18:37.475535,2023-11-15 11:18:38.029196,0 days 00:00:00.553661,0.2,10,0.75,0.9,2,147,COMPLETE
6575,6575,14546.0,2023-11-15 11:18:38.031435,2023-11-15 11:18:38.618597,0 days 00:00:00.587162,0.2,70,0.75,0.7000000000000001,4,137,COMPLETE
6576,6576,18394.75,2023-11-15 11:18:38.621281,2023-11-15 11:18:39.180991,0 days 00:00:00.559710,0.1,20,0.75,0.9,0,143,COMPLETE
6577,6577,5325.75,2023-11-15 11:18:39.183459,2023-11-15 11:18:39.889369,0 days 00:00:00.705910,0.2,10,1.25,0.8,46,150,COMPLETE
6578,6578,18874.0,2023-11-15 11:18:39.891659,2023-11-15 11:18:40.447568,0 days 00:00:00.555909,0.2,10,1.5,0.9,2,141,COMPLETE
6579,6579,16438.0,2023-11-15 11:18:40.463056,2023-11-15 11:18:41.059826,0 days 00:00:00.596770,0.1,10,0.75,0.6,4,145,COMPLETE
6580,6580,18350.75,2023-11-15 11:18:41.062004,2023-11-15 11:18:41.623359,0 days 00:00:00.561355,0.6,10,0.75,0.9,0,147,COMPLETE
6581,6581,18968.5,2023-11-15 11:18:41.625519,2023-11-15 11:18:42.193544,0 days 00:00:00.568025,0.2,10,1.0,0.9,6,139,COMPLETE
6582,6582,18992.75,2023-11-15 11:18:42.196045,2023-11-15 11:18:42.768535,0 days 00:00:00.572490,0.2,10,0.75,0.9,2,143,COMPLETE
6583,6583,19359.75,2023-11-15 11:18:42.770799,2023-11-15 11:18:43.322588,0 days 00:00:00.551789,0.2,10,0.5,0.9,4,148,COMPLETE
6584,6584,18999.75,2023-11-15 11:18:43.325197,2023-11-15 11:18:43.906603,0 days 00:00:00.581406,0.30000000000000004,10,0.75,0.9,2,134,COMPLETE
6585,6585,19359.75,2023-11-15 11:18:43.908821,2023-11-15 11:18:44.466477,0 days 00:00:00.557656,0.2,10,0.75,0.9,0,145,COMPLETE
6586,6586,19091.5,2023-11-15 11:18:44.469219,2023-11-15 11:18:45.036448,0 days 00:00:00.567229,0.2,10,0.75,0.9,9,142,COMPLETE
6587,6587,17490.75,2023-11-15 11:18:45.038738,2023-11-15 11:18:45.618617,0 days 00:00:00.579879,0.2,20,0.75,0.9,29,148,COMPLETE
6588,6588,18872.5,2023-11-15 11:18:45.620794,2023-11-15 11:18:46.182547,0 days 00:00:00.561753,0.1,10,1.0,0.7000000000000001,6,150,COMPLETE
6589,6589,19006.5,2023-11-15 11:18:46.185614,2023-11-15 11:18:46.752580,0 days 00:00:00.566966,0.2,10,0.75,0.9,2,139,COMPLETE
6590,6590,18897.75,2023-11-15 11:18:46.754897,2023-11-15 11:18:47.321191,0 days 00:00:00.566294,0.2,10,0.75,0.8,4,145,COMPLETE
6591,6591,19197.5,2023-11-15 11:18:47.328435,2023-11-15 11:18:47.904741,0 days 00:00:00.576306,0.1,10,0.75,0.9,0,143,COMPLETE
6592,6592,17745.75,2023-11-15 11:18:47.907060,2023-11-15 11:18:48.473219,0 days 00:00:00.566159,0.2,30,1.0,0.9,2,148,COMPLETE
6593,6593,19261.0,2023-11-15 11:18:48.475427,2023-11-15 11:18:49.028113,0 days 00:00:00.552686,0.2,10,1.25,0.9,0,141,COMPLETE
6594,6594,18874.25,2023-11-15 11:18:49.030202,2023-11-15 11:18:49.602094,0 days 00:00:00.571892,0.1,10,0.75,0.9,7,145,COMPLETE
6595,6595,18831.0,2023-11-15 11:18:49.604562,2023-11-15 11:18:50.169861,0 days 00:00:00.565299,0.2,10,0.5,0.9,4,137,COMPLETE
6596,6596,19261.0,2023-11-15 11:18:50.172001,2023-11-15 11:18:50.730413,0 days 00:00:00.558412,0.2,10,0.75,0.9,26,147,COMPLETE
6597,6597,13004.5,2023-11-15 11:18:50.732680,2023-11-15 11:18:51.370467,0 days 00:00:00.637787,0.30000000000000004,10,0.75,0.1,2,150,COMPLETE
6598,6598,16534.25,2023-11-15 11:18:51.372643,2023-11-15 11:18:51.963063,0 days 00:00:00.590420,0.2,20,0.75,0.8,75,143,COMPLETE
6599,6599,19068.0,2023-11-15 11:18:51.965252,2023-11-15 11:18:52.536918,0 days 00:00:00.571666,0.2,10,0.75,0.9,11,145,COMPLETE
6600,6600,18821.75,2023-11-15 11:18:52.539126,2023-11-15 11:18:53.101169,0 days 00:00:00.562043,0.1,10,1.0,0.9,0,131,COMPLETE
6601,6601,11623.0,2023-11-15 11:18:53.103441,2023-11-15 11:18:53.727556,0 days 00:00:00.624115,0.2,10,0.75,0.5,4,140,COMPLETE
6602,6602,19201.25,2023-11-15 11:18:53.729801,2023-11-15 11:18:54.303141,0 days 00:00:00.573340,0.2,10,0.75,0.9,2,148,COMPLETE
6603,6603,18784.25,2023-11-15 11:18:54.305491,2023-11-15 11:18:54.921991,0 days 00:00:00.616500,0.2,10,0.25,0.9,6,143,COMPLETE
6604,6604,0.0,2023-11-15 11:18:54.924089,2023-11-15 11:18:55.587156,0 days 00:00:00.663067,0.2,10,0.75,0.9,0,62,COMPLETE
6605,6605,13380.75,2023-11-15 11:18:55.589486,2023-11-15 11:18:56.202270,0 days 00:00:00.612784,0.8,10,1.25,0.6,3,147,COMPLETE
6606,6606,15529.5,2023-11-15 11:18:56.204566,2023-11-15 11:18:56.788455,0 days 00:00:00.583889,0.1,60,0.75,0.9,5,150,COMPLETE
6607,6607,17071.75,2023-11-15 11:18:56.790720,2023-11-15 11:18:57.363567,0 days 00:00:00.572847,0.30000000000000004,20,0.75,0.30000000000000004,2,124,COMPLETE
6608,6608,18890.25,2023-11-15 11:18:57.365846,2023-11-15 11:18:57.936856,0 days 00:00:00.571010,0.2,10,0.5,0.8,8,140,COMPLETE
6609,6609,19359.75,2023-11-15 11:18:57.939133,2023-11-15 11:18:58.521701,0 days 00:00:00.582568,0.2,10,1.0,0.2,0,145,COMPLETE
6610,6610,19093.75,2023-11-15 11:18:58.523870,2023-11-15 11:18:59.092530,0 days 00:00:00.568660,0.2,10,0.75,0.9,4,142,COMPLETE
6611,6611,19161.25,2023-11-15 11:18:59.094700,2023-11-15 11:18:59.655690,0 days 00:00:00.560990,0.1,10,0.75,0.9,2,137,COMPLETE
6612,6612,19261.0,2023-11-15 11:18:59.658339,2023-11-15 11:19:00.218871,0 days 00:00:00.560532,0.2,10,1.25,0.9,0,147,COMPLETE
6613,6613,19292.25,2023-11-15 11:19:00.221557,2023-11-15 11:19:00.785282,0 days 00:00:00.563725,0.2,10,0.75,0.9,2,145,COMPLETE
6614,6614,17080.5,2023-11-15 11:19:00.787859,2023-11-15 11:19:01.359448,0 days 00:00:00.571589,0.4,10,0.75,0.4,6,150,COMPLETE
6615,6615,19093.75,2023-11-15 11:19:01.361866,2023-11-15 11:19:01.947753,0 days 00:00:00.585887,0.2,10,0.75,0.9,4,142,COMPLETE
6616,6616,18363.25,2023-11-15 11:19:01.950243,2023-11-15 11:19:02.512819,0 days 00:00:00.562576,0.1,20,1.0,0.9,0,145,COMPLETE
6617,6617,19006.5,2023-11-15 11:19:02.515084,2023-11-15 11:19:03.078609,0 days 00:00:00.563525,0.2,10,0.75,0.9,2,139,COMPLETE
6618,6618,16570.25,2023-11-15 11:19:03.080769,2023-11-15 11:19:03.658597,0 days 00:00:00.577828,0.2,50,0.75,0.9,4,147,COMPLETE
6619,6619,19261.0,2023-11-15 11:19:03.660785,2023-11-15 11:19:04.217582,0 days 00:00:00.556797,0.30000000000000004,10,0.75,0.9,0,143,COMPLETE
6620,6620,17095.5,2023-11-15 11:19:04.220231,2023-11-15 11:19:04.820783,0 days 00:00:00.600552,0.6,10,0.5,0.9,2,147,COMPLETE
