,number,value,datetime_start,datetime_complete,duration,params_alpha,params_decay_interval,params_decay_rate,params_gamma,params_initialization,params_max_steps,state
6783,6783,18394.5,2023-11-15 13:56:10.324656,2023-11-15 13:56:10.911463,0 days 00:00:00.586807,0.8,10,1.25,0.8,4,96,COMPLETE
6784,6784,584.0,2023-11-15 13:56:10.913952,2023-11-15 13:56:11.756106,0 days 00:00:00.842154,0.8,30,1.0,0.8,0,94,COMPLETE
6785,6785,18107.75,2023-11-15 13:56:11.758655,2023-11-15 13:56:12.357608,0 days 00:00:00.598953,0.9,20,1.5,0.8,16,100,COMPLETE
6786,6786,18212.5,2023-11-15 13:56:12.359963,2023-11-15 13:56:12.950288,0 days 00:00:00.590325,0.6,10,1.25,0.8,24,98,COMPLETE
6787,6787,18300.75,2023-11-15 13:56:12.953015,2023-11-15 13:56:13.543230,0 days 00:00:00.590215,0.8,10,1.25,0.9,6,96,COMPLETE
6788,6788,18120.25,2023-11-15 13:56:13.545471,2023-11-15 13:56:14.139992,0 days 00:00:00.594521,0.7000000000000001,10,1.75,0.8,21,98,COMPLETE
6789,6789,13720.25,2023-11-15 13:56:14.142483,2023-11-15 13:56:14.767168,0 days 00:00:00.624685,0.8,80,1.5,0.7000000000000001,12,100,COMPLETE
6790,6790,18023.5,2023-11-15 13:56:14.769896,2023-11-15 13:56:15.364106,0 days 00:00:00.594210,0.8,10,1.25,0.8,17,98,COMPLETE
6791,6791,17837.25,2023-11-15 13:56:15.366563,2023-11-15 13:56:15.966636,0 days 00:00:00.600073,0.8,10,1.25,0.8,8,95,COMPLETE
6792,6792,18492.5,2023-11-15 13:56:15.969635,2023-11-15 13:56:16.565985,0 days 00:00:00.596350,0.8,10,1.25,0.8,14,100,COMPLETE
6793,6793,18023.5,2023-11-15 13:56:16.568646,2023-11-15 13:56:17.159041,0 days 00:00:00.590395,0.8,10,1.25,0.8,19,98,COMPLETE
6794,6794,18218.0,2023-11-15 13:56:17.161751,2023-11-15 13:56:17.760709,0 days 00:00:00.598958,0.8,10,1.25,0.8,3,97,COMPLETE
6795,6795,17188.5,2023-11-15 13:56:17.762942,2023-11-15 13:56:18.364683,0 days 00:00:00.601741,0.5,20,1.5,0.8,22,92,COMPLETE
6796,6796,18394.5,2023-11-15 13:56:18.367010,2023-11-15 13:56:18.956937,0 days 00:00:00.589927,0.8,10,1.25,0.8,15,96,COMPLETE
6797,6797,18458.5,2023-11-15 13:56:18.959341,2023-11-15 13:56:19.554550,0 days 00:00:00.595209,0.8,10,1.0,0.8,11,100,COMPLETE
6798,6798,18400.0,2023-11-15 13:56:19.556725,2023-11-15 13:56:20.163395,0 days 00:00:00.606670,0.8,10,1.25,0.9,17,94,COMPLETE
6799,6799,17225.0,2023-11-15 13:56:20.165992,2023-11-15 13:56:20.790052,0 days 00:00:00.624060,0.8,10,0.25,0.8,5,98,COMPLETE
6800,6800,18492.5,2023-11-15 13:56:20.792418,2023-11-15 13:56:21.422308,0 days 00:00:00.629890,0.8,10,1.25,0.8,20,100,COMPLETE
6801,6801,18210.75,2023-11-15 13:56:21.425177,2023-11-15 13:56:22.124504,0 days 00:00:00.699327,0.8,10,1.25,0.7000000000000001,13,96,COMPLETE
6802,6802,17931.25,2023-11-15 13:56:22.127251,2023-11-15 13:56:22.818316,0 days 00:00:00.691065,0.9,10,1.5,0.8,9,98,COMPLETE
6803,6803,18322.0,2023-11-15 13:56:22.820801,2023-11-15 13:56:23.485239,0 days 00:00:00.664438,0.8,10,1.0,0.8,18,99,COMPLETE
6804,6804,18127.0,2023-11-15 13:56:23.487821,2023-11-15 13:56:24.155384,0 days 00:00:00.667563,0.8,10,1.25,0.8,69,97,COMPLETE
6805,6805,18492.5,2023-11-15 13:56:24.158352,2023-11-15 13:56:24.856215,0 days 00:00:00.697863,0.8,10,1.25,0.8,2,100,COMPLETE
6806,6806,18410.75,2023-11-15 13:56:24.858440,2023-11-15 13:56:25.503714,0 days 00:00:00.645274,0.8,10,1.25,0.8,15,94,COMPLETE
6807,6807,18306.5,2023-11-15 13:56:25.506221,2023-11-15 13:56:26.128620,0 days 00:00:00.622399,0.8,10,2.5,0.8,7,97,COMPLETE
6808,6808,13947.0,2023-11-15 13:56:26.132057,2023-11-15 13:56:26.772321,0 days 00:00:00.640264,0.7000000000000001,40,1.25,0.8,23,33,COMPLETE
6809,6809,18586.25,2023-11-15 13:56:26.774650,2023-11-15 13:56:27.403704,0 days 00:00:00.629054,0.8,10,1.25,0.9,11,99,COMPLETE
6810,6810,18202.0,2023-11-15 13:56:27.405977,2023-11-15 13:56:28.048848,0 days 00:00:00.642871,0.8,20,1.25,0.8,16,96,COMPLETE
6811,6811,17845.5,2023-11-15 13:56:28.051765,2023-11-15 13:56:28.710937,0 days 00:00:00.659172,0.4,10,1.25,0.8,18,100,COMPLETE
6812,6812,18022.0,2023-11-15 13:56:28.713144,2023-11-15 13:56:29.448635,0 days 00:00:00.735491,0.8,10,1.0,0.8,5,98,COMPLETE
6813,6813,17739.25,2023-11-15 13:56:29.451597,2023-11-15 13:56:30.073406,0 days 00:00:00.621809,0.8,10,1.5,0.7000000000000001,21,95,COMPLETE
6814,6814,15424.25,2023-11-15 13:56:30.075809,2023-11-15 13:56:30.721919,0 days 00:00:00.646110,0.8,60,1.25,0.8,13,98,COMPLETE
6815,6815,18307.0,2023-11-15 13:56:30.724104,2023-11-15 13:56:31.437910,0 days 00:00:00.713806,0.9,10,1.25,0.8,25,100,COMPLETE
6816,6816,18394.5,2023-11-15 13:56:31.440661,2023-11-15 13:56:32.124932,0 days 00:00:00.684271,0.8,10,1.25,0.8,8,96,COMPLETE
6817,6817,17666.25,2023-11-15 13:56:32.127430,2023-11-15 13:56:32.798558,0 days 00:00:00.671128,0.8,10,1.25,0.30000000000000004,15,93,COMPLETE
6818,6818,18115.75,2023-11-15 13:56:32.801297,2023-11-15 13:56:33.448140,0 days 00:00:00.646843,0.8,10,1.0,0.9,19,98,COMPLETE
6819,6819,18502.75,2023-11-15 13:56:33.450927,2023-11-15 13:56:34.101168,0 days 00:00:00.650241,0.7000000000000001,10,1.25,0.8,3,100,COMPLETE
6820,6820,199.5,2023-11-15 13:56:34.103874,2023-11-15 13:56:34.995844,0 days 00:00:00.891970,0.8,10,1.25,0.8,0,97,COMPLETE
6821,6821,17831.25,2023-11-15 13:56:34.998682,2023-11-15 13:56:35.649495,0 days 00:00:00.650813,0.8,10,1.5,0.8,17,95,COMPLETE
6822,6822,18023.5,2023-11-15 13:56:35.652458,2023-11-15 13:56:36.255429,0 days 00:00:00.602971,0.8,10,1.25,0.8,11,98,COMPLETE
6823,6823,18107.75,2023-11-15 13:56:36.257705,2023-11-15 13:56:36.882048,0 days 00:00:00.624343,0.8,20,1.75,0.8,20,100,COMPLETE
6824,6824,18213.0,2023-11-15 13:56:36.884907,2023-11-15 13:56:37.669817,0 days 00:00:00.784910,0.8,10,1.25,0.5,14,96,COMPLETE
6825,6825,17782.5,2023-11-15 13:56:37.673077,2023-11-15 13:56:38.346828,0 days 00:00:00.673751,0.8,20,1.0,0.8,9,98,COMPLETE
6826,6826,16195.25,2023-11-15 13:56:38.349575,2023-11-15 13:56:39.023843,0 days 00:00:00.674268,0.8,50,1.5,0.8,5,99,COMPLETE
6827,6827,18207.75,2023-11-15 13:56:39.027430,2023-11-15 13:56:39.653263,0 days 00:00:00.625833,0.8,10,1.25,0.8,16,93,COMPLETE
6828,6828,18307.0,2023-11-15 13:56:39.655720,2023-11-15 13:56:40.275578,0 days 00:00:00.619858,0.9,10,1.25,0.8,13,100,COMPLETE
6829,6829,18301.75,2023-11-15 13:56:40.279116,2023-11-15 13:56:40.901581,0 days 00:00:00.622465,0.8,10,1.25,0.8,19,96,COMPLETE
6830,6830,18209.5,2023-11-15 13:56:40.904232,2023-11-15 13:56:41.549183,0 days 00:00:00.644951,0.8,10,1.25,0.7000000000000001,22,98,COMPLETE
6831,6831,18218.0,2023-11-15 13:56:41.552036,2023-11-15 13:56:42.177956,0 days 00:00:00.625920,0.8,10,1.25,0.9,38,100,COMPLETE
6832,6832,18323.25,2023-11-15 13:56:42.180137,2023-11-15 13:56:42.836612,0 days 00:00:00.656475,0.8,10,1.0,0.8,7,97,COMPLETE
6833,6833,17015.5,2023-11-15 13:56:42.838963,2023-11-15 13:56:43.462102,0 days 00:00:00.623139,0.30000000000000004,10,1.25,0.8,2,95,COMPLETE
6834,6834,18398.5,2023-11-15 13:56:43.464320,2023-11-15 13:56:44.122608,0 days 00:00:00.658288,0.8,10,1.5,0.8,17,98,COMPLETE
6835,6835,18399.0,2023-11-15 13:56:44.124977,2023-11-15 13:56:44.749112,0 days 00:00:00.624135,0.8,10,1.25,0.8,11,100,COMPLETE
6836,6836,18218.0,2023-11-15 13:56:44.751833,2023-11-15 13:56:45.376212,0 days 00:00:00.624379,0.8,10,1.25,0.8,14,97,COMPLETE
6837,6837,18030.0,2023-11-15 13:56:45.378941,2023-11-15 13:56:46.003418,0 days 00:00:00.624477,0.8,20,1.25,0.9,4,94,COMPLETE
6838,6838,18303.75,2023-11-15 13:56:46.005884,2023-11-15 13:56:46.651168,0 days 00:00:00.645284,0.7000000000000001,10,2.0,0.8,18,99,COMPLETE
6839,6839,17655.25,2023-11-15 13:56:46.654152,2023-11-15 13:56:47.276212,0 days 00:00:00.622060,0.8,10,1.25,0.8,27,91,COMPLETE
6840,6840,18301.75,2023-11-15 13:56:47.278536,2023-11-15 13:56:47.891984,0 days 00:00:00.613448,0.8,10,1.25,0.8,21,96,COMPLETE
6841,6841,18022.0,2023-11-15 13:56:47.894487,2023-11-15 13:56:48.501836,0 days 00:00:00.607349,0.8,10,1.0,0.8,9,98,COMPLETE
6842,6842,18212.25,2023-11-15 13:56:48.505212,2023-11-15 13:56:49.109137,0 days 00:00:00.603925,0.8,10,1.25,0.7000000000000001,16,100,COMPLETE
6843,6843,18400.75,2023-11-15 13:56:49.111383,2023-11-15 13:56:49.723318,0 days 00:00:00.611935,0.9,10,1.5,0.8,24,97,COMPLETE
6844,6844,18112.5,2023-11-15 13:56:49.725599,2023-11-15 13:56:50.339080,0 days 00:00:00.613481,0.8,10,1.25,0.8,12,95,COMPLETE
6845,6845,18681.25,2023-11-15 13:56:50.341879,2023-11-15 13:56:50.976925,0 days 00:00:00.635046,0.8,10,1.25,0.8,6,99,COMPLETE
6846,6846,17752.75,2023-11-15 13:56:50.979331,2023-11-15 13:56:51.651424,0 days 00:00:00.672093,0.7000000000000001,10,1.25,0.4,20,98,COMPLETE
6847,6847,18399.75,2023-11-15 13:56:51.654273,2023-11-15 13:56:52.341430,0 days 00:00:00.687157,0.8,10,1.25,0.9,15,100,COMPLETE
6848,6848,199.5,2023-11-15 13:56:52.344144,2023-11-15 13:56:53.200879,0 days 00:00:00.856735,0.8,10,1.25,0.8,0,96,COMPLETE
6849,6849,18398.5,2023-11-15 13:56:53.203512,2023-11-15 13:56:53.801428,0 days 00:00:00.597916,0.8,10,1.5,0.8,17,98,COMPLETE
6850,6850,17560.75,2023-11-15 13:56:53.803825,2023-11-15 13:56:54.401015,0 days 00:00:00.597190,0.8,20,1.75,0.8,3,93,COMPLETE
6851,6851,18492.5,2023-11-15 13:56:54.403678,2023-11-15 13:56:55.006607,0 days 00:00:00.602929,0.8,10,1.25,0.8,10,100,COMPLETE
6852,6852,18218.0,2023-11-15 13:56:55.008972,2023-11-15 13:56:55.611990,0 days 00:00:00.603018,0.8,10,1.25,0.8,13,97,COMPLETE
6853,6853,12863.75,2023-11-15 13:56:55.615114,2023-11-15 13:56:56.249998,0 days 00:00:00.634884,0.8,90,1.0,0.7000000000000001,22,95,COMPLETE
6854,6854,18023.5,2023-11-15 13:56:56.252677,2023-11-15 13:56:56.864295,0 days 00:00:00.611618,0.8,10,1.25,0.8,7,98,COMPLETE
6855,6855,18398.25,2023-11-15 13:56:56.866668,2023-11-15 13:56:57.461978,0 days 00:00:00.595310,0.8,10,1.25,0.8,18,100,COMPLETE
6856,6856,18126.75,2023-11-15 13:56:57.464320,2023-11-15 13:56:58.058452,0 days 00:00:00.594132,0.8,20,1.0,0.8,5,96,COMPLETE
6857,6857,18209.5,2023-11-15 13:56:58.060825,2023-11-15 13:56:58.665811,0 days 00:00:00.604986,0.9,10,1.25,0.8,15,98,COMPLETE
6858,6858,18305.75,2023-11-15 13:56:58.668567,2023-11-15 13:56:59.274374,0 days 00:00:00.605807,0.8,10,1.5,0.8,19,100,COMPLETE
6859,6859,18023.5,2023-11-15 13:56:59.276893,2023-11-15 13:56:59.936994,0 days 00:00:00.660101,0.8,10,1.25,0.8,2,98,COMPLETE
6860,6860,18338.75,2023-11-15 13:56:59.939757,2023-11-15 13:57:00.544090,0 days 00:00:00.604333,0.7000000000000001,10,0.5,0.9,13,94,COMPLETE
6861,6861,18301.75,2023-11-15 13:57:00.547089,2023-11-15 13:57:01.156355,0 days 00:00:00.609266,0.8,10,1.25,0.7000000000000001,16,96,COMPLETE
6862,6862,18493.5,2023-11-15 13:57:01.158990,2023-11-15 13:57:01.773655,0 days 00:00:00.614665,0.8,10,2.75,0.8,10,100,COMPLETE
6863,6863,18023.5,2023-11-15 13:57:01.775889,2023-11-15 13:57:02.381812,0 days 00:00:00.605923,0.8,10,1.25,0.8,20,98,COMPLETE
6864,6864,18218.0,2023-11-15 13:57:02.384911,2023-11-15 13:57:02.984119,0 days 00:00:00.599208,0.8,10,1.25,0.8,6,97,COMPLETE
6865,6865,17275.0,2023-11-15 13:57:02.986856,2023-11-15 13:57:03.598846,0 days 00:00:00.611990,0.8,30,1.25,0.8,8,100,COMPLETE
6866,6866,12207.5,2023-11-15 13:57:03.601715,2023-11-15 13:57:04.204335,0 days 00:00:00.602620,0.8,10,1.0,0.8,23,21,COMPLETE
6867,6867,17837.25,2023-11-15 13:57:04.206598,2023-11-15 13:57:04.814541,0 days 00:00:00.607943,0.8,10,1.25,0.8,18,95,COMPLETE
6868,6868,18305.25,2023-11-15 13:57:04.817122,2023-11-15 13:57:05.409786,0 days 00:00:00.592664,0.8,10,1.5,0.8,12,98,COMPLETE
6869,6869,18586.25,2023-11-15 13:57:05.412324,2023-11-15 13:57:06.072333,0 days 00:00:00.660009,0.8,10,1.25,0.9,15,99,COMPLETE
6870,6870,18218.0,2023-11-15 13:57:06.074944,2023-11-15 13:57:06.812046,0 days 00:00:00.737102,0.8,10,1.25,0.8,3,97,COMPLETE
6871,6871,18396.25,2023-11-15 13:57:06.814545,2023-11-15 13:57:07.410900,0 days 00:00:00.596355,0.9,10,1.25,0.8,21,93,COMPLETE
6872,6872,16366.75,2023-11-15 13:57:07.413211,2023-11-15 13:57:08.022721,0 days 00:00:00.609510,0.8,20,1.25,0.8,17,57,COMPLETE
6873,6873,18306.0,2023-11-15 13:57:08.024967,2023-11-15 13:57:08.633293,0 days 00:00:00.608326,0.8,10,1.5,0.7000000000000001,14,100,COMPLETE
6874,6874,18022.25,2023-11-15 13:57:08.637744,2023-11-15 13:57:09.238110,0 days 00:00:00.600366,0.8,10,1.25,0.8,4,73,COMPLETE
6875,6875,17969.5,2023-11-15 13:57:09.240862,2023-11-15 13:57:09.848898,0 days 00:00:00.608036,0.8,10,1.0,0.8,64,96,COMPLETE
6876,6876,18303.75,2023-11-15 13:57:09.851640,2023-11-15 13:57:10.447385,0 days 00:00:00.595745,0.7000000000000001,10,1.25,0.8,9,98,COMPLETE
6877,6877,18024.0,2023-11-15 13:57:10.449695,2023-11-15 13:57:11.043670,0 days 00:00:00.593975,0.8,10,1.75,0.9,20,100,COMPLETE
6878,6878,17006.0,2023-11-15 13:57:11.046158,2023-11-15 13:57:11.670700,0 days 00:00:00.624542,0.8,10,1.25,0.8,25,52,COMPLETE
6879,6879,17837.25,2023-11-15 13:57:11.673213,2023-11-15 13:57:12.273895,0 days 00:00:00.600682,0.8,10,1.25,0.8,11,95,COMPLETE
6880,6880,199.5,2023-11-15 13:57:12.277408,2023-11-15 13:57:13.152518,0 days 00:00:00.875110,0.8,10,1.25,0.8,0,98,COMPLETE
6881,6881,17111.75,2023-11-15 13:57:13.155153,2023-11-15 13:57:13.759989,0 days 00:00:00.604836,0.8,20,1.25,0.2,16,96,COMPLETE
6882,6882,18306.5,2023-11-15 13:57:13.762298,2023-11-15 13:57:14.360587,0 days 00:00:00.598289,0.8,10,1.5,0.8,18,100,COMPLETE
6883,6883,18302.25,2023-11-15 13:57:14.362975,2023-11-15 13:57:14.973295,0 days 00:00:00.610320,0.9,10,1.25,0.8,7,98,COMPLETE
6884,6884,17761.25,2023-11-15 13:57:14.975806,2023-11-15 13:57:15.581961,0 days 00:00:00.606155,0.8,10,1.0,0.8,13,91,COMPLETE
6885,6885,18218.0,2023-11-15 13:57:15.586074,2023-11-15 13:57:16.188193,0 days 00:00:00.602119,0.8,10,1.25,0.8,30,97,COMPLETE
6886,6886,18212.25,2023-11-15 13:57:16.190462,2023-11-15 13:57:16.792595,0 days 00:00:00.602133,0.7000000000000001,10,1.25,0.8,22,94,COMPLETE
6887,6887,18120.75,2023-11-15 13:57:16.794840,2023-11-15 13:57:17.396124,0 days 00:00:00.601284,0.8,10,1.25,0.7000000000000001,16,99,COMPLETE
6888,6888,15742.5,2023-11-15 13:57:17.398467,2023-11-15 13:57:18.008139,0 days 00:00:00.609672,0.8,20,2.25,0.6,19,62,COMPLETE
6889,6889,18492.5,2023-11-15 13:57:18.010578,2023-11-15 13:57:18.606559,0 days 00:00:00.595981,0.8,10,1.25,0.8,5,100,COMPLETE
6890,6890,18594.75,2023-11-15 13:57:18.608821,2023-11-15 13:57:19.207684,0 days 00:00:00.598863,0.8,10,1.0,0.8,2,96,COMPLETE
6891,6891,18265.25,2023-11-15 13:57:19.209868,2023-11-15 13:57:19.845187,0 days 00:00:00.635319,0.8,10,1.25,0.9,11,98,COMPLETE
6892,6892,16538.0,2023-11-15 13:57:19.847375,2023-11-15 13:57:20.496680,0 days 00:00:00.649305,0.8,40,1.5,0.8,14,100,COMPLETE
6893,6893,18218.0,2023-11-15 13:57:20.499348,2023-11-15 13:57:21.194883,0 days 00:00:00.695535,0.8,10,1.25,0.8,18,97,COMPLETE
6894,6894,17197.5,2023-11-15 13:57:21.198120,2023-11-15 13:57:21.865048,0 days 00:00:00.666928,0.8,10,1.25,0.8,7,65,COMPLETE
6895,6895,18397.25,2023-11-15 13:57:21.867733,2023-11-15 13:57:22.467960,0 days 00:00:00.600227,0.9,10,1.25,0.8,15,94,COMPLETE
6896,6896,17919.25,2023-11-15 13:57:22.470642,2023-11-15 13:57:23.071000,0 days 00:00:00.600358,0.8,20,1.25,0.8,20,99,COMPLETE
6897,6897,18395.25,2023-11-15 13:57:23.073255,2023-11-15 13:57:23.684002,0 days 00:00:00.610747,0.8,10,1.5,0.8,4,96,COMPLETE
6898,6898,18033.25,2023-11-15 13:57:23.686267,2023-11-15 13:57:24.284666,0 days 00:00:00.598399,0.8,10,1.25,0.8,23,98,COMPLETE
6899,6899,17933.0,2023-11-15 13:57:24.287405,2023-11-15 13:57:24.897771,0 days 00:00:00.610366,0.7000000000000001,10,1.25,0.8,12,85,COMPLETE
6900,6900,18209.75,2023-11-15 13:57:24.900274,2023-11-15 13:57:25.522680,0 days 00:00:00.622406,0.8,10,1.5,0.8,9,99,COMPLETE
6901,6901,17655.5,2023-11-15 13:57:25.528559,2023-11-15 13:57:26.148329,0 days 00:00:00.619770,0.5,10,1.25,0.8,17,96,COMPLETE
6902,6902,18306.25,2023-11-15 13:57:26.151051,2023-11-15 13:57:26.769116,0 days 00:00:00.618065,0.8,10,1.25,0.9,2,100,COMPLETE
6903,6903,18323.25,2023-11-15 13:57:26.771351,2023-11-15 13:57:27.373237,0 days 00:00:00.601886,0.8,10,1.0,0.8,14,97,COMPLETE
6904,6904,18213.75,2023-11-15 13:57:27.375566,2023-11-15 13:57:27.985131,0 days 00:00:00.609565,0.8,10,1.25,0.7000000000000001,20,92,COMPLETE
6905,6905,18023.5,2023-11-15 13:57:27.987586,2023-11-15 13:57:28.601866,0 days 00:00:00.614280,0.8,10,1.25,0.8,6,98,COMPLETE
6906,6906,17924.25,2023-11-15 13:57:28.604288,2023-11-15 13:57:29.219092,0 days 00:00:00.614804,0.8,20,1.0,0.8,10,100,COMPLETE
6907,6907,18400.0,2023-11-15 13:57:29.221758,2023-11-15 13:57:29.827553,0 days 00:00:00.605795,0.8,10,1.25,0.9,16,94,COMPLETE
6908,6908,18116.5,2023-11-15 13:57:29.829860,2023-11-15 13:57:30.426901,0 days 00:00:00.597041,0.6,10,1.25,0.8,18,98,COMPLETE
6909,6909,18394.5,2023-11-15 13:57:30.429246,2023-11-15 13:57:31.027872,0 days 00:00:00.598626,0.8,10,1.25,0.8,13,96,COMPLETE
6910,6910,18399.0,2023-11-15 13:57:31.031045,2023-11-15 13:57:31.643241,0 days 00:00:00.612196,0.8,10,1.25,0.8,22,100,COMPLETE
6911,6911,17863.25,2023-11-15 13:57:31.645770,2023-11-15 13:57:32.264396,0 days 00:00:00.618626,0.9,10,0.75,0.8,8,95,COMPLETE
6912,6912,18305.25,2023-11-15 13:57:32.267095,2023-11-15 13:57:32.874653,0 days 00:00:00.607558,0.8,10,1.5,0.8,4,98,COMPLETE
6913,6913,18210.75,2023-11-15 13:57:32.877096,2023-11-15 13:57:33.501448,0 days 00:00:00.624352,0.8,10,1.75,0.8,26,100,COMPLETE
6914,6914,18308.75,2023-11-15 13:57:33.503730,2023-11-15 13:57:34.117086,0 days 00:00:00.613356,0.8,10,1.25,0.7000000000000001,15,97,COMPLETE
6915,6915,18022.0,2023-11-15 13:57:34.119321,2023-11-15 13:57:34.734359,0 days 00:00:00.615038,0.8,10,1.0,0.8,1,98,COMPLETE
6916,6916,17837.25,2023-11-15 13:57:34.736773,2023-11-15 13:57:35.411936,0 days 00:00:00.675163,0.8,10,1.25,0.8,19,95,COMPLETE
6917,6917,18492.5,2023-11-15 13:57:35.415505,2023-11-15 13:57:36.135342,0 days 00:00:00.719837,0.8,10,1.25,0.8,16,100,COMPLETE
6918,6918,18218.25,2023-11-15 13:57:36.138225,2023-11-15 13:57:36.881212,0 days 00:00:00.742987,0.8,10,1.25,0.9,11,97,COMPLETE
6919,6919,17549.75,2023-11-15 13:57:36.883763,2023-11-15 13:57:37.508117,0 days 00:00:00.624354,0.8,20,1.25,0.8,33,78,COMPLETE
6920,6920,18211.25,2023-11-15 13:57:37.510447,2023-11-15 13:57:38.109085,0 days 00:00:00.598638,0.7000000000000001,10,1.25,0.8,24,98,COMPLETE
6921,6921,18492.5,2023-11-15 13:57:38.111343,2023-11-15 13:57:38.712038,0 days 00:00:00.600695,0.8,10,1.25,0.8,6,100,COMPLETE
6922,6922,18301.5,2023-11-15 13:57:38.714418,2023-11-15 13:57:39.314825,0 days 00:00:00.600407,0.8,10,1.5,0.8,17,96,COMPLETE
6923,6923,18396.25,2023-11-15 13:57:39.317836,2023-11-15 13:57:39.928740,0 days 00:00:00.610904,0.9,10,1.25,0.8,21,93,COMPLETE
6924,6924,18023.5,2023-11-15 13:57:39.931036,2023-11-15 13:57:40.527782,0 days 00:00:00.596746,0.8,10,1.25,0.8,13,98,COMPLETE
6925,6925,17924.25,2023-11-15 13:57:40.530069,2023-11-15 13:57:41.134971,0 days 00:00:00.604902,0.8,20,1.0,0.8,19,100,COMPLETE
6926,6926,15145.25,2023-11-15 13:57:41.137412,2023-11-15 13:57:41.762694,0 days 00:00:00.625282,0.8,60,1.25,0.7000000000000001,8,95,COMPLETE
6927,6927,199.5,2023-11-15 13:57:41.765202,2023-11-15 13:57:42.627207,0 days 00:00:00.862005,0.8,10,1.5,0.9,0,98,COMPLETE
6928,6928,17932.75,2023-11-15 13:57:42.629746,2023-11-15 13:57:43.239856,0 days 00:00:00.610110,0.7000000000000001,10,1.25,0.8,41,96,COMPLETE
6929,6929,16584.75,2023-11-15 13:57:43.242091,2023-11-15 13:57:43.883762,0 days 00:00:00.641671,0.8,10,1.0,0.8,4,69,COMPLETE
6930,6930,18212.75,2023-11-15 13:57:43.886148,2023-11-15 13:57:44.491605,0 days 00:00:00.605457,0.8,10,1.25,0.6,12,99,COMPLETE
6931,6931,18399.0,2023-11-15 13:57:44.493872,2023-11-15 13:57:45.082975,0 days 00:00:00.589103,0.8,10,1.25,0.8,17,100,COMPLETE
6932,6932,18218.0,2023-11-15 13:57:45.085559,2023-11-15 13:57:45.692289,0 days 00:00:00.606730,0.8,10,1.25,0.8,15,97,COMPLETE
6933,6933,14810.0,2023-11-15 13:57:45.694483,2023-11-15 13:57:46.320665,0 days 00:00:00.626182,0.2,50,2.0,0.7000000000000001,10,94,COMPLETE
6934,6934,18305.25,2023-11-15 13:57:46.323113,2023-11-15 13:57:46.926793,0 days 00:00:00.603680,0.8,10,1.5,0.8,21,98,COMPLETE
6935,6935,18492.5,2023-11-15 13:57:46.929168,2023-11-15 13:57:47.539591,0 days 00:00:00.610423,0.8,10,1.25,0.8,5,100,COMPLETE
6936,6936,17567.75,2023-11-15 13:57:47.541844,2023-11-15 13:57:48.147369,0 days 00:00:00.605525,0.4,10,1.25,0.8,14,75,COMPLETE
6937,6937,18207.75,2023-11-15 13:57:48.150089,2023-11-15 13:57:48.760550,0 days 00:00:00.610461,0.9,10,1.25,0.8,19,96,COMPLETE
6938,6938,14669.25,2023-11-15 13:57:48.762964,2023-11-15 13:57:49.391261,0 days 00:00:00.628297,0.8,70,1.25,0.8,2,98,COMPLETE
6939,6939,17919.25,2023-11-15 13:57:49.393481,2023-11-15 13:57:50.039002,0 days 00:00:00.645521,0.8,20,1.5,0.8,18,99,COMPLETE
6940,6940,18300.75,2023-11-15 13:57:50.042000,2023-11-15 13:57:50.683516,0 days 00:00:00.641516,0.8,10,1.25,0.9,16,96,COMPLETE
6941,6941,18401.0,2023-11-15 13:57:50.686720,2023-11-15 13:57:51.407888,0 days 00:00:00.721168,0.8,10,1.0,0.8,23,100,COMPLETE
6942,6942,12442.25,2023-11-15 13:57:51.410829,2023-11-15 13:57:52.063451,0 days 00:00:00.652622,0.8,100,1.25,0.8,8,93,COMPLETE
6943,6943,18399.75,2023-11-15 13:57:52.066305,2023-11-15 13:57:52.675780,0 days 00:00:00.609475,0.7000000000000001,10,1.25,0.8,12,97,COMPLETE
6944,6944,18023.5,2023-11-15 13:57:52.678581,2023-11-15 13:57:53.283161,0 days 00:00:00.604580,0.8,10,1.25,0.8,14,98,COMPLETE
6945,6945,18398.25,2023-11-15 13:57:53.286145,2023-11-15 13:57:53.914697,0 days 00:00:00.628552,0.8,10,1.25,0.8,21,100,COMPLETE
6946,6946,17561.0,2023-11-15 13:57:53.917241,2023-11-15 13:57:54.529104,0 days 00:00:00.611863,0.8,10,1.0,0.8,10,95,COMPLETE
6947,6947,18023.5,2023-11-15 13:57:54.531327,2023-11-15 13:57:55.132778,0 days 00:00:00.601451,0.8,10,1.25,0.8,6,98,COMPLETE
6948,6948,18399.75,2023-11-15 13:57:55.135191,2023-11-15 13:57:55.751867,0 days 00:00:00.616676,0.8,10,1.5,0.8,17,97,COMPLETE
6949,6949,18210.75,2023-11-15 13:57:55.754777,2023-11-15 13:57:56.392529,0 days 00:00:00.637752,0.8,10,1.75,0.8,19,100,COMPLETE
6950,6950,18119.75,2023-11-15 13:57:56.395029,2023-11-15 13:57:57.002206,0 days 00:00:00.607177,0.8,10,1.25,0.7000000000000001,14,89,COMPLETE
6951,6951,17003.0,2023-11-15 13:57:57.004737,2023-11-15 13:57:57.621469,0 days 00:00:00.616732,0.8,20,1.25,0.9,2,95,COMPLETE
