,number,value,datetime_start,datetime_complete,duration,params_alpha,params_decay_interval,params_decay_rate,params_gamma,params_initialization,params_max_steps,state
6952,6952,17939.75,2023-11-15 13:57:57.623755,2023-11-15 13:57:58.290182,0 days 00:00:00.666427,0.8,10,1.25,0.8,73,99,COMPLETE
6953,6953,18218.0,2023-11-15 13:57:58.292668,2023-11-15 13:57:58.981761,0 days 00:00:00.689093,0.8,10,1.25,0.8,9,97,COMPLETE
6954,6954,18461.25,2023-11-15 13:57:58.984501,2023-11-15 13:57:59.624160,0 days 00:00:00.639659,0.9,10,1.0,0.8,4,100,COMPLETE
6955,6955,17760.25,2023-11-15 13:57:59.626418,2023-11-15 13:58:00.256507,0 days 00:00:00.630089,0.8,10,1.25,0.30000000000000004,16,98,COMPLETE
6956,6956,18030.0,2023-11-15 13:58:00.258794,2023-11-15 13:58:00.873645,0 days 00:00:00.614851,0.8,20,1.25,0.8,25,94,COMPLETE
6957,6957,18302.0,2023-11-15 13:58:00.875946,2023-11-15 13:58:01.503590,0 days 00:00:00.627644,0.7000000000000001,10,1.5,0.8,21,96,COMPLETE
6958,6958,18399.25,2023-11-15 13:58:01.505885,2023-11-15 13:58:02.131530,0 days 00:00:00.625645,0.8,10,1.25,0.9,12,92,COMPLETE
6959,6959,18022.0,2023-11-15 13:58:02.134184,2023-11-15 13:58:02.767586,0 days 00:00:00.633402,0.8,10,1.0,0.8,7,98,COMPLETE
6960,6960,18398.25,2023-11-15 13:58:02.770342,2023-11-15 13:58:03.378859,0 days 00:00:00.608517,0.8,10,1.25,0.8,18,100,COMPLETE
6961,6961,18394.5,2023-11-15 13:58:03.381168,2023-11-15 13:58:04.000720,0 days 00:00:00.619552,0.8,10,1.25,0.8,14,96,COMPLETE
6962,6962,18023.5,2023-11-15 13:58:04.003420,2023-11-15 13:58:04.693076,0 days 00:00:00.689656,0.8,10,1.25,0.8,28,98,COMPLETE
6963,6963,18212.25,2023-11-15 13:58:04.695322,2023-11-15 13:58:05.343578,0 days 00:00:00.648256,0.8,10,1.25,0.7000000000000001,23,100,COMPLETE
6964,6964,18023.5,2023-11-15 13:58:05.346683,2023-11-15 13:58:06.071823,0 days 00:00:00.725140,0.8,10,1.25,0.8,16,98,COMPLETE
6965,6965,18025.0,2023-11-15 13:58:06.074498,2023-11-15 13:58:06.763998,0 days 00:00:00.689500,0.8,10,1.5,0.5,20,96,COMPLETE
6966,6966,199.5,2023-11-15 13:58:06.766993,2023-11-15 13:58:07.645452,0 days 00:00:00.878459,0.9,10,1.25,0.8,0,94,COMPLETE
6967,6967,18492.5,2023-11-15 13:58:07.647722,2023-11-15 13:58:08.258952,0 days 00:00:00.611230,0.8,10,1.25,0.8,3,100,COMPLETE
6968,6968,17565.75,2023-11-15 13:58:08.261360,2023-11-15 13:58:08.867609,0 days 00:00:00.606249,0.8,30,1.25,0.8,18,98,COMPLETE
6969,6969,17665.75,2023-11-15 13:58:08.870271,2023-11-15 13:58:09.487331,0 days 00:00:00.617060,0.8,10,1.25,0.1,10,96,COMPLETE
6970,6970,18358.75,2023-11-15 13:58:09.490163,2023-11-15 13:58:10.139042,0 days 00:00:00.648879,0.7000000000000001,10,1.0,0.8,6,99,COMPLETE
6971,6971,18218.0,2023-11-15 13:58:10.142150,2023-11-15 13:58:10.810012,0 days 00:00:00.667862,0.8,10,1.25,0.8,13,97,COMPLETE
6972,6972,14694.75,2023-11-15 13:58:10.812212,2023-11-15 13:58:11.474070,0 days 00:00:00.661858,0.8,20,1.5,0.9,16,40,COMPLETE
6973,6973,18399.0,2023-11-15 13:58:11.476936,2023-11-15 13:58:12.096835,0 days 00:00:00.619899,0.8,10,1.25,0.8,11,100,COMPLETE
6974,6974,18486.25,2023-11-15 13:58:12.099538,2023-11-15 13:58:12.749082,0 days 00:00:00.649544,0.8,10,1.25,0.8,5,94,COMPLETE
6975,6975,18399.0,2023-11-15 13:58:12.751421,2023-11-15 13:58:13.417261,0 days 00:00:00.665840,0.8,10,1.75,0.8,20,98,COMPLETE
6976,6976,18492.5,2023-11-15 13:58:13.419560,2023-11-15 13:58:14.033152,0 days 00:00:00.613592,0.8,10,1.25,0.8,8,100,COMPLETE
6977,6977,18323.25,2023-11-15 13:58:14.036049,2023-11-15 13:58:14.656336,0 days 00:00:00.620287,0.8,10,1.0,0.8,15,97,COMPLETE
6978,6978,17831.25,2023-11-15 13:58:14.658699,2023-11-15 13:58:15.266848,0 days 00:00:00.608149,0.8,10,1.5,0.8,18,95,COMPLETE
6979,6979,17206.75,2023-11-15 13:58:15.269062,2023-11-15 13:58:15.942236,0 days 00:00:00.673174,0.8,20,1.25,0.7000000000000001,56,98,COMPLETE
6980,6980,18399.75,2023-11-15 13:58:15.944997,2023-11-15 13:58:16.601821,0 days 00:00:00.656824,0.8,10,1.25,0.9,22,100,COMPLETE
6981,6981,13219.5,2023-11-15 13:58:16.604669,2023-11-15 13:58:17.259034,0 days 00:00:00.654365,0.9,90,1.25,0.8,3,90,COMPLETE
6982,6982,18214.5,2023-11-15 13:58:17.261480,2023-11-15 13:58:17.913964,0 days 00:00:00.652484,0.6,10,1.25,0.8,12,96,COMPLETE
6983,6983,16650.25,2023-11-15 13:58:17.916337,2023-11-15 13:58:18.532446,0 days 00:00:00.616109,0.8,10,1.25,0.8,17,60,COMPLETE
6984,6984,18023.5,2023-11-15 13:58:18.535015,2023-11-15 13:58:19.172351,0 days 00:00:00.637336,0.8,10,1.25,0.8,14,98,COMPLETE
6985,6985,16190.75,2023-11-15 13:58:19.174833,2023-11-15 13:58:19.823645,0 days 00:00:00.648812,0.7000000000000001,10,1.5,0.8,19,36,COMPLETE
6986,6986,18492.5,2023-11-15 13:58:19.826261,2023-11-15 13:58:20.540012,0 days 00:00:00.713751,0.8,10,1.25,0.8,7,100,COMPLETE
6987,6987,18156.5,2023-11-15 13:58:20.542817,2023-11-15 13:58:21.259606,0 days 00:00:00.716789,0.8,10,1.0,0.7000000000000001,9,92,COMPLETE
6988,6988,18023.5,2023-11-15 13:58:21.262453,2023-11-15 13:58:21.974574,0 days 00:00:00.712121,0.8,10,1.25,0.8,24,98,COMPLETE
6989,6989,18394.5,2023-11-15 13:58:21.976832,2023-11-15 13:58:22.625885,0 days 00:00:00.649053,0.8,10,1.25,0.8,5,96,COMPLETE
6990,6990,17919.25,2023-11-15 13:58:22.628397,2023-11-15 13:58:23.248561,0 days 00:00:00.620164,0.8,20,1.25,0.8,2,99,COMPLETE
6991,6991,18121.75,2023-11-15 13:58:23.251554,2023-11-15 13:58:23.888177,0 days 00:00:00.636623,0.9,10,1.25,0.9,78,94,COMPLETE
6992,6992,18218.0,2023-11-15 13:58:23.890440,2023-11-15 13:58:24.498833,0 days 00:00:00.608393,0.8,10,1.25,0.8,15,97,COMPLETE
6993,6993,18306.5,2023-11-15 13:58:24.501191,2023-11-15 13:58:25.110680,0 days 00:00:00.609489,0.8,10,1.5,0.8,21,100,COMPLETE
6994,6994,18023.5,2023-11-15 13:58:25.114118,2023-11-15 13:58:25.719324,0 days 00:00:00.605206,0.8,10,1.25,0.8,17,98,COMPLETE
6995,6995,18394.5,2023-11-15 13:58:25.721597,2023-11-15 13:58:26.339655,0 days 00:00:00.618058,0.8,10,1.25,0.8,13,96,COMPLETE
6996,6996,18458.5,2023-11-15 13:58:26.342065,2023-11-15 13:58:26.947975,0 days 00:00:00.605910,0.8,10,1.0,0.8,11,100,COMPLETE
6997,6997,18023.5,2023-11-15 13:58:26.950965,2023-11-15 13:58:27.583906,0 days 00:00:00.632941,0.8,10,1.25,0.8,19,98,COMPLETE
6998,6998,17648.5,2023-11-15 13:58:27.586171,2023-11-15 13:58:28.303487,0 days 00:00:00.717316,0.8,20,1.75,0.8,17,83,COMPLETE
6999,6999,17837.5,2023-11-15 13:58:28.305735,2023-11-15 13:58:28.948568,0 days 00:00:00.642833,0.7000000000000001,10,1.25,0.8,4,95,COMPLETE
7000,7000,18028.5,2023-11-15 13:58:28.950952,2023-11-15 13:58:29.598621,0 days 00:00:00.647669,0.8,10,1.0,0.7000000000000001,22,98,COMPLETE
7001,7001,199.5,2023-11-15 13:58:29.601516,2023-11-15 13:58:30.507117,0 days 00:00:00.905601,0.8,10,1.5,0.9,0,100,COMPLETE
7002,7002,18394.5,2023-11-15 13:58:30.510140,2023-11-15 13:58:31.192638,0 days 00:00:00.682498,0.8,10,1.25,0.8,15,96,COMPLETE
7003,7003,17830.75,2023-11-15 13:58:31.194929,2023-11-15 13:58:31.820225,0 days 00:00:00.625296,0.8,20,1.25,0.8,9,98,COMPLETE
7004,7004,18301.75,2023-11-15 13:58:31.822585,2023-11-15 13:58:32.427645,0 days 00:00:00.605060,0.9,10,1.25,0.6,6,93,COMPLETE
7005,7005,17744.5,2023-11-15 13:58:32.429940,2023-11-15 13:58:33.038201,0 days 00:00:00.608261,0.8,10,1.25,0.8,12,80,COMPLETE
7006,7006,18492.5,2023-11-15 13:58:33.040527,2023-11-15 13:58:33.652646,0 days 00:00:00.612119,0.8,10,1.25,0.8,20,100,COMPLETE
7007,7007,18214.5,2023-11-15 13:58:33.655120,2023-11-15 13:58:34.270021,0 days 00:00:00.614901,0.8,10,1.5,0.8,26,97,COMPLETE
7008,7008,18112.5,2023-11-15 13:58:34.272490,2023-11-15 13:58:34.881744,0 days 00:00:00.609254,0.8,10,1.25,0.8,15,95,COMPLETE
7009,7009,18322.0,2023-11-15 13:58:34.884148,2023-11-15 13:58:35.548468,0 days 00:00:00.664320,0.8,10,1.0,0.8,18,99,COMPLETE
7010,7010,18218.0,2023-11-15 13:58:35.552451,2023-11-15 13:58:36.270187,0 days 00:00:00.717736,0.8,10,1.25,0.8,3,97,COMPLETE
7011,7011,18061.0,2023-11-15 13:58:36.273381,2023-11-15 13:58:37.013046,0 days 00:00:00.739665,0.8,10,0.75,0.9,45,100,COMPLETE
7012,7012,18023.5,2023-11-15 13:58:37.015518,2023-11-15 13:58:37.676474,0 days 00:00:00.660956,0.7000000000000001,10,1.25,0.7000000000000001,7,98,COMPLETE
7013,7013,17834.5,2023-11-15 13:58:37.679063,2023-11-15 13:58:38.306509,0 days 00:00:00.627446,0.8,10,0.25,0.8,10,96,COMPLETE
7014,7014,18681.25,2023-11-15 13:58:38.308967,2023-11-15 13:58:38.912501,0 days 00:00:00.603534,0.8,10,1.25,0.8,13,99,COMPLETE
7015,7015,18027.25,2023-11-15 13:58:38.914844,2023-11-15 13:58:39.523928,0 days 00:00:00.609084,0.8,10,1.0,0.8,16,94,COMPLETE
7016,7016,18493.25,2023-11-15 13:58:39.526260,2023-11-15 13:58:40.147025,0 days 00:00:00.620765,0.8,10,2.0,0.8,20,100,COMPLETE
7017,7017,18218.0,2023-11-15 13:58:40.149757,2023-11-15 13:58:40.761557,0 days 00:00:00.611800,0.8,10,1.25,0.8,2,97,COMPLETE
7018,7018,18023.5,2023-11-15 13:58:40.764113,2023-11-15 13:58:41.407153,0 days 00:00:00.643040,0.8,10,1.25,0.8,17,98,COMPLETE
7019,7019,17927.0,2023-11-15 13:58:41.409526,2023-11-15 13:58:42.023184,0 days 00:00:00.613658,0.8,20,1.25,0.7000000000000001,23,96,COMPLETE
7020,7020,13720.25,2023-11-15 13:58:42.025463,2023-11-15 13:58:42.661801,0 days 00:00:00.636338,0.7000000000000001,80,1.5,0.8,14,100,COMPLETE
7021,7021,18118.5,2023-11-15 13:58:42.664030,2023-11-15 13:58:43.270029,0 days 00:00:00.605999,0.8,10,1.25,0.4,5,98,COMPLETE
7022,7022,18397.25,2023-11-15 13:58:43.273086,2023-11-15 13:58:43.895831,0 days 00:00:00.622745,0.9,10,1.25,0.8,19,94,COMPLETE
7023,7023,18023.5,2023-11-15 13:58:43.898282,2023-11-15 13:58:44.514646,0 days 00:00:00.616364,0.8,10,1.25,0.8,8,98,COMPLETE
7024,7024,18400.0,2023-11-15 13:58:44.517188,2023-11-15 13:58:45.124067,0 days 00:00:00.606879,0.8,10,1.5,0.9,11,100,COMPLETE
7025,7025,14058.0,2023-11-15 13:58:45.126367,2023-11-15 13:58:45.773354,0 days 00:00:00.646987,0.1,10,1.25,0.8,22,96,COMPLETE
7026,7026,17830.75,2023-11-15 13:58:45.775662,2023-11-15 13:58:46.393001,0 days 00:00:00.617339,0.8,20,1.25,0.8,16,98,COMPLETE
7027,7027,18266.5,2023-11-15 13:58:46.395387,2023-11-15 13:58:47.006673,0 days 00:00:00.611286,0.8,10,1.0,0.8,36,100,COMPLETE
7028,7028,18394.5,2023-11-15 13:58:47.008930,2023-11-15 13:58:47.649984,0 days 00:00:00.641054,0.8,10,1.25,0.8,13,96,COMPLETE
7029,7029,17938.5,2023-11-15 13:58:47.652465,2023-11-15 13:58:48.261214,0 days 00:00:00.608749,0.8,10,1.0,0.8,18,94,COMPLETE
7030,7030,17002.0,2023-11-15 13:58:48.263575,2023-11-15 13:58:48.873076,0 days 00:00:00.609501,0.8,40,1.25,0.9,4,98,COMPLETE
7031,7031,18493.5,2023-11-15 13:58:48.875495,2023-11-15 13:58:49.489916,0 days 00:00:00.614421,0.8,10,2.75,0.8,1,100,COMPLETE
7032,7032,18301.5,2023-11-15 13:58:49.492247,2023-11-15 13:58:50.098048,0 days 00:00:00.605801,0.8,10,1.5,0.8,20,96,COMPLETE
7033,7033,18023.5,2023-11-15 13:58:50.100992,2023-11-15 13:58:50.751121,0 days 00:00:00.650129,0.8,10,1.25,0.8,15,98,COMPLETE
7034,7034,18210.75,2023-11-15 13:58:50.754082,2023-11-15 13:58:51.420694,0 days 00:00:00.666612,0.8,10,1.75,0.8,7,100,COMPLETE
7035,7035,18397.5,2023-11-15 13:58:51.423088,2023-11-15 13:58:52.039624,0 days 00:00:00.616536,0.8,10,2.25,0.8,11,92,COMPLETE
7036,7036,16226.25,2023-11-15 13:58:52.041866,2023-11-15 13:58:52.683416,0 days 00:00:00.641550,0.5,10,1.25,0.30000000000000004,87,97,COMPLETE
7037,7037,17838.25,2023-11-15 13:58:52.686376,2023-11-15 13:58:53.315920,0 days 00:00:00.629544,0.9,10,1.25,0.8,52,95,COMPLETE
7038,7038,18308.0,2023-11-15 13:58:53.318717,2023-11-15 13:58:53.924861,0 days 00:00:00.606144,0.8,10,1.25,0.8,48,99,COMPLETE
7039,7039,18027.75,2023-11-15 13:58:53.927081,2023-11-15 13:58:54.535150,0 days 00:00:00.608069,0.8,10,1.5,0.7000000000000001,9,98,COMPLETE
7040,7040,17746.25,2023-11-15 13:58:54.537652,2023-11-15 13:58:55.159088,0 days 00:00:00.621436,0.8,20,1.25,0.5,13,96,COMPLETE
7041,7041,18492.5,2023-11-15 13:58:55.161327,2023-11-15 13:58:55.785737,0 days 00:00:00.624410,0.8,10,1.25,0.8,16,100,COMPLETE
7042,7042,18022.0,2023-11-15 13:58:55.788472,2023-11-15 13:58:56.406922,0 days 00:00:00.618450,0.8,10,1.0,0.8,24,98,COMPLETE
7043,7043,18301.75,2023-11-15 13:58:56.409275,2023-11-15 13:58:57.016273,0 days 00:00:00.606998,0.8,10,1.25,0.9,21,93,COMPLETE
7044,7044,18218.0,2023-11-15 13:58:57.018724,2023-11-15 13:58:57.640732,0 days 00:00:00.622008,0.8,10,1.25,0.8,18,97,COMPLETE
7045,7045,18488.5,2023-11-15 13:58:57.643369,2023-11-15 13:58:58.258323,0 days 00:00:00.614954,0.7000000000000001,10,1.25,0.8,5,100,COMPLETE
7046,7046,16930.75,2023-11-15 13:58:58.260533,2023-11-15 13:58:58.886034,0 days 00:00:00.625501,0.30000000000000004,10,1.25,0.8,14,95,COMPLETE
7047,7047,16201.5,2023-11-15 13:58:58.888264,2023-11-15 13:58:59.538553,0 days 00:00:00.650289,0.8,50,1.25,0.8,18,98,COMPLETE
7048,7048,17092.5,2023-11-15 13:58:59.540997,2023-11-15 13:59:00.158096,0 days 00:00:00.617099,0.8,10,1.25,0.8,2,43,COMPLETE
7049,7049,18107.75,2023-11-15 13:59:00.160407,2023-11-15 13:59:00.766221,0 days 00:00:00.605814,0.9,20,1.5,0.8,10,100,COMPLETE
7050,7050,18323.25,2023-11-15 13:59:00.769177,2023-11-15 13:59:01.396905,0 days 00:00:00.627728,0.8,10,1.0,0.8,20,97,COMPLETE
7051,7051,99.75,2023-11-15 13:59:01.399678,2023-11-15 13:59:02.116889,0 days 00:00:00.717211,0.8,10,1.25,0.7000000000000001,0,47,COMPLETE
7052,7052,18398.25,2023-11-15 13:59:02.119161,2023-11-15 13:59:02.728596,0 days 00:00:00.609435,0.7000000000000001,10,1.25,0.9,16,99,COMPLETE
7053,7053,17837.25,2023-11-15 13:59:02.730897,2023-11-15 13:59:03.341006,0 days 00:00:00.610109,0.8,10,1.25,0.8,7,95,COMPLETE
7054,7054,18023.5,2023-11-15 13:59:03.343698,2023-11-15 13:59:03.970008,0 days 00:00:00.626310,0.8,10,1.25,0.8,12,98,COMPLETE
7055,7055,18305.75,2023-11-15 13:59:03.972412,2023-11-15 13:59:04.581436,0 days 00:00:00.609024,0.8,10,1.5,0.8,4,100,COMPLETE
7056,7056,18301.75,2023-11-15 13:59:04.583733,2023-11-15 13:59:05.290854,0 days 00:00:00.707121,0.8,10,1.25,0.8,22,96,COMPLETE
7057,7057,14217.75,2023-11-15 13:59:05.293649,2023-11-15 13:59:06.072673,0 days 00:00:00.779024,0.8,10,1.75,0.8,17,27,COMPLETE
7058,7058,17830.75,2023-11-15 13:59:06.075486,2023-11-15 13:59:06.747585,0 days 00:00:00.672099,0.8,20,1.25,0.8,15,98,COMPLETE
7059,7059,18207.75,2023-11-15 13:59:06.750142,2023-11-15 13:59:07.365311,0 days 00:00:00.615169,0.8,10,1.25,0.8,6,93,COMPLETE
7060,7060,18401.0,2023-11-15 13:59:07.367736,2023-11-15 13:59:07.990499,0 days 00:00:00.622763,0.8,10,1.0,0.8,19,100,COMPLETE
7061,7061,18399.75,2023-11-15 13:59:07.992834,2023-11-15 13:59:08.601069,0 days 00:00:00.608235,0.8,10,1.5,0.8,13,97,COMPLETE
7062,7062,18210.75,2023-11-15 13:59:08.603706,2023-11-15 13:59:09.219531,0 days 00:00:00.615825,0.9,10,1.25,0.7000000000000001,8,96,COMPLETE
7063,7063,18587.75,2023-11-15 13:59:09.221841,2023-11-15 13:59:09.829080,0 days 00:00:00.607239,0.8,10,1.25,0.9,26,99,COMPLETE
7064,7064,17655.25,2023-11-15 13:59:09.831703,2023-11-15 13:59:10.451291,0 days 00:00:00.619588,0.8,10,1.25,0.8,10,91,COMPLETE
7065,7065,15253.0,2023-11-15 13:59:10.453637,2023-11-15 13:59:11.080458,0 days 00:00:00.626821,0.8,60,1.25,0.8,17,94,COMPLETE
7066,7066,18023.5,2023-11-15 13:59:11.083127,2023-11-15 13:59:11.722073,0 days 00:00:00.638946,0.8,10,1.25,0.8,3,98,COMPLETE
7067,7067,18027.0,2023-11-15 13:59:11.724335,2023-11-15 13:59:12.365405,0 days 00:00:00.641070,0.7000000000000001,10,1.0,0.8,21,100,COMPLETE
7068,7068,18301.75,2023-11-15 13:59:12.368211,2023-11-15 13:59:13.025819,0 days 00:00:00.657608,0.8,10,1.25,0.8,24,96,COMPLETE
7069,7069,17830.75,2023-11-15 13:59:13.028230,2023-11-15 13:59:13.646291,0 days 00:00:00.618061,0.8,20,1.25,0.8,15,98,COMPLETE
7070,7070,18306.25,2023-11-15 13:59:13.648685,2023-11-15 13:59:14.261466,0 days 00:00:00.612781,0.8,10,1.25,0.8,31,100,COMPLETE
7071,7071,18399.75,2023-11-15 13:59:14.263862,2023-11-15 13:59:14.880070,0 days 00:00:00.616208,0.8,10,1.5,0.8,12,97,COMPLETE
7072,7072,17658.75,2023-11-15 13:59:14.882763,2023-11-15 13:59:15.523640,0 days 00:00:00.640877,0.8,10,1.0,0.9,19,95,COMPLETE
7073,7073,17565.75,2023-11-15 13:59:15.525951,2023-11-15 13:59:16.147888,0 days 00:00:00.621937,0.9,30,1.25,0.8,14,98,COMPLETE
7074,7074,18399.0,2023-11-15 13:59:16.150833,2023-11-15 13:59:16.772455,0 days 00:00:00.621622,0.8,10,1.25,0.8,17,100,COMPLETE
7075,7075,14669.25,2023-11-15 13:59:16.774902,2023-11-15 13:59:17.419525,0 days 00:00:00.644623,0.8,70,1.25,0.8,8,98,COMPLETE
7076,7076,17739.25,2023-11-15 13:59:17.421847,2023-11-15 13:59:18.036746,0 days 00:00:00.614899,0.8,10,1.5,0.7000000000000001,4,95,COMPLETE
7077,7077,18492.5,2023-11-15 13:59:18.039392,2023-11-15 13:59:18.683953,0 days 00:00:00.644561,0.8,10,1.25,0.8,6,100,COMPLETE
7078,7078,18308.5,2023-11-15 13:59:18.686756,2023-11-15 13:59:19.314886,0 days 00:00:00.628130,0.8,10,1.25,0.6,20,97,COMPLETE
7079,7079,18681.25,2023-11-15 13:59:19.318383,2023-11-15 13:59:19.935929,0 days 00:00:00.617546,0.8,10,1.25,0.8,2,99,COMPLETE
7080,7080,18497.5,2023-11-15 13:59:19.939789,2023-11-15 13:59:20.666227,0 days 00:00:00.726438,0.8,10,1.0,0.8,11,96,COMPLETE
7081,7081,17304.5,2023-11-15 13:59:20.669237,2023-11-15 13:59:21.420207,0 days 00:00:00.750970,0.8,10,1.25,0.2,18,94,COMPLETE
7082,7082,16814.5,2023-11-15 13:59:21.423330,2023-11-15 13:59:22.084964,0 days 00:00:00.661634,0.8,20,1.25,0.9,14,50,COMPLETE
7083,7083,18025.5,2023-11-15 13:59:22.087369,2023-11-15 13:59:22.717857,0 days 00:00:00.630488,0.7000000000000001,10,1.5,0.8,9,98,COMPLETE
7084,7084,18219.25,2023-11-15 13:59:22.720090,2023-11-15 13:59:23.337318,0 days 00:00:00.617228,0.8,10,1.25,0.8,23,87,COMPLETE
7085,7085,18492.5,2023-11-15 13:59:23.340142,2023-11-15 13:59:23.958584,0 days 00:00:00.618442,0.8,10,1.25,0.8,16,100,COMPLETE
7086,7086,18295.75,2023-11-15 13:59:23.960798,2023-11-15 13:59:24.606759,0 days 00:00:00.645961,0.8,10,1.25,0.7000000000000001,21,97,COMPLETE
7087,7087,18304.75,2023-11-15 13:59:24.609188,2023-11-15 13:59:25.222601,0 days 00:00:00.613413,0.8,10,1.75,0.8,5,99,COMPLETE
7088,7088,199.5,2023-11-15 13:59:25.225079,2023-11-15 13:59:26.086941,0 days 00:00:00.861862,0.8,10,1.25,0.8,0,96,COMPLETE
7089,7089,9325.0,2023-11-15 13:59:26.089235,2023-11-15 13:59:26.695566,0 days 00:00:00.606331,0.8,10,1.25,0.8,13,16,COMPLETE
7090,7090,18361.0,2023-11-15 13:59:26.698244,2023-11-15 13:59:27.317032,0 days 00:00:00.618788,0.9,10,1.0,0.8,18,100,COMPLETE
7091,7091,17947.75,2023-11-15 13:59:27.319344,2023-11-15 13:59:27.934649,0 days 00:00:00.615305,0.8,20,1.25,0.8,15,92,COMPLETE
7092,7092,18121.25,2023-11-15 13:59:27.937010,2023-11-15 13:59:28.560673,0 days 00:00:00.623663,0.6,10,1.25,0.8,11,98,COMPLETE
7093,7093,18399.75,2023-11-15 13:59:28.562969,2023-11-15 13:59:29.175064,0 days 00:00:00.612095,0.8,10,1.5,0.8,3,97,COMPLETE
7094,7094,18209.5,2023-11-15 13:59:29.177766,2023-11-15 13:59:29.795721,0 days 00:00:00.617955,0.7000000000000001,10,1.25,0.9,19,94,COMPLETE
7095,7095,18492.5,2023-11-15 13:59:29.798719,2023-11-15 13:59:30.412424,0 days 00:00:00.613705,0.8,10,1.25,0.8,6,100,COMPLETE
7096,7096,18023.5,2023-11-15 13:59:30.414940,2023-11-15 13:59:31.052596,0 days 00:00:00.637656,0.8,10,1.25,0.8,17,98,COMPLETE
7097,7097,18126.75,2023-11-15 13:59:31.054963,2023-11-15 13:59:31.668728,0 days 00:00:00.613765,0.8,20,1.0,0.8,22,96,COMPLETE
7098,7098,17661.5,2023-11-15 13:59:31.671908,2023-11-15 13:59:32.301823,0 days 00:00:00.629915,0.4,10,1.5,0.8,28,99,COMPLETE
7099,7099,17837.25,2023-11-15 13:59:32.304245,2023-11-15 13:59:32.917527,0 days 00:00:00.613282,0.8,10,1.25,0.8,8,95,COMPLETE
7100,7100,18027.75,2023-11-15 13:59:32.920920,2023-11-15 13:59:33.542275,0 days 00:00:00.621355,0.8,10,1.25,0.7000000000000001,15,100,COMPLETE
7101,7101,18023.5,2023-11-15 13:59:33.544587,2023-11-15 13:59:34.160595,0 days 00:00:00.616008,0.8,10,1.25,0.8,12,98,COMPLETE
7102,7102,18217.25,2023-11-15 13:59:34.163426,2023-11-15 13:59:34.826193,0 days 00:00:00.662767,0.8,10,1.25,0.9,20,97,COMPLETE
7103,7103,18401.0,2023-11-15 13:59:34.828479,2023-11-15 13:59:35.470695,0 days 00:00:00.642216,0.8,10,1.0,0.8,10,100,COMPLETE
7104,7104,18023.5,2023-11-15 13:59:35.473528,2023-11-15 13:59:36.245862,0 days 00:00:00.772334,0.8,10,1.25,0.8,17,98,COMPLETE
7105,7105,18207.75,2023-11-15 13:59:36.248612,2023-11-15 13:59:36.858322,0 days 00:00:00.609710,0.9,10,1.25,0.8,2,96,COMPLETE
7106,7106,18307.0,2023-11-15 13:59:36.860769,2023-11-15 13:59:37.487084,0 days 00:00:00.626315,0.8,10,1.5,0.8,15,94,COMPLETE
7107,7107,17830.75,2023-11-15 13:59:37.489315,2023-11-15 13:59:38.106763,0 days 00:00:00.617448,0.8,20,1.25,0.8,13,98,COMPLETE
7108,7108,18492.5,2023-11-15 13:59:38.109080,2023-11-15 13:59:38.722285,0 days 00:00:00.613205,0.8,10,1.25,0.8,19,100,COMPLETE
7109,7109,16380.0,2023-11-15 13:59:38.724928,2023-11-15 13:59:39.335416,0 days 00:00:00.610488,0.8,10,1.25,0.8,5,54,COMPLETE
7110,7110,18488.75,2023-11-15 13:59:39.337783,2023-11-15 13:59:39.960495,0 days 00:00:00.622712,0.8,10,1.75,0.9,22,96,COMPLETE
7111,7111,18211.25,2023-11-15 13:59:39.962773,2023-11-15 13:59:40.587804,0 days 00:00:00.625031,0.7000000000000001,10,1.25,0.8,24,98,COMPLETE
7112,7112,18263.75,2023-11-15 13:59:40.590159,2023-11-15 13:59:41.205803,0 days 00:00:00.615644,0.8,10,1.25,0.7000000000000001,7,100,COMPLETE
7113,7113,18497.5,2023-11-15 13:59:41.208394,2023-11-15 13:59:41.831619,0 days 00:00:00.623225,0.8,10,1.0,0.8,17,96,COMPLETE
7114,7114,18207.75,2023-11-15 13:59:41.834238,2023-11-15 13:59:42.463999,0 days 00:00:00.629761,0.8,10,1.25,0.8,9,93,COMPLETE
7115,7115,18023.5,2023-11-15 13:59:42.466678,2023-11-15 13:59:43.079192,0 days 00:00:00.612514,0.8,10,1.25,0.8,14,98,COMPLETE
7116,7116,18305.75,2023-11-15 13:59:43.081918,2023-11-15 13:59:43.712433,0 days 00:00:00.630515,0.8,10,1.5,0.8,4,100,COMPLETE
7117,7117,17830.75,2023-11-15 13:59:43.715256,2023-11-15 13:59:44.351127,0 days 00:00:00.635871,0.8,20,1.25,0.8,20,98,COMPLETE
7118,7118,17837.5,2023-11-15 13:59:44.353488,2023-11-15 13:59:44.977025,0 days 00:00:00.623537,0.7000000000000001,10,1.25,0.8,16,95,COMPLETE
7119,7119,199.5,2023-11-15 13:59:44.979326,2023-11-15 13:59:45.847805,0 days 00:00:00.868479,0.8,10,1.25,0.9,0,97,COMPLETE
7120,7120,18307.0,2023-11-15 13:59:45.850492,2023-11-15 13:59:46.467953,0 days 00:00:00.617461,0.9,10,1.25,0.8,12,100,COMPLETE
