,number,value,datetime_start,datetime_complete,duration,params_alpha,params_decay_interval,params_decay_rate,params_gamma,params_initialization,params_max_steps,state
2725,2725,18974.25,2023-11-15 10:50:03.745218,2023-11-15 10:50:04.017856,0 days 00:00:00.272638,0.4,10,0.75,0.7000000000000001,4,145,COMPLETE
2726,2726,18837.5,2023-11-15 10:50:04.019364,2023-11-15 10:50:04.296157,0 days 00:00:00.276793,0.2,10,0.75,0.9,0,133,COMPLETE
2727,2727,19072.5,2023-11-15 10:50:04.297682,2023-11-15 10:50:04.574456,0 days 00:00:00.276774,0.2,10,0.75,0.6,2,147,COMPLETE
2728,2728,18948.75,2023-11-15 10:50:04.575828,2023-11-15 10:50:04.854193,0 days 00:00:00.278365,0.1,10,0.75,0.9,7,140,COMPLETE
2729,2729,19050.0,2023-11-15 10:50:04.856105,2023-11-15 10:50:05.122436,0 days 00:00:00.266331,0.2,10,1.0,0.9,2,143,COMPLETE
2730,2730,12335.25,2023-11-15 10:50:05.123931,2023-11-15 10:50:05.484626,0 days 00:00:00.360695,0.7000000000000001,10,0.75,0.9,4,147,COMPLETE
2731,2731,16290.0,2023-11-15 10:50:05.486071,2023-11-15 10:50:05.773656,0 days 00:00:00.287585,0.2,50,0.5,0.9,0,150,COMPLETE
2732,2732,19292.25,2023-11-15 10:50:05.774999,2023-11-15 10:50:06.041895,0 days 00:00:00.266896,0.2,10,0.75,0.9,2,145,COMPLETE
2733,2733,17199.0,2023-11-15 10:50:06.043230,2023-11-15 10:50:06.332177,0 days 00:00:00.288947,0.2,10,0.75,0.5,5,141,COMPLETE
2734,2734,18129.0,2023-11-15 10:50:06.333903,2023-11-15 10:50:06.614142,0 days 00:00:00.280239,0.2,20,1.25,0.30000000000000004,0,137,COMPLETE
2735,2735,15910.75,2023-11-15 10:50:06.615553,2023-11-15 10:50:06.923495,0 days 00:00:00.307942,0.1,10,0.75,0.8,46,145,COMPLETE
2736,2736,19173.0,2023-11-15 10:50:06.924979,2023-11-15 10:50:07.201174,0 days 00:00:00.276195,0.2,10,0.75,0.9,8,148,COMPLETE
2737,2737,18992.75,2023-11-15 10:50:07.202582,2023-11-15 10:50:07.512461,0 days 00:00:00.309879,0.30000000000000004,10,0.75,0.9,3,143,COMPLETE
2738,2738,19261.0,2023-11-15 10:50:07.514137,2023-11-15 10:50:07.785050,0 days 00:00:00.270913,0.2,10,1.0,0.9,0,140,COMPLETE
2739,2739,13932.25,2023-11-15 10:50:07.786394,2023-11-15 10:50:08.108586,0 days 00:00:00.322192,0.2,10,0.75,0.4,4,150,COMPLETE
2740,2740,18970.75,2023-11-15 10:50:08.110206,2023-11-15 10:50:08.391862,0 days 00:00:00.281656,0.1,10,1.25,0.8,2,147,COMPLETE
2741,2741,18016.75,2023-11-15 10:50:08.393413,2023-11-15 10:50:08.677117,0 days 00:00:00.283704,0.2,20,0.5,0.9,6,144,COMPLETE
2742,2742,18972.0,2023-11-15 10:50:08.678847,2023-11-15 10:50:08.954955,0 days 00:00:00.276108,0.2,10,0.75,0.9,11,142,COMPLETE
2743,2743,19172.25,2023-11-15 10:50:08.956447,2023-11-15 10:50:09.226370,0 days 00:00:00.269923,0.30000000000000004,10,1.0,0.9,0,147,COMPLETE
2744,2744,18774.25,2023-11-15 10:50:09.227831,2023-11-15 10:50:09.514482,0 days 00:00:00.286651,0.1,10,0.25,0.9,2,138,COMPLETE
2745,2745,18791.75,2023-11-15 10:50:09.515859,2023-11-15 10:50:09.792891,0 days 00:00:00.277032,0.2,10,0.75,0.9,4,144,COMPLETE
2746,2746,19082.5,2023-11-15 10:50:09.794272,2023-11-15 10:50:10.063552,0 days 00:00:00.269280,0.2,10,0.75,0.9,2,150,COMPLETE
2747,2747,13969.5,2023-11-15 10:50:10.065052,2023-11-15 10:50:10.383957,0 days 00:00:00.318905,0.2,10,0.75,0.7000000000000001,62,145,COMPLETE
2748,2748,18884.25,2023-11-15 10:50:10.385349,2023-11-15 10:50:10.660082,0 days 00:00:00.274733,0.1,10,0.75,0.9,0,135,COMPLETE
2749,2749,19066.25,2023-11-15 10:50:10.661846,2023-11-15 10:50:10.972684,0 days 00:00:00.310838,0.2,10,0.75,0.9,7,140,COMPLETE
2750,2750,19261.0,2023-11-15 10:50:10.974078,2023-11-15 10:50:11.238595,0 days 00:00:00.264517,0.2,10,1.0,0.9,4,147,COMPLETE
2751,2751,19051.5,2023-11-15 10:50:11.240299,2023-11-15 10:50:11.510546,0 days 00:00:00.270247,0.2,10,0.75,0.9,2,142,COMPLETE
2752,2752,19261.0,2023-11-15 10:50:11.512068,2023-11-15 10:50:11.783966,0 days 00:00:00.271898,0.2,10,0.75,0.8,0,147,COMPLETE
2753,2753,18301.75,2023-11-15 10:50:11.785462,2023-11-15 10:50:12.053288,0 days 00:00:00.267826,0.1,20,1.25,0.9,6,150,COMPLETE
2754,2754,19265.0,2023-11-15 10:50:12.054936,2023-11-15 10:50:12.330944,0 days 00:00:00.276008,0.2,10,0.5,0.9,2,145,COMPLETE
2755,2755,15369.75,2023-11-15 10:50:12.332311,2023-11-15 10:50:12.640046,0 days 00:00:00.307735,0.2,10,0.75,0.5,10,142,COMPLETE
2756,2756,19359.75,2023-11-15 10:50:12.641452,2023-11-15 10:50:12.926669,0 days 00:00:00.285217,0.2,10,1.0,0.9,4,148,COMPLETE
2757,2757,19076.5,2023-11-15 10:50:12.928215,2023-11-15 10:50:13.207976,0 days 00:00:00.279761,0.1,10,0.75,0.9,0,139,COMPLETE
2758,2758,19262.25,2023-11-15 10:50:13.209416,2023-11-15 10:50:13.483549,0 days 00:00:00.274133,0.30000000000000004,10,1.5,0.9,2,145,COMPLETE
2759,2759,14566.5,2023-11-15 10:50:13.485079,2023-11-15 10:50:13.765454,0 days 00:00:00.280375,0.2,10,0.75,0.9,5,40,COMPLETE
2760,2760,17807.5,2023-11-15 10:50:13.766947,2023-11-15 10:50:14.083468,0 days 00:00:00.316521,0.6,10,0.75,0.9,0,143,COMPLETE
2761,2761,18584.75,2023-11-15 10:50:14.085138,2023-11-15 10:50:14.390959,0 days 00:00:00.305821,0.2,20,0.75,0.8,3,147,COMPLETE
2762,2762,19163.5,2023-11-15 10:50:14.392341,2023-11-15 10:50:14.672465,0 days 00:00:00.280124,0.2,10,0.75,0.9,8,150,COMPLETE
2763,2763,18957.25,2023-11-15 10:50:14.673866,2023-11-15 10:50:14.950020,0 days 00:00:00.276154,0.1,10,0.75,0.9,2,111,COMPLETE
2764,2764,19065.25,2023-11-15 10:50:14.951374,2023-11-15 10:50:15.232904,0 days 00:00:00.281530,0.2,10,0.5,0.9,0,136,COMPLETE
2765,2765,15822.5,2023-11-15 10:50:15.234380,2023-11-15 10:50:15.604423,0 days 00:00:00.370043,0.2,10,0.75,0.6,5,140,COMPLETE
2766,2766,19066.0,2023-11-15 10:50:15.606324,2023-11-15 10:50:15.959654,0 days 00:00:00.353330,0.2,10,1.0,0.9,3,144,COMPLETE
2767,2767,19261.0,2023-11-15 10:50:15.961165,2023-11-15 10:50:16.303551,0 days 00:00:00.342386,0.2,10,1.25,0.9,0,147,COMPLETE
2768,2768,18244.75,2023-11-15 10:50:16.305293,2023-11-15 10:50:16.685381,0 days 00:00:00.380088,0.1,10,0.25,0.8,6,142,COMPLETE
2769,2769,18972.75,2023-11-15 10:50:16.686763,2023-11-15 10:50:16.962496,0 days 00:00:00.275733,0.30000000000000004,10,0.75,0.7000000000000001,2,145,COMPLETE
2770,2770,18393.5,2023-11-15 10:50:16.964171,2023-11-15 10:50:17.237219,0 days 00:00:00.273048,0.2,20,0.75,0.9,4,150,COMPLETE
2771,2771,18969.25,2023-11-15 10:50:17.238658,2023-11-15 10:50:17.520605,0 days 00:00:00.281947,0.2,10,0.75,0.9,0,138,COMPLETE
2772,2772,19171.25,2023-11-15 10:50:17.522180,2023-11-15 10:50:17.793885,0 days 00:00:00.271705,0.1,10,1.0,0.9,2,147,COMPLETE
2773,2773,18992.75,2023-11-15 10:50:17.795604,2023-11-15 10:50:18.102495,0 days 00:00:00.306891,0.2,10,0.75,0.9,7,143,COMPLETE
2774,2774,18872.5,2023-11-15 10:50:18.103889,2023-11-15 10:50:18.394981,0 days 00:00:00.291092,0.2,10,1.25,0.9,4,140,COMPLETE
2775,2775,19292.25,2023-11-15 10:50:18.397058,2023-11-15 10:50:18.678120,0 days 00:00:00.281062,0.2,10,0.75,0.9,2,145,COMPLETE
2776,2776,19271.0,2023-11-15 10:50:18.679922,2023-11-15 10:50:18.956283,0 days 00:00:00.276361,0.1,10,0.75,0.9,0,148,COMPLETE
2777,2777,19091.5,2023-11-15 10:50:18.957736,2023-11-15 10:50:19.239572,0 days 00:00:00.281836,0.2,10,0.75,0.9,9,142,COMPLETE
2778,2778,18393.5,2023-11-15 10:50:19.241012,2023-11-15 10:50:19.517389,0 days 00:00:00.276377,0.2,20,0.75,0.9,5,150,COMPLETE
2779,2779,19292.25,2023-11-15 10:50:19.519033,2023-11-15 10:50:19.798855,0 days 00:00:00.279822,0.2,10,1.0,0.9,2,145,COMPLETE
2780,2780,19066.5,2023-11-15 10:50:19.800370,2023-11-15 10:50:20.073502,0 days 00:00:00.273132,0.2,10,0.75,0.8,0,131,COMPLETE
2781,2781,19261.0,2023-11-15 10:50:20.074910,2023-11-15 10:50:20.350882,0 days 00:00:00.275972,0.30000000000000004,10,0.75,0.9,4,147,COMPLETE
2782,2782,18969.5,2023-11-15 10:50:20.352550,2023-11-15 10:50:20.625679,0 days 00:00:00.273129,0.2,10,0.75,0.6,2,141,COMPLETE
2783,2783,19228.25,2023-11-15 10:50:20.627521,2023-11-15 10:50:20.910362,0 days 00:00:00.282841,0.1,10,1.0,0.9,6,145,COMPLETE
2784,2784,19065.75,2023-11-15 10:50:20.912109,2023-11-15 10:50:21.190108,0 days 00:00:00.277999,0.2,10,0.75,0.9,0,136,COMPLETE
2785,2785,19359.75,2023-11-15 10:50:21.191771,2023-11-15 10:50:21.473258,0 days 00:00:00.281487,0.2,10,0.5,0.9,3,148,COMPLETE
2786,2786,13419.0,2023-11-15 10:50:21.474852,2023-11-15 10:50:21.828886,0 days 00:00:00.354034,0.4,90,0.5,0.9,2,143,COMPLETE
2787,2787,19161.25,2023-11-15 10:50:21.830740,2023-11-15 10:50:22.104344,0 days 00:00:00.273604,0.2,10,1.25,0.4,0,139,COMPLETE
2788,2788,19110.25,2023-11-15 10:50:22.105858,2023-11-15 10:50:22.377024,0 days 00:00:00.271166,0.1,10,0.75,0.9,4,150,COMPLETE
2789,2789,18751.25,2023-11-15 10:50:22.378809,2023-11-15 10:50:22.664005,0 days 00:00:00.285196,0.2,10,0.75,0.9,8,145,COMPLETE
2790,2790,12998.25,2023-11-15 10:50:22.665416,2023-11-15 10:50:22.985570,0 days 00:00:00.320154,0.2,100,0.75,0.8,2,142,COMPLETE
2791,2791,18588.25,2023-11-15 10:50:22.987047,2023-11-15 10:50:23.264054,0 days 00:00:00.277007,0.1,20,0.75,0.9,6,148,COMPLETE
2792,2792,19359.75,2023-11-15 10:50:23.265554,2023-11-15 10:50:23.548880,0 days 00:00:00.283326,0.2,10,0.25,0.5,0,145,COMPLETE
2793,2793,11729.25,2023-11-15 10:50:23.550413,2023-11-15 10:50:23.877945,0 days 00:00:00.327532,0.2,70,0.75,0.30000000000000004,14,141,COMPLETE
2794,2794,18609.25,2023-11-15 10:50:23.879882,2023-11-15 10:50:24.160489,0 days 00:00:00.280607,0.2,10,1.0,0.9,4,116,COMPLETE
2795,2795,19261.0,2023-11-15 10:50:24.162305,2023-11-15 10:50:24.432150,0 days 00:00:00.269845,0.2,10,0.75,0.9,2,147,COMPLETE
2796,2796,18985.25,2023-11-15 10:50:24.433590,2023-11-15 10:50:24.715893,0 days 00:00:00.282303,0.2,10,0.75,0.9,4,138,COMPLETE
2797,2797,18276.0,2023-11-15 10:50:24.717430,2023-11-15 10:50:24.995118,0 days 00:00:00.277688,0.30000000000000004,20,0.75,0.9,0,150,COMPLETE
2798,2798,19066.25,2023-11-15 10:50:24.997016,2023-11-15 10:50:25.270110,0 days 00:00:00.273094,0.1,10,1.0,0.9,2,144,COMPLETE
2799,2799,19261.0,2023-11-15 10:50:25.271615,2023-11-15 10:50:25.573196,0 days 00:00:00.301581,0.2,10,0.75,0.9,0,143,COMPLETE
2800,2800,18970.75,2023-11-15 10:50:25.574605,2023-11-15 10:50:25.851555,0 days 00:00:00.276950,0.2,10,1.25,0.8,6,147,COMPLETE
2801,2801,18481.25,2023-11-15 10:50:25.853080,2023-11-15 10:50:26.131590,0 days 00:00:00.278510,0.1,10,0.75,0.7000000000000001,4,140,COMPLETE
2802,2802,19261.0,2023-11-15 10:50:26.132978,2023-11-15 10:50:26.411085,0 days 00:00:00.278107,0.2,10,0.75,0.9,2,147,COMPLETE
2803,2803,17355.0,2023-11-15 10:50:26.413770,2023-11-15 10:50:26.699809,0 days 00:00:00.286039,0.2,30,0.75,0.9,0,135,COMPLETE
2804,2804,19007.25,2023-11-15 10:50:26.701238,2023-11-15 10:50:26.981880,0 days 00:00:00.280642,0.2,10,0.5,0.9,8,150,COMPLETE
2805,2805,18846.25,2023-11-15 10:50:26.983272,2023-11-15 10:50:27.262099,0 days 00:00:00.278827,0.30000000000000004,10,0.75,0.9,20,143,COMPLETE
2806,2806,19068.0,2023-11-15 10:50:27.263858,2023-11-15 10:50:27.544047,0 days 00:00:00.280189,0.2,10,0.75,0.9,10,145,COMPLETE
2807,2807,19166.25,2023-11-15 10:50:27.545892,2023-11-15 10:50:27.818978,0 days 00:00:00.273086,0.1,10,1.0,0.9,2,140,COMPLETE
2808,2808,17831.75,2023-11-15 10:50:27.821204,2023-11-15 10:50:28.108306,0 days 00:00:00.287102,0.2,10,0.75,0.9,5,120,COMPLETE
2809,2809,19163.5,2023-11-15 10:50:28.109691,2023-11-15 10:50:28.387225,0 days 00:00:00.277534,0.2,10,1.25,0.8,3,147,COMPLETE
2810,2810,13361.75,2023-11-15 10:50:28.388623,2023-11-15 10:50:28.666677,0 days 00:00:00.278054,0.1,80,0.75,0.9,0,45,COMPLETE
2811,2811,18992.75,2023-11-15 10:50:28.668342,2023-11-15 10:50:28.973460,0 days 00:00:00.305118,0.2,10,0.75,0.9,6,143,COMPLETE
2812,2812,19082.5,2023-11-15 10:50:28.974854,2023-11-15 10:50:29.250661,0 days 00:00:00.275807,0.2,10,0.75,0.9,2,150,COMPLETE
2813,2813,18454.25,2023-11-15 10:50:29.252053,2023-11-15 10:50:29.534762,0 days 00:00:00.282709,0.2,20,0.5,0.9,4,147,COMPLETE
2814,2814,19359.75,2023-11-15 10:50:29.536476,2023-11-15 10:50:29.812823,0 days 00:00:00.276347,0.2,10,0.75,0.8,0,145,COMPLETE
2815,2815,18839.5,2023-11-15 10:50:29.814604,2023-11-15 10:50:30.121995,0 days 00:00:00.307391,0.2,10,0.25,0.9,2,138,COMPLETE
2816,2816,16105.0,2023-11-15 10:50:30.123836,2023-11-15 10:50:30.445772,0 days 00:00:00.321936,0.1,10,1.0,0.7000000000000001,4,142,COMPLETE
2817,2817,19262.25,2023-11-15 10:50:30.447795,2023-11-15 10:50:30.723712,0 days 00:00:00.275917,0.2,10,0.75,0.9,7,145,COMPLETE
2818,2818,19201.25,2023-11-15 10:50:30.725193,2023-11-15 10:50:31.004583,0 days 00:00:00.279390,0.2,10,0.75,0.9,2,148,COMPLETE
2819,2819,14968.25,2023-11-15 10:50:31.006146,2023-11-15 10:50:31.308452,0 days 00:00:00.302306,0.2,60,0.75,0.9,0,141,COMPLETE
2820,2820,19163.5,2023-11-15 10:50:31.309867,2023-11-15 10:50:31.588608,0 days 00:00:00.278741,0.30000000000000004,10,1.25,0.9,0,150,COMPLETE
2821,2821,16438.0,2023-11-15 10:50:31.590103,2023-11-15 10:50:31.894812,0 days 00:00:00.304709,0.1,10,0.75,0.6,4,145,COMPLETE
2822,2822,15867.0,2023-11-15 10:50:31.896696,2023-11-15 10:50:32.194533,0 days 00:00:00.297837,0.2,20,0.75,0.5,2,134,COMPLETE
2823,2823,16826.0,2023-11-15 10:50:32.196730,2023-11-15 10:50:32.497477,0 days 00:00:00.300747,0.2,40,1.5,0.9,5,143,COMPLETE
2824,2824,17538.5,2023-11-15 10:50:32.499516,2023-11-15 10:50:32.799110,0 days 00:00:00.299594,0.4,10,0.5,0.9,0,138,COMPLETE
2825,2825,17342.0,2023-11-15 10:50:32.800450,2023-11-15 10:50:33.086922,0 days 00:00:00.286472,0.2,10,1.0,0.4,2,147,COMPLETE
2826,2826,19066.25,2023-11-15 10:50:33.088319,2023-11-15 10:50:33.365616,0 days 00:00:00.277297,0.2,10,0.75,0.9,7,141,COMPLETE
2827,2827,18946.25,2023-11-15 10:50:33.367116,2023-11-15 10:50:33.651961,0 days 00:00:00.284845,0.1,10,0.75,0.8,3,145,COMPLETE
2828,2828,19163.75,2023-11-15 10:50:33.653362,2023-11-15 10:50:33.930551,0 days 00:00:00.277189,0.2,10,0.75,0.9,0,150,COMPLETE
2829,2829,19261.0,2023-11-15 10:50:33.932139,2023-11-15 10:50:34.203499,0 days 00:00:00.271360,0.30000000000000004,10,0.75,0.9,10,147,COMPLETE
2830,2830,19261.0,2023-11-15 10:50:34.205049,2023-11-15 10:50:34.476402,0 days 00:00:00.271353,0.2,10,1.25,0.9,4,143,COMPLETE
2831,2831,19161.25,2023-11-15 10:50:34.477976,2023-11-15 10:50:34.759346,0 days 00:00:00.281370,0.1,10,1.0,0.9,2,139,COMPLETE
2832,2832,19261.0,2023-11-15 10:50:34.760686,2023-11-15 10:50:35.033340,0 days 00:00:00.272654,0.2,10,0.75,0.9,0,147,COMPLETE
2833,2833,18394.75,2023-11-15 10:50:35.034805,2023-11-15 10:50:35.312664,0 days 00:00:00.277859,0.2,20,0.75,0.9,6,143,COMPLETE
2834,2834,19082.5,2023-11-15 10:50:35.314490,2023-11-15 10:50:35.588911,0 days 00:00:00.274421,0.2,10,0.75,0.9,2,150,COMPLETE
2835,2835,18897.75,2023-11-15 10:50:35.590326,2023-11-15 10:50:35.902871,0 days 00:00:00.312545,0.2,10,0.75,0.8,4,145,COMPLETE
2836,2836,19261.0,2023-11-15 10:50:35.904274,2023-11-15 10:50:36.187475,0 days 00:00:00.283201,0.1,10,0.75,0.9,0,141,COMPLETE
2837,2837,19161.25,2023-11-15 10:50:36.188896,2023-11-15 10:50:36.505316,0 days 00:00:00.316420,0.2,10,0.75,0.9,2,137,COMPLETE
2838,2838,19014.75,2023-11-15 10:50:36.506723,2023-11-15 10:50:36.789219,0 days 00:00:00.282496,0.2,10,1.0,0.9,6,147,COMPLETE
2839,2839,17469.75,2023-11-15 10:50:36.790660,2023-11-15 10:50:37.089804,0 days 00:00:00.299144,0.2,10,0.5,0.6,8,145,COMPLETE
2840,2840,19066.25,2023-11-15 10:50:37.091822,2023-11-15 10:50:37.369795,0 days 00:00:00.277973,0.1,10,0.75,0.9,12,141,COMPLETE
2841,2841,16486.0,2023-11-15 10:50:37.371189,2023-11-15 10:50:37.664212,0 days 00:00:00.293023,0.2,50,0.75,0.9,4,148,COMPLETE
2842,2842,18337.25,2023-11-15 10:50:37.665924,2023-11-15 10:50:37.970126,0 days 00:00:00.304202,0.30000000000000004,10,0.25,0.9,0,143,COMPLETE
2843,2843,19163.5,2023-11-15 10:50:37.971539,2023-11-15 10:50:38.250978,0 days 00:00:00.279439,0.2,10,1.25,0.9,2,150,COMPLETE
2844,2844,18970.75,2023-11-15 10:50:38.252499,2023-11-15 10:50:38.538634,0 days 00:00:00.286135,0.2,10,1.0,0.9,4,145,COMPLETE
2845,2845,18918.0,2023-11-15 10:50:38.540040,2023-11-15 10:50:38.823607,0 days 00:00:00.283567,0.1,10,0.75,0.9,2,139,COMPLETE
2846,2846,19261.0,2023-11-15 10:50:38.825012,2023-11-15 10:50:39.099606,0 days 00:00:00.274594,0.2,10,0.75,0.8,0,147,COMPLETE
2847,2847,17924.5,2023-11-15 10:50:39.101515,2023-11-15 10:50:39.411454,0 days 00:00:00.309939,0.2,20,0.75,0.9,6,144,COMPLETE
2848,2848,18972.0,2023-11-15 10:50:39.417061,2023-11-15 10:50:39.689137,0 days 00:00:00.272076,0.1,10,0.75,0.9,2,141,COMPLETE
2849,2849,19261.0,2023-11-15 10:50:39.690694,2023-11-15 10:50:39.965988,0 days 00:00:00.275294,0.2,10,0.75,0.9,0,147,COMPLETE
2850,2850,15626.5,2023-11-15 10:50:39.967438,2023-11-15 10:50:40.277160,0 days 00:00:00.309722,0.2,10,1.0,0.7000000000000001,4,133,COMPLETE
2851,2851,15917.25,2023-11-15 10:50:40.278980,2023-11-15 10:50:40.585955,0 days 00:00:00.306975,0.30000000000000004,10,0.75,0.5,2,150,COMPLETE
2852,2852,15998.25,2023-11-15 10:50:40.587380,2023-11-15 10:50:40.887963,0 days 00:00:00.300583,0.2,30,1.25,0.9,23,137,COMPLETE
2853,2853,18974.25,2023-11-15 10:50:40.889488,2023-11-15 10:50:41.171292,0 days 00:00:00.281804,0.2,10,0.5,0.9,9,143,COMPLETE
2854,2854,19261.0,2023-11-15 10:50:41.172935,2023-11-15 10:50:41.450838,0 days 00:00:00.277903,0.1,10,0.75,0.9,5,147,COMPLETE
2855,2855,18588.25,2023-11-15 10:50:41.453052,2023-11-15 10:50:41.727838,0 days 00:00:00.274786,0.2,20,0.75,0.8,0,145,COMPLETE
2856,2856,19066.25,2023-11-15 10:50:41.729427,2023-11-15 10:50:42.010655,0 days 00:00:00.281228,0.2,10,0.75,0.9,3,140,COMPLETE
2857,2857,18992.75,2023-11-15 10:50:42.012406,2023-11-15 10:50:42.299212,0 days 00:00:00.286806,0.2,10,0.75,0.9,7,143,COMPLETE
2858,2858,19132.0,2023-11-15 10:50:42.300695,2023-11-15 10:50:42.573873,0 days 00:00:00.273178,0.2,10,1.0,0.9,2,150,COMPLETE
2859,2859,19261.0,2023-11-15 10:50:42.575234,2023-11-15 10:50:42.852736,0 days 00:00:00.277502,0.2,10,0.75,0.9,0,147,COMPLETE
2860,2860,18808.0,2023-11-15 10:50:42.854125,2023-11-15 10:50:43.156890,0 days 00:00:00.302765,0.4,10,0.75,0.9,5,145,COMPLETE
2861,2861,18242.0,2023-11-15 10:50:43.158284,2023-11-15 10:50:43.445900,0 days 00:00:00.287616,0.1,10,0.5,0.9,55,141,COMPLETE
2862,2862,12621.5,2023-11-15 10:50:43.447660,2023-11-15 10:50:43.792794,0 days 00:00:00.345134,0.2,10,0.75,0.4,3,136,COMPLETE
2863,2863,19271.0,2023-11-15 10:50:43.794225,2023-11-15 10:50:44.108119,0 days 00:00:00.313894,0.2,10,0.75,0.9,0,148,COMPLETE
2864,2864,19261.0,2023-11-15 10:50:44.109588,2023-11-15 10:50:44.393286,0 days 00:00:00.283698,0.2,10,1.25,0.9,2,143,COMPLETE
2865,2865,16542.0,2023-11-15 10:50:44.394712,2023-11-15 10:50:44.701165,0 days 00:00:00.306453,0.1,20,1.0,0.7000000000000001,4,139,COMPLETE
2866,2866,19163.75,2023-11-15 10:50:44.702819,2023-11-15 10:50:44.987386,0 days 00:00:00.284567,0.2,10,0.75,0.9,0,150,COMPLETE
2867,2867,18062.0,2023-11-15 10:50:44.988809,2023-11-15 10:50:45.291909,0 days 00:00:00.303100,0.2,10,0.25,0.8,45,145,COMPLETE
2868,2868,19066.75,2023-11-15 10:50:45.293327,2023-11-15 10:50:45.575234,0 days 00:00:00.281907,0.30000000000000004,10,1.5,0.9,6,147,COMPLETE
2869,2869,19051.5,2023-11-15 10:50:45.576698,2023-11-15 10:50:45.858574,0 days 00:00:00.281876,0.1,10,0.75,0.9,2,142,COMPLETE
2870,2870,18751.25,2023-11-15 10:50:45.859958,2023-11-15 10:50:46.151771,0 days 00:00:00.291813,0.2,10,0.75,0.9,8,145,COMPLETE
2871,2871,18493.25,2023-11-15 10:50:46.153185,2023-11-15 10:50:46.428034,0 days 00:00:00.274849,0.2,20,0.75,0.9,4,148,COMPLETE
2872,2872,19161.25,2023-11-15 10:50:46.429800,2023-11-15 10:50:46.733291,0 days 00:00:00.303491,0.2,10,0.75,0.8,0,139,COMPLETE
2873,2873,11142.25,2023-11-15 10:50:46.735137,2023-11-15 10:50:47.086546,0 days 00:00:00.351409,0.2,10,1.0,0.30000000000000004,2,143,COMPLETE
2874,2874,15656.75,2023-11-15 10:50:47.087976,2023-11-15 10:50:47.407051,0 days 00:00:00.319075,0.6,10,0.75,0.6,4,147,COMPLETE
2875,2875,19268.25,2023-11-15 10:50:47.408466,2023-11-15 10:50:47.696887,0 days 00:00:00.288421,0.1,10,0.5,0.9,2,145,COMPLETE
2876,2876,19261.0,2023-11-15 10:50:47.698287,2023-11-15 10:50:47.981259,0 days 00:00:00.282972,0.2,10,0.75,0.5,0,150,COMPLETE
2877,2877,18601.25,2023-11-15 10:50:47.982784,2023-11-15 10:50:48.264746,0 days 00:00:00.281962,0.2,10,0.75,0.9,5,127,COMPLETE
2878,2878,13502.0,2023-11-15 10:50:48.266531,2023-11-15 10:50:48.583800,0 days 00:00:00.317269,0.2,90,1.0,0.9,2,142,COMPLETE
2879,2879,18948.75,2023-11-15 10:50:48.585933,2023-11-15 10:50:48.872699,0 days 00:00:00.286766,0.1,10,0.75,0.9,7,140,COMPLETE
2880,2880,14249.75,2023-11-15 10:50:48.874630,2023-11-15 10:50:49.199830,0 days 00:00:00.325200,0.2,10,1.25,0.9,49,147,COMPLETE
2881,2881,19065.75,2023-11-15 10:50:49.201247,2023-11-15 10:50:49.489500,0 days 00:00:00.288253,0.2,10,0.75,0.9,0,136,COMPLETE
2882,2882,18788.25,2023-11-15 10:50:49.490957,2023-11-15 10:50:49.778935,0 days 00:00:00.287978,0.30000000000000004,10,0.75,0.9,4,144,COMPLETE
2883,2883,19082.5,2023-11-15 10:50:49.780696,2023-11-15 10:50:50.062754,0 days 00:00:00.282058,0.2,10,0.75,0.9,2,150,COMPLETE
2884,2884,0.0,2023-11-15 10:50:50.064404,2023-11-15 10:50:50.444421,0 days 00:00:00.380017,0.2,10,1.0,0.8,0,50,COMPLETE
2885,2885,18306.0,2023-11-15 10:50:50.446468,2023-11-15 10:50:50.729983,0 days 00:00:00.283515,0.1,20,0.75,0.9,6,145,COMPLETE
2886,2886,15749.0,2023-11-15 10:50:50.731445,2023-11-15 10:50:51.067229,0 days 00:00:00.335784,0.7000000000000001,10,0.5,0.9,3,142,COMPLETE
2887,2887,11276.25,2023-11-15 10:50:51.068633,2023-11-15 10:50:51.470070,0 days 00:00:00.401437,0.9,10,0.75,0.9,9,147,COMPLETE
2888,2888,11026.5,2023-11-15 10:50:51.471673,2023-11-15 10:50:51.864462,0 days 00:00:00.392789,0.2,10,0.75,0.9,64,138,COMPLETE
2889,2889,18973.0,2023-11-15 10:50:51.865829,2023-11-15 10:50:52.147935,0 days 00:00:00.282106,0.2,10,0.75,0.9,2,141,COMPLETE
2890,2890,19163.5,2023-11-15 10:50:52.149405,2023-11-15 10:50:52.431888,0 days 00:00:00.282483,0.2,10,1.25,0.9,0,150,COMPLETE
2891,2891,15515.75,2023-11-15 10:50:52.433292,2023-11-15 10:50:52.740915,0 days 00:00:00.307623,0.1,20,0.75,0.5,3,145,COMPLETE
2892,2892,19261.0,2023-11-15 10:50:52.742747,2023-11-15 10:50:53.020648,0 days 00:00:00.277901,0.2,10,0.75,0.9,5,147,COMPLETE
2893,2893,19261.0,2023-11-15 10:50:53.022286,2023-11-15 10:50:53.304715,0 days 00:00:00.282429,0.2,10,0.75,0.6,0,143,COMPLETE
