,number,value,datetime_start,datetime_complete,duration,params_alpha,params_decay_interval,params_decay_rate,params_gamma,params_initialization,params_max_steps,state
4277,4277,17549.75,2023-11-15 12:16:00.331342,2023-11-15 12:16:00.703129,0 days 00:00:00.371787,0.8,10,2.5,0.9,17,68,COMPLETE
4278,4278,17275.25,2023-11-15 12:16:00.705008,2023-11-15 12:16:01.082850,0 days 00:00:00.377842,0.8,20,2.75,0.9,27,72,COMPLETE
4279,4279,17833.0,2023-11-15 12:16:01.084562,2023-11-15 12:16:01.477071,0 days 00:00:00.392509,0.8,10,3.0,0.9,21,80,COMPLETE
4280,4280,16923.25,2023-11-15 12:16:01.479200,2023-11-15 12:16:01.864646,0 days 00:00:00.385446,0.8,10,3.0,0.9,24,76,COMPLETE
4281,4281,17737.25,2023-11-15 12:16:01.866733,2023-11-15 12:16:02.237162,0 days 00:00:00.370429,0.7000000000000001,10,3.0,0.8,16,70,COMPLETE
4282,4282,17654.5,2023-11-15 12:16:02.238846,2023-11-15 12:16:02.606758,0 days 00:00:00.367912,0.8,10,2.75,0.9,22,65,COMPLETE
4283,4283,18122.5,2023-11-15 12:16:02.608617,2023-11-15 12:16:02.978146,0 days 00:00:00.369529,0.8,10,3.0,0.9,19,72,COMPLETE
4284,4284,17547.25,2023-11-15 12:16:02.979894,2023-11-15 12:16:03.348230,0 days 00:00:00.368336,0.8,10,3.0,0.9,13,68,COMPLETE
4285,4285,17196.25,2023-11-15 12:16:03.349902,2023-11-15 12:16:03.725966,0 days 00:00:00.376064,0.8,10,2.75,0.9,25,76,COMPLETE
4286,4286,18300.0,2023-11-15 12:16:03.728311,2023-11-15 12:16:04.110584,0 days 00:00:00.382273,0.8,10,2.25,0.9,15,127,COMPLETE
4287,4287,16177.0,2023-11-15 12:16:04.112593,2023-11-15 12:16:04.484824,0 days 00:00:00.372231,0.9,10,3.0,0.9,18,55,COMPLETE
4288,4288,17369.5,2023-11-15 12:16:04.486692,2023-11-15 12:16:04.864624,0 days 00:00:00.377932,0.8,10,3.0,0.9,22,73,COMPLETE
4289,4289,17827.75,2023-11-15 12:16:04.866460,2023-11-15 12:16:05.242176,0 days 00:00:00.375716,0.8,10,3.0,0.9,20,118,COMPLETE
4290,4290,16617.75,2023-11-15 12:16:05.244404,2023-11-15 12:16:05.616857,0 days 00:00:00.372453,0.8,20,3.0,0.9,17,69,COMPLETE
4291,4291,16382.5,2023-11-15 12:16:05.618602,2023-11-15 12:16:05.992594,0 days 00:00:00.373992,0.7000000000000001,10,2.75,0.9,23,63,COMPLETE
4292,4292,16727.75,2023-11-15 12:16:05.994950,2023-11-15 12:16:06.366956,0 days 00:00:00.372006,0.8,10,3.0,0.8,19,66,COMPLETE
4293,4293,17452.5,2023-11-15 12:16:06.368742,2023-11-15 12:16:06.738383,0 days 00:00:00.369641,0.8,10,2.75,0.9,15,78,COMPLETE
4294,4294,18392.25,2023-11-15 12:16:06.740169,2023-11-15 12:16:07.104939,0 days 00:00:00.364770,0.8,20,3.0,0.9,26,71,COMPLETE
4295,4295,17369.5,2023-11-15 12:16:07.106921,2023-11-15 12:16:07.503096,0 days 00:00:00.396175,0.8,10,3.0,0.9,12,73,COMPLETE
4296,4296,16923.25,2023-11-15 12:16:07.504787,2023-11-15 12:16:07.883539,0 days 00:00:00.378752,0.8,10,3.0,0.9,21,76,COMPLETE
4297,4297,17745.25,2023-11-15 12:16:07.885259,2023-11-15 12:16:08.259198,0 days 00:00:00.373939,0.9,10,2.75,0.9,17,68,COMPLETE
4298,4298,17276.25,2023-11-15 12:16:08.261516,2023-11-15 12:16:08.631906,0 days 00:00:00.370390,0.8,10,2.5,0.9,24,60,COMPLETE
4299,4299,14236.75,2023-11-15 12:16:08.633636,2023-11-15 12:16:09.029323,0 days 00:00:00.395687,0.8,60,3.0,0.9,19,71,COMPLETE
4300,4300,18682.0,2023-11-15 12:16:09.031564,2023-11-15 12:16:09.395751,0 days 00:00:00.364187,0.8,10,3.0,0.9,21,75,COMPLETE
4301,4301,16903.75,2023-11-15 12:16:09.397615,2023-11-15 12:16:09.772100,0 days 00:00:00.374485,0.8,10,3.0,0.7000000000000001,16,66,COMPLETE
4302,4302,17924.25,2023-11-15 12:16:09.774106,2023-11-15 12:16:10.151777,0 days 00:00:00.377671,0.8,10,3.0,0.8,29,81,COMPLETE
4303,4303,17829.75,2023-11-15 12:16:10.153572,2023-11-15 12:16:10.521390,0 days 00:00:00.367818,0.7000000000000001,10,2.75,0.9,14,70,COMPLETE
4304,4304,17920.75,2023-11-15 12:16:10.523215,2023-11-15 12:16:10.902317,0 days 00:00:00.379102,0.8,10,3.0,0.9,18,74,COMPLETE
4305,4305,17547.25,2023-11-15 12:16:10.904227,2023-11-15 12:16:11.274228,0 days 00:00:00.370001,0.8,10,3.0,0.9,22,68,COMPLETE
4306,4306,18122.5,2023-11-15 12:16:11.276048,2023-11-15 12:16:11.650530,0 days 00:00:00.374482,0.8,10,3.0,0.9,20,72,COMPLETE
4307,4307,16578.5,2023-11-15 12:16:11.652288,2023-11-15 12:16:12.032354,0 days 00:00:00.380066,0.6,10,2.75,0.6,25,64,COMPLETE
4308,4308,16004.25,2023-11-15 12:16:12.034185,2023-11-15 12:16:12.413996,0 days 00:00:00.379811,0.4,20,3.0,0.9,16,78,COMPLETE
4309,4309,17825.5,2023-11-15 12:16:12.415799,2023-11-15 12:16:12.802513,0 days 00:00:00.386714,0.8,10,3.0,0.9,27,70,COMPLETE
4310,4310,18682.0,2023-11-15 12:16:12.804222,2023-11-15 12:16:13.177529,0 days 00:00:00.373307,0.8,10,3.0,0.9,23,75,COMPLETE
4311,4311,16719.5,2023-11-15 12:16:13.179343,2023-11-15 12:16:13.557351,0 days 00:00:00.378008,0.8,10,2.75,0.9,18,66,COMPLETE
4312,4312,18122.5,2023-11-15 12:16:13.559297,2023-11-15 12:16:13.933350,0 days 00:00:00.374053,0.8,10,3.0,0.9,13,72,COMPLETE
4313,4313,16708.75,2023-11-15 12:16:13.935721,2023-11-15 12:16:14.316632,0 days 00:00:00.380911,0.8,10,2.5,0.9,62,62,COMPLETE
4314,4314,17115.5,2023-11-15 12:16:14.318374,2023-11-15 12:16:14.691545,0 days 00:00:00.373171,0.8,10,3.0,0.9,21,69,COMPLETE
4315,4315,17188.25,2023-11-15 12:16:14.693548,2023-11-15 12:16:15.079236,0 days 00:00:00.385688,0.8,20,2.75,0.9,11,74,COMPLETE
4316,4316,17455.75,2023-11-15 12:16:15.080951,2023-11-15 12:16:15.458129,0 days 00:00:00.377178,0.9,10,3.0,0.9,19,67,COMPLETE
4317,4317,17279.0,2023-11-15 12:16:15.460781,2023-11-15 12:16:15.835941,0 days 00:00:00.375160,0.8,10,3.0,0.9,92,79,COMPLETE
4318,4318,18407.5,2023-11-15 12:16:15.837686,2023-11-15 12:16:16.210636,0 days 00:00:00.372950,0.5,10,3.0,0.9,9,71,COMPLETE
4319,4319,17016.25,2023-11-15 12:16:16.212729,2023-11-15 12:16:16.594806,0 days 00:00:00.382077,0.8,10,3.0,0.9,16,76,COMPLETE
4320,4320,17644.25,2023-11-15 12:16:16.596939,2023-11-15 12:16:16.970743,0 days 00:00:00.373804,0.8,10,2.75,0.8,24,73,COMPLETE
4321,4321,17289.75,2023-11-15 12:16:16.972635,2023-11-15 12:16:17.348465,0 days 00:00:00.375830,0.8,10,3.0,0.5,20,69,COMPLETE
4322,4322,17014.0,2023-11-15 12:16:17.350502,2023-11-15 12:16:17.723905,0 days 00:00:00.373403,0.8,10,3.0,0.9,22,64,COMPLETE
4323,4323,17920.5,2023-11-15 12:16:17.725838,2023-11-15 12:16:18.104470,0 days 00:00:00.378632,0.7000000000000001,10,3.0,0.9,14,67,COMPLETE
4324,4324,19260.75,2023-11-15 12:16:18.106324,2023-11-15 12:16:18.473123,0 days 00:00:00.366799,0.8,10,2.75,0.9,18,71,COMPLETE
4325,4325,16923.25,2023-11-15 12:16:18.474911,2023-11-15 12:16:18.880746,0 days 00:00:00.405835,0.8,10,3.0,0.9,17,76,COMPLETE
4326,4326,11410.25,2023-11-15 12:16:18.882479,2023-11-15 12:16:19.307899,0 days 00:00:00.425420,0.9,90,3.0,0.9,20,83,COMPLETE
4327,4327,16636.0,2023-11-15 12:16:19.309865,2023-11-15 12:16:19.697553,0 days 00:00:00.387688,0.8,20,2.25,0.9,26,73,COMPLETE
4328,4328,17115.5,2023-11-15 12:16:19.699347,2023-11-15 12:16:20.071214,0 days 00:00:00.371867,0.8,10,2.75,0.9,23,69,COMPLETE
4329,4329,18121.5,2023-11-15 12:16:20.073148,2023-11-15 12:16:20.447028,0 days 00:00:00.373880,0.8,10,3.0,0.9,15,77,COMPLETE
4330,4330,17268.75,2023-11-15 12:16:20.448917,2023-11-15 12:16:20.820079,0 days 00:00:00.371162,0.8,10,3.0,0.9,18,58,COMPLETE
4331,4331,18299.75,2023-11-15 12:16:20.821940,2023-11-15 12:16:21.198917,0 days 00:00:00.376977,0.8,10,3.0,0.8,22,65,COMPLETE
4332,4332,18493.25,2023-11-15 12:16:21.200697,2023-11-15 12:16:21.575547,0 days 00:00:00.374850,0.8,10,2.5,0.9,20,72,COMPLETE
4333,4333,17547.25,2023-11-15 12:16:21.577888,2023-11-15 12:16:21.952956,0 days 00:00:00.375068,0.8,10,2.75,0.9,16,68,COMPLETE
4334,4334,17920.75,2023-11-15 12:16:21.954887,2023-11-15 12:16:22.331284,0 days 00:00:00.376397,0.8,10,3.0,0.9,28,74,COMPLETE
4335,4335,18586.0,2023-11-15 12:16:22.332967,2023-11-15 12:16:22.704618,0 days 00:00:00.371651,0.7000000000000001,10,3.0,0.9,24,80,COMPLETE
4336,4336,15209.25,2023-11-15 12:16:22.706540,2023-11-15 12:16:23.095094,0 days 00:00:00.388554,0.2,20,3.0,0.9,51,70,COMPLETE
4337,4337,16719.5,2023-11-15 12:16:23.096893,2023-11-15 12:16:23.475691,0 days 00:00:00.378798,0.8,10,3.0,0.9,19,66,COMPLETE
4338,4338,18682.0,2023-11-15 12:16:23.478155,2023-11-15 12:16:23.850085,0 days 00:00:00.371930,0.8,10,2.75,0.9,21,75,COMPLETE
4339,4339,16726.25,2023-11-15 12:16:23.851848,2023-11-15 12:16:24.234802,0 days 00:00:00.382954,0.8,10,3.0,0.9,13,61,COMPLETE
4340,4340,19260.75,2023-11-15 12:16:24.236537,2023-11-15 12:16:24.603233,0 days 00:00:00.366696,0.8,10,3.0,0.9,17,71,COMPLETE
4341,4341,17452.5,2023-11-15 12:16:24.605089,2023-11-15 12:16:24.998285,0 days 00:00:00.393196,0.8,10,2.75,0.9,15,78,COMPLETE
4342,4342,17547.25,2023-11-15 12:16:25.000058,2023-11-15 12:16:25.373303,0 days 00:00:00.373245,0.8,10,3.0,0.9,25,68,COMPLETE
4343,4343,17369.5,2023-11-15 12:16:25.375240,2023-11-15 12:16:25.755610,0 days 00:00:00.380370,0.8,10,3.0,0.9,22,73,COMPLETE
4344,4344,16899.25,2023-11-15 12:16:25.757439,2023-11-15 12:16:26.135048,0 days 00:00:00.377609,0.9,10,3.0,0.9,19,63,COMPLETE
4345,4345,19164.5,2023-11-15 12:16:26.137122,2023-11-15 12:16:26.511887,0 days 00:00:00.374765,0.8,10,2.5,0.8,17,71,COMPLETE
4346,4346,18682.0,2023-11-15 12:16:26.513674,2023-11-15 12:16:26.885974,0 days 00:00:00.372300,0.8,10,3.0,0.9,23,75,COMPLETE
4347,4347,16091.75,2023-11-15 12:16:26.887700,2023-11-15 12:16:27.270760,0 days 00:00:00.383060,0.8,20,2.75,0.9,11,66,COMPLETE
4348,4348,17115.5,2023-11-15 12:16:27.272562,2023-11-15 12:16:27.649952,0 days 00:00:00.377390,0.8,10,3.0,0.9,20,69,COMPLETE
4349,4349,18970.0,2023-11-15 12:16:27.651840,2023-11-15 12:16:28.023644,0 days 00:00:00.371804,0.6,10,2.75,0.9,14,73,COMPLETE
4350,4350,16375.0,2023-11-15 12:16:28.025662,2023-11-15 12:16:28.422302,0 days 00:00:00.396640,0.8,30,3.0,0.9,18,77,COMPLETE
4351,4351,17825.5,2023-11-15 12:16:28.424112,2023-11-15 12:16:28.798616,0 days 00:00:00.374504,0.8,10,3.0,0.9,21,70,COMPLETE
4352,4352,16919.75,2023-11-15 12:16:28.800513,2023-11-15 12:16:29.175490,0 days 00:00:00.374977,0.7000000000000001,10,3.0,0.9,25,64,COMPLETE
4353,4353,17917.0,2023-11-15 12:16:29.178051,2023-11-15 12:16:29.555726,0 days 00:00:00.377675,0.8,10,2.25,0.9,16,67,COMPLETE
4354,4354,17920.75,2023-11-15 12:16:29.557501,2023-11-15 12:16:29.958831,0 days 00:00:00.401330,0.8,10,2.75,0.9,19,74,COMPLETE
4355,4355,13671.25,2023-11-15 12:16:29.961257,2023-11-15 12:16:30.345689,0 days 00:00:00.384432,0.8,80,3.0,0.9,22,71,COMPLETE
4356,4356,16898.25,2023-11-15 12:16:30.347529,2023-11-15 12:16:30.729259,0 days 00:00:00.381730,0.8,20,3.0,0.8,27,79,COMPLETE
4357,4357,17547.25,2023-11-15 12:16:30.731039,2023-11-15 12:16:31.103718,0 days 00:00:00.372679,0.8,10,3.0,0.9,15,68,COMPLETE
4358,4358,18682.0,2023-11-15 12:16:31.105551,2023-11-15 12:16:31.480960,0 days 00:00:00.375409,0.8,10,2.75,0.9,24,75,COMPLETE
4359,4359,17838.0,2023-11-15 12:16:31.482769,2023-11-15 12:16:31.858825,0 days 00:00:00.376056,0.9,10,3.0,0.6,18,72,COMPLETE
4360,4360,17654.5,2023-11-15 12:16:31.861337,2023-11-15 12:16:32.235373,0 days 00:00:00.374036,0.8,10,3.0,0.9,21,65,COMPLETE
4361,4361,17195.25,2023-11-15 12:16:32.237066,2023-11-15 12:16:32.618716,0 days 00:00:00.381650,0.8,10,3.0,0.30000000000000004,12,69,COMPLETE
4362,4362,17754.0,2023-11-15 12:16:32.620466,2023-11-15 12:16:33.008594,0 days 00:00:00.388128,0.8,10,3.0,0.4,17,85,COMPLETE
4363,4363,18121.5,2023-11-15 12:16:33.010834,2023-11-15 12:16:33.387059,0 days 00:00:00.376225,0.8,10,2.75,0.9,20,77,COMPLETE
4364,4364,18490.0,2023-11-15 12:16:33.388799,2023-11-15 12:16:33.762457,0 days 00:00:00.373658,0.7000000000000001,10,3.0,0.9,23,72,COMPLETE
4365,4365,17917.25,2023-11-15 12:16:33.764359,2023-11-15 12:16:34.140991,0 days 00:00:00.376632,0.8,10,2.5,0.9,14,67,COMPLETE
4366,4366,17920.75,2023-11-15 12:16:34.143174,2023-11-15 12:16:34.519434,0 days 00:00:00.376260,0.8,10,3.0,0.9,29,74,COMPLETE
4367,4367,16827.5,2023-11-15 12:16:34.521301,2023-11-15 12:16:34.912348,0 days 00:00:00.391047,0.8,20,3.0,0.9,19,80,COMPLETE
4368,4368,16630.25,2023-11-15 12:16:34.914278,2023-11-15 12:16:35.291867,0 days 00:00:00.377589,0.8,10,2.75,0.9,16,62,COMPLETE
4369,4369,17825.5,2023-11-15 12:16:35.294257,2023-11-15 12:16:35.667482,0 days 00:00:00.373225,0.8,10,3.0,0.9,26,70,COMPLETE
4370,4370,17840.75,2023-11-15 12:16:35.669278,2023-11-15 12:16:36.070365,0 days 00:00:00.401087,0.9,10,3.0,0.9,22,72,COMPLETE
4371,4371,17193.5,2023-11-15 12:16:36.072173,2023-11-15 12:16:36.461163,0 days 00:00:00.388990,0.8,10,2.75,0.8,18,76,COMPLETE
4372,4372,16719.5,2023-11-15 12:16:36.463070,2023-11-15 12:16:36.847376,0 days 00:00:00.384306,0.8,10,3.0,0.9,24,66,COMPLETE
4373,4373,17115.5,2023-11-15 12:16:36.849594,2023-11-15 12:16:37.228412,0 days 00:00:00.378818,0.8,10,3.0,0.9,20,69,COMPLETE
4374,4374,17188.25,2023-11-15 12:16:37.230196,2023-11-15 12:16:37.611186,0 days 00:00:00.380990,0.8,10,3.0,0.9,16,73,COMPLETE
4375,4375,17115.5,2023-11-15 12:16:37.613149,2023-11-15 12:16:37.995883,0 days 00:00:00.382734,0.8,10,3.0,0.9,13,69,COMPLETE
4376,4376,14263.75,2023-11-15 12:16:37.997715,2023-11-15 12:16:38.371445,0 days 00:00:00.373730,0.8,20,2.75,0.9,22,39,COMPLETE
4377,4377,16382.5,2023-11-15 12:16:38.373603,2023-11-15 12:16:38.757733,0 days 00:00:00.384130,0.7000000000000001,10,3.0,0.9,18,63,COMPLETE
4378,4378,14917.25,2023-11-15 12:16:38.759937,2023-11-15 12:16:39.164896,0 days 00:00:00.404959,0.8,50,3.0,0.9,20,75,COMPLETE
4379,4379,19260.75,2023-11-15 12:16:39.166964,2023-11-15 12:16:39.538024,0 days 00:00:00.371060,0.8,10,2.75,0.9,15,71,COMPLETE
4380,4380,17360.25,2023-11-15 12:16:39.539809,2023-11-15 12:16:39.939993,0 days 00:00:00.400184,0.8,10,3.0,0.9,24,78,COMPLETE
4381,4381,16713.5,2023-11-15 12:16:39.941757,2023-11-15 12:16:40.324444,0 days 00:00:00.382687,0.8,10,2.5,0.9,10,66,COMPLETE
4382,4382,17369.5,2023-11-15 12:16:40.326554,2023-11-15 12:16:40.703544,0 days 00:00:00.376990,0.8,10,3.0,0.9,21,73,COMPLETE
4383,4383,14310.5,2023-11-15 12:16:40.705472,2023-11-15 12:16:41.106153,0 days 00:00:00.400681,0.8,40,3.0,0.9,17,69,COMPLETE
4384,4384,17378.25,2023-11-15 12:16:41.108135,2023-11-15 12:16:41.494653,0 days 00:00:00.386518,0.8,10,2.75,0.9,26,76,COMPLETE
4385,4385,19260.75,2023-11-15 12:16:41.496587,2023-11-15 12:16:41.870547,0 days 00:00:00.373960,0.9,10,3.0,0.7000000000000001,22,71,COMPLETE
4386,4386,17631.75,2023-11-15 12:16:41.872314,2023-11-15 12:16:42.252594,0 days 00:00:00.380280,0.8,20,3.0,0.8,19,65,COMPLETE
4387,4387,17547.25,2023-11-15 12:16:42.254443,2023-11-15 12:16:42.636228,0 days 00:00:00.381785,0.8,10,2.75,0.9,14,68,COMPLETE
4388,4388,17739.5,2023-11-15 12:16:42.637910,2023-11-15 12:16:43.014351,0 days 00:00:00.376441,0.8,10,3.0,0.9,17,81,COMPLETE
4389,4389,17920.75,2023-11-15 12:16:43.016248,2023-11-15 12:16:43.394457,0 days 00:00:00.378209,0.8,10,3.0,0.9,20,74,COMPLETE
4390,4390,19260.75,2023-11-15 12:16:43.396470,2023-11-15 12:16:43.766523,0 days 00:00:00.370053,0.8,10,3.0,0.9,24,71,COMPLETE
4391,4391,16553.5,2023-11-15 12:16:43.768313,2023-11-15 12:16:44.165657,0 days 00:00:00.397344,0.7000000000000001,10,3.0,0.9,12,61,COMPLETE
4392,4392,17547.25,2023-11-15 12:16:44.167676,2023-11-15 12:16:44.545749,0 days 00:00:00.378073,0.8,10,3.0,0.9,18,68,COMPLETE
4393,4393,17920.75,2023-11-15 12:16:44.547945,2023-11-15 12:16:44.926573,0 days 00:00:00.378628,0.8,10,2.75,0.9,22,74,COMPLETE
4394,4394,18121.5,2023-11-15 12:16:44.928974,2023-11-15 12:16:45.308632,0 days 00:00:00.379658,0.8,10,3.0,0.9,27,77,COMPLETE
4395,4395,17654.5,2023-11-15 12:16:45.311116,2023-11-15 12:16:45.688799,0 days 00:00:00.377683,0.8,10,3.0,0.9,60,65,COMPLETE
4396,4396,19260.75,2023-11-15 12:16:45.690601,2023-11-15 12:16:46.062777,0 days 00:00:00.372176,0.8,10,2.75,0.9,15,71,COMPLETE
4397,4397,16168.5,2023-11-15 12:16:46.064630,2023-11-15 12:16:46.449889,0 days 00:00:00.385259,0.8,20,3.0,0.8,20,68,COMPLETE
4398,4398,14345.0,2023-11-15 12:16:46.451585,2023-11-15 12:16:46.848433,0 days 00:00:00.396848,0.7000000000000001,70,3.0,0.9,17,75,COMPLETE
4399,4399,17144.0,2023-11-15 12:16:46.850187,2023-11-15 12:16:47.245712,0 days 00:00:00.395525,0.9,10,0.5,0.9,23,72,COMPLETE
4400,4400,17370.5,2023-11-15 12:16:47.247678,2023-11-15 12:16:47.630764,0 days 00:00:00.383086,0.8,10,2.5,0.9,19,79,COMPLETE
4401,4401,17175.5,2023-11-15 12:16:47.632520,2023-11-15 12:16:48.012346,0 days 00:00:00.379826,0.8,10,3.0,0.9,25,58,COMPLETE
4402,4402,17014.0,2023-11-15 12:16:48.014507,2023-11-15 12:16:48.396416,0 days 00:00:00.381909,0.8,10,2.75,0.9,16,64,COMPLETE
4403,4403,18297.75,2023-11-15 12:16:48.398344,2023-11-15 12:16:48.795149,0 days 00:00:00.396805,0.8,10,2.25,0.9,21,70,COMPLETE
4404,4404,17369.5,2023-11-15 12:16:48.796974,2023-11-15 12:16:49.178048,0 days 00:00:00.381074,0.8,10,3.0,0.9,14,73,COMPLETE
4405,4405,17917.0,2023-11-15 12:16:49.179920,2023-11-15 12:16:49.561431,0 days 00:00:00.381511,0.8,10,3.0,0.9,18,67,COMPLETE
4406,4406,17640.75,2023-11-15 12:16:49.563383,2023-11-15 12:16:49.947739,0 days 00:00:00.384356,0.8,10,2.75,0.9,29,82,COMPLETE
4407,4407,14569.25,2023-11-15 12:16:49.949528,2023-11-15 12:16:50.353273,0 days 00:00:00.403745,0.8,60,3.0,0.9,22,77,COMPLETE
4408,4408,17825.5,2023-11-15 12:16:50.355197,2023-11-15 12:16:50.738724,0 days 00:00:00.383527,0.8,10,3.0,0.9,20,70,COMPLETE
4409,4409,17188.25,2023-11-15 12:16:50.740815,2023-11-15 12:16:51.131094,0 days 00:00:00.390279,0.8,20,3.0,0.9,24,74,COMPLETE
4410,4410,16856.75,2023-11-15 12:16:51.132797,2023-11-15 12:16:51.514648,0 days 00:00:00.381851,0.8,10,2.75,0.9,98,67,COMPLETE
4411,4411,16379.0,2023-11-15 12:16:51.516484,2023-11-15 12:16:51.907750,0 days 00:00:00.391266,0.9,30,3.0,0.8,13,72,COMPLETE
4412,4412,15874.25,2023-11-15 12:16:51.909827,2023-11-15 12:16:52.300236,0 days 00:00:00.390409,0.30000000000000004,10,3.0,0.9,17,64,COMPLETE
4413,4413,17111.5,2023-11-15 12:16:52.302126,2023-11-15 12:16:52.692322,0 days 00:00:00.390196,0.7000000000000001,10,3.0,0.9,9,69,COMPLETE
4414,4414,16923.25,2023-11-15 12:16:52.694839,2023-11-15 12:16:53.081809,0 days 00:00:00.386970,0.8,10,3.0,0.9,19,76,COMPLETE
4415,4415,19260.75,2023-11-15 12:16:53.083542,2023-11-15 12:16:53.452072,0 days 00:00:00.368530,0.8,10,2.5,0.9,15,71,COMPLETE
4416,4416,14899.0,2023-11-15 12:16:53.453819,2023-11-15 12:16:53.863135,0 days 00:00:00.409316,0.8,10,0.25,0.9,22,67,COMPLETE
4417,4417,11734.75,2023-11-15 12:16:53.864957,2023-11-15 12:16:54.268755,0 days 00:00:00.403798,0.1,20,2.75,0.9,27,61,COMPLETE
4418,4418,17920.75,2023-11-15 12:16:54.270800,2023-11-15 12:16:54.654639,0 days 00:00:00.383839,0.8,10,3.0,0.9,19,74,COMPLETE
4419,4419,17360.25,2023-11-15 12:16:54.656433,2023-11-15 12:16:55.055941,0 days 00:00:00.399508,0.8,10,3.0,0.9,16,78,COMPLETE
4420,4420,10191.75,2023-11-15 12:16:55.057745,2023-11-15 12:16:55.469339,0 days 00:00:00.411594,0.8,100,2.75,0.9,24,70,COMPLETE
4421,4421,17369.5,2023-11-15 12:16:55.471303,2023-11-15 12:16:55.855943,0 days 00:00:00.384640,0.8,10,3.0,0.9,21,73,COMPLETE
4422,4422,16727.75,2023-11-15 12:16:55.857925,2023-11-15 12:16:56.240334,0 days 00:00:00.382409,0.8,10,3.0,0.8,12,66,COMPLETE
4423,4423,17115.5,2023-11-15 12:16:56.242121,2023-11-15 12:16:56.629432,0 days 00:00:00.387311,0.8,10,3.0,0.9,18,69,COMPLETE
4424,4424,17920.75,2023-11-15 12:16:56.631135,2023-11-15 12:16:57.011397,0 days 00:00:00.380262,0.8,10,2.75,0.9,21,74,COMPLETE
4425,4425,16306.0,2023-11-15 12:16:57.013704,2023-11-15 12:16:57.398302,0 days 00:00:00.384598,0.5,10,3.0,0.9,25,64,COMPLETE
4426,4426,19260.75,2023-11-15 12:16:57.399997,2023-11-15 12:16:57.773927,0 days 00:00:00.373930,0.8,10,3.0,0.9,16,71,COMPLETE
4427,4427,17109.5,2023-11-15 12:16:57.775901,2023-11-15 12:16:58.164978,0 days 00:00:00.389077,0.9,10,3.0,0.9,23,79,COMPLETE
4428,4428,17196.25,2023-11-15 12:16:58.166975,2023-11-15 12:16:58.553235,0 days 00:00:00.386260,0.8,10,2.75,0.9,20,76,COMPLETE
4429,4429,16620.5,2023-11-15 12:16:58.555048,2023-11-15 12:16:58.946223,0 days 00:00:00.391175,0.8,20,2.25,0.9,14,67,COMPLETE
4430,4430,18973.5,2023-11-15 12:16:58.948452,2023-11-15 12:16:59.329937,0 days 00:00:00.381485,0.7000000000000001,10,3.0,0.9,18,71,COMPLETE
4431,4431,17369.5,2023-11-15 12:16:59.331753,2023-11-15 12:16:59.714766,0 days 00:00:00.383013,0.8,10,3.0,0.9,22,73,COMPLETE
4432,4432,17547.25,2023-11-15 12:16:59.716643,2023-11-15 12:17:00.115757,0 days 00:00:00.399114,0.8,10,3.0,0.9,16,68,COMPLETE
4433,4433,18682.0,2023-11-15 12:17:00.117868,2023-11-15 12:17:00.493057,0 days 00:00:00.375189,0.8,10,3.0,0.9,26,75,COMPLETE
4434,4434,16805.0,2023-11-15 12:17:00.495548,2023-11-15 12:17:00.887845,0 days 00:00:00.392297,0.8,10,2.75,0.8,19,62,COMPLETE
4435,4435,17825.5,2023-11-15 12:17:00.889654,2023-11-15 12:17:01.273059,0 days 00:00:00.383405,0.8,10,3.0,0.9,20,70,COMPLETE
4436,4436,17739.5,2023-11-15 12:17:01.274847,2023-11-15 12:17:01.657048,0 days 00:00:00.382201,0.8,10,2.5,0.9,23,81,COMPLETE
4437,4437,16719.5,2023-11-15 12:17:01.658750,2023-11-15 12:17:02.043661,0 days 00:00:00.384911,0.8,10,3.0,0.9,17,66,COMPLETE
4438,4438,16923.25,2023-11-15 12:17:02.046009,2023-11-15 12:17:02.433345,0 days 00:00:00.387336,0.8,10,3.0,0.9,14,76,COMPLETE
4439,4439,17275.25,2023-11-15 12:17:02.435111,2023-11-15 12:17:02.824463,0 days 00:00:00.389352,0.8,20,2.75,0.9,21,72,COMPLETE
4440,4440,17547.25,2023-11-15 12:17:02.826512,2023-11-15 12:17:03.208636,0 days 00:00:00.382124,0.8,10,3.0,0.9,74,68,COMPLETE
4441,4441,18872.25,2023-11-15 12:17:03.212444,2023-11-15 12:17:03.598616,0 days 00:00:00.386172,0.7000000000000001,10,3.0,0.9,18,73,COMPLETE
4442,4442,17649.5,2023-11-15 12:17:03.600713,2023-11-15 12:17:03.985261,0 days 00:00:00.384548,0.9,10,2.75,0.9,11,65,COMPLETE
4443,4443,18017.0,2023-11-15 12:17:03.986981,2023-11-15 12:17:04.370491,0 days 00:00:00.383510,0.8,10,3.0,0.6,24,78,COMPLETE
4444,4444,17825.5,2023-11-15 12:17:04.372442,2023-11-15 12:17:04.755397,0 days 00:00:00.382955,0.8,10,3.0,0.9,15,70,COMPLETE
4445,4445,17920.75,2023-11-15 12:17:04.757084,2023-11-15 12:17:05.138612,0 days 00:00:00.381528,0.8,10,3.0,0.9,44,74,COMPLETE
4446,4446,17115.5,2023-11-15 12:17:05.140433,2023-11-15 12:17:05.524432,0 days 00:00:00.383999,0.8,10,3.0,0.9,20,69,COMPLETE
4447,4447,18215.25,2023-11-15 12:17:05.526507,2023-11-15 12:17:05.911675,0 days 00:00:00.385168,0.8,10,2.75,0.9,17,72,COMPLETE
