,number,value,datetime_start,datetime_complete,duration,params_alpha,params_decay_interval,params_decay_rate,params_gamma,params_initialization,params_max_steps,state
5645,5645,17828.0,2023-11-15 12:25:49.061558,2023-11-15 12:25:49.565235,0 days 00:00:00.503677,0.8,10,2.5,0.9,30,74,COMPLETE
5646,5646,17922.5,2023-11-15 12:25:49.567195,2023-11-15 12:25:50.050157,0 days 00:00:00.482962,0.8,10,3.0,0.8,14,70,COMPLETE
5647,5647,17739.5,2023-11-15 12:25:50.052421,2023-11-15 12:25:50.539092,0 days 00:00:00.486671,0.8,10,3.0,0.9,16,81,COMPLETE
5648,5648,17455.75,2023-11-15 12:25:50.541150,2023-11-15 12:25:51.023637,0 days 00:00:00.482487,0.9,10,3.0,0.9,20,67,COMPLETE
5649,5649,17933.25,2023-11-15 12:25:51.025586,2023-11-15 12:25:51.508942,0 days 00:00:00.483356,0.8,10,2.75,0.7000000000000001,18,77,COMPLETE
5650,5650,16554.75,2023-11-15 12:25:51.510938,2023-11-15 12:25:52.001125,0 days 00:00:00.490187,0.8,10,3.0,0.5,22,61,COMPLETE
5651,5651,15761.75,2023-11-15 12:25:52.003778,2023-11-15 12:25:52.522018,0 days 00:00:00.518240,0.5,20,3.0,0.9,26,73,COMPLETE
5652,5652,17829.75,2023-11-15 12:25:52.524042,2023-11-15 12:25:53.010826,0 days 00:00:00.486784,0.7000000000000001,10,2.75,0.9,12,70,COMPLETE
5653,5653,16719.5,2023-11-15 12:25:53.012848,2023-11-15 12:25:53.505930,0 days 00:00:00.493082,0.8,10,3.0,0.9,16,66,COMPLETE
5654,5654,18682.0,2023-11-15 12:25:53.508072,2023-11-15 12:25:53.990122,0 days 00:00:00.482050,0.8,10,3.0,0.9,20,75,COMPLETE
5655,5655,18122.5,2023-11-15 12:25:53.992092,2023-11-15 12:25:54.473400,0 days 00:00:00.481308,0.8,10,3.0,0.9,41,72,COMPLETE
5656,5656,17369.25,2023-11-15 12:25:54.475372,2023-11-15 12:25:54.969915,0 days 00:00:00.494543,0.8,10,3.0,0.9,18,79,COMPLETE
5657,5657,17549.5,2023-11-15 12:25:54.972474,2023-11-15 12:25:55.467494,0 days 00:00:00.495020,0.7000000000000001,10,2.75,0.9,23,68,COMPLETE
5658,5658,16928.25,2023-11-15 12:25:55.469892,2023-11-15 12:25:55.978722,0 days 00:00:00.508830,0.8,10,2.5,0.9,21,64,COMPLETE
5659,5659,13891.0,2023-11-15 12:25:55.980683,2023-11-15 12:25:56.488917,0 days 00:00:00.508234,0.1,10,3.0,0.9,14,71,COMPLETE
5660,5660,16916.25,2023-11-15 12:25:56.491059,2023-11-15 12:25:56.989647,0 days 00:00:00.498588,0.8,20,3.0,0.8,24,75,COMPLETE
5661,5661,17115.5,2023-11-15 12:25:56.991583,2023-11-15 12:25:57.485166,0 days 00:00:00.493583,0.8,10,3.0,0.9,18,69,COMPLETE
5662,5662,12440.75,2023-11-15 12:25:57.487836,2023-11-15 12:25:58.001422,0 days 00:00:00.513586,0.8,80,2.75,0.9,27,73,COMPLETE
5663,5663,16719.5,2023-11-15 12:25:58.004275,2023-11-15 12:25:58.493535,0 days 00:00:00.489260,0.8,10,3.0,0.9,16,66,COMPLETE
5664,5664,18121.5,2023-11-15 12:25:58.495843,2023-11-15 12:25:59.000495,0 days 00:00:00.504652,0.8,10,3.0,0.9,20,77,COMPLETE
5665,5665,19260.75,2023-11-15 12:25:59.003037,2023-11-15 12:25:59.488429,0 days 00:00:00.485392,0.8,10,3.0,0.9,22,71,COMPLETE
5666,5666,17547.25,2023-11-15 12:25:59.490410,2023-11-15 12:25:59.976278,0 days 00:00:00.485868,0.8,10,3.0,0.9,11,68,COMPLETE
5667,5667,16543.25,2023-11-15 12:25:59.978211,2023-11-15 12:26:00.472605,0 days 00:00:00.494394,0.8,10,2.75,0.9,18,63,COMPLETE
5668,5668,16911.0,2023-11-15 12:26:00.474655,2023-11-15 12:26:00.964236,0 days 00:00:00.489581,0.9,10,2.0,0.9,93,73,COMPLETE
5669,5669,18592.5,2023-11-15 12:26:00.966187,2023-11-15 12:26:01.446236,0 days 00:00:00.480049,0.8,10,3.0,0.9,25,87,COMPLETE
5670,5670,17290.5,2023-11-15 12:26:01.448806,2023-11-15 12:26:01.960494,0 days 00:00:00.511688,0.8,10,3.0,0.6,14,69,COMPLETE
5671,5671,17196.25,2023-11-15 12:26:01.962596,2023-11-15 12:26:02.454437,0 days 00:00:00.491841,0.8,10,2.75,0.9,20,76,COMPLETE
5672,5672,17275.25,2023-11-15 12:26:02.456752,2023-11-15 12:26:02.951463,0 days 00:00:00.494711,0.8,20,3.0,0.9,16,72,COMPLETE
5673,5673,17370.5,2023-11-15 12:26:02.954338,2023-11-15 12:26:03.454642,0 days 00:00:00.500304,0.8,10,2.5,0.9,24,79,COMPLETE
5674,5674,16719.5,2023-11-15 12:26:03.456790,2023-11-15 12:26:03.954594,0 days 00:00:00.497804,0.8,10,3.0,0.9,22,66,COMPLETE
5675,5675,19260.75,2023-11-15 12:26:03.956629,2023-11-15 12:26:04.431808,0 days 00:00:00.475179,0.9,10,3.0,0.9,19,74,COMPLETE
5676,5676,17922.5,2023-11-15 12:26:04.433893,2023-11-15 12:26:04.942159,0 days 00:00:00.508266,0.8,10,2.75,0.8,17,70,COMPLETE
5677,5677,16626.25,2023-11-15 12:26:04.944302,2023-11-15 12:26:05.431307,0 days 00:00:00.487005,0.8,10,3.0,0.9,21,57,COMPLETE
5678,5678,16650.75,2023-11-15 12:26:05.433461,2023-11-15 12:26:05.920480,0 days 00:00:00.487019,0.7000000000000001,10,2.25,0.9,19,61,COMPLETE
5679,5679,16620.5,2023-11-15 12:26:05.922746,2023-11-15 12:26:06.419330,0 days 00:00:00.496584,0.8,20,3.0,0.9,14,67,COMPLETE
5680,5680,15672.5,2023-11-15 12:26:06.421948,2023-11-15 12:26:06.925972,0 days 00:00:00.504024,0.8,50,3.0,0.9,16,71,COMPLETE
5681,5681,17640.75,2023-11-15 12:26:06.928027,2023-11-15 12:26:07.416787,0 days 00:00:00.488760,0.8,10,2.75,0.9,31,82,COMPLETE
5682,5682,18682.0,2023-11-15 12:26:07.418907,2023-11-15 12:26:07.916949,0 days 00:00:00.498042,0.8,10,3.0,0.9,24,75,COMPLETE
5683,5683,17115.5,2023-11-15 12:26:07.919407,2023-11-15 12:26:08.411770,0 days 00:00:00.492363,0.8,10,3.0,0.9,27,69,COMPLETE
5684,5684,17654.5,2023-11-15 12:26:08.413870,2023-11-15 12:26:08.906597,0 days 00:00:00.492727,0.8,10,3.0,0.9,22,65,COMPLETE
5685,5685,18872.25,2023-11-15 12:26:08.908550,2023-11-15 12:26:09.390309,0 days 00:00:00.481759,0.7000000000000001,10,2.75,0.9,17,73,COMPLETE
5686,5686,18121.5,2023-11-15 12:26:09.392260,2023-11-15 12:26:09.884015,0 days 00:00:00.491755,0.8,10,3.0,0.9,19,77,COMPLETE
5687,5687,19260.75,2023-11-15 12:26:09.886361,2023-11-15 12:26:10.376371,0 days 00:00:00.490010,0.8,10,3.0,0.9,15,71,COMPLETE
5688,5688,17745.25,2023-11-15 12:26:10.378340,2023-11-15 12:26:10.872761,0 days 00:00:00.494421,0.9,10,2.75,0.9,21,68,COMPLETE
5689,5689,17014.0,2023-11-15 12:26:10.875148,2023-11-15 12:26:11.389604,0 days 00:00:00.514456,0.8,10,3.0,0.9,10,64,COMPLETE
5690,5690,16916.25,2023-11-15 12:26:11.391755,2023-11-15 12:26:11.901980,0 days 00:00:00.510225,0.8,20,3.0,0.8,12,75,COMPLETE
5691,5691,18122.5,2023-11-15 12:26:11.904857,2023-11-15 12:26:12.392778,0 days 00:00:00.487921,0.8,10,3.0,0.9,25,72,COMPLETE
5692,5692,17547.25,2023-11-15 12:26:12.394766,2023-11-15 12:26:12.893422,0 days 00:00:00.498656,0.8,10,2.75,0.9,18,68,COMPLETE
5693,5693,13554.0,2023-11-15 12:26:12.895357,2023-11-15 12:26:13.400906,0 days 00:00:00.505549,0.8,70,3.0,0.9,23,79,COMPLETE
5694,5694,17920.75,2023-11-15 12:26:13.403485,2023-11-15 12:26:13.893797,0 days 00:00:00.490312,0.8,10,3.0,0.9,20,74,COMPLETE
5695,5695,17826.25,2023-11-15 12:26:13.895736,2023-11-15 12:26:14.401609,0 days 00:00:00.505873,0.8,10,2.5,0.9,29,70,COMPLETE
5696,5696,16719.5,2023-11-15 12:26:14.404481,2023-11-15 12:26:14.888021,0 days 00:00:00.483540,0.8,10,2.75,0.9,8,66,COMPLETE
5697,5697,17224.5,2023-11-15 12:26:14.890219,2023-11-15 12:26:15.371715,0 days 00:00:00.481496,0.8,10,3.0,0.1,15,77,COMPLETE
5698,5698,19260.75,2023-11-15 12:26:15.373971,2023-11-15 12:26:15.851059,0 days 00:00:00.477088,0.8,10,3.0,0.9,18,71,COMPLETE
5699,5699,16714.0,2023-11-15 12:26:15.853405,2023-11-15 12:26:16.339323,0 days 00:00:00.485918,0.7000000000000001,10,3.0,0.9,22,62,COMPLETE
5700,5700,18018.25,2023-11-15 12:26:16.341798,2023-11-15 12:26:16.819585,0 days 00:00:00.477787,0.8,10,3.0,0.8,20,74,COMPLETE
5701,5701,17917.0,2023-11-15 12:26:16.822048,2023-11-15 12:26:17.300648,0 days 00:00:00.478600,0.8,10,3.0,0.9,17,67,COMPLETE
5702,5702,17825.5,2023-11-15 12:26:17.303029,2023-11-15 12:26:17.816504,0 days 00:00:00.513475,0.8,10,2.75,0.9,14,70,COMPLETE
5703,5703,16636.0,2023-11-15 12:26:17.818897,2023-11-15 12:26:18.320897,0 days 00:00:00.502000,0.8,20,3.0,0.9,25,73,COMPLETE
5704,5704,18026.0,2023-11-15 12:26:18.323215,2023-11-15 12:26:18.807551,0 days 00:00:00.484336,0.8,10,3.0,0.9,23,77,COMPLETE
5705,5705,17115.5,2023-11-15 12:26:18.809756,2023-11-15 12:26:19.305167,0 days 00:00:00.495411,0.8,10,2.75,0.9,20,69,COMPLETE
5706,5706,17654.5,2023-11-15 12:26:19.307281,2023-11-15 12:26:19.792101,0 days 00:00:00.484820,0.8,10,3.0,0.9,17,65,COMPLETE
5707,5707,0.0,2023-11-15 12:26:19.794208,2023-11-15 12:26:20.270464,0 days 00:00:00.476256,0.9,10,3.0,0.9,13,7,COMPLETE
5708,5708,17642.5,2023-11-15 12:26:20.272855,2023-11-15 12:26:20.783986,0 days 00:00:00.511131,0.8,10,3.0,0.9,21,82,COMPLETE
5709,5709,17920.75,2023-11-15 12:26:20.786252,2023-11-15 12:26:21.299401,0 days 00:00:00.513149,0.8,10,2.75,0.9,27,74,COMPLETE
5710,5710,18493.25,2023-11-15 12:26:21.301434,2023-11-15 12:26:21.780947,0 days 00:00:00.479513,0.8,10,2.5,0.9,19,72,COMPLETE
5711,5711,15899.75,2023-11-15 12:26:21.783112,2023-11-15 12:26:22.281648,0 days 00:00:00.498536,0.8,20,3.0,0.9,15,68,COMPLETE
5712,5712,17271.75,2023-11-15 12:26:22.283889,2023-11-15 12:26:22.767811,0 days 00:00:00.483922,0.8,10,3.0,0.9,23,59,COMPLETE
5713,5713,11625.75,2023-11-15 12:26:22.770070,2023-11-15 12:26:23.279106,0 days 00:00:00.509036,0.8,100,2.75,0.9,17,64,COMPLETE
5714,5714,17193.75,2023-11-15 12:26:23.281113,2023-11-15 12:26:23.773188,0 days 00:00:00.492075,0.8,10,3.0,0.8,21,76,COMPLETE
5715,5715,18973.5,2023-11-15 12:26:23.775373,2023-11-15 12:26:24.275896,0 days 00:00:00.500523,0.7000000000000001,10,3.0,0.9,25,71,COMPLETE
5716,5716,17369.25,2023-11-15 12:26:24.277945,2023-11-15 12:26:24.767036,0 days 00:00:00.489091,0.8,10,3.0,0.9,52,79,COMPLETE
5717,5717,17547.25,2023-11-15 12:26:24.769291,2023-11-15 12:26:25.250873,0 days 00:00:00.481582,0.8,10,2.75,0.9,19,68,COMPLETE
5718,5718,18028.25,2023-11-15 12:26:25.253739,2023-11-15 12:26:25.728044,0 days 00:00:00.474305,0.8,10,2.25,0.9,12,72,COMPLETE
5719,5719,18682.0,2023-11-15 12:26:25.730272,2023-11-15 12:26:26.210388,0 days 00:00:00.480116,0.8,10,3.0,0.9,16,75,COMPLETE
5720,5720,16565.5,2023-11-15 12:26:26.212476,2023-11-15 12:26:26.711166,0 days 00:00:00.498690,0.9,10,0.5,0.9,22,69,COMPLETE
5721,5721,17631.75,2023-11-15 12:26:26.713571,2023-11-15 12:26:27.218172,0 days 00:00:00.504601,0.8,20,3.0,0.9,18,65,COMPLETE
5722,5722,18122.5,2023-11-15 12:26:27.221022,2023-11-15 12:26:27.707663,0 days 00:00:00.486641,0.8,10,3.0,0.9,23,72,COMPLETE
5723,5723,15216.5,2023-11-15 12:26:27.709711,2023-11-15 12:26:28.190091,0 days 00:00:00.480380,0.8,10,3.0,0.9,15,30,COMPLETE
5724,5724,17545.25,2023-11-15 12:26:28.192394,2023-11-15 12:26:28.681095,0 days 00:00:00.488701,0.8,10,2.75,0.9,67,78,COMPLETE
5725,5725,17917.0,2023-11-15 12:26:28.683388,2023-11-15 12:26:29.174502,0 days 00:00:00.491114,0.8,10,3.0,0.9,19,67,COMPLETE
5726,5726,16708.75,2023-11-15 12:26:29.176539,2023-11-15 12:26:29.671331,0 days 00:00:00.494792,0.8,10,2.5,0.9,21,62,COMPLETE
5727,5727,18018.25,2023-11-15 12:26:29.673356,2023-11-15 12:26:30.162325,0 days 00:00:00.488969,0.8,10,3.0,0.8,25,74,COMPLETE
5728,5728,18407.5,2023-11-15 12:26:30.164356,2023-11-15 12:26:30.662252,0 days 00:00:00.497896,0.5,10,2.75,0.9,17,71,COMPLETE
5729,5729,17115.5,2023-11-15 12:26:30.664292,2023-11-15 12:26:31.153769,0 days 00:00:00.489477,0.8,10,3.0,0.9,14,69,COMPLETE
5730,5730,16923.25,2023-11-15 12:26:31.155949,2023-11-15 12:26:31.653854,0 days 00:00:00.497905,0.8,10,3.0,0.9,27,76,COMPLETE
5731,5731,16639.5,2023-11-15 12:26:31.656299,2023-11-15 12:26:32.148408,0 days 00:00:00.492109,0.7000000000000001,20,2.75,0.9,20,73,COMPLETE
5732,5732,16719.5,2023-11-15 12:26:32.150472,2023-11-15 12:26:32.636934,0 days 00:00:00.486462,0.8,10,3.0,0.9,18,66,COMPLETE
5733,5733,17833.0,2023-11-15 12:26:32.639401,2023-11-15 12:26:33.132960,0 days 00:00:00.493559,0.8,10,3.0,0.9,23,80,COMPLETE
5734,5734,18109.0,2023-11-15 12:26:33.135067,2023-11-15 12:26:33.632371,0 days 00:00:00.497304,0.9,10,3.0,0.9,16,70,COMPLETE
5735,5735,18587.75,2023-11-15 12:26:33.643668,2023-11-15 12:26:34.137881,0 days 00:00:00.494213,0.6,10,3.0,0.9,21,75,COMPLETE
5736,5736,17115.5,2023-11-15 12:26:34.139932,2023-11-15 12:26:34.625902,0 days 00:00:00.485970,0.8,10,3.0,0.9,19,69,COMPLETE
5737,5737,16661.0,2023-11-15 12:26:34.627916,2023-11-15 12:26:35.115577,0 days 00:00:00.487661,0.8,10,2.75,0.8,12,64,COMPLETE
5738,5738,18122.5,2023-11-15 12:26:35.117619,2023-11-15 12:26:35.599564,0 days 00:00:00.481945,0.8,10,3.0,0.9,22,72,COMPLETE
5739,5739,16620.5,2023-11-15 12:26:35.601804,2023-11-15 12:26:36.089785,0 days 00:00:00.487981,0.8,20,2.75,0.9,24,67,COMPLETE
5740,5740,13045.0,2023-11-15 12:26:36.092071,2023-11-15 12:26:36.580340,0 days 00:00:00.488269,0.8,10,3.0,0.9,16,22,COMPLETE
5741,5741,16923.25,2023-11-15 12:26:36.582387,2023-11-15 12:26:37.115386,0 days 00:00:00.532999,0.8,10,3.0,0.9,29,76,COMPLETE
5742,5742,19260.75,2023-11-15 12:26:37.117396,2023-11-15 12:26:37.612955,0 days 00:00:00.495559,0.8,10,3.0,0.9,19,71,COMPLETE
5743,5743,17369.5,2023-11-15 12:26:37.615053,2023-11-15 12:26:38.098963,0 days 00:00:00.483910,0.8,10,3.0,0.9,14,73,COMPLETE
5744,5744,14615.25,2023-11-15 12:26:38.100975,2023-11-15 12:26:38.610061,0 days 00:00:00.509086,0.7000000000000001,40,2.5,0.9,26,79,COMPLETE
5745,5745,17190.25,2023-11-15 12:26:38.612276,2023-11-15 12:26:39.110528,0 days 00:00:00.498252,0.8,10,2.75,0.4,21,68,COMPLETE
5746,5746,16899.75,2023-11-15 12:26:39.112746,2023-11-15 12:26:39.606840,0 days 00:00:00.494094,0.8,10,2.25,0.9,18,61,COMPLETE
5747,5747,18022.25,2023-11-15 12:26:39.608806,2023-11-15 12:26:40.127371,0 days 00:00:00.518565,0.8,10,3.0,0.9,24,123,COMPLETE
5748,5748,18297.0,2023-11-15 12:26:40.129528,2023-11-15 12:26:40.621671,0 days 00:00:00.492143,0.9,20,3.0,0.9,17,83,COMPLETE
5749,5749,17825.5,2023-11-15 12:26:40.623741,2023-11-15 12:26:41.116969,0 days 00:00:00.493228,0.8,10,3.0,0.9,10,70,COMPLETE
5750,5750,17654.5,2023-11-15 12:26:41.119066,2023-11-15 12:26:41.614632,0 days 00:00:00.495566,0.8,10,2.75,0.9,21,65,COMPLETE
5751,5751,18018.25,2023-11-15 12:26:41.616584,2023-11-15 12:26:42.104313,0 days 00:00:00.487729,0.8,10,3.0,0.8,14,74,COMPLETE
5752,5752,18121.5,2023-11-15 12:26:42.106364,2023-11-15 12:26:42.606024,0 days 00:00:00.499660,0.8,10,3.0,0.9,19,77,COMPLETE
5753,5753,18122.5,2023-11-15 12:26:42.608390,2023-11-15 12:26:43.120247,0 days 00:00:00.511857,0.8,10,3.0,0.9,23,72,COMPLETE
5754,5754,17644.5,2023-11-15 12:26:43.122583,2023-11-15 12:26:43.622248,0 days 00:00:00.499665,0.8,10,3.0,0.7000000000000001,16,67,COMPLETE
5755,5755,12567.75,2023-11-15 12:26:43.624317,2023-11-15 12:26:44.136798,0 days 00:00:00.512481,0.8,90,2.75,0.9,21,70,COMPLETE
5756,5756,18679.5,2023-11-15 12:26:44.139221,2023-11-15 12:26:44.632148,0 days 00:00:00.492927,0.7000000000000001,10,3.0,0.9,18,75,COMPLETE
5757,5757,17014.0,2023-11-15 12:26:44.634201,2023-11-15 12:26:45.126541,0 days 00:00:00.492340,0.8,10,3.0,0.9,20,64,COMPLETE
5758,5758,17115.5,2023-11-15 12:26:45.128630,2023-11-15 12:26:45.617679,0 days 00:00:00.489049,0.8,10,2.75,0.9,26,69,COMPLETE
5759,5759,17369.5,2023-11-15 12:26:45.620237,2023-11-15 12:26:46.142337,0 days 00:00:00.522100,0.8,10,3.0,0.9,12,73,COMPLETE
5760,5760,17917.25,2023-11-15 12:26:46.144374,2023-11-15 12:26:46.634660,0 days 00:00:00.490286,0.8,10,2.5,0.9,16,67,COMPLETE
5761,5761,17277.0,2023-11-15 12:26:46.638269,2023-11-15 12:26:47.134344,0 days 00:00:00.496075,0.9,20,3.0,0.9,24,77,COMPLETE
5762,5762,19260.75,2023-11-15 12:26:47.136832,2023-11-15 12:26:47.617183,0 days 00:00:00.480351,0.8,10,3.0,0.9,19,71,COMPLETE
5763,5763,17733.0,2023-11-15 12:26:47.619795,2023-11-15 12:26:48.121133,0 days 00:00:00.501338,0.8,10,2.0,0.9,22,74,COMPLETE
5764,5764,16543.25,2023-11-15 12:26:48.123151,2023-11-15 12:26:48.624812,0 days 00:00:00.501661,0.8,10,2.75,0.9,17,63,COMPLETE
5765,5765,17833.0,2023-11-15 12:26:48.626873,2023-11-15 12:26:49.136067,0 days 00:00:00.509194,0.8,10,3.0,0.9,14,80,COMPLETE
5766,5766,17922.5,2023-11-15 12:26:49.138809,2023-11-15 12:26:49.630922,0 days 00:00:00.492113,0.8,10,3.0,0.8,20,70,COMPLETE
5767,5767,16620.5,2023-11-15 12:26:49.633640,2023-11-15 12:26:50.133338,0 days 00:00:00.499698,0.8,20,3.0,0.9,28,67,COMPLETE
5768,5768,17186.0,2023-11-15 12:26:50.135622,2023-11-15 12:26:50.631488,0 days 00:00:00.495866,0.8,10,2.75,0.9,23,73,COMPLETE
5769,5769,19260.75,2023-11-15 12:26:50.633645,2023-11-15 12:26:51.120313,0 days 00:00:00.486668,0.8,10,3.0,0.6,15,76,COMPLETE
5770,5770,15759.0,2023-11-15 12:26:51.122624,2023-11-15 12:26:51.626990,0 days 00:00:00.504366,0.8,40,3.0,0.9,18,70,COMPLETE
5771,5771,17649.5,2023-11-15 12:26:51.629019,2023-11-15 12:26:52.123708,0 days 00:00:00.494689,0.9,10,2.75,0.9,25,65,COMPLETE
5772,5772,18122.5,2023-11-15 12:26:52.125800,2023-11-15 12:26:52.642851,0 days 00:00:00.517051,0.8,10,3.0,0.9,22,72,COMPLETE
5773,5773,17917.0,2023-11-15 12:26:52.645046,2023-11-15 12:26:53.140847,0 days 00:00:00.495801,0.8,10,3.0,0.9,20,67,COMPLETE
5774,5774,18679.5,2023-11-15 12:26:53.143126,2023-11-15 12:26:53.628047,0 days 00:00:00.484921,0.7000000000000001,10,3.0,0.9,17,75,COMPLETE
5775,5775,17271.75,2023-11-15 12:26:53.630087,2023-11-15 12:26:54.116724,0 days 00:00:00.486637,0.8,10,2.75,0.9,13,59,COMPLETE
5776,5776,17369.25,2023-11-15 12:26:54.119117,2023-11-15 12:26:54.613834,0 days 00:00:00.494717,0.8,10,3.0,0.9,31,79,COMPLETE
5777,5777,17020.25,2023-11-15 12:26:54.615886,2023-11-15 12:26:55.105260,0 days 00:00:00.489374,0.8,10,3.0,0.8,19,69,COMPLETE
5778,5778,16293.25,2023-11-15 12:26:55.107566,2023-11-15 12:26:55.629722,0 days 00:00:00.522156,0.8,30,3.0,0.9,22,72,COMPLETE
5779,5779,17547.25,2023-11-15 12:26:55.631728,2023-11-15 12:26:56.125465,0 days 00:00:00.493737,0.8,10,2.75,0.9,16,68,COMPLETE
5780,5780,16543.25,2023-11-15 12:26:56.127467,2023-11-15 12:26:56.626315,0 days 00:00:00.498848,0.8,10,3.0,0.9,24,63,COMPLETE
5781,5781,17376.75,2023-11-15 12:26:56.628287,2023-11-15 12:26:57.124095,0 days 00:00:00.495808,0.8,10,2.5,0.9,20,76,COMPLETE
5782,5782,18122.5,2023-11-15 12:26:57.126358,2023-11-15 12:26:57.622220,0 days 00:00:00.495862,0.8,10,3.0,0.9,26,72,COMPLETE
5783,5783,18392.25,2023-11-15 12:26:57.624399,2023-11-15 12:26:58.107344,0 days 00:00:00.482945,0.7000000000000001,20,3.0,0.9,17,70,COMPLETE
5784,5784,17920.75,2023-11-15 12:26:58.109539,2023-11-15 12:26:58.599069,0 days 00:00:00.489530,0.8,10,2.75,0.9,15,74,COMPLETE
5785,5785,16719.5,2023-11-15 12:26:58.601534,2023-11-15 12:26:59.121400,0 days 00:00:00.519866,0.8,10,3.0,0.9,21,66,COMPLETE
5786,5786,13466.5,2023-11-15 12:26:59.123384,2023-11-15 12:26:59.628886,0 days 00:00:00.505502,0.8,50,3.0,0.9,12,46,COMPLETE
5787,5787,14651.75,2023-11-15 12:26:59.631011,2023-11-15 12:27:00.151928,0 days 00:00:00.520917,0.9,60,2.75,0.9,18,77,COMPLETE
5788,5788,18009.75,2023-11-15 12:27:00.154644,2023-11-15 12:27:00.657028,0 days 00:00:00.502384,0.8,10,3.0,0.9,23,119,COMPLETE
5789,5789,17825.5,2023-11-15 12:27:00.659168,2023-11-15 12:27:01.152428,0 days 00:00:00.493260,0.8,10,3.0,0.9,19,70,COMPLETE
5790,5790,17185.25,2023-11-15 12:27:01.154877,2023-11-15 12:27:01.645416,0 days 00:00:00.490539,0.8,10,3.0,0.9,15,73,COMPLETE
5791,5791,16719.5,2023-11-15 12:27:01.647778,2023-11-15 12:27:02.162421,0 days 00:00:00.514643,0.8,10,2.75,0.9,22,66,COMPLETE
5792,5792,17846.25,2023-11-15 12:27:02.164445,2023-11-15 12:27:02.656241,0 days 00:00:00.491796,0.8,10,3.0,0.30000000000000004,10,79,COMPLETE
5793,5793,17737.25,2023-11-15 12:27:02.658352,2023-11-15 12:27:03.151405,0 days 00:00:00.493053,0.7000000000000001,10,3.0,0.8,25,70,COMPLETE
5794,5794,11460.5,2023-11-15 12:27:03.154014,2023-11-15 12:27:03.674519,0 days 00:00:00.520505,0.8,70,3.0,0.9,20,61,COMPLETE
5795,5795,16916.75,2023-11-15 12:27:03.676556,2023-11-15 12:27:04.178006,0 days 00:00:00.501450,0.6,20,2.75,0.9,17,74,COMPLETE
5796,5796,17470.25,2023-11-15 12:27:04.180054,2023-11-15 12:27:04.667812,0 days 00:00:00.487758,0.8,10,2.5,0.5,13,68,COMPLETE
5797,5797,17941.5,2023-11-15 12:27:04.670448,2023-11-15 12:27:05.186198,0 days 00:00:00.515750,0.8,10,3.0,0.9,87,72,COMPLETE
5798,5798,17644.0,2023-11-15 12:27:05.188755,2023-11-15 12:27:05.679537,0 days 00:00:00.490782,0.8,10,3.0,0.9,27,82,COMPLETE
5799,5799,17014.0,2023-11-15 12:27:05.681738,2023-11-15 12:27:06.171991,0 days 00:00:00.490253,0.8,10,3.0,0.9,18,64,COMPLETE
5800,5800,16923.25,2023-11-15 12:27:06.174022,2023-11-15 12:27:06.676156,0 days 00:00:00.502134,0.8,10,3.0,0.9,21,76,COMPLETE
5801,5801,17115.5,2023-11-15 12:27:06.678529,2023-11-15 12:27:07.174284,0 days 00:00:00.495755,0.8,10,2.75,0.9,24,69,COMPLETE
5802,5802,16827.5,2023-11-15 12:27:07.176371,2023-11-15 12:27:07.678071,0 days 00:00:00.501700,0.9,10,3.0,0.9,42,73,COMPLETE
5803,5803,16091.25,2023-11-15 12:27:07.680099,2023-11-15 12:27:08.177412,0 days 00:00:00.497313,0.8,20,3.0,0.9,15,66,COMPLETE
5804,5804,18027.0,2023-11-15 12:27:08.179438,2023-11-15 12:27:08.688413,0 days 00:00:00.508975,0.8,10,3.0,0.8,20,77,COMPLETE
5805,5805,19260.75,2023-11-15 12:27:08.690431,2023-11-15 12:27:09.181704,0 days 00:00:00.491273,0.8,10,3.0,0.9,22,71,COMPLETE
5806,5806,17115.5,2023-11-15 12:27:09.183936,2023-11-15 12:27:09.677949,0 days 00:00:00.494013,0.8,10,2.75,0.9,8,69,COMPLETE
5807,5807,17188.25,2023-11-15 12:27:09.680029,2023-11-15 12:27:10.178531,0 days 00:00:00.498502,0.8,10,3.0,0.9,18,73,COMPLETE
5808,5808,17830.75,2023-11-15 12:27:10.180569,2023-11-15 12:27:10.667537,0 days 00:00:00.486968,0.7000000000000001,10,3.0,0.9,77,67,COMPLETE
5809,5809,18682.0,2023-11-15 12:27:10.670656,2023-11-15 12:27:11.157124,0 days 00:00:00.486468,0.8,10,2.75,0.9,16,75,COMPLETE
5810,5810,16543.25,2023-11-15 12:27:11.159208,2023-11-15 12:27:11.683545,0 days 00:00:00.524337,0.8,10,3.0,0.9,23,63,COMPLETE
5811,5811,16809.25,2023-11-15 12:27:11.686030,2023-11-15 12:27:12.189260,0 days 00:00:00.503230,0.8,20,2.25,0.9,19,85,COMPLETE
5812,5812,17369.25,2023-11-15 12:27:12.191499,2023-11-15 12:27:12.682399,0 days 00:00:00.490900,0.8,10,3.0,0.9,13,79,COMPLETE
5813,5813,19260.75,2023-11-15 12:27:12.684493,2023-11-15 12:27:13.184569,0 days 00:00:00.500076,0.8,10,3.0,0.8,21,71,COMPLETE
5814,5814,17917.0,2023-11-15 12:27:13.187141,2023-11-15 12:27:13.685189,0 days 00:00:00.498048,0.8,10,2.75,0.9,28,67,COMPLETE
5815,5815,18587.75,2023-11-15 12:27:13.688230,2023-11-15 12:27:14.182034,0 days 00:00:00.493804,0.9,10,3.0,0.9,18,75,COMPLETE
