,number,value,datetime_start,datetime_complete,duration,params_alpha,params_decay_interval,params_decay_rate,params_gamma,params_initialization,params_max_steps,state
1536,1536,19261.0,2023-11-15 10:45:10.748233,2023-11-15 10:45:10.931762,0 days 00:00:00.183529,0.2,10,2.0,0.9,4,147,COMPLETE
1537,1537,18889.75,2023-11-15 10:45:10.932851,2023-11-15 10:45:11.116315,0 days 00:00:00.183464,0.2,10,0.75,0.8,7,143,COMPLETE
1538,1538,18777.0,2023-11-15 10:45:11.117514,2023-11-15 10:45:11.312422,0 days 00:00:00.194908,0.2,10,0.25,0.9,2,140,COMPLETE
1539,1539,19271.0,2023-11-15 10:45:11.313572,2023-11-15 10:45:11.496793,0 days 00:00:00.183221,0.1,10,0.75,0.9,0,148,COMPLETE
1540,1540,18774.75,2023-11-15 10:45:11.497941,2023-11-15 10:45:11.689159,0 days 00:00:00.191218,0.2,10,1.0,0.9,4,136,COMPLETE
1541,1541,0.0,2023-11-15 10:45:11.690272,2023-11-15 10:45:11.880936,0 days 00:00:00.190664,0.30000000000000004,10,0.75,0.9,2,19,COMPLETE
1542,1542,18390.5,2023-11-15 10:45:11.882409,2023-11-15 10:45:12.068411,0 days 00:00:00.186002,0.2,20,0.5,0.9,0,143,COMPLETE
1543,1543,328.5,2023-11-15 10:45:12.069599,2023-11-15 10:45:12.299356,0 days 00:00:00.229757,0.2,10,0.75,0.9,5,38,COMPLETE
1544,1544,19082.5,2023-11-15 10:45:12.300502,2023-11-15 10:45:12.483675,0 days 00:00:00.183173,0.1,10,0.75,0.9,2,150,COMPLETE
1545,1545,17688.75,2023-11-15 10:45:12.485426,2023-11-15 10:45:12.694410,0 days 00:00:00.208984,0.2,10,0.75,0.8,29,145,COMPLETE
1546,1546,19261.0,2023-11-15 10:45:12.695743,2023-11-15 10:45:12.925296,0 days 00:00:00.229553,0.1,10,0.75,0.9,8,147,COMPLETE
1547,1547,15722.25,2023-11-15 10:45:12.926625,2023-11-15 10:45:13.159176,0 days 00:00:00.232551,0.2,50,1.0,0.9,0,129,COMPLETE
1548,1548,15910.25,2023-11-15 10:45:13.160776,2023-11-15 10:45:13.400178,0 days 00:00:00.239402,0.2,20,0.75,0.5,4,140,COMPLETE
1549,1549,17055.0,2023-11-15 10:45:13.401470,2023-11-15 10:45:13.629836,0 days 00:00:00.228366,0.2,10,0.75,0.6,2,143,COMPLETE
1550,1550,19271.0,2023-11-15 10:45:13.631045,2023-11-15 10:45:13.809574,0 days 00:00:00.178529,0.2,10,0.75,0.9,0,148,COMPLETE
1551,1551,19166.75,2023-11-15 10:45:13.811158,2023-11-15 10:45:13.995490,0 days 00:00:00.184332,0.2,10,0.5,0.9,7,145,COMPLETE
1552,1552,19051.5,2023-11-15 10:45:13.996835,2023-11-15 10:45:14.183572,0 days 00:00:00.186737,0.1,10,0.75,0.9,4,142,COMPLETE
1553,1553,19066.5,2023-11-15 10:45:14.184692,2023-11-15 10:45:14.369952,0 days 00:00:00.185260,0.2,10,1.0,0.9,2,138,COMPLETE
1554,1554,18653.75,2023-11-15 10:45:14.371180,2023-11-15 10:45:14.556334,0 days 00:00:00.185154,0.30000000000000004,10,0.75,0.9,6,114,COMPLETE
1555,1555,19261.0,2023-11-15 10:45:14.557811,2023-11-15 10:45:14.739672,0 days 00:00:00.181861,0.1,10,0.75,0.8,0,150,COMPLETE
1556,1556,19313.25,2023-11-15 10:45:14.741049,2023-11-15 10:45:14.926184,0 days 00:00:00.185135,0.2,10,0.75,0.9,3,145,COMPLETE
1557,1557,19182.25,2023-11-15 10:45:14.927767,2023-11-15 10:45:15.112826,0 days 00:00:00.185059,0.2,10,0.75,0.9,16,148,COMPLETE
1558,1558,18824.75,2023-11-15 10:45:15.114034,2023-11-15 10:45:15.303749,0 days 00:00:00.189715,0.2,10,0.25,0.9,2,141,COMPLETE
1559,1559,18493.25,2023-11-15 10:45:15.304925,2023-11-15 10:45:15.513309,0 days 00:00:00.208384,0.2,20,0.75,0.9,5,145,COMPLETE
1560,1560,19161.25,2023-11-15 10:45:15.514449,2023-11-15 10:45:15.699965,0 days 00:00:00.185516,0.2,10,1.0,0.9,10,137,COMPLETE
1561,1561,14882.5,2023-11-15 10:45:15.701173,2023-11-15 10:45:15.926719,0 days 00:00:00.225546,0.2,70,0.75,0.9,0,147,COMPLETE
1562,1562,19166.0,2023-11-15 10:45:15.928338,2023-11-15 10:45:16.106896,0 days 00:00:00.178558,0.1,10,0.75,0.9,2,143,COMPLETE
1563,1563,19111.25,2023-11-15 10:45:16.108100,2023-11-15 10:45:16.288386,0 days 00:00:00.180286,0.2,10,0.75,0.9,4,150,COMPLETE
1564,1564,19261.0,2023-11-15 10:45:16.289727,2023-11-15 10:45:16.470771,0 days 00:00:00.181044,0.2,10,0.5,0.9,0,140,COMPLETE
1565,1565,19261.0,2023-11-15 10:45:16.471918,2023-11-15 10:45:16.648743,0 days 00:00:00.176825,0.1,10,0.75,0.9,6,147,COMPLETE
1566,1566,13373.0,2023-11-15 10:45:16.649905,2023-11-15 10:45:16.875553,0 days 00:00:00.225648,0.2,10,1.0,0.9,62,143,COMPLETE
1567,1567,18453.5,2023-11-15 10:45:16.879401,2023-11-15 10:45:17.067506,0 days 00:00:00.188105,0.4,20,0.75,0.8,2,145,COMPLETE
1568,1568,15304.25,2023-11-15 10:45:17.068712,2023-11-15 10:45:17.275661,0 days 00:00:00.206949,0.2,10,0.75,0.6,4,102,COMPLETE
1569,1569,19163.75,2023-11-15 10:45:17.277231,2023-11-15 10:45:17.455967,0 days 00:00:00.178736,0.2,10,0.75,0.9,0,150,COMPLETE
1570,1570,19067.0,2023-11-15 10:45:17.457248,2023-11-15 10:45:17.637887,0 days 00:00:00.180639,0.1,10,0.75,0.9,2,134,COMPLETE
1571,1571,19066.25,2023-11-15 10:45:17.639827,2023-11-15 10:45:17.817963,0 days 00:00:00.178136,0.2,10,0.5,0.9,44,140,COMPLETE
1572,1572,19276.25,2023-11-15 10:45:17.819246,2023-11-15 10:45:18.001452,0 days 00:00:00.182206,0.2,10,0.75,0.9,3,146,COMPLETE
1573,1573,19012.0,2023-11-15 10:45:18.002776,2023-11-15 10:45:18.183561,0 days 00:00:00.180785,0.30000000000000004,10,1.0,0.9,25,143,COMPLETE
1574,1574,19136.75,2023-11-15 10:45:18.184653,2023-11-15 10:45:18.364717,0 days 00:00:00.180064,0.2,10,0.75,0.8,8,147,COMPLETE
1575,1575,18969.25,2023-11-15 10:45:18.366161,2023-11-15 10:45:18.549108,0 days 00:00:00.182947,0.1,10,0.75,0.9,0,138,COMPLETE
1576,1576,17980.25,2023-11-15 10:45:18.550494,2023-11-15 10:45:18.741515,0 days 00:00:00.191021,0.30000000000000004,10,0.75,0.9,86,143,COMPLETE
1577,1577,19111.25,2023-11-15 10:45:18.743014,2023-11-15 10:45:18.924489,0 days 00:00:00.181475,0.2,10,0.75,0.9,5,150,COMPLETE
1578,1578,19261.0,2023-11-15 10:45:18.925719,2023-11-15 10:45:19.104963,0 days 00:00:00.179244,0.2,10,1.0,0.9,2,147,COMPLETE
1579,1579,15941.75,2023-11-15 10:45:19.106385,2023-11-15 10:45:19.330913,0 days 00:00:00.224528,0.9,10,0.75,0.9,0,141,COMPLETE
1580,1580,16514.25,2023-11-15 10:45:19.332187,2023-11-15 10:45:19.538808,0 days 00:00:00.206621,0.2,10,0.75,0.5,6,145,COMPLETE
1581,1581,19261.0,2023-11-15 10:45:19.540120,2023-11-15 10:45:19.718520,0 days 00:00:00.178400,0.2,10,0.75,0.9,3,147,COMPLETE
1582,1582,18013.75,2023-11-15 10:45:19.719916,2023-11-15 10:45:19.912285,0 days 00:00:00.192369,0.1,20,0.75,0.9,2,144,COMPLETE
1583,1583,18631.75,2023-11-15 10:45:19.913436,2023-11-15 10:45:20.108374,0 days 00:00:00.194938,0.2,10,0.25,0.9,4,141,COMPLETE
1584,1584,19161.25,2023-11-15 10:45:20.109848,2023-11-15 10:45:20.294061,0 days 00:00:00.184213,0.2,10,0.75,0.8,0,137,COMPLETE
1585,1585,18873.0,2023-11-15 10:45:20.295768,2023-11-15 10:45:20.492798,0 days 00:00:00.197030,0.2,10,1.0,0.9,8,150,COMPLETE
1586,1586,19261.0,2023-11-15 10:45:20.494267,2023-11-15 10:45:20.673491,0 days 00:00:00.179224,0.1,10,0.75,0.9,2,147,COMPLETE
1587,1587,18116.25,2023-11-15 10:45:20.674588,2023-11-15 10:45:20.868148,0 days 00:00:00.193560,0.2,10,0.5,0.6,6,143,COMPLETE
1588,1588,19359.75,2023-11-15 10:45:20.869253,2023-11-15 10:45:21.050406,0 days 00:00:00.181153,0.2,10,0.75,0.9,0,145,COMPLETE
1589,1589,19066.25,2023-11-15 10:45:21.052462,2023-11-15 10:45:21.238597,0 days 00:00:00.186135,0.2,10,0.75,0.9,4,140,COMPLETE
1590,1590,19359.75,2023-11-15 10:45:21.239814,2023-11-15 10:45:21.427184,0 days 00:00:00.187370,0.1,10,0.75,0.9,2,148,COMPLETE
1591,1591,19110.5,2023-11-15 10:45:21.428491,2023-11-15 10:45:21.609130,0 days 00:00:00.180639,0.2,10,1.0,0.9,12,143,COMPLETE
1592,1592,18276.0,2023-11-15 10:45:21.610561,2023-11-15 10:45:21.802983,0 days 00:00:00.192422,0.30000000000000004,20,0.75,0.9,0,150,COMPLETE
1593,1593,18898.0,2023-11-15 10:45:21.804167,2023-11-15 10:45:21.997963,0 days 00:00:00.193796,0.2,10,0.75,0.8,3,145,COMPLETE
1594,1594,17235.25,2023-11-15 10:45:21.999117,2023-11-15 10:45:22.225293,0 days 00:00:00.226176,0.2,30,0.5,0.9,6,139,COMPLETE
1595,1595,19261.0,2023-11-15 10:45:22.226843,2023-11-15 10:45:22.409165,0 days 00:00:00.182322,0.1,10,0.75,0.9,2,147,COMPLETE
1596,1596,19093.75,2023-11-15 10:45:22.411017,2023-11-15 10:45:22.591682,0 days 00:00:00.180665,0.2,10,0.75,0.9,4,142,COMPLETE
1597,1597,18948.75,2023-11-15 10:45:22.592954,2023-11-15 10:45:22.781634,0 days 00:00:00.188680,0.2,10,1.0,0.9,0,132,COMPLETE
1598,1598,18255.25,2023-11-15 10:45:22.782813,2023-11-15 10:45:22.966243,0 days 00:00:00.183430,0.2,10,0.75,0.9,2,34,COMPLETE
1599,1599,18405.25,2023-11-15 10:45:22.967621,2023-11-15 10:45:23.154676,0 days 00:00:00.187055,0.2,10,0.75,0.8,4,136,COMPLETE
1600,1600,17292.5,2023-11-15 10:45:23.155780,2023-11-15 10:45:23.345161,0 days 00:00:00.189381,0.2,20,0.75,0.9,38,89,COMPLETE
1601,1601,18829.5,2023-11-15 10:45:23.346623,2023-11-15 10:45:23.541359,0 days 00:00:00.194736,0.1,10,0.75,0.9,10,145,COMPLETE
1602,1602,19271.0,2023-11-15 10:45:23.542578,2023-11-15 10:45:23.727982,0 days 00:00:00.185404,0.30000000000000004,10,0.75,0.9,0,148,COMPLETE
1603,1603,19132.0,2023-11-15 10:45:23.729154,2023-11-15 10:45:23.915444,0 days 00:00:00.186290,0.2,10,1.0,0.9,2,150,COMPLETE
1604,1604,19093.75,2023-11-15 10:45:23.916684,2023-11-15 10:45:24.101720,0 days 00:00:00.185036,0.2,10,0.75,0.9,7,142,COMPLETE
1605,1605,19265.0,2023-11-15 10:45:24.102822,2023-11-15 10:45:24.289169,0 days 00:00:00.186347,0.2,10,0.5,0.9,5,145,COMPLETE
1606,1606,19076.5,2023-11-15 10:45:24.290338,2023-11-15 10:45:24.478944,0 days 00:00:00.188606,0.1,10,0.75,0.9,0,139,COMPLETE
1607,1607,18875.25,2023-11-15 10:45:24.480111,2023-11-15 10:45:24.677650,0 days 00:00:00.197539,0.2,10,0.25,0.8,2,147,COMPLETE
1608,1608,18989.75,2023-11-15 10:45:24.678758,2023-11-15 10:45:24.869245,0 days 00:00:00.190487,0.4,10,0.75,0.9,4,143,COMPLETE
1609,1609,18393.5,2023-11-15 10:45:24.870410,2023-11-15 10:45:25.054103,0 days 00:00:00.183693,0.2,20,0.75,0.9,0,150,COMPLETE
1610,1610,19314.5,2023-11-15 10:45:25.055279,2023-11-15 10:45:25.243973,0 days 00:00:00.188694,0.1,10,0.75,0.9,2,145,COMPLETE
1611,1611,19066.25,2023-11-15 10:45:25.245351,2023-11-15 10:45:25.435243,0 days 00:00:00.189892,0.2,10,0.75,0.9,6,141,COMPLETE
1612,1612,19261.0,2023-11-15 10:45:25.436463,2023-11-15 10:45:25.614405,0 days 00:00:00.177942,0.2,10,1.0,0.9,4,147,COMPLETE
1613,1613,18751.25,2023-11-15 10:45:25.615596,2023-11-15 10:45:25.814461,0 days 00:00:00.198865,0.2,10,0.75,0.9,8,145,COMPLETE
1614,1614,15512.25,2023-11-15 10:45:25.815641,2023-11-15 10:45:26.023599,0 days 00:00:00.207958,0.2,60,0.5,0.5,0,136,COMPLETE
1615,1615,19049.0,2023-11-15 10:45:26.024701,2023-11-15 10:45:26.216570,0 days 00:00:00.191869,0.2,10,0.75,0.9,2,140,COMPLETE
1616,1616,17302.25,2023-11-15 10:45:26.217983,2023-11-15 10:45:26.441821,0 days 00:00:00.223838,0.7000000000000001,10,0.75,0.9,4,148,COMPLETE
1617,1617,16916.0,2023-11-15 10:45:26.443461,2023-11-15 10:45:26.636367,0 days 00:00:00.192906,0.1,40,0.75,0.8,0,143,COMPLETE
1618,1618,19132.0,2023-11-15 10:45:26.638124,2023-11-15 10:45:26.840727,0 days 00:00:00.202603,0.2,10,1.0,0.9,2,150,COMPLETE
1619,1619,19261.0,2023-11-15 10:45:26.842136,2023-11-15 10:45:27.027645,0 days 00:00:00.185509,0.30000000000000004,10,0.75,0.9,6,147,COMPLETE
1620,1620,19051.5,2023-11-15 10:45:27.028794,2023-11-15 10:45:27.249288,0 days 00:00:00.220494,0.2,10,0.75,0.9,2,142,COMPLETE
1621,1621,18588.25,2023-11-15 10:45:27.250780,2023-11-15 10:45:27.481752,0 days 00:00:00.230972,0.2,20,0.75,0.9,0,145,COMPLETE
1622,1622,18985.25,2023-11-15 10:45:27.483181,2023-11-15 10:45:27.703550,0 days 00:00:00.220369,0.1,10,0.75,0.9,4,138,COMPLETE
1623,1623,19014.75,2023-11-15 10:45:27.705042,2023-11-15 10:45:27.920819,0 days 00:00:00.215777,0.2,10,1.0,0.9,9,147,COMPLETE
1624,1624,15084.5,2023-11-15 10:45:27.922374,2023-11-15 10:45:28.189104,0 days 00:00:00.266730,0.2,10,0.5,0.6,54,143,COMPLETE
1625,1625,19082.5,2023-11-15 10:45:28.190395,2023-11-15 10:45:28.405006,0 days 00:00:00.214611,0.1,10,0.75,0.9,2,150,COMPLETE
1626,1626,19261.0,2023-11-15 10:45:28.406544,2023-11-15 10:45:28.621625,0 days 00:00:00.215081,0.2,10,0.75,0.9,0,140,COMPLETE
1627,1627,18398.5,2023-11-15 10:45:28.622958,2023-11-15 10:45:28.843967,0 days 00:00:00.221009,0.2,20,0.75,0.8,4,145,COMPLETE
1628,1628,19101.0,2023-11-15 10:45:28.845779,2023-11-15 10:45:29.081579,0 days 00:00:00.235800,0.2,10,0.25,0.9,6,148,COMPLETE
1629,1629,19051.5,2023-11-15 10:45:29.082816,2023-11-15 10:45:29.276577,0 days 00:00:00.193761,0.2,10,0.75,0.9,2,142,COMPLETE
1630,1630,19286.0,2023-11-15 10:45:29.278151,2023-11-15 10:45:29.470186,0 days 00:00:00.192035,0.4,10,1.0,0.9,0,145,COMPLETE
1631,1631,18985.25,2023-11-15 10:45:29.471663,2023-11-15 10:45:29.659180,0 days 00:00:00.187517,0.30000000000000004,10,0.75,0.9,4,138,COMPLETE
1632,1632,19261.0,2023-11-15 10:45:29.661307,2023-11-15 10:45:29.843958,0 days 00:00:00.182651,0.1,10,0.75,0.9,2,147,COMPLETE
1633,1633,19261.0,2023-11-15 10:45:29.845162,2023-11-15 10:45:30.031316,0 days 00:00:00.186154,0.2,10,0.75,0.8,0,142,COMPLETE
1634,1634,19262.25,2023-11-15 10:45:30.032444,2023-11-15 10:45:30.220159,0 days 00:00:00.187715,0.2,10,0.75,0.9,7,145,COMPLETE
1635,1635,18798.75,2023-11-15 10:45:30.221271,2023-11-15 10:45:30.407760,0 days 00:00:00.186489,0.2,10,1.0,0.9,3,135,COMPLETE
1636,1636,19110.25,2023-11-15 10:45:30.409100,2023-11-15 10:45:30.593265,0 days 00:00:00.184165,0.1,10,0.75,0.9,5,150,COMPLETE
1637,1637,17660.75,2023-11-15 10:45:30.594782,2023-11-15 10:45:30.793741,0 days 00:00:00.198959,0.2,10,0.5,0.9,66,147,COMPLETE
1638,1638,12003.75,2023-11-15 10:45:30.795393,2023-11-15 10:45:31.050101,0 days 00:00:00.254708,0.2,10,0.75,0.5,2,140,COMPLETE
1639,1639,19261.0,2023-11-15 10:45:31.051374,2023-11-15 10:45:31.244422,0 days 00:00:00.193048,0.2,10,0.75,0.9,0,143,COMPLETE
1640,1640,18422.75,2023-11-15 10:45:31.245941,2023-11-15 10:45:31.434850,0 days 00:00:00.188909,0.1,20,0.75,0.9,4,145,COMPLETE
1641,1641,19082.5,2023-11-15 10:45:31.436045,2023-11-15 10:45:31.619731,0 days 00:00:00.183686,0.2,10,0.75,0.9,2,150,COMPLETE
1642,1642,19261.0,2023-11-15 10:45:31.621152,2023-11-15 10:45:31.804859,0 days 00:00:00.183707,0.30000000000000004,10,0.75,0.8,0,147,COMPLETE
1643,1643,19066.25,2023-11-15 10:45:31.805978,2023-11-15 10:45:31.994894,0 days 00:00:00.188916,0.2,10,1.0,0.9,6,141,COMPLETE
1644,1644,18883.25,2023-11-15 10:45:31.996307,2023-11-15 10:45:32.187627,0 days 00:00:00.191320,0.2,10,0.5,0.9,9,144,COMPLETE
1645,1645,18981.0,2023-11-15 10:45:32.189002,2023-11-15 10:45:32.371183,0 days 00:00:00.182181,0.2,10,0.75,0.9,2,138,COMPLETE
1646,1646,19192.0,2023-11-15 10:45:32.372342,2023-11-15 10:45:32.563000,0 days 00:00:00.190658,0.1,10,0.75,0.9,4,148,COMPLETE
1647,1647,18394.75,2023-11-15 10:45:32.564212,2023-11-15 10:45:32.758708,0 days 00:00:00.194496,0.2,20,0.75,0.9,0,143,COMPLETE
1648,1648,19082.5,2023-11-15 10:45:32.760336,2023-11-15 10:45:32.947611,0 days 00:00:00.187275,0.2,10,0.75,0.9,2,150,COMPLETE
1649,1649,19262.25,2023-11-15 10:45:32.948969,2023-11-15 10:45:33.131305,0 days 00:00:00.182336,0.2,10,0.75,0.9,6,145,COMPLETE
1650,1650,19261.0,2023-11-15 10:45:33.132498,2023-11-15 10:45:33.320014,0 days 00:00:00.187516,0.2,10,1.0,0.9,0,140,COMPLETE
1651,1651,19261.0,2023-11-15 10:45:33.322414,2023-11-15 10:45:33.507805,0 days 00:00:00.185391,0.1,10,0.75,0.9,4,147,COMPLETE
1652,1652,18949.0,2023-11-15 10:45:33.508954,2023-11-15 10:45:33.701493,0 days 00:00:00.192539,0.2,10,0.75,0.8,2,143,COMPLETE
1653,1653,19261.0,2023-11-15 10:45:33.702810,2023-11-15 10:45:33.903143,0 days 00:00:00.200333,0.2,10,0.75,0.9,8,147,COMPLETE
1654,1654,19261.0,2023-11-15 10:45:33.904510,2023-11-15 10:45:34.090937,0 days 00:00:00.186427,0.30000000000000004,10,0.5,0.5,0,141,COMPLETE
1655,1655,13024.25,2023-11-15 10:45:34.092089,2023-11-15 10:45:34.316588,0 days 00:00:00.224499,0.1,90,0.75,0.9,75,134,COMPLETE
1656,1656,19093.25,2023-11-15 10:45:34.317768,2023-11-15 10:45:34.506862,0 days 00:00:00.189094,0.2,10,1.0,0.9,11,145,COMPLETE
1657,1657,19111.25,2023-11-15 10:45:34.508089,2023-11-15 10:45:34.697940,0 days 00:00:00.189851,0.2,10,0.75,0.9,3,150,COMPLETE
1658,1658,13834.5,2023-11-15 10:45:34.699174,2023-11-15 10:45:34.933058,0 days 00:00:00.233884,0.1,10,0.75,0.6,5,138,COMPLETE
1659,1659,17418.5,2023-11-15 10:45:34.934211,2023-11-15 10:45:35.137396,0 days 00:00:00.203185,0.2,10,0.25,0.9,93,123,COMPLETE
1660,1660,18584.75,2023-11-15 10:45:35.138691,2023-11-15 10:45:35.325586,0 days 00:00:00.186895,0.2,20,0.75,0.8,2,147,COMPLETE
1661,1661,19261.0,2023-11-15 10:45:35.327454,2023-11-15 10:45:35.522033,0 days 00:00:00.194579,0.2,10,0.75,0.9,0,143,COMPLETE
1662,1662,18970.75,2023-11-15 10:45:35.523175,2023-11-15 10:45:35.715560,0 days 00:00:00.192385,0.2,10,1.0,0.9,4,145,COMPLETE
1663,1663,16290.0,2023-11-15 10:45:35.716982,2023-11-15 10:45:35.929002,0 days 00:00:00.212020,0.2,50,0.75,0.9,2,150,COMPLETE
1664,1664,18856.0,2023-11-15 10:45:35.930211,2023-11-15 10:45:36.121867,0 days 00:00:00.191656,0.1,10,0.75,0.9,6,141,COMPLETE
1665,1665,19261.0,2023-11-15 10:45:36.123643,2023-11-15 10:45:36.306108,0 days 00:00:00.182465,0.30000000000000004,10,0.75,0.9,0,147,COMPLETE
1666,1666,17624.25,2023-11-15 10:45:36.307417,2023-11-15 10:45:36.510422,0 days 00:00:00.203005,0.2,10,0.75,0.6,3,143,COMPLETE
1667,1667,18996.0,2023-11-15 10:45:36.511845,2023-11-15 10:45:36.695033,0 days 00:00:00.183188,0.2,10,1.0,0.9,2,137,COMPLETE
1668,1668,18000.0,2023-11-15 10:45:36.696376,2023-11-15 10:45:36.893739,0 days 00:00:00.197363,0.2,20,0.75,0.9,8,117,COMPLETE
1669,1669,19261.0,2023-11-15 10:45:36.895237,2023-11-15 10:45:37.085881,0 days 00:00:00.190644,0.1,10,0.5,0.9,0,147,COMPLETE
1670,1670,18897.75,2023-11-15 10:45:37.087151,2023-11-15 10:45:37.291612,0 days 00:00:00.204461,0.2,10,0.75,0.8,4,145,COMPLETE
1671,1671,19049.0,2023-11-15 10:45:37.292968,2023-11-15 10:45:37.482895,0 days 00:00:00.189927,0.2,10,0.75,0.9,2,140,COMPLETE
1672,1672,19115.5,2023-11-15 10:45:37.484605,2023-11-15 10:45:37.677274,0 days 00:00:00.192669,0.1,10,0.75,0.9,6,148,COMPLETE
1673,1673,19172.25,2023-11-15 10:45:37.678833,2023-11-15 10:45:37.867345,0 days 00:00:00.188512,0.2,10,1.0,0.9,0,143,COMPLETE
1674,1674,14356.75,2023-11-15 10:45:37.868479,2023-11-15 10:45:38.098351,0 days 00:00:00.229872,0.2,80,0.25,0.9,4,150,COMPLETE
1675,1675,19292.25,2023-11-15 10:45:38.099583,2023-11-15 10:45:38.288023,0 days 00:00:00.188440,0.2,10,0.75,0.9,2,145,COMPLETE
1676,1676,19064.75,2023-11-15 10:45:38.289303,2023-11-15 10:45:38.478759,0 days 00:00:00.189456,0.2,10,0.75,0.9,0,139,COMPLETE
1677,1677,18973.5,2023-11-15 10:45:38.480526,2023-11-15 10:45:38.673228,0 days 00:00:00.192702,0.2,10,0.75,0.8,5,143,COMPLETE
1678,1678,19261.0,2023-11-15 10:45:38.674688,2023-11-15 10:45:38.861250,0 days 00:00:00.186562,0.1,10,0.75,0.9,2,147,COMPLETE
1679,1679,18207.75,2023-11-15 10:45:38.862466,2023-11-15 10:45:39.057635,0 days 00:00:00.195169,0.2,20,0.5,0.9,7,141,COMPLETE
1680,1680,18808.25,2023-11-15 10:45:39.059126,2023-11-15 10:45:39.251930,0 days 00:00:00.192804,0.30000000000000004,10,1.0,0.9,0,131,COMPLETE
1681,1681,19359.75,2023-11-15 10:45:39.253143,2023-11-15 10:45:39.443700,0 days 00:00:00.190557,0.2,10,0.75,0.9,4,145,COMPLETE
1682,1682,19082.5,2023-11-15 10:45:39.444958,2023-11-15 10:45:39.628306,0 days 00:00:00.183348,0.2,10,0.75,0.9,2,150,COMPLETE
1683,1683,16000.0,2023-11-15 10:45:39.629568,2023-11-15 10:45:39.855253,0 days 00:00:00.225685,0.4,10,0.75,0.9,0,136,COMPLETE
1684,1684,12094.75,2023-11-15 10:45:39.856442,2023-11-15 10:45:40.106964,0 days 00:00:00.250522,0.1,10,0.75,0.5,3,147,COMPLETE
1685,1685,17696.75,2023-11-15 10:45:40.108354,2023-11-15 10:45:40.308085,0 days 00:00:00.199731,0.2,30,1.0,0.9,6,142,COMPLETE
1686,1686,18829.5,2023-11-15 10:45:40.309784,2023-11-15 10:45:40.511094,0 days 00:00:00.201310,0.2,10,0.75,0.8,2,145,COMPLETE
1687,1687,19111.25,2023-11-15 10:45:40.512230,2023-11-15 10:45:40.696708,0 days 00:00:00.184478,0.2,10,0.75,0.9,4,150,COMPLETE
1688,1688,18884.5,2023-11-15 10:45:40.698465,2023-11-15 10:45:40.907985,0 days 00:00:00.209520,0.1,10,0.75,0.9,9,140,COMPLETE
1689,1689,18347.75,2023-11-15 10:45:40.909273,2023-11-15 10:45:41.138721,0 days 00:00:00.229448,0.8,10,0.75,0.9,0,144,COMPLETE
1690,1690,18574.25,2023-11-15 10:45:41.139993,2023-11-15 10:45:41.347402,0 days 00:00:00.207409,0.2,10,0.25,0.9,31,147,COMPLETE
1691,1691,19051.5,2023-11-15 10:45:41.348537,2023-11-15 10:45:41.540981,0 days 00:00:00.192444,0.2,10,0.75,0.9,2,142,COMPLETE
1692,1692,18404.75,2023-11-15 10:45:41.542162,2023-11-15 10:45:41.739729,0 days 00:00:00.197567,0.30000000000000004,20,0.75,0.9,5,148,COMPLETE
1693,1693,18973.0,2023-11-15 10:45:41.740857,2023-11-15 10:45:41.932612,0 days 00:00:00.191755,0.2,10,0.5,0.9,0,138,COMPLETE
1694,1694,19213.0,2023-11-15 10:45:41.933915,2023-11-15 10:45:42.126644,0 days 00:00:00.192729,0.1,10,1.0,0.9,2,145,COMPLETE
1695,1695,19111.25,2023-11-15 10:45:42.128777,2023-11-15 10:45:42.317974,0 days 00:00:00.189197,0.2,10,0.75,0.9,4,150,COMPLETE
1696,1696,18695.0,2023-11-15 10:45:42.319097,2023-11-15 10:45:42.515956,0 days 00:00:00.196859,0.2,10,0.75,0.8,7,142,COMPLETE
1697,1697,18491.25,2023-11-15 10:45:42.517174,2023-11-15 10:45:42.733404,0 days 00:00:00.216230,0.2,10,0.75,0.9,48,147,COMPLETE
1698,1698,19261.0,2023-11-15 10:45:42.734636,2023-11-15 10:45:42.938530,0 days 00:00:00.203894,0.1,10,0.75,0.9,0,144,COMPLETE
1699,1699,19006.5,2023-11-15 10:45:42.939907,2023-11-15 10:45:43.162765,0 days 00:00:00.222858,0.2,10,0.75,0.9,2,139,COMPLETE
1700,1700,17932.25,2023-11-15 10:45:43.163998,2023-11-15 10:45:43.394024,0 days 00:00:00.230026,0.2,20,1.0,0.9,4,135,COMPLETE
1701,1701,19261.0,2023-11-15 10:45:43.395670,2023-11-15 10:45:43.618797,0 days 00:00:00.223127,0.2,10,0.75,0.9,0,147,COMPLETE
1702,1702,18900.75,2023-11-15 10:45:43.620325,2023-11-15 10:45:43.841499,0 days 00:00:00.221174,0.2,10,0.5,0.8,2,143,COMPLETE
1703,1703,19111.25,2023-11-15 10:45:43.842785,2023-11-15 10:45:44.035661,0 days 00:00:00.192876,0.2,10,0.75,0.9,6,150,COMPLETE
1704,1704,19350.75,2023-11-15 10:45:44.037001,2023-11-15 10:45:44.231518,0 days 00:00:00.194517,0.1,10,0.75,0.9,4,145,COMPLETE
1705,1705,19261.0,2023-11-15 10:45:44.232870,2023-11-15 10:45:44.424967,0 days 00:00:00.192097,0.2,10,0.75,0.9,0,140,COMPLETE
1706,1706,18983.75,2023-11-15 10:45:44.426668,2023-11-15 10:45:44.624194,0 days 00:00:00.197526,0.30000000000000004,10,0.75,0.6,2,148,COMPLETE
