,number,value,datetime_start,datetime_complete,duration,params_alpha,params_decay_interval,params_decay_rate,params_gamma,params_initialization,params_max_steps,state
4246,4246,18323.25,2023-11-15 13:34:51.313525,2023-11-15 13:34:51.728375,0 days 00:00:00.414850,0.8,10,1.0,0.9,18,97,COMPLETE
4247,4247,18030.25,2023-11-15 13:34:51.730806,2023-11-15 13:34:52.122695,0 days 00:00:00.391889,0.9,20,1.25,0.8,13,94,COMPLETE
4248,4248,18211.25,2023-11-15 13:34:52.124353,2023-11-15 13:34:52.522016,0 days 00:00:00.397663,0.7000000000000001,10,1.25,0.8,31,98,COMPLETE
4249,4249,14290.75,2023-11-15 13:34:52.523965,2023-11-15 13:34:52.934541,0 days 00:00:00.410576,0.8,70,1.25,0.8,8,100,COMPLETE
4250,4250,18497.5,2023-11-15 13:34:52.937027,2023-11-15 13:34:53.329546,0 days 00:00:00.392519,0.8,10,1.0,0.8,11,96,COMPLETE
4251,4251,18305.25,2023-11-15 13:34:53.331258,2023-11-15 13:34:53.718690,0 days 00:00:00.387432,0.8,10,1.5,0.8,16,98,COMPLETE
4252,4252,18309.75,2023-11-15 13:34:53.721088,2023-11-15 13:34:54.107484,0 days 00:00:00.386396,0.8,10,1.25,0.8,65,100,COMPLETE
4253,4253,17746.5,2023-11-15 13:34:54.109170,2023-11-15 13:34:54.497388,0 days 00:00:00.388218,0.8,10,1.25,0.7000000000000001,6,95,COMPLETE
4254,4254,18399.0,2023-11-15 13:34:54.499240,2023-11-15 13:34:54.901616,0 days 00:00:00.402376,0.8,10,1.75,0.8,19,98,COMPLETE
4255,4255,18307.25,2023-11-15 13:34:54.903894,2023-11-15 13:34:55.287961,0 days 00:00:00.384067,0.8,10,1.25,0.30000000000000004,1,97,COMPLETE
4256,4256,17275.0,2023-11-15 13:34:55.290376,2023-11-15 13:34:55.681622,0 days 00:00:00.391246,0.8,30,1.25,0.8,21,100,COMPLETE
4257,4257,18213.75,2023-11-15 13:34:55.683413,2023-11-15 13:34:56.076064,0 days 00:00:00.392651,0.9,10,1.5,0.5,4,98,COMPLETE
4258,4258,18301.75,2023-11-15 13:34:56.077887,2023-11-15 13:34:56.462223,0 days 00:00:00.384336,0.8,10,1.25,0.9,14,93,COMPLETE
4259,4259,17402.5,2023-11-15 13:34:56.463959,2023-11-15 13:34:56.861344,0 days 00:00:00.397385,0.8,10,1.25,0.8,92,96,COMPLETE
4260,4260,17827.5,2023-11-15 13:34:56.863190,2023-11-15 13:34:57.255058,0 days 00:00:00.391868,0.8,20,1.25,0.8,27,99,COMPLETE
4261,4261,18458.5,2023-11-15 13:34:57.257017,2023-11-15 13:34:57.642990,0 days 00:00:00.385973,0.8,10,1.0,0.8,17,100,COMPLETE
4262,4262,17837.25,2023-11-15 13:34:57.644724,2023-11-15 13:34:58.054323,0 days 00:00:00.409599,0.8,10,1.25,0.8,11,95,COMPLETE
4263,4263,14725.5,2023-11-15 13:34:58.056179,2023-11-15 13:34:58.442987,0 days 00:00:00.386808,0.7000000000000001,10,1.25,0.8,22,33,COMPLETE
4264,4264,18023.5,2023-11-15 13:34:58.444713,2023-11-15 13:34:58.834017,0 days 00:00:00.389304,0.8,10,1.25,0.8,9,98,COMPLETE
4265,4265,18301.5,2023-11-15 13:34:58.836197,2023-11-15 13:34:59.222470,0 days 00:00:00.386273,0.8,10,1.5,0.8,18,96,COMPLETE
4266,4266,18492.5,2023-11-15 13:34:59.224203,2023-11-15 13:34:59.612662,0 days 00:00:00.388459,0.8,10,1.25,0.8,15,100,COMPLETE
4267,4267,18028.5,2023-11-15 13:34:59.614510,2023-11-15 13:35:00.009394,0 days 00:00:00.394884,0.8,10,1.0,0.7000000000000001,6,98,COMPLETE
4268,4268,18217.25,2023-11-15 13:35:00.011249,2023-11-15 13:35:00.433636,0 days 00:00:00.422387,0.8,10,1.25,0.9,13,97,COMPLETE
4269,4269,18493.5,2023-11-15 13:35:00.435768,2023-11-15 13:35:00.842589,0 days 00:00:00.406821,0.8,10,2.75,0.8,20,100,COMPLETE
4270,4270,199.5,2023-11-15 13:35:00.844348,2023-11-15 13:35:01.516718,0 days 00:00:00.672370,0.8,10,1.25,0.8,0,94,COMPLETE
4271,4271,17830.75,2023-11-15 13:35:01.519019,2023-11-15 13:35:01.904468,0 days 00:00:00.385449,0.8,20,1.25,0.8,3,98,COMPLETE
4272,4272,18488.75,2023-11-15 13:35:01.906447,2023-11-15 13:35:02.281195,0 days 00:00:00.374748,0.8,10,2.0,0.8,16,96,COMPLETE
4273,4273,17841.0,2023-11-15 13:35:02.282977,2023-11-15 13:35:02.677672,0 days 00:00:00.394695,0.9,10,1.25,0.8,7,91,COMPLETE
4274,4274,11458.75,2023-11-15 13:35:02.679425,2023-11-15 13:35:03.082344,0 days 00:00:00.402919,0.7000000000000001,100,1.5,0.8,54,61,COMPLETE
4275,4275,18681.25,2023-11-15 13:35:03.084173,2023-11-15 13:35:03.472311,0 days 00:00:00.388138,0.8,10,1.25,0.8,25,99,COMPLETE
4276,4276,18217.25,2023-11-15 13:35:03.473987,2023-11-15 13:35:03.860583,0 days 00:00:00.386596,0.8,10,1.25,0.9,12,97,COMPLETE
4277,4277,17756.75,2023-11-15 13:35:03.862371,2023-11-15 13:35:04.259059,0 days 00:00:00.396688,0.8,10,1.0,0.2,10,100,COMPLETE
4278,4278,17837.25,2023-11-15 13:35:04.260734,2023-11-15 13:35:04.663606,0 days 00:00:00.402872,0.8,10,1.25,0.8,18,95,COMPLETE
4279,4279,18023.5,2023-11-15 13:35:04.665563,2023-11-15 13:35:05.052508,0 days 00:00:00.386945,0.8,10,1.25,0.8,14,98,COMPLETE
4280,4280,18399.0,2023-11-15 13:35:05.054534,2023-11-15 13:35:05.444444,0 days 00:00:00.389910,0.8,10,1.25,0.8,22,100,COMPLETE
4281,4281,17650.75,2023-11-15 13:35:05.446119,2023-11-15 13:35:05.841210,0 days 00:00:00.395091,0.8,20,1.5,0.7000000000000001,4,93,COMPLETE
4282,4282,18207.75,2023-11-15 13:35:05.843026,2023-11-15 13:35:06.230286,0 days 00:00:00.387260,0.9,10,1.25,0.8,16,96,COMPLETE
4283,4283,18681.25,2023-11-15 13:35:06.232077,2023-11-15 13:35:06.619624,0 days 00:00:00.387547,0.8,10,1.25,0.8,20,99,COMPLETE
4284,4284,18305.5,2023-11-15 13:35:06.621762,2023-11-15 13:35:07.015525,0 days 00:00:00.393763,0.8,10,1.0,0.6,8,97,COMPLETE
4285,4285,18023.5,2023-11-15 13:35:07.017431,2023-11-15 13:35:07.405982,0 days 00:00:00.388551,0.8,10,1.25,0.8,18,98,COMPLETE
4286,4286,18309.75,2023-11-15 13:35:07.407724,2023-11-15 13:35:07.820203,0 days 00:00:00.412479,0.8,10,1.25,0.8,61,100,COMPLETE
4287,4287,16916.75,2023-11-15 13:35:07.822020,2023-11-15 13:35:08.220544,0 days 00:00:00.398524,0.7000000000000001,20,1.5,0.8,13,95,COMPLETE
4288,4288,18265.25,2023-11-15 13:35:08.222422,2023-11-15 13:35:08.613271,0 days 00:00:00.390849,0.8,10,1.25,0.9,16,98,COMPLETE
4289,4289,18238.5,2023-11-15 13:35:08.614935,2023-11-15 13:35:09.009428,0 days 00:00:00.394493,0.8,10,1.0,0.8,2,100,COMPLETE
4290,4290,18394.5,2023-11-15 13:35:09.011323,2023-11-15 13:35:09.401902,0 days 00:00:00.390579,0.8,10,1.25,0.8,10,96,COMPLETE
4291,4291,18033.25,2023-11-15 13:35:09.404045,2023-11-15 13:35:09.801458,0 days 00:00:00.397413,0.8,10,1.25,0.8,35,98,COMPLETE
4292,4292,17833.75,2023-11-15 13:35:09.803768,2023-11-15 13:35:10.194703,0 days 00:00:00.390935,0.8,10,2.5,0.7000000000000001,5,77,COMPLETE
4293,4293,14009.25,2023-11-15 13:35:10.196783,2023-11-15 13:35:10.614027,0 days 00:00:00.417244,0.8,80,1.75,0.8,23,97,COMPLETE
4294,4294,18033.0,2023-11-15 13:35:10.615690,2023-11-15 13:35:11.023882,0 days 00:00:00.408192,0.8,10,1.25,0.4,19,100,COMPLETE
4295,4295,18410.75,2023-11-15 13:35:11.025787,2023-11-15 13:35:11.414885,0 days 00:00:00.389098,0.8,10,1.25,0.8,14,94,COMPLETE
4296,4296,18302.25,2023-11-15 13:35:11.416641,2023-11-15 13:35:11.815584,0 days 00:00:00.398943,0.9,10,1.25,0.8,17,98,COMPLETE
4297,4297,18301.5,2023-11-15 13:35:11.817253,2023-11-15 13:35:12.214830,0 days 00:00:00.397577,0.8,10,1.5,0.8,12,96,COMPLETE
4298,4298,18492.5,2023-11-15 13:35:12.216564,2023-11-15 13:35:12.606507,0 days 00:00:00.389943,0.8,10,1.25,0.8,20,100,COMPLETE
4299,4299,18023.5,2023-11-15 13:35:12.608420,2023-11-15 13:35:12.996539,0 days 00:00:00.388119,0.8,10,1.25,0.8,7,98,COMPLETE
4300,4300,17843.0,2023-11-15 13:35:12.998278,2023-11-15 13:35:13.382429,0 days 00:00:00.384151,0.8,20,1.25,0.8,2,80,COMPLETE
4301,4301,18337.0,2023-11-15 13:35:13.384144,2023-11-15 13:35:13.770037,0 days 00:00:00.385893,0.8,10,1.0,0.8,15,92,COMPLETE
4302,4302,18300.75,2023-11-15 13:35:13.772146,2023-11-15 13:35:14.175387,0 days 00:00:00.403241,0.8,10,1.25,0.9,17,96,COMPLETE
4303,4303,17564.0,2023-11-15 13:35:14.177419,2023-11-15 13:35:14.571933,0 days 00:00:00.394514,0.30000000000000004,10,1.5,0.8,10,99,COMPLETE
4304,4304,18488.5,2023-11-15 13:35:14.573668,2023-11-15 13:35:14.961568,0 days 00:00:00.387900,0.7000000000000001,10,1.25,0.8,4,100,COMPLETE
4305,4305,18399.5,2023-11-15 13:35:14.963536,2023-11-15 13:35:15.355076,0 days 00:00:00.391540,0.8,10,2.25,0.8,22,97,COMPLETE
4306,4306,18486.25,2023-11-15 13:35:15.356814,2023-11-15 13:35:15.744585,0 days 00:00:00.387771,0.8,10,1.25,0.8,6,94,COMPLETE
4307,4307,18209.5,2023-11-15 13:35:15.746250,2023-11-15 13:35:16.138749,0 days 00:00:00.392499,0.8,10,1.25,0.7000000000000001,19,98,COMPLETE
4308,4308,18492.5,2023-11-15 13:35:16.140489,2023-11-15 13:35:16.531945,0 days 00:00:00.391456,0.8,10,1.25,0.8,14,100,COMPLETE
4309,4309,17026.25,2023-11-15 13:35:16.533683,2023-11-15 13:35:16.934808,0 days 00:00:00.401125,0.8,20,1.0,0.8,8,95,COMPLETE
4310,4310,18023.5,2023-11-15 13:35:16.936935,2023-11-15 13:35:17.343713,0 days 00:00:00.406778,0.8,10,1.25,0.8,12,98,COMPLETE
4311,4311,18394.5,2023-11-15 13:35:17.345557,2023-11-15 13:35:17.735727,0 days 00:00:00.390170,0.8,10,1.25,0.8,16,96,COMPLETE
4312,4312,15424.25,2023-11-15 13:35:17.737950,2023-11-15 13:35:18.145802,0 days 00:00:00.407852,0.7000000000000001,60,1.5,0.8,21,98,COMPLETE
4313,4313,16911.0,2023-11-15 13:35:18.147714,2023-11-15 13:35:18.540806,0 days 00:00:00.393092,0.8,10,1.25,0.9,18,52,COMPLETE
4314,4314,18399.5,2023-11-15 13:35:18.542549,2023-11-15 13:35:18.935593,0 days 00:00:00.393044,0.9,10,1.25,0.8,1,100,COMPLETE
4315,4315,16589.5,2023-11-15 13:35:18.937740,2023-11-15 13:35:19.344511,0 days 00:00:00.406771,0.2,10,1.0,0.8,25,97,COMPLETE
4316,4316,18492.5,2023-11-15 13:35:19.346250,2023-11-15 13:35:19.739793,0 days 00:00:00.393543,0.8,10,1.25,0.8,4,100,COMPLETE
4317,4317,17837.25,2023-11-15 13:35:19.741550,2023-11-15 13:35:20.140952,0 days 00:00:00.399402,0.8,10,1.25,0.8,9,95,COMPLETE
4318,4318,18023.5,2023-11-15 13:35:20.142665,2023-11-15 13:35:20.552142,0 days 00:00:00.409477,0.8,10,1.25,0.8,15,98,COMPLETE
4319,4319,18305.5,2023-11-15 13:35:20.554633,2023-11-15 13:35:20.948570,0 days 00:00:00.393937,0.8,10,1.75,0.9,12,99,COMPLETE
4320,4320,199.5,2023-11-15 13:35:20.950511,2023-11-15 13:35:21.590810,0 days 00:00:00.640299,0.8,10,1.5,0.8,0,93,COMPLETE
4321,4321,17208.0,2023-11-15 13:35:21.592557,2023-11-15 13:35:21.991767,0 days 00:00:00.399210,0.8,20,1.25,0.7000000000000001,79,96,COMPLETE
4322,4322,18022.0,2023-11-15 13:35:21.993486,2023-11-15 13:35:22.387666,0 days 00:00:00.394180,0.8,10,1.0,0.8,20,98,COMPLETE
4323,4323,18399.0,2023-11-15 13:35:22.389345,2023-11-15 13:35:22.778969,0 days 00:00:00.389624,0.8,10,1.25,0.8,17,100,COMPLETE
4324,4324,15661.25,2023-11-15 13:35:22.780819,2023-11-15 13:35:23.168512,0 days 00:00:00.387693,0.8,30,1.25,0.8,6,49,COMPLETE
4325,4325,18123.25,2023-11-15 13:35:23.171342,2023-11-15 13:35:23.560029,0 days 00:00:00.388687,0.6,10,1.25,0.8,24,96,COMPLETE
4326,4326,18305.25,2023-11-15 13:35:23.561841,2023-11-15 13:35:23.965520,0 days 00:00:00.403679,0.8,10,1.5,0.8,11,98,COMPLETE
4327,4327,18307.0,2023-11-15 13:35:23.967312,2023-11-15 13:35:24.363244,0 days 00:00:00.395932,0.9,10,1.25,0.8,14,100,COMPLETE
4328,4328,18125.0,2023-11-15 13:35:24.364919,2023-11-15 13:35:24.758990,0 days 00:00:00.394071,0.8,10,1.25,0.9,19,97,COMPLETE
4329,4329,18030.0,2023-11-15 13:35:24.760649,2023-11-15 13:35:25.147674,0 days 00:00:00.387025,0.8,20,1.25,0.8,3,94,COMPLETE
4330,4330,18401.5,2023-11-15 13:35:25.149356,2023-11-15 13:35:25.535342,0 days 00:00:00.385986,0.7000000000000001,10,1.25,0.8,17,100,COMPLETE
4331,4331,18022.0,2023-11-15 13:35:25.537411,2023-11-15 13:35:25.928662,0 days 00:00:00.391251,0.8,10,1.0,0.8,8,98,COMPLETE
4332,4332,18022.25,2023-11-15 13:35:25.930590,2023-11-15 13:35:26.321238,0 days 00:00:00.390648,0.8,10,1.25,0.8,22,73,COMPLETE
4333,4333,18301.75,2023-11-15 13:35:26.322950,2023-11-15 13:35:26.708677,0 days 00:00:00.385727,0.8,10,1.5,0.7000000000000001,13,96,COMPLETE
4334,4334,18023.5,2023-11-15 13:35:26.710423,2023-11-15 13:35:27.126468,0 days 00:00:00.416045,0.8,10,1.25,0.8,15,98,COMPLETE
4335,4335,18492.5,2023-11-15 13:35:27.128353,2023-11-15 13:35:27.520576,0 days 00:00:00.392223,0.8,10,1.25,0.8,5,100,COMPLETE
4336,4336,17834.25,2023-11-15 13:35:27.522360,2023-11-15 13:35:27.918475,0 days 00:00:00.396115,0.8,10,1.25,0.5,10,95,COMPLETE
4337,4337,18023.5,2023-11-15 13:35:27.920955,2023-11-15 13:35:28.310963,0 days 00:00:00.390008,0.8,10,1.25,0.8,19,98,COMPLETE
4338,4338,18198.75,2023-11-15 13:35:28.312938,2023-11-15 13:35:28.706346,0 days 00:00:00.393408,0.8,20,1.75,0.8,17,91,COMPLETE
4339,4339,18217.25,2023-11-15 13:35:28.708226,2023-11-15 13:35:29.107170,0 days 00:00:00.398944,0.8,10,1.25,0.9,21,97,COMPLETE
4340,4340,18492.75,2023-11-15 13:35:29.108970,2023-11-15 13:35:29.499793,0 days 00:00:00.390823,0.7000000000000001,10,1.5,0.8,15,100,COMPLETE
4341,4341,16829.0,2023-11-15 13:35:29.501795,2023-11-15 13:35:29.899044,0 days 00:00:00.397249,0.9,40,1.25,0.8,7,94,COMPLETE
4342,4342,17844.5,2023-11-15 13:35:29.900876,2023-11-15 13:35:30.319234,0 days 00:00:00.418358,0.8,10,1.0,0.30000000000000004,3,98,COMPLETE
4343,4343,18394.5,2023-11-15 13:35:30.321425,2023-11-15 13:35:30.715639,0 days 00:00:00.394214,0.8,10,1.25,0.8,13,96,COMPLETE
4344,4344,18399.5,2023-11-15 13:35:30.717329,2023-11-15 13:35:31.112193,0 days 00:00:00.394864,0.8,10,1.25,0.6,18,100,COMPLETE
4345,4345,17218.25,2023-11-15 13:35:31.114126,2023-11-15 13:35:31.524250,0 days 00:00:00.410124,0.8,10,0.5,0.2,20,98,COMPLETE
4346,4346,18301.75,2023-11-15 13:35:31.526077,2023-11-15 13:35:31.919962,0 days 00:00:00.393885,0.8,10,1.25,0.7000000000000001,11,96,COMPLETE
4347,4347,18681.25,2023-11-15 13:35:31.922182,2023-11-15 13:35:32.310203,0 days 00:00:00.388021,0.8,10,1.25,0.8,16,99,COMPLETE
4348,4348,18300.0,2023-11-15 13:35:32.311930,2023-11-15 13:35:32.700541,0 days 00:00:00.388611,0.8,10,1.5,0.8,23,93,COMPLETE
4349,4349,18492.5,2023-11-15 13:35:32.702931,2023-11-15 13:35:33.095608,0 days 00:00:00.392677,0.8,10,1.25,0.8,6,100,COMPLETE
4350,4350,18309.5,2023-11-15 13:35:33.097322,2023-11-15 13:35:33.502394,0 days 00:00:00.405072,0.8,10,1.0,0.8,27,97,COMPLETE
4351,4351,17830.75,2023-11-15 13:35:33.504698,2023-11-15 13:35:33.893777,0 days 00:00:00.389079,0.8,20,1.25,0.9,9,98,COMPLETE
4352,4352,100.0,2023-11-15 13:35:33.895460,2023-11-15 13:35:34.529364,0 days 00:00:00.633904,0.8,10,1.25,0.8,0,95,COMPLETE
4353,4353,18492.5,2023-11-15 13:35:34.531340,2023-11-15 13:35:34.923541,0 days 00:00:00.392201,0.8,10,1.25,0.8,14,100,COMPLETE
4354,4354,17843.25,2023-11-15 13:35:34.925512,2023-11-15 13:35:35.322963,0 days 00:00:00.397451,0.4,10,1.25,0.8,3,97,COMPLETE
4355,4355,15917.25,2023-11-15 13:35:35.324873,2023-11-15 13:35:35.732876,0 days 00:00:00.408003,0.5,50,1.0,0.8,17,99,COMPLETE
4356,4356,18301.5,2023-11-15 13:35:35.734823,2023-11-15 13:35:36.125276,0 days 00:00:00.390453,0.8,10,1.5,0.8,19,96,COMPLETE
4357,4357,18209.5,2023-11-15 13:35:36.127518,2023-11-15 13:35:36.520192,0 days 00:00:00.392674,0.9,10,1.25,0.8,11,98,COMPLETE
4358,4358,18027.75,2023-11-15 13:35:36.522184,2023-11-15 13:35:36.936749,0 days 00:00:00.414565,0.8,10,1.25,0.7000000000000001,15,100,COMPLETE
4359,4359,17005.25,2023-11-15 13:35:36.938711,2023-11-15 13:35:37.346918,0 days 00:00:00.408207,0.8,20,1.25,0.8,5,95,COMPLETE
4360,4360,18211.25,2023-11-15 13:35:37.348667,2023-11-15 13:35:37.753707,0 days 00:00:00.405040,0.7000000000000001,10,1.25,0.8,21,98,COMPLETE
4361,4361,18306.25,2023-11-15 13:35:37.755750,2023-11-15 13:35:38.162704,0 days 00:00:00.406954,0.8,10,1.25,0.9,18,100,COMPLETE
4362,4362,18394.5,2023-11-15 13:35:38.164573,2023-11-15 13:35:38.558349,0 days 00:00:00.393776,0.8,10,1.25,0.8,8,96,COMPLETE
4363,4363,18207.75,2023-11-15 13:35:38.560197,2023-11-15 13:35:38.955900,0 days 00:00:00.395703,0.8,10,1.25,0.8,2,93,COMPLETE
4364,4364,18022.0,2023-11-15 13:35:38.957736,2023-11-15 13:35:39.360548,0 days 00:00:00.402812,0.8,10,1.0,0.8,13,98,COMPLETE
4365,4365,18305.75,2023-11-15 13:35:39.362352,2023-11-15 13:35:39.761799,0 days 00:00:00.399447,0.8,10,1.5,0.8,16,100,COMPLETE
4366,4366,13456.5,2023-11-15 13:35:39.763624,2023-11-15 13:35:40.190434,0 days 00:00:00.426810,0.8,90,1.25,0.8,21,97,COMPLETE
4367,4367,18486.25,2023-11-15 13:35:40.192121,2023-11-15 13:35:40.583286,0 days 00:00:00.391165,0.8,10,1.25,0.8,12,94,COMPLETE
4368,4368,18120.75,2023-11-15 13:35:40.585694,2023-11-15 13:35:40.992198,0 days 00:00:00.406504,0.8,10,1.25,0.7000000000000001,24,99,COMPLETE
4369,4369,18218.0,2023-11-15 13:35:40.994012,2023-11-15 13:35:41.388776,0 days 00:00:00.394764,0.8,10,1.25,0.8,9,97,COMPLETE
4370,4370,18013.5,2023-11-15 13:35:41.390514,2023-11-15 13:35:41.790748,0 days 00:00:00.400234,0.9,20,1.25,0.9,4,100,COMPLETE
4371,4371,18492.5,2023-11-15 13:35:41.792565,2023-11-15 13:35:42.186233,0 days 00:00:00.393668,0.8,10,2.0,0.8,18,98,COMPLETE
4372,4372,18488.75,2023-11-15 13:35:42.188142,2023-11-15 13:35:42.578871,0 days 00:00:00.390729,0.8,10,1.75,0.8,15,96,COMPLETE
4373,4373,18211.25,2023-11-15 13:35:42.580630,2023-11-15 13:35:42.981270,0 days 00:00:00.400640,0.7000000000000001,10,1.25,0.8,19,98,COMPLETE
4374,4374,17982.75,2023-11-15 13:35:42.983018,2023-11-15 13:35:43.382705,0 days 00:00:00.399687,0.8,10,0.75,0.8,6,95,COMPLETE
4375,4375,18306.5,2023-11-15 13:35:43.384529,2023-11-15 13:35:43.784395,0 days 00:00:00.399866,0.8,10,1.5,0.8,13,100,COMPLETE
4376,4376,18022.0,2023-11-15 13:35:43.786757,2023-11-15 13:35:44.183255,0 days 00:00:00.396498,0.8,10,1.0,0.8,2,98,COMPLETE
4377,4377,18394.5,2023-11-15 13:35:44.185309,2023-11-15 13:35:44.595951,0 days 00:00:00.410642,0.8,10,1.25,0.8,16,96,COMPLETE
4378,4378,18013.5,2023-11-15 13:35:44.597682,2023-11-15 13:35:44.989202,0 days 00:00:00.391520,0.8,20,1.25,0.8,10,100,COMPLETE
4379,4379,17578.75,2023-11-15 13:35:44.990921,2023-11-15 13:35:45.392224,0 days 00:00:00.401303,0.8,10,1.0,0.4,22,98,COMPLETE
4380,4380,18486.25,2023-11-15 13:35:45.393960,2023-11-15 13:35:45.785954,0 days 00:00:00.391994,0.8,10,1.25,0.8,7,94,COMPLETE
4381,4381,17941.75,2023-11-15 13:35:45.787656,2023-11-15 13:35:46.181426,0 days 00:00:00.393770,0.8,10,1.5,0.7000000000000001,20,85,COMPLETE
4382,4382,18218.0,2023-11-15 13:35:46.183270,2023-11-15 13:35:46.581626,0 days 00:00:00.398356,0.8,10,1.25,0.8,17,97,COMPLETE
4383,4383,18495.25,2023-11-15 13:35:46.583570,2023-11-15 13:35:46.980849,0 days 00:00:00.397279,0.7000000000000001,10,1.25,0.9,14,100,COMPLETE
4384,4384,15424.25,2023-11-15 13:35:46.982680,2023-11-15 13:35:47.394036,0 days 00:00:00.411356,0.9,60,1.25,0.8,11,98,COMPLETE
4385,4385,18310.75,2023-11-15 13:35:47.395785,2023-11-15 13:35:47.817747,0 days 00:00:00.421962,0.8,10,1.25,0.8,4,92,COMPLETE
4386,4386,18301.75,2023-11-15 13:35:47.820054,2023-11-15 13:35:48.212405,0 days 00:00:00.392351,0.8,10,1.25,0.8,23,96,COMPLETE
4387,4387,17763.0,2023-11-15 13:35:48.214314,2023-11-15 13:35:48.617191,0 days 00:00:00.402877,0.8,10,1.25,0.8,76,99,COMPLETE
4388,4388,18306.5,2023-11-15 13:35:48.619756,2023-11-15 13:35:49.015256,0 days 00:00:00.395500,0.8,10,1.5,0.8,18,100,COMPLETE
4389,4389,199.5,2023-11-15 13:35:49.017633,2023-11-15 13:35:49.661352,0 days 00:00:00.643719,0.8,10,1.0,0.8,0,96,COMPLETE
4390,4390,16823.75,2023-11-15 13:35:49.663223,2023-11-15 13:35:50.067660,0 days 00:00:00.404437,0.8,20,1.25,0.8,8,65,COMPLETE
4391,4391,18023.5,2023-11-15 13:35:50.069802,2023-11-15 13:35:50.465423,0 days 00:00:00.395621,0.8,10,1.25,0.8,15,98,COMPLETE
4392,4392,18213.25,2023-11-15 13:35:50.467548,2023-11-15 13:35:50.866921,0 days 00:00:00.399373,0.8,10,1.25,0.7000000000000001,20,94,COMPLETE
4393,4393,18209.0,2023-11-15 13:35:50.869419,2023-11-15 13:35:51.263825,0 days 00:00:00.394406,0.8,10,1.25,0.9,12,89,COMPLETE
4394,4394,18305.75,2023-11-15 13:35:51.265745,2023-11-15 13:35:51.692373,0 days 00:00:00.426628,0.8,10,1.5,0.8,5,100,COMPLETE
4395,4395,18031.0,2023-11-15 13:35:51.694063,2023-11-15 13:35:52.091988,0 days 00:00:00.397925,0.9,10,1.0,0.8,17,97,COMPLETE
4396,4396,18681.25,2023-11-15 13:35:52.093784,2023-11-15 13:35:52.486632,0 days 00:00:00.392848,0.8,10,1.25,0.8,2,99,COMPLETE
4397,4397,17757.75,2023-11-15 13:35:52.488552,2023-11-15 13:35:52.892865,0 days 00:00:00.404313,0.8,10,0.25,0.8,14,95,COMPLETE
4398,4398,16015.75,2023-11-15 13:35:52.894600,2023-11-15 13:35:53.286786,0 days 00:00:00.392186,0.8,20,1.25,0.8,10,46,COMPLETE
4399,4399,18023.5,2023-11-15 13:35:53.288763,2023-11-15 13:35:53.681064,0 days 00:00:00.392301,0.8,10,1.25,0.8,19,98,COMPLETE
4400,4400,18495.25,2023-11-15 13:35:53.682921,2023-11-15 13:35:54.079656,0 days 00:00:00.396735,0.7000000000000001,10,1.25,0.9,16,100,COMPLETE
4401,4401,18218.0,2023-11-15 13:35:54.081506,2023-11-15 13:35:54.479432,0 days 00:00:00.397926,0.8,10,1.25,0.8,7,97,COMPLETE
4402,4402,18301.5,2023-11-15 13:35:54.481189,2023-11-15 13:35:54.901045,0 days 00:00:00.419856,0.8,10,1.5,0.8,25,96,COMPLETE
4403,4403,18397.5,2023-11-15 13:35:54.903589,2023-11-15 13:35:55.296222,0 days 00:00:00.392633,0.8,10,1.75,0.8,21,99,COMPLETE
4404,4404,18213.75,2023-11-15 13:35:55.297977,2023-11-15 13:35:55.701385,0 days 00:00:00.403408,0.8,10,1.25,0.7000000000000001,12,92,COMPLETE
4405,4405,18023.5,2023-11-15 13:35:55.703593,2023-11-15 13:35:56.102613,0 days 00:00:00.399020,0.8,10,1.25,0.8,17,98,COMPLETE
4406,4406,18492.5,2023-11-15 13:35:56.104637,2023-11-15 13:35:56.501894,0 days 00:00:00.397257,0.8,10,1.25,0.8,5,100,COMPLETE
4407,4407,18119.0,2023-11-15 13:35:56.504194,2023-11-15 13:35:56.911904,0 days 00:00:00.407710,0.8,10,1.0,0.8,14,94,COMPLETE
4408,4408,18302.0,2023-11-15 13:35:56.913666,2023-11-15 13:35:57.311161,0 days 00:00:00.397495,0.7000000000000001,10,1.5,0.8,9,96,COMPLETE
4409,4409,17830.75,2023-11-15 13:35:57.312993,2023-11-15 13:35:57.711945,0 days 00:00:00.398952,0.8,20,1.25,0.8,23,98,COMPLETE
4410,4410,18361.0,2023-11-15 13:35:57.713785,2023-11-15 13:35:58.130738,0 days 00:00:00.416953,0.9,10,1.0,0.8,18,100,COMPLETE
4411,4411,18218.0,2023-11-15 13:35:58.132510,2023-11-15 13:35:58.530537,0 days 00:00:00.398027,0.8,10,1.25,0.8,3,97,COMPLETE
4412,4412,17747.25,2023-11-15 13:35:58.532417,2023-11-15 13:35:58.940057,0 days 00:00:00.407640,0.8,10,1.25,0.9,20,95,COMPLETE
4413,4413,18023.5,2023-11-15 13:35:58.941862,2023-11-15 13:35:59.341951,0 days 00:00:00.400089,0.8,10,1.25,0.8,15,98,COMPLETE
4414,4414,18398.25,2023-11-15 13:35:59.344414,2023-11-15 13:35:59.749613,0 days 00:00:00.405199,0.8,10,1.25,0.8,13,100,COMPLETE
