,number,value,datetime_start,datetime_complete,duration,params_alpha,params_decay_interval,params_decay_rate,params_gamma,params_initialization,params_max_steps,state
345,345,18206.25,2023-11-15 13:17:51.484488,2023-11-15 13:17:51.586491,0 days 00:00:00.102003,0.9,10,2.0,0.9,32,93,COMPLETE
346,346,17742.5,2023-11-15 13:17:51.587408,2023-11-15 13:17:51.693987,0 days 00:00:00.106579,0.9,10,1.75,0.9,36,95,COMPLETE
347,347,16106.5,2023-11-15 13:17:51.694930,2023-11-15 13:17:51.803318,0 days 00:00:00.108388,0.9,50,1.75,0.9,30,96,COMPLETE
348,348,18298.5,2023-11-15 13:17:51.804232,2023-11-15 13:17:51.911043,0 days 00:00:00.106811,0.9,10,1.75,0.9,34,94,COMPLETE
349,349,18680.75,2023-11-15 13:17:51.912012,2023-11-15 13:17:52.011373,0 days 00:00:00.099361,0.9,10,2.0,0.8,29,97,COMPLETE
350,350,18397.5,2023-11-15 13:17:52.012346,2023-11-15 13:17:52.109467,0 days 00:00:00.097121,0.9,10,2.0,0.8,31,92,COMPLETE
351,351,16356.25,2023-11-15 13:17:52.110620,2023-11-15 13:17:52.215567,0 days 00:00:00.104947,0.9,30,2.0,0.6,29,63,COMPLETE
352,352,18393.75,2023-11-15 13:17:52.216497,2023-11-15 13:17:52.317715,0 days 00:00:00.101218,0.9,10,1.75,0.8,33,96,COMPLETE
353,353,18014.5,2023-11-15 13:17:52.318813,2023-11-15 13:17:52.419725,0 days 00:00:00.100912,0.9,20,1.75,0.8,29,97,COMPLETE
354,354,18220.0,2023-11-15 13:17:52.420653,2023-11-15 13:17:52.523465,0 days 00:00:00.102812,0.9,10,1.5,0.9,31,94,COMPLETE
355,355,18116.75,2023-11-15 13:17:52.524939,2023-11-15 13:17:52.631395,0 days 00:00:00.106456,0.6,10,1.75,0.9,29,97,COMPLETE
356,356,14376.0,2023-11-15 13:17:52.632276,2023-11-15 13:17:52.730932,0 days 00:00:00.098656,0.9,10,1.75,0.9,28,31,COMPLETE
357,357,17745.0,2023-11-15 13:17:52.731937,2023-11-15 13:17:52.838537,0 days 00:00:00.106600,0.9,10,2.0,0.9,35,95,COMPLETE
358,358,18400.75,2023-11-15 13:17:52.839546,2023-11-15 13:17:52.940391,0 days 00:00:00.100845,0.9,10,1.5,0.9,32,97,COMPLETE
359,359,18680.75,2023-11-15 13:17:52.941608,2023-11-15 13:17:53.066508,0 days 00:00:00.124900,0.9,10,1.75,0.9,26,97,COMPLETE
360,360,17845.25,2023-11-15 13:17:53.067465,2023-11-15 13:17:53.175820,0 days 00:00:00.108355,0.9,10,1.75,0.4,27,93,COMPLETE
361,361,18305.0,2023-11-15 13:17:53.176712,2023-11-15 13:17:53.277462,0 days 00:00:00.100750,0.9,10,1.75,0.9,30,90,COMPLETE
362,362,18021.0,2023-11-15 13:17:53.278699,2023-11-15 13:17:53.390610,0 days 00:00:00.111911,0.9,10,1.75,0.7000000000000001,26,95,COMPLETE
363,363,17644.5,2023-11-15 13:17:53.392871,2023-11-15 13:17:53.500054,0 days 00:00:00.107183,0.9,20,2.0,0.9,28,97,COMPLETE
364,364,18488.75,2023-11-15 13:17:53.500974,2023-11-15 13:17:53.599259,0 days 00:00:00.098285,0.9,10,1.75,0.9,31,96,COMPLETE
365,365,18397.5,2023-11-15 13:17:53.600171,2023-11-15 13:17:53.704466,0 days 00:00:00.104295,0.9,10,1.75,0.8,33,92,COMPLETE
366,366,18302.25,2023-11-15 13:17:53.705482,2023-11-15 13:17:53.810942,0 days 00:00:00.105460,0.9,10,1.75,0.9,31,94,COMPLETE
367,367,18488.75,2023-11-15 13:17:53.811999,2023-11-15 13:17:53.910494,0 days 00:00:00.098495,0.9,10,1.75,0.9,30,96,COMPLETE
368,368,17744.0,2023-11-15 13:17:53.912061,2023-11-15 13:17:54.021550,0 days 00:00:00.109489,0.9,10,1.75,0.9,34,95,COMPLETE
369,369,17554.0,2023-11-15 13:17:54.022665,2023-11-15 13:17:54.137635,0 days 00:00:00.114970,0.9,20,1.5,0.9,37,97,COMPLETE
370,370,17747.0,2023-11-15 13:17:54.138670,2023-11-15 13:17:54.245013,0 days 00:00:00.106343,0.9,10,1.75,0.9,6,91,COMPLETE
371,371,18301.0,2023-11-15 13:17:54.246276,2023-11-15 13:17:54.353983,0 days 00:00:00.107707,0.9,10,1.75,0.9,32,94,COMPLETE
372,372,18586.5,2023-11-15 13:17:54.355031,2023-11-15 13:17:54.459894,0 days 00:00:00.104863,0.9,10,1.5,0.9,28,97,COMPLETE
373,373,18586.5,2023-11-15 13:17:54.460849,2023-11-15 13:17:54.561458,0 days 00:00:00.100609,0.9,10,1.5,0.9,28,97,COMPLETE
374,374,18213.5,2023-11-15 13:17:54.562539,2023-11-15 13:17:54.668947,0 days 00:00:00.106408,0.9,10,1.5,0.9,27,98,COMPLETE
375,375,15125.5,2023-11-15 13:17:54.670375,2023-11-15 13:17:54.809734,0 days 00:00:00.139359,0.1,10,1.5,0.9,26,98,COMPLETE
376,376,18217.75,2023-11-15 13:17:54.810761,2023-11-15 13:17:54.914455,0 days 00:00:00.103694,0.9,10,1.5,0.8,28,98,COMPLETE
377,377,18400.75,2023-11-15 13:17:54.915571,2023-11-15 13:17:55.027519,0 days 00:00:00.111948,0.9,10,1.5,0.9,26,97,COMPLETE
378,378,18400.75,2023-11-15 13:17:55.028610,2023-11-15 13:17:55.131549,0 days 00:00:00.102939,0.9,10,1.5,0.9,29,97,COMPLETE
379,379,17091.0,2023-11-15 13:17:55.132487,2023-11-15 13:17:55.252646,0 days 00:00:00.120159,0.9,20,1.75,0.9,25,95,COMPLETE
380,380,18300.0,2023-11-15 13:17:55.253892,2023-11-15 13:17:55.361248,0 days 00:00:00.107356,0.9,10,1.5,0.9,28,93,COMPLETE
381,381,18120.25,2023-11-15 13:17:55.362341,2023-11-15 13:17:55.469323,0 days 00:00:00.106982,0.9,10,2.75,0.9,26,98,COMPLETE
382,382,18027.5,2023-11-15 13:17:55.470254,2023-11-15 13:17:55.576927,0 days 00:00:00.106673,0.9,10,1.75,0.9,29,98,COMPLETE
383,383,12863.75,2023-11-15 13:17:55.578675,2023-11-15 13:17:55.714906,0 days 00:00:00.136231,0.9,90,1.5,0.9,25,95,COMPLETE
384,384,17933.25,2023-11-15 13:17:55.715862,2023-11-15 13:17:55.831483,0 days 00:00:00.115621,0.9,10,1.75,0.9,29,77,COMPLETE
385,385,18027.5,2023-11-15 13:17:55.832394,2023-11-15 13:17:55.941635,0 days 00:00:00.109241,0.9,10,1.75,0.9,27,98,COMPLETE
386,386,18400.75,2023-11-15 13:17:55.942850,2023-11-15 13:17:56.050617,0 days 00:00:00.107767,0.9,10,1.5,0.9,24,97,COMPLETE
387,387,18207.75,2023-11-15 13:17:56.051579,2023-11-15 13:17:56.159955,0 days 00:00:00.108376,0.5,10,1.75,0.9,28,96,COMPLETE
388,388,14572.25,2023-11-15 13:17:56.161128,2023-11-15 13:17:56.285647,0 days 00:00:00.124519,0.9,70,1.75,0.9,30,93,COMPLETE
389,389,18213.5,2023-11-15 13:17:56.286716,2023-11-15 13:17:56.396182,0 days 00:00:00.109466,0.9,10,1.5,0.9,26,98,COMPLETE
390,390,17744.0,2023-11-15 13:17:56.397125,2023-11-15 13:17:56.509067,0 days 00:00:00.111942,0.9,10,1.75,0.9,33,95,COMPLETE
391,391,17197.5,2023-11-15 13:17:56.510084,2023-11-15 13:17:56.623664,0 days 00:00:00.113580,0.30000000000000004,20,2.0,0.9,23,98,COMPLETE
392,392,17187.0,2023-11-15 13:17:56.624974,2023-11-15 13:17:56.728156,0 days 00:00:00.103182,0.9,10,1.75,0.8,9,52,COMPLETE
393,393,18393.75,2023-11-15 13:17:56.729260,2023-11-15 13:17:56.832889,0 days 00:00:00.103629,0.9,10,1.75,0.9,28,96,COMPLETE
394,394,18212.25,2023-11-15 13:17:56.833903,2023-11-15 13:17:56.940794,0 days 00:00:00.106891,0.9,10,2.25,0.9,30,98,COMPLETE
395,395,18488.75,2023-11-15 13:17:56.942209,2023-11-15 13:17:57.051848,0 days 00:00:00.109639,0.9,10,1.75,0.9,25,96,COMPLETE
396,396,18207.5,2023-11-15 13:17:57.052939,2023-11-15 13:17:57.160823,0 days 00:00:00.107884,0.7000000000000001,10,2.0,0.9,27,94,COMPLETE
397,397,18027.5,2023-11-15 13:17:57.162119,2023-11-15 13:17:57.271152,0 days 00:00:00.109033,0.9,10,1.75,0.9,32,98,COMPLETE
398,398,16452.0,2023-11-15 13:17:57.272163,2023-11-15 13:17:57.386766,0 days 00:00:00.114603,0.9,40,1.5,0.9,23,92,COMPLETE
399,399,18398.25,2023-11-15 13:17:57.387720,2023-11-15 13:17:57.497640,0 days 00:00:00.109920,0.9,10,1.75,0.9,30,99,COMPLETE
400,400,3174.75,2023-11-15 13:17:57.499157,2023-11-15 13:17:57.594786,0 days 00:00:00.095629,0.9,10,1.5,0.9,25,10,COMPLETE
401,401,18488.75,2023-11-15 13:17:57.595914,2023-11-15 13:17:57.696856,0 days 00:00:00.100942,0.9,10,1.75,0.8,28,96,COMPLETE
402,402,18398.25,2023-11-15 13:17:57.697910,2023-11-15 13:17:57.802696,0 days 00:00:00.104786,0.9,10,1.75,0.9,35,99,COMPLETE
403,403,18208.75,2023-11-15 13:17:57.804174,2023-11-15 13:17:57.915819,0 days 00:00:00.111645,0.9,10,2.5,0.9,26,94,COMPLETE
404,404,18027.5,2023-11-15 13:17:57.917009,2023-11-15 13:17:58.028322,0 days 00:00:00.111313,0.9,10,2.0,0.9,22,98,COMPLETE
405,405,17380.0,2023-11-15 13:17:58.029275,2023-11-15 13:17:58.140381,0 days 00:00:00.111106,0.9,20,1.5,0.6,32,97,COMPLETE
406,406,9945.75,2023-11-15 13:17:58.141742,2023-11-15 13:17:58.251637,0 days 00:00:00.109895,0.9,10,1.75,0.9,29,17,COMPLETE
407,407,16365.75,2023-11-15 13:17:58.252546,2023-11-15 13:17:58.366052,0 days 00:00:00.113506,0.6,10,1.75,0.9,24,61,COMPLETE
408,408,18397.0,2023-11-15 13:17:58.367006,2023-11-15 13:17:58.480015,0 days 00:00:00.113009,0.7000000000000001,10,2.0,0.9,27,99,COMPLETE
409,409,18488.75,2023-11-15 13:17:58.481145,2023-11-15 13:17:58.587500,0 days 00:00:00.106355,0.8,10,1.75,0.9,30,96,COMPLETE
410,410,18398.25,2023-11-15 13:17:58.588392,2023-11-15 13:17:58.695437,0 days 00:00:00.107045,0.9,10,2.25,0.8,39,99,COMPLETE
411,411,15253.0,2023-11-15 13:17:58.696356,2023-11-15 13:17:58.818947,0 days 00:00:00.122591,0.7000000000000001,60,1.75,0.9,33,94,COMPLETE
412,412,18022.75,2023-11-15 13:17:58.819875,2023-11-15 13:17:58.927096,0 days 00:00:00.107221,0.8,10,1.25,0.9,11,73,COMPLETE
413,413,14458.75,2023-11-15 13:17:58.928109,2023-11-15 13:17:59.065351,0 days 00:00:00.137242,0.2,50,1.75,0.7000000000000001,13,89,COMPLETE
414,414,16185.25,2023-11-15 13:17:59.066283,2023-11-15 13:17:59.176622,0 days 00:00:00.110339,0.9,20,1.5,0.9,28,57,COMPLETE
415,415,18682.25,2023-11-15 13:17:59.177696,2023-11-15 13:17:59.283606,0 days 00:00:00.105910,0.8,10,1.75,0.9,25,97,COMPLETE
416,416,18586.25,2023-11-15 13:17:59.284500,2023-11-15 13:17:59.387879,0 days 00:00:00.103379,0.8,10,1.25,0.9,22,99,COMPLETE
417,417,18587.75,2023-11-15 13:17:59.389010,2023-11-15 13:17:59.496848,0 days 00:00:00.107838,0.8,10,1.25,0.9,23,99,COMPLETE
418,418,18218.0,2023-11-15 13:17:59.497824,2023-11-15 13:17:59.606617,0 days 00:00:00.108793,0.8,10,1.25,0.9,21,100,COMPLETE
419,419,18586.25,2023-11-15 13:17:59.607632,2023-11-15 13:17:59.716263,0 days 00:00:00.108631,0.8,10,1.25,0.9,22,99,COMPLETE
420,420,18586.25,2023-11-15 13:17:59.717337,2023-11-15 13:17:59.825992,0 days 00:00:00.108655,0.8,10,1.25,0.9,21,99,COMPLETE
421,421,18399.75,2023-11-15 13:17:59.826910,2023-11-15 13:17:59.939130,0 days 00:00:00.112220,0.8,10,1.25,0.9,22,100,COMPLETE
422,422,18586.25,2023-11-15 13:17:59.940353,2023-11-15 13:18:00.061780,0 days 00:00:00.121427,0.8,10,1.25,0.9,20,99,COMPLETE
423,423,18681.25,2023-11-15 13:18:00.063192,2023-11-15 13:18:00.190375,0 days 00:00:00.127183,0.8,10,1.25,0.8,20,99,COMPLETE
424,424,18681.25,2023-11-15 13:18:00.192144,2023-11-15 13:18:00.316224,0 days 00:00:00.124080,0.8,10,1.25,0.8,20,99,COMPLETE
425,425,18212.25,2023-11-15 13:18:00.317267,2023-11-15 13:18:00.446266,0 days 00:00:00.128999,0.8,10,1.25,0.7000000000000001,17,100,COMPLETE
426,426,18681.25,2023-11-15 13:18:00.447391,2023-11-15 13:18:00.579280,0 days 00:00:00.131889,0.8,10,1.25,0.8,19,99,COMPLETE
427,427,18023.5,2023-11-15 13:18:00.580467,2023-11-15 13:18:00.700847,0 days 00:00:00.120380,0.8,10,1.25,0.8,18,98,COMPLETE
428,428,17830.75,2023-11-15 13:18:00.701832,2023-11-15 13:18:00.830267,0 days 00:00:00.128435,0.8,20,1.25,0.8,21,98,COMPLETE
429,429,18681.25,2023-11-15 13:18:00.831456,2023-11-15 13:18:00.964427,0 days 00:00:00.132971,0.8,10,1.25,0.8,16,99,COMPLETE
430,430,18023.5,2023-11-15 13:18:00.966086,2023-11-15 13:18:01.098774,0 days 00:00:00.132688,0.8,10,1.25,0.8,19,98,COMPLETE
431,431,18023.5,2023-11-15 13:18:01.099867,2023-11-15 13:18:01.218532,0 days 00:00:00.118665,0.8,10,1.25,0.8,20,98,COMPLETE
432,432,18681.25,2023-11-15 13:18:01.219709,2023-11-15 13:18:01.345871,0 days 00:00:00.126162,0.8,10,1.25,0.8,16,99,COMPLETE
433,433,18023.5,2023-11-15 13:18:01.347090,2023-11-15 13:18:01.483072,0 days 00:00:00.135982,0.8,10,1.25,0.8,16,98,COMPLETE
434,434,18681.25,2023-11-15 13:18:01.484349,2023-11-15 13:18:01.594268,0 days 00:00:00.109919,0.8,10,1.25,0.8,14,99,COMPLETE
435,435,17830.75,2023-11-15 13:18:01.595431,2023-11-15 13:18:01.742918,0 days 00:00:00.147487,0.8,20,1.25,0.8,13,98,COMPLETE
436,436,16820.25,2023-11-15 13:18:01.744393,2023-11-15 13:18:01.864275,0 days 00:00:00.119882,0.8,40,1.25,0.8,16,97,COMPLETE
437,437,18681.25,2023-11-15 13:18:01.865272,2023-11-15 13:18:01.980858,0 days 00:00:00.115586,0.8,10,1.25,0.8,19,99,COMPLETE
438,438,18218.0,2023-11-15 13:18:01.981788,2023-11-15 13:18:02.094371,0 days 00:00:00.112583,0.8,10,1.25,0.8,14,97,COMPLETE
439,439,18681.25,2023-11-15 13:18:02.095417,2023-11-15 13:18:02.199269,0 days 00:00:00.103852,0.8,10,1.25,0.8,15,99,COMPLETE
440,440,18023.5,2023-11-15 13:18:02.200203,2023-11-15 13:18:02.318109,0 days 00:00:00.117906,0.8,10,1.25,0.8,15,98,COMPLETE
441,441,17837.25,2023-11-15 13:18:02.319057,2023-11-15 13:18:02.444357,0 days 00:00:00.125300,0.8,10,1.25,0.8,14,95,COMPLETE
442,442,18216.0,2023-11-15 13:18:02.445426,2023-11-15 13:18:02.561602,0 days 00:00:00.116176,0.7000000000000001,10,1.25,0.8,18,97,COMPLETE
443,443,18681.25,2023-11-15 13:18:02.563005,2023-11-15 13:18:02.671515,0 days 00:00:00.108510,0.8,10,1.25,0.8,16,99,COMPLETE
444,444,18030.0,2023-11-15 13:18:02.672798,2023-11-15 13:18:02.785981,0 days 00:00:00.113183,0.8,20,1.25,0.8,12,94,COMPLETE
445,445,18023.5,2023-11-15 13:18:02.789996,2023-11-15 13:18:02.903019,0 days 00:00:00.113023,0.8,10,1.25,0.8,16,98,COMPLETE
446,446,18301.75,2023-11-15 13:18:02.903980,2023-11-15 13:18:03.027758,0 days 00:00:00.123778,0.8,10,1.25,0.8,19,96,COMPLETE
447,447,18681.25,2023-11-15 13:18:03.028860,2023-11-15 13:18:03.137682,0 days 00:00:00.108822,0.8,10,1.25,0.8,16,99,COMPLETE
448,448,18218.0,2023-11-15 13:18:03.138638,2023-11-15 13:18:03.257652,0 days 00:00:00.119014,0.8,10,1.25,0.8,10,97,COMPLETE
449,449,18681.25,2023-11-15 13:18:03.258737,2023-11-15 13:18:03.366874,0 days 00:00:00.108137,0.8,10,1.25,0.8,15,99,COMPLETE
450,450,17837.25,2023-11-15 13:18:03.367835,2023-11-15 13:18:03.490496,0 days 00:00:00.122661,0.8,10,1.25,0.8,13,95,COMPLETE
451,451,18491.25,2023-11-15 13:18:03.491731,2023-11-15 13:18:03.615103,0 days 00:00:00.123372,0.7000000000000001,10,1.25,0.8,13,99,COMPLETE
452,452,18218.0,2023-11-15 13:18:03.616194,2023-11-15 13:18:03.741868,0 days 00:00:00.125674,0.8,10,1.25,0.8,16,97,COMPLETE
453,453,18410.75,2023-11-15 13:18:03.743333,2023-11-15 13:18:03.861004,0 days 00:00:00.117671,0.8,10,1.25,0.8,15,94,COMPLETE
454,454,18023.5,2023-11-15 13:18:03.862217,2023-11-15 13:18:03.982340,0 days 00:00:00.120123,0.8,10,1.25,0.8,11,98,COMPLETE
455,455,18212.25,2023-11-15 13:18:03.983347,2023-11-15 13:18:04.100589,0 days 00:00:00.117242,0.8,10,1.25,0.7000000000000001,17,100,COMPLETE
456,456,18394.5,2023-11-15 13:18:04.101913,2023-11-15 13:18:04.211933,0 days 00:00:00.110020,0.8,10,1.25,0.8,15,96,COMPLETE
457,457,18015.5,2023-11-15 13:18:04.212945,2023-11-15 13:18:04.326687,0 days 00:00:00.113742,0.8,20,1.25,0.8,18,92,COMPLETE
458,458,18218.0,2023-11-15 13:18:04.327651,2023-11-15 13:18:04.443754,0 days 00:00:00.116103,0.8,10,1.25,0.8,17,97,COMPLETE
459,459,15942.75,2023-11-15 13:18:04.444891,2023-11-15 13:18:04.567611,0 days 00:00:00.122720,0.8,30,1.25,0.8,14,69,COMPLETE
460,460,18398.75,2023-11-15 13:18:04.568823,2023-11-15 13:18:04.684776,0 days 00:00:00.115953,0.8,10,1.25,0.7000000000000001,8,99,COMPLETE
461,461,17837.25,2023-11-15 13:18:04.686027,2023-11-15 13:18:04.799981,0 days 00:00:00.113954,0.8,10,1.25,0.8,18,95,COMPLETE
462,462,18209.75,2023-11-15 13:18:04.800888,2023-11-15 13:18:04.913334,0 days 00:00:00.112446,0.8,10,1.5,0.8,15,99,COMPLETE
463,463,18218.0,2023-11-15 13:18:04.914272,2023-11-15 13:18:05.029774,0 days 00:00:00.115502,0.8,10,1.25,0.8,12,97,COMPLETE
464,464,18492.5,2023-11-15 13:18:05.030945,2023-11-15 13:18:05.180002,0 days 00:00:00.149057,0.8,10,1.25,0.8,20,100,COMPLETE
465,465,17927.5,2023-11-15 13:18:05.180899,2023-11-15 13:18:05.291402,0 days 00:00:00.110503,0.7000000000000001,10,1.5,0.8,19,94,COMPLETE
466,466,17830.75,2023-11-15 13:18:05.292506,2023-11-15 13:18:05.403588,0 days 00:00:00.111082,0.8,20,1.25,0.8,16,98,COMPLETE
467,467,18394.5,2023-11-15 13:18:05.404868,2023-11-15 13:18:05.520681,0 days 00:00:00.115813,0.8,10,1.25,0.8,17,96,COMPLETE
468,468,18305.75,2023-11-15 13:18:05.521640,2023-11-15 13:18:05.638914,0 days 00:00:00.117274,0.8,10,1.5,0.8,20,100,COMPLETE
469,469,17003.0,2023-11-15 13:18:05.640140,2023-11-15 13:18:05.764219,0 days 00:00:00.124079,0.8,10,1.25,0.8,14,43,COMPLETE
470,470,18023.5,2023-11-15 13:18:05.765168,2023-11-15 13:18:05.882881,0 days 00:00:00.117713,0.8,10,1.25,0.8,21,98,COMPLETE
471,471,17837.25,2023-11-15 13:18:05.883814,2023-11-15 13:18:05.997428,0 days 00:00:00.113614,0.8,10,1.25,0.8,18,95,COMPLETE
472,472,18399.0,2023-11-15 13:18:05.998484,2023-11-15 13:18:06.118483,0 days 00:00:00.119999,0.8,10,1.25,0.8,11,100,COMPLETE
473,473,18399.75,2023-11-15 13:18:06.119498,2023-11-15 13:18:06.229384,0 days 00:00:00.109886,0.8,10,1.5,0.8,8,97,COMPLETE
474,474,18114.5,2023-11-15 13:18:06.230335,2023-11-15 13:18:06.345777,0 days 00:00:00.115442,0.7000000000000001,10,1.25,0.8,16,93,COMPLETE
475,475,18209.5,2023-11-15 13:18:06.347465,2023-11-15 13:18:06.463828,0 days 00:00:00.116363,0.8,10,1.25,0.7000000000000001,19,98,COMPLETE
476,476,18306.5,2023-11-15 13:18:06.464938,2023-11-15 13:18:06.576285,0 days 00:00:00.111347,0.8,10,1.5,0.8,21,100,COMPLETE
477,477,18114.25,2023-11-15 13:18:06.577211,2023-11-15 13:18:06.689184,0 days 00:00:00.111973,0.8,10,1.25,0.8,15,83,COMPLETE
478,478,13755.0,2023-11-15 13:18:06.690397,2023-11-15 13:18:06.827937,0 days 00:00:00.137540,0.7000000000000001,80,1.25,0.8,12,96,COMPLETE
479,479,17830.75,2023-11-15 13:18:06.829017,2023-11-15 13:18:06.943342,0 days 00:00:00.114325,0.8,20,1.25,0.8,22,98,COMPLETE
480,480,17853.5,2023-11-15 13:18:06.944428,2023-11-15 13:18:07.056088,0 days 00:00:00.111660,0.8,10,1.5,0.7000000000000001,18,80,COMPLETE
481,481,17837.25,2023-11-15 13:18:07.057507,2023-11-15 13:18:07.182141,0 days 00:00:00.124634,0.8,10,1.25,0.8,14,95,COMPLETE
482,482,18681.25,2023-11-15 13:18:07.183276,2023-11-15 13:18:07.295449,0 days 00:00:00.112173,0.8,10,1.25,0.8,20,99,COMPLETE
483,483,17465.0,2023-11-15 13:18:07.296752,2023-11-15 13:18:07.413058,0 days 00:00:00.116306,0.8,10,1.5,0.8,17,66,COMPLETE
484,484,18218.0,2023-11-15 13:18:07.414007,2023-11-15 13:18:07.536354,0 days 00:00:00.122347,0.8,10,1.25,0.8,1,97,COMPLETE
485,485,18215.0,2023-11-15 13:18:07.537314,2023-11-15 13:18:07.653137,0 days 00:00:00.115823,0.6,10,1.25,0.8,20,100,COMPLETE
486,486,17738.75,2023-11-15 13:18:07.654089,2023-11-15 13:18:07.779424,0 days 00:00:00.125335,0.5,20,1.5,0.8,19,97,COMPLETE
487,487,18399.5,2023-11-15 13:18:07.780625,2023-11-15 13:18:07.904290,0 days 00:00:00.123665,0.8,10,2.75,0.8,16,92,COMPLETE
488,488,17837.25,2023-11-15 13:18:07.905352,2023-11-15 13:18:08.028347,0 days 00:00:00.122995,0.8,10,1.25,0.8,14,95,COMPLETE
489,489,18681.25,2023-11-15 13:18:08.029592,2023-11-15 13:18:08.143099,0 days 00:00:00.113507,0.8,10,1.25,0.8,20,99,COMPLETE
490,490,18214.0,2023-11-15 13:18:08.144047,2023-11-15 13:18:08.274820,0 days 00:00:00.130773,0.8,10,3.0,0.8,18,98,COMPLETE
491,491,18492.5,2023-11-15 13:18:08.276177,2023-11-15 13:18:08.390346,0 days 00:00:00.114169,0.8,10,1.25,0.8,16,100,COMPLETE
492,492,18301.5,2023-11-15 13:18:08.391787,2023-11-15 13:18:08.514174,0 days 00:00:00.122387,0.8,10,1.5,0.8,20,96,COMPLETE
493,493,18397.5,2023-11-15 13:18:08.515119,2023-11-15 13:18:08.628156,0 days 00:00:00.113037,0.7000000000000001,10,1.25,0.8,12,94,COMPLETE
494,494,18209.5,2023-11-15 13:18:08.629128,2023-11-15 13:18:08.757071,0 days 00:00:00.127943,0.8,10,1.25,0.7000000000000001,19,98,COMPLETE
495,495,18400.5,2023-11-15 13:18:08.758264,2023-11-15 13:18:08.877674,0 days 00:00:00.119410,0.8,10,1.5,0.8,17,100,COMPLETE
496,496,18394.5,2023-11-15 13:18:08.879069,2023-11-15 13:18:08.993100,0 days 00:00:00.114031,0.8,10,1.25,0.8,14,96,COMPLETE
497,497,12869.0,2023-11-15 13:18:08.994137,2023-11-15 13:18:09.103795,0 days 00:00:00.109658,0.8,20,1.25,0.8,10,25,COMPLETE
498,498,18023.5,2023-11-15 13:18:09.104729,2023-11-15 13:18:09.225356,0 days 00:00:00.120627,0.8,10,1.25,0.8,21,98,COMPLETE
499,499,18311.75,2023-11-15 13:18:09.226629,2023-11-15 13:18:09.340450,0 days 00:00:00.113821,0.8,10,1.5,0.8,22,97,COMPLETE
500,500,18401.5,2023-11-15 13:18:09.341782,2023-11-15 13:18:09.461457,0 days 00:00:00.119675,0.7000000000000001,10,1.25,0.8,17,100,COMPLETE
501,501,18410.75,2023-11-15 13:18:09.462533,2023-11-15 13:18:09.575476,0 days 00:00:00.112943,0.8,10,1.25,0.8,20,94,COMPLETE
502,502,18493.5,2023-11-15 13:18:09.576440,2023-11-15 13:18:09.696946,0 days 00:00:00.120506,0.8,10,1.5,0.8,23,98,COMPLETE
503,503,18202.0,2023-11-15 13:18:09.697861,2023-11-15 13:18:09.807526,0 days 00:00:00.109665,0.8,20,1.25,0.8,15,96,COMPLETE
504,504,18362.5,2023-11-15 13:18:09.809019,2023-11-15 13:18:09.918260,0 days 00:00:00.109241,0.8,10,1.25,0.7000000000000001,13,99,COMPLETE
505,505,18207.75,2023-11-15 13:18:09.919217,2023-11-15 13:18:10.038108,0 days 00:00:00.118891,0.8,10,1.25,0.8,17,93,COMPLETE
506,506,15052.75,2023-11-15 13:18:10.039212,2023-11-15 13:18:10.151023,0 days 00:00:00.111811,0.8,10,2.5,0.8,20,33,COMPLETE
507,507,18399.5,2023-11-15 13:18:10.151930,2023-11-15 13:18:10.267231,0 days 00:00:00.115301,0.8,10,1.25,0.8,23,100,COMPLETE
508,508,18117.75,2023-11-15 13:18:10.268771,2023-11-15 13:18:10.382925,0 days 00:00:00.114154,0.7000000000000001,10,1.5,0.8,19,97,COMPLETE
509,509,12100.0,2023-11-15 13:18:10.383830,2023-11-15 13:18:10.532364,0 days 00:00:00.148534,0.8,100,1.25,0.8,18,95,COMPLETE
510,510,18305.25,2023-11-15 13:18:10.533280,2023-11-15 13:18:10.643896,0 days 00:00:00.110616,0.8,10,1.5,0.8,15,98,COMPLETE
511,511,18399.0,2023-11-15 13:18:10.645026,2023-11-15 13:18:10.761510,0 days 00:00:00.116484,0.8,10,1.25,0.8,22,100,COMPLETE
512,512,17662.0,2023-11-15 13:18:10.762451,2023-11-15 13:18:10.885720,0 days 00:00:00.123269,0.8,10,1.25,0.5,12,91,COMPLETE
513,513,18301.75,2023-11-15 13:18:10.886688,2023-11-15 13:18:11.003500,0 days 00:00:00.116812,0.8,10,1.25,0.7000000000000001,16,96,COMPLETE
514,514,18305.25,2023-11-15 13:18:11.004477,2023-11-15 13:18:11.123151,0 days 00:00:00.118674,0.8,10,1.5,0.8,21,98,COMPLETE
515,515,18013.5,2023-11-15 13:18:11.124468,2023-11-15 13:18:11.243972,0 days 00:00:00.119504,0.8,20,1.25,0.8,23,100,COMPLETE
516,516,14487.75,2023-11-15 13:18:11.245407,2023-11-15 13:18:11.375079,0 days 00:00:00.129672,0.4,70,1.25,0.8,10,96,COMPLETE
517,517,12614.0,2023-11-15 13:18:11.376015,2023-11-15 13:18:11.497063,0 days 00:00:00.121048,0.8,90,2.25,0.8,19,48,COMPLETE
