,number,value,datetime_start,datetime_complete,duration,params_alpha,params_decay_interval,params_decay_rate,params_gamma,params_initialization,params_max_steps,state
7697,7697,18215.25,2023-11-15 12:45:58.267777,2023-11-15 12:45:58.974265,0 days 00:00:00.706488,0.8,10,2.75,0.9,35,72,COMPLETE
7698,7698,18585.0,2023-11-15 12:45:58.978535,2023-11-15 12:45:59.774265,0 days 00:00:00.795730,0.7000000000000001,10,3.0,0.9,18,76,COMPLETE
7699,7699,18299.25,2023-11-15 12:45:59.777091,2023-11-15 12:46:00.510159,0 days 00:00:00.733068,0.9,10,3.0,0.9,23,95,COMPLETE
7700,7700,19260.75,2023-11-15 12:46:00.512627,2023-11-15 12:46:01.182028,0 days 00:00:00.669401,0.8,10,3.0,0.9,20,71,COMPLETE
7701,7701,17832.5,2023-11-15 12:46:01.185052,2023-11-15 12:46:01.892261,0 days 00:00:00.707209,0.8,10,2.75,0.9,21,81,COMPLETE
7702,7702,17917.0,2023-11-15 12:46:01.894647,2023-11-15 12:46:02.577579,0 days 00:00:00.682932,0.8,10,3.0,0.9,29,67,COMPLETE
7703,7703,17460.25,2023-11-15 12:46:02.580287,2023-11-15 12:46:03.259725,0 days 00:00:00.679438,0.8,10,2.0,0.9,17,73,COMPLETE
7704,7704,14869.25,2023-11-15 12:46:03.262182,2023-11-15 12:46:03.944815,0 days 00:00:00.682633,0.8,20,2.5,0.9,26,57,COMPLETE
7705,7705,17825.5,2023-11-15 12:46:03.947213,2023-11-15 12:46:04.622024,0 days 00:00:00.674811,0.8,10,3.0,0.9,15,70,COMPLETE
7706,7706,17654.5,2023-11-15 12:46:04.624456,2023-11-15 12:46:05.300407,0 days 00:00:00.675951,0.8,10,3.0,0.9,22,65,COMPLETE
7707,7707,13568.0,2023-11-15 12:46:05.303404,2023-11-15 12:46:06.039605,0 days 00:00:00.736201,0.8,50,2.75,0.9,8,76,COMPLETE
7708,7708,17020.25,2023-11-15 12:46:06.042586,2023-11-15 12:46:06.730025,0 days 00:00:00.687439,0.8,10,3.0,0.8,18,69,COMPLETE
7709,7709,17369.5,2023-11-15 12:46:06.732945,2023-11-15 12:46:07.411676,0 days 00:00:00.678731,0.8,10,3.0,0.9,24,73,COMPLETE
7710,7710,17369.25,2023-11-15 12:46:07.414130,2023-11-15 12:46:08.095339,0 days 00:00:00.681209,0.8,10,3.0,0.9,13,79,COMPLETE
7711,7711,17825.5,2023-11-15 12:46:08.097787,2023-11-15 12:46:08.774158,0 days 00:00:00.676371,0.8,10,2.75,0.9,20,70,COMPLETE
7712,7712,16543.25,2023-11-15 12:46:08.776493,2023-11-15 12:46:09.478528,0 days 00:00:00.702035,0.8,10,3.0,0.9,11,63,COMPLETE
7713,7713,18679.5,2023-11-15 12:46:09.480942,2023-11-15 12:46:10.156396,0 days 00:00:00.675454,0.7000000000000001,10,3.0,0.9,16,75,COMPLETE
7714,7714,17455.75,2023-11-15 12:46:10.158854,2023-11-15 12:46:10.832833,0 days 00:00:00.673979,0.9,10,3.0,0.9,21,67,COMPLETE
7715,7715,18215.25,2023-11-15 12:46:10.836560,2023-11-15 12:46:11.520733,0 days 00:00:00.684173,0.8,10,2.75,0.9,18,72,COMPLETE
7716,7716,17115.5,2023-11-15 12:46:11.523312,2023-11-15 12:46:12.220842,0 days 00:00:00.697530,0.8,10,3.0,0.9,23,69,COMPLETE
7717,7717,15902.75,2023-11-15 12:46:12.223390,2023-11-15 12:46:12.968287,0 days 00:00:00.744897,0.8,20,3.0,0.9,14,61,COMPLETE
7718,7718,15981.75,2023-11-15 12:46:12.970756,2023-11-15 12:46:13.665308,0 days 00:00:00.694552,0.2,10,2.5,0.9,27,77,COMPLETE
7719,7719,17188.25,2023-11-15 12:46:13.668691,2023-11-15 12:46:14.490264,0 days 00:00:00.821573,0.8,10,2.75,0.9,18,73,COMPLETE
7720,7720,16719.5,2023-11-15 12:46:14.492841,2023-11-15 12:46:15.176760,0 days 00:00:00.683919,0.8,10,3.0,0.9,20,66,COMPLETE
7721,7721,15673.5,2023-11-15 12:46:15.179159,2023-11-15 12:46:15.872729,0 days 00:00:00.693570,0.8,40,3.0,0.8,24,70,COMPLETE
7722,7722,17111.0,2023-11-15 12:46:15.875391,2023-11-15 12:46:16.579915,0 days 00:00:00.704524,0.8,10,3.0,0.9,16,84,COMPLETE
7723,7723,17299.75,2023-11-15 12:46:16.582846,2023-11-15 12:46:17.257403,0 days 00:00:00.674557,0.30000000000000004,10,2.75,0.9,22,75,COMPLETE
7724,7724,18122.5,2023-11-15 12:46:17.259822,2023-11-15 12:46:17.941297,0 days 00:00:00.681475,0.8,10,3.0,0.9,19,72,COMPLETE
7725,7725,15897.5,2023-11-15 12:46:17.943735,2023-11-15 12:46:18.623642,0 days 00:00:00.679907,0.9,20,3.0,0.9,41,68,COMPLETE
7726,7726,17654.5,2023-11-15 12:46:18.626089,2023-11-15 12:46:19.302939,0 days 00:00:00.676850,0.8,10,3.0,0.9,21,65,COMPLETE
7727,7727,17552.0,2023-11-15 12:46:19.305423,2023-11-15 12:46:19.988142,0 days 00:00:00.682719,0.8,10,2.75,0.9,25,79,COMPLETE
7728,7728,17920.75,2023-11-15 12:46:19.990561,2023-11-15 12:46:20.685423,0 days 00:00:00.694862,0.8,10,3.0,0.9,16,74,COMPLETE
7729,7729,18297.75,2023-11-15 12:46:20.687899,2023-11-15 12:46:21.372293,0 days 00:00:00.684394,0.8,10,2.25,0.9,18,70,COMPLETE
7730,7730,18585.0,2023-11-15 12:46:21.374712,2023-11-15 12:46:22.051840,0 days 00:00:00.677128,0.7000000000000001,10,3.0,0.9,14,76,COMPLETE
7731,7731,17917.0,2023-11-15 12:46:22.054683,2023-11-15 12:46:22.730363,0 days 00:00:00.675680,0.8,10,3.0,0.9,20,67,COMPLETE
7732,7732,19164.5,2023-11-15 12:46:22.733033,2023-11-15 12:46:23.398917,0 days 00:00:00.665884,0.8,10,2.5,0.8,11,71,COMPLETE
7733,7733,17369.5,2023-11-15 12:46:23.402075,2023-11-15 12:46:24.088350,0 days 00:00:00.686275,0.8,10,3.0,0.9,22,73,COMPLETE
7734,7734,16543.25,2023-11-15 12:46:24.107543,2023-11-15 12:46:24.811811,0 days 00:00:00.704268,0.8,10,2.75,0.9,17,63,COMPLETE
7735,7735,15899.75,2023-11-15 12:46:24.814174,2023-11-15 12:46:25.505702,0 days 00:00:00.691528,0.8,20,3.0,0.9,24,68,COMPLETE
7736,7736,18121.5,2023-11-15 12:46:25.508388,2023-11-15 12:46:26.175615,0 days 00:00:00.667227,0.8,10,3.0,0.9,30,77,COMPLETE
7737,7737,19260.75,2023-11-15 12:46:26.178069,2023-11-15 12:46:26.850423,0 days 00:00:00.672354,0.8,10,2.75,0.9,19,71,COMPLETE
7738,7738,17654.5,2023-11-15 12:46:26.853444,2023-11-15 12:46:27.553271,0 days 00:00:00.699827,0.8,10,3.0,0.9,26,65,COMPLETE
7739,7739,17185.25,2023-11-15 12:46:27.556479,2023-11-15 12:46:28.305583,0 days 00:00:00.749104,0.8,10,3.0,0.9,15,73,COMPLETE
7740,7740,17547.25,2023-11-15 12:46:28.308340,2023-11-15 12:46:29.107723,0 days 00:00:00.799383,0.8,10,3.0,0.9,21,68,COMPLETE
7741,7741,17925.5,2023-11-15 12:46:29.111510,2023-11-15 12:46:29.858360,0 days 00:00:00.746850,0.9,10,2.75,0.9,17,80,COMPLETE
7742,7742,18585.25,2023-11-15 12:46:29.861169,2023-11-15 12:46:30.539163,0 days 00:00:00.677994,0.7000000000000001,10,3.0,0.9,61,75,COMPLETE
7743,7743,12824.0,2023-11-15 12:46:30.541521,2023-11-15 12:46:31.254161,0 days 00:00:00.712640,0.8,60,3.0,0.9,13,69,COMPLETE
7744,7744,17271.75,2023-11-15 12:46:31.262608,2023-11-15 12:46:31.947447,0 days 00:00:00.684839,0.8,10,3.0,0.9,23,59,COMPLETE
7745,7745,17275.25,2023-11-15 12:46:31.950517,2023-11-15 12:46:32.626441,0 days 00:00:00.675924,0.8,20,3.0,0.9,19,72,COMPLETE
7746,7746,18299.75,2023-11-15 12:46:32.629366,2023-11-15 12:46:33.303054,0 days 00:00:00.673688,0.8,10,3.0,0.8,21,65,COMPLETE
7747,7747,17378.25,2023-11-15 12:46:33.305512,2023-11-15 12:46:33.994064,0 days 00:00:00.688552,0.8,10,2.75,0.9,16,76,COMPLETE
7748,7748,18109.0,2023-11-15 12:46:33.996589,2023-11-15 12:46:34.688321,0 days 00:00:00.691732,0.9,10,3.0,0.9,28,70,COMPLETE
7749,7749,17920.75,2023-11-15 12:46:34.699837,2023-11-15 12:46:35.390522,0 days 00:00:00.690685,0.8,10,2.75,0.9,50,74,COMPLETE
7750,7750,12121.5,2023-11-15 12:46:35.392969,2023-11-15 12:46:36.085558,0 days 00:00:00.692589,0.8,100,3.0,0.9,18,71,COMPLETE
7751,7751,17917.25,2023-11-15 12:46:36.088393,2023-11-15 12:46:36.778929,0 days 00:00:00.690536,0.8,10,2.5,0.9,23,67,COMPLETE
7752,7752,16711.25,2023-11-15 12:46:36.781353,2023-11-15 12:46:37.461467,0 days 00:00:00.680114,0.8,10,3.0,0.9,20,62,COMPLETE
7753,7753,13285.0,2023-11-15 12:46:37.463940,2023-11-15 12:46:38.159262,0 days 00:00:00.695322,0.8,90,3.0,0.9,25,77,COMPLETE
7754,7754,17644.0,2023-11-15 12:46:38.162138,2023-11-15 12:46:38.867227,0 days 00:00:00.705089,0.8,10,3.0,0.9,14,82,COMPLETE
7755,7755,18872.25,2023-11-15 12:46:38.869961,2023-11-15 12:46:39.548375,0 days 00:00:00.678414,0.7000000000000001,10,2.75,0.9,18,73,COMPLETE
7756,7756,16848.5,2023-11-15 12:46:39.551607,2023-11-15 12:46:40.242319,0 days 00:00:00.690712,0.5,10,0.5,0.9,21,69,COMPLETE
7757,7757,18018.25,2023-11-15 12:46:40.245041,2023-11-15 12:46:40.918675,0 days 00:00:00.673634,0.8,10,3.0,0.8,16,74,COMPLETE
7758,7758,16658.0,2023-11-15 12:46:40.922147,2023-11-15 12:46:41.604827,0 days 00:00:00.682680,0.4,10,3.0,0.9,10,65,COMPLETE
7759,7759,16905.0,2023-11-15 12:46:41.607569,2023-11-15 12:46:42.295083,0 days 00:00:00.687514,0.8,20,2.75,0.9,23,79,COMPLETE
7760,7760,19260.75,2023-11-15 12:46:42.297774,2023-11-15 12:46:43.020243,0 days 00:00:00.722469,0.8,10,3.0,0.9,19,71,COMPLETE
7761,7761,17917.0,2023-11-15 12:46:43.022647,2023-11-15 12:46:43.835834,0 days 00:00:00.813187,0.8,10,3.0,0.9,26,67,COMPLETE
7762,7762,17115.5,2023-11-15 12:46:43.838224,2023-11-15 12:46:44.524855,0 days 00:00:00.686631,0.8,10,3.0,0.9,14,69,COMPLETE
7763,7763,17920.75,2023-11-15 12:46:44.527517,2023-11-15 12:46:45.200764,0 days 00:00:00.673247,0.8,10,2.75,0.9,17,74,COMPLETE
7764,7764,19260.75,2023-11-15 12:46:45.203481,2023-11-15 12:46:45.876328,0 days 00:00:00.672847,0.8,10,2.5,0.9,21,71,COMPLETE
7765,7765,18121.5,2023-11-15 12:46:45.878718,2023-11-15 12:46:46.553595,0 days 00:00:00.674877,0.8,10,3.0,0.9,19,77,COMPLETE
7766,7766,15630.5,2023-11-15 12:46:46.556321,2023-11-15 12:46:47.266023,0 days 00:00:00.709702,0.8,20,3.0,0.9,12,63,COMPLETE
7767,7767,17547.25,2023-11-15 12:46:47.268887,2023-11-15 12:46:47.943200,0 days 00:00:00.674313,0.8,10,2.75,0.9,24,68,COMPLETE
7768,7768,18872.25,2023-11-15 12:46:47.945564,2023-11-15 12:46:48.614560,0 days 00:00:00.668996,0.7000000000000001,10,3.0,0.8,22,73,COMPLETE
7769,7769,16903.25,2023-11-15 12:46:48.617971,2023-11-15 12:46:49.299067,0 days 00:00:00.681096,0.8,10,3.0,0.6,15,66,COMPLETE
7770,7770,19260.75,2023-11-15 12:46:49.302334,2023-11-15 12:46:49.974213,0 days 00:00:00.671879,0.9,10,3.0,0.9,17,71,COMPLETE
7771,7771,17196.25,2023-11-15 12:46:49.976594,2023-11-15 12:46:50.689278,0 days 00:00:00.712684,0.8,10,2.75,0.9,20,76,COMPLETE
7772,7772,17115.5,2023-11-15 12:46:50.692452,2023-11-15 12:46:51.376400,0 days 00:00:00.683948,0.8,10,3.0,0.9,27,69,COMPLETE
7773,7773,17369.25,2023-11-15 12:46:51.379229,2023-11-15 12:46:52.075002,0 days 00:00:00.695773,0.8,10,3.0,0.9,22,79,COMPLETE
7774,7774,17487.5,2023-11-15 12:46:52.077535,2023-11-15 12:46:52.762311,0 days 00:00:00.684776,0.8,10,3.0,0.30000000000000004,19,74,COMPLETE
7775,7775,17654.5,2023-11-15 12:46:52.764814,2023-11-15 12:46:53.445199,0 days 00:00:00.680385,0.8,10,3.0,0.9,16,65,COMPLETE
7776,7776,15902.75,2023-11-15 12:46:53.447815,2023-11-15 12:46:54.146839,0 days 00:00:00.699024,0.8,20,2.75,0.9,25,61,COMPLETE
7777,7777,15929.0,2023-11-15 12:46:54.149780,2023-11-15 12:46:54.865748,0 days 00:00:00.715968,0.8,30,3.0,0.9,18,71,COMPLETE
7778,7778,17917.0,2023-11-15 12:46:54.868565,2023-11-15 12:46:55.547456,0 days 00:00:00.678891,0.8,10,2.75,0.9,13,67,COMPLETE
7779,7779,17920.75,2023-11-15 12:46:55.550674,2023-11-15 12:46:56.222933,0 days 00:00:00.672259,0.8,10,3.0,0.9,21,74,COMPLETE
7780,7780,18014.75,2023-11-15 12:46:56.225932,2023-11-15 12:46:56.908158,0 days 00:00:00.682226,0.9,10,2.5,0.8,23,70,COMPLETE
7781,7781,16923.25,2023-11-15 12:46:56.911242,2023-11-15 12:46:57.654946,0 days 00:00:00.743704,0.8,10,3.0,0.9,15,76,COMPLETE
7782,7782,18122.5,2023-11-15 12:46:57.657773,2023-11-15 12:46:58.525611,0 days 00:00:00.867838,0.8,10,3.0,0.9,33,72,COMPLETE
7783,7783,17547.25,2023-11-15 12:46:58.528567,2023-11-15 12:46:59.247353,0 days 00:00:00.718786,0.8,10,3.0,0.9,20,68,COMPLETE
7784,7784,16745.0,2023-11-15 12:46:59.250326,2023-11-15 12:46:59.930933,0 days 00:00:00.680607,0.8,10,2.25,0.9,17,64,COMPLETE
7785,7785,16013.5,2023-11-15 12:46:59.933833,2023-11-15 12:47:00.634410,0 days 00:00:00.700577,0.7000000000000001,20,3.0,0.9,23,78,COMPLETE
7786,7786,18215.25,2023-11-15 12:47:00.637321,2023-11-15 12:47:01.322128,0 days 00:00:00.684807,0.8,10,2.75,0.9,19,72,COMPLETE
7787,7787,17382.25,2023-11-15 12:47:01.324539,2023-11-15 12:47:02.043584,0 days 00:00:00.719045,0.8,10,2.0,0.9,15,69,COMPLETE
7788,7788,17644.0,2023-11-15 12:47:02.046117,2023-11-15 12:47:02.741516,0 days 00:00:00.695399,0.8,10,3.0,0.9,25,82,COMPLETE
7789,7789,18682.0,2023-11-15 12:47:02.744125,2023-11-15 12:47:03.408542,0 days 00:00:00.664417,0.8,10,3.0,0.9,21,75,COMPLETE
7790,7790,16719.5,2023-11-15 12:47:03.411166,2023-11-15 12:47:04.104897,0 days 00:00:00.693731,0.8,10,3.0,0.9,18,66,COMPLETE
7791,7791,18215.25,2023-11-15 12:47:04.108793,2023-11-15 12:47:04.784604,0 days 00:00:00.675811,0.8,10,2.75,0.9,69,72,COMPLETE
7792,7792,17825.5,2023-11-15 12:47:04.787604,2023-11-15 12:47:05.503323,0 days 00:00:00.715719,0.8,10,3.0,0.9,12,70,COMPLETE
7793,7793,18587.75,2023-11-15 12:47:05.506653,2023-11-15 12:47:06.219818,0 days 00:00:00.713165,0.9,10,3.0,0.9,28,75,COMPLETE
7794,7794,18011.5,2023-11-15 12:47:06.223140,2023-11-15 12:47:06.913162,0 days 00:00:00.690022,0.8,10,2.75,0.8,17,67,COMPLETE
7795,7795,17555.25,2023-11-15 12:47:06.916158,2023-11-15 12:47:07.592935,0 days 00:00:00.676777,0.7000000000000001,10,3.0,0.9,22,79,COMPLETE
7796,7796,16711.25,2023-11-15 12:47:07.595598,2023-11-15 12:47:08.281330,0 days 00:00:00.685732,0.8,10,3.0,0.9,19,62,COMPLETE
7797,7797,16636.0,2023-11-15 12:47:08.284363,2023-11-15 12:47:09.005186,0 days 00:00:00.720823,0.8,20,3.0,0.9,24,73,COMPLETE
7798,7798,17374.0,2023-11-15 12:47:09.007657,2023-11-15 12:47:09.681127,0 days 00:00:00.673470,0.8,10,1.25,0.9,14,69,COMPLETE
7799,7799,17757.25,2023-11-15 12:47:09.684054,2023-11-15 12:47:10.357624,0 days 00:00:00.673570,0.8,10,2.75,0.4,9,77,COMPLETE
7800,7800,18316.5,2023-11-15 12:47:10.360193,2023-11-15 12:47:11.034709,0 days 00:00:00.674516,0.6,10,3.0,0.9,20,71,COMPLETE
7801,7801,16627.0,2023-11-15 12:47:11.037217,2023-11-15 12:47:11.733784,0 days 00:00:00.696567,0.8,10,2.5,0.9,16,66,COMPLETE
7802,7802,17920.75,2023-11-15 12:47:11.736615,2023-11-15 12:47:12.510142,0 days 00:00:00.773527,0.8,10,3.0,0.9,22,74,COMPLETE
7803,7803,17115.5,2023-11-15 12:47:12.514391,2023-11-15 12:47:13.316060,0 days 00:00:00.801669,0.8,10,2.75,0.9,17,69,COMPLETE
7804,7804,17014.0,2023-11-15 12:47:13.320225,2023-11-15 12:47:14.048917,0 days 00:00:00.728692,0.8,10,3.0,0.9,26,64,COMPLETE
7805,7805,16355.25,2023-11-15 12:47:14.052396,2023-11-15 12:47:14.741497,0 days 00:00:00.689101,0.8,20,3.0,0.9,20,88,COMPLETE
7806,7806,17931.25,2023-11-15 12:47:14.743969,2023-11-15 12:47:15.425506,0 days 00:00:00.681537,0.8,10,3.0,0.8,30,72,COMPLETE
7807,7807,17378.25,2023-11-15 12:47:15.427881,2023-11-15 12:47:16.137301,0 days 00:00:00.709420,0.8,10,2.75,0.9,23,76,COMPLETE
7808,7808,17111.5,2023-11-15 12:47:16.139877,2023-11-15 12:47:16.844547,0 days 00:00:00.704670,0.7000000000000001,10,3.0,0.9,18,69,COMPLETE
7809,7809,18122.5,2023-11-15 12:47:16.847169,2023-11-15 12:47:17.538222,0 days 00:00:00.691053,0.8,10,3.0,0.9,14,72,COMPLETE
7810,7810,16719.5,2023-11-15 12:47:17.541195,2023-11-15 12:47:18.223858,0 days 00:00:00.682663,0.8,10,3.0,0.9,21,66,COMPLETE
7811,7811,17942.5,2023-11-15 12:47:18.226511,2023-11-15 12:47:18.921895,0 days 00:00:00.695384,0.8,10,3.0,0.5,16,80,COMPLETE
7812,7812,13954.0,2023-11-15 12:47:18.924875,2023-11-15 12:47:19.635912,0 days 00:00:00.711037,0.9,70,3.0,0.9,19,60,COMPLETE
7813,7813,17920.75,2023-11-15 12:47:19.638559,2023-11-15 12:47:20.323308,0 days 00:00:00.684749,0.8,10,2.75,0.9,25,74,COMPLETE
7814,7814,17547.25,2023-11-15 12:47:20.326086,2023-11-15 12:47:21.005671,0 days 00:00:00.679585,0.8,10,3.0,0.9,11,68,COMPLETE
7815,7815,17185.5,2023-11-15 12:47:21.008555,2023-11-15 12:47:21.703324,0 days 00:00:00.694769,0.8,20,2.75,0.9,21,77,COMPLETE
7816,7816,17825.5,2023-11-15 12:47:21.705747,2023-11-15 12:47:22.389811,0 days 00:00:00.684064,0.8,10,3.0,0.9,18,70,COMPLETE
7817,7817,17369.5,2023-11-15 12:47:22.392384,2023-11-15 12:47:23.115476,0 days 00:00:00.723092,0.8,10,3.0,0.9,66,73,COMPLETE
7818,7818,17194.5,2023-11-15 12:47:23.118494,2023-11-15 12:47:23.808446,0 days 00:00:00.689952,0.9,10,3.0,0.9,23,64,COMPLETE
7819,7819,19260.75,2023-11-15 12:47:23.811230,2023-11-15 12:47:24.480157,0 days 00:00:00.668927,0.8,10,2.25,0.9,15,71,COMPLETE
7820,7820,17917.0,2023-11-15 12:47:24.482883,2023-11-15 12:47:25.175582,0 days 00:00:00.692699,0.8,10,2.75,0.9,27,67,COMPLETE
7821,7821,18682.0,2023-11-15 12:47:25.178313,2023-11-15 12:47:25.858082,0 days 00:00:00.679769,0.8,10,2.5,0.9,20,75,COMPLETE
7822,7822,17922.5,2023-11-15 12:47:25.860509,2023-11-15 12:47:26.559856,0 days 00:00:00.699347,0.8,10,3.0,0.8,13,70,COMPLETE
7823,7823,13396.75,2023-11-15 12:47:26.562473,2023-11-15 12:47:27.318958,0 days 00:00:00.756485,0.7000000000000001,50,3.0,0.9,24,78,COMPLETE
7824,7824,17188.25,2023-11-15 12:47:27.322052,2023-11-15 12:47:28.097387,0 days 00:00:00.775335,0.8,10,2.75,0.9,18,73,COMPLETE
7825,7825,17917.0,2023-11-15 12:47:28.100551,2023-11-15 12:47:28.800635,0 days 00:00:00.700084,0.8,10,3.0,0.9,16,67,COMPLETE
7826,7826,16543.25,2023-11-15 12:47:28.803166,2023-11-15 12:47:29.511878,0 days 00:00:00.708712,0.8,10,3.0,0.9,22,63,COMPLETE
7827,7827,17007.75,2023-11-15 12:47:29.514527,2023-11-15 12:47:30.220237,0 days 00:00:00.705710,0.8,20,3.0,0.7000000000000001,20,75,COMPLETE
7828,7828,17825.5,2023-11-15 12:47:30.222940,2023-11-15 12:47:30.904337,0 days 00:00:00.681397,0.8,10,3.0,0.9,17,70,COMPLETE
7829,7829,17640.75,2023-11-15 12:47:30.906907,2023-11-15 12:47:31.595234,0 days 00:00:00.688327,0.8,10,2.75,0.9,22,82,COMPLETE
7830,7830,18122.5,2023-11-15 12:47:31.597753,2023-11-15 12:47:32.305879,0 days 00:00:00.708126,0.8,10,3.0,0.9,19,72,COMPLETE
7831,7831,13385.0,2023-11-15 12:47:32.308570,2023-11-15 12:47:33.009238,0 days 00:00:00.700668,0.1,10,3.0,0.9,14,67,COMPLETE
7832,7832,18121.5,2023-11-15 12:47:33.011736,2023-11-15 12:47:33.718385,0 days 00:00:00.706649,0.8,10,3.0,0.9,24,77,COMPLETE
7833,7833,16619.5,2023-11-15 12:47:33.720738,2023-11-15 12:47:34.407089,0 days 00:00:00.686351,0.8,10,2.5,0.9,16,57,COMPLETE
7834,7834,17115.5,2023-11-15 12:47:34.409710,2023-11-15 12:47:35.089823,0 days 00:00:00.680113,0.8,10,3.0,0.9,21,69,COMPLETE
7835,7835,16635.0,2023-11-15 12:47:35.093040,2023-11-15 12:47:35.785188,0 days 00:00:00.692148,0.8,20,2.75,0.9,12,73,COMPLETE
7836,7836,13475.75,2023-11-15 12:47:35.787915,2023-11-15 12:47:36.488880,0 days 00:00:00.700965,0.8,80,3.0,0.9,18,66,COMPLETE
7837,7837,18683.0,2023-11-15 12:47:36.492615,2023-11-15 12:47:37.179488,0 days 00:00:00.686873,0.9,10,3.0,0.6,27,75,COMPLETE
7838,7838,12728.5,2023-11-15 12:47:37.182053,2023-11-15 12:47:37.924605,0 days 00:00:00.742552,0.7000000000000001,90,2.75,0.8,19,71,COMPLETE
7839,7839,17014.0,2023-11-15 12:47:37.926996,2023-11-15 12:47:38.621376,0 days 00:00:00.694380,0.8,10,3.0,0.9,23,64,COMPLETE
7840,7840,17115.5,2023-11-15 12:47:38.623917,2023-11-15 12:47:39.309969,0 days 00:00:00.686052,0.8,10,3.0,0.9,15,69,COMPLETE
7841,7841,17360.25,2023-11-15 12:47:39.312455,2023-11-15 12:47:39.999700,0 days 00:00:00.687245,0.8,10,3.0,0.9,25,78,COMPLETE
7842,7842,17369.5,2023-11-15 12:47:40.002466,2023-11-15 12:47:40.694539,0 days 00:00:00.692073,0.8,10,2.75,0.9,21,73,COMPLETE
7843,7843,16711.25,2023-11-15 12:47:40.697046,2023-11-15 12:47:41.398420,0 days 00:00:00.701374,0.8,10,3.0,0.9,17,62,COMPLETE
7844,7844,17115.5,2023-11-15 12:47:41.401232,2023-11-15 12:47:42.158076,0 days 00:00:00.756844,0.8,10,3.0,0.9,20,69,COMPLETE
7845,7845,18682.0,2023-11-15 12:47:42.161194,2023-11-15 12:47:42.994144,0 days 00:00:00.832950,0.8,10,3.0,0.9,18,75,COMPLETE
7846,7846,16826.75,2023-11-15 12:47:42.996778,2023-11-15 12:47:43.837637,0 days 00:00:00.840859,0.8,20,2.75,0.9,13,80,COMPLETE
7847,7847,19260.75,2023-11-15 12:47:43.840728,2023-11-15 12:47:44.527989,0 days 00:00:00.687261,0.8,10,3.0,0.9,22,71,COMPLETE
7848,7848,16719.5,2023-11-15 12:47:44.530421,2023-11-15 12:47:45.228731,0 days 00:00:00.698310,0.8,10,3.0,0.9,25,66,COMPLETE
7849,7849,14558.25,2023-11-15 12:47:45.231239,2023-11-15 12:47:45.948301,0 days 00:00:00.717062,0.9,40,3.0,0.9,38,73,COMPLETE
7850,7850,17642.25,2023-11-15 12:47:45.951484,2023-11-15 12:47:46.649114,0 days 00:00:00.697630,0.8,10,2.75,0.8,15,68,COMPLETE
7851,7851,18585.0,2023-11-15 12:47:46.652278,2023-11-15 12:47:47.354197,0 days 00:00:00.701919,0.7000000000000001,10,3.0,0.9,17,76,COMPLETE
7852,7852,11558.25,2023-11-15 12:47:47.357239,2023-11-15 12:47:48.035643,0 days 00:00:00.678404,0.8,10,3.0,0.9,29,20,COMPLETE
7853,7853,19260.75,2023-11-15 12:47:48.038078,2023-11-15 12:47:48.717219,0 days 00:00:00.679141,0.8,10,2.5,0.9,20,71,COMPLETE
7854,7854,17654.5,2023-11-15 12:47:48.720161,2023-11-15 12:47:49.455511,0 days 00:00:00.735350,0.8,10,3.0,0.9,23,65,COMPLETE
7855,7855,17285.25,2023-11-15 12:47:49.457903,2023-11-15 12:47:50.149567,0 days 00:00:00.691664,0.8,10,2.75,0.9,10,84,COMPLETE
7856,7856,17920.75,2023-11-15 12:47:50.152313,2023-11-15 12:47:50.841909,0 days 00:00:00.689596,0.8,10,3.0,0.9,19,74,COMPLETE
7857,7857,17639.75,2023-11-15 12:47:50.844361,2023-11-15 12:47:51.589684,0 days 00:00:00.745323,0.8,10,2.25,0.9,15,68,COMPLETE
7858,7858,19260.75,2023-11-15 12:47:51.593174,2023-11-15 12:47:52.287770,0 days 00:00:00.694596,0.8,10,3.0,0.8,21,71,COMPLETE
7859,7859,16104.5,2023-11-15 12:47:52.290338,2023-11-15 12:47:53.020257,0 days 00:00:00.729919,0.8,20,3.0,0.9,17,78,COMPLETE
7860,7860,17280.0,2023-11-15 12:47:53.022933,2023-11-15 12:47:53.696530,0 days 00:00:00.673597,0.8,10,3.0,0.9,26,60,COMPLETE
7861,7861,18026.25,2023-11-15 12:47:53.699582,2023-11-15 12:47:54.383634,0 days 00:00:00.684052,0.9,10,2.75,0.9,23,72,COMPLETE
7862,7862,17547.25,2023-11-15 12:47:54.386456,2023-11-15 12:47:55.060602,0 days 00:00:00.674146,0.8,10,3.0,0.9,19,68,COMPLETE
7863,7863,16830.0,2023-11-15 12:47:55.063040,2023-11-15 12:47:55.742686,0 days 00:00:00.679646,0.7000000000000001,10,2.75,0.9,13,64,COMPLETE
7864,7864,18682.0,2023-11-15 12:47:55.745059,2023-11-15 12:47:56.429404,0 days 00:00:00.684345,0.8,10,3.0,0.9,21,75,COMPLETE
7865,7865,17644.0,2023-11-15 12:47:56.431888,2023-11-15 12:47:57.144160,0 days 00:00:00.712272,0.8,10,3.0,0.9,83,70,COMPLETE
7866,7866,15477.75,2023-11-15 12:47:57.146518,2023-11-15 12:47:57.941740,0 days 00:00:00.795222,0.8,20,3.0,0.9,16,49,COMPLETE
7867,7867,16719.5,2023-11-15 12:47:57.944671,2023-11-15 12:47:58.719591,0 days 00:00:00.774920,0.8,10,3.0,0.9,24,66,COMPLETE
