,number,value,datetime_start,datetime_complete,duration,params_alpha,params_decay_interval,params_decay_rate,params_gamma,params_initialization,params_max_steps,state
3569,3569,18218.0,2023-11-15 13:30:35.681417,2023-11-15 13:30:36.101930,0 days 00:00:00.420513,0.8,10,1.25,0.8,21,97,COMPLETE
3570,3570,18399.5,2023-11-15 13:30:36.104148,2023-11-15 13:30:36.534956,0 days 00:00:00.430808,0.8,10,1.25,0.6,18,100,COMPLETE
3571,3571,18398.5,2023-11-15 13:30:36.537066,2023-11-15 13:30:36.964763,0 days 00:00:00.427697,0.8,10,1.5,0.8,5,98,COMPLETE
3572,3572,17681.75,2023-11-15 13:30:36.966943,2023-11-15 13:30:37.397533,0 days 00:00:00.430590,0.8,10,0.75,0.30000000000000004,15,96,COMPLETE
3573,3573,18398.25,2023-11-15 13:30:37.399321,2023-11-15 13:30:37.791756,0 days 00:00:00.392435,0.8,10,1.25,0.8,13,100,COMPLETE
3574,3574,18026.75,2023-11-15 13:30:37.793388,2023-11-15 13:30:38.145077,0 days 00:00:00.351689,0.8,10,1.0,0.9,23,94,COMPLETE
3575,3575,18303.75,2023-11-15 13:30:38.146964,2023-11-15 13:30:38.524272,0 days 00:00:00.377308,0.7000000000000001,10,1.25,0.8,8,98,COMPLETE
3576,3576,18399.0,2023-11-15 13:30:38.525851,2023-11-15 13:30:38.874352,0 days 00:00:00.348501,0.8,10,1.25,0.8,17,100,COMPLETE
3577,3577,16818.75,2023-11-15 13:30:38.876231,2023-11-15 13:30:39.234774,0 days 00:00:00.358543,0.8,40,1.5,0.8,20,96,COMPLETE
3578,3578,18023.5,2023-11-15 13:30:39.236402,2023-11-15 13:30:39.582862,0 days 00:00:00.346460,0.8,10,1.25,0.8,11,98,COMPLETE
3579,3579,17830.75,2023-11-15 13:30:39.584516,2023-11-15 13:30:39.936640,0 days 00:00:00.352124,0.8,20,1.25,0.9,51,98,COMPLETE
3580,3580,18490.25,2023-11-15 13:30:39.938774,2023-11-15 13:30:40.281050,0 days 00:00:00.342276,0.8,10,1.25,0.7000000000000001,4,94,COMPLETE
3581,3581,13629.5,2023-11-15 13:30:40.282833,2023-11-15 13:30:40.642090,0 days 00:00:00.359257,0.8,10,0.25,0.8,14,37,COMPLETE
3582,3582,99.25,2023-11-15 13:30:40.643880,2023-11-15 13:30:41.110900,0 days 00:00:00.467020,0.8,10,1.0,0.8,0,53,COMPLETE
3583,3583,18492.5,2023-11-15 13:30:41.112493,2023-11-15 13:30:41.459363,0 days 00:00:00.346870,0.8,10,1.25,0.8,16,100,COMPLETE
3584,3584,18123.25,2023-11-15 13:30:41.461349,2023-11-15 13:30:41.811937,0 days 00:00:00.350588,0.6,10,1.25,0.8,19,96,COMPLETE
3585,3585,18213.75,2023-11-15 13:30:41.813514,2023-11-15 13:30:42.184186,0 days 00:00:00.370672,0.9,10,1.5,0.5,10,98,COMPLETE
3586,3586,18492.5,2023-11-15 13:30:42.186134,2023-11-15 13:30:42.531681,0 days 00:00:00.345547,0.8,10,1.25,0.8,6,100,COMPLETE
3587,3587,18301.75,2023-11-15 13:30:42.533255,2023-11-15 13:30:42.887710,0 days 00:00:00.354455,0.8,10,1.25,0.8,22,96,COMPLETE
3588,3588,18303.75,2023-11-15 13:30:42.889565,2023-11-15 13:30:43.233738,0 days 00:00:00.344173,0.7000000000000001,10,1.25,0.8,2,98,COMPLETE
3589,3589,17919.25,2023-11-15 13:30:43.236149,2023-11-15 13:30:43.581960,0 days 00:00:00.345811,0.8,20,1.75,0.8,13,99,COMPLETE
3590,3590,18207.75,2023-11-15 13:30:43.584517,2023-11-15 13:30:43.932787,0 days 00:00:00.348270,0.8,10,1.25,0.8,16,93,COMPLETE
3591,3591,13661.25,2023-11-15 13:30:43.934369,2023-11-15 13:30:44.306045,0 days 00:00:00.371676,0.8,80,1.0,0.8,19,91,COMPLETE
3592,3592,18218.0,2023-11-15 13:30:44.308464,2023-11-15 13:30:44.654485,0 days 00:00:00.346021,0.8,10,1.25,0.8,14,97,COMPLETE
3593,3593,17937.25,2023-11-15 13:30:44.656337,2023-11-15 13:30:45.017836,0 days 00:00:00.361499,0.5,10,1.25,0.7000000000000001,7,100,COMPLETE
3594,3594,17838.25,2023-11-15 13:30:45.019658,2023-11-15 13:30:45.378332,0 days 00:00:00.358674,0.9,10,1.25,0.9,4,95,COMPLETE
3595,3595,18399.75,2023-11-15 13:30:45.380006,2023-11-15 13:30:45.734842,0 days 00:00:00.354836,0.8,10,1.5,0.8,9,97,COMPLETE
3596,3596,18681.25,2023-11-15 13:30:45.736652,2023-11-15 13:30:46.113018,0 days 00:00:00.376366,0.8,10,1.25,0.8,18,99,COMPLETE
3597,3597,18401.0,2023-11-15 13:30:46.115545,2023-11-15 13:30:46.461761,0 days 00:00:00.346216,0.8,10,1.0,0.8,12,100,COMPLETE
3598,3598,18218.0,2023-11-15 13:30:46.463618,2023-11-15 13:30:46.816018,0 days 00:00:00.352400,0.8,10,1.25,0.8,21,97,COMPLETE
3599,3599,18112.5,2023-11-15 13:30:46.817611,2023-11-15 13:30:47.167816,0 days 00:00:00.350205,0.8,10,1.25,0.8,30,95,COMPLETE
3600,3600,17830.75,2023-11-15 13:30:47.169344,2023-11-15 13:30:47.530638,0 days 00:00:00.361294,0.8,20,1.25,0.8,25,98,COMPLETE
3601,3601,15080.25,2023-11-15 13:30:47.532269,2023-11-15 13:30:47.902526,0 days 00:00:00.370257,0.8,50,1.25,0.9,100,100,COMPLETE
3602,3602,18394.5,2023-11-15 13:30:47.904540,2023-11-15 13:30:48.253381,0 days 00:00:00.348841,0.8,10,1.25,0.8,16,96,COMPLETE
3603,3603,18305.25,2023-11-15 13:30:48.255176,2023-11-15 13:30:48.605354,0 days 00:00:00.350178,0.8,10,1.5,0.8,2,98,COMPLETE
3604,3604,18398.25,2023-11-15 13:30:48.607511,2023-11-15 13:30:48.950853,0 days 00:00:00.343342,0.8,10,1.25,0.8,18,100,COMPLETE
3605,3605,18129.25,2023-11-15 13:30:48.952383,2023-11-15 13:30:49.311122,0 days 00:00:00.358739,0.7000000000000001,10,1.0,0.8,11,98,COMPLETE
3606,3606,18410.75,2023-11-15 13:30:49.312672,2023-11-15 13:30:49.682623,0 days 00:00:00.369951,0.8,10,1.25,0.8,15,94,COMPLETE
3607,3607,18301.75,2023-11-15 13:30:49.684198,2023-11-15 13:30:50.028642,0 days 00:00:00.344444,0.8,10,1.5,0.7000000000000001,5,96,COMPLETE
3608,3608,18023.5,2023-11-15 13:30:50.030325,2023-11-15 13:30:50.382750,0 days 00:00:00.352425,0.8,10,1.25,0.8,8,98,COMPLETE
3609,3609,12479.5,2023-11-15 13:30:50.384371,2023-11-15 13:30:50.767862,0 days 00:00:00.383491,0.8,100,1.25,0.8,23,100,COMPLETE
3610,3610,18218.0,2023-11-15 13:30:50.770118,2023-11-15 13:30:51.116696,0 days 00:00:00.346578,0.8,10,1.25,0.8,21,97,COMPLETE
3611,3611,17827.5,2023-11-15 13:30:51.118391,2023-11-15 13:30:51.541176,0 days 00:00:00.422785,0.9,20,1.25,0.8,17,99,COMPLETE
3612,3612,17837.25,2023-11-15 13:30:51.543855,2023-11-15 13:30:51.966058,0 days 00:00:00.422203,0.8,10,1.25,0.8,13,95,COMPLETE
3613,3613,18209.25,2023-11-15 13:30:51.969096,2023-11-15 13:30:52.391612,0 days 00:00:00.422516,0.7000000000000001,10,1.0,0.9,19,98,COMPLETE
3614,3614,18300.0,2023-11-15 13:30:52.393627,2023-11-15 13:30:52.811891,0 days 00:00:00.418264,0.8,10,1.5,0.8,3,93,COMPLETE
3615,3615,18210.75,2023-11-15 13:30:52.814231,2023-11-15 13:30:53.237715,0 days 00:00:00.423484,0.8,10,1.75,0.8,15,100,COMPLETE
3616,3616,18394.5,2023-11-15 13:30:53.239983,2023-11-15 13:30:53.625778,0 days 00:00:00.385795,0.8,10,1.25,0.8,10,96,COMPLETE
3617,3617,18023.5,2023-11-15 13:30:53.627809,2023-11-15 13:30:53.978378,0 days 00:00:00.350569,0.8,10,1.25,0.8,6,98,COMPLETE
3618,3618,18212.25,2023-11-15 13:30:53.980215,2023-11-15 13:30:54.332131,0 days 00:00:00.351916,0.8,10,1.25,0.7000000000000001,20,100,COMPLETE
3619,3619,18218.0,2023-11-15 13:30:54.333701,2023-11-15 13:30:54.688259,0 days 00:00:00.354558,0.8,10,1.25,0.8,17,97,COMPLETE
3620,3620,100.0,2023-11-15 13:30:54.690791,2023-11-15 13:30:55.301059,0 days 00:00:00.610268,0.8,10,1.5,0.8,0,95,COMPLETE
3621,3621,17183.25,2023-11-15 13:30:55.302996,2023-11-15 13:30:55.652542,0 days 00:00:00.349546,0.8,30,1.25,0.9,14,99,COMPLETE
3622,3622,18323.25,2023-11-15 13:30:55.654500,2023-11-15 13:30:56.005303,0 days 00:00:00.350803,0.8,10,1.0,0.8,12,97,COMPLETE
3623,3623,18120.5,2023-11-15 13:30:56.007476,2023-11-15 13:30:56.363790,0 days 00:00:00.356314,0.8,10,1.25,0.8,54,100,COMPLETE
3624,3624,17830.75,2023-11-15 13:30:56.365360,2023-11-15 13:30:56.738206,0 days 00:00:00.372846,0.8,20,1.25,0.8,8,98,COMPLETE
3625,3625,18399.25,2023-11-15 13:30:56.740927,2023-11-15 13:30:57.096533,0 days 00:00:00.355606,0.8,10,1.25,0.8,18,92,COMPLETE
3626,3626,18498.0,2023-11-15 13:30:57.098114,2023-11-15 13:30:57.445587,0 days 00:00:00.347473,0.8,10,1.0,0.8,23,96,COMPLETE
3627,3627,18493.0,2023-11-15 13:30:57.447649,2023-11-15 13:30:57.798782,0 days 00:00:00.351133,0.9,10,1.25,0.7000000000000001,4,100,COMPLETE
3628,3628,18023.5,2023-11-15 13:30:57.800473,2023-11-15 13:30:58.148627,0 days 00:00:00.348154,0.8,10,1.25,0.8,15,98,COMPLETE
3629,3629,18209.25,2023-11-15 13:30:58.150317,2023-11-15 13:30:58.502010,0 days 00:00:00.351693,0.8,10,2.5,0.9,21,94,COMPLETE
3630,3630,17879.5,2023-11-15 13:30:58.503899,2023-11-15 13:30:58.856067,0 days 00:00:00.352168,0.8,20,1.25,0.8,27,97,COMPLETE
3631,3631,6536.75,2023-11-15 13:30:58.857825,2023-11-15 13:30:59.196373,0 days 00:00:00.338548,0.8,10,1.5,0.8,10,13,COMPLETE
3632,3632,18401.5,2023-11-15 13:30:59.197992,2023-11-15 13:30:59.547727,0 days 00:00:00.349735,0.7000000000000001,10,1.25,0.8,16,100,COMPLETE
3633,3633,18394.5,2023-11-15 13:30:59.549315,2023-11-15 13:30:59.936770,0 days 00:00:00.387455,0.8,10,1.25,0.8,6,96,COMPLETE
3634,3634,18023.5,2023-11-15 13:30:59.938916,2023-11-15 13:31:00.290780,0 days 00:00:00.351864,0.8,10,1.25,0.8,2,98,COMPLETE
3635,3635,14822.5,2023-11-15 13:31:00.292671,2023-11-15 13:31:00.680179,0 days 00:00:00.387508,0.1,10,1.25,0.8,12,100,COMPLETE
3636,3636,18022.0,2023-11-15 13:31:00.682293,2023-11-15 13:31:01.046359,0 days 00:00:00.364066,0.8,10,1.0,0.8,18,98,COMPLETE
3637,3637,17729.5,2023-11-15 13:31:01.048188,2023-11-15 13:31:01.401110,0 days 00:00:00.352922,0.4,10,1.5,0.8,14,89,COMPLETE
3638,3638,17490.0,2023-11-15 13:31:01.402854,2023-11-15 13:31:01.766341,0 days 00:00:00.363487,0.8,20,1.25,0.4,19,94,COMPLETE
3639,3639,18488.75,2023-11-15 13:31:01.768539,2023-11-15 13:31:02.120569,0 days 00:00:00.352030,0.9,10,1.75,0.8,24,96,COMPLETE
3640,3640,15331.5,2023-11-15 13:31:02.122420,2023-11-15 13:31:02.493521,0 days 00:00:00.371101,0.8,60,1.25,0.6,37,99,COMPLETE
3641,3641,18612.5,2023-11-15 13:31:02.495462,2023-11-15 13:31:02.847439,0 days 00:00:00.351977,0.8,10,1.0,0.9,8,100,COMPLETE
3642,3642,18023.5,2023-11-15 13:31:02.849079,2023-11-15 13:31:03.197061,0 days 00:00:00.347982,0.8,10,1.25,0.8,16,98,COMPLETE
3643,3643,17837.25,2023-11-15 13:31:03.198793,2023-11-15 13:31:03.569920,0 days 00:00:00.371127,0.8,10,1.25,0.8,20,95,COMPLETE
3644,3644,18401.0,2023-11-15 13:31:03.571622,2023-11-15 13:31:03.927216,0 days 00:00:00.355594,0.8,10,1.25,0.7000000000000001,5,97,COMPLETE
3645,3645,18306.5,2023-11-15 13:31:03.928751,2023-11-15 13:31:04.342266,0 days 00:00:00.413515,0.8,10,1.5,0.8,13,100,COMPLETE
3646,3646,14669.25,2023-11-15 13:31:04.344145,2023-11-15 13:31:04.705250,0 days 00:00:00.361105,0.7000000000000001,70,1.25,0.8,10,98,COMPLETE
3647,3647,17913.75,2023-11-15 13:31:04.707975,2023-11-15 13:31:05.068486,0 days 00:00:00.360511,0.5,10,1.25,0.8,3,96,COMPLETE
3648,3648,18023.5,2023-11-15 13:31:05.070142,2023-11-15 13:31:05.424227,0 days 00:00:00.354085,0.8,10,1.25,0.8,17,98,COMPLETE
3649,3649,17584.0,2023-11-15 13:31:05.426684,2023-11-15 13:31:05.794896,0 days 00:00:00.368212,0.8,10,1.25,0.8,85,92,COMPLETE
3650,3650,18307.0,2023-11-15 13:31:05.796477,2023-11-15 13:31:06.149669,0 days 00:00:00.353192,0.9,10,1.25,0.8,21,100,COMPLETE
3651,3651,18394.5,2023-11-15 13:31:06.151714,2023-11-15 13:31:06.500256,0 days 00:00:00.348542,0.8,10,1.25,0.8,7,96,COMPLETE
3652,3652,15764.75,2023-11-15 13:31:06.501990,2023-11-15 13:31:06.882298,0 days 00:00:00.380308,0.8,10,1.0,0.8,14,29,COMPLETE
3653,3653,17806.75,2023-11-15 13:31:06.884730,2023-11-15 13:31:07.308972,0 days 00:00:00.424242,0.8,20,1.5,0.9,18,94,COMPLETE
3654,3654,18023.5,2023-11-15 13:31:07.310965,2023-11-15 13:31:07.740883,0 days 00:00:00.429918,0.8,10,1.25,0.8,12,98,COMPLETE
3655,3655,18027.5,2023-11-15 13:31:07.743243,2023-11-15 13:31:08.196888,0 days 00:00:00.453645,0.8,10,1.25,0.8,16,86,COMPLETE
3656,3656,18492.5,2023-11-15 13:31:08.198559,2023-11-15 13:31:08.548660,0 days 00:00:00.350101,0.8,10,1.25,0.8,4,100,COMPLETE
3657,3657,18494.0,2023-11-15 13:31:08.550347,2023-11-15 13:31:08.901312,0 days 00:00:00.350965,0.8,10,2.0,0.7000000000000001,1,98,COMPLETE
3658,3658,18209.5,2023-11-15 13:31:08.903007,2023-11-15 13:31:09.251804,0 days 00:00:00.348797,0.8,10,1.25,0.8,40,96,COMPLETE
3659,3659,18401.0,2023-11-15 13:31:09.253632,2023-11-15 13:31:09.607324,0 days 00:00:00.353692,0.8,10,1.0,0.8,20,100,COMPLETE
3660,3660,17830.75,2023-11-15 13:31:09.609172,2023-11-15 13:31:09.963666,0 days 00:00:00.354494,0.8,20,1.25,0.8,9,98,COMPLETE
3661,3661,13684.5,2023-11-15 13:31:09.965371,2023-11-15 13:31:10.348849,0 days 00:00:00.383478,0.8,80,1.25,0.7000000000000001,22,94,COMPLETE
3662,3662,18301.5,2023-11-15 13:31:10.351400,2023-11-15 13:31:10.703596,0 days 00:00:00.352196,0.8,10,1.5,0.9,14,96,COMPLETE
3663,3663,18488.5,2023-11-15 13:31:10.705889,2023-11-15 13:31:11.058469,0 days 00:00:00.352580,0.7000000000000001,10,1.25,0.8,11,100,COMPLETE
3664,3664,17574.5,2023-11-15 13:31:11.060757,2023-11-15 13:31:11.458949,0 days 00:00:00.398192,0.8,10,1.0,0.2,17,98,COMPLETE
3665,3665,18394.5,2023-11-15 13:31:11.460951,2023-11-15 13:31:11.811999,0 days 00:00:00.351048,0.8,10,1.25,0.8,6,96,COMPLETE
3666,3666,18681.25,2023-11-15 13:31:11.813716,2023-11-15 13:31:12.160276,0 days 00:00:00.346560,0.8,10,1.25,0.8,26,99,COMPLETE
3667,3667,18218.5,2023-11-15 13:31:12.162368,2023-11-15 13:31:12.514653,0 days 00:00:00.352285,0.9,10,1.25,0.8,15,97,COMPLETE
3668,3668,18492.5,2023-11-15 13:31:12.516233,2023-11-15 13:31:12.867454,0 days 00:00:00.351221,0.8,10,1.25,0.8,19,100,COMPLETE
3669,3669,199.5,2023-11-15 13:31:12.869046,2023-11-15 13:31:13.480561,0 days 00:00:00.611515,0.8,20,1.25,0.8,0,98,COMPLETE
3670,3670,17831.25,2023-11-15 13:31:13.482214,2023-11-15 13:31:13.834004,0 days 00:00:00.351790,0.8,10,1.5,0.8,8,95,COMPLETE
3671,3671,18586.25,2023-11-15 13:31:13.835616,2023-11-15 13:31:14.216978,0 days 00:00:00.381362,0.8,10,1.25,0.9,22,99,COMPLETE
3672,3672,18117.75,2023-11-15 13:31:14.218568,2023-11-15 13:31:14.572418,0 days 00:00:00.353850,0.7000000000000001,10,1.5,0.8,3,97,COMPLETE
3673,3673,18207.75,2023-11-15 13:31:14.575189,2023-11-15 13:31:14.930793,0 days 00:00:00.355604,0.8,10,1.25,0.8,12,93,COMPLETE
3674,3674,18399.0,2023-11-15 13:31:14.932431,2023-11-15 13:31:15.286172,0 days 00:00:00.353741,0.8,10,1.25,0.8,17,100,COMPLETE
3675,3675,18144.0,2023-11-15 13:31:15.287740,2023-11-15 13:31:15.666871,0 days 00:00:00.379131,0.8,10,1.0,0.8,24,97,COMPLETE
3676,3676,18304.75,2023-11-15 13:31:15.668546,2023-11-15 13:31:16.026932,0 days 00:00:00.358386,0.8,10,1.75,0.8,19,99,COMPLETE
3677,3677,17837.25,2023-11-15 13:31:16.028676,2023-11-15 13:31:16.391362,0 days 00:00:00.362686,0.8,10,1.25,0.8,43,95,COMPLETE
3678,3678,17275.0,2023-11-15 13:31:16.392918,2023-11-15 13:31:16.750081,0 days 00:00:00.357163,0.8,30,1.25,0.8,5,100,COMPLETE
3679,3679,16934.75,2023-11-15 13:31:16.751740,2023-11-15 13:31:17.121132,0 days 00:00:00.369392,0.8,20,1.25,0.1,15,98,COMPLETE
3680,3680,18209.25,2023-11-15 13:31:17.123304,2023-11-15 13:31:17.475218,0 days 00:00:00.351914,0.9,10,1.25,0.8,10,96,COMPLETE
3681,3681,17672.0,2023-11-15 13:31:17.477329,2023-11-15 13:31:17.842976,0 days 00:00:00.365647,0.8,10,1.0,0.7000000000000001,67,98,COMPLETE
3682,3682,18398.25,2023-11-15 13:31:17.845293,2023-11-15 13:31:18.198770,0 days 00:00:00.353477,0.8,10,1.25,0.8,13,100,COMPLETE
3683,3683,18486.25,2023-11-15 13:31:18.200361,2023-11-15 13:31:18.553198,0 days 00:00:00.352837,0.8,10,1.25,0.8,7,94,COMPLETE
3684,3684,18399.75,2023-11-15 13:31:18.555020,2023-11-15 13:31:18.946947,0 days 00:00:00.391927,0.8,10,1.5,0.9,18,97,COMPLETE
3685,3685,18023.5,2023-11-15 13:31:18.948853,2023-11-15 13:31:19.309722,0 days 00:00:00.360869,0.8,10,1.25,0.8,2,98,COMPLETE
3686,3686,18398.25,2023-11-15 13:31:19.311591,2023-11-15 13:31:19.674112,0 days 00:00:00.362521,0.8,10,1.25,0.8,21,100,COMPLETE
3687,3687,17836.75,2023-11-15 13:31:19.676151,2023-11-15 13:31:20.029168,0 days 00:00:00.353017,0.8,10,1.25,0.8,16,71,COMPLETE
3688,3688,18394.5,2023-11-15 13:31:20.030791,2023-11-15 13:31:20.386006,0 days 00:00:00.355215,0.8,10,1.25,0.8,14,96,COMPLETE
3689,3689,17924.75,2023-11-15 13:31:20.387557,2023-11-15 13:31:20.744550,0 days 00:00:00.356993,0.7000000000000001,20,1.5,0.8,11,98,COMPLETE
3690,3690,18310.75,2023-11-15 13:31:20.746458,2023-11-15 13:31:21.100337,0 days 00:00:00.353879,0.8,10,1.25,0.8,19,92,COMPLETE
3691,3691,18309.0,2023-11-15 13:31:21.101994,2023-11-15 13:31:21.462840,0 days 00:00:00.360846,0.8,10,1.0,0.7000000000000001,4,100,COMPLETE
3692,3692,16720.0,2023-11-15 13:31:21.464429,2023-11-15 13:31:21.845758,0 days 00:00:00.381329,0.8,40,1.25,0.8,9,95,COMPLETE
3693,3693,18023.5,2023-11-15 13:31:21.847628,2023-11-15 13:31:22.223774,0 days 00:00:00.376146,0.8,10,1.25,0.8,17,98,COMPLETE
3694,3694,18301.75,2023-11-15 13:31:22.225930,2023-11-15 13:31:22.638830,0 days 00:00:00.412900,0.8,10,1.25,0.8,23,96,COMPLETE
3695,3695,18399.75,2023-11-15 13:31:22.641577,2023-11-15 13:31:23.101837,0 days 00:00:00.460260,0.9,10,1.25,0.9,6,100,COMPLETE
3696,3696,18305.25,2023-11-15 13:31:23.104117,2023-11-15 13:31:23.545790,0 days 00:00:00.441673,0.8,10,1.5,0.8,15,98,COMPLETE
3697,3697,18303.5,2023-11-15 13:31:23.547717,2023-11-15 13:31:23.918265,0 days 00:00:00.370548,0.8,10,2.75,0.8,20,94,COMPLETE
3698,3698,18116.5,2023-11-15 13:31:23.919846,2023-11-15 13:31:24.275042,0 days 00:00:00.355196,0.8,10,1.25,0.8,2,76,COMPLETE
3699,3699,18218.0,2023-11-15 13:31:24.276664,2023-11-15 13:31:24.637604,0 days 00:00:00.360940,0.8,10,1.25,0.8,17,97,COMPLETE
3700,3700,18119.75,2023-11-15 13:31:24.639566,2023-11-15 13:31:25.009478,0 days 00:00:00.369912,0.7000000000000001,10,1.0,0.7000000000000001,12,100,COMPLETE
3701,3701,17830.75,2023-11-15 13:31:25.011172,2023-11-15 13:31:25.366990,0 days 00:00:00.355818,0.8,20,1.25,0.8,14,98,COMPLETE
3702,3702,16590.0,2023-11-15 13:31:25.368591,2023-11-15 13:31:25.744938,0 days 00:00:00.376347,0.2,10,1.75,0.8,9,90,COMPLETE
3703,3703,18301.75,2023-11-15 13:31:25.746625,2023-11-15 13:31:26.114343,0 days 00:00:00.367718,0.8,10,1.25,0.8,20,96,COMPLETE
3704,3704,18213.0,2023-11-15 13:31:26.116290,2023-11-15 13:31:26.469954,0 days 00:00:00.353664,0.8,10,1.5,0.6,4,99,COMPLETE
3705,3705,18492.75,2023-11-15 13:31:26.471699,2023-11-15 13:31:26.835967,0 days 00:00:00.364268,0.8,10,1.0,0.9,7,100,COMPLETE
3706,3706,18218.0,2023-11-15 13:31:26.837571,2023-11-15 13:31:27.220741,0 days 00:00:00.383170,0.8,10,1.25,0.8,16,97,COMPLETE
3707,3707,17837.25,2023-11-15 13:31:27.222916,2023-11-15 13:31:27.583920,0 days 00:00:00.361004,0.8,10,1.25,0.8,22,95,COMPLETE
3708,3708,199.5,2023-11-15 13:31:27.585691,2023-11-15 13:31:28.204656,0 days 00:00:00.618965,0.8,20,1.25,0.8,0,98,COMPLETE
3709,3709,18398.25,2023-11-15 13:31:28.207357,2023-11-15 13:31:28.562951,0 days 00:00:00.355594,0.8,10,1.25,0.8,13,100,COMPLETE
3710,3710,18209.5,2023-11-15 13:31:28.564500,2023-11-15 13:31:28.924945,0 days 00:00:00.360445,0.9,10,1.25,0.8,18,98,COMPLETE
3711,3711,18300.0,2023-11-15 13:31:28.926749,2023-11-15 13:31:29.282991,0 days 00:00:00.356242,0.8,10,1.5,0.8,11,93,COMPLETE
3712,3712,18394.5,2023-11-15 13:31:29.284753,2023-11-15 13:31:29.645854,0 days 00:00:00.361101,0.8,10,1.25,0.8,15,96,COMPLETE
3713,3713,18309.0,2023-11-15 13:31:29.647445,2023-11-15 13:31:30.012405,0 days 00:00:00.364960,0.8,10,1.0,0.7000000000000001,25,100,COMPLETE
3714,3714,17880.0,2023-11-15 13:31:30.014079,2023-11-15 13:31:30.377330,0 days 00:00:00.363251,0.7000000000000001,10,0.5,0.9,5,98,COMPLETE
3715,3715,17486.25,2023-11-15 13:31:30.379164,2023-11-15 13:31:30.744540,0 days 00:00:00.365376,0.8,10,1.25,0.8,90,96,COMPLETE
3716,3716,18681.25,2023-11-15 13:31:30.746143,2023-11-15 13:31:31.109813,0 days 00:00:00.363670,0.8,10,1.25,0.8,18,99,COMPLETE
3717,3717,18410.75,2023-11-15 13:31:31.112291,2023-11-15 13:31:31.498869,0 days 00:00:00.386578,0.8,10,1.25,0.8,20,94,COMPLETE
3718,3718,16110.75,2023-11-15 13:31:31.500522,2023-11-15 13:31:31.876183,0 days 00:00:00.375661,0.8,50,1.25,0.8,8,97,COMPLETE
3719,3719,18306.5,2023-11-15 13:31:31.877830,2023-11-15 13:31:32.234536,0 days 00:00:00.356706,0.8,10,1.5,0.8,13,100,COMPLETE
3720,3720,18216.5,2023-11-15 13:31:32.236306,2023-11-15 13:31:32.594668,0 days 00:00:00.358362,0.6,10,0.75,0.8,3,98,COMPLETE
3721,3721,16910.75,2023-11-15 13:31:32.596249,2023-11-15 13:31:32.962782,0 days 00:00:00.366533,0.9,20,1.25,0.8,16,95,COMPLETE
3722,3722,16832.0,2023-11-15 13:31:32.964450,2023-11-15 13:31:33.316662,0 days 00:00:00.352212,0.8,10,2.0,0.8,10,49,COMPLETE
3723,3723,18309.0,2023-11-15 13:31:33.318261,2023-11-15 13:31:33.688533,0 days 00:00:00.370272,0.8,10,1.0,0.7000000000000001,22,100,COMPLETE
3724,3724,18122.5,2023-11-15 13:31:33.690465,2023-11-15 13:31:34.047152,0 days 00:00:00.356687,0.8,10,1.25,0.8,19,97,COMPLETE
3725,3725,18024.75,2023-11-15 13:31:34.048868,2023-11-15 13:31:34.411728,0 days 00:00:00.362860,0.8,10,1.25,0.5,17,98,COMPLETE
3726,3726,18218.0,2023-11-15 13:31:34.413462,2023-11-15 13:31:34.827664,0 days 00:00:00.414202,0.8,10,1.25,0.9,6,100,COMPLETE
3727,3727,18202.0,2023-11-15 13:31:34.829440,2023-11-15 13:31:35.190608,0 days 00:00:00.361168,0.8,20,1.25,0.8,14,96,COMPLETE
3728,3728,18022.0,2023-11-15 13:31:35.192189,2023-11-15 13:31:35.557284,0 days 00:00:00.365095,0.8,10,1.0,0.8,2,98,COMPLETE
3729,3729,18397.5,2023-11-15 13:31:35.558982,2023-11-15 13:31:35.917838,0 days 00:00:00.358856,0.7000000000000001,10,1.25,0.8,12,94,COMPLETE
3730,3730,18397.5,2023-11-15 13:31:35.919445,2023-11-15 13:31:36.279682,0 days 00:00:00.360237,0.8,10,1.75,0.8,21,99,COMPLETE
3731,3731,17393.75,2023-11-15 13:31:36.281431,2023-11-15 13:31:36.644703,0 days 00:00:00.363272,0.30000000000000004,10,1.25,0.8,16,96,COMPLETE
3732,3732,18023.75,2023-11-15 13:31:36.647259,2023-11-15 13:31:37.002232,0 days 00:00:00.354973,0.8,10,1.5,0.9,24,91,COMPLETE
3733,3733,18398.25,2023-11-15 13:31:37.003783,2023-11-15 13:31:37.417712,0 days 00:00:00.413929,0.8,10,1.25,0.8,9,100,COMPLETE
3734,3734,18023.5,2023-11-15 13:31:37.419496,2023-11-15 13:31:37.866366,0 days 00:00:00.446870,0.8,10,1.25,0.8,18,98,COMPLETE
3735,3735,18214.5,2023-11-15 13:31:37.868390,2023-11-15 13:31:38.323943,0 days 00:00:00.455553,0.7000000000000001,10,1.25,0.7000000000000001,5,97,COMPLETE
3736,3736,18492.5,2023-11-15 13:31:38.326199,2023-11-15 13:31:38.835405,0 days 00:00:00.509206,0.8,10,1.25,0.8,14,100,COMPLETE
3737,3737,17561.0,2023-11-15 13:31:38.837113,2023-11-15 13:31:39.201124,0 days 00:00:00.364011,0.8,10,1.0,0.8,7,95,COMPLETE
