,number,value,datetime_start,datetime_complete,duration,params_alpha,params_decay_interval,params_decay_rate,params_gamma,params_initialization,params_max_steps,state
7967,7967,15917.5,2023-11-15 14:09:32.148925,2023-11-15 14:09:32.863310,0 days 00:00:00.714385,0.7000000000000001,50,1.25,0.8,7,92,COMPLETE
7968,7968,18107.75,2023-11-15 14:09:32.866442,2023-11-15 14:09:33.576649,0 days 00:00:00.710207,0.9,20,1.5,0.8,14,100,COMPLETE
7969,7969,18497.5,2023-11-15 14:09:33.579060,2023-11-15 14:09:34.274734,0 days 00:00:00.695674,0.8,10,1.0,0.8,3,96,COMPLETE
7970,7970,18023.5,2023-11-15 14:09:34.277487,2023-11-15 14:09:34.975545,0 days 00:00:00.698058,0.8,10,1.25,0.8,18,98,COMPLETE
7971,7971,18307.5,2023-11-15 14:09:34.978106,2023-11-15 14:09:35.673730,0 days 00:00:00.695624,0.6,10,1.25,0.9,10,97,COMPLETE
7972,7972,18492.5,2023-11-15 14:09:35.676547,2023-11-15 14:09:36.392487,0 days 00:00:00.715940,0.8,10,1.25,0.8,20,100,COMPLETE
7973,7973,18305.0,2023-11-15 14:09:36.394980,2023-11-15 14:09:37.099760,0 days 00:00:00.704780,0.8,10,1.25,0.7000000000000001,17,94,COMPLETE
7974,7974,18023.5,2023-11-15 14:09:37.103073,2023-11-15 14:09:37.823806,0 days 00:00:00.720733,0.8,10,1.25,0.8,25,98,COMPLETE
7975,7975,18301.5,2023-11-15 14:09:37.826334,2023-11-15 14:09:38.519424,0 days 00:00:00.693090,0.8,10,1.5,0.8,15,96,COMPLETE
7976,7976,18681.25,2023-11-15 14:09:38.522198,2023-11-15 14:09:39.230672,0 days 00:00:00.708474,0.8,10,1.25,0.8,12,99,COMPLETE
7977,7977,14805.0,2023-11-15 14:09:39.235082,2023-11-15 14:09:39.939951,0 days 00:00:00.704869,0.8,10,1.0,0.8,8,35,COMPLETE
7978,7978,18492.5,2023-11-15 14:09:39.942633,2023-11-15 14:09:40.657755,0 days 00:00:00.715122,0.8,10,1.25,0.8,1,100,COMPLETE
7979,7979,18486.25,2023-11-15 14:09:40.660201,2023-11-15 14:09:41.381669,0 days 00:00:00.721468,0.8,10,1.25,0.8,5,94,COMPLETE
7980,7980,18295.75,2023-11-15 14:09:41.384496,2023-11-15 14:09:42.091005,0 days 00:00:00.706509,0.8,10,1.25,0.7000000000000001,21,97,COMPLETE
7981,7981,18023.5,2023-11-15 14:09:42.093582,2023-11-15 14:09:42.794927,0 days 00:00:00.701345,0.8,10,1.25,0.8,19,98,COMPLETE
7982,7982,18399.5,2023-11-15 14:09:42.797328,2023-11-15 14:09:43.500485,0 days 00:00:00.703157,0.9,10,1.25,0.9,14,100,COMPLETE
7983,7983,17984.0,2023-11-15 14:09:43.503056,2023-11-15 14:09:44.201417,0 days 00:00:00.698361,0.7000000000000001,20,1.5,0.8,17,96,COMPLETE
7984,7984,18023.5,2023-11-15 14:09:44.203896,2023-11-15 14:09:44.944928,0 days 00:00:00.741032,0.8,10,1.25,0.8,11,98,COMPLETE
7985,7985,18492.5,2023-11-15 14:09:44.947444,2023-11-15 14:09:45.693388,0 days 00:00:00.745944,0.8,10,1.25,0.8,6,100,COMPLETE
7986,7986,16580.25,2023-11-15 14:09:45.696004,2023-11-15 14:09:46.524864,0 days 00:00:00.828860,0.8,40,1.0,0.8,3,95,COMPLETE
7987,7987,18033.25,2023-11-15 14:09:46.529814,2023-11-15 14:09:47.268583,0 days 00:00:00.738769,0.8,10,1.25,0.8,23,98,COMPLETE
7988,7988,18394.5,2023-11-15 14:09:47.271365,2023-11-15 14:09:47.981760,0 days 00:00:00.710395,0.8,10,1.25,0.8,9,96,COMPLETE
7989,7989,17744.5,2023-11-15 14:09:47.985146,2023-11-15 14:09:48.735393,0 days 00:00:00.750247,0.8,10,1.25,0.8,15,80,COMPLETE
7990,7990,13451.5,2023-11-15 14:09:48.737930,2023-11-15 14:09:49.437236,0 days 00:00:00.699306,0.8,10,1.0,0.5,19,25,COMPLETE
7991,7991,199.5,2023-11-15 14:09:49.439772,2023-11-15 14:09:50.389188,0 days 00:00:00.949416,0.8,10,1.25,0.8,0,99,COMPLETE
7992,7992,17742.0,2023-11-15 14:09:50.391688,2023-11-15 14:09:51.098390,0 days 00:00:00.706702,0.8,20,1.5,0.9,17,93,COMPLETE
7993,7993,18492.5,2023-11-15 14:09:51.101110,2023-11-15 14:09:51.796956,0 days 00:00:00.695846,0.8,10,1.25,0.8,12,100,COMPLETE
7994,7994,18296.0,2023-11-15 14:09:51.799919,2023-11-15 14:09:52.527206,0 days 00:00:00.727287,0.7000000000000001,10,1.25,0.8,14,97,COMPLETE
7995,7995,17841.75,2023-11-15 14:09:52.530154,2023-11-15 14:09:53.259996,0 days 00:00:00.729842,0.4,10,1.25,0.8,21,98,COMPLETE
7996,7996,17837.25,2023-11-15 14:09:53.262550,2023-11-15 14:09:53.960747,0 days 00:00:00.698197,0.8,10,1.25,0.8,4,95,COMPLETE
7997,7997,18305.75,2023-11-15 14:09:53.963306,2023-11-15 14:09:54.662702,0 days 00:00:00.699396,0.8,10,1.5,0.8,7,100,COMPLETE
7998,7998,18209.5,2023-11-15 14:09:54.665397,2023-11-15 14:09:55.360570,0 days 00:00:00.695173,0.9,10,1.25,0.7000000000000001,16,98,COMPLETE
7999,7999,18202.0,2023-11-15 14:09:55.364060,2023-11-15 14:09:56.079999,0 days 00:00:00.715939,0.8,20,1.25,0.8,19,96,COMPLETE
8000,8000,18492.5,2023-11-15 14:09:56.082831,2023-11-15 14:09:56.793890,0 days 00:00:00.711059,0.8,10,1.25,0.8,10,100,COMPLETE
8001,8001,14669.25,2023-11-15 14:09:56.796287,2023-11-15 14:09:57.513347,0 days 00:00:00.717060,0.8,70,1.0,0.8,13,98,COMPLETE
8002,8002,18192.75,2023-11-15 14:09:57.517281,2023-11-15 14:09:58.218538,0 days 00:00:00.701257,0.8,10,0.75,0.7000000000000001,2,94,COMPLETE
8003,8003,17661.25,2023-11-15 14:09:58.221194,2023-11-15 14:09:58.925528,0 days 00:00:00.704334,0.5,10,1.25,0.8,49,96,COMPLETE
8004,8004,18265.25,2023-11-15 14:09:58.928019,2023-11-15 14:09:59.628447,0 days 00:00:00.700428,0.8,10,1.25,0.9,24,98,COMPLETE
8005,8005,18399.0,2023-11-15 14:09:59.630939,2023-11-15 14:10:00.373788,0 days 00:00:00.742849,0.8,10,1.25,0.8,17,100,COMPLETE
8006,8006,18218.0,2023-11-15 14:10:00.377475,2023-11-15 14:10:01.213421,0 days 00:00:00.835946,0.8,10,1.25,0.8,21,97,COMPLETE
8007,8007,18304.75,2023-11-15 14:10:01.216397,2023-11-15 14:10:01.908959,0 days 00:00:00.692562,0.8,10,1.75,0.8,34,99,COMPLETE
8008,8008,18399.75,2023-11-15 14:10:01.912266,2023-11-15 14:10:02.610934,0 days 00:00:00.698668,0.8,10,1.5,0.8,5,97,COMPLETE
8009,8009,18310.75,2023-11-15 14:10:02.613669,2023-11-15 14:10:03.321752,0 days 00:00:00.708083,0.8,10,1.25,0.8,15,92,COMPLETE
8010,8010,17924.25,2023-11-15 14:10:03.324164,2023-11-15 14:10:04.059148,0 days 00:00:00.734984,0.7000000000000001,20,1.0,0.8,8,100,COMPLETE
8011,8011,16821.25,2023-11-15 14:10:04.061698,2023-11-15 14:10:04.799287,0 days 00:00:00.737589,0.8,30,1.25,0.9,12,95,COMPLETE
8012,8012,18209.5,2023-11-15 14:10:04.801778,2023-11-15 14:10:05.508564,0 days 00:00:00.706786,0.9,10,1.25,0.8,27,98,COMPLETE
8013,8013,18398.25,2023-11-15 14:10:05.511014,2023-11-15 14:10:06.221413,0 days 00:00:00.710399,0.8,10,1.25,0.8,18,100,COMPLETE
8014,8014,18301.75,2023-11-15 14:10:06.224315,2023-11-15 14:10:06.929454,0 days 00:00:00.705139,0.8,10,1.25,0.8,20,96,COMPLETE
8015,8015,18305.25,2023-11-15 14:10:06.932426,2023-11-15 14:10:07.664785,0 days 00:00:00.732359,0.8,10,1.5,0.8,15,98,COMPLETE
8016,8016,18486.25,2023-11-15 14:10:07.667297,2023-11-15 14:10:08.371195,0 days 00:00:00.703898,0.8,10,1.25,0.8,3,94,COMPLETE
8017,8017,18490.5,2023-11-15 14:10:08.373678,2023-11-15 14:10:09.067476,0 days 00:00:00.693798,0.8,10,1.0,0.7000000000000001,6,99,COMPLETE
8018,8018,17927.0,2023-11-15 14:10:09.070435,2023-11-15 14:10:09.784805,0 days 00:00:00.714370,0.8,20,1.25,0.6,13,96,COMPLETE
8019,8019,18023.5,2023-11-15 14:10:09.787220,2023-11-15 14:10:10.478656,0 days 00:00:00.691436,0.8,10,1.25,0.8,10,98,COMPLETE
8020,8020,18120.5,2023-11-15 14:10:10.481364,2023-11-15 14:10:11.207115,0 days 00:00:00.725751,0.8,10,1.25,0.8,54,100,COMPLETE
8021,8021,15334.25,2023-11-15 14:10:11.209600,2023-11-15 14:10:11.938148,0 days 00:00:00.728548,0.8,60,1.25,0.8,18,97,COMPLETE
8022,8022,18024.0,2023-11-15 14:10:11.940609,2023-11-15 14:10:12.659892,0 days 00:00:00.719283,0.8,10,1.75,0.9,22,100,COMPLETE
8023,8023,17754.0,2023-11-15 14:10:12.663840,2023-11-15 14:10:13.378923,0 days 00:00:00.715083,0.8,10,1.25,0.8,81,98,COMPLETE
8024,8024,18213.0,2023-11-15 14:10:13.381492,2023-11-15 14:10:14.090210,0 days 00:00:00.708718,0.9,10,1.5,0.8,16,94,COMPLETE
8025,8025,12436.5,2023-11-15 14:10:14.092712,2023-11-15 14:10:14.907711,0 days 00:00:00.814999,0.8,100,2.0,0.8,1,96,COMPLETE
8026,8026,18306.25,2023-11-15 14:10:14.910782,2023-11-15 14:10:15.713548,0 days 00:00:00.802766,0.8,10,1.25,0.8,37,100,COMPLETE
8027,8027,17223.75,2023-11-15 14:10:15.716888,2023-11-15 14:10:16.437407,0 days 00:00:00.720519,0.7000000000000001,10,1.0,0.8,95,98,COMPLETE
8028,8028,16457.75,2023-11-15 14:10:16.439962,2023-11-15 14:10:17.140972,0 days 00:00:00.701010,0.8,10,1.25,0.8,8,45,COMPLETE
8029,8029,18301.75,2023-11-15 14:10:17.143618,2023-11-15 14:10:17.848350,0 days 00:00:00.704732,0.8,10,1.25,0.8,19,96,COMPLETE
8030,8030,18265.25,2023-11-15 14:10:17.851297,2023-11-15 14:10:18.572035,0 days 00:00:00.720738,0.8,10,1.25,0.9,4,98,COMPLETE
8031,8031,18399.0,2023-11-15 14:10:18.574609,2023-11-15 14:10:19.273804,0 days 00:00:00.699195,0.8,10,1.25,0.7000000000000001,13,100,COMPLETE
8032,8032,17920.5,2023-11-15 14:10:19.276585,2023-11-15 14:10:19.974350,0 days 00:00:00.697765,0.8,20,1.5,0.8,11,97,COMPLETE
8033,8033,18235.25,2023-11-15 14:10:19.977305,2023-11-15 14:10:20.688612,0 days 00:00:00.711307,0.8,10,1.0,0.8,16,93,COMPLETE
8034,8034,18493.0,2023-11-15 14:10:20.691064,2023-11-15 14:10:21.389219,0 days 00:00:00.698155,0.9,10,1.25,0.8,24,99,COMPLETE
8035,8035,18399.5,2023-11-15 14:10:21.391961,2023-11-15 14:10:22.104847,0 days 00:00:00.712886,0.8,10,1.25,0.8,22,90,COMPLETE
8036,8036,18209.5,2023-11-15 14:10:22.111967,2023-11-15 14:10:22.817989,0 days 00:00:00.706022,0.8,10,1.25,0.8,30,96,COMPLETE
8037,8037,18023.5,2023-11-15 14:10:22.820996,2023-11-15 14:10:23.531632,0 days 00:00:00.710636,0.8,10,1.25,0.8,18,98,COMPLETE
8038,8038,18212.5,2023-11-15 14:10:23.534069,2023-11-15 14:10:24.246354,0 days 00:00:00.712285,0.6,10,1.5,0.8,6,100,COMPLETE
8039,8039,17837.25,2023-11-15 14:10:24.249508,2023-11-15 14:10:24.972171,0 days 00:00:00.722663,0.8,10,1.25,0.8,14,95,COMPLETE
8040,8040,18023.5,2023-11-15 14:10:24.974920,2023-11-15 14:10:25.699818,0 days 00:00:00.724898,0.8,10,1.25,0.8,9,98,COMPLETE
8041,8041,18048.5,2023-11-15 14:10:25.703057,2023-11-15 14:10:26.409287,0 days 00:00:00.706230,0.7000000000000001,10,1.0,0.9,20,100,COMPLETE
8042,8042,18308.75,2023-11-15 14:10:26.411734,2023-11-15 14:10:27.111846,0 days 00:00:00.700112,0.8,10,1.25,0.7000000000000001,16,97,COMPLETE
8043,8043,18486.25,2023-11-15 14:10:27.114526,2023-11-15 14:10:27.822886,0 days 00:00:00.708360,0.8,10,1.25,0.8,3,94,COMPLETE
8044,8044,16945.25,2023-11-15 14:10:27.825319,2023-11-15 14:10:28.555468,0 days 00:00:00.730149,0.8,20,1.25,0.4,77,98,COMPLETE
8045,8045,199.5,2023-11-15 14:10:28.558082,2023-11-15 14:10:29.751932,0 days 00:00:01.193850,0.8,10,1.5,0.8,0,100,COMPLETE
8046,8046,18394.5,2023-11-15 14:10:29.755233,2023-11-15 14:10:30.589417,0 days 00:00:00.834184,0.8,10,1.25,0.8,11,96,COMPLETE
8047,8047,18023.5,2023-11-15 14:10:30.592307,2023-11-15 14:10:31.305812,0 days 00:00:00.713505,0.8,10,1.25,0.8,18,98,COMPLETE
8048,8048,18020.0,2023-11-15 14:10:31.308657,2023-11-15 14:10:32.040763,0 days 00:00:00.732106,0.9,10,1.25,0.8,14,95,COMPLETE
8049,8049,18401.0,2023-11-15 14:10:32.043908,2023-11-15 14:10:32.762925,0 days 00:00:00.719017,0.8,10,1.0,0.8,7,100,COMPLETE
8050,8050,18218.0,2023-11-15 14:10:32.765808,2023-11-15 14:10:33.471523,0 days 00:00:00.705715,0.8,10,1.25,0.8,20,97,COMPLETE
8051,8051,18107.75,2023-11-15 14:10:33.473983,2023-11-15 14:10:34.179307,0 days 00:00:00.705324,0.8,20,1.5,0.8,16,92,COMPLETE
8052,8052,18305.5,2023-11-15 14:10:34.181857,2023-11-15 14:10:34.897738,0 days 00:00:00.715881,0.8,10,1.75,0.9,5,99,COMPLETE
8053,8053,18023.5,2023-11-15 14:10:34.900993,2023-11-15 14:10:35.636331,0 days 00:00:00.735338,0.8,10,1.25,0.8,22,98,COMPLETE
8054,8054,18223.75,2023-11-15 14:10:35.639775,2023-11-15 14:10:36.365228,0 days 00:00:00.725453,0.7000000000000001,10,1.0,0.8,14,96,COMPLETE
8055,8055,18212.25,2023-11-15 14:10:36.368155,2023-11-15 14:10:37.106570,0 days 00:00:00.738415,0.8,10,1.25,0.7000000000000001,17,100,COMPLETE
8056,8056,18486.25,2023-11-15 14:10:37.109059,2023-11-15 14:10:37.812369,0 days 00:00:00.703310,0.8,10,1.25,0.8,9,94,COMPLETE
8057,8057,15157.5,2023-11-15 14:10:37.814947,2023-11-15 14:10:38.693005,0 days 00:00:00.878058,0.8,10,1.25,0.8,2,38,COMPLETE
8058,8058,16510.75,2023-11-15 14:10:38.695593,2023-11-15 14:10:39.528148,0 days 00:00:00.832555,0.2,10,1.25,0.8,12,98,COMPLETE
8059,8059,17402.0,2023-11-15 14:10:39.530708,2023-11-15 14:10:40.247659,0 days 00:00:00.716951,0.30000000000000004,10,1.25,0.8,21,100,COMPLETE
8060,8060,18403.75,2023-11-15 14:10:40.250999,2023-11-15 14:10:40.955924,0 days 00:00:00.704925,0.8,10,1.5,0.8,19,97,COMPLETE
8061,8061,18050.0,2023-11-15 14:10:40.958404,2023-11-15 14:10:41.661916,0 days 00:00:00.703512,0.8,20,1.0,0.9,64,96,COMPLETE
8062,8062,18681.25,2023-11-15 14:10:41.664424,2023-11-15 14:10:42.372901,0 days 00:00:00.708477,0.8,10,1.25,0.8,26,99,COMPLETE
8063,8063,18023.5,2023-11-15 14:10:42.375473,2023-11-15 14:10:43.077618,0 days 00:00:00.702145,0.8,10,1.25,0.8,4,98,COMPLETE
8064,8064,17837.5,2023-11-15 14:10:43.080264,2023-11-15 14:10:43.930054,0 days 00:00:00.849790,0.7000000000000001,10,1.25,0.8,15,95,COMPLETE
8065,8065,18399.0,2023-11-15 14:10:43.933137,2023-11-15 14:10:44.758830,0 days 00:00:00.825693,0.8,10,1.25,0.8,11,100,COMPLETE
8066,8066,18305.25,2023-11-15 14:10:44.761737,2023-11-15 14:10:45.492456,0 days 00:00:00.730719,0.8,10,1.5,0.8,7,98,COMPLETE
8067,8067,18394.5,2023-11-15 14:10:45.495476,2023-11-15 14:10:46.209799,0 days 00:00:00.714323,0.8,10,1.25,0.8,17,96,COMPLETE
8068,8068,18398.25,2023-11-15 14:10:46.212377,2023-11-15 14:10:46.932002,0 days 00:00:00.719625,0.8,10,1.25,0.8,13,100,COMPLETE
8069,8069,17652.0,2023-11-15 14:10:46.934945,2023-11-15 14:10:47.652846,0 days 00:00:00.717901,0.9,20,1.0,0.8,19,93,COMPLETE
8070,8070,18209.25,2023-11-15 14:10:47.655481,2023-11-15 14:10:48.385836,0 days 00:00:00.730355,0.8,10,1.25,0.7000000000000001,9,98,COMPLETE
8071,8071,18218.0,2023-11-15 14:10:48.388631,2023-11-15 14:10:49.110064,0 days 00:00:00.721433,0.8,10,1.25,0.8,24,97,COMPLETE
8072,8072,18492.5,2023-11-15 14:10:49.112549,2023-11-15 14:10:49.818023,0 days 00:00:00.705474,0.8,10,1.25,0.8,6,100,COMPLETE
8073,8073,17740.25,2023-11-15 14:10:49.820775,2023-11-15 14:10:50.528415,0 days 00:00:00.707640,0.8,10,1.5,0.9,15,95,COMPLETE
8074,8074,18023.5,2023-11-15 14:10:50.530929,2023-11-15 14:10:51.240984,0 days 00:00:00.710055,0.8,10,1.25,0.8,2,98,COMPLETE
8075,8075,18399.0,2023-11-15 14:10:51.243470,2023-11-15 14:10:51.958992,0 days 00:00:00.715522,0.8,10,1.25,0.8,17,100,COMPLETE
8076,8076,16548.5,2023-11-15 14:10:51.961519,2023-11-15 14:10:52.715440,0 days 00:00:00.753921,0.8,10,1.25,0.8,20,64,COMPLETE
8077,8077,16818.75,2023-11-15 14:10:52.718162,2023-11-15 14:10:53.432318,0 days 00:00:00.714156,0.8,40,1.0,0.8,12,96,COMPLETE
8078,8078,199.5,2023-11-15 14:10:53.435275,2023-11-15 14:10:54.420355,0 days 00:00:00.985080,0.8,10,1.75,0.8,0,98,COMPLETE
8079,8079,18397.25,2023-11-15 14:10:54.422939,2023-11-15 14:10:55.135563,0 days 00:00:00.712624,0.9,10,1.25,0.8,4,94,COMPLETE
8080,8080,18013.5,2023-11-15 14:10:55.138559,2023-11-15 14:10:55.857504,0 days 00:00:00.718945,0.8,20,1.25,0.8,18,100,COMPLETE
8081,8081,18308.75,2023-11-15 14:10:55.860164,2023-11-15 14:10:56.610711,0 days 00:00:00.750547,0.8,10,1.25,0.7000000000000001,14,97,COMPLETE
8082,8082,13925.5,2023-11-15 14:10:56.613529,2023-11-15 14:10:57.351227,0 days 00:00:00.737698,0.8,80,1.25,0.9,22,99,COMPLETE
8083,8083,18031.5,2023-11-15 14:10:57.353849,2023-11-15 14:10:58.084769,0 days 00:00:00.730920,0.8,10,2.5,0.30000000000000004,10,96,COMPLETE
8084,8084,18025.5,2023-11-15 14:10:58.087316,2023-11-15 14:10:59.086888,0 days 00:00:00.999572,0.7000000000000001,10,1.5,0.8,16,98,COMPLETE
8085,8085,18681.25,2023-11-15 14:10:59.089805,2023-11-15 14:11:00.507806,0 days 00:00:01.418001,0.8,10,1.25,0.8,7,99,COMPLETE
8086,8086,17655.25,2023-11-15 14:11:00.515624,2023-11-15 14:11:01.305478,0 days 00:00:00.789854,0.8,10,1.25,0.8,19,91,COMPLETE
8087,8087,17837.25,2023-11-15 14:11:01.308074,2023-11-15 14:11:02.061951,0 days 00:00:00.753877,0.8,10,1.25,0.8,13,95,COMPLETE
8088,8088,17937.0,2023-11-15 14:11:02.065576,2023-11-15 14:11:02.803606,0 days 00:00:00.738030,0.5,10,1.0,0.6,5,100,COMPLETE
8089,8089,18218.0,2023-11-15 14:11:02.806407,2023-11-15 14:11:03.576707,0 days 00:00:00.770300,0.8,10,1.25,0.8,23,97,COMPLETE
8090,8090,18305.25,2023-11-15 14:11:03.579432,2023-11-15 14:11:04.354622,0 days 00:00:00.775190,0.8,10,1.5,0.8,16,98,COMPLETE
8091,8091,18306.25,2023-11-15 14:11:04.357198,2023-11-15 14:11:05.133710,0 days 00:00:00.776512,0.8,10,1.25,0.9,9,100,COMPLETE
8092,8092,18207.75,2023-11-15 14:11:05.140609,2023-11-15 14:11:05.937657,0 days 00:00:00.797048,0.8,10,1.25,0.8,21,93,COMPLETE
8093,8093,15334.25,2023-11-15 14:11:05.940857,2023-11-15 14:11:06.679953,0 days 00:00:00.739096,0.8,60,1.0,0.8,2,97,COMPLETE
8094,8094,14193.25,2023-11-15 14:11:06.682405,2023-11-15 14:11:07.448958,0 days 00:00:00.766553,0.1,10,1.25,0.8,18,95,COMPLETE
8095,8095,18400.25,2023-11-15 14:11:07.452594,2023-11-15 14:11:08.187917,0 days 00:00:00.735323,0.9,10,1.5,0.8,11,100,COMPLETE
8096,8096,18023.5,2023-11-15 14:11:08.190515,2023-11-15 14:11:08.956647,0 days 00:00:00.766132,0.8,10,1.25,0.8,15,98,COMPLETE
8097,8097,16761.0,2023-11-15 14:11:08.959149,2023-11-15 14:11:09.694140,0 days 00:00:00.734991,0.8,30,1.25,0.1,4,96,COMPLETE
8098,8098,17557.25,2023-11-15 14:11:09.698128,2023-11-15 14:11:10.460696,0 days 00:00:00.762568,0.7000000000000001,20,1.25,0.8,42,98,COMPLETE
8099,8099,18212.25,2023-11-15 14:11:10.463905,2023-11-15 14:11:11.183173,0 days 00:00:00.719268,0.8,10,1.25,0.7000000000000001,20,100,COMPLETE
8100,8100,16855.0,2023-11-15 14:11:11.185756,2023-11-15 14:11:11.921787,0 days 00:00:00.736031,0.8,20,1.0,0.2,57,96,COMPLETE
8101,8101,18023.5,2023-11-15 14:11:11.924266,2023-11-15 14:11:12.651822,0 days 00:00:00.727556,0.8,10,1.25,0.8,13,98,COMPLETE
8102,8102,17269.5,2023-11-15 14:11:12.654355,2023-11-15 14:11:13.403497,0 days 00:00:00.749142,0.8,10,1.25,0.8,17,58,COMPLETE
8103,8103,18486.25,2023-11-15 14:11:13.406494,2023-11-15 14:11:14.184596,0 days 00:00:00.778102,0.8,10,1.25,0.8,7,94,COMPLETE
8104,8104,18586.25,2023-11-15 14:11:14.187545,2023-11-15 14:11:15.031419,0 days 00:00:00.843874,0.8,10,1.25,0.9,15,99,COMPLETE
8105,8105,18400.5,2023-11-15 14:11:15.035267,2023-11-15 14:11:15.796772,0 days 00:00:00.761505,0.8,10,1.5,0.8,11,100,COMPLETE
8106,8106,18401.5,2023-11-15 14:11:15.799553,2023-11-15 14:11:16.531194,0 days 00:00:00.731641,0.8,10,1.75,0.8,18,97,COMPLETE
8107,8107,17661.75,2023-11-15 14:11:16.534373,2023-11-15 14:11:17.286646,0 days 00:00:00.752273,0.7000000000000001,10,1.25,0.30000000000000004,9,98,COMPLETE
8108,8108,18301.75,2023-11-15 14:11:17.289162,2023-11-15 14:11:18.029272,0 days 00:00:00.740110,0.8,10,1.25,0.8,25,96,COMPLETE
8109,8109,18494.0,2023-11-15 14:11:18.031940,2023-11-15 14:11:18.782183,0 days 00:00:00.750243,0.8,10,1.0,0.7000000000000001,21,100,COMPLETE
8110,8110,18397.25,2023-11-15 14:11:18.785383,2023-11-15 14:11:19.530151,0 days 00:00:00.744768,0.9,10,1.25,0.8,14,94,COMPLETE
8111,8111,17830.75,2023-11-15 14:11:19.532859,2023-11-15 14:11:20.263428,0 days 00:00:00.730569,0.8,20,1.25,0.8,5,98,COMPLETE
8112,8112,18394.5,2023-11-15 14:11:20.266906,2023-11-15 14:11:21.007664,0 days 00:00:00.740758,0.8,10,1.25,0.8,2,96,COMPLETE
8113,8113,14290.75,2023-11-15 14:11:21.010178,2023-11-15 14:11:21.803173,0 days 00:00:00.792995,0.8,70,1.5,0.8,17,100,COMPLETE
8114,8114,18024.75,2023-11-15 14:11:21.805680,2023-11-15 14:11:22.544280,0 days 00:00:00.738600,0.6,10,1.25,0.9,23,98,COMPLETE
8115,8115,18121.75,2023-11-15 14:11:22.547152,2023-11-15 14:11:23.254572,0 days 00:00:00.707420,0.8,10,1.25,0.5,12,97,COMPLETE
8116,8116,18310.75,2023-11-15 14:11:23.257052,2023-11-15 14:11:23.965118,0 days 00:00:00.708066,0.8,10,1.25,0.8,19,92,COMPLETE
8117,8117,18492.5,2023-11-15 14:11:23.967729,2023-11-15 14:11:24.700643,0 days 00:00:00.732914,0.8,10,1.25,0.8,7,100,COMPLETE
8118,8118,17837.25,2023-11-15 14:11:24.703303,2023-11-15 14:11:25.434884,0 days 00:00:00.731581,0.8,10,1.25,0.8,16,95,COMPLETE
8119,8119,199.5,2023-11-15 14:11:25.437358,2023-11-15 14:11:26.396693,0 days 00:00:00.959335,0.8,20,1.5,0.8,0,98,COMPLETE
8120,8120,18401.0,2023-11-15 14:11:26.399458,2023-11-15 14:11:27.111990,0 days 00:00:00.712532,0.8,10,1.0,0.8,3,100,COMPLETE
8121,8121,18217.0,2023-11-15 14:11:27.115586,2023-11-15 14:11:27.829931,0 days 00:00:00.714345,0.8,10,0.5,0.7000000000000001,14,96,COMPLETE
8122,8122,18303.75,2023-11-15 14:11:27.833031,2023-11-15 14:11:28.546309,0 days 00:00:00.713278,0.7000000000000001,10,1.25,0.8,9,98,COMPLETE
8123,8123,18410.75,2023-11-15 14:11:28.549480,2023-11-15 14:11:29.384940,0 days 00:00:00.835460,0.8,10,1.25,0.8,20,94,COMPLETE
8124,8124,18307.0,2023-11-15 14:11:29.388015,2023-11-15 14:11:30.268671,0 days 00:00:00.880656,0.9,10,1.25,0.8,6,100,COMPLETE
8125,8125,18399.75,2023-11-15 14:11:30.271760,2023-11-15 14:11:31.086074,0 days 00:00:00.814314,0.8,10,1.5,0.8,17,97,COMPLETE
8126,8126,18023.5,2023-11-15 14:11:31.088554,2023-11-15 14:11:31.847413,0 days 00:00:00.758859,0.8,10,1.25,0.8,12,98,COMPLETE
8127,8127,18023.5,2023-11-15 14:11:31.850637,2023-11-15 14:11:32.626674,0 days 00:00:00.776037,0.8,10,1.25,0.9,22,76,COMPLETE
8128,8128,18322.0,2023-11-15 14:11:32.629120,2023-11-15 14:11:33.428004,0 days 00:00:00.798884,0.8,10,1.0,0.8,15,99,COMPLETE
8129,8129,18116.5,2023-11-15 14:11:33.431115,2023-11-15 14:11:34.200801,0 days 00:00:00.769686,0.8,10,1.25,0.7000000000000001,19,96,COMPLETE
8130,8130,18492.5,2023-11-15 14:11:34.203872,2023-11-15 14:11:34.947416,0 days 00:00:00.743544,0.8,10,1.25,0.8,4,100,COMPLETE
8131,8131,17830.75,2023-11-15 14:11:34.950499,2023-11-15 14:11:35.707448,0 days 00:00:00.756949,0.8,20,1.25,0.8,8,98,COMPLETE
8132,8132,17561.0,2023-11-15 14:11:35.709970,2023-11-15 14:11:36.509488,0 days 00:00:00.799518,0.8,10,1.0,0.8,27,95,COMPLETE
8133,8133,18218.0,2023-11-15 14:11:36.512233,2023-11-15 14:11:37.303632,0 days 00:00:00.791399,0.8,10,1.25,0.8,11,97,COMPLETE
8134,8134,18398.25,2023-11-15 14:11:37.306601,2023-11-15 14:11:38.133482,0 days 00:00:00.826881,0.8,10,1.25,0.8,18,100,COMPLETE
8135,8135,17850.75,2023-11-15 14:11:38.136901,2023-11-15 14:11:39.131261,0 days 00:00:00.994360,0.8,10,1.5,0.8,86,98,COMPLETE
