,number,value,datetime_start,datetime_complete,duration,params_alpha,params_decay_interval,params_decay_rate,params_gamma,params_initialization,params_max_steps,state
1371,1371,17092.75,2023-11-15 13:20:25.452804,2023-11-15 13:20:25.621385,0 days 00:00:00.168581,0.8,10,1.75,0.8,5,53,COMPLETE
1372,1372,18209.5,2023-11-15 13:20:25.622638,2023-11-15 13:20:25.792613,0 days 00:00:00.169975,0.9,10,1.25,0.8,13,98,COMPLETE
1373,1373,18399.5,2023-11-15 13:20:25.794418,2023-11-15 13:20:25.964589,0 days 00:00:00.170171,0.8,10,1.25,0.8,23,100,COMPLETE
1374,1374,17096.25,2023-11-15 13:20:25.965737,2023-11-15 13:20:26.141848,0 days 00:00:00.176111,0.8,20,1.0,0.8,20,95,COMPLETE
1375,1375,18218.0,2023-11-15 13:20:26.143113,2023-11-15 13:20:26.315846,0 days 00:00:00.172733,0.8,10,1.25,0.8,2,97,COMPLETE
1376,1376,17655.25,2023-11-15 13:20:26.316970,2023-11-15 13:20:26.489739,0 days 00:00:00.172769,0.8,10,1.25,0.8,11,91,COMPLETE
1377,1377,18210.5,2023-11-15 13:20:26.491317,2023-11-15 13:20:26.662379,0 days 00:00:00.171062,0.8,10,1.5,0.9,17,99,COMPLETE
1378,1378,18399.75,2023-11-15 13:20:26.663460,2023-11-15 13:20:26.832417,0 days 00:00:00.168957,0.7000000000000001,10,1.25,0.8,8,97,COMPLETE
1379,1379,18401.0,2023-11-15 13:20:26.833668,2023-11-15 13:20:27.004280,0 days 00:00:00.170612,0.8,10,1.0,0.8,15,100,COMPLETE
1380,1380,18410.75,2023-11-15 13:20:27.005697,2023-11-15 13:20:27.176486,0 days 00:00:00.170789,0.8,10,1.25,0.8,19,94,COMPLETE
1381,1381,17833.5,2023-11-15 13:20:27.177636,2023-11-15 13:20:27.350177,0 days 00:00:00.172541,0.8,20,1.25,0.7000000000000001,5,98,COMPLETE
1382,1382,17858.75,2023-11-15 13:20:27.351305,2023-11-15 13:20:27.523098,0 days 00:00:00.171793,0.8,10,1.25,0.8,25,72,COMPLETE
1383,1383,18395.25,2023-11-15 13:20:27.524735,2023-11-15 13:20:27.694719,0 days 00:00:00.169984,0.8,10,1.5,0.8,16,96,COMPLETE
1384,1384,18399.0,2023-11-15 13:20:27.695971,2023-11-15 13:20:27.879214,0 days 00:00:00.183243,0.8,10,1.25,0.8,11,100,COMPLETE
1385,1385,18209.5,2023-11-15 13:20:27.880523,2023-11-15 13:20:28.049683,0 days 00:00:00.169160,0.9,10,1.25,0.8,3,98,COMPLETE
1386,1386,18394.5,2023-11-15 13:20:28.050818,2023-11-15 13:20:28.217382,0 days 00:00:00.166564,0.8,10,1.25,0.8,13,96,COMPLETE
1387,1387,18265.25,2023-11-15 13:20:28.218523,2023-11-15 13:20:28.389088,0 days 00:00:00.170565,0.8,10,1.25,0.9,46,98,COMPLETE
1388,1388,18398.25,2023-11-15 13:20:28.390616,2023-11-15 13:20:28.561608,0 days 00:00:00.170992,0.8,10,1.25,0.8,21,100,COMPLETE
1389,1389,17938.5,2023-11-15 13:20:28.562702,2023-11-15 13:20:28.734605,0 days 00:00:00.171903,0.8,10,1.0,0.8,18,94,COMPLETE
1390,1390,18023.5,2023-11-15 13:20:28.735700,2023-11-15 13:20:28.908132,0 days 00:00:00.172432,0.8,10,1.25,0.8,6,98,COMPLETE
1391,1391,18394.5,2023-11-15 13:20:28.909420,2023-11-15 13:20:29.077997,0 days 00:00:00.168577,0.8,10,1.25,0.8,8,96,COMPLETE
1392,1392,18013.5,2023-11-15 13:20:29.079157,2023-11-15 13:20:29.249045,0 days 00:00:00.169888,0.8,20,1.25,0.8,15,100,COMPLETE
1393,1393,18303.75,2023-11-15 13:20:29.250178,2023-11-15 13:20:29.420246,0 days 00:00:00.170068,0.7000000000000001,10,1.5,0.9,22,98,COMPLETE
1394,1394,17305.75,2023-11-15 13:20:29.421579,2023-11-15 13:20:29.603498,0 days 00:00:00.181919,0.8,10,1.25,0.4,88,95,COMPLETE
1395,1395,18309.0,2023-11-15 13:20:29.604749,2023-11-15 13:20:29.777251,0 days 00:00:00.172502,0.8,10,1.0,0.7000000000000001,2,100,COMPLETE
1396,1396,18218.5,2023-11-15 13:20:29.778378,2023-11-15 13:20:29.949621,0 days 00:00:00.171243,0.9,10,1.25,0.8,17,97,COMPLETE
1397,1397,18310.75,2023-11-15 13:20:29.950845,2023-11-15 13:20:30.121603,0 days 00:00:00.170758,0.8,10,1.25,0.8,14,92,COMPLETE
1398,1398,18398.5,2023-11-15 13:20:30.123194,2023-11-15 13:20:30.291688,0 days 00:00:00.168494,0.8,10,1.5,0.8,10,98,COMPLETE
1399,1399,18492.5,2023-11-15 13:20:30.292916,2023-11-15 13:20:30.461597,0 days 00:00:00.168681,0.8,10,1.25,0.8,19,100,COMPLETE
1400,1400,18394.5,2023-11-15 13:20:30.462772,2023-11-15 13:20:30.630096,0 days 00:00:00.167324,0.8,10,1.25,0.8,7,96,COMPLETE
1401,1401,15424.25,2023-11-15 13:20:30.631409,2023-11-15 13:20:30.818081,0 days 00:00:00.186672,0.8,60,1.25,0.8,16,98,COMPLETE
1402,1402,13684.5,2023-11-15 13:20:30.819277,2023-11-15 13:20:31.014353,0 days 00:00:00.195076,0.8,80,2.0,0.8,13,94,COMPLETE
1403,1403,18306.0,2023-11-15 13:20:31.015509,2023-11-15 13:20:31.191049,0 days 00:00:00.175540,0.7000000000000001,10,1.25,0.7000000000000001,20,99,COMPLETE
1404,1404,17948.25,2023-11-15 13:20:31.192503,2023-11-15 13:20:31.364019,0 days 00:00:00.171516,0.8,10,1.0,0.8,18,70,COMPLETE
1405,1405,99.25,2023-11-15 13:20:31.365276,2023-11-15 13:20:31.674374,0 days 00:00:00.309098,0.8,10,1.5,0.8,0,56,COMPLETE
1406,1406,18014.5,2023-11-15 13:20:31.675664,2023-11-15 13:20:31.847299,0 days 00:00:00.171635,0.8,20,1.25,0.8,24,97,COMPLETE
1407,1407,18492.5,2023-11-15 13:20:31.848737,2023-11-15 13:20:32.019933,0 days 00:00:00.171196,0.8,10,1.25,0.8,4,100,COMPLETE
1408,1408,17756.0,2023-11-15 13:20:32.021012,2023-11-15 13:20:32.198328,0 days 00:00:00.177316,0.9,10,1.75,0.9,94,96,COMPLETE
1409,1409,18023.5,2023-11-15 13:20:32.199464,2023-11-15 13:20:32.374745,0 days 00:00:00.175281,0.8,10,1.25,0.8,11,98,COMPLETE
1410,1410,17359.25,2023-11-15 13:20:32.376049,2023-11-15 13:20:32.551959,0 days 00:00:00.175910,0.8,30,1.0,0.8,14,100,COMPLETE
1411,1411,17837.25,2023-11-15 13:20:32.553251,2023-11-15 13:20:32.733684,0 days 00:00:00.180433,0.8,10,1.25,0.8,37,95,COMPLETE
1412,1412,18023.5,2023-11-15 13:20:32.734832,2023-11-15 13:20:32.908015,0 days 00:00:00.173183,0.8,10,1.25,0.8,21,98,COMPLETE
1413,1413,16727.25,2023-11-15 13:20:32.909185,2023-11-15 13:20:33.086145,0 days 00:00:00.176960,0.8,40,1.25,0.8,9,99,COMPLETE
1414,1414,17940.0,2023-11-15 13:20:33.087349,2023-11-15 13:20:33.266062,0 days 00:00:00.178713,0.8,10,1.5,0.8,69,97,COMPLETE
1415,1415,18207.75,2023-11-15 13:20:33.267299,2023-11-15 13:20:33.440808,0 days 00:00:00.173509,0.8,10,1.25,0.8,16,93,COMPLETE
1416,1416,18399.5,2023-11-15 13:20:33.442049,2023-11-15 13:20:33.615369,0 days 00:00:00.173320,0.7000000000000001,10,1.25,0.9,6,100,COMPLETE
1417,1417,17751.0,2023-11-15 13:20:33.616508,2023-11-15 13:20:33.793515,0 days 00:00:00.177007,0.8,10,1.0,0.8,18,85,COMPLETE
1418,1418,18301.75,2023-11-15 13:20:33.794820,2023-11-15 13:20:33.968609,0 days 00:00:00.173789,0.8,10,1.25,0.7000000000000001,12,96,COMPLETE
1419,1419,17931.0,2023-11-15 13:20:33.969711,2023-11-15 13:20:34.144787,0 days 00:00:00.175076,0.8,10,1.25,0.8,52,98,COMPLETE
1420,1420,18107.75,2023-11-15 13:20:34.146100,2023-11-15 13:20:34.316295,0 days 00:00:00.170195,0.8,20,1.5,0.8,2,100,COMPLETE
1421,1421,17838.25,2023-11-15 13:20:34.317610,2023-11-15 13:20:34.495776,0 days 00:00:00.178166,0.9,10,1.25,0.8,22,95,COMPLETE
1422,1422,17761.75,2023-11-15 13:20:34.497082,2023-11-15 13:20:34.704894,0 days 00:00:00.207812,0.8,10,1.25,0.8,83,98,COMPLETE
1423,1423,17839.0,2023-11-15 13:20:34.706250,2023-11-15 13:20:34.883597,0 days 00:00:00.177347,0.8,20,1.25,0.8,16,97,COMPLETE
1424,1424,16487.5,2023-11-15 13:20:34.884691,2023-11-15 13:20:35.066927,0 days 00:00:00.182236,0.2,10,1.0,0.8,4,75,COMPLETE
1425,1425,18492.5,2023-11-15 13:20:35.068166,2023-11-15 13:20:35.239792,0 days 00:00:00.171626,0.8,10,1.25,0.8,19,100,COMPLETE
1426,1426,18400.0,2023-11-15 13:20:35.241441,2023-11-15 13:20:35.414266,0 days 00:00:00.172825,0.8,10,1.25,0.9,9,94,COMPLETE
1427,1427,18209.5,2023-11-15 13:20:35.415449,2023-11-15 13:20:35.591247,0 days 00:00:00.175798,0.8,10,1.25,0.7000000000000001,14,98,COMPLETE
1428,1428,18301.5,2023-11-15 13:20:35.592615,2023-11-15 13:20:35.764933,0 days 00:00:00.172318,0.8,10,1.5,0.8,7,96,COMPLETE
1429,1429,18681.25,2023-11-15 13:20:35.766251,2023-11-15 13:20:35.937139,0 days 00:00:00.170888,0.8,10,1.25,0.8,17,99,COMPLETE
1430,1430,17304.75,2023-11-15 13:20:35.938290,2023-11-15 13:20:36.121061,0 days 00:00:00.182771,0.30000000000000004,10,1.75,0.8,11,90,COMPLETE
1431,1431,18492.5,2023-11-15 13:20:36.122418,2023-11-15 13:20:36.293455,0 days 00:00:00.171037,0.8,10,1.25,0.8,20,100,COMPLETE
1432,1432,18401.0,2023-11-15 13:20:36.294830,2023-11-15 13:20:36.469395,0 days 00:00:00.174565,0.8,10,3.0,0.8,5,97,COMPLETE
1433,1433,18023.5,2023-11-15 13:20:36.470558,2023-11-15 13:20:36.648574,0 days 00:00:00.178016,0.8,10,1.25,0.8,13,98,COMPLETE
1434,1434,17005.25,2023-11-15 13:20:36.649859,2023-11-15 13:20:36.834285,0 days 00:00:00.184426,0.8,20,1.25,0.8,15,95,COMPLETE
1435,1435,16453.25,2023-11-15 13:20:36.835390,2023-11-15 13:20:37.019003,0 days 00:00:00.183613,0.7000000000000001,40,1.25,0.8,23,100,COMPLETE
1436,1436,18300.75,2023-11-15 13:20:37.020173,2023-11-15 13:20:37.195998,0 days 00:00:00.175825,0.8,10,1.25,0.9,2,96,COMPLETE
1437,1437,13387.25,2023-11-15 13:20:37.197162,2023-11-15 13:20:37.367676,0 days 00:00:00.170514,0.8,10,1.0,0.8,17,24,COMPLETE
1438,1438,18305.25,2023-11-15 13:20:37.368849,2023-11-15 13:20:37.547741,0 days 00:00:00.178892,0.8,10,1.5,0.8,19,98,COMPLETE
1439,1439,18492.5,2023-11-15 13:20:37.548964,2023-11-15 13:20:37.723986,0 days 00:00:00.175022,0.8,10,1.25,0.8,10,100,COMPLETE
1440,1440,18218.5,2023-11-15 13:20:37.725179,2023-11-15 13:20:37.902230,0 days 00:00:00.177051,0.9,10,1.25,0.7000000000000001,15,97,COMPLETE
1441,1441,17955.0,2023-11-15 13:20:37.903333,2023-11-15 13:20:38.081132,0 days 00:00:00.177799,0.5,10,0.75,0.8,7,92,COMPLETE
1442,1442,18681.25,2023-11-15 13:20:38.082358,2023-11-15 13:20:38.254142,0 days 00:00:00.171784,0.8,10,1.25,0.8,4,99,COMPLETE
1443,1443,18212.25,2023-11-15 13:20:38.255631,2023-11-15 13:20:38.429802,0 days 00:00:00.174171,0.7000000000000001,10,1.25,0.8,21,94,COMPLETE
1444,1444,199.5,2023-11-15 13:20:38.430953,2023-11-15 13:20:38.858405,0 days 00:00:00.427452,0.8,10,1.0,0.8,0,96,COMPLETE
1445,1445,18265.25,2023-11-15 13:20:38.859621,2023-11-15 13:20:39.032549,0 days 00:00:00.172928,0.8,10,1.25,0.9,12,98,COMPLETE
1446,1446,18013.5,2023-11-15 13:20:39.033691,2023-11-15 13:20:39.207255,0 days 00:00:00.173564,0.8,20,1.25,0.8,18,100,COMPLETE
1447,1447,18305.25,2023-11-15 13:20:39.208908,2023-11-15 13:20:39.385348,0 days 00:00:00.176440,0.8,10,1.5,0.8,8,98,COMPLETE
1448,1448,16011.75,2023-11-15 13:20:39.386609,2023-11-15 13:20:39.560161,0 days 00:00:00.173552,0.8,10,1.25,0.8,24,41,COMPLETE
1449,1449,17837.25,2023-11-15 13:20:39.561432,2023-11-15 13:20:39.738017,0 days 00:00:00.176585,0.8,10,1.25,0.8,14,95,COMPLETE
1450,1450,18492.5,2023-11-15 13:20:39.739485,2023-11-15 13:20:39.913555,0 days 00:00:00.174070,0.8,10,1.25,0.8,16,100,COMPLETE
1451,1451,18218.5,2023-11-15 13:20:39.915136,2023-11-15 13:20:40.092654,0 days 00:00:00.177518,0.9,10,1.25,0.9,20,97,COMPLETE
1452,1452,18026.75,2023-11-15 13:20:40.094028,2023-11-15 13:20:40.270130,0 days 00:00:00.176102,0.4,10,1.5,0.8,5,98,COMPLETE
1453,1453,18206.5,2023-11-15 13:20:40.271285,2023-11-15 13:20:40.446117,0 days 00:00:00.174832,0.8,10,1.0,0.7000000000000001,17,93,COMPLETE
1454,1454,16466.25,2023-11-15 13:20:40.447324,2023-11-15 13:20:40.627970,0 days 00:00:00.180646,0.8,20,1.25,0.8,73,66,COMPLETE
1455,1455,18394.5,2023-11-15 13:20:40.629128,2023-11-15 13:20:40.826945,0 days 00:00:00.197817,0.8,10,1.25,0.8,2,96,COMPLETE
1456,1456,18492.5,2023-11-15 13:20:40.828100,2023-11-15 13:20:41.002932,0 days 00:00:00.174832,0.8,10,1.25,0.8,12,100,COMPLETE
1457,1457,18071.75,2023-11-15 13:20:41.004159,2023-11-15 13:20:41.181992,0 days 00:00:00.177833,0.6,10,1.0,0.8,9,98,COMPLETE
1458,1458,17752.25,2023-11-15 13:20:41.183093,2023-11-15 13:20:41.364638,0 days 00:00:00.181545,0.7000000000000001,10,1.25,0.8,56,96,COMPLETE
1459,1459,18209.75,2023-11-15 13:20:41.365796,2023-11-15 13:20:41.543624,0 days 00:00:00.177828,0.8,10,1.5,0.8,22,99,COMPLETE
1460,1460,18492.5,2023-11-15 13:20:41.544813,2023-11-15 13:20:41.718842,0 days 00:00:00.174029,0.8,10,1.25,0.8,14,100,COMPLETE
1461,1461,18218.0,2023-11-15 13:20:41.719999,2023-11-15 13:20:41.901604,0 days 00:00:00.181605,0.8,10,1.25,0.8,20,97,COMPLETE
1462,1462,17746.5,2023-11-15 13:20:41.902919,2023-11-15 13:20:42.084177,0 days 00:00:00.181258,0.8,10,1.25,0.7000000000000001,16,95,COMPLETE
1463,1463,4923.5,2023-11-15 13:20:42.085286,2023-11-15 13:20:42.251085,0 days 00:00:00.165799,0.8,10,1.25,0.8,6,11,COMPLETE
1464,1464,16201.5,2023-11-15 13:20:42.252232,2023-11-15 13:20:42.440736,0 days 00:00:00.188504,0.8,50,1.75,0.9,18,98,COMPLETE
1465,1465,18307.5,2023-11-15 13:20:42.442276,2023-11-15 13:20:42.621276,0 days 00:00:00.179000,0.8,10,1.25,0.6,25,100,COMPLETE
1466,1466,17833.5,2023-11-15 13:20:42.622777,2023-11-15 13:20:42.801505,0 days 00:00:00.178728,0.9,20,1.25,0.8,4,98,COMPLETE
1467,1467,18307.0,2023-11-15 13:20:42.802686,2023-11-15 13:20:42.981126,0 days 00:00:00.178440,0.8,10,1.5,0.8,10,94,COMPLETE
1468,1468,18594.75,2023-11-15 13:20:42.982305,2023-11-15 13:20:43.157335,0 days 00:00:00.175030,0.8,10,1.0,0.8,13,96,COMPLETE
1469,1469,18492.5,2023-11-15 13:20:43.158948,2023-11-15 13:20:43.334203,0 days 00:00:00.175255,0.8,10,1.25,0.8,19,100,COMPLETE
1470,1470,18023.5,2023-11-15 13:20:43.335311,2023-11-15 13:20:43.514428,0 days 00:00:00.179117,0.8,10,1.25,0.8,2,98,COMPLETE
1471,1471,18218.0,2023-11-15 13:20:43.515532,2023-11-15 13:20:43.695818,0 days 00:00:00.180286,0.8,10,1.25,0.8,15,97,COMPLETE
1472,1472,18458.5,2023-11-15 13:20:43.696954,2023-11-15 13:20:43.874784,0 days 00:00:00.177830,0.8,10,1.0,0.8,11,100,COMPLETE
1473,1473,17830.75,2023-11-15 13:20:43.876061,2023-11-15 13:20:44.053461,0 days 00:00:00.177400,0.8,20,1.25,0.8,8,98,COMPLETE
1474,1474,12442.25,2023-11-15 13:20:44.054689,2023-11-15 13:20:44.262882,0 days 00:00:00.208193,0.8,100,1.25,0.9,22,93,COMPLETE
1475,1475,18301.5,2023-11-15 13:20:44.264327,2023-11-15 13:20:44.444009,0 days 00:00:00.179682,0.8,10,1.5,0.8,17,96,COMPLETE
1476,1476,18681.25,2023-11-15 13:20:44.445294,2023-11-15 13:20:44.618226,0 days 00:00:00.172932,0.8,10,1.25,0.8,13,99,COMPLETE
1477,1477,18492.5,2023-11-15 13:20:44.619393,2023-11-15 13:20:44.797620,0 days 00:00:00.178227,0.8,10,1.25,0.8,19,100,COMPLETE
1478,1478,17489.75,2023-11-15 13:20:44.798747,2023-11-15 13:20:44.981792,0 days 00:00:00.183045,0.7000000000000001,10,1.25,0.8,6,95,COMPLETE
1479,1479,199.5,2023-11-15 13:20:44.982910,2023-11-15 13:20:45.413554,0 days 00:00:00.430644,0.8,10,1.25,0.7000000000000001,0,97,COMPLETE
1480,1480,12250.0,2023-11-15 13:20:45.414775,2023-11-15 13:20:45.586934,0 days 00:00:00.172159,0.8,10,1.5,0.8,3,21,COMPLETE
1481,1481,18118.75,2023-11-15 13:20:45.588280,2023-11-15 13:20:45.770737,0 days 00:00:00.182457,0.9,10,1.25,0.6,16,98,COMPLETE
1482,1482,18492.5,2023-11-15 13:20:45.771861,2023-11-15 13:20:45.948307,0 days 00:00:00.176446,0.8,10,1.25,0.8,14,100,COMPLETE
1483,1483,17937.0,2023-11-15 13:20:45.949425,2023-11-15 13:20:46.129730,0 days 00:00:00.180305,0.8,10,1.0,0.5,20,96,COMPLETE
1484,1484,17830.75,2023-11-15 13:20:46.130867,2023-11-15 13:20:46.308180,0 days 00:00:00.177313,0.8,20,1.25,0.9,11,98,COMPLETE
1485,1485,17670.0,2023-11-15 13:20:46.309610,2023-11-15 13:20:46.493749,0 days 00:00:00.184139,0.8,10,1.25,0.30000000000000004,18,94,COMPLETE
1486,1486,18681.25,2023-11-15 13:20:46.495016,2023-11-15 13:20:46.670511,0 days 00:00:00.175495,0.8,10,1.25,0.8,8,99,COMPLETE
1487,1487,17911.5,2023-11-15 13:20:46.671806,2023-11-15 13:20:46.857624,0 days 00:00:00.185818,0.7000000000000001,10,0.5,0.8,26,100,COMPLETE
1488,1488,17843.75,2023-11-15 13:20:46.858736,2023-11-15 13:20:47.038854,0 days 00:00:00.180118,0.8,10,1.5,0.8,22,78,COMPLETE
1489,1489,18401.5,2023-11-15 13:20:47.040436,2023-11-15 13:20:47.219350,0 days 00:00:00.178914,0.8,10,1.75,0.8,5,97,COMPLETE
1490,1490,18301.75,2023-11-15 13:20:47.220731,2023-11-15 13:20:47.398234,0 days 00:00:00.177503,0.8,10,1.25,0.7000000000000001,16,96,COMPLETE
1491,1491,17833.5,2023-11-15 13:20:47.399487,2023-11-15 13:20:47.580666,0 days 00:00:00.181179,0.9,20,1.25,0.8,18,98,COMPLETE
1492,1492,18401.0,2023-11-15 13:20:47.581784,2023-11-15 13:20:47.760926,0 days 00:00:00.179142,0.8,10,1.0,0.8,14,100,COMPLETE
1493,1493,17837.25,2023-11-15 13:20:47.762135,2023-11-15 13:20:47.945591,0 days 00:00:00.183456,0.8,10,1.25,0.8,10,95,COMPLETE
1494,1494,18023.5,2023-11-15 13:20:47.946938,2023-11-15 13:20:48.132542,0 days 00:00:00.185604,0.8,10,1.25,0.8,21,98,COMPLETE
1495,1495,17655.25,2023-11-15 13:20:48.133780,2023-11-15 13:20:48.317102,0 days 00:00:00.183322,0.8,10,1.25,0.8,3,91,COMPLETE
1496,1496,13089.5,2023-11-15 13:20:48.318283,2023-11-15 13:20:48.533929,0 days 00:00:00.215646,0.8,90,1.25,0.4,12,100,COMPLETE
1497,1497,14487.75,2023-11-15 13:20:48.535289,2023-11-15 13:20:48.738493,0 days 00:00:00.203204,0.8,70,1.25,0.9,7,96,COMPLETE
1498,1498,14966.5,2023-11-15 13:20:48.740847,2023-11-15 13:20:48.917878,0 days 00:00:00.177031,0.8,10,1.25,0.8,16,33,COMPLETE
1499,1499,18305.25,2023-11-15 13:20:48.919115,2023-11-15 13:20:49.098875,0 days 00:00:00.179760,0.8,10,2.0,0.8,23,98,COMPLETE
1500,1500,18119.0,2023-11-15 13:20:49.100024,2023-11-15 13:20:49.281496,0 days 00:00:00.181472,0.8,10,1.0,0.8,19,94,COMPLETE
1501,1501,18401.5,2023-11-15 13:20:49.282609,2023-11-15 13:20:49.461990,0 days 00:00:00.179381,0.7000000000000001,10,1.25,0.8,15,100,COMPLETE
1502,1502,18305.25,2023-11-15 13:20:49.463154,2023-11-15 13:20:49.644718,0 days 00:00:00.181564,0.8,10,1.5,0.8,1,98,COMPLETE
1503,1503,18301.5,2023-11-15 13:20:49.646137,2023-11-15 13:20:49.823953,0 days 00:00:00.177816,0.8,10,1.5,0.8,9,96,COMPLETE
1504,1504,18209.5,2023-11-15 13:20:49.825171,2023-11-15 13:20:50.006308,0 days 00:00:00.181137,0.8,10,1.25,0.7000000000000001,17,98,COMPLETE
1505,1505,18399.75,2023-11-15 13:20:50.007888,2023-11-15 13:20:50.187539,0 days 00:00:00.179651,0.9,10,1.25,0.8,5,100,COMPLETE
1506,1506,17652.0,2023-11-15 13:20:50.188879,2023-11-15 13:20:50.371603,0 days 00:00:00.182724,0.8,20,1.25,0.8,13,93,COMPLETE
1507,1507,18323.25,2023-11-15 13:20:50.373179,2023-11-15 13:20:50.554587,0 days 00:00:00.181408,0.8,10,1.0,0.8,20,97,COMPLETE
1508,1508,18305.5,2023-11-15 13:20:50.556115,2023-11-15 13:20:50.740990,0 days 00:00:00.184875,0.8,10,1.25,0.9,11,88,COMPLETE
1509,1509,18681.25,2023-11-15 13:20:50.742506,2023-11-15 13:20:50.917801,0 days 00:00:00.175295,0.8,10,1.25,0.8,3,99,COMPLETE
1510,1510,18394.5,2023-11-15 13:20:50.918972,2023-11-15 13:20:51.095867,0 days 00:00:00.176895,0.8,10,1.25,0.8,17,96,COMPLETE
1511,1511,18492.5,2023-11-15 13:20:51.097098,2023-11-15 13:20:51.274945,0 days 00:00:00.177847,0.8,10,1.25,0.8,7,100,COMPLETE
1512,1512,18023.5,2023-11-15 13:20:51.276268,2023-11-15 13:20:51.456242,0 days 00:00:00.179974,0.8,10,1.25,0.8,14,98,COMPLETE
1513,1513,17756.0,2023-11-15 13:20:51.457809,2023-11-15 13:20:51.656147,0 days 00:00:00.198338,0.8,20,1.5,0.8,21,94,COMPLETE
1514,1514,18307.75,2023-11-15 13:20:51.657810,2023-11-15 13:20:51.837442,0 days 00:00:00.179632,0.7000000000000001,10,1.25,0.8,19,97,COMPLETE
1515,1515,18212.5,2023-11-15 13:20:51.838765,2023-11-15 13:20:52.018904,0 days 00:00:00.180139,0.8,10,1.0,0.8,41,99,COMPLETE
1516,1516,18394.5,2023-11-15 13:20:52.020084,2023-11-15 13:20:52.196502,0 days 00:00:00.176418,0.8,10,1.25,0.8,15,96,COMPLETE
1517,1517,18399.0,2023-11-15 13:20:52.197747,2023-11-15 13:20:52.375884,0 days 00:00:00.178137,0.8,10,1.25,0.7000000000000001,9,100,COMPLETE
1518,1518,18265.25,2023-11-15 13:20:52.377154,2023-11-15 13:20:52.555630,0 days 00:00:00.178476,0.8,10,1.25,0.9,24,98,COMPLETE
1519,1519,18305.25,2023-11-15 13:20:52.557200,2023-11-15 13:20:52.737106,0 days 00:00:00.179906,0.8,10,1.5,0.8,6,98,COMPLETE
1520,1520,199.5,2023-11-15 13:20:52.738470,2023-11-15 13:20:53.178895,0 days 00:00:00.440425,0.8,10,1.25,0.8,0,100,COMPLETE
1521,1521,18112.5,2023-11-15 13:20:53.180165,2023-11-15 13:20:53.365015,0 days 00:00:00.184850,0.8,10,1.25,0.8,12,95,COMPLETE
1522,1522,17925.25,2023-11-15 13:20:53.366514,2023-11-15 13:20:53.548781,0 days 00:00:00.182267,0.9,20,1.0,0.8,18,97,COMPLETE
1523,1523,18492.5,2023-11-15 13:20:53.550060,2023-11-15 13:20:53.725972,0 days 00:00:00.175912,0.8,10,1.25,0.8,3,100,COMPLETE
1524,1524,17563.0,2023-11-15 13:20:53.727794,2023-11-15 13:20:53.913512,0 days 00:00:00.185718,0.8,10,1.75,0.2,15,95,COMPLETE
1525,1525,18023.5,2023-11-15 13:20:53.914755,2023-11-15 13:20:54.092684,0 days 00:00:00.177929,0.8,10,1.25,0.8,17,98,COMPLETE
1526,1526,18295.75,2023-11-15 13:20:54.094067,2023-11-15 13:20:54.274038,0 days 00:00:00.179971,0.8,10,1.25,0.7000000000000001,21,97,COMPLETE
1527,1527,18492.5,2023-11-15 13:20:54.275470,2023-11-15 13:20:54.451362,0 days 00:00:00.175892,0.8,10,1.25,0.8,5,100,COMPLETE
1528,1528,18207.75,2023-11-15 13:20:54.452613,2023-11-15 13:20:54.629411,0 days 00:00:00.176798,0.8,10,1.25,0.8,13,93,COMPLETE
1529,1529,18020.25,2023-11-15 13:20:54.630651,2023-11-15 13:20:54.812108,0 days 00:00:00.181457,0.6,10,1.5,0.9,10,96,COMPLETE
1530,1530,17472.75,2023-11-15 13:20:54.813434,2023-11-15 13:20:54.997788,0 days 00:00:00.184354,0.5,30,1.0,0.8,23,98,COMPLETE
1531,1531,13925.5,2023-11-15 13:20:54.998900,2023-11-15 13:20:55.199342,0 days 00:00:00.200442,0.9,80,1.25,0.8,19,99,COMPLETE
1532,1532,18394.5,2023-11-15 13:20:55.200870,2023-11-15 13:20:55.376689,0 days 00:00:00.175819,0.8,10,1.25,0.8,16,96,COMPLETE
1533,1533,17755.0,2023-11-15 13:20:55.377935,2023-11-15 13:20:55.563298,0 days 00:00:00.185363,0.30000000000000004,10,1.5,0.8,8,100,COMPLETE
1534,1534,18023.5,2023-11-15 13:20:55.564529,2023-11-15 13:20:55.745382,0 days 00:00:00.180853,0.8,10,1.25,0.8,12,98,COMPLETE
1535,1535,18027.25,2023-11-15 13:20:55.746636,2023-11-15 13:20:55.929066,0 days 00:00:00.182430,0.8,10,1.0,0.8,2,94,COMPLETE
1536,1536,18211.25,2023-11-15 13:20:55.930397,2023-11-15 13:20:56.112351,0 days 00:00:00.181954,0.7000000000000001,10,1.25,0.8,18,98,COMPLETE
1537,1537,18013.5,2023-11-15 13:20:56.113619,2023-11-15 13:20:56.293231,0 days 00:00:00.179612,0.8,20,1.25,0.8,15,100,COMPLETE
1538,1538,18300.75,2023-11-15 13:20:56.294706,2023-11-15 13:20:56.472044,0 days 00:00:00.177338,0.8,10,1.25,0.9,5,96,COMPLETE
1539,1539,18023.5,2023-11-15 13:20:56.473443,2023-11-15 13:20:56.657228,0 days 00:00:00.183785,0.8,10,1.25,0.8,25,98,COMPLETE
