,number,value,datetime_start,datetime_complete,duration,params_alpha,params_decay_interval,params_decay_rate,params_gamma,params_initialization,params_max_steps,state
1878,1878,17850.0,2023-11-15 13:22:08.560743,2023-11-15 13:22:08.838077,0 days 00:00:00.277334,0.8,10,1.25,0.6,65,98,COMPLETE
1879,1879,18301.5,2023-11-15 13:22:08.839965,2023-11-15 13:22:09.096397,0 days 00:00:00.256432,0.8,10,1.5,0.9,19,96,COMPLETE
1880,1880,18022.0,2023-11-15 13:22:09.099150,2023-11-15 13:22:09.356471,0 days 00:00:00.257321,0.8,10,1.0,0.8,10,98,COMPLETE
1881,1881,18492.5,2023-11-15 13:22:09.358174,2023-11-15 13:22:09.610724,0 days 00:00:00.252550,0.8,10,1.25,0.8,4,100,COMPLETE
1882,1882,17837.25,2023-11-15 13:22:09.612508,2023-11-15 13:22:09.831962,0 days 00:00:00.219454,0.8,10,1.25,0.8,21,95,COMPLETE
1883,1883,17652.0,2023-11-15 13:22:09.833320,2023-11-15 13:22:10.056284,0 days 00:00:00.222964,0.8,20,1.25,0.7000000000000001,24,98,COMPLETE
1884,1884,17444.5,2023-11-15 13:22:10.057874,2023-11-15 13:22:10.281423,0 days 00:00:00.223549,0.6,10,1.0,0.8,15,91,COMPLETE
1885,1885,18301.5,2023-11-15 13:22:10.282709,2023-11-15 13:22:10.494549,0 days 00:00:00.211840,0.8,10,1.5,0.8,17,96,COMPLETE
1886,1886,18488.5,2023-11-15 13:22:10.495951,2023-11-15 13:22:10.726129,0 days 00:00:00.230178,0.7000000000000001,10,1.25,0.8,2,100,COMPLETE
1887,1887,18023.5,2023-11-15 13:22:10.727687,2023-11-15 13:22:10.943217,0 days 00:00:00.215530,0.8,10,1.25,0.8,7,98,COMPLETE
1888,1888,18486.25,2023-11-15 13:22:10.944782,2023-11-15 13:22:11.164007,0 days 00:00:00.219225,0.8,10,1.25,0.8,12,94,COMPLETE
1889,1889,18122.5,2023-11-15 13:22:11.165252,2023-11-15 13:22:11.387361,0 days 00:00:00.222109,0.8,10,1.25,0.8,19,97,COMPLETE
1890,1890,17371.75,2023-11-15 13:22:11.388915,2023-11-15 13:22:11.608806,0 days 00:00:00.219891,0.8,10,1.25,0.8,14,50,COMPLETE
1891,1891,12479.5,2023-11-15 13:22:11.610069,2023-11-15 13:22:11.862490,0 days 00:00:00.252421,0.8,100,2.0,0.7000000000000001,22,100,COMPLETE
1892,1892,18212.75,2023-11-15 13:22:11.863986,2023-11-15 13:22:12.085517,0 days 00:00:00.221531,0.8,10,1.5,0.9,10,98,COMPLETE
1893,1893,18209.25,2023-11-15 13:22:12.086714,2023-11-15 13:22:12.304805,0 days 00:00:00.218091,0.9,10,1.25,0.8,17,96,COMPLETE
1894,1894,18492.5,2023-11-15 13:22:12.306252,2023-11-15 13:22:12.529626,0 days 00:00:00.223374,0.8,10,1.25,0.8,4,100,COMPLETE
1895,1895,18681.25,2023-11-15 13:22:12.531242,2023-11-15 13:22:12.749214,0 days 00:00:00.217972,0.8,10,1.25,0.8,15,99,COMPLETE
1896,1896,15304.0,2023-11-15 13:22:12.750486,2023-11-15 13:22:12.962265,0 days 00:00:00.211779,0.8,20,1.25,0.8,6,29,COMPLETE
1897,1897,18323.25,2023-11-15 13:22:12.964666,2023-11-15 13:22:13.182471,0 days 00:00:00.217805,0.8,10,1.0,0.8,20,97,COMPLETE
1898,1898,17837.25,2023-11-15 13:22:13.183948,2023-11-15 13:22:13.409910,0 days 00:00:00.225962,0.8,10,1.25,0.8,8,95,COMPLETE
1899,1899,18305.25,2023-11-15 13:22:13.411104,2023-11-15 13:22:13.624901,0 days 00:00:00.213797,0.8,10,1.5,0.8,13,98,COMPLETE
1900,1900,18401.5,2023-11-15 13:22:13.626980,2023-11-15 13:22:13.853304,0 days 00:00:00.226324,0.7000000000000001,10,1.25,0.8,17,100,COMPLETE
1901,1901,18301.75,2023-11-15 13:22:13.854501,2023-11-15 13:22:14.074694,0 days 00:00:00.220193,0.8,10,1.25,0.9,23,93,COMPLETE
1902,1902,18202.0,2023-11-15 13:22:14.075886,2023-11-15 13:22:14.290754,0 days 00:00:00.214868,0.8,20,1.75,0.8,18,96,COMPLETE
1903,1903,18023.5,2023-11-15 13:22:14.292338,2023-11-15 13:22:14.513537,0 days 00:00:00.221199,0.8,10,1.25,0.8,2,98,COMPLETE
1904,1904,18212.25,2023-11-15 13:22:14.515004,2023-11-15 13:22:14.741870,0 days 00:00:00.226866,0.8,10,1.25,0.7000000000000001,10,100,COMPLETE
1905,1905,18323.25,2023-11-15 13:22:14.743097,2023-11-15 13:22:14.987369,0 days 00:00:00.244272,0.8,10,1.0,0.8,15,97,COMPLETE
1906,1906,18025.0,2023-11-15 13:22:14.988628,2023-11-15 13:22:15.225613,0 days 00:00:00.236985,0.5,10,1.25,0.8,20,99,COMPLETE
1907,1907,16720.0,2023-11-15 13:22:15.226854,2023-11-15 13:22:15.452304,0 days 00:00:00.225450,0.8,40,1.5,0.8,6,95,COMPLETE
1908,1908,17750.0,2023-11-15 13:22:15.454188,2023-11-15 13:22:15.672516,0 days 00:00:00.218328,0.9,10,1.25,0.4,12,75,COMPLETE
1909,1909,17760.25,2023-11-15 13:22:15.674325,2023-11-15 13:22:15.900999,0 days 00:00:00.226674,0.8,10,1.25,0.30000000000000004,16,98,COMPLETE
1910,1910,18306.25,2023-11-15 13:22:15.902263,2023-11-15 13:22:16.130430,0 days 00:00:00.228167,0.8,10,1.25,0.8,38,100,COMPLETE
1911,1911,18222.5,2023-11-15 13:22:16.132101,2023-11-15 13:22:16.346877,0 days 00:00:00.214776,0.7000000000000001,10,1.0,0.8,3,97,COMPLETE
1912,1912,18410.75,2023-11-15 13:22:16.348254,2023-11-15 13:22:16.567028,0 days 00:00:00.218774,0.8,10,1.25,0.8,19,94,COMPLETE
1913,1913,18587.75,2023-11-15 13:22:16.568783,2023-11-15 13:22:16.793261,0 days 00:00:00.224478,0.8,10,1.25,0.9,8,99,COMPLETE
1914,1914,199.5,2023-11-15 13:22:16.794785,2023-11-15 13:22:17.266421,0 days 00:00:00.471636,0.8,20,1.25,0.8,0,96,COMPLETE
1915,1915,18305.75,2023-11-15 13:22:17.267699,2023-11-15 13:22:17.493400,0 days 00:00:00.225701,0.8,10,1.5,0.8,14,100,COMPLETE
1916,1916,18218.0,2023-11-15 13:22:17.494668,2023-11-15 13:22:17.713294,0 days 00:00:00.218626,0.8,10,1.25,0.8,22,97,COMPLETE
1917,1917,18023.5,2023-11-15 13:22:17.714629,2023-11-15 13:22:17.934594,0 days 00:00:00.219965,0.8,10,1.25,0.8,12,98,COMPLETE
1918,1918,18458.5,2023-11-15 13:22:17.935886,2023-11-15 13:22:18.151705,0 days 00:00:00.215819,0.8,10,1.0,0.8,17,100,COMPLETE
1919,1919,17459.0,2023-11-15 13:22:18.153475,2023-11-15 13:22:18.374763,0 days 00:00:00.221288,0.8,10,1.25,0.8,4,59,COMPLETE
1920,1920,17837.25,2023-11-15 13:22:18.376431,2023-11-15 13:22:18.603137,0 days 00:00:00.226706,0.8,10,1.25,0.8,10,95,COMPLETE
1921,1921,18306.0,2023-11-15 13:22:18.604530,2023-11-15 13:22:18.822635,0 days 00:00:00.218105,0.9,10,1.5,0.7000000000000001,21,98,COMPLETE
1922,1922,17102.0,2023-11-15 13:22:18.824436,2023-11-15 13:22:19.049035,0 days 00:00:00.224599,0.8,10,1.25,0.8,14,68,COMPLETE
1923,1923,18029.25,2023-11-15 13:22:19.050271,2023-11-15 13:22:19.282092,0 days 00:00:00.231821,0.8,10,1.25,0.5,18,96,COMPLETE
1924,1924,18214.0,2023-11-15 13:22:19.283345,2023-11-15 13:22:19.507533,0 days 00:00:00.224188,0.7000000000000001,10,1.25,0.8,24,92,COMPLETE
1925,1925,18265.25,2023-11-15 13:22:19.509083,2023-11-15 13:22:19.737375,0 days 00:00:00.228292,0.8,10,1.25,0.9,7,98,COMPLETE
1926,1926,17924.25,2023-11-15 13:22:19.738940,2023-11-15 13:22:19.964904,0 days 00:00:00.225964,0.8,20,1.0,0.8,16,100,COMPLETE
1927,1927,18410.75,2023-11-15 13:22:19.966143,2023-11-15 13:22:20.192894,0 days 00:00:00.226751,0.8,10,1.25,0.8,19,94,COMPLETE
1928,1928,18023.5,2023-11-15 13:22:20.194522,2023-11-15 13:22:20.421594,0 days 00:00:00.227072,0.8,10,1.25,0.8,11,98,COMPLETE
1929,1929,18395.25,2023-11-15 13:22:20.423652,2023-11-15 13:22:20.643163,0 days 00:00:00.219511,0.9,10,1.5,0.8,5,96,COMPLETE
1930,1930,18492.5,2023-11-15 13:22:20.644665,2023-11-15 13:22:20.878660,0 days 00:00:00.233995,0.8,10,1.25,0.8,2,100,COMPLETE
1931,1931,18398.0,2023-11-15 13:22:20.880046,2023-11-15 13:22:21.097595,0 days 00:00:00.217549,0.8,10,2.5,0.9,13,98,COMPLETE
1932,1932,18209.25,2023-11-15 13:22:21.098846,2023-11-15 13:22:21.317331,0 days 00:00:00.218485,0.8,10,1.25,0.7000000000000001,26,96,COMPLETE
1933,1933,17836.75,2023-11-15 13:22:21.319565,2023-11-15 13:22:21.542357,0 days 00:00:00.222792,0.8,10,1.25,0.8,16,71,COMPLETE
1934,1934,18013.5,2023-11-15 13:22:21.543788,2023-11-15 13:22:21.766626,0 days 00:00:00.222838,0.8,20,1.25,0.8,9,100,COMPLETE
1935,1935,18401.5,2023-11-15 13:22:21.768077,2023-11-15 13:22:22.013081,0 days 00:00:00.245004,0.8,10,1.75,0.8,21,97,COMPLETE
1936,1936,13438.5,2023-11-15 13:22:22.014278,2023-11-15 13:22:22.233338,0 days 00:00:00.219060,0.8,10,1.5,0.8,15,22,COMPLETE
1937,1937,18322.0,2023-11-15 13:22:22.234596,2023-11-15 13:22:22.457537,0 days 00:00:00.222941,0.8,10,1.0,0.8,18,99,COMPLETE
1938,1938,18397.5,2023-11-15 13:22:22.459158,2023-11-15 13:22:22.685583,0 days 00:00:00.226425,0.7000000000000001,10,1.25,0.8,5,94,COMPLETE
1939,1939,18023.5,2023-11-15 13:22:22.686966,2023-11-15 13:22:22.915587,0 days 00:00:00.228621,0.8,10,1.25,0.8,20,98,COMPLETE
1940,1940,18398.25,2023-11-15 13:22:22.916773,2023-11-15 13:22:23.141893,0 days 00:00:00.225120,0.8,10,1.25,0.8,13,100,COMPLETE
1941,1941,13124.5,2023-11-15 13:22:23.143622,2023-11-15 13:22:23.439605,0 days 00:00:00.295983,0.8,90,1.25,0.8,8,96,COMPLETE
1942,1942,17925.0,2023-11-15 13:22:23.441369,2023-11-15 13:22:23.708696,0 days 00:00:00.267327,0.8,20,1.5,0.8,2,98,COMPLETE
1943,1943,18306.25,2023-11-15 13:22:23.710505,2023-11-15 13:22:23.980399,0 days 00:00:00.269894,0.8,10,1.0,0.9,11,90,COMPLETE
1944,1944,18399.0,2023-11-15 13:22:23.982037,2023-11-15 13:22:24.211019,0 days 00:00:00.228982,0.8,10,1.25,0.8,17,100,COMPLETE
1945,1945,14579.25,2023-11-15 13:22:24.212330,2023-11-15 13:22:24.454171,0 days 00:00:00.241841,0.8,70,1.25,0.8,0,97,COMPLETE
1946,1946,17652.25,2023-11-15 13:22:24.456624,2023-11-15 13:22:24.698955,0 days 00:00:00.242331,0.7000000000000001,10,1.25,0.7000000000000001,6,95,COMPLETE
1947,1947,17665.75,2023-11-15 13:22:24.700191,2023-11-15 13:22:24.936425,0 days 00:00:00.236234,0.8,10,1.25,0.8,86,98,COMPLETE
1948,1948,14877.0,2023-11-15 13:22:24.937857,2023-11-15 13:22:25.177199,0 days 00:00:00.239342,0.8,60,1.25,0.8,24,100,COMPLETE
1949,1949,18207.0,2023-11-15 13:22:25.178463,2023-11-15 13:22:25.398292,0 days 00:00:00.219829,0.9,10,1.0,0.8,53,93,COMPLETE
1950,1950,18300.75,2023-11-15 13:22:25.399652,2023-11-15 13:22:25.621318,0 days 00:00:00.221666,0.8,10,1.25,0.9,15,96,COMPLETE
1951,1951,18033.25,2023-11-15 13:22:25.623069,2023-11-15 13:22:25.852907,0 days 00:00:00.229838,0.8,10,1.25,0.8,35,98,COMPLETE
1952,1952,18305.75,2023-11-15 13:22:25.854168,2023-11-15 13:22:26.080075,0 days 00:00:00.225907,0.8,10,1.5,0.8,20,100,COMPLETE
1953,1953,18023.5,2023-11-15 13:22:26.081528,2023-11-15 13:22:26.304026,0 days 00:00:00.222498,0.8,10,1.25,0.8,18,98,COMPLETE
1954,1954,17336.25,2023-11-15 13:22:26.305638,2023-11-15 13:22:26.545859,0 days 00:00:00.240221,0.4,10,1.25,0.6,13,96,COMPLETE
1955,1955,17760.75,2023-11-15 13:22:26.547047,2023-11-15 13:22:26.784061,0 days 00:00:00.237014,0.8,20,1.25,0.8,22,99,COMPLETE
1956,1956,18027.25,2023-11-15 13:22:26.785326,2023-11-15 13:22:27.010671,0 days 00:00:00.225345,0.8,10,1.0,0.8,4,94,COMPLETE
1957,1957,13281.5,2023-11-15 13:22:27.012058,2023-11-15 13:22:27.239148,0 days 00:00:00.227090,0.8,10,1.25,0.7000000000000001,16,25,COMPLETE
1958,1958,18400.75,2023-11-15 13:22:27.241829,2023-11-15 13:22:27.468733,0 days 00:00:00.226904,0.9,10,1.5,0.8,9,97,COMPLETE
1959,1959,15647.0,2023-11-15 13:22:27.470161,2023-11-15 13:22:27.696919,0 days 00:00:00.226758,0.8,10,1.25,0.8,11,39,COMPLETE
1960,1960,18492.5,2023-11-15 13:22:27.698238,2023-11-15 13:22:27.925576,0 days 00:00:00.227338,0.8,10,1.25,0.8,14,100,COMPLETE
1961,1961,17830.75,2023-11-15 13:22:27.926802,2023-11-15 13:22:28.158706,0 days 00:00:00.231904,0.7000000000000001,20,1.25,0.8,19,98,COMPLETE
1962,1962,18497.5,2023-11-15 13:22:28.160732,2023-11-15 13:22:28.387085,0 days 00:00:00.226353,0.8,10,1.0,0.8,3,96,COMPLETE
1963,1963,18208.25,2023-11-15 13:22:28.388478,2023-11-15 13:22:28.608207,0 days 00:00:00.219729,0.8,10,1.75,0.8,17,81,COMPLETE
1964,1964,17392.5,2023-11-15 13:22:28.620764,2023-11-15 13:22:28.877838,0 days 00:00:00.257074,0.2,10,1.25,0.9,7,100,COMPLETE
1965,1965,18023.5,2023-11-15 13:22:28.879153,2023-11-15 13:22:29.107695,0 days 00:00:00.228542,0.8,10,1.25,0.8,21,98,COMPLETE
1966,1966,17837.25,2023-11-15 13:22:29.109397,2023-11-15 13:22:29.336621,0 days 00:00:00.227224,0.8,10,1.25,0.8,14,95,COMPLETE
1967,1967,18307.5,2023-11-15 13:22:29.337887,2023-11-15 13:22:29.563553,0 days 00:00:00.225666,0.8,10,1.5,0.7000000000000001,18,100,COMPLETE
1968,1968,18023.5,2023-11-15 13:22:29.565078,2023-11-15 13:22:29.797655,0 days 00:00:00.232577,0.8,10,1.25,0.8,6,98,COMPLETE
1969,1969,16820.25,2023-11-15 13:22:29.798890,2023-11-15 13:22:30.029522,0 days 00:00:00.230632,0.8,40,1.25,0.8,11,97,COMPLETE
1970,1970,17837.25,2023-11-15 13:22:30.030827,2023-11-15 13:22:30.263840,0 days 00:00:00.233013,0.8,10,1.25,0.8,16,95,COMPLETE
1971,1971,18209.75,2023-11-15 13:22:30.265031,2023-11-15 13:22:30.496560,0 days 00:00:00.231529,0.8,10,1.5,0.8,23,99,COMPLETE
1972,1972,18306.25,2023-11-15 13:22:30.498103,2023-11-15 13:22:30.715976,0 days 00:00:00.217873,0.8,10,1.25,0.9,1,100,COMPLETE
1973,1973,18207.75,2023-11-15 13:22:30.718006,2023-11-15 13:22:30.945003,0 days 00:00:00.226997,0.8,10,1.25,0.8,8,93,COMPLETE
1974,1974,18323.25,2023-11-15 13:22:30.946289,2023-11-15 13:22:31.177540,0 days 00:00:00.231251,0.8,10,1.0,0.8,19,97,COMPLETE
1975,1975,18209.5,2023-11-15 13:22:31.178932,2023-11-15 13:22:31.403070,0 days 00:00:00.224138,0.9,10,1.25,0.8,13,98,COMPLETE
1976,1976,18394.5,2023-11-15 13:22:31.404368,2023-11-15 13:22:31.629555,0 days 00:00:00.225187,0.8,10,1.25,0.8,4,96,COMPLETE
1977,1977,18013.5,2023-11-15 13:22:31.630850,2023-11-15 13:22:31.854794,0 days 00:00:00.223944,0.8,20,1.25,0.8,16,100,COMPLETE
1978,1978,18023.5,2023-11-15 13:22:31.856473,2023-11-15 13:22:32.080824,0 days 00:00:00.224351,0.8,10,1.25,0.8,25,98,COMPLETE
1979,1979,18492.0,2023-11-15 13:22:32.082153,2023-11-15 13:22:32.307023,0 days 00:00:00.224870,0.8,10,1.75,0.8,15,92,COMPLETE
1980,1980,17830.25,2023-11-15 13:22:32.308536,2023-11-15 13:22:32.538557,0 days 00:00:00.230021,0.7000000000000001,10,1.25,0.8,21,95,COMPLETE
1981,1981,18612.5,2023-11-15 13:22:32.540645,2023-11-15 13:22:32.774874,0 days 00:00:00.234229,0.8,10,1.0,0.9,9,100,COMPLETE
1982,1982,17920.5,2023-11-15 13:22:32.776654,2023-11-15 13:22:33.006254,0 days 00:00:00.229600,0.8,20,1.5,0.8,12,97,COMPLETE
1983,1983,18400.5,2023-11-15 13:22:33.007747,2023-11-15 13:22:33.242214,0 days 00:00:00.234467,0.8,10,0.75,0.8,18,99,COMPLETE
1984,1984,18207.75,2023-11-15 13:22:33.243467,2023-11-15 13:22:33.469927,0 days 00:00:00.226460,0.9,10,1.25,0.8,6,96,COMPLETE
1985,1985,18209.5,2023-11-15 13:22:33.471300,2023-11-15 13:22:33.699687,0 days 00:00:00.228387,0.8,10,1.25,0.7000000000000001,3,98,COMPLETE
1986,1986,18027.5,2023-11-15 13:22:33.700897,2023-11-15 13:22:33.931372,0 days 00:00:00.230475,0.8,10,1.25,0.8,14,86,COMPLETE
1987,1987,17846.75,2023-11-15 13:22:33.932640,2023-11-15 13:22:34.168134,0 days 00:00:00.235494,0.8,10,1.25,0.4,20,94,COMPLETE
1988,1988,18399.0,2023-11-15 13:22:34.169386,2023-11-15 13:22:34.394181,0 days 00:00:00.224795,0.8,10,1.25,0.8,11,100,COMPLETE
1989,1989,18022.0,2023-11-15 13:22:34.395439,2023-11-15 13:22:34.622340,0 days 00:00:00.226901,0.8,10,1.0,0.8,17,98,COMPLETE
1990,1990,18301.5,2023-11-15 13:22:34.624161,2023-11-15 13:22:34.847301,0 days 00:00:00.223140,0.8,10,1.5,0.8,23,96,COMPLETE
1991,1991,18013.5,2023-11-15 13:22:34.848570,2023-11-15 13:22:35.076030,0 days 00:00:00.227460,0.8,20,1.25,0.8,27,100,COMPLETE
1992,1992,18023.5,2023-11-15 13:22:35.077361,2023-11-15 13:22:35.305653,0 days 00:00:00.228292,0.8,10,1.25,0.8,1,98,COMPLETE
1993,1993,16871.25,2023-11-15 13:22:35.307437,2023-11-15 13:22:35.551063,0 days 00:00:00.243626,0.7000000000000001,10,2.0,0.1,19,97,COMPLETE
1994,1994,18400.0,2023-11-15 13:22:35.552417,2023-11-15 13:22:35.783001,0 days 00:00:00.230584,0.8,10,1.25,0.9,15,94,COMPLETE
1995,1995,18398.25,2023-11-15 13:22:35.784397,2023-11-15 13:22:36.011913,0 days 00:00:00.227516,0.8,10,1.25,0.8,9,100,COMPLETE
1996,1996,17565.5,2023-11-15 13:22:36.013260,2023-11-15 13:22:36.254957,0 days 00:00:00.241697,0.8,30,1.0,0.8,6,98,COMPLETE
1997,1997,18116.5,2023-11-15 13:22:36.256829,2023-11-15 13:22:36.497211,0 days 00:00:00.240382,0.8,10,1.25,0.7000000000000001,17,96,COMPLETE
1998,1998,18209.75,2023-11-15 13:22:36.499007,2023-11-15 13:22:36.732469,0 days 00:00:00.233462,0.8,10,1.5,0.8,4,99,COMPLETE
1999,1999,18398.25,2023-11-15 13:22:36.733775,2023-11-15 13:22:36.962497,0 days 00:00:00.228722,0.8,10,1.25,0.8,13,100,COMPLETE
2000,2000,18216.25,2023-11-15 13:22:36.963697,2023-11-15 13:22:37.197532,0 days 00:00:00.233835,0.7000000000000001,10,1.25,0.8,42,97,COMPLETE
2001,2001,16009.0,2023-11-15 13:22:37.198811,2023-11-15 13:22:37.436610,0 days 00:00:00.237799,0.9,50,1.25,0.8,21,95,COMPLETE
2002,2002,18023.5,2023-11-15 13:22:37.437928,2023-11-15 13:22:37.712211,0 days 00:00:00.274283,0.8,10,1.25,0.8,11,98,COMPLETE
2003,2003,18401.0,2023-11-15 13:22:37.720489,2023-11-15 13:22:37.995432,0 days 00:00:00.274943,0.8,10,1.0,0.8,15,100,COMPLETE
2004,2004,18202.0,2023-11-15 13:22:37.997142,2023-11-15 13:22:38.255319,0 days 00:00:00.258177,0.8,20,1.5,0.9,18,96,COMPLETE
2005,2005,18023.5,2023-11-15 13:22:38.257900,2023-11-15 13:22:38.544592,0 days 00:00:00.286692,0.8,10,1.25,0.8,8,98,COMPLETE
2006,2006,18492.5,2023-11-15 13:22:38.546321,2023-11-15 13:22:38.829538,0 days 00:00:00.283217,0.8,10,1.25,0.8,5,100,COMPLETE
2007,2007,14001.5,2023-11-15 13:22:38.830946,2023-11-15 13:22:39.144685,0 days 00:00:00.313739,0.1,10,1.25,0.8,20,92,COMPLETE
2008,2008,199.5,2023-11-15 13:22:39.146495,2023-11-15 13:22:39.632028,0 days 00:00:00.485533,0.8,10,1.25,0.8,0,94,COMPLETE
2009,2009,18023.5,2023-11-15 13:22:39.633308,2023-11-15 13:22:39.861684,0 days 00:00:00.228376,0.8,10,1.25,0.8,13,98,COMPLETE
2010,2010,18301.75,2023-11-15 13:22:39.862937,2023-11-15 13:22:40.091286,0 days 00:00:00.228349,0.8,10,3.0,0.7000000000000001,2,96,COMPLETE
2011,2011,17390.5,2023-11-15 13:22:40.092963,2023-11-15 13:22:40.338086,0 days 00:00:00.245123,0.30000000000000004,10,1.25,0.8,16,99,COMPLETE
2012,2012,18024.75,2023-11-15 13:22:40.339738,2023-11-15 13:22:40.574054,0 days 00:00:00.234316,0.5,10,1.5,0.8,23,97,COMPLETE
2013,2013,18306.25,2023-11-15 13:22:40.575677,2023-11-15 13:22:40.805720,0 days 00:00:00.230043,0.8,10,1.25,0.9,18,100,COMPLETE
2014,2014,18399.0,2023-11-15 13:22:40.807503,2023-11-15 13:22:41.033922,0 days 00:00:00.226419,0.8,10,1.75,0.8,10,98,COMPLETE
2015,2015,17561.0,2023-11-15 13:22:41.035168,2023-11-15 13:22:41.273437,0 days 00:00:00.238269,0.8,10,1.0,0.8,7,95,COMPLETE
2016,2016,18492.5,2023-11-15 13:22:41.274732,2023-11-15 13:22:41.501094,0 days 00:00:00.226362,0.8,10,1.25,0.8,16,100,COMPLETE
2017,2017,17740.25,2023-11-15 13:22:41.502659,2023-11-15 13:22:41.735009,0 days 00:00:00.232350,0.8,20,1.25,0.7000000000000001,20,97,COMPLETE
2018,2018,18302.25,2023-11-15 13:22:41.736661,2023-11-15 13:22:41.963372,0 days 00:00:00.226711,0.9,10,1.25,0.8,45,98,COMPLETE
2019,2019,18397.5,2023-11-15 13:22:41.964636,2023-11-15 13:22:42.193569,0 days 00:00:00.228933,0.7000000000000001,10,1.25,0.8,12,94,COMPLETE
2020,2020,18401.0,2023-11-15 13:22:42.194836,2023-11-15 13:22:42.424708,0 days 00:00:00.229872,0.8,10,1.0,0.8,3,100,COMPLETE
2021,2021,18301.5,2023-11-15 13:22:42.426200,2023-11-15 13:22:42.659286,0 days 00:00:00.233086,0.8,10,1.5,0.8,14,96,COMPLETE
2022,2022,18023.5,2023-11-15 13:22:42.660571,2023-11-15 13:22:42.895837,0 days 00:00:00.235266,0.8,10,1.25,0.8,18,98,COMPLETE
2023,2023,17647.0,2023-11-15 13:22:42.897068,2023-11-15 13:22:43.137349,0 days 00:00:00.240281,0.8,20,0.5,0.8,9,99,COMPLETE
2024,2024,13635.75,2023-11-15 13:22:43.139165,2023-11-15 13:22:43.381071,0 days 00:00:00.241906,0.8,80,1.25,0.9,22,79,COMPLETE
2025,2025,18394.5,2023-11-15 13:22:43.382473,2023-11-15 13:22:43.612958,0 days 00:00:00.230485,0.8,10,1.25,0.8,5,96,COMPLETE
2026,2026,18399.0,2023-11-15 13:22:43.614305,2023-11-15 13:22:43.837156,0 days 00:00:00.222851,0.8,10,1.25,0.8,25,100,COMPLETE
2027,2027,18400.25,2023-11-15 13:22:43.839091,2023-11-15 13:22:44.065009,0 days 00:00:00.225918,0.9,10,1.5,0.8,16,97,COMPLETE
2028,2028,18235.25,2023-11-15 13:22:44.066405,2023-11-15 13:22:44.296606,0 days 00:00:00.230201,0.8,10,1.0,0.8,19,93,COMPLETE
2029,2029,18023.5,2023-11-15 13:22:44.297884,2023-11-15 13:22:44.531129,0 days 00:00:00.233245,0.8,10,1.25,0.8,14,98,COMPLETE
2030,2030,18212.25,2023-11-15 13:22:44.532443,2023-11-15 13:22:44.757512,0 days 00:00:00.225069,0.8,10,1.25,0.7000000000000001,11,100,COMPLETE
2031,2031,17837.25,2023-11-15 13:22:44.759197,2023-11-15 13:22:44.996793,0 days 00:00:00.237596,0.8,10,1.25,0.8,7,95,COMPLETE
2032,2032,17851.75,2023-11-15 13:22:44.998024,2023-11-15 13:22:45.265891,0 days 00:00:00.267867,0.7000000000000001,10,1.25,0.8,68,98,COMPLETE
2033,2033,18202.0,2023-11-15 13:22:45.267180,2023-11-15 13:22:45.498804,0 days 00:00:00.231624,0.8,20,1.25,0.9,21,96,COMPLETE
2034,2034,18209.75,2023-11-15 13:22:45.500019,2023-11-15 13:22:45.720715,0 days 00:00:00.220696,0.8,10,1.5,0.8,2,99,COMPLETE
2035,2035,17493.75,2023-11-15 13:22:45.722633,2023-11-15 13:22:45.966500,0 days 00:00:00.243867,0.6,10,1.25,0.5,17,91,COMPLETE
2036,2036,18492.5,2023-11-15 13:22:45.967853,2023-11-15 13:22:46.190991,0 days 00:00:00.223138,0.8,10,1.25,0.8,15,100,COMPLETE
2037,2037,17848.5,2023-11-15 13:22:46.192367,2023-11-15 13:22:46.422500,0 days 00:00:00.230133,0.8,10,1.25,0.2,4,97,COMPLETE
2038,2038,18023.5,2023-11-15 13:22:46.424356,2023-11-15 13:22:46.658246,0 days 00:00:00.233890,0.8,10,1.25,0.8,13,98,COMPLETE
2039,2039,18119.0,2023-11-15 13:22:46.659730,2023-11-15 13:22:46.883801,0 days 00:00:00.224071,0.8,10,1.0,0.8,19,94,COMPLETE
2040,2040,18306.5,2023-11-15 13:22:46.885712,2023-11-15 13:22:47.111281,0 days 00:00:00.225569,0.8,10,1.5,0.8,9,100,COMPLETE
2041,2041,18394.5,2023-11-15 13:22:47.112740,2023-11-15 13:22:47.337416,0 days 00:00:00.224676,0.8,10,1.25,0.8,6,96,COMPLETE
2042,2042,18209.0,2023-11-15 13:22:47.338890,2023-11-15 13:22:47.567043,0 days 00:00:00.228153,0.8,10,1.25,0.8,17,89,COMPLETE
2043,2043,16366.75,2023-11-15 13:22:47.568308,2023-11-15 13:22:47.793718,0 days 00:00:00.225410,0.8,20,1.25,0.8,23,57,COMPLETE
2044,2044,199.5,2023-11-15 13:22:47.795098,2023-11-15 13:22:48.282324,0 days 00:00:00.487226,0.8,10,1.25,0.9,0,98,COMPLETE
2045,2045,18026.75,2023-11-15 13:22:48.283528,2023-11-15 13:22:48.510952,0 days 00:00:00.227424,0.7000000000000001,10,1.0,0.7000000000000001,11,100,COMPLETE
2046,2046,18207.75,2023-11-15 13:22:48.512620,2023-11-15 13:22:48.745962,0 days 00:00:00.233342,0.9,10,1.25,0.8,15,96,COMPLETE
