,number,value,datetime_start,datetime_complete,duration,params_alpha,params_decay_interval,params_decay_rate,params_gamma,params_initialization,params_max_steps,state
9332,9332,19292.25,2023-11-15 11:50:36.071594,2023-11-15 11:50:36.868685,0 days 00:00:00.797091,0.2,10,0.75,0.9,2,145,COMPLETE
9333,9333,19261.0,2023-11-15 11:50:36.871377,2023-11-15 11:50:37.660659,0 days 00:00:00.789282,0.1,10,1.25,0.9,6,143,COMPLETE
9334,9334,6726.5,2023-11-15 11:50:37.664236,2023-11-15 11:50:38.567304,0 days 00:00:00.903068,0.30000000000000004,10,1.0,0.5,65,147,COMPLETE
9335,9335,19161.25,2023-11-15 11:50:38.570163,2023-11-15 11:50:39.353587,0 days 00:00:00.783424,0.2,10,0.5,0.9,0,139,COMPLETE
9336,9336,18992.75,2023-11-15 11:50:39.356283,2023-11-15 11:50:40.148799,0 days 00:00:00.792516,0.2,10,0.75,0.9,3,143,COMPLETE
9337,9337,18460.0,2023-11-15 11:50:40.151588,2023-11-15 11:50:40.959421,0 days 00:00:00.807833,0.1,10,0.75,0.9,11,133,COMPLETE
9338,9338,19201.25,2023-11-15 11:50:40.962979,2023-11-15 11:50:41.777524,0 days 00:00:00.814545,0.2,10,0.75,0.9,2,148,COMPLETE
9339,9339,11908.25,2023-11-15 11:50:41.780936,2023-11-15 11:50:42.619503,0 days 00:00:00.838567,0.2,10,1.0,0.4,49,145,COMPLETE
9340,9340,18969.25,2023-11-15 11:50:42.622358,2023-11-15 11:50:43.414472,0 days 00:00:00.792114,0.2,10,0.75,0.8,5,150,COMPLETE
9341,9341,19261.0,2023-11-15 11:50:43.417202,2023-11-15 11:50:44.204936,0 days 00:00:00.787734,0.1,10,0.75,0.9,0,141,COMPLETE
9342,9342,18584.75,2023-11-15 11:50:44.207770,2023-11-15 11:50:45.016238,0 days 00:00:00.808468,0.2,20,0.75,0.9,7,147,COMPLETE
9343,9343,12467.5,2023-11-15 11:50:45.020526,2023-11-15 11:50:45.842851,0 days 00:00:00.822325,0.2,100,0.75,0.9,2,137,COMPLETE
9344,9344,18949.25,2023-11-15 11:50:45.846311,2023-11-15 11:50:46.636161,0 days 00:00:00.789850,0.30000000000000004,10,0.5,0.9,4,145,COMPLETE
9345,9345,13246.75,2023-11-15 11:50:46.638854,2023-11-15 11:50:47.438647,0 days 00:00:00.799793,0.2,80,1.0,0.9,0,92,COMPLETE
9346,9346,18021.25,2023-11-15 11:50:47.441369,2023-11-15 11:50:48.242188,0 days 00:00:00.800819,0.2,10,0.25,0.7000000000000001,2,142,COMPLETE
9347,9347,18777.75,2023-11-15 11:50:48.245678,2023-11-15 11:50:49.041164,0 days 00:00:00.795486,0.1,10,1.25,0.9,8,150,COMPLETE
9348,9348,17840.75,2023-11-15 11:50:49.044381,2023-11-15 11:50:49.820469,0 days 00:00:00.776088,0.2,30,0.75,0.9,4,145,COMPLETE
9349,9349,19261.0,2023-11-15 11:50:49.823367,2023-11-15 11:50:50.592791,0 days 00:00:00.769424,0.2,10,0.75,0.9,0,147,COMPLETE
9350,9350,19066.25,2023-11-15 11:50:50.596401,2023-11-15 11:50:51.368097,0 days 00:00:00.771696,0.5,10,0.75,0.9,2,140,COMPLETE
9351,9351,18496.0,2023-11-15 11:50:51.370880,2023-11-15 11:50:52.180523,0 days 00:00:00.809643,0.2,10,0.75,0.8,5,144,COMPLETE
9352,9352,19359.75,2023-11-15 11:50:52.183360,2023-11-15 11:50:52.966998,0 days 00:00:00.783638,0.1,10,1.0,0.9,0,148,COMPLETE
9353,9353,18355.0,2023-11-15 11:50:52.969860,2023-11-15 11:50:53.756751,0 days 00:00:00.786891,0.2,10,0.75,0.6,3,142,COMPLETE
9354,9354,19261.0,2023-11-15 11:50:53.759563,2023-11-15 11:50:54.538585,0 days 00:00:00.779022,0.2,10,0.75,0.9,6,147,COMPLETE
9355,9355,17911.75,2023-11-15 11:50:54.541317,2023-11-15 11:50:55.333340,0 days 00:00:00.792023,0.2,20,0.75,0.9,2,137,COMPLETE
9356,9356,19261.0,2023-11-15 11:50:55.336121,2023-11-15 11:50:56.114741,0 days 00:00:00.778620,0.6,10,1.25,0.9,0,143,COMPLETE
9357,9357,19164.25,2023-11-15 11:50:56.117890,2023-11-15 11:50:56.897951,0 days 00:00:00.780061,0.2,10,0.5,0.9,3,150,COMPLETE
9358,9358,19350.75,2023-11-15 11:50:56.900833,2023-11-15 11:50:57.685596,0 days 00:00:00.784763,0.1,10,0.75,0.9,5,145,COMPLETE
9359,9359,19064.75,2023-11-15 11:50:57.688338,2023-11-15 11:50:58.486750,0 days 00:00:00.798412,0.2,10,0.75,0.9,0,139,COMPLETE
9360,9360,19067.5,2023-11-15 11:50:58.489799,2023-11-15 11:50:59.273934,0 days 00:00:00.784135,0.2,10,2.0,0.8,13,147,COMPLETE
9361,9361,15705.75,2023-11-15 11:50:59.276953,2023-11-15 11:51:00.095570,0 days 00:00:00.818617,0.30000000000000004,10,1.0,0.5,8,141,COMPLETE
9362,9362,19163.5,2023-11-15 11:51:00.098713,2023-11-15 11:51:00.889661,0 days 00:00:00.790948,0.2,10,0.75,0.9,2,144,COMPLETE
9363,9363,19082.5,2023-11-15 11:51:00.892488,2023-11-15 11:51:01.703306,0 days 00:00:00.810818,0.1,10,0.75,0.9,2,150,COMPLETE
9364,9364,19261.0,2023-11-15 11:51:01.705978,2023-11-15 11:51:02.486405,0 days 00:00:00.780427,0.2,10,0.75,0.9,4,147,COMPLETE
9365,9365,18394.75,2023-11-15 11:51:02.489395,2023-11-15 11:51:03.281846,0 days 00:00:00.792451,0.2,20,1.25,0.9,0,143,COMPLETE
9366,9366,18818.25,2023-11-15 11:51:03.284651,2023-11-15 11:51:04.067672,0 days 00:00:00.783021,0.2,10,0.75,0.9,4,139,COMPLETE
9367,9367,19262.25,2023-11-15 11:51:04.070488,2023-11-15 11:51:04.874303,0 days 00:00:00.803815,0.2,10,0.75,0.9,7,145,COMPLETE
9368,9368,19359.75,2023-11-15 11:51:04.877262,2023-11-15 11:51:05.660786,0 days 00:00:00.783524,0.1,10,1.0,0.8,2,148,COMPLETE
9369,9369,18666.0,2023-11-15 11:51:05.664236,2023-11-15 11:51:06.470862,0 days 00:00:00.806626,0.2,10,0.25,0.9,0,142,COMPLETE
9370,9370,18982.25,2023-11-15 11:51:06.473779,2023-11-15 11:51:07.272719,0 days 00:00:00.798940,0.2,10,0.75,0.9,6,134,COMPLETE
9371,9371,19028.0,2023-11-15 11:51:07.275390,2023-11-15 11:51:08.084634,0 days 00:00:00.809244,0.30000000000000004,10,0.75,0.9,2,150,COMPLETE
9372,9372,18989.5,2023-11-15 11:51:08.087333,2023-11-15 11:51:08.862261,0 days 00:00:00.774928,0.2,10,0.75,0.9,10,126,COMPLETE
9373,9373,19096.25,2023-11-15 11:51:08.865219,2023-11-15 11:51:09.646185,0 days 00:00:00.780966,0.1,10,0.5,0.9,4,130,COMPLETE
9374,9374,19260.75,2023-11-15 11:51:09.648990,2023-11-15 11:51:10.423663,0 days 00:00:00.774673,0.2,10,0.75,0.9,0,80,COMPLETE
9375,9375,18210.75,2023-11-15 11:51:10.426865,2023-11-15 11:51:11.228008,0 days 00:00:00.801143,0.2,20,0.75,0.7000000000000001,2,145,COMPLETE
9376,9376,18887.0,2023-11-15 11:51:11.230916,2023-11-15 11:51:12.029304,0 days 00:00:00.798388,0.2,10,0.75,0.8,4,140,COMPLETE
9377,9377,19359.75,2023-11-15 11:51:12.032863,2023-11-15 11:51:12.813575,0 days 00:00:00.780712,0.2,10,1.0,0.9,0,145,COMPLETE
9378,9378,4495.0,2023-11-15 11:51:12.816339,2023-11-15 11:51:13.752305,0 days 00:00:00.935966,0.1,10,1.25,0.30000000000000004,6,147,COMPLETE
9379,9379,19161.25,2023-11-15 11:51:13.755024,2023-11-15 11:51:14.562728,0 days 00:00:00.807704,0.2,10,0.75,0.9,2,137,COMPLETE
9380,9380,19261.0,2023-11-15 11:51:14.566006,2023-11-15 11:51:15.339619,0 days 00:00:00.773613,0.2,10,0.5,0.5,0,142,COMPLETE
9381,9381,19110.25,2023-11-15 11:51:15.342520,2023-11-15 11:51:16.127746,0 days 00:00:00.785226,0.1,10,0.75,0.9,4,150,COMPLETE
9382,9382,19261.0,2023-11-15 11:51:16.131201,2023-11-15 11:51:16.912521,0 days 00:00:00.781320,0.2,10,0.75,0.9,2,147,COMPLETE
9383,9383,18199.75,2023-11-15 11:51:16.915524,2023-11-15 11:51:17.711168,0 days 00:00:00.795644,0.30000000000000004,20,1.0,0.9,8,107,COMPLETE
9384,9384,19261.0,2023-11-15 11:51:17.714882,2023-11-15 11:51:18.489374,0 days 00:00:00.774492,0.2,10,0.75,0.8,0,143,COMPLETE
9385,9385,15124.75,2023-11-15 11:51:18.492147,2023-11-15 11:51:19.314893,0 days 00:00:00.822746,0.2,10,0.75,0.4,4,145,COMPLETE
9386,9386,19049.0,2023-11-15 11:51:19.317891,2023-11-15 11:51:20.101776,0 days 00:00:00.783885,0.2,10,0.75,0.9,2,140,COMPLETE
9387,9387,17703.0,2023-11-15 11:51:20.104693,2023-11-15 11:51:20.913268,0 days 00:00:00.808575,0.1,10,1.0,0.6,6,147,COMPLETE
9388,9388,19082.5,2023-11-15 11:51:20.916186,2023-11-15 11:51:21.704917,0 days 00:00:00.788731,0.2,10,0.75,0.9,2,150,COMPLETE
9389,9389,19261.0,2023-11-15 11:51:21.708041,2023-11-15 11:51:22.493785,0 days 00:00:00.785744,0.4,10,1.5,0.9,0,142,COMPLETE
9390,9390,19359.75,2023-11-15 11:51:22.497533,2023-11-15 11:51:23.284454,0 days 00:00:00.786921,0.2,10,0.75,0.9,4,145,COMPLETE
9391,9391,18847.5,2023-11-15 11:51:23.287440,2023-11-15 11:51:24.091914,0 days 00:00:00.804474,0.1,10,1.25,0.9,2,135,COMPLETE
9392,9392,18016.0,2023-11-15 11:51:24.095107,2023-11-15 11:51:24.904746,0 days 00:00:00.809639,0.2,10,0.25,0.9,57,147,COMPLETE
9393,9393,19261.0,2023-11-15 11:51:24.907538,2023-11-15 11:51:25.699925,0 days 00:00:00.792387,0.30000000000000004,10,0.75,0.9,0,140,COMPLETE
9394,9394,18221.75,2023-11-15 11:51:25.702719,2023-11-15 11:51:26.495742,0 days 00:00:00.793023,0.2,20,0.75,0.9,36,143,COMPLETE
9395,9395,19262.75,2023-11-15 11:51:26.498575,2023-11-15 11:51:27.309454,0 days 00:00:00.810879,0.2,10,0.75,0.9,6,148,COMPLETE
9396,9396,19130.5,2023-11-15 11:51:27.312913,2023-11-15 11:51:28.099080,0 days 00:00:00.786167,0.2,10,0.5,0.9,4,138,COMPLETE
9397,9397,15137.75,2023-11-15 11:51:28.102036,2023-11-15 11:51:28.919097,0 days 00:00:00.817061,0.1,70,1.0,0.8,2,145,COMPLETE
9398,9398,0.0,2023-11-15 11:51:28.922158,2023-11-15 11:51:29.679277,0 days 00:00:00.757119,0.2,10,0.75,0.9,0,1,COMPLETE
9399,9399,18783.75,2023-11-15 11:51:29.682025,2023-11-15 11:51:30.491048,0 days 00:00:00.809023,0.2,10,0.75,0.9,9,150,COMPLETE
9400,9400,18992.75,2023-11-15 11:51:30.493928,2023-11-15 11:51:31.283593,0 days 00:00:00.789665,0.2,10,0.75,0.9,3,143,COMPLETE
9401,9401,18797.0,2023-11-15 11:51:31.286250,2023-11-15 11:51:32.084365,0 days 00:00:00.798115,0.2,10,0.75,0.9,5,69,COMPLETE
9402,9402,18588.25,2023-11-15 11:51:32.087103,2023-11-15 11:51:32.881855,0 days 00:00:00.794752,0.1,20,0.75,0.9,0,145,COMPLETE
9403,9403,19169.0,2023-11-15 11:51:32.884545,2023-11-15 11:51:33.678142,0 days 00:00:00.793597,0.2,10,1.25,0.9,2,147,COMPLETE
9404,9404,18969.5,2023-11-15 11:51:33.681540,2023-11-15 11:51:34.467900,0 days 00:00:00.786360,0.2,10,0.75,0.8,7,141,COMPLETE
9405,9405,19132.0,2023-11-15 11:51:34.470773,2023-11-15 11:51:35.253787,0 days 00:00:00.783014,0.2,10,1.0,0.9,4,150,COMPLETE
9406,9406,13721.0,2023-11-15 11:51:35.256599,2023-11-15 11:51:36.089330,0 days 00:00:00.832731,0.30000000000000004,10,0.5,0.9,2,138,COMPLETE
9407,9407,19261.0,2023-11-15 11:51:36.092081,2023-11-15 11:51:36.880643,0 days 00:00:00.788562,0.1,10,0.75,0.7000000000000001,0,147,COMPLETE
9408,9408,18992.75,2023-11-15 11:51:36.883442,2023-11-15 11:51:37.686626,0 days 00:00:00.803184,0.2,10,0.75,0.9,2,143,COMPLETE
9409,9409,19359.75,2023-11-15 11:51:37.689321,2023-11-15 11:51:38.481210,0 days 00:00:00.791889,0.2,10,0.75,0.9,5,145,COMPLETE
9410,9410,19271.0,2023-11-15 11:51:38.483899,2023-11-15 11:51:39.277561,0 days 00:00:00.793662,0.2,10,0.75,0.9,0,148,COMPLETE
9411,9411,18969.5,2023-11-15 11:51:39.280800,2023-11-15 11:51:40.084097,0 days 00:00:00.803297,0.2,10,1.25,0.8,3,141,COMPLETE
9412,9412,18223.0,2023-11-15 11:51:40.086830,2023-11-15 11:51:40.896555,0 days 00:00:00.809725,0.1,20,1.0,0.9,6,143,COMPLETE
9413,9413,16758.75,2023-11-15 11:51:40.900065,2023-11-15 11:51:41.717376,0 days 00:00:00.817311,0.2,10,0.75,0.5,11,147,COMPLETE
9414,9414,17753.0,2023-11-15 11:51:41.720235,2023-11-15 11:51:42.536951,0 days 00:00:00.816716,0.5,10,0.75,0.9,0,139,COMPLETE
9415,9415,18113.0,2023-11-15 11:51:42.539672,2023-11-15 11:51:43.339966,0 days 00:00:00.800294,0.2,10,0.75,0.6,2,150,COMPLETE
9416,9416,19262.25,2023-11-15 11:51:43.342780,2023-11-15 11:51:44.162512,0 days 00:00:00.819732,0.30000000000000004,10,1.75,0.9,4,145,COMPLETE
9417,9417,18967.25,2023-11-15 11:51:44.165903,2023-11-15 11:51:44.969953,0 days 00:00:00.804050,0.1,10,0.75,0.9,17,135,COMPLETE
9418,9418,11672.5,2023-11-15 11:51:44.972803,2023-11-15 11:51:45.816590,0 days 00:00:00.843787,0.2,20,0.25,0.2,31,102,COMPLETE
9419,9419,18066.5,2023-11-15 11:51:45.819367,2023-11-15 11:51:46.620358,0 days 00:00:00.800991,0.2,10,0.5,0.9,44,143,COMPLETE
9420,9420,19261.0,2023-11-15 11:51:46.623045,2023-11-15 11:51:47.434584,0 days 00:00:00.811539,0.2,10,0.75,0.9,2,147,COMPLETE
9421,9421,18990.75,2023-11-15 11:51:47.437792,2023-11-15 11:51:48.244932,0 days 00:00:00.807140,0.2,10,1.0,0.9,8,141,COMPLETE
9422,9422,19261.0,2023-11-15 11:51:48.248265,2023-11-15 11:51:49.040268,0 days 00:00:00.792003,0.1,10,0.75,0.9,0,150,COMPLETE
9423,9423,18791.75,2023-11-15 11:51:49.043024,2023-11-15 11:51:49.841390,0 days 00:00:00.798366,0.2,10,0.75,0.9,4,144,COMPLETE
9424,9424,15746.5,2023-11-15 11:51:49.844841,2023-11-15 11:51:50.686198,0 days 00:00:00.841357,0.2,60,0.75,0.7000000000000001,2,147,COMPLETE
9425,9425,18995.0,2023-11-15 11:51:50.689000,2023-11-15 11:51:51.480423,0 days 00:00:00.791423,0.2,10,1.0,0.9,6,137,COMPLETE
9426,9426,19261.0,2023-11-15 11:51:51.483303,2023-11-15 11:51:52.283572,0 days 00:00:00.800269,0.1,10,0.75,0.9,0,141,COMPLETE
9427,9427,10702.5,2023-11-15 11:51:52.286256,2023-11-15 11:51:53.152242,0 days 00:00:00.865986,0.2,10,1.25,0.1,4,145,COMPLETE
9428,9428,16539.5,2023-11-15 11:51:53.155031,2023-11-15 11:51:54.000290,0 days 00:00:00.845259,0.2,10,0.75,0.8,47,148,COMPLETE
9429,9429,18995.25,2023-11-15 11:51:54.003074,2023-11-15 11:51:54.801786,0 days 00:00:00.798712,0.1,10,0.5,0.9,2,143,COMPLETE
9430,9430,19163.75,2023-11-15 11:51:54.804671,2023-11-15 11:51:55.602184,0 days 00:00:00.797513,0.30000000000000004,10,0.75,0.9,0,150,COMPLETE
9431,9431,0.0,2023-11-15 11:51:55.604865,2023-11-15 11:51:56.456045,0 days 00:00:00.851180,0.2,20,0.75,0.9,3,38,COMPLETE
9432,9432,10409.5,2023-11-15 11:51:56.458818,2023-11-15 11:51:57.342295,0 days 00:00:00.883477,0.2,30,1.0,0.4,7,140,COMPLETE
9433,9433,19359.75,2023-11-15 11:51:57.345942,2023-11-15 11:51:58.145891,0 days 00:00:00.799949,0.2,10,0.75,0.9,0,145,COMPLETE
9434,9434,18767.25,2023-11-15 11:51:58.148682,2023-11-15 11:51:58.953203,0 days 00:00:00.804521,0.2,10,0.25,0.9,5,147,COMPLETE
9435,9435,16506.75,2023-11-15 11:51:58.955978,2023-11-15 11:51:59.819691,0 days 00:00:00.863713,0.7000000000000001,10,0.75,0.9,2,143,COMPLETE
9436,9436,18884.25,2023-11-15 11:51:59.822357,2023-11-15 11:52:00.653038,0 days 00:00:00.830681,0.6,10,1.25,0.8,2,138,COMPLETE
9437,9437,19261.0,2023-11-15 11:52:00.655751,2023-11-15 11:52:01.476633,0 days 00:00:00.820882,0.2,10,0.75,0.9,4,147,COMPLETE
9438,9438,19359.75,2023-11-15 11:52:01.479406,2023-11-15 11:52:02.293311,0 days 00:00:00.813905,0.4,10,0.75,0.9,0,145,COMPLETE
9439,9439,19066.25,2023-11-15 11:52:02.296993,2023-11-15 11:52:03.086538,0 days 00:00:00.789545,0.1,10,0.75,0.9,10,141,COMPLETE
9440,9440,16669.25,2023-11-15 11:52:03.089223,2023-11-15 11:52:03.912433,0 days 00:00:00.823210,0.2,10,0.75,0.6,21,150,COMPLETE
9441,9441,15894.75,2023-11-15 11:52:03.915753,2023-11-15 11:52:04.731229,0 days 00:00:00.815476,0.2,10,0.5,0.30000000000000004,6,144,COMPLETE
9442,9442,19261.0,2023-11-15 11:52:04.734291,2023-11-15 11:52:05.510147,0 days 00:00:00.775856,0.2,10,1.0,0.9,2,147,COMPLETE
9443,9443,18394.75,2023-11-15 11:52:05.513192,2023-11-15 11:52:06.302496,0 days 00:00:00.789304,0.1,20,0.75,0.5,0,141,COMPLETE
9444,9444,18387.5,2023-11-15 11:52:06.305284,2023-11-15 11:52:07.109230,0 days 00:00:00.803946,0.2,10,0.75,0.8,4,57,COMPLETE
9445,9445,16536.25,2023-11-15 11:52:07.121132,2023-11-15 11:52:07.951084,0 days 00:00:00.829952,0.30000000000000004,40,1.25,0.9,2,133,COMPLETE
9446,9446,13720.75,2023-11-15 11:52:07.954100,2023-11-15 11:52:08.793305,0 days 00:00:00.839205,0.2,90,0.75,0.9,8,150,COMPLETE
9447,9447,19065.25,2023-11-15 11:52:08.796523,2023-11-15 11:52:09.587914,0 days 00:00:00.791391,0.2,10,0.75,0.9,0,137,COMPLETE
9448,9448,19359.75,2023-11-15 11:52:09.590594,2023-11-15 11:52:10.397058,0 days 00:00:00.806464,0.2,10,0.75,0.9,4,145,COMPLETE
9449,9449,19171.25,2023-11-15 11:52:10.400277,2023-11-15 11:52:11.189850,0 days 00:00:00.789573,0.1,10,1.0,0.9,2,147,COMPLETE
9450,9450,19066.25,2023-11-15 11:52:11.192680,2023-11-15 11:52:11.992347,0 days 00:00:00.799667,0.9,10,1.5,0.9,5,143,COMPLETE
9451,9451,19161.25,2023-11-15 11:52:11.995777,2023-11-15 11:52:12.778650,0 days 00:00:00.782873,0.2,10,0.75,0.8,0,139,COMPLETE
9452,9452,19261.0,2023-11-15 11:52:12.781752,2023-11-15 11:52:13.587323,0 days 00:00:00.805571,0.1,10,0.75,0.9,3,147,COMPLETE
9453,9453,18992.75,2023-11-15 11:52:13.590633,2023-11-15 11:52:14.388254,0 days 00:00:00.797621,0.2,10,0.75,0.9,6,143,COMPLETE
9454,9454,19259.25,2023-11-15 11:52:14.391200,2023-11-15 11:52:15.185775,0 days 00:00:00.794575,0.2,10,0.75,0.9,2,113,COMPLETE
9455,9455,19261.0,2023-11-15 11:52:15.188521,2023-11-15 11:52:15.971244,0 days 00:00:00.782723,0.2,10,1.0,0.9,0,150,COMPLETE
9456,9456,18786.25,2023-11-15 11:52:15.974139,2023-11-15 11:52:16.784847,0 days 00:00:00.810708,0.2,10,0.75,0.7000000000000001,4,145,COMPLETE
9457,9457,18059.0,2023-11-15 11:52:16.788246,2023-11-15 11:52:17.588385,0 days 00:00:00.800139,0.1,20,0.5,0.9,9,141,COMPLETE
9458,9458,19261.0,2023-11-15 11:52:17.591141,2023-11-15 11:52:18.380886,0 days 00:00:00.789745,0.2,10,0.75,0.9,2,147,COMPLETE
9459,9459,19261.0,2023-11-15 11:52:18.383709,2023-11-15 11:52:19.199105,0 days 00:00:00.815396,0.2,10,0.75,0.9,0,143,COMPLETE
9460,9460,18968.25,2023-11-15 11:52:19.202019,2023-11-15 11:52:20.005895,0 days 00:00:00.803876,0.2,10,1.25,0.9,6,139,COMPLETE
9461,9461,18493.25,2023-11-15 11:52:20.008682,2023-11-15 11:52:20.791596,0 days 00:00:00.782914,0.30000000000000004,20,0.75,0.9,2,148,COMPLETE
9462,9462,4104.0,2023-11-15 11:52:20.795110,2023-11-15 11:52:21.745386,0 days 00:00:00.950276,0.1,10,1.0,0.2,4,145,COMPLETE
9463,9463,19261.0,2023-11-15 11:52:21.748168,2023-11-15 11:52:22.535473,0 days 00:00:00.787305,0.2,10,0.75,0.4,0,150,COMPLETE
9464,9464,18973.0,2023-11-15 11:52:22.538182,2023-11-15 11:52:23.334352,0 days 00:00:00.796170,0.2,10,0.75,0.9,2,141,COMPLETE
9465,9465,18512.5,2023-11-15 11:52:23.337074,2023-11-15 11:52:24.137277,0 days 00:00:00.800203,0.2,10,0.5,0.9,7,95,COMPLETE
9466,9466,18418.75,2023-11-15 11:52:24.139964,2023-11-15 11:52:24.954538,0 days 00:00:00.814574,0.2,10,0.25,0.9,4,136,COMPLETE
9467,9467,19359.75,2023-11-15 11:52:24.957434,2023-11-15 11:52:25.750701,0 days 00:00:00.793267,0.1,10,0.75,0.8,0,145,COMPLETE
9468,9468,19261.0,2023-11-15 11:52:25.753482,2023-11-15 11:52:26.563127,0 days 00:00:00.809645,0.2,10,0.75,0.9,2,147,COMPLETE
9469,9469,18774.0,2023-11-15 11:52:26.566005,2023-11-15 11:52:27.350517,0 days 00:00:00.784512,0.2,10,0.75,0.9,5,73,COMPLETE
9470,9470,7451.75,2023-11-15 11:52:27.353257,2023-11-15 11:52:28.245755,0 days 00:00:00.892498,0.2,10,1.0,0.5,82,143,COMPLETE
9471,9471,2936.75,2023-11-15 11:52:28.249069,2023-11-15 11:52:29.088567,0 days 00:00:00.839498,0.1,10,0.75,0.6,12,47,COMPLETE
9472,9472,18393.5,2023-11-15 11:52:29.091316,2023-11-15 11:52:29.899862,0 days 00:00:00.808546,0.30000000000000004,20,1.25,0.9,0,150,COMPLETE
9473,9473,19066.25,2023-11-15 11:52:29.902810,2023-11-15 11:52:30.701131,0 days 00:00:00.798321,0.2,10,0.75,0.9,3,140,COMPLETE
9474,9474,18539.0,2023-11-15 11:52:30.704054,2023-11-15 11:52:31.500185,0 days 00:00:00.796131,0.2,10,0.75,0.9,8,90,COMPLETE
9475,9475,19292.25,2023-11-15 11:52:31.503189,2023-11-15 11:52:32.304910,0 days 00:00:00.801721,0.2,10,0.75,0.9,2,145,COMPLETE
9476,9476,19359.75,2023-11-15 11:52:32.307821,2023-11-15 11:52:33.122375,0 days 00:00:00.814554,0.1,10,0.5,0.9,0,148,COMPLETE
9477,9477,19092.0,2023-11-15 11:52:33.125278,2023-11-15 11:52:33.921989,0 days 00:00:00.796711,0.2,10,0.75,0.7000000000000001,4,143,COMPLETE
9478,9478,19261.0,2023-11-15 11:52:33.924787,2023-11-15 11:52:34.716588,0 days 00:00:00.791801,0.2,10,1.0,0.8,6,147,COMPLETE
9479,9479,18765.5,2023-11-15 11:52:34.719390,2023-11-15 11:52:35.518326,0 days 00:00:00.798936,0.2,10,0.75,0.9,3,139,COMPLETE
9480,9480,14962.0,2023-11-15 11:52:35.521194,2023-11-15 11:52:36.350044,0 days 00:00:00.828850,0.1,10,0.75,0.9,92,143,COMPLETE
9481,9481,18389.25,2023-11-15 11:52:36.353012,2023-11-15 11:52:37.156197,0 days 00:00:00.803185,0.2,20,1.25,0.9,0,136,COMPLETE
9482,9482,19261.0,2023-11-15 11:52:37.158961,2023-11-15 11:52:37.953317,0 days 00:00:00.794356,0.30000000000000004,10,0.75,0.9,2,147,COMPLETE
9483,9483,17366.0,2023-11-15 11:52:37.956226,2023-11-15 11:52:38.762288,0 days 00:00:00.806062,0.2,10,0.75,0.9,69,150,COMPLETE
9484,9484,19066.25,2023-11-15 11:52:38.765116,2023-11-15 11:52:39.566711,0 days 00:00:00.801595,0.2,10,1.0,0.8,2,141,COMPLETE
9485,9485,19359.75,2023-11-15 11:52:39.570244,2023-11-15 11:52:40.353887,0 days 00:00:00.783643,0.2,10,0.75,0.9,5,145,COMPLETE
9486,9486,19359.75,2023-11-15 11:52:40.356721,2023-11-15 11:52:41.158135,0 days 00:00:00.801414,0.1,10,0.25,0.9,0,145,COMPLETE
9487,9487,18973.0,2023-11-15 11:52:41.161140,2023-11-15 11:52:41.957057,0 days 00:00:00.795917,0.2,10,0.75,0.9,4,141,COMPLETE
9488,9488,19359.75,2023-11-15 11:52:41.960031,2023-11-15 11:52:42.765081,0 days 00:00:00.805050,0.5,10,0.75,0.9,2,148,COMPLETE
9489,9489,18974.25,2023-11-15 11:52:42.767921,2023-11-15 11:52:43.556008,0 days 00:00:00.788087,0.2,10,0.5,0.9,7,143,COMPLETE
9490,9490,18969.25,2023-11-15 11:52:43.558773,2023-11-15 11:52:44.351585,0 days 00:00:00.792812,0.2,10,0.75,0.9,0,138,COMPLETE
9491,9491,19261.0,2023-11-15 11:52:44.354384,2023-11-15 11:52:45.136931,0 days 00:00:00.782547,0.30000000000000004,10,1.0,0.9,2,150,COMPLETE
9492,9492,16710.25,2023-11-15 11:52:45.139670,2023-11-15 11:52:45.973403,0 days 00:00:00.833733,0.8,10,0.75,0.9,5,145,COMPLETE
9493,9493,18924.75,2023-11-15 11:52:45.976295,2023-11-15 11:52:46.779247,0 days 00:00:00.802952,0.2,10,0.75,0.9,9,132,COMPLETE
9494,9494,19271.0,2023-11-15 11:52:46.781941,2023-11-15 11:52:47.563642,0 days 00:00:00.781701,0.1,10,0.75,0.9,0,148,COMPLETE
9495,9495,18300.5,2023-11-15 11:52:47.566460,2023-11-15 11:52:48.372380,0 days 00:00:00.805920,0.2,20,0.75,0.9,3,142,COMPLETE
9496,9496,19165.25,2023-11-15 11:52:48.375263,2023-11-15 11:52:49.185673,0 days 00:00:00.810410,0.2,10,1.25,0.8,2,145,COMPLETE
9497,9497,10738.75,2023-11-15 11:52:49.188441,2023-11-15 11:52:49.983030,0 days 00:00:00.794589,0.2,100,0.75,0.9,6,15,COMPLETE
9498,9498,19172.25,2023-11-15 11:52:49.986254,2023-11-15 11:52:50.780223,0 days 00:00:00.793969,0.4,10,1.0,0.9,0,147,COMPLETE
9499,9499,19147.25,2023-11-15 11:52:50.783021,2023-11-15 11:52:51.583158,0 days 00:00:00.800137,0.1,10,0.75,0.9,4,140,COMPLETE
9500,9500,15484.75,2023-11-15 11:52:51.585891,2023-11-15 11:52:52.436933,0 days 00:00:00.851042,0.2,10,0.5,0.9,96,150,COMPLETE
