,number,value,datetime_start,datetime_complete,duration,params_alpha,params_decay_interval,params_decay_rate,params_gamma,params_initialization,params_max_steps,state
3063,3063,19082.5,2023-11-15 10:51:44.635323,2023-11-15 10:51:44.923246,0 days 00:00:00.287923,0.2,10,0.75,0.9,2,150,COMPLETE
3064,3064,19264.5,2023-11-15 10:51:44.924792,2023-11-15 10:51:45.219805,0 days 00:00:00.295013,0.1,10,0.5,0.9,6,145,COMPLETE
3065,3065,18394.75,2023-11-15 10:51:45.221679,2023-11-15 10:51:45.532558,0 days 00:00:00.310879,0.2,20,0.75,0.9,0,143,COMPLETE
3066,3066,18700.5,2023-11-15 10:51:45.534219,2023-11-15 10:51:45.860809,0 days 00:00:00.326590,0.2,10,0.75,0.9,4,133,COMPLETE
3067,3067,12942.5,2023-11-15 10:51:45.862792,2023-11-15 10:51:46.285189,0 days 00:00:00.422397,0.9,10,0.25,0.9,2,147,COMPLETE
3068,3068,14797.75,2023-11-15 10:51:46.286807,2023-11-15 10:51:46.605875,0 days 00:00:00.319068,0.30000000000000004,50,1.0,0.9,80,141,COMPLETE
3069,3069,12114.5,2023-11-15 10:51:46.607384,2023-11-15 10:51:46.959311,0 days 00:00:00.351927,0.2,10,0.75,0.2,10,136,COMPLETE
3070,3070,19359.75,2023-11-15 10:51:46.960697,2023-11-15 10:51:47.260221,0 days 00:00:00.299524,0.1,10,0.75,0.8,0,145,COMPLETE
3071,3071,17386.75,2023-11-15 10:51:47.262383,2023-11-15 10:51:47.574797,0 days 00:00:00.312414,0.2,10,0.75,0.6,4,150,COMPLETE
3072,3072,18992.75,2023-11-15 10:51:47.576191,2023-11-15 10:51:47.874660,0 days 00:00:00.298469,0.2,10,0.75,0.9,2,143,COMPLETE
3073,3073,19163.5,2023-11-15 10:51:47.876172,2023-11-15 10:51:48.176544,0 days 00:00:00.300372,0.2,10,1.25,0.9,8,147,COMPLETE
3074,3074,19064.75,2023-11-15 10:51:48.178173,2023-11-15 10:51:48.481735,0 days 00:00:00.303562,0.2,10,0.75,0.9,0,139,COMPLETE
3075,3075,19263.25,2023-11-15 10:51:48.484777,2023-11-15 10:51:48.832029,0 days 00:00:00.347252,0.1,10,1.0,0.9,5,145,COMPLETE
3076,3076,19201.25,2023-11-15 10:51:48.833710,2023-11-15 10:51:49.125941,0 days 00:00:00.292231,0.2,10,0.75,0.9,2,148,COMPLETE
3077,3077,19261.0,2023-11-15 10:51:49.127388,2023-11-15 10:51:49.446640,0 days 00:00:00.319252,0.2,10,0.75,0.9,0,142,COMPLETE
3078,3078,18248.75,2023-11-15 10:51:49.448764,2023-11-15 10:51:49.739649,0 days 00:00:00.290885,0.30000000000000004,20,1.0,0.8,6,150,COMPLETE
3079,3079,19072.25,2023-11-15 10:51:49.742330,2023-11-15 10:51:50.045975,0 days 00:00:00.303645,0.1,10,1.5,0.9,3,145,COMPLETE
3080,3080,19066.5,2023-11-15 10:51:50.048026,2023-11-15 10:51:50.344077,0 days 00:00:00.296051,0.2,10,1.25,0.9,2,138,COMPLETE
3081,3081,19261.0,2023-11-15 10:51:50.345674,2023-11-15 10:51:50.640118,0 days 00:00:00.294444,0.2,10,0.75,0.9,4,147,COMPLETE
3082,3082,19261.0,2023-11-15 10:51:50.641638,2023-11-15 10:51:50.937957,0 days 00:00:00.296319,0.2,10,0.5,0.7000000000000001,0,142,COMPLETE
3083,3083,18947.0,2023-11-15 10:51:50.939509,2023-11-15 10:51:51.239556,0 days 00:00:00.300047,0.2,10,0.75,0.9,7,144,COMPLETE
3084,3084,13969.75,2023-11-15 10:51:51.240997,2023-11-15 10:51:51.597086,0 days 00:00:00.356089,0.2,10,0.75,0.9,74,148,COMPLETE
3085,3085,18807.0,2023-11-15 10:51:51.598572,2023-11-15 10:51:51.904120,0 days 00:00:00.305548,0.1,10,0.75,0.8,2,140,COMPLETE
3086,3086,19359.75,2023-11-15 10:51:51.905728,2023-11-15 10:51:52.208401,0 days 00:00:00.302673,0.2,10,0.75,0.9,0,145,COMPLETE
3087,3087,18393.5,2023-11-15 10:51:52.209855,2023-11-15 10:51:52.514491,0 days 00:00:00.304636,0.2,20,0.75,0.9,4,150,COMPLETE
3088,3088,19050.0,2023-11-15 10:51:52.516281,2023-11-15 10:51:52.830144,0 days 00:00:00.313863,0.1,10,1.0,0.9,2,143,COMPLETE
3089,3089,19261.0,2023-11-15 10:51:52.831610,2023-11-15 10:51:53.124667,0 days 00:00:00.293057,0.2,10,0.5,0.9,0,147,COMPLETE
3090,3090,18972.5,2023-11-15 10:51:53.126732,2023-11-15 10:51:53.422872,0 days 00:00:00.296140,0.2,10,1.25,0.9,25,135,COMPLETE
3091,3091,18718.25,2023-11-15 10:51:53.424471,2023-11-15 10:51:53.731776,0 days 00:00:00.307305,0.30000000000000004,10,0.25,0.9,5,141,COMPLETE
3092,3092,19261.0,2023-11-15 10:51:53.733598,2023-11-15 10:51:54.029371,0 days 00:00:00.295773,0.2,10,0.75,0.9,3,147,COMPLETE
3093,3093,12083.5,2023-11-15 10:51:54.031417,2023-11-15 10:51:54.387303,0 days 00:00:00.355886,0.2,10,0.75,0.4,14,138,COMPLETE
3094,3094,13835.25,2023-11-15 10:51:54.388790,2023-11-15 10:51:54.708128,0 days 00:00:00.319338,0.6,20,0.75,0.9,7,88,COMPLETE
3095,3095,19163.5,2023-11-15 10:51:54.709790,2023-11-15 10:51:55.010750,0 days 00:00:00.300960,0.2,10,0.75,0.9,2,144,COMPLETE
3096,3096,19261.0,2023-11-15 10:51:55.012599,2023-11-15 10:51:55.312717,0 days 00:00:00.300118,0.1,10,0.75,0.8,0,150,COMPLETE
3097,3097,19359.75,2023-11-15 10:51:55.314933,2023-11-15 10:51:55.611038,0 days 00:00:00.296105,0.2,10,0.75,0.9,4,145,COMPLETE
3098,3098,18990.75,2023-11-15 10:51:55.612707,2023-11-15 10:51:55.912310,0 days 00:00:00.299603,0.2,10,1.0,0.9,9,141,COMPLETE
3099,3099,12094.75,2023-11-15 10:51:55.914189,2023-11-15 10:51:56.298045,0 days 00:00:00.383856,0.1,10,0.75,0.5,2,147,COMPLETE
3100,3100,7328.0,2023-11-15 10:51:56.300336,2023-11-15 10:51:56.716849,0 days 00:00:00.416513,0.2,10,0.75,0.30000000000000004,6,143,COMPLETE
3101,3101,19163.5,2023-11-15 10:51:56.718271,2023-11-15 10:51:57.020253,0 days 00:00:00.301982,0.2,10,1.25,0.9,0,150,COMPLETE
3102,3102,18340.75,2023-11-15 10:51:57.021680,2023-11-15 10:51:57.320882,0 days 00:00:00.299202,0.2,20,0.75,0.9,4,139,COMPLETE
3103,3103,19261.0,2023-11-15 10:51:57.323043,2023-11-15 10:51:57.616691,0 days 00:00:00.293648,0.4,10,0.75,0.9,2,147,COMPLETE
3104,3104,19261.0,2023-11-15 10:51:57.618093,2023-11-15 10:51:57.917559,0 days 00:00:00.299466,0.1,10,1.0,0.8,0,143,COMPLETE
3105,3105,18743.75,2023-11-15 10:51:57.919027,2023-11-15 10:51:58.214370,0 days 00:00:00.295343,0.2,10,0.75,0.7000000000000001,3,145,COMPLETE
3106,3106,19359.75,2023-11-15 10:51:58.215920,2023-11-15 10:51:58.520704,0 days 00:00:00.304784,0.2,10,0.75,0.9,5,148,COMPLETE
3107,3107,19065.75,2023-11-15 10:51:58.522168,2023-11-15 10:51:58.819328,0 days 00:00:00.297160,0.2,10,0.75,0.9,0,136,COMPLETE
3108,3108,19261.0,2023-11-15 10:51:58.821011,2023-11-15 10:51:59.117493,0 days 00:00:00.296482,0.2,10,1.0,0.9,2,140,COMPLETE
3109,3109,18711.25,2023-11-15 10:51:59.118947,2023-11-15 10:51:59.441720,0 days 00:00:00.322773,0.30000000000000004,10,0.25,0.9,8,145,COMPLETE
3110,3110,19071.5,2023-11-15 10:51:59.443183,2023-11-15 10:51:59.764378,0 days 00:00:00.321195,0.1,10,0.5,0.9,2,150,COMPLETE
3111,3111,19093.75,2023-11-15 10:51:59.766040,2023-11-15 10:52:00.066019,0 days 00:00:00.299979,0.2,10,0.75,0.9,6,142,COMPLETE
3112,3112,19261.0,2023-11-15 10:52:00.067476,2023-11-15 10:52:00.363612,0 days 00:00:00.296136,0.2,10,0.75,0.6,0,147,COMPLETE
3113,3113,18992.75,2023-11-15 10:52:00.365307,2023-11-15 10:52:00.669289,0 days 00:00:00.303982,0.2,10,0.75,0.9,4,143,COMPLETE
3114,3114,19190.25,2023-11-15 10:52:00.670762,2023-11-15 10:52:00.975500,0 days 00:00:00.304738,0.1,10,0.5,0.9,2,147,COMPLETE
3115,3115,19261.0,2023-11-15 10:52:00.977115,2023-11-15 10:52:01.274301,0 days 00:00:00.297186,0.2,10,0.75,0.9,0,140,COMPLETE
3116,3116,18984.0,2023-11-15 10:52:01.275786,2023-11-15 10:52:01.584169,0 days 00:00:00.308383,0.30000000000000004,10,0.75,0.9,4,145,COMPLETE
3117,3117,18975.0,2023-11-15 10:52:01.585621,2023-11-15 10:52:01.885391,0 days 00:00:00.299770,0.2,10,1.25,0.9,2,137,COMPLETE
3118,3118,18075.5,2023-11-15 10:52:01.886873,2023-11-15 10:52:02.186793,0 days 00:00:00.299920,0.2,20,0.75,0.8,6,125,COMPLETE
3119,3119,13944.0,2023-11-15 10:52:02.188298,2023-11-15 10:52:02.544136,0 days 00:00:00.355838,0.2,80,1.0,0.9,0,150,COMPLETE
3120,3120,18882.0,2023-11-15 10:52:02.545826,2023-11-15 10:52:02.852741,0 days 00:00:00.306915,0.1,10,0.75,0.9,4,84,COMPLETE
3121,3121,17528.0,2023-11-15 10:52:02.854628,2023-11-15 10:52:03.181774,0 days 00:00:00.327146,0.2,10,0.75,0.9,83,143,COMPLETE
3122,3122,19261.0,2023-11-15 10:52:03.185883,2023-11-15 10:52:03.494182,0 days 00:00:00.308299,0.2,10,0.75,0.9,10,147,COMPLETE
3123,3123,18973.0,2023-11-15 10:52:03.495908,2023-11-15 10:52:03.796544,0 days 00:00:00.300636,0.2,10,0.75,0.9,2,141,COMPLETE
3124,3124,18588.25,2023-11-15 10:52:03.798247,2023-11-15 10:52:04.100680,0 days 00:00:00.302433,0.1,20,1.5,0.2,0,145,COMPLETE
3125,3125,19201.25,2023-11-15 10:52:04.102298,2023-11-15 10:52:04.406188,0 days 00:00:00.303890,0.2,10,0.75,0.9,3,148,COMPLETE
3126,3126,14826.5,2023-11-15 10:52:04.407729,2023-11-15 10:52:04.741185,0 days 00:00:00.333456,0.2,10,1.0,0.5,6,143,COMPLETE
3127,3127,5325.75,2023-11-15 10:52:04.742664,2023-11-15 10:52:05.193803,0 days 00:00:00.451139,0.2,10,1.25,0.8,48,150,COMPLETE
3128,3128,13259.25,2023-11-15 10:52:05.195415,2023-11-15 10:52:05.556079,0 days 00:00:00.360664,0.1,10,0.5,0.6,66,145,COMPLETE
3129,3129,19006.5,2023-11-15 10:52:05.557617,2023-11-15 10:52:05.857634,0 days 00:00:00.300017,0.2,10,0.75,0.9,2,139,COMPLETE
3130,3130,19261.0,2023-11-15 10:52:05.859416,2023-11-15 10:52:06.157608,0 days 00:00:00.298192,0.2,10,0.75,0.9,8,147,COMPLETE
3131,3131,19125.0,2023-11-15 10:52:06.159102,2023-11-15 10:52:06.459546,0 days 00:00:00.300444,0.30000000000000004,10,0.75,0.9,0,141,COMPLETE
3132,3132,18872.5,2023-11-15 10:52:06.461196,2023-11-15 10:52:06.777717,0 days 00:00:00.316521,0.2,10,1.0,0.9,4,134,COMPLETE
3133,3133,19314.5,2023-11-15 10:52:06.780018,2023-11-15 10:52:07.088372,0 days 00:00:00.308354,0.1,10,0.75,0.9,2,145,COMPLETE
3134,3134,18393.5,2023-11-15 10:52:07.089907,2023-11-15 10:52:07.388733,0 days 00:00:00.298826,0.2,20,0.75,0.9,0,150,COMPLETE
3135,3135,18992.75,2023-11-15 10:52:07.501200,2023-11-15 10:52:07.811126,0 days 00:00:00.309926,0.2,10,0.75,0.9,4,143,COMPLETE
3136,3136,18265.5,2023-11-15 10:52:07.813022,2023-11-15 10:52:08.130040,0 days 00:00:00.317018,0.2,10,0.25,0.8,6,147,COMPLETE
3137,3137,13854.75,2023-11-15 10:52:08.131633,2023-11-15 10:52:08.462478,0 days 00:00:00.330845,0.1,10,0.75,0.4,2,110,COMPLETE
3138,3138,19065.0,2023-11-15 10:52:08.464423,2023-11-15 10:52:08.763064,0 days 00:00:00.298641,0.2,10,0.75,0.7000000000000001,0,138,COMPLETE
3139,3139,19261.0,2023-11-15 10:52:08.764768,2023-11-15 10:52:09.059686,0 days 00:00:00.294918,0.2,10,1.25,0.9,4,142,COMPLETE
3140,3140,15879.25,2023-11-15 10:52:09.061916,2023-11-15 10:52:09.384189,0 days 00:00:00.322273,0.2,60,0.75,0.9,2,147,COMPLETE
3141,3141,19359.75,2023-11-15 10:52:09.385668,2023-11-15 10:52:09.699060,0 days 00:00:00.313392,0.2,10,1.0,0.9,0,145,COMPLETE
3142,3142,19110.25,2023-11-15 10:52:09.700451,2023-11-15 10:52:10.001128,0 days 00:00:00.300677,0.1,10,0.75,0.9,6,150,COMPLETE
3143,3143,17180.25,2023-11-15 10:52:10.003152,2023-11-15 10:52:10.343330,0 days 00:00:00.340178,0.30000000000000004,10,0.75,0.9,89,140,COMPLETE
3144,3144,18970.25,2023-11-15 10:52:10.345161,2023-11-15 10:52:10.651650,0 days 00:00:00.306489,0.2,10,0.5,0.9,2,144,COMPLETE
3145,3145,9633.5,2023-11-15 10:52:10.653133,2023-11-15 10:52:11.046155,0 days 00:00:00.393022,0.2,20,1.25,0.8,38,147,COMPLETE
3146,3146,19066.0,2023-11-15 10:52:11.048343,2023-11-15 10:52:11.354513,0 days 00:00:00.306170,0.1,10,2.0,0.9,8,137,COMPLETE
3147,3147,19051.5,2023-11-15 10:52:11.356074,2023-11-15 10:52:11.659885,0 days 00:00:00.303811,0.2,10,0.75,0.9,3,142,COMPLETE
3148,3148,19068.0,2023-11-15 10:52:11.661387,2023-11-15 10:52:11.967436,0 days 00:00:00.306049,0.2,10,0.75,0.9,12,145,COMPLETE
3149,3149,19359.75,2023-11-15 10:52:11.968897,2023-11-15 10:52:12.275494,0 days 00:00:00.306597,0.2,10,1.0,0.9,5,148,COMPLETE
3150,3150,19261.0,2023-11-15 10:52:12.276888,2023-11-15 10:52:12.578359,0 days 00:00:00.301471,0.2,10,0.75,0.8,0,140,COMPLETE
3151,3151,17138.0,2023-11-15 10:52:12.580654,2023-11-15 10:52:12.918996,0 days 00:00:00.338342,0.4,10,0.75,0.9,2,150,COMPLETE
3152,3152,18995.25,2023-11-15 10:52:12.920404,2023-11-15 10:52:13.222360,0 days 00:00:00.301956,0.1,10,0.5,0.9,4,143,COMPLETE
3153,3153,17073.25,2023-11-15 10:52:13.223826,2023-11-15 10:52:13.536533,0 days 00:00:00.312707,0.2,40,0.75,0.9,0,147,COMPLETE
3154,3154,7125.75,2023-11-15 10:52:13.537945,2023-11-15 10:52:13.859566,0 days 00:00:00.321621,0.2,10,0.75,0.4,2,42,COMPLETE
3155,3155,15070.5,2023-11-15 10:52:13.861153,2023-11-15 10:52:14.216421,0 days 00:00:00.355268,0.2,10,0.75,0.5,4,144,COMPLETE
3156,3156,19172.25,2023-11-15 10:52:14.217943,2023-11-15 10:52:14.520036,0 days 00:00:00.302093,0.30000000000000004,10,1.0,0.9,0,147,COMPLETE
3157,3157,18394.75,2023-11-15 10:52:14.521500,2023-11-15 10:52:14.829559,0 days 00:00:00.308059,0.1,20,0.75,0.9,7,140,COMPLETE
3158,3158,18873.75,2023-11-15 10:52:14.831653,2023-11-15 10:52:15.139784,0 days 00:00:00.308131,0.2,10,0.75,0.9,2,133,COMPLETE
3159,3159,16163.0,2023-11-15 10:52:15.141245,2023-11-15 10:52:15.469712,0 days 00:00:00.328467,0.2,50,0.75,0.7000000000000001,5,150,COMPLETE
3160,3160,19261.0,2023-11-15 10:52:15.471584,2023-11-15 10:52:15.770535,0 days 00:00:00.298951,0.2,10,1.25,0.9,10,143,COMPLETE
3161,3161,19161.25,2023-11-15 10:52:15.772050,2023-11-15 10:52:16.077854,0 days 00:00:00.305804,0.2,10,0.5,0.9,0,137,COMPLETE
3162,3162,19292.25,2023-11-15 10:52:16.079806,2023-11-15 10:52:16.386132,0 days 00:00:00.306326,0.2,10,0.75,0.9,2,145,COMPLETE
3163,3163,19192.0,2023-11-15 10:52:16.387636,2023-11-15 10:52:16.692727,0 days 00:00:00.305091,0.1,10,0.75,0.9,4,148,COMPLETE
3164,3164,19163.75,2023-11-15 10:52:16.694426,2023-11-15 10:52:17.000176,0 days 00:00:00.305750,0.30000000000000004,10,1.0,0.8,0,141,COMPLETE
3165,3165,18588.25,2023-11-15 10:52:17.002195,2023-11-15 10:52:17.332605,0 days 00:00:00.330410,0.2,20,0.75,0.9,2,145,COMPLETE
3166,3166,19261.0,2023-11-15 10:52:17.334355,2023-11-15 10:52:17.670670,0 days 00:00:00.336315,0.1,10,0.75,0.9,6,147,COMPLETE
3167,3167,18210.5,2023-11-15 10:52:17.672568,2023-11-15 10:52:18.018476,0 days 00:00:00.345908,0.2,10,0.25,0.9,43,143,COMPLETE
3168,3168,19111.25,2023-11-15 10:52:18.020590,2023-11-15 10:52:18.335689,0 days 00:00:00.315099,0.2,10,0.75,0.9,3,150,COMPLETE
3169,3169,19163.75,2023-11-15 10:52:18.337882,2023-11-15 10:52:18.652181,0 days 00:00:00.314299,0.2,10,1.0,0.9,0,141,COMPLETE
3170,3170,18895.0,2023-11-15 10:52:18.654013,2023-11-15 10:52:18.964946,0 days 00:00:00.310933,0.2,10,0.75,0.9,4,53,COMPLETE
3171,3171,19314.5,2023-11-15 10:52:18.966543,2023-11-15 10:52:19.289624,0 days 00:00:00.323081,0.1,10,0.75,0.9,2,145,COMPLETE
3172,3172,18904.75,2023-11-15 10:52:19.291057,2023-11-15 10:52:19.625038,0 days 00:00:00.333981,0.2,10,0.75,0.8,7,137,COMPLETE
3173,3173,19261.0,2023-11-15 10:52:19.626524,2023-11-15 10:52:19.946231,0 days 00:00:00.319707,0.2,10,1.25,0.30000000000000004,0,147,COMPLETE
3174,3174,18169.5,2023-11-15 10:52:19.947988,2023-11-15 10:52:20.269743,0 days 00:00:00.321755,0.2,20,0.75,0.6,2,143,COMPLETE
3175,3175,18818.25,2023-11-15 10:52:20.271827,2023-11-15 10:52:20.600067,0 days 00:00:00.328240,0.2,10,0.75,0.9,4,139,COMPLETE
3176,3176,18779.0,2023-11-15 10:52:20.601960,2023-11-15 10:52:20.949332,0 days 00:00:00.347372,0.30000000000000004,10,0.5,0.9,8,150,COMPLETE
3177,3177,19359.75,2023-11-15 10:52:20.951057,2023-11-15 10:52:21.298230,0 days 00:00:00.347173,0.2,10,1.0,0.9,0,145,COMPLETE
3178,3178,19261.0,2023-11-15 10:52:21.299747,2023-11-15 10:52:21.621088,0 days 00:00:00.321341,0.1,10,0.75,0.9,5,147,COMPLETE
3179,3179,18973.0,2023-11-15 10:52:21.623149,2023-11-15 10:52:21.941713,0 days 00:00:00.318564,0.2,10,0.75,0.9,2,141,COMPLETE
3180,3180,18588.25,2023-11-15 10:52:21.943206,2023-11-15 10:52:22.264804,0 days 00:00:00.321598,0.2,20,0.75,0.9,2,145,COMPLETE
3181,3181,19359.75,2023-11-15 10:52:22.266264,2023-11-15 10:52:22.575702,0 days 00:00:00.309438,0.2,10,1.0,0.9,0,148,COMPLETE
3182,3182,19051.5,2023-11-15 10:52:22.577157,2023-11-15 10:52:22.887034,0 days 00:00:00.309877,0.1,10,0.75,0.9,6,142,COMPLETE
3183,3183,19066.5,2023-11-15 10:52:22.888727,2023-11-15 10:52:23.193801,0 days 00:00:00.305074,0.2,10,1.25,0.9,4,138,COMPLETE
3184,3184,16341.0,2023-11-15 10:52:23.195407,2023-11-15 10:52:23.516195,0 days 00:00:00.320788,0.2,30,0.75,0.9,70,129,COMPLETE
3185,3185,16679.25,2023-11-15 10:52:23.517759,2023-11-15 10:52:23.855122,0 days 00:00:00.337363,0.1,10,0.25,0.5,2,150,COMPLETE
3186,3186,19262.25,2023-11-15 10:52:23.856953,2023-11-15 10:52:24.156553,0 days 00:00:00.299600,0.2,10,1.5,0.8,0,145,COMPLETE
3187,3187,18933.75,2023-11-15 10:52:24.160013,2023-11-15 10:52:24.463937,0 days 00:00:00.303924,0.30000000000000004,10,0.75,0.7000000000000001,4,143,COMPLETE
3188,3188,19261.0,2023-11-15 10:52:24.465614,2023-11-15 10:52:24.791444,0 days 00:00:00.325830,0.2,10,0.75,0.9,2,147,COMPLETE
3189,3189,15938.25,2023-11-15 10:52:24.792981,2023-11-15 10:52:25.126379,0 days 00:00:00.333398,0.2,10,0.75,0.6,9,140,COMPLETE
3190,3190,19271.0,2023-11-15 10:52:25.127837,2023-11-15 10:52:25.437998,0 days 00:00:00.310161,0.2,10,0.75,0.9,0,148,COMPLETE
3191,3191,18997.5,2023-11-15 10:52:25.439831,2023-11-15 10:52:25.746040,0 days 00:00:00.306209,0.1,10,0.5,0.9,6,134,COMPLETE
3192,3192,12954.25,2023-11-15 10:52:25.748159,2023-11-15 10:52:26.094321,0 days 00:00:00.346162,0.2,100,1.0,0.9,3,143,COMPLETE
3193,3193,18829.5,2023-11-15 10:52:26.095903,2023-11-15 10:52:26.415027,0 days 00:00:00.319124,0.2,10,0.75,0.8,2,145,COMPLETE
3194,3194,19261.0,2023-11-15 10:52:26.416712,2023-11-15 10:52:26.726864,0 days 00:00:00.310152,0.1,10,0.75,0.9,0,150,COMPLETE
3195,3195,18394.75,2023-11-15 10:52:26.728323,2023-11-15 10:52:27.049427,0 days 00:00:00.321104,0.2,20,0.75,0.9,4,141,COMPLETE
3196,3196,19261.0,2023-11-15 10:52:27.050841,2023-11-15 10:52:27.353694,0 days 00:00:00.302853,0.2,10,0.75,0.9,6,147,COMPLETE
3197,3197,15220.0,2023-11-15 10:52:27.355165,2023-11-15 10:52:27.684095,0 days 00:00:00.328930,0.2,70,1.0,0.9,2,145,COMPLETE
3198,3198,19161.25,2023-11-15 10:52:27.685874,2023-11-15 10:52:27.993456,0 days 00:00:00.307582,0.2,10,1.25,0.9,0,139,COMPLETE
3199,3199,19028.0,2023-11-15 10:52:27.996076,2023-11-15 10:52:28.301141,0 days 00:00:00.305065,0.30000000000000004,10,0.75,0.9,4,150,COMPLETE
3200,3200,19051.5,2023-11-15 10:52:28.302700,2023-11-15 10:52:28.614596,0 days 00:00:00.311896,0.1,10,0.75,0.9,2,142,COMPLETE
3201,3201,19065.25,2023-11-15 10:52:28.616167,2023-11-15 10:52:28.920163,0 days 00:00:00.303996,0.2,10,0.5,0.9,0,136,COMPLETE
3202,3202,19136.75,2023-11-15 10:52:28.921771,2023-11-15 10:52:29.227807,0 days 00:00:00.306036,0.2,10,0.75,0.8,8,147,COMPLETE
3203,3203,16995.5,2023-11-15 10:52:29.229874,2023-11-15 10:52:29.550398,0 days 00:00:00.320524,0.2,20,0.75,0.4,4,144,COMPLETE
3204,3204,18972.0,2023-11-15 10:52:29.551823,2023-11-15 10:52:29.852336,0 days 00:00:00.300513,0.2,10,0.75,0.9,2,96,COMPLETE
3205,3205,17222.5,2023-11-15 10:52:29.854055,2023-11-15 10:52:30.176403,0 days 00:00:00.322348,0.2,10,0.75,0.9,99,147,COMPLETE
3206,3206,19182.75,2023-11-15 10:52:30.178003,2023-11-15 10:52:30.477633,0 days 00:00:00.299630,0.1,10,1.0,0.9,6,142,COMPLETE
3207,3207,19359.75,2023-11-15 10:52:30.479309,2023-11-15 10:52:30.804865,0 days 00:00:00.325556,0.4,10,0.75,0.9,0,145,COMPLETE
3208,3208,14934.25,2023-11-15 10:52:30.812309,2023-11-15 10:52:31.126980,0 days 00:00:00.314671,0.2,10,1.25,0.9,11,59,COMPLETE
3209,3209,16771.0,2023-11-15 10:52:31.129073,2023-11-15 10:52:31.449933,0 days 00:00:00.320860,0.2,40,0.75,0.9,3,150,COMPLETE
3210,3210,18818.25,2023-11-15 10:52:31.451360,2023-11-15 10:52:31.762019,0 days 00:00:00.310659,0.1,10,0.75,0.9,5,139,COMPLETE
3211,3211,19261.0,2023-11-15 10:52:31.764273,2023-11-15 10:52:32.070947,0 days 00:00:00.306674,0.30000000000000004,10,1.0,0.7000000000000001,2,147,COMPLETE
3212,3212,19261.0,2023-11-15 10:52:32.072625,2023-11-15 10:52:32.382243,0 days 00:00:00.309618,0.2,10,0.5,0.8,0,143,COMPLETE
3213,3213,19261.0,2023-11-15 10:52:32.383834,2023-11-15 10:52:32.680702,0 days 00:00:00.296868,0.2,10,0.75,0.9,2,147,COMPLETE
3214,3214,18947.0,2023-11-15 10:52:32.682226,2023-11-15 10:52:32.989154,0 days 00:00:00.306928,0.2,10,0.75,0.9,8,144,COMPLETE
3215,3215,18340.75,2023-11-15 10:52:32.990840,2023-11-15 10:52:33.302861,0 days 00:00:00.312021,0.1,20,0.75,0.9,4,139,COMPLETE
3216,3216,19270.0,2023-11-15 10:52:33.304418,2023-11-15 10:52:33.610512,0 days 00:00:00.306094,0.2,10,1.25,0.9,0,148,COMPLETE
3217,3217,18550.75,2023-11-15 10:52:33.612193,2023-11-15 10:52:33.940658,0 days 00:00:00.328465,0.2,10,0.25,0.9,6,142,COMPLETE
3218,3218,0.0,2023-11-15 10:52:33.942282,2023-11-15 10:52:34.241432,0 days 00:00:00.299150,0.1,10,0.75,0.8,18,1,COMPLETE
3219,3219,19292.25,2023-11-15 10:52:34.243013,2023-11-15 10:52:34.549431,0 days 00:00:00.306418,0.2,10,0.75,0.9,2,145,COMPLETE
3220,3220,19261.0,2023-11-15 10:52:34.551436,2023-11-15 10:52:34.861343,0 days 00:00:00.309907,0.2,10,1.0,0.5,0,150,COMPLETE
3221,3221,19161.25,2023-11-15 10:52:34.863107,2023-11-15 10:52:35.164727,0 days 00:00:00.301620,0.2,10,0.75,0.9,4,137,COMPLETE
3222,3222,18973.75,2023-11-15 10:52:35.166338,2023-11-15 10:52:35.479614,0 days 00:00:00.313276,0.30000000000000004,10,0.5,0.9,2,145,COMPLETE
3223,3223,19261.0,2023-11-15 10:52:35.481490,2023-11-15 10:52:35.781292,0 days 00:00:00.299802,0.4,10,0.75,0.9,0,140,COMPLETE
3224,3224,18138.0,2023-11-15 10:52:35.782978,2023-11-15 10:52:36.091905,0 days 00:00:00.308927,0.2,20,0.75,0.6,4,150,COMPLETE
3225,3225,19051.5,2023-11-15 10:52:36.093474,2023-11-15 10:52:36.405059,0 days 00:00:00.311585,0.1,10,0.75,0.9,6,142,COMPLETE
3226,3226,19261.0,2023-11-15 10:52:36.406529,2023-11-15 10:52:36.705444,0 days 00:00:00.298915,0.2,10,0.75,0.9,3,147,COMPLETE
3227,3227,19292.25,2023-11-15 10:52:36.707306,2023-11-15 10:52:37.018115,0 days 00:00:00.310809,0.2,10,1.0,0.9,2,145,COMPLETE
3228,3228,17104.0,2023-11-15 10:52:37.020633,2023-11-15 10:52:37.361871,0 days 00:00:00.341238,0.7000000000000001,10,0.75,0.9,0,142,COMPLETE
3229,3229,315.25,2023-11-15 10:52:37.363943,2023-11-15 10:52:37.916216,0 days 00:00:00.552273,0.2,10,1.25,0.2,2,135,COMPLETE
3230,3230,19173.0,2023-11-15 10:52:37.918038,2023-11-15 10:52:38.253511,0 days 00:00:00.335473,0.2,10,0.75,0.9,8,148,COMPLETE
3231,3231,19350.75,2023-11-15 10:52:38.254973,2023-11-15 10:52:38.567497,0 days 00:00:00.312524,0.1,10,0.75,0.9,5,145,COMPLETE
3232,3232,18909.0,2023-11-15 10:52:38.568980,2023-11-15 10:52:38.869753,0 days 00:00:00.300773,0.2,10,1.0,0.8,40,140,COMPLETE
