,number,value,datetime_start,datetime_complete,duration,params_alpha,params_decay_interval,params_decay_rate,params_gamma,params_initialization,params_max_steps,state
1710,1710,17389.0,2023-11-15 12:03:59.995697,2023-11-15 12:04:00.187791,0 days 00:00:00.192094,0.7000000000000001,10,1.5,0.9,33,73,COMPLETE
1711,1711,17826.25,2023-11-15 12:04:00.189005,2023-11-15 12:04:00.375320,0 days 00:00:00.186315,0.8,10,2.5,0.9,23,70,COMPLETE
1712,1712,17736.0,2023-11-15 12:04:00.376779,2023-11-15 12:04:00.566305,0 days 00:00:00.189526,0.8,10,1.5,0.9,39,82,COMPLETE
1713,1713,17934.5,2023-11-15 12:04:00.567533,2023-11-15 12:04:00.755191,0 days 00:00:00.187658,0.8,10,1.5,0.9,27,77,COMPLETE
1714,1714,16356.75,2023-11-15 12:04:00.756530,2023-11-15 12:04:00.947468,0 days 00:00:00.190938,0.8,10,1.5,0.9,32,66,COMPLETE
1715,1715,15807.5,2023-11-15 12:04:00.948612,2023-11-15 12:04:01.164948,0 days 00:00:00.216336,0.8,20,0.25,0.9,30,75,COMPLETE
1716,1716,17831.25,2023-11-15 12:04:01.166204,2023-11-15 12:04:01.353869,0 days 00:00:00.187665,0.8,10,1.5,0.9,35,80,COMPLETE
1717,1717,18029.25,2023-11-15 12:04:01.355133,2023-11-15 12:04:01.540702,0 days 00:00:00.185569,0.8,10,1.5,0.9,23,72,COMPLETE
1718,1718,17934.5,2023-11-15 12:04:01.542040,2023-11-15 12:04:01.734245,0 days 00:00:00.192205,0.8,10,1.5,0.9,29,77,COMPLETE
1719,1719,17381.25,2023-11-15 12:04:01.735638,2023-11-15 12:04:01.928657,0 days 00:00:00.193019,0.8,10,1.5,0.9,26,69,COMPLETE
1720,1720,17193.5,2023-11-15 12:04:01.929904,2023-11-15 12:04:02.125785,0 days 00:00:00.195881,0.8,10,1.5,0.9,34,74,COMPLETE
1721,1721,16560.5,2023-11-15 12:04:02.127579,2023-11-15 12:04:02.324456,0 days 00:00:00.196877,0.8,10,1.25,0.9,37,63,COMPLETE
1722,1722,17925.25,2023-11-15 12:04:02.325709,2023-11-15 12:04:02.518375,0 days 00:00:00.192666,0.7000000000000001,10,3.0,0.9,25,94,COMPLETE
1723,1723,18029.25,2023-11-15 12:04:02.519771,2023-11-15 12:04:02.706269,0 days 00:00:00.186498,0.8,10,1.5,0.9,22,72,COMPLETE
1724,1724,17919.5,2023-11-15 12:04:02.707570,2023-11-15 12:04:02.899645,0 days 00:00:00.192075,0.8,10,1.5,0.9,28,67,COMPLETE
1725,1725,17371.5,2023-11-15 12:04:02.900837,2023-11-15 12:04:03.094315,0 days 00:00:00.193478,0.8,10,1.5,0.9,33,79,COMPLETE
1726,1726,18592.75,2023-11-15 12:04:03.095890,2023-11-15 12:04:03.283244,0 days 00:00:00.187354,0.8,10,1.5,0.9,31,85,COMPLETE
1727,1727,14075.25,2023-11-15 12:04:03.284437,2023-11-15 12:04:03.498559,0 days 00:00:00.214122,0.1,20,1.5,0.9,23,76,COMPLETE
1728,1728,17490.75,2023-11-15 12:04:03.499761,2023-11-15 12:04:03.689718,0 days 00:00:00.189957,0.5,10,1.25,0.9,41,71,COMPLETE
1729,1729,19066.0,2023-11-15 12:04:03.690989,2023-11-15 12:04:03.873195,0 days 00:00:00.182206,0.8,10,1.5,0.9,36,75,COMPLETE
1730,1730,17381.25,2023-11-15 12:04:03.874374,2023-11-15 12:04:04.063063,0 days 00:00:00.188689,0.8,10,1.5,0.9,25,69,COMPLETE
1731,1731,17370.5,2023-11-15 12:04:04.064316,2023-11-15 12:04:04.255925,0 days 00:00:00.191609,0.8,10,2.5,0.9,38,79,COMPLETE
1732,1732,18219.0,2023-11-15 12:04:04.257134,2023-11-15 12:04:04.457204,0 days 00:00:00.200070,0.6,10,1.5,0.9,27,73,COMPLETE
1733,1733,17192.5,2023-11-15 12:04:04.458599,2023-11-15 12:04:04.659746,0 days 00:00:00.201147,0.8,10,1.5,0.9,49,76,COMPLETE
1734,1734,16675.5,2023-11-15 12:04:04.661574,2023-11-15 12:04:04.864316,0 days 00:00:00.202742,0.8,20,1.5,0.9,46,82,COMPLETE
1735,1735,17209.0,2023-11-15 12:04:04.865513,2023-11-15 12:04:05.060169,0 days 00:00:00.194656,0.8,10,1.5,0.9,30,71,COMPLETE
1736,1736,17922.25,2023-11-15 12:04:05.062147,2023-11-15 12:04:05.253035,0 days 00:00:00.190888,0.8,10,1.25,0.9,22,67,COMPLETE
1737,1737,17927.75,2023-11-15 12:04:05.254430,2023-11-15 12:04:05.442342,0 days 00:00:00.187912,0.7000000000000001,10,1.5,0.9,32,74,COMPLETE
1738,1738,17454.25,2023-11-15 12:04:05.443787,2023-11-15 12:04:05.634271,0 days 00:00:00.190484,0.8,10,1.5,0.9,35,78,COMPLETE
1739,1739,17835.25,2023-11-15 12:04:05.635410,2023-11-15 12:04:05.820493,0 days 00:00:00.185083,0.8,10,1.5,0.9,25,65,COMPLETE
1740,1740,18297.75,2023-11-15 12:04:05.821811,2023-11-15 12:04:06.006287,0 days 00:00:00.184476,0.8,10,1.5,0.9,29,70,COMPLETE
1741,1741,17941.5,2023-11-15 12:04:06.007518,2023-11-15 12:04:06.196406,0 days 00:00:00.188888,0.8,10,1.25,0.9,23,74,COMPLETE
1742,1742,17736.0,2023-11-15 12:04:06.197693,2023-11-15 12:04:06.389163,0 days 00:00:00.191470,0.8,10,1.5,0.9,27,82,COMPLETE
1743,1743,16990.25,2023-11-15 12:04:06.390435,2023-11-15 12:04:06.582065,0 days 00:00:00.191630,0.8,20,1.5,0.9,34,76,COMPLETE
1744,1744,18029.25,2023-11-15 12:04:06.583267,2023-11-15 12:04:06.771260,0 days 00:00:00.187993,0.8,10,1.5,0.9,22,72,COMPLETE
1745,1745,17371.5,2023-11-15 12:04:06.772659,2023-11-15 12:04:06.967200,0 days 00:00:00.194541,0.8,10,1.5,0.9,39,79,COMPLETE
1746,1746,17926.75,2023-11-15 12:04:06.968467,2023-11-15 12:04:07.156735,0 days 00:00:00.188268,0.8,10,1.5,0.9,32,88,COMPLETE
1747,1747,17381.25,2023-11-15 12:04:07.158022,2023-11-15 12:04:07.347788,0 days 00:00:00.189766,0.8,10,1.5,0.9,25,69,COMPLETE
1748,1748,18338.5,2023-11-15 12:04:07.349156,2023-11-15 12:04:07.534916,0 days 00:00:00.185760,0.8,10,1.25,0.9,28,73,COMPLETE
1749,1749,17196.25,2023-11-15 12:04:07.536077,2023-11-15 12:04:07.732818,0 days 00:00:00.196741,0.8,10,2.75,0.9,35,76,COMPLETE
1750,1750,18297.75,2023-11-15 12:04:07.734037,2023-11-15 12:04:07.922746,0 days 00:00:00.188709,0.8,10,1.5,0.9,37,70,COMPLETE
1751,1751,16356.75,2023-11-15 12:04:07.923969,2023-11-15 12:04:08.116410,0 days 00:00:00.192441,0.8,10,1.5,0.9,30,66,COMPLETE
1752,1752,17100.5,2023-11-15 12:04:08.117688,2023-11-15 12:04:08.318524,0 days 00:00:00.200836,0.7000000000000001,20,1.5,0.9,22,80,COMPLETE
1753,1753,17934.5,2023-11-15 12:04:08.320099,2023-11-15 12:04:08.510280,0 days 00:00:00.190181,0.8,10,1.5,0.9,26,77,COMPLETE
1754,1754,15162.5,2023-11-15 12:04:08.511752,2023-11-15 12:04:08.708843,0 days 00:00:00.197091,0.30000000000000004,10,2.5,0.9,24,61,COMPLETE
1755,1755,17366.0,2023-11-15 12:04:08.710426,2023-11-15 12:04:08.915504,0 days 00:00:00.205078,0.8,10,1.5,0.9,33,73,COMPLETE
1756,1756,17740.75,2023-11-15 12:04:08.916857,2023-11-15 12:04:09.104024,0 days 00:00:00.187167,0.8,10,1.25,0.9,31,68,COMPLETE
1757,1757,19066.0,2023-11-15 12:04:09.105232,2023-11-15 12:04:09.289011,0 days 00:00:00.183779,0.8,10,1.5,0.9,28,75,COMPLETE
1758,1758,17929.25,2023-11-15 12:04:09.290314,2023-11-15 12:04:09.481173,0 days 00:00:00.190859,0.8,10,1.5,0.9,36,83,COMPLETE
1759,1759,17209.0,2023-11-15 12:04:09.482414,2023-11-15 12:04:09.672445,0 days 00:00:00.190031,0.8,10,1.5,0.9,43,71,COMPLETE
1760,1760,17454.25,2023-11-15 12:04:09.673598,2023-11-15 12:04:09.864322,0 days 00:00:00.190724,0.8,10,1.5,0.9,22,78,COMPLETE
1761,1761,17459.75,2023-11-15 12:04:09.865633,2023-11-15 12:04:10.054565,0 days 00:00:00.188932,0.8,10,1.5,0.9,25,73,COMPLETE
1762,1762,15723.0,2023-11-15 12:04:10.056006,2023-11-15 12:04:10.253125,0 days 00:00:00.197119,0.8,20,1.5,0.9,27,68,COMPLETE
1763,1763,17178.75,2023-11-15 12:04:10.254279,2023-11-15 12:04:10.448641,0 days 00:00:00.194362,0.4,10,1.25,0.9,55,76,COMPLETE
1764,1764,17926.25,2023-11-15 12:04:10.450100,2023-11-15 12:04:10.639089,0 days 00:00:00.188989,0.8,10,1.5,0.9,23,80,COMPLETE
1765,1765,17835.25,2023-11-15 12:04:10.640361,2023-11-15 12:04:10.829954,0 days 00:00:00.189593,0.8,10,1.5,0.9,39,65,COMPLETE
1766,1766,16471.75,2023-11-15 12:04:10.831111,2023-11-15 12:04:11.033478,0 days 00:00:00.202367,0.7000000000000001,30,1.5,0.9,33,72,COMPLETE
1767,1767,18297.75,2023-11-15 12:04:11.034692,2023-11-15 12:04:11.223547,0 days 00:00:00.188855,0.8,10,1.5,0.9,29,70,COMPLETE
1768,1768,19066.0,2023-11-15 12:04:11.224897,2023-11-15 12:04:11.412024,0 days 00:00:00.187127,0.8,10,1.5,0.9,37,75,COMPLETE
1769,1769,16543.25,2023-11-15 12:04:11.413244,2023-11-15 12:04:11.615201,0 days 00:00:00.201957,0.8,10,2.75,0.9,31,63,COMPLETE
1770,1770,17733.5,2023-11-15 12:04:11.616390,2023-11-15 12:04:11.808215,0 days 00:00:00.191825,0.8,10,1.25,0.9,26,78,COMPLETE
1771,1771,17188.0,2023-11-15 12:04:11.809684,2023-11-15 12:04:12.010189,0 days 00:00:00.200505,0.8,10,1.5,0.9,21,84,COMPLETE
1772,1772,17366.0,2023-11-15 12:04:12.011892,2023-11-15 12:04:12.204120,0 days 00:00:00.192228,0.8,10,1.5,0.9,34,73,COMPLETE
1773,1773,17833.5,2023-11-15 12:04:12.205336,2023-11-15 12:04:12.397529,0 days 00:00:00.192193,0.8,10,1.5,0.9,24,68,COMPLETE
1774,1774,17739.5,2023-11-15 12:04:12.398759,2023-11-15 12:04:12.592678,0 days 00:00:00.193919,0.8,10,3.0,0.9,40,81,COMPLETE
1775,1775,16990.25,2023-11-15 12:04:12.594227,2023-11-15 12:04:12.787416,0 days 00:00:00.193189,0.8,20,1.5,0.9,29,76,COMPLETE
1776,1776,17209.0,2023-11-15 12:04:12.788572,2023-11-15 12:04:12.981837,0 days 00:00:00.193265,0.8,10,1.5,0.9,22,71,COMPLETE
1777,1777,17941.5,2023-11-15 12:04:12.983098,2023-11-15 12:04:13.173680,0 days 00:00:00.190582,0.8,10,1.25,0.9,26,74,COMPLETE
1778,1778,17454.25,2023-11-15 12:04:13.174912,2023-11-15 12:04:13.368803,0 days 00:00:00.193891,0.8,10,1.5,0.9,32,78,COMPLETE
1779,1779,17466.75,2023-11-15 12:04:13.370229,2023-11-15 12:04:13.562829,0 days 00:00:00.192600,0.7000000000000001,10,1.5,0.9,24,70,COMPLETE
1780,1780,17737.75,2023-11-15 12:04:13.564212,2023-11-15 12:04:13.755001,0 days 00:00:00.190789,0.8,10,1.5,0.9,36,73,COMPLETE
1781,1781,17742.25,2023-11-15 12:04:13.756163,2023-11-15 12:04:13.944363,0 days 00:00:00.188200,0.8,10,1.5,0.9,72,67,COMPLETE
1782,1782,16990.25,2023-11-15 12:04:13.946002,2023-11-15 12:04:14.139683,0 days 00:00:00.193681,0.8,20,1.5,0.9,21,76,COMPLETE
1783,1783,13301.75,2023-11-15 12:04:14.140997,2023-11-15 12:04:14.367855,0 days 00:00:00.226858,0.8,70,1.5,0.9,27,80,COMPLETE
1784,1784,18901.0,2023-11-15 12:04:14.369272,2023-11-15 12:04:14.553275,0 days 00:00:00.184003,0.8,10,1.25,0.9,30,71,COMPLETE
1785,1785,17664.5,2023-11-15 12:04:14.554602,2023-11-15 12:04:14.743272,0 days 00:00:00.188670,0.8,10,1.5,0.9,62,65,COMPLETE
1786,1786,19066.0,2023-11-15 12:04:14.745155,2023-11-15 12:04:14.929312,0 days 00:00:00.184157,0.8,10,1.5,0.9,34,75,COMPLETE
1787,1787,17730.75,2023-11-15 12:04:14.930540,2023-11-15 12:04:15.120368,0 days 00:00:00.189828,0.8,10,2.5,0.9,23,78,COMPLETE
1788,1788,17381.25,2023-11-15 12:04:15.121571,2023-11-15 12:04:15.311947,0 days 00:00:00.190376,0.8,10,1.5,0.9,38,69,COMPLETE
1789,1789,17459.75,2023-11-15 12:04:15.313249,2023-11-15 12:04:15.506339,0 days 00:00:00.193090,0.8,10,1.5,0.9,25,73,COMPLETE
1790,1790,17736.0,2023-11-15 12:04:15.507549,2023-11-15 12:04:15.716982,0 days 00:00:00.209433,0.8,10,1.5,0.9,36,82,COMPLETE
1791,1791,18680.75,2023-11-15 12:04:15.718287,2023-11-15 12:04:15.904420,0 days 00:00:00.186133,0.7000000000000001,10,1.25,0.9,28,76,COMPLETE
1792,1792,17209.0,2023-11-15 12:04:15.905701,2023-11-15 12:04:16.097980,0 days 00:00:00.192279,0.8,10,1.5,0.9,21,71,COMPLETE
1793,1793,16623.5,2023-11-15 12:04:16.099282,2023-11-15 12:04:16.295672,0 days 00:00:00.196390,0.8,20,1.5,0.9,31,67,COMPLETE
1794,1794,19066.0,2023-11-15 12:04:16.296983,2023-11-15 12:04:16.484691,0 days 00:00:00.187708,0.8,10,1.5,0.9,42,75,COMPLETE
1795,1795,18584.0,2023-11-15 12:04:16.485844,2023-11-15 12:04:16.673952,0 days 00:00:00.188108,0.8,10,2.75,0.9,34,85,COMPLETE
1796,1796,17371.5,2023-11-15 12:04:16.675331,2023-11-15 12:04:16.870959,0 days 00:00:00.195628,0.8,10,1.5,0.9,23,79,COMPLETE
1797,1797,18207.75,2023-11-15 12:04:16.872251,2023-11-15 12:04:17.062741,0 days 00:00:00.190490,0.8,10,1.5,0.7000000000000001,26,72,COMPLETE
1798,1798,18297.75,2023-11-15 12:04:17.063989,2023-11-15 12:04:17.251735,0 days 00:00:00.187746,0.8,10,1.5,0.9,29,70,COMPLETE
1799,1799,16545.0,2023-11-15 12:04:17.253137,2023-11-15 12:04:17.449323,0 days 00:00:00.196186,0.8,10,1.25,0.9,75,63,COMPLETE
1800,1800,17105.25,2023-11-15 12:04:17.450689,2023-11-15 12:04:17.650065,0 days 00:00:00.199376,0.8,10,1.5,0.9,32,74,COMPLETE
1801,1801,17357.75,2023-11-15 12:04:17.651541,2023-11-15 12:04:17.840690,0 days 00:00:00.189149,0.8,10,1.5,0.9,21,59,COMPLETE
1802,1802,14244.75,2023-11-15 12:04:17.842037,2023-11-15 12:04:18.037023,0 days 00:00:00.194986,0.8,20,1.5,0.9,79,40,COMPLETE
1803,1803,10441.75,2023-11-15 12:04:18.038241,2023-11-15 12:04:18.284633,0 days 00:00:00.246392,0.7000000000000001,100,1.5,0.9,38,78,COMPLETE
1804,1804,17513.75,2023-11-15 12:04:18.285798,2023-11-15 12:04:18.477170,0 days 00:00:00.191372,0.8,10,1.25,0.7000000000000001,24,68,COMPLETE
1805,1805,17366.0,2023-11-15 12:04:18.478864,2023-11-15 12:04:18.671974,0 days 00:00:00.193110,0.8,10,1.5,0.9,35,73,COMPLETE
1806,1806,17554.75,2023-11-15 12:04:18.673369,2023-11-15 12:04:18.867632,0 days 00:00:00.194263,0.8,10,1.5,0.9,27,81,COMPLETE
1807,1807,17934.5,2023-11-15 12:04:18.869001,2023-11-15 12:04:19.059273,0 days 00:00:00.190272,0.8,10,1.5,0.9,30,77,COMPLETE
1808,1808,17209.0,2023-11-15 12:04:19.061038,2023-11-15 12:04:19.256664,0 days 00:00:00.195626,0.8,10,1.5,0.9,25,71,COMPLETE
1809,1809,19066.0,2023-11-15 12:04:19.257869,2023-11-15 12:04:19.445288,0 days 00:00:00.187419,0.8,10,1.5,0.9,21,75,COMPLETE
1810,1810,17453.0,2023-11-15 12:04:19.446609,2023-11-15 12:04:19.639576,0 days 00:00:00.192967,0.8,10,3.0,0.9,36,78,COMPLETE
1811,1811,16829.25,2023-11-15 12:04:19.640898,2023-11-15 12:04:19.838391,0 days 00:00:00.197493,0.8,10,1.25,0.9,29,66,COMPLETE
1812,1812,16563.0,2023-11-15 12:04:19.839717,2023-11-15 12:04:20.030720,0 days 00:00:00.191003,0.8,10,1.5,0.9,32,46,COMPLETE
1813,1813,17110.0,2023-11-15 12:04:20.032038,2023-11-15 12:04:20.226474,0 days 00:00:00.194436,0.7000000000000001,10,2.5,0.9,40,69,COMPLETE
1814,1814,16637.5,2023-11-15 12:04:20.227995,2023-11-15 12:04:20.435488,0 days 00:00:00.207493,0.8,20,1.5,0.9,24,73,COMPLETE
1815,1815,17736.0,2023-11-15 12:04:20.436876,2023-11-15 12:04:20.628610,0 days 00:00:00.191734,0.8,10,1.5,0.9,27,82,COMPLETE
1816,1816,17192.5,2023-11-15 12:04:20.629770,2023-11-15 12:04:20.829455,0 days 00:00:00.199685,0.8,10,1.5,0.9,21,76,COMPLETE
1817,1817,17117.75,2023-11-15 12:04:20.830663,2023-11-15 12:04:21.025092,0 days 00:00:00.194429,0.8,10,1.5,0.9,33,71,COMPLETE
1818,1818,17193.5,2023-11-15 12:04:21.026351,2023-11-15 12:04:21.227210,0 days 00:00:00.200859,0.8,10,1.5,0.9,23,74,COMPLETE
1819,1819,17481.0,2023-11-15 12:04:21.229212,2023-11-15 12:04:21.424813,0 days 00:00:00.195601,0.4,10,1.25,0.9,38,80,COMPLETE
1820,1820,16815.75,2023-11-15 12:04:21.426063,2023-11-15 12:04:21.629511,0 days 00:00:00.203448,0.8,10,1.5,0.9,34,63,COMPLETE
1821,1821,0.0,2023-11-15 12:04:21.630674,2023-11-15 12:04:21.800124,0 days 00:00:00.169450,0.8,10,1.5,0.9,26,1,COMPLETE
1822,1822,17381.25,2023-11-15 12:04:21.801427,2023-11-15 12:04:21.997034,0 days 00:00:00.195607,0.8,10,1.5,0.9,29,69,COMPLETE
1823,1823,16744.25,2023-11-15 12:04:21.998408,2023-11-15 12:04:22.201972,0 days 00:00:00.203564,0.8,20,1.5,0.7000000000000001,31,77,COMPLETE
1824,1824,16356.75,2023-11-15 12:04:22.203246,2023-11-15 12:04:22.403341,0 days 00:00:00.200095,0.8,10,1.5,0.9,21,66,COMPLETE
1825,1825,14907.75,2023-11-15 12:04:22.404718,2023-11-15 12:04:22.615409,0 days 00:00:00.210691,0.8,40,1.25,0.9,36,73,COMPLETE
1826,1826,19066.0,2023-11-15 12:04:22.616698,2023-11-15 12:04:22.806847,0 days 00:00:00.190149,0.8,10,1.5,0.9,23,75,COMPLETE
1827,1827,18592.75,2023-11-15 12:04:22.808065,2023-11-15 12:04:23.017326,0 days 00:00:00.209261,0.8,10,1.5,0.9,45,85,COMPLETE
1828,1828,18984.25,2023-11-15 12:04:23.018549,2023-11-15 12:04:23.206101,0 days 00:00:00.187552,0.7000000000000001,10,1.5,0.9,26,71,COMPLETE
1829,1829,0.0,2023-11-15 12:04:23.207551,2023-11-15 12:04:23.387305,0 days 00:00:00.179754,0.8,10,1.5,0.9,28,6,COMPLETE
1830,1830,17371.5,2023-11-15 12:04:23.388518,2023-11-15 12:04:23.587504,0 days 00:00:00.198986,0.8,10,1.5,0.9,34,79,COMPLETE
1831,1831,17740.75,2023-11-15 12:04:23.588734,2023-11-15 12:04:23.785754,0 days 00:00:00.197020,0.8,10,1.25,0.9,32,68,COMPLETE
1832,1832,17193.5,2023-11-15 12:04:23.786954,2023-11-15 12:04:23.990856,0 days 00:00:00.203902,0.8,10,1.5,0.9,25,74,COMPLETE
1833,1833,17275.75,2023-11-15 12:04:23.992063,2023-11-15 12:04:24.195795,0 days 00:00:00.203732,0.8,20,1.5,0.9,22,77,COMPLETE
1834,1834,17117.75,2023-11-15 12:04:24.197090,2023-11-15 12:04:24.396477,0 days 00:00:00.199387,0.8,10,1.5,0.9,40,71,COMPLETE
1835,1835,17737.75,2023-11-15 12:04:24.397837,2023-11-15 12:04:24.594406,0 days 00:00:00.196569,0.8,10,1.5,0.9,36,73,COMPLETE
1836,1836,11102.75,2023-11-15 12:04:24.595888,2023-11-15 12:04:24.825102,0 days 00:00:00.229214,0.6,90,1.5,0.7000000000000001,30,81,COMPLETE
1837,1837,18121.5,2023-11-15 12:04:24.826420,2023-11-15 12:04:25.020480,0 days 00:00:00.194060,0.8,10,2.75,0.9,21,77,COMPLETE
1838,1838,17562.25,2023-11-15 12:04:25.021655,2023-11-15 12:04:25.214378,0 days 00:00:00.192723,0.8,10,1.25,0.9,27,65,COMPLETE
1839,1839,17381.25,2023-11-15 12:04:25.215715,2023-11-15 12:04:25.412397,0 days 00:00:00.196682,0.8,10,1.5,0.9,23,69,COMPLETE
1840,1840,19066.0,2023-11-15 12:04:25.413940,2023-11-15 12:04:25.601093,0 days 00:00:00.187153,0.8,10,1.5,0.9,25,75,COMPLETE
1841,1841,15407.0,2023-11-15 12:04:25.602488,2023-11-15 12:04:25.811903,0 days 00:00:00.209415,0.8,50,1.5,0.9,33,72,COMPLETE
1842,1842,13111.25,2023-11-15 12:04:25.813131,2023-11-15 12:04:26.042543,0 days 00:00:00.229412,0.8,60,1.5,0.9,37,81,COMPLETE
1843,1843,17182.0,2023-11-15 12:04:26.044444,2023-11-15 12:04:26.238524,0 days 00:00:00.194080,0.7000000000000001,10,1.5,0.9,31,68,COMPLETE
1844,1844,16365.5,2023-11-15 12:04:26.239893,2023-11-15 12:04:26.449728,0 days 00:00:00.209835,0.8,20,1.5,0.9,28,78,COMPLETE
1845,1845,17920.75,2023-11-15 12:04:26.450982,2023-11-15 12:04:26.645259,0 days 00:00:00.194277,0.8,10,3.0,0.9,24,74,COMPLETE
1846,1846,18901.0,2023-11-15 12:04:26.646672,2023-11-15 12:04:26.835410,0 days 00:00:00.188738,0.8,10,1.25,0.9,21,71,COMPLETE
1847,1847,17192.5,2023-11-15 12:04:26.836721,2023-11-15 12:04:27.041588,0 days 00:00:00.204867,0.8,10,1.5,0.9,38,76,COMPLETE
1848,1848,17929.25,2023-11-15 12:04:27.043132,2023-11-15 12:04:27.238288,0 days 00:00:00.195156,0.8,10,1.5,0.9,35,83,COMPLETE
1849,1849,16356.75,2023-11-15 12:04:27.239634,2023-11-15 12:04:27.440454,0 days 00:00:00.200820,0.8,10,1.5,0.9,42,66,COMPLETE
1850,1850,17644.5,2023-11-15 12:04:27.441777,2023-11-15 12:04:27.645182,0 days 00:00:00.203405,0.8,10,1.5,0.7000000000000001,29,79,COMPLETE
1851,1851,17826.25,2023-11-15 12:04:27.646679,2023-11-15 12:04:27.840057,0 days 00:00:00.193378,0.8,10,2.5,0.9,26,70,COMPLETE
1852,1852,17193.5,2023-11-15 12:04:27.841494,2023-11-15 12:04:28.045524,0 days 00:00:00.204030,0.8,10,1.5,0.9,23,74,COMPLETE
1853,1853,16822.75,2023-11-15 12:04:28.046937,2023-11-15 12:04:28.245680,0 days 00:00:00.198743,0.7000000000000001,10,1.25,0.9,33,62,COMPLETE
1854,1854,17182.75,2023-11-15 12:04:28.247023,2023-11-15 12:04:28.448627,0 days 00:00:00.201604,0.8,20,1.5,0.9,20,72,COMPLETE
1855,1855,17934.5,2023-11-15 12:04:28.449923,2023-11-15 12:04:28.647051,0 days 00:00:00.197128,0.8,10,1.5,0.9,31,77,COMPLETE
1856,1856,17381.25,2023-11-15 12:04:28.648374,2023-11-15 12:04:28.846522,0 days 00:00:00.198148,0.8,10,1.5,0.9,25,69,COMPLETE
1857,1857,15154.75,2023-11-15 12:04:28.848038,2023-11-15 12:04:29.085166,0 days 00:00:00.237128,0.8,10,0.25,0.9,35,75,COMPLETE
1858,1858,17926.25,2023-11-15 12:04:29.086679,2023-11-15 12:04:29.282440,0 days 00:00:00.195761,0.8,10,1.5,0.9,28,80,COMPLETE
1859,1859,17926.75,2023-11-15 12:04:29.283674,2023-11-15 12:04:29.497637,0 days 00:00:00.213963,0.8,10,1.25,0.9,39,86,COMPLETE
1860,1860,18122.5,2023-11-15 12:04:29.498861,2023-11-15 12:04:29.693173,0 days 00:00:00.194312,0.8,10,1.5,0.9,53,72,COMPLETE
1861,1861,17919.5,2023-11-15 12:04:29.694906,2023-11-15 12:04:29.893041,0 days 00:00:00.198135,0.8,10,1.5,0.9,21,67,COMPLETE
1862,1862,17192.5,2023-11-15 12:04:29.894868,2023-11-15 12:04:30.098892,0 days 00:00:00.204024,0.8,10,1.5,0.9,23,76,COMPLETE
1863,1863,17300.25,2023-11-15 12:04:30.100176,2023-11-15 12:04:30.298709,0 days 00:00:00.198533,0.7000000000000001,10,1.5,0.9,27,73,COMPLETE
1864,1864,18602.0,2023-11-15 12:04:30.300152,2023-11-15 12:04:30.492627,0 days 00:00:00.192475,0.8,10,1.25,0.9,31,70,COMPLETE
1865,1865,16737.0,2023-11-15 12:04:30.494123,2023-11-15 12:04:30.710553,0 days 00:00:00.216430,0.8,20,1.5,0.7000000000000001,34,91,COMPLETE
1866,1866,17741.5,2023-11-15 12:04:30.712216,2023-11-15 12:04:30.910420,0 days 00:00:00.198204,0.5,10,2.75,0.9,24,79,COMPLETE
1867,1867,17100.0,2023-11-15 12:04:30.911757,2023-11-15 12:04:31.108360,0 days 00:00:00.196603,0.8,10,1.5,0.9,29,64,COMPLETE
1868,1868,19066.0,2023-11-15 12:04:31.109762,2023-11-15 12:04:31.300819,0 days 00:00:00.191057,0.8,10,1.5,0.9,20,75,COMPLETE
1869,1869,17925.5,2023-11-15 12:04:31.302110,2023-11-15 12:04:31.502139,0 days 00:00:00.200029,0.8,10,1.5,0.9,37,98,COMPLETE
1870,1870,17929.25,2023-11-15 12:04:31.503816,2023-11-15 12:04:31.705110,0 days 00:00:00.201294,0.8,10,1.5,0.9,26,83,COMPLETE
1871,1871,17374.0,2023-11-15 12:04:31.706261,2023-11-15 12:04:31.905169,0 days 00:00:00.198908,0.8,10,1.25,0.9,32,69,COMPLETE
1872,1872,17454.25,2023-11-15 12:04:31.906661,2023-11-15 12:04:32.107434,0 days 00:00:00.200773,0.8,10,1.5,0.9,22,78,COMPLETE
1873,1873,16906.0,2023-11-15 12:04:32.108914,2023-11-15 12:04:32.315428,0 days 00:00:00.206514,0.8,20,1.5,0.7000000000000001,24,73,COMPLETE
1874,1874,17296.25,2023-11-15 12:04:32.316696,2023-11-15 12:04:32.516624,0 days 00:00:00.199928,0.7000000000000001,10,1.5,0.9,83,67,COMPLETE
1875,1875,17209.0,2023-11-15 12:04:32.518041,2023-11-15 12:04:32.717735,0 days 00:00:00.199694,0.8,10,1.5,0.9,35,71,COMPLETE
1876,1876,17934.5,2023-11-15 12:04:32.718935,2023-11-15 12:04:32.918052,0 days 00:00:00.199117,0.8,10,1.5,0.9,40,77,COMPLETE
1877,1877,17193.5,2023-11-15 12:04:32.919373,2023-11-15 12:04:33.143719,0 days 00:00:00.224346,0.8,10,1.5,0.9,20,74,COMPLETE
1878,1878,17554.75,2023-11-15 12:04:33.145622,2023-11-15 12:04:33.348851,0 days 00:00:00.203229,0.8,10,1.5,0.9,28,81,COMPLETE
1879,1879,16164.5,2023-11-15 12:04:33.350353,2023-11-15 12:04:33.558264,0 days 00:00:00.207911,0.2,10,1.5,0.9,25,71,COMPLETE
1880,1880,9425.75,2023-11-15 12:04:33.559515,2023-11-15 12:04:33.817085,0 days 00:00:00.257570,0.1,70,1.25,0.7000000000000001,48,76,COMPLETE
