,number,value,datetime_start,datetime_complete,duration,params_alpha,params_decay_interval,params_decay_rate,params_gamma,params_initialization,params_max_steps,state
0,0,11686.75,2023-11-15 10:41:07.243243,2023-11-15 10:41:07.359520,0 days 00:00:00.116277,0.8,30,0.5,0.7000000000000001,70,57,COMPLETE
1,1,14793.5,2023-11-15 10:41:07.361043,2023-11-15 10:41:07.456042,0 days 00:00:00.094999,0.7000000000000001,40,0.25,0.1,26,131,COMPLETE
2,2,0.0,2023-11-15 10:41:07.456938,2023-11-15 10:41:07.514006,0 days 00:00:00.057068,0.9,70,0.5,0.6,82,18,COMPLETE
3,3,8003.0,2023-11-15 10:41:07.514953,2023-11-15 10:41:07.590885,0 days 00:00:00.075932,0.9,90,0.5,0.7000000000000001,6,46,COMPLETE
4,4,3952.5,2023-11-15 10:41:07.591769,2023-11-15 10:41:07.728227,0 days 00:00:00.136458,0.1,60,0.25,0.2,79,74,COMPLETE
5,5,5177.75,2023-11-15 10:41:07.729081,2023-11-15 10:41:07.782615,0 days 00:00:00.053534,0.1,100,0.5,0.8,79,28,COMPLETE
6,6,13768.5,2023-11-15 10:41:07.783452,2023-11-15 10:41:07.873774,0 days 00:00:00.090322,0.4,70,0.25,0.8,25,131,COMPLETE
7,7,1405.25,2023-11-15 10:41:07.875471,2023-11-15 10:41:08.130089,0 days 00:00:00.254618,0.7000000000000001,40,1.5,0.5,34,137,COMPLETE
8,8,12626.5,2023-11-15 10:41:08.131026,2023-11-15 10:41:08.232431,0 days 00:00:00.101405,0.1,80,1.75,0.8,59,147,COMPLETE
9,9,1821.5,2023-11-15 10:41:08.233276,2023-11-15 10:41:08.284923,0 days 00:00:00.051647,0.2,70,1.25,0.30000000000000004,87,21,COMPLETE
10,10,19260.75,2023-11-15 10:41:08.285774,2023-11-15 10:41:08.468050,0 days 00:00:00.182276,0.6,10,1.0,0.1,0,110,COMPLETE
11,11,10843.25,2023-11-15 10:41:08.468994,2023-11-15 10:41:08.604656,0 days 00:00:00.135662,0.6,10,1.0,0.1,2,104,COMPLETE
12,12,11802.5,2023-11-15 10:41:08.605507,2023-11-15 10:41:08.729030,0 days 00:00:00.123523,0.5,10,1.0,0.4,23,106,COMPLETE
13,13,11781.25,2023-11-15 10:41:08.729957,2023-11-15 10:41:08.842668,0 days 00:00:00.112711,0.4,30,0.75,0.2,38,107,COMPLETE
14,14,4684.25,2023-11-15 10:41:08.843838,2023-11-15 10:41:09.041712,0 days 00:00:00.197874,0.7000000000000001,40,1.75,0.1,14,120,COMPLETE
15,15,18297.0,2023-11-15 10:41:09.043020,2023-11-15 10:41:09.117037,0 days 00:00:00.074017,0.6,20,2.0,0.30000000000000004,0,85,COMPLETE
16,16,4594.75,2023-11-15 10:41:09.117853,2023-11-15 10:41:09.263884,0 days 00:00:00.146031,0.5,20,2.0,0.30000000000000004,49,77,COMPLETE
17,17,18395.0,2023-11-15 10:41:09.264800,2023-11-15 10:41:09.339695,0 days 00:00:00.074895,0.30000000000000004,20,1.25,0.4,0,87,COMPLETE
18,18,9420.75,2023-11-15 10:41:09.340728,2023-11-15 10:41:09.472011,0 days 00:00:00.131283,0.30000000000000004,10,1.25,0.5,15,88,COMPLETE
19,19,9218.25,2023-11-15 10:41:09.472984,2023-11-15 10:41:09.573286,0 days 00:00:00.100302,0.30000000000000004,50,1.5,0.4,12,58,COMPLETE
20,20,3420.25,2023-11-15 10:41:09.574214,2023-11-15 10:41:09.758220,0 days 00:00:00.184006,0.30000000000000004,20,1.0,0.2,97,95,COMPLETE
21,21,18488.0,2023-11-15 10:41:09.759673,2023-11-15 10:41:09.836623,0 days 00:00:00.076950,0.6,20,2.0,0.30000000000000004,0,80,COMPLETE
22,22,5313.0,2023-11-15 10:41:09.837469,2023-11-15 10:41:10.022813,0 days 00:00:00.185344,0.6,30,1.5,0.4,9,116,COMPLETE
23,23,509.0,2023-11-15 10:41:10.024287,2023-11-15 10:41:10.187817,0 days 00:00:00.163530,0.4,20,0.75,0.5,20,62,COMPLETE
24,24,19260.75,2023-11-15 10:41:10.188800,2023-11-15 10:41:10.254895,0 days 00:00:00.066095,0.5,10,1.25,0.2,0,70,COMPLETE
25,25,0.0,2023-11-15 10:41:10.255779,2023-11-15 10:41:10.295313,0 days 00:00:00.039534,0.5,10,1.75,0.2,38,1,COMPLETE
26,26,13107.25,2023-11-15 10:41:10.296552,2023-11-15 10:41:10.390324,0 days 00:00:00.093772,0.8,10,0.75,0.1,9,70,COMPLETE
27,27,1528.0,2023-11-15 10:41:10.391354,2023-11-15 10:41:10.619543,0 days 00:00:00.228189,0.6,30,2.0,0.30000000000000004,47,96,COMPLETE
28,28,1464.0,2023-11-15 10:41:10.620404,2023-11-15 10:41:10.738060,0 days 00:00:00.117656,0.5,50,1.5,0.2,18,42,COMPLETE
29,29,4643.75,2023-11-15 10:41:10.738992,2023-11-15 10:41:10.839637,0 days 00:00:00.100645,0.8,30,1.0,0.1,64,44,COMPLETE
30,30,1682.0,2023-11-15 10:41:10.841068,2023-11-15 10:41:10.999444,0 days 00:00:00.158376,0.7000000000000001,20,1.25,0.9,30,69,COMPLETE
31,31,18297.0,2023-11-15 10:41:11.000992,2023-11-15 10:41:11.077349,0 days 00:00:00.076357,0.4,20,1.25,0.4,0,85,COMPLETE
32,32,10412.0,2023-11-15 10:41:11.078250,2023-11-15 10:41:11.209841,0 days 00:00:00.131591,0.2,10,0.75,0.30000000000000004,5,116,COMPLETE
33,33,11553.75,2023-11-15 10:41:11.218689,2023-11-15 10:41:11.336088,0 days 00:00:00.117399,0.6,40,1.25,0.2,8,95,COMPLETE
34,34,17642.25,2023-11-15 10:41:11.337407,2023-11-15 10:41:11.407682,0 days 00:00:00.070275,0.5,30,1.75,0.6,0,80,COMPLETE
35,35,1738.75,2023-11-15 10:41:11.408913,2023-11-15 10:41:11.559984,0 days 00:00:00.151071,0.7000000000000001,20,1.0,0.4,16,64,COMPLETE
36,36,5025.25,2023-11-15 10:41:11.560943,2023-11-15 10:41:11.671113,0 days 00:00:00.110170,0.9,10,1.5,0.1,6,49,COMPLETE
37,37,15316.0,2023-11-15 10:41:11.671972,2023-11-15 10:41:11.769733,0 days 00:00:00.097761,0.4,30,0.5,0.30000000000000004,29,91,COMPLETE
38,38,14438.5,2023-11-15 10:41:11.770582,2023-11-15 10:41:11.870342,0 days 00:00:00.099760,0.8,60,0.75,0.6,12,126,COMPLETE
39,39,3946.25,2023-11-15 10:41:11.871186,2023-11-15 10:41:12.052776,0 days 00:00:00.181590,0.2,40,1.25,0.2,21,101,COMPLETE
40,40,10158.75,2023-11-15 10:41:12.054181,2023-11-15 10:41:12.140092,0 days 00:00:00.085911,0.6,90,1.0,0.30000000000000004,4,52,COMPLETE
41,41,18393.0,2023-11-15 10:41:12.141220,2023-11-15 10:41:12.218494,0 days 00:00:00.077274,0.6,20,2.0,0.30000000000000004,0,86,COMPLETE
42,42,1532.5,2023-11-15 10:41:12.219317,2023-11-15 10:41:12.396025,0 days 00:00:00.176708,0.7000000000000001,20,2.0,0.2,9,74,COMPLETE
43,43,19260.75,2023-11-15 10:41:12.397203,2023-11-15 10:41:12.466685,0 days 00:00:00.069482,0.6,10,1.75,0.4,0,81,COMPLETE
44,44,4408.75,2023-11-15 10:41:12.467560,2023-11-15 10:41:12.619512,0 days 00:00:00.151952,0.5,10,1.75,0.4,5,80,COMPLETE
45,45,930.0,2023-11-15 10:41:12.620458,2023-11-15 10:41:12.728096,0 days 00:00:00.107638,0.7000000000000001,10,1.5,0.5,12,32,COMPLETE
46,46,1535.25,2023-11-15 10:41:12.729261,2023-11-15 10:41:12.966554,0 days 00:00:00.237293,0.5,10,1.75,0.1,4,108,COMPLETE
47,47,11735.25,2023-11-15 10:41:12.967446,2023-11-15 10:41:13.110231,0 days 00:00:00.142785,0.6,10,1.75,0.6,26,147,COMPLETE
48,48,130.0,2023-11-15 10:41:13.111069,2023-11-15 10:41:13.301315,0 days 00:00:00.190246,0.30000000000000004,20,1.5,0.4,15,67,COMPLETE
49,49,8019.0,2023-11-15 10:41:13.302132,2023-11-15 10:41:13.454337,0 days 00:00:00.152205,0.7000000000000001,30,1.25,0.5,72,112,COMPLETE
50,50,99.25,2023-11-15 10:41:13.455226,2023-11-15 10:41:13.625854,0 days 00:00:00.170628,0.4,10,2.0,0.2,9,55,COMPLETE
51,51,18202.0,2023-11-15 10:41:13.626821,2023-11-15 10:41:13.702602,0 days 00:00:00.075781,0.6,20,2.0,0.30000000000000004,0,82,COMPLETE
52,52,6101.0,2023-11-15 10:41:13.703538,2023-11-15 10:41:13.866548,0 days 00:00:00.163010,0.6,20,2.0,0.30000000000000004,4,101,COMPLETE
53,53,18392.5,2023-11-15 10:41:13.867435,2023-11-15 10:41:13.948211,0 days 00:00:00.080776,0.5,20,2.0,0.4,0,74,COMPLETE
54,54,11041.75,2023-11-15 10:41:13.949744,2023-11-15 10:41:14.071980,0 days 00:00:00.122236,0.7000000000000001,10,1.0,0.30000000000000004,7,87,COMPLETE
55,55,100.0,2023-11-15 10:41:14.072958,2023-11-15 10:41:14.339823,0 days 00:00:00.266865,0.6,10,1.75,0.1,11,91,COMPLETE
56,56,14109.75,2023-11-15 10:41:14.340748,2023-11-15 10:41:14.443879,0 days 00:00:00.103131,0.6,80,2.0,0.2,3,136,COMPLETE
57,57,69.0,2023-11-15 10:41:14.444700,2023-11-15 10:41:14.633457,0 days 00:00:00.188757,0.1,20,1.75,0.30000000000000004,18,61,COMPLETE
58,58,3821.75,2023-11-15 10:41:14.634672,2023-11-15 10:41:14.806679,0 days 00:00:00.172007,0.5,30,1.5,0.4,55,76,COMPLETE
59,59,8710.75,2023-11-15 10:41:14.808535,2023-11-15 10:41:14.966720,0 days 00:00:00.158185,0.2,50,1.25,0.2,3,100,COMPLETE
60,60,17319.25,2023-11-15 10:41:14.968433,2023-11-15 10:41:15.066599,0 days 00:00:00.098166,0.4,20,0.5,0.5,13,125,COMPLETE
61,61,10510.0,2023-11-15 10:41:15.067577,2023-11-15 10:41:15.202090,0 days 00:00:00.134513,0.5,20,2.0,0.4,1,72,COMPLETE
62,62,2168.25,2023-11-15 10:41:15.203393,2023-11-15 10:41:15.404752,0 days 00:00:00.201359,0.6,10,2.0,0.4,7,78,COMPLETE
63,63,17353.75,2023-11-15 10:41:15.405790,2023-11-15 10:41:15.509611,0 days 00:00:00.103821,0.5,30,2.0,0.4,0,67,COMPLETE
64,64,1151.0,2023-11-15 10:41:15.511018,2023-11-15 10:41:15.741183,0 days 00:00:00.230165,0.5,20,1.75,0.30000000000000004,88,84,COMPLETE
65,65,4928.25,2023-11-15 10:41:15.742376,2023-11-15 10:41:15.907693,0 days 00:00:00.165317,0.6,10,2.0,0.5,3,90,COMPLETE
66,66,14977.25,2023-11-15 10:41:15.908647,2023-11-15 10:41:16.011186,0 days 00:00:00.102539,0.7000000000000001,40,1.0,0.4,40,95,COMPLETE
67,67,14272.25,2023-11-15 10:41:16.012019,2023-11-15 10:41:16.112430,0 days 00:00:00.100411,0.30000000000000004,20,0.25,0.30000000000000004,10,73,COMPLETE
68,68,157.5,2023-11-15 10:41:16.113390,2023-11-15 10:41:16.289601,0 days 00:00:00.176211,0.4,10,1.75,0.1,6,61,COMPLETE
69,69,6783.25,2023-11-15 10:41:16.290438,2023-11-15 10:41:16.426607,0 days 00:00:00.136169,0.6,30,2.0,0.5,18,83,COMPLETE
70,70,6147.25,2023-11-15 10:41:16.427467,2023-11-15 10:41:16.561544,0 days 00:00:00.134077,0.5,20,1.25,0.2,1,77,COMPLETE
71,71,1367.0,2023-11-15 10:41:16.562427,2023-11-15 10:41:16.776404,0 days 00:00:00.213977,0.6,20,2.0,0.30000000000000004,7,87,COMPLETE
72,72,19161.25,2023-11-15 10:41:16.777338,2023-11-15 10:41:16.848439,0 days 00:00:00.071101,0.6,10,2.0,0.30000000000000004,0,66,COMPLETE
73,73,19161.25,2023-11-15 10:41:16.849440,2023-11-15 10:41:16.924731,0 days 00:00:00.075291,0.7000000000000001,10,2.0,0.4,0,65,COMPLETE
74,74,1825.0,2023-11-15 10:41:16.925998,2023-11-15 10:41:17.068202,0 days 00:00:00.142204,0.8,10,2.0,0.30000000000000004,3,56,COMPLETE
75,75,0.0,2023-11-15 10:41:17.069073,2023-11-15 10:41:17.204302,0 days 00:00:00.135229,0.7000000000000001,10,1.75,0.2,10,39,COMPLETE
76,76,1312.75,2023-11-15 10:41:17.205438,2023-11-15 10:41:17.428688,0 days 00:00:00.223250,0.8,10,1.0,0.4,15,67,COMPLETE
77,77,11942.0,2023-11-15 10:41:17.429843,2023-11-15 10:41:17.537726,0 days 00:00:00.107883,0.7000000000000001,100,2.0,0.30000000000000004,6,63,COMPLETE
78,78,10707.0,2023-11-15 10:41:17.538534,2023-11-15 10:41:17.628656,0 days 00:00:00.090122,0.6,10,0.75,0.2,3,49,COMPLETE
79,79,1488.0,2023-11-15 10:41:17.629492,2023-11-15 10:41:17.806124,0 days 00:00:00.176632,0.7000000000000001,10,1.75,0.1,22,70,COMPLETE
80,80,18676.75,2023-11-15 10:41:17.807016,2023-11-15 10:41:17.878903,0 days 00:00:00.071887,0.6,10,1.5,0.7000000000000001,0,59,COMPLETE
81,81,0.0,2023-11-15 10:41:17.880243,2023-11-15 10:41:18.059636,0 days 00:00:00.179393,0.6,10,1.5,0.9,0,58,COMPLETE
82,82,14422.25,2023-11-15 10:41:18.060812,2023-11-15 10:41:18.205235,0 days 00:00:00.144423,0.6,10,1.25,0.8,5,54,COMPLETE
83,83,4263.25,2023-11-15 10:41:18.207465,2023-11-15 10:41:18.378381,0 days 00:00:00.170916,0.7000000000000001,20,1.5,0.7000000000000001,8,65,COMPLETE
84,84,16586.0,2023-11-15 10:41:18.379249,2023-11-15 10:41:18.461437,0 days 00:00:00.082188,0.6,10,1.25,0.7000000000000001,2,70,COMPLETE
85,85,2199.75,2023-11-15 10:41:18.462494,2023-11-15 10:41:18.641440,0 days 00:00:00.178946,0.7000000000000001,10,1.75,0.4,11,80,COMPLETE
86,86,4828.0,2023-11-15 10:41:18.642552,2023-11-15 10:41:18.766503,0 days 00:00:00.123951,0.6,20,1.5,0.6,5,59,COMPLETE
87,87,14057.75,2023-11-15 10:41:18.767411,2023-11-15 10:41:18.845131,0 days 00:00:00.077720,0.9,70,2.0,0.30000000000000004,2,49,COMPLETE
88,88,0.0,2023-11-15 10:41:18.846044,2023-11-15 10:41:18.900048,0 days 00:00:00.054004,0.5,10,1.0,0.8,13,3,COMPLETE
89,89,18299.25,2023-11-15 10:41:18.900924,2023-11-15 10:41:18.977976,0 days 00:00:00.077052,0.8,20,2.0,0.5,0,93,COMPLETE
90,90,3706.75,2023-11-15 10:41:18.978801,2023-11-15 10:41:19.142609,0 days 00:00:00.163808,0.6,10,1.75,0.4,5,81,COMPLETE
91,91,17643.75,2023-11-15 10:41:19.143768,2023-11-15 10:41:19.227173,0 days 00:00:00.083405,0.5,30,2.0,0.4,0,75,COMPLETE
92,92,3189.0,2023-11-15 10:41:19.228079,2023-11-15 10:41:19.383353,0 days 00:00:00.155274,0.5,20,2.0,0.30000000000000004,8,72,COMPLETE
93,93,7110.75,2023-11-15 10:41:19.384454,2023-11-15 10:41:19.527255,0 days 00:00:00.142801,0.6,20,2.0,0.4,2,86,COMPLETE
94,94,4900.75,2023-11-15 10:41:19.528462,2023-11-15 10:41:19.657051,0 days 00:00:00.128589,0.1,60,1.25,0.4,4,64,COMPLETE
95,95,5224.75,2023-11-15 10:41:19.658187,2023-11-15 10:41:19.843466,0 days 00:00:00.185279,0.5,10,1.75,0.5,8,111,COMPLETE
96,96,18297.0,2023-11-15 10:41:19.844402,2023-11-15 10:41:19.938249,0 days 00:00:00.093847,0.6,20,2.0,0.30000000000000004,0,76,COMPLETE
97,97,2164.0,2023-11-15 10:41:19.946892,2023-11-15 10:41:20.115138,0 days 00:00:00.168246,0.7000000000000001,10,2.0,0.5,2,69,COMPLETE
98,98,11845.5,2023-11-15 10:41:20.116152,2023-11-15 10:41:20.233903,0 days 00:00:00.117751,0.5,30,1.0,0.2,6,98,COMPLETE
99,99,3583.25,2023-11-15 10:41:20.235334,2023-11-15 10:41:20.426920,0 days 00:00:00.191586,0.4,20,1.5,0.1,10,105,COMPLETE
100,100,1469.75,2023-11-15 10:41:20.427875,2023-11-15 10:41:20.684069,0 days 00:00:00.256194,0.30000000000000004,10,1.75,0.4,68,90,COMPLETE
101,101,17643.0,2023-11-15 10:41:20.685048,2023-11-15 10:41:20.767968,0 days 00:00:00.082920,0.9,20,2.0,0.5,0,93,COMPLETE
102,102,1867.0,2023-11-15 10:41:20.768837,2023-11-15 10:41:20.950373,0 days 00:00:00.181536,0.8,20,2.0,0.5,2,79,COMPLETE
103,103,6332.25,2023-11-15 10:41:20.951277,2023-11-15 10:41:21.097088,0 days 00:00:00.145811,0.6,10,2.0,0.6,4,84,COMPLETE
104,104,18199.0,2023-11-15 10:41:21.097971,2023-11-15 10:41:21.175588,0 days 00:00:00.077617,0.8,20,2.0,0.4,0,118,COMPLETE
105,105,1377.75,2023-11-15 10:41:21.177272,2023-11-15 10:41:21.396928,0 days 00:00:00.219656,0.7000000000000001,30,2.0,0.30000000000000004,6,93,COMPLETE
106,106,3833.25,2023-11-15 10:41:21.397850,2023-11-15 10:41:21.554868,0 days 00:00:00.157018,0.6,10,1.25,0.5,2,73,COMPLETE
107,107,1387.75,2023-11-15 10:41:21.555704,2023-11-15 10:41:21.764521,0 days 00:00:00.208817,0.8,20,1.75,0.4,8,88,COMPLETE
108,108,1539.25,2023-11-15 10:41:21.765352,2023-11-15 10:41:21.988825,0 days 00:00:00.223473,0.7000000000000001,10,2.0,0.9,98,102,COMPLETE
109,109,3538.0,2023-11-15 10:41:21.990074,2023-11-15 10:41:22.136669,0 days 00:00:00.146595,0.6,20,2.0,0.30000000000000004,4,66,COMPLETE
110,110,2919.0,2023-11-15 10:41:22.137581,2023-11-15 10:41:22.339067,0 days 00:00:00.201486,0.2,10,1.75,0.2,12,98,COMPLETE
111,111,18202.0,2023-11-15 10:41:22.340128,2023-11-15 10:41:22.416532,0 days 00:00:00.076404,0.6,20,2.0,0.30000000000000004,0,83,COMPLETE
112,112,1113.5,2023-11-15 10:41:22.417510,2023-11-15 10:41:22.614014,0 days 00:00:00.196504,0.6,20,2.0,0.30000000000000004,2,78,COMPLETE
113,113,16976.5,2023-11-15 10:41:22.614923,2023-11-15 10:41:22.697979,0 days 00:00:00.083056,0.5,30,2.0,0.6,4,60,COMPLETE
114,114,4227.25,2023-11-15 10:41:22.698866,2023-11-15 10:41:22.869157,0 days 00:00:00.170291,0.6,10,2.0,0.4,6,89,COMPLETE
115,115,18392.5,2023-11-15 10:41:22.870051,2023-11-15 10:41:22.950786,0 days 00:00:00.080735,0.5,20,1.0,0.2,0,75,COMPLETE
116,116,2566.75,2023-11-15 10:41:22.951618,2023-11-15 10:41:23.079966,0 days 00:00:00.128348,0.5,20,1.0,0.2,2,52,COMPLETE
117,117,5235.5,2023-11-15 10:41:23.080991,2023-11-15 10:41:23.227591,0 days 00:00:00.146600,0.5,10,1.0,0.2,54,73,COMPLETE
118,118,1657.75,2023-11-15 10:41:23.228491,2023-11-15 10:41:23.394148,0 days 00:00:00.165657,0.5,20,1.0,0.1,46,69,COMPLETE
119,119,5401.75,2023-11-15 10:41:23.395059,2023-11-15 10:41:23.540785,0 days 00:00:00.145726,0.4,10,1.25,0.1,9,76,COMPLETE
120,120,16318.0,2023-11-15 10:41:23.541756,2023-11-15 10:41:23.649885,0 days 00:00:00.108129,0.7000000000000001,30,0.75,0.4,0,124,COMPLETE
121,121,15658.75,2023-11-15 10:41:23.650773,2023-11-15 10:41:23.741533,0 days 00:00:00.090760,0.6,20,1.0,0.30000000000000004,4,82,COMPLETE
122,122,18297.0,2023-11-15 10:41:23.742954,2023-11-15 10:41:23.821469,0 days 00:00:00.078515,0.6,20,2.0,0.2,0,79,COMPLETE
123,123,3541.0,2023-11-15 10:41:23.822656,2023-11-15 10:41:24.003384,0 days 00:00:00.180728,0.6,10,2.0,0.30000000000000004,7,92,COMPLETE
124,124,13505.5,2023-11-15 10:41:24.004430,2023-11-15 10:41:24.122226,0 days 00:00:00.117796,0.5,90,1.25,0.2,3,143,COMPLETE
125,125,4831.75,2023-11-15 10:41:24.123241,2023-11-15 10:41:24.285445,0 days 00:00:00.162204,0.9,10,1.75,0.30000000000000004,2,86,COMPLETE
126,126,147.5,2023-11-15 10:41:24.286378,2023-11-15 10:41:24.475375,0 days 00:00:00.188997,0.6,20,2.0,0.4,5,63,COMPLETE
127,127,17644.5,2023-11-15 10:41:24.477400,2023-11-15 10:41:24.553858,0 days 00:00:00.076458,0.4,30,1.0,0.7000000000000001,0,72,COMPLETE
128,128,100.0,2023-11-15 10:41:24.554819,2023-11-15 10:41:24.756961,0 days 00:00:00.202142,0.5,20,2.0,0.30000000000000004,6,67,COMPLETE
129,129,10158.5,2023-11-15 10:41:24.758012,2023-11-15 10:41:24.892526,0 days 00:00:00.134514,0.7000000000000001,80,1.5,0.4,82,109,COMPLETE
130,130,2264.25,2023-11-15 10:41:24.893492,2023-11-15 10:41:25.079564,0 days 00:00:00.186072,0.6,10,1.25,0.30000000000000004,31,85,COMPLETE
131,131,5818.5,2023-11-15 10:41:25.080583,2023-11-15 10:41:25.230273,0 days 00:00:00.149690,0.4,20,1.25,0.4,2,81,COMPLETE
132,132,18297.0,2023-11-15 10:41:25.231318,2023-11-15 10:41:25.309582,0 days 00:00:00.078264,0.30000000000000004,20,1.25,0.5,0,96,COMPLETE
133,133,5478.25,2023-11-15 10:41:25.310783,2023-11-15 10:41:25.458530,0 days 00:00:00.147747,0.5,10,1.25,0.4,4,75,COMPLETE
134,134,12334.0,2023-11-15 10:41:25.459642,2023-11-15 10:41:25.578571,0 days 00:00:00.118929,0.4,20,1.0,0.4,2,88,COMPLETE
135,135,5070.0,2023-11-15 10:41:25.579542,2023-11-15 10:41:25.730801,0 days 00:00:00.151259,0.5,50,2.0,0.4,7,79,COMPLETE
136,136,18392.25,2023-11-15 10:41:25.731759,2023-11-15 10:41:25.813058,0 days 00:00:00.081299,0.30000000000000004,20,1.5,0.5,0,71,COMPLETE
137,137,15150.0,2023-11-15 10:41:25.813955,2023-11-15 10:41:25.904001,0 days 00:00:00.090046,0.30000000000000004,30,1.5,0.5,4,70,COMPLETE
138,138,5162.0,2023-11-15 10:41:25.904928,2023-11-15 10:41:26.033731,0 days 00:00:00.128803,0.2,40,1.5,0.5,94,57,COMPLETE
139,139,1313.25,2023-11-15 10:41:26.034605,2023-11-15 10:41:26.191978,0 days 00:00:00.157373,0.30000000000000004,10,1.75,0.5,10,62,COMPLETE
140,140,18197.5,2023-11-15 10:41:26.193570,2023-11-15 10:41:26.273398,0 days 00:00:00.079828,0.6,20,2.0,0.2,0,65,COMPLETE
141,141,6046.25,2023-11-15 10:41:26.274629,2023-11-15 10:41:26.428851,0 days 00:00:00.154222,0.30000000000000004,20,1.5,0.4,2,84,COMPLETE
142,142,18297.0,2023-11-15 10:41:26.429921,2023-11-15 10:41:26.509445,0 days 00:00:00.079524,0.4,20,1.25,0.8,0,76,COMPLETE
143,143,100.75,2023-11-15 10:41:26.510449,2023-11-15 10:41:26.727322,0 days 00:00:00.216873,0.30000000000000004,10,1.25,0.1,4,69,COMPLETE
144,144,4454.5,2023-11-15 10:41:26.728347,2023-11-15 10:41:26.886239,0 days 00:00:00.157892,0.6,20,2.0,0.5,2,82,COMPLETE
145,145,3500.25,2023-11-15 10:41:26.887154,2023-11-15 10:41:27.049602,0 days 00:00:00.162448,0.6,10,2.0,0.6,6,73,COMPLETE
146,146,18395.0,2023-11-15 10:41:27.050620,2023-11-15 10:41:27.130432,0 days 00:00:00.079812,0.5,20,1.25,0.30000000000000004,0,87,COMPLETE
147,147,12014.0,2023-11-15 10:41:27.131304,2023-11-15 10:41:27.245390,0 days 00:00:00.114086,0.5,20,1.0,0.30000000000000004,2,91,COMPLETE
148,148,2263.5,2023-11-15 10:41:27.246262,2023-11-15 10:41:27.426508,0 days 00:00:00.180246,0.5,10,1.75,0.30000000000000004,5,79,COMPLETE
149,149,17644.5,2023-11-15 10:41:27.427477,2023-11-15 10:41:27.510490,0 days 00:00:00.083013,0.7000000000000001,30,1.5,0.30000000000000004,0,87,COMPLETE
150,150,100.0,2023-11-15 10:41:27.511402,2023-11-15 10:41:27.786867,0 days 00:00:00.275465,0.6,20,2.0,0.30000000000000004,3,95,COMPLETE
151,151,18392.5,2023-11-15 10:41:27.787759,2023-11-15 10:41:27.867428,0 days 00:00:00.079669,0.30000000000000004,20,1.25,0.4,0,84,COMPLETE
152,152,18392.5,2023-11-15 10:41:27.868499,2023-11-15 10:41:27.952632,0 days 00:00:00.084133,0.30000000000000004,20,1.25,0.4,0,84,COMPLETE
153,153,5818.5,2023-11-15 10:41:27.953469,2023-11-15 10:41:28.101546,0 days 00:00:00.148077,0.30000000000000004,20,1.25,0.4,2,81,COMPLETE
154,154,18297.0,2023-11-15 10:41:28.102438,2023-11-15 10:41:28.185271,0 days 00:00:00.082833,0.30000000000000004,20,1.25,0.4,0,76,COMPLETE
155,155,6332.25,2023-11-15 10:41:28.186257,2023-11-15 10:41:28.341664,0 days 00:00:00.155407,0.30000000000000004,10,1.25,0.4,8,84,COMPLETE
156,156,8264.75,2023-11-15 10:41:28.343042,2023-11-15 10:41:28.481180,0 days 00:00:00.138138,0.2,20,1.25,0.5,4,90,COMPLETE
157,157,19260.75,2023-11-15 10:41:28.482061,2023-11-15 10:41:28.560833,0 days 00:00:00.078772,0.30000000000000004,10,1.25,0.4,0,71,COMPLETE
158,158,10752.5,2023-11-15 10:41:28.561904,2023-11-15 10:41:28.671575,0 days 00:00:00.109671,0.30000000000000004,10,1.25,0.4,6,71,COMPLETE
159,159,4636.25,2023-11-15 10:41:28.672589,2023-11-15 10:41:28.822589,0 days 00:00:00.150000,0.30000000000000004,10,1.25,0.4,3,67,COMPLETE
160,160,9978.0,2023-11-15 10:41:28.823500,2023-11-15 10:41:28.942419,0 days 00:00:00.118919,0.30000000000000004,10,1.25,0.4,2,74,COMPLETE
161,161,19260.75,2023-11-15 10:41:28.943820,2023-11-15 10:41:29.018801,0 days 00:00:00.074981,0.30000000000000004,10,1.25,0.4,0,77,COMPLETE
162,162,19260.75,2023-11-15 10:41:29.019703,2023-11-15 10:41:29.091667,0 days 00:00:00.071964,0.30000000000000004,10,1.25,0.4,0,77,COMPLETE
163,163,4806.75,2023-11-15 10:41:29.093156,2023-11-15 10:41:29.261415,0 days 00:00:00.168259,0.30000000000000004,10,1.25,0.4,4,78,COMPLETE
164,164,19260.75,2023-11-15 10:41:29.262685,2023-11-15 10:41:29.355587,0 days 00:00:00.092902,0.2,10,1.25,0.4,0,76,COMPLETE
165,165,6129.75,2023-11-15 10:41:29.356575,2023-11-15 10:41:29.503390,0 days 00:00:00.146815,0.2,10,1.25,0.4,2,59,COMPLETE
166,166,3008.75,2023-11-15 10:41:29.504362,2023-11-15 10:41:29.803952,0 days 00:00:00.299590,0.2,10,1.25,0.4,5,132,COMPLETE
