,number,value,datetime_start,datetime_complete,duration,params_alpha,params_decay_interval,params_decay_rate,params_gamma,params_initialization,params_max_steps,state
8314,8314,18992.75,2023-11-15 11:37:29.348567,2023-11-15 11:37:30.213924,0 days 00:00:00.865357,0.2,10,0.75,0.9,2,143,COMPLETE
8315,8315,19261.0,2023-11-15 11:37:30.217131,2023-11-15 11:37:31.059467,0 days 00:00:00.842336,0.2,10,0.75,0.9,4,147,COMPLETE
8316,8316,17363.5,2023-11-15 11:37:31.062069,2023-11-15 11:37:31.837653,0 days 00:00:00.775584,0.30000000000000004,30,1.25,0.8,0,141,COMPLETE
8317,8317,18494.75,2023-11-15 11:37:31.841434,2023-11-15 11:37:32.673367,0 days 00:00:00.831933,0.2,10,0.75,0.9,2,135,COMPLETE
8318,8318,18829.5,2023-11-15 11:37:32.677222,2023-11-15 11:37:33.602540,0 days 00:00:00.925318,0.1,10,0.75,0.9,10,145,COMPLETE
8319,8319,18393.5,2023-11-15 11:37:33.605446,2023-11-15 11:37:34.410616,0 days 00:00:00.805170,0.2,20,1.0,0.9,3,150,COMPLETE
8320,8320,18992.75,2023-11-15 11:37:34.413052,2023-11-15 11:37:35.130984,0 days 00:00:00.717932,0.2,10,0.75,0.9,6,143,COMPLETE
8321,8321,19161.25,2023-11-15 11:37:35.133751,2023-11-15 11:37:35.845558,0 days 00:00:00.711807,0.1,10,0.5,0.9,0,139,COMPLETE
8322,8322,15879.25,2023-11-15 11:37:35.848099,2023-11-15 11:37:36.569187,0 days 00:00:00.721088,0.2,60,0.75,0.9,2,147,COMPLETE
8323,8323,18897.75,2023-11-15 11:37:36.571624,2023-11-15 11:37:37.331041,0 days 00:00:00.759417,0.2,10,0.75,0.8,4,145,COMPLETE
8324,8324,19163.5,2023-11-15 11:37:37.333822,2023-11-15 11:37:38.029957,0 days 00:00:00.696135,0.2,10,2.0,0.9,0,150,COMPLETE
8325,8325,707.0,2023-11-15 11:37:38.032524,2023-11-15 11:37:38.772432,0 days 00:00:00.739908,0.1,10,0.75,0.9,8,37,COMPLETE
8326,8326,19040.5,2023-11-15 11:37:38.775132,2023-11-15 11:37:39.473118,0 days 00:00:00.697986,0.2,10,1.25,0.8,2,141,COMPLETE
8327,8327,19261.0,2023-11-15 11:37:39.476239,2023-11-15 11:37:40.170667,0 days 00:00:00.694428,0.2,10,0.75,0.9,4,147,COMPLETE
8328,8328,18394.75,2023-11-15 11:37:40.173513,2023-11-15 11:37:40.889926,0 days 00:00:00.716413,0.2,20,1.0,0.9,6,143,COMPLETE
8329,8329,18969.25,2023-11-15 11:37:40.893075,2023-11-15 11:37:41.593348,0 days 00:00:00.700273,0.1,10,0.75,0.9,0,138,COMPLETE
8330,8330,17840.25,2023-11-15 11:37:41.596402,2023-11-15 11:37:42.299082,0 days 00:00:00.702680,0.2,10,0.75,0.7000000000000001,2,104,COMPLETE
8331,8331,19359.75,2023-11-15 11:37:42.301963,2023-11-15 11:37:42.993921,0 days 00:00:00.691958,0.2,10,0.75,0.9,4,145,COMPLETE
8332,8332,19271.0,2023-11-15 11:37:42.996569,2023-11-15 11:37:43.704464,0 days 00:00:00.707895,0.30000000000000004,10,0.75,0.9,0,148,COMPLETE
8333,8333,9048.75,2023-11-15 11:37:43.708987,2023-11-15 11:37:44.513133,0 days 00:00:00.804146,0.2,10,0.75,0.4,97,143,COMPLETE
8334,8334,19082.5,2023-11-15 11:37:44.515752,2023-11-15 11:37:45.210634,0 days 00:00:00.694882,0.2,10,0.75,0.9,2,150,COMPLETE
8335,8335,18891.25,2023-11-15 11:37:45.213268,2023-11-15 11:37:45.915252,0 days 00:00:00.701984,0.1,10,1.0,0.9,5,78,COMPLETE
8336,8336,18753.0,2023-11-15 11:37:45.917842,2023-11-15 11:37:46.635907,0 days 00:00:00.718065,0.2,10,0.25,0.9,2,133,COMPLETE
8337,8337,19166.0,2023-11-15 11:37:46.638550,2023-11-15 11:37:47.335511,0 days 00:00:00.696961,0.2,10,1.25,0.9,0,140,COMPLETE
8338,8338,17960.25,2023-11-15 11:37:47.338086,2023-11-15 11:37:48.045598,0 days 00:00:00.707512,0.2,10,0.75,0.8,7,83,COMPLETE
8339,8339,18588.25,2023-11-15 11:37:48.048600,2023-11-15 11:37:48.754282,0 days 00:00:00.705682,0.2,20,0.5,0.9,3,145,COMPLETE
8340,8340,18726.5,2023-11-15 11:37:48.757755,2023-11-15 11:37:49.470595,0 days 00:00:00.712840,0.7000000000000001,10,0.75,0.9,0,148,COMPLETE
8341,8341,19093.75,2023-11-15 11:37:49.473289,2023-11-15 11:37:50.169127,0 days 00:00:00.695838,0.2,10,0.75,0.9,4,142,COMPLETE
8342,8342,19161.25,2023-11-15 11:37:50.171669,2023-11-15 11:37:50.878279,0 days 00:00:00.706610,0.30000000000000004,10,0.75,0.9,2,137,COMPLETE
8343,8343,19228.25,2023-11-15 11:37:50.880761,2023-11-15 11:37:51.605292,0 days 00:00:00.724531,0.1,10,1.0,0.9,6,145,COMPLETE
8344,8344,19261.0,2023-11-15 11:37:51.608887,2023-11-15 11:37:52.311836,0 days 00:00:00.702949,0.2,10,0.75,0.30000000000000004,0,147,COMPLETE
8345,8345,19261.5,2023-11-15 11:37:52.314503,2023-11-15 11:37:53.009985,0 days 00:00:00.695482,0.2,10,0.75,0.9,2,87,COMPLETE
8346,8346,16062.75,2023-11-15 11:37:53.012710,2023-11-15 11:37:53.749321,0 days 00:00:00.736611,0.1,10,0.75,0.7000000000000001,9,141,COMPLETE
8347,8347,19132.0,2023-11-15 11:37:53.752083,2023-11-15 11:37:54.453405,0 days 00:00:00.701322,0.2,10,1.0,0.9,4,150,COMPLETE
8348,8348,11736.75,2023-11-15 11:37:54.456181,2023-11-15 11:37:55.169282,0 days 00:00:00.713101,0.2,10,1.25,0.6,2,49,COMPLETE
8349,8349,19359.75,2023-11-15 11:37:55.171877,2023-11-15 11:37:55.887184,0 days 00:00:00.715307,0.2,10,0.75,0.8,0,145,COMPLETE
8350,8350,16169.75,2023-11-15 11:37:55.889858,2023-11-15 11:37:56.616352,0 days 00:00:00.726494,0.5,20,0.5,0.2,12,143,COMPLETE
8351,8351,19261.0,2023-11-15 11:37:56.618957,2023-11-15 11:37:57.309968,0 days 00:00:00.691011,0.2,10,0.75,0.9,5,147,COMPLETE
8352,8352,18764.75,2023-11-15 11:37:57.312888,2023-11-15 11:37:58.048149,0 days 00:00:00.735261,0.30000000000000004,10,0.75,0.9,2,139,COMPLETE
8353,8353,19261.0,2023-11-15 11:37:58.050790,2023-11-15 11:37:58.747726,0 days 00:00:00.696936,0.4,10,0.75,0.5,0,147,COMPLETE
8354,8354,19050.0,2023-11-15 11:37:58.750583,2023-11-15 11:37:59.470515,0 days 00:00:00.719932,0.1,10,1.0,0.9,4,143,COMPLETE
8355,8355,18780.5,2023-11-15 11:37:59.473205,2023-11-15 11:38:00.179603,0 days 00:00:00.706398,0.2,10,1.5,0.9,7,150,COMPLETE
8356,8356,19292.25,2023-11-15 11:38:00.182260,2023-11-15 11:38:00.883724,0 days 00:00:00.701464,0.2,10,0.75,0.9,2,145,COMPLETE
8357,8357,19078.0,2023-11-15 11:38:00.886250,2023-11-15 11:38:01.595387,0 days 00:00:00.709137,0.1,10,0.75,0.9,0,136,COMPLETE
8358,8358,13367.0,2023-11-15 11:38:01.598069,2023-11-15 11:38:02.337328,0 days 00:00:00.739259,0.2,80,0.75,0.9,4,141,COMPLETE
8359,8359,19261.0,2023-11-15 11:38:02.339978,2023-11-15 11:38:03.055017,0 days 00:00:00.715039,0.2,10,0.75,0.9,2,147,COMPLETE
8360,8360,18973.5,2023-11-15 11:38:03.058368,2023-11-15 11:38:03.765656,0 days 00:00:00.707288,0.2,10,0.75,0.8,6,143,COMPLETE
8361,8361,17580.75,2023-11-15 11:38:03.768180,2023-11-15 11:38:04.493294,0 days 00:00:00.725114,0.2,20,0.25,0.9,0,150,COMPLETE
8362,8362,18872.5,2023-11-15 11:38:04.496053,2023-11-15 11:38:05.205018,0 days 00:00:00.708965,0.2,10,1.25,0.9,3,140,COMPLETE
8363,8363,18786.0,2023-11-15 11:38:05.208308,2023-11-15 11:38:05.919227,0 days 00:00:00.710919,0.1,10,0.75,0.9,8,145,COMPLETE
8364,8364,17726.5,2023-11-15 11:38:05.921870,2023-11-15 11:38:06.656753,0 days 00:00:00.734883,0.2,10,1.0,0.5,2,148,COMPLETE
8365,8365,18982.0,2023-11-15 11:38:06.660195,2023-11-15 11:38:07.365250,0 days 00:00:00.705055,0.2,10,0.5,0.9,23,143,COMPLETE
8366,8366,18985.25,2023-11-15 11:38:07.367783,2023-11-15 11:38:08.069471,0 days 00:00:00.701688,0.1,10,0.75,0.8,5,138,COMPLETE
8367,8367,19261.0,2023-11-15 11:38:08.072312,2023-11-15 11:38:08.763692,0 days 00:00:00.691380,0.2,10,0.75,0.9,0,147,COMPLETE
8368,8368,17643.25,2023-11-15 11:38:08.766365,2023-11-15 11:38:09.487841,0 days 00:00:00.721476,0.30000000000000004,10,0.75,0.6,3,145,COMPLETE
8369,8369,19171.5,2023-11-15 11:38:09.490949,2023-11-15 11:38:10.199567,0 days 00:00:00.708618,0.2,10,0.75,0.9,0,141,COMPLETE
8370,8370,18304.75,2023-11-15 11:38:10.202097,2023-11-15 11:38:10.905036,0 days 00:00:00.702939,0.2,20,0.5,0.9,4,150,COMPLETE
8371,8371,18829.5,2023-11-15 11:38:10.908384,2023-11-15 11:38:11.609858,0 days 00:00:00.701474,0.1,10,0.75,0.9,10,145,COMPLETE
8372,8372,19261.0,2023-11-15 11:38:11.612624,2023-11-15 11:38:12.309257,0 days 00:00:00.696633,0.2,10,1.0,0.9,2,147,COMPLETE
8373,8373,19261.0,2023-11-15 11:38:12.311968,2023-11-15 11:38:13.008910,0 days 00:00:00.696942,0.2,10,1.25,0.1,0,142,COMPLETE
8374,8374,19064.25,2023-11-15 11:38:13.011477,2023-11-15 11:38:13.734844,0 days 00:00:00.723367,0.2,10,0.75,0.9,6,135,COMPLETE
8375,8375,10731.75,2023-11-15 11:38:13.737514,2023-11-15 11:38:14.504885,0 days 00:00:00.767371,0.2,10,0.75,0.4,2,139,COMPLETE
8376,8376,10617.25,2023-11-15 11:38:14.507879,2023-11-15 11:38:15.292482,0 days 00:00:00.784603,0.2,10,0.75,0.2,56,148,COMPLETE
8377,8377,19091.75,2023-11-15 11:38:15.295244,2023-11-15 11:38:16.000009,0 days 00:00:00.704765,0.1,10,0.75,0.9,4,143,COMPLETE
8378,8378,19359.75,2023-11-15 11:38:16.002475,2023-11-15 11:38:16.703925,0 days 00:00:00.701450,0.30000000000000004,10,1.0,0.9,2,145,COMPLETE
8379,8379,17643.75,2023-11-15 11:38:16.706710,2023-11-15 11:38:17.441066,0 days 00:00:00.734356,0.2,30,0.75,0.9,0,150,COMPLETE
8380,8380,18300.5,2023-11-15 11:38:17.443832,2023-11-15 11:38:18.155610,0 days 00:00:00.711778,0.1,20,0.75,0.9,8,141,COMPLETE
8381,8381,19261.0,2023-11-15 11:38:18.158950,2023-11-15 11:38:18.850951,0 days 00:00:00.692001,0.2,10,0.75,0.8,5,147,COMPLETE
8382,8382,19066.25,2023-11-15 11:38:18.853463,2023-11-15 11:38:19.572468,0 days 00:00:00.719005,0.2,10,1.0,0.9,2,144,COMPLETE
8383,8383,18533.5,2023-11-15 11:38:19.575736,2023-11-15 11:38:20.290115,0 days 00:00:00.714379,0.2,10,0.25,0.9,0,137,COMPLETE
8384,8384,18969.75,2023-11-15 11:38:20.293180,2023-11-15 11:38:21.019018,0 days 00:00:00.725838,0.2,10,1.25,0.9,46,147,COMPLETE
8385,8385,18900.25,2023-11-15 11:38:21.021558,2023-11-15 11:38:21.739923,0 days 00:00:00.718365,0.1,10,0.5,0.7000000000000001,4,143,COMPLETE
8386,8386,19082.5,2023-11-15 11:38:21.743155,2023-11-15 11:38:22.438083,0 days 00:00:00.694928,0.2,10,0.75,0.9,2,150,COMPLETE
8387,8387,19066.25,2023-11-15 11:38:22.441052,2023-11-15 11:38:23.147711,0 days 00:00:00.706659,0.2,10,0.75,0.9,6,140,COMPLETE
8388,8388,19165.5,2023-11-15 11:38:23.150469,2023-11-15 11:38:23.847744,0 days 00:00:00.697275,0.30000000000000004,10,0.75,0.8,0,110,COMPLETE
8389,8389,18449.25,2023-11-15 11:38:23.850648,2023-11-15 11:38:24.563892,0 days 00:00:00.713244,0.2,10,0.75,0.9,3,44,COMPLETE
8390,8390,18422.75,2023-11-15 11:38:24.566466,2023-11-15 11:38:25.271899,0 days 00:00:00.705433,0.1,20,0.75,0.9,4,145,COMPLETE
8391,8391,19163.5,2023-11-15 11:38:25.275294,2023-11-15 11:38:25.978548,0 days 00:00:00.703254,0.2,10,1.25,0.9,14,147,COMPLETE
8392,8392,0.0,2023-11-15 11:38:25.981219,2023-11-15 11:38:26.821983,0 days 00:00:00.840764,0.2,10,0.75,0.9,0,61,COMPLETE
8393,8393,19050.0,2023-11-15 11:38:26.825464,2023-11-15 11:38:27.528011,0 days 00:00:00.702547,0.2,10,1.0,0.9,2,143,COMPLETE
8394,8394,16290.0,2023-11-15 11:38:27.530765,2023-11-15 11:38:28.257847,0 days 00:00:00.727082,0.1,50,0.75,0.9,7,150,COMPLETE
8395,8395,16984.0,2023-11-15 11:38:28.260562,2023-11-15 11:38:28.983639,0 days 00:00:00.723077,0.8,10,0.75,0.4,2,140,COMPLETE
8396,8396,16514.25,2023-11-15 11:38:28.986196,2023-11-15 11:38:29.710923,0 days 00:00:00.724727,0.2,10,0.75,0.5,5,145,COMPLETE
8397,8397,19261.0,2023-11-15 11:38:29.713896,2023-11-15 11:38:30.426957,0 days 00:00:00.713061,0.2,10,0.75,0.9,0,147,COMPLETE
8398,8398,16739.25,2023-11-15 11:38:30.429473,2023-11-15 11:38:31.158957,0 days 00:00:00.729484,0.30000000000000004,10,0.5,0.9,3,134,COMPLETE
8399,8399,19172.25,2023-11-15 11:38:31.161542,2023-11-15 11:38:31.870861,0 days 00:00:00.709319,0.2,10,1.0,0.9,0,142,COMPLETE
8400,8400,19098.75,2023-11-15 11:38:31.873700,2023-11-15 11:38:32.584708,0 days 00:00:00.711008,0.2,10,0.75,0.8,6,148,COMPLETE
8401,8401,18981.0,2023-11-15 11:38:32.587384,2023-11-15 11:38:33.305982,0 days 00:00:00.718598,0.1,10,0.75,0.9,2,138,COMPLETE
8402,8402,19359.75,2023-11-15 11:38:33.309245,2023-11-15 11:38:34.011348,0 days 00:00:00.702103,0.2,10,0.75,0.9,4,145,COMPLETE
8403,8403,18393.5,2023-11-15 11:38:34.013978,2023-11-15 11:38:34.711897,0 days 00:00:00.697919,0.2,20,0.75,0.9,9,150,COMPLETE
8404,8404,19172.25,2023-11-15 11:38:34.714471,2023-11-15 11:38:35.409535,0 days 00:00:00.695064,0.2,10,1.0,0.9,0,143,COMPLETE
8405,8405,8997.75,2023-11-15 11:38:35.412214,2023-11-15 11:38:36.185564,0 days 00:00:00.773350,0.1,70,1.5,0.6,2,98,COMPLETE
8406,8406,19261.0,2023-11-15 11:38:36.188041,2023-11-15 11:38:36.895885,0 days 00:00:00.707844,0.2,10,0.5,0.9,4,147,COMPLETE
8407,8407,19049.0,2023-11-15 11:38:36.898402,2023-11-15 11:38:37.598364,0 days 00:00:00.699962,0.2,10,0.75,0.9,2,140,COMPLETE
8408,8408,17929.0,2023-11-15 11:38:37.600983,2023-11-15 11:38:38.320686,0 days 00:00:00.719703,0.4,20,1.25,0.9,0,145,COMPLETE
8409,8409,18695.0,2023-11-15 11:38:38.323291,2023-11-15 11:38:39.045277,0 days 00:00:00.721986,0.2,10,0.75,0.8,6,142,COMPLETE
8410,8410,13973.5,2023-11-15 11:38:39.047816,2023-11-15 11:38:39.816838,0 days 00:00:00.769022,0.1,10,0.75,0.30000000000000004,4,148,COMPLETE
8411,8411,17749.25,2023-11-15 11:38:39.819388,2023-11-15 11:38:40.550813,0 days 00:00:00.731425,0.2,10,0.25,0.7000000000000001,2,137,COMPLETE
8412,8412,19068.0,2023-11-15 11:38:40.553314,2023-11-15 11:38:41.251126,0 days 00:00:00.697812,0.2,10,0.75,0.9,11,145,COMPLETE
8413,8413,19163.75,2023-11-15 11:38:41.253770,2023-11-15 11:38:41.970432,0 days 00:00:00.716662,0.2,10,0.75,0.9,0,150,COMPLETE
8414,8414,18814.25,2023-11-15 11:38:41.973148,2023-11-15 11:38:42.707139,0 days 00:00:00.733991,0.2,10,1.0,0.9,8,119,COMPLETE
8415,8415,19261.0,2023-11-15 11:38:42.710301,2023-11-15 11:38:43.404146,0 days 00:00:00.693845,0.9,10,1.25,0.9,2,141,COMPLETE
8416,8416,18761.0,2023-11-15 11:38:43.406856,2023-11-15 11:38:44.118371,0 days 00:00:00.711515,0.1,10,0.75,0.9,5,144,COMPLETE
8417,8417,19261.0,2023-11-15 11:38:44.120962,2023-11-15 11:38:44.820690,0 days 00:00:00.699728,0.2,10,0.75,0.9,0,147,COMPLETE
8418,8418,18394.75,2023-11-15 11:38:44.823416,2023-11-15 11:38:45.536094,0 days 00:00:00.712678,0.2,20,0.75,0.9,3,143,COMPLETE
8419,8419,19261.0,2023-11-15 11:38:45.538637,2023-11-15 11:38:46.259775,0 days 00:00:00.721138,0.2,10,0.75,0.9,6,147,COMPLETE
8420,8420,17655.25,2023-11-15 11:38:46.262305,2023-11-15 11:38:46.982100,0 days 00:00:00.719795,0.30000000000000004,10,0.5,0.9,34,139,COMPLETE
8421,8421,18873.0,2023-11-15 11:38:46.984907,2023-11-15 11:38:47.700251,0 days 00:00:00.715344,0.2,10,1.0,0.8,2,150,COMPLETE
8422,8422,14214.5,2023-11-15 11:38:47.702831,2023-11-15 11:38:48.459871,0 days 00:00:00.757040,0.5,10,0.75,0.9,0,131,COMPLETE
8423,8423,19350.75,2023-11-15 11:38:48.462552,2023-11-15 11:38:49.166084,0 days 00:00:00.703532,0.1,10,0.75,0.9,4,145,COMPLETE
8424,8424,18973.0,2023-11-15 11:38:49.168650,2023-11-15 11:38:49.890092,0 days 00:00:00.721442,0.2,10,0.75,0.9,2,141,COMPLETE
8425,8425,19261.0,2023-11-15 11:38:49.893541,2023-11-15 11:38:50.597583,0 days 00:00:00.704042,0.2,10,0.75,0.9,8,147,COMPLETE
8426,8426,19261.0,2023-11-15 11:38:50.600377,2023-11-15 11:38:51.302741,0 days 00:00:00.702364,0.2,10,0.75,0.6,0,143,COMPLETE
8427,8427,18849.0,2023-11-15 11:38:51.305304,2023-11-15 11:38:52.021483,0 days 00:00:00.716179,0.1,10,1.0,0.7000000000000001,4,148,COMPLETE
8428,8428,18985.25,2023-11-15 11:38:52.025186,2023-11-15 11:38:52.737459,0 days 00:00:00.712273,0.30000000000000004,10,0.75,0.9,2,138,COMPLETE
8429,8429,19165.25,2023-11-15 11:38:52.741443,2023-11-15 11:38:53.471694,0 days 00:00:00.730251,0.2,10,1.25,0.8,6,145,COMPLETE
8430,8430,18393.5,2023-11-15 11:38:53.474733,2023-11-15 11:38:54.179888,0 days 00:00:00.705155,0.2,20,0.75,0.9,0,150,COMPLETE
8431,8431,18872.5,2023-11-15 11:38:54.182564,2023-11-15 11:38:54.885929,0 days 00:00:00.703365,0.2,10,0.75,0.9,49,141,COMPLETE
8432,8432,19359.75,2023-11-15 11:38:54.888447,2023-11-15 11:38:55.585750,0 days 00:00:00.697303,0.2,10,0.75,0.9,4,145,COMPLETE
8433,8433,18798.75,2023-11-15 11:38:55.588400,2023-11-15 11:38:56.285402,0 days 00:00:00.697002,0.1,10,1.0,0.9,2,135,COMPLETE
8434,8434,19261.0,2023-11-15 11:38:56.288052,2023-11-15 11:38:57.008329,0 days 00:00:00.720277,0.2,10,0.75,0.9,0,143,COMPLETE
8435,8435,14094.0,2023-11-15 11:38:57.011349,2023-11-15 11:38:57.762931,0 days 00:00:00.751582,0.1,10,0.25,0.5,37,147,COMPLETE
8436,8436,18872.5,2023-11-15 11:38:57.765580,2023-11-15 11:38:58.507131,0 days 00:00:00.741551,0.2,10,1.25,0.9,4,140,COMPLETE
8437,8437,19164.25,2023-11-15 11:38:58.510156,2023-11-15 11:38:59.216778,0 days 00:00:00.706622,0.2,10,0.5,0.9,2,150,COMPLETE
8438,8438,18972.0,2023-11-15 11:38:59.219359,2023-11-15 11:38:59.934750,0 days 00:00:00.715391,0.2,10,0.75,0.8,6,145,COMPLETE
8439,8439,18584.75,2023-11-15 11:38:59.937472,2023-11-15 11:39:00.678595,0 days 00:00:00.741123,0.30000000000000004,20,0.75,0.9,31,147,COMPLETE
8440,8440,19261.0,2023-11-15 11:39:00.681280,2023-11-15 11:39:01.388852,0 days 00:00:00.707572,0.2,10,0.75,0.9,0,143,COMPLETE
8441,8441,18985.25,2023-11-15 11:39:01.392326,2023-11-15 11:39:02.102563,0 days 00:00:00.710237,0.2,10,0.75,0.9,3,138,COMPLETE
8442,8442,19171.25,2023-11-15 11:39:02.105079,2023-11-15 11:39:02.804457,0 days 00:00:00.699378,0.1,10,1.0,0.9,2,147,COMPLETE
8443,8443,18075.75,2023-11-15 11:39:02.807371,2023-11-15 11:39:03.549514,0 days 00:00:00.742143,0.6,10,0.75,0.5,8,142,COMPLETE
8444,8444,18968.0,2023-11-15 11:39:03.552338,2023-11-15 11:39:04.263233,0 days 00:00:00.710895,0.2,10,0.5,0.9,0,150,COMPLETE
8445,8445,19359.75,2023-11-15 11:39:04.265837,2023-11-15 11:39:04.978913,0 days 00:00:00.713076,0.2,10,0.75,0.9,5,145,COMPLETE
8446,8446,19261.0,2023-11-15 11:39:04.981579,2023-11-15 11:39:05.682528,0 days 00:00:00.700949,0.1,10,0.75,0.9,2,140,COMPLETE
8447,8447,19261.0,2023-11-15 11:39:05.685012,2023-11-15 11:39:06.378133,0 days 00:00:00.693121,0.2,10,0.75,0.9,10,147,COMPLETE
8448,8448,18053.0,2023-11-15 11:39:06.380711,2023-11-15 11:39:07.116946,0 days 00:00:00.736235,0.2,20,1.0,0.7000000000000001,4,143,COMPLETE
8449,8449,19000.5,2023-11-15 11:39:07.119689,2023-11-15 11:39:07.824144,0 days 00:00:00.704455,0.30000000000000004,10,0.75,0.8,0,137,COMPLETE
8450,8450,19117.0,2023-11-15 11:39:07.826970,2023-11-15 11:39:08.534803,0 days 00:00:00.707833,0.4,10,0.75,0.9,7,148,COMPLETE
8451,8451,19292.25,2023-11-15 11:39:08.537322,2023-11-15 11:39:09.253162,0 days 00:00:00.715840,0.2,10,0.75,0.9,2,145,COMPLETE
8452,8452,19163.5,2023-11-15 11:39:09.256136,2023-11-15 11:39:09.962843,0 days 00:00:00.706707,0.2,10,1.25,0.9,4,150,COMPLETE
8453,8453,19171.75,2023-11-15 11:39:09.965406,2023-11-15 11:39:10.674314,0 days 00:00:00.708908,0.1,10,0.75,0.9,0,142,COMPLETE
8454,8454,19292.25,2023-11-15 11:39:10.677393,2023-11-15 11:39:11.406017,0 days 00:00:00.728624,0.2,10,0.75,0.9,2,145,COMPLETE
8455,8455,18631.75,2023-11-15 11:39:11.409209,2023-11-15 11:39:12.132076,0 days 00:00:00.722867,0.2,10,0.25,0.9,4,141,COMPLETE
8456,8456,16792.25,2023-11-15 11:39:12.134849,2023-11-15 11:39:12.859584,0 days 00:00:00.724735,0.2,40,0.75,0.8,21,147,COMPLETE
8457,8457,16670.5,2023-11-15 11:39:12.862110,2023-11-15 11:39:13.651463,0 days 00:00:00.789353,0.7000000000000001,10,0.5,0.9,6,145,COMPLETE
8458,8458,18277.75,2023-11-15 11:39:13.654264,2023-11-15 11:39:14.365121,0 days 00:00:00.710857,0.2,20,1.0,0.4,0,139,COMPLETE
8459,8459,17930.25,2023-11-15 11:39:14.367988,2023-11-15 11:39:15.097787,0 days 00:00:00.729799,0.1,10,0.75,0.9,2,41,COMPLETE
8460,8460,19163.75,2023-11-15 11:39:15.100382,2023-11-15 11:39:15.811611,0 days 00:00:00.711229,0.2,10,0.75,0.9,0,150,COMPLETE
8461,8461,18976.5,2023-11-15 11:39:15.814521,2023-11-15 11:39:16.526854,0 days 00:00:00.712333,0.2,10,1.25,0.9,3,134,COMPLETE
8462,8462,19091.75,2023-11-15 11:39:16.529374,2023-11-15 11:39:17.246539,0 days 00:00:00.717165,0.1,10,0.75,0.9,6,143,COMPLETE
8463,8463,19261.0,2023-11-15 11:39:17.249103,2023-11-15 11:39:17.951106,0 days 00:00:00.702003,0.2,10,0.75,0.9,2,147,COMPLETE
8464,8464,18992.75,2023-11-15 11:39:17.953731,2023-11-15 11:39:18.695552,0 days 00:00:00.741821,0.2,10,0.75,0.9,4,143,COMPLETE
8465,8465,19359.75,2023-11-15 11:39:18.698102,2023-11-15 11:39:19.393367,0 days 00:00:00.695265,0.2,10,1.0,0.8,0,148,COMPLETE
8466,8466,19080.0,2023-11-15 11:39:19.395981,2023-11-15 11:39:20.099844,0 days 00:00:00.703863,0.30000000000000004,10,0.75,0.9,8,139,COMPLETE
8467,8467,19292.25,2023-11-15 11:39:20.102444,2023-11-15 11:39:20.810724,0 days 00:00:00.708280,0.2,10,0.75,0.9,2,145,COMPLETE
8468,8468,19093.75,2023-11-15 11:39:20.813334,2023-11-15 11:39:21.516444,0 days 00:00:00.703110,0.2,10,0.75,0.9,4,142,COMPLETE
8469,8469,18393.5,2023-11-15 11:39:21.519102,2023-11-15 11:39:22.248111,0 days 00:00:00.729009,0.1,20,1.0,0.9,0,150,COMPLETE
8470,8470,13157.5,2023-11-15 11:39:22.250730,2023-11-15 11:39:23.000880,0 days 00:00:00.750150,0.2,100,0.75,0.9,6,147,COMPLETE
8471,8471,17302.0,2023-11-15 11:39:23.003395,2023-11-15 11:39:23.727134,0 days 00:00:00.723739,0.2,10,0.5,0.5,2,145,COMPLETE
8472,8472,19161.25,2023-11-15 11:39:23.729904,2023-11-15 11:39:24.438226,0 days 00:00:00.708322,0.1,10,0.75,0.9,2,137,COMPLETE
8473,8473,19261.0,2023-11-15 11:39:24.441201,2023-11-15 11:39:25.166302,0 days 00:00:00.725101,0.2,10,0.75,0.9,0,142,COMPLETE
8474,8474,19359.75,2023-11-15 11:39:25.168925,2023-11-15 11:39:25.874144,0 days 00:00:00.705219,0.2,10,0.75,0.9,5,148,COMPLETE
8475,8475,18787.0,2023-11-15 11:39:25.876954,2023-11-15 11:39:26.600819,0 days 00:00:00.723865,0.2,10,1.25,0.8,3,140,COMPLETE
8476,8476,19170.25,2023-11-15 11:39:26.603433,2023-11-15 11:39:27.311531,0 days 00:00:00.708098,0.1,10,1.0,0.9,10,145,COMPLETE
8477,8477,19163.75,2023-11-15 11:39:27.314220,2023-11-15 11:39:28.029873,0 days 00:00:00.715653,0.2,10,0.75,0.9,0,150,COMPLETE
8478,8478,18992.75,2023-11-15 11:39:28.032519,2023-11-15 11:39:28.775752,0 days 00:00:00.743233,0.2,10,0.75,0.9,4,143,COMPLETE
8479,8479,4980.5,2023-11-15 11:39:28.778910,2023-11-15 11:39:29.634638,0 days 00:00:00.855728,0.2,10,1.25,0.30000000000000004,2,147,COMPLETE
8480,8480,18301.0,2023-11-15 11:39:29.637238,2023-11-15 11:39:30.367897,0 days 00:00:00.730659,0.30000000000000004,20,0.25,0.6,0,128,COMPLETE
8481,8481,19066.25,2023-11-15 11:39:30.370450,2023-11-15 11:39:31.087767,0 days 00:00:00.717317,0.2,10,0.75,0.9,6,140,COMPLETE
8482,8482,18846.25,2023-11-15 11:39:31.090904,2023-11-15 11:39:31.817673,0 days 00:00:00.726769,0.5,10,0.75,0.9,2,145,COMPLETE
