,number,value,datetime_start,datetime_complete,duration,params_alpha,params_decay_interval,params_decay_rate,params_gamma,params_initialization,params_max_steps,state
8470,8470,18071.5,2023-11-15 14:15:55.109411,2023-11-15 14:15:55.980566,0 days 00:00:00.871155,0.8,10,1.0,0.9,11,98,COMPLETE
8471,8471,18013.5,2023-11-15 14:15:55.983784,2023-11-15 14:15:56.737901,0 days 00:00:00.754117,0.8,20,1.25,0.8,8,100,COMPLETE
8472,8472,18119.0,2023-11-15 14:15:56.740405,2023-11-15 14:15:57.496734,0 days 00:00:00.756329,0.8,10,1.0,0.8,22,94,COMPLETE
8473,8473,18023.5,2023-11-15 14:15:57.499845,2023-11-15 14:15:58.247254,0 days 00:00:00.747409,0.8,10,1.25,0.8,18,98,COMPLETE
8474,8474,18395.25,2023-11-15 14:15:58.250311,2023-11-15 14:15:58.999165,0 days 00:00:00.748854,0.8,10,1.5,0.8,4,96,COMPLETE
8475,8475,18681.25,2023-11-15 14:15:59.002808,2023-11-15 14:15:59.742166,0 days 00:00:00.739358,0.8,10,1.25,0.8,13,99,COMPLETE
8476,8476,18223.75,2023-11-15 14:15:59.744860,2023-11-15 14:16:00.493844,0 days 00:00:00.748984,0.6,10,1.25,0.8,16,100,COMPLETE
8477,8477,18491.5,2023-11-15 14:16:00.497135,2023-11-15 14:16:01.249609,0 days 00:00:00.752474,0.7000000000000001,10,2.0,0.9,20,97,COMPLETE
8478,8478,17755.25,2023-11-15 14:16:01.252272,2023-11-15 14:16:02.002270,0 days 00:00:00.749998,0.8,10,1.25,0.8,79,98,COMPLETE
8479,8479,17740.75,2023-11-15 14:16:02.004876,2023-11-15 14:16:02.754884,0 days 00:00:00.750008,0.8,10,1.0,0.7000000000000001,24,95,COMPLETE
8480,8480,18492.5,2023-11-15 14:16:02.757705,2023-11-15 14:16:03.516302,0 days 00:00:00.758597,0.8,10,1.25,0.8,15,100,COMPLETE
8481,8481,17504.5,2023-11-15 14:16:03.519209,2023-11-15 14:16:04.272855,0 days 00:00:00.753646,0.8,10,1.25,0.8,89,87,COMPLETE
8482,8482,16110.75,2023-11-15 14:16:04.275734,2023-11-15 14:16:05.039034,0 days 00:00:00.763300,0.8,50,1.25,0.8,6,97,COMPLETE
8483,8483,18300.0,2023-11-15 14:16:05.041599,2023-11-15 14:16:05.782365,0 days 00:00:00.740766,0.8,10,1.5,0.8,10,93,COMPLETE
8484,8484,18209.5,2023-11-15 14:16:05.786652,2023-11-15 14:16:06.558260,0 days 00:00:00.771608,0.9,10,1.25,0.8,18,98,COMPLETE
8485,8485,18202.0,2023-11-15 14:16:06.560890,2023-11-15 14:16:07.302133,0 days 00:00:00.741243,0.8,20,1.25,0.8,13,96,COMPLETE
8486,8486,18401.0,2023-11-15 14:16:07.304924,2023-11-15 14:16:08.033008,0 days 00:00:00.728084,0.8,10,1.0,0.8,3,100,COMPLETE
8487,8487,18023.5,2023-11-15 14:16:08.036947,2023-11-15 14:16:08.796004,0 days 00:00:00.759057,0.8,10,1.25,0.8,8,98,COMPLETE
8488,8488,17844.75,2023-11-15 14:16:08.799260,2023-11-15 14:16:09.584649,0 days 00:00:00.785389,0.8,10,1.25,0.9,21,95,COMPLETE
8489,8489,18033.5,2023-11-15 14:16:09.588532,2023-11-15 14:16:10.494929,0 days 00:00:00.906397,0.8,10,1.25,0.8,67,99,COMPLETE
8490,8490,18492.75,2023-11-15 14:16:10.498042,2023-11-15 14:16:11.322823,0 days 00:00:00.824781,0.7000000000000001,10,1.5,0.8,16,100,COMPLETE
8491,8491,17839.0,2023-11-15 14:16:11.327158,2023-11-15 14:16:12.143727,0 days 00:00:00.816569,0.8,20,1.25,0.8,18,97,COMPLETE
8492,8492,18394.5,2023-11-15 14:16:12.147743,2023-11-15 14:16:13.004927,0 days 00:00:00.857184,0.8,10,1.25,0.8,14,96,COMPLETE
8493,8493,18209.5,2023-11-15 14:16:13.007891,2023-11-15 14:16:13.902484,0 days 00:00:00.894593,0.8,10,1.25,0.7000000000000001,11,98,COMPLETE
8494,8494,18492.5,2023-11-15 14:16:13.905349,2023-11-15 14:16:14.838265,0 days 00:00:00.932916,0.8,10,1.25,0.8,4,100,COMPLETE
8495,8495,18307.0,2023-11-15 14:16:14.841263,2023-11-15 14:16:15.649399,0 days 00:00:00.808136,0.8,10,1.5,0.8,6,94,COMPLETE
8496,8496,18302.25,2023-11-15 14:16:15.652763,2023-11-15 14:16:16.491980,0 days 00:00:00.839217,0.9,10,1.25,0.8,20,98,COMPLETE
8497,8497,18458.5,2023-11-15 14:16:16.495085,2023-11-15 14:16:17.389800,0 days 00:00:00.894715,0.8,10,1.0,0.8,17,100,COMPLETE
8498,8498,17757.25,2023-11-15 14:16:17.392669,2023-11-15 14:16:18.327526,0 days 00:00:00.934857,0.8,10,1.25,0.9,84,96,COMPLETE
8499,8499,18211.25,2023-11-15 14:16:18.330877,2023-11-15 14:16:19.190234,0 days 00:00:00.859357,0.7000000000000001,10,1.25,0.8,32,98,COMPLETE
8500,8500,18303.75,2023-11-15 14:16:19.193434,2023-11-15 14:16:20.032078,0 days 00:00:00.838644,0.8,10,1.5,0.8,26,92,COMPLETE
8501,8501,17839.0,2023-11-15 14:16:20.034737,2023-11-15 14:16:20.844523,0 days 00:00:00.809786,0.8,20,1.25,0.8,8,97,COMPLETE
8502,8502,18492.5,2023-11-15 14:16:20.848484,2023-11-15 14:16:21.627234,0 days 00:00:00.778750,0.8,10,1.25,0.8,14,100,COMPLETE
8503,8503,17557.25,2023-11-15 14:16:21.630245,2023-11-15 14:16:22.409867,0 days 00:00:00.779622,0.8,10,1.0,0.8,22,95,COMPLETE
8504,8504,18023.25,2023-11-15 14:16:22.412512,2023-11-15 14:16:23.243217,0 days 00:00:00.830705,0.8,10,1.25,0.8,55,98,COMPLETE
8505,8505,18493.0,2023-11-15 14:16:23.245962,2023-11-15 14:16:24.016195,0 days 00:00:00.770233,0.9,10,1.25,0.7000000000000001,11,99,COMPLETE
8506,8506,18394.5,2023-11-15 14:16:24.019494,2023-11-15 14:16:24.922631,0 days 00:00:00.903137,0.8,10,1.25,0.8,16,96,COMPLETE
8507,8507,18305.75,2023-11-15 14:16:24.926926,2023-11-15 14:16:25.805753,0 days 00:00:00.878827,0.8,10,1.5,0.8,19,100,COMPLETE
8508,8508,18400.0,2023-11-15 14:16:25.808842,2023-11-15 14:16:26.649273,0 days 00:00:00.840431,0.8,10,1.25,0.9,6,94,COMPLETE
8509,8509,18023.5,2023-11-15 14:16:26.652252,2023-11-15 14:16:27.451708,0 days 00:00:00.799456,0.8,10,1.25,0.8,15,98,COMPLETE
8510,8510,12747.75,2023-11-15 14:16:27.454989,2023-11-15 14:16:28.220384,0 days 00:00:00.765395,0.8,10,1.25,0.8,3,23,COMPLETE
8511,8511,18202.0,2023-11-15 14:16:28.223052,2023-11-15 14:16:28.971290,0 days 00:00:00.748238,0.8,20,1.25,0.8,12,96,COMPLETE
8512,8512,18401.0,2023-11-15 14:16:28.974103,2023-11-15 14:16:29.730108,0 days 00:00:00.756005,0.8,10,1.0,0.8,28,100,COMPLETE
8513,8513,17845.0,2023-11-15 14:16:29.733213,2023-11-15 14:16:30.474466,0 days 00:00:00.741253,0.7000000000000001,10,1.75,0.6,18,84,COMPLETE
8514,8514,16504.25,2023-11-15 14:16:30.477195,2023-11-15 14:16:31.227657,0 days 00:00:00.750462,0.8,30,1.25,0.1,24,98,COMPLETE
8515,8515,18118.75,2023-11-15 14:16:31.230991,2023-11-15 14:16:31.984821,0 days 00:00:00.753830,0.8,10,2.0,0.8,10,90,COMPLETE
8516,8516,17548.75,2023-11-15 14:16:31.988606,2023-11-15 14:16:32.762151,0 days 00:00:00.773545,0.8,10,1.5,0.7000000000000001,13,59,COMPLETE
8517,8517,18218.0,2023-11-15 14:16:32.765192,2023-11-15 14:16:33.513106,0 days 00:00:00.747914,0.8,10,1.25,0.8,21,97,COMPLETE
8518,8518,14877.0,2023-11-15 14:16:33.516391,2023-11-15 14:16:34.321261,0 days 00:00:00.804870,0.4,60,1.25,0.8,9,100,COMPLETE
8519,8519,18209.5,2023-11-15 14:16:34.323845,2023-11-15 14:16:35.091160,0 days 00:00:00.767315,0.9,10,1.25,0.8,16,98,COMPLETE
8520,8520,18301.75,2023-11-15 14:16:35.094093,2023-11-15 14:16:35.859244,0 days 00:00:00.765151,0.8,10,1.25,0.8,19,96,COMPLETE
8521,8521,18298.0,2023-11-15 14:16:35.862367,2023-11-15 14:16:36.690727,0 days 00:00:00.828360,0.8,10,1.0,0.8,6,94,COMPLETE
8522,8522,18586.25,2023-11-15 14:16:36.693499,2023-11-15 14:16:37.446264,0 days 00:00:00.752765,0.8,10,1.25,0.9,3,99,COMPLETE
8523,8523,18492.75,2023-11-15 14:16:37.449327,2023-11-15 14:16:38.190188,0 days 00:00:00.740861,0.7000000000000001,10,1.5,0.8,14,100,COMPLETE
8524,8524,17839.0,2023-11-15 14:16:38.192793,2023-11-15 14:16:38.936210,0 days 00:00:00.743417,0.8,20,1.25,0.8,17,97,COMPLETE
8525,8525,17833.75,2023-11-15 14:16:38.938788,2023-11-15 14:16:39.717458,0 days 00:00:00.778670,0.8,10,1.25,0.8,22,70,COMPLETE
8526,8526,18209.5,2023-11-15 14:16:39.720366,2023-11-15 14:16:40.585141,0 days 00:00:00.864775,0.8,10,1.25,0.7000000000000001,19,98,COMPLETE
8527,8527,17559.25,2023-11-15 14:16:40.588202,2023-11-15 14:16:41.479570,0 days 00:00:00.891368,0.8,10,1.0,0.8,8,95,COMPLETE
8528,8528,18492.5,2023-11-15 14:16:41.482771,2023-11-15 14:16:42.274597,0 days 00:00:00.791826,0.8,10,1.25,0.8,12,100,COMPLETE
8529,8529,18023.5,2023-11-15 14:16:42.277582,2023-11-15 14:16:43.051580,0 days 00:00:00.773998,0.8,10,1.25,0.8,5,98,COMPLETE
8530,8530,18207.75,2023-11-15 14:16:43.054321,2023-11-15 14:16:43.787478,0 days 00:00:00.733157,0.8,10,1.25,0.8,15,93,COMPLETE
8531,8531,18399.75,2023-11-15 14:16:43.790137,2023-11-15 14:16:44.549576,0 days 00:00:00.759439,0.8,10,1.5,0.9,17,97,COMPLETE
8532,8532,18492.5,2023-11-15 14:16:44.552143,2023-11-15 14:16:45.357855,0 days 00:00:00.805712,0.8,10,1.25,0.8,20,100,COMPLETE
8533,8533,18394.5,2023-11-15 14:16:45.361212,2023-11-15 14:16:46.106767,0 days 00:00:00.745555,0.8,10,1.25,0.8,10,96,COMPLETE
8534,8534,17002.0,2023-11-15 14:16:46.109540,2023-11-15 14:16:46.882430,0 days 00:00:00.772890,0.9,40,2.25,0.8,13,98,COMPLETE
8535,8535,18681.25,2023-11-15 14:16:46.885683,2023-11-15 14:16:47.683443,0 days 00:00:00.797760,0.8,10,1.25,0.8,23,99,COMPLETE
8536,8536,16635.75,2023-11-15 14:16:47.686068,2023-11-15 14:16:48.459159,0 days 00:00:00.773091,0.8,10,0.75,0.8,3,63,COMPLETE
8537,8537,17361.5,2023-11-15 14:16:48.461860,2023-11-15 14:16:49.256225,0 days 00:00:00.794365,0.7000000000000001,20,1.0,0.7000000000000001,7,95,COMPLETE
8538,8538,18492.5,2023-11-15 14:16:49.258806,2023-11-15 14:16:50.047839,0 days 00:00:00.789033,0.8,10,1.25,0.8,16,100,COMPLETE
8539,8539,18399.75,2023-11-15 14:16:50.051093,2023-11-15 14:16:50.810327,0 days 00:00:00.759234,0.8,10,1.5,0.9,18,97,COMPLETE
8540,8540,18023.5,2023-11-15 14:16:50.812983,2023-11-15 14:16:51.578677,0 days 00:00:00.765694,0.8,10,1.25,0.8,14,98,COMPLETE
8541,8541,18301.75,2023-11-15 14:16:51.581665,2023-11-15 14:16:52.348721,0 days 00:00:00.767056,0.8,10,1.25,0.8,21,96,COMPLETE
8542,8542,18013.5,2023-11-15 14:16:52.351695,2023-11-15 14:16:53.108535,0 days 00:00:00.756840,0.8,20,1.25,0.8,5,100,COMPLETE
8543,8543,18206.75,2023-11-15 14:16:53.111793,2023-11-15 14:16:53.884680,0 days 00:00:00.772887,0.9,10,2.0,0.8,9,93,COMPLETE
8544,8544,18023.5,2023-11-15 14:16:53.887437,2023-11-15 14:16:54.643402,0 days 00:00:00.755965,0.8,10,1.25,0.8,12,98,COMPLETE
8545,8545,18210.75,2023-11-15 14:16:54.647300,2023-11-15 14:16:55.449467,0 days 00:00:00.802167,0.8,10,1.75,0.8,18,100,COMPLETE
8546,8546,18022.25,2023-11-15 14:16:55.452811,2023-11-15 14:16:56.336416,0 days 00:00:00.883605,0.8,10,1.25,0.8,15,73,COMPLETE
8547,8547,18497.5,2023-11-15 14:16:56.340500,2023-11-15 14:16:57.168043,0 days 00:00:00.827543,0.8,10,1.0,0.8,11,96,COMPLETE
8548,8548,18212.75,2023-11-15 14:16:57.171385,2023-11-15 14:16:57.973216,0 days 00:00:00.801831,0.8,10,1.5,0.9,20,98,COMPLETE
8549,8549,18410.75,2023-11-15 14:16:57.975840,2023-11-15 14:16:58.799872,0 days 00:00:00.824032,0.8,10,1.25,0.8,16,94,COMPLETE
8550,8550,18681.25,2023-11-15 14:16:58.803323,2023-11-15 14:16:59.555651,0 days 00:00:00.752328,0.8,10,1.25,0.8,2,99,COMPLETE
8551,8551,17493.0,2023-11-15 14:16:59.558355,2023-11-15 14:17:00.371067,0 days 00:00:00.812712,0.8,10,1.0,0.5,75,96,COMPLETE
8552,8552,15382.25,2023-11-15 14:17:00.374016,2023-11-15 14:17:01.171713,0 days 00:00:00.797697,0.8,10,1.25,0.8,24,37,COMPLETE
8553,8553,13720.25,2023-11-15 14:17:01.175857,2023-11-15 14:17:01.996351,0 days 00:00:00.820494,0.7000000000000001,80,1.25,0.7000000000000001,8,100,COMPLETE
8554,8554,17841.5,2023-11-15 14:17:01.999993,2023-11-15 14:17:02.786916,0 days 00:00:00.786923,0.6,10,2.75,0.8,6,98,COMPLETE
8555,8555,18202.0,2023-11-15 14:17:02.789615,2023-11-15 14:17:03.592695,0 days 00:00:00.803080,0.8,20,1.25,0.8,18,96,COMPLETE
8556,8556,18305.75,2023-11-15 14:17:03.595863,2023-11-15 14:17:04.415113,0 days 00:00:00.819250,0.8,10,1.5,0.8,14,100,COMPLETE
8557,8557,18023.5,2023-11-15 14:17:04.419251,2023-11-15 14:17:05.210883,0 days 00:00:00.791632,0.8,10,1.25,0.8,4,98,COMPLETE
8558,8558,17522.5,2023-11-15 14:17:05.213867,2023-11-15 14:17:05.998646,0 days 00:00:00.784779,0.9,10,0.25,0.8,20,92,COMPLETE
8559,8559,17389.75,2023-11-15 14:17:06.001183,2023-11-15 14:17:06.772321,0 days 00:00:00.771138,0.8,10,1.25,0.2,22,95,COMPLETE
8560,8560,18023.5,2023-11-15 14:17:06.775017,2023-11-15 14:17:07.539536,0 days 00:00:00.764519,0.8,10,1.25,0.8,17,98,COMPLETE
8561,8561,14351.5,2023-11-15 14:17:07.542140,2023-11-15 14:17:08.288647,0 days 00:00:00.746507,0.8,10,1.25,0.8,12,26,COMPLETE
8562,8562,13089.5,2023-11-15 14:17:08.291237,2023-11-15 14:17:09.080579,0 days 00:00:00.789342,0.7000000000000001,90,1.0,0.9,10,100,COMPLETE
8563,8563,17839.0,2023-11-15 14:17:09.084187,2023-11-15 14:17:09.908900,0 days 00:00:00.824713,0.8,20,1.25,0.8,16,97,COMPLETE
8564,8564,18026.5,2023-11-15 14:17:09.911564,2023-11-15 14:17:10.888782,0 days 00:00:00.977218,0.8,10,1.5,0.7000000000000001,2,98,COMPLETE
8565,8565,18410.75,2023-11-15 14:17:10.891439,2023-11-15 14:17:11.648461,0 days 00:00:00.757022,0.8,10,1.25,0.8,13,94,COMPLETE
8566,8566,18492.5,2023-11-15 14:17:11.651460,2023-11-15 14:17:12.445626,0 days 00:00:00.794166,0.8,10,1.25,0.8,19,100,COMPLETE
8567,8567,18394.5,2023-11-15 14:17:12.449862,2023-11-15 14:17:13.258355,0 days 00:00:00.808493,0.8,10,1.25,0.8,7,96,COMPLETE
8568,8568,17930.5,2023-11-15 14:17:13.261088,2023-11-15 14:17:14.002143,0 days 00:00:00.741055,0.9,10,1.5,0.8,15,98,COMPLETE
8569,8569,18216.5,2023-11-15 14:17:14.004703,2023-11-15 14:17:14.766298,0 days 00:00:00.761595,0.7000000000000001,10,1.25,0.8,50,100,COMPLETE
8570,8570,18218.0,2023-11-15 14:17:14.770482,2023-11-15 14:17:15.539741,0 days 00:00:00.769259,0.8,10,1.25,0.8,25,97,COMPLETE
8571,8571,17736.0,2023-11-15 14:17:15.542456,2023-11-15 14:17:16.319413,0 days 00:00:00.776957,0.8,20,2.0,0.8,42,99,COMPLETE
8572,8572,17658.75,2023-11-15 14:17:16.327856,2023-11-15 14:17:17.111110,0 days 00:00:00.783254,0.8,10,1.0,0.9,5,95,COMPLETE
8573,8573,18218.0,2023-11-15 14:17:17.113720,2023-11-15 14:17:17.871614,0 days 00:00:00.757894,0.8,10,1.25,0.8,9,97,COMPLETE
8574,8574,18399.0,2023-11-15 14:17:17.874187,2023-11-15 14:17:18.617723,0 days 00:00:00.743536,0.8,10,1.25,0.8,22,100,COMPLETE
8575,8575,18218.0,2023-11-15 14:17:18.620738,2023-11-15 14:17:19.363719,0 days 00:00:00.742981,0.8,10,1.25,0.8,18,97,COMPLETE
8576,8576,18023.75,2023-11-15 14:17:19.366612,2023-11-15 14:17:20.132790,0 days 00:00:00.766178,0.8,10,0.5,0.7000000000000001,14,99,COMPLETE
8577,8577,17109.0,2023-11-15 14:17:20.135482,2023-11-15 14:17:20.908557,0 days 00:00:00.773075,0.8,30,1.25,0.8,20,94,COMPLETE
8578,8578,18022.0,2023-11-15 14:17:20.911260,2023-11-15 14:17:21.651521,0 days 00:00:00.740261,0.8,10,1.0,0.8,11,98,COMPLETE
8579,8579,14487.75,2023-11-15 14:17:21.654058,2023-11-15 14:17:22.415838,0 days 00:00:00.761780,0.8,70,1.5,0.8,16,96,COMPLETE
8580,8580,18492.5,2023-11-15 14:17:22.418470,2023-11-15 14:17:23.180173,0 days 00:00:00.761703,0.8,10,1.25,0.8,4,100,COMPLETE
8581,8581,18115.25,2023-11-15 14:17:23.183011,2023-11-15 14:17:23.930847,0 days 00:00:00.747836,0.9,10,1.25,0.9,1,98,COMPLETE
8582,8582,18028.0,2023-11-15 14:17:23.934043,2023-11-15 14:17:24.749409,0 days 00:00:00.815366,0.7000000000000001,10,1.25,0.8,7,96,COMPLETE
8583,8583,18306.5,2023-11-15 14:17:24.753066,2023-11-15 14:17:25.609950,0 days 00:00:00.856884,0.8,10,1.5,0.8,18,100,COMPLETE
8584,8584,18026.0,2023-11-15 14:17:25.612654,2023-11-15 14:17:26.401736,0 days 00:00:00.789082,0.5,10,1.25,0.8,15,98,COMPLETE
8585,8585,16088.5,2023-11-15 14:17:26.405395,2023-11-15 14:17:27.158691,0 days 00:00:00.753296,0.8,10,1.25,0.8,12,42,COMPLETE
8586,8586,18303.5,2023-11-15 14:17:27.161402,2023-11-15 14:17:27.904489,0 days 00:00:00.743087,0.8,10,1.75,0.8,9,94,COMPLETE
8587,8587,18013.5,2023-11-15 14:17:27.907108,2023-11-15 14:17:28.671506,0 days 00:00:00.764398,0.8,20,1.25,0.8,22,100,COMPLETE
8588,8588,18023.5,2023-11-15 14:17:28.674111,2023-11-15 14:17:29.457257,0 days 00:00:00.783146,0.8,10,1.25,0.8,20,98,COMPLETE
8589,8589,18394.5,2023-11-15 14:17:29.460125,2023-11-15 14:17:30.201157,0 days 00:00:00.741032,0.8,10,1.25,0.8,13,96,COMPLETE
8590,8590,17929.75,2023-11-15 14:17:30.203830,2023-11-15 14:17:30.942579,0 days 00:00:00.738749,0.8,10,1.0,0.9,3,91,COMPLETE
8591,8591,18209.5,2023-11-15 14:17:30.945511,2023-11-15 14:17:31.697882,0 days 00:00:00.752371,0.8,10,1.25,0.7000000000000001,17,98,COMPLETE
8592,8592,18492.5,2023-11-15 14:17:31.700879,2023-11-15 14:17:32.446003,0 days 00:00:00.745124,0.8,10,1.25,0.8,6,100,COMPLETE
8593,8593,18301.5,2023-11-15 14:17:32.449382,2023-11-15 14:17:33.232440,0 days 00:00:00.783058,0.8,10,1.5,0.8,17,96,COMPLETE
8594,8594,17841.75,2023-11-15 14:17:33.235716,2023-11-15 14:17:33.986350,0 days 00:00:00.750634,0.9,10,1.0,0.8,24,98,COMPLETE
8595,8595,17492.75,2023-11-15 14:17:33.989743,2023-11-15 14:17:34.740317,0 days 00:00:00.750574,0.8,20,1.25,0.8,69,94,COMPLETE
8596,8596,18492.5,2023-11-15 14:17:34.743196,2023-11-15 14:17:35.507104,0 days 00:00:00.763908,0.8,10,1.25,0.8,14,100,COMPLETE
8597,8597,18301.75,2023-11-15 14:17:35.509881,2023-11-15 14:17:36.290589,0 days 00:00:00.780708,0.8,10,1.25,0.8,27,96,COMPLETE
8598,8598,18023.5,2023-11-15 14:17:36.293242,2023-11-15 14:17:37.065237,0 days 00:00:00.771995,0.8,10,1.25,0.8,10,98,COMPLETE
8599,8599,18304.0,2023-11-15 14:17:37.068292,2023-11-15 14:17:37.808323,0 days 00:00:00.740031,0.8,10,1.25,0.7000000000000001,19,100,COMPLETE
8600,8600,18117.75,2023-11-15 14:17:37.810984,2023-11-15 14:17:38.558279,0 days 00:00:00.747295,0.7000000000000001,10,1.5,0.8,4,97,COMPLETE
8601,8601,100.0,2023-11-15 14:17:38.561078,2023-11-15 14:17:39.833732,0 days 00:00:01.272654,0.8,10,1.25,0.9,0,95,COMPLETE
8602,8602,18396.5,2023-11-15 14:17:39.839892,2023-11-15 14:17:40.748872,0 days 00:00:00.908980,0.8,10,2.5,0.8,8,82,COMPLETE
8603,8603,17947.75,2023-11-15 14:17:40.752516,2023-11-15 14:17:41.521882,0 days 00:00:00.769366,0.8,20,1.25,0.8,16,92,COMPLETE
8604,8604,18681.25,2023-11-15 14:17:41.524766,2023-11-15 14:17:42.296039,0 days 00:00:00.771273,0.8,10,1.25,0.8,21,99,COMPLETE
8605,8605,18022.0,2023-11-15 14:17:42.298814,2023-11-15 14:17:43.075015,0 days 00:00:00.776201,0.8,10,1.0,0.8,12,98,COMPLETE
8606,8606,18125.0,2023-11-15 14:17:43.077638,2023-11-15 14:17:43.840986,0 days 00:00:00.763348,0.6,10,1.25,0.8,19,100,COMPLETE
8607,8607,18394.0,2023-11-15 14:17:43.844388,2023-11-15 14:17:44.613101,0 days 00:00:00.768713,0.8,10,2.25,0.8,15,96,COMPLETE
8608,8608,18305.25,2023-11-15 14:17:44.616552,2023-11-15 14:17:45.369664,0 days 00:00:00.753112,0.8,10,1.5,0.8,2,98,COMPLETE
8609,8609,18307.25,2023-11-15 14:17:45.372781,2023-11-15 14:17:46.123350,0 days 00:00:00.750569,0.9,10,2.0,0.7000000000000001,7,100,COMPLETE
8610,8610,16110.75,2023-11-15 14:17:46.126565,2023-11-15 14:17:46.905375,0 days 00:00:00.778810,0.7000000000000001,50,1.25,0.8,17,97,COMPLETE
8611,8611,17747.25,2023-11-15 14:17:46.908232,2023-11-15 14:17:47.674395,0 days 00:00:00.766163,0.8,10,1.25,0.9,5,95,COMPLETE
8612,8612,18681.25,2023-11-15 14:17:47.678060,2023-11-15 14:17:48.431440,0 days 00:00:00.753380,0.8,10,1.25,0.8,11,99,COMPLETE
8613,8613,18218.0,2023-11-15 14:17:48.434546,2023-11-15 14:17:49.199019,0 days 00:00:00.764473,0.8,10,1.25,0.8,23,97,COMPLETE
8614,8614,17934.0,2023-11-15 14:17:49.201647,2023-11-15 14:17:49.949807,0 days 00:00:00.748160,0.8,10,1.0,0.8,14,77,COMPLETE
8615,8615,18207.75,2023-11-15 14:17:49.952710,2023-11-15 14:17:50.723073,0 days 00:00:00.770363,0.8,10,1.25,0.8,21,93,COMPLETE
8616,8616,18398.25,2023-11-15 14:17:50.725823,2023-11-15 14:17:51.478172,0 days 00:00:00.752349,0.8,10,1.25,0.8,18,100,COMPLETE
8617,8617,17925.0,2023-11-15 14:17:51.481595,2023-11-15 14:17:52.373533,0 days 00:00:00.891938,0.8,20,1.75,0.8,9,98,COMPLETE
8618,8618,17831.25,2023-11-15 14:17:52.376385,2023-11-15 14:17:53.173688,0 days 00:00:00.797303,0.8,10,1.5,0.8,13,95,COMPLETE
8619,8619,18023.5,2023-11-15 14:17:53.176333,2023-11-15 14:17:53.959422,0 days 00:00:00.783089,0.8,10,1.25,0.8,16,98,COMPLETE
8620,8620,18307.0,2023-11-15 14:17:53.962118,2023-11-15 14:17:54.726754,0 days 00:00:00.764636,0.9,10,1.25,0.9,20,100,COMPLETE
8621,8621,18022.25,2023-11-15 14:17:54.729442,2023-11-15 14:17:55.487187,0 days 00:00:00.757745,0.8,10,1.25,0.6,5,96,COMPLETE
8622,8622,18023.5,2023-11-15 14:17:55.489909,2023-11-15 14:17:56.249172,0 days 00:00:00.759263,0.8,10,1.25,0.8,2,98,COMPLETE
8623,8623,18266.5,2023-11-15 14:17:56.252202,2023-11-15 14:17:57.013658,0 days 00:00:00.761456,0.8,10,1.0,0.8,18,100,COMPLETE
8624,8624,18400.5,2023-11-15 14:17:57.017749,2023-11-15 14:17:57.788874,0 days 00:00:00.771125,0.8,10,1.5,0.7000000000000001,11,97,COMPLETE
8625,8625,18030.0,2023-11-15 14:17:57.791811,2023-11-15 14:17:58.537703,0 days 00:00:00.745892,0.8,20,1.25,0.8,15,94,COMPLETE
8626,8626,18491.25,2023-11-15 14:17:58.540715,2023-11-15 14:17:59.296001,0 days 00:00:00.755286,0.7000000000000001,10,1.25,0.8,7,99,COMPLETE
8627,8627,18301.75,2023-11-15 14:17:59.299512,2023-11-15 14:18:00.047285,0 days 00:00:00.747773,0.8,10,1.25,0.8,25,96,COMPLETE
8628,8628,18401.0,2023-11-15 14:18:00.050501,2023-11-15 14:18:00.889526,0 days 00:00:00.839025,0.8,10,1.0,0.8,14,100,COMPLETE
8629,8629,17935.25,2023-11-15 14:18:00.892105,2023-11-15 14:18:01.689843,0 days 00:00:00.797738,0.8,10,1.25,0.5,22,98,COMPLETE
8630,8630,18302.0,2023-11-15 14:18:01.692748,2023-11-15 14:18:02.440473,0 days 00:00:00.747725,0.7000000000000001,10,1.5,0.8,19,96,COMPLETE
8631,8631,18209.0,2023-11-15 14:18:02.443252,2023-11-15 14:18:03.260583,0 days 00:00:00.817331,0.8,10,1.25,0.8,10,89,COMPLETE
8632,8632,17002.0,2023-11-15 14:18:03.264402,2023-11-15 14:18:04.144339,0 days 00:00:00.879937,0.8,40,1.25,0.9,3,98,COMPLETE
8633,8633,18013.5,2023-11-15 14:18:04.147229,2023-11-15 14:18:04.941934,0 days 00:00:00.794705,0.8,20,1.25,0.8,16,100,COMPLETE
8634,8634,18027.25,2023-11-15 14:18:04.944631,2023-11-15 14:18:05.689182,0 days 00:00:00.744551,0.8,10,1.0,0.8,8,94,COMPLETE
8635,8635,18209.5,2023-11-15 14:18:05.691754,2023-11-15 14:18:06.443157,0 days 00:00:00.751403,0.9,10,1.25,0.8,13,98,COMPLETE
8636,8636,17935.5,2023-11-15 14:18:06.445806,2023-11-15 14:18:07.219043,0 days 00:00:00.773237,0.8,10,1.75,0.4,18,96,COMPLETE
8637,8637,18212.25,2023-11-15 14:18:07.222595,2023-11-15 14:18:08.018886,0 days 00:00:00.796291,0.8,10,1.25,0.7000000000000001,6,100,COMPLETE
8638,8638,199.5,2023-11-15 14:18:08.021777,2023-11-15 14:18:09.036096,0 days 00:00:01.014319,0.8,10,1.25,0.8,0,97,COMPLETE
