,number,value,datetime_start,datetime_complete,duration,params_alpha,params_decay_interval,params_decay_rate,params_gamma,params_initialization,params_max_steps,state
7526,7526,16928.25,2023-11-15 12:44:00.068008,2023-11-15 12:44:00.812141,0 days 00:00:00.744133,0.8,10,2.5,0.9,18,64,COMPLETE
7527,7527,17917.0,2023-11-15 12:44:00.814721,2023-11-15 12:44:01.486308,0 days 00:00:00.671587,0.8,10,3.0,0.9,26,67,COMPLETE
7528,7528,17825.5,2023-11-15 12:44:01.488610,2023-11-15 12:44:02.142293,0 days 00:00:00.653683,0.8,10,3.0,0.9,13,70,COMPLETE
7529,7529,18970.0,2023-11-15 12:44:02.144725,2023-11-15 12:44:02.807208,0 days 00:00:00.662483,0.6,10,3.0,0.9,20,73,COMPLETE
7530,7530,18121.5,2023-11-15 12:44:02.809747,2023-11-15 12:44:03.472771,0 days 00:00:00.663024,0.8,10,2.75,0.9,22,77,COMPLETE
7531,7531,16727.75,2023-11-15 12:44:03.475219,2023-11-15 12:44:04.191460,0 days 00:00:00.716241,0.8,10,3.0,0.8,16,66,COMPLETE
7532,7532,17825.5,2023-11-15 12:44:04.193998,2023-11-15 12:44:04.853173,0 days 00:00:00.659175,0.8,10,3.0,0.9,18,70,COMPLETE
7533,7533,16726.25,2023-11-15 12:44:04.855532,2023-11-15 12:44:05.519872,0 days 00:00:00.664340,0.8,10,3.0,0.9,20,61,COMPLETE
7534,7534,18202.75,2023-11-15 12:44:05.522443,2023-11-15 12:44:06.194297,0 days 00:00:00.671854,0.9,10,2.75,0.9,24,122,COMPLETE
7535,7535,17920.75,2023-11-15 12:44:06.196785,2023-11-15 12:44:06.866490,0 days 00:00:00.669705,0.8,10,3.0,0.9,11,74,COMPLETE
7536,7536,17369.25,2023-11-15 12:44:06.869550,2023-11-15 12:44:07.556467,0 days 00:00:00.686917,0.8,10,3.0,0.9,16,79,COMPLETE
7537,7537,15332.75,2023-11-15 12:44:07.559105,2023-11-15 12:44:08.251175,0 days 00:00:00.692070,0.8,40,3.0,0.9,22,72,COMPLETE
7538,7538,15988.5,2023-11-15 12:44:08.254225,2023-11-15 12:44:08.939742,0 days 00:00:00.685517,0.7000000000000001,20,2.75,0.9,18,68,COMPLETE
7539,7539,17533.75,2023-11-15 12:44:08.942329,2023-11-15 12:44:09.605286,0 days 00:00:00.662957,0.8,10,1.0,0.9,14,76,COMPLETE
7540,7540,17922.5,2023-11-15 12:44:09.607845,2023-11-15 12:44:10.287706,0 days 00:00:00.679861,0.8,10,3.0,0.8,25,70,COMPLETE
7541,7541,17654.5,2023-11-15 12:44:10.290055,2023-11-15 12:44:10.997824,0 days 00:00:00.707769,0.8,10,2.75,0.9,20,65,COMPLETE
7542,7542,17369.5,2023-11-15 12:44:11.000609,2023-11-15 12:44:11.682051,0 days 00:00:00.681442,0.8,10,3.0,0.9,22,73,COMPLETE
7543,7543,17473.75,2023-11-15 12:44:11.684719,2023-11-15 12:44:12.358619,0 days 00:00:00.673900,0.8,10,2.5,0.9,18,69,COMPLETE
7544,7544,18297.0,2023-11-15 12:44:12.361221,2023-11-15 12:44:13.034663,0 days 00:00:00.673442,0.8,20,3.0,0.9,15,83,COMPLETE
7545,7545,16923.25,2023-11-15 12:44:13.151280,2023-11-15 12:44:13.826020,0 days 00:00:00.674740,0.8,10,3.0,0.9,27,76,COMPLETE
7546,7546,11052.75,2023-11-15 12:44:13.828490,2023-11-15 12:44:14.713616,0 days 00:00:00.885126,0.8,90,2.75,0.9,20,67,COMPLETE
7547,7547,16543.25,2023-11-15 12:44:14.717456,2023-11-15 12:44:15.486884,0 days 00:00:00.769428,0.8,10,3.0,0.9,43,63,COMPLETE
7548,7548,16642.5,2023-11-15 12:44:15.489589,2023-11-15 12:44:16.184279,0 days 00:00:00.694690,0.9,10,3.0,0.9,23,73,COMPLETE
7549,7549,19260.75,2023-11-15 12:44:16.186643,2023-11-15 12:44:16.846810,0 days 00:00:00.660167,0.8,10,3.0,0.9,17,71,COMPLETE
7550,7550,17928.25,2023-11-15 12:44:16.849268,2023-11-15 12:44:17.505974,0 days 00:00:00.656706,0.8,10,2.75,0.8,19,80,COMPLETE
7551,7551,18679.5,2023-11-15 12:44:17.508451,2023-11-15 12:44:18.197035,0 days 00:00:00.688584,0.7000000000000001,10,3.0,0.9,12,75,COMPLETE
7552,7552,17646.0,2023-11-15 12:44:18.199563,2023-11-15 12:44:18.886718,0 days 00:00:00.687155,0.8,10,3.0,0.6,15,68,COMPLETE
7553,7553,19260.75,2023-11-15 12:44:18.889351,2023-11-15 12:44:19.549169,0 days 00:00:00.659818,0.8,10,3.0,0.9,21,71,COMPLETE
7554,7554,17654.5,2023-11-15 12:44:19.552090,2023-11-15 12:44:20.219737,0 days 00:00:00.667647,0.8,10,3.0,0.9,24,65,COMPLETE
7555,7555,18121.5,2023-11-15 12:44:20.222697,2023-11-15 12:44:20.883229,0 days 00:00:00.660532,0.8,10,2.75,0.9,17,77,COMPLETE
7556,7556,17369.5,2023-11-15 12:44:20.886387,2023-11-15 12:44:21.619893,0 days 00:00:00.733506,0.8,10,3.0,0.9,19,73,COMPLETE
7557,7557,17115.5,2023-11-15 12:44:21.622685,2023-11-15 12:44:22.302084,0 days 00:00:00.679399,0.8,10,3.0,0.9,22,69,COMPLETE
7558,7558,17099.5,2023-11-15 12:44:22.304613,2023-11-15 12:44:22.967534,0 days 00:00:00.662921,0.8,10,2.75,0.9,25,60,COMPLETE
7559,7559,17262.75,2023-11-15 12:44:22.969888,2023-11-15 12:44:23.631806,0 days 00:00:00.661918,0.8,30,2.5,0.9,9,66,COMPLETE
7560,7560,19260.75,2023-11-15 12:44:23.636035,2023-11-15 12:44:24.294952,0 days 00:00:00.658917,0.8,10,3.0,0.9,15,71,COMPLETE
7561,7561,17375.75,2023-11-15 12:44:24.297542,2023-11-15 12:44:24.992692,0 days 00:00:00.695150,0.9,20,3.0,0.9,13,75,COMPLETE
7562,7562,17115.5,2023-11-15 12:44:24.995277,2023-11-15 12:44:25.659893,0 days 00:00:00.664616,0.8,10,3.0,0.9,17,69,COMPLETE
7563,7563,18122.5,2023-11-15 12:44:25.662576,2023-11-15 12:44:26.320415,0 days 00:00:00.657839,0.8,10,3.0,0.9,21,72,COMPLETE
7564,7564,18491.25,2023-11-15 12:44:26.323257,2023-11-15 12:44:26.982491,0 days 00:00:00.659234,0.7000000000000001,10,2.75,0.8,19,80,COMPLETE
7565,7565,15630.5,2023-11-15 12:44:26.986385,2023-11-15 12:44:27.643261,0 days 00:00:00.656876,0.8,20,2.25,0.9,29,63,COMPLETE
7566,7566,17920.75,2023-11-15 12:44:27.645713,2023-11-15 12:44:28.337312,0 days 00:00:00.691599,0.8,10,3.0,0.9,23,74,COMPLETE
7567,7567,17917.0,2023-11-15 12:44:28.339644,2023-11-15 12:44:29.049552,0 days 00:00:00.709908,0.8,10,3.0,0.9,26,67,COMPLETE
7568,7568,18121.5,2023-11-15 12:44:29.052655,2023-11-15 12:44:29.851256,0 days 00:00:00.798601,0.8,10,3.0,0.9,17,77,COMPLETE
7569,7569,19260.75,2023-11-15 12:44:29.855624,2023-11-15 12:44:30.582959,0 days 00:00:00.727335,0.8,10,2.75,0.9,20,71,COMPLETE
7570,7570,17115.5,2023-11-15 12:44:30.586139,2023-11-15 12:44:31.254533,0 days 00:00:00.668394,0.8,10,3.0,0.9,15,69,COMPLETE
7571,7571,7383.75,2023-11-15 12:44:31.257113,2023-11-15 12:44:31.924005,0 days 00:00:00.666892,0.8,10,3.0,0.9,22,12,COMPLETE
7572,7572,14855.25,2023-11-15 12:44:31.929647,2023-11-15 12:44:32.601752,0 days 00:00:00.672105,0.8,10,2.75,0.9,18,26,COMPLETE
7573,7573,17369.5,2023-11-15 12:44:32.604355,2023-11-15 12:44:33.276666,0 days 00:00:00.672311,0.8,10,3.0,0.9,20,73,COMPLETE
7574,7574,16719.5,2023-11-15 12:44:33.279130,2023-11-15 12:44:33.941817,0 days 00:00:00.662687,0.8,10,3.0,0.9,13,66,COMPLETE
7575,7575,16461.0,2023-11-15 12:44:33.944437,2023-11-15 12:44:34.615240,0 days 00:00:00.670803,0.7000000000000001,20,3.0,0.9,25,77,COMPLETE
7576,7576,18014.5,2023-11-15 12:44:34.618396,2023-11-15 12:44:35.281186,0 days 00:00:00.662790,0.9,10,2.5,0.9,17,70,COMPLETE
7577,7577,12411.25,2023-11-15 12:44:35.284394,2023-11-15 12:44:36.006504,0 days 00:00:00.722110,0.1,10,3.0,0.8,23,74,COMPLETE
7578,7578,16371.5,2023-11-15 12:44:36.009226,2023-11-15 12:44:36.684011,0 days 00:00:00.674785,0.8,10,2.75,0.9,92,63,COMPLETE
7579,7579,17917.0,2023-11-15 12:44:36.686530,2023-11-15 12:44:37.375700,0 days 00:00:00.689170,0.8,10,3.0,0.9,21,67,COMPLETE
7580,7580,18122.5,2023-11-15 12:44:37.378080,2023-11-15 12:44:38.046157,0 days 00:00:00.668077,0.8,10,3.0,0.9,19,72,COMPLETE
7581,7581,18682.0,2023-11-15 12:44:38.048533,2023-11-15 12:44:38.706607,0 days 00:00:00.658074,0.8,10,3.0,0.9,15,75,COMPLETE
7582,7582,16315.0,2023-11-15 12:44:38.709431,2023-11-15 12:44:39.396418,0 days 00:00:00.686987,0.30000000000000004,10,3.0,0.9,27,69,COMPLETE
7583,7583,17545.25,2023-11-15 12:44:39.398863,2023-11-15 12:44:40.067396,0 days 00:00:00.668533,0.8,10,2.75,0.9,16,78,COMPLETE
7584,7584,19260.75,2023-11-15 12:44:40.069821,2023-11-15 12:44:40.722928,0 days 00:00:00.653107,0.8,10,3.0,0.9,32,71,COMPLETE
7585,7585,17649.5,2023-11-15 12:44:40.725389,2023-11-15 12:44:41.380324,0 days 00:00:00.654935,0.9,10,2.75,0.9,23,65,COMPLETE
7586,7586,15852.75,2023-11-15 12:44:41.382960,2023-11-15 12:44:42.058314,0 days 00:00:00.675354,0.8,50,3.0,0.9,19,74,COMPLETE
7587,7587,15812.25,2023-11-15 12:44:42.060905,2023-11-15 12:44:42.750666,0 days 00:00:00.689761,0.8,20,3.0,0.9,21,68,COMPLETE
7588,7588,17236.5,2023-11-15 12:44:42.754598,2023-11-15 12:44:43.463388,0 days 00:00:00.708790,0.7000000000000001,10,0.5,0.9,11,80,COMPLETE
7589,7589,17268.75,2023-11-15 12:44:43.465863,2023-11-15 12:44:44.205826,0 days 00:00:00.739963,0.8,10,3.0,0.9,18,58,COMPLETE
7590,7590,19260.75,2023-11-15 12:44:44.208633,2023-11-15 12:44:45.001184,0 days 00:00:00.792551,0.8,10,2.0,0.9,14,71,COMPLETE
7591,7591,17469.5,2023-11-15 12:44:45.003906,2023-11-15 12:44:45.765306,0 days 00:00:00.761400,0.8,10,2.75,0.7000000000000001,24,84,COMPLETE
7592,7592,18682.0,2023-11-15 12:44:45.768471,2023-11-15 12:44:46.431567,0 days 00:00:00.663096,0.8,10,3.0,0.9,21,75,COMPLETE
7593,7593,16544.5,2023-11-15 12:44:46.434650,2023-11-15 12:44:47.120106,0 days 00:00:00.685456,0.8,10,2.5,0.8,17,66,COMPLETE
7594,7594,16607.75,2023-11-15 12:44:47.123229,2023-11-15 12:44:47.783180,0 days 00:00:00.659951,0.8,20,3.0,0.9,19,62,COMPLETE
7595,7595,18122.5,2023-11-15 12:44:47.786247,2023-11-15 12:44:48.451084,0 days 00:00:00.664837,0.8,10,3.0,0.9,25,72,COMPLETE
7596,7596,18299.25,2023-11-15 12:44:48.453635,2023-11-15 12:44:49.106504,0 days 00:00:00.652869,0.8,10,3.0,0.9,16,53,COMPLETE
7597,7597,17115.5,2023-11-15 12:44:49.109132,2023-11-15 12:44:49.763437,0 days 00:00:00.654305,0.8,10,2.75,0.9,22,69,COMPLETE
7598,7598,18121.5,2023-11-15 12:44:49.766294,2023-11-15 12:44:50.520137,0 days 00:00:00.753843,0.8,10,3.0,0.9,20,77,COMPLETE
7599,7599,18215.25,2023-11-15 12:44:50.522605,2023-11-15 12:44:51.186030,0 days 00:00:00.663425,0.8,10,2.75,0.9,13,72,COMPLETE
7600,7600,15606.5,2023-11-15 12:44:51.188340,2023-11-15 12:44:51.862815,0 days 00:00:00.674475,0.5,10,0.25,0.9,18,67,COMPLETE
7601,7601,18682.0,2023-11-15 12:44:51.865135,2023-11-15 12:44:52.525707,0 days 00:00:00.660572,0.8,10,3.0,0.9,23,75,COMPLETE
7602,7602,17115.5,2023-11-15 12:44:52.528827,2023-11-15 12:44:53.196410,0 days 00:00:00.667583,0.8,10,3.0,0.9,46,69,COMPLETE
7603,7603,17014.0,2023-11-15 12:44:53.198824,2023-11-15 12:44:53.879487,0 days 00:00:00.680663,0.8,10,3.0,0.9,27,64,COMPLETE
7604,7604,18026.25,2023-11-15 12:44:53.881892,2023-11-15 12:44:54.556764,0 days 00:00:00.674872,0.9,10,2.75,0.9,21,72,COMPLETE
7605,7605,16898.25,2023-11-15 12:44:54.560191,2023-11-15 12:44:55.226208,0 days 00:00:00.666017,0.8,20,3.0,0.8,16,79,COMPLETE
7606,7606,17115.5,2023-11-15 12:44:55.228859,2023-11-15 12:44:55.897185,0 days 00:00:00.668326,0.8,10,3.0,0.9,14,69,COMPLETE
7607,7607,18679.5,2023-11-15 12:44:55.899737,2023-11-15 12:44:56.560002,0 days 00:00:00.660265,0.7000000000000001,10,3.0,0.9,19,75,COMPLETE
7608,7608,17369.5,2023-11-15 12:44:56.563495,2023-11-15 12:44:57.271321,0 days 00:00:00.707826,0.8,10,2.75,0.9,24,73,COMPLETE
7609,7609,16719.5,2023-11-15 12:44:57.273972,2023-11-15 12:44:57.941932,0 days 00:00:00.667960,0.8,10,3.0,0.9,17,66,COMPLETE
7610,7610,17283.75,2023-11-15 12:44:57.944384,2023-11-15 12:44:58.614834,0 days 00:00:00.670450,0.8,10,2.5,0.4,29,70,COMPLETE
7611,7611,18295.75,2023-11-15 12:44:58.618343,2023-11-15 12:44:59.308336,0 days 00:00:00.689993,0.8,10,3.0,0.9,21,132,COMPLETE
7612,7612,16386.25,2023-11-15 12:44:59.311842,2023-11-15 12:45:00.139852,0 days 00:00:00.828010,0.6,10,3.0,0.9,19,63,COMPLETE
7613,7613,16374.0,2023-11-15 12:45:00.143048,2023-11-15 12:45:00.976645,0 days 00:00:00.833597,0.8,20,3.0,0.5,12,77,COMPLETE
7614,7614,16642.5,2023-11-15 12:45:00.980276,2023-11-15 12:45:01.657050,0 days 00:00:00.676774,0.9,10,2.75,0.9,15,73,COMPLETE
7615,7615,17917.0,2023-11-15 12:45:01.659716,2023-11-15 12:45:02.323177,0 days 00:00:00.663461,0.8,10,3.0,0.9,23,67,COMPLETE
7616,7616,19260.75,2023-11-15 12:45:02.325739,2023-11-15 12:45:02.995950,0 days 00:00:00.670211,0.8,10,2.25,0.9,25,71,COMPLETE
7617,7617,12824.0,2023-11-15 12:45:02.998286,2023-11-15 12:45:03.686322,0 days 00:00:00.688036,0.8,60,2.75,0.9,18,69,COMPLETE
7618,7618,17830.25,2023-11-15 12:45:03.689103,2023-11-15 12:45:04.355703,0 days 00:00:00.666600,0.7000000000000001,10,3.0,0.8,10,81,COMPLETE
7619,7619,17662.0,2023-11-15 12:45:04.358028,2023-11-15 12:45:05.048457,0 days 00:00:00.690429,0.4,10,3.0,0.9,21,76,COMPLETE
7620,7620,16546.0,2023-11-15 12:45:05.051430,2023-11-15 12:45:05.717939,0 days 00:00:00.666509,0.8,10,3.0,0.9,16,45,COMPLETE
7621,7621,17654.5,2023-11-15 12:45:05.720478,2023-11-15 12:45:06.385134,0 days 00:00:00.664656,0.8,10,3.0,0.9,20,65,COMPLETE
7622,7622,17369.5,2023-11-15 12:45:06.388412,2023-11-15 12:45:07.054466,0 days 00:00:00.666054,0.8,10,3.0,0.9,22,73,COMPLETE
7623,7623,17825.5,2023-11-15 12:45:07.056931,2023-11-15 12:45:07.718641,0 days 00:00:00.661710,0.8,10,2.75,0.9,18,70,COMPLETE
7624,7624,16821.25,2023-11-15 12:45:07.721570,2023-11-15 12:45:08.392707,0 days 00:00:00.671137,0.8,20,1.25,0.9,27,67,COMPLETE
7625,7625,16208.0,2023-11-15 12:45:08.395248,2023-11-15 12:45:09.120374,0 days 00:00:00.725126,0.8,40,1.0,0.9,7,113,COMPLETE
7626,7626,17920.75,2023-11-15 12:45:09.123321,2023-11-15 12:45:09.850820,0 days 00:00:00.727499,0.8,10,3.0,0.9,14,74,COMPLETE
7627,7627,14130.25,2023-11-15 12:45:09.854100,2023-11-15 12:45:10.537933,0 days 00:00:00.683833,0.2,10,3.0,0.9,39,61,COMPLETE
7628,7628,19260.75,2023-11-15 12:45:10.540817,2023-11-15 12:45:11.203722,0 days 00:00:00.662905,0.8,10,3.0,0.9,23,71,COMPLETE
7629,7629,17730.75,2023-11-15 12:45:11.206375,2023-11-15 12:45:11.899777,0 days 00:00:00.693402,0.8,10,2.5,0.9,17,78,COMPLETE
7630,7630,17368.5,2023-11-15 12:45:11.902379,2023-11-15 12:45:12.571607,0 days 00:00:00.669228,0.7000000000000001,10,2.75,0.8,20,68,COMPLETE
7631,7631,18682.0,2023-11-15 12:45:12.574313,2023-11-15 12:45:13.223996,0 days 00:00:00.649683,0.8,10,3.0,0.9,16,75,COMPLETE
7632,7632,19260.75,2023-11-15 12:45:13.226652,2023-11-15 12:45:13.886829,0 days 00:00:00.660177,0.8,10,3.0,0.9,25,71,COMPLETE
7633,7633,17654.5,2023-11-15 12:45:13.890817,2023-11-15 12:45:14.575022,0 days 00:00:00.684205,0.8,10,3.0,0.9,19,65,COMPLETE
7634,7634,17186.75,2023-11-15 12:45:14.577919,2023-11-15 12:45:15.439334,0 days 00:00:00.861415,0.9,20,2.75,0.9,13,74,COMPLETE
7635,7635,17547.25,2023-11-15 12:45:15.441938,2023-11-15 12:45:16.182844,0 days 00:00:00.740906,0.8,10,3.0,0.9,22,68,COMPLETE
7636,7636,17552.0,2023-11-15 12:45:16.185449,2023-11-15 12:45:16.846013,0 days 00:00:00.660564,0.8,10,2.75,0.9,18,79,COMPLETE
7637,7637,19260.75,2023-11-15 12:45:16.848596,2023-11-15 12:45:17.509957,0 days 00:00:00.661361,0.8,10,3.0,0.9,15,71,COMPLETE
7638,7638,17369.5,2023-11-15 12:45:17.512387,2023-11-15 12:45:18.189696,0 days 00:00:00.677309,0.8,10,3.0,0.9,21,73,COMPLETE
7639,7639,17014.0,2023-11-15 12:45:18.192881,2023-11-15 12:45:18.862535,0 days 00:00:00.669654,0.8,10,3.0,0.9,25,64,COMPLETE
7640,7640,17016.25,2023-11-15 12:45:18.865018,2023-11-15 12:45:19.555096,0 days 00:00:00.690078,0.8,10,3.0,0.9,23,76,COMPLETE
7641,7641,17561.25,2023-11-15 12:45:19.557457,2023-11-15 12:45:20.225348,0 days 00:00:00.667891,0.9,10,3.0,0.9,19,69,COMPLETE
7642,7642,18011.5,2023-11-15 12:45:20.227698,2023-11-15 12:45:20.901703,0 days 00:00:00.674005,0.8,10,2.75,0.8,17,67,COMPLETE
7643,7643,13746.5,2023-11-15 12:45:20.904146,2023-11-15 12:45:21.594477,0 days 00:00:00.690331,0.8,70,3.0,0.9,20,72,COMPLETE
7644,7644,17372.25,2023-11-15 12:45:21.597020,2023-11-15 12:45:22.273837,0 days 00:00:00.676817,0.8,10,3.0,0.9,12,60,COMPLETE
7645,7645,17548.0,2023-11-15 12:45:22.276457,2023-11-15 12:45:22.969431,0 days 00:00:00.692974,0.8,30,3.0,0.9,15,70,COMPLETE
7646,7646,14025.25,2023-11-15 12:45:22.972024,2023-11-15 12:45:23.654606,0 days 00:00:00.682582,0.7000000000000001,80,2.75,0.9,22,74,COMPLETE
7647,7647,18026.0,2023-11-15 12:45:23.657052,2023-11-15 12:45:24.324759,0 days 00:00:00.667707,0.8,10,3.0,0.9,26,77,COMPLETE
7648,7648,16719.5,2023-11-15 12:45:24.327078,2023-11-15 12:45:24.992967,0 days 00:00:00.665889,0.8,10,2.75,0.9,17,66,COMPLETE
7649,7649,16635.5,2023-11-15 12:45:24.995791,2023-11-15 12:45:25.675628,0 days 00:00:00.679837,0.8,20,3.0,0.9,20,81,COMPLETE
7650,7650,17825.5,2023-11-15 12:45:25.678451,2023-11-15 12:45:26.365855,0 days 00:00:00.687404,0.8,10,3.0,0.9,24,70,COMPLETE
7651,7651,16543.25,2023-11-15 12:45:26.368557,2023-11-15 12:45:27.041628,0 days 00:00:00.673071,0.8,10,3.0,0.9,28,63,COMPLETE
7652,7652,17460.25,2023-11-15 12:45:27.044470,2023-11-15 12:45:27.715894,0 days 00:00:00.671424,0.8,10,2.25,0.9,18,73,COMPLETE
7653,7653,17642.25,2023-11-15 12:45:27.718623,2023-11-15 12:45:28.392843,0 days 00:00:00.674220,0.8,10,2.75,0.8,15,68,COMPLETE
7654,7654,17376.75,2023-11-15 12:45:28.395490,2023-11-15 12:45:29.071496,0 days 00:00:00.676006,0.8,10,2.5,0.9,22,76,COMPLETE
7655,7655,19260.75,2023-11-15 12:45:29.074330,2023-11-15 12:45:29.863330,0 days 00:00:00.789000,0.8,10,3.0,0.9,20,71,COMPLETE
7656,7656,17745.25,2023-11-15 12:45:29.866423,2023-11-15 12:45:30.669464,0 days 00:00:00.803041,0.9,10,3.0,0.9,17,68,COMPLETE
7657,7657,17920.75,2023-11-15 12:45:30.671836,2023-11-15 12:45:31.355425,0 days 00:00:00.683589,0.8,10,3.0,0.9,31,74,COMPLETE
7658,7658,17545.25,2023-11-15 12:45:31.358087,2023-11-15 12:45:32.035888,0 days 00:00:00.677801,0.8,10,2.75,0.9,13,78,COMPLETE
7659,7659,17631.75,2023-11-15 12:45:32.039401,2023-11-15 12:45:32.704448,0 days 00:00:00.665047,0.8,20,3.0,0.9,24,65,COMPLETE
7660,7660,18122.5,2023-11-15 12:45:32.707714,2023-11-15 12:45:33.392109,0 days 00:00:00.684395,0.8,10,3.0,0.9,19,72,COMPLETE
7661,7661,15409.5,2023-11-15 12:45:33.394511,2023-11-15 12:45:34.067617,0 days 00:00:00.673106,0.7000000000000001,10,2.75,0.9,21,34,COMPLETE
7662,7662,16629.25,2023-11-15 12:45:34.070135,2023-11-15 12:45:34.751356,0 days 00:00:00.681221,0.8,10,2.5,0.9,15,39,COMPLETE
7663,7663,17924.5,2023-11-15 12:45:34.753817,2023-11-15 12:45:35.412862,0 days 00:00:00.659045,0.8,10,3.0,0.9,10,86,COMPLETE
7664,7664,17825.5,2023-11-15 12:45:35.415560,2023-11-15 12:45:36.084748,0 days 00:00:00.669188,0.8,10,3.0,0.9,23,70,COMPLETE
7665,7665,16823.75,2023-11-15 12:45:36.087247,2023-11-15 12:45:36.778245,0 days 00:00:00.690998,0.8,20,3.0,0.6,26,75,COMPLETE
7666,7666,17917.0,2023-11-15 12:45:36.780737,2023-11-15 12:45:37.452808,0 days 00:00:00.672071,0.8,10,3.0,0.9,18,67,COMPLETE
7667,7667,18122.5,2023-11-15 12:45:37.455463,2023-11-15 12:45:38.128632,0 days 00:00:00.673169,0.8,10,3.0,0.9,16,72,COMPLETE
7668,7668,16899.25,2023-11-15 12:45:38.131073,2023-11-15 12:45:38.803097,0 days 00:00:00.672024,0.9,10,2.75,0.9,20,63,COMPLETE
7669,7669,17546.25,2023-11-15 12:45:38.805574,2023-11-15 12:45:39.470953,0 days 00:00:00.665379,0.8,10,3.0,0.8,22,78,COMPLETE
7670,7670,17115.5,2023-11-15 12:45:39.473371,2023-11-15 12:45:40.173086,0 days 00:00:00.699715,0.8,10,2.75,0.9,14,69,COMPLETE
7671,7671,17920.75,2023-11-15 12:45:40.176221,2023-11-15 12:45:40.849193,0 days 00:00:00.672972,0.8,10,3.0,0.9,18,74,COMPLETE
7672,7672,16719.5,2023-11-15 12:45:40.852732,2023-11-15 12:45:41.541127,0 days 00:00:00.688395,0.8,10,3.0,0.9,21,66,COMPLETE
7673,7673,19260.75,2023-11-15 12:45:41.544343,2023-11-15 12:45:42.223174,0 days 00:00:00.678831,0.8,10,3.0,0.9,24,71,COMPLETE
7674,7674,17550.5,2023-11-15 12:45:42.226177,2023-11-15 12:45:42.906726,0 days 00:00:00.680549,0.7000000000000001,10,3.0,0.9,12,82,COMPLETE
7675,7675,17016.25,2023-11-15 12:45:42.909106,2023-11-15 12:45:43.584274,0 days 00:00:00.675168,0.8,10,3.0,0.9,16,76,COMPLETE
7676,7676,17115.5,2023-11-15 12:45:43.587396,2023-11-15 12:45:44.470323,0 days 00:00:00.882927,0.8,10,2.75,0.9,19,69,COMPLETE
7677,7677,17311.25,2023-11-15 12:45:44.474615,2023-11-15 12:45:45.286646,0 days 00:00:00.812031,0.8,10,3.0,0.30000000000000004,22,73,COMPLETE
7678,7678,17631.75,2023-11-15 12:45:45.289582,2023-11-15 12:45:45.957257,0 days 00:00:00.667675,0.8,20,3.0,0.9,28,65,COMPLETE
7679,7679,17189.0,2023-11-15 12:45:45.959694,2023-11-15 12:45:46.642708,0 days 00:00:00.683014,0.8,10,2.75,0.9,17,60,COMPLETE
7680,7680,17115.5,2023-11-15 12:45:46.645254,2023-11-15 12:45:47.313917,0 days 00:00:00.668663,0.8,10,3.0,0.9,26,69,COMPLETE
7681,7681,17134.5,2023-11-15 12:45:47.316574,2023-11-15 12:45:48.023134,0 days 00:00:00.706560,0.8,10,3.0,0.1,19,76,COMPLETE
7682,7682,18207.5,2023-11-15 12:45:48.026108,2023-11-15 12:45:48.703175,0 days 00:00:00.677067,0.8,10,3.0,0.7000000000000001,14,72,COMPLETE
7683,7683,17917.0,2023-11-15 12:45:48.705545,2023-11-15 12:45:49.383612,0 days 00:00:00.678067,0.8,10,2.75,0.9,21,67,COMPLETE
7684,7684,19164.5,2023-11-15 12:45:49.385997,2023-11-15 12:45:50.055851,0 days 00:00:00.669854,0.8,10,2.5,0.8,24,71,COMPLETE
7685,7685,17644.0,2023-11-15 12:45:50.058778,2023-11-15 12:45:50.728464,0 days 00:00:00.669686,0.9,20,3.0,0.5,17,102,COMPLETE
7686,7686,17920.75,2023-11-15 12:45:50.730798,2023-11-15 12:45:51.425941,0 days 00:00:00.695143,0.8,10,3.0,0.9,20,74,COMPLETE
7687,7687,17555.25,2023-11-15 12:45:51.428375,2023-11-15 12:45:52.120124,0 days 00:00:00.691749,0.7000000000000001,10,3.0,0.9,16,79,COMPLETE
7688,7688,17014.0,2023-11-15 12:45:52.122496,2023-11-15 12:45:52.801203,0 days 00:00:00.678707,0.8,10,2.75,0.9,23,64,COMPLETE
7689,7689,17115.5,2023-11-15 12:45:52.803667,2023-11-15 12:45:53.482581,0 days 00:00:00.678914,0.8,10,3.0,0.9,19,69,COMPLETE
7690,7690,17369.5,2023-11-15 12:45:53.484984,2023-11-15 12:45:54.151215,0 days 00:00:00.666231,0.8,10,3.0,0.9,14,73,COMPLETE
7691,7691,17917.0,2023-11-15 12:45:54.154563,2023-11-15 12:45:54.856689,0 days 00:00:00.702126,0.8,10,3.0,0.9,22,67,COMPLETE
7692,7692,17545.25,2023-11-15 12:45:54.859688,2023-11-15 12:45:55.537601,0 days 00:00:00.677913,0.8,10,2.75,0.9,25,78,COMPLETE
7693,7693,17825.5,2023-11-15 12:45:55.540187,2023-11-15 12:45:56.215786,0 days 00:00:00.675599,0.8,10,3.0,0.9,57,70,COMPLETE
7694,7694,18682.0,2023-11-15 12:45:56.218821,2023-11-15 12:45:56.880445,0 days 00:00:00.661624,0.8,10,3.0,0.9,19,75,COMPLETE
7695,7695,16559.25,2023-11-15 12:45:56.883341,2023-11-15 12:45:57.565205,0 days 00:00:00.681864,0.6,10,2.25,0.8,12,63,COMPLETE
7696,7696,16620.5,2023-11-15 12:45:57.568285,2023-11-15 12:45:58.264036,0 days 00:00:00.695751,0.8,20,3.0,0.9,16,67,COMPLETE
