,number,value,datetime_start,datetime_complete,duration,params_alpha,params_decay_interval,params_decay_rate,params_gamma,params_initialization,params_max_steps,state
2565,2565,13274.5,2023-11-15 12:07:08.529056,2023-11-15 12:07:08.766914,0 days 00:00:00.237858,0.8,10,3.0,0.9,17,21,COMPLETE
2566,2566,17917.0,2023-11-15 12:07:08.768223,2023-11-15 12:07:09.012665,0 days 00:00:00.244442,0.8,10,3.0,0.9,22,67,COMPLETE
2567,2567,18872.25,2023-11-15 12:07:09.014341,2023-11-15 12:07:09.251400,0 days 00:00:00.237059,0.7000000000000001,10,3.0,0.9,20,73,COMPLETE
2568,2568,17115.5,2023-11-15 12:07:09.252846,2023-11-15 12:07:09.502023,0 days 00:00:00.249177,0.8,10,3.0,0.9,18,69,COMPLETE
2569,2569,18122.5,2023-11-15 12:07:09.503596,2023-11-15 12:07:09.744503,0 days 00:00:00.240907,0.8,10,3.0,0.9,50,72,COMPLETE
2570,2570,18121.5,2023-11-15 12:07:09.746256,2023-11-15 12:07:09.987098,0 days 00:00:00.240842,0.8,10,2.75,0.9,24,77,COMPLETE
2571,2571,16719.5,2023-11-15 12:07:09.988522,2023-11-15 12:07:10.234700,0 days 00:00:00.246178,0.8,10,3.0,0.9,21,66,COMPLETE
2572,2572,17552.0,2023-11-15 12:07:10.236105,2023-11-15 12:07:10.480053,0 days 00:00:00.243948,0.8,10,2.75,0.9,15,79,COMPLETE
2573,2573,17188.25,2023-11-15 12:07:10.481487,2023-11-15 12:07:10.733593,0 days 00:00:00.252106,0.8,20,3.0,0.9,12,74,COMPLETE
2574,2574,17382.5,2023-11-15 12:07:10.734919,2023-11-15 12:07:10.984294,0 days 00:00:00.249375,0.8,10,2.5,0.9,19,69,COMPLETE
2575,2575,19260.75,2023-11-15 12:07:10.985689,2023-11-15 12:07:11.222996,0 days 00:00:00.237307,0.8,10,3.0,0.9,17,71,COMPLETE
2576,2576,17014.0,2023-11-15 12:07:11.224444,2023-11-15 12:07:11.470791,0 days 00:00:00.246347,0.8,10,3.0,0.9,23,64,COMPLETE
2577,2577,16632.75,2023-11-15 12:07:11.472219,2023-11-15 12:07:11.723340,0 days 00:00:00.251121,0.8,10,2.75,0.9,20,61,COMPLETE
2578,2578,18682.0,2023-11-15 12:07:11.724665,2023-11-15 12:07:11.963604,0 days 00:00:00.238939,0.8,10,3.0,0.9,14,75,COMPLETE
2579,2579,16455.75,2023-11-15 12:07:11.965408,2023-11-15 12:07:12.208828,0 days 00:00:00.243420,0.8,10,3.0,0.9,16,55,COMPLETE
2580,2580,17547.25,2023-11-15 12:07:12.210376,2023-11-15 12:07:12.454608,0 days 00:00:00.244232,0.8,10,3.0,0.9,70,68,COMPLETE
2581,2581,18215.25,2023-11-15 12:07:12.456019,2023-11-15 12:07:12.698715,0 days 00:00:00.242696,0.8,10,2.75,0.9,21,72,COMPLETE
2582,2582,16719.5,2023-11-15 12:07:12.700126,2023-11-15 12:07:12.947309,0 days 00:00:00.247183,0.8,10,3.0,0.9,25,66,COMPLETE
2583,2583,18682.0,2023-11-15 12:07:12.948762,2023-11-15 12:07:13.202910,0 days 00:00:00.254148,0.8,10,3.0,0.9,18,75,COMPLETE
2584,2584,18299.25,2023-11-15 12:07:13.204453,2023-11-15 12:07:13.444471,0 days 00:00:00.240018,0.8,20,3.0,0.4,22,70,COMPLETE
2585,2585,18215.25,2023-11-15 12:07:13.446169,2023-11-15 12:07:13.693236,0 days 00:00:00.247067,0.8,10,2.75,0.9,19,72,COMPLETE
2586,2586,17555.25,2023-11-15 12:07:13.695163,2023-11-15 12:07:13.939051,0 days 00:00:00.243888,0.7000000000000001,10,3.0,0.9,16,79,COMPLETE
2587,2587,17917.0,2023-11-15 12:07:13.940522,2023-11-15 12:07:14.188079,0 days 00:00:00.247557,0.8,10,3.0,0.9,12,67,COMPLETE
2588,2588,15907.75,2023-11-15 12:07:14.189451,2023-11-15 12:07:14.433173,0 days 00:00:00.243722,0.8,10,2.75,0.9,24,37,COMPLETE
2589,2589,16923.25,2023-11-15 12:07:14.434594,2023-11-15 12:07:14.688246,0 days 00:00:00.253652,0.8,10,3.0,0.9,20,76,COMPLETE
2590,2590,17115.5,2023-11-15 12:07:14.689632,2023-11-15 12:07:14.938399,0 days 00:00:00.248767,0.8,10,3.0,0.9,18,69,COMPLETE
2591,2591,17459.75,2023-11-15 12:07:14.939771,2023-11-15 12:07:15.182889,0 days 00:00:00.243118,0.8,10,2.5,0.9,22,73,COMPLETE
2592,2592,15392.75,2023-11-15 12:07:15.184260,2023-11-15 12:07:15.438849,0 days 00:00:00.254589,0.30000000000000004,20,3.0,0.9,15,63,COMPLETE
2593,2593,19260.75,2023-11-15 12:07:15.440389,2023-11-15 12:07:15.681149,0 days 00:00:00.240760,0.8,10,3.0,0.9,25,71,COMPLETE
2594,2594,17547.25,2023-11-15 12:07:15.682542,2023-11-15 12:07:15.927531,0 days 00:00:00.244989,0.8,10,2.75,0.9,17,68,COMPLETE
2595,2595,18679.5,2023-11-15 12:07:15.929041,2023-11-15 12:07:16.169781,0 days 00:00:00.240740,0.7000000000000001,10,3.0,0.9,20,75,COMPLETE
2596,2596,18122.5,2023-11-15 12:07:16.171178,2023-11-15 12:07:16.414502,0 days 00:00:00.243324,0.8,10,3.0,0.9,14,72,COMPLETE
2597,2597,17360.25,2023-11-15 12:07:16.416207,2023-11-15 12:07:16.664074,0 days 00:00:00.247867,0.8,10,3.0,0.9,23,78,COMPLETE
2598,2598,17654.5,2023-11-15 12:07:16.665642,2023-11-15 12:07:16.907616,0 days 00:00:00.241974,0.8,10,2.75,0.9,19,65,COMPLETE
2599,2599,17271.75,2023-11-15 12:07:16.909043,2023-11-15 12:07:17.154249,0 days 00:00:00.245206,0.8,10,3.0,0.9,22,59,COMPLETE
2600,2600,14200.0,2023-11-15 12:07:17.155698,2023-11-15 12:07:17.408136,0 days 00:00:00.252438,0.8,70,3.0,0.9,17,69,COMPLETE
2601,2601,13154.5,2023-11-15 12:07:17.409910,2023-11-15 12:07:17.687153,0 days 00:00:00.277243,0.8,60,3.0,0.9,21,74,COMPLETE
2602,2602,16459.5,2023-11-15 12:07:17.688472,2023-11-15 12:07:17.933137,0 days 00:00:00.244665,0.7000000000000001,10,2.75,0.9,14,44,COMPLETE
2603,2603,18392.25,2023-11-15 12:07:17.934545,2023-11-15 12:07:18.174337,0 days 00:00:00.239792,0.8,20,2.5,0.9,19,71,COMPLETE
2604,2604,16719.5,2023-11-15 12:07:18.175686,2023-11-15 12:07:18.439097,0 days 00:00:00.263411,0.8,10,3.0,0.9,25,66,COMPLETE
2605,2605,17016.25,2023-11-15 12:07:18.440864,2023-11-15 12:07:18.693768,0 days 00:00:00.252904,0.8,10,3.0,0.9,16,76,COMPLETE
2606,2606,17115.5,2023-11-15 12:07:18.695574,2023-11-15 12:07:18.941857,0 days 00:00:00.246283,0.8,10,2.75,0.9,11,69,COMPLETE
2607,2607,17186.0,2023-11-15 12:07:18.943665,2023-11-15 12:07:19.190473,0 days 00:00:00.246808,0.8,10,3.0,0.9,23,73,COMPLETE
2608,2608,17369.25,2023-11-15 12:07:19.192145,2023-11-15 12:07:19.440453,0 days 00:00:00.248308,0.8,10,3.0,0.9,18,79,COMPLETE
2609,2609,16543.25,2023-11-15 12:07:19.442006,2023-11-15 12:07:19.693298,0 days 00:00:00.251292,0.8,10,3.0,0.9,20,63,COMPLETE
2610,2610,17917.0,2023-11-15 12:07:19.695111,2023-11-15 12:07:19.944301,0 days 00:00:00.249190,0.8,10,2.75,0.9,21,67,COMPLETE
2611,2611,19260.75,2023-11-15 12:07:19.945844,2023-11-15 12:07:20.185447,0 days 00:00:00.239603,0.8,10,3.0,0.9,16,71,COMPLETE
2612,2612,17920.75,2023-11-15 12:07:20.186839,2023-11-15 12:07:20.432119,0 days 00:00:00.245280,0.8,10,3.0,0.9,13,74,COMPLETE
2613,2613,17825.5,2023-11-15 12:07:20.433450,2023-11-15 12:07:20.679560,0 days 00:00:00.246110,0.8,10,3.0,0.9,18,70,COMPLETE
2614,2614,16719.5,2023-11-15 12:07:20.680931,2023-11-15 12:07:20.928906,0 days 00:00:00.247975,0.8,10,2.75,0.9,23,66,COMPLETE
2615,2615,16899.25,2023-11-15 12:07:20.930371,2023-11-15 12:07:21.181671,0 days 00:00:00.251300,0.5,20,3.0,0.9,21,76,COMPLETE
2616,2616,18122.5,2023-11-15 12:07:21.183084,2023-11-15 12:07:21.428209,0 days 00:00:00.245125,0.8,10,3.0,0.9,25,72,COMPLETE
2617,2617,17547.25,2023-11-15 12:07:21.430174,2023-11-15 12:07:21.682495,0 days 00:00:00.252321,0.8,10,3.0,0.9,16,68,COMPLETE
2618,2618,17369.5,2023-11-15 12:07:21.683891,2023-11-15 12:07:21.929947,0 days 00:00:00.246056,0.8,10,2.75,0.9,19,73,COMPLETE
2619,2619,17833.0,2023-11-15 12:07:21.931341,2023-11-15 12:07:22.175440,0 days 00:00:00.244099,0.8,10,3.0,0.9,14,80,COMPLETE
2620,2620,17161.75,2023-11-15 12:07:22.177012,2023-11-15 12:07:22.421817,0 days 00:00:00.244805,0.7000000000000001,30,3.0,0.9,22,63,COMPLETE
2621,2621,17473.75,2023-11-15 12:07:22.423190,2023-11-15 12:07:22.671031,0 days 00:00:00.247841,0.8,10,2.5,0.9,18,69,COMPLETE
2622,2622,16923.25,2023-11-15 12:07:22.672379,2023-11-15 12:07:22.929268,0 days 00:00:00.256889,0.8,10,3.0,0.9,20,76,COMPLETE
2623,2623,17275.25,2023-11-15 12:07:22.931181,2023-11-15 12:07:23.180057,0 days 00:00:00.248876,0.8,20,3.0,0.9,25,72,COMPLETE
2624,2624,17654.5,2023-11-15 12:07:23.181447,2023-11-15 12:07:23.428163,0 days 00:00:00.246716,0.8,10,2.75,0.9,17,65,COMPLETE
2625,2625,17115.5,2023-11-15 12:07:23.429628,2023-11-15 12:07:23.677561,0 days 00:00:00.247933,0.8,10,3.0,0.9,23,69,COMPLETE
2626,2626,18121.5,2023-11-15 12:07:23.679372,2023-11-15 12:07:23.924650,0 days 00:00:00.245278,0.8,10,3.0,0.9,12,77,COMPLETE
2627,2627,17920.75,2023-11-15 12:07:23.926210,2023-11-15 12:07:24.179005,0 days 00:00:00.252795,0.8,10,2.75,0.9,20,74,COMPLETE
2628,2628,19260.75,2023-11-15 12:07:24.180363,2023-11-15 12:07:24.419939,0 days 00:00:00.239576,0.8,10,3.0,0.9,15,71,COMPLETE
2629,2629,16719.5,2023-11-15 12:07:24.421326,2023-11-15 12:07:24.674380,0 days 00:00:00.253054,0.8,10,3.0,0.9,18,66,COMPLETE
2630,2630,17115.5,2023-11-15 12:07:24.675884,2023-11-15 12:07:24.937903,0 days 00:00:00.262019,0.8,10,3.0,0.9,26,69,COMPLETE
2631,2631,16632.75,2023-11-15 12:07:24.939286,2023-11-15 12:07:25.192343,0 days 00:00:00.253057,0.8,10,2.75,0.9,22,61,COMPLETE
2632,2632,18682.0,2023-11-15 12:07:25.194257,2023-11-15 12:07:25.440006,0 days 00:00:00.245749,0.8,10,3.0,0.9,16,75,COMPLETE
2633,2633,18392.25,2023-11-15 12:07:25.441488,2023-11-15 12:07:25.684823,0 days 00:00:00.243335,0.8,20,3.0,0.9,20,71,COMPLETE
2634,2634,17649.0,2023-11-15 12:07:25.686155,2023-11-15 12:07:25.935646,0 days 00:00:00.249491,0.7000000000000001,10,2.75,0.9,24,79,COMPLETE
2635,2635,17547.25,2023-11-15 12:07:25.936969,2023-11-15 12:07:26.185636,0 days 00:00:00.248667,0.8,10,3.0,0.9,14,68,COMPLETE
2636,2636,17920.75,2023-11-15 12:07:26.187124,2023-11-15 12:07:26.436722,0 days 00:00:00.249598,0.8,10,3.0,0.9,18,74,COMPLETE
2637,2637,16719.5,2023-11-15 12:07:26.438289,2023-11-15 12:07:26.690370,0 days 00:00:00.252081,0.8,10,3.0,0.9,21,66,COMPLETE
2638,2638,19260.75,2023-11-15 12:07:26.691835,2023-11-15 12:07:26.933029,0 days 00:00:00.241194,0.8,10,2.5,0.9,62,71,COMPLETE
2639,2639,17186.0,2023-11-15 12:07:26.934557,2023-11-15 12:07:27.185115,0 days 00:00:00.250558,0.8,10,2.75,0.9,23,73,COMPLETE
2640,2640,18121.5,2023-11-15 12:07:27.186518,2023-11-15 12:07:27.432413,0 days 00:00:00.245895,0.8,10,3.0,0.9,17,77,COMPLETE
2641,2641,17014.0,2023-11-15 12:07:27.433820,2023-11-15 12:07:27.686009,0 days 00:00:00.252189,0.8,10,3.0,0.9,19,64,COMPLETE
2642,2642,17547.25,2023-11-15 12:07:27.687591,2023-11-15 12:07:27.933874,0 days 00:00:00.246283,0.8,10,3.0,0.9,15,68,COMPLETE
2643,2643,19260.75,2023-11-15 12:07:27.935361,2023-11-15 12:07:28.175644,0 days 00:00:00.240283,0.8,10,3.0,0.9,26,71,COMPLETE
2644,2644,18682.0,2023-11-15 12:07:28.177204,2023-11-15 12:07:28.419078,0 days 00:00:00.241874,0.8,10,2.75,0.9,11,75,COMPLETE
2645,2645,13370.0,2023-11-15 12:07:28.420407,2023-11-15 12:07:28.699625,0 days 00:00:00.279218,0.7000000000000001,80,3.0,0.9,21,80,COMPLETE
2646,2646,15899.75,2023-11-15 12:07:28.701176,2023-11-15 12:07:28.962736,0 days 00:00:00.261560,0.8,20,3.0,0.9,19,68,COMPLETE
2647,2647,17186.0,2023-11-15 12:07:28.964096,2023-11-15 12:07:29.212668,0 days 00:00:00.248572,0.8,10,3.0,0.9,23,73,COMPLETE
2648,2648,16632.75,2023-11-15 12:07:29.214371,2023-11-15 12:07:29.470977,0 days 00:00:00.256606,0.8,10,2.75,0.9,17,61,COMPLETE
2649,2649,17825.5,2023-11-15 12:07:29.472668,2023-11-15 12:07:29.721120,0 days 00:00:00.248452,0.8,10,3.0,0.9,13,70,COMPLETE
2650,2650,17654.5,2023-11-15 12:07:29.722446,2023-11-15 12:07:29.971530,0 days 00:00:00.249084,0.8,10,3.0,0.9,21,65,COMPLETE
2651,2651,18121.5,2023-11-15 12:07:29.972915,2023-11-15 12:07:30.219871,0 days 00:00:00.246956,0.8,10,3.0,0.9,15,77,COMPLETE
2652,2652,16639.5,2023-11-15 12:07:30.221219,2023-11-15 12:07:30.478116,0 days 00:00:00.256897,0.7000000000000001,20,2.75,0.9,24,73,COMPLETE
2653,2653,17917.0,2023-11-15 12:07:30.479848,2023-11-15 12:07:30.731628,0 days 00:00:00.251780,0.8,10,3.0,0.9,18,67,COMPLETE
2654,2654,17825.5,2023-11-15 12:07:30.733065,2023-11-15 12:07:30.994718,0 days 00:00:00.261653,0.8,10,3.0,0.9,20,70,COMPLETE
2655,2655,18682.0,2023-11-15 12:07:30.996374,2023-11-15 12:07:31.240126,0 days 00:00:00.243752,0.8,10,3.0,0.9,16,75,COMPLETE
2656,2656,17176.0,2023-11-15 12:07:31.241647,2023-11-15 12:07:31.490361,0 days 00:00:00.248714,0.8,10,2.75,0.9,22,58,COMPLETE
2657,2657,19260.75,2023-11-15 12:07:31.491840,2023-11-15 12:07:31.736754,0 days 00:00:00.244914,0.8,10,3.0,0.9,25,71,COMPLETE
2658,2658,17014.0,2023-11-15 12:07:31.738107,2023-11-15 12:07:31.989587,0 days 00:00:00.251480,0.8,10,3.0,0.9,19,64,COMPLETE
2659,2659,17547.25,2023-11-15 12:07:31.991089,2023-11-15 12:07:32.240845,0 days 00:00:00.249756,0.8,10,2.75,0.9,17,68,COMPLETE
2660,2660,18970.0,2023-11-15 12:07:32.242350,2023-11-15 12:07:32.486005,0 days 00:00:00.243655,0.6,10,2.5,0.9,13,73,COMPLETE
2661,2661,18121.5,2023-11-15 12:07:32.487536,2023-11-15 12:07:32.734042,0 days 00:00:00.246506,0.8,10,3.0,0.9,21,77,COMPLETE
2662,2662,18392.25,2023-11-15 12:07:32.735611,2023-11-15 12:07:32.980019,0 days 00:00:00.244408,0.8,20,3.0,0.9,23,71,COMPLETE
2663,2663,17917.0,2023-11-15 12:07:32.981464,2023-11-15 12:07:33.234262,0 days 00:00:00.252798,0.8,10,3.0,0.9,19,67,COMPLETE
2664,2664,15335.5,2023-11-15 12:07:33.235662,2023-11-15 12:07:33.500920,0 days 00:00:00.265258,0.8,50,3.0,0.9,15,80,COMPLETE
2665,2665,17392.25,2023-11-15 12:07:33.502326,2023-11-15 12:07:33.754003,0 days 00:00:00.251677,0.7000000000000001,10,2.75,0.4,17,74,COMPLETE
2666,2666,17102.5,2023-11-15 12:07:33.755407,2023-11-15 12:07:34.006540,0 days 00:00:00.251133,0.5,10,3.0,0.9,26,69,COMPLETE
2667,2667,17014.0,2023-11-15 12:07:34.007904,2023-11-15 12:07:34.262149,0 days 00:00:00.254245,0.8,10,3.0,0.9,21,64,COMPLETE
2668,2668,17196.25,2023-11-15 12:07:34.263626,2023-11-15 12:07:34.520940,0 days 00:00:00.257314,0.8,10,2.75,0.9,19,76,COMPLETE
2669,2669,18122.5,2023-11-15 12:07:34.522284,2023-11-15 12:07:34.768363,0 days 00:00:00.246079,0.8,10,3.0,0.9,23,72,COMPLETE
2670,2670,15042.0,2023-11-15 12:07:34.769861,2023-11-15 12:07:35.048213,0 days 00:00:00.278352,0.8,40,3.0,0.9,13,67,COMPLETE
2671,2671,17825.5,2023-11-15 12:07:35.049612,2023-11-15 12:07:35.298731,0 days 00:00:00.249119,0.8,10,3.0,0.9,16,70,COMPLETE
2672,2672,17828.0,2023-11-15 12:07:35.300397,2023-11-15 12:07:35.550598,0 days 00:00:00.250201,0.8,10,2.5,0.9,20,74,COMPLETE
2673,2673,15931.25,2023-11-15 12:07:35.552119,2023-11-15 12:07:35.816365,0 days 00:00:00.264246,0.8,20,2.75,0.9,11,78,COMPLETE
2674,2674,17825.5,2023-11-15 12:07:35.817944,2023-11-15 12:07:36.066169,0 days 00:00:00.248225,0.8,10,3.0,0.9,24,70,COMPLETE
2675,2675,16711.25,2023-11-15 12:07:36.067577,2023-11-15 12:07:36.317977,0 days 00:00:00.250400,0.8,10,3.0,0.9,18,62,COMPLETE
2676,2676,16899.75,2023-11-15 12:07:36.319713,2023-11-15 12:07:36.573099,0 days 00:00:00.253386,0.6,10,3.0,0.9,22,66,COMPLETE
2677,2677,17369.5,2023-11-15 12:07:36.574524,2023-11-15 12:07:36.827927,0 days 00:00:00.253403,0.8,10,2.75,0.9,26,73,COMPLETE
2678,2678,17115.5,2023-11-15 12:07:36.829782,2023-11-15 12:07:37.085745,0 days 00:00:00.255963,0.8,10,3.0,0.9,15,69,COMPLETE
2679,2679,18682.0,2023-11-15 12:07:37.087242,2023-11-15 12:07:37.336546,0 days 00:00:00.249304,0.8,10,3.0,0.9,17,75,COMPLETE
2680,2680,17848.25,2023-11-15 12:07:37.337926,2023-11-15 12:07:37.589669,0 days 00:00:00.251743,0.4,10,3.0,0.9,21,72,COMPLETE
2681,2681,17917.0,2023-11-15 12:07:37.591757,2023-11-15 12:07:37.844445,0 days 00:00:00.252688,0.8,10,2.75,0.9,47,67,COMPLETE
2682,2682,16898.75,2023-11-15 12:07:37.846178,2023-11-15 12:07:38.099000,0 days 00:00:00.252822,0.8,20,3.0,0.9,19,76,COMPLETE
2683,2683,18973.5,2023-11-15 12:07:38.100389,2023-11-15 12:07:38.346545,0 days 00:00:00.246156,0.7000000000000001,10,3.0,0.9,14,71,COMPLETE
2684,2684,12000.5,2023-11-15 12:07:38.348114,2023-11-15 12:07:38.624492,0 days 00:00:00.276378,0.1,10,3.0,0.9,24,64,COMPLETE
2685,2685,17370.5,2023-11-15 12:07:38.626017,2023-11-15 12:07:38.881506,0 days 00:00:00.255489,0.8,10,2.5,0.9,21,79,COMPLETE
2686,2686,17115.5,2023-11-15 12:07:38.882865,2023-11-15 12:07:39.135822,0 days 00:00:00.252957,0.8,10,2.75,0.9,17,69,COMPLETE
2687,2687,17369.5,2023-11-15 12:07:39.137201,2023-11-15 12:07:39.389504,0 days 00:00:00.252303,0.8,10,3.0,0.9,19,73,COMPLETE
2688,2688,16719.5,2023-11-15 12:07:39.390978,2023-11-15 12:07:39.646816,0 days 00:00:00.255838,0.8,10,3.0,0.9,22,66,COMPLETE
2689,2689,12420.5,2023-11-15 12:07:39.648290,2023-11-15 12:07:39.912114,0 days 00:00:00.263824,0.8,100,3.0,0.9,16,76,COMPLETE
2690,2690,19260.75,2023-11-15 12:07:39.913681,2023-11-15 12:07:40.158920,0 days 00:00:00.245239,0.8,10,2.75,0.9,68,71,COMPLETE
2691,2691,17115.5,2023-11-15 12:07:40.160863,2023-11-15 12:07:40.415334,0 days 00:00:00.254471,0.8,10,3.0,0.9,19,69,COMPLETE
2692,2692,15902.75,2023-11-15 12:07:40.416736,2023-11-15 12:07:40.672358,0 days 00:00:00.255622,0.8,20,3.0,0.9,25,61,COMPLETE
2693,2693,17920.75,2023-11-15 12:07:40.673791,2023-11-15 12:07:40.925055,0 days 00:00:00.251264,0.8,10,3.0,0.9,13,74,COMPLETE
2694,2694,17552.0,2023-11-15 12:07:40.926525,2023-11-15 12:07:41.198898,0 days 00:00:00.272373,0.8,10,2.75,0.9,23,79,COMPLETE
2695,2695,16719.5,2023-11-15 12:07:41.200298,2023-11-15 12:07:41.455059,0 days 00:00:00.254761,0.8,10,3.0,0.9,59,66,COMPLETE
2696,2696,18122.5,2023-11-15 12:07:41.456611,2023-11-15 12:07:41.714772,0 days 00:00:00.258161,0.8,10,3.0,0.9,17,72,COMPLETE
2697,2697,17115.5,2023-11-15 12:07:41.716585,2023-11-15 12:07:41.967608,0 days 00:00:00.251023,0.8,10,2.75,0.9,20,69,COMPLETE
2698,2698,17640.25,2023-11-15 12:07:41.969146,2023-11-15 12:07:42.219811,0 days 00:00:00.250665,0.7000000000000001,10,3.0,0.9,15,74,COMPLETE
2699,2699,17014.0,2023-11-15 12:07:42.221310,2023-11-15 12:07:42.473830,0 days 00:00:00.252520,0.8,10,3.0,0.9,22,64,COMPLETE
2700,2700,18026.0,2023-11-15 12:07:42.475301,2023-11-15 12:07:42.723168,0 days 00:00:00.247867,0.8,10,3.0,0.9,18,77,COMPLETE
2701,2701,17547.25,2023-11-15 12:07:42.724658,2023-11-15 12:07:42.976520,0 days 00:00:00.251862,0.8,10,3.0,0.9,20,68,COMPLETE
2702,2702,17398.25,2023-11-15 12:07:42.978476,2023-11-15 12:07:43.234371,0 days 00:00:00.255895,0.8,10,2.75,0.5,26,71,COMPLETE
2703,2703,15687.75,2023-11-15 12:07:43.235761,2023-11-15 12:07:43.499013,0 days 00:00:00.263252,0.2,20,3.0,0.9,24,73,COMPLETE
2704,2704,17547.25,2023-11-15 12:07:43.500375,2023-11-15 12:07:43.749455,0 days 00:00:00.249080,0.8,10,3.0,0.9,12,68,COMPLETE
2705,2705,16477.0,2023-11-15 12:07:43.751137,2023-11-15 12:07:44.014919,0 days 00:00:00.263782,0.8,30,2.5,0.9,16,80,COMPLETE
2706,2706,18682.0,2023-11-15 12:07:44.016653,2023-11-15 12:07:44.265434,0 days 00:00:00.248781,0.8,10,3.0,0.9,21,75,COMPLETE
2707,2707,19260.75,2023-11-15 12:07:44.267039,2023-11-15 12:07:44.512030,0 days 00:00:00.244991,0.8,10,2.75,0.9,18,71,COMPLETE
2708,2708,17654.5,2023-11-15 12:07:44.513730,2023-11-15 12:07:44.764898,0 days 00:00:00.251168,0.8,10,3.0,0.9,15,65,COMPLETE
2709,2709,17016.25,2023-11-15 12:07:44.766441,2023-11-15 12:07:45.025458,0 days 00:00:00.259017,0.8,10,3.0,0.9,23,76,COMPLETE
2710,2710,17731.5,2023-11-15 12:07:45.027252,2023-11-15 12:07:45.278248,0 days 00:00:00.250996,0.8,10,2.75,0.9,19,70,COMPLETE
2711,2711,16711.25,2023-11-15 12:07:45.279979,2023-11-15 12:07:45.534195,0 days 00:00:00.254216,0.8,10,3.0,0.9,21,62,COMPLETE
2712,2712,17917.0,2023-11-15 12:07:45.535608,2023-11-15 12:07:45.789480,0 days 00:00:00.253872,0.8,10,3.0,0.9,14,67,COMPLETE
2713,2713,16636.0,2023-11-15 12:07:45.791388,2023-11-15 12:07:46.055529,0 days 00:00:00.264141,0.8,20,3.0,0.9,17,73,COMPLETE
2714,2714,18973.5,2023-11-15 12:07:46.057097,2023-11-15 12:07:46.304802,0 days 00:00:00.247705,0.7000000000000001,10,2.75,0.9,26,71,COMPLETE
2715,2715,17917.0,2023-11-15 12:07:46.306297,2023-11-15 12:07:46.560055,0 days 00:00:00.253758,0.8,10,3.0,0.9,19,67,COMPLETE
2716,2716,18121.5,2023-11-15 12:07:46.562096,2023-11-15 12:07:46.813005,0 days 00:00:00.250909,0.8,10,3.0,0.9,22,77,COMPLETE
2717,2717,17546.5,2023-11-15 12:07:46.814740,2023-11-15 12:07:47.068792,0 days 00:00:00.254052,0.7000000000000001,10,3.0,0.9,11,74,COMPLETE
2718,2718,17825.5,2023-11-15 12:07:47.070326,2023-11-15 12:07:47.320362,0 days 00:00:00.250036,0.8,10,2.75,0.9,17,70,COMPLETE
2719,2719,17271.75,2023-11-15 12:07:47.321853,2023-11-15 12:07:47.590653,0 days 00:00:00.268800,0.8,10,3.0,0.9,24,59,COMPLETE
2720,2720,17014.0,2023-11-15 12:07:47.592193,2023-11-15 12:07:47.845985,0 days 00:00:00.253792,0.8,10,3.0,0.9,20,64,COMPLETE
2721,2721,13191.75,2023-11-15 12:07:47.847445,2023-11-15 12:07:48.131023,0 days 00:00:00.283578,0.8,60,2.5,0.9,14,81,COMPLETE
2722,2722,15407.0,2023-11-15 12:07:48.132490,2023-11-15 12:07:48.400080,0 days 00:00:00.267590,0.8,50,3.0,0.9,22,72,COMPLETE
2723,2723,15899.75,2023-11-15 12:07:48.401558,2023-11-15 12:07:48.669554,0 days 00:00:00.267996,0.8,20,2.75,0.9,16,68,COMPLETE
2724,2724,16932.5,2023-11-15 12:07:48.671062,2023-11-15 12:07:48.931640,0 days 00:00:00.260578,0.30000000000000004,10,3.0,0.9,19,76,COMPLETE
2725,2725,17369.5,2023-11-15 12:07:48.933076,2023-11-15 12:07:49.186821,0 days 00:00:00.253745,0.8,10,3.0,0.9,26,73,COMPLETE
2726,2726,17115.5,2023-11-15 12:07:49.188283,2023-11-15 12:07:49.445769,0 days 00:00:00.257486,0.8,10,3.0,0.9,18,69,COMPLETE
2727,2727,16719.5,2023-11-15 12:07:49.447406,2023-11-15 12:07:49.704679,0 days 00:00:00.257273,0.8,10,2.75,0.9,21,66,COMPLETE
2728,2728,19260.75,2023-11-15 12:07:49.706250,2023-11-15 12:07:49.953224,0 days 00:00:00.246974,0.8,10,3.0,0.9,24,71,COMPLETE
2729,2729,17369.25,2023-11-15 12:07:49.954629,2023-11-15 12:07:50.209491,0 days 00:00:00.254862,0.8,10,3.0,0.9,13,79,COMPLETE
2730,2730,0.0,2023-11-15 12:07:50.211320,2023-11-15 12:07:50.451398,0 days 00:00:00.240078,0.8,10,3.0,0.9,17,6,COMPLETE
2731,2731,17920.75,2023-11-15 12:07:50.452922,2023-11-15 12:07:50.706223,0 days 00:00:00.253301,0.8,10,3.0,0.9,20,74,COMPLETE
2732,2732,17115.5,2023-11-15 12:07:50.707621,2023-11-15 12:07:50.963988,0 days 00:00:00.256367,0.8,10,2.75,0.9,23,69,COMPLETE
2733,2733,15630.5,2023-11-15 12:07:50.965361,2023-11-15 12:07:51.227891,0 days 00:00:00.262530,0.8,20,3.0,0.9,15,63,COMPLETE
2734,2734,17378.25,2023-11-15 12:07:51.229684,2023-11-15 12:07:51.510092,0 days 00:00:00.280408,0.8,10,2.75,0.9,18,76,COMPLETE
2735,2735,16719.5,2023-11-15 12:07:51.511591,2023-11-15 12:07:51.773732,0 days 00:00:00.262141,0.8,10,3.0,0.9,22,66,COMPLETE
