,number,value,datetime_start,datetime_complete,duration,params_alpha,params_decay_interval,params_decay_rate,params_gamma,params_initialization,params_max_steps,state
3233,3233,19261.0,2023-11-15 10:52:38.871701,2023-11-15 10:52:39.173846,0 days 00:00:00.302145,0.2,10,0.75,0.7000000000000001,0,150,COMPLETE
3234,3234,18992.75,2023-11-15 10:52:39.175357,2023-11-15 10:52:39.495535,0 days 00:00:00.320178,0.2,10,0.75,0.9,4,143,COMPLETE
3235,3235,18465.25,2023-11-15 10:52:39.497599,2023-11-15 10:52:39.837175,0 days 00:00:00.339576,0.30000000000000004,10,0.25,0.9,2,147,COMPLETE
3236,3236,18310.0,2023-11-15 10:52:39.838785,2023-11-15 10:52:40.150379,0 days 00:00:00.311594,0.2,20,0.75,0.9,10,145,COMPLETE
3237,3237,19161.25,2023-11-15 10:52:40.151979,2023-11-15 10:52:40.460900,0 days 00:00:00.308921,0.1,10,0.5,0.5,0,139,COMPLETE
3238,3238,19261.0,2023-11-15 10:52:40.462452,2023-11-15 10:52:40.765195,0 days 00:00:00.302743,0.2,10,0.75,0.9,6,147,COMPLETE
3239,3239,18632.5,2023-11-15 10:52:40.766752,2023-11-15 10:52:41.084776,0 days 00:00:00.318024,0.6,10,0.75,0.9,3,142,COMPLETE
3240,3240,19066.5,2023-11-15 10:52:41.086673,2023-11-15 10:52:41.420239,0 days 00:00:00.333566,0.2,10,1.25,0.9,2,144,COMPLETE
3241,3241,19261.0,2023-11-15 10:52:41.422093,2023-11-15 10:52:41.739302,0 days 00:00:00.317209,0.2,10,0.75,0.30000000000000004,0,150,COMPLETE
3242,3242,19067.5,2023-11-15 10:52:41.740780,2023-11-15 10:52:42.057112,0 days 00:00:00.316332,0.1,10,1.0,0.8,4,137,COMPLETE
3243,3243,19173.0,2023-11-15 10:52:42.058533,2023-11-15 10:52:42.375611,0 days 00:00:00.317078,0.2,10,0.75,0.9,7,148,COMPLETE
3244,3244,18969.5,2023-11-15 10:52:42.377685,2023-11-15 10:52:42.689704,0 days 00:00:00.312019,0.2,10,0.75,0.6,2,141,COMPLETE
3245,3245,19359.75,2023-11-15 10:52:42.692003,2023-11-15 10:52:42.998061,0 days 00:00:00.306058,0.1,10,0.75,0.9,0,145,COMPLETE
3246,3246,18788.0,2023-11-15 10:52:42.999634,2023-11-15 10:52:43.317255,0 days 00:00:00.317621,0.2,10,1.0,0.9,5,132,COMPLETE
3247,3247,18394.75,2023-11-15 10:52:43.318694,2023-11-15 10:52:43.635440,0 days 00:00:00.316746,0.2,20,0.5,0.9,2,143,COMPLETE
3248,3248,17445.5,2023-11-15 10:52:43.637331,2023-11-15 10:52:43.985374,0 days 00:00:00.348043,0.8,10,0.75,0.9,0,147,COMPLETE
3249,3249,19169.0,2023-11-15 10:52:43.986921,2023-11-15 10:52:44.292064,0 days 00:00:00.305143,0.2,10,1.25,0.9,4,147,COMPLETE
3250,3250,18683.5,2023-11-15 10:52:44.293553,2023-11-15 10:52:44.608300,0 days 00:00:00.314747,0.2,10,0.75,0.9,29,140,COMPLETE
3251,3251,19082.5,2023-11-15 10:52:44.609736,2023-11-15 10:52:44.942335,0 days 00:00:00.332599,0.1,10,0.75,0.9,2,150,COMPLETE
3252,3252,18740.25,2023-11-15 10:52:44.943851,2023-11-15 10:52:45.261035,0 days 00:00:00.317184,0.30000000000000004,10,0.75,0.9,8,144,COMPLETE
3253,3253,19359.75,2023-11-15 10:52:45.262611,2023-11-15 10:52:45.571511,0 days 00:00:00.308900,0.2,10,0.75,0.4,0,145,COMPLETE
3254,3254,18831.0,2023-11-15 10:52:45.573287,2023-11-15 10:52:45.884373,0 days 00:00:00.311086,0.2,10,0.5,0.9,4,137,COMPLETE
3255,3255,18878.0,2023-11-15 10:52:45.886126,2023-11-15 10:52:46.212739,0 days 00:00:00.326613,0.1,10,0.75,0.8,6,142,COMPLETE
3256,3256,18393.5,2023-11-15 10:52:46.214781,2023-11-15 10:52:46.524498,0 days 00:00:00.309717,0.2,20,1.0,0.9,2,150,COMPLETE
3257,3257,13693.5,2023-11-15 10:52:46.526108,2023-11-15 10:52:46.869841,0 days 00:00:00.343733,0.2,90,0.75,0.9,0,147,COMPLETE
3258,3258,19066.25,2023-11-15 10:52:46.871365,2023-11-15 10:52:47.178608,0 days 00:00:00.307243,0.2,10,0.75,0.9,3,140,COMPLETE
3259,3259,19292.25,2023-11-15 10:52:47.180574,2023-11-15 10:52:47.490834,0 days 00:00:00.310260,0.2,10,0.75,0.9,2,145,COMPLETE
3260,3260,19261.0,2023-11-15 10:52:47.492380,2023-11-15 10:52:47.794440,0 days 00:00:00.302060,0.1,10,1.25,0.9,5,143,COMPLETE
3261,3261,19240.5,2023-11-15 10:52:47.796042,2023-11-15 10:52:48.117418,0 days 00:00:00.321376,0.2,10,0.25,0.9,0,147,COMPLETE
3262,3262,19359.75,2023-11-15 10:52:48.118909,2023-11-15 10:52:48.451050,0 days 00:00:00.332141,0.30000000000000004,10,1.0,0.8,4,148,COMPLETE
3263,3263,18931.75,2023-11-15 10:52:48.452551,2023-11-15 10:52:48.764009,0 days 00:00:00.311458,0.2,10,0.75,0.9,2,107,COMPLETE
3264,3264,19091.5,2023-11-15 10:52:48.765460,2023-11-15 10:52:49.085045,0 days 00:00:00.319585,0.2,10,0.75,0.9,10,142,COMPLETE
3265,3265,19163.75,2023-11-15 10:52:49.086993,2023-11-15 10:52:49.396645,0 days 00:00:00.309652,0.2,10,0.75,0.9,0,150,COMPLETE
3266,3266,17862.0,2023-11-15 10:52:49.398771,2023-11-15 10:52:49.724466,0 days 00:00:00.325695,0.1,10,0.75,0.7000000000000001,7,145,COMPLETE
3267,3267,19063.75,2023-11-15 10:52:49.726089,2023-11-15 10:52:50.034440,0 days 00:00:00.308351,0.2,10,1.75,0.9,15,138,COMPLETE
3268,3268,10784.25,2023-11-15 10:52:50.035938,2023-11-15 10:52:50.416486,0 days 00:00:00.380548,0.2,20,0.75,0.5,87,141,COMPLETE
3269,3269,19292.25,2023-11-15 10:52:50.418388,2023-11-15 10:52:50.735436,0 days 00:00:00.317048,0.2,10,0.75,0.9,2,145,COMPLETE
3270,3270,19171.25,2023-11-15 10:52:50.736908,2023-11-15 10:52:51.041082,0 days 00:00:00.304174,0.1,10,1.0,0.9,4,147,COMPLETE
3271,3271,18981.5,2023-11-15 10:52:51.043023,2023-11-15 10:52:51.355950,0 days 00:00:00.312927,0.2,10,0.5,0.9,0,135,COMPLETE
3272,3272,13210.0,2023-11-15 10:52:51.357610,2023-11-15 10:52:51.764017,0 days 00:00:00.406407,0.9,10,0.75,0.8,6,150,COMPLETE
3273,3273,18992.75,2023-11-15 10:52:51.768745,2023-11-15 10:52:52.099814,0 days 00:00:00.331069,0.2,10,0.75,0.9,2,143,COMPLETE
3274,3274,18340.75,2023-11-15 10:52:52.101281,2023-11-15 10:52:52.416326,0 days 00:00:00.315045,0.2,20,0.75,0.9,4,139,COMPLETE
3275,3275,19164.0,2023-11-15 10:52:52.417933,2023-11-15 10:52:52.730889,0 days 00:00:00.312956,0.1,10,1.25,0.9,0,147,COMPLETE
3276,3276,19066.25,2023-11-15 10:52:52.732423,2023-11-15 10:52:53.041471,0 days 00:00:00.309048,0.2,10,1.0,0.9,2,144,COMPLETE
3277,3277,19261.0,2023-11-15 10:52:53.042989,2023-11-15 10:52:53.345374,0 days 00:00:00.302385,0.2,10,0.75,0.9,6,147,COMPLETE
3278,3278,17394.5,2023-11-15 10:52:53.347541,2023-11-15 10:52:53.679602,0 days 00:00:00.332061,0.30000000000000004,10,0.75,0.8,35,141,COMPLETE
3279,3279,18964.5,2023-11-15 10:52:53.681867,2023-11-15 10:52:54.008249,0 days 00:00:00.326382,0.2,10,0.25,0.9,3,150,COMPLETE
3280,3280,19261.0,2023-11-15 10:52:54.009755,2023-11-15 10:52:54.320494,0 days 00:00:00.310739,0.2,10,0.75,0.6,0,143,COMPLETE
3281,3281,19268.25,2023-11-15 10:52:54.321930,2023-11-15 10:52:54.642408,0 days 00:00:00.320478,0.1,10,0.5,0.9,2,145,COMPLETE
3282,3282,18199.25,2023-11-15 10:52:54.644057,2023-11-15 10:52:54.984138,0 days 00:00:00.340081,0.2,20,0.75,0.9,9,138,COMPLETE
3283,3283,16195.75,2023-11-15 10:52:54.985855,2023-11-15 10:52:55.321020,0 days 00:00:00.335165,0.30000000000000004,10,0.75,0.4,12,147,COMPLETE
3284,3284,17445.5,2023-11-15 10:52:55.322509,2023-11-15 10:52:55.649030,0 days 00:00:00.326521,0.2,30,0.75,0.9,5,141,COMPLETE
3285,3285,16494.0,2023-11-15 10:52:55.650589,2023-11-15 10:52:55.976227,0 days 00:00:00.325638,0.2,50,1.25,0.9,0,145,COMPLETE
3286,3286,19278.5,2023-11-15 10:52:55.978219,2023-11-15 10:52:56.288731,0 days 00:00:00.310512,0.1,10,1.0,0.9,4,148,COMPLETE
3287,3287,19082.5,2023-11-15 10:52:56.290307,2023-11-15 10:52:56.596381,0 days 00:00:00.306074,0.2,10,0.75,0.9,2,150,COMPLETE
3288,3288,18992.75,2023-11-15 10:52:56.598584,2023-11-15 10:52:56.916486,0 days 00:00:00.317902,0.2,10,0.75,0.9,7,143,COMPLETE
3289,3289,19161.25,2023-11-15 10:52:56.918245,2023-11-15 10:52:57.228955,0 days 00:00:00.310710,0.4,10,1.5,0.7000000000000001,0,136,COMPLETE
3290,3290,19147.25,2023-11-15 10:52:57.231323,2023-11-15 10:52:57.545264,0 days 00:00:00.313941,0.1,10,0.75,0.9,3,140,COMPLETE
3291,3291,19023.75,2023-11-15 10:52:57.546857,2023-11-15 10:52:57.856325,0 days 00:00:00.309468,0.2,10,1.0,0.8,2,145,COMPLETE
3292,3292,19270.0,2023-11-15 10:52:57.857804,2023-11-15 10:52:58.165093,0 days 00:00:00.307289,0.2,10,1.25,0.9,5,148,COMPLETE
3293,3293,18394.75,2023-11-15 10:52:58.166905,2023-11-15 10:52:58.522913,0 days 00:00:00.356008,0.2,20,0.75,0.9,0,143,COMPLETE
3294,3294,19261.0,2023-11-15 10:52:58.525284,2023-11-15 10:52:58.829054,0 days 00:00:00.303770,0.2,10,0.75,0.9,2,147,COMPLETE
3295,3295,19163.75,2023-11-15 10:52:58.831361,2023-11-15 10:52:59.145576,0 days 00:00:00.314215,0.2,10,0.75,0.9,0,150,COMPLETE
3296,3296,18779.25,2023-11-15 10:52:59.147543,2023-11-15 10:52:59.461933,0 days 00:00:00.314390,0.1,10,0.5,0.8,4,118,COMPLETE
3297,3297,19066.25,2023-11-15 10:52:59.464113,2023-11-15 10:52:59.777686,0 days 00:00:00.313573,0.2,10,0.75,0.9,8,140,COMPLETE
3298,3298,19292.25,2023-11-15 10:52:59.779525,2023-11-15 10:53:00.096520,0 days 00:00:00.316995,0.2,10,0.75,0.9,2,145,COMPLETE
3299,3299,18791.75,2023-11-15 10:53:00.099022,2023-11-15 10:53:00.421305,0 days 00:00:00.322283,0.2,10,0.75,0.9,4,144,COMPLETE
3300,3300,19171.25,2023-11-15 10:53:00.422936,2023-11-15 10:53:00.737338,0 days 00:00:00.314402,0.1,10,1.0,0.9,6,147,COMPLETE
3301,3301,19171.5,2023-11-15 10:53:00.738913,2023-11-15 10:53:01.049515,0 days 00:00:00.310602,0.30000000000000004,10,0.75,0.9,0,142,COMPLETE
3302,3302,15205.75,2023-11-15 10:53:01.051326,2023-11-15 10:53:01.389591,0 days 00:00:00.338265,0.2,20,0.75,0.2,2,138,COMPLETE
3303,3303,18938.75,2023-11-15 10:53:01.391258,2023-11-15 10:53:01.724813,0 days 00:00:00.333555,0.2,10,0.25,0.9,4,147,COMPLETE
3304,3304,18837.5,2023-11-15 10:53:01.726417,2023-11-15 10:53:02.067628,0 days 00:00:00.341211,0.2,10,0.75,0.9,0,133,COMPLETE
3305,3305,19082.5,2023-11-15 10:53:02.069120,2023-11-15 10:53:02.383067,0 days 00:00:00.313947,0.1,10,0.75,0.9,2,150,COMPLETE
3306,3306,8428.5,2023-11-15 10:53:02.384989,2023-11-15 10:53:02.796132,0 days 00:00:00.411143,0.2,10,1.25,0.30000000000000004,6,142,COMPLETE
3307,3307,0.0,2023-11-15 10:53:02.798170,2023-11-15 10:53:03.108611,0 days 00:00:00.310441,0.2,10,0.5,0.8,2,12,COMPLETE
3308,3308,19359.75,2023-11-15 10:53:03.110259,2023-11-15 10:53:03.424543,0 days 00:00:00.314284,0.1,10,0.75,0.9,0,145,COMPLETE
3309,3309,13.75,2023-11-15 10:53:03.426261,2023-11-15 10:53:03.796334,0 days 00:00:00.370073,0.2,10,1.0,0.9,4,37,COMPLETE
3310,3310,11589.25,2023-11-15 10:53:03.798448,2023-11-15 10:53:04.171939,0 days 00:00:00.373491,0.2,10,0.75,0.4,8,140,COMPLETE
3311,3311,19261.0,2023-11-15 10:53:04.173375,2023-11-15 10:53:04.487876,0 days 00:00:00.314501,0.2,10,0.75,0.9,2,147,COMPLETE
3312,3312,19261.0,2023-11-15 10:53:04.489691,2023-11-15 10:53:04.799262,0 days 00:00:00.309571,0.2,10,1.0,0.5,0,143,COMPLETE
3313,3313,19359.75,2023-11-15 10:53:04.800991,2023-11-15 10:53:05.110761,0 days 00:00:00.309770,0.2,10,0.75,0.9,4,145,COMPLETE
3314,3314,17923.5,2023-11-15 10:53:05.112406,2023-11-15 10:53:05.452416,0 days 00:00:00.340010,0.1,20,0.75,0.6,2,150,COMPLETE
3315,3315,17635.0,2023-11-15 10:53:05.456819,2023-11-15 10:53:05.795892,0 days 00:00:00.339073,0.30000000000000004,10,0.75,0.7000000000000001,5,139,COMPLETE
3316,3316,19261.0,2023-11-15 10:53:05.799657,2023-11-15 10:53:06.117399,0 days 00:00:00.317742,0.2,10,0.75,0.9,0,147,COMPLETE
3317,3317,18587.75,2023-11-15 10:53:06.118952,2023-11-15 10:53:06.441503,0 days 00:00:00.322551,0.2,10,0.5,0.9,7,136,COMPLETE
3318,3318,18992.75,2023-11-15 10:53:06.443437,2023-11-15 10:53:06.771977,0 days 00:00:00.328540,0.2,10,0.75,0.9,3,143,COMPLETE
3319,3319,18872.5,2023-11-15 10:53:06.773729,2023-11-15 10:53:07.101449,0 days 00:00:00.327720,0.1,10,1.25,0.9,10,150,COMPLETE
3320,3320,14968.25,2023-11-15 10:53:07.102966,2023-11-15 10:53:07.449051,0 days 00:00:00.346085,0.2,60,0.75,0.9,0,141,COMPLETE
3321,3321,19359.75,2023-11-15 10:53:07.450511,2023-11-15 10:53:07.765013,0 days 00:00:00.314502,0.30000000000000004,10,1.0,0.9,2,145,COMPLETE
3322,3322,19168.0,2023-11-15 10:53:07.766493,2023-11-15 10:53:08.089700,0 days 00:00:00.323207,0.6,10,0.75,0.8,4,147,COMPLETE
3323,3323,18394.75,2023-11-15 10:53:08.091197,2023-11-15 10:53:08.408062,0 days 00:00:00.316865,0.2,20,0.75,0.9,6,143,COMPLETE
3324,3324,19169.0,2023-11-15 10:53:08.409550,2023-11-15 10:53:08.721378,0 days 00:00:00.311828,0.4,10,1.25,0.9,2,147,COMPLETE
3325,3325,19064.75,2023-11-15 10:53:08.722875,2023-11-15 10:53:09.070247,0 days 00:00:00.347372,0.2,10,0.75,0.9,0,139,COMPLETE
3326,3326,19350.75,2023-11-15 10:53:09.072125,2023-11-15 10:53:09.396838,0 days 00:00:00.324713,0.1,10,0.75,0.9,4,145,COMPLETE
3327,3327,18872.5,2023-11-15 10:53:09.398800,2023-11-15 10:53:09.722916,0 days 00:00:00.324116,0.2,10,1.5,0.8,2,142,COMPLETE
3328,3328,19163.75,2023-11-15 10:53:09.724432,2023-11-15 10:53:10.037582,0 days 00:00:00.313150,0.2,10,0.75,0.9,0,150,COMPLETE
3329,3329,19014.75,2023-11-15 10:53:10.039281,2023-11-15 10:53:10.344996,0 days 00:00:00.305715,0.2,10,1.0,0.9,6,147,COMPLETE
3330,3330,18394.75,2023-11-15 10:53:10.347033,2023-11-15 10:53:10.661080,0 days 00:00:00.314047,0.2,20,0.75,0.9,3,143,COMPLETE
3331,3331,19072.75,2023-11-15 10:53:10.662906,2023-11-15 10:53:10.969555,0 days 00:00:00.306649,0.1,10,0.75,0.9,0,137,COMPLETE
3332,3332,15688.5,2023-11-15 10:53:10.971065,2023-11-15 10:53:11.309151,0 days 00:00:00.338086,0.2,10,0.75,0.5,8,148,COMPLETE
3333,3333,19292.25,2023-11-15 10:53:11.310752,2023-11-15 10:53:11.625495,0 days 00:00:00.314743,0.2,10,1.0,0.9,2,145,COMPLETE
3334,3334,18631.75,2023-11-15 10:53:11.627160,2023-11-15 10:53:11.950760,0 days 00:00:00.323600,0.2,10,0.25,0.9,4,141,COMPLETE
3335,3335,15302.5,2023-11-15 10:53:11.952298,2023-11-15 10:53:12.287048,0 days 00:00:00.334750,0.1,70,0.5,0.9,0,145,COMPLETE
3336,3336,14118.0,2023-11-15 10:53:12.318117,2023-11-15 10:53:12.673709,0 days 00:00:00.355592,0.2,80,0.75,0.9,2,150,COMPLETE
3337,3337,19066.25,2023-11-15 10:53:12.675468,2023-11-15 10:53:13.041106,0 days 00:00:00.365638,0.2,10,0.75,0.9,5,141,COMPLETE
3338,3338,19113.25,2023-11-15 10:53:13.043559,2023-11-15 10:53:13.359474,0 days 00:00:00.315915,0.1,10,0.75,0.9,0,93,COMPLETE
3339,3339,17601.75,2023-11-15 10:53:13.361004,2023-11-15 10:53:13.698208,0 days 00:00:00.337204,0.2,10,0.75,0.8,24,147,COMPLETE
3340,3340,18299.75,2023-11-15 10:53:13.699973,2023-11-15 10:53:14.019692,0 days 00:00:00.319719,0.30000000000000004,10,1.25,0.7000000000000001,2,144,COMPLETE
3341,3341,12489.75,2023-11-15 10:53:14.021274,2023-11-15 10:53:14.377856,0 days 00:00:00.356582,0.2,10,0.75,0.6,6,135,COMPLETE
3342,3342,18818.25,2023-11-15 10:53:14.379658,2023-11-15 10:53:14.691780,0 days 00:00:00.312122,0.2,10,0.75,0.9,4,139,COMPLETE
3343,3343,19278.5,2023-11-15 10:53:14.693284,2023-11-15 10:53:15.003180,0 days 00:00:00.309896,0.2,10,1.0,0.9,2,148,COMPLETE
3344,3344,19261.0,2023-11-15 10:53:15.004745,2023-11-15 10:53:15.315251,0 days 00:00:00.310506,0.2,10,0.75,0.9,0,143,COMPLETE
3345,3345,19350.75,2023-11-15 10:53:15.316849,2023-11-15 10:53:15.626125,0 days 00:00:00.309276,0.1,10,0.75,0.9,4,145,COMPLETE
3346,3346,18393.5,2023-11-15 10:53:15.627638,2023-11-15 10:53:15.965352,0 days 00:00:00.337714,0.2,20,0.5,0.9,8,150,COMPLETE
3347,3347,19066.25,2023-11-15 10:53:15.966913,2023-11-15 10:53:16.275863,0 days 00:00:00.308950,0.30000000000000004,10,0.75,0.8,2,141,COMPLETE
3348,3348,19359.75,2023-11-15 10:53:16.277437,2023-11-15 10:53:16.585099,0 days 00:00:00.307662,0.2,10,1.0,0.9,0,148,COMPLETE
3349,3349,19262.25,2023-11-15 10:53:16.586596,2023-11-15 10:53:16.892103,0 days 00:00:00.305507,0.2,10,0.75,0.9,6,145,COMPLETE
3350,3350,19065.75,2023-11-15 10:53:16.894078,2023-11-15 10:53:17.204491,0 days 00:00:00.310413,0.1,10,0.5,0.9,3,138,COMPLETE
3351,3351,18341.75,2023-11-15 10:53:17.206178,2023-11-15 10:53:17.524324,0 days 00:00:00.318146,0.2,10,0.75,0.9,12,131,COMPLETE
3352,3352,18992.75,2023-11-15 10:53:17.525803,2023-11-15 10:53:17.848465,0 days 00:00:00.322662,0.2,10,0.75,0.9,2,143,COMPLETE
3353,3353,18554.5,2023-11-15 10:53:17.850333,2023-11-15 10:53:18.164171,0 days 00:00:00.313838,0.2,20,0.75,0.9,0,147,COMPLETE
3354,3354,18969.25,2023-11-15 10:53:18.165876,2023-11-15 10:53:18.472409,0 days 00:00:00.306533,0.1,10,1.25,0.9,4,141,COMPLETE
3355,3355,19261.0,2023-11-15 10:53:18.473992,2023-11-15 10:53:18.777166,0 days 00:00:00.303174,0.2,10,0.75,0.9,2,147,COMPLETE
3356,3356,16547.75,2023-11-15 10:53:18.778821,2023-11-15 10:53:19.144768,0 days 00:00:00.365947,0.2,10,0.75,0.30000000000000004,9,150,COMPLETE
3357,3357,13593.5,2023-11-15 10:53:19.146482,2023-11-15 10:53:19.500907,0 days 00:00:00.354425,0.2,10,1.0,0.4,6,145,COMPLETE
3358,3358,19261.0,2023-11-15 10:53:19.502510,2023-11-15 10:53:19.809473,0 days 00:00:00.306963,0.1,10,2.0,0.8,0,143,COMPLETE
3359,3359,11618.75,2023-11-15 10:53:19.810979,2023-11-15 10:53:20.154269,0 days 00:00:00.343290,0.7000000000000001,40,0.75,0.9,4,46,COMPLETE
3360,3360,18985.25,2023-11-15 10:53:20.155772,2023-11-15 10:53:20.478768,0 days 00:00:00.322996,0.30000000000000004,10,0.75,0.9,2,138,COMPLETE
3361,3361,18872.25,2023-11-15 10:53:20.480713,2023-11-15 10:53:20.815711,0 days 00:00:00.334998,0.2,10,0.25,0.9,0,150,COMPLETE
3362,3362,19165.25,2023-11-15 10:53:20.817278,2023-11-15 10:53:21.142448,0 days 00:00:00.325170,0.2,10,1.25,0.7000000000000001,4,145,COMPLETE
3363,3363,14799.25,2023-11-15 10:53:21.143978,2023-11-15 10:53:21.505436,0 days 00:00:00.361458,0.2,10,0.75,0.5,2,141,COMPLETE
3364,3364,14448.75,2023-11-15 10:53:21.507239,2023-11-15 10:53:21.864603,0 days 00:00:00.357364,0.2,10,0.75,0.2,7,147,COMPLETE
3365,3365,18297.25,2023-11-15 10:53:21.866213,2023-11-15 10:53:22.205679,0 days 00:00:00.339466,0.1,20,1.0,0.6,0,144,COMPLETE
3366,3366,19359.75,2023-11-15 10:53:22.207462,2023-11-15 10:53:22.527791,0 days 00:00:00.320329,0.2,10,0.75,0.9,5,148,COMPLETE
3367,3367,18494.75,2023-11-15 10:53:22.529469,2023-11-15 10:53:22.877548,0 days 00:00:00.348079,0.2,10,0.75,0.9,2,135,COMPLETE
3368,3368,19261.0,2023-11-15 10:53:22.879183,2023-11-15 10:53:23.201351,0 days 00:00:00.322168,0.2,10,0.75,0.9,0,140,COMPLETE
3369,3369,19139.0,2023-11-15 10:53:23.203035,2023-11-15 10:53:23.520852,0 days 00:00:00.317817,0.1,10,0.75,0.8,3,143,COMPLETE
3370,3370,18771.25,2023-11-15 10:53:23.522493,2023-11-15 10:53:23.849697,0 days 00:00:00.327204,0.2,10,0.5,0.9,5,113,COMPLETE
3371,3371,19261.0,2023-11-15 10:53:23.851600,2023-11-15 10:53:24.163233,0 days 00:00:00.311633,0.2,10,1.0,0.9,2,147,COMPLETE
3372,3372,19261.0,2023-11-15 10:53:24.165214,2023-11-15 10:53:24.486797,0 days 00:00:00.321583,0.1,10,0.75,0.9,0,150,COMPLETE
3373,3373,18118.0,2023-11-15 10:53:24.488419,2023-11-15 10:53:24.826687,0 days 00:00:00.338268,0.2,10,0.75,0.9,54,145,COMPLETE
3374,3374,18319.5,2023-11-15 10:53:24.828181,2023-11-15 10:53:25.156484,0 days 00:00:00.328303,0.2,20,0.75,0.9,10,141,COMPLETE
3375,3375,18449.5,2023-11-15 10:53:25.158223,2023-11-15 10:53:25.503517,0 days 00:00:00.345294,0.4,10,0.75,0.9,4,147,COMPLETE
3376,3376,18985.25,2023-11-15 10:53:25.505084,2023-11-15 10:53:25.839130,0 days 00:00:00.334046,0.2,10,0.75,0.9,7,138,COMPLETE
3377,3377,19050.0,2023-11-15 10:53:25.840670,2023-11-15 10:53:26.148843,0 days 00:00:00.308173,0.2,10,1.0,0.9,2,143,COMPLETE
3378,3378,13041.5,2023-11-15 10:53:26.150594,2023-11-15 10:53:26.499114,0 days 00:00:00.348520,0.30000000000000004,100,1.25,0.8,0,150,COMPLETE
3379,3379,19165.0,2023-11-15 10:53:26.500669,2023-11-15 10:53:26.821429,0 days 00:00:00.320760,0.1,10,0.25,0.9,3,145,COMPLETE
3380,3380,19261.0,2023-11-15 10:53:26.823016,2023-11-15 10:53:27.127221,0 days 00:00:00.304205,0.2,10,0.75,0.9,5,147,COMPLETE
3381,3381,18877.5,2023-11-15 10:53:27.128827,2023-11-15 10:53:27.442189,0 days 00:00:00.313362,0.2,10,0.5,0.9,2,141,COMPLETE
3382,3382,19261.0,2023-11-15 10:53:27.444091,2023-11-15 10:53:27.758553,0 days 00:00:00.314462,0.2,10,0.75,0.9,0,143,COMPLETE
3383,3383,19110.25,2023-11-15 10:53:27.760135,2023-11-15 10:53:28.065456,0 days 00:00:00.305321,0.1,10,0.75,0.9,4,150,COMPLETE
3384,3384,18751.25,2023-11-15 10:53:28.066993,2023-11-15 10:53:28.384083,0 days 00:00:00.317090,0.2,10,0.75,0.9,8,145,COMPLETE
3385,3385,19049.0,2023-11-15 10:53:28.385754,2023-11-15 10:53:28.692477,0 days 00:00:00.306723,0.2,10,0.75,0.9,2,140,COMPLETE
3386,3386,18584.75,2023-11-15 10:53:28.693982,2023-11-15 10:53:29.040755,0 days 00:00:00.346773,0.30000000000000004,20,1.5,0.8,0,147,COMPLETE
3387,3387,18782.5,2023-11-15 10:53:29.042355,2023-11-15 10:53:29.358257,0 days 00:00:00.315902,0.2,10,1.0,0.9,6,136,COMPLETE
3388,3388,15199.5,2023-11-15 10:53:29.359847,2023-11-15 10:53:29.696599,0 days 00:00:00.336752,0.1,50,0.75,0.5,2,143,COMPLETE
3389,3389,19136.5,2023-11-15 10:53:29.698534,2023-11-15 10:53:30.004089,0 days 00:00:00.305555,0.2,10,0.75,0.9,4,148,COMPLETE
3390,3390,19270.0,2023-11-15 10:53:30.005606,2023-11-15 10:53:30.307920,0 days 00:00:00.302314,0.2,10,1.25,0.9,0,145,COMPLETE
3391,3391,18682.25,2023-11-15 10:53:30.309645,2023-11-15 10:53:30.619858,0 days 00:00:00.310213,0.2,10,0.75,0.7000000000000001,2,139,COMPLETE
3392,3392,19132.0,2023-11-15 10:53:30.621447,2023-11-15 10:53:30.932643,0 days 00:00:00.311196,0.2,10,1.0,0.9,4,150,COMPLETE
3393,3393,19261.0,2023-11-15 10:53:30.934337,2023-11-15 10:53:31.243668,0 days 00:00:00.309331,0.2,10,0.75,0.9,0,143,COMPLETE
3394,3394,18970.75,2023-11-15 10:53:31.245268,2023-11-15 10:53:31.560139,0 days 00:00:00.314871,0.1,10,1.25,0.8,7,147,COMPLETE
3395,3395,17844.25,2023-11-15 10:53:31.561660,2023-11-15 10:53:31.875647,0 days 00:00:00.313987,0.2,20,0.5,0.9,3,103,COMPLETE
3396,3396,18800.25,2023-11-15 10:53:31.877362,2023-11-15 10:53:32.191780,0 days 00:00:00.314418,0.2,10,0.75,0.9,2,127,COMPLETE
3397,3397,19350.75,2023-11-15 10:53:32.193357,2023-11-15 10:53:32.523028,0 days 00:00:00.329671,0.1,10,0.75,0.9,6,145,COMPLETE
3398,3398,19261.0,2023-11-15 10:53:32.524494,2023-11-15 10:53:32.830461,0 days 00:00:00.305967,0.2,10,0.75,0.9,0,140,COMPLETE
3399,3399,19261.0,2023-11-15 10:53:32.832440,2023-11-15 10:53:33.135246,0 days 00:00:00.302806,0.30000000000000004,10,1.0,0.9,2,147,COMPLETE
3400,3400,19093.75,2023-11-15 10:53:33.136762,2023-11-15 10:53:33.441569,0 days 00:00:00.304807,0.2,10,0.75,0.9,5,142,COMPLETE
3401,3401,16823.25,2023-11-15 10:53:33.443104,2023-11-15 10:53:33.765627,0 days 00:00:00.322523,0.2,30,0.75,0.6,10,150,COMPLETE
