,number,value,datetime_start,datetime_complete,duration,params_alpha,params_decay_interval,params_decay_rate,params_gamma,params_initialization,params_max_steps,state
512,512,18283.0,2023-11-15 12:00:50.275216,2023-11-15 12:00:50.384675,0 days 00:00:00.109459,0.9,10,0.75,0.2,13,140,COMPLETE
513,513,199.75,2023-11-15 12:00:50.385679,2023-11-15 12:00:50.805397,0 days 00:00:00.419718,0.9,10,1.0,0.1,0,147,COMPLETE
514,514,18300.25,2023-11-15 12:00:50.806497,2023-11-15 12:00:50.918320,0 days 00:00:00.111823,0.9,10,0.75,0.7000000000000001,4,150,COMPLETE
515,515,18591.75,2023-11-15 12:00:50.919396,2023-11-15 12:00:51.025953,0 days 00:00:00.106557,0.9,10,2.0,0.2,11,145,COMPLETE
516,516,18047.5,2023-11-15 12:00:51.027109,2023-11-15 12:00:51.152113,0 days 00:00:00.125004,0.5,10,1.25,0.2,7,142,COMPLETE
517,517,18499.75,2023-11-15 12:00:51.153201,2023-11-15 12:00:51.259238,0 days 00:00:00.106037,0.9,10,1.0,0.2,2,147,COMPLETE
518,518,17646.5,2023-11-15 12:00:51.260466,2023-11-15 12:00:51.374614,0 days 00:00:00.114148,0.8,20,0.75,0.1,9,144,COMPLETE
519,519,18492.25,2023-11-15 12:00:51.375569,2023-11-15 12:00:51.484310,0 days 00:00:00.108741,0.9,10,1.0,0.2,5,150,COMPLETE
520,520,18053.0,2023-11-15 12:00:51.485271,2023-11-15 12:00:51.597874,0 days 00:00:00.112603,0.9,10,0.75,0.2,77,139,COMPLETE
521,521,18588.5,2023-11-15 12:00:51.598937,2023-11-15 12:00:51.705628,0 days 00:00:00.106691,0.9,10,1.0,0.2,10,147,COMPLETE
522,522,18399.75,2023-11-15 12:00:51.706558,2023-11-15 12:00:51.815596,0 days 00:00:00.109038,0.9,10,1.25,0.1,7,143,COMPLETE
523,523,18509.75,2023-11-15 12:00:51.816715,2023-11-15 12:00:51.925154,0 days 00:00:00.108439,0.8,10,0.75,0.30000000000000004,5,147,COMPLETE
524,524,15551.25,2023-11-15 12:00:51.926128,2023-11-15 12:00:52.060203,0 days 00:00:00.134075,0.9,60,1.0,0.2,44,145,COMPLETE
525,525,18399.0,2023-11-15 12:00:52.061603,2023-11-15 12:00:52.173937,0 days 00:00:00.112334,0.9,10,0.5,0.2,3,150,COMPLETE
526,526,16191.25,2023-11-15 12:00:52.174959,2023-11-15 12:00:52.294207,0 days 00:00:00.119248,0.9,50,1.0,0.2,8,140,COMPLETE
527,527,18141.25,2023-11-15 12:00:52.295471,2023-11-15 12:00:52.408668,0 days 00:00:00.113197,0.9,10,0.75,0.1,14,147,COMPLETE
528,528,18205.75,2023-11-15 12:00:52.409759,2023-11-15 12:00:52.524297,0 days 00:00:00.114538,0.9,10,1.25,0.2,11,136,COMPLETE
529,529,17899.75,2023-11-15 12:00:52.525246,2023-11-15 12:00:52.636396,0 days 00:00:00.111150,0.9,20,0.75,0.2,6,142,COMPLETE
530,530,18397.75,2023-11-15 12:00:52.637372,2023-11-15 12:00:52.748155,0 days 00:00:00.110783,0.9,10,1.0,0.2,48,150,COMPLETE
531,531,18595.25,2023-11-15 12:00:52.749212,2023-11-15 12:00:52.856872,0 days 00:00:00.107660,0.9,10,0.75,0.1,2,145,COMPLETE
532,532,18588.5,2023-11-15 12:00:52.857891,2023-11-15 12:00:52.966729,0 days 00:00:00.108838,0.9,10,1.0,0.2,8,147,COMPLETE
533,533,18585.0,2023-11-15 12:00:52.967648,2023-11-15 12:00:53.072478,0 days 00:00:00.104830,0.9,10,1.25,0.30000000000000004,4,143,COMPLETE
534,534,17043.25,2023-11-15 12:00:53.073655,2023-11-15 12:00:53.197312,0 days 00:00:00.123657,0.9,30,0.5,0.2,12,148,COMPLETE
535,535,18452.5,2023-11-15 12:00:53.198381,2023-11-15 12:00:53.319502,0 days 00:00:00.121121,0.9,10,0.75,0.2,100,145,COMPLETE
536,536,18311.0,2023-11-15 12:00:53.320570,2023-11-15 12:00:53.435884,0 days 00:00:00.115314,0.9,10,1.0,0.2,10,139,COMPLETE
537,537,18367.0,2023-11-15 12:00:53.436842,2023-11-15 12:00:53.549429,0 days 00:00:00.112587,0.9,10,0.75,0.1,6,150,COMPLETE
538,538,18205.25,2023-11-15 12:00:53.550449,2023-11-15 12:00:53.658342,0 days 00:00:00.107893,0.8,20,2.25,0.2,1,142,COMPLETE
539,539,18594.75,2023-11-15 12:00:53.659433,2023-11-15 12:00:53.768905,0 days 00:00:00.109472,0.9,10,2.5,0.2,9,145,COMPLETE
540,540,18721.0,2023-11-15 12:00:53.769854,2023-11-15 12:00:53.876168,0 days 00:00:00.106314,0.9,10,1.0,0.2,5,148,COMPLETE
541,541,18496.0,2023-11-15 12:00:53.877297,2023-11-15 12:00:53.986303,0 days 00:00:00.109006,0.9,10,1.0,0.1,4,150,COMPLETE
542,542,18400.5,2023-11-15 12:00:53.987277,2023-11-15 12:00:54.101758,0 days 00:00:00.114481,0.9,10,1.0,0.2,6,142,COMPLETE
543,543,298.5,2023-11-15 12:00:54.102698,2023-11-15 12:00:54.526605,0 days 00:00:00.423907,0.9,10,1.0,0.2,0,145,COMPLETE
544,544,18490.5,2023-11-15 12:00:54.528145,2023-11-15 12:00:54.639791,0 days 00:00:00.111646,0.9,10,3.0,0.2,3,147,COMPLETE
545,545,18210.0,2023-11-15 12:00:54.640842,2023-11-15 12:00:54.749772,0 days 00:00:00.108930,0.9,10,1.0,0.1,7,137,COMPLETE
546,546,18397.0,2023-11-15 12:00:54.750850,2023-11-15 12:00:54.879958,0 days 00:00:00.129108,0.9,10,1.0,0.8,5,147,COMPLETE
547,547,17749.75,2023-11-15 12:00:54.881154,2023-11-15 12:00:54.998339,0 days 00:00:00.117185,0.9,20,1.0,0.2,9,143,COMPLETE
548,548,18395.75,2023-11-15 12:00:54.999623,2023-11-15 12:00:55.110539,0 days 00:00:00.110916,0.8,10,0.75,0.30000000000000004,2,150,COMPLETE
549,549,18311.0,2023-11-15 12:00:55.111593,2023-11-15 12:00:55.225844,0 days 00:00:00.114251,0.9,10,1.0,0.2,7,140,COMPLETE
550,550,13569.5,2023-11-15 12:00:55.226853,2023-11-15 12:00:55.373266,0 days 00:00:00.146413,0.9,100,0.75,0.2,4,145,COMPLETE
551,551,18430.0,2023-11-15 12:00:55.374192,2023-11-15 12:00:55.483035,0 days 00:00:00.108843,0.9,10,1.0,0.1,12,148,COMPLETE
552,552,18308.0,2023-11-15 12:00:55.484020,2023-11-15 12:00:55.595158,0 days 00:00:00.111138,0.9,10,0.75,0.2,8,143,COMPLETE
553,553,18421.5,2023-11-15 12:00:55.596194,2023-11-15 12:00:55.702620,0 days 00:00:00.106426,0.9,10,1.0,0.2,10,133,COMPLETE
554,554,18592.0,2023-11-15 12:00:55.703579,2023-11-15 12:00:55.814961,0 days 00:00:00.111382,0.9,10,0.75,0.2,15,150,COMPLETE
555,555,18588.5,2023-11-15 12:00:55.816390,2023-11-15 12:00:55.925479,0 days 00:00:00.109089,0.9,10,1.0,0.2,5,147,COMPLETE
556,556,18509.5,2023-11-15 12:00:55.926511,2023-11-15 12:00:56.038428,0 days 00:00:00.111917,0.9,10,0.75,0.4,7,145,COMPLETE
557,557,18308.25,2023-11-15 12:00:56.039351,2023-11-15 12:00:56.151435,0 days 00:00:00.112084,0.9,10,1.0,0.1,2,141,COMPLETE
558,558,18207.5,2023-11-15 12:00:56.152409,2023-11-15 12:00:56.266840,0 days 00:00:00.114431,0.9,10,0.75,0.2,10,147,COMPLETE
559,559,16707.75,2023-11-15 12:00:56.267923,2023-11-15 12:00:56.395747,0 days 00:00:00.127824,0.8,20,0.5,0.30000000000000004,5,103,COMPLETE
560,560,18301.25,2023-11-15 12:00:56.396665,2023-11-15 12:00:56.507578,0 days 00:00:00.110913,0.9,10,1.0,0.2,13,144,COMPLETE
561,561,18169.75,2023-11-15 12:00:56.508497,2023-11-15 12:00:56.626487,0 days 00:00:00.117990,0.9,10,0.75,0.1,8,150,COMPLETE
562,562,16201.5,2023-11-15 12:00:56.627523,2023-11-15 12:00:56.754832,0 days 00:00:00.127309,0.6,40,1.0,0.2,3,138,COMPLETE
563,563,18207.5,2023-11-15 12:00:56.755867,2023-11-15 12:00:56.869803,0 days 00:00:00.113936,0.9,10,0.75,0.2,6,147,COMPLETE
564,564,17440.0,2023-11-15 12:00:56.870791,2023-11-15 12:00:56.998541,0 days 00:00:00.127750,0.4,10,1.0,0.2,11,142,COMPLETE
565,565,199.75,2023-11-15 12:00:56.999584,2023-11-15 12:00:57.439122,0 days 00:00:00.439538,0.9,10,0.75,0.2,0,150,COMPLETE
566,566,18686.5,2023-11-15 12:00:57.440044,2023-11-15 12:00:57.549582,0 days 00:00:00.109538,0.9,10,1.0,0.1,8,145,COMPLETE
567,567,18588.5,2023-11-15 12:00:57.550827,2023-11-15 12:00:57.665082,0 days 00:00:00.114255,0.9,10,1.0,0.2,4,147,COMPLETE
568,568,18302.0,2023-11-15 12:00:57.666039,2023-11-15 12:00:57.779442,0 days 00:00:00.113403,0.9,10,0.75,0.30000000000000004,34,142,COMPLETE
569,569,18077.5,2023-11-15 12:00:57.780362,2023-11-15 12:00:57.893761,0 days 00:00:00.113399,0.9,20,0.75,0.2,6,145,COMPLETE
570,570,18313.25,2023-11-15 12:00:57.895191,2023-11-15 12:00:58.007624,0 days 00:00:00.112433,0.8,10,1.0,0.2,9,140,COMPLETE
571,571,18233.0,2023-11-15 12:00:58.008620,2023-11-15 12:00:58.130448,0 days 00:00:00.121828,0.9,10,0.75,0.1,11,150,COMPLETE
572,572,16101.25,2023-11-15 12:00:58.131474,2023-11-15 12:00:58.285724,0 days 00:00:00.154250,0.2,10,1.0,0.2,2,147,COMPLETE
573,573,12564.25,2023-11-15 12:00:58.286643,2023-11-15 12:00:58.503144,0 days 00:00:00.216501,0.1,10,0.75,0.2,4,144,COMPLETE
574,574,12416.25,2023-11-15 12:00:58.504300,2023-11-15 12:00:58.676627,0 days 00:00:00.172327,0.30000000000000004,90,0.5,0.1,7,148,COMPLETE
575,575,18317.5,2023-11-15 12:00:58.678180,2023-11-15 12:00:58.789501,0 days 00:00:00.111321,0.9,10,1.0,0.2,13,138,COMPLETE
576,576,18398.75,2023-11-15 12:00:58.790564,2023-11-15 12:00:58.903090,0 days 00:00:00.112526,0.9,10,1.0,0.2,9,143,COMPLETE
577,577,18503.25,2023-11-15 12:00:58.904009,2023-11-15 12:00:59.016421,0 days 00:00:00.112412,0.9,10,0.75,0.30000000000000004,5,150,COMPLETE
578,578,13594.5,2023-11-15 12:00:59.017578,2023-11-15 12:00:59.166646,0 days 00:00:00.149068,0.9,80,1.0,0.2,7,130,COMPLETE
579,579,17958.5,2023-11-15 12:00:59.167814,2023-11-15 12:00:59.283876,0 days 00:00:00.116062,0.9,20,0.75,0.2,10,145,COMPLETE
580,580,18225.5,2023-11-15 12:00:59.284839,2023-11-15 12:00:59.405228,0 days 00:00:00.120389,0.9,10,0.75,0.1,2,147,COMPLETE
581,581,18400.0,2023-11-15 12:00:59.406230,2023-11-15 12:00:59.517283,0 days 00:00:00.111053,0.9,10,1.0,0.2,5,141,COMPLETE
582,582,18496.0,2023-11-15 12:00:59.518458,2023-11-15 12:00:59.632053,0 days 00:00:00.113595,0.9,10,1.25,0.2,8,147,COMPLETE
583,583,17956.25,2023-11-15 12:00:59.633027,2023-11-15 12:00:59.768654,0 days 00:00:00.135627,0.9,10,0.5,0.7000000000000001,16,144,COMPLETE
584,584,18312.75,2023-11-15 12:00:59.769563,2023-11-15 12:00:59.883226,0 days 00:00:00.113663,0.8,10,1.0,0.2,12,150,COMPLETE
585,585,199.75,2023-11-15 12:00:59.884224,2023-11-15 12:01:00.315223,0 days 00:00:00.430999,0.9,10,0.75,0.1,0,147,COMPLETE
586,586,18588.5,2023-11-15 12:01:00.316254,2023-11-15 12:01:00.432602,0 days 00:00:00.116348,0.9,10,1.0,0.5,4,141,COMPLETE
587,587,18389.25,2023-11-15 12:01:00.433572,2023-11-15 12:01:00.546033,0 days 00:00:00.112461,0.9,20,1.25,0.2,6,136,COMPLETE
588,588,18688.25,2023-11-15 12:01:00.547014,2023-11-15 12:01:00.661756,0 days 00:00:00.114742,0.9,10,0.75,0.2,9,145,COMPLETE
589,589,18312.5,2023-11-15 12:01:00.662989,2023-11-15 12:01:00.781682,0 days 00:00:00.118693,0.9,10,1.0,0.30000000000000004,3,150,COMPLETE
590,590,18308.0,2023-11-15 12:01:00.782674,2023-11-15 12:01:00.896886,0 days 00:00:00.114212,0.9,10,0.75,0.2,11,143,COMPLETE
591,591,18396.25,2023-11-15 12:01:00.898065,2023-11-15 12:01:01.012179,0 days 00:00:00.114114,0.9,10,1.0,0.1,7,147,COMPLETE
592,592,18596.75,2023-11-15 12:01:01.013246,2023-11-15 12:01:01.134039,0 days 00:00:00.120793,0.8,10,1.0,0.2,6,148,COMPLETE
593,593,18256.75,2023-11-15 12:01:01.135040,2023-11-15 12:01:01.251973,0 days 00:00:00.116933,0.9,10,0.75,0.2,9,139,COMPLETE
594,594,18781.25,2023-11-15 12:01:01.253006,2023-11-15 12:01:01.368153,0 days 00:00:00.115147,0.9,10,1.25,0.6,2,144,COMPLETE
595,595,0.0,2023-11-15 12:01:01.369241,2023-11-15 12:01:01.495591,0 days 00:00:00.126350,0.9,10,1.25,0.8,0,18,COMPLETE
596,596,18680.25,2023-11-15 12:01:01.496596,2023-11-15 12:01:01.612183,0 days 00:00:00.115587,0.9,10,1.25,0.7000000000000001,1,141,COMPLETE
597,597,18302.5,2023-11-15 12:01:01.613152,2023-11-15 12:01:01.736461,0 days 00:00:00.123309,0.9,10,1.25,0.4,2,135,COMPLETE
598,598,18014.25,2023-11-15 12:01:01.737512,2023-11-15 12:01:01.867660,0 days 00:00:00.130148,0.9,20,1.25,0.6,3,144,COMPLETE
599,599,18587.0,2023-11-15 12:01:01.868574,2023-11-15 12:01:01.978476,0 days 00:00:00.109902,0.9,10,1.25,0.7000000000000001,3,139,COMPLETE
600,600,18493.75,2023-11-15 12:01:01.979494,2023-11-15 12:01:02.097995,0 days 00:00:00.118501,0.9,10,1.5,0.8,4,144,COMPLETE
601,601,18690.25,2023-11-15 12:01:02.099011,2023-11-15 12:01:02.212353,0 days 00:00:00.113342,0.9,10,1.25,0.1,1,145,COMPLETE
602,602,18397.25,2023-11-15 12:01:02.213330,2023-11-15 12:01:02.331278,0 days 00:00:00.117948,0.9,10,1.25,0.5,5,141,COMPLETE
603,603,18402.0,2023-11-15 12:01:02.332264,2023-11-15 12:01:02.447395,0 days 00:00:00.115131,0.9,10,1.25,0.1,5,150,COMPLETE
604,604,18588.75,2023-11-15 12:01:02.448500,2023-11-15 12:01:02.562363,0 days 00:00:00.113863,0.9,10,1.5,0.1,2,146,COMPLETE
605,605,16636.0,2023-11-15 12:01:02.563536,2023-11-15 12:01:02.725809,0 days 00:00:00.162273,0.9,10,0.25,0.9,7,143,COMPLETE
606,606,199.75,2023-11-15 12:01:02.727216,2023-11-15 12:01:03.157595,0 days 00:00:00.430379,0.9,10,1.0,0.5,0,147,COMPLETE
607,607,18401.5,2023-11-15 12:01:03.158729,2023-11-15 12:01:03.273083,0 days 00:00:00.114354,0.9,10,1.25,0.30000000000000004,4,150,COMPLETE
608,608,18096.75,2023-11-15 12:01:03.274175,2023-11-15 12:01:03.394932,0 days 00:00:00.120757,0.8,20,1.0,0.6,6,142,COMPLETE
609,609,18393.0,2023-11-15 12:01:03.396275,2023-11-15 12:01:03.510017,0 days 00:00:00.113742,0.9,10,1.0,0.6,8,138,COMPLETE
610,610,18395.75,2023-11-15 12:01:03.511452,2023-11-15 12:01:03.630377,0 days 00:00:00.118925,0.9,10,1.25,0.4,4,147,COMPLETE
611,611,17930.0,2023-11-15 12:01:03.631407,2023-11-15 12:01:03.763707,0 days 00:00:00.132300,0.9,10,1.0,0.2,6,144,COMPLETE
612,612,18499.75,2023-11-15 12:01:03.764687,2023-11-15 12:01:03.876028,0 days 00:00:00.111341,0.9,10,1.0,0.2,2,147,COMPLETE
613,613,18623.5,2023-11-15 12:01:03.877150,2023-11-15 12:01:03.990583,0 days 00:00:00.113433,0.9,10,1.25,0.1,8,145,COMPLETE
614,614,18392.75,2023-11-15 12:01:03.991743,2023-11-15 12:01:04.105581,0 days 00:00:00.113838,0.9,10,1.0,0.7000000000000001,4,150,COMPLETE
615,615,18307.5,2023-11-15 12:01:04.106547,2023-11-15 12:01:04.239559,0 days 00:00:00.133012,0.9,10,1.0,0.8,10,141,COMPLETE
616,616,17487.75,2023-11-15 12:01:04.240896,2023-11-15 12:01:04.363553,0 days 00:00:00.122657,0.5,20,1.25,0.2,7,147,COMPLETE
617,617,18494.5,2023-11-15 12:01:04.364648,2023-11-15 12:01:04.477084,0 days 00:00:00.112436,0.8,10,1.0,0.2,2,143,COMPLETE
618,618,18589.0,2023-11-15 12:01:04.478486,2023-11-15 12:01:04.595321,0 days 00:00:00.116835,0.9,10,1.25,0.2,6,150,COMPLETE
619,619,18874.25,2023-11-15 12:01:04.596360,2023-11-15 12:01:04.704048,0 days 00:00:00.107688,0.9,10,1.5,0.6,9,110,COMPLETE
620,620,17752.75,2023-11-15 12:01:04.705027,2023-11-15 12:01:04.817582,0 days 00:00:00.112555,0.9,10,1.5,0.1,10,97,COMPLETE
621,621,17780.5,2023-11-15 12:01:04.818883,2023-11-15 12:01:04.938262,0 days 00:00:00.119379,0.30000000000000004,10,1.5,0.7000000000000001,13,133,COMPLETE
622,622,18224.25,2023-11-15 12:01:04.939257,2023-11-15 12:01:05.048053,0 days 00:00:00.108796,0.9,10,1.5,0.4,9,80,COMPLETE
623,623,17919.75,2023-11-15 12:01:05.049178,2023-11-15 12:01:05.171529,0 days 00:00:00.122351,0.9,10,1.5,0.6,11,89,COMPLETE
624,624,14995.25,2023-11-15 12:01:05.172494,2023-11-15 12:01:05.317810,0 days 00:00:00.145316,0.9,60,1.5,0.6,8,138,COMPLETE
625,625,16365.0,2023-11-15 12:01:05.319071,2023-11-15 12:01:05.430218,0 days 00:00:00.111147,0.9,10,1.25,0.5,9,62,COMPLETE
626,626,17049.25,2023-11-15 12:01:05.431301,2023-11-15 12:01:05.550615,0 days 00:00:00.119314,0.9,30,1.25,0.6,14,110,COMPLETE
627,627,18214.0,2023-11-15 12:01:05.551832,2023-11-15 12:01:05.676497,0 days 00:00:00.124665,0.9,10,1.75,0.5,5,117,COMPLETE
628,628,295.0,2023-11-15 12:01:05.678052,2023-11-15 12:01:05.955337,0 days 00:00:00.277285,0.9,20,2.0,0.6,0,84,COMPLETE
629,629,18111.5,2023-11-15 12:01:05.956368,2023-11-15 12:01:06.078669,0 days 00:00:00.122301,0.8,10,1.25,0.7000000000000001,11,136,COMPLETE
630,630,18496.25,2023-11-15 12:01:06.079818,2023-11-15 12:01:06.197529,0 days 00:00:00.117711,0.9,10,1.5,0.7000000000000001,7,140,COMPLETE
631,631,17931.75,2023-11-15 12:01:06.198553,2023-11-15 12:01:06.322494,0 days 00:00:00.123941,0.9,10,1.25,0.5,3,114,COMPLETE
632,632,18345.75,2023-11-15 12:01:06.323644,2023-11-15 12:01:06.448903,0 days 00:00:00.125259,0.9,10,0.5,0.1,8,145,COMPLETE
633,633,18238.25,2023-11-15 12:01:06.449929,2023-11-15 12:01:06.571258,0 days 00:00:00.121329,0.9,10,0.75,0.6,5,121,COMPLETE
634,634,16745.5,2023-11-15 12:01:06.572261,2023-11-15 12:01:06.697118,0 days 00:00:00.124857,0.9,40,0.75,0.1,10,143,COMPLETE
635,635,18397.75,2023-11-15 12:01:06.698264,2023-11-15 12:01:06.815746,0 days 00:00:00.117482,0.9,10,1.75,0.5,7,147,COMPLETE
636,636,18211.75,2023-11-15 12:01:06.816845,2023-11-15 12:01:06.934746,0 days 00:00:00.117901,0.9,10,1.25,0.30000000000000004,3,142,COMPLETE
637,637,17497.0,2023-11-15 12:01:06.935713,2023-11-15 12:01:07.057122,0 days 00:00:00.121409,0.9,10,0.75,0.2,12,105,COMPLETE
638,638,16677.5,2023-11-15 12:01:07.058127,2023-11-15 12:01:07.169748,0 days 00:00:00.111621,0.9,10,1.5,0.4,5,44,COMPLETE
639,639,17740.75,2023-11-15 12:01:07.170690,2023-11-15 12:01:07.293037,0 days 00:00:00.122347,0.8,20,1.25,0.9,9,130,COMPLETE
640,640,17635.75,2023-11-15 12:01:07.294324,2023-11-15 12:01:07.421691,0 days 00:00:00.127367,0.9,10,0.75,0.8,2,124,COMPLETE
641,641,17769.0,2023-11-15 12:01:07.422681,2023-11-15 12:01:07.533936,0 days 00:00:00.111255,0.9,10,0.75,0.6,7,72,COMPLETE
642,642,18403.25,2023-11-15 12:01:07.534860,2023-11-15 12:01:07.651683,0 days 00:00:00.116823,0.9,10,1.0,0.1,5,150,COMPLETE
643,643,18704.5,2023-11-15 12:01:07.652812,2023-11-15 12:01:07.772256,0 days 00:00:00.119444,0.9,10,1.25,0.2,14,145,COMPLETE
644,644,18588.5,2023-11-15 12:01:07.773290,2023-11-15 12:01:07.890665,0 days 00:00:00.117375,0.9,10,1.0,0.2,10,147,COMPLETE
645,645,18402.0,2023-11-15 12:01:07.891934,2023-11-15 12:01:08.012161,0 days 00:00:00.120227,0.9,10,1.0,0.30000000000000004,8,140,COMPLETE
646,646,382.25,2023-11-15 12:01:08.013151,2023-11-15 12:01:08.324287,0 days 00:00:00.311136,0.9,50,0.75,0.2,0,100,COMPLETE
647,647,18689.5,2023-11-15 12:01:08.325455,2023-11-15 12:01:08.442295,0 days 00:00:00.116840,0.9,10,1.25,0.1,4,145,COMPLETE
648,648,17634.0,2023-11-15 12:01:08.443472,2023-11-15 12:01:08.562176,0 days 00:00:00.118704,0.9,10,0.5,0.2,6,94,COMPLETE
649,649,18707.25,2023-11-15 12:01:08.563234,2023-11-15 12:01:08.679517,0 days 00:00:00.116283,0.9,10,0.75,0.2,12,148,COMPLETE
650,650,18207.75,2023-11-15 12:01:08.680491,2023-11-15 12:01:08.804455,0 days 00:00:00.123964,0.9,20,1.0,0.2,9,150,COMPLETE
651,651,18229.75,2023-11-15 12:01:08.805415,2023-11-15 12:01:08.928054,0 days 00:00:00.122639,0.8,10,0.75,0.1,3,143,COMPLETE
652,652,17652.5,2023-11-15 12:01:08.929309,2023-11-15 12:01:09.046584,0 days 00:00:00.117275,0.9,10,1.0,0.7000000000000001,7,107,COMPLETE
653,653,18205.75,2023-11-15 12:01:09.047638,2023-11-15 12:01:09.166642,0 days 00:00:00.119004,0.9,10,1.25,0.2,11,136,COMPLETE
654,654,18687.75,2023-11-15 12:01:09.167794,2023-11-15 12:01:09.286701,0 days 00:00:00.118907,0.8,10,1.0,0.2,2,145,COMPLETE
655,655,18409.5,2023-11-15 12:01:09.287668,2023-11-15 12:01:09.422546,0 days 00:00:00.134878,0.9,10,0.75,0.30000000000000004,6,140,COMPLETE
656,656,18834.25,2023-11-15 12:01:09.423613,2023-11-15 12:01:09.539173,0 days 00:00:00.115560,0.9,10,1.25,0.2,9,148,COMPLETE
657,657,18498.25,2023-11-15 12:01:09.540241,2023-11-15 12:01:09.659624,0 days 00:00:00.119383,0.9,10,1.25,0.1,15,147,COMPLETE
658,658,18589.0,2023-11-15 12:01:09.661066,2023-11-15 12:01:09.778195,0 days 00:00:00.117129,0.9,10,1.25,0.2,10,150,COMPLETE
659,659,18399.0,2023-11-15 12:01:09.779175,2023-11-15 12:01:09.899626,0 days 00:00:00.120451,0.9,10,1.5,0.2,4,142,COMPLETE
660,660,16987.5,2023-11-15 12:01:09.900708,2023-11-15 12:01:10.015196,0 days 00:00:00.114488,0.9,20,1.25,0.2,12,76,COMPLETE
661,661,15209.25,2023-11-15 12:01:10.016302,2023-11-15 12:01:10.154081,0 days 00:00:00.137779,0.9,70,1.25,0.1,9,147,COMPLETE
662,662,18116.25,2023-11-15 12:01:10.155143,2023-11-15 12:01:10.275229,0 days 00:00:00.120086,0.9,10,1.25,0.2,7,144,COMPLETE
663,663,18597.0,2023-11-15 12:01:10.276289,2023-11-15 12:01:10.397880,0 days 00:00:00.121591,0.9,10,1.5,0.2,5,145,COMPLETE
664,664,18589.0,2023-11-15 12:01:10.398953,2023-11-15 12:01:10.518460,0 days 00:00:00.119507,0.9,10,1.25,0.2,1,150,COMPLETE
665,665,18130.5,2023-11-15 12:01:10.519593,2023-11-15 12:01:10.639683,0 days 00:00:00.120090,0.9,10,1.25,0.1,8,126,COMPLETE
666,666,16356.0,2023-11-15 12:01:10.640761,2023-11-15 12:01:10.753531,0 days 00:00:00.112770,0.7000000000000001,10,1.25,0.8,13,56,COMPLETE
667,667,18047.25,2023-11-15 12:01:10.754601,2023-11-15 12:01:10.869169,0 days 00:00:00.114568,0.9,10,1.25,0.2,4,87,COMPLETE
668,668,17638.25,2023-11-15 12:01:10.870282,2023-11-15 12:01:10.994877,0 days 00:00:00.124595,0.9,20,1.5,0.2,10,138,COMPLETE
669,669,18323.75,2023-11-15 12:01:10.995875,2023-11-15 12:01:11.114666,0 days 00:00:00.118791,0.9,10,0.75,0.2,6,142,COMPLETE
670,670,18352.5,2023-11-15 12:01:11.115716,2023-11-15 12:01:11.246319,0 days 00:00:00.130603,0.6,10,0.5,0.30000000000000004,2,147,COMPLETE
671,671,298.5,2023-11-15 12:01:11.247268,2023-11-15 12:01:11.678338,0 days 00:00:00.431070,0.8,10,1.25,0.1,0,145,COMPLETE
672,672,18691.25,2023-11-15 12:01:11.679777,2023-11-15 12:01:11.798803,0 days 00:00:00.119026,0.9,10,0.75,0.2,8,148,COMPLETE
673,673,18499.0,2023-11-15 12:01:11.799913,2023-11-15 12:01:11.923114,0 days 00:00:00.123201,0.9,10,2.0,0.2,11,140,COMPLETE
674,674,17742.75,2023-11-15 12:01:11.924116,2023-11-15 12:01:12.050223,0 days 00:00:00.126107,0.9,10,0.75,0.2,6,119,COMPLETE
675,675,18509.75,2023-11-15 12:01:12.051203,2023-11-15 12:01:12.172804,0 days 00:00:00.121601,0.9,10,1.25,0.1,4,150,COMPLETE
676,676,18399.25,2023-11-15 12:01:12.173825,2023-11-15 12:01:12.294041,0 days 00:00:00.120216,0.9,10,1.75,0.2,9,143,COMPLETE
677,677,18400.5,2023-11-15 12:01:12.295654,2023-11-15 12:01:12.423971,0 days 00:00:00.128317,0.9,10,0.75,0.6,16,147,COMPLETE
678,678,18011.0,2023-11-15 12:01:12.424936,2023-11-15 12:01:12.547957,0 days 00:00:00.123021,0.9,10,1.25,0.2,7,134,COMPLETE
679,679,18532.0,2023-11-15 12:01:12.549127,2023-11-15 12:01:12.670606,0 days 00:00:00.121479,0.9,10,0.75,0.2,2,145,COMPLETE
680,680,18589.0,2023-11-15 12:01:12.671661,2023-11-15 12:01:12.793151,0 days 00:00:00.121490,0.9,10,1.5,0.1,13,150,COMPLETE
681,681,17924.5,2023-11-15 12:01:12.794873,2023-11-15 12:01:12.923906,0 days 00:00:00.129033,0.9,20,1.25,0.5,4,142,COMPLETE
682,682,18081.5,2023-11-15 12:01:12.924950,2023-11-15 12:01:13.056233,0 days 00:00:00.131283,0.9,10,0.5,0.2,10,147,COMPLETE
683,683,17927.75,2023-11-15 12:01:13.057216,2023-11-15 12:01:13.182759,0 days 00:00:00.125543,0.8,10,0.75,0.30000000000000004,6,138,COMPLETE
