,number,value,datetime_start,datetime_complete,duration,params_alpha,params_decay_interval,params_decay_rate,params_gamma,params_initialization,params_max_steps,state
3078,3078,17920.75,2023-11-15 12:09:27.141950,2023-11-15 12:09:27.424118,0 days 00:00:00.282168,0.8,10,3.0,0.9,21,74,COMPLETE
3079,3079,18490.0,2023-11-15 12:09:27.425538,2023-11-15 12:09:27.703631,0 days 00:00:00.278093,0.7000000000000001,10,3.0,0.9,27,72,COMPLETE
3080,3080,17547.25,2023-11-15 12:09:27.705135,2023-11-15 12:09:27.986655,0 days 00:00:00.281520,0.8,10,3.0,0.9,18,68,COMPLETE
3081,3081,18682.0,2023-11-15 12:09:27.988093,2023-11-15 12:09:28.264290,0 days 00:00:00.276197,0.8,10,2.75,0.9,12,75,COMPLETE
3082,3082,17014.0,2023-11-15 12:09:28.265815,2023-11-15 12:09:28.546314,0 days 00:00:00.280499,0.8,10,3.0,0.9,23,64,COMPLETE
3083,3083,17370.5,2023-11-15 12:09:28.547952,2023-11-15 12:09:28.830850,0 days 00:00:00.282898,0.8,10,2.5,0.9,20,79,COMPLETE
3084,3084,18392.25,2023-11-15 12:09:28.832313,2023-11-15 12:09:29.105230,0 days 00:00:00.272917,0.8,20,3.0,0.9,14,70,COMPLETE
3085,3085,17369.5,2023-11-15 12:09:29.106844,2023-11-15 12:09:29.404814,0 days 00:00:00.297970,0.8,10,2.75,0.9,24,73,COMPLETE
3086,3086,17917.0,2023-11-15 12:09:29.406564,2023-11-15 12:09:29.693027,0 days 00:00:00.286463,0.8,10,3.0,0.9,17,67,COMPLETE
3087,3087,17842.25,2023-11-15 12:09:29.694977,2023-11-15 12:09:29.973997,0 days 00:00:00.279020,0.7000000000000001,10,3.0,0.9,21,77,COMPLETE
3088,3088,17825.5,2023-11-15 12:09:29.975582,2023-11-15 12:09:30.255707,0 days 00:00:00.280125,0.8,10,3.0,0.9,19,70,COMPLETE
3089,3089,16739.75,2023-11-15 12:09:30.257331,2023-11-15 12:09:30.538891,0 days 00:00:00.281560,0.6,10,3.0,0.9,16,54,COMPLETE
3090,3090,18036.75,2023-11-15 12:09:30.540461,2023-11-15 12:09:30.818598,0 days 00:00:00.278137,0.8,10,2.75,0.6,25,73,COMPLETE
3091,3091,17917.0,2023-11-15 12:09:30.820153,2023-11-15 12:09:31.100673,0 days 00:00:00.280520,0.8,10,3.0,0.9,22,67,COMPLETE
3092,3092,19260.75,2023-11-15 12:09:31.102263,2023-11-15 12:09:31.371938,0 days 00:00:00.269675,0.8,10,3.0,0.9,14,71,COMPLETE
3093,3093,11625.75,2023-11-15 12:09:31.373584,2023-11-15 12:09:31.679660,0 days 00:00:00.306076,0.8,100,2.75,0.9,18,64,COMPLETE
3094,3094,17190.0,2023-11-15 12:09:31.681177,2023-11-15 12:09:31.972930,0 days 00:00:00.291753,0.8,20,3.0,0.9,20,75,COMPLETE
3095,3095,17115.5,2023-11-15 12:09:31.974502,2023-11-15 12:09:32.257264,0 days 00:00:00.282762,0.8,10,3.0,0.9,16,69,COMPLETE
3096,3096,17842.25,2023-11-15 12:09:32.258937,2023-11-15 12:09:32.538872,0 days 00:00:00.279935,0.7000000000000001,10,3.0,0.9,57,77,COMPLETE
3097,3097,18122.5,2023-11-15 12:09:32.540826,2023-11-15 12:09:32.836756,0 days 00:00:00.295930,0.8,10,3.0,0.9,23,72,COMPLETE
3098,3098,16713.5,2023-11-15 12:09:32.838227,2023-11-15 12:09:33.121794,0 days 00:00:00.283567,0.8,10,2.5,0.9,27,66,COMPLETE
3099,3099,17927.5,2023-11-15 12:09:33.123409,2023-11-15 12:09:33.401546,0 days 00:00:00.278137,0.8,10,2.75,0.9,21,80,COMPLETE
3100,3100,17920.75,2023-11-15 12:09:33.403139,2023-11-15 12:09:33.678885,0 days 00:00:00.275746,0.8,10,3.0,0.9,18,74,COMPLETE
3101,3101,16617.75,2023-11-15 12:09:33.680344,2023-11-15 12:09:33.959960,0 days 00:00:00.279616,0.8,20,3.0,0.9,12,69,COMPLETE
3102,3102,16615.0,2023-11-15 12:09:33.961931,2023-11-15 12:09:34.246409,0 days 00:00:00.284478,0.8,40,2.75,0.9,19,63,COMPLETE
3103,3103,19260.75,2023-11-15 12:09:34.248097,2023-11-15 12:09:34.515801,0 days 00:00:00.267704,0.8,10,3.0,0.9,25,71,COMPLETE
3104,3104,17917.0,2023-11-15 12:09:34.517355,2023-11-15 12:09:34.797547,0 days 00:00:00.280192,0.8,10,3.0,0.9,15,67,COMPLETE
3105,3105,13386.5,2023-11-15 12:09:34.799138,2023-11-15 12:09:35.101197,0 days 00:00:00.302059,0.8,90,3.0,0.9,23,75,COMPLETE
3106,3106,18028.25,2023-11-15 12:09:35.102826,2023-11-15 12:09:35.388779,0 days 00:00:00.285953,0.8,10,2.25,0.9,21,72,COMPLETE
3107,3107,14975.75,2023-11-15 12:09:35.390422,2023-11-15 12:09:35.671160,0 days 00:00:00.280738,0.8,10,2.75,0.9,17,40,COMPLETE
3108,3108,17115.5,2023-11-15 12:09:35.672704,2023-11-15 12:09:35.955207,0 days 00:00:00.282503,0.8,10,3.0,0.9,19,69,COMPLETE
3109,3109,17456.5,2023-11-15 12:09:35.956752,2023-11-15 12:09:36.237645,0 days 00:00:00.280893,0.7000000000000001,10,3.0,0.9,14,78,COMPLETE
3110,3110,16719.5,2023-11-15 12:09:36.239149,2023-11-15 12:09:36.522287,0 days 00:00:00.283138,0.8,10,3.0,0.9,22,66,COMPLETE
3111,3111,17369.5,2023-11-15 12:09:36.523947,2023-11-15 12:09:36.811345,0 days 00:00:00.287398,0.8,10,2.75,0.9,17,73,COMPLETE
3112,3112,17825.5,2023-11-15 12:09:36.812992,2023-11-15 12:09:37.092846,0 days 00:00:00.279854,0.8,10,3.0,0.9,20,70,COMPLETE
3113,3113,16711.25,2023-11-15 12:09:37.095160,2023-11-15 12:09:37.376901,0 days 00:00:00.281741,0.8,10,3.0,0.9,11,62,COMPLETE
3114,3114,17196.25,2023-11-15 12:09:37.378867,2023-11-15 12:09:37.664853,0 days 00:00:00.285986,0.8,10,2.75,0.9,50,76,COMPLETE
3115,3115,16636.0,2023-11-15 12:09:37.666520,2023-11-15 12:09:37.954110,0 days 00:00:00.287590,0.8,20,3.0,0.9,26,73,COMPLETE
3116,3116,17736.5,2023-11-15 12:09:37.955681,2023-11-15 12:09:38.239239,0 days 00:00:00.283558,0.8,10,2.5,0.5,16,81,COMPLETE
3117,3117,17825.0,2023-11-15 12:09:38.240823,2023-11-15 12:09:38.521394,0 days 00:00:00.280571,0.6,10,3.0,0.9,24,68,COMPLETE
3118,3118,17654.5,2023-11-15 12:09:38.522903,2023-11-15 12:09:38.802825,0 days 00:00:00.279922,0.8,10,3.0,0.9,21,65,COMPLETE
3119,3119,17829.25,2023-11-15 12:09:38.804496,2023-11-15 12:09:39.109071,0 days 00:00:00.304575,0.5,10,3.0,0.9,18,70,COMPLETE
3120,3120,17855.5,2023-11-15 12:09:39.111332,2023-11-15 12:09:39.391210,0 days 00:00:00.279878,0.8,10,2.75,0.9,89,75,COMPLETE
3121,3121,18122.5,2023-11-15 12:09:39.392885,2023-11-15 12:09:39.672585,0 days 00:00:00.279700,0.8,10,3.0,0.9,13,72,COMPLETE
3122,3122,17360.25,2023-11-15 12:09:39.674257,2023-11-15 12:09:39.956895,0 days 00:00:00.282638,0.8,10,3.0,0.9,23,78,COMPLETE
3123,3123,17917.0,2023-11-15 12:09:39.958510,2023-11-15 12:09:40.242679,0 days 00:00:00.284169,0.8,10,2.75,0.9,46,67,COMPLETE
3124,3124,18392.25,2023-11-15 12:09:40.244785,2023-11-15 12:09:40.520925,0 days 00:00:00.276140,0.8,20,3.0,0.9,19,71,COMPLETE
3125,3125,17920.75,2023-11-15 12:09:40.522577,2023-11-15 12:09:40.800538,0 days 00:00:00.277961,0.8,10,3.0,0.9,15,74,COMPLETE
3126,3126,17352.25,2023-11-15 12:09:40.802125,2023-11-15 12:09:41.082590,0 days 00:00:00.280465,0.8,30,3.0,0.9,21,60,COMPLETE
3127,3127,17547.25,2023-11-15 12:09:41.084020,2023-11-15 12:09:41.366579,0 days 00:00:00.282559,0.8,10,2.75,0.9,17,68,COMPLETE
3128,3128,16483.75,2023-11-15 12:09:41.368162,2023-11-15 12:09:41.658993,0 days 00:00:00.290831,0.7000000000000001,10,3.0,0.4,27,64,COMPLETE
3129,3129,16923.25,2023-11-15 12:09:41.661693,2023-11-15 12:09:41.950852,0 days 00:00:00.289159,0.8,10,3.0,0.9,24,76,COMPLETE
3130,3130,17740.5,2023-11-15 12:09:41.952370,2023-11-15 12:09:42.237917,0 days 00:00:00.285547,0.8,10,2.5,0.6,19,70,COMPLETE
3131,3131,17369.5,2023-11-15 12:09:42.239490,2023-11-15 12:09:42.540787,0 days 00:00:00.301297,0.8,10,3.0,0.9,22,73,COMPLETE
3132,3132,17835.5,2023-11-15 12:09:42.542481,2023-11-15 12:09:42.824471,0 days 00:00:00.281990,0.8,10,3.0,0.9,16,83,COMPLETE
3133,3133,17917.0,2023-11-15 12:09:42.826257,2023-11-15 12:09:43.110887,0 days 00:00:00.284630,0.8,10,2.75,0.9,20,67,COMPLETE
3134,3134,14236.75,2023-11-15 12:09:43.112579,2023-11-15 12:09:43.420960,0 days 00:00:00.308381,0.8,60,3.0,0.9,13,71,COMPLETE
3135,3135,17185.5,2023-11-15 12:09:43.422581,2023-11-15 12:09:43.712019,0 days 00:00:00.289438,0.8,20,3.0,0.9,18,77,COMPLETE
3136,3136,17115.5,2023-11-15 12:09:43.713571,2023-11-15 12:09:43.996341,0 days 00:00:00.282770,0.8,10,2.75,0.9,25,69,COMPLETE
3137,3137,17654.5,2023-11-15 12:09:43.997929,2023-11-15 12:09:44.279431,0 days 00:00:00.281502,0.8,10,3.0,0.9,22,65,COMPLETE
3138,3138,17920.75,2023-11-15 12:09:44.280927,2023-11-15 12:09:44.564007,0 days 00:00:00.283080,0.8,10,3.0,0.9,54,74,COMPLETE
3139,3139,18122.5,2023-11-15 12:09:44.565605,2023-11-15 12:09:44.850079,0 days 00:00:00.284474,0.8,10,3.0,0.9,16,72,COMPLETE
3140,3140,17552.0,2023-11-15 12:09:44.851701,2023-11-15 12:09:45.136343,0 days 00:00:00.284642,0.8,10,2.75,0.9,20,79,COMPLETE
3141,3141,17115.5,2023-11-15 12:09:45.137840,2023-11-15 12:09:45.422336,0 days 00:00:00.284496,0.8,10,3.0,0.9,14,69,COMPLETE
3142,3142,18679.5,2023-11-15 12:09:45.423997,2023-11-15 12:09:45.702036,0 days 00:00:00.278039,0.7000000000000001,10,3.0,0.9,18,75,COMPLETE
3143,3143,16719.5,2023-11-15 12:09:45.703804,2023-11-15 12:09:45.990811,0 days 00:00:00.287007,0.8,10,3.0,0.9,23,66,COMPLETE
3144,3144,17176.0,2023-11-15 12:09:45.992475,2023-11-15 12:09:46.274560,0 days 00:00:00.282085,0.8,10,2.75,0.9,11,58,COMPLETE
3145,3145,16543.25,2023-11-15 12:09:46.276152,2023-11-15 12:09:46.571324,0 days 00:00:00.295172,0.8,10,3.0,0.9,20,63,COMPLETE
3146,3146,17275.25,2023-11-15 12:09:46.572972,2023-11-15 12:09:46.862381,0 days 00:00:00.289409,0.8,20,3.0,0.9,16,72,COMPLETE
3147,3147,17115.5,2023-11-15 12:09:46.863893,2023-11-15 12:09:47.151886,0 days 00:00:00.287993,0.8,10,3.0,0.9,25,69,COMPLETE
3148,3148,17299.75,2023-11-15 12:09:47.153571,2023-11-15 12:09:47.440544,0 days 00:00:00.286973,0.30000000000000004,10,2.75,0.9,22,75,COMPLETE
3149,3149,19260.75,2023-11-15 12:09:47.442140,2023-11-15 12:09:47.721453,0 days 00:00:00.279313,0.8,10,2.25,0.9,18,71,COMPLETE
3150,3150,17456.5,2023-11-15 12:09:47.723052,2023-11-15 12:09:48.012478,0 days 00:00:00.289426,0.7000000000000001,10,3.0,0.9,14,78,COMPLETE
3151,3151,17917.25,2023-11-15 12:09:48.014012,2023-11-15 12:09:48.299777,0 days 00:00:00.285765,0.8,10,2.5,0.9,27,67,COMPLETE
3152,3152,17369.5,2023-11-15 12:09:48.301444,2023-11-15 12:09:48.589903,0 days 00:00:00.288459,0.8,10,3.0,0.9,20,73,COMPLETE
3153,3153,17115.5,2023-11-15 12:09:48.591469,2023-11-15 12:09:48.888338,0 days 00:00:00.296869,0.8,10,3.0,0.9,17,69,COMPLETE
3154,3154,17016.25,2023-11-15 12:09:48.889912,2023-11-15 12:09:49.181074,0 days 00:00:00.291162,0.8,10,3.0,0.9,23,76,COMPLETE
3155,3155,16718.5,2023-11-15 12:09:49.182556,2023-11-15 12:09:49.471757,0 days 00:00:00.289201,0.8,10,2.75,0.9,19,62,COMPLETE
3156,3156,16719.5,2023-11-15 12:09:49.473309,2023-11-15 12:09:49.758577,0 days 00:00:00.285268,0.8,10,3.0,0.9,21,66,COMPLETE
3157,3157,16635.5,2023-11-15 12:09:49.760716,2023-11-15 12:09:50.054265,0 days 00:00:00.293549,0.8,20,3.0,0.9,15,81,COMPLETE
3158,3158,18122.5,2023-11-15 12:09:50.055973,2023-11-15 12:09:50.341419,0 days 00:00:00.285446,0.8,10,3.0,0.9,25,72,COMPLETE
3159,3159,17825.5,2023-11-15 12:09:50.343231,2023-11-15 12:09:50.629276,0 days 00:00:00.286045,0.8,10,2.75,0.9,17,70,COMPLETE
3160,3160,15514.5,2023-11-15 12:09:50.630851,2023-11-15 12:09:50.928210,0 days 00:00:00.297359,0.2,10,3.0,0.9,61,74,COMPLETE
3161,3161,18115.75,2023-11-15 12:09:50.930081,2023-11-15 12:09:51.214142,0 days 00:00:00.284061,0.7000000000000001,10,3.0,0.9,22,65,COMPLETE
3162,3162,17115.5,2023-11-15 12:09:51.215808,2023-11-15 12:09:51.500805,0 days 00:00:00.284997,0.8,10,2.75,0.9,19,69,COMPLETE
3163,3163,17185.5,2023-11-15 12:09:51.502423,2023-11-15 12:09:51.795541,0 days 00:00:00.293118,0.8,20,3.0,0.9,13,77,COMPLETE
3164,3164,18122.5,2023-11-15 12:09:51.797120,2023-11-15 12:09:52.081118,0 days 00:00:00.283998,0.8,10,3.0,0.9,24,72,COMPLETE
3165,3165,17547.25,2023-11-15 12:09:52.082778,2023-11-15 12:09:52.365483,0 days 00:00:00.282705,0.8,10,3.0,0.9,21,68,COMPLETE
3166,3166,17920.75,2023-11-15 12:09:52.367004,2023-11-15 12:09:52.650485,0 days 00:00:00.283481,0.8,10,2.75,0.9,16,74,COMPLETE
3167,3167,19260.75,2023-11-15 12:09:52.652147,2023-11-15 12:09:52.930653,0 days 00:00:00.278506,0.8,10,2.5,0.9,18,71,COMPLETE
3168,3168,16543.25,2023-11-15 12:09:52.932314,2023-11-15 12:09:53.221726,0 days 00:00:00.289412,0.8,10,3.0,0.9,20,63,COMPLETE
3169,3169,17369.25,2023-11-15 12:09:53.223195,2023-11-15 12:09:53.512554,0 days 00:00:00.289359,0.8,10,3.0,0.9,27,79,COMPLETE
3170,3170,17917.0,2023-11-15 12:09:53.514362,2023-11-15 12:09:53.801373,0 days 00:00:00.287011,0.8,10,3.0,0.9,15,67,COMPLETE
3171,3171,15471.0,2023-11-15 12:09:53.802969,2023-11-15 12:09:54.086172,0 days 00:00:00.283203,0.8,10,2.75,0.9,22,30,COMPLETE
3172,3172,18682.0,2023-11-15 12:09:54.087636,2023-11-15 12:09:54.370691,0 days 00:00:00.283055,0.8,10,3.0,0.9,11,75,COMPLETE
3173,3173,18392.25,2023-11-15 12:09:54.372193,2023-11-15 12:09:54.653940,0 days 00:00:00.281747,0.8,20,3.0,0.9,18,71,COMPLETE
3174,3174,16719.5,2023-11-15 12:09:54.656072,2023-11-15 12:09:54.945698,0 days 00:00:00.289626,0.8,10,2.75,0.9,24,66,COMPLETE
3175,3175,17369.5,2023-11-15 12:09:54.947331,2023-11-15 12:09:55.251136,0 days 00:00:00.303805,0.8,10,3.0,0.9,20,73,COMPLETE
3176,3176,17115.5,2023-11-15 12:09:55.252790,2023-11-15 12:09:55.538258,0 days 00:00:00.285468,0.8,10,3.0,0.9,78,69,COMPLETE
3177,3177,16923.25,2023-11-15 12:09:55.539907,2023-11-15 12:09:55.834028,0 days 00:00:00.294121,0.8,10,3.0,0.9,14,76,COMPLETE
3178,3178,19260.75,2023-11-15 12:09:55.835699,2023-11-15 12:09:56.114536,0 days 00:00:00.278837,0.8,10,2.75,0.9,17,71,COMPLETE
3179,3179,13006.75,2023-11-15 12:09:56.116135,2023-11-15 12:09:56.418664,0 days 00:00:00.302529,0.8,50,3.0,0.9,22,64,COMPLETE
3180,3180,17920.75,2023-11-15 12:09:56.420331,2023-11-15 12:09:56.702927,0 days 00:00:00.282596,0.8,10,3.0,0.9,19,74,COMPLETE
3181,3181,17277.25,2023-11-15 12:09:56.704515,2023-11-15 12:09:56.997477,0 days 00:00:00.292962,0.7000000000000001,10,3.0,0.9,25,84,COMPLETE
3182,3182,15899.75,2023-11-15 12:09:56.999008,2023-11-15 12:09:57.299017,0 days 00:00:00.300009,0.8,20,3.0,0.9,15,68,COMPLETE
3183,3183,17545.25,2023-11-15 12:09:57.300586,2023-11-15 12:09:57.583665,0 days 00:00:00.283079,0.8,10,2.75,0.9,23,78,COMPLETE
3184,3184,17826.25,2023-11-15 12:09:57.585165,2023-11-15 12:09:57.869294,0 days 00:00:00.284129,0.8,10,2.5,0.9,17,70,COMPLETE
3185,3185,18122.5,2023-11-15 12:09:57.871111,2023-11-15 12:09:58.158476,0 days 00:00:00.287365,0.8,10,3.0,0.9,20,72,COMPLETE
3186,3186,16553.5,2023-11-15 12:09:58.160347,2023-11-15 12:09:58.451859,0 days 00:00:00.291512,0.7000000000000001,10,3.0,0.9,12,61,COMPLETE
3187,3187,17654.5,2023-11-15 12:09:58.453300,2023-11-15 12:09:58.738405,0 days 00:00:00.285105,0.8,10,3.0,0.9,21,65,COMPLETE
3188,3188,17739.5,2023-11-15 12:09:58.739974,2023-11-15 12:09:59.027745,0 days 00:00:00.287771,0.8,10,2.75,0.9,18,81,COMPLETE
3189,3189,17016.25,2023-11-15 12:09:59.029385,2023-11-15 12:09:59.330199,0 days 00:00:00.300814,0.8,10,3.0,0.9,26,76,COMPLETE
3190,3190,17547.25,2023-11-15 12:09:59.331687,2023-11-15 12:09:59.617203,0 days 00:00:00.285516,0.8,10,3.0,0.9,16,68,COMPLETE
3191,3191,17285.75,2023-11-15 12:09:59.618865,2023-11-15 12:09:59.905709,0 days 00:00:00.286844,0.4,10,3.0,0.9,23,73,COMPLETE
3192,3192,17731.5,2023-11-15 12:09:59.907264,2023-11-15 12:10:00.195223,0 days 00:00:00.287959,0.8,10,2.75,0.9,19,70,COMPLETE
3193,3193,16091.25,2023-11-15 12:10:00.197140,2023-11-15 12:10:00.489569,0 days 00:00:00.292429,0.8,20,3.0,0.9,21,66,COMPLETE
3194,3194,18682.0,2023-11-15 12:10:00.491189,2023-11-15 12:10:00.771704,0 days 00:00:00.280515,0.8,10,3.0,0.9,14,75,COMPLETE
3195,3195,12823.25,2023-11-15 12:10:00.773217,2023-11-15 12:10:01.088316,0 days 00:00:00.315099,0.8,70,2.75,0.9,24,71,COMPLETE
3196,3196,17452.0,2023-11-15 12:10:01.089836,2023-11-15 12:10:01.377598,0 days 00:00:00.287762,0.8,10,2.25,0.9,16,78,COMPLETE
3197,3197,13204.5,2023-11-15 12:10:01.379265,2023-11-15 12:10:01.697403,0 days 00:00:00.318138,0.8,80,3.0,0.9,19,68,COMPLETE
3198,3198,17560.75,2023-11-15 12:10:01.699013,2023-11-15 12:10:01.985199,0 days 00:00:00.286186,0.5,10,3.0,0.9,22,74,COMPLETE
3199,3199,18122.5,2023-11-15 12:10:01.986698,2023-11-15 12:10:02.270883,0 days 00:00:00.284185,0.8,10,3.0,0.9,27,72,COMPLETE
3200,3200,15645.75,2023-11-15 12:10:02.272449,2023-11-15 12:10:02.565903,0 days 00:00:00.293454,0.8,30,2.5,0.9,18,64,COMPLETE
3201,3201,17547.25,2023-11-15 12:10:02.567437,2023-11-15 12:10:02.853694,0 days 00:00:00.286257,0.8,10,2.75,0.9,21,68,COMPLETE
3202,3202,18121.0,2023-11-15 12:10:02.855197,2023-11-15 12:10:03.142907,0 days 00:00:00.287710,0.8,10,3.0,0.5,14,77,COMPLETE
3203,3203,17825.5,2023-11-15 12:10:03.144765,2023-11-15 12:10:03.435465,0 days 00:00:00.290700,0.8,10,3.0,0.9,16,70,COMPLETE
3204,3204,17271.75,2023-11-15 12:10:03.437121,2023-11-15 12:10:03.722902,0 days 00:00:00.285781,0.8,10,3.0,0.9,20,59,COMPLETE
3205,3205,18872.25,2023-11-15 12:10:03.724496,2023-11-15 12:10:04.007978,0 days 00:00:00.283482,0.7000000000000001,10,2.75,0.9,18,73,COMPLETE
3206,3206,17917.0,2023-11-15 12:10:04.010000,2023-11-15 12:10:04.307152,0 days 00:00:00.297152,0.8,10,3.0,0.9,22,67,COMPLETE
3207,3207,16827.5,2023-11-15 12:10:04.308639,2023-11-15 12:10:04.611267,0 days 00:00:00.302628,0.8,20,3.0,0.9,24,80,COMPLETE
3208,3208,18682.0,2023-11-15 12:10:04.612886,2023-11-15 12:10:04.895153,0 days 00:00:00.282267,0.8,10,3.0,0.9,17,75,COMPLETE
3209,3209,16630.0,2023-11-15 12:10:04.896745,2023-11-15 12:10:05.188939,0 days 00:00:00.292194,0.8,10,2.75,0.9,20,62,COMPLETE
3210,3210,17825.5,2023-11-15 12:10:05.190654,2023-11-15 12:10:05.478698,0 days 00:00:00.288044,0.8,10,3.0,0.9,11,70,COMPLETE
3211,3211,17369.5,2023-11-15 12:10:05.480341,2023-11-15 12:10:05.769303,0 days 00:00:00.288962,0.8,10,3.0,0.9,26,73,COMPLETE
3212,3212,16719.5,2023-11-15 12:10:05.770870,2023-11-15 12:10:06.062154,0 days 00:00:00.291284,0.8,10,3.0,0.9,13,66,COMPLETE
3213,3213,17825.5,2023-11-15 12:10:06.063977,2023-11-15 12:10:06.348334,0 days 00:00:00.284357,0.8,10,2.75,0.9,23,70,COMPLETE
3214,3214,17828.0,2023-11-15 12:10:06.350173,2023-11-15 12:10:06.637047,0 days 00:00:00.286874,0.8,10,2.5,0.9,15,74,COMPLETE
3215,3215,17185.5,2023-11-15 12:10:06.638544,2023-11-15 12:10:06.937409,0 days 00:00:00.298865,0.8,20,3.0,0.9,19,77,COMPLETE
3216,3216,17549.5,2023-11-15 12:10:06.938933,2023-11-15 12:10:07.228650,0 days 00:00:00.289717,0.7000000000000001,10,3.0,0.9,17,68,COMPLETE
3217,3217,17014.0,2023-11-15 12:10:07.230162,2023-11-15 12:10:07.520540,0 days 00:00:00.290378,0.8,10,3.0,0.9,21,64,COMPLETE
3218,3218,16442.75,2023-11-15 12:10:07.522136,2023-11-15 12:10:07.812938,0 days 00:00:00.290802,0.8,10,2.75,0.9,24,56,COMPLETE
3219,3219,18122.5,2023-11-15 12:10:07.814514,2023-11-15 12:10:08.120140,0 days 00:00:00.305626,0.8,10,3.0,0.9,19,72,COMPLETE
3220,3220,17825.5,2023-11-15 12:10:08.121716,2023-11-15 12:10:08.411372,0 days 00:00:00.289656,0.8,10,3.0,0.9,16,70,COMPLETE
3221,3221,18307.75,2023-11-15 12:10:08.412953,2023-11-15 12:10:08.701587,0 days 00:00:00.288634,0.8,10,3.0,0.9,13,106,COMPLETE
3222,3222,18682.0,2023-11-15 12:10:08.703113,2023-11-15 12:10:08.990078,0 days 00:00:00.286965,0.8,10,2.75,0.9,22,75,COMPLETE
3223,3223,16719.5,2023-11-15 12:10:08.991721,2023-11-15 12:10:09.282548,0 days 00:00:00.290827,0.8,10,3.0,0.9,18,66,COMPLETE
3224,3224,16732.0,2023-11-15 12:10:09.284003,2023-11-15 12:10:09.585595,0 days 00:00:00.301592,0.8,40,2.75,0.9,96,80,COMPLETE
3225,3225,17275.25,2023-11-15 12:10:09.587441,2023-11-15 12:10:09.882835,0 days 00:00:00.295394,0.8,20,3.0,0.9,25,72,COMPLETE
3226,3226,17547.25,2023-11-15 12:10:09.884328,2023-11-15 12:10:10.173642,0 days 00:00:00.289314,0.8,10,3.0,0.9,20,68,COMPLETE
3227,3227,17842.25,2023-11-15 12:10:10.175237,2023-11-15 12:10:10.464668,0 days 00:00:00.289431,0.7000000000000001,10,3.0,0.9,15,77,COMPLETE
3228,3228,19260.75,2023-11-15 12:10:10.466231,2023-11-15 12:10:10.747307,0 days 00:00:00.281076,0.8,10,3.0,0.9,27,71,COMPLETE
3229,3229,17920.75,2023-11-15 12:10:10.748969,2023-11-15 12:10:11.038146,0 days 00:00:00.289177,0.8,10,3.0,0.9,22,74,COMPLETE
3230,3230,17014.0,2023-11-15 12:10:11.039616,2023-11-15 12:10:11.328130,0 days 00:00:00.288514,0.8,10,2.75,0.9,17,64,COMPLETE
3231,3231,17382.25,2023-11-15 12:10:11.329834,2023-11-15 12:10:11.619797,0 days 00:00:00.289963,0.8,10,2.25,0.9,20,69,COMPLETE
3232,3232,18122.5,2023-11-15 12:10:11.621358,2023-11-15 12:10:11.909519,0 days 00:00:00.288161,0.8,10,3.0,0.9,10,72,COMPLETE
3233,3233,17917.0,2023-11-15 12:10:11.911510,2023-11-15 12:10:12.218778,0 days 00:00:00.307268,0.8,10,3.0,0.9,24,67,COMPLETE
3234,3234,17378.25,2023-11-15 12:10:12.220320,2023-11-15 12:10:12.519036,0 days 00:00:00.298716,0.8,10,2.75,0.9,18,76,COMPLETE
3235,3235,17825.5,2023-11-15 12:10:12.520716,2023-11-15 12:10:12.815789,0 days 00:00:00.295073,0.8,10,3.0,0.9,13,70,COMPLETE
3236,3236,17188.25,2023-11-15 12:10:12.817353,2023-11-15 12:10:13.122969,0 days 00:00:00.305616,0.8,20,3.0,0.9,21,74,COMPLETE
3237,3237,17369.25,2023-11-15 12:10:13.124534,2023-11-15 12:10:13.419982,0 days 00:00:00.295448,0.8,10,3.0,0.9,17,79,COMPLETE
3238,3238,16467.75,2023-11-15 12:10:13.421632,2023-11-15 12:10:13.713513,0 days 00:00:00.291881,0.7000000000000001,10,2.75,0.9,23,61,COMPLETE
3239,3239,17917.25,2023-11-15 12:10:13.715093,2023-11-15 12:10:14.006333,0 days 00:00:00.291240,0.8,10,2.5,0.9,15,67,COMPLETE
3240,3240,17369.5,2023-11-15 12:10:14.007846,2023-11-15 12:10:14.302562,0 days 00:00:00.294716,0.8,10,3.0,0.9,19,73,COMPLETE
3241,3241,14323.75,2023-11-15 12:10:14.304231,2023-11-15 12:10:14.607172,0 days 00:00:00.302941,0.8,60,3.0,0.9,25,70,COMPLETE
3242,3242,16719.5,2023-11-15 12:10:14.608781,2023-11-15 12:10:14.901166,0 days 00:00:00.292385,0.8,10,3.0,0.9,21,66,COMPLETE
3243,3243,18143.0,2023-11-15 12:10:14.902769,2023-11-15 12:10:15.190633,0 days 00:00:00.287864,0.6,10,2.75,0.9,72,76,COMPLETE
3244,3244,17828.5,2023-11-15 12:10:15.192315,2023-11-15 12:10:15.485305,0 days 00:00:00.292990,0.9,10,3.0,0.9,16,82,COMPLETE
3245,3245,16639.25,2023-11-15 12:10:15.486961,2023-11-15 12:10:15.779899,0 days 00:00:00.292938,0.8,10,3.0,0.6,18,63,COMPLETE
3246,3246,1437.5,2023-11-15 12:10:15.781406,2023-11-15 12:10:16.064087,0 days 00:00:00.282681,0.8,20,3.0,0.9,22,9,COMPLETE
3247,3247,18215.25,2023-11-15 12:10:16.065764,2023-11-15 12:10:16.351301,0 days 00:00:00.285537,0.8,10,2.75,0.9,27,72,COMPLETE
3248,3248,17115.5,2023-11-15 12:10:16.352989,2023-11-15 12:10:16.649225,0 days 00:00:00.296236,0.8,10,3.0,0.9,13,69,COMPLETE
