,number,value,datetime_start,datetime_complete,duration,params_alpha,params_decay_interval,params_decay_rate,params_gamma,params_initialization,params_max_steps,state
3061,3061,17651.75,2023-11-15 13:27:39.290051,2023-11-15 13:27:39.600849,0 days 00:00:00.310798,0.8,20,1.5,0.8,7,93,COMPLETE
3062,3062,17490.75,2023-11-15 13:27:39.602324,2023-11-15 13:27:39.917075,0 days 00:00:00.314751,0.8,10,1.25,0.1,5,100,COMPLETE
3063,3063,18488.75,2023-11-15 13:27:39.918563,2023-11-15 13:27:40.226231,0 days 00:00:00.307668,0.9,10,1.75,0.8,23,96,COMPLETE
3064,3064,18209.25,2023-11-15 13:27:40.227850,2023-11-15 13:27:40.541836,0 days 00:00:00.313986,0.8,10,1.25,0.7000000000000001,16,98,COMPLETE
3065,3065,18399.0,2023-11-15 13:27:40.543334,2023-11-15 13:27:40.846406,0 days 00:00:00.303072,0.8,10,1.25,0.8,11,100,COMPLETE
3066,3066,18323.25,2023-11-15 13:27:40.847861,2023-11-15 13:27:41.155542,0 days 00:00:00.307681,0.8,10,1.0,0.8,14,97,COMPLETE
3067,3067,17650.0,2023-11-15 13:27:41.157179,2023-11-15 13:27:41.470577,0 days 00:00:00.313398,0.6,10,1.25,0.9,18,95,COMPLETE
3068,3068,18023.5,2023-11-15 13:27:41.472045,2023-11-15 13:27:41.784204,0 days 00:00:00.312159,0.8,10,1.25,0.8,21,98,COMPLETE
3069,3069,17760.75,2023-11-15 13:27:41.786305,2023-11-15 13:27:42.092946,0 days 00:00:00.306641,0.8,20,1.25,0.8,25,99,COMPLETE
3070,3070,18395.25,2023-11-15 13:27:42.094407,2023-11-15 13:27:42.428568,0 days 00:00:00.334161,0.8,10,1.5,0.8,13,96,COMPLETE
3071,3071,199.5,2023-11-15 13:27:42.430237,2023-11-15 13:27:43.010586,0 days 00:00:00.580349,0.8,10,1.25,0.8,0,100,COMPLETE
3072,3072,18028.5,2023-11-15 13:27:43.012041,2023-11-15 13:27:43.319744,0 days 00:00:00.307703,0.8,10,1.0,0.7000000000000001,6,98,COMPLETE
3073,3073,17090.5,2023-11-15 13:27:43.321218,2023-11-15 13:27:43.622041,0 days 00:00:00.300823,0.9,10,1.25,0.8,19,53,COMPLETE
3074,3074,18399.5,2023-11-15 13:27:43.623467,2023-11-15 13:27:43.928536,0 days 00:00:00.305069,0.8,10,2.5,0.8,10,92,COMPLETE
3075,3075,17186.75,2023-11-15 13:27:43.930218,2023-11-15 13:27:44.248943,0 days 00:00:00.318725,0.7000000000000001,10,1.25,0.9,17,68,COMPLETE
3076,3076,18305.75,2023-11-15 13:27:44.250393,2023-11-15 13:27:44.557174,0 days 00:00:00.306781,0.8,10,1.5,0.8,3,100,COMPLETE
3077,3077,18202.0,2023-11-15 13:27:44.558989,2023-11-15 13:27:44.865143,0 days 00:00:00.306154,0.8,20,1.25,0.8,15,96,COMPLETE
3078,3078,18218.0,2023-11-15 13:27:44.866791,2023-11-15 13:27:45.172573,0 days 00:00:00.305782,0.8,10,1.25,0.8,21,97,COMPLETE
3079,3079,18486.25,2023-11-15 13:27:45.174048,2023-11-15 13:27:45.482622,0 days 00:00:00.308574,0.8,10,1.25,0.8,8,94,COMPLETE
3080,3080,18322.0,2023-11-15 13:27:45.484211,2023-11-15 13:27:45.789975,0 days 00:00:00.305764,0.8,10,1.0,0.8,16,99,COMPLETE
3081,3081,18023.5,2023-11-15 13:27:45.791445,2023-11-15 13:27:46.102328,0 days 00:00:00.310883,0.8,10,1.25,0.8,13,98,COMPLETE
3082,3082,10381.75,2023-11-15 13:27:46.104139,2023-11-15 13:27:46.439622,0 days 00:00:00.335483,0.8,20,1.25,0.7000000000000001,59,18,COMPLETE
3083,3083,18492.5,2023-11-15 13:27:46.441329,2023-11-15 13:27:46.748208,0 days 00:00:00.306879,0.8,10,1.25,0.8,19,100,COMPLETE
3084,3084,18115.75,2023-11-15 13:27:46.749772,2023-11-15 13:27:47.056593,0 days 00:00:00.306821,0.7000000000000001,10,1.25,0.8,5,96,COMPLETE
3085,3085,18185.0,2023-11-15 13:27:47.058219,2023-11-15 13:27:47.372169,0 days 00:00:00.313950,0.8,10,0.75,0.8,22,98,COMPLETE
3086,3086,18213.0,2023-11-15 13:27:47.374198,2023-11-15 13:27:47.685211,0 days 00:00:00.311013,0.9,10,1.5,0.8,11,94,COMPLETE
3087,3087,18306.25,2023-11-15 13:27:47.686951,2023-11-15 13:27:47.998074,0 days 00:00:00.311123,0.8,10,1.25,0.9,2,100,COMPLETE
3088,3088,18218.0,2023-11-15 13:27:47.999807,2023-11-15 13:27:48.306767,0 days 00:00:00.306960,0.8,10,1.25,0.8,17,97,COMPLETE
3089,3089,18022.0,2023-11-15 13:27:48.308312,2023-11-15 13:27:48.616231,0 days 00:00:00.307919,0.8,10,1.0,0.8,9,98,COMPLETE
3090,3090,18492.5,2023-11-15 13:27:48.618199,2023-11-15 13:27:48.923394,0 days 00:00:00.305195,0.8,10,1.25,0.8,7,100,COMPLETE
3091,3091,17837.25,2023-11-15 13:27:48.924824,2023-11-15 13:27:49.242811,0 days 00:00:00.317987,0.8,10,1.25,0.8,14,95,COMPLETE
3092,3092,18403.75,2023-11-15 13:27:49.244597,2023-11-15 13:27:49.555363,0 days 00:00:00.310766,0.8,10,1.5,0.8,19,97,COMPLETE
3093,3093,18587.75,2023-11-15 13:27:49.556836,2023-11-15 13:27:49.898828,0 days 00:00:00.341992,0.8,10,1.25,0.9,16,99,COMPLETE
3094,3094,18209.5,2023-11-15 13:27:49.900588,2023-11-15 13:27:50.326666,0 days 00:00:00.426078,0.8,10,1.25,0.8,38,96,COMPLETE
3095,3095,16100.25,2023-11-15 13:27:50.328907,2023-11-15 13:27:50.669191,0 days 00:00:00.340284,0.7000000000000001,10,1.75,0.8,3,36,COMPLETE
3096,3096,17830.0,2023-11-15 13:27:50.670722,2023-11-15 13:27:50.993001,0 days 00:00:00.322279,0.8,20,1.25,0.7000000000000001,23,100,COMPLETE
3097,3097,18023.5,2023-11-15 13:27:50.994761,2023-11-15 13:27:51.359752,0 days 00:00:00.364991,0.8,10,1.25,0.8,13,98,COMPLETE
3098,3098,18119.25,2023-11-15 13:27:51.361828,2023-11-15 13:27:51.749449,0 days 00:00:00.387621,0.8,10,1.25,0.6,20,94,COMPLETE
3099,3099,18116.25,2023-11-15 13:27:51.751442,2023-11-15 13:27:52.121370,0 days 00:00:00.369928,0.9,10,1.0,0.8,5,98,COMPLETE
3100,3100,18029.25,2023-11-15 13:27:52.123508,2023-11-15 13:27:52.475460,0 days 00:00:00.351952,0.8,10,1.25,0.5,18,96,COMPLETE
3101,3101,17359.25,2023-11-15 13:27:52.477381,2023-11-15 13:27:52.795524,0 days 00:00:00.318143,0.8,30,1.5,0.8,10,100,COMPLETE
3102,3102,14298.25,2023-11-15 13:27:52.796998,2023-11-15 13:27:53.124306,0 days 00:00:00.327308,0.8,70,1.25,0.30000000000000004,15,92,COMPLETE
3103,3103,199.5,2023-11-15 13:27:53.126329,2023-11-15 13:27:53.696012,0 days 00:00:00.569683,0.8,10,1.25,0.8,0,98,COMPLETE
3104,3104,18116.5,2023-11-15 13:27:53.698537,2023-11-15 13:27:54.007643,0 days 00:00:00.309106,0.8,10,1.25,0.8,12,76,COMPLETE
3105,3105,18394.5,2023-11-15 13:27:54.009134,2023-11-15 13:27:54.315796,0 days 00:00:00.306662,0.8,10,1.25,0.8,7,96,COMPLETE
3106,3106,18399.0,2023-11-15 13:27:54.317445,2023-11-15 13:27:54.728810,0 days 00:00:00.411365,0.8,10,1.25,0.8,17,100,COMPLETE
3107,3107,17782.5,2023-11-15 13:27:54.730264,2023-11-15 13:27:55.048486,0 days 00:00:00.318222,0.8,20,1.0,0.9,21,98,COMPLETE
3108,3108,16110.75,2023-11-15 13:27:55.050127,2023-11-15 13:27:55.373796,0 days 00:00:00.323669,0.8,50,1.5,0.8,25,97,COMPLETE
3109,3109,18492.5,2023-11-15 13:27:55.375707,2023-11-15 13:27:55.686947,0 days 00:00:00.311240,0.8,10,1.25,0.8,15,100,COMPLETE
3110,3110,14811.5,2023-11-15 13:27:55.688962,2023-11-15 13:27:56.022735,0 days 00:00:00.333773,0.4,60,0.5,0.8,4,95,COMPLETE
3111,3111,17581.0,2023-11-15 13:27:56.024233,2023-11-15 13:27:56.337196,0 days 00:00:00.312963,0.8,10,1.25,0.8,88,98,COMPLETE
3112,3112,18027.0,2023-11-15 13:27:56.339389,2023-11-15 13:27:56.652563,0 days 00:00:00.313174,0.7000000000000001,10,1.0,0.8,18,100,COMPLETE
3113,3113,18303.75,2023-11-15 13:27:56.654151,2023-11-15 13:27:56.971257,0 days 00:00:00.317106,0.8,10,1.25,0.7000000000000001,10,96,COMPLETE
3114,3114,18121.25,2023-11-15 13:27:56.972712,2023-11-15 13:27:57.287452,0 days 00:00:00.314740,0.6,10,1.25,0.8,14,98,COMPLETE
3115,3115,18307.0,2023-11-15 13:27:57.288976,2023-11-15 13:27:57.605095,0 days 00:00:00.316119,0.8,10,1.5,0.8,20,94,COMPLETE
3116,3116,18586.25,2023-11-15 13:27:57.606635,2023-11-15 13:27:57.913884,0 days 00:00:00.307249,0.8,10,1.25,0.9,6,99,COMPLETE
3117,3117,18218.0,2023-11-15 13:27:57.915440,2023-11-15 13:27:58.266267,0 days 00:00:00.350827,0.8,10,1.25,0.8,2,97,COMPLETE
3118,3118,18492.5,2023-11-15 13:27:58.268209,2023-11-15 13:27:58.582550,0 days 00:00:00.314341,0.8,10,1.25,0.8,12,100,COMPLETE
3119,3119,18394.5,2023-11-15 13:27:58.584456,2023-11-15 13:27:58.894890,0 days 00:00:00.310434,0.8,10,1.25,0.8,16,96,COMPLETE
3120,3120,18494.5,2023-11-15 13:27:58.896629,2023-11-15 13:27:59.212692,0 days 00:00:00.316063,0.9,10,1.25,0.8,8,99,COMPLETE
3121,3121,18235.25,2023-11-15 13:27:59.214769,2023-11-15 13:27:59.532326,0 days 00:00:00.317557,0.8,10,1.0,0.8,23,93,COMPLETE
3122,3122,18025.75,2023-11-15 13:27:59.534307,2023-11-15 13:27:59.859694,0 days 00:00:00.325387,0.5,10,1.5,0.8,18,98,COMPLETE
3123,3123,17003.5,2023-11-15 13:27:59.861706,2023-11-15 13:28:00.192982,0 days 00:00:00.331276,0.8,20,1.25,0.7000000000000001,4,95,COMPLETE
3124,3124,16291.0,2023-11-15 13:28:00.194612,2023-11-15 13:28:00.515630,0 days 00:00:00.321018,0.8,40,1.25,0.8,14,100,COMPLETE
3125,3125,18401.5,2023-11-15 13:28:00.517763,2023-11-15 13:28:00.833492,0 days 00:00:00.315729,0.8,10,1.75,0.8,21,97,COMPLETE
3126,3126,18023.5,2023-11-15 13:28:00.835344,2023-11-15 13:28:01.152821,0 days 00:00:00.317477,0.8,10,1.25,0.8,16,98,COMPLETE
3127,3127,18422.75,2023-11-15 13:28:01.154454,2023-11-15 13:28:01.468092,0 days 00:00:00.313638,0.9,10,1.0,0.9,9,100,COMPLETE
3128,3128,18112.5,2023-11-15 13:28:01.469725,2023-11-15 13:28:01.824852,0 days 00:00:00.355127,0.8,10,1.25,0.8,27,95,COMPLETE
3129,3129,13850.5,2023-11-15 13:28:01.826364,2023-11-15 13:28:02.138960,0 days 00:00:00.312596,0.8,10,1.25,0.8,11,28,COMPLETE
3130,3130,17559.25,2023-11-15 13:28:02.140444,2023-11-15 13:28:02.453838,0 days 00:00:00.313394,0.8,20,1.25,0.8,18,90,COMPLETE
3131,3131,18399.75,2023-11-15 13:28:02.455769,2023-11-15 13:28:02.773361,0 days 00:00:00.317592,0.8,10,1.5,0.8,2,97,COMPLETE
3132,3132,18491.25,2023-11-15 13:28:02.774785,2023-11-15 13:28:03.082817,0 days 00:00:00.308032,0.7000000000000001,10,1.25,0.8,13,99,COMPLETE
3133,3133,18023.5,2023-11-15 13:28:03.084385,2023-11-15 13:28:03.404104,0 days 00:00:00.319719,0.8,10,1.25,0.8,20,98,COMPLETE
3134,3134,18401.0,2023-11-15 13:28:03.405585,2023-11-15 13:28:03.716122,0 days 00:00:00.310537,0.8,10,1.0,0.8,31,100,COMPLETE
3135,3135,18300.75,2023-11-15 13:28:03.718304,2023-11-15 13:28:04.031173,0 days 00:00:00.312869,0.8,10,1.25,0.9,6,96,COMPLETE
3136,3136,18207.75,2023-11-15 13:28:04.033135,2023-11-15 13:28:04.347736,0 days 00:00:00.314601,0.8,10,1.25,0.8,16,93,COMPLETE
3137,3137,17933.75,2023-11-15 13:28:04.349735,2023-11-15 13:28:04.664311,0 days 00:00:00.314576,0.8,10,1.25,0.8,69,98,COMPLETE
3138,3138,18107.75,2023-11-15 13:28:04.666226,2023-11-15 13:28:04.981089,0 days 00:00:00.314863,0.8,20,1.5,0.8,22,100,COMPLETE
3139,3139,18307.75,2023-11-15 13:28:04.983484,2023-11-15 13:28:05.315363,0 days 00:00:00.331879,0.7000000000000001,10,1.25,0.8,19,97,COMPLETE
3140,3140,17746.5,2023-11-15 13:28:05.316908,2023-11-15 13:28:05.635846,0 days 00:00:00.318938,0.8,10,1.25,0.7000000000000001,4,95,COMPLETE
3141,3141,18492.5,2023-11-15 13:28:05.637762,2023-11-15 13:28:05.977009,0 days 00:00:00.339247,0.8,10,1.25,0.8,12,100,COMPLETE
3142,3142,18023.5,2023-11-15 13:28:05.979352,2023-11-15 13:28:06.358721,0 days 00:00:00.379369,0.8,10,1.25,0.8,8,98,COMPLETE
3143,3143,18394.5,2023-11-15 13:28:06.360729,2023-11-15 13:28:06.725466,0 days 00:00:00.364737,0.8,10,1.25,0.8,15,96,COMPLETE
3144,3144,18217.75,2023-11-15 13:28:06.727763,2023-11-15 13:28:07.122242,0 days 00:00:00.394479,0.9,10,1.5,0.8,17,98,COMPLETE
3145,3145,18681.25,2023-11-15 13:28:07.124148,2023-11-15 13:28:07.470973,0 days 00:00:00.346825,0.8,10,1.25,0.8,1,99,COMPLETE
3146,3146,18119.0,2023-11-15 13:28:07.472638,2023-11-15 13:28:07.789914,0 days 00:00:00.317276,0.8,10,1.0,0.8,14,94,COMPLETE
3147,3147,18492.5,2023-11-15 13:28:07.791730,2023-11-15 13:28:08.097332,0 days 00:00:00.305602,0.8,10,1.25,0.8,19,100,COMPLETE
3148,3148,13755.0,2023-11-15 13:28:08.099359,2023-11-15 13:28:08.431352,0 days 00:00:00.331993,0.8,80,1.25,0.9,24,96,COMPLETE
3149,3149,17466.25,2023-11-15 13:28:08.433137,2023-11-15 13:28:08.752151,0 days 00:00:00.319014,0.8,20,1.0,0.8,7,97,COMPLETE
3150,3150,17755.0,2023-11-15 13:28:08.753993,2023-11-15 13:28:09.074012,0 days 00:00:00.320019,0.30000000000000004,10,1.25,0.8,10,100,COMPLETE
3151,3151,18120.5,2023-11-15 13:28:09.075523,2023-11-15 13:28:09.389819,0 days 00:00:00.314296,0.8,10,1.5,0.8,53,98,COMPLETE
3152,3152,17748.5,2023-11-15 13:28:09.391286,2023-11-15 13:28:09.722314,0 days 00:00:00.331028,0.8,10,1.75,0.8,17,91,COMPLETE
3153,3153,17835.5,2023-11-15 13:28:09.724032,2023-11-15 13:28:10.042923,0 days 00:00:00.318891,0.8,10,1.25,0.7000000000000001,21,95,COMPLETE
3154,3154,18023.5,2023-11-15 13:28:10.044418,2023-11-15 13:28:10.356849,0 days 00:00:00.312431,0.8,10,1.25,0.8,4,98,COMPLETE
3155,3155,16543.5,2023-11-15 13:28:10.358335,2023-11-15 13:28:10.673503,0 days 00:00:00.315168,0.8,10,1.25,0.8,12,63,COMPLETE
3156,3156,18492.5,2023-11-15 13:28:10.674995,2023-11-15 13:28:10.988931,0 days 00:00:00.313936,0.8,10,1.25,0.8,15,100,COMPLETE
3157,3157,18307.75,2023-11-15 13:28:10.990435,2023-11-15 13:28:11.300636,0 days 00:00:00.310201,0.7000000000000001,10,1.25,0.8,19,97,COMPLETE
3158,3158,199.5,2023-11-15 13:28:11.302226,2023-11-15 13:28:11.875813,0 days 00:00:00.573587,0.9,10,1.0,0.9,0,96,COMPLETE
3159,3159,18681.25,2023-11-15 13:28:11.877607,2023-11-15 13:28:12.196739,0 days 00:00:00.319132,0.8,10,1.25,0.8,6,99,COMPLETE
3160,3160,13206.0,2023-11-15 13:28:12.198398,2023-11-15 13:28:12.540366,0 days 00:00:00.341968,0.8,90,2.75,0.7000000000000001,9,93,COMPLETE
3161,3161,18013.5,2023-11-15 13:28:12.541853,2023-11-15 13:28:12.859223,0 days 00:00:00.317370,0.8,20,1.25,0.8,13,100,COMPLETE
3162,3162,18023.5,2023-11-15 13:28:12.860703,2023-11-15 13:28:13.177673,0 days 00:00:00.316970,0.8,10,1.25,0.8,22,98,COMPLETE
3163,3163,18301.5,2023-11-15 13:28:13.180072,2023-11-15 13:28:13.498614,0 days 00:00:00.318542,0.8,10,1.5,0.9,17,96,COMPLETE
3164,3164,18023.5,2023-11-15 13:28:13.500138,2023-11-15 13:28:13.834458,0 days 00:00:00.334320,0.8,10,1.25,0.8,15,98,COMPLETE
3165,3165,18492.5,2023-11-15 13:28:13.836241,2023-11-15 13:28:14.148556,0 days 00:00:00.312315,0.8,10,1.25,0.8,2,100,COMPLETE
3166,3166,18121.25,2023-11-15 13:28:14.150473,2023-11-15 13:28:14.463959,0 days 00:00:00.313486,0.8,10,1.5,0.8,19,72,COMPLETE
3167,3167,18486.25,2023-11-15 13:28:14.465437,2023-11-15 13:28:14.782874,0 days 00:00:00.317437,0.8,10,1.25,0.8,11,94,COMPLETE
3168,3168,17403.25,2023-11-15 13:28:14.784366,2023-11-15 13:28:15.108179,0 days 00:00:00.323813,0.7000000000000001,10,1.0,0.2,25,97,COMPLETE
3169,3169,18023.5,2023-11-15 13:28:15.109710,2023-11-15 13:28:15.425313,0 days 00:00:00.315603,0.8,10,1.25,0.8,5,98,COMPLETE
3170,3170,18013.5,2023-11-15 13:28:15.427390,2023-11-15 13:28:15.752810,0 days 00:00:00.325420,0.8,20,1.25,0.8,17,100,COMPLETE
3171,3171,17831.75,2023-11-15 13:28:15.754487,2023-11-15 13:28:16.077052,0 days 00:00:00.322565,0.8,10,2.25,0.8,46,95,COMPLETE
3172,3172,18119.25,2023-11-15 13:28:16.079030,2023-11-15 13:28:16.392481,0 days 00:00:00.313451,0.8,10,1.25,0.6,14,98,COMPLETE
3173,3173,18207.75,2023-11-15 13:28:16.394507,2023-11-15 13:28:16.714235,0 days 00:00:00.319728,0.9,10,1.25,0.8,21,96,COMPLETE
3174,3174,18026.25,2023-11-15 13:28:16.715924,2023-11-15 13:28:17.034661,0 days 00:00:00.318737,0.8,10,1.25,0.8,28,88,COMPLETE
3175,3175,18238.5,2023-11-15 13:28:17.036351,2023-11-15 13:28:17.370665,0 days 00:00:00.334314,0.8,10,1.0,0.8,8,100,COMPLETE
3176,3176,18493.75,2023-11-15 13:28:17.372260,2023-11-15 13:28:17.686924,0 days 00:00:00.314664,0.8,10,1.75,0.7000000000000001,3,98,COMPLETE
3177,3177,16651.0,2023-11-15 13:28:17.688431,2023-11-15 13:28:18.005814,0 days 00:00:00.317383,0.8,10,1.5,0.8,11,49,COMPLETE
3178,3178,17941.0,2023-11-15 13:28:18.007531,2023-11-15 13:28:18.329234,0 days 00:00:00.321703,0.7000000000000001,10,1.25,0.5,16,96,COMPLETE
3179,3179,18218.0,2023-11-15 13:28:18.331424,2023-11-15 13:28:18.645702,0 days 00:00:00.314278,0.8,10,1.25,0.9,19,100,COMPLETE
3180,3180,18033.25,2023-11-15 13:28:18.647451,2023-11-15 13:28:18.964252,0 days 00:00:00.316801,0.8,10,1.25,0.8,23,98,COMPLETE
3181,3181,18030.0,2023-11-15 13:28:18.965993,2023-11-15 13:28:19.283702,0 days 00:00:00.317709,0.8,20,1.25,0.8,14,94,COMPLETE
3182,3182,18323.25,2023-11-15 13:28:19.285461,2023-11-15 13:28:19.603306,0 days 00:00:00.317845,0.8,10,1.0,0.8,6,97,COMPLETE
3183,3183,18398.25,2023-11-15 13:28:19.604811,2023-11-15 13:28:19.922504,0 days 00:00:00.317693,0.8,10,1.25,0.8,18,100,COMPLETE
3184,3184,18209.5,2023-11-15 13:28:19.924954,2023-11-15 13:28:20.241295,0 days 00:00:00.316341,0.9,10,1.25,0.8,9,98,COMPLETE
3185,3185,18202.0,2023-11-15 13:28:20.243111,2023-11-15 13:28:20.562244,0 days 00:00:00.319133,0.8,20,1.5,0.8,13,96,COMPLETE
3186,3186,18681.25,2023-11-15 13:28:20.563738,2023-11-15 13:28:20.942214,0 days 00:00:00.378476,0.8,10,1.25,0.8,4,99,COMPLETE
3187,3187,18400.0,2023-11-15 13:28:20.944586,2023-11-15 13:28:21.335427,0 days 00:00:00.390841,0.8,10,1.25,0.9,16,94,COMPLETE
3188,3188,18398.0,2023-11-15 13:28:21.338899,2023-11-15 13:28:21.718402,0 days 00:00:00.379503,0.8,10,2.0,0.8,21,100,COMPLETE
3189,3189,199.5,2023-11-15 13:28:21.720420,2023-11-15 13:28:22.307608,0 days 00:00:00.587188,0.8,10,1.25,0.7000000000000001,0,97,COMPLETE
3190,3190,18023.5,2023-11-15 13:28:22.309137,2023-11-15 13:28:22.628212,0 days 00:00:00.319075,0.8,10,1.25,0.8,12,98,COMPLETE
3191,3191,17837.25,2023-11-15 13:28:22.629939,2023-11-15 13:28:22.949635,0 days 00:00:00.319696,0.8,10,1.25,0.8,7,95,COMPLETE
3192,3192,18027.0,2023-11-15 13:28:22.951145,2023-11-15 13:28:23.263109,0 days 00:00:00.311964,0.7000000000000001,10,1.0,0.8,18,100,COMPLETE
3193,3193,18310.75,2023-11-15 13:28:23.264694,2023-11-15 13:28:23.588713,0 days 00:00:00.324019,0.8,10,1.25,0.8,20,92,COMPLETE
3194,3194,18398.5,2023-11-15 13:28:23.590190,2023-11-15 13:28:23.913703,0 days 00:00:00.323513,0.8,10,1.5,0.8,10,98,COMPLETE
3195,3195,18394.5,2023-11-15 13:28:23.915783,2023-11-15 13:28:24.229434,0 days 00:00:00.313651,0.8,10,1.25,0.8,15,96,COMPLETE
3196,3196,17919.25,2023-11-15 13:28:24.231226,2023-11-15 13:28:24.552844,0 days 00:00:00.321618,0.8,20,1.25,0.8,2,99,COMPLETE
3197,3197,18212.25,2023-11-15 13:28:24.554479,2023-11-15 13:28:24.880411,0 days 00:00:00.325932,0.8,10,1.25,0.7000000000000001,17,100,COMPLETE
3198,3198,18399.75,2023-11-15 13:28:24.881895,2023-11-15 13:28:25.203596,0 days 00:00:00.321701,0.8,10,1.5,0.9,24,97,COMPLETE
3199,3199,17559.25,2023-11-15 13:28:25.205475,2023-11-15 13:28:25.534813,0 days 00:00:00.329338,0.8,10,1.0,0.8,4,95,COMPLETE
3200,3200,18302.25,2023-11-15 13:28:25.536427,2023-11-15 13:28:25.858513,0 days 00:00:00.322086,0.9,10,1.25,0.8,14,98,COMPLETE
3201,3201,18492.5,2023-11-15 13:28:25.860225,2023-11-15 13:28:26.181359,0 days 00:00:00.321134,0.8,10,1.25,0.8,20,100,COMPLETE
3202,3202,18394.5,2023-11-15 13:28:26.183459,2023-11-15 13:28:26.494633,0 days 00:00:00.311174,0.8,10,1.25,0.8,6,96,COMPLETE
3203,3203,18023.5,2023-11-15 13:28:26.496380,2023-11-15 13:28:26.833801,0 days 00:00:00.337421,0.8,10,1.25,0.8,12,98,COMPLETE
3204,3204,18235.25,2023-11-15 13:28:26.838516,2023-11-15 13:28:27.161685,0 days 00:00:00.323169,0.8,10,1.0,0.8,16,93,COMPLETE
3205,3205,12479.5,2023-11-15 13:28:27.163766,2023-11-15 13:28:27.513085,0 days 00:00:00.349319,0.8,100,1.5,0.8,73,100,COMPLETE
3206,3206,18217.25,2023-11-15 13:28:27.514690,2023-11-15 13:28:27.833003,0 days 00:00:00.318313,0.8,10,1.25,0.9,8,97,COMPLETE
3207,3207,17827.5,2023-11-15 13:28:27.834594,2023-11-15 13:28:28.151258,0 days 00:00:00.316664,0.9,20,1.25,0.8,19,99,COMPLETE
3208,3208,17837.25,2023-11-15 13:28:28.152771,2023-11-15 13:28:28.474495,0 days 00:00:00.321724,0.8,10,1.25,0.8,22,95,COMPLETE
3209,3209,18185.0,2023-11-15 13:28:28.477270,2023-11-15 13:28:28.795651,0 days 00:00:00.318381,0.8,10,0.75,0.8,17,98,COMPLETE
3210,3210,18492.5,2023-11-15 13:28:28.798109,2023-11-15 13:28:29.127864,0 days 00:00:00.329755,0.8,10,1.25,0.8,10,100,COMPLETE
3211,3211,18303.75,2023-11-15 13:28:29.129395,2023-11-15 13:28:29.442290,0 days 00:00:00.312895,0.8,10,1.25,0.7000000000000001,2,96,COMPLETE
3212,3212,18303.75,2023-11-15 13:28:29.444126,2023-11-15 13:28:29.811195,0 days 00:00:00.367069,0.7000000000000001,10,1.25,0.8,13,98,COMPLETE
3213,3213,18210.75,2023-11-15 13:28:29.812696,2023-11-15 13:28:30.137286,0 days 00:00:00.324590,0.8,10,1.75,0.8,15,100,COMPLETE
3214,3214,18218.0,2023-11-15 13:28:30.139468,2023-11-15 13:28:30.462001,0 days 00:00:00.322533,0.8,10,1.25,0.8,5,97,COMPLETE
3215,3215,18117.0,2023-11-15 13:28:30.463706,2023-11-15 13:28:30.778388,0 days 00:00:00.314682,0.6,10,1.5,0.8,19,94,COMPLETE
3216,3216,17830.75,2023-11-15 13:28:30.779888,2023-11-15 13:28:31.101860,0 days 00:00:00.321972,0.8,20,1.25,0.8,17,98,COMPLETE
3217,3217,18399.0,2023-11-15 13:28:31.103986,2023-11-15 13:28:31.423596,0 days 00:00:00.319610,0.8,10,1.0,0.9,11,96,COMPLETE
3218,3218,18399.5,2023-11-15 13:28:31.425340,2023-11-15 13:28:31.751330,0 days 00:00:00.325990,0.8,10,1.25,0.8,23,100,COMPLETE
3219,3219,18023.5,2023-11-15 13:28:31.752830,2023-11-15 13:28:32.071411,0 days 00:00:00.318581,0.8,10,1.25,0.8,8,98,COMPLETE
3220,3220,18394.5,2023-11-15 13:28:32.072974,2023-11-15 13:28:32.390731,0 days 00:00:00.317757,0.8,10,1.25,0.8,14,96,COMPLETE
3221,3221,17123.5,2023-11-15 13:28:32.392415,2023-11-15 13:28:32.721321,0 days 00:00:00.328906,0.30000000000000004,10,1.25,0.8,26,92,COMPLETE
3222,3222,18402.0,2023-11-15 13:28:32.722891,2023-11-15 13:28:33.041990,0 days 00:00:00.319099,0.7000000000000001,10,1.25,0.7000000000000001,3,100,COMPLETE
3223,3223,17225.0,2023-11-15 13:28:33.043855,2023-11-15 13:28:33.378961,0 days 00:00:00.335106,0.8,10,0.25,0.8,20,98,COMPLETE
3224,3224,18209.75,2023-11-15 13:28:33.380577,2023-11-15 13:28:33.727459,0 days 00:00:00.346882,0.8,10,1.5,0.8,6,99,COMPLETE
3225,3225,17737.75,2023-11-15 13:28:33.729352,2023-11-15 13:28:34.048691,0 days 00:00:00.319339,0.8,20,1.25,0.9,16,86,COMPLETE
3226,3226,17653.75,2023-11-15 13:28:34.050185,2023-11-15 13:28:34.377438,0 days 00:00:00.327253,0.8,10,1.0,0.8,18,95,COMPLETE
3227,3227,199.5,2023-11-15 13:28:34.379474,2023-11-15 13:28:34.956735,0 days 00:00:00.577261,0.8,10,1.25,0.8,0,97,COMPLETE
3228,3228,18307.0,2023-11-15 13:28:34.958366,2023-11-15 13:28:35.283213,0 days 00:00:00.324847,0.9,10,1.25,0.8,13,100,COMPLETE
3229,3229,18305.75,2023-11-15 13:28:35.286142,2023-11-15 13:28:35.671429,0 days 00:00:00.385287,0.7000000000000001,10,1.5,0.8,10,98,COMPLETE
