,number,value,datetime_start,datetime_complete,duration,params_alpha,params_decay_interval,params_decay_rate,params_gamma,params_initialization,params_max_steps,state
1202,1202,18212.75,2023-11-15 13:19:55.984542,2023-11-15 13:19:56.144850,0 days 00:00:00.160308,0.8,10,1.25,0.8,21,92,COMPLETE
1203,1203,18322.0,2023-11-15 13:19:56.145901,2023-11-15 13:19:56.303255,0 days 00:00:00.157354,0.8,10,1.0,0.8,9,99,COMPLETE
1204,1204,18397.0,2023-11-15 13:19:56.304673,2023-11-15 13:19:56.463120,0 days 00:00:00.158447,0.8,10,1.75,0.7000000000000001,18,97,COMPLETE
1205,1205,18492.5,2023-11-15 13:19:56.464287,2023-11-15 13:19:56.621153,0 days 00:00:00.156866,0.8,10,1.25,0.8,15,100,COMPLETE
1206,1206,18394.5,2023-11-15 13:19:56.622318,2023-11-15 13:19:56.779322,0 days 00:00:00.157004,0.8,10,1.25,0.8,12,96,COMPLETE
1207,1207,18303.75,2023-11-15 13:19:56.780430,2023-11-15 13:19:56.940956,0 days 00:00:00.160526,0.7000000000000001,10,1.25,0.8,4,98,COMPLETE
1208,1208,17937.0,2023-11-15 13:19:56.942141,2023-11-15 13:19:57.103368,0 days 00:00:00.161227,0.8,20,1.5,0.8,22,94,COMPLETE
1209,1209,18492.5,2023-11-15 13:19:57.104465,2023-11-15 13:19:57.262299,0 days 00:00:00.157834,0.8,10,1.25,0.8,19,100,COMPLETE
1210,1210,18218.5,2023-11-15 13:19:57.263482,2023-11-15 13:19:57.423970,0 days 00:00:00.160488,0.9,10,1.25,0.8,7,97,COMPLETE
1211,1211,18023.5,2023-11-15 13:19:57.425153,2023-11-15 13:19:57.583979,0 days 00:00:00.158826,0.8,10,1.25,0.8,15,98,COMPLETE
1212,1212,18456.5,2023-11-15 13:19:57.585103,2023-11-15 13:19:57.747028,0 days 00:00:00.161925,0.8,10,1.0,0.6,17,100,COMPLETE
1213,1213,17837.5,2023-11-15 13:19:57.748241,2023-11-15 13:19:57.911060,0 days 00:00:00.162819,0.7000000000000001,10,1.25,0.8,10,95,COMPLETE
1214,1214,13306.0,2023-11-15 13:19:57.912312,2023-11-15 13:19:58.097288,0 days 00:00:00.184976,0.8,90,2.0,0.8,2,98,COMPLETE
1215,1215,18301.5,2023-11-15 13:19:58.098340,2023-11-15 13:19:58.256179,0 days 00:00:00.157839,0.8,10,1.5,0.8,25,96,COMPLETE
1216,1216,13925.5,2023-11-15 13:19:58.257798,2023-11-15 13:19:58.440321,0 days 00:00:00.182523,0.9,80,1.25,0.7000000000000001,12,99,COMPLETE
1217,1217,18492.5,2023-11-15 13:19:58.441804,2023-11-15 13:19:58.599773,0 days 00:00:00.157969,0.8,10,1.25,0.8,5,100,COMPLETE
1218,1218,18323.25,2023-11-15 13:19:58.601069,2023-11-15 13:19:58.759553,0 days 00:00:00.158484,0.8,10,1.0,0.8,14,97,COMPLETE
1219,1219,17652.0,2023-11-15 13:19:58.760615,2023-11-15 13:19:58.926790,0 days 00:00:00.166175,0.8,20,1.25,0.8,20,93,COMPLETE
1220,1220,199.5,2023-11-15 13:19:58.927895,2023-11-15 13:19:59.350715,0 days 00:00:00.422820,0.8,10,1.25,0.8,0,98,COMPLETE
1221,1221,18394.5,2023-11-15 13:19:59.352015,2023-11-15 13:19:59.512182,0 days 00:00:00.160167,0.8,10,1.25,0.8,16,96,COMPLETE
1222,1222,17275.0,2023-11-15 13:19:59.513292,2023-11-15 13:19:59.673347,0 days 00:00:00.160055,0.8,30,1.25,0.8,18,100,COMPLETE
1223,1223,18025.75,2023-11-15 13:19:59.674851,2023-11-15 13:19:59.835780,0 days 00:00:00.160929,0.5,10,1.25,0.8,23,98,COMPLETE
1224,1224,18307.0,2023-11-15 13:19:59.836859,2023-11-15 13:19:59.994646,0 days 00:00:00.157787,0.8,10,1.25,0.8,8,90,COMPLETE
1225,1225,17096.0,2023-11-15 13:19:59.995918,2023-11-15 13:20:00.157782,0 days 00:00:00.161864,0.8,10,1.5,0.8,11,48,COMPLETE
1226,1226,17837.25,2023-11-15 13:20:00.159044,2023-11-15 13:20:00.320429,0 days 00:00:00.161385,0.8,10,1.25,0.8,16,95,COMPLETE
1227,1227,17845.5,2023-11-15 13:20:00.321472,2023-11-15 13:20:00.488397,0 days 00:00:00.166925,0.4,10,1.25,0.8,20,100,COMPLETE
1228,1228,18118.75,2023-11-15 13:20:00.489885,2023-11-15 13:20:00.655029,0 days 00:00:00.165144,0.8,10,1.0,0.7000000000000001,14,97,COMPLETE
1229,1229,10745.0,2023-11-15 13:20:00.657018,2023-11-15 13:20:00.814616,0 days 00:00:00.157598,0.7000000000000001,10,1.25,0.8,5,19,COMPLETE
1230,1230,18023.5,2023-11-15 13:20:00.815741,2023-11-15 13:20:00.975762,0 days 00:00:00.160021,0.8,10,1.25,0.8,3,98,COMPLETE
1231,1231,18306.5,2023-11-15 13:20:00.976970,2023-11-15 13:20:01.140413,0 days 00:00:00.163443,0.8,10,1.5,0.8,18,100,COMPLETE
1232,1232,18030.0,2023-11-15 13:20:01.141820,2023-11-15 13:20:01.301057,0 days 00:00:00.159237,0.8,20,1.25,0.8,7,94,COMPLETE
1233,1233,14487.75,2023-11-15 13:20:01.302351,2023-11-15 13:20:01.479588,0 days 00:00:00.177237,0.8,70,1.75,0.8,21,96,COMPLETE
1234,1234,18022.0,2023-11-15 13:20:01.480652,2023-11-15 13:20:01.645226,0 days 00:00:00.164574,0.8,10,1.0,0.8,12,98,COMPLETE
1235,1235,18681.25,2023-11-15 13:20:01.646536,2023-11-15 13:20:01.802781,0 days 00:00:00.156245,0.8,10,1.25,0.8,9,99,COMPLETE
1236,1236,18210.75,2023-11-15 13:20:01.803865,2023-11-15 13:20:01.965384,0 days 00:00:00.161519,0.9,10,1.25,0.7000000000000001,16,96,COMPLETE
1237,1237,18492.5,2023-11-15 13:20:01.966554,2023-11-15 13:20:02.124846,0 days 00:00:00.158292,0.8,10,1.25,0.8,14,100,COMPLETE
1238,1238,18033.25,2023-11-15 13:20:02.126040,2023-11-15 13:20:02.288758,0 days 00:00:00.162718,0.8,10,1.25,0.8,23,98,COMPLETE
1239,1239,18410.75,2023-11-15 13:20:02.290332,2023-11-15 13:20:02.450717,0 days 00:00:00.160385,0.8,10,1.25,0.8,19,94,COMPLETE
1240,1240,18030.5,2023-11-15 13:20:02.451830,2023-11-15 13:20:02.619190,0 days 00:00:00.167360,0.8,10,1.5,0.8,58,97,COMPLETE
1241,1241,18492.5,2023-11-15 13:20:02.620375,2023-11-15 13:20:02.783067,0 days 00:00:00.162692,0.8,10,1.25,0.8,2,100,COMPLETE
1242,1242,18023.5,2023-11-15 13:20:02.784190,2023-11-15 13:20:02.945531,0 days 00:00:00.161341,0.8,10,1.25,0.8,6,98,COMPLETE
1243,1243,18211.0,2023-11-15 13:20:02.946623,2023-11-15 13:20:03.108297,0 days 00:00:00.161674,0.7000000000000001,10,1.25,0.8,10,92,COMPLETE
1244,1244,18497.5,2023-11-15 13:20:03.109418,2023-11-15 13:20:03.269411,0 days 00:00:00.159993,0.8,10,1.0,0.8,17,96,COMPLETE
1245,1245,18013.5,2023-11-15 13:20:03.270502,2023-11-15 13:20:03.429853,0 days 00:00:00.159351,0.8,20,1.25,0.8,14,100,COMPLETE
1246,1246,18023.5,2023-11-15 13:20:03.430955,2023-11-15 13:20:03.593143,0 days 00:00:00.162188,0.8,10,1.25,0.8,21,98,COMPLETE
1247,1247,17655.0,2023-11-15 13:20:03.594395,2023-11-15 13:20:03.762594,0 days 00:00:00.168199,0.9,10,0.5,0.7000000000000001,4,95,COMPLETE
1248,1248,17762.0,2023-11-15 13:20:03.763681,2023-11-15 13:20:03.930586,0 days 00:00:00.166905,0.8,10,1.25,0.8,80,99,COMPLETE
1249,1249,16022.25,2023-11-15 13:20:03.931792,2023-11-15 13:20:04.100520,0 days 00:00:00.168728,0.8,50,0.75,0.8,12,80,COMPLETE
1250,1250,18399.75,2023-11-15 13:20:04.101728,2023-11-15 13:20:04.262432,0 days 00:00:00.160704,0.8,10,1.5,0.8,18,97,COMPLETE
1251,1251,18013.5,2023-11-15 13:20:04.263556,2023-11-15 13:20:04.423104,0 days 00:00:00.159548,0.8,20,1.25,0.8,16,100,COMPLETE
1252,1252,99.0,2023-11-15 13:20:04.424610,2023-11-15 13:20:04.693568,0 days 00:00:00.268958,0.8,10,1.0,0.8,0,44,COMPLETE
1253,1253,18394.5,2023-11-15 13:20:04.694809,2023-11-15 13:20:04.853838,0 days 00:00:00.159029,0.8,10,1.25,0.8,8,96,COMPLETE
1254,1254,14363.75,2023-11-15 13:20:04.855009,2023-11-15 13:20:05.016348,0 days 00:00:00.161339,0.8,10,1.25,0.8,19,31,COMPLETE
1255,1255,18023.5,2023-11-15 13:20:05.017478,2023-11-15 13:20:05.181056,0 days 00:00:00.163578,0.7000000000000001,10,1.25,0.7000000000000001,15,98,COMPLETE
1256,1256,17670.75,2023-11-15 13:20:05.182190,2023-11-15 13:20:05.349955,0 days 00:00:00.167765,0.8,10,1.5,0.30000000000000004,25,94,COMPLETE
1257,1257,12479.5,2023-11-15 13:20:05.351184,2023-11-15 13:20:05.545012,0 days 00:00:00.193828,0.8,100,1.25,0.8,11,100,COMPLETE
1258,1258,18023.5,2023-11-15 13:20:05.546253,2023-11-15 13:20:05.709623,0 days 00:00:00.163370,0.8,10,1.25,0.8,22,98,COMPLETE
1259,1259,18497.5,2023-11-15 13:20:05.710689,2023-11-15 13:20:05.869772,0 days 00:00:00.159083,0.8,10,1.0,0.8,3,96,COMPLETE
1260,1260,18305.25,2023-11-15 13:20:05.870886,2023-11-15 13:20:06.033541,0 days 00:00:00.162655,0.8,10,1.5,0.8,6,98,COMPLETE
1261,1261,18398.25,2023-11-15 13:20:06.034718,2023-11-15 13:20:06.196231,0 days 00:00:00.161513,0.8,10,1.25,0.8,13,100,COMPLETE
1262,1262,17839.0,2023-11-15 13:20:06.197338,2023-11-15 13:20:06.357067,0 days 00:00:00.159729,0.9,20,1.25,0.8,20,97,COMPLETE
1263,1263,17837.5,2023-11-15 13:20:06.358371,2023-11-15 13:20:06.523221,0 days 00:00:00.164850,0.7000000000000001,10,1.25,0.8,17,95,COMPLETE
1264,1264,18492.5,2023-11-15 13:20:06.524954,2023-11-15 13:20:06.687069,0 days 00:00:00.162115,0.8,10,1.25,0.8,15,100,COMPLETE
1265,1265,18023.5,2023-11-15 13:20:06.689075,2023-11-15 13:20:06.853382,0 days 00:00:00.164307,0.8,10,1.25,0.8,8,98,COMPLETE
1266,1266,18207.75,2023-11-15 13:20:06.854668,2023-11-15 13:20:07.017353,0 days 00:00:00.162685,0.8,10,1.25,0.8,5,93,COMPLETE
1267,1267,17042.75,2023-11-15 13:20:07.018426,2023-11-15 13:20:07.192144,0 days 00:00:00.173718,0.6,10,1.75,0.2,10,96,COMPLETE
1268,1268,18322.0,2023-11-15 13:20:07.193291,2023-11-15 13:20:07.355906,0 days 00:00:00.162615,0.8,10,1.0,0.8,18,99,COMPLETE
1269,1269,18492.5,2023-11-15 13:20:07.357495,2023-11-15 13:20:07.516411,0 days 00:00:00.158916,0.8,10,1.25,0.8,2,100,COMPLETE
1270,1270,18027.0,2023-11-15 13:20:07.517537,2023-11-15 13:20:07.680139,0 days 00:00:00.162602,0.8,10,1.5,0.4,12,97,COMPLETE
1271,1271,18209.5,2023-11-15 13:20:07.681329,2023-11-15 13:20:07.843079,0 days 00:00:00.161750,0.9,10,1.25,0.8,23,98,COMPLETE
1272,1272,17746.5,2023-11-15 13:20:07.845600,2023-11-15 13:20:08.020803,0 days 00:00:00.175203,0.8,10,1.25,0.7000000000000001,20,95,COMPLETE
1273,1273,18493.25,2023-11-15 13:20:08.021954,2023-11-15 13:20:08.184342,0 days 00:00:00.162388,0.8,10,2.0,0.8,15,100,COMPLETE
1274,1274,17830.75,2023-11-15 13:20:08.185414,2023-11-15 13:20:08.348777,0 days 00:00:00.163363,0.8,20,1.25,0.8,18,98,COMPLETE
1275,1275,18300.75,2023-11-15 13:20:08.349969,2023-11-15 13:20:08.515180,0 days 00:00:00.165211,0.8,10,1.25,0.9,16,96,COMPLETE
1276,1276,15331.5,2023-11-15 13:20:08.516699,2023-11-15 13:20:08.695576,0 days 00:00:00.178877,0.8,60,1.0,0.8,13,99,COMPLETE
1277,1277,18307.0,2023-11-15 13:20:08.696921,2023-11-15 13:20:08.859345,0 days 00:00:00.162424,0.8,10,1.5,0.8,6,94,COMPLETE
1278,1278,18218.0,2023-11-15 13:20:08.860418,2023-11-15 13:20:09.027885,0 days 00:00:00.167467,0.8,10,1.25,0.8,10,97,COMPLETE
1279,1279,18492.5,2023-11-15 13:20:09.029170,2023-11-15 13:20:09.191160,0 days 00:00:00.161990,0.8,10,1.25,0.8,4,100,COMPLETE
1280,1280,15382.25,2023-11-15 13:20:09.192529,2023-11-15 13:20:09.352887,0 days 00:00:00.160358,0.8,10,1.25,0.8,21,37,COMPLETE
1281,1281,18023.5,2023-11-15 13:20:09.354016,2023-11-15 13:20:09.517146,0 days 00:00:00.163130,0.8,10,1.25,0.8,17,98,COMPLETE
1282,1282,16716.75,2023-11-15 13:20:09.518244,2023-11-15 13:20:09.697786,0 days 00:00:00.179542,0.8,30,0.25,0.7000000000000001,14,92,COMPLETE
1283,1283,199.5,2023-11-15 13:20:09.699069,2023-11-15 13:20:10.112404,0 days 00:00:00.413335,0.7000000000000001,10,1.25,0.8,0,96,COMPLETE
1284,1284,17933.0,2023-11-15 13:20:10.113583,2023-11-15 13:20:10.277056,0 days 00:00:00.163473,0.8,10,1.25,0.8,8,88,COMPLETE
1285,1285,17837.25,2023-11-15 13:20:10.278168,2023-11-15 13:20:10.440525,0 days 00:00:00.162357,0.8,10,1.5,0.8,19,83,COMPLETE
1286,1286,16442.5,2023-11-15 13:20:10.442022,2023-11-15 13:20:10.612804,0 days 00:00:00.170782,0.8,40,1.0,0.9,24,100,COMPLETE
1287,1287,17830.75,2023-11-15 13:20:10.614035,2023-11-15 13:20:10.778468,0 days 00:00:00.164433,0.8,20,1.25,0.8,2,98,COMPLETE
1288,1288,16650.25,2023-11-15 13:20:10.779587,2023-11-15 13:20:10.944120,0 days 00:00:00.164533,0.8,10,1.25,0.8,12,60,COMPLETE
1289,1289,18118.75,2023-11-15 13:20:10.945379,2023-11-15 13:20:11.111361,0 days 00:00:00.165982,0.9,10,1.25,0.6,16,98,COMPLETE
1290,1290,17837.25,2023-11-15 13:20:11.112784,2023-11-15 13:20:11.278378,0 days 00:00:00.165594,0.8,10,1.25,0.8,20,95,COMPLETE
1291,1291,18496.0,2023-11-15 13:20:11.279501,2023-11-15 13:20:11.441215,0 days 00:00:00.161714,0.8,10,1.5,0.5,4,100,COMPLETE
1292,1292,18394.5,2023-11-15 13:20:11.442526,2023-11-15 13:20:11.607866,0 days 00:00:00.165340,0.8,10,1.25,0.8,7,96,COMPLETE
1293,1293,18022.0,2023-11-15 13:20:11.608977,2023-11-15 13:20:11.773562,0 days 00:00:00.164585,0.8,10,1.0,0.8,14,98,COMPLETE
1294,1294,18399.5,2023-11-15 13:20:11.775104,2023-11-15 13:20:11.938290,0 days 00:00:00.163186,0.8,10,1.75,0.8,22,100,COMPLETE
1295,1295,18030.0,2023-11-15 13:20:11.939714,2023-11-15 13:20:12.104486,0 days 00:00:00.164772,0.8,20,1.25,0.8,10,94,COMPLETE
1296,1296,18217.25,2023-11-15 13:20:12.105699,2023-11-15 13:20:12.272901,0 days 00:00:00.167202,0.8,10,1.25,0.9,17,97,COMPLETE
1297,1297,18306.0,2023-11-15 13:20:12.274565,2023-11-15 13:20:12.442708,0 days 00:00:00.168143,0.7000000000000001,10,1.25,0.7000000000000001,19,99,COMPLETE
1298,1298,13456.5,2023-11-15 13:20:12.443872,2023-11-15 13:20:12.634006,0 days 00:00:00.190134,0.8,90,1.25,0.8,13,97,COMPLETE
1299,1299,18492.5,2023-11-15 13:20:12.635073,2023-11-15 13:20:12.797467,0 days 00:00:00.162394,0.8,10,1.25,0.8,16,100,COMPLETE
1300,1300,18394.5,2023-11-15 13:20:12.798546,2023-11-15 13:20:12.959216,0 days 00:00:00.160670,0.8,10,1.25,0.8,7,96,COMPLETE
1301,1301,18029.5,2023-11-15 13:20:12.960390,2023-11-15 13:20:13.127990,0 days 00:00:00.167600,0.8,10,1.5,0.8,67,98,COMPLETE
1302,1302,18361.0,2023-11-15 13:20:13.129169,2023-11-15 13:20:13.297192,0 days 00:00:00.168023,0.9,10,1.0,0.8,3,100,COMPLETE
1303,1303,18207.75,2023-11-15 13:20:13.298275,2023-11-15 13:20:13.463280,0 days 00:00:00.165005,0.8,10,1.25,0.8,9,93,COMPLETE
1304,1304,18023.5,2023-11-15 13:20:13.464410,2023-11-15 13:20:13.631495,0 days 00:00:00.167085,0.8,10,1.25,0.8,22,98,COMPLETE
1305,1305,17005.25,2023-11-15 13:20:13.632611,2023-11-15 13:20:13.805010,0 days 00:00:00.172399,0.8,20,1.25,0.8,18,95,COMPLETE
1306,1306,18023.75,2023-11-15 13:20:13.806516,2023-11-15 13:20:13.975319,0 days 00:00:00.168803,0.8,10,1.75,0.9,5,98,COMPLETE
1307,1307,18492.5,2023-11-15 13:20:13.976641,2023-11-15 13:20:14.140250,0 days 00:00:00.163609,0.8,10,1.25,0.8,15,100,COMPLETE
1308,1308,18613.0,2023-11-15 13:20:14.141966,2023-11-15 13:20:14.305334,0 days 00:00:00.163368,0.8,10,1.0,0.7000000000000001,11,96,COMPLETE
1309,1309,18303.75,2023-11-15 13:20:14.306864,2023-11-15 13:20:14.471853,0 days 00:00:00.164989,0.7000000000000001,10,1.25,0.8,13,98,COMPLETE
1310,1310,18305.75,2023-11-15 13:20:14.473293,2023-11-15 13:20:14.640992,0 days 00:00:00.167699,0.8,10,1.5,0.8,20,100,COMPLETE
1311,1311,18394.5,2023-11-15 13:20:14.642386,2023-11-15 13:20:14.804633,0 days 00:00:00.162247,0.8,10,1.25,0.8,18,96,COMPLETE
1312,1312,17655.25,2023-11-15 13:20:14.806034,2023-11-15 13:20:14.974319,0 days 00:00:00.168285,0.8,10,1.25,0.8,25,91,COMPLETE
1313,1313,18208.75,2023-11-15 13:20:14.975666,2023-11-15 13:20:15.140773,0 days 00:00:00.165107,0.8,10,1.25,0.6,1,98,COMPLETE
1314,1314,17462.25,2023-11-15 13:20:15.142445,2023-11-15 13:20:15.312648,0 days 00:00:00.170203,0.4,20,1.0,0.8,15,100,COMPLETE
1315,1315,18208.5,2023-11-15 13:20:15.313795,2023-11-15 13:20:15.480844,0 days 00:00:00.167049,0.8,10,2.5,0.8,17,94,COMPLETE
1316,1316,18218.5,2023-11-15 13:20:15.481963,2023-11-15 13:20:15.649828,0 days 00:00:00.167865,0.9,10,1.25,0.8,6,97,COMPLETE
1317,1317,18210.5,2023-11-15 13:20:15.650900,2023-11-15 13:20:15.816837,0 days 00:00:00.165937,0.8,10,1.5,0.9,9,99,COMPLETE
1318,1318,18301.75,2023-11-15 13:20:15.817921,2023-11-15 13:20:15.985885,0 days 00:00:00.167964,0.8,10,1.25,0.7000000000000001,12,96,COMPLETE
1319,1319,18023.5,2023-11-15 13:20:15.986971,2023-11-15 13:20:16.157658,0 days 00:00:00.170687,0.8,10,1.25,0.8,21,98,COMPLETE
1320,1320,18492.5,2023-11-15 13:20:16.159075,2023-11-15 13:20:16.325786,0 days 00:00:00.166711,0.8,10,1.25,0.8,2,100,COMPLETE
1321,1321,18410.75,2023-11-15 13:20:16.326986,2023-11-15 13:20:16.494450,0 days 00:00:00.167464,0.8,10,1.25,0.8,14,94,COMPLETE
1322,1322,18222.5,2023-11-15 13:20:16.495684,2023-11-15 13:20:16.663655,0 days 00:00:00.167971,0.7000000000000001,10,1.0,0.8,17,97,COMPLETE
1323,1323,18681.25,2023-11-15 13:20:16.664881,2023-11-15 13:20:16.828598,0 days 00:00:00.163717,0.8,10,1.25,0.8,19,99,COMPLETE
1324,1324,18202.0,2023-11-15 13:20:16.829769,2023-11-15 13:20:16.992575,0 days 00:00:00.162806,0.6,20,1.25,0.8,4,96,COMPLETE
1325,1325,18400.5,2023-11-15 13:20:16.993719,2023-11-15 13:20:17.177315,0 days 00:00:00.183596,0.8,10,1.5,0.8,11,100,COMPLETE
1326,1326,18033.25,2023-11-15 13:20:17.178453,2023-11-15 13:20:17.346601,0 days 00:00:00.168148,0.8,10,1.25,0.8,23,98,COMPLETE
1327,1327,17747.25,2023-11-15 13:20:17.347827,2023-11-15 13:20:17.518696,0 days 00:00:00.170869,0.8,10,1.25,0.9,16,95,COMPLETE
1328,1328,18023.5,2023-11-15 13:20:17.519840,2023-11-15 13:20:17.686208,0 days 00:00:00.166368,0.8,10,1.25,0.8,7,98,COMPLETE
1329,1329,18305.75,2023-11-15 13:20:17.687393,2023-11-15 13:20:17.855396,0 days 00:00:00.168003,0.8,10,1.5,0.8,20,100,COMPLETE
1330,1330,18218.5,2023-11-15 13:20:17.856738,2023-11-15 13:20:18.026001,0 days 00:00:00.169263,0.9,10,1.25,0.8,9,97,COMPLETE
1331,1331,17837.75,2023-11-15 13:20:18.027151,2023-11-15 13:20:18.194308,0 days 00:00:00.167157,0.8,20,1.0,0.7000000000000001,14,98,COMPLETE
1332,1332,17837.25,2023-11-15 13:20:18.195509,2023-11-15 13:20:18.362834,0 days 00:00:00.167325,0.8,10,1.25,0.8,4,95,COMPLETE
1333,1333,199.5,2023-11-15 13:20:18.364074,2023-11-15 13:20:18.785530,0 days 00:00:00.421456,0.7000000000000001,10,1.25,0.8,0,92,COMPLETE
1334,1334,18398.25,2023-11-15 13:20:18.786679,2023-11-15 13:20:18.951239,0 days 00:00:00.164560,0.8,10,1.25,0.8,18,100,COMPLETE
1335,1335,16110.75,2023-11-15 13:20:18.952635,2023-11-15 13:20:19.127493,0 days 00:00:00.174858,0.8,50,0.75,0.8,12,97,COMPLETE
1336,1336,18587.75,2023-11-15 13:20:19.128625,2023-11-15 13:20:19.293893,0 days 00:00:00.165268,0.8,10,1.25,0.9,16,99,COMPLETE
1337,1337,18394.5,2023-11-15 13:20:19.295193,2023-11-15 13:20:19.461756,0 days 00:00:00.166563,0.8,10,1.25,0.8,6,96,COMPLETE
1338,1338,18400.5,2023-11-15 13:20:19.463010,2023-11-15 13:20:19.629110,0 days 00:00:00.166100,0.8,10,1.5,0.8,22,100,COMPLETE
1339,1339,18023.5,2023-11-15 13:20:19.630226,2023-11-15 13:20:19.797048,0 days 00:00:00.166822,0.8,10,1.25,0.8,14,98,COMPLETE
1340,1340,18119.0,2023-11-15 13:20:19.798302,2023-11-15 13:20:19.969141,0 days 00:00:00.170839,0.8,10,1.0,0.8,19,94,COMPLETE
1341,1341,18401.0,2023-11-15 13:20:19.970267,2023-11-15 13:20:20.135509,0 days 00:00:00.165242,0.8,10,1.25,0.7000000000000001,2,97,COMPLETE
1342,1342,18013.5,2023-11-15 13:20:20.136733,2023-11-15 13:20:20.302155,0 days 00:00:00.165422,0.9,20,1.25,0.8,9,100,COMPLETE
1343,1343,18023.5,2023-11-15 13:20:20.303352,2023-11-15 13:20:20.472783,0 days 00:00:00.169431,0.8,10,1.25,0.8,25,98,COMPLETE
1344,1344,17207.5,2023-11-15 13:20:20.474201,2023-11-15 13:20:20.649135,0 days 00:00:00.174934,0.8,10,1.0,0.1,16,96,COMPLETE
1345,1345,18309.75,2023-11-15 13:20:20.650319,2023-11-15 13:20:20.817892,0 days 00:00:00.167573,0.8,10,1.5,0.5,11,100,COMPLETE
1346,1346,18212.25,2023-11-15 13:20:20.819108,2023-11-15 13:20:20.987804,0 days 00:00:00.168696,0.7000000000000001,10,1.25,0.8,21,94,COMPLETE
1347,1347,18023.5,2023-11-15 13:20:20.989158,2023-11-15 13:20:21.159976,0 days 00:00:00.170818,0.8,10,1.25,0.8,5,98,COMPLETE
1348,1348,13140.5,2023-11-15 13:20:21.161122,2023-11-15 13:20:21.400090,0 days 00:00:00.238968,0.1,10,2.75,0.8,49,96,COMPLETE
1349,1349,14576.5,2023-11-15 13:20:21.401240,2023-11-15 13:20:21.585315,0 days 00:00:00.184075,0.8,70,1.25,0.9,13,99,COMPLETE
1350,1350,18023.5,2023-11-15 13:20:21.586449,2023-11-15 13:20:21.758574,0 days 00:00:00.172125,0.8,10,1.25,0.8,18,98,COMPLETE
1351,1351,18492.5,2023-11-15 13:20:21.759716,2023-11-15 13:20:21.925984,0 days 00:00:00.166268,0.8,10,1.25,0.8,15,100,COMPLETE
1352,1352,18117.75,2023-11-15 13:20:21.927276,2023-11-15 13:20:22.096872,0 days 00:00:00.169596,0.5,10,1.5,0.8,7,96,COMPLETE
1353,1353,17652.0,2023-11-15 13:20:22.097949,2023-11-15 13:20:22.270349,0 days 00:00:00.172400,0.8,20,1.25,0.8,3,93,COMPLETE
1354,1354,18399.0,2023-11-15 13:20:22.271477,2023-11-15 13:20:22.437909,0 days 00:00:00.166432,0.8,10,1.75,0.8,20,98,COMPLETE
1355,1355,18399.0,2023-11-15 13:20:22.439471,2023-11-15 13:20:22.609895,0 days 00:00:00.170424,0.8,10,1.25,0.8,17,100,COMPLETE
1356,1356,18301.75,2023-11-15 13:20:22.611010,2023-11-15 13:20:22.780729,0 days 00:00:00.169719,0.8,10,1.25,0.8,23,96,COMPLETE
1357,1357,18025.0,2023-11-15 13:20:22.781847,2023-11-15 13:20:22.953398,0 days 00:00:00.171551,0.8,10,2.25,0.7000000000000001,10,98,COMPLETE
1358,1358,17708.5,2023-11-15 13:20:22.954530,2023-11-15 13:20:23.130107,0 days 00:00:00.175577,0.8,10,1.0,0.9,13,95,COMPLETE
1359,1359,18307.0,2023-11-15 13:20:23.131233,2023-11-15 13:20:23.299461,0 days 00:00:00.168228,0.9,10,1.25,0.8,19,100,COMPLETE
1360,1360,18218.0,2023-11-15 13:20:23.300623,2023-11-15 13:20:23.473429,0 days 00:00:00.172806,0.8,10,1.25,0.8,15,97,COMPLETE
1361,1361,18023.5,2023-11-15 13:20:23.475256,2023-11-15 13:20:23.645600,0 days 00:00:00.170344,0.8,10,1.25,0.8,7,98,COMPLETE
1362,1362,18305.75,2023-11-15 13:20:23.646816,2023-11-15 13:20:23.817029,0 days 00:00:00.170213,0.8,10,1.5,0.8,4,100,COMPLETE
1363,1363,17837.25,2023-11-15 13:20:23.818114,2023-11-15 13:20:23.990555,0 days 00:00:00.172441,0.8,10,1.25,0.8,17,95,COMPLETE
1364,1364,17782.5,2023-11-15 13:20:23.992057,2023-11-15 13:20:24.167226,0 days 00:00:00.175169,0.8,20,1.0,0.8,21,98,COMPLETE
1365,1365,199.5,2023-11-15 13:20:24.168409,2023-11-15 13:20:24.596076,0 days 00:00:00.427667,0.7000000000000001,10,1.25,0.8,0,97,COMPLETE
1366,1366,18212.25,2023-11-15 13:20:24.597203,2023-11-15 13:20:24.768770,0 days 00:00:00.171567,0.8,10,1.25,0.7000000000000001,12,100,COMPLETE
1367,1367,18207.75,2023-11-15 13:20:24.770060,2023-11-15 13:20:24.939617,0 days 00:00:00.169557,0.8,10,1.25,0.8,15,93,COMPLETE
1368,1368,17098.25,2023-11-15 13:20:24.941233,2023-11-15 13:20:25.107773,0 days 00:00:00.166540,0.8,10,1.5,0.9,9,50,COMPLETE
1369,1369,18123.5,2023-11-15 13:20:25.109080,2023-11-15 13:20:25.283591,0 days 00:00:00.174511,0.8,10,1.25,0.8,62,99,COMPLETE
1370,1370,18394.5,2023-11-15 13:20:25.284673,2023-11-15 13:20:25.451589,0 days 00:00:00.166916,0.8,10,1.25,0.8,18,96,COMPLETE
