,number,value,datetime_start,datetime_complete,duration,params_alpha,params_decay_interval,params_decay_rate,params_gamma,params_initialization,params_max_steps,state
684,684,18693.75,2023-11-15 12:01:13.183747,2023-11-15 12:01:13.305886,0 days 00:00:00.122139,0.9,10,2.75,0.2,8,145,COMPLETE
685,685,18718.5,2023-11-15 12:01:13.306871,2023-11-15 12:01:13.428969,0 days 00:00:00.122098,0.9,10,1.0,0.2,3,148,COMPLETE
686,686,18304.5,2023-11-15 12:01:13.430095,2023-11-15 12:01:13.551758,0 days 00:00:00.121663,0.9,10,1.0,0.2,1,142,COMPLETE
687,687,199.75,2023-11-15 12:01:13.552694,2023-11-15 12:01:14.008823,0 days 00:00:00.456129,0.9,10,0.75,0.1,0,150,COMPLETE
688,688,18627.0,2023-11-15 12:01:14.010205,2023-11-15 12:01:14.134411,0 days 00:00:00.124206,0.9,10,1.25,0.4,3,145,COMPLETE
689,689,17285.75,2023-11-15 12:01:14.135589,2023-11-15 12:01:14.253876,0 days 00:00:00.118287,0.9,10,1.0,0.2,2,68,COMPLETE
690,690,17595.25,2023-11-15 12:01:14.254869,2023-11-15 12:01:14.386893,0 days 00:00:00.132024,0.5,20,0.75,0.2,4,147,COMPLETE
691,691,18291.0,2023-11-15 12:01:14.387861,2023-11-15 12:01:14.514440,0 days 00:00:00.126579,0.9,10,1.0,0.1,3,140,COMPLETE
692,692,199.75,2023-11-15 12:01:14.515385,2023-11-15 12:01:14.956057,0 days 00:00:00.440672,0.9,10,1.0,0.2,0,143,COMPLETE
693,693,12813.5,2023-11-15 12:01:14.956998,2023-11-15 12:01:15.195023,0 days 00:00:00.238025,0.1,10,1.25,0.2,5,148,COMPLETE
694,694,18131.0,2023-11-15 12:01:15.196377,2023-11-15 12:01:15.321386,0 days 00:00:00.125009,0.9,10,0.75,0.7000000000000001,5,113,COMPLETE
695,695,17623.5,2023-11-15 12:01:15.322523,2023-11-15 12:01:15.464523,0 days 00:00:00.142000,0.4,10,0.75,0.2,3,150,COMPLETE
696,696,18594.5,2023-11-15 12:01:15.465575,2023-11-15 12:01:15.589903,0 days 00:00:00.124328,0.9,10,1.25,0.6,6,145,COMPLETE
697,697,18396.25,2023-11-15 12:01:15.590911,2023-11-15 12:01:15.715936,0 days 00:00:00.125025,0.9,10,1.0,0.1,2,147,COMPLETE
698,698,12165.0,2023-11-15 12:01:15.716886,2023-11-15 12:01:15.847869,0 days 00:00:00.130983,0.9,10,0.5,0.9,8,33,COMPLETE
699,699,17927.5,2023-11-15 12:01:15.849047,2023-11-15 12:01:15.975179,0 days 00:00:00.126132,0.8,20,1.25,0.30000000000000004,5,143,COMPLETE
700,700,18217.75,2023-11-15 12:01:15.976643,2023-11-15 12:01:16.103322,0 days 00:00:00.126679,0.9,10,0.75,0.2,7,140,COMPLETE
701,701,18207.5,2023-11-15 12:01:16.104314,2023-11-15 12:01:16.232853,0 days 00:00:00.128539,0.9,10,0.75,0.2,11,147,COMPLETE
702,702,17930.0,2023-11-15 12:01:16.233846,2023-11-15 12:01:16.385859,0 days 00:00:00.152013,0.9,10,1.0,0.2,3,144,COMPLETE
703,703,199.75,2023-11-15 12:01:16.386865,2023-11-15 12:01:16.843495,0 days 00:00:00.456630,0.9,10,1.0,0.1,0,150,COMPLETE
704,704,18397.25,2023-11-15 12:01:16.845051,2023-11-15 12:01:16.966517,0 days 00:00:00.121466,0.9,10,2.25,0.2,9,147,COMPLETE
705,705,18022.0,2023-11-15 12:01:16.967635,2023-11-15 12:01:17.091429,0 days 00:00:00.123794,0.9,10,0.75,0.2,6,136,COMPLETE
706,706,18402.75,2023-11-15 12:01:17.092628,2023-11-15 12:01:17.214581,0 days 00:00:00.121953,0.8,10,1.5,0.2,5,142,COMPLETE
707,707,18211.75,2023-11-15 12:01:17.215889,2023-11-15 12:01:17.338151,0 days 00:00:00.122262,0.9,20,1.25,0.1,11,148,COMPLETE
708,708,18592.5,2023-11-15 12:01:17.339122,2023-11-15 12:01:17.458973,0 days 00:00:00.119851,0.7000000000000001,10,1.0,0.2,2,145,COMPLETE
709,709,18498.25,2023-11-15 12:01:17.460206,2023-11-15 12:01:17.587723,0 days 00:00:00.127517,0.9,10,0.75,0.2,8,150,COMPLETE
710,710,18522.75,2023-11-15 12:01:17.588669,2023-11-15 12:01:17.707924,0 days 00:00:00.119255,0.9,10,1.0,0.30000000000000004,14,139,COMPLETE
711,711,18597.0,2023-11-15 12:01:17.709107,2023-11-15 12:01:17.830549,0 days 00:00:00.121442,0.9,10,1.5,0.2,5,145,COMPLETE
712,712,18332.0,2023-11-15 12:01:17.831567,2023-11-15 12:01:17.952850,0 days 00:00:00.121283,0.9,10,0.75,0.2,7,142,COMPLETE
713,713,18396.25,2023-11-15 12:01:17.953851,2023-11-15 12:01:18.075805,0 days 00:00:00.121954,0.9,10,1.0,0.1,3,147,COMPLETE
714,714,18589.0,2023-11-15 12:01:18.076998,2023-11-15 12:01:18.200206,0 days 00:00:00.123208,0.9,10,1.25,0.2,10,150,COMPLETE
715,715,18488.75,2023-11-15 12:01:18.201209,2023-11-15 12:01:18.321960,0 days 00:00:00.120751,0.9,10,0.75,0.5,4,144,COMPLETE
716,716,18119.75,2023-11-15 12:01:18.323003,2023-11-15 12:01:18.446182,0 days 00:00:00.123179,0.9,20,1.25,0.1,9,147,COMPLETE
717,717,17061.25,2023-11-15 12:01:18.447534,2023-11-15 12:01:18.576901,0 days 00:00:00.129367,0.9,30,1.0,0.4,7,142,COMPLETE
718,718,18222.75,2023-11-15 12:01:18.578556,2023-11-15 12:01:18.701455,0 days 00:00:00.122899,0.9,10,0.75,0.2,12,132,COMPLETE
719,719,657.5,2023-11-15 12:01:18.702458,2023-11-15 12:01:19.112966,0 days 00:00:00.410508,0.9,50,1.0,0.2,0,139,COMPLETE
720,720,18532.0,2023-11-15 12:01:19.114130,2023-11-15 12:01:19.235619,0 days 00:00:00.121489,0.9,10,0.75,0.2,2,145,COMPLETE
721,721,18881.25,2023-11-15 12:01:19.236614,2023-11-15 12:01:19.353112,0 days 00:00:00.116498,0.9,10,1.25,0.30000000000000004,6,148,COMPLETE
722,722,14408.25,2023-11-15 12:01:19.354145,2023-11-15 12:01:19.507560,0 days 00:00:00.153415,0.9,80,1.25,0.30000000000000004,4,148,COMPLETE
723,723,18492.25,2023-11-15 12:01:19.508542,2023-11-15 12:01:19.637456,0 days 00:00:00.128914,0.9,10,1.25,0.4,6,150,COMPLETE
724,724,18593.0,2023-11-15 12:01:19.638457,2023-11-15 12:01:19.764741,0 days 00:00:00.126284,0.8,10,1.25,0.4,2,145,COMPLETE
725,725,18590.5,2023-11-15 12:01:19.765822,2023-11-15 12:01:19.891843,0 days 00:00:00.126021,0.9,10,1.25,0.7000000000000001,4,142,COMPLETE
726,726,18604.5,2023-11-15 12:01:19.893074,2023-11-15 12:01:20.017405,0 days 00:00:00.124331,0.9,10,1.25,0.30000000000000004,6,150,COMPLETE
727,727,18602.0,2023-11-15 12:01:20.018547,2023-11-15 12:01:20.142027,0 days 00:00:00.123480,0.9,10,1.5,0.30000000000000004,8,145,COMPLETE
728,728,17451.0,2023-11-15 12:01:20.143362,2023-11-15 12:01:20.272106,0 days 00:00:00.128744,0.9,20,1.25,0.30000000000000004,4,137,COMPLETE
729,729,199.75,2023-11-15 12:01:20.273112,2023-11-15 12:01:20.709734,0 days 00:00:00.436622,0.9,10,1.5,0.30000000000000004,0,147,COMPLETE
730,730,18399.25,2023-11-15 12:01:20.711264,2023-11-15 12:01:20.837136,0 days 00:00:00.125872,0.9,10,1.25,0.5,6,140,COMPLETE
731,731,18404.5,2023-11-15 12:01:20.838079,2023-11-15 12:01:20.961767,0 days 00:00:00.123688,0.8,10,1.25,0.4,10,143,COMPLETE
732,732,18695.25,2023-11-15 12:01:20.962891,2023-11-15 12:01:21.082815,0 days 00:00:00.119924,0.9,10,1.25,0.1,2,148,COMPLETE
733,733,18412.75,2023-11-15 12:01:21.083773,2023-11-15 12:01:21.213077,0 days 00:00:00.129304,0.9,10,0.5,0.30000000000000004,5,145,COMPLETE
734,734,18586.5,2023-11-15 12:01:21.214148,2023-11-15 12:01:21.337949,0 days 00:00:00.123801,0.9,10,1.25,0.1,8,150,COMPLETE
735,735,18588.25,2023-11-15 12:01:21.338941,2023-11-15 12:01:21.462974,0 days 00:00:00.124033,0.9,10,1.25,0.1,3,147,COMPLETE
736,736,18122.5,2023-11-15 12:01:21.464055,2023-11-15 12:01:21.588574,0 days 00:00:00.124519,0.8,10,1.25,0.2,12,141,COMPLETE
737,737,18042.75,2023-11-15 12:01:21.589602,2023-11-15 12:01:21.717638,0 days 00:00:00.128036,0.9,10,0.75,0.8,7,110,COMPLETE
738,738,18308.75,2023-11-15 12:01:21.718736,2023-11-15 12:01:21.843508,0 days 00:00:00.124772,0.9,10,1.5,0.1,9,144,COMPLETE
739,739,18400.5,2023-11-15 12:01:21.845043,2023-11-15 12:01:21.971151,0 days 00:00:00.126108,0.9,10,0.75,0.30000000000000004,32,150,COMPLETE
740,740,17025.5,2023-11-15 12:01:21.972101,2023-11-15 12:01:22.104045,0 days 00:00:00.131944,0.6,20,1.25,0.6,5,93,COMPLETE
741,741,18345.25,2023-11-15 12:01:22.105034,2023-11-15 12:01:22.234075,0 days 00:00:00.129041,0.9,10,0.75,0.6,58,147,COMPLETE
742,742,18122.5,2023-11-15 12:01:22.235250,2023-11-15 12:01:22.367346,0 days 00:00:00.132096,0.9,10,0.5,0.7000000000000001,2,140,COMPLETE
743,743,18205.25,2023-11-15 12:01:22.368359,2023-11-15 12:01:22.491700,0 days 00:00:00.123341,0.9,10,1.75,0.2,7,128,COMPLETE
744,744,18116.25,2023-11-15 12:01:22.492662,2023-11-15 12:01:22.618097,0 days 00:00:00.125435,0.9,10,1.25,0.2,10,144,COMPLETE
745,745,18027.0,2023-11-15 12:01:22.619168,2023-11-15 12:01:22.746947,0 days 00:00:00.127779,0.9,10,0.75,0.1,69,136,COMPLETE
746,746,15241.75,2023-11-15 12:01:22.747905,2023-11-15 12:01:22.867400,0 days 00:00:00.119495,0.9,10,0.75,0.2,14,41,COMPLETE
747,747,18496.0,2023-11-15 12:01:22.868528,2023-11-15 12:01:22.992944,0 days 00:00:00.124416,0.9,10,1.25,0.2,4,147,COMPLETE
748,748,199.75,2023-11-15 12:01:22.994248,2023-11-15 12:01:23.423727,0 days 00:00:00.429479,0.9,10,0.75,0.2,0,143,COMPLETE
749,749,18406.0,2023-11-15 12:01:23.424750,2023-11-15 12:01:23.550911,0 days 00:00:00.126161,0.9,10,1.5,0.1,6,150,COMPLETE
750,750,17971.75,2023-11-15 12:01:23.551988,2023-11-15 12:01:23.680270,0 days 00:00:00.128282,0.9,20,0.75,0.2,9,147,COMPLETE
751,751,18649.5,2023-11-15 12:01:23.681285,2023-11-15 12:01:23.803616,0 days 00:00:00.122331,0.9,10,1.0,0.30000000000000004,11,145,COMPLETE
752,752,18397.25,2023-11-15 12:01:23.804735,2023-11-15 12:01:23.934903,0 days 00:00:00.130168,0.9,10,1.25,0.5,4,141,COMPLETE
753,753,18586.0,2023-11-15 12:01:23.936010,2023-11-15 12:01:24.062605,0 days 00:00:00.126595,0.9,10,1.0,0.2,7,150,COMPLETE
754,754,12773.5,2023-11-15 12:01:24.063553,2023-11-15 12:01:24.226494,0 days 00:00:00.162941,0.9,100,0.75,0.1,3,138,COMPLETE
755,755,18496.5,2023-11-15 12:01:24.228034,2023-11-15 12:01:24.351575,0 days 00:00:00.123541,0.9,10,1.0,0.4,8,145,COMPLETE
756,756,18493.5,2023-11-15 12:01:24.352570,2023-11-15 12:01:24.477296,0 days 00:00:00.124726,0.8,10,1.25,0.2,5,147,COMPLETE
757,757,18494.5,2023-11-15 12:01:24.478573,2023-11-15 12:01:24.603807,0 days 00:00:00.125234,0.9,10,0.75,0.2,2,141,COMPLETE
758,758,17946.25,2023-11-15 12:01:24.604833,2023-11-15 12:01:24.729918,0 days 00:00:00.125085,0.9,10,1.25,0.2,16,123,COMPLETE
759,759,17361.0,2023-11-15 12:01:24.730913,2023-11-15 12:01:24.888158,0 days 00:00:00.157245,0.9,20,0.5,0.9,9,143,COMPLETE
760,760,18301.75,2023-11-15 12:01:24.889193,2023-11-15 12:01:25.016818,0 days 00:00:00.127625,0.9,10,1.0,0.8,13,147,COMPLETE
761,761,18500.75,2023-11-15 12:01:25.018015,2023-11-15 12:01:25.145001,0 days 00:00:00.126986,0.9,10,0.75,0.2,6,150,COMPLETE
762,762,18601.0,2023-11-15 12:01:25.146289,2023-11-15 12:01:25.270305,0 days 00:00:00.124016,0.9,10,1.25,0.1,10,145,COMPLETE
763,763,18499.75,2023-11-15 12:01:25.271542,2023-11-15 12:01:25.395922,0 days 00:00:00.124380,0.9,10,1.0,0.2,1,147,COMPLETE
764,764,18399.5,2023-11-15 12:01:25.396983,2023-11-15 12:01:25.520516,0 days 00:00:00.123533,0.9,10,1.5,0.2,7,143,COMPLETE
765,765,18314.0,2023-11-15 12:01:25.521645,2023-11-15 12:01:25.649347,0 days 00:00:00.127702,0.8,10,0.75,0.2,4,150,COMPLETE
766,766,17913.5,2023-11-15 12:01:25.650518,2023-11-15 12:01:25.779375,0 days 00:00:00.128857,0.9,10,1.0,0.1,12,138,COMPLETE
767,767,11781.5,2023-11-15 12:01:25.780340,2023-11-15 12:01:25.907981,0 days 00:00:00.127641,0.9,90,0.75,0.2,6,51,COMPLETE
768,768,17843.75,2023-11-15 12:01:25.909034,2023-11-15 12:01:26.042390,0 days 00:00:00.133356,0.9,20,1.25,0.30000000000000004,9,143,COMPLETE
769,769,17678.5,2023-11-15 12:01:26.043693,2023-11-15 12:01:26.187103,0 days 00:00:00.143410,0.9,10,0.25,0.1,2,147,COMPLETE
770,770,18297.5,2023-11-15 12:01:26.188056,2023-11-15 12:01:26.312874,0 days 00:00:00.124818,0.9,10,1.25,0.2,4,134,COMPLETE
771,771,18605.5,2023-11-15 12:01:26.313950,2023-11-15 12:01:26.439629,0 days 00:00:00.125679,0.9,10,1.0,0.2,11,145,COMPLETE
772,772,199.75,2023-11-15 12:01:26.440777,2023-11-15 12:01:26.859695,0 days 00:00:00.418918,0.9,10,0.5,0.2,0,140,COMPLETE
773,773,18313.5,2023-11-15 12:01:26.861066,2023-11-15 12:01:26.989498,0 days 00:00:00.128432,0.8,10,1.0,0.1,8,150,COMPLETE
774,774,18022.0,2023-11-15 12:01:26.990623,2023-11-15 12:01:27.120468,0 days 00:00:00.129845,0.9,10,0.75,0.5,6,147,COMPLETE
775,775,18500.0,2023-11-15 12:01:27.121428,2023-11-15 12:01:27.250031,0 days 00:00:00.128603,0.9,10,1.25,0.6,4,142,COMPLETE
776,776,18207.5,2023-11-15 12:01:27.250992,2023-11-15 12:01:27.380150,0 days 00:00:00.129158,0.9,10,0.75,0.2,8,147,COMPLETE
777,777,18399.0,2023-11-15 12:01:27.381147,2023-11-15 12:01:27.521360,0 days 00:00:00.140213,0.9,10,1.0,0.2,2,150,COMPLETE
778,778,18420.25,2023-11-15 12:01:27.522522,2023-11-15 12:01:27.650556,0 days 00:00:00.128034,0.9,10,1.25,0.30000000000000004,6,144,COMPLETE
779,779,18393.5,2023-11-15 12:01:27.651716,2023-11-15 12:01:27.769116,0 days 00:00:00.117400,0.9,20,1.5,0.4,11,102,COMPLETE
780,780,18586.75,2023-11-15 12:01:27.770230,2023-11-15 12:01:27.897336,0 days 00:00:00.127106,0.9,10,1.75,0.2,9,147,COMPLETE
781,781,18302.25,2023-11-15 12:01:27.898424,2023-11-15 12:01:28.024921,0 days 00:00:00.126497,0.9,10,0.75,0.1,4,141,COMPLETE
782,782,18602.0,2023-11-15 12:01:28.025980,2023-11-15 12:01:28.153134,0 days 00:00:00.127154,0.9,10,1.0,0.2,14,145,COMPLETE
783,783,18781.5,2023-11-15 12:01:28.154237,2023-11-15 12:01:28.280329,0 days 00:00:00.126092,0.9,10,0.75,0.2,7,148,COMPLETE
784,784,18206.5,2023-11-15 12:01:28.281366,2023-11-15 12:01:28.408303,0 days 00:00:00.126937,0.8,10,0.75,0.2,2,138,COMPLETE
785,785,18693.25,2023-11-15 12:01:28.409333,2023-11-15 12:01:28.535273,0 days 00:00:00.125940,0.9,10,0.75,0.2,6,148,COMPLETE
786,786,486.25,2023-11-15 12:01:28.536244,2023-11-15 12:01:28.957307,0 days 00:00:00.421063,0.9,30,0.5,0.2,0,143,COMPLETE
787,787,18332.75,2023-11-15 12:01:28.958491,2023-11-15 12:01:29.088650,0 days 00:00:00.130159,0.9,10,0.75,0.1,5,150,COMPLETE
788,788,18114.5,2023-11-15 12:01:29.089663,2023-11-15 12:01:29.220091,0 days 00:00:00.130428,0.9,10,0.75,0.2,7,144,COMPLETE
789,789,18027.0,2023-11-15 12:01:29.221216,2023-11-15 12:01:29.350719,0 days 00:00:00.129503,0.9,20,0.75,0.30000000000000004,4,147,COMPLETE
790,790,14749.5,2023-11-15 12:01:29.351816,2023-11-15 12:01:29.511397,0 days 00:00:00.159581,0.9,70,0.75,0.2,9,140,COMPLETE
791,791,14935.5,2023-11-15 12:01:29.512418,2023-11-15 12:01:29.702133,0 days 00:00:00.189715,0.2,10,0.75,0.1,2,150,COMPLETE
792,792,18410.5,2023-11-15 12:01:29.703138,2023-11-15 12:01:29.837347,0 days 00:00:00.134209,0.9,10,0.5,0.7000000000000001,7,145,COMPLETE
793,793,18207.5,2023-11-15 12:01:29.838364,2023-11-15 12:01:29.969478,0 days 00:00:00.131114,0.9,10,0.75,0.2,5,147,COMPLETE
794,794,18398.0,2023-11-15 12:01:29.970444,2023-11-15 12:01:30.100688,0 days 00:00:00.130244,0.8,10,0.75,0.2,11,142,COMPLETE
795,795,16443.25,2023-11-15 12:01:30.101635,2023-11-15 12:01:30.240038,0 days 00:00:00.138403,0.9,40,0.75,0.2,3,144,COMPLETE
796,796,18169.75,2023-11-15 12:01:30.241083,2023-11-15 12:01:30.372597,0 days 00:00:00.131514,0.9,10,0.75,0.1,8,150,COMPLETE
797,797,0.0,2023-11-15 12:01:30.373564,2023-11-15 12:01:30.474069,0 days 00:00:00.100505,0.9,10,0.75,0.2,10,4,COMPLETE
798,798,13947.5,2023-11-15 12:01:30.475295,2023-11-15 12:01:30.593716,0 days 00:00:00.118421,0.9,10,1.5,0.30000000000000004,6,23,COMPLETE
799,799,18218.75,2023-11-15 12:01:30.595340,2023-11-15 12:01:30.725157,0 days 00:00:00.129817,0.9,10,1.25,0.6,13,147,COMPLETE
800,800,100.0,2023-11-15 12:01:30.726242,2023-11-15 12:01:31.143875,0 days 00:00:00.417633,0.9,10,0.5,0.2,0,139,COMPLETE
801,801,18501.25,2023-11-15 12:01:31.145385,2023-11-15 12:01:31.273878,0 days 00:00:00.128493,0.9,10,0.75,0.4,5,145,COMPLETE
802,802,18345.25,2023-11-15 12:01:31.274885,2023-11-15 12:01:31.402349,0 days 00:00:00.127464,0.9,10,0.75,0.2,3,142,COMPLETE
803,803,17925.5,2023-11-15 12:01:31.403536,2023-11-15 12:01:31.540359,0 days 00:00:00.136823,0.7000000000000001,10,1.25,0.8,8,136,COMPLETE
804,804,18029.0,2023-11-15 12:01:31.541416,2023-11-15 12:01:31.673279,0 days 00:00:00.131863,0.9,10,0.75,0.2,7,117,COMPLETE
805,805,16823.75,2023-11-15 12:01:31.674304,2023-11-15 12:01:31.827286,0 days 00:00:00.152982,0.4,20,1.25,0.1,10,148,COMPLETE
806,806,18532.0,2023-11-15 12:01:31.828953,2023-11-15 12:01:31.956553,0 days 00:00:00.127600,0.9,10,0.75,0.2,2,145,COMPLETE
807,807,18321.0,2023-11-15 12:01:31.957692,2023-11-15 12:01:32.091132,0 days 00:00:00.133440,0.9,10,0.75,0.1,53,150,COMPLETE
808,808,15380.75,2023-11-15 12:01:32.092257,2023-11-15 12:01:32.243679,0 days 00:00:00.151422,0.9,60,0.5,0.2,4,147,COMPLETE
809,809,18419.0,2023-11-15 12:01:32.245241,2023-11-15 12:01:32.374157,0 days 00:00:00.128916,0.9,10,1.25,0.2,12,142,COMPLETE
810,810,18600.75,2023-11-15 12:01:32.375246,2023-11-15 12:01:32.502995,0 days 00:00:00.127749,0.9,10,0.75,0.30000000000000004,6,145,COMPLETE
811,811,18493.0,2023-11-15 12:01:32.503999,2023-11-15 12:01:32.634071,0 days 00:00:00.130072,0.9,10,1.25,0.5,39,150,COMPLETE
812,812,17746.0,2023-11-15 12:01:32.635128,2023-11-15 12:01:32.765512,0 days 00:00:00.130384,0.8,20,1.5,0.1,9,140,COMPLETE
813,813,18207.5,2023-11-15 12:01:32.766636,2023-11-15 12:01:32.897738,0 days 00:00:00.131102,0.9,10,0.75,0.2,4,147,COMPLETE
814,814,18014.75,2023-11-15 12:01:32.898959,2023-11-15 12:01:33.035131,0 days 00:00:00.136172,0.9,10,0.75,0.9,7,143,COMPLETE
815,815,18496.0,2023-11-15 12:01:33.036157,2023-11-15 12:01:33.163501,0 days 00:00:00.127344,0.9,10,1.25,0.2,2,147,COMPLETE
816,816,18373.25,2023-11-15 12:01:33.164700,2023-11-15 12:01:33.297037,0 days 00:00:00.132337,0.9,10,1.0,0.2,95,150,COMPLETE
817,817,18316.25,2023-11-15 12:01:33.298177,2023-11-15 12:01:33.433397,0 days 00:00:00.135220,0.8,10,0.75,0.7000000000000001,10,145,COMPLETE
818,818,18395.75,2023-11-15 12:01:33.434430,2023-11-15 12:01:33.564193,0 days 00:00:00.129763,0.9,10,1.25,0.2,17,138,COMPLETE
819,819,16092.25,2023-11-15 12:01:33.565383,2023-11-15 12:01:33.730420,0 days 00:00:00.165037,0.30000000000000004,10,1.0,0.1,5,142,COMPLETE
820,820,18691.25,2023-11-15 12:01:33.731454,2023-11-15 12:01:33.859939,0 days 00:00:00.128485,0.9,10,0.75,0.2,8,148,COMPLETE
821,821,18011.0,2023-11-15 12:01:33.861209,2023-11-15 12:01:33.989739,0 days 00:00:00.128530,0.9,10,1.25,0.2,12,134,COMPLETE
822,822,490.75,2023-11-15 12:01:33.990975,2023-11-15 12:01:34.418623,0 days 00:00:00.427648,0.9,20,0.5,0.1,0,145,COMPLETE
823,823,18233.5,2023-11-15 12:01:34.419633,2023-11-15 12:01:34.554280,0 days 00:00:00.134647,0.5,10,1.0,0.30000000000000004,6,150,COMPLETE
824,824,18398.0,2023-11-15 12:01:34.555418,2023-11-15 12:01:34.684002,0 days 00:00:00.128584,0.9,10,1.5,0.2,3,141,COMPLETE
825,825,18207.5,2023-11-15 12:01:34.685045,2023-11-15 12:01:34.815979,0 days 00:00:00.130934,0.9,10,0.75,0.2,15,147,COMPLETE
826,826,18688.25,2023-11-15 12:01:34.817117,2023-11-15 12:01:34.947086,0 days 00:00:00.129969,0.9,10,0.75,0.2,8,145,COMPLETE
827,827,17964.0,2023-11-15 12:01:34.948221,2023-11-15 12:01:35.083727,0 days 00:00:00.135506,0.7000000000000001,10,1.0,0.1,10,143,COMPLETE
828,828,17416.25,2023-11-15 12:01:35.084699,2023-11-15 12:01:35.219068,0 days 00:00:00.134369,0.6,10,1.25,0.4,63,107,COMPLETE
829,829,18782.75,2023-11-15 12:01:35.220126,2023-11-15 12:01:35.346889,0 days 00:00:00.126763,0.9,10,0.75,0.6,5,148,COMPLETE
830,830,18464.25,2023-11-15 12:01:35.348014,2023-11-15 12:01:35.479857,0 days 00:00:00.131843,0.9,10,0.75,0.6,6,140,COMPLETE
831,831,18402.75,2023-11-15 12:01:35.480826,2023-11-15 12:01:35.613341,0 days 00:00:00.132515,0.9,10,0.75,0.7000000000000001,8,145,COMPLETE
832,832,17855.5,2023-11-15 12:01:35.614373,2023-11-15 12:01:35.741865,0 days 00:00:00.127492,0.9,20,0.75,0.6,11,97,COMPLETE
833,833,18393.25,2023-11-15 12:01:35.743160,2023-11-15 12:01:35.880790,0 days 00:00:00.137630,0.9,10,0.5,0.6,5,150,COMPLETE
834,834,18490.5,2023-11-15 12:01:35.881755,2023-11-15 12:01:36.012063,0 days 00:00:00.130308,0.9,10,0.75,0.6,9,147,COMPLETE
835,835,18110.25,2023-11-15 12:01:36.013182,2023-11-15 12:01:36.144631,0 days 00:00:00.131449,0.9,10,0.75,0.6,7,137,COMPLETE
836,836,18492.75,2023-11-15 12:01:36.145826,2023-11-15 12:01:36.274789,0 days 00:00:00.128963,0.8,10,0.75,0.6,12,143,COMPLETE
837,837,18365.75,2023-11-15 12:01:36.275848,2023-11-15 12:01:36.405730,0 days 00:00:00.129882,0.9,10,0.75,0.5,5,131,COMPLETE
838,838,18490.5,2023-11-15 12:01:36.406945,2023-11-15 12:01:36.538565,0 days 00:00:00.131620,0.9,10,0.75,0.6,9,147,COMPLETE
839,839,18393.25,2023-11-15 12:01:36.539607,2023-11-15 12:01:36.675623,0 days 00:00:00.136016,0.9,10,0.5,0.6,7,150,COMPLETE
840,840,18494.25,2023-11-15 12:01:36.676704,2023-11-15 12:01:36.809778,0 days 00:00:00.133074,0.9,10,0.75,0.6,4,143,COMPLETE
841,841,18123.0,2023-11-15 12:01:36.811238,2023-11-15 12:01:36.951210,0 days 00:00:00.139972,0.9,20,0.75,0.6,13,145,COMPLETE
842,842,18580.5,2023-11-15 12:01:36.952179,2023-11-15 12:01:37.081356,0 days 00:00:00.129177,0.9,10,1.75,0.6,10,139,COMPLETE
843,843,18132.0,2023-11-15 12:01:37.082314,2023-11-15 12:01:37.220185,0 days 00:00:00.137871,0.9,10,0.5,0.6,6,147,COMPLETE
844,844,18298.25,2023-11-15 12:01:37.221251,2023-11-15 12:01:37.368467,0 days 00:00:00.147216,0.9,10,0.75,0.6,2,150,COMPLETE
845,845,18211.5,2023-11-15 12:01:37.369559,2023-11-15 12:01:37.504496,0 days 00:00:00.134937,0.9,10,0.75,0.6,8,142,COMPLETE
846,846,18218.0,2023-11-15 12:01:37.505692,2023-11-15 12:01:37.643603,0 days 00:00:00.137911,0.8,10,0.75,0.1,5,147,COMPLETE
847,847,18063.25,2023-11-15 12:01:37.645355,2023-11-15 12:01:37.778708,0 days 00:00:00.133353,0.9,20,0.75,0.5,10,145,COMPLETE
848,848,18301.5,2023-11-15 12:01:37.779839,2023-11-15 12:01:37.910163,0 days 00:00:00.130324,0.9,10,1.5,0.1,7,141,COMPLETE
849,849,17838.25,2023-11-15 12:01:37.911617,2023-11-15 12:01:38.048464,0 days 00:00:00.136847,0.9,30,2.75,0.30000000000000004,4,148,COMPLETE
850,850,15920.25,2023-11-15 12:01:38.049574,2023-11-15 12:01:38.193537,0 days 00:00:00.143963,0.9,50,1.25,0.1,1,144,COMPLETE
851,851,14356.75,2023-11-15 12:01:38.195007,2023-11-15 12:01:38.357473,0 days 00:00:00.162466,0.9,80,0.75,0.6,14,150,COMPLETE
852,852,18623.5,2023-11-15 12:01:38.358655,2023-11-15 12:01:38.491983,0 days 00:00:00.133328,0.9,10,1.25,0.1,8,145,COMPLETE
853,853,18495.25,2023-11-15 12:01:38.493220,2023-11-15 12:01:38.626706,0 days 00:00:00.133486,0.8,10,0.75,0.6,11,140,COMPLETE
854,854,18207.5,2023-11-15 12:01:38.627977,2023-11-15 12:01:38.763397,0 days 00:00:00.135420,0.9,10,0.75,0.2,6,147,COMPLETE
855,855,18297.75,2023-11-15 12:01:38.764608,2023-11-15 12:01:38.906662,0 days 00:00:00.142054,0.9,10,1.25,0.7000000000000001,3,136,COMPLETE
