,number,value,datetime_start,datetime_complete,duration,params_alpha,params_decay_interval,params_decay_rate,params_gamma,params_initialization,params_max_steps,state
518,518,14709.25,2023-11-15 13:18:11.498030,2023-11-15 13:18:11.656849,0 days 00:00:00.158819,0.1,10,1.25,0.8,13,98,COMPLETE
519,519,17927.5,2023-11-15 13:18:11.658079,2023-11-15 13:18:11.777284,0 days 00:00:00.119205,0.7000000000000001,10,1.5,0.8,17,94,COMPLETE
520,520,18218.0,2023-11-15 13:18:11.778491,2023-11-15 13:18:11.902170,0 days 00:00:00.123679,0.8,10,1.25,0.8,23,97,COMPLETE
521,521,18492.5,2023-11-15 13:18:11.903740,2023-11-15 13:18:12.025573,0 days 00:00:00.121833,0.8,10,1.25,0.8,20,100,COMPLETE
522,522,16582.75,2023-11-15 13:18:12.026529,2023-11-15 13:18:12.148458,0 days 00:00:00.121929,0.8,30,1.25,0.2,15,98,COMPLETE
523,523,17554.25,2023-11-15 13:18:12.149474,2023-11-15 13:18:12.275843,0 days 00:00:00.126369,0.6,10,1.5,0.7000000000000001,18,95,COMPLETE
524,524,18207.75,2023-11-15 13:18:12.277023,2023-11-15 13:18:12.387103,0 days 00:00:00.110080,0.8,10,1.25,0.8,21,93,COMPLETE
525,525,18209.75,2023-11-15 13:18:12.388163,2023-11-15 13:18:12.510297,0 days 00:00:00.122134,0.8,10,1.5,0.8,23,99,COMPLETE
526,526,17314.5,2023-11-15 13:18:12.511357,2023-11-15 13:18:12.634745,0 days 00:00:00.123388,0.8,10,1.25,0.30000000000000004,84,96,COMPLETE
527,527,18399.0,2023-11-15 13:18:12.635652,2023-11-15 13:18:12.753411,0 days 00:00:00.117759,0.8,10,2.0,0.8,6,98,COMPLETE
528,528,18492.5,2023-11-15 13:18:12.754373,2023-11-15 13:18:12.870678,0 days 00:00:00.116305,0.8,10,1.25,0.8,14,100,COMPLETE
529,529,18218.0,2023-11-15 13:18:12.872165,2023-11-15 13:18:12.990275,0 days 00:00:00.118110,0.8,10,1.25,0.8,18,97,COMPLETE
530,530,17837.25,2023-11-15 13:18:12.992063,2023-11-15 13:18:13.119939,0 days 00:00:00.127876,0.8,10,1.25,0.8,16,95,COMPLETE
531,531,17739.5,2023-11-15 13:18:13.121031,2023-11-15 13:18:13.243281,0 days 00:00:00.122250,0.6,20,1.5,0.8,21,100,COMPLETE
532,532,18023.5,2023-11-15 13:18:13.244500,2023-11-15 13:18:13.366594,0 days 00:00:00.122094,0.8,10,1.25,0.8,19,98,COMPLETE
533,533,18024.25,2023-11-15 13:18:13.367561,2023-11-15 13:18:13.487272,0 days 00:00:00.119711,0.7000000000000001,10,1.25,0.7000000000000001,12,96,COMPLETE
534,534,18209.75,2023-11-15 13:18:13.488400,2023-11-15 13:18:13.607478,0 days 00:00:00.119078,0.8,10,1.5,0.8,24,99,COMPLETE
535,535,17300.25,2023-11-15 13:18:13.609213,2023-11-15 13:18:13.743359,0 days 00:00:00.134146,0.8,10,2.25,0.1,16,93,COMPLETE
536,536,18218.0,2023-11-15 13:18:13.744370,2023-11-15 13:18:13.860644,0 days 00:00:00.116274,0.8,10,1.25,0.8,20,97,COMPLETE
537,537,18306.5,2023-11-15 13:18:13.861636,2023-11-15 13:18:13.987487,0 days 00:00:00.125851,0.8,10,1.5,0.8,18,100,COMPLETE
538,538,17559.25,2023-11-15 13:18:13.988447,2023-11-15 13:18:14.109424,0 days 00:00:00.120977,0.8,20,1.25,0.8,22,90,COMPLETE
539,539,18025.5,2023-11-15 13:18:14.110426,2023-11-15 13:18:14.245420,0 days 00:00:00.134994,0.8,10,2.5,0.8,23,98,COMPLETE
540,540,7282.0,2023-11-15 13:18:14.246483,2023-11-15 13:18:14.358108,0 days 00:00:00.111625,0.8,10,1.25,0.8,14,14,COMPLETE
541,541,17364.5,2023-11-15 13:18:14.359260,2023-11-15 13:18:14.488574,0 days 00:00:00.129314,0.8,10,1.25,0.8,100,96,COMPLETE
542,542,18212.25,2023-11-15 13:18:14.489585,2023-11-15 13:18:14.605775,0 days 00:00:00.116190,0.7000000000000001,10,1.25,0.8,17,94,COMPLETE
543,543,17948.75,2023-11-15 13:18:14.606940,2023-11-15 13:18:14.731512,0 days 00:00:00.124572,0.8,10,3.0,0.4,24,100,COMPLETE
544,544,18117.25,2023-11-15 13:18:14.732637,2023-11-15 13:18:14.860071,0 days 00:00:00.127434,0.8,10,2.0,0.6,20,98,COMPLETE
545,545,17831.25,2023-11-15 13:18:14.861848,2023-11-15 13:18:15.021325,0 days 00:00:00.159477,0.8,10,1.5,0.8,15,95,COMPLETE
546,546,17407.0,2023-11-15 13:18:15.022550,2023-11-15 13:18:15.176024,0 days 00:00:00.153474,0.8,10,0.25,0.8,11,98,COMPLETE
547,547,17686.25,2023-11-15 13:18:15.177283,2023-11-15 13:18:15.336543,0 days 00:00:00.159260,0.7000000000000001,10,1.25,0.8,91,100,COMPLETE
548,548,18122.5,2023-11-15 13:18:15.337604,2023-11-15 13:18:15.481837,0 days 00:00:00.144233,0.8,10,1.25,0.8,19,97,COMPLETE
549,549,18395.25,2023-11-15 13:18:15.483582,2023-11-15 13:18:15.613233,0 days 00:00:00.129651,0.8,10,1.5,0.8,21,96,COMPLETE
550,550,18310.75,2023-11-15 13:18:15.614295,2023-11-15 13:18:15.758700,0 days 00:00:00.144405,0.8,10,1.25,0.8,24,92,COMPLETE
551,551,18209.5,2023-11-15 13:18:15.759886,2023-11-15 13:18:15.891212,0 days 00:00:00.131326,0.8,10,1.25,0.7000000000000001,17,98,COMPLETE
552,552,18305.75,2023-11-15 13:18:15.892835,2023-11-15 13:18:16.037095,0 days 00:00:00.144260,0.8,10,1.5,0.8,14,100,COMPLETE
553,553,17005.25,2023-11-15 13:18:16.038256,2023-11-15 13:18:16.185102,0 days 00:00:00.146846,0.8,20,1.25,0.8,22,95,COMPLETE
554,554,18211.5,2023-11-15 13:18:16.186101,2023-11-15 13:18:16.304930,0 days 00:00:00.118829,0.8,10,2.75,0.8,19,98,COMPLETE
555,555,16432.0,2023-11-15 13:18:16.305921,2023-11-15 13:18:16.448804,0 days 00:00:00.142883,0.2,10,1.25,0.8,16,100,COMPLETE
556,556,18488.75,2023-11-15 13:18:16.449762,2023-11-15 13:18:16.564334,0 days 00:00:00.114572,0.8,10,2.0,0.8,13,96,COMPLETE
557,557,17468.75,2023-11-15 13:18:16.565370,2023-11-15 13:18:16.694329,0 days 00:00:00.128959,0.7000000000000001,20,1.25,0.7000000000000001,24,98,COMPLETE
558,558,18410.75,2023-11-15 13:18:16.695929,2023-11-15 13:18:16.814328,0 days 00:00:00.118399,0.8,10,1.25,0.8,21,94,COMPLETE
559,559,18399.75,2023-11-15 13:18:16.815236,2023-11-15 13:18:16.932968,0 days 00:00:00.117732,0.8,10,1.5,0.8,18,97,COMPLETE
560,560,18492.5,2023-11-15 13:18:16.934354,2023-11-15 13:18:17.059319,0 days 00:00:00.124965,0.8,10,1.25,0.8,16,100,COMPLETE
561,561,15424.25,2023-11-15 13:18:17.060531,2023-11-15 13:18:17.193813,0 days 00:00:00.133282,0.8,60,1.25,0.8,22,98,COMPLETE
562,562,18208.75,2023-11-15 13:18:17.194989,2023-11-15 13:18:17.313301,0 days 00:00:00.118312,0.8,10,1.25,0.7000000000000001,24,96,COMPLETE
563,563,18303.0,2023-11-15 13:18:17.314404,2023-11-15 13:18:17.438612,0 days 00:00:00.124208,0.8,10,1.5,0.8,19,99,COMPLETE
564,564,16554.0,2023-11-15 13:18:17.439633,2023-11-15 13:18:17.567724,0 days 00:00:00.128091,0.8,10,1.25,0.8,14,54,COMPLETE
565,565,17559.75,2023-11-15 13:18:17.568730,2023-11-15 13:18:17.692462,0 days 00:00:00.123732,0.8,20,2.0,0.8,20,93,COMPLETE
566,566,18400.5,2023-11-15 13:18:17.693476,2023-11-15 13:18:17.812547,0 days 00:00:00.119071,0.8,10,1.5,0.8,11,100,COMPLETE
567,567,18218.0,2023-11-15 13:18:17.813794,2023-11-15 13:18:17.946156,0 days 00:00:00.132362,0.8,10,1.25,0.8,16,97,COMPLETE
568,568,15871.25,2023-11-15 13:18:17.947239,2023-11-15 13:18:18.083355,0 days 00:00:00.136116,0.8,40,2.25,0.8,79,95,COMPLETE
569,569,17565.25,2023-11-15 13:18:18.084321,2023-11-15 13:18:18.208136,0 days 00:00:00.123815,0.30000000000000004,10,1.25,0.8,8,98,COMPLETE
570,570,17754.75,2023-11-15 13:18:18.209520,2023-11-15 13:18:18.338478,0 days 00:00:00.128958,0.5,10,1.25,0.7000000000000001,24,100,COMPLETE
571,571,18302.0,2023-11-15 13:18:18.339601,2023-11-15 13:18:18.458965,0 days 00:00:00.119364,0.7000000000000001,10,1.5,0.8,18,96,COMPLETE
572,572,18023.5,2023-11-15 13:18:18.460309,2023-11-15 13:18:18.587162,0 days 00:00:00.126853,0.8,10,1.25,0.8,22,98,COMPLETE
573,573,18410.75,2023-11-15 13:18:18.588144,2023-11-15 13:18:18.708583,0 days 00:00:00.120439,0.8,10,1.25,0.8,20,94,COMPLETE
574,574,17660.0,2023-11-15 13:18:18.709944,2023-11-15 13:18:18.838990,0 days 00:00:00.129046,0.8,10,1.75,0.5,13,91,COMPLETE
575,575,18681.25,2023-11-15 13:18:18.840213,2023-11-15 13:18:18.956343,0 days 00:00:00.116130,0.8,10,1.25,0.8,18,99,COMPLETE
576,576,18013.5,2023-11-15 13:18:18.957428,2023-11-15 13:18:19.080501,0 days 00:00:00.123073,0.8,20,1.25,0.8,17,100,COMPLETE
577,577,18681.25,2023-11-15 13:18:19.081460,2023-11-15 13:18:19.205172,0 days 00:00:00.123712,0.8,10,1.25,0.8,15,99,COMPLETE
578,578,18492.5,2023-11-15 13:18:19.206248,2023-11-15 13:18:19.327009,0 days 00:00:00.120761,0.8,10,1.25,0.8,15,100,COMPLETE
579,579,18681.25,2023-11-15 13:18:19.328050,2023-11-15 13:18:19.451693,0 days 00:00:00.123643,0.8,10,1.25,0.8,12,99,COMPLETE
580,580,18492.5,2023-11-15 13:18:19.452652,2023-11-15 13:18:19.581910,0 days 00:00:00.129258,0.8,10,1.25,0.8,10,100,COMPLETE
581,581,18681.25,2023-11-15 13:18:19.582865,2023-11-15 13:18:19.700518,0 days 00:00:00.117653,0.8,10,1.25,0.8,8,99,COMPLETE
582,582,18492.5,2023-11-15 13:18:19.701492,2023-11-15 13:18:19.823261,0 days 00:00:00.121769,0.8,10,1.25,0.8,8,100,COMPLETE
583,583,18681.25,2023-11-15 13:18:19.824270,2023-11-15 13:18:19.937767,0 days 00:00:00.113497,0.8,10,1.25,0.8,9,99,COMPLETE
584,584,13720.25,2023-11-15 13:18:19.938833,2023-11-15 13:18:20.118111,0 days 00:00:00.179278,0.8,80,1.25,0.8,7,100,COMPLETE
585,585,18681.25,2023-11-15 13:18:20.119098,2023-11-15 13:18:20.233990,0 days 00:00:00.114892,0.8,10,1.25,0.8,7,99,COMPLETE
586,586,18681.25,2023-11-15 13:18:20.235218,2023-11-15 13:18:20.358780,0 days 00:00:00.123562,0.8,10,1.25,0.8,3,99,COMPLETE
587,587,18681.25,2023-11-15 13:18:20.359768,2023-11-15 13:18:20.474904,0 days 00:00:00.115136,0.8,10,1.25,0.8,4,99,COMPLETE
588,588,18023.5,2023-11-15 13:18:20.476107,2023-11-15 13:18:20.597997,0 days 00:00:00.121890,0.8,10,1.25,0.8,3,98,COMPLETE
589,589,18681.25,2023-11-15 13:18:20.599029,2023-11-15 13:18:20.719958,0 days 00:00:00.120929,0.8,10,1.25,0.8,4,99,COMPLETE
590,590,18023.5,2023-11-15 13:18:20.720880,2023-11-15 13:18:20.843312,0 days 00:00:00.122432,0.8,10,1.25,0.8,5,98,COMPLETE
591,591,18023.5,2023-11-15 13:18:20.844271,2023-11-15 13:18:20.973235,0 days 00:00:00.128964,0.8,10,1.25,0.8,3,98,COMPLETE
592,592,18681.25,2023-11-15 13:18:20.974257,2023-11-15 13:18:21.096415,0 days 00:00:00.122158,0.8,10,1.25,0.8,2,99,COMPLETE
593,593,17919.25,2023-11-15 13:18:21.097703,2023-11-15 13:18:21.214508,0 days 00:00:00.116805,0.8,20,1.25,0.8,1,99,COMPLETE
594,594,18681.25,2023-11-15 13:18:21.215705,2023-11-15 13:18:21.333610,0 days 00:00:00.117905,0.8,10,1.25,0.8,4,99,COMPLETE
595,595,18492.5,2023-11-15 13:18:21.334791,2023-11-15 13:18:21.453866,0 days 00:00:00.119075,0.8,10,1.25,0.8,5,100,COMPLETE
596,596,18681.25,2023-11-15 13:18:21.454848,2023-11-15 13:18:21.581977,0 days 00:00:00.127129,0.8,10,1.25,0.8,3,99,COMPLETE
597,597,199.5,2023-11-15 13:18:21.582990,2023-11-15 13:18:21.997385,0 days 00:00:00.414395,0.8,10,1.25,0.8,0,100,COMPLETE
598,598,18681.25,2023-11-15 13:18:21.998588,2023-11-15 13:18:22.117492,0 days 00:00:00.118904,0.8,10,1.25,0.8,2,99,COMPLETE
599,599,18023.5,2023-11-15 13:18:22.118475,2023-11-15 13:18:22.248473,0 days 00:00:00.129998,0.8,10,1.25,0.8,4,98,COMPLETE
600,600,18492.5,2023-11-15 13:18:22.249491,2023-11-15 13:18:22.369660,0 days 00:00:00.120169,0.8,10,1.25,0.8,5,100,COMPLETE
601,601,18023.5,2023-11-15 13:18:22.370654,2023-11-15 13:18:22.497665,0 days 00:00:00.127011,0.8,10,1.25,0.8,4,98,COMPLETE
602,602,18023.5,2023-11-15 13:18:22.498886,2023-11-15 13:18:22.620166,0 days 00:00:00.121280,0.8,10,1.25,0.8,1,98,COMPLETE
603,603,18492.5,2023-11-15 13:18:22.621138,2023-11-15 13:18:22.750579,0 days 00:00:00.129441,0.8,10,1.25,0.8,7,100,COMPLETE
604,604,18394.5,2023-11-15 13:18:22.751626,2023-11-15 13:18:22.867875,0 days 00:00:00.116249,0.8,10,1.25,0.8,6,96,COMPLETE
605,605,16011.75,2023-11-15 13:18:22.868870,2023-11-15 13:18:22.986247,0 days 00:00:00.117377,0.8,10,1.25,0.8,3,41,COMPLETE
606,606,199.5,2023-11-15 13:18:22.987463,2023-11-15 13:18:23.383092,0 days 00:00:00.395629,0.8,20,1.25,0.8,0,98,COMPLETE
607,607,18398.25,2023-11-15 13:18:23.384080,2023-11-15 13:18:23.504888,0 days 00:00:00.120808,0.8,10,1.25,0.8,9,100,COMPLETE
608,608,18023.5,2023-11-15 13:18:23.505869,2023-11-15 13:18:23.629054,0 days 00:00:00.123185,0.8,10,1.25,0.8,5,98,COMPLETE
609,609,18202.0,2023-11-15 13:18:23.630087,2023-11-15 13:18:23.750819,0 days 00:00:00.120732,0.8,20,1.25,0.8,7,96,COMPLETE
610,610,15738.5,2023-11-15 13:18:23.751823,2023-11-15 13:18:23.879666,0 days 00:00:00.127843,0.8,50,1.25,0.8,3,100,COMPLETE
611,611,18209.5,2023-11-15 13:18:23.880874,2023-11-15 13:18:24.005378,0 days 00:00:00.124504,0.8,10,1.25,0.7000000000000001,7,98,COMPLETE
612,612,18394.5,2023-11-15 13:18:24.006633,2023-11-15 13:18:24.127367,0 days 00:00:00.120734,0.8,10,1.25,0.8,9,96,COMPLETE
613,613,18492.5,2023-11-15 13:18:24.128354,2023-11-15 13:18:24.264175,0 days 00:00:00.135821,0.8,10,1.25,0.8,2,100,COMPLETE
614,614,18023.5,2023-11-15 13:18:24.265244,2023-11-15 13:18:24.388017,0 days 00:00:00.122773,0.8,10,1.25,0.8,5,98,COMPLETE
615,615,18394.5,2023-11-15 13:18:24.388984,2023-11-15 13:18:24.511723,0 days 00:00:00.122739,0.8,10,1.25,0.8,8,96,COMPLETE
616,616,17936.75,2023-11-15 13:18:24.512695,2023-11-15 13:18:24.634697,0 days 00:00:00.122002,0.8,10,1.25,0.8,4,85,COMPLETE
617,617,11492.75,2023-11-15 13:18:24.635771,2023-11-15 13:18:24.760295,0 days 00:00:00.124524,0.8,10,1.25,0.8,6,20,COMPLETE
618,618,199.5,2023-11-15 13:18:24.761353,2023-11-15 13:18:25.069301,0 days 00:00:00.307948,0.8,10,1.25,0.8,0,71,COMPLETE
619,619,18681.25,2023-11-15 13:18:25.070283,2023-11-15 13:18:25.188934,0 days 00:00:00.118651,0.8,10,1.25,0.8,9,99,COMPLETE
620,620,18023.5,2023-11-15 13:18:25.190314,2023-11-15 13:18:25.328412,0 days 00:00:00.138098,0.8,10,1.25,0.8,10,98,COMPLETE
621,621,18013.5,2023-11-15 13:18:25.329414,2023-11-15 13:18:25.446040,0 days 00:00:00.116626,0.8,20,1.25,0.7000000000000001,3,100,COMPLETE
622,622,18394.5,2023-11-15 13:18:25.447125,2023-11-15 13:18:25.569901,0 days 00:00:00.122776,0.8,10,1.25,0.8,6,96,COMPLETE
623,623,18118.25,2023-11-15 13:18:25.570957,2023-11-15 13:18:25.696696,0 days 00:00:00.125739,0.4,10,1.25,0.8,2,98,COMPLETE
624,624,18398.25,2023-11-15 13:18:25.697693,2023-11-15 13:18:25.816584,0 days 00:00:00.118891,0.8,10,1.25,0.8,9,100,COMPLETE
625,625,17837.25,2023-11-15 13:18:25.818046,2023-11-15 13:18:25.958779,0 days 00:00:00.140733,0.8,10,1.25,0.8,5,95,COMPLETE
626,626,18218.0,2023-11-15 13:18:25.960070,2023-11-15 13:18:26.085505,0 days 00:00:00.125435,0.8,10,1.25,0.8,7,97,COMPLETE
627,627,18023.5,2023-11-15 13:18:26.086470,2023-11-15 13:18:26.207691,0 days 00:00:00.121221,0.8,10,1.25,0.8,10,98,COMPLETE
628,628,18492.5,2023-11-15 13:18:26.209361,2023-11-15 13:18:26.334759,0 days 00:00:00.125398,0.8,10,1.25,0.8,2,100,COMPLETE
629,629,18394.5,2023-11-15 13:18:26.335743,2023-11-15 13:18:26.453320,0 days 00:00:00.117577,0.8,10,1.25,0.8,4,96,COMPLETE
630,630,199.5,2023-11-15 13:18:26.454310,2023-11-15 13:18:26.848029,0 days 00:00:00.393719,0.8,20,1.25,0.8,0,98,COMPLETE
631,631,18492.5,2023-11-15 13:18:26.848976,2023-11-15 13:18:26.966894,0 days 00:00:00.117918,0.8,10,1.25,0.8,12,100,COMPLETE
632,632,18023.5,2023-11-15 13:18:26.967981,2023-11-15 13:18:27.096085,0 days 00:00:00.128104,0.8,10,1.25,0.8,7,98,COMPLETE
633,633,17746.5,2023-11-15 13:18:27.097149,2023-11-15 13:18:27.224020,0 days 00:00:00.126871,0.8,10,1.25,0.7000000000000001,9,95,COMPLETE
634,634,18218.0,2023-11-15 13:18:27.225610,2023-11-15 13:18:27.349260,0 days 00:00:00.123650,0.8,10,1.25,0.8,12,97,COMPLETE
635,635,18492.5,2023-11-15 13:18:27.350278,2023-11-15 13:18:27.473994,0 days 00:00:00.123716,0.8,10,1.25,0.8,5,100,COMPLETE
636,636,18394.5,2023-11-15 13:18:27.475387,2023-11-15 13:18:27.595864,0 days 00:00:00.120477,0.8,10,1.25,0.8,2,96,COMPLETE
637,637,18023.5,2023-11-15 13:18:27.596919,2023-11-15 13:18:27.726183,0 days 00:00:00.129264,0.8,10,1.25,0.8,10,98,COMPLETE
638,638,18681.25,2023-11-15 13:18:27.727203,2023-11-15 13:18:27.854546,0 days 00:00:00.127343,0.8,10,1.25,0.8,7,99,COMPLETE
639,639,18112.5,2023-11-15 13:18:27.855628,2023-11-15 13:18:27.980559,0 days 00:00:00.124931,0.8,10,1.25,0.8,12,95,COMPLETE
640,640,18013.5,2023-11-15 13:18:27.981559,2023-11-15 13:18:28.106638,0 days 00:00:00.125079,0.8,20,1.25,0.8,4,100,COMPLETE
641,641,18116.5,2023-11-15 13:18:28.107769,2023-11-15 13:18:28.228728,0 days 00:00:00.120959,0.8,10,1.25,0.8,4,76,COMPLETE
642,642,18401.0,2023-11-15 13:18:28.229771,2023-11-15 13:18:28.351015,0 days 00:00:00.121244,0.8,10,1.25,0.7000000000000001,10,97,COMPLETE
643,643,18023.5,2023-11-15 13:18:28.352043,2023-11-15 13:18:28.479346,0 days 00:00:00.127303,0.8,10,1.25,0.8,6,98,COMPLETE
644,644,18486.25,2023-11-15 13:18:28.480529,2023-11-15 13:18:28.605111,0 days 00:00:00.124582,0.8,10,1.25,0.8,8,94,COMPLETE
645,645,18399.0,2023-11-15 13:18:28.606187,2023-11-15 13:18:28.730814,0 days 00:00:00.124627,0.8,10,1.25,0.8,11,100,COMPLETE
646,646,18023.5,2023-11-15 13:18:28.731793,2023-11-15 13:18:28.859318,0 days 00:00:00.127525,0.8,10,1.25,0.8,12,98,COMPLETE
647,647,18394.5,2023-11-15 13:18:28.860324,2023-11-15 13:18:28.981274,0 days 00:00:00.120950,0.8,10,1.25,0.8,1,96,COMPLETE
648,648,18492.5,2023-11-15 13:18:28.982318,2023-11-15 13:18:29.103752,0 days 00:00:00.121434,0.8,10,1.25,0.8,14,100,COMPLETE
649,649,17830.75,2023-11-15 13:18:29.105080,2023-11-15 13:18:29.229384,0 days 00:00:00.124304,0.8,20,1.25,0.8,3,98,COMPLETE
650,650,18394.5,2023-11-15 13:18:29.230420,2023-11-15 13:18:29.365483,0 days 00:00:00.135063,0.8,10,1.25,0.8,8,96,COMPLETE
651,651,17198.25,2023-11-15 13:18:29.366530,2023-11-15 13:18:29.490829,0 days 00:00:00.124299,0.8,30,1.25,0.7000000000000001,6,99,COMPLETE
652,652,18410.75,2023-11-15 13:18:29.492077,2023-11-15 13:18:29.617560,0 days 00:00:00.125483,0.8,10,1.25,0.8,13,94,COMPLETE
653,653,18218.0,2023-11-15 13:18:29.618637,2023-11-15 13:18:29.764582,0 days 00:00:00.145945,0.8,10,1.25,0.8,11,97,COMPLETE
654,654,18492.5,2023-11-15 13:18:29.765893,2023-11-15 13:18:29.909739,0 days 00:00:00.143846,0.8,10,1.25,0.8,5,100,COMPLETE
655,655,14669.25,2023-11-15 13:18:29.911343,2023-11-15 13:18:30.079868,0 days 00:00:00.168525,0.8,70,1.25,0.8,0,98,COMPLETE
656,656,17691.25,2023-11-15 13:18:30.081033,2023-11-15 13:18:30.234385,0 days 00:00:00.153352,0.8,10,1.25,0.8,97,100,COMPLETE
657,657,18394.5,2023-11-15 13:18:30.235516,2023-11-15 13:18:30.408617,0 days 00:00:00.173101,0.8,10,1.25,0.8,14,96,COMPLETE
658,658,17830.75,2023-11-15 13:18:30.409770,2023-11-15 13:18:30.551751,0 days 00:00:00.141981,0.7000000000000001,20,1.25,0.8,9,98,COMPLETE
659,659,18486.25,2023-11-15 13:18:30.553172,2023-11-15 13:18:30.706938,0 days 00:00:00.153766,0.8,10,1.25,0.8,2,94,COMPLETE
660,660,18492.5,2023-11-15 13:18:30.708453,2023-11-15 13:18:30.846215,0 days 00:00:00.137762,0.8,10,1.25,0.8,14,100,COMPLETE
661,661,18218.0,2023-11-15 13:18:30.847386,2023-11-15 13:18:30.991598,0 days 00:00:00.144212,0.8,10,1.25,0.8,11,97,COMPLETE
662,662,18209.5,2023-11-15 13:18:30.992627,2023-11-15 13:18:31.118489,0 days 00:00:00.125862,0.8,10,1.25,0.7000000000000001,7,98,COMPLETE
663,663,17837.25,2023-11-15 13:18:31.119771,2023-11-15 13:18:31.249528,0 days 00:00:00.129757,0.8,10,1.25,0.8,4,95,COMPLETE
664,664,18492.5,2023-11-15 13:18:31.250523,2023-11-15 13:18:31.375682,0 days 00:00:00.125159,0.8,10,1.25,0.8,15,100,COMPLETE
665,665,18394.5,2023-11-15 13:18:31.377016,2023-11-15 13:18:31.498191,0 days 00:00:00.121175,0.8,10,1.25,0.8,12,96,COMPLETE
666,666,18303.75,2023-11-15 13:18:31.499224,2023-11-15 13:18:31.631676,0 days 00:00:00.132452,0.7000000000000001,10,1.25,0.8,9,98,COMPLETE
667,667,17919.25,2023-11-15 13:18:31.632894,2023-11-15 13:18:31.766948,0 days 00:00:00.134054,0.8,20,1.25,0.8,6,99,COMPLETE
668,668,18218.0,2023-11-15 13:18:31.768268,2023-11-15 13:18:31.898022,0 days 00:00:00.129754,0.8,10,1.25,0.8,13,97,COMPLETE
669,669,18214.0,2023-11-15 13:18:31.899087,2023-11-15 13:18:32.029674,0 days 00:00:00.130587,0.8,10,1.25,0.4,2,100,COMPLETE
670,670,15382.25,2023-11-15 13:18:32.030640,2023-11-15 13:18:32.155180,0 days 00:00:00.124540,0.8,10,1.25,0.8,4,37,COMPLETE
671,671,16650.25,2023-11-15 13:18:32.156434,2023-11-15 13:18:32.289552,0 days 00:00:00.133118,0.8,10,1.25,0.8,42,64,COMPLETE
672,672,15253.0,2023-11-15 13:18:32.291071,2023-11-15 13:18:32.428759,0 days 00:00:00.137688,0.8,60,1.25,0.8,15,94,COMPLETE
673,673,18209.25,2023-11-15 13:18:32.429707,2023-11-15 13:18:32.554552,0 days 00:00:00.124845,0.8,10,1.25,0.7000000000000001,16,98,COMPLETE
674,674,13089.5,2023-11-15 13:18:32.555897,2023-11-15 13:18:32.715668,0 days 00:00:00.159771,0.8,90,1.25,0.8,10,100,COMPLETE
675,675,18394.5,2023-11-15 13:18:32.716661,2023-11-15 13:18:32.838576,0 days 00:00:00.121915,0.8,10,1.25,0.8,8,96,COMPLETE
676,676,18023.5,2023-11-15 13:18:32.839876,2023-11-15 13:18:32.967904,0 days 00:00:00.128028,0.8,10,1.25,0.8,17,98,COMPLETE
677,677,18219.25,2023-11-15 13:18:32.969270,2023-11-15 13:18:33.098582,0 days 00:00:00.129312,0.8,10,1.25,0.8,12,87,COMPLETE
678,678,16106.5,2023-11-15 13:18:33.099541,2023-11-15 13:18:33.228261,0 days 00:00:00.128720,0.8,50,1.25,0.8,0,96,COMPLETE
679,679,18681.25,2023-11-15 13:18:33.229397,2023-11-15 13:18:33.352660,0 days 00:00:00.123263,0.8,10,1.25,0.8,14,99,COMPLETE
680,680,18207.75,2023-11-15 13:18:33.353686,2023-11-15 13:18:33.478080,0 days 00:00:00.124394,0.8,10,1.25,0.8,3,93,COMPLETE
681,681,16281.75,2023-11-15 13:18:33.479304,2023-11-15 13:18:33.607042,0 days 00:00:00.127738,0.8,20,1.25,0.8,6,60,COMPLETE
682,682,18023.5,2023-11-15 13:18:33.609606,2023-11-15 13:18:33.739436,0 days 00:00:00.129830,0.8,10,1.25,0.8,16,98,COMPLETE
683,683,18402.0,2023-11-15 13:18:33.740658,2023-11-15 13:18:33.866038,0 days 00:00:00.125380,0.7000000000000001,10,1.25,0.7000000000000001,13,100,COMPLETE
684,684,14011.75,2023-11-15 13:18:33.867097,2023-11-15 13:18:33.984549,0 days 00:00:00.117452,0.8,10,1.5,0.8,17,26,COMPLETE
685,685,18394.5,2023-11-15 13:18:33.985530,2023-11-15 13:18:34.114841,0 days 00:00:00.129311,0.8,10,1.25,0.8,10,96,COMPLETE
686,686,18218.0,2023-11-15 13:18:34.115790,2023-11-15 13:18:34.241172,0 days 00:00:00.125382,0.8,10,1.25,0.8,8,97,COMPLETE
687,687,18492.5,2023-11-15 13:18:34.242783,2023-11-15 13:18:34.368948,0 days 00:00:00.126165,0.8,10,1.25,0.8,5,100,COMPLETE
688,688,18023.5,2023-11-15 13:18:34.370089,2023-11-15 13:18:34.497188,0 days 00:00:00.127099,0.8,10,1.25,0.8,15,98,COMPLETE
689,689,17837.25,2023-11-15 13:18:34.498182,2023-11-15 13:18:34.626237,0 days 00:00:00.128055,0.8,10,1.25,0.8,2,95,COMPLETE
