,number,value,datetime_start,datetime_complete,duration,params_alpha,params_decay_interval,params_decay_rate,params_gamma,params_initialization,params_max_steps,state
3402,3402,19065.25,2023-11-15 10:53:33.767099,2023-11-15 10:53:34.065016,0 days 00:00:00.297917,0.2,10,0.75,0.9,0,137,COMPLETE
3403,3403,19350.75,2023-11-15 10:53:34.066577,2023-11-15 10:53:34.375571,0 days 00:00:00.308994,0.1,10,0.75,0.9,4,145,COMPLETE
3404,3404,15779.75,2023-11-15 10:53:34.377063,2023-11-15 10:53:34.715620,0 days 00:00:00.338557,0.2,10,0.5,0.4,2,142,COMPLETE
3405,3405,18554.5,2023-11-15 10:53:34.717197,2023-11-15 10:53:35.023714,0 days 00:00:00.306517,0.2,20,0.75,0.9,0,147,COMPLETE
3406,3406,18836.0,2023-11-15 10:53:35.025238,2023-11-15 10:53:35.343384,0 days 00:00:00.318146,0.2,10,0.75,0.9,3,133,COMPLETE
3407,3407,13806.0,2023-11-15 10:53:35.344984,2023-11-15 10:53:35.734209,0 days 00:00:00.389225,0.1,10,0.25,0.30000000000000004,6,145,COMPLETE
3408,3408,18967.0,2023-11-15 10:53:35.735742,2023-11-15 10:53:36.042826,0 days 00:00:00.307084,0.2,10,1.25,0.8,2,139,COMPLETE
3409,3409,19271.0,2023-11-15 10:53:36.044496,2023-11-15 10:53:36.357706,0 days 00:00:00.313210,0.30000000000000004,10,0.75,0.9,0,148,COMPLETE
3410,3410,19169.5,2023-11-15 10:53:36.359345,2023-11-15 10:53:36.670446,0 days 00:00:00.311101,0.2,10,1.0,0.9,8,143,COMPLETE
3411,3411,18627.0,2023-11-15 10:53:36.671957,2023-11-15 10:53:37.003378,0 days 00:00:00.331421,0.2,10,0.75,0.9,13,150,COMPLETE
3412,3412,19051.5,2023-11-15 10:53:37.004907,2023-11-15 10:53:37.315266,0 days 00:00:00.310359,0.1,10,0.75,0.9,4,142,COMPLETE
3413,3413,19292.25,2023-11-15 10:53:37.316884,2023-11-15 10:53:37.639404,0 days 00:00:00.322520,0.2,10,0.75,0.9,2,145,COMPLETE
3414,3414,18584.75,2023-11-15 10:53:37.641964,2023-11-15 10:53:37.975041,0 days 00:00:00.333077,0.2,20,1.0,0.7000000000000001,0,147,COMPLETE
3415,3415,18896.25,2023-11-15 10:53:37.976888,2023-11-15 10:53:38.296693,0 days 00:00:00.319805,0.2,10,0.5,0.9,4,139,COMPLETE
3416,3416,16644.75,2023-11-15 10:53:38.298694,2023-11-15 10:53:38.636722,0 days 00:00:00.338028,0.1,10,0.75,0.9,51,143,COMPLETE
3417,3417,16188.0,2023-11-15 10:53:38.638276,2023-11-15 10:53:38.995450,0 days 00:00:00.357174,0.2,10,0.75,0.8,76,150,COMPLETE
3418,3418,19261.0,2023-11-15 10:53:38.997409,2023-11-15 10:53:39.310918,0 days 00:00:00.313509,0.2,10,0.75,0.9,6,147,COMPLETE
3419,3419,19359.75,2023-11-15 10:53:39.312626,2023-11-15 10:53:39.635319,0 days 00:00:00.322693,0.2,10,1.25,0.9,2,145,COMPLETE
3420,3420,19161.25,2023-11-15 10:53:39.636880,2023-11-15 10:53:39.949923,0 days 00:00:00.313043,0.30000000000000004,10,0.75,0.9,2,137,COMPLETE
3421,3421,19216.5,2023-11-15 10:53:39.951879,2023-11-15 10:53:40.269020,0 days 00:00:00.317141,0.1,10,1.0,0.9,0,142,COMPLETE
3422,3422,19261.0,2023-11-15 10:53:40.270721,2023-11-15 10:53:40.584876,0 days 00:00:00.314155,0.2,10,0.75,0.9,4,147,COMPLETE
3423,3423,19261.0,2023-11-15 10:53:40.586483,2023-11-15 10:53:40.902664,0 days 00:00:00.316181,0.2,10,0.75,0.9,0,140,COMPLETE
3424,3424,17736.75,2023-11-15 10:53:40.904219,2023-11-15 10:53:41.231674,0 days 00:00:00.327455,0.4,10,0.75,0.5,6,150,COMPLETE
3425,3425,19068.0,2023-11-15 10:53:41.233271,2023-11-15 10:53:41.551197,0 days 00:00:00.317926,0.2,10,0.75,0.9,9,145,COMPLETE
3426,3426,18198.0,2023-11-15 10:53:41.552762,2023-11-15 10:53:41.884621,0 days 00:00:00.331859,0.2,20,0.5,0.9,2,142,COMPLETE
3427,3427,19191.75,2023-11-15 10:53:41.886381,2023-11-15 10:53:42.219842,0 days 00:00:00.333461,0.1,10,0.75,0.8,4,147,COMPLETE
3428,3428,19172.25,2023-11-15 10:53:42.221444,2023-11-15 10:53:42.532750,0 days 00:00:00.311306,0.2,10,1.0,0.9,0,144,COMPLETE
3429,3429,17211.25,2023-11-15 10:53:42.534317,2023-11-15 10:53:42.872248,0 days 00:00:00.337931,0.2,10,0.25,0.9,28,134,COMPLETE
3430,3430,19049.0,2023-11-15 10:53:42.873900,2023-11-15 10:53:43.192517,0 days 00:00:00.318617,0.2,10,0.75,0.9,2,140,COMPLETE
3431,3431,13665.75,2023-11-15 10:53:43.194075,2023-11-15 10:53:43.576618,0 days 00:00:00.382543,0.6,60,0.75,0.9,4,148,COMPLETE
3432,3432,19359.75,2023-11-15 10:53:43.578729,2023-11-15 10:53:43.891000,0 days 00:00:00.312271,0.1,10,0.75,0.9,0,145,COMPLETE
3433,3433,16830.5,2023-11-15 10:53:43.892563,2023-11-15 10:53:44.227557,0 days 00:00:00.334994,0.2,40,0.75,0.9,7,150,COMPLETE
3434,3434,19261.0,2023-11-15 10:53:44.229201,2023-11-15 10:53:44.542352,0 days 00:00:00.313151,0.2,10,1.25,0.8,2,143,COMPLETE
3435,3435,5837.25,2023-11-15 10:53:44.543941,2023-11-15 10:53:44.987126,0 days 00:00:00.443185,0.2,10,1.0,0.5,5,137,COMPLETE
3436,3436,19261.0,2023-11-15 10:53:44.988845,2023-11-15 10:53:45.325943,0 days 00:00:00.337098,0.1,10,0.75,0.9,2,147,COMPLETE
3437,3437,19261.0,2023-11-15 10:53:45.327558,2023-11-15 10:53:45.683376,0 days 00:00:00.355818,0.30000000000000004,10,0.5,0.6,0,141,COMPLETE
3438,3438,13990.5,2023-11-15 10:53:45.685310,2023-11-15 10:53:46.070272,0 days 00:00:00.384962,0.2,90,0.75,0.9,4,145,COMPLETE
3439,3439,17764.0,2023-11-15 10:53:46.071944,2023-11-15 10:53:46.410395,0 days 00:00:00.338451,0.2,20,0.75,0.4,2,150,COMPLETE
3440,3440,19261.0,2023-11-15 10:53:46.412400,2023-11-15 10:53:46.750391,0 days 00:00:00.337991,0.2,10,0.75,0.9,0,143,COMPLETE
3441,3441,17647.5,2023-11-15 10:53:46.752084,2023-11-15 10:53:47.120398,0 days 00:00:00.368314,0.2,10,1.25,0.9,59,147,COMPLETE
3442,3442,0.0,2023-11-15 10:53:47.122086,2023-11-15 10:53:47.467132,0 days 00:00:00.345046,0.1,10,0.75,0.9,6,7,COMPLETE
3443,3443,18765.5,2023-11-15 10:53:47.468986,2023-11-15 10:53:47.818116,0 days 00:00:00.349130,0.2,10,0.75,0.9,3,139,COMPLETE
3444,3444,18863.5,2023-11-15 10:53:47.819834,2023-11-15 10:53:48.163284,0 days 00:00:00.343450,0.2,10,1.0,0.8,8,145,COMPLETE
3445,3445,17214.5,2023-11-15 10:53:48.165337,2023-11-15 10:53:48.532935,0 days 00:00:00.367598,0.8,20,0.75,0.9,0,148,COMPLETE
3446,3446,19093.75,2023-11-15 10:53:48.534994,2023-11-15 10:53:48.867377,0 days 00:00:00.332383,0.2,10,0.75,0.9,4,142,COMPLETE
3447,3447,13602.25,2023-11-15 10:53:48.869065,2023-11-15 10:53:49.273372,0 days 00:00:00.404307,0.2,10,0.75,0.7000000000000001,68,145,COMPLETE
3448,3448,8395.75,2023-11-15 10:53:49.275070,2023-11-15 10:53:49.719241,0 days 00:00:00.444171,0.4,10,1.0,0.6,20,150,COMPLETE
3449,3449,19261.0,2023-11-15 10:53:49.720981,2023-11-15 10:53:50.050179,0 days 00:00:00.329198,0.1,10,0.75,0.9,2,140,COMPLETE
3450,3450,19049.75,2023-11-15 10:53:50.051949,2023-11-15 10:53:50.382396,0 days 00:00:00.330447,0.30000000000000004,10,0.5,0.9,0,89,COMPLETE
3451,3451,15199.25,2023-11-15 10:53:50.384130,2023-11-15 10:53:50.809278,0 days 00:00:00.425148,0.7000000000000001,10,0.25,0.9,5,147,COMPLETE
3452,3452,10267.0,2023-11-15 10:53:50.810874,2023-11-15 10:53:51.223536,0 days 00:00:00.412662,0.2,10,0.75,0.2,62,137,COMPLETE
3453,3453,19163.5,2023-11-15 10:53:51.225152,2023-11-15 10:53:51.561244,0 days 00:00:00.336092,0.1,10,1.5,0.9,2,144,COMPLETE
3454,3454,18883.0,2023-11-15 10:53:51.563295,2023-11-15 10:53:51.900257,0 days 00:00:00.336962,0.2,10,0.75,0.8,11,142,COMPLETE
3455,3455,18584.75,2023-11-15 10:53:51.901892,2023-11-15 10:53:52.232657,0 days 00:00:00.330765,0.2,20,0.75,0.9,3,147,COMPLETE
3456,3456,18973.5,2023-11-15 10:53:52.234283,2023-11-15 10:53:52.566574,0 days 00:00:00.332291,0.2,10,1.25,0.9,6,145,COMPLETE
3457,3457,18543.5,2023-11-15 10:53:52.568287,2023-11-15 10:53:52.923415,0 days 00:00:00.355128,0.2,10,0.75,0.9,0,122,COMPLETE
3458,3458,19049.0,2023-11-15 10:53:52.925059,2023-11-15 10:53:53.265900,0 days 00:00:00.340841,0.2,10,0.75,0.9,2,140,COMPLETE
3459,3459,19164.25,2023-11-15 10:53:53.267634,2023-11-15 10:53:53.595666,0 days 00:00:00.328032,0.2,10,0.5,0.9,4,150,COMPLETE
3460,3460,17472.25,2023-11-15 10:53:53.597511,2023-11-15 10:53:53.933093,0 days 00:00:00.335582,0.30000000000000004,10,1.0,0.8,31,143,COMPLETE
3461,3461,19261.0,2023-11-15 10:53:53.934946,2023-11-15 10:53:54.263273,0 days 00:00:00.328327,0.1,10,0.75,0.9,8,147,COMPLETE
3462,3462,18923.0,2023-11-15 10:53:54.265142,2023-11-15 10:53:54.604673,0 days 00:00:00.339531,0.2,10,0.75,0.9,0,135,COMPLETE
3463,3463,19292.25,2023-11-15 10:53:54.606308,2023-11-15 10:53:54.937364,0 days 00:00:00.331056,0.2,10,0.75,0.9,2,145,COMPLETE
3464,3464,18316.0,2023-11-15 10:53:54.939014,2023-11-15 10:53:55.265562,0 days 00:00:00.326548,0.1,20,0.75,0.9,4,150,COMPLETE
3465,3465,19261.0,2023-11-15 10:53:55.267718,2023-11-15 10:53:55.590587,0 days 00:00:00.322869,0.2,10,1.25,0.9,0,141,COMPLETE
3466,3466,19261.0,2023-11-15 10:53:55.592184,2023-11-15 10:53:55.920397,0 days 00:00:00.328213,0.2,10,0.75,0.9,2,147,COMPLETE
3467,3467,19161.25,2023-11-15 10:53:55.921928,2023-11-15 10:53:56.254892,0 days 00:00:00.332964,0.2,10,1.0,0.9,6,138,COMPLETE
3468,3468,18945.25,2023-11-15 10:53:56.256570,2023-11-15 10:53:56.572255,0 days 00:00:00.315685,0.1,10,0.75,0.7000000000000001,2,143,COMPLETE
3469,3469,19271.0,2023-11-15 10:53:56.573958,2023-11-15 10:53:56.888441,0 days 00:00:00.314483,0.2,10,0.75,0.9,0,148,COMPLETE
3470,3470,14585.5,2023-11-15 10:53:56.889977,2023-11-15 10:53:57.236444,0 days 00:00:00.346467,0.2,80,1.0,0.9,4,145,COMPLETE
3471,3471,19051.5,2023-11-15 10:53:57.238103,2023-11-15 10:53:57.554289,0 days 00:00:00.316186,0.2,10,0.75,0.9,2,142,COMPLETE
3472,3472,18786.5,2023-11-15 10:53:57.555957,2023-11-15 10:53:57.881986,0 days 00:00:00.326029,0.1,10,0.75,0.8,6,150,COMPLETE
3473,3473,19064.75,2023-11-15 10:53:57.883960,2023-11-15 10:53:58.205395,0 days 00:00:00.321435,0.30000000000000004,10,0.75,0.9,0,139,COMPLETE
3474,3474,18499.25,2023-11-15 10:53:58.207097,2023-11-15 10:53:58.531696,0 days 00:00:00.324599,0.2,20,0.75,0.9,4,145,COMPLETE
3475,3475,8617.25,2023-11-15 10:53:58.533716,2023-11-15 10:53:58.942495,0 days 00:00:00.408779,0.2,10,1.25,0.30000000000000004,8,147,COMPLETE
3476,3476,18828.5,2023-11-15 10:53:58.944026,2023-11-15 10:53:59.269876,0 days 00:00:00.325850,0.2,10,0.5,0.9,2,143,COMPLETE
3477,3477,19072.25,2023-11-15 10:53:59.271345,2023-11-15 10:53:59.609660,0 days 00:00:00.338315,0.6,10,0.75,0.9,0,148,COMPLETE
3478,3478,18608.5,2023-11-15 10:53:59.611598,2023-11-15 10:53:59.927207,0 days 00:00:00.315609,0.2,10,0.75,0.9,4,131,COMPLETE
3479,3479,19163.5,2023-11-15 10:53:59.928898,2023-11-15 10:54:00.250820,0 days 00:00:00.321922,0.1,10,1.0,0.9,10,140,COMPLETE
3480,3480,17446.0,2023-11-15 10:54:00.252498,2023-11-15 10:54:00.605166,0 days 00:00:00.352668,0.2,30,0.75,0.4,2,145,COMPLETE
3481,3481,10639.75,2023-11-15 10:54:00.606701,2023-11-15 10:54:00.992013,0 days 00:00:00.385312,0.9,10,0.75,0.5,6,136,COMPLETE
3482,3482,19261.0,2023-11-15 10:54:00.993866,2023-11-15 10:54:01.315056,0 days 00:00:00.321190,0.2,10,0.25,0.8,0,150,COMPLETE
3483,3483,19093.75,2023-11-15 10:54:01.316657,2023-11-15 10:54:01.637430,0 days 00:00:00.320773,0.2,10,0.75,0.9,4,142,COMPLETE
3484,3484,12192.5,2023-11-15 10:54:01.639056,2023-11-15 10:54:02.006306,0 days 00:00:00.367250,0.1,10,1.25,0.9,85,147,COMPLETE
3485,3485,18498.25,2023-11-15 10:54:02.007844,2023-11-15 10:54:02.327437,0 days 00:00:00.319593,0.2,10,0.75,0.6,2,144,COMPLETE
3486,3486,18394.75,2023-11-15 10:54:02.329127,2023-11-15 10:54:02.646617,0 days 00:00:00.317490,0.30000000000000004,20,0.75,0.9,0,140,COMPLETE
3487,3487,19166.0,2023-11-15 10:54:02.648637,2023-11-15 10:54:02.965547,0 days 00:00:00.316910,0.2,10,1.0,0.9,47,147,COMPLETE
3488,3488,18992.75,2023-11-15 10:54:02.967238,2023-11-15 10:54:03.306214,0 days 00:00:00.338976,0.2,10,0.75,0.9,3,143,COMPLETE
3489,3489,18897.25,2023-11-15 10:54:03.307769,2023-11-15 10:54:03.616781,0 days 00:00:00.309012,0.2,10,0.5,0.9,5,85,COMPLETE
3490,3490,19359.75,2023-11-15 10:54:03.618385,2023-11-15 10:54:03.928015,0 days 00:00:00.309630,0.1,10,0.75,0.9,2,148,COMPLETE
3491,3491,19163.75,2023-11-15 10:54:03.929848,2023-11-15 10:54:04.241210,0 days 00:00:00.311362,0.2,10,0.75,0.9,0,150,COMPLETE
3492,3492,19262.25,2023-11-15 10:54:04.242748,2023-11-15 10:54:04.555196,0 days 00:00:00.312448,0.2,10,0.75,0.9,7,145,COMPLETE
3493,3493,18985.25,2023-11-15 10:54:04.556857,2023-11-15 10:54:04.874352,0 days 00:00:00.317495,0.2,10,0.75,0.8,2,138,COMPLETE
3494,3494,19182.75,2023-11-15 10:54:04.875991,2023-11-15 10:54:05.183974,0 days 00:00:00.307983,0.1,10,1.0,0.9,4,142,COMPLETE
3495,3495,18114.5,2023-11-15 10:54:05.185659,2023-11-15 10:54:05.502252,0 days 00:00:00.316593,0.2,20,0.75,0.9,0,98,COMPLETE
3496,3496,18611.75,2023-11-15 10:54:05.503961,2023-11-15 10:54:05.826704,0 days 00:00:00.322743,0.2,10,0.75,0.9,42,145,COMPLETE
3497,3497,18970.75,2023-11-15 10:54:05.828365,2023-11-15 10:54:06.167559,0 days 00:00:00.339194,0.2,10,1.25,0.7000000000000001,2,147,COMPLETE
3498,3498,19112.75,2023-11-15 10:54:06.169115,2023-11-15 10:54:06.484099,0 days 00:00:00.314984,0.1,10,1.0,0.9,5,140,COMPLETE
3499,3499,19163.75,2023-11-15 10:54:06.485815,2023-11-15 10:54:06.797740,0 days 00:00:00.311925,0.2,10,0.75,0.9,0,150,COMPLETE
3500,3500,18992.75,2023-11-15 10:54:06.799698,2023-11-15 10:54:07.124716,0 days 00:00:00.325018,0.30000000000000004,10,0.75,0.9,8,143,COMPLETE
3501,3501,19175.5,2023-11-15 10:54:07.126438,2023-11-15 10:54:07.445239,0 days 00:00:00.318801,0.2,10,0.5,0.8,3,145,COMPLETE
3502,3502,18179.25,2023-11-15 10:54:07.447154,2023-11-15 10:54:07.765145,0 days 00:00:00.317991,0.2,20,0.75,0.9,2,135,COMPLETE
3503,3503,18572.5,2023-11-15 10:54:07.766786,2023-11-15 10:54:08.093065,0 days 00:00:00.326279,0.2,10,0.25,0.9,6,147,COMPLETE
3504,3504,14129.5,2023-11-15 10:54:08.094885,2023-11-15 10:54:08.436332,0 days 00:00:00.341447,0.1,70,0.75,0.6,0,141,COMPLETE
3505,3505,17276.5,2023-11-15 10:54:08.437837,2023-11-15 10:54:08.765192,0 days 00:00:00.327355,0.2,10,0.75,0.9,73,150,COMPLETE
3506,3506,19359.75,2023-11-15 10:54:08.766896,2023-11-15 10:54:09.079717,0 days 00:00:00.312821,0.2,10,0.75,0.9,4,145,COMPLETE
3507,3507,19042.75,2023-11-15 10:54:09.081894,2023-11-15 10:54:09.417306,0 days 00:00:00.335412,0.2,10,1.25,0.9,17,138,COMPLETE
3508,3508,19261.0,2023-11-15 10:54:09.419225,2023-11-15 10:54:09.731974,0 days 00:00:00.312749,0.2,10,1.75,0.9,2,143,COMPLETE
3509,3509,17014.0,2023-11-15 10:54:09.733639,2023-11-15 10:54:10.061899,0 days 00:00:00.328260,0.1,10,1.0,0.9,56,147,COMPLETE
3510,3510,19261.0,2023-11-15 10:54:10.064035,2023-11-15 10:54:10.376779,0 days 00:00:00.312744,0.2,10,0.75,0.9,0,142,COMPLETE
3511,3511,19021.25,2023-11-15 10:54:10.378381,2023-11-15 10:54:10.693467,0 days 00:00:00.315086,0.4,10,0.5,0.8,4,148,COMPLETE
3512,3512,19165.0,2023-11-15 10:54:10.695097,2023-11-15 10:54:11.010917,0 days 00:00:00.315820,0.30000000000000004,10,0.75,0.9,9,145,COMPLETE
3513,3513,18394.75,2023-11-15 10:54:11.012543,2023-11-15 10:54:11.333006,0 days 00:00:00.320463,0.2,20,0.75,0.9,2,140,COMPLETE
3514,3514,19261.0,2023-11-15 10:54:11.335022,2023-11-15 10:54:11.652354,0 days 00:00:00.317332,0.1,10,0.75,0.4,0,150,COMPLETE
3515,3515,13461.5,2023-11-15 10:54:11.654073,2023-11-15 10:54:12.021839,0 days 00:00:00.367766,0.2,10,1.0,0.30000000000000004,5,145,COMPLETE
3516,3516,13233.5,2023-11-15 10:54:12.023508,2023-11-15 10:54:12.397989,0 days 00:00:00.374481,0.2,10,0.75,0.5,2,138,COMPLETE
3517,3517,19261.0,2023-11-15 10:54:12.399791,2023-11-15 10:54:12.718191,0 days 00:00:00.318400,0.2,10,0.75,0.9,3,147,COMPLETE
3518,3518,19261.0,2023-11-15 10:54:12.719940,2023-11-15 10:54:13.052919,0 days 00:00:00.332979,0.1,10,1.5,0.9,7,143,COMPLETE
3519,3519,19261.0,2023-11-15 10:54:13.054477,2023-11-15 10:54:13.370939,0 days 00:00:00.316462,0.2,10,1.25,0.9,0,147,COMPLETE
3520,3520,19093.75,2023-11-15 10:54:13.372517,2023-11-15 10:54:13.697966,0 days 00:00:00.325449,0.2,10,0.75,0.9,5,142,COMPLETE
3521,3521,19082.5,2023-11-15 10:54:13.699567,2023-11-15 10:54:14.024428,0 days 00:00:00.324861,0.2,10,0.75,0.9,2,150,COMPLETE
3522,3522,19359.75,2023-11-15 10:54:14.025963,2023-11-15 10:54:14.359146,0 days 00:00:00.333183,0.2,10,0.75,0.9,0,145,COMPLETE
3523,3523,19163.5,2023-11-15 10:54:14.360681,2023-11-15 10:54:14.684073,0 days 00:00:00.323392,0.1,10,1.0,0.8,4,140,COMPLETE
3524,3524,18567.5,2023-11-15 10:54:14.685825,2023-11-15 10:54:15.021621,0 days 00:00:00.335796,0.2,10,0.75,0.7000000000000001,2,134,COMPLETE
3525,3525,2684.25,2023-11-15 10:54:15.023161,2023-11-15 10:54:15.355755,0 days 00:00:00.332594,0.30000000000000004,20,0.5,0.9,7,30,COMPLETE
3526,3526,19261.0,2023-11-15 10:54:15.357566,2023-11-15 10:54:15.671187,0 days 00:00:00.313621,0.2,10,0.75,0.9,0,147,COMPLETE
3527,3527,18815.75,2023-11-15 10:54:15.672864,2023-11-15 10:54:15.994874,0 days 00:00:00.322010,0.2,10,0.75,0.9,33,144,COMPLETE
3528,3528,18972.0,2023-11-15 10:54:15.996721,2023-11-15 10:54:16.329023,0 days 00:00:00.332302,0.1,10,0.75,0.9,4,141,COMPLETE
3529,3529,19132.0,2023-11-15 10:54:16.330968,2023-11-15 10:54:16.646628,0 days 00:00:00.315660,0.2,10,1.0,0.9,2,150,COMPLETE
3530,3530,15697.25,2023-11-15 10:54:16.648532,2023-11-15 10:54:16.986332,0 days 00:00:00.337800,0.2,10,0.75,0.6,6,137,COMPLETE
3531,3531,16603.0,2023-11-15 10:54:16.988060,2023-11-15 10:54:17.331991,0 days 00:00:00.343931,0.2,10,0.25,0.5,10,147,COMPLETE
3532,3532,19261.0,2023-11-15 10:54:17.333633,2023-11-15 10:54:17.652791,0 days 00:00:00.319158,0.2,10,0.75,0.9,0,143,COMPLETE
3533,3533,10944.0,2023-11-15 10:54:17.654438,2023-11-15 10:54:18.037494,0 days 00:00:00.383056,0.1,10,1.25,0.2,3,145,COMPLETE
3534,3534,19310.25,2023-11-15 10:54:18.039263,2023-11-15 10:54:18.361783,0 days 00:00:00.322520,0.2,10,0.75,0.9,13,148,COMPLETE
3535,3535,19066.25,2023-11-15 10:54:18.363438,2023-11-15 10:54:18.685635,0 days 00:00:00.322197,0.2,10,0.75,0.8,2,140,COMPLETE
3536,3536,18394.75,2023-11-15 10:54:18.687546,2023-11-15 10:54:19.007688,0 days 00:00:00.320142,0.1,20,1.0,0.9,0,143,COMPLETE
3537,3537,19164.25,2023-11-15 10:54:19.009379,2023-11-15 10:54:19.327552,0 days 00:00:00.318173,0.2,10,0.5,0.9,4,150,COMPLETE
3538,3538,15719.75,2023-11-15 10:54:19.329248,2023-11-15 10:54:19.665860,0 days 00:00:00.336612,0.2,50,0.75,0.9,6,49,COMPLETE
3539,3539,19292.25,2023-11-15 10:54:19.667437,2023-11-15 10:54:19.982683,0 days 00:00:00.315246,0.2,10,0.75,0.9,2,145,COMPLETE
3540,3540,19261.0,2023-11-15 10:54:19.984318,2023-11-15 10:54:20.296451,0 days 00:00:00.312133,0.30000000000000004,10,0.75,0.9,0,147,COMPLETE
3541,3541,18985.25,2023-11-15 10:54:20.298477,2023-11-15 10:54:20.617029,0 days 00:00:00.318552,0.1,10,0.75,0.8,4,138,COMPLETE
3542,3542,19261.0,2023-11-15 10:54:20.618930,2023-11-15 10:54:20.927561,0 days 00:00:00.308631,0.2,10,1.25,0.9,2,142,COMPLETE
3543,3543,18304.0,2023-11-15 10:54:20.929184,2023-11-15 10:54:21.245112,0 days 00:00:00.315928,0.2,20,1.0,0.9,0,145,COMPLETE
3544,3544,19262.75,2023-11-15 10:54:21.247043,2023-11-15 10:54:21.567398,0 days 00:00:00.320355,0.2,10,0.75,0.9,6,148,COMPLETE
3545,3545,15397.5,2023-11-15 10:54:21.569259,2023-11-15 10:54:21.919137,0 days 00:00:00.349878,0.1,40,1.5,0.9,9,141,COMPLETE
3546,3546,17566.75,2023-11-15 10:54:21.920843,2023-11-15 10:54:22.249028,0 days 00:00:00.328185,0.2,10,0.75,0.7000000000000001,26,150,COMPLETE
3547,3547,18791.75,2023-11-15 10:54:22.250701,2023-11-15 10:54:22.571676,0 days 00:00:00.320975,0.2,10,0.75,0.9,3,144,COMPLETE
3548,3548,19261.0,2023-11-15 10:54:22.573326,2023-11-15 10:54:22.888950,0 days 00:00:00.315624,0.2,10,0.75,0.9,2,147,COMPLETE
3549,3549,18857.5,2023-11-15 10:54:22.890688,2023-11-15 10:54:23.236740,0 days 00:00:00.346052,0.2,10,0.25,0.9,0,136,COMPLETE
3550,3550,19091.75,2023-11-15 10:54:23.238322,2023-11-15 10:54:23.557493,0 days 00:00:00.319171,0.1,10,0.75,0.9,5,143,COMPLETE
3551,3551,18919.5,2023-11-15 10:54:23.559317,2023-11-15 10:54:23.881351,0 days 00:00:00.322034,0.2,10,0.5,0.9,22,140,COMPLETE
3552,3552,19261.0,2023-11-15 10:54:23.883188,2023-11-15 10:54:24.195070,0 days 00:00:00.311882,0.4,10,0.75,0.9,2,147,COMPLETE
3553,3553,18897.75,2023-11-15 10:54:24.197018,2023-11-15 10:54:24.529031,0 days 00:00:00.332013,0.2,10,0.75,0.8,4,145,COMPLETE
3554,3554,18393.5,2023-11-15 10:54:24.530856,2023-11-15 10:54:24.849172,0 days 00:00:00.318316,0.30000000000000004,20,1.0,0.9,0,150,COMPLETE
3555,3555,18992.75,2023-11-15 10:54:24.850770,2023-11-15 10:54:25.177869,0 days 00:00:00.327099,0.2,10,0.75,0.9,8,143,COMPLETE
3556,3556,19006.5,2023-11-15 10:54:25.179684,2023-11-15 10:54:25.502875,0 days 00:00:00.323191,0.2,10,0.75,0.9,2,139,COMPLETE
3557,3557,18972.75,2023-11-15 10:54:25.504502,2023-11-15 10:54:25.819383,0 days 00:00:00.314881,0.1,10,1.25,0.9,4,147,COMPLETE
3558,3558,19259.5,2023-11-15 10:54:25.821064,2023-11-15 10:54:26.136354,0 days 00:00:00.315290,0.2,10,0.5,0.4,0,132,COMPLETE
3559,3559,19147.0,2023-11-15 10:54:26.138346,2023-11-15 10:54:26.468095,0 days 00:00:00.329749,0.30000000000000004,10,0.75,0.9,6,145,COMPLETE
3560,3560,18973.0,2023-11-15 10:54:26.469708,2023-11-15 10:54:26.786788,0 days 00:00:00.317080,0.2,10,0.75,0.9,2,141,COMPLETE
3561,3561,19359.75,2023-11-15 10:54:26.788405,2023-11-15 10:54:27.106976,0 days 00:00:00.318571,0.2,10,1.0,0.9,0,148,COMPLETE
3562,3562,14624.0,2023-11-15 10:54:27.108472,2023-11-15 10:54:27.490522,0 days 00:00:00.382050,0.6,10,0.75,0.8,4,150,COMPLETE
3563,3563,18992.75,2023-11-15 10:54:27.492160,2023-11-15 10:54:27.816365,0 days 00:00:00.324205,0.2,10,0.75,0.9,2,143,COMPLETE
3564,3564,18192.5,2023-11-15 10:54:27.817968,2023-11-15 10:54:28.144876,0 days 00:00:00.326908,0.1,10,0.75,0.9,7,22,COMPLETE
3565,3565,19067.0,2023-11-15 10:54:28.147026,2023-11-15 10:54:28.461056,0 days 00:00:00.314030,0.2,10,1.25,0.9,0,137,COMPLETE
3566,3566,14776.5,2023-11-15 10:54:28.463136,2023-11-15 10:54:28.811439,0 days 00:00:00.348303,0.2,20,0.75,0.5,4,145,COMPLETE
3567,3567,19171.25,2023-11-15 10:54:28.813302,2023-11-15 10:54:29.126243,0 days 00:00:00.312941,0.1,10,1.0,0.9,2,147,COMPLETE
3568,3568,12627.5,2023-11-15 10:54:29.127916,2023-11-15 10:54:29.501435,0 days 00:00:00.373519,0.2,10,0.75,0.7000000000000001,45,141,COMPLETE
3569,3569,19359.75,2023-11-15 10:54:29.502968,2023-11-15 10:54:29.837392,0 days 00:00:00.334424,0.2,10,0.75,0.9,5,145,COMPLETE
3570,3570,19261.0,2023-11-15 10:54:29.839004,2023-11-15 10:54:30.155176,0 days 00:00:00.316172,0.2,10,0.75,0.8,0,150,COMPLETE
