,number,value,datetime_start,datetime_complete,duration,params_alpha,params_decay_interval,params_decay_rate,params_gamma,params_initialization,params_max_steps,state
2907,2907,18972.75,2023-11-15 12:08:39.515027,2023-11-15 12:08:39.781734,0 days 00:00:00.266707,0.8,10,3.0,0.9,23,113,COMPLETE
2908,2908,17547.25,2023-11-15 12:08:39.783324,2023-11-15 12:08:40.051277,0 days 00:00:00.267953,0.8,10,3.0,0.9,15,68,COMPLETE
2909,2909,17369.5,2023-11-15 12:08:40.052818,2023-11-15 12:08:40.322145,0 days 00:00:00.269327,0.8,10,2.75,0.9,26,73,COMPLETE
2910,2910,17016.25,2023-11-15 12:08:40.323675,2023-11-15 12:08:40.599775,0 days 00:00:00.276100,0.8,10,3.0,0.9,13,76,COMPLETE
2911,2911,17825.5,2023-11-15 12:08:40.601327,2023-11-15 12:08:40.875795,0 days 00:00:00.274468,0.8,10,3.0,0.9,17,70,COMPLETE
2912,2912,11897.75,2023-11-15 12:08:40.877985,2023-11-15 12:08:41.181881,0 days 00:00:00.303896,0.8,60,3.0,0.9,21,65,COMPLETE
2913,2913,16905.0,2023-11-15 12:08:41.183594,2023-11-15 12:08:41.458391,0 days 00:00:00.274797,0.8,20,2.75,0.9,18,79,COMPLETE
2914,2914,18490.0,2023-11-15 12:08:41.460381,2023-11-15 12:08:41.734512,0 days 00:00:00.274131,0.7000000000000001,10,3.0,0.9,23,72,COMPLETE
2915,2915,17461.25,2023-11-15 12:08:41.735958,2023-11-15 12:08:42.002945,0 days 00:00:00.266987,0.8,10,3.0,0.9,20,60,COMPLETE
2916,2916,17917.0,2023-11-15 12:08:42.004395,2023-11-15 12:08:42.294894,0 days 00:00:00.290499,0.8,10,3.0,0.9,16,67,COMPLETE
2917,2917,18682.0,2023-11-15 12:08:42.296497,2023-11-15 12:08:42.560505,0 days 00:00:00.264008,0.8,10,2.5,0.9,19,75,COMPLETE
2918,2918,17825.5,2023-11-15 12:08:42.562382,2023-11-15 12:08:42.828400,0 days 00:00:00.266018,0.8,10,3.0,0.9,25,70,COMPLETE
2919,2919,17369.5,2023-11-15 12:08:42.829895,2023-11-15 12:08:43.098671,0 days 00:00:00.268776,0.8,10,2.75,0.9,22,73,COMPLETE
2920,2920,17547.25,2023-11-15 12:08:43.100231,2023-11-15 12:08:43.368576,0 days 00:00:00.268345,0.8,10,3.0,0.9,14,68,COMPLETE
2921,2921,16104.5,2023-11-15 12:08:43.370182,2023-11-15 12:08:43.656949,0 days 00:00:00.286767,0.8,20,3.0,0.9,17,78,COMPLETE
2922,2922,17014.0,2023-11-15 12:08:43.658358,2023-11-15 12:08:43.930845,0 days 00:00:00.272487,0.8,10,2.75,0.9,21,64,COMPLETE
2923,2923,17825.5,2023-11-15 12:08:43.932294,2023-11-15 12:08:44.198134,0 days 00:00:00.265840,0.8,10,3.0,0.9,12,70,COMPLETE
2924,2924,8274.5,2023-11-15 12:08:44.199790,2023-11-15 12:08:44.462651,0 days 00:00:00.262861,0.8,10,3.0,0.9,18,13,COMPLETE
2925,2925,17920.75,2023-11-15 12:08:44.464218,2023-11-15 12:08:44.727709,0 days 00:00:00.263491,0.8,10,3.0,0.9,24,74,COMPLETE
2926,2926,17547.25,2023-11-15 12:08:44.729511,2023-11-15 12:08:44.997502,0 days 00:00:00.267991,0.8,10,3.0,0.9,27,68,COMPLETE
2927,2927,12427.25,2023-11-15 12:08:44.999220,2023-11-15 12:08:45.286543,0 days 00:00:00.287323,0.7000000000000001,100,2.75,0.9,15,72,COMPLETE
2928,2928,17217.25,2023-11-15 12:08:45.288119,2023-11-15 12:08:45.559003,0 days 00:00:00.270884,0.8,10,3.0,0.5,20,65,COMPLETE
2929,2929,18121.5,2023-11-15 12:08:45.561184,2023-11-15 12:08:45.828804,0 days 00:00:00.267620,0.8,10,3.0,0.9,22,77,COMPLETE
2930,2930,19260.75,2023-11-15 12:08:45.830283,2023-11-15 12:08:46.094313,0 days 00:00:00.264030,0.8,10,2.75,0.9,19,71,COMPLETE
2931,2931,17917.0,2023-11-15 12:08:46.096073,2023-11-15 12:08:46.368572,0 days 00:00:00.272499,0.8,10,3.0,0.9,48,67,COMPLETE
2932,2932,18682.0,2023-11-15 12:08:46.370069,2023-11-15 12:08:46.635351,0 days 00:00:00.265282,0.8,10,2.5,0.9,16,75,COMPLETE
2933,2933,19260.75,2023-11-15 12:08:46.636813,2023-11-15 12:08:46.896001,0 days 00:00:00.259188,0.8,10,3.0,0.9,25,71,COMPLETE
2934,2934,16617.75,2023-11-15 12:08:46.897572,2023-11-15 12:08:47.191782,0 days 00:00:00.294210,0.8,20,3.0,0.9,18,69,COMPLETE
2935,2935,16811.75,2023-11-15 12:08:47.193675,2023-11-15 12:08:47.467642,0 days 00:00:00.273967,0.8,10,2.75,0.9,23,61,COMPLETE
2936,2936,17642.5,2023-11-15 12:08:47.469245,2023-11-15 12:08:47.736745,0 days 00:00:00.267500,0.8,10,3.0,0.9,21,82,COMPLETE
2937,2937,17920.75,2023-11-15 12:08:47.738449,2023-11-15 12:08:48.008686,0 days 00:00:00.270237,0.8,10,3.0,0.9,14,74,COMPLETE
2938,2938,17917.0,2023-11-15 12:08:48.010602,2023-11-15 12:08:48.281352,0 days 00:00:00.270750,0.8,10,2.75,0.9,18,67,COMPLETE
2939,2939,17842.25,2023-11-15 12:08:48.282778,2023-11-15 12:08:48.552124,0 days 00:00:00.269346,0.7000000000000001,10,3.0,0.9,20,77,COMPLETE
2940,2940,18122.5,2023-11-15 12:08:48.553513,2023-11-15 12:08:48.820350,0 days 00:00:00.266837,0.8,10,3.0,0.9,16,72,COMPLETE
2941,2941,17014.0,2023-11-15 12:08:48.821774,2023-11-15 12:08:49.092105,0 days 00:00:00.270331,0.8,10,3.0,0.9,23,64,COMPLETE
2942,2942,17825.5,2023-11-15 12:08:49.094026,2023-11-15 12:08:49.365337,0 days 00:00:00.271311,0.8,10,2.75,0.9,11,70,COMPLETE
2943,2943,17920.75,2023-11-15 12:08:49.366931,2023-11-15 12:08:49.635373,0 days 00:00:00.268442,0.8,10,3.0,0.9,21,74,COMPLETE
2944,2944,16905.0,2023-11-15 12:08:49.636942,2023-11-15 12:08:49.905761,0 days 00:00:00.268819,0.8,20,3.0,0.9,17,79,COMPLETE
2945,2945,17547.25,2023-11-15 12:08:49.907262,2023-11-15 12:08:50.172258,0 days 00:00:00.264996,0.8,10,3.0,0.9,27,68,COMPLETE
2946,2946,18215.25,2023-11-15 12:08:50.173840,2023-11-15 12:08:50.441484,0 days 00:00:00.267644,0.8,10,2.75,0.9,13,72,COMPLETE
2947,2947,17376.75,2023-11-15 12:08:50.443310,2023-11-15 12:08:50.723017,0 days 00:00:00.279707,0.8,10,2.5,0.9,25,76,COMPLETE
2948,2948,16719.5,2023-11-15 12:08:50.724424,2023-11-15 12:08:50.996797,0 days 00:00:00.272373,0.8,10,3.0,0.9,19,66,COMPLETE
2949,2949,17115.5,2023-11-15 12:08:50.998337,2023-11-15 12:08:51.268676,0 days 00:00:00.270339,0.8,10,3.0,0.9,15,69,COMPLETE
2950,2950,17369.5,2023-11-15 12:08:51.270145,2023-11-15 12:08:51.537274,0 days 00:00:00.267129,0.8,10,3.0,0.9,22,73,COMPLETE
2951,2951,16718.5,2023-11-15 12:08:51.538737,2023-11-15 12:08:51.810382,0 days 00:00:00.271645,0.8,10,2.75,0.9,19,62,COMPLETE
2952,2952,18392.25,2023-11-15 12:08:51.812794,2023-11-15 12:08:52.076207,0 days 00:00:00.263413,0.7000000000000001,20,3.0,0.9,17,70,COMPLETE
2953,2953,16923.25,2023-11-15 12:08:52.078033,2023-11-15 12:08:52.357846,0 days 00:00:00.279813,0.8,10,3.0,0.9,24,76,COMPLETE
2954,2954,16731.75,2023-11-15 12:08:52.359638,2023-11-15 12:08:52.634613,0 days 00:00:00.274975,0.8,10,2.25,0.9,19,66,COMPLETE
2955,2955,14652.5,2023-11-15 12:08:52.636082,2023-11-15 12:08:52.913797,0 days 00:00:00.277715,0.8,70,2.75,0.9,21,73,COMPLETE
2956,2956,17825.5,2023-11-15 12:08:52.915409,2023-11-15 12:08:53.184114,0 days 00:00:00.268705,0.8,10,3.0,0.9,15,70,COMPLETE
2957,2957,17369.25,2023-11-15 12:08:53.185572,2023-11-15 12:08:53.472739,0 days 00:00:00.287167,0.8,10,3.0,0.9,23,79,COMPLETE
2958,2958,18682.0,2023-11-15 12:08:53.474251,2023-11-15 12:08:53.742666,0 days 00:00:00.268415,0.8,10,3.0,0.9,17,75,COMPLETE
2959,2959,17917.0,2023-11-15 12:08:53.744558,2023-11-15 12:08:54.016505,0 days 00:00:00.271947,0.8,10,3.0,0.9,20,67,COMPLETE
2960,2960,19260.75,2023-11-15 12:08:54.018071,2023-11-15 12:08:54.278636,0 days 00:00:00.260565,0.8,10,3.0,0.9,13,71,COMPLETE
2961,2961,16172.25,2023-11-15 12:08:54.280142,2023-11-15 12:08:54.550236,0 days 00:00:00.270094,0.7000000000000001,20,2.75,0.9,26,64,COMPLETE
2962,2962,17369.5,2023-11-15 12:08:54.551869,2023-11-15 12:08:54.819517,0 days 00:00:00.267648,0.8,10,3.0,0.9,22,73,COMPLETE
2963,2963,17547.25,2023-11-15 12:08:54.821054,2023-11-15 12:08:55.089316,0 days 00:00:00.268262,0.8,10,3.0,0.9,18,68,COMPLETE
2964,2964,18121.5,2023-11-15 12:08:55.090920,2023-11-15 12:08:55.362806,0 days 00:00:00.271886,0.8,10,2.75,0.9,20,77,COMPLETE
2965,2965,18407.5,2023-11-15 12:08:55.364413,2023-11-15 12:08:55.631829,0 days 00:00:00.267416,0.5,10,3.0,0.9,16,71,COMPLETE
2966,2966,17920.75,2023-11-15 12:08:55.633280,2023-11-15 12:08:55.903371,0 days 00:00:00.270091,0.8,10,3.0,0.9,23,74,COMPLETE
2967,2967,17115.5,2023-11-15 12:08:55.904938,2023-11-15 12:08:56.179012,0 days 00:00:00.274074,0.8,10,2.75,0.9,14,69,COMPLETE
2968,2968,17305.75,2023-11-15 12:08:56.180552,2023-11-15 12:08:56.453916,0 days 00:00:00.273364,0.8,10,3.0,0.5,25,65,COMPLETE
2969,2969,18026.0,2023-11-15 12:08:56.455772,2023-11-15 12:08:56.725159,0 days 00:00:00.269387,0.8,10,3.0,0.9,18,77,COMPLETE
2970,2970,17739.5,2023-11-15 12:08:56.726998,2023-11-15 12:08:57.003267,0 days 00:00:00.276269,0.8,10,2.5,0.9,21,81,COMPLETE
2971,2971,18122.5,2023-11-15 12:08:57.004790,2023-11-15 12:08:57.271592,0 days 00:00:00.266802,0.8,10,3.0,0.9,16,72,COMPLETE
2972,2972,16726.25,2023-11-15 12:08:57.273268,2023-11-15 12:08:57.553033,0 days 00:00:00.279765,0.8,10,3.0,0.9,11,61,COMPLETE
2973,2973,15812.0,2023-11-15 12:08:57.554600,2023-11-15 12:08:57.850384,0 days 00:00:00.295784,0.8,20,2.75,0.9,20,68,COMPLETE
2974,2974,17364.25,2023-11-15 12:08:57.851898,2023-11-15 12:08:58.134954,0 days 00:00:00.283056,0.8,30,3.0,0.9,24,74,COMPLETE
2975,2975,17829.75,2023-11-15 12:08:58.136595,2023-11-15 12:08:58.405188,0 days 00:00:00.268593,0.7000000000000001,10,3.0,0.9,27,70,COMPLETE
2976,2976,13369.25,2023-11-15 12:08:58.406591,2023-11-15 12:08:58.700538,0 days 00:00:00.293947,0.8,50,3.0,0.9,18,65,COMPLETE
2977,2977,18682.0,2023-11-15 12:08:58.702015,2023-11-15 12:08:58.968557,0 days 00:00:00.266542,0.8,10,3.0,0.9,22,75,COMPLETE
2978,2978,18316.5,2023-11-15 12:08:58.970041,2023-11-15 12:08:59.235587,0 days 00:00:00.265546,0.6,10,2.75,0.9,15,71,COMPLETE
2979,2979,17547.25,2023-11-15 12:08:59.237071,2023-11-15 12:08:59.506161,0 days 00:00:00.269090,0.8,10,3.0,0.9,19,68,COMPLETE
2980,2980,17360.25,2023-11-15 12:08:59.507645,2023-11-15 12:08:59.786161,0 days 00:00:00.278516,0.8,10,3.0,0.9,17,78,COMPLETE
2981,2981,17269.25,2023-11-15 12:08:59.787604,2023-11-15 12:09:00.062438,0 days 00:00:00.274834,0.8,10,2.75,0.9,13,58,COMPLETE
2982,2982,12440.75,2023-11-15 12:09:00.064005,2023-11-15 12:09:00.363874,0 days 00:00:00.299869,0.8,80,2.5,0.9,21,73,COMPLETE
2983,2983,15630.5,2023-11-15 12:09:00.365389,2023-11-15 12:09:00.646684,0 days 00:00:00.281295,0.8,20,3.0,0.9,24,63,COMPLETE
2984,2984,17917.0,2023-11-15 12:09:00.648218,2023-11-15 12:09:00.922334,0 days 00:00:00.274116,0.8,10,3.0,0.9,19,67,COMPLETE
2985,2985,19260.75,2023-11-15 12:09:00.923737,2023-11-15 12:09:01.191174,0 days 00:00:00.267437,0.8,10,2.75,0.9,16,71,COMPLETE
2986,2986,16923.25,2023-11-15 12:09:01.192830,2023-11-15 12:09:01.493045,0 days 00:00:00.300215,0.8,10,3.0,0.9,21,76,COMPLETE
2987,2987,17115.5,2023-11-15 12:09:01.494865,2023-11-15 12:09:01.769472,0 days 00:00:00.274607,0.8,10,3.0,0.9,23,69,COMPLETE
2988,2988,17920.75,2023-11-15 12:09:01.771005,2023-11-15 12:09:02.042274,0 days 00:00:00.271269,0.8,10,3.0,0.9,14,74,COMPLETE
2989,2989,18586.0,2023-11-15 12:09:02.044401,2023-11-15 12:09:02.317156,0 days 00:00:00.272755,0.7000000000000001,10,3.0,0.9,27,80,COMPLETE
2990,2990,17654.5,2023-11-15 12:09:02.318982,2023-11-15 12:09:02.589317,0 days 00:00:00.270335,0.8,10,2.75,0.9,18,65,COMPLETE
2991,2991,19260.75,2023-11-15 12:09:02.590864,2023-11-15 12:09:02.863059,0 days 00:00:00.272195,0.8,10,3.0,0.9,20,71,COMPLETE
2992,2992,17917.0,2023-11-15 12:09:02.864631,2023-11-15 12:09:03.141152,0 days 00:00:00.276521,0.8,10,3.0,0.9,16,67,COMPLETE
2993,2993,17188.25,2023-11-15 12:09:03.142783,2023-11-15 12:09:03.428978,0 days 00:00:00.286195,0.8,20,2.75,0.9,22,74,COMPLETE
2994,2994,17825.5,2023-11-15 12:09:03.430461,2023-11-15 12:09:03.702422,0 days 00:00:00.271961,0.8,10,3.0,0.9,18,70,COMPLETE
2995,2995,18121.5,2023-11-15 12:09:03.704030,2023-11-15 12:09:03.981526,0 days 00:00:00.277496,0.8,10,3.0,0.9,12,77,COMPLETE
2996,2996,18122.5,2023-11-15 12:09:03.983117,2023-11-15 12:09:04.253405,0 days 00:00:00.270288,0.8,10,3.0,0.9,25,72,COMPLETE
2997,2997,17294.25,2023-11-15 12:09:04.254858,2023-11-15 12:09:04.539830,0 days 00:00:00.284972,0.8,10,2.75,0.9,20,95,COMPLETE
2998,2998,11789.0,2023-11-15 12:09:04.541387,2023-11-15 12:09:04.832828,0 days 00:00:00.291441,0.8,10,0.25,0.9,15,34,COMPLETE
2999,2999,17828.25,2023-11-15 12:09:04.834275,2023-11-15 12:09:05.106871,0 days 00:00:00.272596,0.8,10,2.5,0.6,22,67,COMPLETE
3000,3000,15592.25,2023-11-15 12:09:05.108400,2023-11-15 12:09:05.388381,0 days 00:00:00.279981,0.30000000000000004,10,3.0,0.9,17,63,COMPLETE
3001,3001,17834.5,2023-11-15 12:09:05.390292,2023-11-15 12:09:05.666739,0 days 00:00:00.276447,0.7000000000000001,10,2.25,0.9,24,73,COMPLETE
3002,3002,16617.75,2023-11-15 12:09:05.668291,2023-11-15 12:09:05.957833,0 days 00:00:00.289542,0.8,20,3.0,0.9,19,69,COMPLETE
3003,3003,17196.25,2023-11-15 12:09:05.959497,2023-11-15 12:09:06.255798,0 days 00:00:00.296301,0.8,10,2.75,0.9,21,76,COMPLETE
3004,3004,19260.75,2023-11-15 12:09:06.257406,2023-11-15 12:09:06.523370,0 days 00:00:00.265964,0.8,10,3.0,0.9,14,71,COMPLETE
3005,3005,17739.5,2023-11-15 12:09:06.524975,2023-11-15 12:09:06.805075,0 days 00:00:00.280100,0.8,10,3.0,0.9,11,81,COMPLETE
3006,3006,16719.5,2023-11-15 12:09:06.806915,2023-11-15 12:09:07.084646,0 days 00:00:00.277731,0.8,10,3.0,0.9,17,66,COMPLETE
3007,3007,17369.5,2023-11-15 12:09:07.086144,2023-11-15 12:09:07.360752,0 days 00:00:00.274608,0.8,10,3.0,0.9,26,73,COMPLETE
3008,3008,17115.5,2023-11-15 12:09:07.362536,2023-11-15 12:09:07.640489,0 days 00:00:00.277953,0.8,10,3.0,0.9,22,69,COMPLETE
3009,3009,17196.25,2023-11-15 12:09:07.642142,2023-11-15 12:09:07.946538,0 days 00:00:00.304396,0.8,10,2.75,0.9,19,76,COMPLETE
3010,3010,16543.25,2023-11-15 12:09:07.948082,2023-11-15 12:09:08.227712,0 days 00:00:00.279630,0.8,10,3.0,0.9,16,63,COMPLETE
3011,3011,17825.5,2023-11-15 12:09:08.229266,2023-11-15 12:09:08.506202,0 days 00:00:00.276936,0.8,10,3.0,0.9,23,70,COMPLETE
3012,3012,17828.0,2023-11-15 12:09:08.507713,2023-11-15 12:09:08.786851,0 days 00:00:00.279138,0.8,10,2.5,0.9,20,74,COMPLETE
3013,3013,17552.0,2023-11-15 12:09:08.788345,2023-11-15 12:09:09.061324,0 days 00:00:00.272979,0.8,10,2.75,0.9,18,79,COMPLETE
3014,3014,16624.0,2023-11-15 12:09:09.062937,2023-11-15 12:09:09.347241,0 days 00:00:00.284304,0.7000000000000001,20,3.0,0.9,13,67,COMPLETE
3015,3015,17833.75,2023-11-15 12:09:09.348783,2023-11-15 12:09:09.623132,0 days 00:00:00.274349,0.8,10,3.0,0.9,24,83,COMPLETE
3016,3016,14561.25,2023-11-15 12:09:09.624602,2023-11-15 12:09:09.915476,0 days 00:00:00.290874,0.8,40,3.0,0.9,21,60,COMPLETE
3017,3017,19260.75,2023-11-15 12:09:09.916999,2023-11-15 12:09:10.186301,0 days 00:00:00.269302,0.8,10,2.75,0.9,15,71,COMPLETE
3018,3018,17654.5,2023-11-15 12:09:10.187750,2023-11-15 12:09:10.464785,0 days 00:00:00.277035,0.8,10,3.0,0.9,27,65,COMPLETE
3019,3019,17369.5,2023-11-15 12:09:10.466411,2023-11-15 12:09:10.740326,0 days 00:00:00.273915,0.8,10,3.0,0.9,17,73,COMPLETE
3020,3020,18121.5,2023-11-15 12:09:10.742120,2023-11-15 12:09:11.019248,0 days 00:00:00.277128,0.8,10,2.75,0.9,19,77,COMPLETE
3021,3021,12354.0,2023-11-15 12:09:11.020809,2023-11-15 12:09:11.319495,0 days 00:00:00.298686,0.8,60,3.0,0.9,22,68,COMPLETE
3022,3022,19260.75,2023-11-15 12:09:11.321067,2023-11-15 12:09:11.614386,0 days 00:00:00.293319,0.8,10,3.0,0.9,25,71,COMPLETE
3023,3023,17920.75,2023-11-15 12:09:11.615789,2023-11-15 12:09:11.887185,0 days 00:00:00.271396,0.8,10,3.0,0.9,20,74,COMPLETE
3024,3024,15988.5,2023-11-15 12:09:11.888672,2023-11-15 12:09:12.172172,0 days 00:00:00.283500,0.7000000000000001,20,3.0,0.9,15,68,COMPLETE
3025,3025,17654.5,2023-11-15 12:09:12.173787,2023-11-15 12:09:12.447888,0 days 00:00:00.274101,0.8,10,2.75,0.9,17,65,COMPLETE
3026,3026,18682.0,2023-11-15 12:09:12.449480,2023-11-15 12:09:12.716622,0 days 00:00:00.267142,0.8,10,3.0,0.9,23,75,COMPLETE
3027,3027,19260.75,2023-11-15 12:09:12.718170,2023-11-15 12:09:12.983935,0 days 00:00:00.265765,0.8,10,3.0,0.9,19,71,COMPLETE
3028,3028,17115.5,2023-11-15 12:09:12.985415,2023-11-15 12:09:13.255944,0 days 00:00:00.270529,0.8,10,2.75,0.9,21,69,COMPLETE
3029,3029,18026.0,2023-11-15 12:09:13.257367,2023-11-15 12:09:13.534938,0 days 00:00:00.277571,0.8,10,3.0,0.9,13,77,COMPLETE
3030,3030,17369.5,2023-11-15 12:09:13.536461,2023-11-15 12:09:13.807780,0 days 00:00:00.271319,0.8,10,3.0,0.9,17,73,COMPLETE
3031,3031,17369.25,2023-11-15 12:09:13.809332,2023-11-15 12:09:14.087318,0 days 00:00:00.277986,0.8,10,3.0,0.9,25,79,COMPLETE
3032,3032,16719.5,2023-11-15 12:09:14.088808,2023-11-15 12:09:14.369542,0 days 00:00:00.280734,0.8,10,3.0,0.9,19,66,COMPLETE
3033,3033,16607.75,2023-11-15 12:09:14.371469,2023-11-15 12:09:14.664698,0 days 00:00:00.293229,0.8,20,2.75,0.9,23,62,COMPLETE
3034,3034,17825.5,2023-11-15 12:09:14.666227,2023-11-15 12:09:14.936447,0 days 00:00:00.270220,0.8,10,3.0,0.9,11,70,COMPLETE
3035,3035,17462.25,2023-11-15 12:09:14.938031,2023-11-15 12:09:15.215420,0 days 00:00:00.277389,0.8,10,2.5,0.9,15,73,COMPLETE
3036,3036,17639.75,2023-11-15 12:09:15.216997,2023-11-15 12:09:15.491686,0 days 00:00:00.274689,0.8,10,2.25,0.9,21,68,COMPLETE
3037,3037,16923.25,2023-11-15 12:09:15.493414,2023-11-15 12:09:15.781485,0 days 00:00:00.288071,0.8,10,3.0,0.9,27,76,COMPLETE
3038,3038,19260.75,2023-11-15 12:09:15.783042,2023-11-15 12:09:16.049151,0 days 00:00:00.266109,0.8,10,2.75,0.9,17,71,COMPLETE
3039,3039,16573.75,2023-11-15 12:09:16.050802,2023-11-15 12:09:16.334796,0 days 00:00:00.283994,0.4,10,3.0,0.9,19,65,COMPLETE
3040,3040,17546.5,2023-11-15 12:09:16.336264,2023-11-15 12:09:16.613071,0 days 00:00:00.276807,0.7000000000000001,10,3.0,0.9,23,74,COMPLETE
3041,3041,17115.5,2023-11-15 12:09:16.614654,2023-11-15 12:09:16.891908,0 days 00:00:00.277254,0.8,10,3.0,0.9,14,69,COMPLETE
3042,3042,18215.25,2023-11-15 12:09:16.893979,2023-11-15 12:09:17.176303,0 days 00:00:00.282324,0.8,10,2.75,0.9,21,72,COMPLETE
3043,3043,16905.0,2023-11-15 12:09:17.178218,2023-11-15 12:09:17.458709,0 days 00:00:00.280491,0.8,20,3.0,0.9,18,79,COMPLETE
3044,3044,17917.0,2023-11-15 12:09:17.460652,2023-11-15 12:09:17.757360,0 days 00:00:00.296708,0.8,10,3.0,0.9,16,67,COMPLETE
3045,3045,18682.0,2023-11-15 12:09:17.759074,2023-11-15 12:09:18.036687,0 days 00:00:00.277613,0.8,10,3.0,0.9,25,75,COMPLETE
3046,3046,19260.75,2023-11-15 12:09:18.038189,2023-11-15 12:09:18.308162,0 days 00:00:00.269973,0.8,10,2.75,0.9,20,71,COMPLETE
3047,3047,17014.0,2023-11-15 12:09:18.309822,2023-11-15 12:09:18.589598,0 days 00:00:00.279776,0.8,10,3.0,0.9,23,64,COMPLETE
3048,3048,13010.75,2023-11-15 12:09:18.591151,2023-11-15 12:09:18.891861,0 days 00:00:00.300710,0.1,10,3.0,0.9,13,68,COMPLETE
3049,3049,17016.25,2023-11-15 12:09:18.893822,2023-11-15 12:09:19.178252,0 days 00:00:00.284430,0.8,10,3.0,0.9,18,76,COMPLETE
3050,3050,12203.0,2023-11-15 12:09:19.179844,2023-11-15 12:09:19.475885,0 days 00:00:00.296041,0.8,90,2.75,0.9,16,72,COMPLETE
3051,3051,16812.25,2023-11-15 12:09:19.477986,2023-11-15 12:09:19.763121,0 days 00:00:00.285135,0.8,10,3.0,0.9,21,61,COMPLETE
3052,3052,17111.5,2023-11-15 12:09:19.764736,2023-11-15 12:09:20.041626,0 days 00:00:00.276890,0.7000000000000001,10,3.0,0.9,63,69,COMPLETE
3053,3053,16635.0,2023-11-15 12:09:20.043414,2023-11-15 12:09:20.333267,0 days 00:00:00.289853,0.8,20,2.5,0.9,19,73,COMPLETE
3054,3054,17764.5,2023-11-15 12:09:20.334734,2023-11-15 12:09:20.617365,0 days 00:00:00.282631,0.8,10,3.0,0.4,25,83,COMPLETE
3055,3055,16719.5,2023-11-15 12:09:20.618929,2023-11-15 12:09:20.901778,0 days 00:00:00.282849,0.8,10,2.75,0.9,15,66,COMPLETE
3056,3056,17360.25,2023-11-15 12:09:20.903539,2023-11-15 12:09:21.183876,0 days 00:00:00.280337,0.8,10,3.0,0.9,22,78,COMPLETE
3057,3057,19260.75,2023-11-15 12:09:21.185374,2023-11-15 12:09:21.458337,0 days 00:00:00.272963,0.8,10,3.0,0.9,17,71,COMPLETE
3058,3058,18682.0,2023-11-15 12:09:21.460063,2023-11-15 12:09:21.735918,0 days 00:00:00.275855,0.8,10,3.0,0.9,20,75,COMPLETE
3059,3059,17183.0,2023-11-15 12:09:21.737430,2023-11-15 12:09:22.012784,0 days 00:00:00.275354,0.8,10,2.75,0.9,11,50,COMPLETE
3060,3060,17547.25,2023-11-15 12:09:22.014350,2023-11-15 12:09:22.289945,0 days 00:00:00.275595,0.8,10,3.0,0.9,24,68,COMPLETE
3061,3061,17014.0,2023-11-15 12:09:22.291531,2023-11-15 12:09:22.573614,0 days 00:00:00.282083,0.8,10,3.0,0.9,18,64,COMPLETE
3062,3062,18392.25,2023-11-15 12:09:22.575120,2023-11-15 12:09:22.872416,0 days 00:00:00.297296,0.8,20,2.75,0.9,22,71,COMPLETE
3063,3063,18679.5,2023-11-15 12:09:22.873867,2023-11-15 12:09:23.148496,0 days 00:00:00.274629,0.7000000000000001,10,3.0,0.9,27,75,COMPLETE
3064,3064,17115.5,2023-11-15 12:09:23.150158,2023-11-15 12:09:23.428611,0 days 00:00:00.278453,0.8,10,3.0,0.9,66,69,COMPLETE
3065,3065,17739.5,2023-11-15 12:09:23.430514,2023-11-15 12:09:23.711455,0 days 00:00:00.280941,0.8,10,3.0,0.9,15,81,COMPLETE
3066,3066,18122.5,2023-11-15 12:09:23.713008,2023-11-15 12:09:23.989120,0 days 00:00:00.276112,0.8,10,3.0,0.9,20,72,COMPLETE
3067,3067,11873.5,2023-11-15 12:09:23.990711,2023-11-15 12:09:24.267678,0 days 00:00:00.276967,0.8,10,2.75,0.9,13,18,COMPLETE
3068,3068,14199.0,2023-11-15 12:09:24.269202,2023-11-15 12:09:24.559384,0 days 00:00:00.290182,0.8,50,3.0,0.9,17,66,COMPLETE
3069,3069,17016.25,2023-11-15 12:09:24.561439,2023-11-15 12:09:24.846887,0 days 00:00:00.285448,0.8,10,3.0,0.9,23,76,COMPLETE
3070,3070,18198.5,2023-11-15 12:09:24.848433,2023-11-15 12:09:25.131421,0 days 00:00:00.282988,0.8,10,2.5,0.9,20,116,COMPLETE
3071,3071,17460.25,2023-11-15 12:09:25.132984,2023-11-15 12:09:25.413486,0 days 00:00:00.280502,0.8,10,2.25,0.9,18,73,COMPLETE
3072,3072,17115.5,2023-11-15 12:09:25.415058,2023-11-15 12:09:25.705699,0 days 00:00:00.290641,0.8,10,2.75,0.9,22,69,COMPLETE
3073,3073,16020.0,2023-11-15 12:09:25.707295,2023-11-15 12:09:26.003397,0 days 00:00:00.296102,0.8,20,3.0,0.9,76,78,COMPLETE
3074,3074,17271.75,2023-11-15 12:09:26.004879,2023-11-15 12:09:26.281351,0 days 00:00:00.276472,0.8,10,3.0,0.9,15,59,COMPLETE
3075,3075,12299.75,2023-11-15 12:09:26.282762,2023-11-15 12:09:26.579062,0 days 00:00:00.296300,0.8,70,3.0,0.9,25,66,COMPLETE
3076,3076,16711.25,2023-11-15 12:09:26.580502,2023-11-15 12:09:26.861615,0 days 00:00:00.281113,0.8,10,3.0,0.9,19,62,COMPLETE
3077,3077,17825.5,2023-11-15 12:09:26.863157,2023-11-15 12:09:27.140330,0 days 00:00:00.277173,0.8,10,2.75,0.9,16,70,COMPLETE
