,number,value,datetime_start,datetime_complete,duration,params_alpha,params_decay_interval,params_decay_rate,params_gamma,params_initialization,params_max_steps,state
3740,3740,13749.75,2023-11-15 10:55:28.131980,2023-11-15 10:55:28.510401,0 days 00:00:00.378421,0.2,10,1.25,0.5,4,147,COMPLETE
3741,3741,18995.25,2023-11-15 10:55:28.512053,2023-11-15 10:55:28.850046,0 days 00:00:00.337993,0.1,10,0.5,0.9,2,143,COMPLETE
3742,3742,19163.75,2023-11-15 10:55:28.851604,2023-11-15 10:55:29.187953,0 days 00:00:00.336349,0.2,10,0.75,0.9,0,150,COMPLETE
3743,3743,18340.75,2023-11-15 10:55:29.189625,2023-11-15 10:55:29.529231,0 days 00:00:00.339606,0.2,20,0.75,0.9,4,139,COMPLETE
3744,3744,18197.25,2023-11-15 10:55:29.531173,2023-11-15 10:55:29.868788,0 days 00:00:00.337615,0.30000000000000004,10,0.75,0.8,6,136,COMPLETE
3745,3745,19314.5,2023-11-15 10:55:29.870356,2023-11-15 10:55:30.226876,0 days 00:00:00.356520,0.1,10,0.75,0.9,2,145,COMPLETE
3746,3746,19261.0,2023-11-15 10:55:30.228531,2023-11-15 10:55:30.559037,0 days 00:00:00.330506,0.2,10,0.75,0.9,0,147,COMPLETE
3747,3747,19050.0,2023-11-15 10:55:30.560682,2023-11-15 10:55:30.893422,0 days 00:00:00.332740,0.2,10,1.0,0.9,4,143,COMPLETE
3748,3748,18425.0,2023-11-15 10:55:30.895210,2023-11-15 10:55:31.238300,0 days 00:00:00.343090,0.2,10,0.75,0.6,2,148,COMPLETE
3749,3749,18491.5,2023-11-15 10:55:31.240261,2023-11-15 10:55:31.595957,0 days 00:00:00.355696,0.2,20,0.25,0.9,9,145,COMPLETE
3750,3750,19261.0,2023-11-15 10:55:31.598032,2023-11-15 10:55:31.929700,0 days 00:00:00.331668,0.1,10,1.25,0.9,0,141,COMPLETE
3751,3751,19111.25,2023-11-15 10:55:31.931862,2023-11-15 10:55:32.263174,0 days 00:00:00.331312,0.2,10,0.75,0.9,3,150,COMPLETE
3752,3752,19262.25,2023-11-15 10:55:32.265409,2023-11-15 10:55:32.591660,0 days 00:00:00.326251,0.2,10,0.75,0.9,6,145,COMPLETE
3753,3753,19079.75,2023-11-15 10:55:32.593383,2023-11-15 10:55:32.923895,0 days 00:00:00.330512,0.2,10,0.75,0.4,0,139,COMPLETE
3754,3754,18784.5,2023-11-15 10:55:32.925580,2023-11-15 10:55:33.265244,0 days 00:00:00.339664,0.2,10,0.75,0.8,4,143,COMPLETE
3755,3755,19165.0,2023-11-15 10:55:33.267078,2023-11-15 10:55:33.601196,0 days 00:00:00.334118,0.1,10,0.75,0.9,13,147,COMPLETE
3756,3756,19164.25,2023-11-15 10:55:33.602978,2023-11-15 10:55:33.958286,0 days 00:00:00.355308,0.2,10,0.5,0.9,2,150,COMPLETE
3757,3757,18993.5,2023-11-15 10:55:33.959974,2023-11-15 10:55:34.297009,0 days 00:00:00.337035,0.2,10,1.0,0.9,7,142,COMPLETE
3758,3758,0.0,2023-11-15 10:55:34.300547,2023-11-15 10:55:34.666429,0 days 00:00:00.365882,0.2,10,0.75,0.9,0,10,COMPLETE
3759,3759,6552.0,2023-11-15 10:55:34.668069,2023-11-15 10:55:35.126742,0 days 00:00:00.458673,0.2,10,1.5,0.5,2,145,COMPLETE
3760,3760,13734.25,2023-11-15 10:55:35.128440,2023-11-15 10:55:35.481661,0 days 00:00:00.353221,0.1,80,0.75,0.9,5,93,COMPLETE
3761,3761,18647.5,2023-11-15 10:55:35.483577,2023-11-15 10:55:35.821923,0 days 00:00:00.338346,0.2,10,0.75,0.9,3,136,COMPLETE
3762,3762,18026.25,2023-11-15 10:55:35.823751,2023-11-15 10:55:36.159172,0 days 00:00:00.335421,0.8,20,1.25,0.9,0,147,COMPLETE
3763,3763,19066.25,2023-11-15 10:55:36.160801,2023-11-15 10:55:36.490159,0 days 00:00:00.329358,0.30000000000000004,10,0.75,0.9,2,140,COMPLETE
3764,3764,18055.0,2023-11-15 10:55:36.491832,2023-11-15 10:55:36.825886,0 days 00:00:00.334054,0.2,10,0.75,0.7000000000000001,5,105,COMPLETE
3765,3765,19261.0,2023-11-15 10:55:36.827483,2023-11-15 10:55:37.180906,0 days 00:00:00.353423,0.2,10,0.5,0.8,0,143,COMPLETE
3766,3766,19171.25,2023-11-15 10:55:37.183147,2023-11-15 10:55:37.509847,0 days 00:00:00.326700,0.1,10,1.0,0.9,3,147,COMPLETE
3767,3767,18393.5,2023-11-15 10:55:37.511611,2023-11-15 10:55:37.843735,0 days 00:00:00.332124,0.2,20,0.75,0.9,2,150,COMPLETE
3768,3768,18597.5,2023-11-15 10:55:37.845278,2023-11-15 10:55:38.180702,0 days 00:00:00.335424,0.2,10,1.25,0.9,7,144,COMPLETE
3769,3769,18985.25,2023-11-15 10:55:38.182868,2023-11-15 10:55:38.517791,0 days 00:00:00.334923,0.2,10,0.75,0.9,4,138,COMPLETE
3770,3770,19261.0,2023-11-15 10:55:38.519524,2023-11-15 10:55:38.856882,0 days 00:00:00.337358,0.1,10,0.75,0.9,0,147,COMPLETE
3771,3771,16547.75,2023-11-15 10:55:38.858540,2023-11-15 10:55:39.208543,0 days 00:00:00.350003,0.2,10,0.75,0.6,9,141,COMPLETE
3772,3772,19023.75,2023-11-15 10:55:39.210191,2023-11-15 10:55:39.541119,0 days 00:00:00.330928,0.30000000000000004,10,1.0,0.8,2,145,COMPLETE
3773,3773,19359.75,2023-11-15 10:55:39.542806,2023-11-15 10:55:39.878091,0 days 00:00:00.335285,0.2,10,0.75,0.9,5,148,COMPLETE
3774,3774,19261.0,2023-11-15 10:55:39.879798,2023-11-15 10:55:40.223184,0 days 00:00:00.343386,0.2,10,0.75,0.9,0,143,COMPLETE
3775,3775,15577.25,2023-11-15 10:55:40.226566,2023-11-15 10:55:40.603909,0 days 00:00:00.377343,0.1,10,0.25,0.4,2,150,COMPLETE
3776,3776,7428.25,2023-11-15 10:55:40.605637,2023-11-15 10:55:41.042195,0 days 00:00:00.436558,0.2,30,0.75,0.1,4,132,COMPLETE
3777,3777,18227.5,2023-11-15 10:55:41.043919,2023-11-15 10:55:41.385474,0 days 00:00:00.341555,0.2,20,0.5,0.9,81,140,COMPLETE
3778,3778,19359.75,2023-11-15 10:55:41.387114,2023-11-15 10:55:41.722349,0 days 00:00:00.335235,0.2,10,1.0,0.9,0,145,COMPLETE
3779,3779,19261.0,2023-11-15 10:55:41.723970,2023-11-15 10:55:42.057236,0 days 00:00:00.333266,0.1,10,0.75,0.9,6,147,COMPLETE
3780,3780,13551.0,2023-11-15 10:55:42.058799,2023-11-15 10:55:42.392861,0 days 00:00:00.334062,0.2,70,0.75,0.9,53,43,COMPLETE
3781,3781,19051.5,2023-11-15 10:55:42.394628,2023-11-15 10:55:42.733225,0 days 00:00:00.338597,0.2,10,0.75,0.9,2,142,COMPLETE
3782,3782,19111.25,2023-11-15 10:55:42.735091,2023-11-15 10:55:43.068694,0 days 00:00:00.333603,0.2,10,0.75,0.9,4,150,COMPLETE
3783,3783,18975.25,2023-11-15 10:55:43.070228,2023-11-15 10:55:43.423272,0 days 00:00:00.353044,0.1,10,1.0,0.8,0,136,COMPLETE
3784,3784,19292.25,2023-11-15 10:55:43.424993,2023-11-15 10:55:43.760539,0 days 00:00:00.335546,0.2,10,0.75,0.9,2,145,COMPLETE
3785,3785,18968.25,2023-11-15 10:55:43.762243,2023-11-15 10:55:44.098257,0 days 00:00:00.336014,0.2,10,1.25,0.9,8,139,COMPLETE
3786,3786,18992.75,2023-11-15 10:55:44.100168,2023-11-15 10:55:44.442288,0 days 00:00:00.342120,0.2,10,0.75,0.9,4,143,COMPLETE
3787,3787,18553.75,2023-11-15 10:55:44.443967,2023-11-15 10:55:44.776396,0 days 00:00:00.332429,0.30000000000000004,20,0.75,0.7000000000000001,0,147,COMPLETE
3788,3788,19171.0,2023-11-15 10:55:44.777998,2023-11-15 10:55:45.116676,0 days 00:00:00.338678,0.2,10,0.5,0.9,6,148,COMPLETE
3789,3789,14783.75,2023-11-15 10:55:45.118281,2023-11-15 10:55:45.490742,0 days 00:00:00.372461,0.1,10,0.75,0.5,2,141,COMPLETE
3790,3790,19068.0,2023-11-15 10:55:45.492433,2023-11-15 10:55:45.829248,0 days 00:00:00.336815,0.2,10,0.75,0.9,11,145,COMPLETE
3791,3791,18873.0,2023-11-15 10:55:45.831428,2023-11-15 10:55:46.174787,0 days 00:00:00.343359,0.2,10,1.0,0.9,19,150,COMPLETE
3792,3792,19261.0,2023-11-15 10:55:46.176561,2023-11-15 10:55:46.508858,0 days 00:00:00.332297,0.2,10,1.25,0.9,2,143,COMPLETE
3793,3793,18985.25,2023-11-15 10:55:46.510557,2023-11-15 10:55:46.861295,0 days 00:00:00.350738,0.4,10,0.75,0.9,4,138,COMPLETE
3794,3794,19261.0,2023-11-15 10:55:46.862978,2023-11-15 10:55:47.198673,0 days 00:00:00.335695,0.1,10,0.75,0.30000000000000004,0,147,COMPLETE
3795,3795,18829.5,2023-11-15 10:55:47.200408,2023-11-15 10:55:47.540408,0 days 00:00:00.340000,0.2,10,0.75,0.8,2,145,COMPLETE
3796,3796,19066.25,2023-11-15 10:55:47.542176,2023-11-15 10:55:47.881741,0 days 00:00:00.339565,0.30000000000000004,10,1.0,0.9,6,141,COMPLETE
3797,3797,19271.0,2023-11-15 10:55:47.883743,2023-11-15 10:55:48.217528,0 days 00:00:00.333785,0.2,10,0.75,0.9,0,148,COMPLETE
3798,3798,18394.75,2023-11-15 10:55:48.219774,2023-11-15 10:55:48.561079,0 days 00:00:00.341305,0.1,20,0.75,0.9,4,143,COMPLETE
3799,3799,19265.0,2023-11-15 10:55:48.562664,2023-11-15 10:55:48.899827,0 days 00:00:00.337163,0.2,10,0.5,0.9,2,145,COMPLETE
3800,3800,19163.5,2023-11-15 10:55:48.901993,2023-11-15 10:55:49.244662,0 days 00:00:00.342669,0.2,10,0.75,0.9,8,150,COMPLETE
3801,3801,19048.0,2023-11-15 10:55:49.246434,2023-11-15 10:55:49.586318,0 days 00:00:00.339884,0.2,10,0.25,0.6,0,137,COMPLETE
3802,3802,18973.0,2023-11-15 10:55:49.588025,2023-11-15 10:55:49.937085,0 days 00:00:00.349060,0.2,10,0.75,0.9,3,141,COMPLETE
3803,3803,19261.0,2023-11-15 10:55:49.938908,2023-11-15 10:55:50.274918,0 days 00:00:00.336010,0.1,10,0.75,0.9,5,147,COMPLETE
3804,3804,17584.75,2023-11-15 10:55:50.276517,2023-11-15 10:55:50.621143,0 days 00:00:00.344626,0.2,20,1.0,0.7000000000000001,2,145,COMPLETE
3805,3805,13563.0,2023-11-15 10:55:50.622983,2023-11-15 10:55:50.998289,0 days 00:00:00.375306,0.30000000000000004,90,0.75,0.9,0,143,COMPLETE
3806,3806,18872.5,2023-11-15 10:55:51.000266,2023-11-15 10:55:51.342280,0 days 00:00:00.342014,0.2,10,1.25,0.8,4,150,COMPLETE
3807,3807,19049.0,2023-11-15 10:55:51.343995,2023-11-15 10:55:51.686865,0 days 00:00:00.342870,0.2,10,0.75,0.9,2,140,COMPLETE
3808,3808,19261.0,2023-11-15 10:55:51.688466,2023-11-15 10:55:52.020608,0 days 00:00:00.332142,0.2,10,0.75,0.9,35,147,COMPLETE
3809,3809,18740.5,2023-11-15 10:55:52.022320,2023-11-15 10:55:52.369003,0 days 00:00:00.346683,0.2,10,0.75,0.9,7,134,COMPLETE
3810,3810,19359.75,2023-11-15 10:55:52.370695,2023-11-15 10:55:52.711738,0 days 00:00:00.341043,0.1,10,0.5,0.9,0,145,COMPLETE
3811,3811,18992.75,2023-11-15 10:55:52.713291,2023-11-15 10:55:53.076161,0 days 00:00:00.362870,0.2,10,0.75,0.9,4,143,COMPLETE
3812,3812,19359.75,2023-11-15 10:55:53.077787,2023-11-15 10:55:53.415936,0 days 00:00:00.338149,0.2,10,1.0,0.8,2,148,COMPLETE
3813,3813,18818.25,2023-11-15 10:55:53.418346,2023-11-15 10:55:53.787682,0 days 00:00:00.369336,0.1,10,0.75,0.9,6,139,COMPLETE
3814,3814,15889.25,2023-11-15 10:55:53.789313,2023-11-15 10:55:54.146198,0 days 00:00:00.356885,0.2,60,0.75,0.5,0,145,COMPLETE
3815,3815,18785.5,2023-11-15 10:55:54.148145,2023-11-15 10:55:54.492541,0 days 00:00:00.344396,0.2,10,0.75,0.9,10,150,COMPLETE
3816,3816,19051.5,2023-11-15 10:55:54.494110,2023-11-15 10:55:54.833957,0 days 00:00:00.339847,0.2,10,0.75,0.9,3,142,COMPLETE
3817,3817,19169.0,2023-11-15 10:55:54.835901,2023-11-15 10:55:55.170755,0 days 00:00:00.334854,0.4,10,1.25,0.9,2,147,COMPLETE
3818,3818,19072.75,2023-11-15 10:55:55.172283,2023-11-15 10:55:55.506725,0 days 00:00:00.334442,0.1,10,0.75,0.9,0,137,COMPLETE
3819,3819,18400.25,2023-11-15 10:55:55.508501,2023-11-15 10:55:55.862994,0 days 00:00:00.354493,0.2,20,1.0,0.9,4,145,COMPLETE
3820,3820,19066.25,2023-11-15 10:55:55.865244,2023-11-15 10:55:56.205354,0 days 00:00:00.340110,0.2,10,0.75,0.9,6,141,COMPLETE
3821,3821,19359.75,2023-11-15 10:55:56.207099,2023-11-15 10:55:56.554469,0 days 00:00:00.347370,0.2,10,0.5,0.9,2,148,COMPLETE
3822,3822,19261.0,2023-11-15 10:55:56.556242,2023-11-15 10:55:56.888483,0 days 00:00:00.332241,0.2,10,0.75,0.8,0,143,COMPLETE
3823,3823,19110.25,2023-11-15 10:55:56.890205,2023-11-15 10:55:57.224647,0 days 00:00:00.334442,0.1,10,0.75,0.9,4,150,COMPLETE
3824,3824,19261.0,2023-11-15 10:55:57.226262,2023-11-15 10:55:57.561532,0 days 00:00:00.335270,0.30000000000000004,10,0.75,0.9,2,147,COMPLETE
3825,3825,18794.25,2023-11-15 10:55:57.563296,2023-11-15 10:55:57.908378,0 days 00:00:00.345082,0.2,10,0.75,0.9,8,139,COMPLETE
3826,3826,19237.25,2023-11-15 10:55:57.910095,2023-11-15 10:55:58.258859,0 days 00:00:00.348764,0.2,10,0.25,0.9,0,145,COMPLETE
3827,3827,19182.75,2023-11-15 10:55:58.260557,2023-11-15 10:55:58.601318,0 days 00:00:00.340761,0.2,10,1.0,0.9,5,142,COMPLETE
3828,3828,18584.75,2023-11-15 10:55:58.603008,2023-11-15 10:55:58.942526,0 days 00:00:00.339518,0.1,20,1.25,0.8,3,147,COMPLETE
3829,3829,18900.5,2023-11-15 10:55:58.944217,2023-11-15 10:55:59.288870,0 days 00:00:00.344653,0.2,10,0.75,0.9,23,143,COMPLETE
3830,3830,19065.25,2023-11-15 10:55:59.290852,2023-11-15 10:55:59.629877,0 days 00:00:00.339025,0.2,10,0.75,0.9,0,112,COMPLETE
3831,3831,13349.25,2023-11-15 10:55:59.632059,2023-11-15 10:55:59.961399,0 days 00:00:00.329340,0.2,10,0.75,0.7000000000000001,2,15,COMPLETE
3832,3832,14971.75,2023-11-15 10:55:59.963211,2023-11-15 10:56:00.358497,0 days 00:00:00.395286,0.2,10,0.75,0.4,6,145,COMPLETE
3833,3833,19132.0,2023-11-15 10:56:00.360187,2023-11-15 10:56:00.694727,0 days 00:00:00.334540,0.1,10,1.0,0.9,2,150,COMPLETE
3834,3834,19261.0,2023-11-15 10:56:00.696498,2023-11-15 10:56:01.027292,0 days 00:00:00.330794,0.2,10,0.5,0.9,0,140,COMPLETE
3835,3835,17464.0,2023-11-15 10:56:01.028998,2023-11-15 10:56:01.383228,0 days 00:00:00.354230,0.30000000000000004,10,1.25,0.6,4,147,COMPLETE
3836,3836,18389.25,2023-11-15 10:56:01.384967,2023-11-15 10:56:01.727475,0 days 00:00:00.342508,0.2,20,0.75,0.9,2,136,COMPLETE
3837,3837,19197.25,2023-11-15 10:56:01.729100,2023-11-15 10:56:02.065564,0 days 00:00:00.336464,0.1,10,0.75,0.9,8,143,COMPLETE
3838,3838,19261.0,2023-11-15 10:56:02.067254,2023-11-15 10:56:02.399466,0 days 00:00:00.332212,0.2,10,0.75,0.9,0,147,COMPLETE
3839,3839,19066.25,2023-11-15 10:56:02.401414,2023-11-15 10:56:02.736847,0 days 00:00:00.335433,0.2,10,0.75,0.9,4,140,COMPLETE
3840,3840,0.0,2023-11-15 10:56:02.738540,2023-11-15 10:56:03.157535,0 days 00:00:00.418995,0.2,10,1.0,0.2,6,51,COMPLETE
3841,3841,19163.5,2023-11-15 10:56:03.159152,2023-11-15 10:56:03.511955,0 days 00:00:00.352803,0.5,10,1.5,0.9,2,150,COMPLETE
3842,3842,19359.75,2023-11-15 10:56:03.513767,2023-11-15 10:56:03.844673,0 days 00:00:00.330906,0.1,10,0.75,0.9,0,145,COMPLETE
3843,3843,18784.5,2023-11-15 10:56:03.846502,2023-11-15 10:56:04.193420,0 days 00:00:00.346918,0.2,10,0.75,0.8,4,143,COMPLETE
3844,3844,18926.25,2023-11-15 10:56:04.195011,2023-11-15 10:56:04.547298,0 days 00:00:00.352287,0.2,10,0.5,0.9,2,147,COMPLETE
3845,3845,18708.75,2023-11-15 10:56:04.549855,2023-11-15 10:56:04.906233,0 days 00:00:00.356378,0.2,10,0.25,0.9,0,139,COMPLETE
3846,3846,17554.75,2023-11-15 10:56:04.907843,2023-11-15 10:56:05.260158,0 days 00:00:00.352315,0.30000000000000004,10,0.75,0.9,58,145,COMPLETE
3847,3847,18627.0,2023-11-15 10:56:05.261768,2023-11-15 10:56:05.612148,0 days 00:00:00.350380,0.2,10,0.75,0.9,14,150,COMPLETE
3848,3848,13724.0,2023-11-15 10:56:05.613894,2023-11-15 10:56:05.993770,0 days 00:00:00.379876,0.1,20,0.75,0.4,6,143,COMPLETE
3849,3849,19169.0,2023-11-15 10:56:05.995332,2023-11-15 10:56:06.329284,0 days 00:00:00.333952,0.2,10,1.25,0.9,3,147,COMPLETE
3850,3850,18973.0,2023-11-15 10:56:06.331106,2023-11-15 10:56:06.679235,0 days 00:00:00.348129,0.2,10,0.75,0.9,2,141,COMPLETE
3851,3851,18983.75,2023-11-15 10:56:06.686044,2023-11-15 10:56:07.028922,0 days 00:00:00.342878,0.2,10,0.75,0.1,0,135,COMPLETE
3852,3852,18969.75,2023-11-15 10:56:07.030898,2023-11-15 10:56:07.374199,0 days 00:00:00.343301,0.1,10,1.0,0.9,5,144,COMPLETE
3853,3853,17385.25,2023-11-15 10:56:07.375923,2023-11-15 10:56:07.732782,0 days 00:00:00.356859,0.2,10,0.75,0.7000000000000001,10,148,COMPLETE
3854,3854,18985.25,2023-11-15 10:56:07.734492,2023-11-15 10:56:08.078414,0 days 00:00:00.343922,0.2,10,0.75,0.8,2,138,COMPLETE
3855,3855,18970.75,2023-11-15 10:56:08.080062,2023-11-15 10:56:08.428950,0 days 00:00:00.348888,0.2,10,1.0,0.9,4,145,COMPLETE
3856,3856,18393.5,2023-11-15 10:56:08.431010,2023-11-15 10:56:08.768785,0 days 00:00:00.337775,0.2,20,0.75,0.9,0,150,COMPLETE
3857,3857,2738.0,2023-11-15 10:56:08.770805,2023-11-15 10:56:09.291851,0 days 00:00:00.521046,0.6,10,1.75,0.30000000000000004,8,141,COMPLETE
3858,3858,19261.0,2023-11-15 10:56:09.293409,2023-11-15 10:56:09.633292,0 days 00:00:00.339883,0.1,10,0.75,0.9,2,147,COMPLETE
3859,3859,19093.75,2023-11-15 10:56:09.635039,2023-11-15 10:56:09.987628,0 days 00:00:00.352589,0.2,10,0.75,0.9,4,142,COMPLETE
3860,3860,19265.0,2023-11-15 10:56:09.990180,2023-11-15 10:56:10.330588,0 days 00:00:00.340408,0.2,10,0.5,0.9,0,145,COMPLETE
3861,3861,19263.25,2023-11-15 10:56:10.332734,2023-11-15 10:56:10.667882,0 days 00:00:00.335148,0.30000000000000004,10,0.75,0.9,6,148,COMPLETE
3862,3862,10836.5,2023-11-15 10:56:10.669855,2023-11-15 10:56:11.085362,0 days 00:00:00.415507,0.1,10,0.75,0.5,2,139,COMPLETE
3863,3863,18784.5,2023-11-15 10:56:11.087092,2023-11-15 10:56:11.436042,0 days 00:00:00.348950,0.2,10,0.75,0.8,4,143,COMPLETE
3864,3864,19261.0,2023-11-15 10:56:11.437730,2023-11-15 10:56:11.782221,0 days 00:00:00.344491,0.2,10,1.0,0.9,0,150,COMPLETE
3865,3865,19064.75,2023-11-15 10:56:11.784179,2023-11-15 10:56:12.129460,0 days 00:00:00.345281,0.2,10,0.75,0.9,2,132,COMPLETE
3866,3866,18304.25,2023-11-15 10:56:12.131434,2023-11-15 10:56:12.482804,0 days 00:00:00.351370,0.1,20,1.25,0.9,7,145,COMPLETE
3867,3867,16270.0,2023-11-15 10:56:12.484365,2023-11-15 10:56:12.850052,0 days 00:00:00.365687,0.30000000000000004,10,0.75,0.6,4,147,COMPLETE
3868,3868,19171.5,2023-11-15 10:56:12.851743,2023-11-15 10:56:13.196012,0 days 00:00:00.344269,0.2,10,0.75,0.9,0,141,COMPLETE
3869,3869,19161.25,2023-11-15 10:56:13.197883,2023-11-15 10:56:13.552276,0 days 00:00:00.354393,0.2,10,0.75,0.9,2,137,COMPLETE
3870,3870,17202.5,2023-11-15 10:56:13.553942,2023-11-15 10:56:13.908655,0 days 00:00:00.354713,0.2,40,1.0,0.9,5,145,COMPLETE
3871,3871,19164.25,2023-11-15 10:56:13.910383,2023-11-15 10:56:14.247276,0 days 00:00:00.336893,0.2,10,0.5,0.9,2,150,COMPLETE
3872,3872,19261.0,2023-11-15 10:56:14.249594,2023-11-15 10:56:14.589868,0 days 00:00:00.340274,0.1,10,0.75,0.8,0,141,COMPLETE
3873,3873,19169.0,2023-11-15 10:56:14.591604,2023-11-15 10:56:14.927946,0 days 00:00:00.336342,0.2,10,1.25,0.9,3,147,COMPLETE
3874,3874,12321.25,2023-11-15 10:56:14.929713,2023-11-15 10:56:15.328569,0 days 00:00:00.398856,0.2,30,0.75,0.30000000000000004,6,143,COMPLETE
3875,3875,19068.0,2023-11-15 10:56:15.330543,2023-11-15 10:56:15.677978,0 days 00:00:00.347435,0.2,10,0.75,0.9,9,145,COMPLETE
3876,3876,19271.0,2023-11-15 10:56:15.679722,2023-11-15 10:56:16.019317,0 days 00:00:00.339595,0.2,10,0.75,0.9,0,148,COMPLETE
3877,3877,18294.0,2023-11-15 10:56:16.020882,2023-11-15 10:56:16.366720,0 days 00:00:00.345838,0.1,20,1.0,0.9,2,138,COMPLETE
3878,3878,18992.75,2023-11-15 10:56:16.368371,2023-11-15 10:56:16.731049,0 days 00:00:00.362678,0.2,10,0.75,0.9,4,143,COMPLETE
3879,3879,17136.5,2023-11-15 10:56:16.733111,2023-11-15 10:56:17.133126,0 days 00:00:00.400015,0.5,10,0.25,0.9,0,147,COMPLETE
3880,3880,19082.5,2023-11-15 10:56:17.134947,2023-11-15 10:56:17.474194,0 days 00:00:00.339247,0.2,10,0.75,0.9,2,150,COMPLETE
3881,3881,19066.25,2023-11-15 10:56:17.475856,2023-11-15 10:56:17.819225,0 days 00:00:00.343369,0.2,10,0.75,0.9,7,141,COMPLETE
3882,3882,18897.75,2023-11-15 10:56:17.820836,2023-11-15 10:56:18.174007,0 days 00:00:00.353171,0.2,10,0.75,0.8,4,145,COMPLETE
3883,3883,19261.0,2023-11-15 10:56:18.175756,2023-11-15 10:56:18.611530,0 days 00:00:00.435774,0.30000000000000004,10,0.75,0.9,0,143,COMPLETE
3884,3884,19171.25,2023-11-15 10:56:18.613195,2023-11-15 10:56:18.959010,0 days 00:00:00.345815,0.1,10,1.0,0.9,2,147,COMPLETE
3885,3885,17653.5,2023-11-15 10:56:18.960796,2023-11-15 10:56:19.312012,0 days 00:00:00.351216,0.2,10,0.5,0.9,30,139,COMPLETE
3886,3886,5081.0,2023-11-15 10:56:19.313773,2023-11-15 10:56:19.811686,0 days 00:00:00.497913,0.2,10,1.25,0.7000000000000001,11,150,COMPLETE
3887,3887,16576.25,2023-11-15 10:56:19.813262,2023-11-15 10:56:20.184467,0 days 00:00:00.371205,0.1,10,0.75,0.6,5,145,COMPLETE
3888,3888,16652.5,2023-11-15 10:56:20.186170,2023-11-15 10:56:20.561068,0 days 00:00:00.374898,0.2,20,0.75,0.5,2,136,COMPLETE
3889,3889,19172.25,2023-11-15 10:56:20.562669,2023-11-15 10:56:20.905949,0 days 00:00:00.343280,0.2,10,1.0,0.9,0,142,COMPLETE
3890,3890,18449.5,2023-11-15 10:56:20.907644,2023-11-15 10:56:21.284672,0 days 00:00:00.377028,0.4,10,0.75,0.9,4,147,COMPLETE
3891,3891,18788.25,2023-11-15 10:56:21.286513,2023-11-15 10:56:21.642779,0 days 00:00:00.356266,0.30000000000000004,10,0.75,0.9,2,144,COMPLETE
3892,3892,19044.75,2023-11-15 10:56:21.644605,2023-11-15 10:56:22.004653,0 days 00:00:00.360048,0.2,10,0.25,0.9,7,148,COMPLETE
3893,3893,19261.0,2023-11-15 10:56:22.006216,2023-11-15 10:56:22.347145,0 days 00:00:00.340929,0.2,10,0.75,0.8,0,140,COMPLETE
3894,3894,19106.5,2023-11-15 10:56:22.349564,2023-11-15 10:56:22.691413,0 days 00:00:00.341849,0.1,10,0.75,0.9,3,150,COMPLETE
3895,3895,18970.25,2023-11-15 10:56:22.693036,2023-11-15 10:56:23.034107,0 days 00:00:00.341071,0.2,10,0.5,0.9,5,144,COMPLETE
3896,3896,16494.0,2023-11-15 10:56:23.036000,2023-11-15 10:56:23.394413,0 days 00:00:00.358413,0.2,50,1.25,0.9,0,145,COMPLETE
3897,3897,18394.75,2023-11-15 10:56:23.396674,2023-11-15 10:56:23.767198,0 days 00:00:00.370524,0.1,20,0.75,0.9,2,141,COMPLETE
3898,3898,19359.75,2023-11-15 10:56:23.768843,2023-11-15 10:56:24.114653,0 days 00:00:00.345810,0.2,10,1.0,0.9,4,148,COMPLETE
3899,3899,12015.75,2023-11-15 10:56:24.116823,2023-11-15 10:56:24.517227,0 days 00:00:00.400404,0.2,10,0.75,0.4,6,138,COMPLETE
3900,3900,19292.25,2023-11-15 10:56:24.518865,2023-11-15 10:56:24.863254,0 days 00:00:00.344389,0.2,10,0.75,0.9,2,145,COMPLETE
3901,3901,19066.0,2023-11-15 10:56:24.865346,2023-11-15 10:56:25.209628,0 days 00:00:00.344282,0.2,10,0.75,0.8,0,134,COMPLETE
3902,3902,19261.0,2023-11-15 10:56:25.211410,2023-11-15 10:56:25.549714,0 days 00:00:00.338304,0.1,10,1.5,0.9,3,142,COMPLETE
3903,3903,19261.0,2023-11-15 10:56:25.551760,2023-11-15 10:56:25.892348,0 days 00:00:00.340588,0.2,10,0.75,0.9,0,147,COMPLETE
3904,3904,18393.5,2023-11-15 10:56:25.894047,2023-11-15 10:56:26.235644,0 days 00:00:00.341597,0.2,20,0.5,0.9,9,150,COMPLETE
3905,3905,12502.5,2023-11-15 10:56:26.237367,2023-11-15 10:56:26.660799,0 days 00:00:00.423432,0.7000000000000001,10,0.75,0.9,4,143,COMPLETE
3906,3906,19261.0,2023-11-15 10:56:26.662512,2023-11-15 10:56:27.002791,0 days 00:00:00.340279,0.2,10,1.0,0.9,2,147,COMPLETE
3907,3907,8776.75,2023-11-15 10:56:27.004478,2023-11-15 10:56:27.458394,0 days 00:00:00.453916,0.2,10,1.25,0.2,6,140,COMPLETE
3908,3908,11027.25,2023-11-15 10:56:27.460030,2023-11-15 10:56:27.872111,0 days 00:00:00.412081,0.1,100,0.75,0.5,12,145,COMPLETE
3909,3909,19163.75,2023-11-15 10:56:27.873707,2023-11-15 10:56:28.220114,0 days 00:00:00.346407,0.2,10,0.75,0.9,0,150,COMPLETE
