,number,value,datetime_start,datetime_complete,duration,params_alpha,params_decay_interval,params_decay_rate,params_gamma,params_initialization,params_max_steps,state
5987,5987,17014.0,2023-11-15 12:28:41.633829,2023-11-15 12:28:42.174966,0 days 00:00:00.541137,0.8,10,3.0,0.9,60,64,COMPLETE
5988,5988,17452.0,2023-11-15 12:28:42.177012,2023-11-15 12:28:42.690811,0 days 00:00:00.513799,0.8,10,2.25,0.9,19,78,COMPLETE
5989,5989,18392.25,2023-11-15 12:28:42.692899,2023-11-15 12:28:43.197674,0 days 00:00:00.504775,0.8,20,2.75,0.9,21,71,COMPLETE
5990,5990,17833.75,2023-11-15 12:28:43.199857,2023-11-15 12:28:43.710609,0 days 00:00:00.510752,0.8,10,3.0,0.9,13,83,COMPLETE
5991,5991,17561.5,2023-11-15 12:28:43.712821,2023-11-15 12:28:44.218990,0 days 00:00:00.506169,0.8,10,3.0,0.5,27,67,COMPLETE
5992,5992,18872.25,2023-11-15 12:28:44.221344,2023-11-15 12:28:44.722723,0 days 00:00:00.501379,0.7000000000000001,10,3.0,0.9,18,73,COMPLETE
5993,5993,17923.0,2023-11-15 12:28:44.724768,2023-11-15 12:28:45.256923,0 days 00:00:00.532155,0.6,10,2.75,0.9,16,70,COMPLETE
5994,5994,16923.25,2023-11-15 12:28:45.259024,2023-11-15 12:28:45.772268,0 days 00:00:00.513244,0.8,10,3.0,0.9,24,76,COMPLETE
5995,5995,16540.25,2023-11-15 12:28:45.774501,2023-11-15 12:28:46.283088,0 days 00:00:00.508587,0.9,10,3.0,0.9,20,62,COMPLETE
5996,5996,17547.25,2023-11-15 12:28:46.285402,2023-11-15 12:28:46.794736,0 days 00:00:00.509334,0.8,10,2.75,0.9,15,68,COMPLETE
5997,5997,15418.25,2023-11-15 12:28:46.796991,2023-11-15 12:28:47.307163,0 days 00:00:00.510172,0.8,60,3.0,0.8,18,80,COMPLETE
5998,5998,17462.25,2023-11-15 12:28:47.309287,2023-11-15 12:28:47.818179,0 days 00:00:00.508892,0.8,10,2.5,0.9,23,73,COMPLETE
5999,5999,17654.5,2023-11-15 12:28:47.821037,2023-11-15 12:28:48.324970,0 days 00:00:00.503933,0.8,10,3.0,0.9,21,65,COMPLETE
6000,6000,17290.5,2023-11-15 12:28:48.327277,2023-11-15 12:28:48.878078,0 days 00:00:00.550801,0.8,10,3.0,0.9,26,95,COMPLETE
6001,6001,18392.25,2023-11-15 12:28:48.880239,2023-11-15 12:28:49.390804,0 days 00:00:00.510565,0.8,20,3.0,0.9,12,71,COMPLETE
6002,6002,17920.75,2023-11-15 12:28:49.393116,2023-11-15 12:28:49.904179,0 days 00:00:00.511063,0.8,10,2.75,0.9,16,74,COMPLETE
6003,6003,15118.25,2023-11-15 12:28:49.906417,2023-11-15 12:28:50.425402,0 days 00:00:00.518985,0.8,40,3.0,0.9,19,68,COMPLETE
6004,6004,18026.0,2023-11-15 12:28:50.427400,2023-11-15 12:28:50.942219,0 days 00:00:00.514819,0.8,10,3.0,0.9,23,77,COMPLETE
6005,6005,19260.75,2023-11-15 12:28:50.944295,2023-11-15 12:28:51.452655,0 days 00:00:00.508360,0.8,10,3.0,0.9,21,71,COMPLETE
6006,6006,13309.0,2023-11-15 12:28:51.455207,2023-11-15 12:28:51.999605,0 days 00:00:00.544398,0.7000000000000001,90,2.75,0.9,10,75,COMPLETE
6007,6007,16719.5,2023-11-15 12:28:52.001828,2023-11-15 12:28:52.528368,0 days 00:00:00.526540,0.8,10,3.0,0.9,17,66,COMPLETE
6008,6008,17020.25,2023-11-15 12:28:52.530447,2023-11-15 12:28:53.046397,0 days 00:00:00.515950,0.8,10,3.0,0.8,14,69,COMPLETE
6009,6009,16642.5,2023-11-15 12:28:53.048760,2023-11-15 12:28:53.569905,0 days 00:00:00.521145,0.9,10,3.0,0.9,25,73,COMPLETE
6010,6010,17545.25,2023-11-15 12:28:53.572309,2023-11-15 12:28:54.082629,0 days 00:00:00.510320,0.8,10,2.75,0.9,19,78,COMPLETE
6011,6011,17014.0,2023-11-15 12:28:54.084778,2023-11-15 12:28:54.600198,0 days 00:00:00.515420,0.8,10,3.0,0.9,22,64,COMPLETE
6012,6012,16617.75,2023-11-15 12:28:54.602827,2023-11-15 12:28:55.156177,0 days 00:00:00.553350,0.8,20,3.0,0.9,17,69,COMPLETE
6013,6013,19260.75,2023-11-15 12:28:55.158454,2023-11-15 12:28:55.692455,0 days 00:00:00.534001,0.8,10,2.75,0.9,20,71,COMPLETE
6014,6014,18682.0,2023-11-15 12:28:55.694592,2023-11-15 12:28:56.205249,0 days 00:00:00.510657,0.8,10,2.5,0.9,50,75,COMPLETE
6015,6015,13591.25,2023-11-15 12:28:56.207369,2023-11-15 12:28:56.734271,0 days 00:00:00.526902,0.8,80,3.0,0.9,15,86,COMPLETE
6016,6016,17917.0,2023-11-15 12:28:56.737467,2023-11-15 12:28:57.276600,0 days 00:00:00.539133,0.8,10,3.0,0.9,24,67,COMPLETE
6017,6017,18026.25,2023-11-15 12:28:57.278760,2023-11-15 12:28:57.792605,0 days 00:00:00.513845,0.8,10,2.0,0.6,18,72,COMPLETE
6018,6018,16543.25,2023-11-15 12:28:57.794649,2023-11-15 12:28:58.315710,0 days 00:00:00.521061,0.8,10,3.0,0.9,22,63,COMPLETE
6019,6019,17369.25,2023-11-15 12:28:58.317776,2023-11-15 12:28:58.857006,0 days 00:00:00.539230,0.8,10,3.0,0.9,13,79,COMPLETE
6020,6020,14345.0,2023-11-15 12:28:58.859405,2023-11-15 12:28:59.393065,0 days 00:00:00.533660,0.7000000000000001,70,2.75,0.9,28,75,COMPLETE
6021,6021,18392.25,2023-11-15 12:28:59.395261,2023-11-15 12:28:59.903954,0 days 00:00:00.508693,0.9,20,3.0,0.9,20,70,COMPLETE
6022,6022,18011.5,2023-11-15 12:28:59.906093,2023-11-15 12:29:00.423910,0 days 00:00:00.517817,0.8,10,3.0,0.8,16,67,COMPLETE
6023,6023,18122.5,2023-11-15 12:29:00.426046,2023-11-15 12:29:00.944165,0 days 00:00:00.518119,0.8,10,3.0,0.9,18,72,COMPLETE
6024,6024,16632.75,2023-11-15 12:29:00.946233,2023-11-15 12:29:01.468583,0 days 00:00:00.522350,0.8,10,2.75,0.9,22,61,COMPLETE
6025,6025,16923.25,2023-11-15 12:29:01.470995,2023-11-15 12:29:01.995338,0 days 00:00:00.524343,0.8,10,3.0,0.9,25,76,COMPLETE
6026,6026,17115.5,2023-11-15 12:29:01.997461,2023-11-15 12:29:02.530269,0 days 00:00:00.532808,0.8,10,3.0,0.9,20,69,COMPLETE
6027,6027,17185.25,2023-11-15 12:29:02.532673,2023-11-15 12:29:03.051970,0 days 00:00:00.519297,0.8,10,2.75,0.9,15,73,COMPLETE
6028,6028,17654.5,2023-11-15 12:29:03.054674,2023-11-15 12:29:03.567953,0 days 00:00:00.513279,0.8,10,3.0,0.9,18,65,COMPLETE
6029,6029,17825.5,2023-11-15 12:29:03.570812,2023-11-15 12:29:04.082316,0 days 00:00:00.511504,0.8,10,3.0,0.9,23,70,COMPLETE
6030,6030,17833.0,2023-11-15 12:29:04.084371,2023-11-15 12:29:04.603614,0 days 00:00:00.519243,0.8,10,3.0,0.9,13,80,COMPLETE
6031,6031,17917.0,2023-11-15 12:29:04.605872,2023-11-15 12:29:05.124170,0 days 00:00:00.518298,0.8,10,2.25,0.9,21,67,COMPLETE
6032,6032,19260.75,2023-11-15 12:29:05.126692,2023-11-15 12:29:05.634849,0 days 00:00:00.508157,0.9,10,2.75,0.9,26,74,COMPLETE
6033,6033,17275.25,2023-11-15 12:29:05.637463,2023-11-15 12:29:06.152385,0 days 00:00:00.514922,0.8,20,3.0,0.9,41,72,COMPLETE
6034,6034,18121.5,2023-11-15 12:29:06.154954,2023-11-15 12:29:06.683573,0 days 00:00:00.528619,0.8,10,3.0,0.9,17,77,COMPLETE
6035,6035,17110.0,2023-11-15 12:29:06.686113,2023-11-15 12:29:07.209390,0 days 00:00:00.523277,0.7000000000000001,10,2.5,0.9,19,69,COMPLETE
6036,6036,16719.5,2023-11-15 12:29:07.211627,2023-11-15 12:29:07.715470,0 days 00:00:00.503843,0.8,10,3.0,0.9,15,66,COMPLETE
6037,6037,18018.25,2023-11-15 12:29:07.717738,2023-11-15 12:29:08.231332,0 days 00:00:00.513594,0.8,10,2.75,0.8,24,74,COMPLETE
6038,6038,17825.5,2023-11-15 12:29:08.233460,2023-11-15 12:29:08.741500,0 days 00:00:00.508040,0.8,10,3.0,0.9,8,70,COMPLETE
6039,6039,16543.25,2023-11-15 12:29:08.743809,2023-11-15 12:29:09.260593,0 days 00:00:00.516784,0.8,10,3.0,0.9,11,63,COMPLETE
6040,6040,17555.0,2023-11-15 12:29:09.262733,2023-11-15 12:29:09.781035,0 days 00:00:00.518302,0.4,10,3.0,0.9,21,82,COMPLETE
6041,6041,17853.0,2023-11-15 12:29:09.787367,2023-11-15 12:29:10.312138,0 days 00:00:00.524771,0.8,10,3.0,0.4,19,72,COMPLETE
6042,6042,18026.0,2023-11-15 12:29:10.314374,2023-11-15 12:29:10.828394,0 days 00:00:00.514020,0.8,10,2.75,0.9,16,77,COMPLETE
6043,6043,17547.25,2023-11-15 12:29:10.830407,2023-11-15 12:29:11.343315,0 days 00:00:00.512908,0.8,10,3.0,0.9,23,68,COMPLETE
6044,6044,17278.5,2023-11-15 12:29:11.345359,2023-11-15 12:29:11.871406,0 days 00:00:00.526047,0.7000000000000001,20,3.0,0.9,29,74,COMPLETE
6045,6045,17404.25,2023-11-15 12:29:11.873655,2023-11-15 12:29:12.382166,0 days 00:00:00.508511,0.8,10,2.75,0.30000000000000004,20,71,COMPLETE
6046,6046,16899.75,2023-11-15 12:29:12.384415,2023-11-15 12:29:12.927923,0 days 00:00:00.543508,0.6,10,3.0,0.9,17,66,COMPLETE
6047,6047,13568.0,2023-11-15 12:29:12.930181,2023-11-15 12:29:13.506256,0 days 00:00:00.576075,0.8,50,3.0,0.9,13,76,COMPLETE
6048,6048,17115.5,2023-11-15 12:29:13.508411,2023-11-15 12:29:14.033533,0 days 00:00:00.525122,0.8,10,3.0,0.9,27,69,COMPLETE
6049,6049,18215.25,2023-11-15 12:29:14.035968,2023-11-15 12:29:14.548220,0 days 00:00:00.512252,0.8,10,2.75,0.9,22,72,COMPLETE
6050,6050,17654.5,2023-11-15 12:29:14.550315,2023-11-15 12:29:15.059712,0 days 00:00:00.509397,0.8,10,3.0,0.9,18,65,COMPLETE
6051,6051,17639.25,2023-11-15 12:29:15.062527,2023-11-15 12:29:15.580874,0 days 00:00:00.518347,0.9,10,3.0,0.9,25,78,COMPLETE
6052,6052,15734.25,2023-11-15 12:29:15.583045,2023-11-15 12:29:16.122022,0 days 00:00:00.538977,0.8,20,2.5,0.8,20,61,COMPLETE
6053,6053,17920.75,2023-11-15 12:29:16.124039,2023-11-15 12:29:16.643995,0 days 00:00:00.519956,0.8,10,2.75,0.9,15,74,COMPLETE
6054,6054,17011.75,2023-11-15 12:29:16.646062,2023-11-15 12:29:17.168839,0 days 00:00:00.522777,0.5,10,3.0,0.9,22,68,COMPLETE
6055,6055,18207.5,2023-11-15 12:29:17.171704,2023-11-15 12:29:17.691235,0 days 00:00:00.519531,0.8,10,3.0,0.7000000000000001,17,72,COMPLETE
6056,6056,17825.5,2023-11-15 12:29:17.693500,2023-11-15 12:29:18.202521,0 days 00:00:00.509021,0.8,10,3.0,0.9,24,70,COMPLETE
6057,6057,16836.0,2023-11-15 12:29:18.204685,2023-11-15 12:29:18.730633,0 days 00:00:00.525948,0.8,10,0.5,0.9,19,80,COMPLETE
6058,6058,18682.0,2023-11-15 12:29:18.732714,2023-11-15 12:29:19.246529,0 days 00:00:00.513815,0.8,10,3.0,0.9,14,75,COMPLETE
6059,6059,18115.75,2023-11-15 12:29:19.248634,2023-11-15 12:29:19.841407,0 days 00:00:00.592773,0.7000000000000001,10,2.75,0.9,21,65,COMPLETE
6060,6060,17020.25,2023-11-15 12:29:19.843620,2023-11-15 12:29:20.360125,0 days 00:00:00.516505,0.8,10,3.0,0.8,16,69,COMPLETE
6061,6061,18122.5,2023-11-15 12:29:20.362483,2023-11-15 12:29:20.876860,0 days 00:00:00.514377,0.8,10,3.0,0.9,19,72,COMPLETE
6062,6062,16620.5,2023-11-15 12:29:20.879011,2023-11-15 12:29:21.409645,0 days 00:00:00.530634,0.8,20,2.75,0.9,22,67,COMPLETE
6063,6063,18682.0,2023-11-15 12:29:21.411757,2023-11-15 12:29:21.922457,0 days 00:00:00.510700,0.8,10,3.0,0.9,12,75,COMPLETE
6064,6064,19260.75,2023-11-15 12:29:21.924476,2023-11-15 12:29:22.422778,0 days 00:00:00.498302,0.9,10,3.0,0.9,18,71,COMPLETE
6065,6065,17271.75,2023-11-15 12:29:22.424943,2023-11-15 12:29:22.955605,0 days 00:00:00.530662,0.8,10,2.5,0.9,27,59,COMPLETE
6066,6066,18121.5,2023-11-15 12:29:22.957937,2023-11-15 12:29:23.467471,0 days 00:00:00.509534,0.8,10,3.0,0.9,24,77,COMPLETE
6067,6067,17014.0,2023-11-15 12:29:23.470063,2023-11-15 12:29:23.987734,0 days 00:00:00.517671,0.8,10,3.0,0.9,81,64,COMPLETE
6068,6068,17547.25,2023-11-15 12:29:23.989980,2023-11-15 12:29:24.504654,0 days 00:00:00.514674,0.8,10,2.75,0.9,20,68,COMPLETE
6069,6069,2370.25,2023-11-15 12:29:24.506936,2023-11-15 12:29:25.007198,0 days 00:00:00.500262,0.8,10,3.0,0.9,16,10,COMPLETE
6070,6070,17186.0,2023-11-15 12:29:25.009631,2023-11-15 12:29:25.530232,0 days 00:00:00.520601,0.8,10,3.0,0.9,31,73,COMPLETE
6071,6071,17825.5,2023-11-15 12:29:25.532492,2023-11-15 12:29:26.066098,0 days 00:00:00.533606,0.8,10,3.0,0.9,22,70,COMPLETE
6072,6072,16501.75,2023-11-15 12:29:26.068414,2023-11-15 12:29:26.596606,0 days 00:00:00.528192,0.2,10,2.75,0.9,18,75,COMPLETE
6073,6073,16452.5,2023-11-15 12:29:26.599185,2023-11-15 12:29:27.122477,0 days 00:00:00.523292,0.7000000000000001,20,3.0,0.8,15,67,COMPLETE
6074,6074,19260.75,2023-11-15 12:29:27.124697,2023-11-15 12:29:27.634030,0 days 00:00:00.509333,0.8,10,3.0,0.9,20,71,COMPLETE
6075,6075,17369.25,2023-11-15 12:29:27.636805,2023-11-15 12:29:28.156449,0 days 00:00:00.519644,0.8,10,3.0,0.9,25,79,COMPLETE
6076,6076,15559.75,2023-11-15 12:29:28.158458,2023-11-15 12:29:28.674505,0 days 00:00:00.516047,0.8,30,2.75,0.9,84,64,COMPLETE
6077,6077,17920.75,2023-11-15 12:29:28.676558,2023-11-15 12:29:29.189057,0 days 00:00:00.512499,0.8,10,3.0,0.9,17,74,COMPLETE
6078,6078,17745.25,2023-11-15 12:29:29.191173,2023-11-15 12:29:29.726150,0 days 00:00:00.534977,0.9,10,3.0,0.9,23,68,COMPLETE
6079,6079,19260.75,2023-11-15 12:29:29.728189,2023-11-15 12:29:30.235989,0 days 00:00:00.507800,0.8,10,2.75,0.8,14,71,COMPLETE
6080,6080,16898.75,2023-11-15 12:29:30.238640,2023-11-15 12:29:30.748516,0 days 00:00:00.509876,0.8,20,2.5,0.9,21,76,COMPLETE
6081,6081,17460.25,2023-11-15 12:29:30.750720,2023-11-15 12:29:31.264747,0 days 00:00:00.514027,0.8,10,2.0,0.9,10,73,COMPLETE
6082,6082,16731.75,2023-11-15 12:29:31.266903,2023-11-15 12:29:31.795859,0 days 00:00:00.528956,0.8,10,2.25,0.9,18,66,COMPLETE
6083,6083,17825.5,2023-11-15 12:29:31.798220,2023-11-15 12:29:32.313003,0 days 00:00:00.514783,0.8,10,3.0,0.9,20,70,COMPLETE
6084,6084,16711.25,2023-11-15 12:29:32.315296,2023-11-15 12:29:32.852163,0 days 00:00:00.536867,0.8,10,3.0,0.9,26,62,COMPLETE
6085,6085,18586.0,2023-11-15 12:29:32.854963,2023-11-15 12:29:33.372556,0 days 00:00:00.517593,0.7000000000000001,10,3.0,0.9,16,80,COMPLETE
6086,6086,17547.25,2023-11-15 12:29:33.374568,2023-11-15 12:29:33.891465,0 days 00:00:00.516897,0.8,10,3.0,0.9,23,68,COMPLETE
6087,6087,18121.5,2023-11-15 12:29:33.893773,2023-11-15 12:29:34.415974,0 days 00:00:00.522201,0.8,10,2.75,0.9,12,77,COMPLETE
6088,6088,14804.25,2023-11-15 12:29:34.418372,2023-11-15 12:29:34.959958,0 days 00:00:00.541586,0.8,40,3.0,0.9,19,73,COMPLETE
6089,6089,17744.25,2023-11-15 12:29:34.962181,2023-11-15 12:29:35.484120,0 days 00:00:00.521939,0.9,10,3.0,0.9,14,83,COMPLETE
6090,6090,18215.25,2023-11-15 12:29:35.487183,2023-11-15 12:29:36.021859,0 days 00:00:00.534676,0.8,10,2.75,0.9,21,72,COMPLETE
6091,6091,16617.75,2023-11-15 12:29:36.024300,2023-11-15 12:29:36.539964,0 days 00:00:00.515664,0.8,20,3.0,0.9,17,69,COMPLETE
6092,6092,17654.5,2023-11-15 12:29:36.542297,2023-11-15 12:29:37.062299,0 days 00:00:00.520002,0.8,10,3.0,0.9,24,65,COMPLETE
6093,6093,18682.0,2023-11-15 12:29:37.064423,2023-11-15 12:29:37.575322,0 days 00:00:00.510899,0.8,10,3.0,0.9,19,75,COMPLETE
6094,6094,16349.5,2023-11-15 12:29:37.577463,2023-11-15 12:29:38.099424,0 days 00:00:00.521961,0.8,10,3.0,0.9,22,56,COMPLETE
6095,6095,17825.5,2023-11-15 12:29:38.101764,2023-11-15 12:29:38.611318,0 days 00:00:00.509554,0.8,10,2.75,0.9,16,70,COMPLETE
6096,6096,17917.0,2023-11-15 12:29:38.613616,2023-11-15 12:29:39.151198,0 days 00:00:00.537582,0.8,10,3.0,0.9,18,67,COMPLETE
6097,6097,17545.25,2023-11-15 12:29:39.154272,2023-11-15 12:29:39.673429,0 days 00:00:00.519157,0.8,10,2.75,0.9,29,78,COMPLETE
6098,6098,18122.5,2023-11-15 12:29:39.675669,2023-11-15 12:29:40.195354,0 days 00:00:00.519685,0.8,10,3.0,0.9,25,72,COMPLETE
6099,6099,17644.25,2023-11-15 12:29:40.197524,2023-11-15 12:29:40.718346,0 days 00:00:00.520822,0.8,10,3.0,0.8,21,73,COMPLETE
6100,6100,15693.0,2023-11-15 12:29:40.720865,2023-11-15 12:29:41.249754,0 days 00:00:00.528889,0.7000000000000001,10,3.0,0.1,14,64,COMPLETE
6101,6101,13031.5,2023-11-15 12:29:41.252493,2023-11-15 12:29:41.804415,0 days 00:00:00.551922,0.1,10,2.75,0.9,19,69,COMPLETE
6102,6102,16898.75,2023-11-15 12:29:41.806603,2023-11-15 12:29:42.327027,0 days 00:00:00.520424,0.8,20,3.0,0.9,22,76,COMPLETE
6103,6103,17917.0,2023-11-15 12:29:42.329117,2023-11-15 12:29:42.862838,0 days 00:00:00.533721,0.8,10,3.0,0.9,53,67,COMPLETE
6104,6104,19260.75,2023-11-15 12:29:42.865142,2023-11-15 12:29:43.376727,0 days 00:00:00.511585,0.8,10,2.5,0.9,16,71,COMPLETE
6105,6105,16654.0,2023-11-15 12:29:43.379098,2023-11-15 12:29:43.901067,0 days 00:00:00.521969,0.8,10,3.0,0.7000000000000001,24,61,COMPLETE
6106,6106,19260.75,2023-11-15 12:29:43.903667,2023-11-15 12:29:44.415363,0 days 00:00:00.511696,0.9,10,3.0,0.9,20,74,COMPLETE
6107,6107,17825.5,2023-11-15 12:29:44.417452,2023-11-15 12:29:44.942028,0 days 00:00:00.524576,0.8,10,2.75,0.9,17,70,COMPLETE
6108,6108,18121.5,2023-11-15 12:29:44.944080,2023-11-15 12:29:45.460142,0 days 00:00:00.516062,0.8,10,3.0,0.9,12,77,COMPLETE
6109,6109,16719.5,2023-11-15 12:29:45.462282,2023-11-15 12:29:46.006059,0 days 00:00:00.543777,0.8,10,3.0,0.9,27,66,COMPLETE
6110,6110,17920.75,2023-11-15 12:29:46.008748,2023-11-15 12:29:46.525854,0 days 00:00:00.517106,0.8,10,3.0,0.9,22,74,COMPLETE
6111,6111,19260.75,2023-11-15 12:29:46.528321,2023-11-15 12:29:47.046814,0 days 00:00:00.518493,0.8,10,2.75,0.9,19,71,COMPLETE
6112,6112,17642.25,2023-11-15 12:29:47.048962,2023-11-15 12:29:47.565082,0 days 00:00:00.516120,0.8,10,3.0,0.8,14,68,COMPLETE
6113,6113,16827.5,2023-11-15 12:29:47.567321,2023-11-15 12:29:48.094001,0 days 00:00:00.526680,0.8,20,3.0,0.9,17,80,COMPLETE
6114,6114,17920.75,2023-11-15 12:29:48.096157,2023-11-15 12:29:48.612053,0 days 00:00:00.515896,0.8,10,3.0,0.9,23,74,COMPLETE
6115,6115,16818.75,2023-11-15 12:29:48.614456,2023-11-15 12:29:49.140504,0 days 00:00:00.526048,0.8,10,2.75,0.5,20,63,COMPLETE
6116,6116,18973.5,2023-11-15 12:29:49.142770,2023-11-15 12:29:49.677302,0 days 00:00:00.534532,0.7000000000000001,10,3.0,0.9,25,71,COMPLETE
6117,6117,17917.0,2023-11-15 12:29:49.679331,2023-11-15 12:29:50.199933,0 days 00:00:00.520602,0.8,10,3.0,0.9,15,67,COMPLETE
6118,6118,18026.0,2023-11-15 12:29:50.202348,2023-11-15 12:29:50.720680,0 days 00:00:00.518332,0.8,10,2.75,0.9,18,77,COMPLETE
6119,6119,16636.0,2023-11-15 12:29:50.722904,2023-11-15 12:29:51.255883,0 days 00:00:00.532979,0.8,20,3.0,0.9,21,73,COMPLETE
6120,6120,18014.5,2023-11-15 12:29:51.258226,2023-11-15 12:29:51.777119,0 days 00:00:00.518893,0.9,10,2.5,0.9,9,70,COMPLETE
6121,6121,16719.5,2023-11-15 12:29:51.779204,2023-11-15 12:29:52.298072,0 days 00:00:00.518868,0.8,10,3.0,0.9,23,66,COMPLETE
6122,6122,15946.5,2023-11-15 12:29:52.300205,2023-11-15 12:29:52.849108,0 days 00:00:00.548903,0.30000000000000004,10,3.0,0.9,18,50,COMPLETE
6123,6123,18495.5,2023-11-15 12:29:52.851514,2023-11-15 12:29:53.376801,0 days 00:00:00.525287,0.8,10,2.75,0.6,27,75,COMPLETE
6124,6124,17382.25,2023-11-15 12:29:53.378886,2023-11-15 12:29:53.901212,0 days 00:00:00.522326,0.8,10,2.25,0.9,13,69,COMPLETE
6125,6125,17271.75,2023-11-15 12:29:53.904191,2023-11-15 12:29:54.429294,0 days 00:00:00.525103,0.8,10,3.0,0.9,16,59,COMPLETE
6126,6126,9793.25,2023-11-15 12:29:54.431488,2023-11-15 12:29:55.003063,0 days 00:00:00.571575,0.8,100,3.0,0.9,20,63,COMPLETE
6127,6127,17830.5,2023-11-15 12:29:55.005299,2023-11-15 12:29:55.528706,0 days 00:00:00.523407,0.7000000000000001,10,2.75,0.9,21,81,COMPLETE
6128,6128,17931.25,2023-11-15 12:29:55.530806,2023-11-15 12:29:56.050671,0 days 00:00:00.519865,0.8,10,3.0,0.8,24,72,COMPLETE
6129,6129,17453.0,2023-11-15 12:29:56.053822,2023-11-15 12:29:56.595489,0 days 00:00:00.541667,0.8,10,3.0,0.9,18,78,COMPLETE
6130,6130,17547.25,2023-11-15 12:29:56.597725,2023-11-15 12:29:57.116579,0 days 00:00:00.518854,0.8,10,3.0,0.9,15,68,COMPLETE
6131,6131,17188.25,2023-11-15 12:29:57.118923,2023-11-15 12:29:57.654571,0 days 00:00:00.535648,0.8,20,3.0,0.9,11,74,COMPLETE
6132,6132,19260.75,2023-11-15 12:29:57.656820,2023-11-15 12:29:58.176954,0 days 00:00:00.520134,0.8,10,3.0,0.9,22,71,COMPLETE
6133,6133,17194.5,2023-11-15 12:29:58.179056,2023-11-15 12:29:58.698096,0 days 00:00:00.519040,0.9,10,2.75,0.9,26,64,COMPLETE
6134,6134,16923.25,2023-11-15 12:29:58.700170,2023-11-15 12:29:59.234070,0 days 00:00:00.533900,0.8,10,3.0,0.9,20,76,COMPLETE
6135,6135,17115.5,2023-11-15 12:29:59.236809,2023-11-15 12:29:59.776948,0 days 00:00:00.540139,0.8,10,2.75,0.9,17,69,COMPLETE
6136,6136,16719.5,2023-11-15 12:29:59.779092,2023-11-15 12:30:00.307361,0 days 00:00:00.528269,0.8,10,3.0,0.9,19,66,COMPLETE
6137,6137,18122.5,2023-11-15 12:30:00.309862,2023-11-15 12:30:00.827951,0 days 00:00:00.518089,0.8,10,3.0,0.9,23,72,COMPLETE
6138,6138,17732.25,2023-11-15 12:30:00.830411,2023-11-15 12:30:01.356358,0 days 00:00:00.525947,0.7000000000000001,10,2.5,0.9,15,74,COMPLETE
6139,6139,17115.5,2023-11-15 12:30:01.358602,2023-11-15 12:30:01.888281,0 days 00:00:00.529679,0.8,10,3.0,0.9,21,69,COMPLETE
6140,6140,17556.0,2023-11-15 12:30:01.890328,2023-11-15 12:30:02.416256,0 days 00:00:00.525928,0.8,10,3.0,0.8,17,79,COMPLETE
6141,6141,18392.25,2023-11-15 12:30:02.418697,2023-11-15 12:30:02.959459,0 days 00:00:00.540762,0.8,20,2.75,0.9,13,71,COMPLETE
6142,6142,16923.25,2023-11-15 12:30:02.961569,2023-11-15 12:30:03.492865,0 days 00:00:00.531296,0.8,10,3.0,0.9,29,76,COMPLETE
6143,6143,16719.5,2023-11-15 12:30:03.494943,2023-11-15 12:30:04.020869,0 days 00:00:00.525926,0.8,10,3.0,0.9,25,66,COMPLETE
6144,6144,17369.5,2023-11-15 12:30:04.023417,2023-11-15 12:30:04.589205,0 days 00:00:00.565788,0.8,10,3.0,0.9,19,73,COMPLETE
6145,6145,17017.5,2023-11-15 12:30:04.591243,2023-11-15 12:30:05.152482,0 days 00:00:00.561239,0.8,10,2.75,0.9,23,84,COMPLETE
6146,6146,13204.5,2023-11-15 12:30:05.155190,2023-11-15 12:30:05.692134,0 days 00:00:00.536944,0.8,80,3.0,0.9,16,68,COMPLETE
6147,6147,18123.75,2023-11-15 12:30:05.694185,2023-11-15 12:30:06.253960,0 days 00:00:00.559775,0.9,10,2.5,0.9,21,72,COMPLETE
6148,6148,16632.25,2023-11-15 12:30:06.255999,2023-11-15 12:30:06.783746,0 days 00:00:00.527747,0.8,10,3.0,0.9,19,63,COMPLETE
6149,6149,17111.5,2023-11-15 12:30:06.786444,2023-11-15 12:30:07.308103,0 days 00:00:00.521659,0.7000000000000001,10,3.0,0.9,14,69,COMPLETE
6150,6150,17196.25,2023-11-15 12:30:07.310375,2023-11-15 12:30:07.839917,0 days 00:00:00.529542,0.8,10,2.75,0.9,17,76,COMPLETE
6151,6151,14282.5,2023-11-15 12:30:07.841987,2023-11-15 12:30:08.380102,0 days 00:00:00.538115,0.8,50,3.0,0.8,22,66,COMPLETE
6152,6152,18392.25,2023-11-15 12:30:08.382639,2023-11-15 12:30:08.892971,0 days 00:00:00.510332,0.8,20,3.0,0.9,25,71,COMPLETE
6153,6153,17920.75,2023-11-15 12:30:08.895218,2023-11-15 12:30:09.437628,0 days 00:00:00.542410,0.8,10,3.0,0.9,19,74,COMPLETE
6154,6154,17482.25,2023-11-15 12:30:09.439920,2023-11-15 12:30:09.966485,0 days 00:00:00.526565,0.8,10,2.75,0.30000000000000004,16,79,COMPLETE
6155,6155,17115.5,2023-11-15 12:30:09.968602,2023-11-15 12:30:10.494382,0 days 00:00:00.525780,0.8,10,3.0,0.9,20,69,COMPLETE
6156,6156,17920.75,2023-11-15 12:30:10.496481,2023-11-15 12:30:11.015173,0 days 00:00:00.518692,0.8,10,3.0,0.9,23,74,COMPLETE
6157,6157,16726.25,2023-11-15 12:30:11.017363,2023-11-15 12:30:11.542203,0 days 00:00:00.524840,0.8,10,3.0,0.9,11,61,COMPLETE
