,number,value,datetime_start,datetime_complete,duration,params_alpha,params_decay_interval,params_decay_rate,params_gamma,params_initialization,params_max_steps,state
4923,4923,18119.25,2023-11-15 13:39:39.038155,2023-11-15 13:39:39.471765,0 days 00:00:00.433610,0.8,10,1.75,0.7000000000000001,21,100,COMPLETE
4924,4924,18023.5,2023-11-15 13:39:39.473672,2023-11-15 13:39:39.911751,0 days 00:00:00.438079,0.8,10,1.25,0.8,5,98,COMPLETE
4925,4925,17927.25,2023-11-15 13:39:39.913656,2023-11-15 13:39:40.359608,0 days 00:00:00.445952,0.8,10,2.75,0.8,18,95,COMPLETE
4926,4926,18492.5,2023-11-15 13:39:40.361550,2023-11-15 13:39:40.799698,0 days 00:00:00.438148,0.8,10,1.25,0.8,2,100,COMPLETE
4927,4927,16603.75,2023-11-15 13:39:40.801595,2023-11-15 13:39:41.271082,0 days 00:00:00.469487,0.2,10,1.25,0.8,15,97,COMPLETE
4928,4928,18071.5,2023-11-15 13:39:41.285110,2023-11-15 13:39:41.737265,0 days 00:00:00.452155,0.8,10,1.0,0.9,6,98,COMPLETE
4929,4929,18396.25,2023-11-15 13:39:41.739107,2023-11-15 13:39:42.174815,0 days 00:00:00.435708,0.9,10,1.25,0.8,11,93,COMPLETE
4930,4930,18400.5,2023-11-15 13:39:42.176626,2023-11-15 13:39:42.619209,0 days 00:00:00.442583,0.8,10,1.5,0.8,17,100,COMPLETE
4931,4931,16106.5,2023-11-15 13:39:42.621190,2023-11-15 13:39:43.070205,0 days 00:00:00.449015,0.8,50,1.25,0.7000000000000001,19,96,COMPLETE
4932,4932,17225.0,2023-11-15 13:39:43.072228,2023-11-15 13:39:43.523856,0 days 00:00:00.451628,0.8,10,0.25,0.8,13,98,COMPLETE
4933,4933,18681.25,2023-11-15 13:39:43.526053,2023-11-15 13:39:43.961697,0 days 00:00:00.435644,0.8,10,1.25,0.8,23,99,COMPLETE
4934,4934,17188.0,2023-11-15 13:39:43.963541,2023-11-15 13:39:44.433206,0 days 00:00:00.469665,0.6,20,2.0,0.8,21,95,COMPLETE
4935,4935,18488.5,2023-11-15 13:39:44.435019,2023-11-15 13:39:44.871645,0 days 00:00:00.436626,0.7000000000000001,10,1.25,0.8,9,100,COMPLETE
4936,4936,18217.25,2023-11-15 13:39:44.873601,2023-11-15 13:39:45.310201,0 days 00:00:00.436600,0.8,10,1.25,0.9,16,97,COMPLETE
4937,4937,18497.5,2023-11-15 13:39:45.312031,2023-11-15 13:39:45.747535,0 days 00:00:00.435504,0.8,10,1.0,0.8,3,96,COMPLETE
4938,4938,18023.5,2023-11-15 13:39:45.749585,2023-11-15 13:39:46.184944,0 days 00:00:00.435359,0.8,10,1.25,0.8,14,98,COMPLETE
4939,4939,199.5,2023-11-15 13:39:46.187288,2023-11-15 13:39:46.879662,0 days 00:00:00.692374,0.8,10,1.5,0.8,0,100,COMPLETE
4940,4940,13306.0,2023-11-15 13:39:46.882411,2023-11-15 13:39:47.349497,0 days 00:00:00.467086,0.8,90,1.25,0.8,19,98,COMPLETE
4941,4941,18027.25,2023-11-15 13:39:47.351778,2023-11-15 13:39:47.793597,0 days 00:00:00.441819,0.8,10,1.0,0.8,8,94,COMPLETE
4942,4942,18394.5,2023-11-15 13:39:47.795549,2023-11-15 13:39:48.228416,0 days 00:00:00.432867,0.8,10,1.25,0.8,5,96,COMPLETE
4943,4943,17738.5,2023-11-15 13:39:48.230678,2023-11-15 13:39:48.687482,0 days 00:00:00.456804,0.7000000000000001,20,1.25,0.8,17,100,COMPLETE
4944,4944,17212.5,2023-11-15 13:39:48.689415,2023-11-15 13:39:49.142334,0 days 00:00:00.452919,0.30000000000000004,10,1.25,0.7000000000000001,13,98,COMPLETE
4945,4945,18681.25,2023-11-15 13:39:49.144219,2023-11-15 13:39:49.580701,0 days 00:00:00.436482,0.8,10,1.25,0.8,11,99,COMPLETE
4946,4946,18301.5,2023-11-15 13:39:49.583189,2023-11-15 13:39:50.020023,0 days 00:00:00.436834,0.8,10,1.5,0.8,25,96,COMPLETE
4947,4947,16829.0,2023-11-15 13:39:50.022103,2023-11-15 13:39:50.469759,0 days 00:00:00.447656,0.8,40,1.25,0.9,20,94,COMPLETE
4948,4948,18399.5,2023-11-15 13:39:50.471634,2023-11-15 13:39:50.913471,0 days 00:00:00.441837,0.9,10,1.25,0.8,15,100,COMPLETE
4949,4949,18218.0,2023-11-15 13:39:50.915782,2023-11-15 13:39:51.365121,0 days 00:00:00.449339,0.8,10,1.25,0.8,6,97,COMPLETE
4950,4950,18023.5,2023-11-15 13:39:51.367429,2023-11-15 13:39:51.814410,0 days 00:00:00.446981,0.8,10,1.25,0.8,17,98,COMPLETE
4951,4951,17655.25,2023-11-15 13:39:51.816802,2023-11-15 13:39:52.271001,0 days 00:00:00.454199,0.8,10,1.25,0.8,3,91,COMPLETE
4952,4952,17880.5,2023-11-15 13:39:52.272824,2023-11-15 13:39:52.715233,0 days 00:00:00.442409,0.8,10,0.75,0.8,22,100,COMPLETE
4953,4953,17466.25,2023-11-15 13:39:52.717489,2023-11-15 13:39:53.154248,0 days 00:00:00.436759,0.8,20,1.0,0.8,10,97,COMPLETE
4954,4954,18112.5,2023-11-15 13:39:53.156098,2023-11-15 13:39:53.591304,0 days 00:00:00.435206,0.8,10,1.25,0.8,15,95,COMPLETE
4955,4955,18116.0,2023-11-15 13:39:53.593240,2023-11-15 13:39:54.031529,0 days 00:00:00.438289,0.8,10,1.5,0.9,19,99,COMPLETE
4956,4956,17652.25,2023-11-15 13:39:54.033875,2023-11-15 13:39:54.471554,0 days 00:00:00.437679,0.8,10,1.75,0.7000000000000001,8,67,COMPLETE
4957,4957,18023.5,2023-11-15 13:39:54.473460,2023-11-15 13:39:54.917297,0 days 00:00:00.443837,0.8,10,1.25,0.8,17,98,COMPLETE
4958,4958,18398.25,2023-11-15 13:39:54.919988,2023-11-15 13:39:55.354210,0 days 00:00:00.434222,0.8,10,1.25,0.8,13,100,COMPLETE
4959,4959,18301.75,2023-11-15 13:39:55.356055,2023-11-15 13:39:55.817643,0 days 00:00:00.461588,0.8,10,1.25,0.8,20,96,COMPLETE
4960,4960,18127.5,2023-11-15 13:39:55.819620,2023-11-15 13:39:56.262477,0 days 00:00:00.442857,0.7000000000000001,10,1.0,0.8,11,93,COMPLETE
4961,4961,17930.5,2023-11-15 13:39:56.264590,2023-11-15 13:39:56.705448,0 days 00:00:00.440858,0.9,10,1.5,0.8,1,98,COMPLETE
4962,4962,18492.5,2023-11-15 13:39:56.707388,2023-11-15 13:39:57.144862,0 days 00:00:00.437474,0.8,10,1.25,0.8,5,100,COMPLETE
4963,4963,15448.75,2023-11-15 13:39:57.146905,2023-11-15 13:39:57.616831,0 days 00:00:00.469926,0.4,10,1.25,0.2,23,96,COMPLETE
4964,4964,18023.5,2023-11-15 13:39:57.618809,2023-11-15 13:39:58.056460,0 days 00:00:00.437651,0.8,10,1.25,0.8,15,98,COMPLETE
4965,4965,18013.5,2023-11-15 13:39:58.059071,2023-11-15 13:39:58.496112,0 days 00:00:00.437041,0.8,20,1.25,0.8,18,100,COMPLETE
4966,4966,15334.25,2023-11-15 13:39:58.498715,2023-11-15 13:39:58.949450,0 days 00:00:00.450735,0.8,60,1.25,0.8,7,97,COMPLETE
4967,4967,18299.5,2023-11-15 13:39:58.951741,2023-11-15 13:39:59.389110,0 days 00:00:00.437369,0.8,10,2.25,0.8,28,94,COMPLETE
4968,4968,18209.5,2023-11-15 13:39:59.390920,2023-11-15 13:39:59.846321,0 days 00:00:00.455401,0.8,10,1.25,0.7000000000000001,12,98,COMPLETE
4969,4969,18594.75,2023-11-15 13:39:59.849079,2023-11-15 13:40:00.290965,0 days 00:00:00.441886,0.8,10,1.0,0.8,4,96,COMPLETE
4970,4970,18492.5,2023-11-15 13:40:00.292866,2023-11-15 13:40:00.732434,0 days 00:00:00.439568,0.8,10,1.25,0.8,14,100,COMPLETE
4971,4971,18303.75,2023-11-15 13:40:00.734253,2023-11-15 13:40:01.175936,0 days 00:00:00.441683,0.7000000000000001,10,1.5,0.9,20,98,COMPLETE
4972,4972,17837.25,2023-11-15 13:40:01.177736,2023-11-15 13:40:01.627151,0 days 00:00:00.449415,0.8,10,1.25,0.8,17,95,COMPLETE
4973,4973,18399.5,2023-11-15 13:40:01.629110,2023-11-15 13:40:02.074956,0 days 00:00:00.445846,0.8,10,1.25,0.6,9,100,COMPLETE
4974,4974,18211.25,2023-11-15 13:40:02.076873,2023-11-15 13:40:02.521363,0 days 00:00:00.444490,0.5,10,1.25,0.8,2,97,COMPLETE
4975,4975,18022.0,2023-11-15 13:40:02.523174,2023-11-15 13:40:02.987420,0 days 00:00:00.464246,0.8,10,1.0,0.8,22,98,COMPLETE
4976,4976,18681.25,2023-11-15 13:40:02.989419,2023-11-15 13:40:03.423566,0 days 00:00:00.434147,0.8,10,1.25,0.8,15,99,COMPLETE
4977,4977,14963.25,2023-11-15 13:40:03.425610,2023-11-15 13:40:03.864428,0 days 00:00:00.438818,0.9,10,1.25,0.9,19,32,COMPLETE
4978,4978,17937.0,2023-11-15 13:40:03.866935,2023-11-15 13:40:04.307182,0 days 00:00:00.440247,0.8,20,1.5,0.8,7,94,COMPLETE
4979,4979,18301.75,2023-11-15 13:40:04.309163,2023-11-15 13:40:04.747844,0 days 00:00:00.438681,0.8,10,1.25,0.7000000000000001,11,96,COMPLETE
4980,4980,18310.75,2023-11-15 13:40:04.749819,2023-11-15 13:40:05.189593,0 days 00:00:00.439774,0.8,10,1.25,0.8,25,92,COMPLETE
4981,4981,18238.5,2023-11-15 13:40:05.191636,2023-11-15 13:40:05.636655,0 days 00:00:00.445019,0.8,10,1.0,0.8,32,100,COMPLETE
4982,4982,17830.75,2023-11-15 13:40:05.638535,2023-11-15 13:40:06.103529,0 days 00:00:00.464994,0.7000000000000001,20,1.25,0.8,16,98,COMPLETE
4983,4983,17842.25,2023-11-15 13:40:06.105334,2023-11-15 13:40:06.544104,0 days 00:00:00.438770,0.8,10,1.75,0.8,13,80,COMPLETE
4984,4984,18300.25,2023-11-15 13:40:06.546151,2023-11-15 13:40:06.988226,0 days 00:00:00.442075,0.8,10,2.5,0.8,4,96,COMPLETE
4985,4985,18398.25,2023-11-15 13:40:06.990264,2023-11-15 13:40:07.430321,0 days 00:00:00.440057,0.8,10,1.25,0.8,18,100,COMPLETE
4986,4986,18305.25,2023-11-15 13:40:07.432750,2023-11-15 13:40:07.878139,0 days 00:00:00.445389,0.8,10,1.5,0.8,21,98,COMPLETE
4987,4987,18218.0,2023-11-15 13:40:07.880266,2023-11-15 13:40:08.321089,0 days 00:00:00.440823,0.8,10,1.25,0.8,6,97,COMPLETE
4988,4988,18493.0,2023-11-15 13:40:08.323017,2023-11-15 13:40:08.766063,0 days 00:00:00.443046,0.9,10,1.25,0.8,9,99,COMPLETE
4989,4989,17389.5,2023-11-15 13:40:08.768355,2023-11-15 13:40:09.215311,0 days 00:00:00.446956,0.8,20,0.5,0.9,16,95,COMPLETE
4990,4990,18492.5,2023-11-15 13:40:09.217272,2023-11-15 13:40:09.673521,0 days 00:00:00.456249,0.8,10,1.25,0.8,14,100,COMPLETE
4991,4991,16201.5,2023-11-15 13:40:09.675548,2023-11-15 13:40:10.126029,0 days 00:00:00.450481,0.8,50,1.25,0.8,0,98,COMPLETE
4992,4992,18301.75,2023-11-15 13:40:10.127912,2023-11-15 13:40:10.565842,0 days 00:00:00.437930,0.8,10,1.25,0.8,19,96,COMPLETE
4993,4993,18238.5,2023-11-15 13:40:10.567894,2023-11-15 13:40:11.006914,0 days 00:00:00.439020,0.8,10,1.0,0.8,2,100,COMPLETE
4994,4994,18490.25,2023-11-15 13:40:11.008878,2023-11-15 13:40:11.450142,0 days 00:00:00.441264,0.8,10,1.25,0.7000000000000001,11,94,COMPLETE
4995,4995,18398.5,2023-11-15 13:40:11.452052,2023-11-15 13:40:11.913108,0 days 00:00:00.461056,0.8,10,1.5,0.8,17,98,COMPLETE
4996,4996,18218.0,2023-11-15 13:40:11.915853,2023-11-15 13:40:12.360837,0 days 00:00:00.444984,0.8,10,1.25,0.8,21,97,COMPLETE
4997,4997,18306.25,2023-11-15 13:40:12.362936,2023-11-15 13:40:12.809947,0 days 00:00:00.447011,0.8,10,1.25,0.9,13,100,COMPLETE
4998,4998,18296.75,2023-11-15 13:40:12.811938,2023-11-15 13:40:13.273254,0 days 00:00:00.461316,0.7000000000000001,10,1.25,0.8,5,98,COMPLETE
4999,4999,18301.75,2023-11-15 13:40:13.275174,2023-11-15 13:40:13.718233,0 days 00:00:00.443059,0.8,10,1.25,0.8,23,96,COMPLETE
5000,5000,18681.25,2023-11-15 13:40:13.720558,2023-11-15 13:40:14.155212,0 days 00:00:00.434654,0.8,10,1.25,0.8,8,99,COMPLETE
5001,5001,18212.75,2023-11-15 13:40:14.157413,2023-11-15 13:40:14.605890,0 days 00:00:00.448477,0.8,10,1.5,0.8,16,94,COMPLETE
5002,5002,18122.5,2023-11-15 13:40:14.607793,2023-11-15 13:40:15.048927,0 days 00:00:00.441134,0.8,10,1.25,0.8,19,97,COMPLETE
5003,5003,18361.0,2023-11-15 13:40:15.051099,2023-11-15 13:40:15.492733,0 days 00:00:00.441634,0.9,10,1.0,0.8,3,100,COMPLETE
5004,5004,17579.25,2023-11-15 13:40:15.494699,2023-11-15 13:40:15.941526,0 days 00:00:00.446827,0.8,10,1.25,0.8,94,98,COMPLETE
5005,5005,18202.0,2023-11-15 13:40:15.943341,2023-11-15 13:40:16.399182,0 days 00:00:00.455841,0.8,20,1.25,0.8,12,96,COMPLETE
5006,5006,18301.75,2023-11-15 13:40:16.401207,2023-11-15 13:40:16.848161,0 days 00:00:00.446954,0.8,10,1.5,0.7000000000000001,14,92,COMPLETE
5007,5007,18311.0,2023-11-15 13:40:16.850850,2023-11-15 13:40:17.301887,0 days 00:00:00.451037,0.6,10,1.25,0.8,18,100,COMPLETE
5008,5008,18208.5,2023-11-15 13:40:17.303987,2023-11-15 13:40:17.744774,0 days 00:00:00.440787,0.8,10,1.25,0.5,9,98,COMPLETE
5009,5009,17830.75,2023-11-15 13:40:17.746826,2023-11-15 13:40:18.192400,0 days 00:00:00.445574,0.8,10,1.0,0.30000000000000004,6,95,COMPLETE
5010,5010,17275.0,2023-11-15 13:40:18.194344,2023-11-15 13:40:18.637078,0 days 00:00:00.442734,0.8,30,1.25,0.8,21,100,COMPLETE
5011,5011,18265.25,2023-11-15 13:40:18.638990,2023-11-15 13:40:19.076658,0 days 00:00:00.437668,0.8,10,1.25,0.9,16,98,COMPLETE
5012,5012,18394.5,2023-11-15 13:40:19.078746,2023-11-15 13:40:19.536874,0 days 00:00:00.458128,0.8,10,1.25,0.8,10,96,COMPLETE
5013,5013,18023.5,2023-11-15 13:40:19.538732,2023-11-15 13:40:19.980501,0 days 00:00:00.441769,0.8,10,1.25,0.8,14,98,COMPLETE
5014,5014,18305.75,2023-11-15 13:40:19.983068,2023-11-15 13:40:20.425817,0 days 00:00:00.442749,0.8,10,1.5,0.8,25,100,COMPLETE
5015,5015,18397.25,2023-11-15 13:40:20.427753,2023-11-15 13:40:20.870818,0 days 00:00:00.443065,0.9,10,1.25,0.8,4,94,COMPLETE
5016,5016,17920.5,2023-11-15 13:40:20.872764,2023-11-15 13:40:21.318613,0 days 00:00:00.445849,0.7000000000000001,20,1.75,0.8,18,97,COMPLETE
5017,5017,18331.5,2023-11-15 13:40:21.320596,2023-11-15 13:40:21.767390,0 days 00:00:00.446794,0.8,10,1.0,0.9,2,99,COMPLETE
5018,5018,18394.5,2023-11-15 13:40:21.769323,2023-11-15 13:40:22.218858,0 days 00:00:00.449535,0.8,10,1.25,0.8,7,96,COMPLETE
5019,5019,18209.5,2023-11-15 13:40:22.220798,2023-11-15 13:40:22.691720,0 days 00:00:00.470922,0.8,10,1.25,0.7000000000000001,20,98,COMPLETE
5020,5020,18492.5,2023-11-15 13:40:22.693522,2023-11-15 13:40:23.133848,0 days 00:00:00.440326,0.8,10,1.25,0.8,12,100,COMPLETE
5021,5021,18307.0,2023-11-15 13:40:23.135713,2023-11-15 13:40:23.570960,0 days 00:00:00.435247,0.8,10,1.25,0.8,16,90,COMPLETE
5022,5022,18207.75,2023-11-15 13:40:23.572904,2023-11-15 13:40:24.012781,0 days 00:00:00.439877,0.8,10,1.25,0.8,15,93,COMPLETE
5023,5023,18497.5,2023-11-15 13:40:24.015396,2023-11-15 13:40:24.456306,0 days 00:00:00.440910,0.8,10,1.0,0.8,18,96,COMPLETE
5024,5024,17925.0,2023-11-15 13:40:24.458222,2023-11-15 13:40:24.905280,0 days 00:00:00.447058,0.8,20,1.5,0.8,10,98,COMPLETE
5025,5025,18494.25,2023-11-15 13:40:24.907188,2023-11-15 13:40:25.350863,0 days 00:00:00.443675,0.8,10,2.0,0.8,22,100,COMPLETE
5026,5026,14579.25,2023-11-15 13:40:25.352899,2023-11-15 13:40:25.833805,0 days 00:00:00.480906,0.8,70,1.25,0.8,5,97,COMPLETE
5027,5027,18681.25,2023-11-15 13:40:25.836180,2023-11-15 13:40:26.274804,0 days 00:00:00.438624,0.8,10,1.25,0.8,13,99,COMPLETE
5028,5028,17838.25,2023-11-15 13:40:26.276612,2023-11-15 13:40:26.721108,0 days 00:00:00.444496,0.9,10,1.25,0.8,20,95,COMPLETE
5029,5029,16478.0,2023-11-15 13:40:26.723351,2023-11-15 13:40:27.168954,0 days 00:00:00.445603,0.7000000000000001,10,1.25,0.9,17,55,COMPLETE
5030,5030,18309.0,2023-11-15 13:40:27.170889,2023-11-15 13:40:27.621946,0 days 00:00:00.451057,0.8,10,1.0,0.7000000000000001,2,100,COMPLETE
5031,5031,199.5,2023-11-15 13:40:27.623909,2023-11-15 13:40:28.268644,0 days 00:00:00.644735,0.8,10,1.5,0.8,0,82,COMPLETE
5032,5032,18218.0,2023-11-15 13:40:28.270664,2023-11-15 13:40:28.714250,0 days 00:00:00.443586,0.8,10,1.25,0.8,23,97,COMPLETE
5033,5033,18023.5,2023-11-15 13:40:28.716997,2023-11-15 13:40:29.164285,0 days 00:00:00.447288,0.8,10,1.25,0.8,8,98,COMPLETE
5034,5034,17005.25,2023-11-15 13:40:29.166480,2023-11-15 13:40:29.640496,0 days 00:00:00.474016,0.8,20,1.25,0.8,14,95,COMPLETE
5035,5035,18492.5,2023-11-15 13:40:29.642324,2023-11-15 13:40:30.089698,0 days 00:00:00.447374,0.8,10,1.25,0.8,12,100,COMPLETE
5036,5036,18117.5,2023-11-15 13:40:30.091667,2023-11-15 13:40:30.541649,0 days 00:00:00.449982,0.8,10,1.25,0.9,19,98,COMPLETE
5037,5037,18394.5,2023-11-15 13:40:30.543914,2023-11-15 13:40:30.985125,0 days 00:00:00.441211,0.8,10,1.25,0.8,16,96,COMPLETE
5038,5038,18022.0,2023-11-15 13:40:30.987141,2023-11-15 13:40:31.429487,0 days 00:00:00.442346,0.8,10,1.0,0.8,6,98,COMPLETE
5039,5039,18207.75,2023-11-15 13:40:31.431958,2023-11-15 13:40:31.880312,0 days 00:00:00.448354,0.8,10,1.25,0.8,4,93,COMPLETE
5040,5040,10889.25,2023-11-15 13:40:31.882857,2023-11-15 13:40:32.423790,0 days 00:00:00.540933,0.2,10,1.25,0.1,27,100,COMPLETE
5041,5041,18311.75,2023-11-15 13:40:32.425713,2023-11-15 13:40:32.886913,0 days 00:00:00.461200,0.8,10,1.5,0.8,21,97,COMPLETE
5042,5042,18399.0,2023-11-15 13:40:32.888833,2023-11-15 13:40:33.335679,0 days 00:00:00.446846,0.8,10,1.25,0.8,11,100,COMPLETE
5043,5043,17561.0,2023-11-15 13:40:33.337981,2023-11-15 13:40:33.785026,0 days 00:00:00.447045,0.8,10,1.0,0.8,17,95,COMPLETE
5044,5044,18029.25,2023-11-15 13:40:33.786916,2023-11-15 13:40:34.240118,0 days 00:00:00.453202,0.7000000000000001,10,1.25,0.6,15,98,COMPLETE
5045,5045,17651.25,2023-11-15 13:40:34.241931,2023-11-15 13:40:34.691911,0 days 00:00:00.449980,0.9,20,1.25,0.7000000000000001,38,99,COMPLETE
5046,5046,18395.25,2023-11-15 13:40:34.693779,2023-11-15 13:40:35.143003,0 days 00:00:00.449224,0.8,10,1.5,0.8,8,96,COMPLETE
5047,5047,18023.5,2023-11-15 13:40:35.144941,2023-11-15 13:40:35.587761,0 days 00:00:00.442820,0.8,10,1.25,0.8,18,98,COMPLETE
5048,5048,18400.0,2023-11-15 13:40:35.589726,2023-11-15 13:40:36.031787,0 days 00:00:00.442061,0.8,10,1.25,0.9,14,94,COMPLETE
5049,5049,18210.75,2023-11-15 13:40:36.033628,2023-11-15 13:40:36.504718,0 days 00:00:00.471090,0.8,10,1.75,0.8,3,100,COMPLETE
5050,5050,18122.5,2023-11-15 13:40:36.506782,2023-11-15 13:40:36.961312,0 days 00:00:00.454530,0.8,10,1.25,0.8,19,97,COMPLETE
5051,5051,15828.5,2023-11-15 13:40:36.963203,2023-11-15 13:40:37.405885,0 days 00:00:00.442682,0.8,20,1.0,0.8,23,46,COMPLETE
5052,5052,18492.5,2023-11-15 13:40:37.407939,2023-11-15 13:40:37.851517,0 days 00:00:00.443578,0.8,10,1.25,0.8,10,100,COMPLETE
5053,5053,18301.5,2023-11-15 13:40:37.854142,2023-11-15 13:40:38.296325,0 days 00:00:00.442183,0.8,10,1.5,0.8,12,96,COMPLETE
5054,5054,18209.5,2023-11-15 13:40:38.298961,2023-11-15 13:40:38.745359,0 days 00:00:00.446398,0.8,10,1.25,0.7000000000000001,6,98,COMPLETE
5055,5055,18491.25,2023-11-15 13:40:38.747407,2023-11-15 13:40:39.202208,0 days 00:00:00.454801,0.7000000000000001,10,1.25,0.8,16,99,COMPLETE
5056,5056,100.0,2023-11-15 13:40:39.204125,2023-11-15 13:40:39.906617,0 days 00:00:00.702492,0.8,10,1.25,0.8,0,95,COMPLETE
5057,5057,18023.5,2023-11-15 13:40:39.908600,2023-11-15 13:40:40.355935,0 days 00:00:00.447335,0.8,10,1.25,0.8,21,98,COMPLETE
5058,5058,18492.75,2023-11-15 13:40:40.358248,2023-11-15 13:40:40.805063,0 days 00:00:00.446815,0.8,10,1.25,0.9,17,100,COMPLETE
5059,5059,18122.0,2023-11-15 13:40:40.806889,2023-11-15 13:40:41.261945,0 days 00:00:00.455056,0.9,10,1.0,0.8,14,97,COMPLETE
5060,5060,13758.5,2023-11-15 13:40:41.264923,2023-11-15 13:40:41.738887,0 days 00:00:00.473964,0.8,80,1.25,0.8,7,93,COMPLETE
5061,5061,12250.0,2023-11-15 13:40:41.741131,2023-11-15 13:40:42.187163,0 days 00:00:00.446032,0.8,10,1.5,0.8,4,21,COMPLETE
5062,5062,17564.25,2023-11-15 13:40:42.188993,2023-11-15 13:40:42.640713,0 days 00:00:00.451720,0.8,20,1.25,0.8,25,75,COMPLETE
5063,5063,18492.5,2023-11-15 13:40:42.642688,2023-11-15 13:40:43.090929,0 days 00:00:00.448241,0.8,10,1.25,0.8,20,100,COMPLETE
5064,5064,18301.5,2023-11-15 13:40:43.092768,2023-11-15 13:40:43.544496,0 days 00:00:00.451728,0.8,10,1.5,0.8,18,96,COMPLETE
5065,5065,18023.5,2023-11-15 13:40:43.546850,2023-11-15 13:40:44.020033,0 days 00:00:00.473183,0.8,10,1.25,0.8,9,98,COMPLETE
5066,5066,18303.75,2023-11-15 13:40:44.021988,2023-11-15 13:40:44.471684,0 days 00:00:00.449696,0.7000000000000001,10,1.25,0.8,2,98,COMPLETE
5067,5067,17746.5,2023-11-15 13:40:44.473711,2023-11-15 13:40:44.922794,0 days 00:00:00.449083,0.8,10,1.25,0.7000000000000001,15,95,COMPLETE
5068,5068,15941.75,2023-11-15 13:40:44.924763,2023-11-15 13:40:45.382064,0 days 00:00:00.457301,0.9,40,1.75,0.8,83,100,COMPLETE
5069,5069,18218.25,2023-11-15 13:40:45.384064,2023-11-15 13:40:45.833583,0 days 00:00:00.449519,0.8,10,1.25,0.9,11,97,COMPLETE
5070,5070,17947.75,2023-11-15 13:40:45.835474,2023-11-15 13:40:46.279514,0 days 00:00:00.444040,0.8,20,1.25,0.8,16,92,COMPLETE
5071,5071,18213.5,2023-11-15 13:40:46.282305,2023-11-15 13:40:46.728687,0 days 00:00:00.446382,0.8,10,1.0,0.8,13,100,COMPLETE
5072,5072,18023.5,2023-11-15 13:40:46.731105,2023-11-15 13:40:47.177003,0 days 00:00:00.445898,0.8,10,1.25,0.8,22,98,COMPLETE
5073,5073,18301.75,2023-11-15 13:40:47.190729,2023-11-15 13:40:47.641994,0 days 00:00:00.451265,0.8,10,1.25,0.8,19,96,COMPLETE
5074,5074,18486.25,2023-11-15 13:40:47.643890,2023-11-15 13:40:48.086802,0 days 00:00:00.442912,0.8,10,1.25,0.8,5,94,COMPLETE
5075,5075,18322.0,2023-11-15 13:40:48.088809,2023-11-15 13:40:48.537040,0 days 00:00:00.448231,0.8,10,1.0,0.8,24,99,COMPLETE
5076,5076,18400.75,2023-11-15 13:40:48.538936,2023-11-15 13:40:48.982793,0 days 00:00:00.443857,0.8,10,1.5,0.7000000000000001,9,97,COMPLETE
5077,5077,18399.0,2023-11-15 13:40:48.984755,2023-11-15 13:40:49.428398,0 days 00:00:00.443643,0.8,10,1.25,0.8,17,100,COMPLETE
5078,5078,18209.5,2023-11-15 13:40:49.430421,2023-11-15 13:40:49.884717,0 days 00:00:00.454296,0.9,10,1.25,0.8,13,98,COMPLETE
5079,5079,18394.5,2023-11-15 13:40:49.886676,2023-11-15 13:40:50.333681,0 days 00:00:00.447005,0.8,10,1.25,0.8,7,96,COMPLETE
5080,5080,17557.0,2023-11-15 13:40:50.336270,2023-11-15 13:40:50.804760,0 days 00:00:00.468490,0.7000000000000001,20,1.25,0.9,69,100,COMPLETE
5081,5081,18023.5,2023-11-15 13:40:50.806656,2023-11-15 13:40:51.258031,0 days 00:00:00.451375,0.8,10,1.25,0.8,3,98,COMPLETE
5082,5082,17362.5,2023-11-15 13:40:51.259903,2023-11-15 13:40:51.710123,0 days 00:00:00.450220,0.8,10,1.25,0.8,21,58,COMPLETE
5083,5083,18298.0,2023-11-15 13:40:51.711939,2023-11-15 13:40:52.158949,0 days 00:00:00.447010,0.8,10,1.0,0.8,15,94,COMPLETE
5084,5084,15242.75,2023-11-15 13:40:52.160913,2023-11-15 13:40:52.618644,0 days 00:00:00.457731,0.8,60,1.5,0.4,19,96,COMPLETE
5085,5085,18023.5,2023-11-15 13:40:52.620499,2023-11-15 13:40:53.073678,0 days 00:00:00.453179,0.8,10,1.25,0.8,11,98,COMPLETE
5086,5086,18494.25,2023-11-15 13:40:53.075697,2023-11-15 13:40:53.525630,0 days 00:00:00.449933,0.8,10,2.0,0.8,17,100,COMPLETE
5087,5087,18218.0,2023-11-15 13:40:53.527505,2023-11-15 13:40:53.974961,0 days 00:00:00.447456,0.8,10,1.25,0.8,1,97,COMPLETE
5088,5088,18209.75,2023-11-15 13:40:53.977017,2023-11-15 13:40:54.448620,0 days 00:00:00.471603,0.8,10,1.5,0.8,5,99,COMPLETE
5089,5089,17475.0,2023-11-15 13:40:54.450475,2023-11-15 13:40:54.914215,0 days 00:00:00.463740,0.8,10,1.25,0.2,14,95,COMPLETE
5090,5090,18214.25,2023-11-15 13:40:54.916404,2023-11-15 13:40:55.372469,0 days 00:00:00.456065,0.8,10,1.25,0.8,48,100,COMPLETE
5091,5091,17933.5,2023-11-15 13:40:55.374381,2023-11-15 13:40:55.827891,0 days 00:00:00.453510,0.8,10,1.25,0.5,19,98,COMPLETE
