,number,value,datetime_start,datetime_complete,duration,params_alpha,params_decay_interval,params_decay_rate,params_gamma,params_initialization,params_max_steps,state
7013,7013,17841.0,2023-11-15 12:38:20.274061,2023-11-15 12:38:20.851127,0 days 00:00:00.577066,0.8,10,2.75,0.5,11,73,COMPLETE
7014,7014,17917.0,2023-11-15 12:38:20.853587,2023-11-15 12:38:21.430277,0 days 00:00:00.576690,0.8,10,3.0,0.9,20,67,COMPLETE
7015,7015,14713.5,2023-11-15 12:38:21.433291,2023-11-15 12:38:22.048915,0 days 00:00:00.615624,0.8,10,0.25,0.9,16,52,COMPLETE
7016,7016,16803.75,2023-11-15 12:38:22.052020,2023-11-15 12:38:22.662459,0 days 00:00:00.610439,0.8,20,3.0,0.9,22,91,COMPLETE
7017,7017,16632.25,2023-11-15 12:38:22.664933,2023-11-15 12:38:23.254974,0 days 00:00:00.590041,0.8,10,2.75,0.9,19,63,COMPLETE
7018,7018,16923.25,2023-11-15 12:38:23.257308,2023-11-15 12:38:23.846338,0 days 00:00:00.589030,0.8,10,3.0,0.9,25,76,COMPLETE
7019,7019,16413.25,2023-11-15 12:38:23.848661,2023-11-15 12:38:24.441055,0 days 00:00:00.592394,0.7000000000000001,10,2.75,0.1,14,70,COMPLETE
7020,7020,18122.5,2023-11-15 12:38:24.443283,2023-11-15 12:38:25.026037,0 days 00:00:00.582754,0.8,10,3.0,0.9,17,72,COMPLETE
7021,7021,17098.25,2023-11-15 12:38:25.028317,2023-11-15 12:38:25.628925,0 days 00:00:00.600608,0.8,10,2.5,0.9,21,60,COMPLETE
7022,7022,17547.25,2023-11-15 12:38:25.631392,2023-11-15 12:38:26.213106,0 days 00:00:00.581714,0.8,10,3.0,0.9,31,68,COMPLETE
7023,7023,17831.25,2023-11-15 12:38:26.215347,2023-11-15 12:38:26.796481,0 days 00:00:00.581134,0.8,10,3.0,0.8,9,81,COMPLETE
7024,7024,18682.0,2023-11-15 12:38:26.798762,2023-11-15 12:38:27.378315,0 days 00:00:00.579553,0.8,10,3.0,0.9,23,75,COMPLETE
7025,7025,17631.75,2023-11-15 12:38:27.380570,2023-11-15 12:38:27.994034,0 days 00:00:00.613464,0.8,20,3.0,0.9,19,65,COMPLETE
7026,7026,19260.75,2023-11-15 12:38:28.004999,2023-11-15 12:38:28.604618,0 days 00:00:00.599619,0.9,10,2.75,0.9,26,71,COMPLETE
7027,7027,17830.25,2023-11-15 12:38:28.607131,2023-11-15 12:38:29.196514,0 days 00:00:00.589383,0.8,10,2.5,0.9,17,86,COMPLETE
7028,7028,16801.25,2023-11-15 12:38:29.198943,2023-11-15 12:38:29.796840,0 days 00:00:00.597897,0.8,10,0.5,0.9,21,69,COMPLETE
7029,7029,12059.25,2023-11-15 12:38:29.799114,2023-11-15 12:38:30.434340,0 days 00:00:00.635226,0.8,80,3.0,0.9,15,78,COMPLETE
7030,7030,18031.75,2023-11-15 12:38:30.437160,2023-11-15 12:38:31.052959,0 days 00:00:00.615799,0.8,10,3.0,0.9,24,110,COMPLETE
7031,7031,17369.5,2023-11-15 12:38:31.055319,2023-11-15 12:38:31.648039,0 days 00:00:00.592720,0.8,10,3.0,0.9,19,73,COMPLETE
7032,7032,17080.5,2023-11-15 12:38:31.650399,2023-11-15 12:38:32.247938,0 days 00:00:00.597539,0.7000000000000001,10,3.0,0.9,22,66,COMPLETE
7033,7033,18682.0,2023-11-15 12:38:32.250920,2023-11-15 12:38:32.839350,0 days 00:00:00.588430,0.8,10,2.75,0.9,13,75,COMPLETE
7034,7034,18392.25,2023-11-15 12:38:32.841674,2023-11-15 12:38:33.434285,0 days 00:00:00.592611,0.8,20,3.0,0.9,17,70,COMPLETE
7035,7035,18493.75,2023-11-15 12:38:33.437476,2023-11-15 12:38:34.022226,0 days 00:00:00.584750,0.6,10,2.75,0.9,20,72,COMPLETE
7036,7036,17547.25,2023-11-15 12:38:34.024516,2023-11-15 12:38:34.636062,0 days 00:00:00.611546,0.8,10,3.0,0.9,29,68,COMPLETE
7037,7037,17453.0,2023-11-15 12:38:34.638385,2023-11-15 12:38:35.227378,0 days 00:00:00.588993,0.8,10,3.0,0.9,15,78,COMPLETE
7038,7038,16661.0,2023-11-15 12:38:35.229845,2023-11-15 12:38:35.819403,0 days 00:00:00.589558,0.8,10,3.0,0.8,18,64,COMPLETE
7039,7039,17920.75,2023-11-15 12:38:35.821624,2023-11-15 12:38:36.412558,0 days 00:00:00.590934,0.8,10,2.75,0.9,23,74,COMPLETE
7040,7040,17745.25,2023-11-15 12:38:36.414938,2023-11-15 12:38:37.007215,0 days 00:00:00.592277,0.9,10,3.0,0.9,26,68,COMPLETE
7041,7041,19260.75,2023-11-15 12:38:37.009741,2023-11-15 12:38:37.590256,0 days 00:00:00.580515,0.8,10,2.25,0.9,12,71,COMPLETE
7042,7042,16289.5,2023-11-15 12:38:37.592715,2023-11-15 12:38:38.221233,0 days 00:00:00.628518,0.7000000000000001,30,3.0,0.9,20,76,COMPLETE
7043,7043,16711.25,2023-11-15 12:38:38.223509,2023-11-15 12:38:38.818703,0 days 00:00:00.595194,0.8,10,3.0,0.9,15,62,COMPLETE
7044,7044,11213.75,2023-11-15 12:38:38.821038,2023-11-15 12:38:39.444906,0 days 00:00:00.623868,0.8,100,3.0,0.9,18,73,COMPLETE
7045,7045,16814.75,2023-11-15 12:38:39.447377,2023-11-15 12:38:40.036498,0 days 00:00:00.589121,0.5,10,2.75,0.9,22,66,COMPLETE
7046,7046,18392.25,2023-11-15 12:38:40.038750,2023-11-15 12:38:40.624098,0 days 00:00:00.585348,0.8,20,3.0,0.9,24,70,COMPLETE
7047,7047,17833.0,2023-11-15 12:38:40.626408,2023-11-15 12:38:41.231213,0 days 00:00:00.604805,0.8,10,3.0,0.9,20,80,COMPLETE
7048,7048,18682.0,2023-11-15 12:38:41.233898,2023-11-15 12:38:41.819989,0 days 00:00:00.586091,0.8,10,2.75,0.9,17,75,COMPLETE
7049,7049,17115.5,2023-11-15 12:38:41.822476,2023-11-15 12:38:42.409811,0 days 00:00:00.587335,0.8,10,3.0,0.9,27,69,COMPLETE
7050,7050,18123.75,2023-11-15 12:38:42.412139,2023-11-15 12:38:42.999278,0 days 00:00:00.587139,0.9,10,2.5,0.9,21,72,COMPLETE
7051,7051,17642.25,2023-11-15 12:38:43.002476,2023-11-15 12:38:43.584338,0 days 00:00:00.581862,0.8,10,3.0,0.8,40,68,COMPLETE
7052,7052,17654.5,2023-11-15 12:38:43.587206,2023-11-15 12:38:44.161784,0 days 00:00:00.574578,0.8,10,3.0,0.9,16,65,COMPLETE
7053,7053,17016.25,2023-11-15 12:38:44.164165,2023-11-15 12:38:44.775491,0 days 00:00:00.611326,0.8,10,3.0,0.9,13,76,COMPLETE
7054,7054,17275.25,2023-11-15 12:38:44.777770,2023-11-15 12:38:45.371240,0 days 00:00:00.593470,0.8,20,2.75,0.9,24,72,COMPLETE
7055,7055,17360.25,2023-11-15 12:38:45.373749,2023-11-15 12:38:45.961558,0 days 00:00:00.587809,0.8,10,3.0,0.9,19,78,COMPLETE
7056,7056,17825.5,2023-11-15 12:38:45.963985,2023-11-15 12:38:46.542736,0 days 00:00:00.578751,0.8,10,3.0,0.9,22,70,COMPLETE
7057,7057,18021.75,2023-11-15 12:38:46.544940,2023-11-15 12:38:47.131066,0 days 00:00:00.586126,0.7000000000000001,10,3.0,0.7000000000000001,17,74,COMPLETE
7058,7058,17176.0,2023-11-15 12:38:47.133925,2023-11-15 12:38:47.740302,0 days 00:00:00.606377,0.8,10,2.75,0.9,19,58,COMPLETE
7059,7059,16903.25,2023-11-15 12:38:47.742620,2023-11-15 12:38:48.342497,0 days 00:00:00.599877,0.8,10,3.0,0.6,15,66,COMPLETE
7060,7060,16711.25,2023-11-15 12:38:48.344774,2023-11-15 12:38:48.935159,0 days 00:00:00.590385,0.8,10,3.0,0.9,21,62,COMPLETE
7061,7061,19260.75,2023-11-15 12:38:48.937500,2023-11-15 12:38:49.527734,0 days 00:00:00.590234,0.8,10,3.0,0.9,10,71,COMPLETE
7062,7062,17547.25,2023-11-15 12:38:49.530217,2023-11-15 12:38:50.113701,0 days 00:00:00.583484,0.8,10,2.75,0.9,24,68,COMPLETE
7063,7063,17920.75,2023-11-15 12:38:50.116101,2023-11-15 12:38:50.702940,0 days 00:00:00.586839,0.8,10,3.0,0.9,18,74,COMPLETE
7064,7064,17644.0,2023-11-15 12:38:50.705304,2023-11-15 12:38:51.312779,0 days 00:00:00.607475,0.8,10,3.0,0.9,22,82,COMPLETE
7065,7065,16898.75,2023-11-15 12:38:51.315276,2023-11-15 12:38:51.911149,0 days 00:00:00.595873,0.8,20,2.75,0.9,15,76,COMPLETE
7066,7066,19260.75,2023-11-15 12:38:51.913426,2023-11-15 12:38:52.494844,0 days 00:00:00.581418,0.8,10,3.0,0.8,20,71,COMPLETE
7067,7067,16633.0,2023-11-15 12:38:52.497299,2023-11-15 12:38:53.094738,0 days 00:00:00.597439,0.9,10,3.0,0.9,17,66,COMPLETE
7068,7068,17462.25,2023-11-15 12:38:53.097035,2023-11-15 12:38:53.708868,0 days 00:00:00.611833,0.8,10,2.5,0.9,26,73,COMPLETE
7069,7069,17547.25,2023-11-15 12:38:53.711185,2023-11-15 12:38:54.301533,0 days 00:00:00.590348,0.8,10,2.75,0.9,13,68,COMPLETE
7070,7070,17456.5,2023-11-15 12:38:54.304265,2023-11-15 12:38:54.893494,0 days 00:00:00.589229,0.7000000000000001,10,3.0,0.9,23,78,COMPLETE
7071,7071,17825.5,2023-11-15 12:38:54.895766,2023-11-15 12:38:55.486008,0 days 00:00:00.590242,0.8,10,3.0,0.9,19,70,COMPLETE
7072,7072,17654.5,2023-11-15 12:38:55.488328,2023-11-15 12:38:56.077736,0 days 00:00:00.589408,0.8,10,3.0,0.9,29,65,COMPLETE
7073,7073,17369.5,2023-11-15 12:38:56.080092,2023-11-15 12:38:56.669677,0 days 00:00:00.589585,0.8,10,3.0,0.9,20,73,COMPLETE
7074,7074,17378.25,2023-11-15 12:38:56.672624,2023-11-15 12:38:57.286539,0 days 00:00:00.613915,0.8,10,2.75,0.9,16,76,COMPLETE
7075,7075,16617.75,2023-11-15 12:38:57.288794,2023-11-15 12:38:57.881978,0 days 00:00:00.593184,0.8,20,3.0,0.9,22,69,COMPLETE
7076,7076,16632.25,2023-11-15 12:38:57.884785,2023-11-15 12:38:58.478546,0 days 00:00:00.593761,0.8,10,3.0,0.9,25,63,COMPLETE
7077,7077,17125.25,2023-11-15 12:38:58.480853,2023-11-15 12:38:59.080075,0 days 00:00:00.599222,0.30000000000000004,10,2.25,0.9,18,72,COMPLETE
7078,7078,17917.0,2023-11-15 12:38:59.082461,2023-11-15 12:38:59.673916,0 days 00:00:00.591455,0.8,10,3.0,0.9,14,67,COMPLETE
7079,7079,18020.5,2023-11-15 12:38:59.676178,2023-11-15 12:39:00.272160,0 days 00:00:00.595982,0.8,10,2.75,0.8,21,80,COMPLETE
7080,7080,17920.75,2023-11-15 12:39:00.274418,2023-11-15 12:39:00.874718,0 days 00:00:00.600300,0.8,10,3.0,0.9,11,74,COMPLETE
7081,7081,18012.75,2023-11-15 12:39:00.877231,2023-11-15 12:39:01.470760,0 days 00:00:00.593529,0.9,10,2.75,0.9,17,70,COMPLETE
7082,7082,17547.25,2023-11-15 12:39:01.473078,2023-11-15 12:39:02.060410,0 days 00:00:00.587332,0.8,10,3.0,0.9,19,68,COMPLETE
7083,7083,15867.75,2023-11-15 12:39:02.063251,2023-11-15 12:39:02.655015,0 days 00:00:00.591764,0.7000000000000001,10,3.0,0.30000000000000004,24,55,COMPLETE
7084,7084,16923.25,2023-11-15 12:39:02.657395,2023-11-15 12:39:03.258252,0 days 00:00:00.600857,0.8,10,3.0,0.9,27,76,COMPLETE
7085,7085,17275.25,2023-11-15 12:39:03.260748,2023-11-15 12:39:03.857677,0 days 00:00:00.596929,0.8,20,3.0,0.9,15,72,COMPLETE
7086,7086,17014.0,2023-11-15 12:39:03.860032,2023-11-15 12:39:04.452374,0 days 00:00:00.592342,0.8,10,2.75,0.9,21,64,COMPLETE
7087,7087,17825.5,2023-11-15 12:39:04.454723,2023-11-15 12:39:05.070231,0 days 00:00:00.615508,0.8,10,3.0,0.9,18,70,COMPLETE
7088,7088,17828.0,2023-11-15 12:39:05.072542,2023-11-15 12:39:05.662114,0 days 00:00:00.589572,0.8,10,2.5,0.9,23,74,COMPLETE
7089,7089,17917.0,2023-11-15 12:39:05.664406,2023-11-15 12:39:06.261304,0 days 00:00:00.596898,0.8,10,3.0,0.9,16,67,COMPLETE
7090,7090,17546.25,2023-11-15 12:39:06.263567,2023-11-15 12:39:06.858172,0 days 00:00:00.594605,0.8,10,3.0,0.8,20,78,COMPLETE
7091,7091,18026.25,2023-11-15 12:39:06.860553,2023-11-15 12:39:07.462974,0 days 00:00:00.602421,0.9,10,2.75,0.9,13,72,COMPLETE
7092,7092,16711.25,2023-11-15 12:39:07.465311,2023-11-15 12:39:08.076535,0 days 00:00:00.611224,0.8,10,3.0,0.9,22,62,COMPLETE
7093,7093,17115.5,2023-11-15 12:39:08.078993,2023-11-15 12:39:08.744288,0 days 00:00:00.665295,0.8,10,3.0,0.9,18,69,COMPLETE
7094,7094,17190.0,2023-11-15 12:39:08.746553,2023-11-15 12:39:09.408085,0 days 00:00:00.661532,0.8,20,2.75,0.9,24,75,COMPLETE
7095,7095,16719.5,2023-11-15 12:39:09.411901,2023-11-15 12:39:10.047475,0 days 00:00:00.635574,0.8,10,3.0,0.9,26,66,COMPLETE
7096,7096,15672.5,2023-11-15 12:39:10.049776,2023-11-15 12:39:10.728026,0 days 00:00:00.678250,0.8,50,3.0,0.9,16,71,COMPLETE
7097,7097,17461.25,2023-11-15 12:39:10.730648,2023-11-15 12:39:11.428774,0 days 00:00:00.698126,0.8,10,3.0,0.9,20,60,COMPLETE
7098,7098,19260.75,2023-11-15 12:39:11.431126,2023-11-15 12:39:12.073993,0 days 00:00:00.642867,0.7000000000000001,10,3.0,0.8,14,76,COMPLETE
7099,7099,17549.75,2023-11-15 12:39:12.076256,2023-11-15 12:39:12.719710,0 days 00:00:00.643454,0.8,10,2.5,0.9,19,68,COMPLETE
7100,7100,17739.5,2023-11-15 12:39:12.722112,2023-11-15 12:39:13.395217,0 days 00:00:00.673105,0.8,10,2.75,0.9,23,81,COMPLETE
7101,7101,17369.5,2023-11-15 12:39:13.397519,2023-11-15 12:39:14.228966,0 days 00:00:00.831447,0.8,10,3.0,0.9,21,73,COMPLETE
7102,7102,19260.75,2023-11-15 12:39:14.231361,2023-11-15 12:39:15.032971,0 days 00:00:00.801610,0.8,10,2.0,0.9,17,71,COMPLETE
7103,7103,12202.25,2023-11-15 12:39:15.036116,2023-11-15 12:39:15.780777,0 days 00:00:00.744661,0.8,60,3.0,0.9,12,64,COMPLETE
7104,7104,17360.25,2023-11-15 12:39:15.788071,2023-11-15 12:39:16.481512,0 days 00:00:00.693441,0.8,10,3.0,0.9,32,78,COMPLETE
7105,7105,17188.25,2023-11-15 12:39:16.484028,2023-11-15 12:39:17.167352,0 days 00:00:00.683324,0.8,20,3.0,0.9,19,74,COMPLETE
7106,7106,17547.25,2023-11-15 12:39:17.170251,2023-11-15 12:39:17.808627,0 days 00:00:00.638376,0.8,10,2.75,0.9,15,68,COMPLETE
7107,7107,16376.5,2023-11-15 12:39:17.811100,2023-11-15 12:39:18.459453,0 days 00:00:00.648353,0.9,10,3.0,0.9,25,36,COMPLETE
7108,7108,12575.75,2023-11-15 12:39:18.461698,2023-11-15 12:39:19.126350,0 days 00:00:00.664652,0.8,90,3.0,0.9,22,71,COMPLETE
7109,7109,16719.5,2023-11-15 12:39:19.128599,2023-11-15 12:39:19.766535,0 days 00:00:00.637936,0.8,10,2.75,0.9,28,66,COMPLETE
7110,7110,18121.5,2023-11-15 12:39:19.769800,2023-11-15 12:39:20.405108,0 days 00:00:00.635308,0.8,10,3.0,0.9,17,77,COMPLETE
7111,7111,17369.5,2023-11-15 12:39:20.407977,2023-11-15 12:39:21.098891,0 days 00:00:00.690914,0.8,10,3.0,0.9,21,73,COMPLETE
7112,7112,19260.75,2023-11-15 12:39:21.101728,2023-11-15 12:39:21.731425,0 days 00:00:00.629697,0.8,10,3.0,0.9,19,71,COMPLETE
7113,7113,17282.75,2023-11-15 12:39:21.734198,2023-11-15 12:39:22.386215,0 days 00:00:00.652017,0.8,10,2.25,0.9,23,84,COMPLETE
7114,7114,16708.0,2023-11-15 12:39:22.388868,2023-11-15 12:39:23.036111,0 days 00:00:00.647243,0.7000000000000001,20,2.75,0.9,8,69,COMPLETE
7115,7115,17748.75,2023-11-15 12:39:23.038613,2023-11-15 12:39:23.685059,0 days 00:00:00.646446,0.8,10,2.5,0.8,14,65,COMPLETE
7116,7116,17920.75,2023-11-15 12:39:23.687947,2023-11-15 12:39:24.372881,0 days 00:00:00.684934,0.8,10,3.0,0.9,17,74,COMPLETE
7117,7117,17115.5,2023-11-15 12:39:24.375366,2023-11-15 12:39:25.014711,0 days 00:00:00.639345,0.8,10,3.0,0.9,20,69,COMPLETE
7118,7118,17453.0,2023-11-15 12:39:25.017319,2023-11-15 12:39:25.653500,0 days 00:00:00.636181,0.8,10,3.0,0.9,18,78,COMPLETE
7119,7119,16642.5,2023-11-15 12:39:25.655944,2023-11-15 12:39:26.303585,0 days 00:00:00.647641,0.9,10,2.75,0.9,26,73,COMPLETE
7120,7120,17917.0,2023-11-15 12:39:26.306220,2023-11-15 12:39:26.936199,0 days 00:00:00.629979,0.8,10,3.0,0.9,11,67,COMPLETE
7121,7121,14389.75,2023-11-15 12:39:26.938489,2023-11-15 12:39:27.631184,0 days 00:00:00.692695,0.4,40,1.0,0.9,16,76,COMPLETE
7122,7122,17825.5,2023-11-15 12:39:27.633920,2023-11-15 12:39:28.275076,0 days 00:00:00.641156,0.8,10,3.0,0.9,24,70,COMPLETE
7123,7123,16919.75,2023-11-15 12:39:28.277754,2023-11-15 12:39:28.947562,0 days 00:00:00.669808,0.7000000000000001,10,3.0,0.9,21,64,COMPLETE
7124,7124,15680.5,2023-11-15 12:39:28.950666,2023-11-15 12:39:29.712853,0 days 00:00:00.762187,0.8,10,2.75,0.9,19,41,COMPLETE
7125,7125,17644.25,2023-11-15 12:39:29.715548,2023-11-15 12:39:30.497325,0 days 00:00:00.781777,0.8,10,3.0,0.8,22,73,COMPLETE
7126,7126,16388.0,2023-11-15 12:39:30.499921,2023-11-15 12:39:31.243167,0 days 00:00:00.743246,0.6,10,3.0,0.9,15,60,COMPLETE
7127,7127,15899.75,2023-11-15 12:39:31.245492,2023-11-15 12:39:31.902747,0 days 00:00:00.657255,0.8,20,3.0,0.9,13,68,COMPLETE
7128,7128,19260.75,2023-11-15 12:39:31.905387,2023-11-15 12:39:32.552017,0 days 00:00:00.646630,0.8,10,2.75,0.9,17,71,COMPLETE
7129,7129,18682.0,2023-11-15 12:39:32.556053,2023-11-15 12:39:33.195725,0 days 00:00:00.639672,0.8,10,3.0,0.9,24,75,COMPLETE
7130,7130,17833.0,2023-11-15 12:39:33.198015,2023-11-15 12:39:33.837905,0 days 00:00:00.639890,0.8,10,3.0,0.9,20,80,COMPLETE
7131,7131,16719.5,2023-11-15 12:39:33.840176,2023-11-15 12:39:34.505074,0 days 00:00:00.664898,0.8,10,2.75,0.9,18,66,COMPLETE
7132,7132,17825.5,2023-11-15 12:39:34.507431,2023-11-15 12:39:35.146892,0 days 00:00:00.639461,0.8,10,3.0,0.9,22,70,COMPLETE
7133,7133,18682.0,2023-11-15 12:39:35.150083,2023-11-15 12:39:35.782612,0 days 00:00:00.632529,0.8,10,3.0,0.9,15,75,COMPLETE
7134,7134,16607.75,2023-11-15 12:39:35.785602,2023-11-15 12:39:36.436617,0 days 00:00:00.651015,0.8,20,3.0,0.9,26,62,COMPLETE
7135,7135,18215.25,2023-11-15 12:39:36.439018,2023-11-15 12:39:37.079890,0 days 00:00:00.640872,0.8,10,2.75,0.9,20,72,COMPLETE
7136,7136,17455.75,2023-11-15 12:39:37.082361,2023-11-15 12:39:37.746483,0 days 00:00:00.664122,0.9,10,3.0,0.9,18,67,COMPLETE
7137,7137,17230.25,2023-11-15 12:39:37.749236,2023-11-15 12:39:38.393908,0 days 00:00:00.644672,0.7000000000000001,10,3.0,0.8,84,77,COMPLETE
7138,7138,17826.25,2023-11-15 12:39:38.396396,2023-11-15 12:39:39.029518,0 days 00:00:00.633122,0.8,10,2.5,0.9,30,70,COMPLETE
7139,7139,17840.25,2023-11-15 12:39:39.031822,2023-11-15 12:39:39.679382,0 days 00:00:00.647560,0.8,10,2.75,0.5,23,74,COMPLETE
7140,7140,14592.5,2023-11-15 12:39:39.681880,2023-11-15 12:39:40.335172,0 days 00:00:00.653292,0.8,30,3.0,0.9,16,65,COMPLETE
7141,7141,17115.5,2023-11-15 12:39:40.337497,2023-11-15 12:39:40.996544,0 days 00:00:00.659047,0.8,10,3.0,0.9,21,69,COMPLETE
7142,7142,17369.5,2023-11-15 12:39:40.998928,2023-11-15 12:39:41.641113,0 days 00:00:00.642185,0.8,10,3.0,0.9,13,73,COMPLETE
7143,7143,17360.25,2023-11-15 12:39:41.643553,2023-11-15 12:39:42.278397,0 days 00:00:00.634844,0.8,10,3.0,0.9,19,78,COMPLETE
7144,7144,18392.25,2023-11-15 12:39:42.280677,2023-11-15 12:39:42.915086,0 days 00:00:00.634409,0.8,20,3.0,0.9,25,71,COMPLETE
7145,7145,17917.0,2023-11-15 12:39:42.918244,2023-11-15 12:39:43.557372,0 days 00:00:00.639128,0.8,10,2.75,0.9,16,67,COMPLETE
7146,7146,2956.75,2023-11-15 12:39:43.559685,2023-11-15 12:39:44.310010,0 days 00:00:00.750325,0.8,10,3.0,0.6,22,10,COMPLETE
7147,7147,17739.5,2023-11-15 12:39:44.313629,2023-11-15 12:39:45.105548,0 days 00:00:00.791919,0.8,10,2.75,0.9,18,81,COMPLETE
7148,7148,18682.0,2023-11-15 12:39:45.108243,2023-11-15 12:39:45.787947,0 days 00:00:00.679704,0.8,10,3.0,0.9,28,75,COMPLETE
7149,7149,17194.5,2023-11-15 12:39:45.790513,2023-11-15 12:39:46.426990,0 days 00:00:00.636477,0.9,10,3.0,0.9,20,64,COMPLETE
7150,7150,17305.0,2023-11-15 12:39:46.430454,2023-11-15 12:39:47.078499,0 days 00:00:00.648045,0.8,10,3.0,0.4,24,71,COMPLETE
7151,7151,17115.5,2023-11-15 12:39:47.081095,2023-11-15 12:39:47.734870,0 days 00:00:00.653775,0.8,10,3.0,0.9,12,69,COMPLETE
7152,7152,17369.5,2023-11-15 12:39:47.737462,2023-11-15 12:39:48.367917,0 days 00:00:00.630455,0.8,10,2.75,0.9,14,73,COMPLETE
7153,7153,17137.75,2023-11-15 12:39:48.370399,2023-11-15 12:39:49.004771,0 days 00:00:00.634372,0.8,10,2.5,0.8,94,77,COMPLETE
7154,7154,17832.75,2023-11-15 12:39:49.007548,2023-11-15 12:39:49.641069,0 days 00:00:00.633521,0.7000000000000001,10,2.25,0.9,73,67,COMPLETE
7155,7155,18392.25,2023-11-15 12:39:49.643344,2023-11-15 12:39:50.282904,0 days 00:00:00.639560,0.8,20,3.0,0.7000000000000001,17,71,COMPLETE
7156,7156,16632.25,2023-11-15 12:39:50.285691,2023-11-15 12:39:50.965674,0 days 00:00:00.679983,0.8,10,3.0,0.9,21,63,COMPLETE
7157,7157,18682.0,2023-11-15 12:39:50.968810,2023-11-15 12:39:51.596332,0 days 00:00:00.627522,0.8,10,3.0,0.9,23,75,COMPLETE
7158,7158,17383.0,2023-11-15 12:39:51.598725,2023-11-15 12:39:52.235845,0 days 00:00:00.637120,0.8,10,2.0,0.9,19,69,COMPLETE
7159,7159,17188.25,2023-11-15 12:39:52.238245,2023-11-15 12:39:52.869820,0 days 00:00:00.631575,0.8,10,2.75,0.9,16,73,COMPLETE
7160,7160,16719.5,2023-11-15 12:39:52.872047,2023-11-15 12:39:53.513386,0 days 00:00:00.641339,0.8,10,3.0,0.9,21,66,COMPLETE
7161,7161,17369.25,2023-11-15 12:39:53.517582,2023-11-15 12:39:54.178033,0 days 00:00:00.660451,0.8,10,3.0,0.9,18,79,COMPLETE
7162,7162,17115.5,2023-11-15 12:39:54.181117,2023-11-15 12:39:54.824328,0 days 00:00:00.643211,0.8,10,3.0,0.9,25,69,COMPLETE
7163,7163,16827.5,2023-11-15 12:39:54.826789,2023-11-15 12:39:55.457616,0 days 00:00:00.630827,0.9,20,3.0,0.9,27,72,COMPLETE
7164,7164,17196.25,2023-11-15 12:39:55.460438,2023-11-15 12:39:56.104678,0 days 00:00:00.644240,0.8,10,2.75,0.9,10,76,COMPLETE
7165,7165,17920.5,2023-11-15 12:39:56.106980,2023-11-15 12:39:56.738636,0 days 00:00:00.631656,0.7000000000000001,10,3.0,0.9,14,67,COMPLETE
7166,7166,17186.0,2023-11-15 12:39:56.740939,2023-11-15 12:39:57.440649,0 days 00:00:00.699710,0.8,10,2.75,0.9,23,73,COMPLETE
7167,7167,16995.75,2023-11-15 12:39:57.443053,2023-11-15 12:39:58.105744,0 days 00:00:00.662691,0.8,10,2.5,0.8,20,61,COMPLETE
7168,7168,17825.5,2023-11-15 12:39:58.108104,2023-11-15 12:39:58.771204,0 days 00:00:00.663100,0.8,10,3.0,0.9,17,70,COMPLETE
7169,7169,13312.5,2023-11-15 12:39:58.775350,2023-11-15 12:39:59.587178,0 days 00:00:00.811828,0.1,10,3.0,0.9,15,65,COMPLETE
7170,7170,18682.0,2023-11-15 12:39:59.590615,2023-11-15 12:40:00.352389,0 days 00:00:00.761774,0.8,10,3.0,0.9,20,75,COMPLETE
7171,7171,19260.75,2023-11-15 12:40:00.355933,2023-11-15 12:40:01.042138,0 days 00:00:00.686205,0.8,10,3.0,0.9,22,71,COMPLETE
7172,7172,14531.25,2023-11-15 12:40:01.044402,2023-11-15 12:40:01.696140,0 days 00:00:00.651738,0.2,10,2.75,0.9,19,57,COMPLETE
7173,7173,16552.25,2023-11-15 12:40:01.699196,2023-11-15 12:40:02.352692,0 days 00:00:00.653496,0.8,20,3.0,0.9,100,82,COMPLETE
7174,7174,17547.25,2023-11-15 12:40:02.355251,2023-11-15 12:40:02.997940,0 days 00:00:00.642689,0.8,10,3.0,0.9,17,68,COMPLETE
7175,7175,17545.25,2023-11-15 12:40:03.000272,2023-11-15 12:40:03.639850,0 days 00:00:00.639578,0.8,10,2.75,0.9,25,78,COMPLETE
7176,7176,17369.5,2023-11-15 12:40:03.642501,2023-11-15 12:40:04.308552,0 days 00:00:00.666051,0.8,10,3.0,0.9,12,73,COMPLETE
7177,7177,16919.75,2023-11-15 12:40:04.311188,2023-11-15 12:40:04.946791,0 days 00:00:00.635603,0.7000000000000001,10,3.0,0.9,22,64,COMPLETE
7178,7178,17115.5,2023-11-15 12:40:04.949325,2023-11-15 12:40:05.595667,0 days 00:00:00.646342,0.8,10,3.0,0.9,15,69,COMPLETE
7179,7179,16911.75,2023-11-15 12:40:05.598399,2023-11-15 12:40:06.255982,0 days 00:00:00.657583,0.9,10,2.75,0.9,18,76,COMPLETE
7180,7180,18122.5,2023-11-15 12:40:06.258257,2023-11-15 12:40:06.902127,0 days 00:00:00.643870,0.8,10,3.0,0.9,20,72,COMPLETE
7181,7181,13471.75,2023-11-15 12:40:06.904705,2023-11-15 12:40:07.582352,0 days 00:00:00.677647,0.8,80,3.0,0.8,24,67,COMPLETE
7182,7182,17920.75,2023-11-15 12:40:07.585425,2023-11-15 12:40:08.228896,0 days 00:00:00.643471,0.8,10,3.0,0.9,27,74,COMPLETE
7183,7183,17826.25,2023-11-15 12:40:08.231342,2023-11-15 12:40:08.859316,0 days 00:00:00.627974,0.8,10,2.5,0.9,16,70,COMPLETE
