,number,value,datetime_start,datetime_complete,duration,params_alpha,params_decay_interval,params_decay_rate,params_gamma,params_initialization,params_max_steps,state
6281,6281,15435.0,2023-11-15 11:15:51.986925,2023-11-15 11:15:52.552756,0 days 00:00:00.565831,0.2,20,0.5,0.6,7,143,COMPLETE
6282,6282,19261.0,2023-11-15 11:15:52.555420,2023-11-15 11:15:53.090516,0 days 00:00:00.535096,0.2,10,0.75,0.9,2,147,COMPLETE
6283,6283,3263.5,2023-11-15 11:15:53.092553,2023-11-15 11:15:53.787790,0 days 00:00:00.695237,0.2,10,1.0,0.9,73,138,COMPLETE
6284,6284,19017.5,2023-11-15 11:15:53.789895,2023-11-15 11:15:54.328049,0 days 00:00:00.538154,0.30000000000000004,10,0.75,0.9,4,142,COMPLETE
6285,6285,14830.0,2023-11-15 11:15:54.330210,2023-11-15 11:15:54.900448,0 days 00:00:00.570238,0.1,70,0.75,0.9,0,150,COMPLETE
6286,6286,19261.0,2023-11-15 11:15:54.902683,2023-11-15 11:15:55.454211,0 days 00:00:00.551528,0.2,10,0.75,0.9,2,147,COMPLETE
6287,6287,18972.0,2023-11-15 11:15:55.456425,2023-11-15 11:15:55.998783,0 days 00:00:00.542358,0.2,10,0.75,0.8,5,145,COMPLETE
6288,6288,19166.0,2023-11-15 11:15:56.001644,2023-11-15 11:15:56.542923,0 days 00:00:00.541279,0.2,10,1.25,0.9,0,140,COMPLETE
6289,6289,18786.0,2023-11-15 11:15:56.545204,2023-11-15 11:15:57.089060,0 days 00:00:00.543856,0.1,10,0.75,0.9,8,145,COMPLETE
6290,6290,12139.0,2023-11-15 11:15:57.091208,2023-11-15 11:15:57.684729,0 days 00:00:00.593521,0.2,10,1.0,0.5,3,143,COMPLETE
6291,6291,18837.5,2023-11-15 11:15:57.686858,2023-11-15 11:15:58.219732,0 days 00:00:00.532874,0.2,10,0.75,0.9,0,133,COMPLETE
6292,6292,13088.75,2023-11-15 11:15:58.221807,2023-11-15 11:15:58.832331,0 days 00:00:00.610524,0.2,10,0.75,0.4,12,148,COMPLETE
6293,6293,18301.75,2023-11-15 11:15:58.835039,2023-11-15 11:15:59.369687,0 days 00:00:00.534648,0.1,20,1.25,0.9,6,150,COMPLETE
6294,6294,18295.75,2023-11-15 11:15:59.372571,2023-11-15 11:15:59.905771,0 days 00:00:00.533200,0.2,10,0.75,0.9,2,47,COMPLETE
6295,6295,17697.5,2023-11-15 11:15:59.907929,2023-11-15 11:16:00.489810,0 days 00:00:00.581881,0.6,10,0.75,0.9,5,141,COMPLETE
6296,6296,16745.5,2023-11-15 11:16:00.492150,2023-11-15 11:16:01.045974,0 days 00:00:00.553824,0.2,10,0.5,0.8,42,145,COMPLETE
6297,6297,19161.25,2023-11-15 11:16:01.048197,2023-11-15 11:16:01.588170,0 days 00:00:00.539973,0.30000000000000004,10,0.75,0.9,2,137,COMPLETE
6298,6298,19172.25,2023-11-15 11:16:01.590413,2023-11-15 11:16:02.140530,0 days 00:00:00.550117,0.2,10,1.0,0.9,0,147,COMPLETE
6299,6299,19091.75,2023-11-15 11:16:02.142693,2023-11-15 11:16:02.681128,0 days 00:00:00.538435,0.1,10,0.75,0.9,4,143,COMPLETE
6300,6300,19261.0,2023-11-15 11:16:02.683980,2023-11-15 11:16:03.212751,0 days 00:00:00.528771,0.2,10,0.75,0.9,2,147,COMPLETE
6301,6301,19261.0,2023-11-15 11:16:03.215248,2023-11-15 11:16:03.757153,0 days 00:00:00.541905,0.2,10,0.75,0.9,0,140,COMPLETE
6302,6302,18277.0,2023-11-15 11:16:03.759334,2023-11-15 11:16:04.302115,0 days 00:00:00.542781,0.2,20,0.75,0.9,4,110,COMPLETE
6303,6303,18873.0,2023-11-15 11:16:04.304288,2023-11-15 11:16:04.854275,0 days 00:00:00.549987,0.2,10,1.0,0.9,9,150,COMPLETE
6304,6304,19069.0,2023-11-15 11:16:04.856536,2023-11-15 11:16:05.424921,0 days 00:00:00.568385,0.1,10,0.25,0.8,2,145,COMPLETE
6305,6305,17544.25,2023-11-15 11:16:05.427039,2023-11-15 11:16:05.957220,0 days 00:00:00.530181,0.2,10,0.75,0.9,6,33,COMPLETE
6306,6306,18979.0,2023-11-15 11:16:05.959454,2023-11-15 11:16:06.507223,0 days 00:00:00.547769,0.2,10,0.5,0.9,0,122,COMPLETE
6307,6307,13464.75,2023-11-15 11:16:06.509492,2023-11-15 11:16:07.111834,0 days 00:00:00.602342,0.2,10,0.75,0.7000000000000001,31,143,COMPLETE
6308,6308,16044.75,2023-11-15 11:16:07.113944,2023-11-15 11:16:07.677043,0 days 00:00:00.563099,0.30000000000000004,10,0.75,0.6,3,147,COMPLETE
6309,6309,18985.25,2023-11-15 11:16:07.679166,2023-11-15 11:16:08.218878,0 days 00:00:00.539712,0.2,10,0.75,0.9,4,138,COMPLETE
6310,6310,19171.75,2023-11-15 11:16:08.221612,2023-11-15 11:16:08.780494,0 days 00:00:00.558882,0.1,10,0.75,0.9,0,142,COMPLETE
6311,6311,18331.5,2023-11-15 11:16:08.782710,2023-11-15 11:16:09.340518,0 days 00:00:00.557808,0.2,10,0.75,0.9,53,150,COMPLETE
6312,6312,19359.75,2023-11-15 11:16:09.342773,2023-11-15 11:16:09.887677,0 days 00:00:00.544904,0.2,10,1.25,0.9,2,145,COMPLETE
6313,6313,15782.0,2023-11-15 11:16:09.889877,2023-11-15 11:16:10.454093,0 days 00:00:00.564216,0.2,10,1.0,0.5,7,147,COMPLETE
6314,6314,17930.25,2023-11-15 11:16:10.456318,2023-11-15 11:16:11.016602,0 days 00:00:00.560284,0.1,20,1.5,0.8,2,141,COMPLETE
6315,6315,19359.75,2023-11-15 11:16:11.019266,2023-11-15 11:16:11.559823,0 days 00:00:00.540557,0.2,10,0.75,0.9,4,145,COMPLETE
6316,6316,18923.0,2023-11-15 11:16:11.562015,2023-11-15 11:16:12.125911,0 days 00:00:00.563896,0.2,10,0.75,0.9,0,135,COMPLETE
6317,6317,14471.25,2023-11-15 11:16:12.128176,2023-11-15 11:16:12.697990,0 days 00:00:00.569814,0.2,80,1.25,0.9,6,148,COMPLETE
6318,6318,18992.75,2023-11-15 11:16:12.700898,2023-11-15 11:16:13.251371,0 days 00:00:00.550473,0.30000000000000004,10,0.75,0.9,2,143,COMPLETE
6319,6319,19076.5,2023-11-15 11:16:13.253572,2023-11-15 11:16:13.795376,0 days 00:00:00.541804,0.1,10,0.75,0.9,0,139,COMPLETE
6320,6320,19164.25,2023-11-15 11:16:13.797535,2023-11-15 11:16:14.343158,0 days 00:00:00.545623,0.2,10,0.5,0.9,3,150,COMPLETE
6321,6321,14511.0,2023-11-15 11:16:14.345545,2023-11-15 11:16:14.922591,0 days 00:00:00.577046,0.2,10,1.0,0.7000000000000001,24,145,COMPLETE
6322,6322,13986.75,2023-11-15 11:16:14.924846,2023-11-15 11:16:15.518657,0 days 00:00:00.593811,0.2,10,0.75,0.4,5,141,COMPLETE
6323,6323,12889.25,2023-11-15 11:16:15.520824,2023-11-15 11:16:16.118488,0 days 00:00:00.597664,0.2,10,0.75,0.30000000000000004,8,147,COMPLETE
6324,6324,18299.75,2023-11-15 11:16:16.120552,2023-11-15 11:16:16.667757,0 days 00:00:00.547205,0.1,20,2.0,0.9,10,143,COMPLETE
6325,6325,15599.25,2023-11-15 11:16:16.670248,2023-11-15 11:16:17.229489,0 days 00:00:00.559241,0.2,60,0.75,0.2,0,150,COMPLETE
6326,6326,17215.5,2023-11-15 11:16:17.232317,2023-11-15 11:16:17.838658,0 days 00:00:00.606341,0.5,10,0.25,0.8,2,145,COMPLETE
6327,6327,19161.25,2023-11-15 11:16:17.840839,2023-11-15 11:16:18.376181,0 days 00:00:00.535342,0.2,10,1.0,0.9,4,138,COMPLETE
6328,6328,19261.0,2023-11-15 11:16:18.378405,2023-11-15 11:16:18.923053,0 days 00:00:00.544648,0.1,10,0.75,0.9,2,147,COMPLETE
6329,6329,19261.0,2023-11-15 11:16:18.925172,2023-11-15 11:16:19.458009,0 days 00:00:00.532837,0.2,10,0.75,0.9,0,142,COMPLETE
6330,6330,19169.0,2023-11-15 11:16:19.460260,2023-11-15 11:16:19.988744,0 days 00:00:00.528484,0.2,10,1.25,0.9,4,147,COMPLETE
6331,6331,17465.5,2023-11-15 11:16:19.991001,2023-11-15 11:16:20.540357,0 days 00:00:00.549356,0.30000000000000004,30,0.75,0.9,6,144,COMPLETE
6332,6332,19261.0,2023-11-15 11:16:20.542542,2023-11-15 11:16:21.074474,0 days 00:00:00.531932,0.2,10,0.5,0.9,2,140,COMPLETE
6333,6333,19163.75,2023-11-15 11:16:21.076665,2023-11-15 11:16:21.613320,0 days 00:00:00.536655,0.2,10,0.75,0.9,0,150,COMPLETE
6334,6334,17674.25,2023-11-15 11:16:21.615949,2023-11-15 11:16:22.194436,0 days 00:00:00.578487,0.1,10,0.75,0.9,69,145,COMPLETE
6335,6335,18267.5,2023-11-15 11:16:22.196517,2023-11-15 11:16:22.745280,0 days 00:00:00.548763,0.2,20,1.0,0.9,2,142,COMPLETE
6336,6336,19359.75,2023-11-15 11:16:22.747432,2023-11-15 11:16:23.281452,0 days 00:00:00.534020,0.2,10,0.75,0.8,4,148,COMPLETE
6337,6337,13559.5,2023-11-15 11:16:23.284251,2023-11-15 11:16:23.858102,0 days 00:00:00.573851,0.2,90,0.75,0.6,0,136,COMPLETE
6338,6338,19350.75,2023-11-15 11:16:23.860291,2023-11-15 11:16:24.397382,0 days 00:00:00.537091,0.1,10,0.75,0.9,6,145,COMPLETE
6339,6339,12003.75,2023-11-15 11:16:24.400160,2023-11-15 11:16:25.006282,0 days 00:00:00.606122,0.2,10,0.75,0.5,2,140,COMPLETE
6340,6340,17315.0,2023-11-15 11:16:25.008495,2023-11-15 11:16:25.594358,0 days 00:00:00.585863,0.2,10,0.75,0.9,92,147,COMPLETE
6341,6341,11077.25,2023-11-15 11:16:25.596449,2023-11-15 11:16:26.211617,0 days 00:00:00.615168,0.2,10,1.0,0.9,98,143,COMPLETE
6342,6342,19163.5,2023-11-15 11:16:26.213855,2023-11-15 11:16:26.762640,0 days 00:00:00.548785,0.30000000000000004,10,1.25,0.9,4,150,COMPLETE
6343,6343,18786.0,2023-11-15 11:16:26.764709,2023-11-15 11:16:27.334825,0 days 00:00:00.570116,0.1,10,0.75,0.9,8,145,COMPLETE
6344,6344,19064.5,2023-11-15 11:16:27.336989,2023-11-15 11:16:27.883559,0 days 00:00:00.546570,0.2,10,0.5,0.8,0,138,COMPLETE
6345,6345,16195.0,2023-11-15 11:16:27.886128,2023-11-15 11:16:28.485303,0 days 00:00:00.599175,0.4,40,0.25,0.9,2,148,COMPLETE
6346,6346,17845.0,2023-11-15 11:16:28.487429,2023-11-15 11:16:29.074584,0 days 00:00:00.587155,0.2,20,0.75,0.7000000000000001,5,142,COMPLETE
6347,6347,19359.75,2023-11-15 11:16:29.076698,2023-11-15 11:16:29.624359,0 days 00:00:00.547661,0.2,10,0.75,0.9,0,145,COMPLETE
6348,6348,19201.25,2023-11-15 11:16:29.626424,2023-11-15 11:16:30.174694,0 days 00:00:00.548270,0.2,10,0.75,0.9,3,148,COMPLETE
6349,6349,19051.5,2023-11-15 11:16:30.176868,2023-11-15 11:16:30.727069,0 days 00:00:00.550201,0.1,10,0.75,0.9,2,142,COMPLETE
6350,6350,18875.5,2023-11-15 11:16:30.729106,2023-11-15 11:16:31.282165,0 days 00:00:00.553059,0.2,10,1.0,0.9,0,133,COMPLETE
6351,6351,19111.25,2023-11-15 11:16:31.285111,2023-11-15 11:16:31.838898,0 days 00:00:00.553787,0.2,10,0.75,0.9,6,150,COMPLETE
6352,6352,19066.25,2023-11-15 11:16:31.841043,2023-11-15 11:16:32.405716,0 days 00:00:00.564673,0.2,10,0.75,0.9,4,140,COMPLETE
6353,6353,15042.5,2023-11-15 11:16:32.408032,2023-11-15 11:16:33.020743,0 days 00:00:00.612711,0.9,10,0.75,0.8,2,145,COMPLETE
6354,6354,19105.0,2023-11-15 11:16:33.022789,2023-11-15 11:16:33.563610,0 days 00:00:00.540821,0.1,10,1.0,0.9,10,147,COMPLETE
6355,6355,18974.0,2023-11-15 11:16:33.565903,2023-11-15 11:16:34.110409,0 days 00:00:00.544506,0.2,10,0.75,0.9,0,65,COMPLETE
6356,6356,19261.0,2023-11-15 11:16:34.112734,2023-11-15 11:16:34.660018,0 days 00:00:00.547284,0.2,10,1.25,0.9,4,143,COMPLETE
6357,6357,18981.0,2023-11-15 11:16:34.662225,2023-11-15 11:16:35.219691,0 days 00:00:00.557466,0.2,10,0.75,0.9,2,138,COMPLETE
6358,6358,19262.25,2023-11-15 11:16:35.222086,2023-11-15 11:16:35.766310,0 days 00:00:00.544224,0.2,10,0.75,0.9,7,145,COMPLETE
6359,6359,19261.0,2023-11-15 11:16:35.768860,2023-11-15 11:16:36.337087,0 days 00:00:00.568227,0.2,10,0.5,0.8,0,150,COMPLETE
6360,6360,18394.75,2023-11-15 11:16:36.339294,2023-11-15 11:16:36.898743,0 days 00:00:00.559449,0.1,20,0.75,0.9,2,141,COMPLETE
6361,6361,15566.75,2023-11-15 11:16:36.901537,2023-11-15 11:16:37.451547,0 days 00:00:00.550010,0.2,10,1.25,0.9,4,40,COMPLETE
6362,6362,19261.0,2023-11-15 11:16:37.453730,2023-11-15 11:16:37.994611,0 days 00:00:00.540881,0.30000000000000004,10,0.75,0.9,0,147,COMPLETE
6363,6363,18394.75,2023-11-15 11:16:37.997131,2023-11-15 11:16:38.556734,0 days 00:00:00.559603,0.2,20,0.75,0.9,2,143,COMPLETE
6364,6364,19171.25,2023-11-15 11:16:38.558876,2023-11-15 11:16:39.099064,0 days 00:00:00.540188,0.1,10,1.0,0.9,6,147,COMPLETE
6365,6365,18890.0,2023-11-15 11:16:39.101912,2023-11-15 11:16:39.652824,0 days 00:00:00.550912,0.2,10,0.75,0.9,4,136,COMPLETE
6366,6366,17946.0,2023-11-15 11:16:39.655558,2023-11-15 11:16:40.228981,0 days 00:00:00.573423,0.5,10,0.75,0.9,0,144,COMPLETE
6367,6367,19049.0,2023-11-15 11:16:40.231378,2023-11-15 11:16:40.787851,0 days 00:00:00.556473,0.2,10,0.75,0.9,2,140,COMPLETE
6368,6368,19011.25,2023-11-15 11:16:40.789893,2023-11-15 11:16:41.332668,0 days 00:00:00.542775,0.1,10,1.0,0.9,8,150,COMPLETE
6369,6369,15567.0,2023-11-15 11:16:41.335380,2023-11-15 11:16:41.903486,0 days 00:00:00.568106,0.2,50,0.5,0.5,4,115,COMPLETE
6370,6370,19261.0,2023-11-15 11:16:41.905714,2023-11-15 11:16:42.445315,0 days 00:00:00.539601,0.2,10,0.75,0.9,2,147,COMPLETE
6371,6371,19261.0,2023-11-15 11:16:42.447564,2023-11-15 11:16:42.991977,0 days 00:00:00.544413,0.2,10,0.75,0.6,0,144,COMPLETE
6372,6372,12755.0,2023-11-15 11:16:42.994194,2023-11-15 11:16:43.616637,0 days 00:00:00.622443,0.7000000000000001,10,0.75,0.8,5,141,COMPLETE
6373,6373,17113.25,2023-11-15 11:16:43.619189,2023-11-15 11:16:44.153704,0 days 00:00:00.534515,0.2,20,0.75,0.9,2,24,COMPLETE
6374,6374,2523.75,2023-11-15 11:16:44.155986,2023-11-15 11:16:44.889675,0 days 00:00:00.733689,0.30000000000000004,10,1.25,0.1,12,147,COMPLETE
6375,6375,19237.25,2023-11-15 11:16:44.891894,2023-11-15 11:16:45.442166,0 days 00:00:00.550272,0.2,10,0.25,0.9,0,145,COMPLETE
6376,6376,18985.25,2023-11-15 11:16:45.444313,2023-11-15 11:16:45.994461,0 days 00:00:00.550148,0.1,10,0.75,0.9,6,138,COMPLETE
6377,6377,19163.5,2023-11-15 11:16:45.996693,2023-11-15 11:16:46.537034,0 days 00:00:00.540341,0.2,10,1.75,0.9,3,150,COMPLETE
6378,6378,13343.5,2023-11-15 11:16:46.539264,2023-11-15 11:16:47.141103,0 days 00:00:00.601839,0.2,10,0.75,0.30000000000000004,2,143,COMPLETE
6379,6379,19240.5,2023-11-15 11:16:47.143298,2023-11-15 11:16:47.685693,0 days 00:00:00.542395,0.2,10,1.0,0.9,8,148,COMPLETE
6380,6380,19171.5,2023-11-15 11:16:47.687838,2023-11-15 11:16:48.228520,0 days 00:00:00.540682,0.4,10,0.75,0.8,0,141,COMPLETE
6381,6381,18820.0,2023-11-15 11:16:48.230780,2023-11-15 11:16:48.780865,0 days 00:00:00.550085,0.30000000000000004,10,0.75,0.7000000000000001,4,144,COMPLETE
6382,6382,19359.75,2023-11-15 11:16:48.783379,2023-11-15 11:16:49.329142,0 days 00:00:00.545763,0.1,10,0.5,0.9,2,148,COMPLETE
6383,6383,19163.75,2023-11-15 11:16:49.331370,2023-11-15 11:16:49.873627,0 days 00:00:00.542257,0.2,10,0.75,0.4,0,130,COMPLETE
6384,6384,18944.75,2023-11-15 11:16:49.875783,2023-11-15 11:16:50.435512,0 days 00:00:00.559729,0.2,10,1.5,0.9,6,145,COMPLETE
6385,6385,19161.25,2023-11-15 11:16:50.437691,2023-11-15 11:16:50.985517,0 days 00:00:00.547826,0.1,10,1.0,0.9,4,139,COMPLETE
6386,6386,18393.5,2023-11-15 11:16:50.987715,2023-11-15 11:16:51.536096,0 days 00:00:00.548381,0.2,20,0.75,0.9,2,150,COMPLETE
6387,6387,19261.0,2023-11-15 11:16:51.538561,2023-11-15 11:16:52.087931,0 days 00:00:00.549370,0.2,10,0.75,0.9,0,147,COMPLETE
6388,6388,18847.5,2023-11-15 11:16:52.090136,2023-11-15 11:16:52.635543,0 days 00:00:00.545407,0.2,10,1.25,0.9,4,135,COMPLETE
6389,6389,18390.5,2023-11-15 11:16:52.637686,2023-11-15 11:16:53.192704,0 days 00:00:00.555018,0.2,10,0.75,0.9,56,142,COMPLETE
6390,6390,19314.5,2023-11-15 11:16:53.195174,2023-11-15 11:16:53.763807,0 days 00:00:00.568633,0.1,10,0.75,0.9,2,145,COMPLETE
6391,6391,19169.5,2023-11-15 11:16:53.766186,2023-11-15 11:16:54.311830,0 days 00:00:00.545644,0.2,10,1.0,0.9,10,143,COMPLETE
6392,6392,11747.5,2023-11-15 11:16:54.314201,2023-11-15 11:16:54.935400,0 days 00:00:00.621199,0.2,10,0.75,0.5,6,147,COMPLETE
6393,6393,19161.25,2023-11-15 11:16:54.937688,2023-11-15 11:16:55.482989,0 days 00:00:00.545301,0.2,10,0.5,0.9,0,139,COMPLETE
6394,6394,13982.25,2023-11-15 11:16:55.485651,2023-11-15 11:16:56.080790,0 days 00:00:00.595139,0.2,20,0.75,0.30000000000000004,3,150,COMPLETE
6395,6395,18499.5,2023-11-15 11:16:56.083304,2023-11-15 11:16:56.662723,0 days 00:00:00.579419,0.6,10,0.75,0.8,8,145,COMPLETE
6396,6396,12021.5,2023-11-15 11:16:56.664767,2023-11-15 11:16:57.289780,0 days 00:00:00.625013,0.30000000000000004,30,0.75,0.6,36,141,COMPLETE
6397,6397,19261.0,2023-11-15 11:16:57.292060,2023-11-15 11:16:57.832086,0 days 00:00:00.540026,0.1,10,0.75,0.9,0,147,COMPLETE
6398,6398,19050.0,2023-11-15 11:16:57.834941,2023-11-15 11:16:58.381836,0 days 00:00:00.546895,0.2,10,1.0,0.9,4,143,COMPLETE
6399,6399,19161.25,2023-11-15 11:16:58.385180,2023-11-15 11:16:58.928531,0 days 00:00:00.543351,0.2,10,0.75,0.9,2,137,COMPLETE
6400,6400,19261.0,2023-11-15 11:16:58.930726,2023-11-15 11:16:59.462210,0 days 00:00:00.531484,0.2,10,0.75,0.9,5,147,COMPLETE
6401,6401,19067.0,2023-11-15 11:16:59.464360,2023-11-15 11:17:00.012036,0 days 00:00:00.547676,0.1,10,1.25,0.9,2,150,COMPLETE
6402,6402,18838.75,2023-11-15 11:17:00.015182,2023-11-15 11:17:00.603389,0 days 00:00:00.588207,0.2,10,0.25,0.9,0,143,COMPLETE
6403,6403,18444.75,2023-11-15 11:17:00.605593,2023-11-15 11:17:01.159159,0 days 00:00:00.553566,0.30000000000000004,20,0.5,0.9,2,145,COMPLETE
6404,6404,19066.25,2023-11-15 11:17:01.161370,2023-11-15 11:17:01.721199,0 days 00:00:00.559829,0.2,10,0.75,0.9,6,140,COMPLETE
6405,6405,19261.0,2023-11-15 11:17:01.723326,2023-11-15 11:17:02.269883,0 days 00:00:00.546557,0.2,10,0.75,0.8,0,147,COMPLETE
6406,6406,19051.5,2023-11-15 11:17:02.272190,2023-11-15 11:17:02.825197,0 days 00:00:00.553007,0.1,10,0.75,0.9,4,142,COMPLETE
6407,6407,19132.0,2023-11-15 11:17:02.827270,2023-11-15 11:17:03.367380,0 days 00:00:00.540110,0.2,10,1.0,0.9,2,150,COMPLETE
6408,6408,19359.75,2023-11-15 11:17:03.369815,2023-11-15 11:17:03.912268,0 days 00:00:00.542453,0.2,10,0.75,0.7000000000000001,0,145,COMPLETE
6409,6409,19261.0,2023-11-15 11:17:03.914478,2023-11-15 11:17:04.476420,0 days 00:00:00.561942,0.2,10,0.75,0.9,4,147,COMPLETE
6410,6410,18949.25,2023-11-15 11:17:04.478789,2023-11-15 11:17:05.029814,0 days 00:00:00.551025,0.1,10,0.75,0.9,8,139,COMPLETE
6411,6411,19261.0,2023-11-15 11:17:05.032135,2023-11-15 11:17:05.574288,0 days 00:00:00.542153,0.2,10,1.25,0.9,2,143,COMPLETE
6412,6412,19066.0,2023-11-15 11:17:05.576374,2023-11-15 11:17:06.120236,0 days 00:00:00.543862,0.2,10,0.75,0.8,0,134,COMPLETE
6413,6413,19261.0,2023-11-15 11:17:06.122515,2023-11-15 11:17:06.660510,0 days 00:00:00.537995,0.2,10,0.75,0.9,6,147,COMPLETE
6414,6414,18393.75,2023-11-15 11:17:06.662696,2023-11-15 11:17:07.211202,0 days 00:00:00.548506,0.1,20,1.0,0.9,3,80,COMPLETE
6415,6415,15592.75,2023-11-15 11:17:07.213505,2023-11-15 11:17:07.809097,0 days 00:00:00.595592,0.30000000000000004,10,0.75,0.4,16,141,COMPLETE
6416,6416,19164.25,2023-11-15 11:17:07.811260,2023-11-15 11:17:08.350086,0 days 00:00:00.538826,0.2,10,0.5,0.9,2,150,COMPLETE
6417,6417,19359.75,2023-11-15 11:17:08.352800,2023-11-15 11:17:08.901901,0 days 00:00:00.549101,0.2,10,0.75,0.9,5,145,COMPLETE
6418,6418,0.0,2023-11-15 11:17:08.904589,2023-11-15 11:17:09.430943,0 days 00:00:00.526354,0.2,10,0.75,0.9,0,7,COMPLETE
6419,6419,18860.25,2023-11-15 11:17:09.433457,2023-11-15 11:17:09.998839,0 days 00:00:00.565382,0.1,10,0.25,0.9,3,137,COMPLETE
6420,6420,19359.75,2023-11-15 11:17:10.001723,2023-11-15 11:17:10.544790,0 days 00:00:00.543067,0.4,10,1.0,0.2,0,145,COMPLETE
6421,6421,19093.75,2023-11-15 11:17:10.546992,2023-11-15 11:17:11.110288,0 days 00:00:00.563296,0.2,10,0.75,0.9,4,142,COMPLETE
6422,6422,18404.75,2023-11-15 11:17:11.112989,2023-11-15 11:17:11.677233,0 days 00:00:00.564244,0.2,20,0.75,0.9,2,148,COMPLETE
6423,6423,6808.5,2023-11-15 11:17:11.679742,2023-11-15 11:17:12.343673,0 days 00:00:00.663931,0.2,10,1.25,0.5,59,145,COMPLETE
6424,6424,18818.25,2023-11-15 11:17:12.345957,2023-11-15 11:17:12.889810,0 days 00:00:00.543853,0.1,10,0.75,0.9,6,139,COMPLETE
6425,6425,18969.25,2023-11-15 11:17:12.891897,2023-11-15 11:17:13.439955,0 days 00:00:00.548058,0.2,10,0.75,0.8,8,150,COMPLETE
6426,6426,18828.5,2023-11-15 11:17:13.442311,2023-11-15 11:17:13.989463,0 days 00:00:00.547152,0.2,10,0.5,0.9,2,143,COMPLETE
6427,6427,19261.0,2023-11-15 11:17:13.991656,2023-11-15 11:17:14.560102,0 days 00:00:00.568446,0.2,10,0.75,0.9,0,147,COMPLETE
6428,6428,18973.0,2023-11-15 11:17:14.562397,2023-11-15 11:17:15.109880,0 days 00:00:00.547483,0.2,10,0.75,0.9,4,141,COMPLETE
6429,6429,19171.25,2023-11-15 11:17:15.112030,2023-11-15 11:17:15.661012,0 days 00:00:00.548982,0.1,10,1.0,0.9,2,147,COMPLETE
6430,6430,19261.0,2023-11-15 11:17:15.663300,2023-11-15 11:17:16.212914,0 days 00:00:00.549614,0.2,10,0.75,0.9,0,144,COMPLETE
6431,6431,17870.0,2023-11-15 11:17:16.215100,2023-11-15 11:17:16.775838,0 days 00:00:00.560738,0.30000000000000004,10,0.75,0.6,5,150,COMPLETE
6432,6432,18776.5,2023-11-15 11:17:16.777975,2023-11-15 11:17:17.338320,0 days 00:00:00.560345,0.2,10,1.25,0.9,11,140,COMPLETE
6433,6433,18588.25,2023-11-15 11:17:17.340555,2023-11-15 11:17:17.915845,0 days 00:00:00.575290,0.2,20,0.75,0.9,2,145,COMPLETE
6434,6434,19078.0,2023-11-15 11:17:17.918337,2023-11-15 11:17:18.466961,0 days 00:00:00.548624,0.1,10,0.75,0.9,0,136,COMPLETE
6435,6435,19136.75,2023-11-15 11:17:18.469568,2023-11-15 11:17:19.013731,0 days 00:00:00.544163,0.2,10,0.75,0.8,7,147,COMPLETE
6436,6436,19050.0,2023-11-15 11:17:19.016156,2023-11-15 11:17:19.567090,0 days 00:00:00.550934,0.2,10,1.0,0.9,4,143,COMPLETE
6437,6437,11789.5,2023-11-15 11:17:19.569759,2023-11-15 11:17:20.185154,0 days 00:00:00.615395,0.2,10,0.5,0.1,64,148,COMPLETE
6438,6438,18973.0,2023-11-15 11:17:20.187762,2023-11-15 11:17:20.738769,0 days 00:00:00.551007,0.2,10,0.75,0.9,2,141,COMPLETE
6439,6439,19359.75,2023-11-15 11:17:20.740832,2023-11-15 11:17:21.279343,0 days 00:00:00.538511,0.30000000000000004,10,0.75,0.7000000000000001,0,145,COMPLETE
6440,6440,19111.25,2023-11-15 11:17:21.281454,2023-11-15 11:17:21.848694,0 days 00:00:00.567240,0.2,10,0.75,0.9,4,150,COMPLETE
6441,6441,19054.0,2023-11-15 11:17:21.851849,2023-11-15 11:17:22.402891,0 days 00:00:00.551042,0.1,10,0.75,0.9,2,97,COMPLETE
6442,6442,19161.25,2023-11-15 11:17:22.405047,2023-11-15 11:17:22.948874,0 days 00:00:00.543827,0.2,10,1.0,0.9,6,138,COMPLETE
6443,6443,19359.75,2023-11-15 11:17:22.951533,2023-11-15 11:17:23.498664,0 days 00:00:00.547131,0.2,10,0.75,0.9,0,145,COMPLETE
6444,6444,18299.75,2023-11-15 11:17:23.501422,2023-11-15 11:17:24.063608,0 days 00:00:00.562186,0.1,20,1.5,0.9,3,142,COMPLETE
6445,6445,18880.25,2023-11-15 11:17:24.065844,2023-11-15 11:17:24.642227,0 days 00:00:00.576383,0.2,10,0.25,0.8,9,147,COMPLETE
6446,6446,19261.0,2023-11-15 11:17:24.644434,2023-11-15 11:17:25.194002,0 days 00:00:00.549568,0.2,10,1.25,0.9,2,143,COMPLETE
6447,6447,19136.5,2023-11-15 11:17:25.196123,2023-11-15 11:17:25.750238,0 days 00:00:00.554115,0.2,10,0.75,0.9,4,148,COMPLETE
6448,6448,18752.75,2023-11-15 11:17:25.752740,2023-11-15 11:17:26.306177,0 days 00:00:00.553437,0.5,10,0.75,0.9,0,140,COMPLETE
6449,6449,19111.25,2023-11-15 11:17:26.308505,2023-11-15 11:17:26.845795,0 days 00:00:00.537290,0.2,10,0.75,0.9,6,150,COMPLETE
6450,6450,19213.0,2023-11-15 11:17:26.848200,2023-11-15 11:17:27.398475,0 days 00:00:00.550275,0.1,10,1.0,0.9,2,145,COMPLETE
