,number,value,datetime_start,datetime_complete,duration,params_alpha,params_decay_interval,params_decay_rate,params_gamma,params_initialization,params_max_steps,state
2047,2047,18023.5,2023-11-15 13:22:48.747396,2023-11-15 13:22:48.978054,0 days 00:00:00.230658,0.8,10,1.25,0.8,20,98,COMPLETE
2048,2048,17831.25,2023-11-15 13:22:48.979345,2023-11-15 13:22:49.245186,0 days 00:00:00.265841,0.8,10,1.5,0.8,13,95,COMPLETE
2049,2049,18492.5,2023-11-15 13:22:49.246463,2023-11-15 13:22:49.478588,0 days 00:00:00.232125,0.8,10,1.25,0.8,3,100,COMPLETE
2050,2050,15424.25,2023-11-15 13:22:49.480148,2023-11-15 13:22:49.726198,0 days 00:00:00.246050,0.8,60,1.75,0.8,17,98,COMPLETE
2051,2051,16110.75,2023-11-15 13:22:49.727475,2023-11-15 13:22:49.963617,0 days 00:00:00.236142,0.8,50,1.0,0.8,8,97,COMPLETE
2052,2052,18039.5,2023-11-15 13:22:49.964839,2023-11-15 13:22:50.196656,0 days 00:00:00.231817,0.8,10,1.25,0.30000000000000004,5,100,COMPLETE
2053,2053,18207.75,2023-11-15 13:22:50.197932,2023-11-15 13:22:50.432333,0 days 00:00:00.234401,0.8,10,1.25,0.8,19,93,COMPLETE
2054,2054,18117.75,2023-11-15 13:22:50.433923,2023-11-15 13:22:50.665397,0 days 00:00:00.231474,0.8,10,1.25,0.6,21,98,COMPLETE
2055,2055,14487.75,2023-11-15 13:22:50.666720,2023-11-15 13:22:50.911333,0 days 00:00:00.244613,0.9,70,1.25,0.9,12,96,COMPLETE
2056,2056,18681.25,2023-11-15 13:22:50.912766,2023-11-15 13:22:51.141472,0 days 00:00:00.228706,0.8,10,1.25,0.8,15,99,COMPLETE
2057,2057,17837.25,2023-11-15 13:22:51.143268,2023-11-15 13:22:51.375905,0 days 00:00:00.232637,0.8,10,1.25,0.8,10,95,COMPLETE
2058,2058,18398.5,2023-11-15 13:22:51.377333,2023-11-15 13:22:51.611538,0 days 00:00:00.234205,0.8,10,1.5,0.8,17,98,COMPLETE
2059,2059,16296.25,2023-11-15 13:22:51.613133,2023-11-15 13:22:51.850193,0 days 00:00:00.237060,0.8,20,1.25,0.8,7,64,COMPLETE
2060,2060,18238.5,2023-11-15 13:22:51.851423,2023-11-15 13:22:52.084124,0 days 00:00:00.232701,0.8,10,1.0,0.8,2,100,COMPLETE
2061,2061,18305.25,2023-11-15 13:22:52.085345,2023-11-15 13:22:52.317250,0 days 00:00:00.231905,0.7000000000000001,10,1.25,0.9,24,97,COMPLETE
2062,2062,18399.0,2023-11-15 13:22:52.318615,2023-11-15 13:22:52.558067,0 days 00:00:00.239452,0.8,10,1.25,0.8,22,100,COMPLETE
2063,2063,17003.5,2023-11-15 13:22:52.559412,2023-11-15 13:22:52.818741,0 days 00:00:00.259329,0.8,20,1.25,0.7000000000000001,15,95,COMPLETE
2064,2064,18023.5,2023-11-15 13:22:52.820340,2023-11-15 13:22:53.131543,0 days 00:00:00.311203,0.8,10,1.25,0.8,19,98,COMPLETE
2065,2065,18399.75,2023-11-15 13:22:53.133409,2023-11-15 13:22:53.410870,0 days 00:00:00.277461,0.8,10,1.5,0.8,13,97,COMPLETE
2066,2066,18492.5,2023-11-15 13:22:53.412466,2023-11-15 13:22:53.680453,0 days 00:00:00.267987,0.8,10,1.25,0.8,5,100,COMPLETE
2067,2067,18119.0,2023-11-15 13:22:53.681923,2023-11-15 13:22:53.913172,0 days 00:00:00.231249,0.8,10,1.0,0.8,17,94,COMPLETE
2068,2068,18117.25,2023-11-15 13:22:53.914424,2023-11-15 13:22:54.149678,0 days 00:00:00.235254,0.8,10,1.25,0.7000000000000001,27,98,COMPLETE
2069,2069,18488.75,2023-11-15 13:22:54.150953,2023-11-15 13:22:54.378964,0 days 00:00:00.228011,0.8,10,1.75,0.8,10,96,COMPLETE
2070,2070,18024.25,2023-11-15 13:22:54.380243,2023-11-15 13:22:54.629111,0 days 00:00:00.248868,0.6,10,1.25,0.8,14,99,COMPLETE
2071,2071,18300.0,2023-11-15 13:22:54.630602,2023-11-15 13:22:54.870818,0 days 00:00:00.240216,0.9,10,1.25,0.8,19,92,COMPLETE
2072,2072,18492.5,2023-11-15 13:22:54.872345,2023-11-15 13:22:55.107892,0 days 00:00:00.235547,0.8,10,1.25,0.8,8,100,COMPLETE
2073,2073,17920.5,2023-11-15 13:22:55.109324,2023-11-15 13:22:55.344396,0 days 00:00:00.235072,0.8,20,1.5,0.8,4,97,COMPLETE
2074,2074,18303.75,2023-11-15 13:22:55.345834,2023-11-15 13:22:55.579993,0 days 00:00:00.234159,0.7000000000000001,10,1.25,0.8,12,98,COMPLETE
2075,2075,17837.25,2023-11-15 13:22:55.581215,2023-11-15 13:22:55.814686,0 days 00:00:00.233471,0.8,10,1.25,0.8,21,95,COMPLETE
2076,2076,199.5,2023-11-15 13:22:55.815969,2023-11-15 13:22:56.315212,0 days 00:00:00.499243,0.8,10,1.0,0.9,0,100,COMPLETE
2077,2077,13124.5,2023-11-15 13:22:56.316478,2023-11-15 13:22:56.577358,0 days 00:00:00.260880,0.8,90,1.25,0.8,16,96,COMPLETE
2078,2078,18023.5,2023-11-15 13:22:56.578699,2023-11-15 13:22:56.814070,0 days 00:00:00.235371,0.8,10,1.25,0.8,18,98,COMPLETE
2079,2079,18681.25,2023-11-15 13:22:56.815386,2023-11-15 13:22:57.048904,0 days 00:00:00.233518,0.8,10,1.25,0.8,7,99,COMPLETE
2080,2080,16830.5,2023-11-15 13:22:57.050120,2023-11-15 13:22:57.290250,0 days 00:00:00.240130,0.8,10,1.5,0.8,2,54,COMPLETE
2081,2081,18213.25,2023-11-15 13:22:57.291639,2023-11-15 13:22:57.528645,0 days 00:00:00.237006,0.8,10,1.25,0.7000000000000001,22,94,COMPLETE
2082,2082,18218.0,2023-11-15 13:22:57.530257,2023-11-15 13:22:57.770959,0 days 00:00:00.240702,0.8,10,1.25,0.8,14,97,COMPLETE
2083,2083,18458.5,2023-11-15 13:22:57.772426,2023-11-15 13:22:58.012194,0 days 00:00:00.239768,0.8,10,1.0,0.8,11,100,COMPLETE
2084,2084,17239.5,2023-11-15 13:22:58.013529,2023-11-15 13:22:58.268631,0 days 00:00:00.255102,0.7000000000000001,10,1.25,0.8,95,98,COMPLETE
2085,2085,18301.5,2023-11-15 13:22:58.269921,2023-11-15 13:22:58.504674,0 days 00:00:00.234753,0.9,10,1.5,0.6,16,96,COMPLETE
2086,2086,18013.5,2023-11-15 13:22:58.506485,2023-11-15 13:22:58.735987,0 days 00:00:00.229502,0.8,20,1.25,0.9,18,100,COMPLETE
2087,2087,18023.5,2023-11-15 13:22:58.737516,2023-11-15 13:22:58.982607,0 days 00:00:00.245091,0.8,10,1.25,0.8,25,98,COMPLETE
2088,2088,18207.75,2023-11-15 13:22:58.983843,2023-11-15 13:22:59.229684,0 days 00:00:00.245841,0.8,10,1.25,0.8,6,93,COMPLETE
2089,2089,18301.75,2023-11-15 13:22:59.230963,2023-11-15 13:22:59.461682,0 days 00:00:00.230719,0.8,10,1.25,0.8,20,96,COMPLETE
2090,2090,18493.25,2023-11-15 13:22:59.462966,2023-11-15 13:22:59.700077,0 days 00:00:00.237111,0.8,10,2.0,0.8,9,100,COMPLETE
2091,2091,18022.0,2023-11-15 13:22:59.701361,2023-11-15 13:22:59.955286,0 days 00:00:00.253925,0.8,10,1.0,0.8,15,98,COMPLETE
2092,2092,18394.5,2023-11-15 13:22:59.957314,2023-11-15 13:23:00.190222,0 days 00:00:00.232908,0.8,10,1.25,0.8,4,96,COMPLETE
2093,2093,17830.75,2023-11-15 13:23:00.191936,2023-11-15 13:23:00.426751,0 days 00:00:00.234815,0.8,20,1.25,0.8,12,98,COMPLETE
2094,2094,18211.5,2023-11-15 13:23:00.428029,2023-11-15 13:23:00.659013,0 days 00:00:00.230984,0.9,10,1.5,0.9,18,100,COMPLETE
2095,2095,18490.25,2023-11-15 13:23:00.660429,2023-11-15 13:23:00.887538,0 days 00:00:00.227109,0.8,10,1.25,0.7000000000000001,14,94,COMPLETE
2096,2096,18023.5,2023-11-15 13:23:00.889195,2023-11-15 13:23:01.134583,0 days 00:00:00.245388,0.8,10,1.25,0.8,22,98,COMPLETE
2097,2097,18028.0,2023-11-15 13:23:01.136105,2023-11-15 13:23:01.382120,0 days 00:00:00.246015,0.7000000000000001,10,1.25,0.8,3,96,COMPLETE
2098,2098,18238.5,2023-11-15 13:23:01.383827,2023-11-15 13:23:01.619718,0 days 00:00:00.235891,0.8,10,1.0,0.8,16,100,COMPLETE
2099,2099,18023.5,2023-11-15 13:23:01.621110,2023-11-15 13:23:01.861785,0 days 00:00:00.240675,0.8,10,1.25,0.8,10,98,COMPLETE
2100,2100,18301.75,2023-11-15 13:23:01.863076,2023-11-15 13:23:02.100940,0 days 00:00:00.237864,0.8,10,1.25,0.8,20,96,COMPLETE
2101,2101,16830.25,2023-11-15 13:23:02.102269,2023-11-15 13:23:02.343758,0 days 00:00:00.241489,0.8,30,1.5,0.8,6,99,COMPLETE
2102,2102,18023.0,2023-11-15 13:23:02.344987,2023-11-15 13:23:02.597062,0 days 00:00:00.252075,0.8,10,0.25,0.8,17,100,COMPLETE
2103,2103,16095.75,2023-11-15 13:23:02.598354,2023-11-15 13:23:02.832598,0 days 00:00:00.234244,0.8,10,1.25,0.8,2,41,COMPLETE
2104,2104,18055.0,2023-11-15 13:23:02.834048,2023-11-15 13:23:03.073806,0 days 00:00:00.239758,0.8,10,0.75,0.7000000000000001,13,97,COMPLETE
2105,2105,17839.5,2023-11-15 13:23:03.075109,2023-11-15 13:23:03.306366,0 days 00:00:00.231257,0.8,10,1.75,0.8,19,91,COMPLETE
2106,2106,18400.0,2023-11-15 13:23:03.308056,2023-11-15 13:23:03.565638,0 days 00:00:00.257582,0.8,10,1.25,0.9,23,94,COMPLETE
2107,2107,17782.5,2023-11-15 13:23:03.566977,2023-11-15 13:23:03.802505,0 days 00:00:00.235528,0.8,20,1.0,0.8,8,98,COMPLETE
2108,2108,17931.25,2023-11-15 13:23:03.803732,2023-11-15 13:23:04.040988,0 days 00:00:00.237256,0.9,10,1.25,0.8,15,83,COMPLETE
2109,2109,18028.5,2023-11-15 13:23:04.042263,2023-11-15 13:23:04.277155,0 days 00:00:00.234892,0.5,10,1.25,0.8,12,100,COMPLETE
2110,2110,18218.0,2023-11-15 13:23:04.278448,2023-11-15 13:23:04.524326,0 days 00:00:00.245878,0.8,10,1.25,0.8,5,97,COMPLETE
2111,2111,100.0,2023-11-15 13:23:04.525574,2023-11-15 13:23:05.014938,0 days 00:00:00.489364,0.8,10,1.25,0.8,0,95,COMPLETE
2112,2112,18212.75,2023-11-15 13:23:05.016246,2023-11-15 13:23:05.255522,0 days 00:00:00.239276,0.8,10,1.5,0.9,17,98,COMPLETE
2113,2113,18401.75,2023-11-15 13:23:05.257390,2023-11-15 13:23:05.498648,0 days 00:00:00.241258,0.7000000000000001,10,1.25,0.8,20,100,COMPLETE
2114,2114,12436.5,2023-11-15 13:23:05.500350,2023-11-15 13:23:05.765601,0 days 00:00:00.265251,0.8,100,1.25,0.8,14,96,COMPLETE
2115,2115,18028.5,2023-11-15 13:23:05.766845,2023-11-15 13:23:06.016109,0 days 00:00:00.249264,0.8,10,1.0,0.7000000000000001,11,98,COMPLETE
2116,2116,18123.5,2023-11-15 13:23:06.017695,2023-11-15 13:23:06.260732,0 days 00:00:00.243037,0.8,10,1.25,0.8,56,99,COMPLETE
2117,2117,18305.75,2023-11-15 13:23:06.262029,2023-11-15 13:23:06.502065,0 days 00:00:00.240036,0.8,10,1.5,0.8,8,100,COMPLETE
2118,2118,18202.0,2023-11-15 13:23:06.503515,2023-11-15 13:23:06.742200,0 days 00:00:00.238685,0.8,20,1.25,0.8,18,96,COMPLETE
2119,2119,17933.5,2023-11-15 13:23:06.743830,2023-11-15 13:23:06.988756,0 days 00:00:00.244926,0.8,10,1.25,0.5,21,98,COMPLETE
2120,2120,18207.75,2023-11-15 13:23:06.990488,2023-11-15 13:23:07.245170,0 days 00:00:00.254682,0.8,10,1.25,0.8,3,93,COMPLETE
2121,2121,17837.25,2023-11-15 13:23:07.246952,2023-11-15 13:23:07.522792,0 days 00:00:00.275840,0.8,10,1.25,0.8,16,95,COMPLETE
2122,2122,18218.0,2023-11-15 13:23:07.524846,2023-11-15 13:23:07.801089,0 days 00:00:00.276243,0.8,10,1.25,0.8,24,97,COMPLETE
2123,2123,18492.5,2023-11-15 13:23:07.802698,2023-11-15 13:23:08.074449,0 days 00:00:00.271751,0.8,10,1.25,0.8,6,100,COMPLETE
2124,2124,18212.75,2023-11-15 13:23:08.076397,2023-11-15 13:23:08.345067,0 days 00:00:00.268670,0.8,10,1.5,0.9,13,98,COMPLETE
2125,2125,18401.0,2023-11-15 13:23:08.346614,2023-11-15 13:23:08.617758,0 days 00:00:00.271144,0.8,10,1.0,0.8,10,100,COMPLETE
2126,2126,18030.0,2023-11-15 13:23:08.619137,2023-11-15 13:23:08.867669,0 days 00:00:00.248532,0.8,20,1.25,0.8,19,94,COMPLETE
2127,2127,18494.0,2023-11-15 13:23:08.868983,2023-11-15 13:23:09.103714,0 days 00:00:00.234731,0.9,10,1.75,0.8,16,97,COMPLETE
2128,2128,18396.25,2023-11-15 13:23:09.105291,2023-11-15 13:23:09.344997,0 days 00:00:00.239706,0.7000000000000001,10,2.25,0.8,4,99,COMPLETE
2129,2129,18394.5,2023-11-15 13:23:09.346235,2023-11-15 13:23:09.577395,0 days 00:00:00.231160,0.8,10,1.25,0.8,9,96,COMPLETE
2130,2130,17763.0,2023-11-15 13:23:09.578648,2023-11-15 13:23:09.831819,0 days 00:00:00.253171,0.8,10,1.25,0.7000000000000001,84,98,COMPLETE
2131,2131,18401.0,2023-11-15 13:23:09.833213,2023-11-15 13:23:10.081975,0 days 00:00:00.248762,0.8,10,1.0,0.8,14,100,COMPLETE
2132,2132,17747.25,2023-11-15 13:23:10.084078,2023-11-15 13:23:10.320044,0 days 00:00:00.235966,0.8,10,1.25,0.9,18,95,COMPLETE
2133,2133,18023.5,2023-11-15 13:23:10.321420,2023-11-15 13:23:10.557964,0 days 00:00:00.236544,0.8,10,1.25,0.8,22,98,COMPLETE
2134,2134,18305.75,2023-11-15 13:23:10.559880,2023-11-15 13:23:10.837871,0 days 00:00:00.277991,0.8,10,1.5,0.8,15,100,COMPLETE
2135,2135,18310.75,2023-11-15 13:23:10.839971,2023-11-15 13:23:11.077598,0 days 00:00:00.237627,0.8,10,1.25,0.8,2,92,COMPLETE
2136,2136,18218.0,2023-11-15 13:23:11.078919,2023-11-15 13:23:11.318398,0 days 00:00:00.239479,0.8,10,1.25,0.8,12,97,COMPLETE
2137,2137,17923.75,2023-11-15 13:23:11.319683,2023-11-15 13:23:11.562542,0 days 00:00:00.242859,0.8,20,2.75,0.8,7,98,COMPLETE
2138,2138,17932.75,2023-11-15 13:23:11.563880,2023-11-15 13:23:11.814273,0 days 00:00:00.250393,0.7000000000000001,10,1.25,0.8,21,96,COMPLETE
2139,2139,18307.0,2023-11-15 13:23:11.815725,2023-11-15 13:23:12.047301,0 days 00:00:00.231576,0.9,10,1.25,0.8,17,100,COMPLETE
2140,2140,18410.75,2023-11-15 13:23:12.048733,2023-11-15 13:23:12.280264,0 days 00:00:00.231531,0.8,10,1.25,0.8,20,94,COMPLETE
2141,2141,18117.5,2023-11-15 13:23:12.281608,2023-11-15 13:23:12.516851,0 days 00:00:00.235243,0.8,10,1.25,0.9,25,98,COMPLETE
2142,2142,18594.75,2023-11-15 13:23:12.518145,2023-11-15 13:23:12.752264,0 days 00:00:00.234119,0.8,10,1.0,0.8,4,96,COMPLETE
2143,2143,18304.25,2023-11-15 13:23:12.753569,2023-11-15 13:23:12.998688,0 days 00:00:00.245119,0.8,10,1.5,0.7000000000000001,10,100,COMPLETE
2144,2144,18023.5,2023-11-15 13:23:13.000037,2023-11-15 13:23:13.235048,0 days 00:00:00.235011,0.8,10,1.25,0.8,15,98,COMPLETE
2145,2145,199.5,2023-11-15 13:23:13.236350,2023-11-15 13:23:13.751664,0 days 00:00:00.515314,0.8,20,1.25,0.8,0,99,COMPLETE
2146,2146,18394.5,2023-11-15 13:23:13.753247,2023-11-15 13:23:13.988133,0 days 00:00:00.234886,0.8,10,1.25,0.8,12,96,COMPLETE
2147,2147,18401.0,2023-11-15 13:23:13.990011,2023-11-15 13:23:14.241003,0 days 00:00:00.250992,0.8,10,1.0,0.8,6,100,COMPLETE
2148,2148,18400.75,2023-11-15 13:23:14.242364,2023-11-15 13:23:14.483709,0 days 00:00:00.241345,0.9,10,1.5,0.8,18,97,COMPLETE
2149,2149,17837.25,2023-11-15 13:23:14.485224,2023-11-15 13:23:14.726313,0 days 00:00:00.241089,0.8,10,1.25,0.8,16,95,COMPLETE
2150,2150,18023.5,2023-11-15 13:23:14.729559,2023-11-15 13:23:14.969930,0 days 00:00:00.240371,0.8,10,1.25,0.8,8,98,COMPLETE
2151,2151,18013.5,2023-11-15 13:23:14.971223,2023-11-15 13:23:15.207383,0 days 00:00:00.236160,0.8,20,1.25,0.8,23,100,COMPLETE
2152,2152,17656.0,2023-11-15 13:23:15.208746,2023-11-15 13:23:15.460829,0 days 00:00:00.252083,0.4,10,1.25,0.7000000000000001,13,93,COMPLETE
2153,2153,17932.0,2023-11-15 13:23:15.462228,2023-11-15 13:23:15.710405,0 days 00:00:00.248177,0.8,10,1.25,0.8,40,98,COMPLETE
2154,2154,16818.75,2023-11-15 13:23:15.711866,2023-11-15 13:23:15.954766,0 days 00:00:00.242900,0.7000000000000001,40,1.5,0.8,19,96,COMPLETE
2155,2155,18399.0,2023-11-15 13:23:15.956702,2023-11-15 13:23:16.204695,0 days 00:00:00.247993,0.8,10,1.25,0.8,17,100,COMPLETE
2156,2156,18022.0,2023-11-15 13:23:16.206191,2023-11-15 13:23:16.447783,0 days 00:00:00.241592,0.8,10,1.0,0.8,5,98,COMPLETE
2157,2157,18217.25,2023-11-15 13:23:16.449066,2023-11-15 13:23:16.702165,0 days 00:00:00.253099,0.8,10,1.25,0.9,27,97,COMPLETE
2158,2158,18116.5,2023-11-15 13:23:16.703858,2023-11-15 13:23:16.950669,0 days 00:00:00.246811,0.8,10,1.25,0.8,2,76,COMPLETE
2159,2159,18410.75,2023-11-15 13:23:16.951963,2023-11-15 13:23:17.191752,0 days 00:00:00.239789,0.8,10,1.25,0.8,14,94,COMPLETE
2160,2160,16524.5,2023-11-15 13:23:17.193094,2023-11-15 13:23:17.450454,0 days 00:00:00.257360,0.2,10,1.25,0.8,20,99,COMPLETE
2161,2161,18399.0,2023-11-15 13:23:17.451749,2023-11-15 13:23:17.694915,0 days 00:00:00.243166,0.8,10,1.25,0.8,11,100,COMPLETE
2162,2162,18594.75,2023-11-15 13:23:17.696238,2023-11-15 13:23:17.933074,0 days 00:00:00.236836,0.8,10,1.0,0.8,16,96,COMPLETE
2163,2163,17830.75,2023-11-15 13:23:17.934369,2023-11-15 13:23:18.206626,0 days 00:00:00.272257,0.8,20,1.25,0.8,22,98,COMPLETE
2164,2164,18587.0,2023-11-15 13:23:18.208197,2023-11-15 13:23:18.447891,0 days 00:00:00.239694,0.8,10,1.75,0.9,9,97,COMPLETE
2165,2165,18307.0,2023-11-15 13:23:18.449190,2023-11-15 13:23:18.697041,0 days 00:00:00.247851,0.9,10,1.25,0.8,18,100,COMPLETE
2166,2166,16019.25,2023-11-15 13:23:18.698348,2023-11-15 13:23:18.947063,0 days 00:00:00.248715,0.8,10,1.5,0.8,7,36,COMPLETE
2167,2167,16633.5,2023-11-15 13:23:18.948434,2023-11-15 13:23:19.190144,0 days 00:00:00.241710,0.8,10,1.25,0.7000000000000001,4,47,COMPLETE
2168,2168,17837.5,2023-11-15 13:23:19.191605,2023-11-15 13:23:19.446311,0 days 00:00:00.254706,0.7000000000000001,10,1.25,0.8,15,95,COMPLETE
2169,2169,18305.25,2023-11-15 13:23:19.447623,2023-11-15 13:23:19.697206,0 days 00:00:00.249583,0.8,10,1.5,0.8,13,98,COMPLETE
2170,2170,14791.25,2023-11-15 13:23:19.698454,2023-11-15 13:23:19.980259,0 days 00:00:00.281805,0.30000000000000004,10,1.25,0.2,20,100,COMPLETE
2171,2171,17562.5,2023-11-15 13:23:19.981539,2023-11-15 13:23:20.223673,0 days 00:00:00.242134,0.6,10,1.25,0.8,1,91,COMPLETE
2172,2172,17318.0,2023-11-15 13:23:20.225047,2023-11-15 13:23:20.483237,0 days 00:00:00.258190,0.8,10,1.0,0.1,10,97,COMPLETE
2173,2173,18030.0,2023-11-15 13:23:20.484481,2023-11-15 13:23:20.734871,0 days 00:00:00.250390,0.8,20,1.25,0.8,18,94,COMPLETE
2174,2174,18681.25,2023-11-15 13:23:20.736372,2023-11-15 13:23:20.982913,0 days 00:00:00.246541,0.8,10,1.25,0.8,6,99,COMPLETE
2175,2175,13755.0,2023-11-15 13:23:20.984264,2023-11-15 13:23:21.246660,0 days 00:00:00.262396,0.8,80,1.25,0.8,16,96,COMPLETE
2176,2176,18023.75,2023-11-15 13:23:21.248333,2023-11-15 13:23:21.487693,0 days 00:00:00.239360,0.8,10,1.75,0.9,14,98,COMPLETE
2177,2177,18492.5,2023-11-15 13:23:21.489501,2023-11-15 13:23:21.731303,0 days 00:00:00.241802,0.8,10,1.25,0.8,3,100,COMPLETE
2178,2178,18022.0,2023-11-15 13:23:21.732899,2023-11-15 13:23:21.976212,0 days 00:00:00.243313,0.8,10,1.0,0.8,50,98,COMPLETE
2179,2179,17831.25,2023-11-15 13:23:21.977574,2023-11-15 13:23:22.254633,0 days 00:00:00.277059,0.8,10,1.5,0.8,11,95,COMPLETE
2180,2180,18398.25,2023-11-15 13:23:22.256436,2023-11-15 13:23:22.549321,0 days 00:00:00.292885,0.8,10,1.25,0.8,21,100,COMPLETE
2181,2181,18216.25,2023-11-15 13:23:22.550849,2023-11-15 13:23:22.837548,0 days 00:00:00.286699,0.8,10,1.25,0.7000000000000001,24,97,COMPLETE
2182,2182,18025.25,2023-11-15 13:23:22.839180,2023-11-15 13:23:23.095104,0 days 00:00:00.255924,0.7000000000000001,10,1.25,0.6,19,93,COMPLETE
2183,2183,17650.0,2023-11-15 13:23:23.096456,2023-11-15 13:23:23.343380,0 days 00:00:00.246924,0.8,20,1.25,0.8,47,98,COMPLETE
2184,2184,18026.5,2023-11-15 13:23:23.344825,2023-11-15 13:23:23.599177,0 days 00:00:00.254352,0.9,10,1.25,0.5,8,96,COMPLETE
2185,2185,18306.5,2023-11-15 13:23:23.601273,2023-11-15 13:23:23.847923,0 days 00:00:00.246650,0.8,10,1.5,0.8,13,100,COMPLETE
2186,2186,18023.5,2023-11-15 13:23:23.849264,2023-11-15 13:23:24.099345,0 days 00:00:00.250081,0.8,10,1.25,0.8,16,98,COMPLETE
2187,2187,17837.25,2023-11-15 13:23:24.101007,2023-11-15 13:23:24.353396,0 days 00:00:00.252389,0.8,10,1.25,0.8,5,95,COMPLETE
2188,2188,18331.5,2023-11-15 13:23:24.355036,2023-11-15 13:23:24.598653,0 days 00:00:00.243617,0.8,10,1.0,0.9,18,99,COMPLETE
2189,2189,18218.0,2023-11-15 13:23:24.600251,2023-11-15 13:23:24.846393,0 days 00:00:00.246142,0.8,10,1.25,0.8,2,97,COMPLETE
2190,2190,18309.0,2023-11-15 13:23:24.847832,2023-11-15 13:23:25.102802,0 days 00:00:00.254970,0.8,10,1.0,0.7000000000000001,22,100,COMPLETE
2191,2191,18394.5,2023-11-15 13:23:25.104075,2023-11-15 13:23:25.360707,0 days 00:00:00.256632,0.8,10,1.25,0.8,12,96,COMPLETE
2192,2192,17830.75,2023-11-15 13:23:25.362073,2023-11-15 13:23:25.603272,0 days 00:00:00.241199,0.8,20,1.25,0.8,15,98,COMPLETE
2193,2193,18399.0,2023-11-15 13:23:25.604556,2023-11-15 13:23:25.848150,0 days 00:00:00.243594,0.8,10,1.25,0.8,17,100,COMPLETE
2194,2194,18307.0,2023-11-15 13:23:25.849458,2023-11-15 13:23:26.096231,0 days 00:00:00.246773,0.8,10,1.5,0.8,20,94,COMPLETE
2195,2195,18023.5,2023-11-15 13:23:26.097534,2023-11-15 13:23:26.336649,0 days 00:00:00.239115,0.8,10,1.25,0.8,34,98,COMPLETE
2196,2196,18209.25,2023-11-15 13:23:26.338181,2023-11-15 13:23:26.583398,0 days 00:00:00.245217,0.9,10,1.25,0.8,7,96,COMPLETE
2197,2197,18306.25,2023-11-15 13:23:26.584669,2023-11-15 13:23:26.828637,0 days 00:00:00.243968,0.8,10,1.25,0.9,9,100,COMPLETE
2198,2198,199.5,2023-11-15 13:23:26.829923,2023-11-15 13:23:27.337771,0 days 00:00:00.507848,0.8,10,1.25,0.8,0,98,COMPLETE
2199,2199,18218.0,2023-11-15 13:23:27.339378,2023-11-15 13:23:27.585156,0 days 00:00:00.245778,0.8,10,1.25,0.8,4,97,COMPLETE
2200,2200,18107.75,2023-11-15 13:23:27.586530,2023-11-15 13:23:27.827617,0 days 00:00:00.241087,0.8,20,1.5,0.8,14,92,COMPLETE
2201,2201,18494.0,2023-11-15 13:23:27.828995,2023-11-15 13:23:28.067177,0 days 00:00:00.238182,0.7000000000000001,10,2.0,0.8,11,100,COMPLETE
2202,2202,18032.5,2023-11-15 13:23:28.069014,2023-11-15 13:23:28.312176,0 days 00:00:00.243162,0.8,10,1.0,0.8,17,72,COMPLETE
2203,2203,17837.25,2023-11-15 13:23:28.313509,2023-11-15 13:23:28.559247,0 days 00:00:00.245738,0.8,10,1.25,0.8,19,95,COMPLETE
2204,2204,15424.25,2023-11-15 13:23:28.560707,2023-11-15 13:23:28.813052,0 days 00:00:00.252345,0.8,60,1.25,0.9,61,98,COMPLETE
2205,2205,14576.5,2023-11-15 13:23:28.814468,2023-11-15 13:23:29.070628,0 days 00:00:00.256160,0.7000000000000001,70,1.0,0.7000000000000001,24,99,COMPLETE
2206,2206,16818.75,2023-11-15 13:23:29.072316,2023-11-15 13:23:29.319884,0 days 00:00:00.247568,0.8,40,1.25,0.8,21,96,COMPLETE
2207,2207,18492.5,2023-11-15 13:23:29.321331,2023-11-15 13:23:29.571271,0 days 00:00:00.249940,0.8,10,1.25,0.8,5,100,COMPLETE
2208,2208,18218.0,2023-11-15 13:23:29.573211,2023-11-15 13:23:29.824785,0 days 00:00:00.251574,0.8,10,1.25,0.8,15,97,COMPLETE
2209,2209,15137.0,2023-11-15 13:23:29.826036,2023-11-15 13:23:30.069626,0 days 00:00:00.243590,0.9,10,1.5,0.8,12,32,COMPLETE
2210,2210,18023.5,2023-11-15 13:23:30.071525,2023-11-15 13:23:30.327559,0 days 00:00:00.256034,0.8,10,1.25,0.8,9,98,COMPLETE
2211,2211,18410.75,2023-11-15 13:23:30.329132,2023-11-15 13:23:30.569059,0 days 00:00:00.239927,0.8,10,1.25,0.8,18,94,COMPLETE
2212,2212,18492.5,2023-11-15 13:23:30.570622,2023-11-15 13:23:30.812980,0 days 00:00:00.242358,0.8,10,1.25,0.8,2,100,COMPLETE
2213,2213,15833.75,2023-11-15 13:23:30.832388,2023-11-15 13:23:31.109801,0 days 00:00:00.277413,0.8,50,1.0,0.8,7,89,COMPLETE
2214,2214,18394.5,2023-11-15 13:23:31.111119,2023-11-15 13:23:31.358732,0 days 00:00:00.247613,0.8,10,1.25,0.8,14,96,COMPLETE
2215,2215,17936.0,2023-11-15 13:23:31.360103,2023-11-15 13:23:31.606846,0 days 00:00:00.246743,0.4,10,1.25,0.9,26,98,COMPLETE
