,number,value,datetime_start,datetime_complete,duration,params_alpha,params_decay_interval,params_decay_rate,params_gamma,params_initialization,params_max_steps,state
679,679,18352.0,2023-11-15 10:42:47.331619,2023-11-15 10:42:47.472339,0 days 00:00:00.140720,0.5,10,1.0,0.7000000000000001,6,144,COMPLETE
680,680,19261.0,2023-11-15 10:42:47.473576,2023-11-15 10:42:47.602988,0 days 00:00:00.129412,0.5,10,1.0,0.7000000000000001,2,147,COMPLETE
681,681,18501.5,2023-11-15 10:42:47.604028,2023-11-15 10:42:47.735186,0 days 00:00:00.131158,0.5,10,1.0,0.9,9,142,COMPLETE
682,682,19262.25,2023-11-15 10:42:47.736695,2023-11-15 10:42:47.868198,0 days 00:00:00.131503,0.5,10,1.0,0.8,4,145,COMPLETE
683,683,18677.0,2023-11-15 10:42:47.869225,2023-11-15 10:42:47.997474,0 days 00:00:00.128249,0.5,10,1.0,0.9,6,136,COMPLETE
684,684,10859.5,2023-11-15 10:42:47.998460,2023-11-15 10:42:48.238337,0 days 00:00:00.239877,0.5,10,0.75,0.8,4,140,COMPLETE
685,685,18969.5,2023-11-15 10:42:48.239336,2023-11-15 10:42:48.363722,0 days 00:00:00.124386,0.5,10,1.0,0.8,11,144,COMPLETE
686,686,19066.25,2023-11-15 10:42:48.364803,2023-11-15 10:42:48.494426,0 days 00:00:00.129623,0.5,10,1.0,0.8,8,150,COMPLETE
687,687,17955.5,2023-11-15 10:42:48.495382,2023-11-15 10:42:48.624094,0 days 00:00:00.128712,0.4,20,1.0,0.9,4,144,COMPLETE
688,688,16191.25,2023-11-15 10:42:48.625434,2023-11-15 10:42:48.762800,0 days 00:00:00.137366,0.5,50,1.0,0.8,0,140,COMPLETE
689,689,17748.0,2023-11-15 10:42:48.763854,2023-11-15 10:42:48.889534,0 days 00:00:00.125680,0.5,10,1.0,0.6,6,147,COMPLETE
690,690,17023.25,2023-11-15 10:42:48.890481,2023-11-15 10:42:49.036022,0 days 00:00:00.145541,0.5,40,1.0,0.7000000000000001,2,145,COMPLETE
691,691,15053.75,2023-11-15 10:42:49.037028,2023-11-15 10:42:49.197647,0 days 00:00:00.160619,0.5,10,1.0,0.6,30,150,COMPLETE
692,692,18972.25,2023-11-15 10:42:49.198589,2023-11-15 10:42:49.322577,0 days 00:00:00.123988,0.5,10,1.0,0.9,0,138,COMPLETE
693,693,18978.25,2023-11-15 10:42:49.323530,2023-11-15 10:42:49.449346,0 days 00:00:00.125816,0.5,10,1.0,0.8,4,142,COMPLETE
694,694,19261.0,2023-11-15 10:42:49.450321,2023-11-15 10:42:49.574785,0 days 00:00:00.124464,0.5,10,1.0,0.7000000000000001,2,147,COMPLETE
695,695,19261.0,2023-11-15 10:42:49.576079,2023-11-15 10:42:49.697308,0 days 00:00:00.121229,0.4,10,1.0,0.7000000000000001,0,144,COMPLETE
696,696,18422.5,2023-11-15 10:42:49.698361,2023-11-15 10:42:49.839955,0 days 00:00:00.141594,0.5,10,1.0,0.6,4,148,COMPLETE
697,697,17425.5,2023-11-15 10:42:49.840916,2023-11-15 10:42:49.981012,0 days 00:00:00.140096,0.5,20,1.0,0.8,34,150,COMPLETE
698,698,19165.25,2023-11-15 10:42:49.982210,2023-11-15 10:42:50.108291,0 days 00:00:00.126081,0.5,10,1.0,0.7000000000000001,2,145,COMPLETE
699,699,18791.0,2023-11-15 10:42:50.109647,2023-11-15 10:42:50.243878,0 days 00:00:00.134231,0.5,10,1.0,0.7000000000000001,6,142,COMPLETE
700,700,18115.25,2023-11-15 10:42:50.245288,2023-11-15 10:42:50.387320,0 days 00:00:00.142032,0.5,10,1.0,0.7000000000000001,9,147,COMPLETE
701,701,12954.5,2023-11-15 10:42:50.388727,2023-11-15 10:42:50.564320,0 days 00:00:00.175593,0.5,10,1.0,0.9,2,139,COMPLETE
702,702,19302.5,2023-11-15 10:42:50.565308,2023-11-15 10:42:50.681617,0 days 00:00:00.116309,0.4,10,1.0,0.7000000000000001,0,145,COMPLETE
703,703,18299.75,2023-11-15 10:42:50.683098,2023-11-15 10:42:50.819924,0 days 00:00:00.136826,0.4,20,1.0,0.8,0,142,COMPLETE
704,704,18593.5,2023-11-15 10:42:50.821241,2023-11-15 10:42:50.982428,0 days 00:00:00.161187,0.5,10,1.0,0.7000000000000001,0,136,COMPLETE
705,705,19359.75,2023-11-15 10:42:50.986775,2023-11-15 10:42:51.108634,0 days 00:00:00.121859,0.4,10,0.75,0.6,0,145,COMPLETE
706,706,19261.0,2023-11-15 10:42:51.109991,2023-11-15 10:42:51.231043,0 days 00:00:00.121052,0.4,10,0.75,0.6,0,144,COMPLETE
707,707,14855.0,2023-11-15 10:42:51.232053,2023-11-15 10:42:51.378978,0 days 00:00:00.146925,0.4,70,0.75,0.6,0,142,COMPLETE
708,708,19161.25,2023-11-15 10:42:51.379977,2023-11-15 10:42:51.503777,0 days 00:00:00.123800,0.4,10,1.0,0.6,0,139,COMPLETE
709,709,17904.75,2023-11-15 10:42:51.504773,2023-11-15 10:42:51.636269,0 days 00:00:00.131496,0.4,10,0.75,0.6,3,150,COMPLETE
710,710,12948.25,2023-11-15 10:42:51.637703,2023-11-15 10:42:51.803457,0 days 00:00:00.165754,0.4,90,0.75,0.6,0,144,COMPLETE
711,711,16630.5,2023-11-15 10:42:51.804394,2023-11-15 10:42:51.950889,0 days 00:00:00.146495,0.4,10,0.5,0.6,61,140,COMPLETE
712,712,18972.0,2023-11-15 10:42:51.951872,2023-11-15 10:42:52.074180,0 days 00:00:00.122308,0.4,10,1.0,0.6,2,145,COMPLETE
713,713,17281.75,2023-11-15 10:42:52.075183,2023-11-15 10:42:52.238829,0 days 00:00:00.163646,0.4,10,0.5,0.6,4,148,COMPLETE
714,714,17490.25,2023-11-15 10:42:52.240128,2023-11-15 10:42:52.392422,0 days 00:00:00.152294,0.4,10,0.75,0.5,2,145,COMPLETE
715,715,19261.0,2023-11-15 10:42:52.395161,2023-11-15 10:42:52.531723,0 days 00:00:00.136562,0.4,10,0.75,0.6,0,141,COMPLETE
716,716,17691.5,2023-11-15 10:42:52.532683,2023-11-15 10:42:52.668726,0 days 00:00:00.136043,0.4,10,0.5,0.6,4,150,COMPLETE
717,717,18719.0,2023-11-15 10:42:52.669771,2023-11-15 10:42:52.811830,0 days 00:00:00.142059,0.5,10,0.75,0.8,2,147,COMPLETE
718,718,18487.75,2023-11-15 10:42:52.812875,2023-11-15 10:42:52.945556,0 days 00:00:00.132681,0.5,20,1.0,0.9,0,132,COMPLETE
719,719,15937.0,2023-11-15 10:42:52.946994,2023-11-15 10:42:53.110560,0 days 00:00:00.163566,0.5,10,0.5,0.5,5,136,COMPLETE
720,720,19166.0,2023-11-15 10:42:53.111569,2023-11-15 10:42:53.242874,0 days 00:00:00.131305,0.5,10,1.0,0.8,2,143,COMPLETE
721,721,17066.25,2023-11-15 10:42:53.244416,2023-11-15 10:42:53.395637,0 days 00:00:00.151221,0.4,10,0.75,0.6,7,145,COMPLETE
722,722,18834.0,2023-11-15 10:42:53.396863,2023-11-15 10:42:53.545755,0 days 00:00:00.148892,0.5,10,0.25,0.6,0,150,COMPLETE
723,723,4447.75,2023-11-15 10:42:53.546908,2023-11-15 10:42:53.818702,0 days 00:00:00.271794,0.5,10,1.0,0.5,4,138,COMPLETE
724,724,19261.0,2023-11-15 10:42:53.819651,2023-11-15 10:42:53.943464,0 days 00:00:00.123813,0.5,10,1.0,0.7000000000000001,2,147,COMPLETE
725,725,13191.0,2023-11-15 10:42:53.944419,2023-11-15 10:42:54.126103,0 days 00:00:00.181684,0.5,20,1.0,0.9,52,143,COMPLETE
726,726,19261.0,2023-11-15 10:42:54.127650,2023-11-15 10:42:54.251338,0 days 00:00:00.123688,0.5,10,1.0,0.7000000000000001,0,147,COMPLETE
727,727,19066.25,2023-11-15 10:42:54.252299,2023-11-15 10:42:54.372351,0 days 00:00:00.120052,0.4,10,1.0,0.8,3,141,COMPLETE
728,728,18972.0,2023-11-15 10:42:54.373338,2023-11-15 10:42:54.507806,0 days 00:00:00.134468,0.5,10,1.0,0.7000000000000001,5,145,COMPLETE
729,729,19113.5,2023-11-15 10:42:54.509176,2023-11-15 10:42:54.646502,0 days 00:00:00.137326,0.5,10,1.0,0.7000000000000001,2,148,COMPLETE
730,730,19261.0,2023-11-15 10:42:54.647934,2023-11-15 10:42:54.768944,0 days 00:00:00.121010,0.5,10,1.0,0.5,0,142,COMPLETE
731,731,10403.0,2023-11-15 10:42:54.770106,2023-11-15 10:42:54.982207,0 days 00:00:00.212101,0.5,10,1.0,0.6,6,150,COMPLETE
732,732,14856.25,2023-11-15 10:42:54.983200,2023-11-15 10:42:55.142280,0 days 00:00:00.159080,0.5,10,0.75,0.7000000000000001,4,139,COMPLETE
733,733,18863.5,2023-11-15 10:42:55.146471,2023-11-15 10:42:55.273667,0 days 00:00:00.127196,0.2,10,1.0,0.7000000000000001,2,145,COMPLETE
734,734,18250.75,2023-11-15 10:42:55.274864,2023-11-15 10:42:55.403530,0 days 00:00:00.128666,0.4,20,1.0,0.8,0,148,COMPLETE
735,735,17828.25,2023-11-15 10:42:55.404771,2023-11-15 10:42:55.540033,0 days 00:00:00.135262,0.5,10,1.0,0.6,3,144,COMPLETE
736,736,19163.75,2023-11-15 10:42:55.541290,2023-11-15 10:42:55.661815,0 days 00:00:00.120525,0.2,10,1.0,0.9,0,141,COMPLETE
737,737,14101.0,2023-11-15 10:42:55.662813,2023-11-15 10:42:55.825974,0 days 00:00:00.163161,0.5,80,1.0,0.7000000000000001,8,150,COMPLETE
738,738,15657.0,2023-11-15 10:42:55.827135,2023-11-15 10:42:55.973143,0 days 00:00:00.146008,0.2,60,1.0,0.7000000000000001,2,145,COMPLETE
739,739,17748.0,2023-11-15 10:42:55.974237,2023-11-15 10:42:56.110386,0 days 00:00:00.136149,0.5,10,1.0,0.6,5,147,COMPLETE
740,740,14693.0,2023-11-15 10:42:56.111394,2023-11-15 10:42:56.283782,0 days 00:00:00.172388,0.6,10,0.5,0.5,2,137,COMPLETE
741,741,19261.0,2023-11-15 10:42:56.284784,2023-11-15 10:42:56.404168,0 days 00:00:00.119384,0.2,10,1.0,0.7000000000000001,0,142,COMPLETE
742,742,18435.0,2023-11-15 10:42:56.405271,2023-11-15 10:42:56.536353,0 days 00:00:00.131082,0.5,10,1.0,0.8,4,150,COMPLETE
743,743,18972.0,2023-11-15 10:42:56.537555,2023-11-15 10:42:56.665420,0 days 00:00:00.127865,0.4,10,1.0,0.7000000000000001,7,145,COMPLETE
744,744,18651.0,2023-11-15 10:42:56.666754,2023-11-15 10:42:56.790999,0 days 00:00:00.124245,0.5,10,0.75,0.6,10,146,COMPLETE
745,745,19118.5,2023-11-15 10:42:56.792212,2023-11-15 10:42:56.923336,0 days 00:00:00.131124,0.2,10,1.0,0.7000000000000001,2,140,COMPLETE
746,746,19172.25,2023-11-15 10:42:56.924875,2023-11-15 10:42:57.048861,0 days 00:00:00.123986,0.5,10,1.0,0.8,0,147,COMPLETE
747,747,14826.5,2023-11-15 10:42:57.050137,2023-11-15 10:42:57.205883,0 days 00:00:00.155746,0.2,10,1.0,0.5,4,143,COMPLETE
748,748,16984.25,2023-11-15 10:42:57.206895,2023-11-15 10:42:57.345081,0 days 00:00:00.138186,0.5,20,1.0,0.6,15,150,COMPLETE
749,749,19261.0,2023-11-15 10:42:57.346110,2023-11-15 10:42:57.466542,0 days 00:00:00.120432,0.5,10,1.0,0.7000000000000001,2,147,COMPLETE
750,750,18482.0,2023-11-15 10:42:57.467602,2023-11-15 10:42:57.601412,0 days 00:00:00.133810,0.2,10,0.75,0.7000000000000001,6,134,COMPLETE
751,751,17399.25,2023-11-15 10:42:57.602449,2023-11-15 10:42:57.743789,0 days 00:00:00.141340,0.6,10,1.0,0.8,25,144,COMPLETE
752,752,18695.0,2023-11-15 10:42:57.745229,2023-11-15 10:42:57.877620,0 days 00:00:00.132391,0.5,10,1.0,0.7000000000000001,0,139,COMPLETE
753,753,19278.5,2023-11-15 10:42:57.879333,2023-11-15 10:42:58.011768,0 days 00:00:00.132435,0.2,10,1.0,0.9,3,148,COMPLETE
754,754,19132.0,2023-11-15 10:42:58.012841,2023-11-15 10:42:58.131165,0 days 00:00:00.118324,0.2,10,1.0,0.9,4,150,COMPLETE
755,755,19359.75,2023-11-15 10:42:58.132258,2023-11-15 10:42:58.262309,0 days 00:00:00.130051,0.2,10,1.0,0.9,6,148,COMPLETE
756,756,18393.5,2023-11-15 10:42:58.263423,2023-11-15 10:42:58.389555,0 days 00:00:00.126132,0.2,20,0.75,0.9,10,150,COMPLETE
757,757,19110.5,2023-11-15 10:42:58.390980,2023-11-15 10:42:58.515317,0 days 00:00:00.124337,0.2,10,1.0,0.9,12,143,COMPLETE
758,758,19359.75,2023-11-15 10:42:58.516351,2023-11-15 10:42:58.642958,0 days 00:00:00.126607,0.2,10,1.0,0.9,7,145,COMPLETE
759,759,18990.75,2023-11-15 10:42:58.644463,2023-11-15 10:42:58.790492,0 days 00:00:00.146029,0.2,10,1.0,0.9,8,141,COMPLETE
760,760,17598.75,2023-11-15 10:42:58.791800,2023-11-15 10:42:58.931478,0 days 00:00:00.139678,0.2,30,1.0,0.9,13,143,COMPLETE
761,761,18995.0,2023-11-15 10:42:58.932684,2023-11-15 10:42:59.083907,0 days 00:00:00.151223,0.2,10,1.0,0.9,8,137,COMPLETE
762,762,18941.25,2023-11-15 10:42:59.084975,2023-11-15 10:42:59.254711,0 days 00:00:00.169736,0.2,10,1.0,0.9,10,145,COMPLETE
763,763,19240.5,2023-11-15 10:42:59.255984,2023-11-15 10:42:59.399958,0 days 00:00:00.143974,0.2,10,1.0,0.9,7,148,COMPLETE
764,764,0.0,2023-11-15 10:42:59.401337,2023-11-15 10:42:59.534111,0 days 00:00:00.132774,0.2,10,1.0,0.9,9,8,COMPLETE
765,765,19112.75,2023-11-15 10:42:59.535672,2023-11-15 10:42:59.699337,0 days 00:00:00.163665,0.2,10,1.0,0.9,6,140,COMPLETE
766,766,19011.25,2023-11-15 10:42:59.700743,2023-11-15 10:42:59.868399,0 days 00:00:00.167656,0.2,10,1.0,0.9,7,150,COMPLETE
767,767,19359.75,2023-11-15 10:42:59.869659,2023-11-15 10:43:00.038888,0 days 00:00:00.169229,0.2,10,1.0,0.9,0,145,COMPLETE
768,768,19172.25,2023-11-15 10:43:00.040136,2023-11-15 10:43:00.191449,0 days 00:00:00.151313,0.2,10,1.0,0.9,0,142,COMPLETE
769,769,13367.5,2023-11-15 10:43:00.195160,2023-11-15 10:43:00.373862,0 days 00:00:00.178702,0.2,10,1.0,0.9,43,138,COMPLETE
770,770,18958.5,2023-11-15 10:43:00.375146,2023-11-15 10:43:00.521744,0 days 00:00:00.146598,0.2,10,0.25,0.9,0,144,COMPLETE
771,771,19093.25,2023-11-15 10:43:00.522694,2023-11-15 10:43:00.666059,0 days 00:00:00.143365,0.2,10,1.0,0.9,11,145,COMPLETE
772,772,17952.25,2023-11-15 10:43:00.667110,2023-11-15 10:43:00.817108,0 days 00:00:00.149998,0.2,20,0.5,0.9,0,135,COMPLETE
773,773,19182.75,2023-11-15 10:43:00.818189,2023-11-15 10:43:00.954730,0 days 00:00:00.136541,0.2,10,1.0,0.9,2,142,COMPLETE
774,774,19359.75,2023-11-15 10:43:00.955745,2023-11-15 10:43:01.089579,0 days 00:00:00.133834,0.2,10,0.75,0.9,0,145,COMPLETE
775,775,19261.0,2023-11-15 10:43:01.090541,2023-11-15 10:43:01.217392,0 days 00:00:00.126851,0.2,10,0.75,0.9,2,147,COMPLETE
776,776,19111.25,2023-11-15 10:43:01.218435,2023-11-15 10:43:01.365148,0 days 00:00:00.146713,0.2,10,0.75,0.9,5,150,COMPLETE
777,777,19359.75,2023-11-15 10:43:01.366639,2023-11-15 10:43:01.499280,0 days 00:00:00.132641,0.2,10,0.75,0.9,0,145,COMPLETE
778,778,19064.75,2023-11-15 10:43:01.500446,2023-11-15 10:43:01.642192,0 days 00:00:00.141746,0.2,10,0.75,0.9,0,139,COMPLETE
779,779,18588.25,2023-11-15 10:43:01.643448,2023-11-15 10:43:01.790927,0 days 00:00:00.147479,0.2,20,0.75,0.9,0,145,COMPLETE
780,780,19171.5,2023-11-15 10:43:01.792375,2023-11-15 10:43:01.939938,0 days 00:00:00.147563,0.2,10,0.75,0.9,0,141,COMPLETE
781,781,19292.25,2023-11-15 10:43:01.941111,2023-11-15 10:43:02.115926,0 days 00:00:00.174815,0.2,10,0.75,0.9,2,145,COMPLETE
782,782,18818.25,2023-11-15 10:43:02.118240,2023-11-15 10:43:02.333722,0 days 00:00:00.215482,0.2,10,0.75,0.9,4,139,COMPLETE
783,783,18791.75,2023-11-15 10:43:02.334891,2023-11-15 10:43:02.491384,0 days 00:00:00.156493,0.2,10,0.75,0.9,3,144,COMPLETE
784,784,19066.25,2023-11-15 10:43:02.492808,2023-11-15 10:43:02.618676,0 days 00:00:00.125868,0.2,10,0.75,0.9,6,140,COMPLETE
785,785,3372.0,2023-11-15 10:43:02.619631,2023-11-15 10:43:02.810353,0 days 00:00:00.190722,0.2,10,0.75,0.9,2,62,COMPLETE
786,786,18791.75,2023-11-15 10:43:02.811511,2023-11-15 10:43:02.944592,0 days 00:00:00.133081,0.2,10,0.75,0.9,3,144,COMPLETE
787,787,18300.5,2023-11-15 10:43:02.945762,2023-11-15 10:43:03.084053,0 days 00:00:00.138291,0.2,20,0.75,0.9,5,142,COMPLETE
788,788,19161.25,2023-11-15 10:43:03.085074,2023-11-15 10:43:03.206386,0 days 00:00:00.121312,0.2,10,0.75,0.9,2,137,COMPLETE
789,789,19359.75,2023-11-15 10:43:03.207400,2023-11-15 10:43:03.337627,0 days 00:00:00.130227,0.2,10,0.75,0.9,0,145,COMPLETE
790,790,18924.75,2023-11-15 10:43:03.338619,2023-11-15 10:43:03.472488,0 days 00:00:00.133869,0.2,10,0.75,0.9,8,132,COMPLETE
791,791,19292.25,2023-11-15 10:43:03.473582,2023-11-15 10:43:03.602169,0 days 00:00:00.128587,0.2,10,0.75,0.9,2,145,COMPLETE
792,792,0.0,2023-11-15 10:43:03.603215,2023-11-15 10:43:03.744951,0 days 00:00:00.141736,0.2,10,0.75,0.9,5,21,COMPLETE
793,793,18079.0,2023-11-15 10:43:03.746292,2023-11-15 10:43:03.883700,0 days 00:00:00.137408,0.2,10,0.75,0.9,9,136,COMPLETE
794,794,19093.75,2023-11-15 10:43:03.884855,2023-11-15 10:43:04.013144,0 days 00:00:00.128289,0.2,10,0.75,0.9,6,142,COMPLETE
795,795,18791.75,2023-11-15 10:43:04.014339,2023-11-15 10:43:04.147628,0 days 00:00:00.133289,0.2,10,0.75,0.9,4,144,COMPLETE
796,796,18973.0,2023-11-15 10:43:04.148600,2023-11-15 10:43:04.277713,0 days 00:00:00.129113,0.2,10,0.75,0.9,3,141,COMPLETE
797,797,19071.25,2023-11-15 10:43:04.278794,2023-11-15 10:43:04.403574,0 days 00:00:00.124780,0.2,10,0.75,0.9,2,65,COMPLETE
798,798,19100.0,2023-11-15 10:43:04.404647,2023-11-15 10:43:04.539976,0 days 00:00:00.135329,0.2,10,0.75,0.9,6,146,COMPLETE
799,799,14155.0,2023-11-15 10:43:04.541786,2023-11-15 10:43:04.706534,0 days 00:00:00.164748,0.2,20,0.75,0.9,48,138,COMPLETE
800,800,19163.5,2023-11-15 10:43:04.707555,2023-11-15 10:43:04.839544,0 days 00:00:00.131989,0.2,10,0.75,0.9,2,144,COMPLETE
801,801,18992.75,2023-11-15 10:43:04.840559,2023-11-15 10:43:04.976672,0 days 00:00:00.136113,0.2,10,0.75,0.9,4,143,COMPLETE
802,802,18385.25,2023-11-15 10:43:04.977709,2023-11-15 10:43:05.107056,0 days 00:00:00.129347,0.2,10,0.75,0.9,11,68,COMPLETE
803,803,19292.25,2023-11-15 10:43:05.108175,2023-11-15 10:43:05.238818,0 days 00:00:00.130643,0.2,10,0.75,0.9,2,145,COMPLETE
804,804,19261.0,2023-11-15 10:43:05.239988,2023-11-15 10:43:05.370575,0 days 00:00:00.130587,0.2,10,0.75,0.9,0,140,COMPLETE
805,805,19276.25,2023-11-15 10:43:05.371607,2023-11-15 10:43:05.501264,0 days 00:00:00.129657,0.2,10,0.75,0.9,2,146,COMPLETE
806,806,18973.0,2023-11-15 10:43:05.502344,2023-11-15 10:43:05.628116,0 days 00:00:00.125772,0.2,10,0.75,0.9,2,141,COMPLETE
807,807,18901.75,2023-11-15 10:43:05.629469,2023-11-15 10:43:05.771525,0 days 00:00:00.142056,0.2,10,0.75,0.9,39,146,COMPLETE
808,808,17955.75,2023-11-15 10:43:05.772546,2023-11-15 10:43:05.908975,0 days 00:00:00.136429,0.2,20,0.75,0.9,0,135,COMPLETE
809,809,18895.5,2023-11-15 10:43:05.910572,2023-11-15 10:43:06.038332,0 days 00:00:00.127760,0.2,10,0.75,0.9,2,67,COMPLETE
810,810,19163.5,2023-11-15 10:43:06.039350,2023-11-15 10:43:06.172456,0 days 00:00:00.133106,0.2,10,0.75,0.9,2,144,COMPLETE
811,811,19261.0,2023-11-15 10:43:06.173505,2023-11-15 10:43:06.296402,0 days 00:00:00.122897,0.2,10,0.75,0.9,0,147,COMPLETE
812,812,18797.25,2023-11-15 10:43:06.297568,2023-11-15 10:43:06.432960,0 days 00:00:00.135392,0.2,10,0.75,0.9,2,64,COMPLETE
813,813,18390.5,2023-11-15 10:43:06.434307,2023-11-15 10:43:06.574051,0 days 00:00:00.139744,0.2,10,0.75,0.9,56,142,COMPLETE
814,814,19261.0,2023-11-15 10:43:06.575248,2023-11-15 10:43:06.703998,0 days 00:00:00.128750,0.2,10,0.75,0.9,0,147,COMPLETE
815,815,18985.25,2023-11-15 10:43:06.705103,2023-11-15 10:43:06.835758,0 days 00:00:00.130655,0.2,10,0.75,0.9,4,138,COMPLETE
816,816,19063.75,2023-11-15 10:43:06.836883,2023-11-15 10:43:06.974279,0 days 00:00:00.137396,0.2,10,0.75,0.9,2,68,COMPLETE
817,817,18394.75,2023-11-15 10:43:06.975781,2023-11-15 10:43:07.108249,0 days 00:00:00.132468,0.2,20,0.75,0.9,0,143,COMPLETE
818,818,19276.25,2023-11-15 10:43:07.110005,2023-11-15 10:43:07.242078,0 days 00:00:00.132073,0.2,10,0.75,0.9,3,146,COMPLETE
819,819,19006.5,2023-11-15 10:43:07.243560,2023-11-15 10:43:07.375610,0 days 00:00:00.132050,0.2,10,0.75,0.9,2,139,COMPLETE
820,820,18973.0,2023-11-15 10:43:07.377245,2023-11-15 10:43:07.511883,0 days 00:00:00.134638,0.2,10,0.75,0.9,3,141,COMPLETE
821,821,19359.75,2023-11-15 10:43:07.512894,2023-11-15 10:43:07.638724,0 days 00:00:00.125830,0.2,10,0.75,0.9,0,145,COMPLETE
822,822,19182.25,2023-11-15 10:43:07.639949,2023-11-15 10:43:07.771324,0 days 00:00:00.131375,0.2,10,0.75,0.9,0,70,COMPLETE
823,823,19261.0,2023-11-15 10:43:07.772425,2023-11-15 10:43:07.901461,0 days 00:00:00.129036,0.2,10,0.75,0.9,0,142,COMPLETE
824,824,18740.0,2023-11-15 10:43:07.902538,2023-11-15 10:43:08.027190,0 days 00:00:00.124652,0.2,10,0.75,0.9,0,32,COMPLETE
825,825,18588.25,2023-11-15 10:43:08.028260,2023-11-15 10:43:08.170126,0 days 00:00:00.141866,0.2,20,0.75,0.9,2,145,COMPLETE
826,826,18923.0,2023-11-15 10:43:08.171177,2023-11-15 10:43:08.301003,0 days 00:00:00.129826,0.2,10,0.75,0.9,0,135,COMPLETE
827,827,16196.5,2023-11-15 10:43:08.302159,2023-11-15 10:43:08.447600,0 days 00:00:00.145441,0.2,50,0.75,0.9,2,138,COMPLETE
828,828,19261.0,2023-11-15 10:43:08.449011,2023-11-15 10:43:08.581271,0 days 00:00:00.132260,0.2,10,0.75,0.9,0,142,COMPLETE
829,829,18890.25,2023-11-15 10:43:08.582603,2023-11-15 10:43:08.714558,0 days 00:00:00.131955,0.2,10,0.75,0.9,2,69,COMPLETE
830,830,4797.75,2023-11-15 10:43:08.716014,2023-11-15 10:43:08.894290,0 days 00:00:00.178276,0.2,10,0.75,0.9,4,60,COMPLETE
831,831,19071.25,2023-11-15 10:43:08.895605,2023-11-15 10:43:09.031772,0 days 00:00:00.136167,0.2,10,0.75,0.9,2,65,COMPLETE
832,832,19359.75,2023-11-15 10:43:09.032835,2023-11-15 10:43:09.158698,0 days 00:00:00.125863,0.2,10,0.75,0.9,0,145,COMPLETE
833,833,19064.75,2023-11-15 10:43:09.160046,2023-11-15 10:43:09.292958,0 days 00:00:00.132912,0.2,10,0.75,0.9,0,139,COMPLETE
834,834,19261.0,2023-11-15 10:43:09.294228,2023-11-15 10:43:09.429895,0 days 00:00:00.135667,0.2,10,0.75,0.9,0,143,COMPLETE
835,835,19260.75,2023-11-15 10:43:09.431248,2023-11-15 10:43:09.556861,0 days 00:00:00.125613,0.2,10,0.5,0.9,0,71,COMPLETE
836,836,17571.25,2023-11-15 10:43:09.557952,2023-11-15 10:43:09.699689,0 days 00:00:00.141737,0.2,30,0.75,0.9,2,143,COMPLETE
837,837,19261.0,2023-11-15 10:43:09.700662,2023-11-15 10:43:09.828321,0 days 00:00:00.127659,0.2,10,0.75,0.9,0,147,COMPLETE
838,838,18394.75,2023-11-15 10:43:09.829470,2023-11-15 10:43:09.963787,0 days 00:00:00.134317,0.2,20,0.75,0.9,4,140,COMPLETE
839,839,19292.25,2023-11-15 10:43:09.965267,2023-11-15 10:43:10.097395,0 days 00:00:00.132128,0.2,10,0.75,0.9,2,145,COMPLETE
840,840,19064.75,2023-11-15 10:43:10.098567,2023-11-15 10:43:10.230499,0 days 00:00:00.131932,0.2,10,0.75,0.9,0,139,COMPLETE
841,841,18647.5,2023-11-15 10:43:10.231568,2023-11-15 10:43:10.368343,0 days 00:00:00.136775,0.2,10,0.75,0.9,2,136,COMPLETE
842,842,19161.25,2023-11-15 10:43:10.369427,2023-11-15 10:43:10.499180,0 days 00:00:00.129753,0.2,10,0.75,0.9,0,69,COMPLETE
843,843,19163.5,2023-11-15 10:43:10.500225,2023-11-15 10:43:10.633841,0 days 00:00:00.133616,0.2,10,0.75,0.9,2,144,COMPLETE
844,844,19261.0,2023-11-15 10:43:10.635042,2023-11-15 10:43:10.764229,0 days 00:00:00.129187,0.1,10,0.75,0.9,0,141,COMPLETE
845,845,19012.25,2023-11-15 10:43:10.765235,2023-11-15 10:43:10.898920,0 days 00:00:00.133685,0.2,10,0.5,0.9,4,72,COMPLETE
846,846,18588.25,2023-11-15 10:43:10.899995,2023-11-15 10:43:11.062455,0 days 00:00:00.162460,0.2,20,0.75,0.9,2,145,COMPLETE
847,847,19161.25,2023-11-15 10:43:11.063550,2023-11-15 10:43:11.199229,0 days 00:00:00.135679,0.2,10,0.75,0.9,0,129,COMPLETE
848,848,18937.25,2023-11-15 10:43:11.200246,2023-11-15 10:43:11.332043,0 days 00:00:00.131797,0.2,10,0.75,0.9,4,65,COMPLETE
849,849,19063.75,2023-11-15 10:43:11.333098,2023-11-15 10:43:11.459850,0 days 00:00:00.126752,0.2,10,0.75,0.9,2,68,COMPLETE
850,850,18488.75,2023-11-15 10:43:11.460919,2023-11-15 10:43:11.640190,0 days 00:00:00.179271,0.2,10,0.75,0.9,32,142,COMPLETE
851,851,18837.5,2023-11-15 10:43:11.641167,2023-11-15 10:43:11.776690,0 days 00:00:00.135523,0.2,10,0.75,0.9,0,133,COMPLETE
