,number,value,datetime_start,datetime_complete,duration,params_alpha,params_decay_interval,params_decay_rate,params_gamma,params_initialization,params_max_steps,state
2385,2385,17857.25,2023-11-15 13:24:18.030546,2023-11-15 13:24:18.288062,0 days 00:00:00.257516,0.9,10,1.25,0.8,66,94,COMPLETE
2386,2386,18497.5,2023-11-15 13:24:18.289784,2023-11-15 13:24:18.534221,0 days 00:00:00.244437,0.8,10,1.0,0.8,7,96,COMPLETE
2387,2387,17830.75,2023-11-15 13:24:18.535668,2023-11-15 13:24:18.809961,0 days 00:00:00.274293,0.8,20,1.25,0.8,24,98,COMPLETE
2388,2388,18681.25,2023-11-15 13:24:18.811320,2023-11-15 13:24:19.066054,0 days 00:00:00.254734,0.8,10,1.25,0.8,16,99,COMPLETE
2389,2389,18218.25,2023-11-15 13:24:19.067510,2023-11-15 13:24:19.320099,0 days 00:00:00.252589,0.8,10,1.25,0.9,11,97,COMPLETE
2390,2390,18304.25,2023-11-15 13:24:19.321629,2023-11-15 13:24:19.586105,0 days 00:00:00.264476,0.8,10,1.5,0.7000000000000001,2,100,COMPLETE
2391,2391,17831.5,2023-11-15 13:24:19.587531,2023-11-15 13:24:19.844166,0 days 00:00:00.256635,0.7000000000000001,10,1.25,0.8,22,95,COMPLETE
2392,2392,18399.0,2023-11-15 13:24:19.845736,2023-11-15 13:24:20.098069,0 days 00:00:00.252333,0.8,10,1.75,0.8,14,98,COMPLETE
2393,2393,18492.5,2023-11-15 13:24:20.099415,2023-11-15 13:24:20.353428,0 days 00:00:00.254013,0.8,10,1.25,0.8,19,100,COMPLETE
2394,2394,18124.0,2023-11-15 13:24:20.354836,2023-11-15 13:24:20.601770,0 days 00:00:00.246934,0.8,10,1.25,0.8,26,82,COMPLETE
2395,2395,18399.5,2023-11-15 13:24:20.603147,2023-11-15 13:24:20.859820,0 days 00:00:00.256673,0.8,10,2.25,0.8,17,97,COMPLETE
2396,2396,18126.75,2023-11-15 13:24:20.861585,2023-11-15 13:24:21.113880,0 days 00:00:00.252295,0.8,20,1.0,0.8,8,96,COMPLETE
2397,2397,16462.5,2023-11-15 13:24:21.115264,2023-11-15 13:24:21.417846,0 days 00:00:00.302582,0.8,40,1.25,0.7000000000000001,4,93,COMPLETE
2398,2398,18209.75,2023-11-15 13:24:21.419528,2023-11-15 13:24:21.732848,0 days 00:00:00.313320,0.8,10,1.5,0.8,12,99,COMPLETE
2399,2399,18023.5,2023-11-15 13:24:21.734476,2023-11-15 13:24:22.034775,0 days 00:00:00.300299,0.8,10,1.25,0.8,21,98,COMPLETE
2400,2400,17275.0,2023-11-15 13:24:22.036471,2023-11-15 13:24:22.333428,0 days 00:00:00.296957,0.8,30,1.25,0.9,15,100,COMPLETE
2401,2401,18028.0,2023-11-15 13:24:22.335060,2023-11-15 13:24:22.641492,0 days 00:00:00.306432,0.7000000000000001,10,1.25,0.8,6,96,COMPLETE
2402,2402,18022.0,2023-11-15 13:24:22.643767,2023-11-15 13:24:22.908258,0 days 00:00:00.264491,0.8,10,1.0,0.8,18,98,COMPLETE
2403,2403,18492.5,2023-11-15 13:24:22.910432,2023-11-15 13:24:23.162691,0 days 00:00:00.252259,0.8,10,1.25,0.8,14,100,COMPLETE
2404,2404,18397.25,2023-11-15 13:24:23.163975,2023-11-15 13:24:23.413262,0 days 00:00:00.249287,0.9,10,1.25,0.8,9,94,COMPLETE
2405,2405,18218.0,2023-11-15 13:24:23.414594,2023-11-15 13:24:23.701075,0 days 00:00:00.286481,0.8,10,1.25,0.8,20,97,COMPLETE
2406,2406,18265.25,2023-11-15 13:24:23.704097,2023-11-15 13:24:23.977889,0 days 00:00:00.273792,0.8,10,1.25,0.9,2,98,COMPLETE
2407,2407,17831.25,2023-11-15 13:24:23.979262,2023-11-15 13:24:24.236349,0 days 00:00:00.257087,0.8,10,1.5,0.8,17,95,COMPLETE
2408,2408,18212.25,2023-11-15 13:24:24.238003,2023-11-15 13:24:24.491420,0 days 00:00:00.253417,0.8,10,1.25,0.7000000000000001,11,100,COMPLETE
2409,2409,17782.5,2023-11-15 13:24:24.493508,2023-11-15 13:24:24.764759,0 days 00:00:00.271251,0.8,20,1.0,0.8,16,98,COMPLETE
2410,2410,17842.25,2023-11-15 13:24:24.766098,2023-11-15 13:24:25.030087,0 days 00:00:00.263989,0.7000000000000001,10,1.25,0.8,32,96,COMPLETE
2411,2411,18492.5,2023-11-15 13:24:25.031513,2023-11-15 13:24:25.299367,0 days 00:00:00.267854,0.8,10,1.25,0.8,5,100,COMPLETE
2412,2412,18023.25,2023-11-15 13:24:25.300878,2023-11-15 13:24:25.560849,0 days 00:00:00.259971,0.8,10,1.25,0.8,55,98,COMPLETE
2413,2413,18396.25,2023-11-15 13:24:25.562364,2023-11-15 13:24:25.813388,0 days 00:00:00.251024,0.8,10,1.5,0.8,29,92,COMPLETE
2414,2414,18301.75,2023-11-15 13:24:25.814857,2023-11-15 13:24:26.066877,0 days 00:00:00.252020,0.8,10,1.25,0.8,24,96,COMPLETE
2415,2415,18493.0,2023-11-15 13:24:26.068270,2023-11-15 13:24:26.320651,0 days 00:00:00.252381,0.9,10,1.25,0.8,12,99,COMPLETE
2416,2416,18013.5,2023-11-15 13:24:26.322259,2023-11-15 13:24:26.572560,0 days 00:00:00.250301,0.8,20,1.75,0.9,20,100,COMPLETE
2417,2417,18032.75,2023-11-15 13:24:26.574454,2023-11-15 13:24:26.833463,0 days 00:00:00.259009,0.8,10,1.0,0.8,59,97,COMPLETE
2418,2418,17837.25,2023-11-15 13:24:26.835161,2023-11-15 13:24:27.097797,0 days 00:00:00.262636,0.8,10,1.25,0.8,14,95,COMPLETE
2419,2419,18023.5,2023-11-15 13:24:27.099388,2023-11-15 13:24:27.357321,0 days 00:00:00.257933,0.8,10,1.25,0.8,8,98,COMPLETE
2420,2420,17672.75,2023-11-15 13:24:27.358634,2023-11-15 13:24:27.614948,0 days 00:00:00.256314,0.8,10,1.25,0.4,22,90,COMPLETE
2421,2421,18398.25,2023-11-15 13:24:27.616373,2023-11-15 13:24:27.869138,0 days 00:00:00.252765,0.8,10,1.25,0.8,18,100,COMPLETE
2422,2422,18208.25,2023-11-15 13:24:27.871012,2023-11-15 13:24:28.129417,0 days 00:00:00.258405,0.8,10,1.5,0.8,39,93,COMPLETE
2423,2423,18023.5,2023-11-15 13:24:28.130712,2023-11-15 13:24:28.387018,0 days 00:00:00.256306,0.8,10,1.25,0.8,6,98,COMPLETE
2424,2424,18303.75,2023-11-15 13:24:28.388543,2023-11-15 13:24:28.637694,0 days 00:00:00.249151,0.8,10,1.25,0.7000000000000001,2,96,COMPLETE
2425,2425,18238.5,2023-11-15 13:24:28.639691,2023-11-15 13:24:28.920422,0 days 00:00:00.280731,0.8,10,1.0,0.8,16,100,COMPLETE
2426,2426,18042.75,2023-11-15 13:24:28.922090,2023-11-15 13:24:29.181992,0 days 00:00:00.259902,0.8,10,1.25,0.5,13,97,COMPLETE
2427,2427,16271.75,2023-11-15 13:24:29.183496,2023-11-15 13:24:29.438674,0 days 00:00:00.255178,0.8,20,1.25,0.8,10,45,COMPLETE
2428,2428,760.5,2023-11-15 13:24:29.440566,2023-11-15 13:24:30.001148,0 days 00:00:00.560582,0.8,50,1.25,0.8,0,94,COMPLETE
2429,2429,18493.0,2023-11-15 13:24:30.002489,2023-11-15 13:24:30.261583,0 days 00:00:00.259094,0.9,10,1.25,0.8,19,99,COMPLETE
2430,2430,18025.5,2023-11-15 13:24:30.263150,2023-11-15 13:24:30.528913,0 days 00:00:00.265763,0.7000000000000001,10,1.5,0.8,3,98,COMPLETE
2431,2431,16333.0,2023-11-15 13:24:30.530418,2023-11-15 13:24:30.795504,0 days 00:00:00.265086,0.8,10,0.5,0.9,16,56,COMPLETE
2432,2432,18301.75,2023-11-15 13:24:30.797049,2023-11-15 13:24:31.046243,0 days 00:00:00.249194,0.8,10,1.25,0.8,21,96,COMPLETE
2433,2433,18399.5,2023-11-15 13:24:31.047683,2023-11-15 13:24:31.312071,0 days 00:00:00.264388,0.8,10,1.25,0.6,14,100,COMPLETE
2434,2434,18022.0,2023-11-15 13:24:31.313614,2023-11-15 13:24:31.570729,0 days 00:00:00.257115,0.8,10,1.0,0.8,18,98,COMPLETE
2435,2435,16917.5,2023-11-15 13:24:31.572373,2023-11-15 13:24:31.845483,0 days 00:00:00.273110,0.8,20,1.5,0.8,4,95,COMPLETE
2436,2436,15130.5,2023-11-15 13:24:31.847229,2023-11-15 13:24:32.158534,0 days 00:00:00.311305,0.1,10,1.25,0.8,8,100,COMPLETE
2437,2437,18118.75,2023-11-15 13:24:32.160398,2023-11-15 13:24:32.424761,0 days 00:00:00.264363,0.8,10,1.0,0.7000000000000001,10,97,COMPLETE
2438,2438,18023.5,2023-11-15 13:24:32.426354,2023-11-15 13:24:32.680785,0 days 00:00:00.254431,0.8,10,1.25,0.8,12,98,COMPLETE
2439,2439,18681.25,2023-11-15 13:24:32.682361,2023-11-15 13:24:32.946679,0 days 00:00:00.264318,0.8,10,1.25,0.8,23,99,COMPLETE
2440,2440,18112.5,2023-11-15 13:24:32.948314,2023-11-15 13:24:33.238012,0 days 00:00:00.289698,0.8,10,1.25,0.8,6,95,COMPLETE
2441,2441,18305.25,2023-11-15 13:24:33.240280,2023-11-15 13:24:33.506319,0 days 00:00:00.266039,0.7000000000000001,10,1.25,0.9,15,97,COMPLETE
2442,2442,18307.0,2023-11-15 13:24:33.507993,2023-11-15 13:24:33.769013,0 days 00:00:00.261020,0.9,10,1.25,0.8,19,100,COMPLETE
2443,2443,18398.5,2023-11-15 13:24:33.770601,2023-11-15 13:24:34.033652,0 days 00:00:00.263051,0.8,10,1.5,0.8,17,98,COMPLETE
2444,2444,18301.75,2023-11-15 13:24:34.035012,2023-11-15 13:24:34.286919,0 days 00:00:00.251907,0.8,10,1.25,0.8,21,96,COMPLETE
2445,2445,15244.25,2023-11-15 13:24:34.288409,2023-11-15 13:24:34.557869,0 days 00:00:00.269460,0.8,60,1.75,0.8,13,93,COMPLETE
2446,2446,18492.5,2023-11-15 13:24:34.559216,2023-11-15 13:24:34.819640,0 days 00:00:00.260424,0.8,10,1.25,0.8,4,100,COMPLETE
2447,2447,17830.75,2023-11-15 13:24:34.821026,2023-11-15 13:24:35.084662,0 days 00:00:00.263636,0.8,20,1.25,0.8,16,98,COMPLETE
2448,2448,14883.0,2023-11-15 13:24:35.086071,2023-11-15 13:24:35.340383,0 days 00:00:00.254312,0.8,10,1.25,0.8,8,34,COMPLETE
2449,2449,18497.5,2023-11-15 13:24:35.342118,2023-11-15 13:24:35.596813,0 days 00:00:00.254695,0.8,10,1.0,0.8,18,96,COMPLETE
2450,2450,18400.5,2023-11-15 13:24:35.598289,2023-11-15 13:24:35.861423,0 days 00:00:00.263134,0.7000000000000001,10,1.5,0.7000000000000001,20,100,COMPLETE
2451,2451,18400.0,2023-11-15 13:24:35.862873,2023-11-15 13:24:36.124927,0 days 00:00:00.262054,0.8,10,1.25,0.9,11,94,COMPLETE
2452,2452,18023.5,2023-11-15 13:24:36.126290,2023-11-15 13:24:36.431847,0 days 00:00:00.305557,0.8,10,1.25,0.8,14,98,COMPLETE
2453,2453,18218.0,2023-11-15 13:24:36.433857,2023-11-15 13:24:36.797292,0 days 00:00:00.363435,0.8,10,1.25,0.8,23,97,COMPLETE
2454,2454,18307.0,2023-11-15 13:24:36.798815,2023-11-15 13:24:37.106155,0 days 00:00:00.307340,0.9,10,1.25,0.8,26,100,COMPLETE
2455,2455,18023.5,2023-11-15 13:24:37.108425,2023-11-15 13:24:37.433245,0 days 00:00:00.324820,0.8,10,1.25,0.8,6,98,COMPLETE
2456,2456,14306.5,2023-11-15 13:24:37.434937,2023-11-15 13:24:37.794983,0 days 00:00:00.360046,0.8,70,1.0,0.8,1,95,COMPLETE
2457,2457,17919.25,2023-11-15 13:24:37.796994,2023-11-15 13:24:38.113115,0 days 00:00:00.316121,0.8,20,1.25,0.9,17,99,COMPLETE
2458,2458,14009.25,2023-11-15 13:24:38.114953,2023-11-15 13:24:38.396199,0 days 00:00:00.281246,0.8,80,1.5,0.8,15,97,COMPLETE
2459,2459,18398.25,2023-11-15 13:24:38.397588,2023-11-15 13:24:38.656762,0 days 00:00:00.259174,0.8,10,1.25,0.8,9,100,COMPLETE
2460,2460,18116.5,2023-11-15 13:24:38.658454,2023-11-15 13:24:38.918502,0 days 00:00:00.260048,0.8,10,1.25,0.7000000000000001,19,96,COMPLETE
2461,2461,18022.0,2023-11-15 13:24:38.920916,2023-11-15 13:24:39.183082,0 days 00:00:00.262166,0.8,10,1.0,0.8,12,98,COMPLETE
2462,2462,18492.5,2023-11-15 13:24:39.184648,2023-11-15 13:24:39.438487,0 days 00:00:00.253839,0.8,10,1.25,0.8,4,100,COMPLETE
2463,2463,17837.25,2023-11-15 13:24:39.440452,2023-11-15 13:24:39.701671,0 days 00:00:00.261219,0.8,10,1.25,0.8,21,95,COMPLETE
2464,2464,18209.5,2023-11-15 13:24:39.703138,2023-11-15 13:24:39.966210,0 days 00:00:00.263072,0.9,10,1.25,0.8,15,98,COMPLETE
2465,2465,17758.25,2023-11-15 13:24:39.967601,2023-11-15 13:24:40.235225,0 days 00:00:00.267624,0.8,10,1.5,0.8,93,92,COMPLETE
2466,2466,17197.5,2023-11-15 13:24:40.236941,2023-11-15 13:24:40.493150,0 days 00:00:00.256209,0.8,10,1.25,0.8,2,65,COMPLETE
2467,2467,18013.5,2023-11-15 13:24:40.494919,2023-11-15 13:24:40.758329,0 days 00:00:00.263410,0.8,20,1.25,0.8,7,100,COMPLETE
2468,2468,18394.5,2023-11-15 13:24:40.759749,2023-11-15 13:24:41.026268,0 days 00:00:00.266519,0.8,10,1.25,0.8,17,96,COMPLETE
2469,2469,18399.0,2023-11-15 13:24:41.027909,2023-11-15 13:24:41.283049,0 days 00:00:00.255140,0.8,10,2.0,0.8,10,98,COMPLETE
2470,2470,18305.25,2023-11-15 13:24:41.284925,2023-11-15 13:24:41.541777,0 days 00:00:00.256852,0.7000000000000001,10,1.25,0.9,13,97,COMPLETE
2471,2471,7228.0,2023-11-15 13:24:41.543139,2023-11-15 13:24:41.801155,0 days 00:00:00.258016,0.8,10,1.5,0.8,18,14,COMPLETE
2472,2472,18486.25,2023-11-15 13:24:41.802440,2023-11-15 13:24:42.061570,0 days 00:00:00.259130,0.8,10,1.25,0.8,5,94,COMPLETE
2473,2473,18322.0,2023-11-15 13:24:42.062931,2023-11-15 13:24:42.321328,0 days 00:00:00.258397,0.8,10,1.0,0.8,20,99,COMPLETE
2474,2474,199.5,2023-11-15 13:24:42.323223,2023-11-15 13:24:42.847197,0 days 00:00:00.523974,0.6,10,1.25,0.7000000000000001,0,100,COMPLETE
2475,2475,18301.75,2023-11-15 13:24:42.848656,2023-11-15 13:24:43.107352,0 days 00:00:00.258696,0.8,10,1.25,0.8,24,96,COMPLETE
2476,2476,18023.5,2023-11-15 13:24:43.108749,2023-11-15 13:24:43.367122,0 days 00:00:00.258373,0.8,10,1.25,0.8,13,98,COMPLETE
2477,2477,18013.5,2023-11-15 13:24:43.368467,2023-11-15 13:24:43.630530,0 days 00:00:00.262063,0.8,20,1.25,0.8,16,100,COMPLETE
2478,2478,18215.0,2023-11-15 13:24:43.632156,2023-11-15 13:24:43.895515,0 days 00:00:00.263359,0.9,10,1.0,0.8,22,97,COMPLETE
2479,2479,17847.5,2023-11-15 13:24:43.897470,2023-11-15 13:24:44.161624,0 days 00:00:00.264154,0.8,10,1.25,0.8,70,94,COMPLETE
2480,2480,17002.0,2023-11-15 13:24:44.163083,2023-11-15 13:24:44.432553,0 days 00:00:00.269470,0.7000000000000001,40,1.25,0.9,3,98,COMPLETE
2481,2481,18304.25,2023-11-15 13:24:44.434177,2023-11-15 13:24:44.698838,0 days 00:00:00.264661,0.8,10,1.5,0.7000000000000001,11,100,COMPLETE
2482,2482,18300.75,2023-11-15 13:24:44.700175,2023-11-15 13:24:45.001671,0 days 00:00:00.301496,0.8,10,2.5,0.8,6,96,COMPLETE
2483,2483,18023.5,2023-11-15 13:24:45.003033,2023-11-15 13:24:45.265905,0 days 00:00:00.262872,0.8,10,1.25,0.8,15,98,COMPLETE
2484,2484,18681.25,2023-11-15 13:24:45.267267,2023-11-15 13:24:45.519203,0 days 00:00:00.251936,0.8,10,1.25,0.8,19,99,COMPLETE
2485,2485,18394.5,2023-11-15 13:24:45.520536,2023-11-15 13:24:45.779232,0 days 00:00:00.258696,0.8,10,1.25,0.8,9,96,COMPLETE
2486,2486,18492.75,2023-11-15 13:24:45.780593,2023-11-15 13:24:46.046642,0 days 00:00:00.266049,0.8,10,1.25,0.9,17,100,COMPLETE
2487,2487,17937.0,2023-11-15 13:24:46.048276,2023-11-15 13:24:46.311508,0 days 00:00:00.263232,0.8,20,1.75,0.8,14,94,COMPLETE
2488,2488,17371.5,2023-11-15 13:24:46.312937,2023-11-15 13:24:46.575194,0 days 00:00:00.262257,0.8,10,1.0,0.8,7,53,COMPLETE
2489,2489,18398.5,2023-11-15 13:24:46.576759,2023-11-15 13:24:46.838165,0 days 00:00:00.261406,0.8,10,1.5,0.8,20,98,COMPLETE
2490,2490,18218.0,2023-11-15 13:24:46.840251,2023-11-15 13:24:47.104934,0 days 00:00:00.264683,0.8,10,1.25,0.8,3,97,COMPLETE
2491,2491,17760.25,2023-11-15 13:24:47.106354,2023-11-15 13:24:47.376925,0 days 00:00:00.270571,0.4,10,1.25,0.8,12,100,COMPLETE
2492,2492,17837.25,2023-11-15 13:24:47.379471,2023-11-15 13:24:47.640313,0 days 00:00:00.260842,0.8,10,1.25,0.8,18,95,COMPLETE
2493,2493,18310.75,2023-11-15 13:24:47.641716,2023-11-15 13:24:47.905364,0 days 00:00:00.263648,0.8,10,1.25,0.8,22,92,COMPLETE
2494,2494,17934.75,2023-11-15 13:24:47.907106,2023-11-15 13:24:48.176394,0 days 00:00:00.269288,0.7000000000000001,10,0.75,0.8,16,98,COMPLETE
2495,2495,18361.0,2023-11-15 13:24:48.178158,2023-11-15 13:24:48.478855,0 days 00:00:00.300697,0.9,10,1.0,0.8,9,100,COMPLETE
2496,2496,16013.5,2023-11-15 13:24:48.480445,2023-11-15 13:24:48.770692,0 days 00:00:00.290247,0.2,10,1.25,0.7000000000000001,14,96,COMPLETE
2497,2497,18212.75,2023-11-15 13:24:48.773496,2023-11-15 13:24:49.044812,0 days 00:00:00.271316,0.8,10,1.5,0.8,25,98,COMPLETE
2498,2498,17919.25,2023-11-15 13:24:49.046190,2023-11-15 13:24:49.312338,0 days 00:00:00.266148,0.8,20,1.25,0.8,19,99,COMPLETE
2499,2499,15561.25,2023-11-15 13:24:49.313708,2023-11-15 13:24:49.578196,0 days 00:00:00.264488,0.8,10,1.25,0.9,5,39,COMPLETE
2500,2500,18218.0,2023-11-15 13:24:49.581490,2023-11-15 13:24:49.851356,0 days 00:00:00.269866,0.8,10,1.25,0.8,16,97,COMPLETE
2501,2501,18120.0,2023-11-15 13:24:49.853084,2023-11-15 13:24:50.123165,0 days 00:00:00.270081,0.8,10,1.25,0.6,12,100,COMPLETE
2502,2502,17837.25,2023-11-15 13:24:50.125845,2023-11-15 13:24:50.400343,0 days 00:00:00.274498,0.8,10,1.25,0.8,2,95,COMPLETE
2503,2503,18399.0,2023-11-15 13:24:50.401713,2023-11-15 13:24:50.667210,0 days 00:00:00.265497,0.8,10,1.75,0.8,28,98,COMPLETE
2504,2504,18394.5,2023-11-15 13:24:50.668561,2023-11-15 13:24:50.929840,0 days 00:00:00.261279,0.8,10,1.25,0.8,7,96,COMPLETE
2505,2505,17651.75,2023-11-15 13:24:50.931149,2023-11-15 13:24:51.193368,0 days 00:00:00.262219,0.8,20,1.5,0.8,18,93,COMPLETE
2506,2506,18306.0,2023-11-15 13:24:51.194796,2023-11-15 13:24:51.459862,0 days 00:00:00.265066,0.9,10,1.0,0.8,10,100,COMPLETE
2507,2507,17838.0,2023-11-15 13:24:51.461191,2023-11-15 13:24:51.750732,0 days 00:00:00.289541,0.5,10,1.25,0.8,21,98,COMPLETE
2508,2508,18218.0,2023-11-15 13:24:51.752457,2023-11-15 13:24:52.064534,0 days 00:00:00.312077,0.8,10,1.25,0.8,15,97,COMPLETE
2509,2509,18218.0,2023-11-15 13:24:52.083360,2023-11-15 13:24:52.393760,0 days 00:00:00.310400,0.8,10,1.25,0.9,5,100,COMPLETE
2510,2510,18117.75,2023-11-15 13:24:52.395646,2023-11-15 13:24:52.703619,0 days 00:00:00.307973,0.7000000000000001,10,2.75,0.8,13,98,COMPLETE
2511,2511,16821.25,2023-11-15 13:24:52.705496,2023-11-15 13:24:53.009642,0 days 00:00:00.304146,0.8,30,1.25,0.7000000000000001,17,95,COMPLETE
2512,2512,13295.5,2023-11-15 13:24:53.011218,2023-11-15 13:24:53.297714,0 days 00:00:00.286496,0.8,90,1.5,0.8,0,99,COMPLETE
2513,2513,18498.0,2023-11-15 13:24:53.299266,2023-11-15 13:24:53.566145,0 days 00:00:00.266879,0.8,10,1.0,0.8,20,96,COMPLETE
2514,2514,18399.5,2023-11-15 13:24:53.567491,2023-11-15 13:24:53.830118,0 days 00:00:00.262627,0.8,10,1.25,0.8,23,100,COMPLETE
2515,2515,17839.0,2023-11-15 13:24:53.831809,2023-11-15 13:24:54.096046,0 days 00:00:00.264237,0.8,20,1.25,0.8,8,97,COMPLETE
2516,2516,18023.5,2023-11-15 13:24:54.097448,2023-11-15 13:24:54.368042,0 days 00:00:00.270594,0.8,10,1.25,0.8,11,98,COMPLETE
2517,2517,18207.75,2023-11-15 13:24:54.369345,2023-11-15 13:24:54.642888,0 days 00:00:00.273543,0.8,10,1.25,0.8,35,93,COMPLETE
2518,2518,18125.25,2023-11-15 13:24:54.644370,2023-11-15 13:24:54.906470,0 days 00:00:00.262100,0.8,10,1.25,0.9,3,87,COMPLETE
2519,2519,18492.5,2023-11-15 13:24:54.907897,2023-11-15 13:24:55.172905,0 days 00:00:00.265008,0.8,10,1.25,0.8,15,100,COMPLETE
2520,2520,17746.5,2023-11-15 13:24:55.175133,2023-11-15 13:24:55.441314,0 days 00:00:00.266181,0.8,10,1.25,0.7000000000000001,18,95,COMPLETE
2521,2521,18323.25,2023-11-15 13:24:55.442664,2023-11-15 13:24:55.709885,0 days 00:00:00.267221,0.8,10,1.0,0.8,13,97,COMPLETE
2522,2522,17548.5,2023-11-15 13:24:55.711875,2023-11-15 13:24:55.971459,0 days 00:00:00.259584,0.8,10,1.5,0.8,21,58,COMPLETE
2523,2523,18399.75,2023-11-15 13:24:55.974140,2023-11-15 13:24:56.238570,0 days 00:00:00.264430,0.9,10,1.25,0.8,17,90,COMPLETE
2524,2524,18681.25,2023-11-15 13:24:56.240663,2023-11-15 13:24:56.529432,0 days 00:00:00.288769,0.8,10,1.25,0.8,5,99,COMPLETE
2525,2525,18265.25,2023-11-15 13:24:56.530783,2023-11-15 13:24:56.796753,0 days 00:00:00.265970,0.8,10,1.25,0.9,10,98,COMPLETE
2526,2526,18027.0,2023-11-15 13:24:56.798134,2023-11-15 13:24:57.064410,0 days 00:00:00.266276,0.7000000000000001,10,1.0,0.8,7,100,COMPLETE
2527,2527,18301.75,2023-11-15 13:24:57.066121,2023-11-15 13:24:57.323960,0 days 00:00:00.257839,0.8,10,1.25,0.8,19,96,COMPLETE
2528,2528,17937.0,2023-11-15 13:24:57.325408,2023-11-15 13:24:57.591294,0 days 00:00:00.265886,0.8,20,1.5,0.8,14,94,COMPLETE
2529,2529,18033.25,2023-11-15 13:24:57.592954,2023-11-15 13:24:57.864676,0 days 00:00:00.271722,0.8,10,1.25,0.8,23,98,COMPLETE
2530,2530,18492.5,2023-11-15 13:24:57.866047,2023-11-15 13:24:58.142279,0 days 00:00:00.276232,0.8,10,1.25,0.8,2,100,COMPLETE
2531,2531,18394.5,2023-11-15 13:24:58.143635,2023-11-15 13:24:58.441360,0 days 00:00:00.297725,0.8,10,1.25,0.8,16,96,COMPLETE
2532,2532,18023.5,2023-11-15 13:24:58.443194,2023-11-15 13:24:58.710117,0 days 00:00:00.266923,0.8,10,1.25,0.8,4,98,COMPLETE
2533,2533,18304.25,2023-11-15 13:24:58.712168,2023-11-15 13:24:58.977346,0 days 00:00:00.265178,0.8,10,1.5,0.7000000000000001,12,100,COMPLETE
2534,2534,18323.25,2023-11-15 13:24:58.978727,2023-11-15 13:24:59.249604,0 days 00:00:00.270877,0.8,10,1.0,0.8,20,97,COMPLETE
2535,2535,17845.5,2023-11-15 13:24:59.251292,2023-11-15 13:24:59.520306,0 days 00:00:00.269014,0.7000000000000001,20,1.75,0.8,9,94,COMPLETE
2536,2536,17744.5,2023-11-15 13:24:59.522050,2023-11-15 13:24:59.817783,0 days 00:00:00.295733,0.8,10,1.25,0.8,15,80,COMPLETE
2537,2537,18265.25,2023-11-15 13:24:59.819629,2023-11-15 13:25:00.087025,0 days 00:00:00.267396,0.8,10,1.25,0.9,17,98,COMPLETE
2538,2538,18209.5,2023-11-15 13:25:00.088673,2023-11-15 13:25:00.351375,0 days 00:00:00.262702,0.8,10,1.25,0.8,42,96,COMPLETE
2539,2539,18307.0,2023-11-15 13:25:00.374454,2023-11-15 13:25:00.661209,0 days 00:00:00.286755,0.9,10,1.25,0.8,19,100,COMPLETE
2540,2540,18023.5,2023-11-15 13:25:00.662643,2023-11-15 13:25:00.930941,0 days 00:00:00.268298,0.8,10,1.25,0.8,26,98,COMPLETE
2541,2541,14351.5,2023-11-15 13:25:00.932328,2023-11-15 13:25:01.194806,0 days 00:00:00.262478,0.8,10,1.25,0.8,6,26,COMPLETE
2542,2542,199.5,2023-11-15 13:25:01.196302,2023-11-15 13:25:01.723511,0 days 00:00:00.527209,0.8,10,1.5,0.8,0,96,COMPLETE
2543,2543,13089.5,2023-11-15 13:25:01.725218,2023-11-15 13:25:02.021397,0 days 00:00:00.296179,0.8,90,1.25,0.8,14,100,COMPLETE
2544,2544,18119.0,2023-11-15 13:25:02.023184,2023-11-15 13:25:02.293382,0 days 00:00:00.270198,0.8,10,1.0,0.8,11,94,COMPLETE
2545,2545,18023.5,2023-11-15 13:25:02.294816,2023-11-15 13:25:02.563162,0 days 00:00:00.268346,0.8,10,1.25,0.8,21,98,COMPLETE
2546,2546,18586.25,2023-11-15 13:25:02.564974,2023-11-15 13:25:02.827239,0 days 00:00:00.262265,0.8,10,1.25,0.9,17,99,COMPLETE
2547,2547,18215.0,2023-11-15 13:25:02.829600,2023-11-15 13:25:03.103278,0 days 00:00:00.273678,0.7000000000000001,10,1.25,0.7000000000000001,8,97,COMPLETE
2548,2548,18310.75,2023-11-15 13:25:03.104793,2023-11-15 13:25:03.373213,0 days 00:00:00.268420,0.8,10,1.25,0.8,15,92,COMPLETE
2549,2549,18013.5,2023-11-15 13:25:03.374891,2023-11-15 13:25:03.638317,0 days 00:00:00.263426,0.8,20,1.25,0.8,3,100,COMPLETE
2550,2550,17470.25,2023-11-15 13:25:03.640577,2023-11-15 13:25:03.918278,0 days 00:00:00.277701,0.4,10,1.5,0.8,24,95,COMPLETE
2551,2551,18022.0,2023-11-15 13:25:03.919671,2023-11-15 13:25:04.191628,0 days 00:00:00.271957,0.8,10,1.0,0.8,19,98,COMPLETE
2552,2552,18209.25,2023-11-15 13:25:04.193223,2023-11-15 13:25:04.495426,0 days 00:00:00.302203,0.9,10,1.25,0.8,5,96,COMPLETE
2553,2553,15738.5,2023-11-15 13:25:04.497080,2023-11-15 13:25:04.777517,0 days 00:00:00.280437,0.8,50,1.25,0.7000000000000001,11,100,COMPLETE
