,number,value,datetime_start,datetime_complete,duration,params_alpha,params_decay_interval,params_decay_rate,params_gamma,params_initialization,params_max_steps,state
7129,7129,19110.25,2023-11-15 11:24:10.698046,2023-11-15 11:24:11.374065,0 days 00:00:00.676019,0.1,10,0.75,0.9,4,150,COMPLETE
7130,7130,18973.0,2023-11-15 11:24:11.376473,2023-11-15 11:24:12.246748,0 days 00:00:00.870275,0.2,10,0.75,0.9,2,141,COMPLETE
7131,7131,19001.5,2023-11-15 11:24:12.250730,2023-11-15 11:24:12.885074,0 days 00:00:00.634344,0.2,10,1.25,0.9,6,147,COMPLETE
7132,7132,16496.25,2023-11-15 11:24:12.887964,2023-11-15 11:24:13.611779,0 days 00:00:00.723815,0.2,10,0.75,0.4,9,143,COMPLETE
7133,7133,16987.25,2023-11-15 11:24:13.614083,2023-11-15 11:24:14.366624,0 days 00:00:00.752541,0.30000000000000004,10,0.25,0.9,0,133,COMPLETE
7134,7134,18698.25,2023-11-15 11:24:14.369251,2023-11-15 11:24:15.176587,0 days 00:00:00.807336,0.1,10,1.0,0.9,2,89,COMPLETE
7135,7135,12586.0,2023-11-15 11:24:15.178905,2023-11-15 11:24:16.015792,0 days 00:00:00.836887,0.2,100,0.75,0.9,24,139,COMPLETE
7136,7136,17133.75,2023-11-15 11:24:16.018286,2023-11-15 11:24:16.679118,0 days 00:00:00.660832,0.7000000000000001,10,0.75,0.9,4,145,COMPLETE
7137,7137,19185.0,2023-11-15 11:24:16.681513,2023-11-15 11:24:17.297576,0 days 00:00:00.616063,0.4,10,0.75,0.8,2,147,COMPLETE
7138,7138,18305.5,2023-11-15 11:24:17.300323,2023-11-15 11:24:17.924031,0 days 00:00:00.623708,0.2,20,0.5,0.9,0,150,COMPLETE
7139,7139,18258.75,2023-11-15 11:24:17.926236,2023-11-15 11:24:18.552936,0 days 00:00:00.626700,0.2,10,0.75,0.9,6,127,COMPLETE
7140,7140,18992.75,2023-11-15 11:24:18.555805,2023-11-15 11:24:19.194964,0 days 00:00:00.639159,0.2,10,0.75,0.9,2,143,COMPLETE
7141,7141,18953.25,2023-11-15 11:24:19.197186,2023-11-15 11:24:19.803507,0 days 00:00:00.606321,0.1,10,1.0,0.9,4,141,COMPLETE
7142,7142,19261.0,2023-11-15 11:24:19.805866,2023-11-15 11:24:20.417569,0 days 00:00:00.611703,0.2,10,0.75,0.9,0,147,COMPLETE
7143,7143,18981.0,2023-11-15 11:24:20.420908,2023-11-15 11:24:21.040277,0 days 00:00:00.619369,0.2,10,0.75,0.9,2,138,COMPLETE
7144,7144,17482.25,2023-11-15 11:24:21.042658,2023-11-15 11:24:21.680350,0 days 00:00:00.637692,0.2,10,0.75,0.7000000000000001,14,145,COMPLETE
7145,7145,18417.5,2023-11-15 11:24:21.682996,2023-11-15 11:24:22.323256,0 days 00:00:00.640260,0.2,10,1.25,0.8,7,150,COMPLETE
7146,7146,19091.75,2023-11-15 11:24:22.325575,2023-11-15 11:24:22.951706,0 days 00:00:00.626131,0.1,10,0.75,0.9,4,143,COMPLETE
7147,7147,11729.5,2023-11-15 11:24:22.955083,2023-11-15 11:24:23.635777,0 days 00:00:00.680694,0.30000000000000004,10,0.75,0.6,52,147,COMPLETE
7148,7148,19261.0,2023-11-15 11:24:23.638454,2023-11-15 11:24:24.236992,0 days 00:00:00.598538,0.2,10,0.5,0.4,0,141,COMPLETE
7149,7149,19292.25,2023-11-15 11:24:24.239323,2023-11-15 11:24:24.853156,0 days 00:00:00.613833,0.2,10,0.75,0.9,2,145,COMPLETE
7150,7150,19359.75,2023-11-15 11:24:24.855870,2023-11-15 11:24:25.485233,0 days 00:00:00.629363,0.2,10,0.75,0.9,5,148,COMPLETE
7151,7151,18394.75,2023-11-15 11:24:25.488075,2023-11-15 11:24:26.094581,0 days 00:00:00.606506,0.1,20,1.0,0.9,0,143,COMPLETE
7152,7152,19067.0,2023-11-15 11:24:26.096837,2023-11-15 11:24:26.693153,0 days 00:00:00.596316,0.2,10,1.5,0.9,8,137,COMPLETE
7153,7153,19313.25,2023-11-15 11:24:26.695592,2023-11-15 11:24:27.307291,0 days 00:00:00.611699,0.2,10,0.75,0.9,3,145,COMPLETE
7154,7154,19132.0,2023-11-15 11:24:27.309621,2023-11-15 11:24:27.913294,0 days 00:00:00.603673,0.2,10,1.0,0.9,2,150,COMPLETE
7155,7155,19261.0,2023-11-15 11:24:27.915812,2023-11-15 11:24:28.542649,0 days 00:00:00.626837,0.1,10,0.75,0.9,0,140,COMPLETE
7156,7156,18584.75,2023-11-15 11:24:28.544937,2023-11-15 11:24:29.153308,0 days 00:00:00.608371,0.2,20,0.75,0.9,5,147,COMPLETE
7157,7157,18992.75,2023-11-15 11:24:29.155894,2023-11-15 11:24:29.776223,0 days 00:00:00.620329,0.2,10,0.75,0.9,3,143,COMPLETE
7158,7158,19262.75,2023-11-15 11:24:29.778742,2023-11-15 11:24:30.395988,0 days 00:00:00.617246,0.2,10,0.25,0.9,0,148,COMPLETE
7159,7159,19066.25,2023-11-15 11:24:30.398244,2023-11-15 11:24:31.000355,0 days 00:00:00.602111,0.5,10,0.75,0.8,2,140,COMPLETE
7160,7160,19261.0,2023-11-15 11:24:31.002929,2023-11-15 11:24:31.615359,0 days 00:00:00.612430,0.2,10,1.75,0.9,6,143,COMPLETE
7161,7161,19165.5,2023-11-15 11:24:31.617675,2023-11-15 11:24:32.251047,0 days 00:00:00.633372,0.8,10,1.25,0.9,4,145,COMPLETE
7162,7162,14238.75,2023-11-15 11:24:32.254062,2023-11-15 11:24:32.901090,0 days 00:00:00.647028,0.30000000000000004,80,0.5,0.9,10,150,COMPLETE
7163,7163,19078.0,2023-11-15 11:24:32.904209,2023-11-15 11:24:33.520840,0 days 00:00:00.616631,0.1,10,0.75,0.9,0,136,COMPLETE
7164,7164,3372.0,2023-11-15 11:24:33.523729,2023-11-15 11:24:34.191963,0 days 00:00:00.668234,0.2,10,0.75,0.9,55,62,COMPLETE
7165,7165,19261.0,2023-11-15 11:24:34.194420,2023-11-15 11:24:34.797143,0 days 00:00:00.602723,0.2,10,1.0,0.7000000000000001,2,147,COMPLETE
7166,7166,16425.0,2023-11-15 11:24:34.799536,2023-11-15 11:24:35.451817,0 days 00:00:00.652281,0.1,10,0.75,0.5,4,145,COMPLETE
7167,7167,18973.0,2023-11-15 11:24:35.454964,2023-11-15 11:24:36.061767,0 days 00:00:00.606803,0.2,10,0.75,0.9,2,141,COMPLETE
7168,7168,19070.5,2023-11-15 11:24:36.064031,2023-11-15 11:24:36.679630,0 days 00:00:00.615599,0.2,10,0.75,0.8,8,148,COMPLETE
7169,7169,18588.25,2023-11-15 11:24:36.681918,2023-11-15 11:24:37.303712,0 days 00:00:00.621794,0.2,20,0.75,0.9,0,145,COMPLETE
7170,7170,18968.5,2023-11-15 11:24:37.306268,2023-11-15 11:24:37.916935,0 days 00:00:00.610667,0.1,10,1.25,0.9,6,139,COMPLETE
7171,7171,18992.75,2023-11-15 11:24:37.919824,2023-11-15 11:24:38.558805,0 days 00:00:00.638981,0.2,10,0.75,0.9,2,143,COMPLETE
7172,7172,17386.75,2023-11-15 11:24:38.561216,2023-11-15 11:24:39.194675,0 days 00:00:00.633459,0.2,10,0.75,0.6,4,150,COMPLETE
7173,7173,19172.25,2023-11-15 11:24:39.197029,2023-11-15 11:24:39.801771,0 days 00:00:00.604742,0.2,10,1.0,0.9,0,147,COMPLETE
7174,7174,19028.25,2023-11-15 11:24:39.804671,2023-11-15 11:24:40.413258,0 days 00:00:00.608587,0.2,10,0.5,0.8,2,142,COMPLETE
7175,7175,15662.5,2023-11-15 11:24:40.415557,2023-11-15 11:24:41.064845,0 days 00:00:00.649288,0.30000000000000004,10,0.75,0.9,91,145,COMPLETE
7176,7176,18206.5,2023-11-15 11:24:41.067192,2023-11-15 11:24:41.700370,0 days 00:00:00.633178,0.2,20,0.75,0.9,4,138,COMPLETE
7177,7177,19359.75,2023-11-15 11:24:41.703320,2023-11-15 11:24:42.305481,0 days 00:00:00.602161,0.1,10,0.75,0.4,0,148,COMPLETE
7178,7178,18788.0,2023-11-15 11:24:42.307835,2023-11-15 11:24:42.913150,0 days 00:00:00.605315,0.2,10,1.0,0.9,6,132,COMPLETE
7179,7179,18489.25,2023-11-15 11:24:42.915515,2023-11-15 11:24:43.522507,0 days 00:00:00.606992,0.2,10,1.25,0.9,2,82,COMPLETE
7180,7180,19066.75,2023-11-15 11:24:43.524778,2023-11-15 11:24:44.136074,0 days 00:00:00.611296,0.1,10,0.75,0.9,17,142,COMPLETE
7181,7181,19359.75,2023-11-15 11:24:44.138772,2023-11-15 11:24:44.759575,0 days 00:00:00.620803,0.2,10,0.75,0.9,4,145,COMPLETE
7182,7182,19163.75,2023-11-15 11:24:44.761900,2023-11-15 11:24:45.375743,0 days 00:00:00.613843,0.2,10,0.75,0.9,0,150,COMPLETE
7183,7183,19049.0,2023-11-15 11:24:45.378046,2023-11-15 11:24:45.984591,0 days 00:00:00.606545,0.2,10,0.75,0.9,2,140,COMPLETE
7184,7184,17246.0,2023-11-15 11:24:45.987396,2023-11-15 11:24:46.630081,0 days 00:00:00.642685,0.4,10,0.25,0.9,8,147,COMPLETE
7185,7185,18394.75,2023-11-15 11:24:46.632451,2023-11-15 11:24:47.240620,0 days 00:00:00.608169,0.2,20,0.75,0.8,0,143,COMPLETE
7186,7186,9799.5,2023-11-15 11:24:47.242868,2023-11-15 11:24:47.951345,0 days 00:00:00.708477,0.30000000000000004,10,1.0,0.5,49,145,COMPLETE
7187,7187,18658.0,2023-11-15 11:24:47.954337,2023-11-15 11:24:48.562823,0 days 00:00:00.608486,0.2,10,0.5,0.9,6,136,COMPLETE
7188,7188,19106.5,2023-11-15 11:24:48.565166,2023-11-15 11:24:49.178693,0 days 00:00:00.613527,0.1,10,0.75,0.9,3,150,COMPLETE
7189,7189,19169.0,2023-11-15 11:24:49.181002,2023-11-15 11:24:49.789692,0 days 00:00:00.608690,0.2,10,1.25,0.9,2,147,COMPLETE
7190,7190,19171.5,2023-11-15 11:24:49.792375,2023-11-15 11:24:50.404484,0 days 00:00:00.612109,0.2,10,0.75,0.9,0,141,COMPLETE
7191,7191,18388.25,2023-11-15 11:24:50.406887,2023-11-15 11:24:51.040647,0 days 00:00:00.633760,0.1,10,0.75,0.7000000000000001,4,145,COMPLETE
7192,7192,19006.5,2023-11-15 11:24:51.042973,2023-11-15 11:24:51.656329,0 days 00:00:00.613356,0.2,10,0.75,0.9,2,139,COMPLETE
7193,7193,11131.75,2023-11-15 11:24:51.658646,2023-11-15 11:24:52.342094,0 days 00:00:00.683448,0.2,20,1.0,0.6,5,143,COMPLETE
7194,7194,19263.0,2023-11-15 11:24:52.344311,2023-11-15 11:24:52.954167,0 days 00:00:00.609856,0.30000000000000004,10,0.75,0.9,12,148,COMPLETE
7195,7195,19359.75,2023-11-15 11:24:52.956531,2023-11-15 11:24:53.555232,0 days 00:00:00.598701,0.2,10,0.75,0.1,0,145,COMPLETE
7196,7196,18875.5,2023-11-15 11:24:53.557634,2023-11-15 11:24:54.165116,0 days 00:00:00.607482,0.1,10,0.75,0.8,2,150,COMPLETE
7197,7197,18971.0,2023-11-15 11:24:54.167570,2023-11-15 11:24:54.798371,0 days 00:00:00.630801,0.2,10,0.5,0.9,8,141,COMPLETE
7198,7198,19261.0,2023-11-15 11:24:54.800607,2023-11-15 11:24:55.402650,0 days 00:00:00.602043,0.2,10,0.75,0.9,4,147,COMPLETE
7199,7199,19261.0,2023-11-15 11:24:55.405305,2023-11-15 11:24:56.012213,0 days 00:00:00.606908,0.2,10,0.75,0.9,0,143,COMPLETE
7200,7200,18798.75,2023-11-15 11:24:56.014436,2023-11-15 11:24:56.617390,0 days 00:00:00.602954,0.2,10,1.0,0.9,2,135,COMPLETE
7201,7201,19261.0,2023-11-15 11:24:56.620435,2023-11-15 11:24:57.227887,0 days 00:00:00.607452,0.1,10,0.75,0.9,6,147,COMPLETE
7202,7202,13263.5,2023-11-15 11:24:57.230146,2023-11-15 11:24:57.885457,0 days 00:00:00.655311,0.2,10,0.75,0.30000000000000004,4,138,COMPLETE
7203,7203,19261.0,2023-11-15 11:24:57.888178,2023-11-15 11:24:58.512952,0 days 00:00:00.624774,0.2,10,1.25,0.9,0,144,COMPLETE
7204,7204,19261.0,2023-11-15 11:24:58.515311,2023-11-15 11:24:59.132186,0 days 00:00:00.616875,0.1,10,0.75,0.9,2,147,COMPLETE
7205,7205,0.0,2023-11-15 11:24:59.134464,2023-11-15 11:24:59.797481,0 days 00:00:00.663017,0.2,20,0.75,0.9,3,38,COMPLETE
7206,7206,19069.0,2023-11-15 11:24:59.799706,2023-11-15 11:25:00.417637,0 days 00:00:00.617931,0.2,10,0.5,0.9,6,150,COMPLETE
7207,7207,19163.75,2023-11-15 11:25:00.421033,2023-11-15 11:25:01.033300,0 days 00:00:00.612267,0.2,10,2.0,0.8,0,141,COMPLETE
7208,7208,18428.75,2023-11-15 11:25:01.035589,2023-11-15 11:25:01.688334,0 days 00:00:00.652745,0.6,10,1.0,0.9,2,145,COMPLETE
7209,7209,18992.75,2023-11-15 11:25:01.690747,2023-11-15 11:25:02.305725,0 days 00:00:00.614978,0.2,10,0.75,0.9,10,143,COMPLETE
7210,7210,19009.25,2023-11-15 11:25:02.308240,2023-11-15 11:25:02.908810,0 days 00:00:00.600570,0.4,10,0.75,0.9,4,150,COMPLETE
7211,7211,18855.75,2023-11-15 11:25:02.911175,2023-11-15 11:25:03.526897,0 days 00:00:00.615722,0.1,10,0.25,0.9,0,139,COMPLETE
7212,7212,19261.0,2023-11-15 11:25:03.529236,2023-11-15 11:25:04.140523,0 days 00:00:00.611287,0.2,10,0.75,0.9,7,147,COMPLETE
7213,7213,19359.75,2023-11-15 11:25:04.142781,2023-11-15 11:25:04.762734,0 days 00:00:00.619953,0.30000000000000004,10,0.75,0.9,2,145,COMPLETE
7214,7214,18586.0,2023-11-15 11:25:04.765098,2023-11-15 11:25:05.385199,0 days 00:00:00.620101,0.2,10,1.0,0.8,5,142,COMPLETE
7215,7215,19261.0,2023-11-15 11:25:05.388098,2023-11-15 11:25:05.994479,0 days 00:00:00.606381,0.2,10,0.75,0.9,0,147,COMPLETE
7216,7216,18785.25,2023-11-15 11:25:05.996988,2023-11-15 11:25:06.609804,0 days 00:00:00.612816,0.2,10,1.25,0.9,3,141,COMPLETE
7217,7217,17724.0,2023-11-15 11:25:06.612357,2023-11-15 11:25:07.215508,0 days 00:00:00.603151,0.1,20,1.5,0.9,2,44,COMPLETE
7218,7218,19359.75,2023-11-15 11:25:07.217906,2023-11-15 11:25:07.842268,0 days 00:00:00.624362,0.2,10,0.75,0.9,0,145,COMPLETE
7219,7219,14469.0,2023-11-15 11:25:07.844655,2023-11-15 11:25:08.476460,0 days 00:00:00.631805,0.2,70,0.75,0.9,5,130,COMPLETE
7220,7220,19164.25,2023-11-15 11:25:08.478729,2023-11-15 11:25:09.090757,0 days 00:00:00.612028,0.2,10,0.5,0.9,2,150,COMPLETE
7221,7221,19116.25,2023-11-15 11:25:09.093054,2023-11-15 11:25:09.707172,0 days 00:00:00.614118,0.1,10,0.75,0.8,8,138,COMPLETE
7222,7222,18870.5,2023-11-15 11:25:09.709902,2023-11-15 11:25:10.317184,0 days 00:00:00.607282,0.30000000000000004,10,0.75,0.9,4,121,COMPLETE
7223,7223,19261.0,2023-11-15 11:25:10.320350,2023-11-15 11:25:10.943069,0 days 00:00:00.622719,0.2,10,0.75,0.5,0,143,COMPLETE
7224,7224,16515.25,2023-11-15 11:25:10.945515,2023-11-15 11:25:11.567868,0 days 00:00:00.622353,0.2,50,1.0,0.9,2,145,COMPLETE
7225,7225,17116.75,2023-11-15 11:25:11.570792,2023-11-15 11:25:12.194873,0 days 00:00:00.624081,0.2,20,0.75,0.7000000000000001,6,148,COMPLETE
7226,7226,16483.5,2023-11-15 11:25:12.197300,2023-11-15 11:25:12.817362,0 days 00:00:00.620062,0.1,30,0.75,0.6,4,135,COMPLETE
7227,7227,19261.0,2023-11-15 11:25:12.819797,2023-11-15 11:25:13.421350,0 days 00:00:00.601553,0.2,10,1.25,0.9,0,141,COMPLETE
7228,7228,19261.0,2023-11-15 11:25:13.423676,2023-11-15 11:25:14.047441,0 days 00:00:00.623765,0.2,10,0.75,0.9,2,147,COMPLETE
7229,7229,13553.75,2023-11-15 11:25:14.049795,2023-11-15 11:25:14.690382,0 days 00:00:00.640587,0.1,90,1.0,0.9,4,143,COMPLETE
7230,7230,19163.75,2023-11-15 11:25:14.692659,2023-11-15 11:25:15.304226,0 days 00:00:00.611567,0.2,10,0.75,0.9,0,150,COMPLETE
7231,7231,19006.5,2023-11-15 11:25:15.306623,2023-11-15 11:25:15.918551,0 days 00:00:00.611928,0.2,10,0.75,0.9,2,139,COMPLETE
7232,7232,19073.75,2023-11-15 11:25:15.921623,2023-11-15 11:25:16.526254,0 days 00:00:00.604631,0.30000000000000004,10,0.75,0.9,10,145,COMPLETE
7233,7233,19261.0,2023-11-15 11:25:16.528540,2023-11-15 11:25:17.152080,0 days 00:00:00.623540,0.2,10,0.75,0.9,7,147,COMPLETE
7234,7234,18784.5,2023-11-15 11:25:17.154825,2023-11-15 11:25:17.770234,0 days 00:00:00.615409,0.2,10,0.75,0.8,3,143,COMPLETE
7235,7235,13827.5,2023-11-15 11:25:17.772797,2023-11-15 11:25:18.494956,0 days 00:00:00.722159,0.9,10,0.25,0.9,0,147,COMPLETE
7236,7236,15041.0,2023-11-15 11:25:18.497228,2023-11-15 11:25:19.148865,0 days 00:00:00.651637,0.2,10,0.5,0.2,5,141,COMPLETE
7237,7237,18417.5,2023-11-15 11:25:19.151301,2023-11-15 11:25:19.774959,0 days 00:00:00.623658,0.1,10,1.25,0.9,27,150,COMPLETE
7238,7238,18588.25,2023-11-15 11:25:19.777293,2023-11-15 11:25:20.413471,0 days 00:00:00.636178,0.2,20,0.75,0.9,2,145,COMPLETE
7239,7239,19161.25,2023-11-15 11:25:20.415804,2023-11-15 11:25:21.022719,0 days 00:00:00.606915,0.2,10,1.0,0.4,0,138,COMPLETE
7240,7240,13973.5,2023-11-15 11:25:21.025181,2023-11-15 11:25:21.683182,0 days 00:00:00.658001,0.1,10,0.75,0.30000000000000004,4,148,COMPLETE
7241,7241,19163.5,2023-11-15 11:25:21.686005,2023-11-15 11:25:22.301880,0 days 00:00:00.615875,0.2,10,0.75,0.9,2,144,COMPLETE
7242,7242,17294.5,2023-11-15 11:25:22.304708,2023-11-15 11:25:22.932361,0 days 00:00:00.627653,0.2,10,0.75,0.5,6,141,COMPLETE
7243,7243,19172.25,2023-11-15 11:25:22.934651,2023-11-15 11:25:23.548967,0 days 00:00:00.614316,0.2,10,1.0,0.9,0,147,COMPLETE
7244,7244,18992.75,2023-11-15 11:25:23.551382,2023-11-15 11:25:24.194573,0 days 00:00:00.643191,0.2,10,0.75,0.9,3,143,COMPLETE
7245,7245,18700.5,2023-11-15 11:25:24.197178,2023-11-15 11:25:24.812251,0 days 00:00:00.615073,0.6,10,0.75,0.9,8,150,COMPLETE
7246,7246,18772.75,2023-11-15 11:25:24.814684,2023-11-15 11:25:25.430336,0 days 00:00:00.615652,0.1,10,0.5,0.8,2,136,COMPLETE
7247,7247,18588.25,2023-11-15 11:25:25.432782,2023-11-15 11:25:26.060681,0 days 00:00:00.627899,0.2,20,0.75,0.9,0,145,COMPLETE
7248,7248,17920.5,2023-11-15 11:25:26.063091,2023-11-15 11:25:26.684758,0 days 00:00:00.621667,0.2,10,1.25,0.9,76,140,COMPLETE
7249,7249,16270.0,2023-11-15 11:25:26.688099,2023-11-15 11:25:27.335901,0 days 00:00:00.647802,0.2,10,0.75,0.6,5,147,COMPLETE
7250,7250,16762.25,2023-11-15 11:25:27.338799,2023-11-15 11:25:27.980026,0 days 00:00:00.641227,0.30000000000000004,40,1.0,0.9,2,143,COMPLETE
7251,7251,18641.75,2023-11-15 11:25:27.982352,2023-11-15 11:25:28.601916,0 days 00:00:00.619564,0.2,10,0.75,0.9,4,106,COMPLETE
7252,7252,18826.75,2023-11-15 11:25:28.604657,2023-11-15 11:25:29.221063,0 days 00:00:00.616406,0.5,10,0.75,0.9,0,150,COMPLETE
7253,7253,18584.0,2023-11-15 11:25:29.223308,2023-11-15 11:25:29.837812,0 days 00:00:00.614504,0.1,10,0.75,0.7000000000000001,2,117,COMPLETE
7254,7254,19262.25,2023-11-15 11:25:29.841012,2023-11-15 11:25:30.457513,0 days 00:00:00.616501,0.2,10,0.75,0.9,6,145,COMPLETE
7255,7255,18496.25,2023-11-15 11:25:30.459913,2023-11-15 11:25:31.106776,0 days 00:00:00.646863,0.2,10,1.0,0.8,4,139,COMPLETE
7256,7256,15711.5,2023-11-15 11:25:31.109230,2023-11-15 11:25:31.753840,0 days 00:00:00.644610,0.1,10,0.5,0.9,87,147,COMPLETE
7257,7257,19171.5,2023-11-15 11:25:31.756224,2023-11-15 11:25:32.363860,0 days 00:00:00.607636,0.30000000000000004,10,0.75,0.9,0,142,COMPLETE
7258,7258,19292.25,2023-11-15 11:25:32.366263,2023-11-15 11:25:32.974755,0 days 00:00:00.608492,0.2,10,0.75,0.9,2,145,COMPLETE
7259,7259,18299.5,2023-11-15 11:25:32.977031,2023-11-15 11:25:33.593904,0 days 00:00:00.616873,0.4,10,1.5,0.9,9,133,COMPLETE
7260,7260,18502.5,2023-11-15 11:25:33.596244,2023-11-15 11:25:34.239817,0 days 00:00:00.643573,0.2,20,0.25,0.9,4,148,COMPLETE
7261,7261,19261.0,2023-11-15 11:25:34.242228,2023-11-15 11:25:34.848611,0 days 00:00:00.606383,0.2,10,0.75,0.4,0,141,COMPLETE
7262,7262,18884.25,2023-11-15 11:25:34.851000,2023-11-15 11:25:35.460346,0 days 00:00:00.609346,0.2,10,0.75,0.9,7,150,COMPLETE
7263,7263,19066.5,2023-11-15 11:25:35.462765,2023-11-15 11:25:36.070046,0 days 00:00:00.607281,0.1,10,1.25,0.9,2,144,COMPLETE
7264,7264,18981.0,2023-11-15 11:25:36.072522,2023-11-15 11:25:36.680704,0 days 00:00:00.608182,0.2,10,0.75,0.9,2,138,COMPLETE
7265,7265,19261.0,2023-11-15 11:25:36.682982,2023-11-15 11:25:37.321106,0 days 00:00:00.638124,0.2,10,1.0,0.8,0,147,COMPLETE
7266,7266,18992.75,2023-11-15 11:25:37.323413,2023-11-15 11:25:37.940961,0 days 00:00:00.617548,0.2,10,0.75,0.9,4,143,COMPLETE
7267,7267,18584.75,2023-11-15 11:25:37.943313,2023-11-15 11:25:38.559397,0 days 00:00:00.616084,0.2,20,0.75,0.9,6,147,COMPLETE
7268,7268,19314.5,2023-11-15 11:25:38.561737,2023-11-15 11:25:39.171597,0 days 00:00:00.609860,0.1,10,0.75,0.9,2,145,COMPLETE
7269,7269,19261.0,2023-11-15 11:25:39.174014,2023-11-15 11:25:39.794384,0 days 00:00:00.620370,0.2,10,0.5,0.9,0,141,COMPLETE
7270,7270,19111.25,2023-11-15 11:25:39.796771,2023-11-15 11:25:40.413707,0 days 00:00:00.616936,0.2,10,0.75,0.9,4,150,COMPLETE
7271,7271,19161.25,2023-11-15 11:25:40.416052,2023-11-15 11:25:41.048418,0 days 00:00:00.632366,0.1,10,0.75,0.9,2,137,COMPLETE
7272,7272,19359.75,2023-11-15 11:25:41.050905,2023-11-15 11:25:41.677898,0 days 00:00:00.626993,0.2,10,1.25,0.8,0,145,COMPLETE
7273,7273,19066.25,2023-11-15 11:25:41.680342,2023-11-15 11:25:42.295577,0 days 00:00:00.615235,0.2,10,0.75,0.9,6,141,COMPLETE
7274,7274,19278.5,2023-11-15 11:25:42.297865,2023-11-15 11:25:42.910585,0 days 00:00:00.612720,0.2,10,1.0,0.9,3,148,COMPLETE
7275,7275,18846.25,2023-11-15 11:25:42.913044,2023-11-15 11:25:43.531816,0 days 00:00:00.618772,0.30000000000000004,10,0.75,0.9,12,143,COMPLETE
7276,7276,19359.75,2023-11-15 11:25:43.534173,2023-11-15 11:25:44.166136,0 days 00:00:00.631963,0.2,10,0.75,0.5,0,148,COMPLETE
7277,7277,19114.0,2023-11-15 11:25:44.168528,2023-11-15 11:25:44.795480,0 days 00:00:00.626952,0.1,10,0.25,0.9,4,145,COMPLETE
7278,7278,18340.75,2023-11-15 11:25:44.797923,2023-11-15 11:25:45.430161,0 days 00:00:00.632238,0.2,20,0.75,0.9,8,139,COMPLETE
7279,7279,19164.25,2023-11-15 11:25:45.432493,2023-11-15 11:25:46.061520,0 days 00:00:00.629027,0.2,10,0.5,0.9,2,150,COMPLETE
7280,7280,18973.5,2023-11-15 11:25:46.063965,2023-11-15 11:25:46.689786,0 days 00:00:00.625821,0.2,10,0.75,0.8,5,143,COMPLETE
7281,7281,19261.0,2023-11-15 11:25:46.692694,2023-11-15 11:25:47.324945,0 days 00:00:00.632251,0.2,10,1.0,0.7000000000000001,2,147,COMPLETE
7282,7282,19359.75,2023-11-15 11:25:47.327411,2023-11-15 11:25:47.968926,0 days 00:00:00.641515,0.1,10,0.75,0.9,0,145,COMPLETE
7283,7283,19067.0,2023-11-15 11:25:47.971840,2023-11-15 11:25:48.592629,0 days 00:00:00.620789,0.2,10,0.75,0.9,3,134,COMPLETE
7284,7284,19261.0,2023-11-15 11:25:48.595076,2023-11-15 11:25:49.208029,0 days 00:00:00.612953,0.2,10,0.75,0.9,0,140,COMPLETE
7285,7285,4495.0,2023-11-15 11:25:49.210470,2023-11-15 11:25:49.981314,0 days 00:00:00.770844,0.1,10,1.25,0.30000000000000004,6,147,COMPLETE
7286,7286,18169.5,2023-11-15 11:25:49.984108,2023-11-15 11:25:50.625547,0 days 00:00:00.641439,0.2,20,0.75,0.6,2,143,COMPLETE
7287,7287,18873.0,2023-11-15 11:25:50.627775,2023-11-15 11:25:51.275417,0 days 00:00:00.647642,0.30000000000000004,10,1.0,0.9,10,150,COMPLETE
7288,7288,19161.25,2023-11-15 11:25:51.277947,2023-11-15 11:25:51.894927,0 days 00:00:00.616980,0.2,10,0.75,0.9,4,137,COMPLETE
7289,7289,19261.0,2023-11-15 11:25:51.897354,2023-11-15 11:25:52.519638,0 days 00:00:00.622284,0.2,10,0.5,0.9,0,142,COMPLETE
7290,7290,19261.0,2023-11-15 11:25:52.522670,2023-11-15 11:25:53.127401,0 days 00:00:00.604731,0.2,10,0.75,0.9,2,147,COMPLETE
7291,7291,19262.25,2023-11-15 11:25:53.129765,2023-11-15 11:25:53.738674,0 days 00:00:00.608909,0.2,10,0.75,0.9,7,145,COMPLETE
7292,7292,18394.75,2023-11-15 11:25:53.741145,2023-11-15 11:25:54.374639,0 days 00:00:00.633494,0.1,20,0.75,0.8,4,141,COMPLETE
7293,7293,19163.75,2023-11-15 11:25:54.376887,2023-11-15 11:25:54.991891,0 days 00:00:00.615004,0.2,10,0.75,0.9,0,150,COMPLETE
7294,7294,19270.0,2023-11-15 11:25:54.994251,2023-11-15 11:25:55.609054,0 days 00:00:00.614803,0.1,10,1.25,0.9,2,145,COMPLETE
7295,7295,15150.0,2023-11-15 11:25:55.611421,2023-11-15 11:25:56.246210,0 days 00:00:00.634789,0.2,60,1.0,0.9,5,139,COMPLETE
7296,7296,19261.0,2023-11-15 11:25:56.248541,2023-11-15 11:25:56.860944,0 days 00:00:00.612403,0.2,10,0.75,0.9,2,147,COMPLETE
7297,7297,17645.0,2023-11-15 11:25:56.863379,2023-11-15 11:25:57.484980,0 days 00:00:00.621601,0.2,30,0.75,0.7000000000000001,0,143,COMPLETE
