,number,value,datetime_start,datetime_complete,duration,params_alpha,params_decay_interval,params_decay_rate,params_gamma,params_initialization,params_max_steps,state
9749,9749,17920.75,2023-11-15 13:13:15.689734,2023-11-15 13:13:16.599981,0 days 00:00:00.910247,0.8,10,3.0,0.9,19,74,COMPLETE
9750,9750,15819.0,2023-11-15 13:13:16.602858,2023-11-15 13:13:17.522010,0 days 00:00:00.919152,0.9,20,3.0,0.9,21,61,COMPLETE
9751,9751,17923.0,2023-11-15 13:13:17.525021,2023-11-15 13:13:18.407550,0 days 00:00:00.882529,0.6,10,3.0,0.9,11,70,COMPLETE
9752,9752,17917.0,2023-11-15 13:13:18.410981,2023-11-15 13:13:19.317378,0 days 00:00:00.906397,0.8,10,3.0,0.9,15,67,COMPLETE
9753,9753,18026.0,2023-11-15 13:13:19.320207,2023-11-15 13:13:20.224566,0 days 00:00:00.904359,0.8,10,2.75,0.9,23,77,COMPLETE
9754,9754,18122.5,2023-11-15 13:13:20.227987,2023-11-15 13:13:21.155191,0 days 00:00:00.927204,0.8,10,3.0,0.9,35,72,COMPLETE
9755,9755,17654.5,2023-11-15 13:13:21.158338,2023-11-15 13:13:22.057844,0 days 00:00:00.899506,0.8,10,3.0,0.9,19,65,COMPLETE
9756,9756,18682.0,2023-11-15 13:13:22.061597,2023-11-15 13:13:22.950679,0 days 00:00:00.889082,0.8,10,2.75,0.9,17,75,COMPLETE
9757,9757,18973.5,2023-11-15 13:13:22.954344,2023-11-15 13:13:23.847141,0 days 00:00:00.892797,0.7000000000000001,10,3.0,0.9,22,71,COMPLETE
9758,9758,17741.0,2023-11-15 13:13:23.850163,2023-11-15 13:13:24.783247,0 days 00:00:00.933084,0.8,10,2.5,0.9,25,80,COMPLETE
9759,9759,17115.5,2023-11-15 13:13:24.786682,2023-11-15 13:13:25.682284,0 days 00:00:00.895602,0.8,10,3.0,0.9,20,69,COMPLETE
9760,9760,17644.25,2023-11-15 13:13:25.685442,2023-11-15 13:13:26.577301,0 days 00:00:00.891859,0.8,10,3.0,0.8,15,73,COMPLETE
9761,9761,16719.5,2023-11-15 13:13:26.581190,2023-11-15 13:13:27.493054,0 days 00:00:00.911864,0.8,10,2.75,0.9,17,66,COMPLETE
9762,9762,17185.5,2023-11-15 13:13:27.496276,2023-11-15 13:13:28.411204,0 days 00:00:00.914928,0.8,20,3.0,0.9,22,77,COMPLETE
9763,9763,17825.5,2023-11-15 13:13:28.414255,2023-11-15 13:13:29.350916,0 days 00:00:00.936661,0.8,10,3.0,0.9,19,70,COMPLETE
9764,9764,16543.25,2023-11-15 13:13:29.353957,2023-11-15 13:13:30.318548,0 days 00:00:00.964591,0.8,10,3.0,0.9,24,63,COMPLETE
9765,9765,16642.5,2023-11-15 13:13:30.321425,2023-11-15 13:13:31.227454,0 days 00:00:00.906029,0.9,10,3.0,0.9,13,73,COMPLETE
9766,9766,17917.0,2023-11-15 13:13:31.230288,2023-11-15 13:13:32.116502,0 days 00:00:00.886214,0.8,10,2.75,0.9,21,67,COMPLETE
9767,9767,17829.75,2023-11-15 13:13:32.119319,2023-11-15 13:13:33.019477,0 days 00:00:00.900158,0.7000000000000001,10,3.0,0.9,27,70,COMPLETE
9768,9768,16923.25,2023-11-15 13:13:33.022390,2023-11-15 13:13:33.954174,0 days 00:00:00.931784,0.8,10,3.0,0.9,17,76,COMPLETE
9769,9769,18496.5,2023-11-15 13:13:33.957015,2023-11-15 13:13:34.858128,0 days 00:00:00.901113,0.8,10,1.25,0.9,15,73,COMPLETE
9770,9770,17917.0,2023-11-15 13:13:34.861466,2023-11-15 13:13:35.731995,0 days 00:00:00.870529,0.8,10,2.75,0.9,20,67,COMPLETE
9771,9771,16905.0,2023-11-15 13:13:35.734789,2023-11-15 13:13:36.586277,0 days 00:00:00.851488,0.8,20,3.0,0.9,18,79,COMPLETE
9772,9772,17825.5,2023-11-15 13:13:36.589461,2023-11-15 13:13:37.473921,0 days 00:00:00.884460,0.8,10,3.0,0.9,48,70,COMPLETE
9773,9773,18682.0,2023-11-15 13:13:37.477745,2023-11-15 13:13:38.334567,0 days 00:00:00.856822,0.8,10,3.0,0.8,23,75,COMPLETE
9774,9774,17099.5,2023-11-15 13:13:38.337448,2023-11-15 13:13:39.212127,0 days 00:00:00.874679,0.8,10,2.75,0.9,9,60,COMPLETE
9775,9775,16745.0,2023-11-15 13:13:39.215118,2023-11-15 13:13:40.111607,0 days 00:00:00.896489,0.8,10,2.25,0.9,25,64,COMPLETE
9776,9776,18122.5,2023-11-15 13:13:40.114514,2023-11-15 13:13:41.042194,0 days 00:00:00.927680,0.8,10,3.0,0.9,29,72,COMPLETE
9777,9777,17466.25,2023-11-15 13:13:41.046100,2023-11-15 13:13:41.908108,0 days 00:00:00.862008,0.9,10,2.5,0.4,20,68,COMPLETE
9778,9778,18682.0,2023-11-15 13:13:41.912177,2023-11-15 13:13:42.797181,0 days 00:00:00.885004,0.8,10,3.0,0.9,16,75,COMPLETE
9779,9779,18392.25,2023-11-15 13:13:42.800307,2023-11-15 13:13:43.660660,0 days 00:00:00.860353,0.8,20,2.75,0.9,22,70,COMPLETE
9780,9780,17833.75,2023-11-15 13:13:43.663542,2023-11-15 13:13:44.552315,0 days 00:00:00.888773,0.8,10,3.0,0.9,12,83,COMPLETE
9781,9781,16719.5,2023-11-15 13:13:44.555260,2023-11-15 13:13:45.430230,0 days 00:00:00.874970,0.8,10,3.0,0.9,19,66,COMPLETE
9782,9782,17580.5,2023-11-15 13:13:45.433500,2023-11-15 13:13:46.294118,0 days 00:00:00.860618,0.8,10,3.0,0.2,14,72,COMPLETE
9783,9783,12536.0,2023-11-15 13:13:46.296960,2023-11-15 13:13:47.195398,0 days 00:00:00.898438,0.2,70,2.75,0.9,18,79,COMPLETE
9784,9784,17111.5,2023-11-15 13:13:47.198265,2023-11-15 13:13:48.086634,0 days 00:00:00.888369,0.7000000000000001,10,3.0,0.9,57,69,COMPLETE
9785,9785,17920.75,2023-11-15 13:13:48.089508,2023-11-15 13:13:48.964131,0 days 00:00:00.874623,0.8,10,3.0,0.9,22,74,COMPLETE
9786,9786,16642.0,2023-11-15 13:13:48.966929,2023-11-15 13:13:49.847514,0 days 00:00:00.880585,0.8,10,3.0,0.8,16,63,COMPLETE
9787,9787,19260.75,2023-11-15 13:13:49.850471,2023-11-15 13:13:50.737169,0 days 00:00:00.886698,0.8,10,2.75,0.9,25,71,COMPLETE
9788,9788,18027.0,2023-11-15 13:13:50.740320,2023-11-15 13:13:51.670289,0 days 00:00:00.929969,0.8,10,3.0,0.6,20,77,COMPLETE
9789,9789,17917.0,2023-11-15 13:13:51.673590,2023-11-15 13:13:52.563445,0 days 00:00:00.889855,0.8,10,3.0,0.9,18,67,COMPLETE
9790,9790,17188.25,2023-11-15 13:13:52.566306,2023-11-15 13:13:53.444069,0 days 00:00:00.877763,0.8,20,2.5,0.9,24,74,COMPLETE
9791,9791,17561.25,2023-11-15 13:13:53.447010,2023-11-15 13:13:54.353860,0 days 00:00:00.906850,0.9,10,3.0,0.9,21,69,COMPLETE
9792,9792,18122.5,2023-11-15 13:13:54.357356,2023-11-15 13:13:55.268146,0 days 00:00:00.910790,0.8,10,3.0,0.9,27,72,COMPLETE
9793,9793,17654.5,2023-11-15 13:13:55.270974,2023-11-15 13:13:56.150068,0 days 00:00:00.879094,0.8,10,2.75,0.9,15,65,COMPLETE
9794,9794,16923.25,2023-11-15 13:13:56.152938,2023-11-15 13:13:57.031186,0 days 00:00:00.878248,0.8,10,3.0,0.9,17,76,COMPLETE
9795,9795,17115.5,2023-11-15 13:13:57.035840,2023-11-15 13:13:57.893036,0 days 00:00:00.857196,0.8,10,3.0,0.9,53,69,COMPLETE
9796,9796,18122.5,2023-11-15 13:13:57.895970,2023-11-15 13:13:58.804636,0 days 00:00:00.908666,0.8,10,3.0,0.9,22,72,COMPLETE
9797,9797,18586.0,2023-11-15 13:13:58.807874,2023-11-15 13:13:59.677787,0 days 00:00:00.869913,0.7000000000000001,10,2.75,0.9,19,80,COMPLETE
9798,9798,18011.5,2023-11-15 13:13:59.680910,2023-11-15 13:14:00.553640,0 days 00:00:00.872730,0.8,10,3.0,0.8,13,67,COMPLETE
9799,9799,17920.75,2023-11-15 13:14:00.556894,2023-11-15 13:14:01.632842,0 days 00:00:01.075948,0.8,10,3.0,0.9,23,74,COMPLETE
9800,9800,15902.75,2023-11-15 13:14:01.635907,2023-11-15 13:14:02.839478,0 days 00:00:01.203571,0.8,20,3.0,0.9,20,61,COMPLETE
9801,9801,17825.5,2023-11-15 13:14:02.843084,2023-11-15 13:14:04.376642,0 days 00:00:01.533558,0.8,10,2.75,0.9,82,70,COMPLETE
9802,9802,18026.0,2023-11-15 13:14:04.382362,2023-11-15 13:14:05.335112,0 days 00:00:00.952750,0.8,10,3.0,0.9,16,77,COMPLETE
9803,9803,16719.5,2023-11-15 13:14:05.338187,2023-11-15 13:14:06.354275,0 days 00:00:01.016088,0.8,10,2.75,0.9,18,66,COMPLETE
9804,9804,17840.75,2023-11-15 13:14:06.358137,2023-11-15 13:14:07.488748,0 days 00:00:01.130611,0.9,10,3.0,0.9,24,72,COMPLETE
9805,9805,18776.75,2023-11-15 13:14:07.492632,2023-11-15 13:14:08.674178,0 days 00:00:01.181546,0.8,10,2.5,0.7000000000000001,20,75,COMPLETE
9806,9806,17115.5,2023-11-15 13:14:08.678613,2023-11-15 13:14:09.824529,0 days 00:00:01.145916,0.8,10,3.0,0.9,14,69,COMPLETE
9807,9807,17161.75,2023-11-15 13:14:09.829424,2023-11-15 13:14:10.984656,0 days 00:00:01.155232,0.7000000000000001,30,3.0,0.9,10,63,COMPLETE
9808,9808,16714.75,2023-11-15 13:14:10.989758,2023-11-15 13:14:12.137825,0 days 00:00:01.148067,0.8,10,1.75,0.9,17,57,COMPLETE
9809,9809,17369.5,2023-11-15 13:14:12.141487,2023-11-15 13:14:13.110960,0 days 00:00:00.969473,0.8,10,3.0,0.9,26,73,COMPLETE
9810,9810,17736.75,2023-11-15 13:14:13.115049,2023-11-15 13:14:13.981670,0 days 00:00:00.866621,0.8,10,2.75,0.8,43,67,COMPLETE
9811,9811,15013.75,2023-11-15 13:14:13.984587,2023-11-15 13:14:14.871085,0 days 00:00:00.886498,0.8,20,0.25,0.9,22,71,COMPLETE
9812,9812,18121.5,2023-11-15 13:14:14.874149,2023-11-15 13:14:15.736099,0 days 00:00:00.861950,0.8,10,3.0,0.9,19,77,COMPLETE
9813,9813,17654.5,2023-11-15 13:14:15.739414,2023-11-15 13:14:16.618302,0 days 00:00:00.878888,0.8,10,3.0,0.9,21,65,COMPLETE
9814,9814,17825.5,2023-11-15 13:14:16.621999,2023-11-15 13:14:17.495649,0 days 00:00:00.873650,0.8,10,3.0,0.9,38,70,COMPLETE
9815,9815,19260.75,2023-11-15 13:14:17.498547,2023-11-15 13:14:18.368242,0 days 00:00:00.869695,0.9,10,2.25,0.9,15,74,COMPLETE
9816,9816,17832.5,2023-11-15 13:14:18.371473,2023-11-15 13:14:19.278945,0 days 00:00:00.907472,0.8,10,2.75,0.9,12,81,COMPLETE
9817,9817,16084.5,2023-11-15 13:14:19.282079,2023-11-15 13:14:20.193660,0 days 00:00:00.911581,0.8,40,3.0,0.5,17,69,COMPLETE
9818,9818,18122.5,2023-11-15 13:14:20.196580,2023-11-15 13:14:21.053899,0 days 00:00:00.857319,0.8,10,3.0,0.9,24,72,COMPLETE
9819,9819,17360.25,2023-11-15 13:14:21.057081,2023-11-15 13:14:21.925656,0 days 00:00:00.868575,0.8,10,3.0,0.9,28,78,COMPLETE
9820,9820,17920.5,2023-11-15 13:14:21.928651,2023-11-15 13:14:22.789942,0 days 00:00:00.861291,0.7000000000000001,10,2.75,0.9,21,67,COMPLETE
9821,9821,16636.0,2023-11-15 13:14:22.794878,2023-11-15 13:14:23.689247,0 days 00:00:00.894369,0.8,20,3.0,0.9,18,73,COMPLETE
9822,9822,18493.25,2023-11-15 13:14:23.692566,2023-11-15 13:14:24.559342,0 days 00:00:00.866776,0.8,10,2.0,0.9,23,75,COMPLETE
9823,9823,17924.5,2023-11-15 13:14:24.562429,2023-11-15 13:14:25.425706,0 days 00:00:00.863277,0.8,10,3.0,0.9,15,86,COMPLETE
9824,9824,16632.25,2023-11-15 13:14:25.429066,2023-11-15 13:14:26.305689,0 days 00:00:00.876623,0.8,10,2.75,0.9,19,63,COMPLETE
9825,9825,17020.25,2023-11-15 13:14:26.309034,2023-11-15 13:14:27.210259,0 days 00:00:00.901225,0.8,10,3.0,0.8,21,69,COMPLETE
9826,9826,18316.5,2023-11-15 13:14:27.213922,2023-11-15 13:14:28.079231,0 days 00:00:00.865309,0.6,10,3.0,0.9,30,71,COMPLETE
9827,9827,17917.0,2023-11-15 13:14:28.082517,2023-11-15 13:14:28.977031,0 days 00:00:00.894514,0.8,10,3.0,0.9,26,67,COMPLETE
9828,9828,14454.0,2023-11-15 13:14:28.979923,2023-11-15 13:14:29.875850,0 days 00:00:00.895927,0.1,10,2.75,0.9,17,76,COMPLETE
9829,9829,18493.25,2023-11-15 13:14:29.879547,2023-11-15 13:14:30.776655,0 days 00:00:00.897108,0.8,10,2.5,0.9,14,72,COMPLETE
9830,9830,17654.5,2023-11-15 13:14:30.779746,2023-11-15 13:14:31.649383,0 days 00:00:00.869637,0.8,10,3.0,0.9,23,65,COMPLETE
9831,9831,17109.5,2023-11-15 13:14:31.652650,2023-11-15 13:14:32.543917,0 days 00:00:00.891267,0.9,10,3.0,0.9,20,79,COMPLETE
9832,9832,16617.75,2023-11-15 13:14:32.546944,2023-11-15 13:14:33.420709,0 days 00:00:00.873765,0.8,20,3.0,0.9,16,69,COMPLETE
9833,9833,17920.75,2023-11-15 13:14:33.423621,2023-11-15 13:14:34.326085,0 days 00:00:00.902464,0.8,10,2.75,0.9,19,74,COMPLETE
9834,9834,19260.75,2023-11-15 13:14:34.328922,2023-11-15 13:14:35.198390,0 days 00:00:00.869468,0.8,10,3.0,0.9,11,71,COMPLETE
9835,9835,18682.0,2023-11-15 13:14:35.201561,2023-11-15 13:14:36.078281,0 days 00:00:00.876720,0.8,10,3.0,0.9,22,75,COMPLETE
9836,9836,17654.5,2023-11-15 13:14:36.081157,2023-11-15 13:14:36.965587,0 days 00:00:00.884430,0.8,10,3.0,0.9,25,65,COMPLETE
9837,9837,17642.25,2023-11-15 13:14:36.968466,2023-11-15 13:14:37.893172,0 days 00:00:00.924706,0.8,10,3.0,0.8,18,68,COMPLETE
9838,9838,19260.75,2023-11-15 13:14:37.896671,2023-11-15 13:14:38.771178,0 days 00:00:00.874507,0.8,10,2.75,0.9,16,71,COMPLETE
9839,9839,17452.25,2023-11-15 13:14:38.774417,2023-11-15 13:14:39.715861,0 days 00:00:00.941444,0.7000000000000001,10,3.0,0.9,13,59,COMPLETE
9840,9840,17185.5,2023-11-15 13:14:39.719136,2023-11-15 13:14:40.737310,0 days 00:00:01.018174,0.8,20,3.0,0.9,21,77,COMPLETE
9841,9841,18017.5,2023-11-15 13:14:40.740635,2023-11-15 13:14:41.695319,0 days 00:00:00.954684,0.9,10,2.75,0.6,19,73,COMPLETE
9842,9842,17839.75,2023-11-15 13:14:41.698301,2023-11-15 13:14:42.561438,0 days 00:00:00.863137,0.8,10,3.0,0.9,7,96,COMPLETE
9843,9843,17644.0,2023-11-15 13:14:42.564472,2023-11-15 13:14:43.447045,0 days 00:00:00.882573,0.8,10,3.0,0.9,23,82,COMPLETE
9844,9844,17549.75,2023-11-15 13:14:43.450124,2023-11-15 13:14:44.331583,0 days 00:00:00.881459,0.8,10,2.5,0.9,17,68,COMPLETE
9845,9845,16711.25,2023-11-15 13:14:44.334420,2023-11-15 13:14:45.249926,0 days 00:00:00.915506,0.8,10,3.0,0.9,25,62,COMPLETE
9846,9846,17920.75,2023-11-15 13:14:45.252805,2023-11-15 13:14:46.117416,0 days 00:00:00.864611,0.8,10,2.75,0.9,21,74,COMPLETE
9847,9847,17825.5,2023-11-15 13:14:46.120189,2023-11-15 13:14:46.999027,0 days 00:00:00.878838,0.8,10,3.0,0.9,15,70,COMPLETE
9848,9848,16208.25,2023-11-15 13:14:47.001862,2023-11-15 13:14:47.891459,0 days 00:00:00.889597,0.5,20,3.0,0.9,19,65,COMPLETE
9849,9849,17456.5,2023-11-15 13:14:47.895590,2023-11-15 13:14:48.798068,0 days 00:00:00.902478,0.7000000000000001,10,3.0,0.9,23,78,COMPLETE
9850,9850,19260.75,2023-11-15 13:14:48.800889,2023-11-15 13:14:49.675014,0 days 00:00:00.874125,0.8,10,3.0,0.9,33,71,COMPLETE
9851,9851,17917.0,2023-11-15 13:14:49.678896,2023-11-15 13:14:50.563102,0 days 00:00:00.884206,0.8,10,2.75,0.9,27,67,COMPLETE
9852,9852,18682.0,2023-11-15 13:14:50.565882,2023-11-15 13:14:51.447659,0 days 00:00:00.881777,0.8,10,3.0,0.8,17,75,COMPLETE
9853,9853,15407.0,2023-11-15 13:14:51.451239,2023-11-15 13:14:52.385921,0 days 00:00:00.934682,0.8,50,3.0,0.9,13,72,COMPLETE
9854,9854,17547.25,2023-11-15 13:14:52.388729,2023-11-15 13:14:53.279577,0 days 00:00:00.890848,0.8,10,2.75,0.9,20,68,COMPLETE
9855,9855,17160.5,2023-11-15 13:14:53.282577,2023-11-15 13:14:54.171075,0 days 00:00:00.888498,0.9,10,0.5,0.9,21,76,COMPLETE
9856,9856,16768.25,2023-11-15 13:14:54.174181,2023-11-15 13:14:55.064653,0 days 00:00:00.890472,0.8,10,3.0,0.1,18,70,COMPLETE
9857,9857,17014.0,2023-11-15 13:14:55.068104,2023-11-15 13:14:55.964029,0 days 00:00:00.895925,0.8,10,3.0,0.9,24,64,COMPLETE
9858,9858,17185.25,2023-11-15 13:14:55.968085,2023-11-15 13:14:56.863184,0 days 00:00:00.895099,0.8,10,3.0,0.9,15,73,COMPLETE
9859,9859,17552.0,2023-11-15 13:14:56.866095,2023-11-15 13:14:57.743827,0 days 00:00:00.877732,0.8,10,2.75,0.9,22,79,COMPLETE
9860,9860,12354.0,2023-11-15 13:14:57.746676,2023-11-15 13:14:58.647671,0 days 00:00:00.900995,0.8,60,3.0,0.9,19,68,COMPLETE
9861,9861,17733.0,2023-11-15 13:14:58.650649,2023-11-15 13:14:59.571871,0 days 00:00:00.921222,0.8,10,2.25,0.9,16,74,COMPLETE
9862,9862,18392.25,2023-11-15 13:14:59.575710,2023-11-15 13:15:00.465937,0 days 00:00:00.890227,0.8,20,3.0,0.8,3,71,COMPLETE
9863,9863,17080.5,2023-11-15 13:15:00.469385,2023-11-15 13:15:01.361764,0 days 00:00:00.892379,0.7000000000000001,10,3.0,0.9,12,66,COMPLETE
9864,9864,17196.25,2023-11-15 13:15:01.364813,2023-11-15 13:15:02.258329,0 days 00:00:00.893516,0.8,10,2.75,0.9,25,76,COMPLETE
9865,9865,17115.5,2023-11-15 13:15:02.261953,2023-11-15 13:15:03.160129,0 days 00:00:00.898176,0.8,10,3.0,0.9,18,69,COMPLETE
9866,9866,16545.5,2023-11-15 13:15:03.163396,2023-11-15 13:15:04.058844,0 days 00:00:00.895448,0.8,10,2.5,0.9,21,63,COMPLETE
9867,9867,18122.5,2023-11-15 13:15:04.062103,2023-11-15 13:15:04.948589,0 days 00:00:00.886486,0.8,10,3.0,0.9,14,72,COMPLETE
9868,9868,17455.75,2023-11-15 13:15:04.951423,2023-11-15 13:15:05.836748,0 days 00:00:00.885325,0.9,10,3.0,0.9,28,67,COMPLETE
9869,9869,16635.5,2023-11-15 13:15:05.839727,2023-11-15 13:15:06.750564,0 days 00:00:00.910837,0.8,20,2.75,0.9,23,81,COMPLETE
9870,9870,17920.75,2023-11-15 13:15:06.754031,2023-11-15 13:15:07.677760,0 days 00:00:00.923729,0.8,10,3.0,0.9,17,74,COMPLETE
9871,9871,17929.5,2023-11-15 13:15:07.681276,2023-11-15 13:15:08.688937,0 days 00:00:01.007661,0.8,10,1.0,0.9,20,70,COMPLETE
9872,9872,14302.5,2023-11-15 13:15:08.692571,2023-11-15 13:15:09.724207,0 days 00:00:01.031636,0.8,70,3.0,0.9,19,78,COMPLETE
9873,9873,18215.25,2023-11-15 13:15:09.728074,2023-11-15 13:15:10.742274,0 days 00:00:01.014200,0.8,10,2.75,0.9,16,72,COMPLETE
9874,9874,17461.25,2023-11-15 13:15:10.745825,2023-11-15 13:15:11.641545,0 days 00:00:00.895720,0.8,10,3.0,0.9,22,60,COMPLETE
9875,9875,17748.75,2023-11-15 13:15:11.645438,2023-11-15 13:15:12.538240,0 days 00:00:00.892802,0.8,10,2.5,0.8,25,65,COMPLETE
9876,9876,17111.5,2023-11-15 13:15:12.541284,2023-11-15 13:15:13.423344,0 days 00:00:00.882060,0.7000000000000001,10,3.0,0.9,18,69,COMPLETE
9877,9877,18682.0,2023-11-15 13:15:13.427951,2023-11-15 13:15:14.321508,0 days 00:00:00.893557,0.8,10,3.0,0.9,14,75,COMPLETE
9878,9878,297.25,2023-11-15 13:15:14.324687,2023-11-15 13:15:15.366153,0 days 00:00:01.041466,0.8,10,2.75,0.9,0,72,COMPLETE
9879,9879,17917.0,2023-11-15 13:15:15.368957,2023-11-15 13:15:16.408877,0 days 00:00:01.039920,0.8,10,3.0,0.9,20,67,COMPLETE
9880,9880,18026.0,2023-11-15 13:15:16.412152,2023-11-15 13:15:17.289964,0 days 00:00:00.877812,0.8,10,3.0,0.9,23,77,COMPLETE
9881,9881,13426.5,2023-11-15 13:15:17.293564,2023-11-15 13:15:18.193357,0 days 00:00:00.899793,0.9,80,3.0,0.9,16,70,COMPLETE
9882,9882,16636.0,2023-11-15 13:15:18.196284,2023-11-15 13:15:19.092152,0 days 00:00:00.895868,0.8,20,3.0,0.9,11,73,COMPLETE
9883,9883,11719.0,2023-11-15 13:15:19.095621,2023-11-15 13:15:20.042006,0 days 00:00:00.946385,0.8,90,2.75,0.9,27,66,COMPLETE
9884,9884,16711.25,2023-11-15 13:15:20.045227,2023-11-15 13:15:20.928665,0 days 00:00:00.883438,0.8,10,3.0,0.9,21,62,COMPLETE
9885,9885,18682.0,2023-11-15 13:15:20.931748,2023-11-15 13:15:21.824520,0 days 00:00:00.892772,0.8,10,3.0,0.9,19,75,COMPLETE
9886,9886,11652.0,2023-11-15 13:15:21.827994,2023-11-15 13:15:22.917059,0 days 00:00:01.089065,0.8,100,3.0,0.7000000000000001,24,68,COMPLETE
9887,9887,17188.75,2023-11-15 13:15:22.921351,2023-11-15 13:15:24.036907,0 days 00:00:01.115556,0.7000000000000001,10,2.75,0.9,17,84,COMPLETE
9888,9888,19260.75,2023-11-15 13:15:24.039774,2023-11-15 13:15:24.920120,0 days 00:00:00.880346,0.8,10,3.0,0.9,13,71,COMPLETE
9889,9889,17833.0,2023-11-15 13:15:24.923134,2023-11-15 13:15:25.799510,0 days 00:00:00.876376,0.8,10,3.0,0.9,21,80,COMPLETE
9890,9890,17920.75,2023-11-15 13:15:25.802450,2023-11-15 13:15:26.692816,0 days 00:00:00.890366,0.8,10,3.0,0.9,15,74,COMPLETE
9891,9891,17825.5,2023-11-15 13:15:26.695709,2023-11-15 13:15:27.571722,0 days 00:00:00.876013,0.8,10,3.0,0.9,30,70,COMPLETE
9892,9892,17014.5,2023-11-15 13:15:27.574962,2023-11-15 13:15:28.451669,0 days 00:00:00.876707,0.8,10,2.0,0.8,18,64,COMPLETE
9893,9893,17196.25,2023-11-15 13:15:28.454517,2023-11-15 13:15:29.346304,0 days 00:00:00.891787,0.8,10,2.75,0.9,22,76,COMPLETE
9894,9894,15897.5,2023-11-15 13:15:29.349359,2023-11-15 13:15:30.247168,0 days 00:00:00.897809,0.9,20,2.5,0.9,20,68,COMPLETE
9895,9895,17402.75,2023-11-15 13:15:30.251607,2023-11-15 13:15:31.128887,0 days 00:00:00.877280,0.8,10,3.0,0.30000000000000004,26,72,COMPLETE
9896,9896,16719.5,2023-11-15 13:15:31.131893,2023-11-15 13:15:32.021936,0 days 00:00:00.890043,0.8,10,3.0,0.9,24,66,COMPLETE
9897,9897,17825.5,2023-11-15 13:15:32.025270,2023-11-15 13:15:32.908186,0 days 00:00:00.882916,0.8,10,2.75,0.9,16,70,COMPLETE
9898,9898,17453.0,2023-11-15 13:15:32.911777,2023-11-15 13:15:33.832567,0 days 00:00:00.920790,0.8,10,3.0,0.9,18,78,COMPLETE
9899,9899,17920.75,2023-11-15 13:15:33.835590,2023-11-15 13:15:34.717732,0 days 00:00:00.882142,0.8,10,3.0,0.9,22,74,COMPLETE
9900,9900,18122.5,2023-11-15 13:15:34.720636,2023-11-15 13:15:35.613140,0 days 00:00:00.892504,0.8,10,3.0,0.9,9,72,COMPLETE
9901,9901,17091.25,2023-11-15 13:15:35.615949,2023-11-15 13:15:36.505408,0 days 00:00:00.889459,0.8,10,0.75,0.9,20,68,COMPLETE
9902,9902,16038.25,2023-11-15 13:15:36.509020,2023-11-15 13:15:37.580731,0 days 00:00:01.071711,0.8,30,2.75,0.9,14,77,COMPLETE
9903,9903,15037.5,2023-11-15 13:15:37.584692,2023-11-15 13:15:38.634222,0 days 00:00:01.049530,0.8,20,3.0,0.9,18,54,COMPLETE
9904,9904,16919.75,2023-11-15 13:15:38.637080,2023-11-15 13:15:39.520875,0 days 00:00:00.883795,0.7000000000000001,10,3.0,0.9,23,64,COMPLETE
9905,9905,17922.5,2023-11-15 13:15:39.523776,2023-11-15 13:15:40.420432,0 days 00:00:00.896656,0.8,10,2.75,0.8,16,70,COMPLETE
9906,9906,17920.75,2023-11-15 13:15:40.423559,2023-11-15 13:15:41.316752,0 days 00:00:00.893193,0.8,10,3.0,0.9,20,74,COMPLETE
9907,9907,18017.75,2023-11-15 13:15:41.320074,2023-11-15 13:15:42.243498,0 days 00:00:00.923424,0.8,10,3.0,0.9,25,122,COMPLETE
9908,9908,17917.0,2023-11-15 13:15:42.246536,2023-11-15 13:15:43.142795,0 days 00:00:00.896259,0.8,10,3.0,0.9,14,67,COMPLETE
9909,9909,18215.25,2023-11-15 13:15:43.145893,2023-11-15 13:15:44.045399,0 days 00:00:00.899506,0.8,10,2.75,0.9,18,72,COMPLETE
9910,9910,16923.25,2023-11-15 13:15:44.048300,2023-11-15 13:15:44.950967,0 days 00:00:00.902667,0.8,10,3.0,0.9,22,76,COMPLETE
9911,9911,17115.5,2023-11-15 13:15:44.954151,2023-11-15 13:15:45.889654,0 days 00:00:00.935503,0.8,10,3.0,0.9,11,69,COMPLETE
9912,9912,17927.5,2023-11-15 13:15:45.893357,2023-11-15 13:15:46.786099,0 days 00:00:00.892742,0.8,10,2.75,0.9,27,80,COMPLETE
9913,9913,16540.25,2023-11-15 13:15:46.788989,2023-11-15 13:15:47.679521,0 days 00:00:00.890532,0.9,10,3.0,0.9,20,62,COMPLETE
9914,9914,17188.25,2023-11-15 13:15:47.682836,2023-11-15 13:15:48.572962,0 days 00:00:00.890126,0.8,10,3.0,0.9,16,73,COMPLETE
9915,9915,17631.75,2023-11-15 13:15:48.576774,2023-11-15 13:15:49.512821,0 days 00:00:00.936047,0.8,20,2.25,0.9,24,65,COMPLETE
9916,9916,17826.25,2023-11-15 13:15:49.515838,2023-11-15 13:15:50.396656,0 days 00:00:00.880818,0.8,10,2.5,0.9,18,70,COMPLETE
9917,9917,18587.5,2023-11-15 13:15:50.399776,2023-11-15 13:15:51.290243,0 days 00:00:00.890467,0.7000000000000001,10,3.0,0.8,22,75,COMPLETE
9918,9918,17547.25,2023-11-15 13:15:51.293689,2023-11-15 13:15:52.192418,0 days 00:00:00.898729,0.8,10,3.0,0.9,13,68,COMPLETE
9919,9919,18493.75,2023-11-15 13:15:52.195843,2023-11-15 13:15:53.099273,0 days 00:00:00.903430,0.6,10,3.0,0.9,20,72,COMPLETE
