,number,value,datetime_start,datetime_complete,duration,params_alpha,params_decay_interval,params_decay_rate,params_gamma,params_initialization,params_max_steps,state
8639,8639,18209.75,2023-11-15 14:18:09.039085,2023-11-15 14:18:09.937899,0 days 00:00:00.898814,0.8,10,1.5,0.8,21,99,COMPLETE
8640,8640,18207.75,2023-11-15 14:18:09.941529,2023-11-15 14:18:10.688423,0 days 00:00:00.746894,0.8,10,1.25,0.8,16,93,COMPLETE
8641,8641,15424.25,2023-11-15 14:18:10.691548,2023-11-15 14:18:11.499395,0 days 00:00:00.807847,0.8,60,1.25,0.9,12,98,COMPLETE
8642,8642,17831.0,2023-11-15 14:18:11.502438,2023-11-15 14:18:12.275519,0 days 00:00:00.773081,0.8,10,1.5,0.30000000000000004,4,95,COMPLETE
8643,8643,18307.0,2023-11-15 14:18:12.278339,2023-11-15 14:18:13.059904,0 days 00:00:00.781565,0.9,10,1.25,0.8,19,100,COMPLETE
8644,8644,17920.5,2023-11-15 14:18:13.063183,2023-11-15 14:18:13.814647,0 days 00:00:00.751464,0.7000000000000001,20,2.0,0.8,9,97,COMPLETE
8645,8645,17932.0,2023-11-15 14:18:13.817752,2023-11-15 14:18:14.571296,0 days 00:00:00.753544,0.8,10,1.25,0.8,39,98,COMPLETE
8646,8646,18401.0,2023-11-15 14:18:14.573891,2023-11-15 14:18:15.332960,0 days 00:00:00.759069,0.8,10,1.0,0.8,14,100,COMPLETE
8647,8647,18301.75,2023-11-15 14:18:15.336138,2023-11-15 14:18:16.200538,0 days 00:00:00.864400,0.8,10,1.25,0.8,23,96,COMPLETE
8648,8648,18209.5,2023-11-15 14:18:16.203673,2023-11-15 14:18:17.236113,0 days 00:00:01.032440,0.8,10,1.25,0.7000000000000001,17,98,COMPLETE
8649,8649,18492.5,2023-11-15 14:18:17.241446,2023-11-15 14:18:18.276345,0 days 00:00:01.034899,0.8,10,1.25,0.8,20,100,COMPLETE
8650,8650,18019.5,2023-11-15 14:18:18.278944,2023-11-15 14:18:19.041290,0 days 00:00:00.762346,0.8,10,1.25,0.6,11,95,COMPLETE
8651,8651,12250.0,2023-11-15 14:18:19.044098,2023-11-15 14:18:19.842515,0 days 00:00:00.798417,0.8,100,1.25,0.8,15,92,COMPLETE
8652,8652,18022.0,2023-11-15 14:18:19.845229,2023-11-15 14:18:20.602230,0 days 00:00:00.757001,0.8,10,1.0,0.8,5,98,COMPLETE
8653,8653,18302.75,2023-11-15 14:18:20.606042,2023-11-15 14:18:21.400072,0 days 00:00:00.794030,0.5,10,1.5,0.9,17,97,COMPLETE
8654,8654,18398.25,2023-11-15 14:18:21.403174,2023-11-15 14:18:22.154575,0 days 00:00:00.751401,0.8,10,1.25,0.8,13,100,COMPLETE
8655,8655,18486.25,2023-11-15 14:18:22.157186,2023-11-15 14:18:22.911503,0 days 00:00:00.754317,0.8,10,1.25,0.8,2,94,COMPLETE
8656,8656,18209.25,2023-11-15 14:18:22.914272,2023-11-15 14:18:23.663992,0 days 00:00:00.749720,0.9,10,1.25,0.8,7,96,COMPLETE
8657,8657,17919.25,2023-11-15 14:18:23.667087,2023-11-15 14:18:24.419325,0 days 00:00:00.752238,0.8,20,1.25,0.8,18,99,COMPLETE
8658,8658,18023.5,2023-11-15 14:18:24.422138,2023-11-15 14:18:25.200043,0 days 00:00:00.777905,0.8,10,1.25,0.8,21,98,COMPLETE
8659,8659,17359.25,2023-11-15 14:18:25.202771,2023-11-15 14:18:25.953967,0 days 00:00:00.751196,0.8,30,1.5,0.7000000000000001,10,100,COMPLETE
8660,8660,18594.75,2023-11-15 14:18:25.956557,2023-11-15 14:18:26.723920,0 days 00:00:00.767363,0.8,10,1.0,0.8,16,96,COMPLETE
8661,8661,18303.75,2023-11-15 14:18:26.726681,2023-11-15 14:18:27.529753,0 days 00:00:00.803072,0.7000000000000001,10,1.25,0.8,13,98,COMPLETE
8662,8662,18306.25,2023-11-15 14:18:27.532650,2023-11-15 14:18:28.333447,0 days 00:00:00.800797,0.8,10,1.25,0.8,29,100,COMPLETE
8663,8663,18218.0,2023-11-15 14:18:28.336620,2023-11-15 14:18:29.104894,0 days 00:00:00.768274,0.8,10,1.25,0.8,4,97,COMPLETE
8664,8664,17747.25,2023-11-15 14:18:29.107846,2023-11-15 14:18:29.866927,0 days 00:00:00.759081,0.8,10,1.25,0.9,26,95,COMPLETE
8665,8665,18211.25,2023-11-15 14:18:29.869804,2023-11-15 14:18:30.637461,0 days 00:00:00.767657,0.7000000000000001,10,1.25,0.8,23,98,COMPLETE
8666,8666,16910.25,2023-11-15 14:18:30.640768,2023-11-15 14:18:31.506734,0 days 00:00:00.865966,0.8,10,1.5,0.8,8,53,COMPLETE
8667,8667,18401.0,2023-11-15 14:18:31.509464,2023-11-15 14:18:32.281926,0 days 00:00:00.772462,0.8,10,1.0,0.8,15,100,COMPLETE
8668,8668,17839.0,2023-11-15 14:18:32.284662,2023-11-15 14:18:33.053389,0 days 00:00:00.768727,0.8,20,1.25,0.8,20,97,COMPLETE
8669,8669,18397.25,2023-11-15 14:18:33.056168,2023-11-15 14:18:33.837568,0 days 00:00:00.781400,0.9,10,1.25,0.8,6,94,COMPLETE
8670,8670,18681.25,2023-11-15 14:18:33.840340,2023-11-15 14:18:34.590684,0 days 00:00:00.750344,0.8,10,1.25,0.8,18,99,COMPLETE
8671,8671,18394.5,2023-11-15 14:18:34.593419,2023-11-15 14:18:35.366596,0 days 00:00:00.773177,0.8,10,1.25,0.8,13,96,COMPLETE
8672,8672,199.5,2023-11-15 14:18:35.369976,2023-11-15 14:18:36.400449,0 days 00:00:01.030473,0.8,10,1.25,0.8,0,100,COMPLETE
8673,8673,17008.5,2023-11-15 14:18:36.403874,2023-11-15 14:18:37.347683,0 days 00:00:00.943809,0.6,10,2.25,0.8,11,68,COMPLETE
8674,8674,18212.75,2023-11-15 14:18:37.350663,2023-11-15 14:18:38.101268,0 days 00:00:00.750605,0.8,10,1.5,0.9,3,98,COMPLETE
8675,8675,18494.0,2023-11-15 14:18:38.103990,2023-11-15 14:18:38.924741,0 days 00:00:00.820751,0.8,10,2.0,0.7000000000000001,17,98,COMPLETE
8676,8676,18202.0,2023-11-15 14:18:38.928227,2023-11-15 14:18:39.774466,0 days 00:00:00.846239,0.8,20,1.75,0.8,20,96,COMPLETE
8677,8677,18399.25,2023-11-15 14:18:39.777240,2023-11-15 14:18:40.670016,0 days 00:00:00.892776,0.8,10,1.25,0.8,9,92,COMPLETE
8678,8678,18401.0,2023-11-15 14:18:40.672630,2023-11-15 14:18:41.437270,0 days 00:00:00.764640,0.8,10,1.0,0.8,35,100,COMPLETE
8679,8679,18296.75,2023-11-15 14:18:41.440683,2023-11-15 14:18:42.208869,0 days 00:00:00.768186,0.7000000000000001,10,1.25,0.8,15,98,COMPLETE
8680,8680,18112.5,2023-11-15 14:18:42.211791,2023-11-15 14:18:42.978910,0 days 00:00:00.767119,0.8,10,1.25,0.8,6,95,COMPLETE
8681,8681,18492.5,2023-11-15 14:18:42.982450,2023-11-15 14:18:43.741220,0 days 00:00:00.758770,0.8,10,1.25,0.8,19,100,COMPLETE
8682,8682,18399.75,2023-11-15 14:18:43.743824,2023-11-15 14:18:44.519062,0 days 00:00:00.775238,0.8,10,1.5,0.8,12,97,COMPLETE
8683,8683,18120.0,2023-11-15 14:18:44.521799,2023-11-15 14:18:45.317119,0 days 00:00:00.795320,0.9,10,1.25,0.9,24,98,COMPLETE
8684,8684,17924.25,2023-11-15 14:18:45.319747,2023-11-15 14:18:46.104520,0 days 00:00:00.784773,0.8,20,1.0,0.8,22,100,COMPLETE
8685,8685,18410.75,2023-11-15 14:18:46.107133,2023-11-15 14:18:46.867447,0 days 00:00:00.760314,0.8,10,1.25,0.8,16,94,COMPLETE
8686,8686,15640.0,2023-11-15 14:18:46.870219,2023-11-15 14:18:47.675493,0 days 00:00:00.805274,0.8,10,1.25,0.8,2,30,COMPLETE
8687,8687,18301.75,2023-11-15 14:18:47.678441,2023-11-15 14:18:48.442690,0 days 00:00:00.764249,0.8,10,1.25,0.7000000000000001,14,96,COMPLETE
8688,8688,18023.5,2023-11-15 14:18:48.445392,2023-11-15 14:18:49.212743,0 days 00:00:00.767351,0.8,10,1.25,0.8,18,98,COMPLETE
8689,8689,18305.75,2023-11-15 14:18:49.215475,2023-11-15 14:18:49.964267,0 days 00:00:00.748792,0.8,10,1.5,0.8,8,100,COMPLETE
8690,8690,18023.5,2023-11-15 14:18:49.967082,2023-11-15 14:18:50.744597,0 days 00:00:00.777515,0.8,10,1.25,0.8,10,98,COMPLETE
8691,8691,18497.5,2023-11-15 14:18:50.747339,2023-11-15 14:18:51.511794,0 days 00:00:00.764455,0.8,10,1.0,0.8,5,96,COMPLETE
8692,8692,18681.25,2023-11-15 14:18:51.514490,2023-11-15 14:18:52.284694,0 days 00:00:00.770204,0.8,10,1.25,0.8,16,99,COMPLETE
8693,8693,18030.0,2023-11-15 14:18:52.288089,2023-11-15 14:18:53.056995,0 days 00:00:00.768906,0.8,20,1.25,0.9,19,94,COMPLETE
8694,8694,18218.0,2023-11-15 14:18:53.059627,2023-11-15 14:18:53.849895,0 days 00:00:00.790268,0.8,10,1.25,0.8,12,97,COMPLETE
8695,8695,18491.25,2023-11-15 14:18:53.852620,2023-11-15 14:18:54.608931,0 days 00:00:00.756311,0.7000000000000001,10,1.25,0.8,14,99,COMPLETE
8696,8696,18307.0,2023-11-15 14:18:54.611667,2023-11-15 14:18:55.369910,0 days 00:00:00.758243,0.9,10,1.25,0.8,21,100,COMPLETE
8697,8697,18301.5,2023-11-15 14:18:55.372488,2023-11-15 14:18:56.134001,0 days 00:00:00.761513,0.8,10,1.5,0.8,17,96,COMPLETE
8698,8698,18022.0,2023-11-15 14:18:56.137082,2023-11-15 14:18:56.935476,0 days 00:00:00.798394,0.8,10,1.0,0.8,2,98,COMPLETE
8699,8699,18492.5,2023-11-15 14:18:56.938116,2023-11-15 14:18:57.690297,0 days 00:00:00.752181,0.8,10,1.25,0.8,5,100,COMPLETE
8700,8700,18025.5,2023-11-15 14:18:57.692873,2023-11-15 14:18:58.444356,0 days 00:00:00.751483,0.8,10,1.25,0.8,46,93,COMPLETE
8701,8701,18401.0,2023-11-15 14:18:58.446989,2023-11-15 14:18:59.203692,0 days 00:00:00.756703,0.8,10,1.25,0.7000000000000001,8,97,COMPLETE
8702,8702,17844.75,2023-11-15 14:18:59.206285,2023-11-15 14:18:59.960214,0 days 00:00:00.753929,0.8,10,1.25,0.9,15,95,COMPLETE
8703,8703,18023.5,2023-11-15 14:18:59.963313,2023-11-15 14:19:00.763996,0 days 00:00:00.800683,0.8,10,1.25,0.8,11,98,COMPLETE
8704,8704,17880.5,2023-11-15 14:19:00.767032,2023-11-15 14:19:01.536065,0 days 00:00:00.769033,0.8,10,0.75,0.8,22,100,COMPLETE
8705,8705,18494.0,2023-11-15 14:19:01.538782,2023-11-15 14:19:02.297805,0 days 00:00:00.759023,0.9,10,1.75,0.8,19,97,COMPLETE
8706,8706,17561.25,2023-11-15 14:19:02.300723,2023-11-15 14:19:03.064887,0 days 00:00:00.764164,0.8,20,1.5,0.2,4,100,COMPLETE
8707,8707,18209.5,2023-11-15 14:19:03.067457,2023-11-15 14:19:03.825418,0 days 00:00:00.757961,0.8,10,1.25,0.8,31,96,COMPLETE
8708,8708,16984.75,2023-11-15 14:19:03.828086,2023-11-15 14:19:04.636659,0 days 00:00:00.808573,0.7000000000000001,10,1.0,0.8,17,65,COMPLETE
8709,8709,18117.5,2023-11-15 14:19:04.639399,2023-11-15 14:19:05.402149,0 days 00:00:00.762750,0.8,10,1.25,0.9,25,98,COMPLETE
8710,8710,17655.25,2023-11-15 14:19:05.404781,2023-11-15 14:19:06.156812,0 days 00:00:00.752031,0.8,10,1.25,0.8,13,91,COMPLETE
8711,8711,18015.25,2023-11-15 14:19:06.159414,2023-11-15 14:19:06.927150,0 days 00:00:00.767736,0.8,10,1.5,0.4,7,95,COMPLETE
8712,8712,17574.75,2023-11-15 14:19:06.929715,2023-11-15 14:19:07.704999,0 days 00:00:00.775284,0.8,10,1.25,0.1,10,99,COMPLETE
8713,8713,18023.5,2023-11-15 14:19:07.707942,2023-11-15 14:19:08.462244,0 days 00:00:00.754302,0.8,10,1.25,0.8,20,98,COMPLETE
8714,8714,18492.5,2023-11-15 14:19:08.465636,2023-11-15 14:19:09.212054,0 days 00:00:00.746418,0.8,10,1.25,0.8,15,100,COMPLETE
8715,8715,18202.0,2023-11-15 14:19:09.215436,2023-11-15 14:19:09.954332,0 days 00:00:00.738896,0.8,20,1.25,0.8,1,96,COMPLETE
8716,8716,18121.25,2023-11-15 14:19:09.956946,2023-11-15 14:19:10.748944,0 days 00:00:00.791998,0.7000000000000001,10,1.25,0.7000000000000001,18,98,COMPLETE
8717,8717,18393.0,2023-11-15 14:19:10.751546,2023-11-15 14:19:11.516013,0 days 00:00:00.764467,0.8,10,2.0,0.8,3,93,COMPLETE
8718,8718,18399.5,2023-11-15 14:19:11.519010,2023-11-15 14:19:12.281249,0 days 00:00:00.762239,0.9,10,1.25,0.8,23,100,COMPLETE
8719,8719,18218.0,2023-11-15 14:19:12.284321,2023-11-15 14:19:13.058272,0 days 00:00:00.773951,0.8,10,1.25,0.8,16,97,COMPLETE
8720,8720,17831.25,2023-11-15 14:19:13.060933,2023-11-15 14:19:13.944167,0 days 00:00:00.883234,0.8,10,1.5,0.8,13,95,COMPLETE
8721,8721,13306.0,2023-11-15 14:19:13.947053,2023-11-15 14:19:14.912994,0 days 00:00:00.965941,0.8,90,1.0,0.8,6,98,COMPLETE
8722,8722,18306.25,2023-11-15 14:19:14.916132,2023-11-15 14:19:15.699833,0 days 00:00:00.783701,0.8,10,1.25,0.9,9,100,COMPLETE
8723,8723,18301.75,2023-11-15 14:19:15.702418,2023-11-15 14:19:16.512202,0 days 00:00:00.809784,0.8,10,1.25,0.8,20,96,COMPLETE
8724,8724,17829.5,2023-11-15 14:19:16.515430,2023-11-15 14:19:17.405679,0 days 00:00:00.890249,0.7000000000000001,20,1.0,0.8,17,98,COMPLETE
8725,8725,18212.25,2023-11-15 14:19:17.408337,2023-11-15 14:19:18.301718,0 days 00:00:00.893381,0.8,10,1.25,0.7000000000000001,12,100,COMPLETE
8726,8726,18023.5,2023-11-15 14:19:18.304471,2023-11-15 14:19:19.134899,0 days 00:00:00.830428,0.8,10,1.25,0.8,14,98,COMPLETE
8727,8727,16116.75,2023-11-15 14:19:19.137489,2023-11-15 14:19:20.008712,0 days 00:00:00.871223,0.8,50,1.5,0.8,4,94,COMPLETE
8728,8728,18394.5,2023-11-15 14:19:20.011783,2023-11-15 14:19:20.971814,0 days 00:00:00.960031,0.8,10,1.25,0.8,7,96,COMPLETE
8729,8729,18398.25,2023-11-15 14:19:20.975152,2023-11-15 14:19:21.824509,0 days 00:00:00.849357,0.8,10,1.25,0.8,21,100,COMPLETE
8730,8730,13936.0,2023-11-15 14:19:21.827460,2023-11-15 14:19:22.785225,0 days 00:00:00.957765,0.8,80,1.25,0.8,0,98,COMPLETE
8731,8731,18400.75,2023-11-15 14:19:22.788276,2023-11-15 14:19:23.608597,0 days 00:00:00.820321,0.9,10,1.5,0.8,18,97,COMPLETE
8732,8732,18586.25,2023-11-15 14:19:23.612364,2023-11-15 14:19:24.458737,0 days 00:00:00.846373,0.8,10,1.25,0.9,15,99,COMPLETE
8733,8733,13771.75,2023-11-15 14:19:24.462083,2023-11-15 14:19:25.329428,0 days 00:00:00.867345,0.8,10,0.5,0.8,19,35,COMPLETE
8734,8734,16573.0,2023-11-15 14:19:25.332812,2023-11-15 14:19:26.119855,0 days 00:00:00.787043,0.7000000000000001,10,1.25,0.8,27,49,COMPLETE
8735,8735,17833.5,2023-11-15 14:19:26.122572,2023-11-15 14:19:26.907210,0 days 00:00:00.784638,0.8,10,1.75,0.8,10,95,COMPLETE
8736,8736,17306.25,2023-11-15 14:19:26.910706,2023-11-15 14:19:27.720080,0 days 00:00:00.809374,0.4,20,1.25,0.8,22,100,COMPLETE
8737,8737,18308.75,2023-11-15 14:19:27.722766,2023-11-15 14:19:28.553240,0 days 00:00:00.830474,0.8,10,1.25,0.7000000000000001,12,97,COMPLETE
8738,8738,18022.0,2023-11-15 14:19:28.556974,2023-11-15 14:19:29.527964,0 days 00:00:00.970990,0.8,10,1.0,0.8,6,98,COMPLETE
8739,8739,18207.75,2023-11-15 14:19:29.531445,2023-11-15 14:19:30.365692,0 days 00:00:00.834247,0.8,10,1.25,0.8,17,93,COMPLETE
8740,8740,18492.5,2023-11-15 14:19:30.368418,2023-11-15 14:19:31.375217,0 days 00:00:01.006799,0.8,10,1.25,0.8,15,100,COMPLETE
8741,8741,18395.25,2023-11-15 14:19:31.379292,2023-11-15 14:19:32.471337,0 days 00:00:01.092045,0.8,10,1.5,0.9,9,96,COMPLETE
8742,8742,18024.25,2023-11-15 14:19:32.474438,2023-11-15 14:19:33.898657,0 days 00:00:01.424219,0.5,10,2.25,0.8,4,98,COMPLETE
8743,8743,18681.25,2023-11-15 14:19:33.902201,2023-11-15 14:19:34.858433,0 days 00:00:00.956232,0.8,10,1.25,0.8,2,99,COMPLETE
8744,8744,14487.75,2023-11-15 14:19:34.861775,2023-11-15 14:19:35.886339,0 days 00:00:01.024564,0.8,70,1.0,0.8,24,96,COMPLETE
8745,8745,18399.75,2023-11-15 14:19:35.890648,2023-11-15 14:19:37.009863,0 days 00:00:01.119215,0.9,10,1.25,0.8,20,100,COMPLETE
8746,8746,17760.5,2023-11-15 14:19:37.012785,2023-11-15 14:19:37.969798,0 days 00:00:00.957013,0.8,20,1.25,0.8,57,94,COMPLETE
8747,8747,18023.5,2023-11-15 14:19:37.973147,2023-11-15 14:19:38.915457,0 days 00:00:00.942310,0.8,10,1.25,0.8,17,98,COMPLETE
8748,8748,18218.0,2023-11-15 14:19:38.918537,2023-11-15 14:19:39.756233,0 days 00:00:00.837696,0.8,10,1.25,0.8,14,97,COMPLETE
8749,8749,18400.5,2023-11-15 14:19:39.759049,2023-11-15 14:19:40.568777,0 days 00:00:00.809728,0.8,10,1.5,0.8,11,100,COMPLETE
8750,8750,17743.75,2023-11-15 14:19:40.571737,2023-11-15 14:19:41.367088,0 days 00:00:00.795351,0.8,10,2.0,0.8,19,95,COMPLETE
8751,8751,16951.0,2023-11-15 14:19:41.370082,2023-11-15 14:19:42.163074,0 days 00:00:00.792992,0.30000000000000004,10,1.25,0.9,65,98,COMPLETE
8752,8752,18401.0,2023-11-15 14:19:42.166231,2023-11-15 14:19:42.944445,0 days 00:00:00.778214,0.8,10,1.0,0.8,7,100,COMPLETE
8753,8753,18116.75,2023-11-15 14:19:42.948102,2023-11-15 14:19:43.736948,0 days 00:00:00.788846,0.6,10,2.5,0.7000000000000001,13,96,COMPLETE
8754,8754,18310.75,2023-11-15 14:19:43.739792,2023-11-15 14:19:44.517280,0 days 00:00:00.777488,0.8,10,1.25,0.8,16,92,COMPLETE
8755,8755,17830.75,2023-11-15 14:19:44.520651,2023-11-15 14:19:45.297833,0 days 00:00:00.777182,0.8,20,1.25,0.8,22,98,COMPLETE
8756,8756,18492.5,2023-11-15 14:19:45.301062,2023-11-15 14:19:46.092933,0 days 00:00:00.791871,0.8,10,1.25,0.8,8,100,COMPLETE
8757,8757,18216.0,2023-11-15 14:19:46.095571,2023-11-15 14:19:46.871482,0 days 00:00:00.775911,0.7000000000000001,10,1.25,0.8,18,97,COMPLETE
8758,8758,16720.0,2023-11-15 14:19:46.874050,2023-11-15 14:19:47.639257,0 days 00:00:00.765207,0.8,40,1.5,0.7000000000000001,11,95,COMPLETE
8759,8759,10671.75,2023-11-15 14:19:47.642103,2023-11-15 14:19:48.524696,0 days 00:00:00.882593,0.1,10,1.25,0.6,61,98,COMPLETE
8760,8760,18210.75,2023-11-15 14:19:48.527389,2023-11-15 14:19:49.296898,0 days 00:00:00.769509,0.8,10,1.75,0.8,5,100,COMPLETE
8761,8761,18323.25,2023-11-15 14:19:49.299864,2023-11-15 14:19:50.082179,0 days 00:00:00.782315,0.8,10,1.0,0.8,15,97,COMPLETE
8762,8762,18494.5,2023-11-15 14:19:50.084767,2023-11-15 14:19:50.860237,0 days 00:00:00.775470,0.9,10,1.25,0.8,2,99,COMPLETE
8763,8763,18410.75,2023-11-15 14:19:50.862843,2023-11-15 14:19:51.650010,0 days 00:00:00.787167,0.8,10,1.25,0.8,20,94,COMPLETE
8764,8764,18399.5,2023-11-15 14:19:51.653383,2023-11-15 14:19:52.462136,0 days 00:00:00.808753,0.8,10,1.25,0.9,17,90,COMPLETE
8765,8765,18117.25,2023-11-15 14:19:52.465571,2023-11-15 14:19:53.370172,0 days 00:00:00.904601,0.8,10,1.25,0.5,13,96,COMPLETE
8766,8766,18107.75,2023-11-15 14:19:53.374437,2023-11-15 14:19:54.197714,0 days 00:00:00.823277,0.8,20,1.5,0.8,9,100,COMPLETE
8767,8767,18023.5,2023-11-15 14:19:54.200528,2023-11-15 14:19:54.971221,0 days 00:00:00.770693,0.8,10,1.25,0.8,4,98,COMPLETE
8768,8768,18023.5,2023-11-15 14:19:54.973988,2023-11-15 14:19:55.763445,0 days 00:00:00.789457,0.8,10,1.25,0.8,21,98,COMPLETE
8769,8769,18394.5,2023-11-15 14:19:55.766990,2023-11-15 14:19:56.627808,0 days 00:00:00.860818,0.8,10,1.25,0.8,16,96,COMPLETE
8770,8770,199.5,2023-11-15 14:19:56.631277,2023-11-15 14:19:57.684451,0 days 00:00:01.053174,0.7000000000000001,10,1.0,0.8,0,100,COMPLETE
8771,8771,15337.75,2023-11-15 14:19:57.687069,2023-11-15 14:19:58.692730,0 days 00:00:01.005661,0.2,10,1.25,0.7000000000000001,19,79,COMPLETE
8772,8772,18023.5,2023-11-15 14:19:58.696216,2023-11-15 14:19:59.472309,0 days 00:00:00.776093,0.8,10,1.25,0.8,11,98,COMPLETE
8773,8773,2372.0,2023-11-15 14:19:59.475097,2023-11-15 14:20:00.294736,0 days 00:00:00.819639,0.8,10,1.5,0.9,6,10,COMPLETE
8774,8774,18030.25,2023-11-15 14:20:00.297831,2023-11-15 14:20:01.080777,0 days 00:00:00.782946,0.9,20,1.25,0.8,24,94,COMPLETE
8775,8775,18492.5,2023-11-15 14:20:01.084077,2023-11-15 14:20:01.888368,0 days 00:00:00.804291,0.8,10,1.25,0.8,14,100,COMPLETE
8776,8776,18497.5,2023-11-15 14:20:01.891293,2023-11-15 14:20:02.660570,0 days 00:00:00.769277,0.8,10,1.0,0.8,18,96,COMPLETE
8777,8777,18023.5,2023-11-15 14:20:02.663672,2023-11-15 14:20:03.437734,0 days 00:00:00.774062,0.8,10,1.25,0.8,3,98,COMPLETE
8778,8778,18027.5,2023-11-15 14:20:03.440528,2023-11-15 14:20:04.217225,0 days 00:00:00.776697,0.8,10,1.25,0.8,15,86,COMPLETE
8779,8779,18209.75,2023-11-15 14:20:04.219886,2023-11-15 14:20:05.025276,0 days 00:00:00.805390,0.8,10,1.5,0.8,21,99,COMPLETE
8780,8780,16932.75,2023-11-15 14:20:05.027935,2023-11-15 14:20:05.792338,0 days 00:00:00.764403,0.8,30,1.25,0.7000000000000001,53,96,COMPLETE
8781,8781,18398.25,2023-11-15 14:20:05.794963,2023-11-15 14:20:06.558480,0 days 00:00:00.763517,0.8,10,1.25,0.8,13,100,COMPLETE
8782,8782,16638.75,2023-11-15 14:20:06.561177,2023-11-15 14:20:07.364759,0 days 00:00:00.803582,0.7000000000000001,10,1.25,0.8,8,57,COMPLETE
8783,8783,18323.25,2023-11-15 14:20:07.368216,2023-11-15 14:20:08.198750,0 days 00:00:00.830534,0.8,10,1.0,0.9,18,97,COMPLETE
8784,8784,18310.75,2023-11-15 14:20:08.201323,2023-11-15 14:20:08.993764,0 days 00:00:00.792441,0.8,10,1.25,0.8,10,92,COMPLETE
8785,8785,17830.75,2023-11-15 14:20:08.996447,2023-11-15 14:20:09.785328,0 days 00:00:00.788881,0.8,20,1.25,0.8,26,98,COMPLETE
8786,8786,17837.25,2023-11-15 14:20:09.787972,2023-11-15 14:20:10.555760,0 days 00:00:00.767788,0.8,10,1.25,0.8,16,95,COMPLETE
8787,8787,18305.75,2023-11-15 14:20:10.558469,2023-11-15 14:20:11.354839,0 days 00:00:00.796370,0.8,10,1.5,0.8,12,100,COMPLETE
8788,8788,18023.5,2023-11-15 14:20:11.357621,2023-11-15 14:20:12.134751,0 days 00:00:00.777130,0.8,10,1.25,0.8,6,98,COMPLETE
8789,8789,18122.5,2023-11-15 14:20:12.137420,2023-11-15 14:20:12.937344,0 days 00:00:00.799924,0.8,10,1.25,0.8,19,97,COMPLETE
8790,8790,16299.75,2023-11-15 14:20:12.940441,2023-11-15 14:20:13.722453,0 days 00:00:00.782012,0.9,10,1.5,0.8,15,46,COMPLETE
8791,8791,18303.5,2023-11-15 14:20:13.725195,2023-11-15 14:20:14.499697,0 days 00:00:00.774502,0.8,10,2.75,0.8,23,94,COMPLETE
8792,8792,18428.75,2023-11-15 14:20:14.502824,2023-11-15 14:20:15.286059,0 days 00:00:00.783235,0.8,10,1.0,0.9,3,100,COMPLETE
8793,8793,17924.75,2023-11-15 14:20:15.288732,2023-11-15 14:20:16.051366,0 days 00:00:00.762634,0.7000000000000001,20,2.0,0.8,8,98,COMPLETE
8794,8794,17834.5,2023-11-15 14:20:16.053987,2023-11-15 14:20:16.849730,0 days 00:00:00.795743,0.8,10,0.25,0.8,17,96,COMPLETE
8795,8795,18506.0,2023-11-15 14:20:16.852351,2023-11-15 14:20:17.624164,0 days 00:00:00.771813,0.8,10,1.25,0.8,37,99,COMPLETE
8796,8796,18492.5,2023-11-15 14:20:17.626883,2023-11-15 14:20:18.412548,0 days 00:00:00.785665,0.8,10,1.25,0.8,20,100,COMPLETE
8797,8797,18218.5,2023-11-15 14:20:18.415270,2023-11-15 14:20:19.200037,0 days 00:00:00.784767,0.9,10,1.25,0.8,14,97,COMPLETE
8798,8798,17561.0,2023-11-15 14:20:19.202758,2023-11-15 14:20:19.992386,0 days 00:00:00.789628,0.8,10,1.0,0.8,5,95,COMPLETE
8799,8799,18023.5,2023-11-15 14:20:19.995429,2023-11-15 14:20:20.881185,0 days 00:00:00.885756,0.8,10,1.25,0.8,22,98,COMPLETE
8800,8800,18210.75,2023-11-15 14:20:20.884586,2023-11-15 14:20:21.721601,0 days 00:00:00.837015,0.8,10,1.75,0.7000000000000001,11,100,COMPLETE
8801,8801,18265.25,2023-11-15 14:20:21.724288,2023-11-15 14:20:22.504687,0 days 00:00:00.780399,0.8,10,1.25,0.9,17,98,COMPLETE
8802,8802,199.5,2023-11-15 14:20:22.507384,2023-11-15 14:20:23.526874,0 days 00:00:01.019490,0.8,10,1.25,0.8,0,96,COMPLETE
8803,8803,18205.0,2023-11-15 14:20:23.530015,2023-11-15 14:20:24.478979,0 days 00:00:00.948964,0.7000000000000001,10,1.5,0.8,12,93,COMPLETE
8804,8804,18013.5,2023-11-15 14:20:24.482177,2023-11-15 14:20:25.349012,0 days 00:00:00.866835,0.8,20,1.25,0.8,9,100,COMPLETE
8805,8805,18023.5,2023-11-15 14:20:25.352844,2023-11-15 14:20:26.200480,0 days 00:00:00.847636,0.8,10,1.25,0.8,16,98,COMPLETE
8806,8806,18394.0,2023-11-15 14:20:26.203561,2023-11-15 14:20:27.018913,0 days 00:00:00.815352,0.8,10,2.25,0.8,2,96,COMPLETE
8807,8807,18681.25,2023-11-15 14:20:27.021736,2023-11-15 14:20:27.825501,0 days 00:00:00.803765,0.8,10,1.25,0.8,20,99,COMPLETE
