,number,value,datetime_start,datetime_complete,duration,params_alpha,params_decay_interval,params_decay_rate,params_gamma,params_initialization,params_max_steps,state
4619,4619,18122.5,2023-11-15 12:18:13.442374,2023-11-15 12:18:13.834863,0 days 00:00:00.392489,0.8,10,3.0,0.9,14,72,COMPLETE
4620,4620,17115.5,2023-11-15 12:18:13.836649,2023-11-15 12:18:14.231608,0 days 00:00:00.394959,0.8,10,2.75,0.9,19,69,COMPLETE
4621,4621,16923.25,2023-11-15 12:18:14.233372,2023-11-15 12:18:14.635271,0 days 00:00:00.401899,0.8,10,3.0,0.9,17,76,COMPLETE
4622,4622,17654.5,2023-11-15 12:18:14.637089,2023-11-15 12:18:15.031373,0 days 00:00:00.394284,0.8,10,3.0,0.9,20,65,COMPLETE
4623,4623,17369.5,2023-11-15 12:18:15.033240,2023-11-15 12:18:15.432476,0 days 00:00:00.399236,0.8,10,3.0,0.9,12,73,COMPLETE
4624,4624,17115.5,2023-11-15 12:18:15.434202,2023-11-15 12:18:15.829294,0 days 00:00:00.395092,0.8,10,2.75,0.9,23,69,COMPLETE
4625,4625,18973.5,2023-11-15 12:18:15.831040,2023-11-15 12:18:16.220693,0 days 00:00:00.389653,0.7000000000000001,10,3.0,0.9,15,71,COMPLETE
4626,4626,17833.0,2023-11-15 12:18:16.222717,2023-11-15 12:18:16.621232,0 days 00:00:00.398515,0.8,10,3.0,0.9,26,80,COMPLETE
4627,4627,16916.75,2023-11-15 12:18:16.623084,2023-11-15 12:18:17.031825,0 days 00:00:00.408741,0.8,20,3.0,0.8,18,75,COMPLETE
4628,4628,17455.75,2023-11-15 12:18:17.033563,2023-11-15 12:18:17.432164,0 days 00:00:00.398601,0.9,10,2.75,0.9,21,67,COMPLETE
4629,4629,16166.5,2023-11-15 12:18:17.433878,2023-11-15 12:18:17.838959,0 days 00:00:00.405081,0.8,10,0.5,0.9,17,63,COMPLETE
4630,4630,17360.25,2023-11-15 12:18:17.840912,2023-11-15 12:18:18.237243,0 days 00:00:00.396331,0.8,10,3.0,0.9,24,78,COMPLETE
4631,4631,17369.5,2023-11-15 12:18:18.239116,2023-11-15 12:18:18.653583,0 days 00:00:00.414467,0.8,10,3.0,0.9,19,73,COMPLETE
4632,4632,17825.5,2023-11-15 12:18:18.655568,2023-11-15 12:18:19.050125,0 days 00:00:00.394557,0.8,10,3.0,0.9,15,70,COMPLETE
4633,4633,12749.25,2023-11-15 12:18:19.052617,2023-11-15 12:18:19.483951,0 days 00:00:00.431334,0.1,10,2.75,0.9,22,67,COMPLETE
4634,4634,17733.0,2023-11-15 12:18:19.485754,2023-11-15 12:18:19.882046,0 days 00:00:00.396292,0.8,10,2.25,0.9,20,74,COMPLETE
4635,4635,18392.25,2023-11-15 12:18:19.883829,2023-11-15 12:18:20.274376,0 days 00:00:00.390547,0.8,20,3.0,0.7000000000000001,17,70,COMPLETE
4636,4636,18118.5,2023-11-15 12:18:20.276432,2023-11-15 12:18:20.670449,0 days 00:00:00.394017,0.8,10,2.5,0.9,11,77,COMPLETE
4637,4637,17262.75,2023-11-15 12:18:20.672318,2023-11-15 12:18:21.070441,0 days 00:00:00.398123,0.7000000000000001,30,3.0,0.9,25,66,COMPLETE
4638,4638,18122.5,2023-11-15 12:18:21.072189,2023-11-15 12:18:21.473424,0 days 00:00:00.401235,0.8,10,3.0,0.9,22,72,COMPLETE
4639,4639,16711.25,2023-11-15 12:18:21.475374,2023-11-15 12:18:21.880959,0 days 00:00:00.405585,0.8,10,3.0,0.9,14,62,COMPLETE
4640,4640,17020.25,2023-11-15 12:18:21.882698,2023-11-15 12:18:22.277867,0 days 00:00:00.395169,0.8,10,2.75,0.8,28,69,COMPLETE
4641,4641,18682.0,2023-11-15 12:18:22.279713,2023-11-15 12:18:22.674877,0 days 00:00:00.395164,0.8,10,3.0,0.9,19,75,COMPLETE
4642,4642,18122.5,2023-11-15 12:18:22.677363,2023-11-15 12:18:23.074975,0 days 00:00:00.397612,0.8,10,3.0,0.9,16,72,COMPLETE
4643,4643,17654.5,2023-11-15 12:18:23.077434,2023-11-15 12:18:23.472931,0 days 00:00:00.395497,0.8,10,3.0,0.9,21,65,COMPLETE
4644,4644,17552.0,2023-11-15 12:18:23.474670,2023-11-15 12:18:23.874702,0 days 00:00:00.400032,0.8,10,2.75,0.9,24,79,COMPLETE
4645,4645,17115.5,2023-11-15 12:18:23.877128,2023-11-15 12:18:24.275931,0 days 00:00:00.398803,0.8,10,3.0,0.9,18,69,COMPLETE
4646,4646,19260.75,2023-11-15 12:18:24.278387,2023-11-15 12:18:24.687808,0 days 00:00:00.409421,0.9,10,3.0,0.9,20,74,COMPLETE
4647,4647,17917.0,2023-11-15 12:18:24.689683,2023-11-15 12:18:25.085785,0 days 00:00:00.396102,0.8,10,3.0,0.9,13,67,COMPLETE
4648,4648,18973.5,2023-11-15 12:18:25.087520,2023-11-15 12:18:25.482225,0 days 00:00:00.394705,0.7000000000000001,10,2.75,0.9,23,71,COMPLETE
4649,4649,13029.75,2023-11-15 12:18:25.483951,2023-11-15 12:18:25.896418,0 days 00:00:00.412467,0.8,90,3.0,0.6,17,76,COMPLETE
4650,4650,17275.25,2023-11-15 12:18:25.898283,2023-11-15 12:18:26.299597,0 days 00:00:00.401314,0.8,20,2.5,0.9,15,72,COMPLETE
4651,4651,17014.0,2023-11-15 12:18:26.301446,2023-11-15 12:18:26.699645,0 days 00:00:00.398199,0.8,10,3.0,0.9,26,64,COMPLETE
4652,4652,13204.5,2023-11-15 12:18:26.701870,2023-11-15 12:18:27.114978,0 days 00:00:00.413108,0.8,80,2.75,0.9,21,68,COMPLETE
4653,4653,18018.25,2023-11-15 12:18:27.116907,2023-11-15 12:18:27.541560,0 days 00:00:00.424653,0.8,10,3.0,0.8,30,74,COMPLETE
4654,4654,17825.5,2023-11-15 12:18:27.544049,2023-11-15 12:18:27.944494,0 days 00:00:00.400445,0.8,10,3.0,0.9,18,70,COMPLETE
4655,4655,18217.0,2023-11-15 12:18:27.946554,2023-11-15 12:18:28.345261,0 days 00:00:00.398707,0.9,10,3.0,0.9,23,100,COMPLETE
4656,4656,16534.0,2023-11-15 12:18:28.347642,2023-11-15 12:18:28.745998,0 days 00:00:00.398356,0.8,10,2.75,0.9,9,56,COMPLETE
4657,4657,17360.25,2023-11-15 12:18:28.747786,2023-11-15 12:18:29.145929,0 days 00:00:00.398143,0.8,10,3.0,0.9,19,78,COMPLETE
4658,4658,18297.0,2023-11-15 12:18:29.148097,2023-11-15 12:18:29.540714,0 days 00:00:00.392617,0.8,20,3.0,0.9,16,83,COMPLETE
4659,4659,17461.25,2023-11-15 12:18:29.542723,2023-11-15 12:18:29.946413,0 days 00:00:00.403690,0.8,10,3.0,0.9,20,60,COMPLETE
4660,4660,17917.0,2023-11-15 12:18:29.948313,2023-11-15 12:18:30.349524,0 days 00:00:00.401211,0.8,10,3.0,0.9,13,67,COMPLETE
4661,4661,18215.25,2023-11-15 12:18:30.351465,2023-11-15 12:18:30.767109,0 days 00:00:00.415644,0.8,10,2.75,0.9,22,72,COMPLETE
4662,4662,16923.25,2023-11-15 12:18:30.769014,2023-11-15 12:18:31.175595,0 days 00:00:00.406581,0.8,10,3.0,0.9,17,76,COMPLETE
4663,4663,17825.5,2023-11-15 12:18:31.178097,2023-11-15 12:18:31.581122,0 days 00:00:00.403025,0.8,10,3.0,0.9,25,70,COMPLETE
4664,4664,17654.5,2023-11-15 12:18:31.582947,2023-11-15 12:18:31.983368,0 days 00:00:00.400421,0.8,10,3.0,0.9,19,65,COMPLETE
4665,4665,17920.75,2023-11-15 12:18:31.985512,2023-11-15 12:18:32.383087,0 days 00:00:00.397575,0.8,10,2.75,0.9,15,74,COMPLETE
4666,4666,17020.25,2023-11-15 12:18:32.384867,2023-11-15 12:18:32.783275,0 days 00:00:00.398408,0.8,10,3.0,0.8,27,69,COMPLETE
4667,4667,18490.0,2023-11-15 12:18:32.785062,2023-11-15 12:18:33.181990,0 days 00:00:00.396928,0.7000000000000001,10,2.75,0.9,21,72,COMPLETE
4668,4668,16827.5,2023-11-15 12:18:33.183814,2023-11-15 12:18:33.594772,0 days 00:00:00.410958,0.8,20,3.0,0.9,23,80,COMPLETE
4669,4669,17917.25,2023-11-15 12:18:33.596608,2023-11-15 12:18:33.999311,0 days 00:00:00.402703,0.8,10,2.5,0.9,11,67,COMPLETE
4670,4670,17183.75,2023-11-15 12:18:34.001112,2023-11-15 12:18:34.407333,0 days 00:00:00.406221,0.9,10,3.0,0.9,18,76,COMPLETE
4671,4671,17369.5,2023-11-15 12:18:34.409245,2023-11-15 12:18:34.812658,0 days 00:00:00.403413,0.8,10,3.0,0.9,21,73,COMPLETE
4672,4672,16543.25,2023-11-15 12:18:34.814849,2023-11-15 12:18:35.219987,0 days 00:00:00.405138,0.8,10,3.0,0.9,16,63,COMPLETE
4673,4673,17825.5,2023-11-15 12:18:35.221986,2023-11-15 12:18:35.619314,0 days 00:00:00.397328,0.8,10,2.75,0.9,24,70,COMPLETE
4674,4674,17917.0,2023-11-15 12:18:35.621061,2023-11-15 12:18:36.021285,0 days 00:00:00.400224,0.8,10,3.0,0.9,14,67,COMPLETE
4675,4675,17920.75,2023-11-15 12:18:36.023247,2023-11-15 12:18:36.423644,0 days 00:00:00.400397,0.8,10,3.0,0.9,19,74,COMPLETE
4676,4676,17360.25,2023-11-15 12:18:36.425394,2023-11-15 12:18:36.853531,0 days 00:00:00.428137,0.8,10,3.0,0.9,17,78,COMPLETE
4677,4677,17825.5,2023-11-15 12:18:36.855390,2023-11-15 12:18:37.257894,0 days 00:00:00.402504,0.8,10,2.75,0.9,22,70,COMPLETE
4678,4678,15441.25,2023-11-15 12:18:37.259903,2023-11-15 12:18:37.666620,0 days 00:00:00.406717,0.30000000000000004,20,3.0,0.8,20,64,COMPLETE
4679,4679,18122.5,2023-11-15 12:18:37.668541,2023-11-15 12:18:38.068822,0 days 00:00:00.400281,0.8,10,3.0,0.9,25,72,COMPLETE
4680,4680,17549.5,2023-11-15 12:18:38.070715,2023-11-15 12:18:38.470583,0 days 00:00:00.399868,0.7000000000000001,10,3.0,0.9,13,68,COMPLETE
4681,4681,19260.75,2023-11-15 12:18:38.472453,2023-11-15 12:18:38.871410,0 days 00:00:00.398957,0.8,10,3.0,0.5,18,76,COMPLETE
4682,4682,19260.75,2023-11-15 12:18:38.873199,2023-11-15 12:18:39.265928,0 days 00:00:00.392729,0.8,10,2.75,0.9,15,71,COMPLETE
4683,4683,16900.75,2023-11-15 12:18:39.267797,2023-11-15 12:18:39.672586,0 days 00:00:00.404789,0.8,10,2.5,0.9,21,61,COMPLETE
4684,4684,16719.5,2023-11-15 12:18:39.674553,2023-11-15 12:18:40.080339,0 days 00:00:00.405786,0.8,10,3.0,0.9,23,66,COMPLETE
4685,4685,17924.5,2023-11-15 12:18:40.082085,2023-11-15 12:18:40.494670,0 days 00:00:00.412585,0.8,10,3.0,0.9,19,86,COMPLETE
4686,4686,19260.75,2023-11-15 12:18:40.496829,2023-11-15 12:18:40.903385,0 days 00:00:00.406556,0.9,10,2.75,0.9,27,74,COMPLETE
4687,4687,16617.75,2023-11-15 12:18:40.905263,2023-11-15 12:18:41.338705,0 days 00:00:00.433442,0.8,20,3.0,0.9,66,69,COMPLETE
4688,4688,18586.0,2023-11-15 12:18:41.340533,2023-11-15 12:18:41.743334,0 days 00:00:00.402801,0.7000000000000001,10,3.0,0.9,17,80,COMPLETE
4689,4689,18682.0,2023-11-15 12:18:41.745751,2023-11-15 12:18:42.141388,0 days 00:00:00.395637,0.8,10,2.75,0.9,20,75,COMPLETE
4690,4690,18122.5,2023-11-15 12:18:42.143684,2023-11-15 12:18:42.548904,0 days 00:00:00.405220,0.8,10,3.0,0.9,15,72,COMPLETE
4691,4691,17547.25,2023-11-15 12:18:42.550811,2023-11-15 12:18:42.977965,0 days 00:00:00.427154,0.8,10,3.0,0.9,23,68,COMPLETE
4692,4692,17473.5,2023-11-15 12:18:42.979840,2023-11-15 12:18:43.381125,0 days 00:00:00.401285,0.5,10,3.0,0.8,17,77,COMPLETE
4693,4693,17014.0,2023-11-15 12:18:43.382920,2023-11-15 12:18:43.784202,0 days 00:00:00.401282,0.8,10,2.75,0.9,12,64,COMPLETE
4694,4694,17460.25,2023-11-15 12:18:43.786006,2023-11-15 12:18:44.187987,0 days 00:00:00.401981,0.8,10,2.25,0.9,20,73,COMPLETE
4695,4695,17825.5,2023-11-15 12:18:44.190060,2023-11-15 12:18:44.590703,0 days 00:00:00.400643,0.8,10,3.0,0.9,25,70,COMPLETE
4696,4696,16719.5,2023-11-15 12:18:44.592882,2023-11-15 12:18:44.997307,0 days 00:00:00.404425,0.8,10,3.0,0.9,90,66,COMPLETE
4697,4697,18392.25,2023-11-15 12:18:44.999523,2023-11-15 12:18:45.398606,0 days 00:00:00.399083,0.8,20,3.0,0.9,22,70,COMPLETE
4698,4698,18872.25,2023-11-15 12:18:45.400484,2023-11-15 12:18:45.793561,0 days 00:00:00.393077,0.7000000000000001,10,2.75,0.9,58,73,COMPLETE
4699,4699,14569.25,2023-11-15 12:18:45.795855,2023-11-15 12:18:46.220466,0 days 00:00:00.424611,0.8,60,2.5,0.9,18,77,COMPLETE
4700,4700,17190.25,2023-11-15 12:18:46.222375,2023-11-15 12:18:46.634393,0 days 00:00:00.412018,0.8,10,3.0,0.4,15,68,COMPLETE
4701,4701,18493.75,2023-11-15 12:18:46.636153,2023-11-15 12:18:47.033329,0 days 00:00:00.397176,0.6,10,3.0,0.9,21,72,COMPLETE
4702,4702,17654.5,2023-11-15 12:18:47.035276,2023-11-15 12:18:47.434564,0 days 00:00:00.399288,0.8,10,3.0,0.9,18,65,COMPLETE
4703,4703,17281.5,2023-11-15 12:18:47.436368,2023-11-15 12:18:47.841128,0 days 00:00:00.404760,0.8,10,3.0,0.8,24,60,COMPLETE
4704,4704,18682.0,2023-11-15 12:18:47.843280,2023-11-15 12:18:48.238387,0 days 00:00:00.395107,0.8,10,2.75,0.9,19,75,COMPLETE
4705,4705,17828.5,2023-11-15 12:18:48.240287,2023-11-15 12:18:48.644741,0 days 00:00:00.404454,0.9,10,3.0,0.9,29,82,COMPLETE
4706,4706,16620.5,2023-11-15 12:18:48.646786,2023-11-15 12:18:49.050226,0 days 00:00:00.403440,0.8,20,3.0,0.9,16,67,COMPLETE
4707,4707,17825.5,2023-11-15 12:18:49.052058,2023-11-15 12:18:49.450992,0 days 00:00:00.398934,0.8,10,3.0,0.9,13,70,COMPLETE
4708,4708,17552.0,2023-11-15 12:18:49.452875,2023-11-15 12:18:49.857863,0 days 00:00:00.404988,0.8,10,2.75,0.9,22,79,COMPLETE
4709,4709,17920.75,2023-11-15 12:18:49.859819,2023-11-15 12:18:50.263262,0 days 00:00:00.403443,0.8,10,3.0,0.9,27,74,COMPLETE
4710,4710,19260.75,2023-11-15 12:18:50.265206,2023-11-15 12:18:50.654165,0 days 00:00:00.388959,0.8,10,2.75,0.9,20,71,COMPLETE
4711,4711,17115.5,2023-11-15 12:18:50.655954,2023-11-15 12:18:51.059288,0 days 00:00:00.403334,0.8,10,3.0,0.9,16,69,COMPLETE
4712,4712,16543.25,2023-11-15 12:18:51.061706,2023-11-15 12:18:51.472380,0 days 00:00:00.410674,0.8,10,3.0,0.9,24,63,COMPLETE
4713,4713,16923.25,2023-11-15 12:18:51.474229,2023-11-15 12:18:51.888882,0 days 00:00:00.414653,0.8,10,3.0,0.9,19,76,COMPLETE
4714,4714,18215.25,2023-11-15 12:18:51.890733,2023-11-15 12:18:52.305059,0 days 00:00:00.414326,0.8,10,2.75,0.9,22,72,COMPLETE
4715,4715,17917.0,2023-11-15 12:18:52.306951,2023-11-15 12:18:52.711464,0 days 00:00:00.404513,0.8,10,3.0,0.9,17,67,COMPLETE
4716,4716,18872.25,2023-11-15 12:18:52.713415,2023-11-15 12:18:53.114238,0 days 00:00:00.400823,0.7000000000000001,10,3.0,0.9,43,73,COMPLETE
4717,4717,17377.0,2023-11-15 12:18:53.116131,2023-11-15 12:18:53.520788,0 days 00:00:00.404657,0.9,10,2.5,0.8,10,69,COMPLETE
4718,4718,18121.5,2023-11-15 12:18:53.522675,2023-11-15 12:18:53.928605,0 days 00:00:00.405930,0.8,10,3.0,0.9,14,77,COMPLETE
4719,4719,17631.75,2023-11-15 12:18:53.930411,2023-11-15 12:18:54.335844,0 days 00:00:00.405433,0.8,20,3.0,0.9,26,65,COMPLETE
4720,4720,17920.75,2023-11-15 12:18:54.337664,2023-11-15 12:18:54.741616,0 days 00:00:00.403952,0.8,10,2.75,0.9,21,74,COMPLETE
4721,4721,19260.75,2023-11-15 12:18:54.743830,2023-11-15 12:18:55.144646,0 days 00:00:00.400816,0.8,10,3.0,0.9,18,71,COMPLETE
4722,4722,17547.25,2023-11-15 12:18:55.146466,2023-11-15 12:18:55.548707,0 days 00:00:00.402241,0.8,10,3.0,0.9,24,68,COMPLETE
4723,4723,17552.0,2023-11-15 12:18:55.550722,2023-11-15 12:18:55.973371,0 days 00:00:00.422649,0.8,10,2.75,0.9,20,79,COMPLETE
4724,4724,16711.25,2023-11-15 12:18:55.975240,2023-11-15 12:18:56.385992,0 days 00:00:00.410752,0.8,10,3.0,0.9,16,62,COMPLETE
4725,4725,18587.75,2023-11-15 12:18:56.387801,2023-11-15 12:18:56.785720,0 days 00:00:00.397919,0.9,10,3.0,0.9,12,75,COMPLETE
4726,4726,19260.75,2023-11-15 12:18:56.787464,2023-11-15 12:18:57.188366,0 days 00:00:00.400902,0.8,10,3.0,0.9,22,71,COMPLETE
4727,4727,12299.75,2023-11-15 12:18:57.190182,2023-11-15 12:18:57.614731,0 days 00:00:00.424549,0.8,70,3.0,0.9,19,66,COMPLETE
4728,4728,15438.5,2023-11-15 12:18:57.616681,2023-11-15 12:18:58.050348,0 days 00:00:00.433667,0.8,20,0.25,0.9,14,70,COMPLETE
4729,4729,17644.25,2023-11-15 12:18:58.052590,2023-11-15 12:18:58.459557,0 days 00:00:00.406967,0.8,10,2.75,0.8,17,73,COMPLETE
4730,4730,16369.0,2023-11-15 12:18:58.461966,2023-11-15 12:18:58.881333,0 days 00:00:00.419367,0.8,30,3.0,0.9,23,76,COMPLETE
4731,4731,17547.25,2023-11-15 12:18:58.883092,2023-11-15 12:18:59.285718,0 days 00:00:00.402626,0.8,10,3.0,0.9,21,68,COMPLETE
4732,4732,17652.75,2023-11-15 12:18:59.287539,2023-11-15 12:18:59.693873,0 days 00:00:00.406334,0.8,10,2.5,0.9,26,65,COMPLETE
4733,4733,17188.25,2023-11-15 12:18:59.696000,2023-11-15 12:19:00.104045,0 days 00:00:00.408045,0.8,10,2.75,0.9,18,73,COMPLETE
4734,4734,18204.75,2023-11-15 12:19:00.105976,2023-11-15 12:19:00.507762,0 days 00:00:00.401786,0.6,10,3.0,0.9,15,81,COMPLETE
4735,4735,17825.5,2023-11-15 12:19:00.510123,2023-11-15 12:19:00.910880,0 days 00:00:00.400757,0.8,10,3.0,0.9,20,70,COMPLETE
4736,4736,17651.5,2023-11-15 12:19:00.912987,2023-11-15 12:19:01.317448,0 days 00:00:00.404461,0.4,10,2.25,0.9,24,78,COMPLETE
4737,4737,17549.5,2023-11-15 12:19:01.319504,2023-11-15 12:19:01.728078,0 days 00:00:00.408574,0.7000000000000001,10,3.0,0.9,17,68,COMPLETE
4738,4738,17188.25,2023-11-15 12:19:01.729933,2023-11-15 12:19:02.163213,0 days 00:00:00.433280,0.8,20,3.0,0.9,22,74,COMPLETE
4739,4739,19260.75,2023-11-15 12:19:02.165445,2023-11-15 12:19:02.563481,0 days 00:00:00.398036,0.9,10,2.75,0.9,19,71,COMPLETE
4740,4740,16711.25,2023-11-15 12:19:02.565702,2023-11-15 12:19:02.976853,0 days 00:00:00.411151,0.8,10,3.0,0.9,28,62,COMPLETE
4741,4741,17268.0,2023-11-15 12:19:02.979251,2023-11-15 12:19:03.387776,0 days 00:00:00.408525,0.8,10,3.0,0.8,13,58,COMPLETE
4742,4742,16719.5,2023-11-15 12:19:03.389677,2023-11-15 12:19:03.798459,0 days 00:00:00.408782,0.8,10,3.0,0.9,16,66,COMPLETE
4743,4743,17196.25,2023-11-15 12:19:03.800322,2023-11-15 12:19:04.216901,0 days 00:00:00.416579,0.8,10,2.75,0.9,25,76,COMPLETE
4744,4744,18122.5,2023-11-15 12:19:04.218882,2023-11-15 12:19:04.625537,0 days 00:00:00.406655,0.8,10,3.0,0.9,20,72,COMPLETE
4745,4745,17547.25,2023-11-15 12:19:04.628153,2023-11-15 12:19:05.033308,0 days 00:00:00.405155,0.8,10,3.0,0.9,22,68,COMPLETE
4746,4746,19260.75,2023-11-15 12:19:05.035108,2023-11-15 12:19:05.431506,0 days 00:00:00.396398,0.8,10,3.0,0.9,18,71,COMPLETE
4747,4747,15852.75,2023-11-15 12:19:05.433318,2023-11-15 12:19:05.842910,0 days 00:00:00.409592,0.8,50,2.5,0.9,15,74,COMPLETE
4748,4748,16807.25,2023-11-15 12:19:05.845321,2023-11-15 12:19:06.255107,0 days 00:00:00.409786,0.7000000000000001,20,3.0,0.9,20,79,COMPLETE
4749,4749,17654.5,2023-11-15 12:19:06.257175,2023-11-15 12:19:06.660234,0 days 00:00:00.403059,0.8,10,2.75,0.9,23,65,COMPLETE
4750,4750,14310.5,2023-11-15 12:19:06.662573,2023-11-15 12:19:07.096253,0 days 00:00:00.433680,0.8,40,3.0,0.9,17,69,COMPLETE
4751,4751,16923.25,2023-11-15 12:19:07.098400,2023-11-15 12:19:07.512447,0 days 00:00:00.414047,0.8,10,3.0,0.9,14,76,COMPLETE
4752,4752,18215.25,2023-11-15 12:19:07.514338,2023-11-15 12:19:07.915340,0 days 00:00:00.401002,0.8,10,2.75,0.9,21,72,COMPLETE
4753,4753,16543.25,2023-11-15 12:19:07.917267,2023-11-15 12:19:08.346144,0 days 00:00:00.428877,0.8,10,3.0,0.9,30,63,COMPLETE
4754,4754,17020.25,2023-11-15 12:19:08.348358,2023-11-15 12:19:08.753587,0 days 00:00:00.405229,0.8,10,3.0,0.8,11,69,COMPLETE
4755,4755,17920.75,2023-11-15 12:19:08.755376,2023-11-15 12:19:09.170056,0 days 00:00:00.414680,0.8,10,3.0,0.9,25,74,COMPLETE
4756,4756,17556.25,2023-11-15 12:19:09.171833,2023-11-15 12:19:09.592263,0 days 00:00:00.420430,0.8,10,2.75,0.6,18,68,COMPLETE
4757,4757,18304.25,2023-11-15 12:19:09.594884,2023-11-15 12:19:09.993662,0 days 00:00:00.398778,0.9,10,3.0,0.9,19,77,COMPLETE
4758,4758,17275.25,2023-11-15 12:19:09.995753,2023-11-15 12:19:10.402873,0 days 00:00:00.407120,0.8,20,3.0,0.9,23,72,COMPLETE
4759,4759,16903.75,2023-11-15 12:19:10.404829,2023-11-15 12:19:10.816015,0 days 00:00:00.411186,0.8,10,2.75,0.7000000000000001,16,66,COMPLETE
4760,4760,17825.5,2023-11-15 12:19:10.817868,2023-11-15 12:19:11.220232,0 days 00:00:00.402364,0.8,10,3.0,0.9,21,70,COMPLETE
4761,4761,17640.25,2023-11-15 12:19:11.222548,2023-11-15 12:19:11.633706,0 days 00:00:00.411158,0.7000000000000001,10,3.0,0.9,26,74,COMPLETE
4762,4762,17666.75,2023-11-15 12:19:11.635473,2023-11-15 12:19:12.038871,0 days 00:00:00.403398,0.8,10,3.0,0.30000000000000004,19,83,COMPLETE
4763,4763,17014.0,2023-11-15 12:19:12.040740,2023-11-15 12:19:12.466323,0 days 00:00:00.425583,0.8,10,3.0,0.9,15,64,COMPLETE
4764,4764,19260.75,2023-11-15 12:19:12.468498,2023-11-15 12:19:12.863573,0 days 00:00:00.395075,0.8,10,2.5,0.9,23,71,COMPLETE
4765,4765,17917.0,2023-11-15 12:19:12.865455,2023-11-15 12:19:13.270853,0 days 00:00:00.405398,0.8,10,2.75,0.9,12,67,COMPLETE
4766,4766,17369.25,2023-11-15 12:19:13.272754,2023-11-15 12:19:13.679606,0 days 00:00:00.406852,0.8,10,3.0,0.9,17,79,COMPLETE
4767,4767,15051.75,2023-11-15 12:19:13.681425,2023-11-15 12:19:14.080920,0 days 00:00:00.399495,0.8,10,3.0,0.9,9,32,COMPLETE
4768,4768,18682.0,2023-11-15 12:19:14.082762,2023-11-15 12:19:14.482339,0 days 00:00:00.399577,0.8,10,2.75,0.8,21,75,COMPLETE
4769,4769,19260.75,2023-11-15 12:19:14.484100,2023-11-15 12:19:14.885268,0 days 00:00:00.401168,0.8,10,3.0,0.9,19,71,COMPLETE
4770,4770,15899.75,2023-11-15 12:19:14.887032,2023-11-15 12:19:15.308706,0 days 00:00:00.421674,0.8,20,3.0,0.9,51,68,COMPLETE
4771,4771,17281.75,2023-11-15 12:19:15.311190,2023-11-15 12:19:15.722455,0 days 00:00:00.411265,0.9,10,3.0,0.9,24,60,COMPLETE
4772,4772,17920.75,2023-11-15 12:19:15.724527,2023-11-15 12:19:16.132937,0 days 00:00:00.408410,0.8,10,2.75,0.9,14,74,COMPLETE
4773,4773,18121.5,2023-11-15 12:19:16.134762,2023-11-15 12:19:16.541552,0 days 00:00:00.406790,0.8,10,3.0,0.9,28,77,COMPLETE
4774,4774,17825.5,2023-11-15 12:19:16.544085,2023-11-15 12:19:16.956067,0 days 00:00:00.411982,0.8,10,3.0,0.9,17,70,COMPLETE
4775,4775,17654.5,2023-11-15 12:19:16.957944,2023-11-15 12:19:17.367491,0 days 00:00:00.409547,0.8,10,3.0,0.9,21,65,COMPLETE
4776,4776,17369.5,2023-11-15 12:19:17.369428,2023-11-15 12:19:17.790246,0 days 00:00:00.420818,0.8,10,2.75,0.9,19,73,COMPLETE
4777,4777,17549.5,2023-11-15 12:19:17.792199,2023-11-15 12:19:18.202083,0 days 00:00:00.409884,0.7000000000000001,10,3.0,0.9,16,68,COMPLETE
4778,4778,18122.5,2023-11-15 12:19:18.203993,2023-11-15 12:19:18.610895,0 days 00:00:00.406902,0.8,10,3.0,0.9,22,72,COMPLETE
4779,4779,16374.0,2023-11-15 12:19:18.613089,2023-11-15 12:19:19.029439,0 days 00:00:00.416350,0.8,20,3.0,0.5,25,77,COMPLETE
4780,4780,16719.75,2023-11-15 12:19:19.031194,2023-11-15 12:19:19.441460,0 days 00:00:00.410266,0.8,10,2.5,0.9,20,63,COMPLETE
4781,4781,17825.5,2023-11-15 12:19:19.443529,2023-11-15 12:19:19.849905,0 days 00:00:00.406376,0.8,10,2.75,0.9,13,70,COMPLETE
4782,4782,17929.0,2023-11-15 12:19:19.852029,2023-11-15 12:19:20.260972,0 days 00:00:00.408943,0.8,10,3.0,0.8,18,80,COMPLETE
4783,4783,16719.5,2023-11-15 12:19:20.263144,2023-11-15 12:19:20.678589,0 days 00:00:00.415445,0.8,10,3.0,0.9,15,66,COMPLETE
4784,4784,19260.75,2023-11-15 12:19:20.680346,2023-11-15 12:19:21.104165,0 days 00:00:00.423819,0.9,10,2.75,0.9,23,74,COMPLETE
4785,4785,17111.5,2023-11-15 12:19:21.105988,2023-11-15 12:19:21.518755,0 days 00:00:00.412767,0.7000000000000001,10,3.0,0.9,21,69,COMPLETE
4786,4786,16898.75,2023-11-15 12:19:21.520617,2023-11-15 12:19:21.939875,0 days 00:00:00.419258,0.8,20,3.0,0.9,17,76,COMPLETE
4787,4787,18122.5,2023-11-15 12:19:21.941890,2023-11-15 12:19:22.349484,0 days 00:00:00.407594,0.8,10,3.0,0.9,26,72,COMPLETE
4788,4788,16731.75,2023-11-15 12:19:22.351395,2023-11-15 12:19:22.761411,0 days 00:00:00.410016,0.8,10,2.25,0.9,19,66,COMPLETE
4789,4789,17825.5,2023-11-15 12:19:22.763467,2023-11-15 12:19:23.175723,0 days 00:00:00.412256,0.8,10,3.0,0.9,23,70,COMPLETE
