,number,value,datetime_start,datetime_complete,duration,params_alpha,params_decay_interval,params_decay_rate,params_gamma,params_initialization,params_max_steps,state
8483,8483,17468.5,2023-11-15 11:39:31.820304,2023-11-15 11:39:32.567991,0 days 00:00:00.747687,0.1,10,0.75,0.7000000000000001,4,150,COMPLETE
8484,8484,18230.25,2023-11-15 11:39:32.570537,2023-11-15 11:39:33.286324,0 days 00:00:00.715787,0.2,10,0.5,0.9,8,66,COMPLETE
8485,8485,18394.75,2023-11-15 11:39:33.288883,2023-11-15 11:39:34.010156,0 days 00:00:00.721273,0.2,20,1.0,0.9,0,143,COMPLETE
8486,8486,10742.0,2023-11-15 11:39:34.012869,2023-11-15 11:39:34.794461,0 days 00:00:00.781592,0.2,10,0.75,0.1,2,137,COMPLETE
8487,8487,19261.0,2023-11-15 11:39:34.797086,2023-11-15 11:39:35.527052,0 days 00:00:00.729966,0.2,10,0.75,0.9,5,147,COMPLETE
8488,8488,13195.5,2023-11-15 11:39:35.529585,2023-11-15 11:39:36.278424,0 days 00:00:00.748839,0.1,60,0.75,0.2,2,141,COMPLETE
8489,8489,19359.75,2023-11-15 11:39:36.280992,2023-11-15 11:39:36.996068,0 days 00:00:00.715076,0.2,10,0.75,0.9,0,145,COMPLETE
8490,8490,19169.25,2023-11-15 11:39:36.998664,2023-11-15 11:39:37.710177,0 days 00:00:00.711513,0.1,10,0.75,0.8,4,148,COMPLETE
8491,8491,18992.75,2023-11-15 11:39:37.713114,2023-11-15 11:39:38.436186,0 days 00:00:00.723072,0.2,10,0.75,0.9,7,143,COMPLETE
8492,8492,18926.25,2023-11-15 11:39:38.438946,2023-11-15 11:39:39.174924,0 days 00:00:00.735978,0.2,10,0.5,0.9,2,147,COMPLETE
8493,8493,19261.0,2023-11-15 11:39:39.183754,2023-11-15 11:39:39.915863,0 days 00:00:00.732109,0.2,10,1.0,0.9,0,140,COMPLETE
8494,8494,17924.5,2023-11-15 11:39:39.918494,2023-11-15 11:39:40.654167,0 days 00:00:00.735673,0.30000000000000004,10,0.75,0.9,4,25,COMPLETE
8495,8495,17918.75,2023-11-15 11:39:40.657115,2023-11-15 11:39:41.460915,0 days 00:00:00.803800,0.2,10,1.75,0.6,2,150,COMPLETE
8496,8496,18935.25,2023-11-15 11:39:41.464246,2023-11-15 11:39:42.193917,0 days 00:00:00.729671,0.1,10,0.75,0.9,13,135,COMPLETE
8497,8497,10370.0,2023-11-15 11:39:42.197007,2023-11-15 11:39:43.008337,0 days 00:00:00.811330,0.2,10,0.75,0.8,44,71,COMPLETE
8498,8498,18398.5,2023-11-15 11:39:43.021257,2023-11-15 11:39:43.783786,0 days 00:00:00.762529,0.2,20,1.25,0.9,0,145,COMPLETE
8499,8499,18992.75,2023-11-15 11:39:43.786269,2023-11-15 11:39:44.538751,0 days 00:00:00.752482,0.2,10,0.75,0.9,6,143,COMPLETE
8500,8500,12519.75,2023-11-15 11:39:44.541916,2023-11-15 11:39:45.348417,0 days 00:00:00.806501,0.1,30,1.0,0.9,84,147,COMPLETE
8501,8501,13272.75,2023-11-15 11:39:45.351028,2023-11-15 11:39:46.103720,0 days 00:00:00.752692,0.2,90,0.25,0.9,3,139,COMPLETE
8502,8502,19066.0,2023-11-15 11:39:46.106212,2023-11-15 11:39:46.837699,0 days 00:00:00.731487,0.2,10,1.5,0.9,0,115,COMPLETE
8503,8503,15124.75,2023-11-15 11:39:46.840420,2023-11-15 11:39:47.610276,0 days 00:00:00.769856,0.2,10,0.75,0.4,4,145,COMPLETE
8504,8504,15288.25,2023-11-15 11:39:47.622920,2023-11-15 11:39:48.380663,0 days 00:00:00.757743,0.1,50,0.75,0.5,2,150,COMPLETE
8505,8505,17917.5,2023-11-15 11:39:48.383378,2023-11-15 11:39:49.138702,0 days 00:00:00.755324,0.30000000000000004,10,0.5,0.9,8,142,COMPLETE
8506,8506,19261.0,2023-11-15 11:39:49.141817,2023-11-15 11:39:49.867737,0 days 00:00:00.725920,0.4,10,0.75,0.9,2,147,COMPLETE
8507,8507,19328.25,2023-11-15 11:39:49.870303,2023-11-15 11:39:50.605548,0 days 00:00:00.735245,0.2,10,1.0,0.9,6,145,COMPLETE
8508,8508,19067.0,2023-11-15 11:39:50.608713,2023-11-15 11:39:51.362299,0 days 00:00:00.753586,0.2,10,1.25,0.8,0,137,COMPLETE
8509,8509,18394.75,2023-11-15 11:39:51.364932,2023-11-15 11:39:52.090848,0 days 00:00:00.725916,0.2,20,0.75,0.9,4,141,COMPLETE
8510,8510,18969.25,2023-11-15 11:39:52.094004,2023-11-15 11:39:52.831115,0 days 00:00:00.737111,0.30000000000000004,10,0.75,0.7000000000000001,2,150,COMPLETE
8511,8511,19261.0,2023-11-15 11:39:52.833915,2023-11-15 11:39:53.580251,0 days 00:00:00.746336,0.2,10,0.75,0.9,0,143,COMPLETE
8512,8512,19261.0,2023-11-15 11:39:53.583132,2023-11-15 11:39:54.328810,0 days 00:00:00.745678,0.2,10,0.75,0.9,5,147,COMPLETE
8513,8513,19162.25,2023-11-15 11:39:54.331349,2023-11-15 11:39:55.058990,0 days 00:00:00.727641,0.1,10,1.0,0.9,11,132,COMPLETE
8514,8514,19292.25,2023-11-15 11:39:55.061620,2023-11-15 11:39:55.801216,0 days 00:00:00.739596,0.2,10,0.75,0.9,2,145,COMPLETE
8515,8515,19261.0,2023-11-15 11:39:55.803724,2023-11-15 11:39:56.539689,0 days 00:00:00.735965,0.2,10,0.75,0.9,0,140,COMPLETE
8516,8516,19192.0,2023-11-15 11:39:56.543195,2023-11-15 11:39:57.293492,0 days 00:00:00.750297,0.1,10,0.75,0.9,4,148,COMPLETE
8517,8517,18319.5,2023-11-15 11:39:57.297094,2023-11-15 11:39:58.038364,0 days 00:00:00.741270,0.2,20,0.75,0.8,2,143,COMPLETE
8518,8518,18751.25,2023-11-15 11:39:58.041405,2023-11-15 11:39:58.777167,0 days 00:00:00.735762,0.2,10,0.75,0.9,8,145,COMPLETE
8519,8519,18968.0,2023-11-15 11:39:58.780400,2023-11-15 11:39:59.518823,0 days 00:00:00.738423,0.2,10,0.5,0.9,0,150,COMPLETE
8520,8520,19066.5,2023-11-15 11:39:59.521514,2023-11-15 11:40:00.283242,0 days 00:00:00.761728,0.1,10,1.25,0.9,6,138,COMPLETE
8521,8521,19261.0,2023-11-15 11:40:00.285779,2023-11-15 11:40:01.046678,0 days 00:00:00.760899,0.2,10,1.0,0.9,3,147,COMPLETE
8522,8522,19066.25,2023-11-15 11:40:01.049230,2023-11-15 11:40:01.778296,0 days 00:00:00.729066,0.2,10,0.75,0.8,2,141,COMPLETE
8523,8523,18791.75,2023-11-15 11:40:01.780897,2023-11-15 11:40:02.512624,0 days 00:00:00.731727,0.2,10,0.75,0.9,4,144,COMPLETE
8524,8524,19261.0,2023-11-15 11:40:02.515342,2023-11-15 11:40:03.267599,0 days 00:00:00.752257,0.2,10,0.75,0.4,0,147,COMPLETE
8525,8525,18008.25,2023-11-15 11:40:03.270898,2023-11-15 11:40:04.032666,0 days 00:00:00.761768,0.1,10,0.5,0.9,28,143,COMPLETE
8526,8526,16714.0,2023-11-15 11:40:04.035213,2023-11-15 11:40:04.808063,0 days 00:00:00.772850,0.2,10,0.75,0.6,6,150,COMPLETE
8527,8527,13734.25,2023-11-15 11:40:04.811728,2023-11-15 11:40:05.593937,0 days 00:00:00.782209,0.6,70,2.0,0.9,2,141,COMPLETE
8528,8528,19261.0,2023-11-15 11:40:05.597596,2023-11-15 11:40:06.347188,0 days 00:00:00.749592,0.2,10,0.75,0.9,0,147,COMPLETE
8529,8529,18945.25,2023-11-15 11:40:06.349864,2023-11-15 11:40:07.085716,0 days 00:00:00.735852,0.2,10,1.0,0.9,4,144,COMPLETE
8530,8530,15231.25,2023-11-15 11:40:07.088432,2023-11-15 11:40:07.868579,0 days 00:00:00.780147,0.30000000000000004,20,0.75,0.9,2,137,COMPLETE
8531,8531,19261.0,2023-11-15 11:40:07.872119,2023-11-15 11:40:08.606893,0 days 00:00:00.734774,0.2,10,0.75,0.9,9,147,COMPLETE
8532,8532,18783.0,2023-11-15 11:40:08.610020,2023-11-15 11:40:09.380068,0 days 00:00:00.770048,0.1,10,1.25,0.9,18,140,COMPLETE
8533,8533,13737.0,2023-11-15 11:40:09.382569,2023-11-15 11:40:10.144784,0 days 00:00:00.762215,0.2,80,0.25,0.8,0,144,COMPLETE
8534,8534,19111.25,2023-11-15 11:40:10.147635,2023-11-15 11:40:10.868641,0 days 00:00:00.721006,0.2,10,0.75,0.9,4,150,COMPLETE
8535,8535,18494.75,2023-11-15 11:40:10.871278,2023-11-15 11:40:11.623543,0 days 00:00:00.752265,0.2,10,0.75,0.9,2,135,COMPLETE
8536,8536,18746.25,2023-11-15 11:40:11.626672,2023-11-15 11:40:12.377768,0 days 00:00:00.751096,0.1,10,1.0,0.9,6,121,COMPLETE
8537,8537,19167.0,2023-11-15 11:40:12.380735,2023-11-15 11:40:13.121960,0 days 00:00:00.741225,0.2,10,1.5,0.9,0,145,COMPLETE
8538,8538,18973.0,2023-11-15 11:40:13.124670,2023-11-15 11:40:13.884048,0 days 00:00:00.759378,0.2,10,0.75,0.9,3,141,COMPLETE
8539,8539,17659.0,2023-11-15 11:40:13.886926,2023-11-15 11:40:14.663255,0 days 00:00:00.776329,0.4,10,0.75,0.5,5,148,COMPLETE
8540,8540,18492.75,2023-11-15 11:40:14.665895,2023-11-15 11:40:15.399868,0 days 00:00:00.733973,0.1,10,0.5,0.7000000000000001,2,143,COMPLETE
8541,8541,19261.0,2023-11-15 11:40:15.402468,2023-11-15 11:40:16.143081,0 days 00:00:00.740613,0.2,10,1.25,0.9,0,147,COMPLETE
8542,8542,18794.25,2023-11-15 11:40:16.146255,2023-11-15 11:40:16.912638,0 days 00:00:00.766383,0.2,10,0.75,0.9,7,139,COMPLETE
8543,8543,19359.75,2023-11-15 11:40:16.915224,2023-11-15 11:40:17.661078,0 days 00:00:00.745854,0.30000000000000004,10,0.75,0.9,2,145,COMPLETE
8544,8544,15895.5,2023-11-15 11:40:17.663730,2023-11-15 11:40:18.426992,0 days 00:00:00.763262,0.2,20,0.75,0.30000000000000004,4,148,COMPLETE
8545,8545,19261.0,2023-11-15 11:40:18.429609,2023-11-15 11:40:19.211350,0 days 00:00:00.781741,0.2,10,1.0,0.8,0,150,COMPLETE
8546,8546,16872.5,2023-11-15 11:40:19.213880,2023-11-15 11:40:20.033774,0 days 00:00:00.819894,0.1,40,0.75,0.9,2,142,COMPLETE
8547,8547,19068.0,2023-11-15 11:40:20.036495,2023-11-15 11:40:20.825757,0 days 00:00:00.789262,0.2,10,0.75,0.9,10,145,COMPLETE
8548,8548,19066.25,2023-11-15 11:40:20.828325,2023-11-15 11:40:21.614238,0 days 00:00:00.785913,0.2,10,0.75,0.9,5,141,COMPLETE
8549,8549,19065.25,2023-11-15 11:40:21.616739,2023-11-15 11:40:22.402655,0 days 00:00:00.785916,0.2,10,0.75,0.9,0,137,COMPLETE
8550,8550,19190.25,2023-11-15 11:40:22.405355,2023-11-15 11:40:23.189199,0 days 00:00:00.783844,0.1,10,0.5,0.9,3,147,COMPLETE
8551,8551,18884.25,2023-11-15 11:40:23.192433,2023-11-15 11:40:23.948988,0 days 00:00:00.756555,0.2,10,0.75,0.9,7,150,COMPLETE
8552,8552,17544.75,2023-11-15 11:40:23.951793,2023-11-15 11:40:24.713799,0 days 00:00:00.762006,0.2,20,1.25,0.9,4,144,COMPLETE
8553,8553,19328.0,2023-11-15 11:40:24.716430,2023-11-15 11:40:25.444318,0 days 00:00:00.727888,0.30000000000000004,10,1.0,0.9,0,145,COMPLETE
8554,8554,19006.5,2023-11-15 11:40:25.447103,2023-11-15 11:40:26.174071,0 days 00:00:00.726968,0.2,10,0.75,0.9,2,139,COMPLETE
8555,8555,19261.0,2023-11-15 11:40:26.177191,2023-11-15 11:40:26.918484,0 days 00:00:00.741293,0.2,10,0.75,0.8,2,147,COMPLETE
8556,8556,19171.75,2023-11-15 11:40:26.921664,2023-11-15 11:40:27.698418,0 days 00:00:00.776754,0.1,10,0.75,0.9,0,142,COMPLETE
8557,8557,17863.25,2023-11-15 11:40:27.701297,2023-11-15 11:40:28.453419,0 days 00:00:00.752122,0.2,10,0.25,0.7000000000000001,5,133,COMPLETE
8558,8558,14517.5,2023-11-15 11:40:28.455907,2023-11-15 11:40:29.231236,0 days 00:00:00.775329,0.5,10,0.75,0.6,3,150,COMPLETE
8559,8559,15119.25,2023-11-15 11:40:29.233898,2023-11-15 11:40:29.980686,0 days 00:00:00.746788,0.2,10,0.75,0.2,8,143,COMPLETE
8560,8560,18518.25,2023-11-15 11:40:29.983426,2023-11-15 11:40:30.715259,0 days 00:00:00.731833,0.2,20,1.0,0.9,0,147,COMPLETE
8561,8561,19314.5,2023-11-15 11:40:30.718134,2023-11-15 11:40:31.537391,0 days 00:00:00.819257,0.1,10,0.75,0.9,2,145,COMPLETE
8562,8562,18818.25,2023-11-15 11:40:31.540931,2023-11-15 11:40:32.377419,0 days 00:00:00.836488,0.2,10,0.75,0.9,4,139,COMPLETE
8563,8563,14499.25,2023-11-15 11:40:32.380349,2023-11-15 11:40:33.242975,0 days 00:00:00.862626,0.2,10,0.75,0.5,6,143,COMPLETE
8564,8564,18140.0,2023-11-15 11:40:33.246002,2023-11-15 11:40:34.112915,0 days 00:00:00.866913,0.2,10,0.75,0.9,41,147,COMPLETE
8565,8565,19132.0,2023-11-15 11:40:34.115493,2023-11-15 11:40:34.992966,0 days 00:00:00.877473,0.2,10,1.0,0.9,2,150,COMPLETE
8566,8566,19261.0,2023-11-15 11:40:34.998678,2023-11-15 11:40:35.782889,0 days 00:00:00.784211,0.1,10,1.25,0.8,0,141,COMPLETE
8567,8567,15460.0,2023-11-15 11:40:35.785838,2023-11-15 11:40:36.722954,0 days 00:00:00.937116,0.8,10,0.75,0.9,4,145,COMPLETE
8568,8568,18794.75,2023-11-15 11:40:36.727004,2023-11-15 11:40:37.517644,0 days 00:00:00.790640,0.30000000000000004,10,0.5,0.9,2,101,COMPLETE
8569,8569,19261.0,2023-11-15 11:40:37.520485,2023-11-15 11:40:38.390491,0 days 00:00:00.870006,0.2,10,0.75,0.1,0,147,COMPLETE
8570,8570,19161.25,2023-11-15 11:40:38.393548,2023-11-15 11:40:39.261966,0 days 00:00:00.868418,0.2,10,0.75,0.9,6,137,COMPLETE
8571,8571,18992.75,2023-11-15 11:40:39.264954,2023-11-15 11:40:40.097088,0 days 00:00:00.832134,0.2,10,0.75,0.9,4,143,COMPLETE
8572,8572,18588.25,2023-11-15 11:40:40.099709,2023-11-15 11:40:40.868895,0 days 00:00:00.769186,0.1,20,1.0,0.9,2,148,COMPLETE
8573,8573,18307.5,2023-11-15 11:40:40.871761,2023-11-15 11:40:41.604373,0 days 00:00:00.732612,0.2,10,0.75,0.9,65,140,COMPLETE
8574,8574,19359.75,2023-11-15 11:40:41.607085,2023-11-15 11:40:42.344416,0 days 00:00:00.737331,0.2,10,0.75,0.9,0,145,COMPLETE
8575,8575,5081.0,2023-11-15 11:40:42.347545,2023-11-15 11:40:43.211102,0 days 00:00:00.863557,0.1,10,1.25,0.7000000000000001,9,150,COMPLETE
8576,8576,0.0,2023-11-15 11:40:43.213885,2023-11-15 11:40:43.938297,0 days 00:00:00.724412,0.2,10,0.75,0.9,2,16,COMPLETE
8577,8577,14167.0,2023-11-15 11:40:43.941324,2023-11-15 11:40:44.701563,0 days 00:00:00.760239,0.2,10,0.75,0.4,4,142,COMPLETE
8578,8578,19261.0,2023-11-15 11:40:44.704186,2023-11-15 11:40:45.431856,0 days 00:00:00.727670,0.30000000000000004,10,0.5,0.8,0,144,COMPLETE
8579,8579,19261.0,2023-11-15 11:40:45.434441,2023-11-15 11:40:46.160521,0 days 00:00:00.726080,0.2,10,0.75,0.9,6,147,COMPLETE
8580,8580,18141.5,2023-11-15 11:40:46.163225,2023-11-15 11:40:46.886734,0 days 00:00:00.723509,0.1,20,0.75,0.9,2,135,COMPLETE
8581,8581,18871.25,2023-11-15 11:40:46.889492,2023-11-15 11:40:47.614740,0 days 00:00:00.725248,0.2,10,1.0,0.9,12,94,COMPLETE
8582,8582,19261.0,2023-11-15 11:40:47.617293,2023-11-15 11:40:48.350573,0 days 00:00:00.733280,0.2,10,0.75,0.9,4,147,COMPLETE
8583,8583,19171.5,2023-11-15 11:40:48.353223,2023-11-15 11:40:49.065582,0 days 00:00:00.712359,0.2,10,0.75,0.9,0,141,COMPLETE
8584,8584,18839.75,2023-11-15 11:40:49.068178,2023-11-15 11:40:49.801621,0 days 00:00:00.733443,0.2,10,0.25,0.9,8,150,COMPLETE
8585,8585,19292.25,2023-11-15 11:40:49.804257,2023-11-15 11:40:50.527733,0 days 00:00:00.723476,0.2,10,0.75,0.9,2,145,COMPLETE
8586,8586,18496.25,2023-11-15 11:40:50.530278,2023-11-15 11:40:51.277699,0 days 00:00:00.747421,0.1,10,1.0,0.8,4,139,COMPLETE
8587,8587,19261.0,2023-11-15 11:40:51.280469,2023-11-15 11:40:52.005792,0 days 00:00:00.725323,0.2,10,0.5,0.6,0,144,COMPLETE
8588,8588,19261.0,2023-11-15 11:40:52.009653,2023-11-15 11:40:52.724574,0 days 00:00:00.714921,0.2,10,0.75,0.9,6,147,COMPLETE
8589,8589,8682.25,2023-11-15 11:40:52.728669,2023-11-15 11:40:53.541198,0 days 00:00:00.812529,0.1,10,1.25,0.5,2,142,COMPLETE
8590,8590,19082.5,2023-11-15 11:40:53.544855,2023-11-15 11:40:54.294906,0 days 00:00:00.750051,0.2,10,0.75,0.9,2,150,COMPLETE
8591,8591,18826.0,2023-11-15 11:40:54.297451,2023-11-15 11:40:55.015098,0 days 00:00:00.717647,0.4,10,0.75,0.9,0,138,COMPLETE
8592,8592,14918.25,2023-11-15 11:40:55.017766,2023-11-15 11:40:55.780155,0 days 00:00:00.762389,0.5,20,0.75,0.30000000000000004,4,145,COMPLETE
8593,8593,19261.0,2023-11-15 11:40:55.782883,2023-11-15 11:40:56.503159,0 days 00:00:00.720276,0.2,10,0.75,0.9,6,147,COMPLETE
8594,8594,19182.75,2023-11-15 11:40:56.505704,2023-11-15 11:40:57.232530,0 days 00:00:00.726826,0.2,10,1.0,0.9,2,142,COMPLETE
8595,8595,19271.0,2023-11-15 11:40:57.243034,2023-11-15 11:40:57.973820,0 days 00:00:00.730786,0.2,10,0.75,0.9,0,148,COMPLETE
8596,8596,19261.0,2023-11-15 11:40:57.977128,2023-11-15 11:40:58.697163,0 days 00:00:00.720035,0.1,10,1.5,0.8,4,143,COMPLETE
8597,8597,19066.25,2023-11-15 11:40:58.699724,2023-11-15 11:40:59.420827,0 days 00:00:00.721103,0.30000000000000004,10,0.75,0.9,2,140,COMPLETE
8598,8598,19261.0,2023-11-15 11:40:59.424101,2023-11-15 11:41:00.161354,0 days 00:00:00.737253,0.2,10,0.75,0.9,7,147,COMPLETE
8599,8599,18875.25,2023-11-15 11:41:00.164046,2023-11-15 11:41:00.913146,0 days 00:00:00.749100,0.2,10,0.75,0.9,0,90,COMPLETE
8600,8600,18393.5,2023-11-15 11:41:00.915920,2023-11-15 11:41:01.652246,0 days 00:00:00.736326,0.2,20,1.0,0.9,3,150,COMPLETE
8601,8601,19165.25,2023-11-15 11:41:01.655042,2023-11-15 11:41:02.390840,0 days 00:00:00.735798,0.1,10,1.25,0.9,10,145,COMPLETE
8602,8602,18828.0,2023-11-15 11:41:02.394105,2023-11-15 11:41:03.127856,0 days 00:00:00.733751,0.2,10,0.5,0.9,5,137,COMPLETE
8603,8603,19261.0,2023-11-15 11:41:03.130434,2023-11-15 11:41:03.878544,0 days 00:00:00.748110,0.2,10,0.75,0.9,0,143,COMPLETE
8604,8604,18288.0,2023-11-15 11:41:03.881130,2023-11-15 11:41:04.622623,0 days 00:00:00.741493,0.30000000000000004,10,0.75,0.6,2,145,COMPLETE
8605,8605,18587.25,2023-11-15 11:41:04.625803,2023-11-15 11:41:05.369495,0 days 00:00:00.743692,0.2,10,0.75,0.9,4,125,COMPLETE
8606,8606,19261.0,2023-11-15 11:41:05.372239,2023-11-15 11:41:06.106558,0 days 00:00:00.734319,0.2,10,0.75,0.8,0,140,COMPLETE
8607,8607,19171.25,2023-11-15 11:41:06.109888,2023-11-15 11:41:06.870536,0 days 00:00:00.760648,0.1,10,0.75,0.9,8,148,COMPLETE
8608,8608,19164.25,2023-11-15 11:41:06.873137,2023-11-15 11:41:07.600288,0 days 00:00:00.727151,0.2,10,0.5,0.9,2,150,COMPLETE
8609,8609,15726.25,2023-11-15 11:41:07.602918,2023-11-15 11:41:08.367582,0 days 00:00:00.764664,0.2,20,0.25,0.4,15,145,COMPLETE
8610,8610,19066.25,2023-11-15 11:41:08.370164,2023-11-15 11:41:09.103755,0 days 00:00:00.733591,0.1,10,1.25,0.9,5,141,COMPLETE
8611,8611,18798.75,2023-11-15 11:41:09.106329,2023-11-15 11:41:09.834517,0 days 00:00:00.728188,0.2,10,1.0,0.9,2,135,COMPLETE
8612,8612,16608.25,2023-11-15 11:41:09.837069,2023-11-15 11:41:10.600183,0 days 00:00:00.763114,0.2,10,0.75,0.9,87,147,COMPLETE
8613,8613,19261.0,2023-11-15 11:41:10.602900,2023-11-15 11:41:11.318273,0 days 00:00:00.715373,0.30000000000000004,10,0.75,0.7000000000000001,0,143,COMPLETE
8614,8614,18700.0,2023-11-15 11:41:11.321029,2023-11-15 11:41:12.052970,0 days 00:00:00.731941,0.2,10,0.75,0.8,3,139,COMPLETE
8615,8615,19262.25,2023-11-15 11:41:12.055560,2023-11-15 11:41:12.776502,0 days 00:00:00.720942,0.2,10,0.75,0.9,7,145,COMPLETE
8616,8616,19261.0,2023-11-15 11:41:12.779159,2023-11-15 11:41:13.516221,0 days 00:00:00.737062,0.1,10,1.0,0.9,0,150,COMPLETE
8617,8617,18440.5,2023-11-15 11:41:13.518823,2023-11-15 11:41:14.259009,0 days 00:00:00.740186,0.6,10,0.75,0.9,4,75,COMPLETE
8618,8618,19051.5,2023-11-15 11:41:14.262159,2023-11-15 11:41:14.986779,0 days 00:00:00.724620,0.2,10,0.75,0.9,3,142,COMPLETE
8619,8619,19163.5,2023-11-15 11:41:14.989386,2023-11-15 11:41:15.716919,0 days 00:00:00.727533,0.2,10,0.75,0.9,2,144,COMPLETE
8620,8620,18493.75,2023-11-15 11:41:15.719636,2023-11-15 11:41:16.455129,0 days 00:00:00.735493,0.2,20,1.25,0.8,6,147,COMPLETE
8621,8621,19343.25,2023-11-15 11:41:16.458993,2023-11-15 11:41:17.178020,0 days 00:00:00.719027,0.4,10,0.75,0.9,0,148,COMPLETE
8622,8622,14740.75,2023-11-15 11:41:17.181089,2023-11-15 11:41:17.931860,0 days 00:00:00.750771,0.1,60,0.75,0.9,2,141,COMPLETE
8623,8623,18970.75,2023-11-15 11:41:17.934641,2023-11-15 11:41:18.660316,0 days 00:00:00.725675,0.2,10,1.0,0.9,4,145,COMPLETE
8624,8624,19161.25,2023-11-15 11:41:18.663056,2023-11-15 11:41:19.395082,0 days 00:00:00.732026,0.2,10,0.5,0.9,0,137,COMPLETE
8625,8625,19261.0,2023-11-15 11:41:19.397673,2023-11-15 11:41:20.107869,0 days 00:00:00.710196,0.2,10,0.75,0.9,5,147,COMPLETE
8626,8626,19082.5,2023-11-15 11:41:20.110917,2023-11-15 11:41:20.830177,0 days 00:00:00.719260,0.1,10,0.75,0.9,2,150,COMPLETE
8627,8627,19261.0,2023-11-15 11:41:20.832814,2023-11-15 11:41:21.552351,0 days 00:00:00.719537,0.2,10,0.75,0.9,0,143,COMPLETE
8628,8628,18295.5,2023-11-15 11:41:21.555094,2023-11-15 11:41:22.309589,0 days 00:00:00.754495,0.2,20,0.75,0.8,9,139,COMPLETE
8629,8629,12527.75,2023-11-15 11:41:22.312292,2023-11-15 11:41:23.121926,0 days 00:00:00.809634,0.9,40,0.75,0.9,2,131,COMPLETE
8630,8630,18647.0,2023-11-15 11:41:23.124732,2023-11-15 11:41:23.878894,0 days 00:00:00.754162,0.2,10,0.25,0.9,6,145,COMPLETE
8631,8631,17649.5,2023-11-15 11:41:23.881419,2023-11-15 11:41:24.614737,0 days 00:00:00.733318,0.1,30,1.25,0.9,4,147,COMPLETE
8632,8632,19171.5,2023-11-15 11:41:24.617483,2023-11-15 11:41:25.347710,0 days 00:00:00.730227,0.30000000000000004,10,0.75,0.9,0,142,COMPLETE
8633,8633,16464.0,2023-11-15 11:41:25.350307,2023-11-15 11:41:26.110086,0 days 00:00:00.759779,0.2,10,1.0,0.5,2,150,COMPLETE
8634,8634,19359.75,2023-11-15 11:41:26.113060,2023-11-15 11:41:26.833135,0 days 00:00:00.720075,0.2,10,0.75,0.9,4,145,COMPLETE
8635,8635,6222.5,2023-11-15 11:41:26.835816,2023-11-15 11:41:27.683546,0 days 00:00:00.847730,0.2,10,1.75,0.30000000000000004,2,141,COMPLETE
8636,8636,15248.75,2023-11-15 11:41:27.686242,2023-11-15 11:41:28.431184,0 days 00:00:00.744942,0.2,50,0.75,0.9,0,56,COMPLETE
8637,8637,19261.0,2023-11-15 11:41:28.433736,2023-11-15 11:41:29.152605,0 days 00:00:00.718869,0.1,10,0.75,0.9,7,147,COMPLETE
8638,8638,18974.5,2023-11-15 11:41:29.155144,2023-11-15 11:41:29.885283,0 days 00:00:00.730139,0.2,10,0.5,0.9,4,143,COMPLETE
8639,8639,14597.5,2023-11-15 11:41:29.888312,2023-11-15 11:41:30.639139,0 days 00:00:00.750827,0.2,70,0.75,0.9,2,138,COMPLETE
8640,8640,19350.75,2023-11-15 11:41:30.642057,2023-11-15 11:41:31.365080,0 days 00:00:00.723023,0.30000000000000004,10,1.0,0.7000000000000001,0,108,COMPLETE
8641,8641,19359.75,2023-11-15 11:41:31.367726,2023-11-15 11:41:32.112476,0 days 00:00:00.744750,0.2,10,0.75,0.9,5,148,COMPLETE
8642,8642,19292.25,2023-11-15 11:41:32.115136,2023-11-15 11:41:32.854295,0 days 00:00:00.739159,0.2,10,0.75,0.9,2,145,COMPLETE
8643,8643,9307.5,2023-11-15 11:41:32.857352,2023-11-15 11:41:33.672811,0 days 00:00:00.815459,0.1,20,1.25,0.6,8,150,COMPLETE
8644,8644,19261.0,2023-11-15 11:41:33.675962,2023-11-15 11:41:34.400114,0 days 00:00:00.724152,0.2,10,0.75,0.8,0,141,COMPLETE
8645,8645,19313.25,2023-11-15 11:41:34.402719,2023-11-15 11:41:35.141056,0 days 00:00:00.738337,0.2,10,0.75,0.9,3,145,COMPLETE
8646,8646,18723.25,2023-11-15 11:41:35.144002,2023-11-15 11:41:35.871590,0 days 00:00:00.727588,0.2,10,1.0,0.9,5,134,COMPLETE
8647,8647,16030.0,2023-11-15 11:41:35.874503,2023-11-15 11:41:36.634942,0 days 00:00:00.760439,0.1,10,0.75,0.9,69,147,COMPLETE
8648,8648,18992.75,2023-11-15 11:41:36.637558,2023-11-15 11:41:37.379502,0 days 00:00:00.741944,0.2,10,0.75,0.9,2,143,COMPLETE
8649,8649,6259.25,2023-11-15 11:41:37.382148,2023-11-15 11:41:38.244502,0 days 00:00:00.862354,0.7000000000000001,10,0.75,0.4,11,139,COMPLETE
8650,8650,13458.5,2023-11-15 11:41:38.247457,2023-11-15 11:41:39.024768,0 days 00:00:00.777311,0.2,90,1.25,0.9,0,148,COMPLETE
8651,8651,19050.0,2023-11-15 11:41:39.027682,2023-11-15 11:41:39.753409,0 days 00:00:00.725727,0.2,10,1.0,0.9,3,143,COMPLETE
8652,8652,11236.75,2023-11-15 11:41:39.755980,2023-11-15 11:41:40.571467,0 days 00:00:00.815487,0.1,10,0.5,0.2,6,150,COMPLETE
