,number,value,datetime_start,datetime_complete,duration,params_alpha,params_decay_interval,params_decay_rate,params_gamma,params_initialization,params_max_steps,state
9578,9578,18111.75,2023-11-15 13:10:23.475238,2023-11-15 13:10:24.341335,0 days 00:00:00.866097,0.8,10,3.0,0.9,37,102,COMPLETE
9579,9579,18026.25,2023-11-15 13:10:24.344487,2023-11-15 13:10:25.220368,0 days 00:00:00.875881,0.9,10,2.75,0.9,13,72,COMPLETE
9580,9580,18121.5,2023-11-15 13:10:25.223137,2023-11-15 13:10:26.092432,0 days 00:00:00.869295,0.8,10,3.0,0.9,19,77,COMPLETE
9581,9581,17547.25,2023-11-15 13:10:26.095734,2023-11-15 13:10:26.953029,0 days 00:00:00.857295,0.8,10,3.0,0.9,16,68,COMPLETE
9582,9582,15630.5,2023-11-15 13:10:26.957165,2023-11-15 13:10:27.819385,0 days 00:00:00.862220,0.8,20,2.5,0.9,22,63,COMPLETE
9583,9583,17369.5,2023-11-15 13:10:27.823383,2023-11-15 13:10:28.720452,0 days 00:00:00.897069,0.8,10,2.75,0.9,19,73,COMPLETE
9584,9584,17111.5,2023-11-15 13:10:28.723380,2023-11-15 13:10:29.589510,0 days 00:00:00.866130,0.7000000000000001,10,3.0,0.9,24,69,COMPLETE
9585,9585,18682.0,2023-11-15 13:10:29.592987,2023-11-15 13:10:30.449589,0 days 00:00:00.856602,0.8,10,3.0,0.9,9,75,COMPLETE
9586,9586,19260.75,2023-11-15 13:10:30.452506,2023-11-15 13:10:31.295219,0 days 00:00:00.842713,0.8,10,3.0,0.9,15,71,COMPLETE
9587,9587,17642.5,2023-11-15 13:10:31.298755,2023-11-15 13:10:32.206167,0 days 00:00:00.907412,0.8,10,3.0,0.9,21,82,COMPLETE
9588,9588,17031.75,2023-11-15 13:10:32.209132,2023-11-15 13:10:33.072348,0 days 00:00:00.863216,0.8,10,2.75,0.30000000000000004,17,65,COMPLETE
9589,9589,16437.0,2023-11-15 13:10:33.075352,2023-11-15 13:10:33.931005,0 days 00:00:00.855653,0.8,40,3.0,0.2,19,68,COMPLETE
9590,9590,17378.25,2023-11-15 13:10:33.933842,2023-11-15 13:10:34.931754,0 days 00:00:00.997912,0.8,10,1.25,0.8,23,77,COMPLETE
9591,9591,16967.75,2023-11-15 13:10:34.935284,2023-11-15 13:10:35.988322,0 days 00:00:01.053038,0.8,20,0.5,0.9,13,133,COMPLETE
9592,9592,17369.5,2023-11-15 13:10:35.991109,2023-11-15 13:10:37.008342,0 days 00:00:01.017233,0.8,10,3.0,0.9,17,73,COMPLETE
9593,9593,16447.5,2023-11-15 13:10:37.011858,2023-11-15 13:10:37.874382,0 days 00:00:00.862524,0.8,10,3.0,0.9,26,49,COMPLETE
9594,9594,19260.75,2023-11-15 13:10:37.877896,2023-11-15 13:10:38.745629,0 days 00:00:00.867733,0.8,10,2.75,0.9,20,71,COMPLETE
9595,9595,17109.5,2023-11-15 13:10:38.748802,2023-11-15 13:10:39.619075,0 days 00:00:00.870273,0.9,10,3.0,0.9,22,79,COMPLETE
9596,9596,16719.5,2023-11-15 13:10:39.621879,2023-11-15 13:10:40.493578,0 days 00:00:00.871699,0.8,10,3.0,0.9,15,66,COMPLETE
9597,9597,17828.0,2023-11-15 13:10:40.497068,2023-11-15 13:10:41.421719,0 days 00:00:00.924651,0.8,10,2.5,0.9,18,74,COMPLETE
9598,9598,17115.5,2023-11-15 13:10:41.424774,2023-11-15 13:10:42.373298,0 days 00:00:00.948524,0.8,10,3.0,0.9,11,69,COMPLETE
9599,9599,16632.75,2023-11-15 13:10:42.376989,2023-11-15 13:10:43.365616,0 days 00:00:00.988627,0.8,10,2.75,0.9,29,61,COMPLETE
9600,9600,17825.5,2023-11-15 13:10:43.370166,2023-11-15 13:10:44.339677,0 days 00:00:00.969511,0.8,10,3.0,0.9,25,70,COMPLETE
9601,9601,18679.5,2023-11-15 13:10:44.348497,2023-11-15 13:10:45.821054,0 days 00:00:01.472557,0.7000000000000001,10,3.0,0.9,20,75,COMPLETE
9602,9602,18299.75,2023-11-15 13:10:45.824890,2023-11-15 13:10:46.749147,0 days 00:00:00.924257,0.8,10,2.75,0.8,23,65,COMPLETE
9603,9603,16636.0,2023-11-15 13:10:46.752119,2023-11-15 13:10:47.650609,0 days 00:00:00.898490,0.8,20,3.0,0.9,17,73,COMPLETE
9604,9604,17547.25,2023-11-15 13:10:47.653514,2023-11-15 13:10:48.550727,0 days 00:00:00.897213,0.8,10,3.0,0.9,21,68,COMPLETE
9605,9605,17545.25,2023-11-15 13:10:48.553495,2023-11-15 13:10:49.604167,0 days 00:00:01.050672,0.8,10,2.75,0.9,14,78,COMPLETE
9606,9606,14317.5,2023-11-15 13:10:49.607680,2023-11-15 13:10:50.614205,0 days 00:00:01.006525,0.8,60,3.0,0.9,18,71,COMPLETE
9607,9607,18587.75,2023-11-15 13:10:50.616998,2023-11-15 13:10:51.497367,0 days 00:00:00.880369,0.6,10,3.0,0.9,16,75,COMPLETE
9608,9608,17917.0,2023-11-15 13:10:51.500530,2023-11-15 13:10:52.366022,0 days 00:00:00.865492,0.8,10,3.0,0.9,6,67,COMPLETE
9609,9609,16543.25,2023-11-15 13:10:52.368845,2023-11-15 13:10:53.244054,0 days 00:00:00.875209,0.8,10,3.0,0.9,22,63,COMPLETE
9610,9610,19260.75,2023-11-15 13:10:53.247093,2023-11-15 13:10:54.120563,0 days 00:00:00.873470,0.9,10,3.0,0.8,20,71,COMPLETE
9611,9611,13672.5,2023-11-15 13:10:54.123594,2023-11-15 13:10:54.992081,0 days 00:00:00.868487,0.8,50,2.75,0.9,27,73,COMPLETE
9612,9612,17382.5,2023-11-15 13:10:54.997011,2023-11-15 13:10:55.842878,0 days 00:00:00.845867,0.8,10,2.5,0.9,24,69,COMPLETE
9613,9613,16898.75,2023-11-15 13:10:55.846479,2023-11-15 13:10:56.693696,0 days 00:00:00.847217,0.8,20,3.0,0.9,19,76,COMPLETE
9614,9614,15210.25,2023-11-15 13:10:56.696957,2023-11-15 13:10:57.611633,0 days 00:00:00.914676,0.8,30,2.75,0.9,16,67,COMPLETE
9615,9615,17926.25,2023-11-15 13:10:57.614889,2023-11-15 13:10:58.490808,0 days 00:00:00.875919,0.8,10,2.25,0.9,13,80,COMPLETE
9616,9616,19260.75,2023-11-15 13:10:58.494877,2023-11-15 13:10:59.437282,0 days 00:00:00.942405,0.8,10,3.0,0.9,22,71,COMPLETE
9617,9617,17398.25,2023-11-15 13:10:59.440187,2023-11-15 13:11:00.414960,0 days 00:00:00.974773,0.7000000000000001,10,3.0,0.7000000000000001,25,65,COMPLETE
9618,9618,16901.0,2023-11-15 13:11:00.418761,2023-11-15 13:11:01.389627,0 days 00:00:00.970866,0.8,10,3.0,0.9,19,55,COMPLETE
9619,9619,17920.75,2023-11-15 13:11:01.392575,2023-11-15 13:11:02.329400,0 days 00:00:00.936825,0.8,10,3.0,0.9,15,74,COMPLETE
9620,9620,17115.5,2023-11-15 13:11:02.332415,2023-11-15 13:11:03.316681,0 days 00:00:00.984266,0.8,10,2.75,0.9,21,69,COMPLETE
9621,9621,18122.5,2023-11-15 13:11:03.320350,2023-11-15 13:11:04.970257,0 days 00:00:01.649907,0.8,10,3.0,0.9,17,72,COMPLETE
9622,9622,17360.25,2023-11-15 13:11:04.974592,2023-11-15 13:11:06.028706,0 days 00:00:01.054114,0.8,10,3.0,0.9,23,78,COMPLETE
9623,9623,16540.25,2023-11-15 13:11:06.031729,2023-11-15 13:11:07.231424,0 days 00:00:01.199695,0.9,10,3.0,0.9,31,62,COMPLETE
9624,9624,15820.5,2023-11-15 13:11:07.235045,2023-11-15 13:11:08.324574,0 days 00:00:01.089529,0.4,20,3.0,0.9,19,67,COMPLETE
9625,9625,17196.25,2023-11-15 13:11:08.328076,2023-11-15 13:11:09.400574,0 days 00:00:01.072498,0.8,10,2.75,0.9,12,76,COMPLETE
9626,9626,17825.5,2023-11-15 13:11:09.404026,2023-11-15 13:11:10.468333,0 days 00:00:01.064307,0.8,10,3.0,0.9,21,70,COMPLETE
9627,9627,17761.75,2023-11-15 13:11:10.471217,2023-11-15 13:11:11.389888,0 days 00:00:00.918671,0.7000000000000001,10,2.75,0.6,17,73,COMPLETE
9628,9628,17654.5,2023-11-15 13:11:11.393664,2023-11-15 13:11:12.243411,0 days 00:00:00.849747,0.8,10,3.0,0.9,25,65,COMPLETE
9629,9629,17825.5,2023-11-15 13:11:12.247047,2023-11-15 13:11:13.083968,0 days 00:00:00.836921,0.8,10,3.0,0.9,40,70,COMPLETE
9630,9630,18111.75,2023-11-15 13:11:13.086781,2023-11-15 13:11:13.968645,0 days 00:00:00.881864,0.5,10,3.0,0.9,14,83,COMPLETE
9631,9631,18682.0,2023-11-15 13:11:13.971682,2023-11-15 13:11:14.892002,0 days 00:00:00.920320,0.8,10,3.0,0.8,20,75,COMPLETE
9632,9632,17547.25,2023-11-15 13:11:14.895825,2023-11-15 13:11:15.842624,0 days 00:00:00.946799,0.8,10,2.75,0.9,23,68,COMPLETE
9633,9633,16636.0,2023-11-15 13:11:15.845723,2023-11-15 13:11:16.939518,0 days 00:00:01.093795,0.8,20,3.0,0.9,18,73,COMPLETE
9634,9634,17639.25,2023-11-15 13:11:16.944228,2023-11-15 13:11:18.621776,0 days 00:00:01.677548,0.9,10,3.0,0.9,28,78,COMPLETE
9635,9635,10060.75,2023-11-15 13:11:18.636137,2023-11-15 13:11:20.366864,0 days 00:00:01.730727,0.8,100,2.5,0.9,59,71,COMPLETE
9636,9636,16731.75,2023-11-15 13:11:20.371043,2023-11-15 13:11:21.904577,0 days 00:00:01.533534,0.8,10,2.0,0.9,16,66,COMPLETE
9637,9637,17920.75,2023-11-15 13:11:21.907675,2023-11-15 13:11:23.436307,0 days 00:00:01.528632,0.8,10,2.75,0.9,21,74,COMPLETE
9638,9638,16484.75,2023-11-15 13:11:23.439644,2023-11-15 13:11:24.545474,0 days 00:00:01.105830,0.30000000000000004,10,3.0,0.9,18,68,COMPLETE
9639,9639,18396.75,2023-11-15 13:11:24.550888,2023-11-15 13:11:25.833761,0 days 00:00:01.282873,0.8,10,1.0,0.9,24,71,COMPLETE
9640,9640,16487.75,2023-11-15 13:11:25.850889,2023-11-15 13:11:27.091766,0 days 00:00:01.240877,0.8,10,3.0,0.5,85,64,COMPLETE
9641,9641,17018.75,2023-11-15 13:11:27.097694,2023-11-15 13:11:28.343415,0 days 00:00:01.245721,0.8,10,0.75,0.9,11,60,COMPLETE
9642,9642,17185.5,2023-11-15 13:11:28.347922,2023-11-15 13:11:29.491324,0 days 00:00:01.143402,0.8,20,3.0,0.9,15,77,COMPLETE
9643,9643,17369.5,2023-11-15 13:11:29.495191,2023-11-15 13:11:30.558550,0 days 00:00:01.063359,0.8,10,2.75,0.9,19,73,COMPLETE
9644,9644,17115.5,2023-11-15 13:11:30.562496,2023-11-15 13:11:31.515019,0 days 00:00:00.952523,0.8,10,3.0,0.9,22,69,COMPLETE
9645,9645,17016.25,2023-11-15 13:11:31.518614,2023-11-15 13:11:32.454410,0 days 00:00:00.935796,0.8,10,3.0,0.9,26,76,COMPLETE
9646,9646,18491.25,2023-11-15 13:11:32.457333,2023-11-15 13:11:33.604729,0 days 00:00:01.147396,0.7000000000000001,10,3.0,0.8,14,80,COMPLETE
9647,9647,17825.5,2023-11-15 13:11:33.638347,2023-11-15 13:11:35.009762,0 days 00:00:01.371415,0.8,10,3.0,0.9,20,70,COMPLETE
9648,9648,16719.5,2023-11-15 13:11:35.015415,2023-11-15 13:11:36.265591,0 days 00:00:01.250176,0.8,10,2.75,0.9,17,66,COMPLETE
9649,9649,17186.0,2023-11-15 13:11:36.269371,2023-11-15 13:11:37.576672,0 days 00:00:01.307301,0.8,10,3.0,0.9,23,73,COMPLETE
9650,9650,16899.25,2023-11-15 13:11:37.582186,2023-11-15 13:11:38.585105,0 days 00:00:01.002919,0.9,10,2.75,0.9,20,63,COMPLETE
9651,9651,17115.5,2023-11-15 13:11:38.588310,2023-11-15 13:11:39.604380,0 days 00:00:01.016070,0.8,10,3.0,0.9,16,69,COMPLETE
9652,9652,12374.25,2023-11-15 13:11:39.607269,2023-11-15 13:11:40.625701,0 days 00:00:01.018432,0.1,10,3.0,0.8,18,75,COMPLETE
9653,9653,17137.0,2023-11-15 13:11:40.629903,2023-11-15 13:11:41.637857,0 days 00:00:01.007954,0.8,10,3.0,0.1,22,72,COMPLETE
9654,9654,17549.75,2023-11-15 13:11:41.641172,2023-11-15 13:11:42.818084,0 days 00:00:01.176912,0.8,10,2.5,0.9,25,68,COMPLETE
9655,9655,0.0,2023-11-15 13:11:42.821062,2023-11-15 13:11:43.816086,0 days 00:00:00.995024,0.8,20,3.0,0.9,13,5,COMPLETE
9656,9656,16719.5,2023-11-15 13:11:43.819029,2023-11-15 13:11:44.746739,0 days 00:00:00.927710,0.8,10,2.75,0.9,19,66,COMPLETE
9657,9657,18122.5,2023-11-15 13:11:44.749516,2023-11-15 13:11:45.626928,0 days 00:00:00.877412,0.8,10,3.0,0.9,16,72,COMPLETE
9658,9658,17734.25,2023-11-15 13:11:45.630188,2023-11-15 13:11:46.538597,0 days 00:00:00.908409,0.8,10,3.0,0.9,27,89,COMPLETE
9659,9659,17842.25,2023-11-15 13:11:46.541721,2023-11-15 13:11:47.592743,0 days 00:00:01.051022,0.7000000000000001,10,3.0,0.9,10,77,COMPLETE
9660,9660,17825.5,2023-11-15 13:11:47.597569,2023-11-15 13:11:48.878506,0 days 00:00:01.280937,0.8,10,2.75,0.9,21,70,COMPLETE
9661,9661,17733.0,2023-11-15 13:11:48.882017,2023-11-15 13:11:49.889309,0 days 00:00:01.007292,0.8,10,2.25,0.9,23,74,COMPLETE
9662,9662,16635.5,2023-11-15 13:11:49.892337,2023-11-15 13:11:50.847532,0 days 00:00:00.955195,0.8,20,3.0,0.9,18,81,COMPLETE
9663,9663,17014.0,2023-11-15 13:11:50.850446,2023-11-15 13:11:51.772674,0 days 00:00:00.922228,0.8,10,3.0,0.9,15,64,COMPLETE
9664,9664,17547.25,2023-11-15 13:11:51.775959,2023-11-15 13:11:52.668463,0 days 00:00:00.892504,0.8,10,3.0,0.9,21,68,COMPLETE
9665,9665,17271.75,2023-11-15 13:11:52.671334,2023-11-15 13:11:53.615564,0 days 00:00:00.944230,0.8,10,2.75,0.9,24,59,COMPLETE
9666,9666,19260.75,2023-11-15 13:11:53.619322,2023-11-15 13:11:55.530348,0 days 00:00:01.911026,0.8,10,3.0,0.9,19,71,COMPLETE
9667,9667,18305.0,2023-11-15 13:11:55.533156,2023-11-15 13:11:56.590164,0 days 00:00:01.057008,0.9,10,3.0,0.9,17,77,COMPLETE
9668,9668,17732.25,2023-11-15 13:11:56.593649,2023-11-15 13:11:57.735560,0 days 00:00:01.141911,0.8,10,1.75,0.9,20,74,COMPLETE
9669,9669,17917.0,2023-11-15 13:11:57.738708,2023-11-15 13:11:59.524694,0 days 00:00:01.785986,0.8,10,3.0,0.9,14,67,COMPLETE
9670,9670,12728.5,2023-11-15 13:11:59.529500,2023-11-15 13:12:00.577909,0 days 00:00:01.048409,0.8,90,2.75,0.8,23,71,COMPLETE
9671,9671,18682.0,2023-11-15 13:12:00.581291,2023-11-15 13:12:01.680028,0 days 00:00:01.098737,0.8,10,3.0,0.9,26,75,COMPLETE
9672,9672,15905.0,2023-11-15 13:12:01.683199,2023-11-15 13:12:02.802122,0 days 00:00:01.118923,0.8,20,3.0,0.9,17,64,COMPLETE
9673,9673,17826.25,2023-11-15 13:12:02.845061,2023-11-15 13:12:04.362995,0 days 00:00:01.517934,0.8,10,2.5,0.9,21,70,COMPLETE
9674,9674,17917.0,2023-11-15 13:12:04.366826,2023-11-15 13:12:05.385513,0 days 00:00:01.018687,0.8,10,3.0,0.9,12,67,COMPLETE
9675,9675,18872.25,2023-11-15 13:12:05.389005,2023-11-15 13:12:06.513447,0 days 00:00:01.124442,0.7000000000000001,10,2.75,0.9,19,73,COMPLETE
9676,9676,17453.0,2023-11-15 13:12:06.516525,2023-11-15 13:12:07.692018,0 days 00:00:01.175493,0.8,10,3.0,0.9,30,78,COMPLETE
9677,9677,17922.5,2023-11-15 13:12:07.702969,2023-11-15 13:12:09.785991,0 days 00:00:02.083022,0.8,10,3.0,0.8,15,70,COMPLETE
9678,9678,16630.0,2023-11-15 13:12:09.789740,2023-11-15 13:12:10.711502,0 days 00:00:00.921762,0.8,10,2.75,0.9,22,62,COMPLETE
9679,9679,17188.25,2023-11-15 13:12:10.715163,2023-11-15 13:12:11.627510,0 days 00:00:00.912347,0.8,10,3.0,0.9,18,73,COMPLETE
9680,9680,17917.0,2023-11-15 13:12:11.630839,2023-11-15 13:12:12.561484,0 days 00:00:00.930645,0.8,10,3.0,0.9,25,67,COMPLETE
9681,9681,16455.25,2023-11-15 13:12:12.564334,2023-11-15 13:12:13.531511,0 days 00:00:00.967177,0.9,20,3.0,0.9,20,76,COMPLETE
9682,9682,18584.25,2023-11-15 13:12:13.535006,2023-11-15 13:12:14.449537,0 days 00:00:00.914531,0.8,10,3.0,0.9,16,85,COMPLETE
9683,9683,17927.5,2023-11-15 13:12:14.453493,2023-11-15 13:12:15.380811,0 days 00:00:00.927318,0.8,10,2.75,0.9,45,80,COMPLETE
9684,9684,19260.75,2023-11-15 13:12:15.384478,2023-11-15 13:12:16.268715,0 days 00:00:00.884237,0.8,10,3.0,0.9,24,71,COMPLETE
9685,9685,17549.5,2023-11-15 13:12:16.273103,2023-11-15 13:12:17.199920,0 days 00:00:00.926817,0.7000000000000001,10,3.0,0.9,28,68,COMPLETE
9686,9686,17920.75,2023-11-15 13:12:17.203277,2023-11-15 13:12:18.286220,0 days 00:00:01.082943,0.8,10,3.0,0.9,63,74,COMPLETE
9687,9687,16719.5,2023-11-15 13:12:18.341421,2023-11-15 13:12:19.432379,0 days 00:00:01.090958,0.8,10,2.75,0.9,18,66,COMPLETE
9688,9688,15933.25,2023-11-15 13:12:19.435124,2023-11-15 13:12:20.330599,0 days 00:00:00.895475,0.8,40,2.5,0.9,13,71,COMPLETE
9689,9689,18026.0,2023-11-15 13:12:20.333940,2023-11-15 13:12:21.204218,0 days 00:00:00.870278,0.8,10,3.0,0.9,8,77,COMPLETE
9690,9690,16617.75,2023-11-15 13:12:21.207254,2023-11-15 13:12:22.100408,0 days 00:00:00.893154,0.8,20,3.0,0.9,22,69,COMPLETE
9691,9691,17920.75,2023-11-15 13:12:22.103190,2023-11-15 13:12:23.012339,0 days 00:00:00.909149,0.8,10,3.0,0.9,20,74,COMPLETE
9692,9692,16745.0,2023-11-15 13:12:23.015136,2023-11-15 13:12:23.903802,0 days 00:00:00.888666,0.8,10,2.25,0.9,16,64,COMPLETE
9693,9693,18026.25,2023-11-15 13:12:23.907159,2023-11-15 13:12:24.773144,0 days 00:00:00.865985,0.9,10,2.75,0.9,22,72,COMPLETE
9694,9694,17115.5,2023-11-15 13:12:24.778029,2023-11-15 13:12:25.659612,0 days 00:00:00.881583,0.8,10,3.0,0.9,18,69,COMPLETE
9695,9695,15905.25,2023-11-15 13:12:25.663222,2023-11-15 13:12:26.554500,0 days 00:00:00.891278,0.8,10,3.0,0.8,14,35,COMPLETE
9696,9696,16369.0,2023-11-15 13:12:26.557824,2023-11-15 13:12:27.507278,0 days 00:00:00.949454,0.8,30,2.75,0.9,24,76,COMPLETE
9697,9697,17654.5,2023-11-15 13:12:27.511374,2023-11-15 13:12:28.394443,0 days 00:00:00.883069,0.8,10,3.0,0.9,20,65,COMPLETE
9698,9698,18490.0,2023-11-15 13:12:28.397388,2023-11-15 13:12:29.288542,0 days 00:00:00.891154,0.7000000000000001,10,3.0,0.9,16,72,COMPLETE
9699,9699,17369.25,2023-11-15 13:12:29.291956,2023-11-15 13:12:30.203285,0 days 00:00:00.911329,0.8,10,3.0,0.9,26,79,COMPLETE
9700,9700,17190.25,2023-11-15 13:12:30.206111,2023-11-15 13:12:31.112819,0 days 00:00:00.906708,0.8,10,2.75,0.4,18,68,COMPLETE
9701,9701,16726.25,2023-11-15 13:12:31.115802,2023-11-15 13:12:32.078766,0 days 00:00:00.962964,0.8,10,3.0,0.9,22,61,COMPLETE
9702,9702,17275.25,2023-11-15 13:12:32.082557,2023-11-15 13:12:33.082017,0 days 00:00:00.999460,0.8,20,3.0,0.9,20,72,COMPLETE
9703,9703,18587.75,2023-11-15 13:12:33.085240,2023-11-15 13:12:34.035979,0 days 00:00:00.950739,0.8,10,3.0,0.9,70,75,COMPLETE
9704,9704,17115.5,2023-11-15 13:12:34.038997,2023-11-15 13:12:34.949953,0 days 00:00:00.910956,0.8,10,3.0,0.9,12,69,COMPLETE
9705,9705,16719.5,2023-11-15 13:12:34.952795,2023-11-15 13:12:35.846453,0 days 00:00:00.893658,0.8,10,2.75,0.9,15,66,COMPLETE
9706,9706,17369.5,2023-11-15 13:12:35.849464,2023-11-15 13:12:36.754702,0 days 00:00:00.905238,0.8,10,2.75,0.9,24,73,COMPLETE
9707,9707,18014.75,2023-11-15 13:12:36.757605,2023-11-15 13:12:37.668959,0 days 00:00:00.911354,0.9,10,3.0,0.8,18,70,COMPLETE
9708,9708,17550.5,2023-11-15 13:12:37.671758,2023-11-15 13:12:38.572011,0 days 00:00:00.900253,0.7000000000000001,10,3.0,0.9,21,82,COMPLETE
9709,9709,18121.5,2023-11-15 13:12:38.575255,2023-11-15 13:12:39.484671,0 days 00:00:00.909416,0.8,10,3.0,0.9,27,77,COMPLETE
9710,9710,16928.25,2023-11-15 13:12:39.487898,2023-11-15 13:12:40.397640,0 days 00:00:00.909742,0.8,10,2.5,0.9,17,64,COMPLETE
9711,9711,17188.25,2023-11-15 13:12:40.401733,2023-11-15 13:12:41.321036,0 days 00:00:00.919303,0.8,20,3.0,0.9,14,74,COMPLETE
9712,9712,17019.5,2023-11-15 13:12:41.326032,2023-11-15 13:12:42.224301,0 days 00:00:00.898269,0.8,10,3.0,0.30000000000000004,23,68,COMPLETE
9713,9713,15407.0,2023-11-15 13:12:42.228323,2023-11-15 13:12:43.138963,0 days 00:00:00.910640,0.8,50,2.0,0.9,19,72,COMPLETE
9714,9714,17825.5,2023-11-15 13:12:43.142004,2023-11-15 13:12:44.033532,0 days 00:00:00.891528,0.8,10,2.75,0.9,21,70,COMPLETE
9715,9715,16633.0,2023-11-15 13:12:44.036468,2023-11-15 13:12:44.960102,0 days 00:00:00.923634,0.9,10,3.0,0.9,10,66,COMPLETE
9716,9716,18682.0,2023-11-15 13:12:44.963553,2023-11-15 13:12:45.850830,0 days 00:00:00.887277,0.8,10,3.0,0.9,16,75,COMPLETE
9717,9717,16711.25,2023-11-15 13:12:45.853585,2023-11-15 13:12:46.900630,0 days 00:00:01.047045,0.8,10,3.0,0.9,19,62,COMPLETE
9718,9718,17552.0,2023-11-15 13:12:46.903888,2023-11-15 13:12:48.251326,0 days 00:00:01.347438,0.8,10,2.75,0.9,25,79,COMPLETE
9719,9719,19260.75,2023-11-15 13:12:48.254170,2023-11-15 13:12:49.190645,0 days 00:00:00.936475,0.8,10,3.0,0.9,22,71,COMPLETE
9720,9720,17468.25,2023-11-15 13:12:49.194442,2023-11-15 13:12:50.062387,0 days 00:00:00.867945,0.5,10,3.0,0.9,15,67,COMPLETE
9721,9721,16916.25,2023-11-15 13:12:50.065333,2023-11-15 13:12:50.957189,0 days 00:00:00.891856,0.8,20,2.5,0.8,20,75,COMPLETE
9722,9722,19260.75,2023-11-15 13:12:50.961181,2023-11-15 13:12:51.880584,0 days 00:00:00.919403,0.8,10,2.75,0.9,18,71,COMPLETE
9723,9723,17115.5,2023-11-15 13:12:51.883533,2023-11-15 13:12:52.776800,0 days 00:00:00.893267,0.8,10,3.0,0.9,23,69,COMPLETE
9724,9724,17175.5,2023-11-15 13:12:52.779976,2023-11-15 13:12:53.654783,0 days 00:00:00.874807,0.8,10,3.0,0.9,17,58,COMPLETE
9725,9725,14653.0,2023-11-15 13:12:53.657888,2023-11-15 13:12:54.564198,0 days 00:00:00.906310,0.7000000000000001,60,3.0,0.9,12,77,COMPLETE
9726,9726,17369.5,2023-11-15 13:12:54.567418,2023-11-15 13:12:55.488227,0 days 00:00:00.920809,0.8,10,3.0,0.9,29,73,COMPLETE
9727,9727,16719.5,2023-11-15 13:12:55.491213,2023-11-15 13:12:56.386148,0 days 00:00:00.894935,0.8,10,2.75,0.9,21,66,COMPLETE
9728,9728,17115.5,2023-11-15 13:12:56.389043,2023-11-15 13:12:57.268308,0 days 00:00:00.879265,0.8,10,3.0,0.9,14,69,COMPLETE
9729,9729,17369.5,2023-11-15 13:12:57.271079,2023-11-15 13:12:58.147832,0 days 00:00:00.876753,0.8,10,3.0,0.9,24,73,COMPLETE
9730,9730,17832.5,2023-11-15 13:12:58.150853,2023-11-15 13:12:59.069761,0 days 00:00:00.918908,0.9,10,2.75,0.8,19,79,COMPLETE
9731,9731,2370.25,2023-11-15 13:12:59.072526,2023-11-15 13:12:59.974212,0 days 00:00:00.901686,0.8,10,3.0,0.9,16,10,COMPLETE
9732,9732,15630.5,2023-11-15 13:12:59.978016,2023-11-15 13:13:00.895480,0 days 00:00:00.917464,0.8,20,3.0,0.9,21,63,COMPLETE
9733,9733,18682.0,2023-11-15 13:13:00.898320,2023-11-15 13:13:01.981364,0 days 00:00:01.083044,0.8,10,3.0,0.9,27,75,COMPLETE
9734,9734,18973.5,2023-11-15 13:13:01.984506,2023-11-15 13:13:03.000396,0 days 00:00:01.015890,0.7000000000000001,10,3.0,0.9,17,71,COMPLETE
9735,9735,17917.0,2023-11-15 13:13:03.004224,2023-11-15 13:13:03.903073,0 days 00:00:00.898849,0.8,10,2.25,0.9,23,67,COMPLETE
9736,9736,17017.0,2023-11-15 13:13:03.905951,2023-11-15 13:13:04.799063,0 days 00:00:00.893112,0.30000000000000004,10,2.75,0.9,19,70,COMPLETE
9737,9737,18682.0,2023-11-15 13:13:04.802037,2023-11-15 13:13:05.692990,0 days 00:00:00.890953,0.8,10,3.0,0.9,14,75,COMPLETE
9738,9738,17936.0,2023-11-15 13:13:05.696119,2023-11-15 13:13:06.603076,0 days 00:00:00.906957,0.8,10,3.0,0.7000000000000001,25,65,COMPLETE
9739,9739,17843.0,2023-11-15 13:13:06.606419,2023-11-15 13:13:07.496915,0 days 00:00:00.890496,0.8,10,2.5,0.5,21,72,COMPLETE
9740,9740,16642.0,2023-11-15 13:13:07.499942,2023-11-15 13:13:08.387465,0 days 00:00:00.887523,0.4,20,2.75,0.9,18,82,COMPLETE
9741,9741,17017.0,2023-11-15 13:13:08.390851,2023-11-15 13:13:09.296411,0 days 00:00:00.905560,0.8,10,3.0,0.9,94,68,COMPLETE
9742,9742,13737.25,2023-11-15 13:13:09.299526,2023-11-15 13:13:10.245010,0 days 00:00:00.945484,0.8,80,3.0,0.9,16,76,COMPLETE
9743,9743,18122.5,2023-11-15 13:13:10.248284,2023-11-15 13:13:11.133519,0 days 00:00:00.885235,0.8,10,3.0,0.9,20,72,COMPLETE
9744,9744,17115.5,2023-11-15 13:13:11.136755,2023-11-15 13:13:12.040385,0 days 00:00:00.903630,0.8,10,3.0,0.9,23,69,COMPLETE
9745,9745,17545.25,2023-11-15 13:13:12.044297,2023-11-15 13:13:12.963865,0 days 00:00:00.919568,0.8,10,2.75,0.9,32,78,COMPLETE
9746,9746,17014.0,2023-11-15 13:13:12.966857,2023-11-15 13:13:13.892072,0 days 00:00:00.925215,0.8,10,3.0,0.9,13,64,COMPLETE
9747,9747,17369.5,2023-11-15 13:13:13.895938,2023-11-15 13:13:14.785049,0 days 00:00:00.889111,0.8,10,3.0,0.9,17,73,COMPLETE
9748,9748,17642.25,2023-11-15 13:13:14.788236,2023-11-15 13:13:15.686463,0 days 00:00:00.898227,0.8,10,2.75,0.8,26,68,COMPLETE
