,number,value,datetime_start,datetime_complete,duration,params_alpha,params_decay_interval,params_decay_rate,params_gamma,params_initialization,params_max_steps,state
1367,1367,18014.5,2023-11-15 12:02:58.439763,2023-11-15 12:02:58.599625,0 days 00:00:00.159862,0.8,10,2.0,0.8,20,67,COMPLETE
1368,1368,17745.25,2023-11-15 12:02:58.600873,2023-11-15 12:02:58.764622,0 days 00:00:00.163749,0.8,10,2.0,0.9,24,77,COMPLETE
1369,1369,17921.25,2023-11-15 12:02:58.765773,2023-11-15 12:02:58.926584,0 days 00:00:00.160811,0.7000000000000001,10,2.0,0.8,26,70,COMPLETE
1370,1370,12705.5,2023-11-15 12:02:58.928187,2023-11-15 12:02:59.105722,0 days 00:00:00.177535,0.8,100,1.75,0.8,21,74,COMPLETE
1371,1371,16561.25,2023-11-15 12:02:59.106959,2023-11-15 12:02:59.278180,0 days 00:00:00.171221,0.8,20,1.75,0.8,21,72,COMPLETE
1372,1372,18118.0,2023-11-15 12:02:59.279471,2023-11-15 12:02:59.440635,0 days 00:00:00.161164,0.8,10,2.25,0.8,23,77,COMPLETE
1373,1373,18013.25,2023-11-15 12:02:59.441923,2023-11-15 12:02:59.603178,0 days 00:00:00.161255,0.8,10,1.5,0.8,20,67,COMPLETE
1374,1374,17740.25,2023-11-15 12:02:59.604445,2023-11-15 12:02:59.768768,0 days 00:00:00.164323,0.8,10,1.75,0.8,24,70,COMPLETE
1375,1375,17932.0,2023-11-15 12:02:59.769904,2023-11-15 12:02:59.933847,0 days 00:00:00.163943,0.7000000000000001,10,1.75,0.8,29,65,COMPLETE
1376,1376,18206.75,2023-11-15 12:02:59.935016,2023-11-15 12:03:00.100327,0 days 00:00:00.165311,0.8,10,2.0,0.7000000000000001,20,72,COMPLETE
1377,1377,17205.5,2023-11-15 12:03:00.101623,2023-11-15 12:03:00.268408,0 days 00:00:00.166785,0.8,10,1.75,0.8,26,69,COMPLETE
1378,1378,18776.75,2023-11-15 12:03:00.269546,2023-11-15 12:03:00.432224,0 days 00:00:00.162678,0.8,10,1.75,0.9,23,75,COMPLETE
1379,1379,17192.25,2023-11-15 12:03:00.433420,2023-11-15 12:03:00.597979,0 days 00:00:00.164559,0.8,10,2.0,0.8,20,60,COMPLETE
1380,1380,18013.25,2023-11-15 12:03:00.599402,2023-11-15 12:03:00.762781,0 days 00:00:00.163379,0.8,10,1.5,0.8,22,67,COMPLETE
1381,1381,17276.0,2023-11-15 12:03:00.763860,2023-11-15 12:03:00.940959,0 days 00:00:00.177099,0.8,20,1.75,0.8,20,80,COMPLETE
1382,1382,18220.0,2023-11-15 12:03:00.942327,2023-11-15 12:03:01.120634,0 days 00:00:00.178307,0.8,10,1.75,0.8,57,72,COMPLETE
1383,1383,18587.5,2023-11-15 12:03:01.121741,2023-11-15 12:03:01.283801,0 days 00:00:00.162060,0.8,10,2.0,0.8,25,75,COMPLETE
1384,1384,17744.5,2023-11-15 12:03:01.284879,2023-11-15 12:03:01.446769,0 days 00:00:00.161890,0.8,10,1.75,0.8,23,65,COMPLETE
1385,1385,18204.75,2023-11-15 12:03:01.447842,2023-11-15 12:03:01.610952,0 days 00:00:00.163110,0.8,10,1.75,0.7000000000000001,20,70,COMPLETE
1386,1386,17476.5,2023-11-15 12:03:01.612484,2023-11-15 12:03:01.781276,0 days 00:00:00.168792,0.8,10,1.75,0.8,27,77,COMPLETE
1387,1387,17203.0,2023-11-15 12:03:01.782360,2023-11-15 12:03:01.949046,0 days 00:00:00.166686,0.8,10,2.0,0.8,22,69,COMPLETE
1388,1388,17833.75,2023-11-15 12:03:01.950318,2023-11-15 12:03:02.115394,0 days 00:00:00.165076,0.8,10,2.25,0.8,20,74,COMPLETE
1389,1389,19165.25,2023-11-15 12:03:02.116617,2023-11-15 12:03:02.274939,0 days 00:00:00.158322,0.8,10,1.5,0.8,22,71,COMPLETE
1390,1390,18120.75,2023-11-15 12:03:02.276252,2023-11-15 12:03:02.439291,0 days 00:00:00.163039,0.8,20,1.5,0.8,25,71,COMPLETE
1391,1391,16615.0,2023-11-15 12:03:02.440586,2023-11-15 12:03:02.606846,0 days 00:00:00.166260,0.8,40,1.5,0.9,24,63,COMPLETE
1392,1392,17738.0,2023-11-15 12:03:02.608205,2023-11-15 12:03:02.775835,0 days 00:00:00.167630,0.8,10,1.5,0.8,28,79,COMPLETE
1393,1393,18496.75,2023-11-15 12:03:02.777193,2023-11-15 12:03:02.940379,0 days 00:00:00.163186,0.8,10,1.5,0.8,27,72,COMPLETE
1394,1394,16727.75,2023-11-15 12:03:02.941707,2023-11-15 12:03:03.108311,0 days 00:00:00.166604,0.8,10,1.5,0.7000000000000001,24,66,COMPLETE
1395,1395,17100.5,2023-11-15 12:03:03.109745,2023-11-15 12:03:03.278622,0 days 00:00:00.168877,0.7000000000000001,10,1.5,0.8,44,68,COMPLETE
1396,1396,18019.75,2023-11-15 12:03:03.279743,2023-11-15 12:03:03.445973,0 days 00:00:00.166230,0.8,10,1.5,0.8,33,74,COMPLETE
1397,1397,17641.5,2023-11-15 12:03:03.447336,2023-11-15 12:03:03.612266,0 days 00:00:00.164930,0.8,10,1.5,0.8,25,70,COMPLETE
1398,1398,18116.0,2023-11-15 12:03:03.613425,2023-11-15 12:03:03.777695,0 days 00:00:00.164270,0.8,10,1.5,0.8,65,83,COMPLETE
1399,1399,18605.75,2023-11-15 12:03:03.779200,2023-11-15 12:03:03.939850,0 days 00:00:00.160650,0.8,10,1.5,0.8,22,75,COMPLETE
1400,1400,16270.5,2023-11-15 12:03:03.941151,2023-11-15 12:03:04.113926,0 days 00:00:00.172775,0.8,20,1.5,0.8,23,66,COMPLETE
1401,1401,17546.5,2023-11-15 12:03:04.115099,2023-11-15 12:03:04.283162,0 days 00:00:00.168063,0.8,10,2.5,0.8,40,78,COMPLETE
1402,1402,16714.25,2023-11-15 12:03:04.284253,2023-11-15 12:03:04.450948,0 days 00:00:00.166695,0.8,10,2.25,0.8,31,62,COMPLETE
1403,1403,17931.25,2023-11-15 12:03:04.452132,2023-11-15 12:03:04.617508,0 days 00:00:00.165376,0.8,10,2.25,0.8,22,72,COMPLETE
1404,1404,18205.5,2023-11-15 12:03:04.618702,2023-11-15 12:03:04.780680,0 days 00:00:00.161978,0.8,10,2.0,0.8,21,70,COMPLETE
1405,1405,18019.75,2023-11-15 12:03:04.781837,2023-11-15 12:03:04.945431,0 days 00:00:00.163594,0.8,10,1.5,0.8,21,74,COMPLETE
1406,1406,12343.5,2023-11-15 12:03:04.946658,2023-11-15 12:03:05.131446,0 days 00:00:00.184788,0.8,60,1.75,0.7000000000000001,19,68,COMPLETE
1407,1407,16731.75,2023-11-15 12:03:05.132537,2023-11-15 12:03:05.300346,0 days 00:00:00.167809,0.8,10,2.0,0.9,27,66,COMPLETE
1408,1408,17934.75,2023-11-15 12:03:05.301564,2023-11-15 12:03:05.468973,0 days 00:00:00.167409,0.7000000000000001,10,1.75,0.8,23,77,COMPLETE
1409,1409,17462.25,2023-11-15 12:03:05.470248,2023-11-15 12:03:05.636876,0 days 00:00:00.166628,0.8,10,1.75,0.8,25,73,COMPLETE
1410,1410,17205.5,2023-11-15 12:03:05.638147,2023-11-15 12:03:05.803482,0 days 00:00:00.165335,0.8,10,1.75,0.8,29,69,COMPLETE
1411,1411,19165.25,2023-11-15 12:03:05.804663,2023-11-15 12:03:05.964822,0 days 00:00:00.160159,0.8,10,1.5,0.8,20,71,COMPLETE
1412,1412,19165.25,2023-11-15 12:03:05.966035,2023-11-15 12:03:06.130890,0 days 00:00:00.164855,0.8,10,1.5,0.8,22,71,COMPLETE
1413,1413,19165.25,2023-11-15 12:03:06.132049,2023-11-15 12:03:06.291364,0 days 00:00:00.159315,0.8,10,1.5,0.8,24,71,COMPLETE
1414,1414,18120.75,2023-11-15 12:03:06.292768,2023-11-15 12:03:06.455958,0 days 00:00:00.163190,0.8,20,1.5,0.8,26,71,COMPLETE
1415,1415,16575.0,2023-11-15 12:03:06.457198,2023-11-15 12:03:06.631551,0 days 00:00:00.174353,0.8,10,1.5,0.8,27,64,COMPLETE
1416,1416,19066.0,2023-11-15 12:03:06.632667,2023-11-15 12:03:06.793076,0 days 00:00:00.160409,0.8,10,1.5,0.9,26,75,COMPLETE
1417,1417,17926.25,2023-11-15 12:03:06.794627,2023-11-15 12:03:06.963509,0 days 00:00:00.168882,0.8,10,1.5,0.9,29,80,COMPLETE
1418,1418,17192.5,2023-11-15 12:03:06.964671,2023-11-15 12:03:07.151658,0 days 00:00:00.186987,0.8,10,1.5,0.9,28,76,COMPLETE
1419,1419,17454.25,2023-11-15 12:03:07.152959,2023-11-15 12:03:07.320873,0 days 00:00:00.167914,0.8,10,1.5,0.9,30,78,COMPLETE
1420,1420,17193.5,2023-11-15 12:03:07.322083,2023-11-15 12:03:07.495988,0 days 00:00:00.173905,0.8,10,1.5,0.9,26,74,COMPLETE
1421,1421,16381.5,2023-11-15 12:03:07.497299,2023-11-15 12:03:07.671874,0 days 00:00:00.174575,0.8,30,1.5,0.9,25,72,COMPLETE
1422,1422,17182.0,2023-11-15 12:03:07.673135,2023-11-15 12:03:07.841202,0 days 00:00:00.168067,0.7000000000000001,10,1.5,0.9,25,68,COMPLETE
1423,1423,16809.25,2023-11-15 12:03:07.842466,2023-11-15 12:03:08.013537,0 days 00:00:00.171071,0.8,20,1.5,0.9,27,85,COMPLETE
1424,1424,18403.25,2023-11-15 12:03:08.014969,2023-11-15 12:03:08.179729,0 days 00:00:00.164760,0.8,10,1.5,0.7000000000000001,26,75,COMPLETE
1425,1425,17209.0,2023-11-15 12:03:08.180886,2023-11-15 12:03:08.350051,0 days 00:00:00.169165,0.8,10,1.5,0.9,28,71,COMPLETE
1426,1426,17371.5,2023-11-15 12:03:08.351361,2023-11-15 12:03:08.521542,0 days 00:00:00.170181,0.8,10,1.5,0.9,24,79,COMPLETE
1427,1427,17559.25,2023-11-15 12:03:08.522793,2023-11-15 12:03:08.689506,0 days 00:00:00.166713,0.8,10,1.5,0.7000000000000001,31,68,COMPLETE
1428,1428,19066.0,2023-11-15 12:03:08.690733,2023-11-15 12:03:08.852492,0 days 00:00:00.161759,0.8,10,1.5,0.9,25,75,COMPLETE
1429,1429,16675.5,2023-11-15 12:03:08.853726,2023-11-15 12:03:09.029566,0 days 00:00:00.175840,0.8,20,1.5,0.9,29,82,COMPLETE
1430,1430,17568.75,2023-11-15 12:03:09.030760,2023-11-15 12:03:09.199646,0 days 00:00:00.168886,0.7000000000000001,10,1.5,0.9,26,77,COMPLETE
1431,1431,19066.0,2023-11-15 12:03:09.200968,2023-11-15 12:03:09.361936,0 days 00:00:00.160968,0.8,10,1.5,0.9,27,75,COMPLETE
1432,1432,17736.0,2023-11-15 12:03:09.363199,2023-11-15 12:03:09.531931,0 days 00:00:00.168732,0.8,10,1.5,0.9,30,82,COMPLETE
1433,1433,17192.5,2023-11-15 12:03:09.533036,2023-11-15 12:03:09.708165,0 days 00:00:00.175129,0.8,10,1.5,0.9,28,76,COMPLETE
1434,1434,17193.5,2023-11-15 12:03:09.709524,2023-11-15 12:03:09.886354,0 days 00:00:00.176830,0.8,10,1.5,0.9,28,74,COMPLETE
1435,1435,17392.0,2023-11-15 12:03:09.887646,2023-11-15 12:03:10.058937,0 days 00:00:00.171291,0.30000000000000004,10,1.5,0.9,27,79,COMPLETE
1436,1436,17457.75,2023-11-15 12:03:10.060395,2023-11-15 12:03:10.230321,0 days 00:00:00.169926,0.8,10,1.5,0.9,30,73,COMPLETE
1437,1437,17934.5,2023-11-15 12:03:10.231886,2023-11-15 12:03:10.399437,0 days 00:00:00.167551,0.8,10,1.5,0.9,25,77,COMPLETE
1438,1438,17209.0,2023-11-15 12:03:10.400869,2023-11-15 12:03:10.573421,0 days 00:00:00.172552,0.8,10,1.5,0.9,27,71,COMPLETE
1439,1439,17371.5,2023-11-15 12:03:10.574581,2023-11-15 12:03:10.748458,0 days 00:00:00.173877,0.8,10,1.5,0.9,32,79,COMPLETE
1440,1440,19066.0,2023-11-15 12:03:10.749595,2023-11-15 12:03:10.913153,0 days 00:00:00.163558,0.8,10,1.5,0.9,25,75,COMPLETE
1441,1441,17554.0,2023-11-15 12:03:10.914492,2023-11-15 12:03:11.085099,0 days 00:00:00.170607,0.8,10,1.5,0.9,26,81,COMPLETE
1442,1442,16990.25,2023-11-15 12:03:11.086266,2023-11-15 12:03:11.256173,0 days 00:00:00.169907,0.8,20,1.5,0.9,29,76,COMPLETE
1443,1443,19066.0,2023-11-15 12:03:11.257469,2023-11-15 12:03:11.424117,0 days 00:00:00.166648,0.8,10,1.5,0.9,25,75,COMPLETE
1444,1444,18301.0,2023-11-15 12:03:11.425244,2023-11-15 12:03:11.593395,0 days 00:00:00.168151,0.7000000000000001,10,1.5,0.9,26,85,COMPLETE
1445,1445,19066.0,2023-11-15 12:03:11.594964,2023-11-15 12:03:11.760575,0 days 00:00:00.165611,0.8,10,1.5,0.9,29,75,COMPLETE
1446,1446,17926.25,2023-11-15 12:03:11.762522,2023-11-15 12:03:11.930499,0 days 00:00:00.167977,0.8,10,1.5,0.9,28,80,COMPLETE
1447,1447,19066.0,2023-11-15 12:03:11.931744,2023-11-15 12:03:12.095470,0 days 00:00:00.163726,0.8,10,1.5,0.9,29,75,COMPLETE
1448,1448,17454.25,2023-11-15 12:03:12.096734,2023-11-15 12:03:12.270010,0 days 00:00:00.173276,0.8,10,1.5,0.9,31,78,COMPLETE
1449,1449,13954.75,2023-11-15 12:03:12.271150,2023-11-15 12:03:12.457880,0 days 00:00:00.186730,0.8,50,1.5,0.9,33,83,COMPLETE
1450,1450,17304.25,2023-11-15 12:03:12.459028,2023-11-15 12:03:12.631266,0 days 00:00:00.172238,0.4,10,1.5,0.9,31,76,COMPLETE
1451,1451,17186.25,2023-11-15 12:03:12.632732,2023-11-15 12:03:12.818684,0 days 00:00:00.185952,0.8,20,1.5,0.9,30,80,COMPLETE
1452,1452,19066.0,2023-11-15 12:03:12.819895,2023-11-15 12:03:12.981730,0 days 00:00:00.161835,0.8,10,1.5,0.9,34,75,COMPLETE
1453,1453,17192.5,2023-11-15 12:03:12.983048,2023-11-15 12:03:13.161123,0 days 00:00:00.178075,0.8,10,1.5,0.9,29,76,COMPLETE
1454,1454,17553.25,2023-11-15 12:03:13.162642,2023-11-15 12:03:13.339844,0 days 00:00:00.177202,0.8,10,1.5,0.9,32,84,COMPLETE
1455,1455,19066.0,2023-11-15 12:03:13.341163,2023-11-15 12:03:13.518407,0 days 00:00:00.177244,0.8,10,1.5,0.9,37,75,COMPLETE
1456,1456,17926.25,2023-11-15 12:03:13.519756,2023-11-15 12:03:13.689925,0 days 00:00:00.170169,0.8,10,1.5,0.9,36,80,COMPLETE
1457,1457,18590.0,2023-11-15 12:03:13.691140,2023-11-15 12:03:13.860124,0 days 00:00:00.168984,0.8,10,1.5,0.9,37,87,COMPLETE
1458,1458,17454.25,2023-11-15 12:03:13.861797,2023-11-15 12:03:14.035133,0 days 00:00:00.173336,0.8,10,1.5,0.9,35,78,COMPLETE
1459,1459,19066.0,2023-11-15 12:03:14.036276,2023-11-15 12:03:14.198978,0 days 00:00:00.162702,0.8,10,1.5,0.9,34,75,COMPLETE
1460,1460,16368.75,2023-11-15 12:03:14.200216,2023-11-15 12:03:14.384050,0 days 00:00:00.183834,0.8,30,1.5,0.9,36,81,COMPLETE
1461,1461,18509.25,2023-11-15 12:03:14.385205,2023-11-15 12:03:14.549895,0 days 00:00:00.164690,0.7000000000000001,10,1.5,0.9,38,75,COMPLETE
1462,1462,17454.25,2023-11-15 12:03:14.551290,2023-11-15 12:03:14.722563,0 days 00:00:00.171273,0.8,10,1.5,0.9,34,78,COMPLETE
1463,1463,19066.0,2023-11-15 12:03:14.723719,2023-11-15 12:03:14.886109,0 days 00:00:00.162390,0.8,10,1.5,0.9,35,75,COMPLETE
1464,1464,16675.5,2023-11-15 12:03:14.887381,2023-11-15 12:03:15.067736,0 days 00:00:00.180355,0.8,20,1.5,0.9,34,82,COMPLETE
1465,1465,19066.0,2023-11-15 12:03:15.069038,2023-11-15 12:03:15.232494,0 days 00:00:00.163456,0.8,10,1.5,0.9,35,75,COMPLETE
1466,1466,17454.25,2023-11-15 12:03:15.233747,2023-11-15 12:03:15.406177,0 days 00:00:00.172430,0.8,10,1.5,0.9,37,78,COMPLETE
1467,1467,19066.0,2023-11-15 12:03:15.407724,2023-11-15 12:03:15.570155,0 days 00:00:00.162431,0.8,10,1.5,0.9,38,75,COMPLETE
1468,1468,17554.75,2023-11-15 12:03:15.571313,2023-11-15 12:03:15.744909,0 days 00:00:00.173596,0.8,10,1.5,0.9,38,81,COMPLETE
1469,1469,17553.25,2023-11-15 12:03:15.746171,2023-11-15 12:03:15.923369,0 days 00:00:00.177198,0.8,10,1.5,0.9,39,84,COMPLETE
1470,1470,15330.0,2023-11-15 12:03:15.924602,2023-11-15 12:03:16.110367,0 days 00:00:00.185765,0.8,40,1.5,0.9,36,76,COMPLETE
1471,1471,17371.5,2023-11-15 12:03:16.111899,2023-11-15 12:03:16.288116,0 days 00:00:00.176217,0.8,10,1.5,0.9,35,79,COMPLETE
1472,1472,19066.0,2023-11-15 12:03:16.289302,2023-11-15 12:03:16.452710,0 days 00:00:00.163408,0.8,10,1.5,0.9,35,75,COMPLETE
1473,1473,18503.5,2023-11-15 12:03:16.453942,2023-11-15 12:03:16.619062,0 days 00:00:00.165120,0.7000000000000001,10,1.5,0.9,41,76,COMPLETE
1474,1474,17736.0,2023-11-15 12:03:16.620252,2023-11-15 12:03:16.791051,0 days 00:00:00.170799,0.8,10,1.5,0.9,35,82,COMPLETE
1475,1475,17371.5,2023-11-15 12:03:16.792332,2023-11-15 12:03:16.966399,0 days 00:00:00.174067,0.8,10,1.5,0.9,40,79,COMPLETE
1476,1476,17008.25,2023-11-15 12:03:16.967910,2023-11-15 12:03:17.154052,0 days 00:00:00.186142,0.8,20,1.5,0.9,34,75,COMPLETE
1477,1477,17934.5,2023-11-15 12:03:17.155272,2023-11-15 12:03:17.325407,0 days 00:00:00.170135,0.8,10,1.5,0.9,38,77,COMPLETE
1478,1478,17193.5,2023-11-15 12:03:17.326767,2023-11-15 12:03:17.506392,0 days 00:00:00.179625,0.8,10,1.5,0.9,34,74,COMPLETE
1479,1479,18590.0,2023-11-15 12:03:17.507545,2023-11-15 12:03:17.675224,0 days 00:00:00.167679,0.8,10,1.5,0.9,37,87,COMPLETE
1480,1480,17371.5,2023-11-15 12:03:17.676617,2023-11-15 12:03:17.851538,0 days 00:00:00.174921,0.8,10,1.5,0.9,34,79,COMPLETE
1481,1481,18509.25,2023-11-15 12:03:17.852912,2023-11-15 12:03:18.019959,0 days 00:00:00.167047,0.7000000000000001,10,1.5,0.9,43,75,COMPLETE
1482,1482,19066.0,2023-11-15 12:03:18.021171,2023-11-15 12:03:18.187468,0 days 00:00:00.166297,0.8,10,1.5,0.9,36,75,COMPLETE
1483,1483,17736.0,2023-11-15 12:03:18.188560,2023-11-15 12:03:18.361981,0 days 00:00:00.173421,0.8,10,1.5,0.9,39,82,COMPLETE
1484,1484,17454.25,2023-11-15 12:03:18.363379,2023-11-15 12:03:18.537531,0 days 00:00:00.174152,0.8,10,1.5,0.9,34,78,COMPLETE
1485,1485,17097.5,2023-11-15 12:03:18.538640,2023-11-15 12:03:18.721702,0 days 00:00:00.183062,0.8,20,1.5,0.9,36,75,COMPLETE
1486,1486,17377.25,2023-11-15 12:03:18.722848,2023-11-15 12:03:18.898733,0 days 00:00:00.175885,0.5,10,1.5,0.9,37,84,COMPLETE
1487,1487,17371.5,2023-11-15 12:03:18.899964,2023-11-15 12:03:19.075726,0 days 00:00:00.175762,0.8,10,1.5,0.9,41,79,COMPLETE
1488,1488,19066.0,2023-11-15 12:03:19.077435,2023-11-15 12:03:19.240182,0 days 00:00:00.162747,0.8,10,1.5,0.9,33,75,COMPLETE
1489,1489,17554.5,2023-11-15 12:03:19.241414,2023-11-15 12:03:19.416916,0 days 00:00:00.175502,0.8,10,1.5,0.9,33,81,COMPLETE
1490,1490,17934.5,2023-11-15 12:03:19.418360,2023-11-15 12:03:19.590339,0 days 00:00:00.171979,0.8,10,1.5,0.9,32,77,COMPLETE
1491,1491,19066.0,2023-11-15 12:03:19.591479,2023-11-15 12:03:19.755482,0 days 00:00:00.164003,0.8,10,1.5,0.9,33,75,COMPLETE
1492,1492,19066.0,2023-11-15 12:03:19.756743,2023-11-15 12:03:19.923427,0 days 00:00:00.166684,0.8,10,1.5,0.9,33,75,COMPLETE
1493,1493,13301.0,2023-11-15 12:03:19.924572,2023-11-15 12:03:20.129851,0 days 00:00:00.205279,0.7000000000000001,70,1.5,0.9,37,80,COMPLETE
1494,1494,17454.25,2023-11-15 12:03:20.130993,2023-11-15 12:03:20.306621,0 days 00:00:00.175628,0.8,10,1.5,0.9,34,78,COMPLETE
1495,1495,17189.25,2023-11-15 12:03:20.307724,2023-11-15 12:03:20.507493,0 days 00:00:00.199769,0.8,20,1.5,0.9,39,74,COMPLETE
1496,1496,11201.0,2023-11-15 12:03:20.508656,2023-11-15 12:03:20.722139,0 days 00:00:00.213483,0.8,90,1.5,0.9,35,83,COMPLETE
1497,1497,17934.5,2023-11-15 12:03:20.723307,2023-11-15 12:03:20.897325,0 days 00:00:00.174018,0.8,10,1.5,0.9,35,77,COMPLETE
1498,1498,17193.5,2023-11-15 12:03:20.898440,2023-11-15 12:03:21.080655,0 days 00:00:00.182215,0.8,10,1.5,0.9,37,74,COMPLETE
1499,1499,13794.25,2023-11-15 12:03:21.081767,2023-11-15 12:03:21.285300,0 days 00:00:00.203533,0.1,10,1.5,0.9,36,80,COMPLETE
1500,1500,17828.5,2023-11-15 12:03:21.286598,2023-11-15 12:03:21.461077,0 days 00:00:00.174479,0.6,10,1.5,0.9,32,74,COMPLETE
1501,1501,17934.5,2023-11-15 12:03:21.462556,2023-11-15 12:03:21.639789,0 days 00:00:00.177233,0.8,10,1.5,0.9,32,77,COMPLETE
1502,1502,17105.25,2023-11-15 12:03:21.640941,2023-11-15 12:03:21.823370,0 days 00:00:00.182429,0.8,10,1.5,0.9,39,74,COMPLETE
1503,1503,17553.25,2023-11-15 12:03:21.824622,2023-11-15 12:03:22.006089,0 days 00:00:00.181467,0.8,10,1.5,0.9,36,84,COMPLETE
1504,1504,17934.5,2023-11-15 12:03:22.007480,2023-11-15 12:03:22.182009,0 days 00:00:00.174529,0.8,10,1.5,0.9,34,77,COMPLETE
1505,1505,17105.25,2023-11-15 12:03:22.183352,2023-11-15 12:03:22.367343,0 days 00:00:00.183991,0.8,10,1.5,0.9,32,74,COMPLETE
1506,1506,17186.25,2023-11-15 12:03:22.368571,2023-11-15 12:03:22.559746,0 days 00:00:00.191175,0.8,20,1.5,0.9,40,80,COMPLETE
1507,1507,17934.5,2023-11-15 12:03:22.561369,2023-11-15 12:03:22.734985,0 days 00:00:00.173616,0.8,10,1.5,0.9,36,77,COMPLETE
1508,1508,17193.5,2023-11-15 12:03:22.736100,2023-11-15 12:03:22.918371,0 days 00:00:00.182271,0.8,10,1.5,0.9,33,74,COMPLETE
1509,1509,17554.75,2023-11-15 12:03:22.919815,2023-11-15 12:03:23.096440,0 days 00:00:00.176625,0.8,10,1.5,0.9,38,81,COMPLETE
1510,1510,17193.5,2023-11-15 12:03:23.097655,2023-11-15 12:03:23.281045,0 days 00:00:00.183390,0.8,10,1.5,0.9,31,74,COMPLETE
1511,1511,17568.75,2023-11-15 12:03:23.282189,2023-11-15 12:03:23.458459,0 days 00:00:00.176270,0.7000000000000001,10,1.5,0.9,32,77,COMPLETE
1512,1512,17193.5,2023-11-15 12:03:23.459851,2023-11-15 12:03:23.642966,0 days 00:00:00.183115,0.8,10,1.5,0.9,35,74,COMPLETE
1513,1513,18395.0,2023-11-15 12:03:23.644943,2023-11-15 12:03:23.816114,0 days 00:00:00.171171,0.8,20,1.5,0.9,37,87,COMPLETE
1514,1514,17934.5,2023-11-15 12:03:23.817274,2023-11-15 12:03:23.991680,0 days 00:00:00.174406,0.8,10,1.5,0.9,31,77,COMPLETE
1515,1515,17554.75,2023-11-15 12:03:23.993086,2023-11-15 12:03:24.170947,0 days 00:00:00.177861,0.8,10,1.5,0.9,35,81,COMPLETE
1516,1516,17737.75,2023-11-15 12:03:24.172103,2023-11-15 12:03:24.344672,0 days 00:00:00.172569,0.8,10,1.5,0.9,32,73,COMPLETE
1517,1517,17371.5,2023-11-15 12:03:24.346133,2023-11-15 12:03:24.522620,0 days 00:00:00.176487,0.8,10,1.5,0.9,43,79,COMPLETE
1518,1518,17366.0,2023-11-15 12:03:24.523879,2023-11-15 12:03:24.699410,0 days 00:00:00.175531,0.8,10,1.5,0.9,40,73,COMPLETE
1519,1519,17934.5,2023-11-15 12:03:24.700643,2023-11-15 12:03:24.874089,0 days 00:00:00.173446,0.8,10,1.5,0.9,34,77,COMPLETE
1520,1520,17459.75,2023-11-15 12:03:24.875412,2023-11-15 12:03:25.049767,0 days 00:00:00.174355,0.8,10,1.5,0.9,38,73,COMPLETE
1521,1521,17736.0,2023-11-15 12:03:25.050981,2023-11-15 12:03:25.224173,0 days 00:00:00.173192,0.8,10,1.5,0.9,31,82,COMPLETE
1522,1522,13676.5,2023-11-15 12:03:25.225527,2023-11-15 12:03:25.412766,0 days 00:00:00.187239,0.7000000000000001,80,1.5,0.9,34,76,COMPLETE
1523,1523,17457.75,2023-11-15 12:03:25.414179,2023-11-15 12:03:25.588979,0 days 00:00:00.174800,0.8,10,1.5,0.9,41,73,COMPLETE
1524,1524,17371.5,2023-11-15 12:03:25.590216,2023-11-15 12:03:25.767303,0 days 00:00:00.177087,0.8,10,1.5,0.9,33,79,COMPLETE
1525,1525,16990.25,2023-11-15 12:03:25.768411,2023-11-15 12:03:25.942541,0 days 00:00:00.174130,0.8,20,1.5,0.9,36,76,COMPLETE
1526,1526,17457.75,2023-11-15 12:03:25.943968,2023-11-15 12:03:26.118400,0 days 00:00:00.174432,0.8,10,1.5,0.9,30,73,COMPLETE
1527,1527,17188.0,2023-11-15 12:03:26.119800,2023-11-15 12:03:26.302157,0 days 00:00:00.182357,0.8,10,1.5,0.9,30,84,COMPLETE
1528,1528,17371.5,2023-11-15 12:03:26.303332,2023-11-15 12:03:26.481692,0 days 00:00:00.178360,0.8,10,1.5,0.9,37,79,COMPLETE
1529,1529,19066.0,2023-11-15 12:03:26.483181,2023-11-15 12:03:26.650696,0 days 00:00:00.167515,0.8,10,1.5,0.9,36,75,COMPLETE
1530,1530,18029.25,2023-11-15 12:03:26.651985,2023-11-15 12:03:26.825192,0 days 00:00:00.173207,0.8,10,1.5,0.9,33,72,COMPLETE
1531,1531,17934.5,2023-11-15 12:03:26.826460,2023-11-15 12:03:27.030032,0 days 00:00:00.203572,0.8,10,1.5,0.9,31,77,COMPLETE
1532,1532,17737.75,2023-11-15 12:03:27.031392,2023-11-15 12:03:27.205980,0 days 00:00:00.174588,0.8,10,1.5,0.9,39,73,COMPLETE
1533,1533,17381.25,2023-11-15 12:03:27.207236,2023-11-15 12:03:27.381580,0 days 00:00:00.174344,0.8,10,1.5,0.9,36,69,COMPLETE
1534,1534,17840.0,2023-11-15 12:03:27.382740,2023-11-15 12:03:27.556658,0 days 00:00:00.173918,0.7000000000000001,10,1.5,0.9,33,80,COMPLETE
1535,1535,17192.5,2023-11-15 12:03:27.557925,2023-11-15 12:03:27.741712,0 days 00:00:00.183787,0.8,10,1.5,0.9,38,76,COMPLETE
1536,1536,17381.25,2023-11-15 12:03:27.743038,2023-11-15 12:03:27.916677,0 days 00:00:00.173639,0.8,10,1.5,0.9,30,69,COMPLETE
1537,1537,16637.5,2023-11-15 12:03:27.918070,2023-11-15 12:03:28.104844,0 days 00:00:00.186774,0.8,20,1.5,0.9,32,73,COMPLETE
