,number,value,datetime_start,datetime_complete,duration,params_alpha,params_decay_interval,params_decay_rate,params_gamma,params_initialization,params_max_steps,state
339,339,18316.0,2023-11-15 12:00:29.847634,2023-11-15 12:00:29.941914,0 days 00:00:00.094280,0.9,10,1.0,0.2,12,141,COMPLETE
340,340,18399.25,2023-11-15 12:00:29.942948,2023-11-15 12:00:30.040088,0 days 00:00:00.097140,0.9,10,0.75,0.30000000000000004,4,147,COMPLETE
341,341,18114.5,2023-11-15 12:00:30.041175,2023-11-15 12:00:30.139566,0 days 00:00:00.098391,0.9,10,0.75,0.2,7,144,COMPLETE
342,342,199.75,2023-11-15 12:00:30.140651,2023-11-15 12:00:30.562055,0 days 00:00:00.421404,0.9,10,1.0,0.6,0,150,COMPLETE
343,343,18490.5,2023-11-15 12:00:30.563007,2023-11-15 12:00:30.657282,0 days 00:00:00.094275,0.9,10,3.0,0.2,10,147,COMPLETE
344,344,17117.0,2023-11-15 12:00:30.658145,2023-11-15 12:00:30.757977,0 days 00:00:00.099832,0.8,30,0.75,0.2,8,139,COMPLETE
345,345,18304.5,2023-11-15 12:00:30.758846,2023-11-15 12:00:30.855757,0 days 00:00:00.096911,0.9,10,1.0,0.2,5,142,COMPLETE
346,346,18504.0,2023-11-15 12:00:30.856828,2023-11-15 12:00:30.954421,0 days 00:00:00.097593,0.9,10,0.75,0.2,12,145,COMPLETE
347,347,18310.25,2023-11-15 12:00:30.955376,2023-11-15 12:00:31.054645,0 days 00:00:00.099269,0.9,10,0.5,0.2,2,150,COMPLETE
348,348,18022.5,2023-11-15 12:00:31.055663,2023-11-15 12:00:31.154542,0 days 00:00:00.098879,0.9,20,0.75,0.4,7,147,COMPLETE
349,349,5500.0,2023-11-15 12:00:31.155569,2023-11-15 12:00:31.239427,0 days 00:00:00.083858,0.9,10,0.75,0.30000000000000004,9,12,COMPLETE
350,350,18398.75,2023-11-15 12:00:31.240548,2023-11-15 12:00:31.337173,0 days 00:00:00.096625,0.9,10,1.0,0.2,4,143,COMPLETE
351,351,18207.5,2023-11-15 12:00:31.338115,2023-11-15 12:00:31.436961,0 days 00:00:00.098846,0.9,10,0.75,0.2,6,147,COMPLETE
352,352,18492.25,2023-11-15 12:00:31.438064,2023-11-15 12:00:31.534930,0 days 00:00:00.096866,0.9,10,1.0,0.2,10,150,COMPLETE
353,353,18302.75,2023-11-15 12:00:31.535897,2023-11-15 12:00:31.637334,0 days 00:00:00.101437,0.9,10,1.0,0.1,8,144,COMPLETE
354,354,18295.0,2023-11-15 12:00:31.638280,2023-11-15 12:00:31.735264,0 days 00:00:00.096984,0.9,10,0.75,0.2,12,137,COMPLETE
355,355,16937.5,2023-11-15 12:00:31.736188,2023-11-15 12:00:31.843517,0 days 00:00:00.107329,0.8,40,0.5,0.2,4,147,COMPLETE
356,356,18586.75,2023-11-15 12:00:31.844968,2023-11-15 12:00:31.941016,0 days 00:00:00.096048,0.9,10,0.75,0.2,6,141,COMPLETE
357,357,18604.75,2023-11-15 12:00:31.942084,2023-11-15 12:00:32.039088,0 days 00:00:00.097004,0.9,10,0.75,0.30000000000000004,2,145,COMPLETE
358,358,18492.25,2023-11-15 12:00:32.040137,2023-11-15 12:00:32.139137,0 days 00:00:00.099000,0.9,10,1.0,0.2,10,150,COMPLETE
359,359,18064.0,2023-11-15 12:00:32.140023,2023-11-15 12:00:32.238789,0 days 00:00:00.098766,0.9,20,0.75,0.2,7,147,COMPLETE
360,360,16399.25,2023-11-15 12:00:32.239676,2023-11-15 12:00:32.334042,0 days 00:00:00.094366,0.9,10,1.0,0.2,9,63,COMPLETE
361,361,18318.0,2023-11-15 12:00:32.334959,2023-11-15 12:00:32.433037,0 days 00:00:00.098078,0.8,10,0.75,0.2,4,141,COMPLETE
362,362,18593.0,2023-11-15 12:00:32.433966,2023-11-15 12:00:32.532511,0 days 00:00:00.098545,0.9,10,0.5,0.4,6,145,COMPLETE
363,363,18707.25,2023-11-15 12:00:32.533701,2023-11-15 12:00:32.628499,0 days 00:00:00.094798,0.9,10,0.75,0.2,12,148,COMPLETE
364,364,18471.0,2023-11-15 12:00:32.629501,2023-11-15 12:00:32.728400,0 days 00:00:00.098899,0.9,10,0.75,0.2,12,150,COMPLETE
365,365,17494.5,2023-11-15 12:00:32.729504,2023-11-15 12:00:32.847270,0 days 00:00:00.117766,0.9,10,0.25,0.2,12,143,COMPLETE
366,366,18006.0,2023-11-15 12:00:32.848267,2023-11-15 12:00:32.955572,0 days 00:00:00.107305,0.9,20,1.0,0.1,10,147,COMPLETE
367,367,18131.75,2023-11-15 12:00:32.956777,2023-11-15 12:00:33.055310,0 days 00:00:00.098533,0.9,10,0.75,0.30000000000000004,8,139,COMPLETE
368,368,18689.0,2023-11-15 12:00:33.056172,2023-11-15 12:00:33.153195,0 days 00:00:00.097023,0.9,10,0.75,0.2,10,145,COMPLETE
369,369,18335.75,2023-11-15 12:00:33.154384,2023-11-15 12:00:33.253363,0 days 00:00:00.098979,0.8,10,1.0,0.2,8,150,COMPLETE
370,370,18308.0,2023-11-15 12:00:33.254467,2023-11-15 12:00:33.353328,0 days 00:00:00.098861,0.9,10,0.75,0.2,13,143,COMPLETE
371,371,16386.0,2023-11-15 12:00:33.354273,2023-11-15 12:00:33.480870,0 days 00:00:00.126597,0.1,10,1.0,0.6,1,135,COMPLETE
372,372,18207.5,2023-11-15 12:00:33.481848,2023-11-15 12:00:33.582119,0 days 00:00:00.100271,0.9,10,0.75,0.2,6,147,COMPLETE
373,373,18300.0,2023-11-15 12:00:33.582996,2023-11-15 12:00:33.685283,0 days 00:00:00.102287,0.9,10,0.75,0.2,48,147,COMPLETE
374,374,18045.5,2023-11-15 12:00:33.686366,2023-11-15 12:00:33.790696,0 days 00:00:00.104330,0.9,10,0.5,0.5,10,141,COMPLETE
375,375,18682.25,2023-11-15 12:00:33.791555,2023-11-15 12:00:33.888644,0 days 00:00:00.097089,0.9,10,0.75,0.2,3,150,COMPLETE
376,376,18302.75,2023-11-15 12:00:33.889575,2023-11-15 12:00:33.987185,0 days 00:00:00.097610,0.9,10,1.0,0.1,8,144,COMPLETE
377,377,17708.0,2023-11-15 12:00:33.988065,2023-11-15 12:00:34.093697,0 days 00:00:00.105632,0.8,20,0.75,0.2,99,147,COMPLETE
378,378,13569.5,2023-11-15 12:00:34.095010,2023-11-15 12:00:34.231246,0 days 00:00:00.136236,0.9,100,1.0,0.2,12,145,COMPLETE
379,379,14659.0,2023-11-15 12:00:34.232196,2023-11-15 12:00:34.357489,0 days 00:00:00.125293,0.9,70,0.75,0.2,6,150,COMPLETE
380,380,18406.75,2023-11-15 12:00:34.358620,2023-11-15 12:00:34.465419,0 days 00:00:00.106799,0.9,10,1.0,0.2,8,140,COMPLETE
381,381,18309.25,2023-11-15 12:00:34.466282,2023-11-15 12:00:34.566576,0 days 00:00:00.100294,0.9,10,0.75,0.30000000000000004,4,144,COMPLETE
382,382,18612.75,2023-11-15 12:00:34.567504,2023-11-15 12:00:34.663729,0 days 00:00:00.096225,0.9,10,0.75,0.2,10,148,COMPLETE
383,383,18123.25,2023-11-15 12:00:34.664720,2023-11-15 12:00:34.763867,0 days 00:00:00.099147,0.9,10,1.0,0.2,70,142,COMPLETE
384,384,199.75,2023-11-15 12:00:34.764897,2023-11-15 12:00:35.190338,0 days 00:00:00.425441,0.5,10,0.5,0.2,0,147,COMPLETE
385,385,18500.75,2023-11-15 12:00:35.191435,2023-11-15 12:00:35.291456,0 days 00:00:00.100021,0.9,10,0.75,0.2,6,150,COMPLETE
386,386,18780.5,2023-11-15 12:00:35.292482,2023-11-15 12:00:35.388518,0 days 00:00:00.096036,0.9,10,1.0,0.1,3,145,COMPLETE
387,387,17540.0,2023-11-15 12:00:35.389777,2023-11-15 12:00:35.490489,0 days 00:00:00.100712,0.9,20,1.0,0.1,8,137,COMPLETE
388,388,18224.25,2023-11-15 12:00:35.491375,2023-11-15 12:00:35.595359,0 days 00:00:00.103984,0.9,10,1.0,0.1,74,143,COMPLETE
389,389,18222.75,2023-11-15 12:00:35.596401,2023-11-15 12:00:35.695969,0 days 00:00:00.099568,0.8,10,1.0,0.1,11,139,COMPLETE
390,390,18780.5,2023-11-15 12:00:35.697028,2023-11-15 12:00:35.795641,0 days 00:00:00.098613,0.9,10,1.0,0.1,5,145,COMPLETE
391,391,18313.5,2023-11-15 12:00:35.796669,2023-11-15 12:00:35.897061,0 days 00:00:00.100392,0.9,10,1.0,0.1,7,141,COMPLETE
392,392,18776.25,2023-11-15 12:00:35.898077,2023-11-15 12:00:35.996039,0 days 00:00:00.097962,0.9,10,1.0,0.1,2,145,COMPLETE
393,393,18020.75,2023-11-15 12:00:35.997111,2023-11-15 12:00:36.097198,0 days 00:00:00.100087,0.9,10,1.0,0.1,2,134,COMPLETE
394,394,199.75,2023-11-15 12:00:36.098310,2023-11-15 12:00:36.507610,0 days 00:00:00.409300,0.9,20,1.0,0.1,0,144,COMPLETE
395,395,17836.25,2023-11-15 12:00:36.508530,2023-11-15 12:00:36.609700,0 days 00:00:00.101170,0.9,10,1.0,0.1,3,138,COMPLETE
396,396,18687.5,2023-11-15 12:00:36.610953,2023-11-15 12:00:36.712640,0 days 00:00:00.101687,0.9,10,1.0,0.1,12,145,COMPLETE
397,397,18434.75,2023-11-15 12:00:36.713759,2023-11-15 12:00:36.815469,0 days 00:00:00.101710,0.9,10,1.0,0.1,9,142,COMPLETE
398,398,15843.75,2023-11-15 12:00:36.816468,2023-11-15 12:00:36.932204,0 days 00:00:00.115736,0.9,50,1.0,0.1,4,144,COMPLETE
399,399,13968.5,2023-11-15 12:00:36.933228,2023-11-15 12:00:37.029968,0 days 00:00:00.096740,0.9,10,1.0,0.1,13,30,COMPLETE
400,400,18210.25,2023-11-15 12:00:37.030979,2023-11-15 12:00:37.130716,0 days 00:00:00.099737,0.9,10,1.0,0.1,7,140,COMPLETE
401,401,18618.5,2023-11-15 12:00:37.131829,2023-11-15 12:00:37.230753,0 days 00:00:00.098924,0.9,10,1.0,0.1,10,145,COMPLETE
402,402,18593.5,2023-11-15 12:00:37.232001,2023-11-15 12:00:37.331604,0 days 00:00:00.099603,0.9,10,1.0,0.1,5,146,COMPLETE
403,403,18273.25,2023-11-15 12:00:37.332521,2023-11-15 12:00:37.436648,0 days 00:00:00.104127,0.8,10,1.0,0.1,9,147,COMPLETE
404,404,18330.0,2023-11-15 12:00:37.437578,2023-11-15 12:00:37.539690,0 days 00:00:00.102112,0.9,10,1.0,0.1,1,142,COMPLETE
405,405,18312.5,2023-11-15 12:00:37.540776,2023-11-15 12:00:37.644808,0 days 00:00:00.104032,0.9,10,1.0,0.30000000000000004,6,150,COMPLETE
406,406,18780.5,2023-11-15 12:00:37.645874,2023-11-15 12:00:37.744419,0 days 00:00:00.098545,0.9,10,1.0,0.1,3,145,COMPLETE
407,407,18403.25,2023-11-15 12:00:37.745610,2023-11-15 12:00:37.844513,0 days 00:00:00.098903,0.9,10,1.0,0.1,3,139,COMPLETE
408,408,199.5,2023-11-15 12:00:37.845736,2023-11-15 12:00:38.112771,0 days 00:00:00.267035,0.9,10,1.0,0.1,0,82,COMPLETE
409,409,17455.0,2023-11-15 12:00:38.113808,2023-11-15 12:00:38.218802,0 days 00:00:00.104994,0.9,20,1.0,0.1,2,137,COMPLETE
410,410,18222.75,2023-11-15 12:00:38.219890,2023-11-15 12:00:38.322597,0 days 00:00:00.102707,0.8,10,1.0,0.1,8,142,COMPLETE
411,411,18687.5,2023-11-15 12:00:38.323524,2023-11-15 12:00:38.423813,0 days 00:00:00.100289,0.9,10,1.0,0.1,11,145,COMPLETE
412,412,18687.5,2023-11-15 12:00:38.424751,2023-11-15 12:00:38.526313,0 days 00:00:00.101562,0.9,10,1.0,0.1,13,145,COMPLETE
413,413,18327.5,2023-11-15 12:00:38.527426,2023-11-15 12:00:38.630321,0 days 00:00:00.102895,0.9,10,1.0,0.1,7,142,COMPLETE
414,414,18396.25,2023-11-15 12:00:38.631249,2023-11-15 12:00:38.733516,0 days 00:00:00.102267,0.9,10,1.0,0.1,4,147,COMPLETE
415,415,18495.0,2023-11-15 12:00:38.734628,2023-11-15 12:00:38.838619,0 days 00:00:00.103991,0.9,10,1.0,0.5,10,150,COMPLETE
416,416,18688.5,2023-11-15 12:00:38.839707,2023-11-15 12:00:38.939971,0 days 00:00:00.100264,0.9,10,2.25,0.1,6,145,COMPLETE
417,417,18355.25,2023-11-15 12:00:38.941021,2023-11-15 12:00:39.037200,0 days 00:00:00.096179,0.9,20,1.0,0.30000000000000004,2,140,COMPLETE
418,418,18396.25,2023-11-15 12:00:39.038125,2023-11-15 12:00:39.138263,0 days 00:00:00.100138,0.9,10,1.0,0.1,7,147,COMPLETE
419,419,18303.0,2023-11-15 12:00:39.139258,2023-11-15 12:00:39.240362,0 days 00:00:00.101104,0.9,10,1.0,0.1,9,144,COMPLETE
420,420,18120.5,2023-11-15 12:00:39.241444,2023-11-15 12:00:39.340825,0 days 00:00:00.099381,0.8,10,1.0,0.4,4,112,COMPLETE
421,421,18037.25,2023-11-15 12:00:39.342358,2023-11-15 12:00:39.447856,0 days 00:00:00.105498,0.6,10,2.5,0.30000000000000004,12,132,COMPLETE
422,422,18406.25,2023-11-15 12:00:39.448802,2023-11-15 12:00:39.556422,0 days 00:00:00.107620,0.9,10,1.0,0.1,8,150,COMPLETE
423,423,18401.0,2023-11-15 12:00:39.557288,2023-11-15 12:00:39.662051,0 days 00:00:00.104763,0.9,10,1.25,0.1,5,142,COMPLETE
424,424,18584.75,2023-11-15 12:00:39.662984,2023-11-15 12:00:39.761914,0 days 00:00:00.098930,0.9,10,1.0,0.30000000000000004,14,147,COMPLETE
425,425,18396.0,2023-11-15 12:00:39.762868,2023-11-15 12:00:39.862991,0 days 00:00:00.100123,0.9,10,1.0,0.1,10,147,COMPLETE
426,426,18022.0,2023-11-15 12:00:39.864021,2023-11-15 12:00:39.967388,0 days 00:00:00.103367,0.9,10,0.75,0.2,3,136,COMPLETE
427,427,18424.75,2023-11-15 12:00:39.968433,2023-11-15 12:00:40.071652,0 days 00:00:00.103219,0.9,10,0.75,0.4,7,143,COMPLETE
428,428,16817.0,2023-11-15 12:00:40.072700,2023-11-15 12:00:40.175933,0 days 00:00:00.103233,0.9,20,1.0,0.2,11,89,COMPLETE
429,429,18493.75,2023-11-15 12:00:40.177058,2023-11-15 12:00:40.280722,0 days 00:00:00.103664,0.9,10,0.75,0.2,5,150,COMPLETE
430,430,17043.75,2023-11-15 12:00:40.281616,2023-11-15 12:00:40.403380,0 days 00:00:00.121764,0.4,30,1.25,0.2,9,145,COMPLETE
431,431,18334.25,2023-11-15 12:00:40.404330,2023-11-15 12:00:40.508745,0 days 00:00:00.104415,0.8,10,1.0,0.1,2,139,COMPLETE
432,432,18333.25,2023-11-15 12:00:40.509735,2023-11-15 12:00:40.616967,0 days 00:00:00.107232,0.9,10,0.75,0.2,61,148,COMPLETE
433,433,18512.25,2023-11-15 12:00:40.617916,2023-11-15 12:00:40.724529,0 days 00:00:00.106613,0.9,10,1.0,0.2,7,143,COMPLETE
434,434,199.75,2023-11-15 12:00:40.725641,2023-11-15 12:00:41.135783,0 days 00:00:00.410142,0.9,10,0.5,0.2,0,147,COMPLETE
435,435,16166.5,2023-11-15 12:00:41.136723,2023-11-15 12:00:41.274749,0 days 00:00:00.138026,0.2,10,1.25,0.30000000000000004,9,150,COMPLETE
436,436,18308.0,2023-11-15 12:00:41.275711,2023-11-15 12:00:41.379857,0 days 00:00:00.104146,0.9,10,0.75,0.7000000000000001,5,141,COMPLETE
437,437,18124.0,2023-11-15 12:00:41.380799,2023-11-15 12:00:41.485666,0 days 00:00:00.104867,0.9,20,1.0,0.2,11,145,COMPLETE
438,438,18254.75,2023-11-15 12:00:41.486594,2023-11-15 12:00:41.595547,0 days 00:00:00.108953,0.9,10,0.75,0.1,6,147,COMPLETE
439,439,18221.5,2023-11-15 12:00:41.596559,2023-11-15 12:00:41.705238,0 days 00:00:00.108679,0.8,10,1.0,0.2,3,144,COMPLETE
440,440,8550.75,2023-11-15 12:00:41.706350,2023-11-15 12:00:41.845735,0 days 00:00:00.139385,0.30000000000000004,90,0.75,0.2,13,58,COMPLETE
441,441,18401.5,2023-11-15 12:00:41.846684,2023-11-15 12:00:41.979849,0 days 00:00:00.133165,0.9,10,1.25,0.30000000000000004,8,150,COMPLETE
442,442,18051.75,2023-11-15 12:00:41.980785,2023-11-15 12:00:42.094678,0 days 00:00:00.113893,0.9,10,0.5,0.2,55,140,COMPLETE
443,443,18396.0,2023-11-15 12:00:42.095834,2023-11-15 12:00:42.200855,0 days 00:00:00.105021,0.9,10,1.0,0.6,4,147,COMPLETE
444,444,18332.0,2023-11-15 12:00:42.201791,2023-11-15 12:00:42.307162,0 days 00:00:00.105371,0.9,10,0.75,0.1,9,143,COMPLETE
445,445,15551.25,2023-11-15 12:00:42.308116,2023-11-15 12:00:42.438612,0 days 00:00:00.130496,0.9,60,1.0,0.2,7,145,COMPLETE
446,446,18589.0,2023-11-15 12:00:42.439752,2023-11-15 12:00:42.542407,0 days 00:00:00.102655,0.9,10,1.25,0.2,11,150,COMPLETE
447,447,18301.75,2023-11-15 12:00:42.543627,2023-11-15 12:00:42.654459,0 days 00:00:00.110832,0.9,10,0.75,0.1,2,138,COMPLETE
448,448,18588.5,2023-11-15 12:00:42.655396,2023-11-15 12:00:42.764223,0 days 00:00:00.108827,0.9,10,1.0,0.2,6,147,COMPLETE
449,449,18308.5,2023-11-15 12:00:42.765238,2023-11-15 12:00:42.867582,0 days 00:00:00.102344,0.9,10,0.75,0.2,14,142,COMPLETE
450,450,14564.75,2023-11-15 12:00:42.868511,2023-11-15 12:00:42.999451,0 days 00:00:00.130940,0.7000000000000001,80,0.75,0.30000000000000004,8,145,COMPLETE
451,451,18706.0,2023-11-15 12:00:43.000601,2023-11-15 12:00:43.106222,0 days 00:00:00.105621,0.9,10,1.25,0.2,90,148,COMPLETE
452,452,18393.5,2023-11-15 12:00:43.107298,2023-11-15 12:00:43.208000,0 days 00:00:00.100702,0.9,20,1.25,0.2,88,150,COMPLETE
453,453,0.0,2023-11-15 12:00:43.209119,2023-11-15 12:00:43.281835,0 days 00:00:00.072716,0.9,10,1.25,0.2,40,3,COMPLETE
454,454,18262.0,2023-11-15 12:00:43.283133,2023-11-15 12:00:43.389707,0 days 00:00:00.106574,0.9,10,1.25,0.2,84,147,COMPLETE
455,455,17830.25,2023-11-15 12:00:43.390670,2023-11-15 12:00:43.499286,0 days 00:00:00.108616,0.9,10,1.25,0.2,94,120,COMPLETE
456,456,18601.0,2023-11-15 12:00:43.500184,2023-11-15 12:00:43.604345,0 days 00:00:00.104161,0.9,10,1.0,0.2,46,148,COMPLETE
457,457,17832.25,2023-11-15 12:00:43.605235,2023-11-15 12:00:43.721410,0 days 00:00:00.116175,0.9,20,0.75,0.2,92,150,COMPLETE
458,458,17930.0,2023-11-15 12:00:43.722517,2023-11-15 12:00:43.835506,0 days 00:00:00.112989,0.9,10,1.0,0.2,74,144,COMPLETE
459,459,18210.75,2023-11-15 12:00:43.836472,2023-11-15 12:00:43.940032,0 days 00:00:00.103560,0.9,10,1.0,0.1,4,140,COMPLETE
460,460,199.75,2023-11-15 12:00:43.941179,2023-11-15 12:00:44.367440,0 days 00:00:00.426261,0.9,10,1.25,0.2,0,147,COMPLETE
461,461,18155.0,2023-11-15 12:00:44.368491,2023-11-15 12:00:44.479805,0 days 00:00:00.111314,0.9,10,0.5,0.2,79,143,COMPLETE
462,462,18272.0,2023-11-15 12:00:44.480778,2023-11-15 12:00:44.586869,0 days 00:00:00.106091,0.9,10,0.75,0.1,5,147,COMPLETE
463,463,18210.0,2023-11-15 12:00:44.587842,2023-11-15 12:00:44.694496,0 days 00:00:00.106654,0.9,10,1.0,0.2,59,136,COMPLETE
464,464,18500.75,2023-11-15 12:00:44.695411,2023-11-15 12:00:44.815876,0 days 00:00:00.120465,0.9,10,0.75,0.2,6,150,COMPLETE
465,465,18501.0,2023-11-15 12:00:44.817080,2023-11-15 12:00:44.921662,0 days 00:00:00.104582,0.9,10,0.75,0.2,3,145,COMPLETE
466,466,18222.75,2023-11-15 12:00:44.922657,2023-11-15 12:00:45.035104,0 days 00:00:00.112447,0.9,10,1.0,0.2,51,141,COMPLETE
467,467,17202.5,2023-11-15 12:00:45.036259,2023-11-15 12:00:45.144493,0 days 00:00:00.108234,0.9,40,1.25,0.1,2,145,COMPLETE
468,468,18691.0,2023-11-15 12:00:45.145823,2023-11-15 12:00:45.247755,0 days 00:00:00.101932,0.9,10,0.75,0.2,9,148,COMPLETE
469,469,17576.0,2023-11-15 12:00:45.248737,2023-11-15 12:00:45.356691,0 days 00:00:00.107954,0.9,20,1.0,0.2,53,142,COMPLETE
470,470,18494.75,2023-11-15 12:00:45.357767,2023-11-15 12:00:45.465325,0 days 00:00:00.107558,0.9,10,1.25,0.2,6,147,COMPLETE
471,471,18492.25,2023-11-15 12:00:45.466349,2023-11-15 12:00:45.570859,0 days 00:00:00.104510,0.9,10,1.0,0.2,8,150,COMPLETE
472,472,18593.75,2023-11-15 12:00:45.571827,2023-11-15 12:00:45.682876,0 days 00:00:00.111049,0.9,10,0.75,0.5,85,145,COMPLETE
473,473,18192.0,2023-11-15 12:00:45.683937,2023-11-15 12:00:45.790379,0 days 00:00:00.106442,0.9,10,0.75,0.1,11,139,COMPLETE
474,474,18398.75,2023-11-15 12:00:45.791405,2023-11-15 12:00:45.896400,0 days 00:00:00.104995,0.9,10,1.0,0.2,4,143,COMPLETE
475,475,18307.25,2023-11-15 12:00:45.897397,2023-11-15 12:00:46.008621,0 days 00:00:00.111224,0.9,10,1.0,0.2,66,150,COMPLETE
476,476,18596.5,2023-11-15 12:00:46.009705,2023-11-15 12:00:46.113836,0 days 00:00:00.104131,0.9,10,2.75,0.1,7,146,COMPLETE
477,477,18225.25,2023-11-15 12:00:46.114902,2023-11-15 12:00:46.228951,0 days 00:00:00.114049,0.9,10,0.5,0.2,1,147,COMPLETE
478,478,17858.75,2023-11-15 12:00:46.229905,2023-11-15 12:00:46.338962,0 days 00:00:00.109057,0.9,20,0.75,0.2,10,142,COMPLETE
479,479,18411.75,2023-11-15 12:00:46.339924,2023-11-15 12:00:46.454767,0 days 00:00:00.114843,0.9,10,1.0,0.1,64,150,COMPLETE
480,480,18688.25,2023-11-15 12:00:46.455773,2023-11-15 12:00:46.560578,0 days 00:00:00.104805,0.9,10,1.25,0.2,5,145,COMPLETE
481,481,18399.75,2023-11-15 12:00:46.561920,2023-11-15 12:00:46.667653,0 days 00:00:00.105733,0.8,10,0.75,0.2,8,147,COMPLETE
482,482,18283.0,2023-11-15 12:00:46.668771,2023-11-15 12:00:46.780786,0 days 00:00:00.112015,0.9,10,0.75,0.2,13,140,COMPLETE
483,483,11166.5,2023-11-15 12:00:46.781738,2023-11-15 12:00:46.881346,0 days 00:00:00.099608,0.9,10,1.0,0.2,42,21,COMPLETE
484,484,18683.0,2023-11-15 12:00:46.882344,2023-11-15 12:00:46.987090,0 days 00:00:00.104746,0.9,10,1.0,0.2,3,143,COMPLETE
485,485,18126.5,2023-11-15 12:00:46.988047,2023-11-15 12:00:47.091482,0 days 00:00:00.103435,0.9,10,1.25,0.1,6,134,COMPLETE
486,486,18690.75,2023-11-15 12:00:47.092420,2023-11-15 12:00:47.195439,0 days 00:00:00.103019,0.9,10,1.0,0.2,10,148,COMPLETE
487,487,17409.5,2023-11-15 12:00:47.196480,2023-11-15 12:00:47.322222,0 days 00:00:00.125742,0.9,20,0.25,0.2,8,150,COMPLETE
488,488,18298.25,2023-11-15 12:00:47.323527,2023-11-15 12:00:47.436689,0 days 00:00:00.113162,0.9,10,0.75,0.1,4,144,COMPLETE
489,489,15663.0,2023-11-15 12:00:47.437584,2023-11-15 12:00:47.538408,0 days 00:00:00.100824,0.9,10,0.75,0.2,12,46,COMPLETE
490,490,18203.5,2023-11-15 12:00:47.539387,2023-11-15 12:00:47.646736,0 days 00:00:00.107349,0.9,10,1.25,0.2,2,137,COMPLETE
491,491,18588.5,2023-11-15 12:00:47.647766,2023-11-15 12:00:47.752420,0 days 00:00:00.104654,0.9,10,1.0,0.2,6,147,COMPLETE
492,492,18416.5,2023-11-15 12:00:47.753422,2023-11-15 12:00:47.859913,0 days 00:00:00.106491,0.9,10,0.75,0.1,9,145,COMPLETE
493,493,17935.0,2023-11-15 12:00:47.861456,2023-11-15 12:00:47.964072,0 days 00:00:00.102616,0.9,10,1.0,0.2,7,97,COMPLETE
494,494,16563.5,2023-11-15 12:00:47.965022,2023-11-15 12:00:48.079660,0 days 00:00:00.114638,0.9,10,0.5,0.2,82,78,COMPLETE
495,495,18396.25,2023-11-15 12:00:48.080634,2023-11-15 12:00:48.189050,0 days 00:00:00.108416,0.8,10,1.25,0.2,11,141,COMPLETE
496,496,18070.5,2023-11-15 12:00:48.189979,2023-11-15 12:00:48.296255,0 days 00:00:00.106276,0.9,20,0.75,0.30000000000000004,4,150,COMPLETE
497,497,298.5,2023-11-15 12:00:48.297216,2023-11-15 12:00:48.706687,0 days 00:00:00.409471,0.9,10,0.75,0.6,0,145,COMPLETE
498,498,18588.5,2023-11-15 12:00:48.707757,2023-11-15 12:00:48.814292,0 days 00:00:00.106535,0.9,10,1.0,0.2,15,147,COMPLETE
499,499,18400.75,2023-11-15 12:00:48.815428,2023-11-15 12:00:48.921975,0 days 00:00:00.106547,0.9,10,1.25,0.1,9,142,COMPLETE
500,500,18493.75,2023-11-15 12:00:48.922941,2023-11-15 12:00:49.030681,0 days 00:00:00.107740,0.9,10,0.75,0.2,5,150,COMPLETE
501,501,18414.25,2023-11-15 12:00:49.031698,2023-11-15 12:00:49.142513,0 days 00:00:00.110815,0.9,10,1.0,0.2,7,138,COMPLETE
502,502,18216.75,2023-11-15 12:00:49.143704,2023-11-15 12:00:49.252752,0 days 00:00:00.109048,0.9,10,1.0,0.1,2,127,COMPLETE
503,503,18420.75,2023-11-15 12:00:49.253699,2023-11-15 12:00:49.364416,0 days 00:00:00.110717,0.9,10,0.75,0.8,10,144,COMPLETE
504,504,18499.0,2023-11-15 12:00:49.365446,2023-11-15 12:00:49.476271,0 days 00:00:00.110825,0.9,10,1.25,0.2,7,147,COMPLETE
505,505,18595.0,2023-11-15 12:00:49.477366,2023-11-15 12:00:49.582926,0 days 00:00:00.105560,0.8,10,1.0,0.2,12,148,COMPLETE
506,506,17925.5,2023-11-15 12:00:49.583946,2023-11-15 12:00:49.691225,0 days 00:00:00.107279,0.9,20,0.75,0.2,5,141,COMPLETE
507,507,14389.5,2023-11-15 12:00:49.692235,2023-11-15 12:00:49.824863,0 days 00:00:00.132628,0.9,70,1.0,0.2,9,144,COMPLETE
508,508,16740.25,2023-11-15 12:00:49.825769,2023-11-15 12:00:49.933170,0 days 00:00:00.107401,0.9,10,0.75,0.1,37,70,COMPLETE
509,509,18586.0,2023-11-15 12:00:49.934297,2023-11-15 12:00:50.046251,0 days 00:00:00.111954,0.9,10,1.0,0.2,3,150,COMPLETE
510,510,18489.5,2023-11-15 12:00:50.047207,2023-11-15 12:00:50.157641,0 days 00:00:00.110434,0.9,10,1.25,0.30000000000000004,6,147,COMPLETE
511,511,18120.5,2023-11-15 12:00:50.158590,2023-11-15 12:00:50.274276,0 days 00:00:00.115686,0.9,10,0.5,0.2,8,144,COMPLETE
