,number,value,datetime_start,datetime_complete,duration,params_alpha,params_decay_interval,params_decay_rate,params_gamma,params_initialization,params_max_steps,state
3230,3230,18486.25,2023-11-15 13:28:35.673358,2023-11-15 13:28:36.068197,0 days 00:00:00.394839,0.8,10,1.25,0.8,4,94,COMPLETE
3231,3231,18301.75,2023-11-15 13:28:36.070370,2023-11-15 13:28:36.453506,0 days 00:00:00.383136,0.8,10,1.25,0.8,21,96,COMPLETE
3232,3232,18027.75,2023-11-15 13:28:36.455434,2023-11-15 13:28:36.839604,0 days 00:00:00.384170,0.8,10,1.25,0.7000000000000001,15,100,COMPLETE
3233,3233,18022.0,2023-11-15 13:28:36.841681,2023-11-15 13:28:37.221807,0 days 00:00:00.380126,0.8,10,1.0,0.8,18,98,COMPLETE
3234,3234,18217.25,2023-11-15 13:28:37.224064,2023-11-15 13:28:37.624689,0 days 00:00:00.400625,0.8,10,1.25,0.9,42,97,COMPLETE
3235,3235,18492.5,2023-11-15 13:28:37.626755,2023-11-15 13:28:37.945590,0 days 00:00:00.318835,0.8,10,1.25,0.8,12,100,COMPLETE
3236,3236,17937.0,2023-11-15 13:28:37.947547,2023-11-15 13:28:38.269574,0 days 00:00:00.322027,0.9,20,1.0,0.8,8,94,COMPLETE
3237,3237,18305.25,2023-11-15 13:28:38.271439,2023-11-15 13:28:38.595040,0 days 00:00:00.323601,0.8,10,1.5,0.8,22,98,COMPLETE
3238,3238,18394.5,2023-11-15 13:28:38.597383,2023-11-15 13:28:38.916003,0 days 00:00:00.318620,0.8,10,1.25,0.8,16,96,COMPLETE
3239,3239,18397.5,2023-11-15 13:28:38.917530,2023-11-15 13:28:39.232944,0 days 00:00:00.315414,0.8,10,1.75,0.8,2,99,COMPLETE
3240,3240,18492.5,2023-11-15 13:28:39.235279,2023-11-15 13:28:39.557169,0 days 00:00:00.321890,0.8,10,1.25,0.8,5,100,COMPLETE
3241,3241,17655.25,2023-11-15 13:28:39.558884,2023-11-15 13:28:39.888286,0 days 00:00:00.329402,0.8,10,1.25,0.8,20,91,COMPLETE
3242,3242,17277.0,2023-11-15 13:28:39.889960,2023-11-15 13:28:40.253437,0 days 00:00:00.363477,0.8,30,1.25,0.8,14,97,COMPLETE
3243,3243,14306.5,2023-11-15 13:28:40.254970,2023-11-15 13:28:40.601737,0 days 00:00:00.346767,0.8,70,1.25,0.4,10,95,COMPLETE
3244,3244,18023.5,2023-11-15 13:28:40.603249,2023-11-15 13:28:40.926197,0 days 00:00:00.322948,0.8,10,1.25,0.8,18,98,COMPLETE
3245,3245,18307.75,2023-11-15 13:28:40.927848,2023-11-15 13:28:41.247751,0 days 00:00:00.319903,0.7000000000000001,10,1.5,0.8,24,100,COMPLETE
3246,3246,18394.5,2023-11-15 13:28:41.249760,2023-11-15 13:28:41.567981,0 days 00:00:00.318221,0.8,10,1.25,0.8,7,96,COMPLETE
3247,3247,18265.25,2023-11-15 13:28:41.569898,2023-11-15 13:28:41.896515,0 days 00:00:00.326617,0.8,10,1.25,0.9,16,98,COMPLETE
3248,3248,17667.5,2023-11-15 13:28:41.898085,2023-11-15 13:28:42.223259,0 days 00:00:00.325174,0.8,10,1.25,0.2,13,93,COMPLETE
3249,3249,17473.75,2023-11-15 13:28:42.224926,2023-11-15 13:28:42.549772,0 days 00:00:00.324846,0.5,20,1.0,0.7000000000000001,18,100,COMPLETE
3250,3250,16110.75,2023-11-15 13:28:42.551600,2023-11-15 13:28:42.881614,0 days 00:00:00.330014,0.8,50,1.25,0.8,20,97,COMPLETE
3251,3251,18023.5,2023-11-15 13:28:42.883085,2023-11-15 13:28:43.206002,0 days 00:00:00.322917,0.8,10,1.25,0.8,36,98,COMPLETE
3252,3252,17742.75,2023-11-15 13:28:43.207549,2023-11-15 13:28:43.524734,0 days 00:00:00.317185,0.8,10,1.25,0.8,4,70,COMPLETE
3253,3253,17831.25,2023-11-15 13:28:43.527419,2023-11-15 13:28:43.849175,0 days 00:00:00.321756,0.8,10,1.5,0.8,11,95,COMPLETE
3254,3254,18681.25,2023-11-15 13:28:43.851627,2023-11-15 13:28:44.171541,0 days 00:00:00.319914,0.8,10,1.25,0.8,22,99,COMPLETE
3255,3255,14614.25,2023-11-15 13:28:44.173697,2023-11-15 13:28:44.560346,0 days 00:00:00.386649,0.1,10,1.25,0.8,15,100,COMPLETE
3256,3256,18207.75,2023-11-15 13:28:44.561829,2023-11-15 13:28:44.883155,0 days 00:00:00.321326,0.9,10,1.25,0.9,8,96,COMPLETE
3257,3257,15424.25,2023-11-15 13:28:44.885268,2023-11-15 13:28:45.221213,0 days 00:00:00.335945,0.4,60,1.0,0.8,2,98,COMPLETE
3258,3258,18399.0,2023-11-15 13:28:45.222751,2023-11-15 13:28:45.543239,0 days 00:00:00.320488,0.8,10,1.25,0.8,17,100,COMPLETE
3259,3259,18319.5,2023-11-15 13:28:45.544802,2023-11-15 13:28:45.863458,0 days 00:00:00.318656,0.8,10,1.5,0.8,14,97,COMPLETE
3260,3260,17652.0,2023-11-15 13:28:45.865087,2023-11-15 13:28:46.194226,0 days 00:00:00.329139,0.8,20,1.25,0.8,6,93,COMPLETE
3261,3261,18209.5,2023-11-15 13:28:46.195694,2023-11-15 13:28:46.514153,0 days 00:00:00.318459,0.8,10,1.25,0.7000000000000001,12,98,COMPLETE
3262,3262,18488.75,2023-11-15 13:28:46.515820,2023-11-15 13:28:46.846399,0 days 00:00:00.330579,0.8,10,1.75,0.8,29,96,COMPLETE
3263,3263,18492.5,2023-11-15 13:28:46.848386,2023-11-15 13:28:47.166532,0 days 00:00:00.318146,0.8,10,1.25,0.8,20,100,COMPLETE
3264,3264,18303.75,2023-11-15 13:28:47.168164,2023-11-15 13:28:47.495175,0 days 00:00:00.327011,0.7000000000000001,10,1.25,0.8,9,98,COMPLETE
3265,3265,17767.25,2023-11-15 13:28:47.496798,2023-11-15 13:28:47.823365,0 days 00:00:00.326567,0.9,10,1.0,0.8,17,82,COMPLETE
3266,3266,17935.0,2023-11-15 13:28:47.825018,2023-11-15 13:28:48.154135,0 days 00:00:00.329117,0.8,10,1.25,0.8,56,94,COMPLETE
3267,3267,199.5,2023-11-15 13:28:48.155614,2023-11-15 13:28:48.775786,0 days 00:00:00.620172,0.8,10,2.0,0.8,0,96,COMPLETE
3268,3268,18586.25,2023-11-15 13:28:48.777580,2023-11-15 13:28:49.099440,0 days 00:00:00.321860,0.8,10,1.25,0.9,15,99,COMPLETE
3269,3269,17568.75,2023-11-15 13:28:49.101432,2023-11-15 13:28:49.431250,0 days 00:00:00.329818,0.8,20,1.5,0.5,19,100,COMPLETE
3270,3270,17659.75,2023-11-15 13:28:49.432760,2023-11-15 13:28:49.770203,0 days 00:00:00.337443,0.8,10,1.25,0.1,4,98,COMPLETE
3271,3271,18301.75,2023-11-15 13:28:49.772550,2023-11-15 13:28:50.105825,0 days 00:00:00.333275,0.8,10,1.25,0.8,24,96,COMPLETE
3272,3272,17992.25,2023-11-15 13:28:50.107554,2023-11-15 13:28:50.438669,0 days 00:00:00.331115,0.8,10,0.5,0.7000000000000001,12,98,COMPLETE
3273,3273,18458.5,2023-11-15 13:28:50.440185,2023-11-15 13:28:50.766546,0 days 00:00:00.326361,0.8,10,1.0,0.8,22,100,COMPLETE
3274,3274,18112.5,2023-11-15 13:28:50.768277,2023-11-15 13:28:51.100903,0 days 00:00:00.332626,0.8,10,1.25,0.8,6,95,COMPLETE
3275,3275,14269.75,2023-11-15 13:28:51.102617,2023-11-15 13:28:51.484836,0 days 00:00:00.382219,0.7000000000000001,10,1.25,0.8,17,31,COMPLETE
3276,3276,16647.75,2023-11-15 13:28:51.486439,2023-11-15 13:28:51.897829,0 days 00:00:00.411390,0.8,40,1.25,0.6,14,97,COMPLETE
3277,3277,18492.5,2023-11-15 13:28:51.899651,2023-11-15 13:28:52.265913,0 days 00:00:00.366262,0.8,10,1.25,0.8,10,100,COMPLETE
3278,3278,18212.75,2023-11-15 13:28:52.315981,2023-11-15 13:28:52.659555,0 days 00:00:00.343574,0.8,10,1.5,0.9,2,98,COMPLETE
3279,3279,18410.75,2023-11-15 13:28:52.661101,2023-11-15 13:28:52.982086,0 days 00:00:00.320985,0.8,10,1.25,0.8,19,94,COMPLETE
3280,3280,17466.25,2023-11-15 13:28:52.983608,2023-11-15 13:28:53.313931,0 days 00:00:00.330323,0.8,20,1.0,0.8,26,97,COMPLETE
3281,3281,18681.25,2023-11-15 13:28:53.315798,2023-11-15 13:28:53.632854,0 days 00:00:00.317056,0.8,10,1.25,0.8,16,99,COMPLETE
3282,3282,18400.25,2023-11-15 13:28:53.634426,2023-11-15 13:28:53.952704,0 days 00:00:00.318278,0.8,10,3.0,0.8,7,100,COMPLETE
3283,3283,18123.25,2023-11-15 13:28:53.954339,2023-11-15 13:28:54.284186,0 days 00:00:00.329847,0.6,10,1.25,0.8,21,96,COMPLETE
3284,3284,17931.25,2023-11-15 13:28:54.285747,2023-11-15 13:28:54.617487,0 days 00:00:00.331740,0.9,10,1.5,0.8,13,98,COMPLETE
3285,3285,17837.25,2023-11-15 13:28:54.619358,2023-11-15 13:28:54.955837,0 days 00:00:00.336479,0.8,10,1.25,0.8,9,95,COMPLETE
3286,3286,18013.5,2023-11-15 13:28:54.957521,2023-11-15 13:28:55.275432,0 days 00:00:00.317911,0.8,20,1.25,0.8,4,100,COMPLETE
3287,3287,18265.25,2023-11-15 13:28:55.277799,2023-11-15 13:28:55.600807,0 days 00:00:00.323008,0.8,10,1.25,0.9,17,98,COMPLETE
3288,3288,17655.25,2023-11-15 13:28:55.602386,2023-11-15 13:28:55.953208,0 days 00:00:00.350822,0.8,10,1.25,0.8,19,91,COMPLETE
3289,3289,18399.75,2023-11-15 13:28:55.955978,2023-11-15 13:28:56.304182,0 days 00:00:00.348204,0.8,10,1.5,0.8,15,97,COMPLETE
3290,3290,18027.0,2023-11-15 13:28:56.305763,2023-11-15 13:28:56.636662,0 days 00:00:00.330899,0.7000000000000001,10,1.0,0.8,22,100,COMPLETE
3291,3291,18490.25,2023-11-15 13:28:56.638178,2023-11-15 13:28:56.959507,0 days 00:00:00.321329,0.8,10,1.25,0.7000000000000001,6,94,COMPLETE
3292,3292,18394.5,2023-11-15 13:28:56.960975,2023-11-15 13:28:57.276912,0 days 00:00:00.315937,0.8,10,1.25,0.8,12,96,COMPLETE
3293,3293,17934.5,2023-11-15 13:28:57.278641,2023-11-15 13:28:57.601827,0 days 00:00:00.323186,0.8,10,1.0,0.8,62,98,COMPLETE
3294,3294,18681.25,2023-11-15 13:28:57.603360,2023-11-15 13:28:57.924425,0 days 00:00:00.321065,0.8,10,1.25,0.8,18,99,COMPLETE
3295,3295,17359.25,2023-11-15 13:28:57.926302,2023-11-15 13:28:58.254499,0 days 00:00:00.328197,0.8,30,1.75,0.8,10,100,COMPLETE
3296,3296,18218.5,2023-11-15 13:28:58.256033,2023-11-15 13:28:58.579454,0 days 00:00:00.323421,0.9,10,1.25,0.8,3,97,COMPLETE
3297,3297,199.5,2023-11-15 13:28:58.581115,2023-11-15 13:28:59.157807,0 days 00:00:00.576692,0.8,10,1.25,0.8,0,93,COMPLETE
3298,3298,17830.75,2023-11-15 13:28:59.159821,2023-11-15 13:28:59.482519,0 days 00:00:00.322698,0.8,20,1.25,0.8,15,98,COMPLETE
3299,3299,18116.5,2023-11-15 13:28:59.484057,2023-11-15 13:28:59.806982,0 days 00:00:00.322925,0.8,10,1.25,0.7000000000000001,20,96,COMPLETE
3300,3300,18401.0,2023-11-15 13:28:59.808901,2023-11-15 13:29:00.155920,0 days 00:00:00.347019,0.8,10,1.0,0.8,7,100,COMPLETE
3301,3301,17840.75,2023-11-15 13:29:00.157938,2023-11-15 13:29:00.491967,0 days 00:00:00.334029,0.8,10,1.5,0.9,14,79,COMPLETE
3302,3302,16650.25,2023-11-15 13:29:00.493483,2023-11-15 13:29:00.822655,0 days 00:00:00.329172,0.8,10,1.25,0.8,17,60,COMPLETE
3303,3303,18023.5,2023-11-15 13:29:00.824484,2023-11-15 13:29:01.152917,0 days 00:00:00.328433,0.8,10,1.25,0.8,12,98,COMPLETE
3304,3304,18301.75,2023-11-15 13:29:01.154599,2023-11-15 13:29:01.481265,0 days 00:00:00.326666,0.8,10,1.25,0.8,24,96,COMPLETE
3305,3305,3598.25,2023-11-15 13:29:01.482742,2023-11-15 13:29:01.801391,0 days 00:00:00.318649,0.9,70,1.25,0.8,5,12,COMPLETE
3306,3306,18401.75,2023-11-15 13:29:01.803010,2023-11-15 13:29:02.130220,0 days 00:00:00.327210,0.7000000000000001,10,1.5,0.9,2,100,COMPLETE
3307,3307,17830.75,2023-11-15 13:29:02.132111,2023-11-15 13:29:02.459674,0 days 00:00:00.327563,0.8,20,1.25,0.8,9,98,COMPLETE
3308,3308,17837.25,2023-11-15 13:29:02.461500,2023-11-15 13:29:02.794877,0 days 00:00:00.333377,0.8,10,1.25,0.8,21,95,COMPLETE
3309,3309,18023.5,2023-11-15 13:29:02.796421,2023-11-15 13:29:03.120546,0 days 00:00:00.324125,0.8,10,1.25,0.8,16,98,COMPLETE
3310,3310,18027.75,2023-11-15 13:29:03.122139,2023-11-15 13:29:03.480809,0 days 00:00:00.358670,0.8,10,2.5,0.7000000000000001,50,100,COMPLETE
3311,3311,18410.75,2023-11-15 13:29:03.482756,2023-11-15 13:29:03.801302,0 days 00:00:00.318546,0.8,10,1.25,0.8,18,94,COMPLETE
3312,3312,18218.0,2023-11-15 13:29:03.802857,2023-11-15 13:29:04.136637,0 days 00:00:00.333780,0.8,10,1.25,0.8,13,97,COMPLETE
3313,3313,18681.25,2023-11-15 13:29:04.138387,2023-11-15 13:29:04.460239,0 days 00:00:00.321852,0.8,10,1.25,0.8,11,99,COMPLETE
3314,3314,18432.0,2023-11-15 13:29:04.461833,2023-11-15 13:29:04.788455,0 days 00:00:00.326622,0.8,10,1.0,0.8,19,96,COMPLETE
3315,3315,18492.5,2023-11-15 13:29:04.790158,2023-11-15 13:29:05.114100,0 days 00:00:00.323942,0.8,10,1.25,0.8,8,100,COMPLETE
3316,3316,13936.0,2023-11-15 13:29:05.116061,2023-11-15 13:29:05.475930,0 days 00:00:00.359869,0.8,80,1.5,0.9,16,98,COMPLETE
3317,3317,18305.25,2023-11-15 13:29:05.477599,2023-11-15 13:29:05.846006,0 days 00:00:00.368407,0.7000000000000001,10,1.25,0.8,4,92,COMPLETE
3318,3318,17837.25,2023-11-15 13:29:05.847801,2023-11-15 13:29:06.257933,0 days 00:00:00.410132,0.8,10,1.25,0.8,21,95,COMPLETE
3319,3319,17466.25,2023-11-15 13:29:06.260122,2023-11-15 13:29:06.667529,0 days 00:00:00.407407,0.8,20,1.0,0.8,14,97,COMPLETE
3320,3320,18493.0,2023-11-15 13:29:06.669276,2023-11-15 13:29:07.052978,0 days 00:00:00.383702,0.9,10,1.25,0.6,6,100,COMPLETE
3321,3321,17762.5,2023-11-15 13:29:07.054557,2023-11-15 13:29:07.404101,0 days 00:00:00.349544,0.8,10,1.5,0.30000000000000004,23,98,COMPLETE
3322,3322,18116.5,2023-11-15 13:29:07.405861,2023-11-15 13:29:07.738965,0 days 00:00:00.333104,0.8,10,1.25,0.7000000000000001,19,96,COMPLETE
3323,3323,17296.0,2023-11-15 13:29:07.740629,2023-11-15 13:29:08.077815,0 days 00:00:00.337186,0.2,10,1.25,0.8,2,99,COMPLETE
3324,3324,18492.5,2023-11-15 13:29:08.079396,2023-11-15 13:29:08.404976,0 days 00:00:00.325580,0.8,10,1.25,0.8,16,100,COMPLETE
3325,3325,18401.5,2023-11-15 13:29:08.407213,2023-11-15 13:29:08.743593,0 days 00:00:00.336380,0.8,10,1.75,0.8,11,97,COMPLETE
3326,3326,17005.25,2023-11-15 13:29:08.745279,2023-11-15 13:29:09.094019,0 days 00:00:00.348740,0.8,20,1.25,0.8,18,95,COMPLETE
3327,3327,17762.5,2023-11-15 13:29:09.095773,2023-11-15 13:29:09.432792,0 days 00:00:00.337019,0.8,10,1.0,0.4,34,98,COMPLETE
3328,3328,18207.75,2023-11-15 13:29:09.434315,2023-11-15 13:29:09.761424,0 days 00:00:00.327109,0.8,10,1.25,0.8,14,93,COMPLETE
3329,3329,17465.0,2023-11-15 13:29:09.763053,2023-11-15 13:29:10.107220,0 days 00:00:00.344167,0.8,10,1.5,0.8,8,66,COMPLETE
3330,3330,18488.5,2023-11-15 13:29:10.109336,2023-11-15 13:29:10.441340,0 days 00:00:00.332004,0.7000000000000001,10,1.25,0.8,4,100,COMPLETE
3331,3331,18117.5,2023-11-15 13:29:10.443202,2023-11-15 13:29:10.781910,0 days 00:00:00.338708,0.8,10,1.25,0.9,21,98,COMPLETE
3332,3332,18301.75,2023-11-15 13:29:10.783450,2023-11-15 13:29:11.158931,0 days 00:00:00.375481,0.8,10,1.25,0.8,26,96,COMPLETE
3333,3333,17837.25,2023-11-15 13:29:11.161724,2023-11-15 13:29:11.493125,0 days 00:00:00.331401,0.8,10,1.25,0.8,17,77,COMPLETE
3334,3334,18401.0,2023-11-15 13:29:11.494749,2023-11-15 13:29:11.836031,0 days 00:00:00.341282,0.8,10,1.0,0.8,10,100,COMPLETE
3335,3335,99.5,2023-11-15 13:29:11.837608,2023-11-15 13:29:12.293133,0 days 00:00:00.455525,0.8,10,1.25,0.8,0,55,COMPLETE
3336,3336,16201.5,2023-11-15 13:29:12.294808,2023-11-15 13:29:12.634962,0 days 00:00:00.340154,0.8,50,1.5,0.8,13,98,COMPLETE
3337,3337,17746.5,2023-11-15 13:29:12.636534,2023-11-15 13:29:12.972193,0 days 00:00:00.335659,0.8,10,1.25,0.7000000000000001,16,95,COMPLETE
3338,3338,18218.5,2023-11-15 13:29:12.973670,2023-11-15 13:29:13.306374,0 days 00:00:00.332704,0.9,10,1.25,0.8,6,97,COMPLETE
3339,3339,18681.25,2023-11-15 13:29:13.308364,2023-11-15 13:29:13.638938,0 days 00:00:00.330574,0.8,10,1.25,0.8,19,99,COMPLETE
3340,3340,18013.5,2023-11-15 13:29:13.640839,2023-11-15 13:29:13.979153,0 days 00:00:00.338314,0.8,20,1.25,0.8,15,100,COMPLETE
3341,3341,18323.25,2023-11-15 13:29:13.980689,2023-11-15 13:29:14.311220,0 days 00:00:00.330531,0.8,10,1.0,0.8,12,97,COMPLETE
3342,3342,18209.5,2023-11-15 13:29:14.312837,2023-11-15 13:29:14.645910,0 days 00:00:00.333073,0.7000000000000001,10,1.25,0.9,23,94,COMPLETE
3343,3343,15922.25,2023-11-15 13:29:14.647572,2023-11-15 13:29:14.995015,0 days 00:00:00.347443,0.8,10,1.25,0.8,2,42,COMPLETE
3344,3344,18023.5,2023-11-15 13:29:14.996844,2023-11-15 13:29:15.322476,0 days 00:00:00.325632,0.8,10,1.25,0.8,20,98,COMPLETE
3345,3345,18306.5,2023-11-15 13:29:15.325325,2023-11-15 13:29:15.654826,0 days 00:00:00.329501,0.8,10,1.5,0.8,9,100,COMPLETE
3346,3346,18209.5,2023-11-15 13:29:15.657016,2023-11-15 13:29:15.988877,0 days 00:00:00.331861,0.8,10,1.25,0.8,44,96,COMPLETE
3347,3347,18115.25,2023-11-15 13:29:15.991107,2023-11-15 13:29:16.321686,0 days 00:00:00.330579,0.9,10,1.25,0.9,18,98,COMPLETE
3348,3348,17859.25,2023-11-15 13:29:16.323666,2023-11-15 13:29:16.652405,0 days 00:00:00.328739,0.8,20,1.0,0.7000000000000001,5,100,COMPLETE
3349,3349,18488.75,2023-11-15 13:29:16.654223,2023-11-15 13:29:16.985179,0 days 00:00:00.330956,0.8,10,1.75,0.8,14,96,COMPLETE
3350,3350,18023.5,2023-11-15 13:29:16.986658,2023-11-15 13:29:17.318367,0 days 00:00:00.331709,0.8,10,1.25,0.8,16,98,COMPLETE
3351,3351,18207.75,2023-11-15 13:29:17.320013,2023-11-15 13:29:17.650820,0 days 00:00:00.330807,0.8,10,1.25,0.8,7,93,COMPLETE
3352,3352,18399.0,2023-11-15 13:29:17.652348,2023-11-15 13:29:17.976716,0 days 00:00:00.324368,0.8,10,1.25,0.8,11,100,COMPLETE
3353,3353,18023.5,2023-11-15 13:29:17.978406,2023-11-15 13:29:18.301584,0 days 00:00:00.323178,0.8,10,1.25,0.8,20,98,COMPLETE
3354,3354,17831.25,2023-11-15 13:29:18.303256,2023-11-15 13:29:18.637470,0 days 00:00:00.334214,0.8,10,1.5,0.8,3,95,COMPLETE
3355,3355,18218.0,2023-11-15 13:29:18.639013,2023-11-15 13:29:18.998855,0 days 00:00:00.359842,0.8,10,1.25,0.8,22,97,COMPLETE
3356,3356,17559.25,2023-11-15 13:29:19.000770,2023-11-15 13:29:19.329273,0 days 00:00:00.328503,0.8,20,1.25,0.8,18,90,COMPLETE
3357,3357,18306.5,2023-11-15 13:29:19.330990,2023-11-15 13:29:19.661601,0 days 00:00:00.330611,0.8,10,1.5,0.8,13,100,COMPLETE
3358,3358,17935.5,2023-11-15 13:29:19.663480,2023-11-15 13:29:20.001709,0 days 00:00:00.338229,0.8,10,1.25,0.5,25,98,COMPLETE
3359,3359,18399.75,2023-11-15 13:29:20.003511,2023-11-15 13:29:20.350659,0 days 00:00:00.347148,0.7000000000000001,10,1.0,0.7000000000000001,15,96,COMPLETE
3360,3360,18486.25,2023-11-15 13:29:20.352904,2023-11-15 13:29:20.788705,0 days 00:00:00.435801,0.8,10,1.25,0.8,9,94,COMPLETE
3361,3361,18493.0,2023-11-15 13:29:20.790790,2023-11-15 13:29:21.173988,0 days 00:00:00.383198,0.9,10,1.25,0.8,17,99,COMPLETE
3362,3362,17002.0,2023-11-15 13:29:21.176506,2023-11-15 13:29:21.531722,0 days 00:00:00.355216,0.8,40,1.25,0.8,5,98,COMPLETE
3363,3363,18025.0,2023-11-15 13:29:21.533946,2023-11-15 13:29:21.864310,0 days 00:00:00.330364,0.8,10,1.25,0.9,11,74,COMPLETE
3364,3364,18401.0,2023-11-15 13:29:21.865789,2023-11-15 13:29:22.195637,0 days 00:00:00.329848,0.8,10,1.0,0.8,20,100,COMPLETE
3365,3365,18394.5,2023-11-15 13:29:22.197734,2023-11-15 13:29:22.578347,0 days 00:00:00.380613,0.8,10,1.25,0.8,2,96,COMPLETE
3366,3366,15424.25,2023-11-15 13:29:22.580408,2023-11-15 13:29:22.919779,0 days 00:00:00.339371,0.8,60,1.25,0.8,15,98,COMPLETE
3367,3367,18306.5,2023-11-15 13:29:22.921264,2023-11-15 13:29:23.251951,0 days 00:00:00.330687,0.8,10,1.5,0.8,39,100,COMPLETE
3368,3368,17918.25,2023-11-15 13:29:23.253544,2023-11-15 13:29:23.583190,0 days 00:00:00.329646,0.8,10,0.75,0.8,7,96,COMPLETE
3369,3369,18494.0,2023-11-15 13:29:23.584717,2023-11-15 13:29:23.916259,0 days 00:00:00.331542,0.7000000000000001,10,1.25,0.9,13,98,COMPLETE
3370,3370,18013.5,2023-11-15 13:29:23.917861,2023-11-15 13:29:24.248331,0 days 00:00:00.330470,0.8,20,1.25,0.7000000000000001,18,100,COMPLETE
3371,3371,18299.5,2023-11-15 13:29:24.250042,2023-11-15 13:29:24.581069,0 days 00:00:00.331027,0.8,10,2.25,0.8,22,94,COMPLETE
3372,3372,18323.25,2023-11-15 13:29:24.582561,2023-11-15 13:29:24.921722,0 days 00:00:00.339161,0.8,10,1.0,0.8,4,97,COMPLETE
3373,3373,18110.75,2023-11-15 13:29:24.923542,2023-11-15 13:29:25.263213,0 days 00:00:00.339671,0.5,10,1.5,0.8,16,92,COMPLETE
3374,3374,18681.25,2023-11-15 13:29:25.264988,2023-11-15 13:29:25.600863,0 days 00:00:00.335875,0.8,10,1.25,0.8,1,99,COMPLETE
3375,3375,13124.5,2023-11-15 13:29:25.602412,2023-11-15 13:29:25.959027,0 days 00:00:00.356615,0.9,90,1.25,0.8,79,96,COMPLETE
3376,3376,17830.75,2023-11-15 13:29:25.960580,2023-11-15 13:29:26.296652,0 days 00:00:00.336072,0.8,20,1.25,0.8,9,98,COMPLETE
3377,3377,18492.5,2023-11-15 13:29:26.299263,2023-11-15 13:29:26.630204,0 days 00:00:00.330941,0.8,10,1.25,0.8,12,100,COMPLETE
3378,3378,16251.0,2023-11-15 13:29:26.631755,2023-11-15 13:29:27.008356,0 days 00:00:00.376601,0.2,10,1.25,0.8,18,95,COMPLETE
3379,3379,18399.0,2023-11-15 13:29:27.010050,2023-11-15 13:29:27.345767,0 days 00:00:00.335717,0.8,10,1.75,0.8,24,98,COMPLETE
3380,3380,18308.75,2023-11-15 13:29:27.347830,2023-11-15 13:29:27.677795,0 days 00:00:00.329965,0.8,10,1.25,0.7000000000000001,20,97,COMPLETE
3381,3381,18305.75,2023-11-15 13:29:27.679332,2023-11-15 13:29:28.016269,0 days 00:00:00.336937,0.8,10,1.5,0.8,14,100,COMPLETE
3382,3382,18300.75,2023-11-15 13:29:28.018041,2023-11-15 13:29:28.354215,0 days 00:00:00.336174,0.8,10,1.25,0.9,7,96,COMPLETE
3383,3383,18023.5,2023-11-15 13:29:28.355775,2023-11-15 13:29:28.683222,0 days 00:00:00.327447,0.8,10,1.25,0.8,17,98,COMPLETE
3384,3384,15475.25,2023-11-15 13:29:28.684700,2023-11-15 13:29:29.017261,0 days 00:00:00.332561,0.8,10,1.0,0.8,4,39,COMPLETE
3385,3385,199.5,2023-11-15 13:29:29.018999,2023-11-15 13:29:29.606269,0 days 00:00:00.587270,0.8,10,1.25,0.8,0,94,COMPLETE
3386,3386,18399.0,2023-11-15 13:29:29.608509,2023-11-15 13:29:29.948376,0 days 00:00:00.339867,0.8,10,1.25,0.8,11,100,COMPLETE
3387,3387,18209.5,2023-11-15 13:29:29.950151,2023-11-15 13:29:30.285803,0 days 00:00:00.335652,0.9,10,1.25,0.8,15,98,COMPLETE
3388,3388,18302.0,2023-11-15 13:29:30.287402,2023-11-15 13:29:30.623293,0 days 00:00:00.335891,0.7000000000000001,10,1.5,0.8,20,96,COMPLETE
3389,3389,18306.25,2023-11-15 13:29:30.625525,2023-11-15 13:29:30.962491,0 days 00:00:00.336966,0.8,10,1.25,0.9,8,100,COMPLETE
3390,3390,17782.5,2023-11-15 13:29:30.964058,2023-11-15 13:29:31.345941,0 days 00:00:00.381883,0.8,20,1.0,0.8,22,98,COMPLETE
3391,3391,18410.75,2023-11-15 13:29:31.347645,2023-11-15 13:29:31.685458,0 days 00:00:00.337813,0.8,10,1.25,0.8,13,94,COMPLETE
3392,3392,18218.0,2023-11-15 13:29:31.686977,2023-11-15 13:29:32.023233,0 days 00:00:00.336256,0.8,10,1.25,0.8,17,97,COMPLETE
3393,3393,18681.25,2023-11-15 13:29:32.025345,2023-11-15 13:29:32.354688,0 days 00:00:00.329343,0.8,10,1.25,0.8,5,99,COMPLETE
3394,3394,18304.0,2023-11-15 13:29:32.356202,2023-11-15 13:29:32.691438,0 days 00:00:00.335236,0.8,10,1.25,0.7000000000000001,19,100,COMPLETE
3395,3395,18394.5,2023-11-15 13:29:32.693394,2023-11-15 13:29:33.024028,0 days 00:00:00.330634,0.8,10,1.25,0.8,10,96,COMPLETE
3396,3396,18305.25,2023-11-15 13:29:33.025981,2023-11-15 13:29:33.355063,0 days 00:00:00.329082,0.8,10,1.5,0.8,15,98,COMPLETE
3397,3397,17924.25,2023-11-15 13:29:33.357123,2023-11-15 13:29:33.691853,0 days 00:00:00.334730,0.8,20,1.0,0.8,6,100,COMPLETE
3398,3398,18301.75,2023-11-15 13:29:33.693616,2023-11-15 13:29:34.026026,0 days 00:00:00.332410,0.8,10,1.25,0.8,27,96,COMPLETE
3399,3399,18399.0,2023-11-15 13:29:34.027669,2023-11-15 13:29:34.376026,0 days 00:00:00.348357,0.8,10,2.0,0.8,2,98,COMPLETE
