,number,value,datetime_start,datetime_complete,duration,params_alpha,params_decay_interval,params_decay_rate,params_gamma,params_initialization,params_max_steps,state
5433,5433,18992.75,2023-11-15 11:08:10.495215,2023-11-15 11:08:10.998777,0 days 00:00:00.503562,0.2,10,0.75,0.9,3,143,COMPLETE
5434,5434,19163.5,2023-11-15 11:08:11.000800,2023-11-15 11:08:11.499030,0 days 00:00:00.498230,0.2,10,1.25,0.9,5,150,COMPLETE
5435,5435,19359.75,2023-11-15 11:08:11.501044,2023-11-15 11:08:12.018779,0 days 00:00:00.517735,0.2,10,0.75,0.9,0,145,COMPLETE
5436,5436,18676.75,2023-11-15 11:08:12.021479,2023-11-15 11:08:12.514319,0 days 00:00:00.492840,0.2,10,0.75,0.8,2,134,COMPLETE
5437,5437,17887.0,2023-11-15 11:08:12.516567,2023-11-15 11:08:13.021392,0 days 00:00:00.504825,0.1,10,0.75,0.7000000000000001,4,139,COMPLETE
5438,5438,16863.5,2023-11-15 11:08:13.023451,2023-11-15 11:08:13.597196,0 days 00:00:00.573745,0.4,20,0.75,0.9,0,147,COMPLETE
5439,5439,11997.5,2023-11-15 11:08:13.599201,2023-11-15 11:08:14.141742,0 days 00:00:00.542541,0.30000000000000004,10,1.0,0.4,8,109,COMPLETE
5440,5440,16506.75,2023-11-15 11:08:14.143662,2023-11-15 11:08:14.691148,0 days 00:00:00.547486,0.7000000000000001,10,0.75,0.9,2,143,COMPLETE
5441,5441,19111.25,2023-11-15 11:08:14.693252,2023-11-15 11:08:15.181892,0 days 00:00:00.488640,0.2,10,0.75,0.9,6,150,COMPLETE
5442,5442,19265.0,2023-11-15 11:08:15.184220,2023-11-15 11:08:15.776157,0 days 00:00:00.591937,0.2,10,0.5,0.9,3,145,COMPLETE
5443,5443,19171.5,2023-11-15 11:08:15.778746,2023-11-15 11:08:16.389062,0 days 00:00:00.610316,0.2,10,0.75,0.9,0,141,COMPLETE
5444,5444,18971.5,2023-11-15 11:08:16.391649,2023-11-15 11:08:16.968180,0 days 00:00:00.576531,0.2,10,0.25,0.9,2,147,COMPLETE
5445,5445,19050.0,2023-11-15 11:08:16.970652,2023-11-15 11:08:17.465185,0 days 00:00:00.494533,0.1,10,1.0,0.9,4,143,COMPLETE
5446,5446,19067.0,2023-11-15 11:08:17.467055,2023-11-15 11:08:17.954950,0 days 00:00:00.487895,0.2,10,1.25,0.9,0,137,COMPLETE
5447,5447,19098.75,2023-11-15 11:08:17.956917,2023-11-15 11:08:18.450775,0 days 00:00:00.493858,0.2,10,0.75,0.8,6,148,COMPLETE
5448,5448,19314.5,2023-11-15 11:08:18.453123,2023-11-15 11:08:18.951050,0 days 00:00:00.497927,0.1,10,0.75,0.9,2,145,COMPLETE
5449,5449,18973.0,2023-11-15 11:08:18.953102,2023-11-15 11:08:19.454607,0 days 00:00:00.501505,0.2,10,0.75,0.9,4,141,COMPLETE
5450,5450,18705.25,2023-11-15 11:08:19.456526,2023-11-15 11:08:19.958687,0 days 00:00:00.502161,0.2,10,0.75,0.9,24,150,COMPLETE
5451,5451,18518.25,2023-11-15 11:08:19.960779,2023-11-15 11:08:20.448305,0 days 00:00:00.487526,0.2,20,1.0,0.9,0,147,COMPLETE
5452,5452,18992.75,2023-11-15 11:08:20.450473,2023-11-15 11:08:20.954004,0 days 00:00:00.503531,0.30000000000000004,10,0.75,0.9,2,143,COMPLETE
5453,5453,18683.75,2023-11-15 11:08:20.956732,2023-11-15 11:08:21.448836,0 days 00:00:00.492104,0.2,10,0.75,0.9,8,82,COMPLETE
5454,5454,17553.25,2023-11-15 11:08:21.450758,2023-11-15 11:08:21.959119,0 days 00:00:00.508361,0.1,10,0.5,0.7000000000000001,4,139,COMPLETE
5455,5455,19359.75,2023-11-15 11:08:21.961363,2023-11-15 11:08:22.452266,0 days 00:00:00.490903,0.2,10,0.75,0.9,0,145,COMPLETE
5456,5456,17106.25,2023-11-15 11:08:22.454984,2023-11-15 11:08:22.967781,0 days 00:00:00.512797,0.2,10,0.75,0.6,12,148,COMPLETE
5457,5457,19066.25,2023-11-15 11:08:22.970318,2023-11-15 11:08:23.485838,0 days 00:00:00.515520,0.2,10,1.0,0.8,2,141,COMPLETE
5458,5458,19350.75,2023-11-15 11:08:23.488407,2023-11-15 11:08:23.982953,0 days 00:00:00.494546,0.1,10,0.75,0.9,6,145,COMPLETE
5459,5459,19082.5,2023-11-15 11:08:23.985097,2023-11-15 11:08:24.479169,0 days 00:00:00.494072,0.2,10,0.75,0.9,2,150,COMPLETE
5460,5460,11375.75,2023-11-15 11:08:24.481213,2023-11-15 11:08:25.039128,0 days 00:00:00.557915,0.2,10,1.25,0.9,59,142,COMPLETE
5461,5461,13140.5,2023-11-15 11:08:25.041561,2023-11-15 11:08:25.604416,0 days 00:00:00.562855,0.2,10,0.75,0.30000000000000004,4,147,COMPLETE
5462,5462,18294.0,2023-11-15 11:08:25.606704,2023-11-15 11:08:26.110634,0 days 00:00:00.503930,0.1,20,0.75,0.9,0,138,COMPLETE
5463,5463,15520.25,2023-11-15 11:08:26.113185,2023-11-15 11:08:26.640777,0 days 00:00:00.527592,0.2,10,0.75,0.5,2,144,COMPLETE
5464,5464,19261.0,2023-11-15 11:08:26.642703,2023-11-15 11:08:27.130774,0 days 00:00:00.488071,0.2,10,0.75,0.9,5,147,COMPLETE
5465,5465,18975.0,2023-11-15 11:08:27.132937,2023-11-15 11:08:27.648713,0 days 00:00:00.515776,0.30000000000000004,10,0.25,0.9,0,150,COMPLETE
5466,5466,16430.0,2023-11-15 11:08:27.650634,2023-11-15 11:08:28.173860,0 days 00:00:00.523226,0.5,10,1.25,0.8,3,142,COMPLETE
5467,5467,19292.25,2023-11-15 11:08:28.175758,2023-11-15 11:08:28.666786,0 days 00:00:00.491028,0.2,10,0.75,0.9,2,145,COMPLETE
5468,5468,18945.5,2023-11-15 11:08:28.669858,2023-11-15 11:08:29.167516,0 days 00:00:00.497658,0.1,10,1.0,0.9,8,139,COMPLETE
5469,5469,19161.25,2023-11-15 11:08:29.169998,2023-11-15 11:08:29.714889,0 days 00:00:00.544891,0.2,10,0.75,0.4,0,134,COMPLETE
5470,5470,14473.25,2023-11-15 11:08:29.717097,2023-11-15 11:08:30.296709,0 days 00:00:00.579612,0.2,10,0.5,0.2,10,147,COMPLETE
5471,5471,18992.75,2023-11-15 11:08:30.298792,2023-11-15 11:08:30.916307,0 days 00:00:00.617515,0.2,10,0.75,0.9,4,143,COMPLETE
5472,5472,19111.25,2023-11-15 11:08:30.918854,2023-11-15 11:08:31.525538,0 days 00:00:00.606684,0.2,10,0.75,0.9,6,150,COMPLETE
5473,5473,15181.0,2023-11-15 11:08:31.527924,2023-11-15 11:08:32.163756,0 days 00:00:00.635832,0.9,20,1.0,0.9,2,145,COMPLETE
5474,5474,19261.0,2023-11-15 11:08:32.165963,2023-11-15 11:08:32.662530,0 days 00:00:00.496567,0.1,10,0.75,0.9,0,140,COMPLETE
5475,5475,19261.0,2023-11-15 11:08:32.664475,2023-11-15 11:08:33.156814,0 days 00:00:00.492339,0.2,10,0.75,0.8,4,147,COMPLETE
5476,5476,18992.75,2023-11-15 11:08:33.158863,2023-11-15 11:08:33.685237,0 days 00:00:00.526374,0.2,10,0.75,0.9,2,143,COMPLETE
5477,5477,19161.25,2023-11-15 11:08:33.687943,2023-11-15 11:08:34.187840,0 days 00:00:00.499897,0.2,10,0.5,0.9,0,137,COMPLETE
5478,5478,15042.0,2023-11-15 11:08:34.190052,2023-11-15 11:08:34.719788,0 days 00:00:00.529736,0.30000000000000004,70,0.75,0.9,6,148,COMPLETE
5479,5479,19072.25,2023-11-15 11:08:34.722383,2023-11-15 11:08:35.233328,0 days 00:00:00.510945,0.1,10,1.5,0.9,3,145,COMPLETE
5480,5480,19261.0,2023-11-15 11:08:35.235408,2023-11-15 11:08:35.730057,0 days 00:00:00.494649,0.2,10,1.25,0.9,0,142,COMPLETE
5481,5481,18393.5,2023-11-15 11:08:35.731933,2023-11-15 11:08:36.232821,0 days 00:00:00.500888,0.2,20,1.0,0.9,4,150,COMPLETE
5482,5482,17456.0,2023-11-15 11:08:36.234813,2023-11-15 11:08:36.742114,0 days 00:00:00.507301,0.2,30,0.75,0.9,2,140,COMPLETE
5483,5483,18499.5,2023-11-15 11:08:36.744067,2023-11-15 11:08:37.299012,0 days 00:00:00.554945,0.6,10,0.75,0.8,7,145,COMPLETE
5484,5484,19359.75,2023-11-15 11:08:37.301051,2023-11-15 11:08:37.798793,0 days 00:00:00.497742,0.1,10,0.75,0.9,2,148,COMPLETE
5485,5485,19261.0,2023-11-15 11:08:37.800727,2023-11-15 11:08:38.298853,0 days 00:00:00.498126,0.2,10,0.75,0.1,0,144,COMPLETE
5486,5486,19063.75,2023-11-15 11:08:38.300858,2023-11-15 11:08:38.796340,0 days 00:00:00.495482,0.2,10,2.0,0.9,5,135,COMPLETE
5487,5487,19261.0,2023-11-15 11:08:38.798241,2023-11-15 11:08:39.295378,0 days 00:00:00.497137,0.2,10,0.75,0.9,2,147,COMPLETE
5488,5488,13531.25,2023-11-15 11:08:39.297329,2023-11-15 11:08:39.841336,0 days 00:00:00.544007,0.1,10,1.0,0.6,4,141,COMPLETE
5489,5489,19163.75,2023-11-15 11:08:39.843420,2023-11-15 11:08:40.338806,0 days 00:00:00.495386,0.2,10,0.75,0.9,0,150,COMPLETE
5490,5490,19264.25,2023-11-15 11:08:40.341059,2023-11-15 11:08:40.858075,0 days 00:00:00.517016,0.2,10,0.5,0.9,9,145,COMPLETE
5491,5491,18981.0,2023-11-15 11:08:40.860073,2023-11-15 11:08:41.356115,0 days 00:00:00.496042,0.2,10,0.75,0.9,2,138,COMPLETE
5492,5492,18586.0,2023-11-15 11:08:41.358147,2023-11-15 11:08:41.864093,0 days 00:00:00.505946,0.30000000000000004,10,1.25,0.7000000000000001,6,143,COMPLETE
5493,5493,16570.25,2023-11-15 11:08:41.865992,2023-11-15 11:08:42.386633,0 days 00:00:00.520641,0.1,50,0.25,0.9,0,147,COMPLETE
5494,5494,18394.75,2023-11-15 11:08:42.389513,2023-11-15 11:08:42.894873,0 days 00:00:00.505360,0.2,20,0.75,0.9,4,141,COMPLETE
5495,5495,12084.25,2023-11-15 11:08:42.896761,2023-11-15 11:08:43.459328,0 days 00:00:00.562567,0.2,10,0.75,0.8,84,147,COMPLETE
5496,5496,19050.0,2023-11-15 11:08:43.461261,2023-11-15 11:08:43.951672,0 days 00:00:00.490411,0.2,10,1.0,0.9,2,143,COMPLETE
5497,5497,19359.75,2023-11-15 11:08:43.954286,2023-11-15 11:08:44.474190,0 days 00:00:00.519904,0.2,10,0.75,0.9,0,145,COMPLETE
5498,5498,15997.5,2023-11-15 11:08:44.476587,2023-11-15 11:08:45.003146,0 days 00:00:00.526559,0.4,10,0.75,0.6,4,139,COMPLETE
5499,5499,14752.0,2023-11-15 11:08:45.005727,2023-11-15 11:08:45.559779,0 days 00:00:00.554052,0.1,10,0.75,0.5,7,150,COMPLETE
5500,5500,18956.0,2023-11-15 11:08:45.562178,2023-11-15 11:08:46.148837,0 days 00:00:00.586659,0.2,10,0.75,0.9,2,130,COMPLETE
5501,5501,19106.75,2023-11-15 11:08:46.150891,2023-11-15 11:08:46.715888,0 days 00:00:00.564997,0.2,10,0.75,0.9,0,117,COMPLETE
5502,5502,19163.5,2023-11-15 11:08:46.717830,2023-11-15 11:08:47.210886,0 days 00:00:00.493056,0.30000000000000004,10,1.25,0.9,5,147,COMPLETE
5503,5503,18394.75,2023-11-15 11:08:47.212859,2023-11-15 11:08:47.717784,0 days 00:00:00.504925,0.2,20,0.75,0.9,2,143,COMPLETE
5504,5504,19111.25,2023-11-15 11:08:47.719800,2023-11-15 11:08:48.235372,0 days 00:00:00.515572,0.2,10,0.75,0.9,3,150,COMPLETE
5505,5505,17292.5,2023-11-15 11:08:48.239148,2023-11-15 11:08:48.747448,0 days 00:00:00.508300,0.1,40,1.0,0.9,0,145,COMPLETE
5506,5506,18874.75,2023-11-15 11:08:48.749576,2023-11-15 11:08:49.244574,0 days 00:00:00.494998,0.2,10,0.5,0.8,5,141,COMPLETE
5507,5507,19261.0,2023-11-15 11:08:49.246844,2023-11-15 11:08:49.750352,0 days 00:00:00.503508,0.2,10,0.75,0.9,2,147,COMPLETE
5508,5508,18079.0,2023-11-15 11:08:49.754205,2023-11-15 11:08:50.258317,0 days 00:00:00.504112,0.1,10,0.75,0.9,8,136,COMPLETE
5509,5509,19261.0,2023-11-15 11:08:50.260307,2023-11-15 11:08:50.753598,0 days 00:00:00.493291,0.2,10,0.75,0.9,0,143,COMPLETE
5510,5510,19161.25,2023-11-15 11:08:50.755927,2023-11-15 11:08:51.270507,0 days 00:00:00.514580,0.2,10,1.0,0.9,3,139,COMPLETE
5511,5511,19261.0,2023-11-15 11:08:51.273237,2023-11-15 11:08:51.807460,0 days 00:00:00.534223,0.2,10,0.75,0.9,6,147,COMPLETE
5512,5512,19082.5,2023-11-15 11:08:51.809779,2023-11-15 11:08:52.309773,0 days 00:00:00.499994,0.2,10,0.75,0.9,2,150,COMPLETE
5513,5513,19359.75,2023-11-15 11:08:52.311827,2023-11-15 11:08:52.804425,0 days 00:00:00.492598,0.2,10,1.25,0.4,0,145,COMPLETE
5514,5514,19122.25,2023-11-15 11:08:52.806487,2023-11-15 11:08:53.310806,0 days 00:00:00.504319,0.1,10,0.75,0.8,3,142,COMPLETE
5515,5515,14065.25,2023-11-15 11:08:53.312706,2023-11-15 11:08:53.855494,0 days 00:00:00.542788,0.2,20,0.75,0.2,4,147,COMPLETE
5516,5516,18737.0,2023-11-15 11:08:53.857454,2023-11-15 11:08:54.383181,0 days 00:00:00.525727,0.30000000000000004,10,0.25,0.9,0,144,COMPLETE
5517,5517,18973.0,2023-11-15 11:08:54.385199,2023-11-15 11:08:54.889805,0 days 00:00:00.504606,0.2,10,0.75,0.9,2,141,COMPLETE
5518,5518,19359.75,2023-11-15 11:08:54.891940,2023-11-15 11:08:55.391493,0 days 00:00:00.499553,0.1,10,0.5,0.9,6,148,COMPLETE
5519,5519,19067.5,2023-11-15 11:08:55.393522,2023-11-15 11:08:55.929932,0 days 00:00:00.536410,0.2,10,1.0,0.9,34,137,COMPLETE
5520,5520,11753.5,2023-11-15 11:08:55.932011,2023-11-15 11:08:56.493355,0 days 00:00:00.561344,0.2,10,0.75,0.9,100,145,COMPLETE
5521,5521,18393.5,2023-11-15 11:08:56.495326,2023-11-15 11:08:56.993852,0 days 00:00:00.498526,0.2,20,0.75,0.9,10,150,COMPLETE
5522,5522,18875.5,2023-11-15 11:08:56.996073,2023-11-15 11:08:57.492594,0 days 00:00:00.496521,0.2,10,0.75,0.7000000000000001,4,140,COMPLETE
5523,5523,19359.75,2023-11-15 11:08:57.494580,2023-11-15 11:08:57.992527,0 days 00:00:00.497947,0.1,10,0.75,0.9,0,145,COMPLETE
5524,5524,19050.0,2023-11-15 11:08:57.994643,2023-11-15 11:08:58.496137,0 days 00:00:00.501494,0.2,10,1.0,0.9,2,143,COMPLETE
5525,5525,17714.25,2023-11-15 11:08:58.499045,2023-11-15 11:08:59.043450,0 days 00:00:00.544405,0.8,10,0.75,0.9,4,148,COMPLETE
5526,5526,17944.5,2023-11-15 11:08:59.047344,2023-11-15 11:08:59.583265,0 days 00:00:00.535921,0.30000000000000004,10,0.75,0.8,8,133,COMPLETE
5527,5527,19261.0,2023-11-15 11:08:59.585421,2023-11-15 11:09:00.123460,0 days 00:00:00.538039,0.2,10,0.5,0.5,0,141,COMPLETE
5528,5528,18072.75,2023-11-15 11:09:00.126075,2023-11-15 11:09:00.720508,0 days 00:00:00.594433,0.1,10,0.75,0.9,2,24,COMPLETE
5529,5529,19001.5,2023-11-15 11:09:00.722973,2023-11-15 11:09:01.332298,0 days 00:00:00.609325,0.2,10,1.25,0.9,6,147,COMPLETE
5530,5530,18393.5,2023-11-15 11:09:01.334699,2023-11-15 11:09:01.920534,0 days 00:00:00.585835,0.2,20,0.75,0.9,2,150,COMPLETE
5531,5531,19359.75,2023-11-15 11:09:01.923072,2023-11-15 11:09:02.423291,0 days 00:00:00.500219,0.2,10,0.75,0.9,0,145,COMPLETE
5532,5532,19082.0,2023-11-15 11:09:02.425822,2023-11-15 11:09:02.912547,0 days 00:00:00.486725,0.2,10,0.75,0.9,14,138,COMPLETE
5533,5533,0.0,2023-11-15 11:09:02.914603,2023-11-15 11:09:03.405840,0 days 00:00:00.491237,0.5,10,1.0,0.8,4,9,COMPLETE
5534,5534,19166.0,2023-11-15 11:09:03.407818,2023-11-15 11:09:03.927002,0 days 00:00:00.519184,0.1,10,0.75,0.9,2,143,COMPLETE
5535,5535,19261.0,2023-11-15 11:09:03.929737,2023-11-15 11:09:04.421433,0 days 00:00:00.491696,0.2,10,0.75,0.9,5,147,COMPLETE
5536,5536,19082.25,2023-11-15 11:09:04.423667,2023-11-15 11:09:04.919373,0 days 00:00:00.495706,0.4,10,0.75,0.9,0,141,COMPLETE
5537,5537,19292.25,2023-11-15 11:09:04.922431,2023-11-15 11:09:05.414144,0 days 00:00:00.491713,0.2,10,0.75,0.9,2,145,COMPLETE
5538,5538,17547.5,2023-11-15 11:09:05.416191,2023-11-15 11:09:05.925475,0 days 00:00:00.509284,0.2,20,1.25,0.6,4,150,COMPLETE
5539,5539,14191.75,2023-11-15 11:09:05.927378,2023-11-15 11:09:06.460352,0 days 00:00:00.532974,0.2,80,0.25,0.9,7,143,COMPLETE
5540,5540,19261.0,2023-11-15 11:09:06.462531,2023-11-15 11:09:06.974428,0 days 00:00:00.511897,0.2,10,0.5,0.7000000000000001,0,147,COMPLETE
5541,5541,0.0,2023-11-15 11:09:06.976533,2023-11-15 11:09:07.505879,0 days 00:00:00.529346,0.1,10,1.0,0.9,2,17,COMPLETE
5542,5542,18575.0,2023-11-15 11:09:07.508448,2023-11-15 11:09:08.023243,0 days 00:00:00.514795,0.30000000000000004,10,0.75,0.9,4,139,COMPLETE
5543,5543,18330.75,2023-11-15 11:09:08.025912,2023-11-15 11:09:08.520940,0 days 00:00:00.495028,0.2,10,0.75,0.9,0,55,COMPLETE
5544,5544,18441.25,2023-11-15 11:09:08.523136,2023-11-15 11:09:09.026588,0 days 00:00:00.503452,0.1,10,0.75,0.8,6,145,COMPLETE
5545,5545,18512.5,2023-11-15 11:09:09.029720,2023-11-15 11:09:09.530383,0 days 00:00:00.500663,0.2,10,1.0,0.9,10,136,COMPLETE
5546,5546,18331.5,2023-11-15 11:09:09.532540,2023-11-15 11:09:10.047397,0 days 00:00:00.514857,0.2,10,0.75,0.9,48,150,COMPLETE
5547,5547,19051.5,2023-11-15 11:09:10.049505,2023-11-15 11:09:10.549412,0 days 00:00:00.499907,0.2,10,0.75,0.9,2,142,COMPLETE
5548,5548,19261.0,2023-11-15 11:09:10.551435,2023-11-15 11:09:11.081611,0 days 00:00:00.530176,0.2,10,0.75,0.9,4,147,COMPLETE
5549,5549,19170.25,2023-11-15 11:09:11.084318,2023-11-15 11:09:11.594514,0 days 00:00:00.510196,0.1,10,1.25,0.9,0,144,COMPLETE
5550,5550,19049.0,2023-11-15 11:09:11.596625,2023-11-15 11:09:12.098377,0 days 00:00:00.501752,0.2,10,0.75,0.9,2,140,COMPLETE
5551,5551,18927.5,2023-11-15 11:09:12.100309,2023-11-15 11:09:12.602472,0 days 00:00:00.502163,0.2,10,0.5,0.9,7,147,COMPLETE
5552,5552,18394.75,2023-11-15 11:09:12.605167,2023-11-15 11:09:13.104515,0 days 00:00:00.499348,0.2,20,0.75,0.8,3,143,COMPLETE
5553,5553,19271.0,2023-11-15 11:09:13.106679,2023-11-15 11:09:13.612541,0 days 00:00:00.505862,0.2,10,0.75,0.9,0,148,COMPLETE
5554,5554,19263.25,2023-11-15 11:09:13.614455,2023-11-15 11:09:14.127546,0 days 00:00:00.513091,0.1,10,1.0,0.9,5,145,COMPLETE
5555,5555,11917.0,2023-11-15 11:09:14.129591,2023-11-15 11:09:14.707363,0 days 00:00:00.577772,0.30000000000000004,10,0.75,0.5,2,139,COMPLETE
5556,5556,19359.75,2023-11-15 11:09:14.709453,2023-11-15 11:09:15.209217,0 days 00:00:00.499764,0.2,10,0.75,0.4,0,148,COMPLETE
5557,5557,13720.75,2023-11-15 11:09:15.211115,2023-11-15 11:09:15.852985,0 days 00:00:00.641870,0.2,90,0.75,0.9,4,150,COMPLETE
5558,5558,19170.5,2023-11-15 11:09:15.858023,2023-11-15 11:09:16.387097,0 days 00:00:00.529074,0.1,10,0.75,0.9,8,142,COMPLETE
5559,5559,19093.25,2023-11-15 11:09:16.390428,2023-11-15 11:09:16.895393,0 days 00:00:00.504965,0.2,10,1.0,0.9,12,145,COMPLETE
5560,5560,13048.75,2023-11-15 11:09:16.897382,2023-11-15 11:09:17.450269,0 days 00:00:00.552887,0.2,10,1.5,0.6,2,136,COMPLETE
5561,5561,18398.5,2023-11-15 11:09:17.452151,2023-11-15 11:09:17.958894,0 days 00:00:00.506743,0.2,20,1.25,0.9,0,145,COMPLETE
5562,5562,18856.0,2023-11-15 11:09:17.961020,2023-11-15 11:09:18.484461,0 days 00:00:00.523441,0.1,10,0.75,0.9,5,141,COMPLETE
5563,5563,15066.5,2023-11-15 11:09:18.486767,2023-11-15 11:09:19.016582,0 days 00:00:00.529815,0.30000000000000004,60,0.5,0.8,2,107,COMPLETE
5564,5564,16460.25,2023-11-15 11:09:19.018522,2023-11-15 11:09:19.549402,0 days 00:00:00.530880,0.2,10,0.75,0.30000000000000004,3,150,COMPLETE
5565,5565,19261.0,2023-11-15 11:09:19.551492,2023-11-15 11:09:20.051187,0 days 00:00:00.499695,0.2,10,0.75,0.9,6,147,COMPLETE
5566,5566,19261.0,2023-11-15 11:09:20.054580,2023-11-15 11:09:20.558737,0 days 00:00:00.504157,0.2,10,0.75,0.9,0,143,COMPLETE
5567,5567,17970.0,2023-11-15 11:09:20.560692,2023-11-15 11:09:21.090078,0 days 00:00:00.529386,0.6,10,0.75,0.9,2,147,COMPLETE
5568,5568,18637.25,2023-11-15 11:09:21.092130,2023-11-15 11:09:21.702146,0 days 00:00:00.610016,0.2,10,0.25,0.9,4,139,COMPLETE
5569,5569,19261.0,2023-11-15 11:09:21.704924,2023-11-15 11:09:22.205371,0 days 00:00:00.500447,0.1,10,1.0,0.9,0,143,COMPLETE
5570,5570,18588.25,2023-11-15 11:09:22.207322,2023-11-15 11:09:22.713270,0 days 00:00:00.505948,0.2,20,0.75,0.9,2,145,COMPLETE
5571,5571,18491.0,2023-11-15 11:09:22.715439,2023-11-15 11:09:23.228266,0 days 00:00:00.512827,0.2,10,1.25,0.7000000000000001,4,150,COMPLETE
5572,5572,19066.25,2023-11-15 11:09:23.230181,2023-11-15 11:09:23.730021,0 days 00:00:00.499840,0.2,10,0.75,0.9,21,141,COMPLETE
5573,5573,18609.75,2023-11-15 11:09:23.731952,2023-11-15 11:09:24.242306,0 days 00:00:00.510354,0.1,10,0.5,0.8,9,147,COMPLETE
5574,5574,17462.75,2023-11-15 11:09:24.244892,2023-11-15 11:09:24.762648,0 days 00:00:00.517756,0.2,30,0.75,0.9,0,138,COMPLETE
5575,5575,19292.25,2023-11-15 11:09:24.764660,2023-11-15 11:09:25.291773,0 days 00:00:00.527113,0.2,10,0.75,0.9,2,145,COMPLETE
5576,5576,19093.75,2023-11-15 11:09:25.293719,2023-11-15 11:09:25.806763,0 days 00:00:00.513044,0.2,10,0.75,0.9,6,142,COMPLETE
5577,5577,19271.0,2023-11-15 11:09:25.809797,2023-11-15 11:09:26.312189,0 days 00:00:00.502392,0.30000000000000004,10,0.75,0.9,0,148,COMPLETE
5578,5578,18861.25,2023-11-15 11:09:26.314188,2023-11-15 11:09:26.822751,0 days 00:00:00.508563,0.1,10,1.0,0.9,4,126,COMPLETE
5579,5579,19262.25,2023-11-15 11:09:26.825389,2023-11-15 11:09:27.335734,0 days 00:00:00.510345,0.2,10,1.75,0.9,2,145,COMPLETE
5580,5580,18311.75,2023-11-15 11:09:27.338414,2023-11-15 11:09:27.834765,0 days 00:00:00.496351,0.2,10,0.75,0.8,7,133,COMPLETE
5581,5581,19082.5,2023-11-15 11:09:27.836953,2023-11-15 11:09:28.335306,0 days 00:00:00.498353,0.2,10,0.75,0.9,2,150,COMPLETE
5582,5582,18394.75,2023-11-15 11:09:28.337829,2023-11-15 11:09:28.855881,0 days 00:00:00.518052,0.1,20,1.5,0.1,0,141,COMPLETE
5583,5583,19261.0,2023-11-15 11:09:28.859208,2023-11-15 11:09:29.506534,0 days 00:00:00.647326,0.5,10,1.0,0.9,4,147,COMPLETE
5584,5584,18992.75,2023-11-15 11:09:29.509267,2023-11-15 11:09:30.103329,0 days 00:00:00.594062,0.2,10,0.75,0.9,2,143,COMPLETE
5585,5585,4473.5,2023-11-15 11:09:30.105847,2023-11-15 11:09:30.766794,0 days 00:00:00.660947,0.2,10,1.25,0.5,5,138,COMPLETE
5586,5586,19359.75,2023-11-15 11:09:30.768720,2023-11-15 11:09:31.275809,0 days 00:00:00.507089,0.2,10,0.75,0.9,0,145,COMPLETE
5587,5587,19163.5,2023-11-15 11:09:31.278385,2023-11-15 11:09:31.796704,0 days 00:00:00.518319,0.2,10,0.75,0.9,8,150,COMPLETE
5588,5588,19261.0,2023-11-15 11:09:31.798639,2023-11-15 11:09:32.308859,0 days 00:00:00.510220,0.2,10,0.75,0.9,3,147,COMPLETE
5589,5589,19261.0,2023-11-15 11:09:32.311025,2023-11-15 11:09:32.816924,0 days 00:00:00.505899,0.1,10,1.0,0.6,0,143,COMPLETE
5590,5590,18506.25,2023-11-15 11:09:32.819172,2023-11-15 11:09:33.371872,0 days 00:00:00.552700,0.2,10,0.25,0.7000000000000001,6,140,COMPLETE
5591,5591,12350.0,2023-11-15 11:09:33.373842,2023-11-15 11:09:33.927939,0 days 00:00:00.554097,0.2,10,0.5,0.4,74,135,COMPLETE
5592,5592,17759.25,2023-11-15 11:09:33.929910,2023-11-15 11:09:34.430941,0 days 00:00:00.501031,0.1,10,0.75,0.9,2,35,COMPLETE
5593,5593,19263.0,2023-11-15 11:09:34.432886,2023-11-15 11:09:34.940458,0 days 00:00:00.507572,0.4,10,0.75,0.9,4,145,COMPLETE
5594,5594,18488.0,2023-11-15 11:09:34.942975,2023-11-15 11:09:35.464369,0 days 00:00:00.521394,0.2,20,0.75,0.9,0,148,COMPLETE
5595,5595,18339.5,2023-11-15 11:09:35.466388,2023-11-15 11:09:35.966007,0 days 00:00:00.499619,0.2,10,0.75,0.8,2,93,COMPLETE
5596,5596,19050.0,2023-11-15 11:09:35.968016,2023-11-15 11:09:36.475924,0 days 00:00:00.507908,0.2,10,1.0,0.9,4,143,COMPLETE
5597,5597,19261.0,2023-11-15 11:09:36.477870,2023-11-15 11:09:37.009414,0 days 00:00:00.531544,0.2,10,0.75,0.9,2,147,COMPLETE
5598,5598,19067.25,2023-11-15 11:09:37.011380,2023-11-15 11:09:37.521391,0 days 00:00:00.510011,0.30000000000000004,10,1.25,0.9,6,140,COMPLETE
5599,5599,19261.0,2023-11-15 11:09:37.523453,2023-11-15 11:09:38.033768,0 days 00:00:00.510315,0.1,10,0.75,0.9,0,150,COMPLETE
5600,5600,19265.0,2023-11-15 11:09:38.035681,2023-11-15 11:09:38.543193,0 days 00:00:00.507512,0.2,10,0.5,0.9,3,145,COMPLETE
5601,5601,19260.75,2023-11-15 11:09:38.545184,2023-11-15 11:09:39.048540,0 days 00:00:00.503356,0.30000000000000004,10,0.75,0.9,0,101,COMPLETE
5602,5602,19161.25,2023-11-15 11:09:39.050653,2023-11-15 11:09:39.558852,0 days 00:00:00.508199,0.2,10,0.75,0.9,5,137,COMPLETE
