,number,value,datetime_start,datetime_complete,duration,params_alpha,params_decay_interval,params_decay_rate,params_gamma,params_initialization,params_max_steps,state
1877,1877,19261.0,2023-11-15 10:46:25.063038,2023-11-15 10:46:25.261814,0 days 00:00:00.198776,0.2,10,0.75,0.9,3,147,COMPLETE
1878,1878,19261.0,2023-11-15 10:46:25.264375,2023-11-15 10:46:25.567950,0 days 00:00:00.303575,0.2,10,0.75,0.9,0,143,COMPLETE
1879,1879,18972.0,2023-11-15 10:46:25.619680,2023-11-15 10:46:25.941692,0 days 00:00:00.322012,0.1,10,0.75,0.9,4,141,COMPLETE
1880,1880,12252.0,2023-11-15 10:46:25.944095,2023-11-15 10:46:26.240398,0 days 00:00:00.296303,0.2,20,1.0,0.8,64,150,COMPLETE
1881,1881,16888.75,2023-11-15 10:46:26.241610,2023-11-15 10:46:26.550240,0 days 00:00:00.308630,0.2,10,0.75,0.5,2,145,COMPLETE
1882,1882,19261.0,2023-11-15 10:46:26.551503,2023-11-15 10:46:26.849293,0 days 00:00:00.297790,0.1,10,0.5,0.9,6,147,COMPLETE
1883,1883,19065.75,2023-11-15 10:46:26.850717,2023-11-15 10:46:27.229081,0 days 00:00:00.378364,0.2,10,0.75,0.9,0,136,COMPLETE
1884,1884,17109.5,2023-11-15 10:46:27.230410,2023-11-15 10:46:27.514088,0 days 00:00:00.283678,0.30000000000000004,10,0.75,0.6,3,141,COMPLETE
1885,1885,19292.25,2023-11-15 10:46:27.515326,2023-11-15 10:46:27.804399,0 days 00:00:00.289073,0.2,10,0.75,0.9,2,145,COMPLETE
1886,1886,18873.0,2023-11-15 10:46:27.841120,2023-11-15 10:46:28.198295,0 days 00:00:00.357175,0.2,10,1.0,0.9,8,150,COMPLETE
1887,1887,18511.25,2023-11-15 10:46:28.199924,2023-11-15 10:46:28.449039,0 days 00:00:00.249115,0.2,10,0.25,0.9,17,106,COMPLETE
1888,1888,15022.0,2023-11-15 10:46:28.450430,2023-11-15 10:46:28.745088,0 days 00:00:00.294658,0.1,10,0.75,0.5,5,143,COMPLETE
1889,1889,19261.0,2023-11-15 10:46:28.749599,2023-11-15 10:46:29.092729,0 days 00:00:00.343130,0.2,10,0.75,0.9,0,147,COMPLETE
1890,1890,18985.25,2023-11-15 10:46:29.094815,2023-11-15 10:46:29.394943,0 days 00:00:00.300128,0.2,10,0.75,0.8,2,138,COMPLETE
1891,1891,18584.75,2023-11-15 10:46:29.399649,2023-11-15 10:46:29.651594,0 days 00:00:00.251945,0.2,20,0.75,0.9,4,147,COMPLETE
1892,1892,19066.25,2023-11-15 10:46:29.652925,2023-11-15 10:46:29.902384,0 days 00:00:00.249459,0.2,10,0.75,0.9,12,140,COMPLETE
1893,1893,19261.0,2023-11-15 10:46:29.903699,2023-11-15 10:46:30.133508,0 days 00:00:00.229809,0.1,10,0.5,0.9,0,143,COMPLETE
1894,1894,19359.75,2023-11-15 10:46:30.134881,2023-11-15 10:46:30.365899,0 days 00:00:00.231018,0.30000000000000004,10,0.75,0.9,2,148,COMPLETE
1895,1895,18392.0,2023-11-15 10:46:30.367778,2023-11-15 10:46:30.629586,0 days 00:00:00.261808,0.8,10,1.0,0.9,5,145,COMPLETE
1896,1896,19082.5,2023-11-15 10:46:30.631095,2023-11-15 10:46:30.852197,0 days 00:00:00.221102,0.2,10,0.75,0.9,2,150,COMPLETE
1897,1897,19261.0,2023-11-15 10:46:30.853782,2023-11-15 10:46:31.053809,0 days 00:00:00.200027,0.2,10,0.75,0.9,0,142,COMPLETE
1898,1898,19359.75,2023-11-15 10:46:31.055482,2023-11-15 10:46:31.276514,0 days 00:00:00.221032,0.2,10,0.75,0.9,4,145,COMPLETE
1899,1899,15930.0,2023-11-15 10:46:31.279051,2023-11-15 10:46:31.542253,0 days 00:00:00.263202,0.2,50,0.75,0.8,46,139,COMPLETE
1900,1900,17832.25,2023-11-15 10:46:31.544929,2023-11-15 10:46:31.836506,0 days 00:00:00.291577,0.1,10,0.75,0.7000000000000001,8,148,COMPLETE
1901,1901,18872.5,2023-11-15 10:46:31.837710,2023-11-15 10:46:32.062621,0 days 00:00:00.224911,0.2,10,1.0,0.9,2,134,COMPLETE
1902,1902,19091.75,2023-11-15 10:46:32.063845,2023-11-15 10:46:32.292186,0 days 00:00:00.228341,0.1,10,0.75,0.9,6,143,COMPLETE
1903,1903,18501.5,2023-11-15 10:46:32.293689,2023-11-15 10:46:32.535906,0 days 00:00:00.242217,0.2,20,0.5,0.9,0,145,COMPLETE
1904,1904,19201.25,2023-11-15 10:46:32.537093,2023-11-15 10:46:32.763820,0 days 00:00:00.226727,0.2,10,0.75,0.9,3,148,COMPLETE
1905,1905,19261.0,2023-11-15 10:46:32.765680,2023-11-15 10:46:32.993254,0 days 00:00:00.227574,0.2,10,1.0,0.9,0,140,COMPLETE
1906,1906,19111.25,2023-11-15 10:46:32.995366,2023-11-15 10:46:33.221228,0 days 00:00:00.225862,0.2,10,0.75,0.9,4,150,COMPLETE
1907,1907,19359.75,2023-11-15 10:46:33.222479,2023-11-15 10:46:33.442662,0 days 00:00:00.220183,0.30000000000000004,10,0.75,0.9,2,145,COMPLETE
1908,1908,14445.0,2023-11-15 10:46:33.444438,2023-11-15 10:46:33.697519,0 days 00:00:00.253081,0.2,10,0.75,0.6,10,142,COMPLETE
1909,1909,13935.25,2023-11-15 10:46:33.699239,2023-11-15 10:46:33.972359,0 days 00:00:00.273120,0.1,20,0.75,0.8,71,147,COMPLETE
1910,1910,19161.25,2023-11-15 10:46:33.973558,2023-11-15 10:46:34.207076,0 days 00:00:00.233518,0.2,10,0.75,0.9,6,137,COMPLETE
1911,1911,19261.0,2023-11-15 10:46:34.208819,2023-11-15 10:46:34.445306,0 days 00:00:00.236487,0.2,10,0.75,0.9,0,143,COMPLETE
1912,1912,19261.0,2023-11-15 10:46:34.446981,2023-11-15 10:46:34.733942,0 days 00:00:00.286961,0.2,10,2.0,0.9,2,147,COMPLETE
1913,1913,18900.25,2023-11-15 10:46:34.735902,2023-11-15 10:46:35.053455,0 days 00:00:00.317553,0.1,10,0.25,0.9,4,141,COMPLETE
1914,1914,19132.0,2023-11-15 10:46:35.059319,2023-11-15 10:46:35.380378,0 days 00:00:00.321059,0.2,10,1.0,0.9,2,150,COMPLETE
1915,1915,19359.75,2023-11-15 10:46:35.382533,2023-11-15 10:46:35.629591,0 days 00:00:00.247058,0.2,10,0.5,0.5,0,145,COMPLETE
1916,1916,15215.5,2023-11-15 10:46:35.631047,2023-11-15 10:46:35.941823,0 days 00:00:00.310776,0.30000000000000004,70,0.75,0.9,7,145,COMPLETE
1917,1917,19065.25,2023-11-15 10:46:35.943438,2023-11-15 10:46:36.301675,0 days 00:00:00.358237,0.2,10,0.75,0.9,5,132,COMPLETE
1918,1918,18296.0,2023-11-15 10:46:36.303956,2023-11-15 10:46:36.536114,0 days 00:00:00.232158,0.1,10,0.75,0.7000000000000001,3,139,COMPLETE
1919,1919,19172.25,2023-11-15 10:46:36.537978,2023-11-15 10:46:36.770972,0 days 00:00:00.232994,0.2,10,1.0,0.9,0,147,COMPLETE
1920,1920,18992.75,2023-11-15 10:46:36.772160,2023-11-15 10:46:37.024188,0 days 00:00:00.252028,0.2,10,0.75,0.9,2,143,COMPLETE
1921,1921,19111.25,2023-11-15 10:46:37.025466,2023-11-15 10:46:37.247433,0 days 00:00:00.221967,0.2,10,0.75,0.9,5,150,COMPLETE
1922,1922,18394.75,2023-11-15 10:46:37.248693,2023-11-15 10:46:37.477110,0 days 00:00:00.228417,0.2,20,0.75,0.9,0,141,COMPLETE
1923,1923,18360.75,2023-11-15 10:46:37.478795,2023-11-15 10:46:37.708836,0 days 00:00:00.230041,0.1,10,0.75,0.8,3,91,COMPLETE
1924,1924,19261.0,2023-11-15 10:46:37.710409,2023-11-15 10:46:37.922323,0 days 00:00:00.211914,0.2,10,0.75,0.9,8,147,COMPLETE
1925,1925,18986.75,2023-11-15 10:46:37.923514,2023-11-15 10:46:38.138695,0 days 00:00:00.215181,0.2,10,0.75,0.9,2,119,COMPLETE
1926,1926,0.0,2023-11-15 10:46:38.139914,2023-11-15 10:46:38.366572,0 days 00:00:00.226658,0.2,10,0.5,0.9,4,11,COMPLETE
1927,1927,19172.25,2023-11-15 10:46:38.367932,2023-11-15 10:46:38.580445,0 days 00:00:00.212513,0.2,10,1.0,0.9,0,144,COMPLETE
1928,1928,18981.0,2023-11-15 10:46:38.581847,2023-11-15 10:46:38.805507,0 days 00:00:00.223660,0.1,10,0.75,0.9,2,138,COMPLETE
1929,1929,13219.5,2023-11-15 10:46:38.807047,2023-11-15 10:46:39.050421,0 days 00:00:00.243374,0.2,80,0.75,0.9,5,113,COMPLETE
1930,1930,19261.0,2023-11-15 10:46:39.051682,2023-11-15 10:46:39.264006,0 days 00:00:00.212324,0.2,10,0.75,0.8,0,147,COMPLETE
1931,1931,19166.0,2023-11-15 10:46:39.265475,2023-11-15 10:46:39.482709,0 days 00:00:00.217234,0.1,10,0.75,0.9,2,143,COMPLETE
1932,1932,19132.0,2023-11-15 10:46:39.484025,2023-11-15 10:46:39.832128,0 days 00:00:00.348103,0.2,10,1.0,0.9,4,150,COMPLETE
1933,1933,18394.75,2023-11-15 10:46:39.840621,2023-11-15 10:46:40.133313,0 days 00:00:00.292692,0.30000000000000004,20,0.75,0.9,7,141,COMPLETE
1934,1934,19359.75,2023-11-15 10:46:40.135136,2023-11-15 10:46:40.442647,0 days 00:00:00.307511,0.4,10,0.75,0.9,0,145,COMPLETE
1935,1935,18874.0,2023-11-15 10:46:40.444452,2023-11-15 10:46:40.671724,0 days 00:00:00.227272,0.2,10,0.5,0.9,2,135,COMPLETE
1936,1936,19261.0,2023-11-15 10:46:40.673173,2023-11-15 10:46:40.912188,0 days 00:00:00.239015,0.2,10,0.75,0.9,6,147,COMPLETE
1937,1937,19066.25,2023-11-15 10:46:40.913396,2023-11-15 10:46:41.120742,0 days 00:00:00.207346,0.2,10,0.75,0.9,10,140,COMPLETE
1938,1938,16197.0,2023-11-15 10:46:41.122202,2023-11-15 10:46:41.358800,0 days 00:00:00.236598,0.2,40,0.75,0.8,4,144,COMPLETE
1939,1939,17705.5,2023-11-15 10:46:41.360438,2023-11-15 10:46:41.620860,0 days 00:00:00.260422,0.7000000000000001,10,0.25,0.6,0,148,COMPLETE
1940,1940,19132.0,2023-11-15 10:46:41.622547,2023-11-15 10:46:41.832337,0 days 00:00:00.209790,0.1,10,1.0,0.9,2,150,COMPLETE
1941,1941,18394.75,2023-11-15 10:46:41.833683,2023-11-15 10:46:42.049561,0 days 00:00:00.215878,0.2,20,0.75,0.9,4,143,COMPLETE
1942,1942,19292.25,2023-11-15 10:46:42.051455,2023-11-15 10:46:42.270534,0 days 00:00:00.219079,0.2,10,0.75,0.9,2,145,COMPLETE
1943,1943,18903.0,2023-11-15 10:46:42.271835,2023-11-15 10:46:42.478768,0 days 00:00:00.206933,0.2,10,0.75,0.9,0,56,COMPLETE
1944,1944,19161.25,2023-11-15 10:46:42.480038,2023-11-15 10:46:42.688547,0 days 00:00:00.208509,0.1,10,0.75,0.9,6,137,COMPLETE
1945,1945,19197.25,2023-11-15 10:46:42.689986,2023-11-15 10:46:42.909984,0 days 00:00:00.219998,0.30000000000000004,10,1.0,0.8,14,147,COMPLETE
1946,1946,18969.5,2023-11-15 10:46:42.912039,2023-11-15 10:46:43.120858,0 days 00:00:00.208819,0.2,10,0.75,0.7000000000000001,2,141,COMPLETE
1947,1947,18990.75,2023-11-15 10:46:43.122077,2023-11-15 10:46:43.336230,0 days 00:00:00.214153,0.2,10,0.5,0.9,37,150,COMPLETE
1948,1948,19359.75,2023-11-15 10:46:43.337541,2023-11-15 10:46:43.545285,0 days 00:00:00.207744,0.2,10,0.75,0.9,0,145,COMPLETE
1949,1949,15190.5,2023-11-15 10:46:43.546567,2023-11-15 10:46:43.790955,0 days 00:00:00.244388,0.1,20,0.75,0.5,4,140,COMPLETE
1950,1950,19261.0,2023-11-15 10:46:43.792286,2023-11-15 10:46:44.001306,0 days 00:00:00.209020,0.2,10,0.75,0.9,8,147,COMPLETE
1951,1951,18992.75,2023-11-15 10:46:44.003200,2023-11-15 10:46:44.216878,0 days 00:00:00.213678,0.2,10,0.75,0.9,2,143,COMPLETE
1952,1952,19172.25,2023-11-15 10:46:44.218220,2023-11-15 10:46:44.452224,0 days 00:00:00.234004,0.2,10,1.0,0.9,0,147,COMPLETE
1953,1953,18800.0,2023-11-15 10:46:44.453574,2023-11-15 10:46:44.670412,0 days 00:00:00.216838,0.1,10,0.25,0.9,3,142,COMPLETE
1954,1954,19111.25,2023-11-15 10:46:44.672448,2023-11-15 10:46:44.883431,0 days 00:00:00.210983,0.2,10,0.75,0.9,6,150,COMPLETE
1955,1955,19004.0,2023-11-15 10:46:44.884661,2023-11-15 10:46:45.100289,0 days 00:00:00.215628,0.30000000000000004,10,0.75,0.8,4,145,COMPLETE
1956,1956,12851.25,2023-11-15 10:46:45.102138,2023-11-15 10:46:45.369044,0 days 00:00:00.266906,0.2,10,0.75,0.9,81,138,COMPLETE
1957,1957,19261.0,2023-11-15 10:46:45.370358,2023-11-15 10:46:45.583588,0 days 00:00:00.213230,0.4,10,0.75,0.9,0,143,COMPLETE
1958,1958,18035.75,2023-11-15 10:46:45.584811,2023-11-15 10:46:45.810821,0 days 00:00:00.226010,0.1,10,0.5,0.9,53,147,COMPLETE
1959,1959,19261.0,2023-11-15 10:46:45.812530,2023-11-15 10:46:46.024489,0 days 00:00:00.211959,0.2,10,1.0,0.9,2,140,COMPLETE
1960,1960,19292.25,2023-11-15 10:46:46.025781,2023-11-15 10:46:46.243482,0 days 00:00:00.217701,0.2,10,0.75,0.9,2,145,COMPLETE
1961,1961,13023.5,2023-11-15 10:46:46.246093,2023-11-15 10:46:46.501150,0 days 00:00:00.255057,0.2,100,0.75,0.9,9,150,COMPLETE
1962,1962,16288.25,2023-11-15 10:46:46.502388,2023-11-15 10:46:46.740119,0 days 00:00:00.237731,0.1,10,0.75,0.6,5,143,COMPLETE
1963,1963,18554.5,2023-11-15 10:46:46.741428,2023-11-15 10:46:46.956697,0 days 00:00:00.215269,0.2,20,0.75,0.9,0,147,COMPLETE
1964,1964,0.0,2023-11-15 10:46:46.957944,2023-11-15 10:46:47.172142,0 days 00:00:00.214198,0.2,10,0.75,0.7000000000000001,4,18,COMPLETE
1965,1965,13508.0,2023-11-15 10:46:47.173418,2023-11-15 10:46:47.470640,0 days 00:00:00.297222,0.9,10,1.0,0.9,2,137,COMPLETE
1966,1966,19262.25,2023-11-15 10:46:47.471902,2023-11-15 10:46:47.680624,0 days 00:00:00.208722,0.2,10,1.5,0.8,0,145,COMPLETE
1967,1967,17937.25,2023-11-15 10:46:47.681830,2023-11-15 10:46:47.886565,0 days 00:00:00.204735,0.2,10,0.75,0.9,7,49,COMPLETE
1968,1968,15746.0,2023-11-15 10:46:47.888348,2023-11-15 10:46:48.120714,0 days 00:00:00.232366,0.2,50,0.75,0.9,3,141,COMPLETE
1969,1969,19271.0,2023-11-15 10:46:48.121955,2023-11-15 10:46:48.331919,0 days 00:00:00.209964,0.1,10,0.75,0.9,0,148,COMPLETE
1970,1970,18308.75,2023-11-15 10:46:48.333141,2023-11-15 10:46:48.566510,0 days 00:00:00.233369,0.2,20,0.5,0.9,4,143,COMPLETE
1971,1971,19082.5,2023-11-15 10:46:48.567759,2023-11-15 10:46:48.782878,0 days 00:00:00.215119,0.2,10,0.75,0.9,2,150,COMPLETE
1972,1972,19328.25,2023-11-15 10:46:48.784133,2023-11-15 10:46:48.995450,0 days 00:00:00.211317,0.2,10,1.0,0.9,6,145,COMPLETE
1973,1973,18818.25,2023-11-15 10:46:48.996751,2023-11-15 10:46:49.210612,0 days 00:00:00.213861,0.1,10,0.75,0.8,2,139,COMPLETE
1974,1974,0.0,2023-11-15 10:46:49.212582,2023-11-15 10:46:49.461974,0 days 00:00:00.249392,0.30000000000000004,10,0.75,0.9,0,28,COMPLETE
1975,1975,19067.0,2023-11-15 10:46:49.463544,2023-11-15 10:46:49.672877,0 days 00:00:00.209333,0.2,10,0.75,0.9,4,134,COMPLETE
1976,1976,12541.75,2023-11-15 10:46:49.674178,2023-11-15 10:46:49.992838,0 days 00:00:00.318660,0.2,10,0.75,0.5,2,147,COMPLETE
1977,1977,18786.75,2023-11-15 10:46:49.994627,2023-11-15 10:46:50.237243,0 days 00:00:00.242616,0.1,10,0.25,0.9,6,142,COMPLETE
1978,1978,19261.0,2023-11-15 10:46:50.238817,2023-11-15 10:46:50.495177,0 days 00:00:00.256360,0.2,10,0.75,0.9,0,147,COMPLETE
1979,1979,19111.25,2023-11-15 10:46:50.497016,2023-11-15 10:46:50.746423,0 days 00:00:00.249407,0.2,10,0.75,0.9,4,150,COMPLETE
1980,1980,19172.75,2023-11-15 10:46:50.748201,2023-11-15 10:46:50.991314,0 days 00:00:00.243113,0.2,10,1.0,0.9,9,145,COMPLETE
1981,1981,19261.0,2023-11-15 10:46:50.993113,2023-11-15 10:46:51.247924,0 days 00:00:00.254811,0.2,10,0.5,0.9,2,140,COMPLETE
1982,1982,19261.0,2023-11-15 10:46:51.249889,2023-11-15 10:46:51.507058,0 days 00:00:00.257169,0.2,10,0.75,0.8,0,144,COMPLETE
1983,1983,19359.75,2023-11-15 10:46:51.508950,2023-11-15 10:46:51.747294,0 days 00:00:00.238344,0.1,10,0.75,0.9,2,148,COMPLETE
1984,1984,18267.5,2023-11-15 10:46:51.749176,2023-11-15 10:46:51.963779,0 days 00:00:00.214603,0.30000000000000004,20,1.0,0.9,6,142,COMPLETE
1985,1985,18890.0,2023-11-15 10:46:51.965232,2023-11-15 10:46:52.187736,0 days 00:00:00.222504,0.2,10,0.75,0.9,4,136,COMPLETE
1986,1986,19359.75,2023-11-15 10:46:52.188915,2023-11-15 10:46:52.405886,0 days 00:00:00.216971,0.2,10,0.75,0.9,0,145,COMPLETE
1987,1987,13919.75,2023-11-15 10:46:52.407260,2023-11-15 10:46:52.658930,0 days 00:00:00.251670,0.1,90,0.75,0.9,2,148,COMPLETE
1988,1988,18867.0,2023-11-15 10:46:52.660536,2023-11-15 10:46:52.883014,0 days 00:00:00.222478,0.2,10,0.75,0.9,12,139,COMPLETE
1989,1989,0.0,2023-11-15 10:46:52.884483,2023-11-15 10:46:53.071753,0 days 00:00:00.187270,0.2,10,0.75,0.9,0,1,COMPLETE
1990,1990,18784.5,2023-11-15 10:46:53.073446,2023-11-15 10:46:53.302850,0 days 00:00:00.229404,0.2,10,0.75,0.8,4,143,COMPLETE
1991,1991,18393.5,2023-11-15 10:46:53.304164,2023-11-15 10:46:53.522470,0 days 00:00:00.218306,0.2,20,0.5,0.9,8,150,COMPLETE
1992,1992,19213.0,2023-11-15 10:46:53.524575,2023-11-15 10:46:53.735525,0 days 00:00:00.210950,0.1,10,1.0,0.9,2,145,COMPLETE
1993,1993,18618.0,2023-11-15 10:46:53.736879,2023-11-15 10:46:53.981186,0 days 00:00:00.244307,0.2,10,0.75,0.9,6,128,COMPLETE
1994,1994,19261.0,2023-11-15 10:46:53.982419,2023-11-15 10:46:54.190007,0 days 00:00:00.207588,0.2,10,0.75,0.9,0,147,COMPLETE
1995,1995,18969.5,2023-11-15 10:46:54.191420,2023-11-15 10:46:54.405214,0 days 00:00:00.213794,0.30000000000000004,10,0.75,0.7000000000000001,3,141,COMPLETE
1996,1996,19261.0,2023-11-15 10:46:54.406466,2023-11-15 10:46:54.614341,0 days 00:00:00.207875,0.2,10,0.75,0.9,4,147,COMPLETE
1997,1997,16989.75,2023-11-15 10:46:54.615766,2023-11-15 10:46:54.883990,0 days 00:00:00.268224,0.1,10,0.75,0.6,2,143,COMPLETE
1998,1998,19261.0,2023-11-15 10:46:54.885640,2023-11-15 10:46:55.117643,0 days 00:00:00.232003,0.2,10,1.0,0.9,0,150,COMPLETE
1999,1999,18985.25,2023-11-15 10:46:55.119424,2023-11-15 10:46:55.363557,0 days 00:00:00.244133,0.2,10,0.75,0.9,5,138,COMPLETE
2000,2000,18683.5,2023-11-15 10:46:55.365131,2023-11-15 10:46:55.600237,0 days 00:00:00.235106,0.2,10,0.25,0.8,2,145,COMPLETE
2001,2001,18394.75,2023-11-15 10:46:55.602681,2023-11-15 10:46:55.887431,0 days 00:00:00.284750,0.1,20,0.5,0.9,0,142,COMPLETE
2002,2002,18048.25,2023-11-15 10:46:55.888676,2023-11-15 10:46:56.215977,0 days 00:00:00.327301,0.4,10,0.75,0.9,7,147,COMPLETE
2003,2003,9215.25,2023-11-15 10:46:56.217203,2023-11-15 10:46:56.533026,0 days 00:00:00.315823,0.2,10,0.75,0.5,3,140,COMPLETE
2004,2004,19292.25,2023-11-15 10:46:56.534322,2023-11-15 10:46:56.758060,0 days 00:00:00.223738,0.2,10,0.75,0.9,2,145,COMPLETE
2005,2005,19110.25,2023-11-15 10:46:56.759278,2023-11-15 10:46:56.979322,0 days 00:00:00.220044,0.1,10,0.75,0.9,5,150,COMPLETE
2006,2006,17645.0,2023-11-15 10:46:56.980555,2023-11-15 10:46:57.195713,0 days 00:00:00.215158,0.2,30,1.0,0.9,0,143,COMPLETE
2007,2007,19261.0,2023-11-15 10:46:57.196990,2023-11-15 10:46:57.411962,0 days 00:00:00.214972,0.2,10,0.75,0.9,10,147,COMPLETE
2008,2008,18871.5,2023-11-15 10:46:57.413198,2023-11-15 10:46:57.629330,0 days 00:00:00.216132,0.2,10,0.75,0.9,4,135,COMPLETE
2009,2009,18714.75,2023-11-15 10:46:57.630825,2023-11-15 10:46:57.852274,0 days 00:00:00.221449,0.2,10,1.0,0.9,2,131,COMPLETE
2010,2010,18023.0,2023-11-15 10:46:57.853570,2023-11-15 10:46:58.075702,0 days 00:00:00.222132,0.30000000000000004,10,0.5,0.8,29,140,COMPLETE
2011,2011,18554.0,2023-11-15 10:46:58.077146,2023-11-15 10:46:58.297423,0 days 00:00:00.220277,0.1,20,0.75,0.9,20,147,COMPLETE
2012,2012,19261.0,2023-11-15 10:46:58.298932,2023-11-15 10:46:58.514499,0 days 00:00:00.215567,0.2,10,0.75,0.9,0,143,COMPLETE
2013,2013,18304.5,2023-11-15 10:46:58.515862,2023-11-15 10:46:58.745731,0 days 00:00:00.229869,0.2,10,0.75,0.9,43,150,COMPLETE
2014,2014,19262.25,2023-11-15 10:46:58.747262,2023-11-15 10:46:58.966903,0 days 00:00:00.219641,0.2,10,0.75,0.9,7,145,COMPLETE
2015,2015,18981.0,2023-11-15 10:46:58.968635,2023-11-15 10:46:59.183237,0 days 00:00:00.214602,0.2,10,0.75,0.9,2,138,COMPLETE
2016,2016,18800.0,2023-11-15 10:46:59.184607,2023-11-15 10:46:59.409842,0 days 00:00:00.225235,0.1,10,0.25,0.9,4,142,COMPLETE
2017,2017,19261.0,2023-11-15 10:46:59.411941,2023-11-15 10:46:59.623217,0 days 00:00:00.211276,0.2,10,0.75,0.7000000000000001,0,147,COMPLETE
2018,2018,19292.25,2023-11-15 10:46:59.624471,2023-11-15 10:46:59.839897,0 days 00:00:00.215426,0.2,10,1.0,0.9,2,145,COMPLETE
2019,2019,18969.25,2023-11-15 10:46:59.841096,2023-11-15 10:47:00.066261,0 days 00:00:00.225165,0.2,10,0.75,0.8,5,150,COMPLETE
2020,2020,19261.0,2023-11-15 10:47:00.067694,2023-11-15 10:47:00.286571,0 days 00:00:00.218877,0.2,10,0.75,0.9,0,142,COMPLETE
2021,2021,13842.75,2023-11-15 10:47:00.287810,2023-11-15 10:47:00.542713,0 days 00:00:00.254903,0.30000000000000004,20,0.75,0.6,8,147,COMPLETE
2022,2022,19350.75,2023-11-15 10:47:00.544251,2023-11-15 10:47:00.761397,0 days 00:00:00.217146,0.1,10,0.75,0.9,3,145,COMPLETE
2023,2023,18896.25,2023-11-15 10:47:00.762796,2023-11-15 10:47:00.976417,0 days 00:00:00.213621,0.2,10,0.5,0.9,6,139,COMPLETE
2024,2024,19201.25,2023-11-15 10:47:00.978169,2023-11-15 10:47:01.194013,0 days 00:00:00.215844,0.2,10,0.75,0.9,2,148,COMPLETE
2025,2025,13549.75,2023-11-15 10:47:01.195613,2023-11-15 10:47:01.453600,0 days 00:00:00.257987,0.2,10,1.0,0.8,73,141,COMPLETE
2026,2026,19359.75,2023-11-15 10:47:01.454851,2023-11-15 10:47:01.685970,0 days 00:00:00.231119,0.1,10,0.75,0.9,0,145,COMPLETE
2027,2027,19161.25,2023-11-15 10:47:01.687444,2023-11-15 10:47:01.896185,0 days 00:00:00.208741,0.2,10,0.75,0.9,4,137,COMPLETE
2028,2028,19050.0,2023-11-15 10:47:01.897382,2023-11-15 10:47:02.108777,0 days 00:00:00.211395,0.2,10,1.0,0.9,2,143,COMPLETE
2029,2029,19261.0,2023-11-15 10:47:02.110183,2023-11-15 10:47:02.332774,0 days 00:00:00.222591,0.1,10,0.75,0.9,0,150,COMPLETE
2030,2030,19261.0,2023-11-15 10:47:02.333970,2023-11-15 10:47:02.544384,0 days 00:00:00.210414,0.2,10,0.75,0.9,4,147,COMPLETE
2031,2031,18788.25,2023-11-15 10:47:02.546149,2023-11-15 10:47:02.764677,0 days 00:00:00.218528,0.30000000000000004,10,0.75,0.9,2,144,COMPLETE
2032,2032,18016.75,2023-11-15 10:47:02.765934,2023-11-15 10:47:02.999268,0 days 00:00:00.233334,0.2,20,1.5,0.9,6,141,COMPLETE
2033,2033,15599.25,2023-11-15 10:47:03.000499,2023-11-15 10:47:03.238606,0 days 00:00:00.238107,0.2,60,0.75,0.9,26,150,COMPLETE
2034,2034,19261.0,2023-11-15 10:47:03.239806,2023-11-15 10:47:03.460090,0 days 00:00:00.220284,0.2,10,0.75,0.5,0,147,COMPLETE
2035,2035,19163.5,2023-11-15 10:47:03.461872,2023-11-15 10:47:03.678131,0 days 00:00:00.216259,0.2,10,0.75,0.9,2,144,COMPLETE
2036,2036,18896.25,2023-11-15 10:47:03.679433,2023-11-15 10:47:03.899311,0 days 00:00:00.219878,0.1,10,0.5,0.9,5,139,COMPLETE
2037,2037,5315.0,2023-11-15 10:47:03.900502,2023-11-15 10:47:04.299734,0 days 00:00:00.399232,0.7000000000000001,10,1.0,0.9,8,135,COMPLETE
2038,2038,19261.0,2023-11-15 10:47:04.300990,2023-11-15 10:47:04.515530,0 days 00:00:00.214540,0.2,10,0.75,0.8,3,147,COMPLETE
2039,2039,18666.0,2023-11-15 10:47:04.516779,2023-11-15 10:47:04.754422,0 days 00:00:00.237643,0.2,10,0.25,0.9,0,142,COMPLETE
2040,2040,15289.5,2023-11-15 10:47:04.755737,2023-11-15 10:47:05.089986,0 days 00:00:00.334249,0.8,10,0.75,0.9,2,145,COMPLETE
2041,2041,17018.0,2023-11-15 10:47:05.091318,2023-11-15 10:47:05.333760,0 days 00:00:00.242442,0.1,40,0.75,0.9,4,148,COMPLETE
2042,2042,18394.75,2023-11-15 10:47:05.335121,2023-11-15 10:47:05.603021,0 days 00:00:00.267900,0.2,20,0.75,0.9,0,141,COMPLETE
2043,2043,19328.25,2023-11-15 10:47:05.604354,2023-11-15 10:47:05.896506,0 days 00:00:00.292152,0.2,10,1.0,0.9,6,145,COMPLETE
2044,2044,18777.25,2023-11-15 10:47:05.898150,2023-11-15 10:47:06.163077,0 days 00:00:00.264927,0.30000000000000004,10,0.75,0.9,11,150,COMPLETE
2045,2045,18985.25,2023-11-15 10:47:06.164733,2023-11-15 10:47:06.416690,0 days 00:00:00.251957,0.2,10,0.75,0.8,2,138,COMPLETE
2046,2046,19092.0,2023-11-15 10:47:06.417983,2023-11-15 10:47:06.669572,0 days 00:00:00.251589,0.2,10,0.75,0.7000000000000001,4,143,COMPLETE
