,number,value,datetime_start,datetime_complete,duration,params_alpha,params_decay_interval,params_decay_rate,params_gamma,params_initialization,params_max_steps,state
6158,6158,16719.5,2023-11-15 12:30:11.544362,2023-11-15 12:30:12.070387,0 days 00:00:00.526025,0.8,10,2.75,0.9,27,66,COMPLETE
6159,6159,17825.5,2023-11-15 12:30:12.072719,2023-11-15 12:30:12.622864,0 days 00:00:00.550145,0.8,10,3.0,0.9,18,70,COMPLETE
6160,6160,17277.0,2023-11-15 12:30:12.624932,2023-11-15 12:30:13.155164,0 days 00:00:00.530232,0.9,20,3.0,0.9,31,77,COMPLETE
6161,6161,15150.25,2023-11-15 12:30:13.157411,2023-11-15 12:30:13.690105,0 days 00:00:00.532694,0.8,60,3.0,0.9,14,72,COMPLETE
6162,6162,16957.25,2023-11-15 12:30:13.692577,2023-11-15 12:30:14.221594,0 days 00:00:00.529017,0.8,10,0.5,0.9,21,65,COMPLETE
6163,6163,17547.25,2023-11-15 12:30:14.223941,2023-11-15 12:30:14.745988,0 days 00:00:00.522047,0.8,10,2.75,0.9,18,68,COMPLETE
6164,6164,17181.75,2023-11-15 12:30:14.748144,2023-11-15 12:30:15.272368,0 days 00:00:00.524224,0.8,30,3.0,0.8,23,74,COMPLETE
6165,6165,17825.5,2023-11-15 12:30:15.274602,2023-11-15 12:30:15.809753,0 days 00:00:00.535151,0.8,10,3.0,0.9,15,70,COMPLETE
6166,6166,16923.25,2023-11-15 12:30:15.811856,2023-11-15 12:30:16.338805,0 days 00:00:00.526949,0.8,10,3.0,0.9,25,76,COMPLETE
6167,6167,17832.5,2023-11-15 12:30:16.341036,2023-11-15 12:30:16.858970,0 days 00:00:00.517934,0.8,10,2.75,0.9,17,81,COMPLETE
6168,6168,18490.0,2023-11-15 12:30:16.861137,2023-11-15 12:30:17.371372,0 days 00:00:00.510235,0.7000000000000001,10,3.0,0.9,21,72,COMPLETE
6169,6169,17549.75,2023-11-15 12:30:17.373744,2023-11-15 12:30:17.894463,0 days 00:00:00.520719,0.8,10,2.5,0.9,20,68,COMPLETE
6170,6170,17654.5,2023-11-15 12:30:17.896668,2023-11-15 12:30:18.411563,0 days 00:00:00.514895,0.8,10,3.0,0.9,12,65,COMPLETE
6171,6171,18215.25,2023-11-15 12:30:18.413867,2023-11-15 12:30:18.930949,0 days 00:00:00.517082,0.8,10,2.75,0.9,19,72,COMPLETE
6172,6172,15738.0,2023-11-15 12:30:18.933247,2023-11-15 12:30:19.474712,0 days 00:00:00.541465,0.5,10,3.0,0.9,16,38,COMPLETE
6173,6173,18026.0,2023-11-15 12:30:19.476793,2023-11-15 12:30:19.992300,0 days 00:00:00.515507,0.8,10,3.0,0.9,23,77,COMPLETE
6174,6174,15772.25,2023-11-15 12:30:19.994336,2023-11-15 12:30:20.524799,0 days 00:00:00.530463,0.4,10,3.0,0.9,58,63,COMPLETE
6175,6175,17095.75,2023-11-15 12:30:20.527050,2023-11-15 12:30:21.058406,0 days 00:00:00.531356,0.9,20,3.0,0.9,21,74,COMPLETE
6176,6176,17115.5,2023-11-15 12:30:21.060589,2023-11-15 12:30:21.579821,0 days 00:00:00.519232,0.8,10,2.75,0.9,13,69,COMPLETE
6177,6177,19260.75,2023-11-15 12:30:21.582723,2023-11-15 12:30:22.136439,0 days 00:00:00.553716,0.8,10,3.0,0.8,18,71,COMPLETE
6178,6178,16719.5,2023-11-15 12:30:22.138908,2023-11-15 12:30:22.665670,0 days 00:00:00.526762,0.8,10,3.0,0.9,25,66,COMPLETE
6179,6179,18682.0,2023-11-15 12:30:22.667814,2023-11-15 12:30:23.189012,0 days 00:00:00.521198,0.8,10,3.0,0.9,28,75,COMPLETE
6180,6180,17271.75,2023-11-15 12:30:23.191290,2023-11-15 12:30:23.710793,0 days 00:00:00.519503,0.8,10,2.75,0.9,15,59,COMPLETE
6181,6181,17552.75,2023-11-15 12:30:23.713000,2023-11-15 12:30:24.230998,0 days 00:00:00.517998,0.8,10,2.25,0.9,22,79,COMPLETE
6182,6182,17547.25,2023-11-15 12:30:24.233182,2023-11-15 12:30:24.757962,0 days 00:00:00.524780,0.8,10,3.0,0.9,19,68,COMPLETE
6183,6183,18392.25,2023-11-15 12:30:24.760274,2023-11-15 12:30:25.304297,0 days 00:00:00.544023,0.7000000000000001,20,2.75,0.9,17,71,COMPLETE
6184,6184,17369.5,2023-11-15 12:30:25.306766,2023-11-15 12:30:25.830340,0 days 00:00:00.523574,0.8,10,3.0,0.9,24,73,COMPLETE
6185,6185,17556.25,2023-11-15 12:30:25.832543,2023-11-15 12:30:26.355736,0 days 00:00:00.523193,0.8,10,3.0,0.6,20,68,COMPLETE
6186,6186,17016.25,2023-11-15 12:30:26.357951,2023-11-15 12:30:26.888493,0 days 00:00:00.530542,0.8,10,3.0,0.9,16,76,COMPLETE
6187,6187,19260.75,2023-11-15 12:30:26.890637,2023-11-15 12:30:27.404835,0 days 00:00:00.514198,0.8,10,3.0,0.9,22,71,COMPLETE
6188,6188,16454.25,2023-11-15 12:30:27.407180,2023-11-15 12:30:27.933002,0 days 00:00:00.525822,0.9,10,2.5,0.9,18,62,COMPLETE
6189,6189,18299.75,2023-11-15 12:30:27.935573,2023-11-15 12:30:28.475045,0 days 00:00:00.539472,0.8,10,2.75,0.8,26,65,COMPLETE
6190,6190,18113.75,2023-11-15 12:30:28.477197,2023-11-15 12:30:29.001600,0 days 00:00:00.524403,0.8,10,3.0,0.9,14,97,COMPLETE
6191,6191,11118.0,2023-11-15 12:30:29.004011,2023-11-15 12:30:29.561456,0 days 00:00:00.557445,0.8,90,3.0,0.9,46,74,COMPLETE
6192,6192,16617.75,2023-11-15 12:30:29.563673,2023-11-15 12:30:30.094722,0 days 00:00:00.531049,0.8,20,2.75,0.9,21,69,COMPLETE
6193,6193,17648.25,2023-11-15 12:30:30.096844,2023-11-15 12:30:30.621001,0 days 00:00:00.524157,0.8,10,2.0,0.9,24,82,COMPLETE
6194,6194,17453.0,2023-11-15 12:30:30.623147,2023-11-15 12:30:31.147298,0 days 00:00:00.524151,0.8,10,3.0,0.9,9,78,COMPLETE
6195,6195,18122.5,2023-11-15 12:30:31.149405,2023-11-15 12:30:31.698811,0 days 00:00:00.549406,0.8,10,3.0,0.9,19,72,COMPLETE
6196,6196,17547.25,2023-11-15 12:30:31.701141,2023-11-15 12:30:32.229721,0 days 00:00:00.528580,0.8,10,3.0,0.9,16,68,COMPLETE
6197,6197,18587.75,2023-11-15 12:30:32.231885,2023-11-15 12:30:32.746795,0 days 00:00:00.514910,0.9,10,3.0,0.9,20,75,COMPLETE
6198,6198,19260.75,2023-11-15 12:30:32.748881,2023-11-15 12:30:33.269379,0 days 00:00:00.520498,0.8,10,2.75,0.9,23,71,COMPLETE
6199,6199,16719.5,2023-11-15 12:30:33.271890,2023-11-15 12:30:33.796393,0 days 00:00:00.524503,0.8,10,3.0,0.9,13,66,COMPLETE
6200,6200,16464.5,2023-11-15 12:30:33.798753,2023-11-15 12:30:34.339763,0 days 00:00:00.541010,0.7000000000000001,20,3.0,0.9,17,73,COMPLETE
6201,6201,17922.5,2023-11-15 12:30:34.342264,2023-11-15 12:30:34.883838,0 days 00:00:00.541574,0.8,10,3.0,0.8,18,70,COMPLETE
6202,6202,16374.25,2023-11-15 12:30:34.886569,2023-11-15 12:30:35.412350,0 days 00:00:00.525781,0.8,10,2.75,0.9,99,63,COMPLETE
6203,6203,18118.5,2023-11-15 12:30:35.414646,2023-11-15 12:30:35.941538,0 days 00:00:00.526892,0.8,10,2.5,0.9,21,77,COMPLETE
6204,6204,17644.5,2023-11-15 12:30:35.944323,2023-11-15 12:30:36.466745,0 days 00:00:00.522422,0.8,10,3.0,0.7000000000000001,26,67,COMPLETE
6205,6205,17188.5,2023-11-15 12:30:36.469051,2023-11-15 12:30:36.994398,0 days 00:00:00.525347,0.8,10,3.0,0.9,15,42,COMPLETE
6206,6206,17920.75,2023-11-15 12:30:36.996569,2023-11-15 12:30:37.516914,0 days 00:00:00.520345,0.8,10,2.75,0.9,23,74,COMPLETE
6207,6207,19260.75,2023-11-15 12:30:37.519510,2023-11-15 12:30:38.053948,0 days 00:00:00.534438,0.8,10,3.0,0.9,19,71,COMPLETE
6208,6208,17639.75,2023-11-15 12:30:38.056086,2023-11-15 12:30:38.576731,0 days 00:00:00.520645,0.8,10,2.25,0.9,21,68,COMPLETE
6209,6209,19260.75,2023-11-15 12:30:38.578842,2023-11-15 12:30:39.097253,0 days 00:00:00.518411,0.6,10,3.0,0.9,12,76,COMPLETE
6210,6210,13554.0,2023-11-15 12:30:39.099297,2023-11-15 12:30:39.640196,0 days 00:00:00.540899,0.8,70,3.0,0.9,16,79,COMPLETE
6211,6211,17649.5,2023-11-15 12:30:39.642359,2023-11-15 12:30:40.168671,0 days 00:00:00.526312,0.9,10,3.0,0.9,18,65,COMPLETE
6212,6212,17369.5,2023-11-15 12:30:40.171481,2023-11-15 12:30:40.696320,0 days 00:00:00.524839,0.8,10,2.75,0.9,24,73,COMPLETE
6213,6213,18392.25,2023-11-15 12:30:40.698509,2023-11-15 12:30:41.237569,0 days 00:00:00.539060,0.7000000000000001,20,3.0,0.8,20,70,COMPLETE
6214,6214,17115.5,2023-11-15 12:30:41.239719,2023-11-15 12:30:41.767478,0 days 00:00:00.527759,0.8,10,3.0,0.9,15,69,COMPLETE
6215,6215,17920.75,2023-11-15 12:30:41.770249,2023-11-15 12:30:42.294565,0 days 00:00:00.524316,0.8,10,2.75,0.9,27,74,COMPLETE
6216,6216,16719.5,2023-11-15 12:30:42.296685,2023-11-15 12:30:42.820821,0 days 00:00:00.524136,0.8,10,3.0,0.9,73,66,COMPLETE
6217,6217,16711.25,2023-11-15 12:30:42.823152,2023-11-15 12:30:43.342812,0 days 00:00:00.519660,0.8,10,3.0,0.9,22,62,COMPLETE
6218,6218,18122.5,2023-11-15 12:30:43.344981,2023-11-15 12:30:43.867920,0 days 00:00:00.522939,0.8,10,3.0,0.9,17,72,COMPLETE
6219,6219,17842.5,2023-11-15 12:30:43.870783,2023-11-15 12:30:44.410281,0 days 00:00:00.539498,0.7000000000000001,10,2.5,0.9,19,77,COMPLETE
6220,6220,17825.5,2023-11-15 12:30:44.412455,2023-11-15 12:30:44.930132,0 days 00:00:00.517677,0.8,10,2.75,0.9,29,70,COMPLETE
6221,6221,16620.5,2023-11-15 12:30:44.932376,2023-11-15 12:30:45.468671,0 days 00:00:00.536295,0.8,20,3.0,0.9,14,67,COMPLETE
6222,6222,17920.75,2023-11-15 12:30:45.471319,2023-11-15 12:30:45.999212,0 days 00:00:00.527893,0.8,10,3.0,0.9,22,74,COMPLETE
6223,6223,17739.5,2023-11-15 12:30:46.001527,2023-11-15 12:30:46.531793,0 days 00:00:00.530266,0.8,10,3.0,0.9,24,81,COMPLETE
6224,6224,18215.25,2023-11-15 12:30:46.533901,2023-11-15 12:30:47.054100,0 days 00:00:00.520199,0.8,10,2.75,0.9,11,72,COMPLETE
6225,6225,18209.25,2023-11-15 12:30:47.056267,2023-11-15 12:30:47.589232,0 days 00:00:00.532965,0.8,10,3.0,0.9,20,127,COMPLETE
6226,6226,17014.0,2023-11-15 12:30:47.591530,2023-11-15 12:30:48.135547,0 days 00:00:00.544017,0.8,10,3.0,0.9,16,64,COMPLETE
6227,6227,17020.25,2023-11-15 12:30:48.138278,2023-11-15 12:30:48.664304,0 days 00:00:00.526026,0.8,10,3.0,0.8,19,69,COMPLETE
6228,6228,16911.75,2023-11-15 12:30:48.666480,2023-11-15 12:30:49.203550,0 days 00:00:00.537070,0.9,10,2.75,0.9,22,76,COMPLETE
6229,6229,16269.25,2023-11-15 12:30:49.205727,2023-11-15 12:30:49.753355,0 days 00:00:00.547628,0.8,10,0.25,0.9,25,71,COMPLETE
6230,6230,18584.25,2023-11-15 12:30:49.755583,2023-11-15 12:30:50.280724,0 days 00:00:00.525141,0.8,10,3.0,0.9,17,85,COMPLETE
6231,6231,15118.25,2023-11-15 12:30:50.282905,2023-11-15 12:30:50.813929,0 days 00:00:00.531024,0.8,40,3.0,0.9,13,68,COMPLETE
6232,6232,17271.75,2023-11-15 12:30:50.816181,2023-11-15 12:30:51.343871,0 days 00:00:00.527690,0.8,10,3.0,0.9,18,59,COMPLETE
6233,6233,17828.0,2023-11-15 12:30:51.346281,2023-11-15 12:30:51.896554,0 days 00:00:00.550273,0.8,10,2.5,0.9,20,74,COMPLETE
6234,6234,17552.0,2023-11-15 12:30:51.898808,2023-11-15 12:30:52.432777,0 days 00:00:00.533969,0.8,10,2.75,0.9,22,79,COMPLETE
6235,6235,17631.75,2023-11-15 12:30:52.435155,2023-11-15 12:30:52.974323,0 days 00:00:00.539168,0.8,20,3.0,0.9,26,65,COMPLETE
6236,6236,18490.0,2023-11-15 12:30:52.976366,2023-11-15 12:30:53.496852,0 days 00:00:00.520486,0.7000000000000001,10,3.0,0.9,14,72,COMPLETE
6237,6237,17370.5,2023-11-15 12:30:53.498952,2023-11-15 12:30:54.035026,0 days 00:00:00.536074,0.9,10,3.0,0.8,32,76,COMPLETE
6238,6238,17547.25,2023-11-15 12:30:54.037582,2023-11-15 12:30:54.562953,0 days 00:00:00.525371,0.8,10,2.75,0.9,17,68,COMPLETE
6239,6239,17825.5,2023-11-15 12:30:54.565215,2023-11-15 12:30:55.090462,0 days 00:00:00.525247,0.8,10,3.0,0.9,20,70,COMPLETE
6240,6240,17920.75,2023-11-15 12:30:55.092983,2023-11-15 12:30:55.660433,0 days 00:00:00.567450,0.8,10,3.0,0.9,23,74,COMPLETE
6241,6241,17631.75,2023-11-15 12:30:55.662845,2023-11-15 12:30:56.194734,0 days 00:00:00.531889,0.8,20,3.0,0.9,18,65,COMPLETE
6242,6242,17577.25,2023-11-15 12:30:56.196977,2023-11-15 12:30:56.728286,0 days 00:00:00.531309,0.8,10,2.75,0.5,21,71,COMPLETE
6243,6243,17453.0,2023-11-15 12:30:56.730484,2023-11-15 12:30:57.258986,0 days 00:00:00.528502,0.8,10,3.0,0.9,15,78,COMPLETE
6244,6244,17917.0,2023-11-15 12:30:57.261146,2023-11-15 12:30:57.791347,0 days 00:00:00.530201,0.8,10,3.0,0.9,24,67,COMPLETE
6245,6245,16553.5,2023-11-15 12:30:57.793561,2023-11-15 12:30:58.318085,0 days 00:00:00.524524,0.7000000000000001,10,3.0,0.9,28,61,COMPLETE
6246,6246,19260.75,2023-11-15 12:30:58.320793,2023-11-15 12:30:58.860793,0 days 00:00:00.540000,0.8,10,2.75,0.9,19,71,COMPLETE
6247,6247,18682.0,2023-11-15 12:30:58.863202,2023-11-15 12:30:59.390359,0 days 00:00:00.527157,0.8,10,3.0,0.9,10,75,COMPLETE
6248,6248,17547.25,2023-11-15 12:30:59.392507,2023-11-15 12:30:59.912996,0 days 00:00:00.520489,0.8,10,3.0,0.9,17,68,COMPLETE
6249,6249,17369.5,2023-11-15 12:30:59.915041,2023-11-15 12:31:00.446056,0 days 00:00:00.531015,0.8,10,3.0,0.9,22,73,COMPLETE
6250,6250,16028.25,2023-11-15 12:31:00.448300,2023-11-15 12:31:00.984245,0 days 00:00:00.535945,0.8,30,2.75,0.1,16,82,COMPLETE
6251,6251,17825.5,2023-11-15 12:31:00.987121,2023-11-15 12:31:01.511074,0 days 00:00:00.523953,0.8,10,3.0,0.9,13,70,COMPLETE
6252,6252,17014.0,2023-11-15 12:31:01.513245,2023-11-15 12:31:02.083501,0 days 00:00:00.570256,0.8,10,3.0,0.9,20,64,COMPLETE
6253,6253,18027.0,2023-11-15 12:31:02.086401,2023-11-15 12:31:02.658734,0 days 00:00:00.572333,0.8,10,2.75,0.8,25,77,COMPLETE
6254,6254,16636.0,2023-11-15 12:31:02.661286,2023-11-15 12:31:03.265592,0 days 00:00:00.604306,0.8,20,3.0,0.9,15,73,COMPLETE
6255,6255,17837.75,2023-11-15 12:31:03.267990,2023-11-15 12:31:03.846383,0 days 00:00:00.578393,0.9,10,2.5,0.9,18,68,COMPLETE
6256,6256,18682.0,2023-11-15 12:31:03.849018,2023-11-15 12:31:04.432468,0 days 00:00:00.583450,0.8,10,3.0,0.9,21,75,COMPLETE
6257,6257,19260.75,2023-11-15 12:31:04.434925,2023-11-15 12:31:05.000316,0 days 00:00:00.565391,0.8,10,2.25,0.9,23,71,COMPLETE
6258,6258,16933.5,2023-11-15 12:31:05.003128,2023-11-15 12:31:05.592039,0 days 00:00:00.588911,0.8,10,3.0,0.4,19,65,COMPLETE
6259,6259,17552.0,2023-11-15 12:31:05.594581,2023-11-15 12:31:06.192460,0 days 00:00:00.597879,0.8,10,2.75,0.9,27,79,COMPLETE
6260,6260,17111.5,2023-11-15 12:31:06.194824,2023-11-15 12:31:06.776093,0 days 00:00:00.581269,0.7000000000000001,10,3.0,0.9,17,69,COMPLETE
6261,6261,17188.25,2023-11-15 12:31:06.778667,2023-11-15 12:31:07.368573,0 days 00:00:00.589906,0.8,10,3.0,0.9,43,73,COMPLETE
6262,6262,17917.0,2023-11-15 12:31:07.371121,2023-11-15 12:31:07.949165,0 days 00:00:00.578044,0.8,10,3.0,0.9,24,67,COMPLETE
6263,6263,16607.75,2023-11-15 12:31:07.951997,2023-11-15 12:31:08.528787,0 days 00:00:00.576790,0.8,20,2.75,0.9,21,62,COMPLETE
6264,6264,18682.0,2023-11-15 12:31:08.531473,2023-11-15 12:31:09.108323,0 days 00:00:00.576850,0.8,10,3.0,0.9,15,75,COMPLETE
6265,6265,19260.75,2023-11-15 12:31:09.111494,2023-11-15 12:31:09.707563,0 days 00:00:00.596069,0.8,10,3.0,0.9,19,71,COMPLETE
6266,6266,18121.5,2023-11-15 12:31:09.710336,2023-11-15 12:31:10.290309,0 days 00:00:00.579973,0.8,10,3.0,0.9,12,77,COMPLETE
6267,6267,17642.25,2023-11-15 12:31:10.292602,2023-11-15 12:31:10.881696,0 days 00:00:00.589094,0.8,10,2.5,0.8,22,68,COMPLETE
6268,6268,16642.5,2023-11-15 12:31:10.884352,2023-11-15 12:31:11.478073,0 days 00:00:00.593721,0.9,10,2.75,0.9,17,73,COMPLETE
6269,6269,18392.25,2023-11-15 12:31:11.480500,2023-11-15 12:31:12.065950,0 days 00:00:00.585450,0.8,20,3.0,0.9,26,70,COMPLETE
6270,6270,17654.5,2023-11-15 12:31:12.068283,2023-11-15 12:31:12.655850,0 days 00:00:00.587567,0.8,10,3.0,0.9,20,65,COMPLETE
6271,6271,16442.75,2023-11-15 12:31:12.658050,2023-11-15 12:31:13.248638,0 days 00:00:00.590588,0.8,10,2.75,0.9,14,56,COMPLETE
6272,6272,17653.0,2023-11-15 12:31:13.251890,2023-11-15 12:31:13.854236,0 days 00:00:00.602346,0.5,10,3.0,0.9,24,73,COMPLETE
6273,6273,17369.25,2023-11-15 12:31:13.857060,2023-11-15 12:31:14.448393,0 days 00:00:00.591333,0.8,10,3.0,0.9,8,79,COMPLETE
6274,6274,17825.5,2023-11-15 12:31:14.451296,2023-11-15 12:31:15.031671,0 days 00:00:00.580375,0.8,10,3.0,0.9,18,70,COMPLETE
6275,6275,17917.0,2023-11-15 12:31:15.033995,2023-11-15 12:31:15.618107,0 days 00:00:00.584112,0.8,10,3.0,0.9,21,67,COMPLETE
6276,6276,18682.0,2023-11-15 12:31:15.620578,2023-11-15 12:31:16.198032,0 days 00:00:00.577454,0.8,10,2.75,0.9,16,75,COMPLETE
6277,6277,16382.5,2023-11-15 12:31:16.201241,2023-11-15 12:31:16.789612,0 days 00:00:00.588371,0.7000000000000001,10,3.0,0.9,23,63,COMPLETE
6278,6278,18306.5,2023-11-15 12:31:16.795586,2023-11-15 12:31:17.389453,0 days 00:00:00.593867,0.8,10,2.0,0.9,19,72,COMPLETE
6279,6279,16923.25,2023-11-15 12:31:17.392136,2023-11-15 12:31:17.980472,0 days 00:00:00.588336,0.8,10,3.0,0.9,15,76,COMPLETE
6280,6280,16620.5,2023-11-15 12:31:17.982974,2023-11-15 12:31:18.558072,0 days 00:00:00.575098,0.8,20,3.0,0.9,21,67,COMPLETE
6281,6281,17851.0,2023-11-15 12:31:18.560138,2023-11-15 12:31:19.138062,0 days 00:00:00.577924,0.6,10,2.75,0.8,29,71,COMPLETE
6282,6282,17115.5,2023-11-15 12:31:19.140268,2023-11-15 12:31:19.690284,0 days 00:00:00.550016,0.8,10,3.0,0.9,18,69,COMPLETE
6283,6283,16021.0,2023-11-15 12:31:19.692496,2023-11-15 12:31:20.287594,0 days 00:00:00.595098,0.9,50,3.0,0.9,13,108,COMPLETE
6284,6284,17739.5,2023-11-15 12:31:20.289823,2023-11-15 12:31:20.831603,0 days 00:00:00.541780,0.8,10,3.0,0.9,25,81,COMPLETE
6285,6285,17920.75,2023-11-15 12:31:20.833804,2023-11-15 12:31:21.370730,0 days 00:00:00.536926,0.8,10,2.75,0.9,22,74,COMPLETE
6286,6286,16719.5,2023-11-15 12:31:21.372865,2023-11-15 12:31:21.910038,0 days 00:00:00.537173,0.8,10,3.0,0.9,92,66,COMPLETE
6287,6287,19260.75,2023-11-15 12:31:21.912129,2023-11-15 12:31:22.442471,0 days 00:00:00.530342,0.8,10,3.0,0.9,17,71,COMPLETE
6288,6288,18121.5,2023-11-15 12:31:22.444658,2023-11-15 12:31:23.017552,0 days 00:00:00.572894,0.8,10,3.0,0.9,19,77,COMPLETE
6289,6289,17099.5,2023-11-15 12:31:23.020303,2023-11-15 12:31:23.595848,0 days 00:00:00.575545,0.8,10,2.75,0.9,11,60,COMPLETE
6290,6290,17462.25,2023-11-15 12:31:23.598006,2023-11-15 12:31:24.136823,0 days 00:00:00.538817,0.8,10,2.5,0.9,20,73,COMPLETE
6291,6291,15899.75,2023-11-15 12:31:24.138947,2023-11-15 12:31:24.684208,0 days 00:00:00.545261,0.8,20,3.0,0.9,15,68,COMPLETE
6292,6292,11698.0,2023-11-15 12:31:24.686999,2023-11-15 12:31:25.249772,0 days 00:00:00.562773,0.8,70,3.0,0.9,23,64,COMPLETE
6293,6293,17203.0,2023-11-15 12:31:25.252605,2023-11-15 12:31:25.791022,0 days 00:00:00.538417,0.8,10,2.25,0.8,26,69,COMPLETE
6294,6294,18585.0,2023-11-15 12:31:25.793192,2023-11-15 12:31:26.323487,0 days 00:00:00.530295,0.7000000000000001,10,3.0,0.9,16,76,COMPLETE
6295,6295,18215.25,2023-11-15 12:31:26.325733,2023-11-15 12:31:26.853953,0 days 00:00:00.528220,0.8,10,2.75,0.9,21,72,COMPLETE
6296,6296,17019.0,2023-11-15 12:31:26.856065,2023-11-15 12:31:27.407348,0 days 00:00:00.551283,0.9,10,3.0,0.9,19,79,COMPLETE
6297,6297,17825.5,2023-11-15 12:31:27.410172,2023-11-15 12:31:27.954915,0 days 00:00:00.544743,0.8,10,3.0,0.9,23,70,COMPLETE
6298,6298,16719.5,2023-11-15 12:31:27.957277,2023-11-15 12:31:28.496319,0 days 00:00:00.539042,0.8,10,3.0,0.9,17,66,COMPLETE
6299,6299,17920.75,2023-11-15 12:31:28.498452,2023-11-15 12:31:29.033833,0 days 00:00:00.535381,0.8,10,2.75,0.9,30,74,COMPLETE
6300,6300,17825.5,2023-11-15 12:31:29.036574,2023-11-15 12:31:29.563768,0 days 00:00:00.527194,0.8,10,3.0,0.9,14,70,COMPLETE
6301,6301,15634.75,2023-11-15 12:31:29.565937,2023-11-15 12:31:30.113257,0 days 00:00:00.547320,0.8,20,3.0,0.7000000000000001,20,63,COMPLETE
6302,6302,16923.25,2023-11-15 12:31:30.115734,2023-11-15 12:31:30.680521,0 days 00:00:00.564787,0.8,10,3.0,0.9,24,76,COMPLETE
6303,6303,13873.5,2023-11-15 12:31:30.683223,2023-11-15 12:31:31.249923,0 days 00:00:00.566700,0.1,10,2.75,0.9,18,73,COMPLETE
6304,6304,11620.5,2023-11-15 12:31:31.252339,2023-11-15 12:31:31.835303,0 days 00:00:00.582964,0.2,10,3.0,0.8,95,67,COMPLETE
6305,6305,17833.75,2023-11-15 12:31:31.837865,2023-11-15 12:31:32.380084,0 days 00:00:00.542219,0.8,10,3.0,0.9,22,83,COMPLETE
6306,6306,17829.75,2023-11-15 12:31:32.382344,2023-11-15 12:31:32.912861,0 days 00:00:00.530517,0.7000000000000001,10,3.0,0.9,13,70,COMPLETE
6307,6307,17920.75,2023-11-15 12:31:32.914981,2023-11-15 12:31:33.456112,0 days 00:00:00.541131,0.8,10,3.0,0.9,17,74,COMPLETE
6308,6308,17114.0,2023-11-15 12:31:33.458451,2023-11-15 12:31:34.019870,0 days 00:00:00.561419,0.30000000000000004,10,2.75,0.9,27,78,COMPLETE
6309,6309,16091.25,2023-11-15 12:31:34.022217,2023-11-15 12:31:34.566710,0 days 00:00:00.544493,0.8,20,3.0,0.9,20,66,COMPLETE
6310,6310,18493.25,2023-11-15 12:31:34.569227,2023-11-15 12:31:35.104774,0 days 00:00:00.535547,0.8,10,2.5,0.9,25,72,COMPLETE
6311,6311,17115.5,2023-11-15 12:31:35.106913,2023-11-15 12:31:35.645449,0 days 00:00:00.538536,0.8,10,2.75,0.9,15,69,COMPLETE
6312,6312,17183.75,2023-11-15 12:31:35.647550,2023-11-15 12:31:36.234735,0 days 00:00:00.587185,0.9,10,3.0,0.9,21,76,COMPLETE
6313,6313,16711.25,2023-11-15 12:31:36.238151,2023-11-15 12:31:36.845140,0 days 00:00:00.606989,0.8,10,3.0,0.9,18,62,COMPLETE
6314,6314,18122.5,2023-11-15 12:31:36.847799,2023-11-15 12:31:37.445488,0 days 00:00:00.597689,0.8,10,3.0,0.9,11,72,COMPLETE
6315,6315,17917.0,2023-11-15 12:31:37.447783,2023-11-15 12:31:38.118244,0 days 00:00:00.670461,0.8,10,2.75,0.9,23,67,COMPLETE
6316,6316,17922.5,2023-11-15 12:31:38.121060,2023-11-15 12:31:38.728044,0 days 00:00:00.606984,0.8,10,3.0,0.8,16,70,COMPLETE
6317,6317,17466.0,2023-11-15 12:31:38.730235,2023-11-15 12:31:39.302258,0 days 00:00:00.572023,0.8,10,3.0,0.9,19,92,COMPLETE
6318,6318,17303.0,2023-11-15 12:31:39.304831,2023-11-15 12:31:39.866559,0 days 00:00:00.561728,0.7000000000000001,10,3.0,0.4,21,74,COMPLETE
6319,6319,17652.75,2023-11-15 12:31:39.868920,2023-11-15 12:31:40.431651,0 days 00:00:00.562731,0.8,10,2.5,0.9,24,65,COMPLETE
6320,6320,16821.25,2023-11-15 12:31:40.433911,2023-11-15 12:31:41.017710,0 days 00:00:00.583799,0.8,40,3.0,0.9,17,80,COMPLETE
6321,6321,17115.5,2023-11-15 12:31:41.021166,2023-11-15 12:31:41.594733,0 days 00:00:00.573567,0.8,10,2.75,0.9,13,69,COMPLETE
6322,6322,18122.5,2023-11-15 12:31:41.597237,2023-11-15 12:31:42.160239,0 days 00:00:00.563002,0.8,10,3.0,0.9,19,72,COMPLETE
6323,6323,10270.0,2023-11-15 12:31:42.162392,2023-11-15 12:31:42.718123,0 days 00:00:00.555731,0.8,60,3.0,0.9,22,18,COMPLETE
6324,6324,16898.75,2023-11-15 12:31:42.721250,2023-11-15 12:31:43.271414,0 days 00:00:00.550164,0.8,20,2.75,0.9,15,76,COMPLETE
6325,6325,17745.25,2023-11-15 12:31:43.273553,2023-11-15 12:31:43.821159,0 days 00:00:00.547606,0.9,10,3.0,0.9,20,68,COMPLETE
6326,6326,18122.5,2023-11-15 12:31:43.823459,2023-11-15 12:31:44.441547,0 days 00:00:00.618088,0.8,10,3.0,0.9,26,72,COMPLETE
6327,6327,18682.0,2023-11-15 12:31:44.443815,2023-11-15 12:31:45.030616,0 days 00:00:00.586801,0.8,10,3.0,0.9,63,75,COMPLETE
6328,6328,17014.0,2023-11-15 12:31:45.032954,2023-11-15 12:31:45.603352,0 days 00:00:00.570398,0.8,10,2.75,0.9,17,64,COMPLETE
