,number,value,datetime_start,datetime_complete,duration,params_alpha,params_decay_interval,params_decay_rate,params_gamma,params_initialization,params_max_steps,state
5474,5474,18121.5,2023-11-15 12:24:26.324625,2023-11-15 12:24:26.785818,0 days 00:00:00.461193,0.8,10,3.0,0.9,15,77,COMPLETE
5475,5475,18398.0,2023-11-15 12:24:26.788415,2023-11-15 12:24:27.252912,0 days 00:00:00.464497,0.8,10,2.5,0.9,20,109,COMPLETE
5476,5476,15229.75,2023-11-15 12:24:27.255397,2023-11-15 12:24:27.751810,0 days 00:00:00.496413,0.6,40,3.0,0.9,17,73,COMPLETE
5477,5477,16091.75,2023-11-15 12:24:27.754509,2023-11-15 12:24:28.224425,0 days 00:00:00.469916,0.8,20,2.75,0.9,12,66,COMPLETE
5478,5478,14185.5,2023-11-15 12:24:28.226351,2023-11-15 12:24:28.716624,0 days 00:00:00.490273,0.1,10,3.0,0.9,22,74,COMPLETE
5479,5479,17825.5,2023-11-15 12:24:28.718740,2023-11-15 12:24:29.190685,0 days 00:00:00.471945,0.8,10,3.0,0.9,62,70,COMPLETE
5480,5480,17552.0,2023-11-15 12:24:29.192806,2023-11-15 12:24:29.667166,0 days 00:00:00.474360,0.8,10,2.75,0.9,25,79,COMPLETE
5481,5481,17547.25,2023-11-15 12:24:29.669405,2023-11-15 12:24:30.138545,0 days 00:00:00.469140,0.8,10,3.0,0.9,19,68,COMPLETE
5482,5482,16117.75,2023-11-15 12:24:30.140501,2023-11-15 12:24:30.617112,0 days 00:00:00.476611,0.5,10,3.0,0.9,15,63,COMPLETE
5483,5483,18301.5,2023-11-15 12:24:30.619697,2023-11-15 12:24:31.087700,0 days 00:00:00.468003,0.7000000000000001,10,2.75,0.8,31,72,COMPLETE
5484,5484,18682.0,2023-11-15 12:24:31.089921,2023-11-15 12:24:31.566784,0 days 00:00:00.476863,0.8,10,3.0,0.9,21,75,COMPLETE
5485,5485,17359.0,2023-11-15 12:24:31.568733,2023-11-15 12:24:32.040895,0 days 00:00:00.472162,0.9,10,3.0,0.9,17,58,COMPLETE
5486,5486,10902.5,2023-11-15 12:24:32.042889,2023-11-15 12:24:32.540784,0 days 00:00:00.497895,0.2,80,3.0,0.9,74,66,COMPLETE
5487,5487,19260.75,2023-11-15 12:24:32.542842,2023-11-15 12:24:33.015170,0 days 00:00:00.472328,0.8,10,2.75,0.9,10,71,COMPLETE
5488,5488,16635.5,2023-11-15 12:24:33.017180,2023-11-15 12:24:33.501693,0 days 00:00:00.484513,0.8,20,3.0,0.9,23,81,COMPLETE
5489,5489,13285.0,2023-11-15 12:24:33.504583,2023-11-15 12:24:33.983941,0 days 00:00:00.479358,0.8,90,3.0,0.9,19,77,COMPLETE
5490,5490,17115.5,2023-11-15 12:24:33.986428,2023-11-15 12:24:34.460794,0 days 00:00:00.474366,0.8,10,3.0,0.9,14,69,COMPLETE
5491,5491,17462.25,2023-11-15 12:24:34.462885,2023-11-15 12:24:34.951026,0 days 00:00:00.488141,0.8,10,2.5,0.9,21,73,COMPLETE
5492,5492,11897.75,2023-11-15 12:24:34.953302,2023-11-15 12:24:35.447672,0 days 00:00:00.494370,0.8,60,2.75,0.9,17,65,COMPLETE
5493,5493,17115.5,2023-11-15 12:24:35.449572,2023-11-15 12:24:35.909987,0 days 00:00:00.460415,0.8,10,3.0,0.9,27,69,COMPLETE
5494,5494,18682.0,2023-11-15 12:24:35.912190,2023-11-15 12:24:36.369817,0 days 00:00:00.457627,0.8,10,3.0,0.9,24,75,COMPLETE
5495,5495,15477.25,2023-11-15 12:24:36.372153,2023-11-15 12:24:36.844321,0 days 00:00:00.472168,0.8,10,3.0,0.9,19,40,COMPLETE
5496,5496,16550.25,2023-11-15 12:24:36.846279,2023-11-15 12:24:37.315448,0 days 00:00:00.469169,0.8,10,3.0,0.30000000000000004,16,61,COMPLETE
5497,5497,18490.0,2023-11-15 12:24:37.317825,2023-11-15 12:24:37.786681,0 days 00:00:00.468856,0.7000000000000001,10,2.75,0.9,13,72,COMPLETE
5498,5498,17642.25,2023-11-15 12:24:37.789143,2023-11-15 12:24:38.255576,0 days 00:00:00.466433,0.8,10,3.0,0.8,22,68,COMPLETE
5499,5499,17453.0,2023-11-15 12:24:38.266902,2023-11-15 12:24:38.762863,0 days 00:00:00.495961,0.8,10,3.0,0.9,18,78,COMPLETE
5500,5500,19260.75,2023-11-15 12:24:38.764960,2023-11-15 12:24:39.231675,0 days 00:00:00.466715,0.8,10,3.0,0.9,20,71,COMPLETE
5501,5501,17186.75,2023-11-15 12:24:39.233731,2023-11-15 12:24:39.715996,0 days 00:00:00.482265,0.9,20,2.75,0.9,25,74,COMPLETE
5502,5502,17927.5,2023-11-15 12:24:39.718011,2023-11-15 12:24:40.190627,0 days 00:00:00.472616,0.8,10,2.0,0.9,23,65,COMPLETE
5503,5503,17547.25,2023-11-15 12:24:40.192843,2023-11-15 12:24:40.660080,0 days 00:00:00.467237,0.8,10,3.0,0.9,16,68,COMPLETE
5504,5504,18122.5,2023-11-15 12:24:40.662142,2023-11-15 12:24:41.126054,0 days 00:00:00.463912,0.8,10,3.0,0.9,50,72,COMPLETE
5505,5505,17196.25,2023-11-15 12:24:41.127996,2023-11-15 12:24:41.609817,0 days 00:00:00.481821,0.8,10,2.75,0.9,21,76,COMPLETE
5506,5506,17461.75,2023-11-15 12:24:41.611727,2023-11-15 12:24:42.097385,0 days 00:00:00.485658,0.8,10,3.0,0.4,18,70,COMPLETE
5507,5507,16719.5,2023-11-15 12:24:42.099652,2023-11-15 12:24:42.577321,0 days 00:00:00.477669,0.8,10,3.0,0.9,28,66,COMPLETE
5508,5508,17920.75,2023-11-15 12:24:42.579261,2023-11-15 12:24:43.054135,0 days 00:00:00.474874,0.8,10,3.0,0.9,14,74,COMPLETE
5509,5509,16905.0,2023-11-15 12:24:43.056179,2023-11-15 12:24:43.527114,0 days 00:00:00.470935,0.8,20,2.75,0.9,19,79,COMPLETE
5510,5510,16719.75,2023-11-15 12:24:43.529101,2023-11-15 12:24:44.003044,0 days 00:00:00.473943,0.8,10,2.5,0.9,23,63,COMPLETE
5511,5511,16976.0,2023-11-15 12:24:44.005551,2023-11-15 12:24:44.479722,0 days 00:00:00.474171,0.7000000000000001,10,3.0,0.8,82,71,COMPLETE
5512,5512,17547.25,2023-11-15 12:24:44.481645,2023-11-15 12:24:44.948892,0 days 00:00:00.467247,0.8,10,3.0,0.9,47,68,COMPLETE
5513,5513,18682.0,2023-11-15 12:24:44.950969,2023-11-15 12:24:45.412398,0 days 00:00:00.461429,0.8,10,3.0,0.9,15,75,COMPLETE
5514,5514,18215.25,2023-11-15 12:24:45.414431,2023-11-15 12:24:45.905743,0 days 00:00:00.491312,0.8,10,2.75,0.9,21,72,COMPLETE
5515,5515,17639.75,2023-11-15 12:24:45.907722,2023-11-15 12:24:46.373925,0 days 00:00:00.466203,0.8,10,2.25,0.9,26,68,COMPLETE
5516,5516,18299.75,2023-11-15 12:24:46.376014,2023-11-15 12:24:46.840030,0 days 00:00:00.464016,0.9,10,3.0,0.9,17,85,COMPLETE
5517,5517,16923.25,2023-11-15 12:24:46.842073,2023-11-15 12:24:47.313718,0 days 00:00:00.471645,0.8,10,3.0,0.9,11,76,COMPLETE
5518,5518,17832.5,2023-11-15 12:24:47.315744,2023-11-15 12:24:47.789722,0 days 00:00:00.473978,0.8,10,2.75,0.9,19,81,COMPLETE
5519,5519,10191.75,2023-11-15 12:24:47.791907,2023-11-15 12:24:48.291121,0 days 00:00:00.499214,0.8,100,3.0,0.9,24,70,COMPLETE
5520,5520,17631.75,2023-11-15 12:24:48.293108,2023-11-15 12:24:48.768577,0 days 00:00:00.475469,0.8,20,3.0,0.9,21,65,COMPLETE
5521,5521,17920.75,2023-11-15 12:24:48.771687,2023-11-15 12:24:49.244805,0 days 00:00:00.473118,0.8,10,3.0,0.9,16,74,COMPLETE
5522,5522,19260.75,2023-11-15 12:24:49.246796,2023-11-15 12:24:49.734153,0 days 00:00:00.487357,0.8,10,3.0,0.9,13,71,COMPLETE
5523,5523,16644.25,2023-11-15 12:24:49.736348,2023-11-15 12:24:50.214991,0 days 00:00:00.478643,0.8,10,2.75,0.8,18,61,COMPLETE
5524,5524,17917.25,2023-11-15 12:24:50.217198,2023-11-15 12:24:50.692178,0 days 00:00:00.474980,0.8,10,2.5,0.9,22,67,COMPLETE
5525,5525,18872.25,2023-11-15 12:24:50.694149,2023-11-15 12:24:51.155366,0 days 00:00:00.461217,0.7000000000000001,10,3.0,0.9,20,73,COMPLETE
5526,5526,17561.25,2023-11-15 12:24:51.157441,2023-11-15 12:24:51.627603,0 days 00:00:00.470162,0.9,10,3.0,0.9,25,69,COMPLETE
5527,5527,17369.25,2023-11-15 12:24:51.629644,2023-11-15 12:24:52.105551,0 days 00:00:00.475907,0.8,10,3.0,0.9,15,79,COMPLETE
5528,5528,18026.0,2023-11-15 12:24:52.107501,2023-11-15 12:24:52.573497,0 days 00:00:00.465996,0.8,10,2.75,0.9,18,77,COMPLETE
5529,5529,15905.0,2023-11-15 12:24:52.575681,2023-11-15 12:24:53.072239,0 days 00:00:00.496558,0.8,20,3.0,0.9,22,64,COMPLETE
5530,5530,17369.5,2023-11-15 12:24:53.074155,2023-11-15 12:24:53.544736,0 days 00:00:00.470581,0.8,10,3.0,0.9,20,73,COMPLETE
5531,5531,17115.5,2023-11-15 12:24:53.546706,2023-11-15 12:24:54.044961,0 days 00:00:00.498255,0.8,10,3.0,0.9,16,69,COMPLETE
5532,5532,18215.25,2023-11-15 12:24:54.047004,2023-11-15 12:24:54.517199,0 days 00:00:00.470195,0.8,10,2.75,0.9,27,72,COMPLETE
5533,5533,16649.75,2023-11-15 12:24:54.519572,2023-11-15 12:24:54.996085,0 days 00:00:00.476513,0.4,10,3.0,0.8,23,66,COMPLETE
5534,5534,14855.25,2023-11-15 12:24:54.998141,2023-11-15 12:24:55.459225,0 days 00:00:00.461084,0.8,10,3.0,0.9,13,26,COMPLETE
5535,5535,18585.0,2023-11-15 12:24:55.461237,2023-11-15 12:24:55.917869,0 days 00:00:00.456632,0.7000000000000001,10,2.75,0.9,18,76,COMPLETE
5536,5536,17825.5,2023-11-15 12:24:55.920829,2023-11-15 12:24:56.383286,0 days 00:00:00.462457,0.8,10,3.0,0.9,24,70,COMPLETE
5537,5537,17920.75,2023-11-15 12:24:56.385318,2023-11-15 12:24:56.875707,0 days 00:00:00.490389,0.8,10,3.0,0.9,20,74,COMPLETE
5538,5538,16666.75,2023-11-15 12:24:56.878132,2023-11-15 12:24:57.351580,0 days 00:00:00.473448,0.30000000000000004,10,3.0,0.9,17,67,COMPLETE
5539,5539,19260.75,2023-11-15 12:24:57.354191,2023-11-15 12:24:57.817064,0 days 00:00:00.462873,0.8,10,3.0,0.9,21,71,COMPLETE
5540,5540,16184.5,2023-11-15 12:24:57.819103,2023-11-15 12:24:58.304709,0 days 00:00:00.485606,0.8,20,2.75,0.9,16,78,COMPLETE
5541,5541,17745.25,2023-11-15 12:24:58.306882,2023-11-15 12:24:58.774473,0 days 00:00:00.467591,0.9,10,3.0,0.9,29,68,COMPLETE
5542,5542,16543.25,2023-11-15 12:24:58.776389,2023-11-15 12:24:59.256131,0 days 00:00:00.479742,0.8,10,3.0,0.9,14,63,COMPLETE
5543,5543,17739.75,2023-11-15 12:24:59.258156,2023-11-15 12:24:59.745945,0 days 00:00:00.487789,0.6,10,2.5,0.9,19,74,COMPLETE
5544,5544,15929.0,2023-11-15 12:24:59.747914,2023-11-15 12:25:00.251107,0 days 00:00:00.503193,0.8,30,3.0,0.9,23,71,COMPLETE
5545,5545,16719.5,2023-11-15 12:25:00.253635,2023-11-15 12:25:00.731201,0 days 00:00:00.477566,0.8,10,2.75,0.9,11,66,COMPLETE
5546,5546,16923.25,2023-11-15 12:25:00.733330,2023-11-15 12:25:01.222173,0 days 00:00:00.488843,0.8,10,3.0,0.9,25,76,COMPLETE
5547,5547,16910.5,2023-11-15 12:25:01.224273,2023-11-15 12:25:01.704736,0 days 00:00:00.480463,0.8,10,3.0,0.9,20,54,COMPLETE
5548,5548,17825.5,2023-11-15 12:25:01.706781,2023-11-15 12:25:02.175365,0 days 00:00:00.468584,0.8,10,2.75,0.9,17,70,COMPLETE
5549,5549,16636.25,2023-11-15 12:25:02.177372,2023-11-15 12:25:02.658636,0 days 00:00:00.481264,0.8,20,3.0,0.8,15,73,COMPLETE
5550,5550,17830.5,2023-11-15 12:25:02.660728,2023-11-15 12:25:03.149825,0 days 00:00:00.489097,0.7000000000000001,10,3.0,0.9,22,81,COMPLETE
5551,5551,17014.0,2023-11-15 12:25:03.154562,2023-11-15 12:25:03.632445,0 days 00:00:00.477883,0.8,10,3.0,0.9,19,64,COMPLETE
5552,5552,17547.25,2023-11-15 12:25:03.634530,2023-11-15 12:25:04.112618,0 days 00:00:00.478088,0.8,10,3.0,0.9,18,68,COMPLETE
5553,5553,17196.25,2023-11-15 12:25:04.114576,2023-11-15 12:25:04.602268,0 days 00:00:00.487692,0.8,10,2.75,0.9,27,76,COMPLETE
5554,5554,18028.25,2023-11-15 12:25:04.604914,2023-11-15 12:25:05.082167,0 days 00:00:00.477253,0.8,10,2.25,0.9,22,72,COMPLETE
5555,5555,14206.5,2023-11-15 12:25:05.084254,2023-11-15 12:25:05.567864,0 days 00:00:00.483610,0.8,50,3.0,0.9,13,60,COMPLETE
5556,5556,17469.0,2023-11-15 12:25:05.570090,2023-11-15 12:25:06.044467,0 days 00:00:00.474377,0.9,10,3.0,0.9,24,69,COMPLETE
5557,5557,17369.5,2023-11-15 12:25:06.046417,2023-11-15 12:25:06.517520,0 days 00:00:00.471103,0.8,10,2.75,0.9,20,73,COMPLETE
5558,5558,17546.5,2023-11-15 12:25:06.519900,2023-11-15 12:25:07.043446,0 days 00:00:00.523546,0.8,10,2.5,0.8,16,78,COMPLETE
5559,5559,16091.25,2023-11-15 12:25:07.046729,2023-11-15 12:25:07.597136,0 days 00:00:00.550407,0.8,20,3.0,0.9,18,66,COMPLETE
5560,5560,17825.5,2023-11-15 12:25:07.599125,2023-11-15 12:25:08.077249,0 days 00:00:00.478124,0.8,10,3.0,0.9,21,70,COMPLETE
5561,5561,18682.0,2023-11-15 12:25:08.079838,2023-11-15 12:25:08.558888,0 days 00:00:00.479050,0.8,10,2.75,0.9,15,75,COMPLETE
5562,5562,17575.75,2023-11-15 12:25:08.561168,2023-11-15 12:25:09.052118,0 days 00:00:00.490950,0.8,10,3.0,0.6,26,71,COMPLETE
5563,5563,17917.0,2023-11-15 12:25:09.055056,2023-11-15 12:25:09.532728,0 days 00:00:00.477672,0.8,10,3.0,0.9,23,67,COMPLETE
5564,5564,17920.75,2023-11-15 12:25:09.534872,2023-11-15 12:25:10.021789,0 days 00:00:00.486917,0.8,10,3.0,0.9,20,74,COMPLETE
5565,5565,16543.25,2023-11-15 12:25:10.023781,2023-11-15 12:25:10.511834,0 days 00:00:00.488053,0.8,10,3.0,0.9,9,63,COMPLETE
5566,5566,17547.25,2023-11-15 12:25:10.524357,2023-11-15 12:25:11.031818,0 days 00:00:00.507461,0.8,10,2.75,0.9,17,68,COMPLETE
5567,5567,17833.75,2023-11-15 12:25:11.033725,2023-11-15 12:25:11.512835,0 days 00:00:00.479110,0.8,10,3.0,0.9,22,83,COMPLETE
5568,5568,18490.0,2023-11-15 12:25:11.514868,2023-11-15 12:25:11.990262,0 days 00:00:00.475394,0.7000000000000001,10,3.0,0.9,14,72,COMPLETE
5569,5569,18487.0,2023-11-15 12:25:11.992390,2023-11-15 12:25:12.470762,0 days 00:00:00.478372,0.9,10,2.75,0.9,19,129,COMPLETE
5570,5570,17360.25,2023-11-15 12:25:12.473053,2023-11-15 12:25:12.953143,0 days 00:00:00.480090,0.8,10,3.0,0.9,24,78,COMPLETE
5571,5571,18392.25,2023-11-15 12:25:12.955624,2023-11-15 12:25:13.424481,0 days 00:00:00.468857,0.8,20,3.0,0.9,17,70,COMPLETE
5572,5572,18682.0,2023-11-15 12:25:13.426515,2023-11-15 12:25:13.909080,0 days 00:00:00.482565,0.8,10,3.0,0.9,12,75,COMPLETE
5573,5573,17654.5,2023-11-15 12:25:13.911323,2023-11-15 12:25:14.388357,0 days 00:00:00.477034,0.8,10,3.0,0.9,21,65,COMPLETE
5574,5574,18215.25,2023-11-15 12:25:14.390589,2023-11-15 12:25:14.884563,0 days 00:00:00.493974,0.8,10,2.75,0.9,30,72,COMPLETE
5575,5575,17547.25,2023-11-15 12:25:14.886688,2023-11-15 12:25:15.365871,0 days 00:00:00.479183,0.8,10,3.0,0.9,18,68,COMPLETE
5576,5576,16093.25,2023-11-15 12:25:15.367864,2023-11-15 12:25:15.874264,0 days 00:00:00.506400,0.8,10,0.25,0.7000000000000001,15,76,COMPLETE
5577,5577,17922.5,2023-11-15 12:25:15.876186,2023-11-15 12:25:16.356514,0 days 00:00:00.480328,0.8,10,3.0,0.8,25,70,COMPLETE
5578,5578,16826.75,2023-11-15 12:25:16.358547,2023-11-15 12:25:16.844140,0 days 00:00:00.485593,0.8,20,2.75,0.9,20,80,COMPLETE
5579,5579,17844.0,2023-11-15 12:25:16.846313,2023-11-15 12:25:17.321791,0 days 00:00:00.475478,0.8,10,3.0,0.9,22,101,COMPLETE
5580,5580,11828.5,2023-11-15 12:25:17.323812,2023-11-15 12:25:17.822266,0 days 00:00:00.498454,0.8,70,3.0,0.9,18,65,COMPLETE
5581,5581,17833.5,2023-11-15 12:25:17.824219,2023-11-15 12:25:18.297540,0 days 00:00:00.473321,0.9,10,3.0,0.30000000000000004,16,73,COMPLETE
5582,5582,9793.0,2023-11-15 12:25:18.299493,2023-11-15 12:25:18.794072,0 days 00:00:00.494579,0.8,10,2.5,0.9,20,15,COMPLETE
5583,5583,16714.0,2023-11-15 12:25:18.796205,2023-11-15 12:25:19.276128,0 days 00:00:00.479923,0.7000000000000001,10,3.0,0.9,24,62,COMPLETE
5584,5584,17547.25,2023-11-15 12:25:19.278042,2023-11-15 12:25:19.754946,0 days 00:00:00.476904,0.8,10,2.75,0.9,27,68,COMPLETE
5585,5585,17460.25,2023-11-15 12:25:19.756986,2023-11-15 12:25:20.231325,0 days 00:00:00.474339,0.8,10,2.25,0.9,13,73,COMPLETE
5586,5586,18121.5,2023-11-15 12:25:20.233388,2023-11-15 12:25:20.714424,0 days 00:00:00.481036,0.8,10,3.0,0.9,19,77,COMPLETE
5587,5587,17923.0,2023-11-15 12:25:20.716487,2023-11-15 12:25:21.202580,0 days 00:00:00.486093,0.6,10,3.0,0.9,22,70,COMPLETE
5588,5588,15837.25,2023-11-15 12:25:21.205401,2023-11-15 12:25:21.711775,0 days 00:00:00.506374,0.8,20,2.75,0.5,17,66,COMPLETE
5589,5589,18587.5,2023-11-15 12:25:21.713917,2023-11-15 12:25:22.195194,0 days 00:00:00.481277,0.8,10,2.0,0.8,15,75,COMPLETE
5590,5590,18973.5,2023-11-15 12:25:22.197142,2023-11-15 12:25:22.672707,0 days 00:00:00.475565,0.7000000000000001,10,3.0,0.9,23,71,COMPLETE
5591,5591,17547.25,2023-11-15 12:25:22.674637,2023-11-15 12:25:23.157438,0 days 00:00:00.482801,0.8,10,3.0,0.9,20,68,COMPLETE
5592,5592,17369.5,2023-11-15 12:25:23.159495,2023-11-15 12:25:23.643220,0 days 00:00:00.483725,0.8,10,3.0,0.9,25,73,COMPLETE
5593,5593,17741.0,2023-11-15 12:25:23.645997,2023-11-15 12:25:24.134370,0 days 00:00:00.488373,0.8,10,2.5,0.9,11,80,COMPLETE
5594,5594,17825.5,2023-11-15 12:25:24.136521,2023-11-15 12:25:24.623431,0 days 00:00:00.486910,0.8,10,2.75,0.9,17,70,COMPLETE
5595,5595,17175.0,2023-11-15 12:25:24.625775,2023-11-15 12:25:25.101414,0 days 00:00:00.475639,0.8,10,3.0,0.8,19,58,COMPLETE
5596,5596,12724.5,2023-11-15 12:25:25.104070,2023-11-15 12:25:25.617999,0 days 00:00:00.513929,0.8,90,3.0,0.9,22,76,COMPLETE
5597,5597,14186.0,2023-11-15 12:25:25.620990,2023-11-15 12:25:26.110547,0 days 00:00:00.489557,0.9,40,3.0,0.9,15,65,COMPLETE
5598,5598,17369.5,2023-11-15 12:25:26.112683,2023-11-15 12:25:26.596585,0 days 00:00:00.483902,0.8,10,2.75,0.9,21,73,COMPLETE
5599,5599,17547.25,2023-11-15 12:25:26.598798,2023-11-15 12:25:27.081549,0 days 00:00:00.482751,0.8,10,3.0,0.9,18,68,COMPLETE
5600,5600,16711.25,2023-11-15 12:25:27.083711,2023-11-15 12:25:27.566596,0 days 00:00:00.482885,0.8,10,3.0,0.9,26,62,COMPLETE
5601,5601,18392.25,2023-11-15 12:25:27.568575,2023-11-15 12:25:28.041287,0 days 00:00:00.472712,0.8,20,3.0,0.9,13,71,COMPLETE
5602,5602,17545.25,2023-11-15 12:25:28.043311,2023-11-15 12:25:28.527021,0 days 00:00:00.483710,0.8,10,2.75,0.9,16,78,COMPLETE
5603,5603,17920.75,2023-11-15 12:25:28.529011,2023-11-15 12:25:29.031707,0 days 00:00:00.502696,0.8,10,3.0,0.9,23,74,COMPLETE
5604,5604,17917.25,2023-11-15 12:25:29.034334,2023-11-15 12:25:29.519446,0 days 00:00:00.485112,0.8,10,2.5,0.9,20,67,COMPLETE
5605,5605,17825.5,2023-11-15 12:25:29.522037,2023-11-15 12:25:29.996930,0 days 00:00:00.474893,0.8,10,3.0,0.9,19,70,COMPLETE
5606,5606,17546.5,2023-11-15 12:25:29.998932,2023-11-15 12:25:30.484943,0 days 00:00:00.486011,0.7000000000000001,10,3.0,0.9,28,74,COMPLETE
5607,5607,12682.5,2023-11-15 12:25:30.487670,2023-11-15 12:25:30.985026,0 days 00:00:00.497356,0.8,60,3.0,0.4,22,64,COMPLETE
5608,5608,19260.75,2023-11-15 12:25:30.987616,2023-11-15 12:25:31.466943,0 days 00:00:00.479327,0.8,10,2.75,0.9,17,71,COMPLETE
5609,5609,17190.75,2023-11-15 12:25:31.469277,2023-11-15 12:25:31.954815,0 days 00:00:00.485538,0.8,10,3.0,0.9,90,76,COMPLETE
5610,5610,16497.5,2023-11-15 12:25:31.956983,2023-11-15 12:25:32.446250,0 days 00:00:00.489267,0.30000000000000004,10,3.0,0.9,21,67,COMPLETE
5611,5611,18215.25,2023-11-15 12:25:32.453772,2023-11-15 12:25:32.956828,0 days 00:00:00.503056,0.8,10,2.75,0.9,57,72,COMPLETE
5612,5612,16617.75,2023-11-15 12:25:32.959347,2023-11-15 12:25:33.445174,0 days 00:00:00.485827,0.8,20,3.0,0.9,24,69,COMPLETE
5613,5613,18304.25,2023-11-15 12:25:33.447184,2023-11-15 12:25:33.927318,0 days 00:00:00.480134,0.9,10,3.0,0.9,13,77,COMPLETE
5614,5614,18299.75,2023-11-15 12:25:33.929233,2023-11-15 12:25:34.410500,0 days 00:00:00.481267,0.8,10,3.0,0.8,15,65,COMPLETE
5615,5615,17920.75,2023-11-15 12:25:34.412491,2023-11-15 12:25:34.893699,0 days 00:00:00.481208,0.8,10,2.75,0.9,18,74,COMPLETE
5616,5616,17739.5,2023-11-15 12:25:34.895670,2023-11-15 12:25:35.381766,0 days 00:00:00.486096,0.8,10,3.0,0.9,25,81,COMPLETE
5617,5617,17561.25,2023-11-15 12:25:35.383994,2023-11-15 12:25:35.865404,0 days 00:00:00.481410,0.9,10,3.0,0.9,20,69,COMPLETE
5618,5618,19260.75,2023-11-15 12:25:35.867387,2023-11-15 12:25:36.375283,0 days 00:00:00.507896,0.8,10,2.75,0.9,16,71,COMPLETE
5619,5619,17461.25,2023-11-15 12:25:36.377957,2023-11-15 12:25:36.858284,0 days 00:00:00.480327,0.8,10,3.0,0.9,9,60,COMPLETE
5620,5620,16620.5,2023-11-15 12:25:36.860381,2023-11-15 12:25:37.338615,0 days 00:00:00.478234,0.8,20,3.0,0.9,18,67,COMPLETE
5621,5621,17834.5,2023-11-15 12:25:37.340608,2023-11-15 12:25:37.813971,0 days 00:00:00.473363,0.7000000000000001,10,2.25,0.9,23,73,COMPLETE
5622,5622,17369.25,2023-11-15 12:25:37.816064,2023-11-15 12:25:38.301217,0 days 00:00:00.485153,0.8,10,3.0,0.9,21,79,COMPLETE
5623,5623,18682.0,2023-11-15 12:25:38.303488,2023-11-15 12:25:38.775388,0 days 00:00:00.471900,0.8,10,3.0,0.8,14,75,COMPLETE
5624,5624,17115.5,2023-11-15 12:25:38.777353,2023-11-15 12:25:39.278836,0 days 00:00:00.501483,0.8,10,2.75,0.9,19,69,COMPLETE
5625,5625,16543.25,2023-11-15 12:25:39.281048,2023-11-15 12:25:39.766530,0 days 00:00:00.485482,0.8,10,3.0,0.9,26,63,COMPLETE
5626,5626,18493.25,2023-11-15 12:25:39.768844,2023-11-15 12:25:40.250999,0 days 00:00:00.482155,0.8,10,2.5,0.9,11,72,COMPLETE
5627,5627,16719.5,2023-11-15 12:25:40.253663,2023-11-15 12:25:40.734474,0 days 00:00:00.480811,0.8,10,3.0,0.9,17,66,COMPLETE
5628,5628,17378.25,2023-11-15 12:25:40.736750,2023-11-15 12:25:41.225342,0 days 00:00:00.488592,0.8,10,2.75,0.9,23,76,COMPLETE
5629,5629,17104.25,2023-11-15 12:25:41.227319,2023-11-15 12:25:41.719951,0 days 00:00:00.492632,0.8,10,3.0,0.9,20,84,COMPLETE
5630,5630,17825.5,2023-11-15 12:25:41.722502,2023-11-15 12:25:42.200961,0 days 00:00:00.478459,0.8,10,3.0,0.9,15,70,COMPLETE
5631,5631,17188.25,2023-11-15 12:25:42.203614,2023-11-15 12:25:42.729646,0 days 00:00:00.526032,0.8,10,3.0,0.9,18,73,COMPLETE
5632,5632,15820.5,2023-11-15 12:25:42.731576,2023-11-15 12:25:43.220740,0 days 00:00:00.489164,0.4,20,3.0,0.9,21,68,COMPLETE
5633,5633,19260.75,2023-11-15 12:25:43.222861,2023-11-15 12:25:43.693587,0 days 00:00:00.470726,0.8,10,2.75,0.9,24,71,COMPLETE
5634,5634,17360.25,2023-11-15 12:25:43.695549,2023-11-15 12:25:44.180766,0 days 00:00:00.485217,0.8,10,3.0,0.9,28,78,COMPLETE
5635,5635,16989.25,2023-11-15 12:25:44.182818,2023-11-15 12:25:44.665002,0 days 00:00:00.482184,0.7000000000000001,10,3.0,0.8,17,66,COMPLETE
5636,5636,18682.0,2023-11-15 12:25:44.667105,2023-11-15 12:25:45.151502,0 days 00:00:00.484397,0.8,10,2.75,0.9,22,75,COMPLETE
5637,5637,19260.75,2023-11-15 12:25:45.154418,2023-11-15 12:25:45.647601,0 days 00:00:00.493183,0.9,10,3.0,0.9,19,71,COMPLETE
5638,5638,16543.25,2023-11-15 12:25:45.649768,2023-11-15 12:25:46.138568,0 days 00:00:00.488800,0.8,10,3.0,0.9,44,63,COMPLETE
5639,5639,17188.25,2023-11-15 12:25:46.140691,2023-11-15 12:25:46.631855,0 days 00:00:00.491164,0.8,20,3.0,0.9,13,74,COMPLETE
5640,5640,17547.25,2023-11-15 12:25:46.633923,2023-11-15 12:25:47.112687,0 days 00:00:00.478764,0.8,10,2.75,0.9,16,68,COMPLETE
5641,5641,18121.5,2023-11-15 12:25:47.114778,2023-11-15 12:25:47.597319,0 days 00:00:00.482541,0.8,10,3.0,0.9,21,77,COMPLETE
5642,5642,14854.75,2023-11-15 12:25:47.599485,2023-11-15 12:25:48.092350,0 days 00:00:00.492865,0.2,30,3.0,0.9,25,72,COMPLETE
5643,5643,17115.5,2023-11-15 12:25:48.094332,2023-11-15 12:25:48.574454,0 days 00:00:00.480122,0.8,10,2.75,0.9,19,69,COMPLETE
5644,5644,17654.5,2023-11-15 12:25:48.576481,2023-11-15 12:25:49.059518,0 days 00:00:00.483037,0.8,10,3.0,0.9,23,65,COMPLETE
