,number,value,datetime_start,datetime_complete,duration,params_alpha,params_decay_interval,params_decay_rate,params_gamma,params_initialization,params_max_steps,state
1033,1033,18401.0,2023-11-15 13:19:28.562709,2023-11-15 13:19:28.708415,0 days 00:00:00.145706,0.8,10,1.0,0.8,20,100,COMPLETE
1034,1034,18394.5,2023-11-15 13:19:28.709458,2023-11-15 13:19:28.852729,0 days 00:00:00.143271,0.8,10,1.25,0.8,18,96,COMPLETE
1035,1035,18023.5,2023-11-15 13:19:28.853751,2023-11-15 13:19:29.001745,0 days 00:00:00.147994,0.8,10,1.25,0.8,15,98,COMPLETE
1036,1036,18022.0,2023-11-15 13:19:29.002995,2023-11-15 13:19:29.151335,0 days 00:00:00.148340,0.8,10,1.0,0.8,12,98,COMPLETE
1037,1037,17137.75,2023-11-15 13:19:29.152511,2023-11-15 13:19:29.308533,0 days 00:00:00.156022,0.7000000000000001,10,1.5,0.8,93,94,COMPLETE
1038,1038,13720.25,2023-11-15 13:19:29.309797,2023-11-15 13:19:29.479361,0 days 00:00:00.169564,0.8,80,1.25,0.8,4,100,COMPLETE
1039,1039,18394.5,2023-11-15 13:19:29.480424,2023-11-15 13:19:29.625452,0 days 00:00:00.145028,0.8,10,1.25,0.8,8,96,COMPLETE
1040,1040,16466.0,2023-11-15 13:19:29.626831,2023-11-15 13:19:29.781919,0 days 00:00:00.155088,0.8,20,1.25,0.7000000000000001,17,69,COMPLETE
1041,1041,18302.25,2023-11-15 13:19:29.782999,2023-11-15 13:19:29.934091,0 days 00:00:00.151092,0.9,10,1.25,0.8,20,98,COMPLETE
1042,1042,18492.5,2023-11-15 13:19:29.935223,2023-11-15 13:19:30.084618,0 days 00:00:00.149395,0.8,10,1.25,0.8,6,100,COMPLETE
1043,1043,18319.5,2023-11-15 13:19:30.085846,2023-11-15 13:19:30.234484,0 days 00:00:00.148638,0.8,10,1.5,0.8,14,97,COMPLETE
1044,1044,18310.75,2023-11-15 13:19:30.235547,2023-11-15 13:19:30.384691,0 days 00:00:00.149144,0.8,10,1.25,0.8,22,92,COMPLETE
1045,1045,18491.25,2023-11-15 13:19:30.386849,2023-11-15 13:19:30.533068,0 days 00:00:00.146219,0.7000000000000001,10,1.25,0.8,2,99,COMPLETE
1046,1046,17837.25,2023-11-15 13:19:30.534152,2023-11-15 13:19:30.685660,0 days 00:00:00.151508,0.8,10,1.25,0.8,10,95,COMPLETE
1047,1047,18323.25,2023-11-15 13:19:30.686690,2023-11-15 13:19:30.835370,0 days 00:00:00.148680,0.8,10,1.0,0.8,17,97,COMPLETE
1048,1048,17766.25,2023-11-15 13:19:30.836488,2023-11-15 13:19:30.992236,0 days 00:00:00.155748,0.8,10,1.25,0.8,90,100,COMPLETE
1049,1049,18023.5,2023-11-15 13:19:30.993414,2023-11-15 13:19:31.143522,0 days 00:00:00.150108,0.8,10,1.25,0.8,19,98,COMPLETE
1050,1050,18030.0,2023-11-15 13:19:31.144757,2023-11-15 13:19:31.295508,0 days 00:00:00.150751,0.8,20,1.25,0.7000000000000001,13,94,COMPLETE
1051,1051,18301.5,2023-11-15 13:19:31.296649,2023-11-15 13:19:31.447502,0 days 00:00:00.150853,0.8,10,1.5,0.8,24,96,COMPLETE
1052,1052,199.5,2023-11-15 13:19:31.448743,2023-11-15 13:19:31.865428,0 days 00:00:00.416685,0.4,10,1.25,0.8,0,100,COMPLETE
1053,1053,14669.25,2023-11-15 13:19:31.866448,2023-11-15 13:19:32.035640,0 days 00:00:00.169192,0.5,70,1.25,0.8,16,98,COMPLETE
1054,1054,18497.5,2023-11-15 13:19:32.036651,2023-11-15 13:19:32.183572,0 days 00:00:00.146921,0.8,10,1.0,0.8,5,96,COMPLETE
1055,1055,18308.5,2023-11-15 13:19:32.184699,2023-11-15 13:19:32.334437,0 days 00:00:00.149738,0.9,10,1.25,0.5,8,99,COMPLETE
1056,1056,18023.5,2023-11-15 13:19:32.335476,2023-11-15 13:19:32.484800,0 days 00:00:00.149324,0.8,10,1.25,0.8,11,98,COMPLETE
1057,1057,18492.5,2023-11-15 13:19:32.485883,2023-11-15 13:19:32.634413,0 days 00:00:00.148530,0.8,10,1.25,0.8,19,100,COMPLETE
1058,1058,18394.5,2023-11-15 13:19:32.635428,2023-11-15 13:19:32.781785,0 days 00:00:00.146357,0.8,10,1.25,0.8,14,96,COMPLETE
1059,1059,14780.75,2023-11-15 13:19:32.783001,2023-11-15 13:19:32.970046,0 days 00:00:00.187045,0.30000000000000004,10,1.5,0.4,60,94,COMPLETE
1060,1060,18023.5,2023-11-15 13:19:32.971128,2023-11-15 13:19:33.122509,0 days 00:00:00.151381,0.8,10,1.25,0.8,21,98,COMPLETE
1061,1061,18238.5,2023-11-15 13:19:33.123846,2023-11-15 13:19:33.273051,0 days 00:00:00.149205,0.8,10,1.0,0.8,16,100,COMPLETE
1062,1062,17366.25,2023-11-15 13:19:33.274612,2023-11-15 13:19:33.425808,0 days 00:00:00.151196,0.8,30,1.25,0.7000000000000001,3,97,COMPLETE
1063,1063,17830.75,2023-11-15 13:19:33.426884,2023-11-15 13:19:33.576550,0 days 00:00:00.149666,0.8,20,1.25,0.8,18,98,COMPLETE
1064,1064,18492.5,2023-11-15 13:19:33.577576,2023-11-15 13:19:33.725425,0 days 00:00:00.147849,0.8,10,1.25,0.8,12,100,COMPLETE
1065,1065,15242.75,2023-11-15 13:19:33.726451,2023-11-15 13:19:33.889212,0 days 00:00:00.162761,0.8,60,1.5,0.8,7,96,COMPLETE
1066,1066,18397.5,2023-11-15 13:19:33.890603,2023-11-15 13:19:34.039255,0 days 00:00:00.148652,0.7000000000000001,10,1.25,0.8,10,94,COMPLETE
1067,1067,18209.5,2023-11-15 13:19:34.040955,2023-11-15 13:19:34.192578,0 days 00:00:00.151623,0.8,10,1.25,0.7000000000000001,22,98,COMPLETE
1068,1068,17655.25,2023-11-15 13:19:34.193989,2023-11-15 13:19:34.346761,0 days 00:00:00.152772,0.8,10,1.25,0.8,15,91,COMPLETE
1069,1069,18306.0,2023-11-15 13:19:34.347895,2023-11-15 13:19:34.500790,0 days 00:00:00.152895,0.9,10,1.0,0.8,5,100,COMPLETE
1070,1070,18394.5,2023-11-15 13:19:34.501863,2023-11-15 13:19:34.651496,0 days 00:00:00.149633,0.8,10,1.25,0.8,18,96,COMPLETE
1071,1071,17925.0,2023-11-15 13:19:34.652563,2023-11-15 13:19:34.802704,0 days 00:00:00.150141,0.8,20,1.5,0.8,2,98,COMPLETE
1072,1072,17840.5,2023-11-15 13:19:34.803784,2023-11-15 13:19:34.965375,0 days 00:00:00.161591,0.8,10,0.25,0.8,20,100,COMPLETE
1073,1073,17837.25,2023-11-15 13:19:34.966397,2023-11-15 13:19:35.118914,0 days 00:00:00.152517,0.8,10,1.25,0.8,13,95,COMPLETE
1074,1074,18023.5,2023-11-15 13:19:35.119974,2023-11-15 13:19:35.270757,0 days 00:00:00.150783,0.8,10,1.25,0.8,16,98,COMPLETE
1075,1075,18399.75,2023-11-15 13:19:35.271863,2023-11-15 13:19:35.421274,0 days 00:00:00.149411,0.7000000000000001,10,1.25,0.8,8,97,COMPLETE
1076,1076,16554.0,2023-11-15 13:19:35.422373,2023-11-15 13:19:35.574459,0 days 00:00:00.152086,0.8,10,1.25,0.8,23,54,COMPLETE
1077,1077,18238.5,2023-11-15 13:19:35.575545,2023-11-15 13:19:35.726704,0 days 00:00:00.151159,0.8,10,1.0,0.8,4,100,COMPLETE
1078,1078,18207.75,2023-11-15 13:19:35.728398,2023-11-15 13:19:35.877503,0 days 00:00:00.149105,0.8,10,1.25,0.8,18,93,COMPLETE
1079,1079,18209.5,2023-11-15 13:19:35.878588,2023-11-15 13:19:36.028526,0 days 00:00:00.149938,0.8,10,1.25,0.7000000000000001,14,98,COMPLETE
1080,1080,18394.5,2023-11-15 13:19:36.029586,2023-11-15 13:19:36.177711,0 days 00:00:00.148125,0.8,10,1.25,0.8,9,96,COMPLETE
1081,1081,15746.25,2023-11-15 13:19:36.178740,2023-11-15 13:19:36.328771,0 days 00:00:00.150031,0.8,10,1.5,0.8,12,41,COMPLETE
1082,1082,18493.0,2023-11-15 13:19:36.329840,2023-11-15 13:19:36.479628,0 days 00:00:00.149788,0.9,10,1.25,0.8,6,99,COMPLETE
1083,1083,18398.25,2023-11-15 13:19:36.480696,2023-11-15 13:19:36.631841,0 days 00:00:00.151145,0.8,10,1.25,0.8,21,100,COMPLETE
1084,1084,17466.25,2023-11-15 13:19:36.633105,2023-11-15 13:19:36.793103,0 days 00:00:00.159998,0.8,20,1.0,0.8,17,97,COMPLETE
1085,1085,16120.25,2023-11-15 13:19:36.794247,2023-11-15 13:19:36.946457,0 days 00:00:00.152210,0.8,10,1.25,0.8,1,46,COMPLETE
1086,1086,12100.0,2023-11-15 13:19:36.947545,2023-11-15 13:19:37.133068,0 days 00:00:00.185523,0.8,100,1.25,0.8,15,95,COMPLETE
1087,1087,18027.25,2023-11-15 13:19:37.134234,2023-11-15 13:19:37.288524,0 days 00:00:00.154290,0.8,10,1.5,0.8,47,99,COMPLETE
1088,1088,17939.75,2023-11-15 13:19:37.289963,2023-11-15 13:19:37.447936,0 days 00:00:00.157973,0.6,10,1.25,0.6,19,97,COMPLETE
1089,1089,18492.5,2023-11-15 13:19:37.449138,2023-11-15 13:19:37.598787,0 days 00:00:00.149649,0.8,10,1.25,0.8,10,100,COMPLETE
1090,1090,18023.5,2023-11-15 13:19:37.599931,2023-11-15 13:19:37.751148,0 days 00:00:00.151217,0.8,10,1.25,0.8,16,98,COMPLETE
1091,1091,18112.5,2023-11-15 13:19:37.752356,2023-11-15 13:19:37.905874,0 days 00:00:00.153518,0.8,10,1.25,0.8,3,95,COMPLETE
1092,1092,15871.5,2023-11-15 13:19:37.907216,2023-11-15 13:19:38.070719,0 days 00:00:00.163503,0.8,40,1.0,0.7000000000000001,76,97,COMPLETE
1093,1093,16857.75,2023-11-15 13:19:38.071794,2023-11-15 13:19:38.238498,0 days 00:00:00.166704,0.2,10,1.25,0.8,13,100,COMPLETE
1094,1094,18305.75,2023-11-15 13:19:38.239932,2023-11-15 13:19:38.392143,0 days 00:00:00.152211,0.7000000000000001,10,1.5,0.8,20,98,COMPLETE
1095,1095,18202.0,2023-11-15 13:19:38.393315,2023-11-15 13:19:38.541322,0 days 00:00:00.148007,0.8,20,1.25,0.8,24,96,COMPLETE
1096,1096,18396.25,2023-11-15 13:19:38.542664,2023-11-15 13:19:38.692473,0 days 00:00:00.149809,0.9,10,1.25,0.8,6,93,COMPLETE
1097,1097,12747.75,2023-11-15 13:19:38.693552,2023-11-15 13:19:38.842200,0 days 00:00:00.148648,0.8,10,1.25,0.8,11,23,COMPLETE
1098,1098,18681.25,2023-11-15 13:19:38.843453,2023-11-15 13:19:38.997074,0 days 00:00:00.153621,0.8,10,1.25,0.8,17,99,COMPLETE
1099,1099,18401.0,2023-11-15 13:19:39.008563,2023-11-15 13:19:39.165228,0 days 00:00:00.156665,0.8,10,1.0,0.8,14,100,COMPLETE
1100,1100,18305.25,2023-11-15 13:19:39.166502,2023-11-15 13:19:39.318345,0 days 00:00:00.151843,0.8,10,1.5,0.8,8,98,COMPLETE
1101,1101,18209.0,2023-11-15 13:19:39.319595,2023-11-15 13:19:39.470433,0 days 00:00:00.150838,0.8,10,1.25,0.8,21,89,COMPLETE
1102,1102,17837.25,2023-11-15 13:19:39.471699,2023-11-15 13:19:39.626213,0 days 00:00:00.154514,0.8,10,1.25,0.8,19,95,COMPLETE
1103,1103,199.5,2023-11-15 13:19:39.627359,2023-11-15 13:19:40.029843,0 days 00:00:00.402484,0.8,10,1.25,0.7000000000000001,0,97,COMPLETE
1104,1104,18013.5,2023-11-15 13:19:40.031072,2023-11-15 13:19:40.177629,0 days 00:00:00.146557,0.8,20,1.25,0.8,4,100,COMPLETE
1105,1105,18211.25,2023-11-15 13:19:40.178688,2023-11-15 13:19:40.332091,0 days 00:00:00.153403,0.7000000000000001,10,1.25,0.8,16,98,COMPLETE
1106,1106,17420.25,2023-11-15 13:19:40.333252,2023-11-15 13:19:40.496751,0 days 00:00:00.163499,0.8,10,1.0,0.8,98,96,COMPLETE
1107,1107,18397.25,2023-11-15 13:19:40.498177,2023-11-15 13:19:40.647193,0 days 00:00:00.149016,0.9,10,1.25,0.8,13,94,COMPLETE
1108,1108,18492.5,2023-11-15 13:19:40.648513,2023-11-15 13:19:40.797950,0 days 00:00:00.149437,0.8,10,1.25,0.8,6,100,COMPLETE
1109,1109,18023.5,2023-11-15 13:19:40.799068,2023-11-15 13:19:40.955761,0 days 00:00:00.156693,0.8,10,1.25,0.8,18,98,COMPLETE
1110,1110,18396.25,2023-11-15 13:19:40.957188,2023-11-15 13:19:41.107378,0 days 00:00:00.150190,0.8,10,1.5,0.8,11,92,COMPLETE
1111,1111,18498.0,2023-11-15 13:19:41.108631,2023-11-15 13:19:41.260827,0 days 00:00:00.152196,0.8,10,1.0,0.8,22,96,COMPLETE
1112,1112,17830.75,2023-11-15 13:19:41.261880,2023-11-15 13:19:41.416457,0 days 00:00:00.154577,0.8,20,1.25,0.8,38,98,COMPLETE
1113,1113,18028.75,2023-11-15 13:19:41.417499,2023-11-15 13:19:41.574810,0 days 00:00:00.157311,0.8,10,1.25,0.8,51,100,COMPLETE
1114,1114,18218.0,2023-11-15 13:19:41.575839,2023-11-15 13:19:41.733758,0 days 00:00:00.157919,0.8,10,1.25,0.8,2,97,COMPLETE
1115,1115,18209.75,2023-11-15 13:19:41.734865,2023-11-15 13:19:41.886394,0 days 00:00:00.151529,0.8,10,1.5,0.8,15,99,COMPLETE
1116,1116,18490.25,2023-11-15 13:19:41.887689,2023-11-15 13:19:42.039715,0 days 00:00:00.152026,0.8,10,1.25,0.7000000000000001,9,94,COMPLETE
1117,1117,17640.25,2023-11-15 13:19:42.041599,2023-11-15 13:19:42.193257,0 days 00:00:00.151658,0.8,30,1.25,0.8,17,96,COMPLETE
1118,1118,18401.75,2023-11-15 13:19:42.194509,2023-11-15 13:19:42.346825,0 days 00:00:00.152316,0.7000000000000001,10,1.25,0.8,20,100,COMPLETE
1119,1119,18022.0,2023-11-15 13:19:42.347910,2023-11-15 13:19:42.501611,0 days 00:00:00.153701,0.8,10,1.0,0.8,14,98,COMPLETE
1120,1120,18023.5,2023-11-15 13:19:42.502868,2023-11-15 13:19:42.657946,0 days 00:00:00.155078,0.8,10,1.25,0.8,24,98,COMPLETE
1121,1121,18492.5,2023-11-15 13:19:42.659184,2023-11-15 13:19:42.811929,0 days 00:00:00.152745,0.8,10,1.25,0.8,4,100,COMPLETE
1122,1122,16106.5,2023-11-15 13:19:42.813178,2023-11-15 13:19:42.972922,0 days 00:00:00.159744,0.8,50,1.5,0.8,7,96,COMPLETE
1123,1123,18209.5,2023-11-15 13:19:42.974654,2023-11-15 13:19:43.129046,0 days 00:00:00.154392,0.9,10,1.25,0.8,12,98,COMPLETE
1124,1124,18410.75,2023-11-15 13:19:43.130075,2023-11-15 13:19:43.281453,0 days 00:00:00.151378,0.8,10,1.25,0.8,18,94,COMPLETE
1125,1125,18013.5,2023-11-15 13:19:43.282556,2023-11-15 13:19:43.436288,0 days 00:00:00.153732,0.8,20,1.25,0.8,15,100,COMPLETE
1126,1126,18395.0,2023-11-15 13:19:43.437359,2023-11-15 13:19:43.591089,0 days 00:00:00.153730,0.8,10,3.0,0.8,10,96,COMPLETE
1127,1127,15571.0,2023-11-15 13:19:43.592435,2023-11-15 13:19:43.744726,0 days 00:00:00.152291,0.7000000000000001,10,1.25,0.8,20,35,COMPLETE
1128,1128,18398.5,2023-11-15 13:19:43.745991,2023-11-15 13:19:43.900531,0 days 00:00:00.154540,0.8,10,1.5,0.8,17,98,COMPLETE
1129,1129,18212.25,2023-11-15 13:19:43.901690,2023-11-15 13:19:44.057883,0 days 00:00:00.156193,0.8,10,1.25,0.7000000000000001,5,100,COMPLETE
1130,1130,18022.25,2023-11-15 13:19:44.059160,2023-11-15 13:19:44.210533,0 days 00:00:00.151373,0.8,10,1.25,0.8,3,73,COMPLETE
1131,1131,18218.0,2023-11-15 13:19:44.211774,2023-11-15 13:19:44.369207,0 days 00:00:00.157433,0.8,10,1.25,0.8,22,97,COMPLETE
1132,1132,17561.0,2023-11-15 13:19:44.370240,2023-11-15 13:19:44.526968,0 days 00:00:00.156728,0.8,10,1.0,0.8,12,95,COMPLETE
1133,1133,18209.25,2023-11-15 13:19:44.528072,2023-11-15 13:19:44.681620,0 days 00:00:00.153548,0.8,10,1.25,0.7000000000000001,8,98,COMPLETE
1134,1134,18681.25,2023-11-15 13:19:44.682658,2023-11-15 13:19:44.834073,0 days 00:00:00.151415,0.8,10,1.25,0.8,16,99,COMPLETE
1135,1135,18307.75,2023-11-15 13:19:44.835294,2023-11-15 13:19:44.987104,0 days 00:00:00.151810,0.8,10,1.0,0.8,41,96,COMPLETE
1136,1136,17655.25,2023-11-15 13:19:44.988275,2023-11-15 13:19:45.145275,0 days 00:00:00.157000,0.8,10,1.25,0.8,19,91,COMPLETE
1137,1137,18107.75,2023-11-15 13:19:45.146408,2023-11-15 13:19:45.298492,0 days 00:00:00.152084,0.9,20,1.5,0.8,13,100,COMPLETE
1138,1138,18208.75,2023-11-15 13:19:45.299569,2023-11-15 13:19:45.453462,0 days 00:00:00.153893,0.8,10,1.25,0.6,1,98,COMPLETE
1139,1139,18410.75,2023-11-15 13:19:45.454595,2023-11-15 13:19:45.607670,0 days 00:00:00.153075,0.8,10,1.25,0.8,15,94,COMPLETE
1140,1140,18492.5,2023-11-15 13:19:45.608820,2023-11-15 13:19:45.761014,0 days 00:00:00.152194,0.8,10,1.25,0.8,6,100,COMPLETE
1141,1141,18218.0,2023-11-15 13:19:45.762144,2023-11-15 13:19:45.919691,0 days 00:00:00.157547,0.8,10,1.25,0.8,9,97,COMPLETE
1142,1142,17386.75,2023-11-15 13:19:45.920858,2023-11-15 13:19:46.084832,0 days 00:00:00.163974,0.8,10,1.25,0.1,19,98,COMPLETE
1143,1143,18301.75,2023-11-15 13:19:46.085866,2023-11-15 13:19:46.240393,0 days 00:00:00.154527,0.8,10,1.25,0.8,21,96,COMPLETE
1144,1144,18458.5,2023-11-15 13:19:46.241840,2023-11-15 13:19:46.396261,0 days 00:00:00.154421,0.8,10,1.0,0.8,17,100,COMPLETE
1145,1145,18303.75,2023-11-15 13:19:46.397375,2023-11-15 13:19:46.551051,0 days 00:00:00.153676,0.7000000000000001,10,1.25,0.8,14,98,COMPLETE
1146,1146,17837.25,2023-11-15 13:19:46.552108,2023-11-15 13:19:46.713006,0 days 00:00:00.160898,0.8,10,1.25,0.8,11,95,COMPLETE
1147,1147,17919.25,2023-11-15 13:19:46.714088,2023-11-15 13:19:46.867591,0 days 00:00:00.153503,0.8,20,1.5,0.8,4,99,COMPLETE
1148,1148,18034.75,2023-11-15 13:19:46.868785,2023-11-15 13:19:47.027760,0 days 00:00:00.158975,0.8,10,1.25,0.4,16,97,COMPLETE
1149,1149,17669.0,2023-11-15 13:19:47.028864,2023-11-15 13:19:47.190960,0 days 00:00:00.162096,0.8,10,1.5,0.30000000000000004,24,100,COMPLETE
1150,1150,199.5,2023-11-15 13:19:47.192205,2023-11-15 13:19:47.591541,0 days 00:00:00.399336,0.9,10,1.25,0.7000000000000001,0,93,COMPLETE
1151,1151,18497.5,2023-11-15 13:19:47.592804,2023-11-15 13:19:47.747672,0 days 00:00:00.154868,0.8,10,1.0,0.8,18,96,COMPLETE
1152,1152,18023.5,2023-11-15 13:19:47.748754,2023-11-15 13:19:47.902533,0 days 00:00:00.153779,0.8,10,1.25,0.8,8,98,COMPLETE
1153,1153,18013.5,2023-11-15 13:19:47.903853,2023-11-15 13:19:48.055678,0 days 00:00:00.151825,0.8,20,1.25,0.8,22,100,COMPLETE
1154,1154,17837.25,2023-11-15 13:19:48.057092,2023-11-15 13:19:48.214569,0 days 00:00:00.157477,0.8,10,1.25,0.8,13,95,COMPLETE
1155,1155,18216.0,2023-11-15 13:19:48.215758,2023-11-15 13:19:48.371385,0 days 00:00:00.155627,0.6,10,1.25,0.8,2,98,COMPLETE
1156,1156,18305.75,2023-11-15 13:19:48.372707,2023-11-15 13:19:48.526342,0 days 00:00:00.153635,0.8,10,1.5,0.8,5,100,COMPLETE
1157,1157,17666.25,2023-11-15 13:19:48.527595,2023-11-15 13:19:48.687090,0 days 00:00:00.159495,0.8,10,1.25,0.2,15,97,COMPLETE
1158,1158,18023.5,2023-11-15 13:19:48.688255,2023-11-15 13:19:48.844756,0 days 00:00:00.156501,0.8,10,1.25,0.8,20,98,COMPLETE
1159,1159,18301.25,2023-11-15 13:19:48.845899,2023-11-15 13:19:48.999870,0 days 00:00:00.153971,0.8,10,1.0,0.8,10,93,COMPLETE
1160,1160,18028.0,2023-11-15 13:19:49.001156,2023-11-15 13:19:49.156108,0 days 00:00:00.154952,0.7000000000000001,10,1.25,0.8,7,96,COMPLETE
1161,1161,18120.75,2023-11-15 13:19:49.157838,2023-11-15 13:19:49.313209,0 days 00:00:00.155371,0.8,10,1.25,0.7000000000000001,18,99,COMPLETE
1162,1162,17642.5,2023-11-15 13:19:49.314438,2023-11-15 13:19:49.472224,0 days 00:00:00.157786,0.5,20,1.25,0.8,12,100,COMPLETE
1163,1163,18323.25,2023-11-15 13:19:49.473650,2023-11-15 13:19:49.627498,0 days 00:00:00.153848,0.8,10,1.0,0.8,17,97,COMPLETE
1164,1164,16720.0,2023-11-15 13:19:49.628678,2023-11-15 13:19:49.787180,0 days 00:00:00.158502,0.8,40,1.25,0.8,14,95,COMPLETE
1165,1165,17202.5,2023-11-15 13:19:49.788344,2023-11-15 13:19:49.947974,0 days 00:00:00.159630,0.30000000000000004,10,1.25,0.8,3,77,COMPLETE
1166,1166,18115.25,2023-11-15 13:19:49.949027,2023-11-15 13:19:50.106400,0 days 00:00:00.157373,0.9,10,1.5,0.8,21,98,COMPLETE
1167,1167,18492.5,2023-11-15 13:19:50.108030,2023-11-15 13:19:50.263209,0 days 00:00:00.155179,0.8,10,1.25,0.8,16,100,COMPLETE
1168,1168,18301.75,2023-11-15 13:19:50.264653,2023-11-15 13:19:50.418125,0 days 00:00:00.153472,0.8,10,1.25,0.8,23,96,COMPLETE
1169,1169,18305.25,2023-11-15 13:19:50.419281,2023-11-15 13:19:50.574509,0 days 00:00:00.155228,0.8,10,2.75,0.7000000000000001,19,98,COMPLETE
1170,1170,18486.25,2023-11-15 13:19:50.575614,2023-11-15 13:19:50.730113,0 days 00:00:00.154499,0.8,10,1.25,0.8,6,94,COMPLETE
1171,1171,18013.5,2023-11-15 13:19:50.731194,2023-11-15 13:19:50.884891,0 days 00:00:00.153697,0.8,20,1.25,0.8,12,100,COMPLETE
1172,1172,16781.25,2023-11-15 13:19:50.885945,2023-11-15 13:19:51.055714,0 days 00:00:00.169769,0.2,10,1.25,0.8,10,97,COMPLETE
1173,1173,18681.25,2023-11-15 13:19:51.057296,2023-11-15 13:19:51.211250,0 days 00:00:00.153954,0.8,10,1.25,0.8,15,99,COMPLETE
1174,1174,17662.5,2023-11-15 13:19:51.212545,2023-11-15 13:19:51.376536,0 days 00:00:00.163991,0.8,10,1.0,0.8,86,98,COMPLETE
1175,1175,18117.5,2023-11-15 13:19:51.377638,2023-11-15 13:19:51.534825,0 days 00:00:00.157187,0.7000000000000001,10,1.5,0.8,19,92,COMPLETE
1176,1176,18394.5,2023-11-15 13:19:51.535927,2023-11-15 13:19:51.693454,0 days 00:00:00.157527,0.8,10,1.25,0.8,4,96,COMPLETE
1177,1177,18492.5,2023-11-15 13:19:51.694642,2023-11-15 13:19:51.866234,0 days 00:00:00.171592,0.8,10,1.25,0.8,8,100,COMPLETE
1178,1178,17469.0,2023-11-15 13:19:51.867268,2023-11-15 13:19:52.026430,0 days 00:00:00.159162,0.8,10,1.25,0.8,17,67,COMPLETE
1179,1179,17925.0,2023-11-15 13:19:52.027460,2023-11-15 13:19:52.186150,0 days 00:00:00.158690,0.8,20,1.5,0.8,13,98,COMPLETE
1180,1180,100.0,2023-11-15 13:19:52.187235,2023-11-15 13:19:52.592605,0 days 00:00:00.405370,0.9,10,1.25,0.8,0,95,COMPLETE
1181,1181,18309.0,2023-11-15 13:19:52.593686,2023-11-15 13:19:52.751562,0 days 00:00:00.157876,0.8,10,1.0,0.7000000000000001,2,100,COMPLETE
1182,1182,18218.0,2023-11-15 13:19:52.752751,2023-11-15 13:19:52.913323,0 days 00:00:00.160572,0.8,10,1.25,0.8,43,97,COMPLETE
1183,1183,18023.5,2023-11-15 13:19:52.914484,2023-11-15 13:19:53.071984,0 days 00:00:00.157500,0.8,10,1.25,0.8,25,98,COMPLETE
1184,1184,18410.75,2023-11-15 13:19:53.073422,2023-11-15 13:19:53.229649,0 days 00:00:00.156227,0.8,10,1.25,0.8,21,94,COMPLETE
1185,1185,18492.75,2023-11-15 13:19:53.230850,2023-11-15 13:19:53.388462,0 days 00:00:00.157612,0.7000000000000001,10,1.5,0.8,14,100,COMPLETE
1186,1186,18394.5,2023-11-15 13:19:53.389928,2023-11-15 13:19:53.547306,0 days 00:00:00.157378,0.8,10,1.25,0.8,6,96,COMPLETE
1187,1187,18023.5,2023-11-15 13:19:53.548367,2023-11-15 13:19:53.706492,0 days 00:00:00.158125,0.8,10,1.25,0.8,10,98,COMPLETE
1188,1188,18492.5,2023-11-15 13:19:53.708287,2023-11-15 13:19:53.862140,0 days 00:00:00.153853,0.8,10,1.25,0.8,16,100,COMPLETE
1189,1189,18119.75,2023-11-15 13:19:53.863239,2023-11-15 13:19:54.020393,0 days 00:00:00.157154,0.8,10,1.0,0.8,19,86,COMPLETE
1190,1190,18301.75,2023-11-15 13:19:54.021488,2023-11-15 13:19:54.178169,0 days 00:00:00.156681,0.8,10,1.25,0.8,23,96,COMPLETE
1191,1191,18023.5,2023-11-15 13:19:54.179286,2023-11-15 13:19:54.337744,0 days 00:00:00.158458,0.8,10,1.25,0.8,17,98,COMPLETE
1192,1192,14902.25,2023-11-15 13:19:54.338868,2023-11-15 13:19:54.532403,0 days 00:00:00.193535,0.1,10,1.5,0.8,11,99,COMPLETE
1193,1193,18030.0,2023-11-15 13:19:54.533462,2023-11-15 13:19:54.691962,0 days 00:00:00.158500,0.8,20,1.25,0.7000000000000001,4,94,COMPLETE
1194,1194,18218.5,2023-11-15 13:19:54.693130,2023-11-15 13:19:54.853660,0 days 00:00:00.160530,0.9,10,1.25,0.8,8,97,COMPLETE
1195,1195,18492.5,2023-11-15 13:19:54.854716,2023-11-15 13:19:55.011264,0 days 00:00:00.156548,0.8,10,1.25,0.8,14,100,COMPLETE
1196,1196,18498.0,2023-11-15 13:19:55.012482,2023-11-15 13:19:55.167408,0 days 00:00:00.154926,0.8,10,1.0,0.8,20,96,COMPLETE
1197,1197,15424.25,2023-11-15 13:19:55.168780,2023-11-15 13:19:55.339605,0 days 00:00:00.170825,0.8,60,1.25,0.5,18,98,COMPLETE
1198,1198,16543.5,2023-11-15 13:19:55.341123,2023-11-15 13:19:55.503593,0 days 00:00:00.162470,0.8,10,1.25,0.8,2,63,COMPLETE
1199,1199,18013.5,2023-11-15 13:19:55.504778,2023-11-15 13:19:55.662109,0 days 00:00:00.157331,0.8,20,1.25,0.8,16,100,COMPLETE
1200,1200,18305.25,2023-11-15 13:19:55.663247,2023-11-15 13:19:55.820785,0 days 00:00:00.157538,0.8,10,1.5,0.8,6,98,COMPLETE
1201,1201,17837.25,2023-11-15 13:19:55.822010,2023-11-15 13:19:55.983365,0 days 00:00:00.161355,0.8,10,1.25,0.8,13,95,COMPLETE
