,number,value,datetime_start,datetime_complete,duration,params_alpha,params_decay_interval,params_decay_rate,params_gamma,params_initialization,params_max_steps,state
852,852,16437.5,2023-11-15 10:43:11.778053,2023-11-15 10:43:11.924929,0 days 00:00:00.146876,0.1,40,0.75,0.9,4,137,COMPLETE
853,853,18976.25,2023-11-15 10:43:11.926137,2023-11-15 10:43:12.061304,0 days 00:00:00.135167,0.2,10,0.75,0.9,2,71,COMPLETE
854,854,19265.0,2023-11-15 10:43:12.062274,2023-11-15 10:43:12.193529,0 days 00:00:00.131255,0.2,10,0.5,0.9,0,145,COMPLETE
855,855,18818.25,2023-11-15 10:43:12.194770,2023-11-15 10:43:12.331645,0 days 00:00:00.136875,0.2,10,0.75,0.9,4,139,COMPLETE
856,856,15059.0,2023-11-15 10:43:12.332686,2023-11-15 10:43:12.488941,0 days 00:00:00.156255,0.2,60,0.75,0.9,80,144,COMPLETE
857,857,19201.25,2023-11-15 10:43:12.490156,2023-11-15 10:43:12.621730,0 days 00:00:00.131574,0.2,10,0.75,0.9,2,148,COMPLETE
858,858,19171.5,2023-11-15 10:43:12.622987,2023-11-15 10:43:12.757156,0 days 00:00:00.134169,0.2,10,0.75,0.9,0,141,COMPLETE
859,859,17946.25,2023-11-15 10:43:12.758314,2023-11-15 10:43:12.888261,0 days 00:00:00.129947,0.2,20,0.75,0.9,2,63,COMPLETE
860,860,19180.0,2023-11-15 10:43:12.889272,2023-11-15 10:43:13.024628,0 days 00:00:00.135356,0.2,10,0.75,0.9,5,72,COMPLETE
861,861,17926.75,2023-11-15 10:43:13.025981,2023-11-15 10:43:13.164497,0 days 00:00:00.138516,0.2,10,0.75,0.9,72,145,COMPLETE
862,862,18895.5,2023-11-15 10:43:13.165638,2023-11-15 10:43:13.296560,0 days 00:00:00.130922,0.1,10,0.75,0.9,2,67,COMPLETE
863,863,19261.0,2023-11-15 10:43:13.297848,2023-11-15 10:43:13.430266,0 days 00:00:00.132418,0.2,10,0.75,0.9,0,142,COMPLETE
864,864,19136.5,2023-11-15 10:43:13.431399,2023-11-15 10:43:13.568685,0 days 00:00:00.137286,0.2,10,0.75,0.9,4,148,COMPLETE
865,865,18242.5,2023-11-15 10:43:13.569920,2023-11-15 10:43:13.713438,0 days 00:00:00.143518,0.2,20,0.75,0.9,2,70,COMPLETE
866,866,18837.5,2023-11-15 10:43:13.714471,2023-11-15 10:43:13.853336,0 days 00:00:00.138865,0.2,10,0.75,0.9,0,133,COMPLETE
867,867,18791.75,2023-11-15 10:43:13.854898,2023-11-15 10:43:14.018919,0 days 00:00:00.164021,0.2,10,0.75,0.9,4,144,COMPLETE
868,868,19261.0,2023-11-15 10:43:14.020204,2023-11-15 10:43:14.167915,0 days 00:00:00.147711,0.2,10,0.75,0.9,2,147,COMPLETE
869,869,18973.0,2023-11-15 10:43:14.169101,2023-11-15 10:43:14.339123,0 days 00:00:00.170022,0.2,10,0.5,0.9,0,138,COMPLETE
870,870,7890.0,2023-11-15 10:43:14.340411,2023-11-15 10:43:14.529012,0 days 00:00:00.188601,0.2,80,0.75,0.30000000000000004,59,72,COMPLETE
871,871,19093.75,2023-11-15 10:43:14.530283,2023-11-15 10:43:14.666205,0 days 00:00:00.135922,0.2,10,0.75,0.9,5,142,COMPLETE
872,872,19292.25,2023-11-15 10:43:14.667216,2023-11-15 10:43:14.805353,0 days 00:00:00.138137,0.2,10,0.75,0.9,2,145,COMPLETE
873,873,18510.5,2023-11-15 10:43:14.806515,2023-11-15 10:43:14.944185,0 days 00:00:00.137670,0.2,10,0.75,0.9,6,68,COMPLETE
874,874,18973.0,2023-11-15 10:43:14.945330,2023-11-15 10:43:15.074912,0 days 00:00:00.129582,0.2,10,0.75,0.9,4,141,COMPLETE
875,875,19163.5,2023-11-15 10:43:15.076125,2023-11-15 10:43:15.215096,0 days 00:00:00.138971,0.1,10,0.75,0.9,3,144,COMPLETE
876,876,19161.25,2023-11-15 10:43:15.216123,2023-11-15 10:43:15.340657,0 days 00:00:00.124534,0.2,10,0.75,0.9,2,137,COMPLETE
877,877,19180.0,2023-11-15 10:43:15.341754,2023-11-15 10:43:15.471379,0 days 00:00:00.129625,0.2,10,0.75,0.9,6,72,COMPLETE
878,878,18584.75,2023-11-15 10:43:15.472764,2023-11-15 10:43:15.606259,0 days 00:00:00.133495,0.2,20,0.75,0.9,4,147,COMPLETE
879,879,19075.75,2023-11-15 10:43:15.607361,2023-11-15 10:43:15.740936,0 days 00:00:00.133575,0.2,10,0.75,0.9,2,73,COMPLETE
880,880,19049.0,2023-11-15 10:43:15.742105,2023-11-15 10:43:15.882029,0 days 00:00:00.139924,0.2,10,0.75,0.9,2,140,COMPLETE
881,881,19071.25,2023-11-15 10:43:15.883087,2023-11-15 10:43:16.012659,0 days 00:00:00.129572,0.2,10,0.75,0.9,0,66,COMPLETE
882,882,19359.75,2023-11-15 10:43:16.013746,2023-11-15 10:43:16.149647,0 days 00:00:00.135901,0.2,10,0.75,0.9,5,148,COMPLETE
883,883,19111.25,2023-11-15 10:43:16.150723,2023-11-15 10:43:16.282916,0 days 00:00:00.132193,0.2,10,0.75,0.9,6,150,COMPLETE
884,884,12862.75,2023-11-15 10:43:16.283978,2023-11-15 10:43:16.467361,0 days 00:00:00.183383,0.2,100,0.75,0.9,6,148,COMPLETE
885,885,19261.0,2023-11-15 10:43:16.468570,2023-11-15 10:43:16.596720,0 days 00:00:00.128150,0.2,10,0.75,0.9,5,147,COMPLETE
886,886,19111.25,2023-11-15 10:43:16.597819,2023-11-15 10:43:16.730819,0 days 00:00:00.133000,0.2,10,0.75,0.9,4,150,COMPLETE
887,887,18813.25,2023-11-15 10:43:16.731962,2023-11-15 10:43:16.871106,0 days 00:00:00.139144,0.2,10,0.75,0.9,4,69,COMPLETE
888,888,19261.0,2023-11-15 10:43:16.872230,2023-11-15 10:43:17.004192,0 days 00:00:00.131962,0.2,10,0.75,0.30000000000000004,0,144,COMPLETE
889,889,17246.5,2023-11-15 10:43:17.005432,2023-11-15 10:43:17.182582,0 days 00:00:00.177150,0.30000000000000004,20,0.75,0.9,3,73,COMPLETE
890,890,17827.75,2023-11-15 10:43:17.183559,2023-11-15 10:43:17.329203,0 days 00:00:00.145644,0.2,30,0.75,0.9,2,148,COMPLETE
891,891,19350.75,2023-11-15 10:43:17.330208,2023-11-15 10:43:17.468438,0 days 00:00:00.138230,0.1,10,0.75,0.9,5,145,COMPLETE
892,892,0.0,2023-11-15 10:43:17.469585,2023-11-15 10:43:17.626324,0 days 00:00:00.156739,0.1,10,0.5,0.9,7,26,COMPLETE
893,893,18888.0,2023-11-15 10:43:17.628067,2023-11-15 10:43:17.761870,0 days 00:00:00.133803,0.1,10,0.75,0.9,6,70,COMPLETE
894,894,18856.0,2023-11-15 10:43:17.763062,2023-11-15 10:43:17.900422,0 days 00:00:00.137360,0.1,10,0.75,0.9,6,141,COMPLETE
895,895,13097.5,2023-11-15 10:43:17.901661,2023-11-15 10:43:18.093273,0 days 00:00:00.191612,0.1,10,0.75,0.30000000000000004,7,150,COMPLETE
896,896,17304.25,2023-11-15 10:43:18.094417,2023-11-15 10:43:18.229601,0 days 00:00:00.135184,0.30000000000000004,10,0.75,0.9,4,63,COMPLETE
897,897,18883.5,2023-11-15 10:43:18.230952,2023-11-15 10:43:18.368575,0 days 00:00:00.137623,0.30000000000000004,10,0.75,0.9,5,144,COMPLETE
898,898,18899.0,2023-11-15 10:43:18.369560,2023-11-15 10:43:18.502342,0 days 00:00:00.132782,0.1,10,0.75,0.9,0,67,COMPLETE
899,899,18491.75,2023-11-15 10:43:18.503431,2023-11-15 10:43:18.639008,0 days 00:00:00.135577,0.1,20,0.75,0.9,4,109,COMPLETE
900,900,19260.75,2023-11-15 10:43:18.640567,2023-11-15 10:43:18.775837,0 days 00:00:00.135270,0.1,10,0.75,0.9,0,73,COMPLETE
901,901,19261.0,2023-11-15 10:43:18.777398,2023-11-15 10:43:18.903478,0 days 00:00:00.126080,0.1,10,0.75,0.9,2,147,COMPLETE
902,902,19091.75,2023-11-15 10:43:18.904593,2023-11-15 10:43:19.048957,0 days 00:00:00.144364,0.1,10,0.75,0.9,4,143,COMPLETE
903,903,19079.75,2023-11-15 10:43:19.050240,2023-11-15 10:43:19.184205,0 days 00:00:00.133965,0.30000000000000004,10,0.75,0.30000000000000004,0,139,COMPLETE
904,904,18872.5,2023-11-15 10:43:19.185210,2023-11-15 10:43:19.323612,0 days 00:00:00.138402,0.30000000000000004,10,0.75,0.9,6,135,COMPLETE
905,905,19359.75,2023-11-15 10:43:19.324717,2023-11-15 10:43:19.457565,0 days 00:00:00.132848,0.1,10,0.75,0.9,2,148,COMPLETE
906,906,19359.75,2023-11-15 10:43:19.458835,2023-11-15 10:43:19.593650,0 days 00:00:00.134815,0.1,10,0.5,0.9,2,148,COMPLETE
907,907,19261.0,2023-11-15 10:43:19.594716,2023-11-15 10:43:19.736697,0 days 00:00:00.141981,0.1,10,0.25,0.30000000000000004,0,150,COMPLETE
908,908,18393.5,2023-11-15 10:43:19.737771,2023-11-15 10:43:19.881398,0 days 00:00:00.143627,0.1,20,0.5,0.9,4,150,COMPLETE
909,909,19071.5,2023-11-15 10:43:19.882515,2023-11-15 10:43:20.020900,0 days 00:00:00.138385,0.1,10,0.5,0.9,2,150,COMPLETE
910,910,19261.0,2023-11-15 10:43:20.021951,2023-11-15 10:43:20.164133,0 days 00:00:00.142182,0.1,10,0.25,0.9,0,147,COMPLETE
911,911,16250.0,2023-11-15 10:43:20.165707,2023-11-15 10:43:20.325804,0 days 00:00:00.160097,0.1,10,0.5,0.9,91,148,COMPLETE
912,912,18698.75,2023-11-15 10:43:20.327360,2023-11-15 10:43:20.463144,0 days 00:00:00.135784,0.1,10,0.5,0.9,6,70,COMPLETE
913,913,19071.5,2023-11-15 10:43:20.464165,2023-11-15 10:43:20.600834,0 days 00:00:00.136669,0.1,10,0.5,0.9,3,150,COMPLETE
914,914,19260.75,2023-11-15 10:43:20.601865,2023-11-15 10:43:20.732710,0 days 00:00:00.130845,0.1,10,0.5,0.2,0,74,COMPLETE
915,915,13657.75,2023-11-15 10:43:20.734057,2023-11-15 10:43:20.916917,0 days 00:00:00.182860,0.1,10,0.5,0.30000000000000004,4,147,COMPLETE
916,916,12015.25,2023-11-15 10:43:20.917907,2023-11-15 10:43:21.075567,0 days 00:00:00.157660,0.1,10,0.5,0.9,98,66,COMPLETE
917,917,19206.25,2023-11-15 10:43:21.077896,2023-11-15 10:43:21.216949,0 days 00:00:00.139053,0.1,10,0.25,0.9,8,146,COMPLETE
918,918,19070.5,2023-11-15 10:43:21.218020,2023-11-15 10:43:21.358634,0 days 00:00:00.140614,0.1,10,0.5,0.9,2,70,COMPLETE
919,919,9470.0,2023-11-15 10:43:21.360017,2023-11-15 10:43:21.531562,0 days 00:00:00.171545,0.1,20,0.5,0.2,2,75,COMPLETE
920,920,19262.75,2023-11-15 10:43:21.532594,2023-11-15 10:43:21.681570,0 days 00:00:00.148976,0.1,10,0.25,0.9,0,148,COMPLETE
921,921,19091.75,2023-11-15 10:43:21.682882,2023-11-15 10:43:21.822311,0 days 00:00:00.139429,0.1,10,0.75,0.9,5,143,COMPLETE
922,922,19261.0,2023-11-15 10:43:21.823395,2023-11-15 10:43:21.957277,0 days 00:00:00.133882,0.1,10,0.75,0.9,3,147,COMPLETE
923,923,16725.5,2023-11-15 10:43:21.958631,2023-11-15 10:43:22.098988,0 days 00:00:00.140357,0.1,40,0.5,0.9,0,73,COMPLETE
924,924,19110.25,2023-11-15 10:43:22.100306,2023-11-15 10:43:22.236900,0 days 00:00:00.136594,0.1,10,0.75,0.9,6,150,COMPLETE
925,925,14093.75,2023-11-15 10:43:22.237948,2023-11-15 10:43:22.403460,0 days 00:00:00.165512,0.1,70,0.75,0.9,2,62,COMPLETE
926,926,4011.5,2023-11-15 10:43:22.404586,2023-11-15 10:43:22.610257,0 days 00:00:00.205671,0.1,10,0.75,0.2,4,68,COMPLETE
927,927,19261.0,2023-11-15 10:43:22.611353,2023-11-15 10:43:22.746730,0 days 00:00:00.135377,0.1,10,0.5,0.9,0,143,COMPLETE
928,928,19314.5,2023-11-15 10:43:22.747915,2023-11-15 10:43:22.881593,0 days 00:00:00.133678,0.1,10,0.75,0.9,2,145,COMPLETE
929,929,19207.5,2023-11-15 10:43:22.882690,2023-11-15 10:43:23.027748,0 days 00:00:00.145058,0.1,10,0.75,0.9,4,72,COMPLETE
930,930,7124.75,2023-11-15 10:43:23.028890,2023-11-15 10:43:23.301624,0 days 00:00:00.272734,0.1,10,0.75,0.1,8,147,COMPLETE
931,931,18394.75,2023-11-15 10:43:23.302675,2023-11-15 10:43:23.447810,0 days 00:00:00.145135,0.1,20,0.25,0.30000000000000004,0,142,COMPLETE
932,932,4384.75,2023-11-15 10:43:23.448795,2023-11-15 10:43:23.655308,0 days 00:00:00.206513,0.1,10,0.75,0.2,2,75,COMPLETE
933,933,18891.5,2023-11-15 10:43:23.656363,2023-11-15 10:43:23.793415,0 days 00:00:00.137052,0.30000000000000004,10,1.25,0.9,6,70,COMPLETE
934,934,18668.25,2023-11-15 10:43:23.794516,2023-11-15 10:43:23.930572,0 days 00:00:00.136056,0.1,10,0.75,0.9,2,66,COMPLETE
935,935,19069.75,2023-11-15 10:43:23.931791,2023-11-15 10:43:24.073191,0 days 00:00:00.141400,0.1,10,1.25,0.9,0,150,COMPLETE
936,936,19171.5,2023-11-15 10:43:24.074278,2023-11-15 10:43:24.211127,0 days 00:00:00.136849,0.1,10,1.5,0.9,3,146,COMPLETE
937,937,13140.75,2023-11-15 10:43:24.212321,2023-11-15 10:43:24.412728,0 days 00:00:00.200407,0.1,10,0.75,0.2,4,140,COMPLETE
938,938,19261.0,2023-11-15 10:43:24.413959,2023-11-15 10:43:24.547460,0 days 00:00:00.133501,0.1,10,1.25,0.30000000000000004,0,144,COMPLETE
939,939,10176.25,2023-11-15 10:43:24.548552,2023-11-15 10:43:24.772796,0 days 00:00:00.224244,0.1,10,0.75,0.1,2,148,COMPLETE
940,940,18798.25,2023-11-15 10:43:24.773837,2023-11-15 10:43:24.911368,0 days 00:00:00.137531,0.1,10,1.25,0.9,6,71,COMPLETE
941,941,12656.0,2023-11-15 10:43:24.912557,2023-11-15 10:43:25.065247,0 days 00:00:00.152690,0.1,10,0.75,0.9,22,57,COMPLETE
942,942,18394.75,2023-11-15 10:43:25.066452,2023-11-15 10:43:25.215801,0 days 00:00:00.149349,0.1,20,0.75,0.9,0,142,COMPLETE
943,943,19085.75,2023-11-15 10:43:25.217043,2023-11-15 10:43:25.362586,0 days 00:00:00.145543,0.1,10,0.5,0.9,4,74,COMPLETE
944,944,7862.0,2023-11-15 10:43:25.363652,2023-11-15 10:43:25.608084,0 days 00:00:00.244432,0.1,10,1.5,0.1,2,145,COMPLETE
945,945,12729.0,2023-11-15 10:43:25.610848,2023-11-15 10:43:25.812146,0 days 00:00:00.201298,0.7000000000000001,10,1.25,0.2,2,148,COMPLETE
946,946,19000.5,2023-11-15 10:43:25.813677,2023-11-15 10:43:25.949129,0 days 00:00:00.135452,0.1,10,1.25,0.9,0,68,COMPLETE
947,947,19066.75,2023-11-15 10:43:25.950307,2023-11-15 10:43:26.087869,0 days 00:00:00.137562,0.1,10,0.75,0.9,5,140,COMPLETE
948,948,12644.5,2023-11-15 10:43:26.088941,2023-11-15 10:43:26.251050,0 days 00:00:00.162109,0.1,10,0.75,0.9,7,64,COMPLETE
949,949,14178.75,2023-11-15 10:43:26.252193,2023-11-15 10:43:26.440473,0 days 00:00:00.188280,0.1,10,0.25,0.30000000000000004,2,150,COMPLETE
950,950,2495.75,2023-11-15 10:43:26.441686,2023-11-15 10:43:26.674220,0 days 00:00:00.232534,0.30000000000000004,20,1.25,0.1,41,75,COMPLETE
951,951,18621.5,2023-11-15 10:43:26.675624,2023-11-15 10:43:26.854536,0 days 00:00:00.178912,0.1,10,0.75,0.9,37,145,COMPLETE
952,952,19261.0,2023-11-15 10:43:26.855925,2023-11-15 10:43:26.989152,0 days 00:00:00.133227,0.30000000000000004,10,1.25,0.9,18,143,COMPLETE
953,953,18642.25,2023-11-15 10:43:26.990161,2023-11-15 10:43:27.139734,0 days 00:00:00.149573,0.1,10,0.75,0.9,4,114,COMPLETE
954,954,15842.0,2023-11-15 10:43:27.140871,2023-11-15 10:43:27.285638,0 days 00:00:00.144767,0.1,50,1.25,0.2,0,72,COMPLETE
955,955,18890.25,2023-11-15 10:43:27.286647,2023-11-15 10:43:27.430312,0 days 00:00:00.143665,0.2,10,0.75,0.9,2,69,COMPLETE
956,956,19067.0,2023-11-15 10:43:27.431355,2023-11-15 10:43:27.569706,0 days 00:00:00.138351,0.2,10,1.25,0.1,0,137,COMPLETE
957,957,13692.5,2023-11-15 10:43:27.570738,2023-11-15 10:43:27.748357,0 days 00:00:00.177619,0.30000000000000004,90,0.75,0.9,28,147,COMPLETE
958,958,18969.25,2023-11-15 10:43:27.749391,2023-11-15 10:43:27.886814,0 days 00:00:00.137423,0.1,10,1.25,0.9,4,141,COMPLETE
959,959,14448.75,2023-11-15 10:43:27.888138,2023-11-15 10:43:28.078113,0 days 00:00:00.189975,0.2,10,0.75,0.2,9,147,COMPLETE
960,960,13951.0,2023-11-15 10:43:28.079272,2023-11-15 10:43:28.272190,0 days 00:00:00.192918,0.2,20,1.25,0.5,2,144,COMPLETE
961,961,15171.75,2023-11-15 10:43:28.273423,2023-11-15 10:43:28.434639,0 days 00:00:00.161216,0.2,60,1.5,0.9,6,75,COMPLETE
962,962,7451.75,2023-11-15 10:43:28.435796,2023-11-15 10:43:28.661283,0 days 00:00:00.225487,0.2,10,0.75,0.30000000000000004,83,71,COMPLETE
963,963,19261.0,2023-11-15 10:43:28.662407,2023-11-15 10:43:28.846336,0 days 00:00:00.183929,0.1,10,0.5,0.9,0,150,COMPLETE
964,964,686.5,2023-11-15 10:43:28.847772,2023-11-15 10:43:29.144153,0 days 00:00:00.296381,0.2,10,1.25,0.1,4,66,COMPLETE
965,965,17641.75,2023-11-15 10:43:29.145682,2023-11-15 10:43:29.309334,0 days 00:00:00.163652,0.2,30,0.75,0.8,2,102,COMPLETE
966,966,5609.5,2023-11-15 10:43:29.311087,2023-11-15 10:43:29.555382,0 days 00:00:00.244295,0.9,10,1.25,0.9,76,77,COMPLETE
967,967,19359.75,2023-11-15 10:43:29.556477,2023-11-15 10:43:29.690518,0 days 00:00:00.134041,0.1,10,0.75,0.9,0,145,COMPLETE
968,968,18765.0,2023-11-15 10:43:29.692529,2023-11-15 10:43:29.840422,0 days 00:00:00.147893,0.1,10,0.75,0.9,3,139,COMPLETE
969,969,0.0,2023-11-15 10:43:29.841672,2023-11-15 10:43:29.985195,0 days 00:00:00.143523,0.1,10,0.75,0.9,7,14,COMPLETE
970,970,18597.25,2023-11-15 10:43:29.986262,2023-11-15 10:43:30.135008,0 days 00:00:00.148746,0.1,10,0.75,0.9,46,142,COMPLETE
971,971,19271.0,2023-11-15 10:43:30.136091,2023-11-15 10:43:30.280313,0 days 00:00:00.144222,0.1,10,0.75,0.9,0,148,COMPLETE
972,972,19350.75,2023-11-15 10:43:30.281511,2023-11-15 10:43:30.420237,0 days 00:00:00.138726,0.1,10,0.75,0.9,5,145,COMPLETE
973,973,18125.75,2023-11-15 10:43:30.421331,2023-11-15 10:43:30.568806,0 days 00:00:00.147475,0.1,10,0.75,0.9,9,69,COMPLETE
974,974,17680.25,2023-11-15 10:43:30.570097,2023-11-15 10:43:30.714749,0 days 00:00:00.144652,0.1,20,0.75,0.9,9,73,COMPLETE
975,975,19110.25,2023-11-15 10:43:30.716110,2023-11-15 10:43:30.857787,0 days 00:00:00.141677,0.1,10,0.75,0.9,6,150,COMPLETE
976,976,10897.25,2023-11-15 10:43:30.858856,2023-11-15 10:43:31.074049,0 days 00:00:00.215193,0.1,10,0.75,0.30000000000000004,7,143,COMPLETE
977,977,19261.0,2023-11-15 10:43:31.075234,2023-11-15 10:43:31.207555,0 days 00:00:00.132321,0.1,10,0.75,0.9,5,147,COMPLETE
978,978,5679.5,2023-11-15 10:43:31.209010,2023-11-15 10:43:31.486050,0 days 00:00:00.277040,0.1,10,0.75,0.1,63,138,COMPLETE
979,979,18830.75,2023-11-15 10:43:31.487536,2023-11-15 10:43:31.627253,0 days 00:00:00.139717,0.1,10,0.75,0.9,5,77,COMPLETE
980,980,1075.25,2023-11-15 10:43:31.628376,2023-11-15 10:43:31.858072,0 days 00:00:00.229696,0.1,10,0.75,0.2,53,61,COMPLETE
981,981,18207.75,2023-11-15 10:43:31.859388,2023-11-15 10:43:32.004728,0 days 00:00:00.145340,0.2,20,0.5,0.9,8,141,COMPLETE
982,982,18740.5,2023-11-15 10:43:32.005809,2023-11-15 10:43:32.177840,0 days 00:00:00.172031,0.1,10,0.75,0.9,4,71,COMPLETE
983,983,19292.25,2023-11-15 10:43:32.179380,2023-11-15 10:43:32.321833,0 days 00:00:00.142453,0.2,10,0.75,0.9,2,145,COMPLETE
984,984,18090.5,2023-11-15 10:43:32.322984,2023-11-15 10:43:32.473471,0 days 00:00:00.150487,0.8,10,1.25,0.9,4,67,COMPLETE
985,985,18970.5,2023-11-15 10:43:32.474779,2023-11-15 10:43:32.610101,0 days 00:00:00.135322,0.2,10,0.75,0.30000000000000004,0,95,COMPLETE
986,986,6132.25,2023-11-15 10:43:32.611160,2023-11-15 10:43:32.810853,0 days 00:00:00.199693,0.1,10,0.75,0.1,2,74,COMPLETE
987,987,4182.5,2023-11-15 10:43:32.811931,2023-11-15 10:43:33.128102,0 days 00:00:00.316171,0.2,10,1.25,0.2,6,147,COMPLETE
988,988,18981.5,2023-11-15 10:43:33.129142,2023-11-15 10:43:33.279098,0 days 00:00:00.149956,0.2,10,0.5,0.9,0,135,COMPLETE
989,989,19051.5,2023-11-15 10:43:33.280099,2023-11-15 10:43:33.420808,0 days 00:00:00.140709,0.2,10,0.75,0.9,3,142,COMPLETE
990,990,19165.25,2023-11-15 10:43:33.421938,2023-11-15 10:43:33.569560,0 days 00:00:00.147622,0.2,10,1.25,0.9,11,145,COMPLETE
991,991,19082.5,2023-11-15 10:43:33.570853,2023-11-15 10:43:33.708324,0 days 00:00:00.137471,0.1,10,0.75,0.9,2,150,COMPLETE
992,992,5951.0,2023-11-15 10:43:33.709856,2023-11-15 10:43:33.910852,0 days 00:00:00.200996,0.2,10,1.25,0.2,4,70,COMPLETE
993,993,0.0,2023-11-15 10:43:33.911914,2023-11-15 10:43:34.029219,0 days 00:00:00.117305,0.2,10,0.75,0.9,0,2,COMPLETE
994,994,18873.25,2023-11-15 10:43:34.030335,2023-11-15 10:43:34.172150,0 days 00:00:00.141815,0.1,10,1.25,0.9,7,75,COMPLETE
995,995,12721.25,2023-11-15 10:43:34.173333,2023-11-15 10:43:34.373720,0 days 00:00:00.200387,0.2,20,0.75,0.30000000000000004,2,147,COMPLETE
996,996,4182.5,2023-11-15 10:43:34.375058,2023-11-15 10:43:34.672143,0 days 00:00:00.297085,0.2,10,1.5,0.1,5,140,COMPLETE
997,997,18971.75,2023-11-15 10:43:34.673479,2023-11-15 10:43:34.841189,0 days 00:00:00.167710,0.1,10,1.25,0.9,0,66,COMPLETE
998,998,18992.75,2023-11-15 10:43:34.842591,2023-11-15 10:43:35.008981,0 days 00:00:00.166390,0.2,10,0.75,0.9,3,143,COMPLETE
999,999,19260.75,2023-11-15 10:43:35.010380,2023-11-15 10:43:35.145838,0 days 00:00:00.135458,0.2,10,1.25,0.1,0,78,COMPLETE
1000,1000,8445.75,2023-11-15 10:43:35.146865,2023-11-15 10:43:35.384171,0 days 00:00:00.237306,0.1,10,0.75,0.2,2,131,COMPLETE
1001,1001,18490.0,2023-11-15 10:43:35.385257,2023-11-15 10:43:35.532589,0 days 00:00:00.147332,0.2,20,1.25,0.9,5,72,COMPLETE
1002,1002,18774.75,2023-11-15 10:43:35.533656,2023-11-15 10:43:35.679023,0 days 00:00:00.145367,0.2,10,0.75,0.9,2,122,COMPLETE
1003,1003,19261.0,2023-11-15 10:43:35.680286,2023-11-15 10:43:35.828369,0 days 00:00:00.148083,0.1,10,0.5,0.9,0,147,COMPLETE
1004,1004,19163.5,2023-11-15 10:43:35.829370,2023-11-15 10:43:35.970666,0 days 00:00:00.141296,0.2,10,0.75,0.9,8,150,COMPLETE
1005,1005,2597.5,2023-11-15 10:43:35.971715,2023-11-15 10:43:36.314209,0 days 00:00:00.342494,0.2,10,1.5,0.1,4,144,COMPLETE
1006,1006,325.75,2023-11-15 10:43:36.315278,2023-11-15 10:43:36.565113,0 days 00:00:00.249835,0.1,10,1.25,0.30000000000000004,14,64,COMPLETE
1007,1007,11605.75,2023-11-15 10:43:36.566175,2023-11-15 10:43:36.767446,0 days 00:00:00.201271,0.2,10,0.75,0.2,2,137,COMPLETE
1008,1008,18203.75,2023-11-15 10:43:36.768650,2023-11-15 10:43:36.917796,0 days 00:00:00.149146,0.2,10,1.25,0.9,35,68,COMPLETE
1009,1009,19260.75,2023-11-15 10:43:36.918950,2023-11-15 10:43:37.063022,0 days 00:00:00.144072,0.30000000000000004,10,0.75,0.9,0,73,COMPLETE
1010,1010,19066.25,2023-11-15 10:43:37.064112,2023-11-15 10:43:37.208723,0 days 00:00:00.144611,0.2,10,1.25,0.9,6,141,COMPLETE
1011,1011,19350.75,2023-11-15 10:43:37.210304,2023-11-15 10:43:37.356574,0 days 00:00:00.146270,0.1,10,0.75,0.9,4,145,COMPLETE
1012,1012,11646.0,2023-11-15 10:43:37.357580,2023-11-15 10:43:37.571306,0 days 00:00:00.213726,0.2,20,1.25,0.2,2,148,COMPLETE
1013,1013,18886.0,2023-11-15 10:43:37.572305,2023-11-15 10:43:37.708024,0 days 00:00:00.135719,0.7000000000000001,10,0.75,0.1,0,75,COMPLETE
1014,1014,19068.5,2023-11-15 10:43:37.709632,2023-11-15 10:43:37.853433,0 days 00:00:00.143801,0.2,10,1.25,0.9,4,70,COMPLETE
1015,1015,19166.0,2023-11-15 10:43:37.854733,2023-11-15 10:43:37.998224,0 days 00:00:00.143491,0.1,10,0.75,0.9,2,143,COMPLETE
1016,1016,10835.0,2023-11-15 10:43:37.999279,2023-11-15 10:43:38.223172,0 days 00:00:00.223893,0.2,10,1.25,0.30000000000000004,67,150,COMPLETE
1017,1017,19066.25,2023-11-15 10:43:38.224188,2023-11-15 10:43:38.368384,0 days 00:00:00.144196,0.2,10,0.75,0.9,7,140,COMPLETE
1018,1018,19359.75,2023-11-15 10:43:38.369515,2023-11-15 10:43:38.521829,0 days 00:00:00.152314,0.2,10,0.25,0.1,0,146,COMPLETE
1019,1019,17104.25,2023-11-15 10:43:38.522899,2023-11-15 10:43:38.712703,0 days 00:00:00.189804,0.2,40,0.25,0.1,0,147,COMPLETE
1020,1020,19260.75,2023-11-15 10:43:38.713743,2023-11-15 10:43:38.858858,0 days 00:00:00.145115,0.2,10,0.25,0.1,0,78,COMPLETE
1021,1021,19261.0,2023-11-15 10:43:38.860510,2023-11-15 10:43:39.016681,0 days 00:00:00.156171,0.2,10,0.5,0.1,0,147,COMPLETE
1022,1022,6716.0,2023-11-15 10:43:39.017940,2023-11-15 10:43:39.205660,0 days 00:00:00.187720,0.2,10,0.5,0.1,2,69,COMPLETE
1023,1023,19165.25,2023-11-15 10:43:39.207044,2023-11-15 10:43:39.360742,0 days 00:00:00.153698,0.30000000000000004,10,0.25,0.1,0,73,COMPLETE
