,number,value,datetime_start,datetime_complete,duration,params_alpha,params_decay_interval,params_decay_rate,params_gamma,params_initialization,params_max_steps,state
2894,2894,19305.25,2023-11-15 10:50:53.306541,2023-11-15 10:50:53.593955,0 days 00:00:00.287414,0.30000000000000004,10,1.0,0.9,2,148,COMPLETE
2895,2895,0.0,2023-11-15 10:50:53.595828,2023-11-15 10:50:53.860701,0 days 00:00:00.264873,0.2,10,0.25,0.30000000000000004,6,8,COMPLETE
2896,2896,18323.25,2023-11-15 10:50:53.862732,2023-11-15 10:50:54.148047,0 days 00:00:00.285315,0.1,10,0.75,0.8,4,96,COMPLETE
2897,2897,19161.25,2023-11-15 10:50:54.150089,2023-11-15 10:50:54.453427,0 days 00:00:00.303338,0.2,10,0.5,0.9,0,139,COMPLETE
2898,2898,19064.75,2023-11-15 10:50:54.454895,2023-11-15 10:50:54.737987,0 days 00:00:00.283092,0.2,10,0.75,0.9,2,132,COMPLETE
2899,2899,15124.75,2023-11-15 10:50:54.739493,2023-11-15 10:50:55.055245,0 days 00:00:00.315752,0.2,10,0.75,0.4,4,145,COMPLETE
2900,2900,19163.75,2023-11-15 10:50:55.057141,2023-11-15 10:50:55.341683,0 days 00:00:00.284542,0.2,10,1.25,0.7000000000000001,0,142,COMPLETE
2901,2901,19011.25,2023-11-15 10:50:55.343171,2023-11-15 10:50:55.622501,0 days 00:00:00.279330,0.2,10,1.0,0.9,7,150,COMPLETE
2902,2902,19314.5,2023-11-15 10:50:55.623967,2023-11-15 10:50:55.906893,0 days 00:00:00.282926,0.1,10,0.75,0.9,2,145,COMPLETE
2903,2903,19261.0,2023-11-15 10:50:55.908592,2023-11-15 10:50:56.188476,0 days 00:00:00.279884,0.2,10,0.75,0.9,11,147,COMPLETE
2904,2904,18394.75,2023-11-15 10:50:56.189900,2023-11-15 10:50:56.478187,0 days 00:00:00.288287,0.2,20,0.75,0.9,2,140,COMPLETE
2905,2905,18424.25,2023-11-15 10:50:56.480105,2023-11-15 10:50:56.768947,0 days 00:00:00.288842,0.30000000000000004,10,0.75,0.9,4,136,COMPLETE
2906,2906,19165.0,2023-11-15 10:50:56.770376,2023-11-15 10:50:57.055919,0 days 00:00:00.285543,0.1,10,1.25,0.9,0,143,COMPLETE
2907,2907,19098.75,2023-11-15 10:50:57.057327,2023-11-15 10:50:57.344818,0 days 00:00:00.287491,0.2,10,0.75,0.8,6,148,COMPLETE
2908,2908,19292.25,2023-11-15 10:50:57.347465,2023-11-15 10:50:57.650657,0 days 00:00:00.303192,0.2,10,0.75,0.9,2,145,COMPLETE
2909,2909,19261.0,2023-11-15 10:50:57.652055,2023-11-15 10:50:57.980143,0 days 00:00:00.328088,0.1,10,1.0,0.9,0,150,COMPLETE
2910,2910,18969.5,2023-11-15 10:50:57.981663,2023-11-15 10:50:58.269605,0 days 00:00:00.287942,0.2,10,2.0,0.9,8,141,COMPLETE
2911,2911,19261.0,2023-11-15 10:50:58.271243,2023-11-15 10:50:58.555493,0 days 00:00:00.284250,0.2,10,0.75,0.9,4,147,COMPLETE
2912,2912,18394.75,2023-11-15 10:50:58.556946,2023-11-15 10:50:58.841847,0 days 00:00:00.284901,0.2,20,0.75,0.9,2,143,COMPLETE
2913,2913,18972.25,2023-11-15 10:50:58.843700,2023-11-15 10:50:59.126638,0 days 00:00:00.282938,0.2,10,1.0,0.9,0,138,COMPLETE
2914,2914,19114.0,2023-11-15 10:50:59.128269,2023-11-15 10:50:59.431018,0 days 00:00:00.302749,0.1,10,0.25,0.9,4,145,COMPLETE
2915,2915,19082.5,2023-11-15 10:50:59.432442,2023-11-15 10:50:59.709333,0 days 00:00:00.276891,0.2,10,0.75,0.9,2,150,COMPLETE
2916,2916,18992.75,2023-11-15 10:50:59.710988,2023-11-15 10:51:00.011230,0 days 00:00:00.300242,0.2,10,0.75,0.9,5,143,COMPLETE
2917,2917,19261.0,2023-11-15 10:51:00.013587,2023-11-15 10:51:00.302577,0 days 00:00:00.288990,0.1,10,0.5,0.8,0,147,COMPLETE
2918,2918,19066.25,2023-11-15 10:51:00.304022,2023-11-15 10:51:00.587011,0 days 00:00:00.282989,0.4,10,0.75,0.9,3,140,COMPLETE
2919,2919,19068.0,2023-11-15 10:51:00.588414,2023-11-15 10:51:00.875700,0 days 00:00:00.287286,0.2,10,0.75,0.9,9,145,COMPLETE
2920,2920,19261.0,2023-11-15 10:51:00.877266,2023-11-15 10:51:01.191181,0 days 00:00:00.313915,0.2,10,0.75,0.9,6,147,COMPLETE
2921,2921,13801.0,2023-11-15 10:51:01.192648,2023-11-15 10:51:01.505201,0 days 00:00:00.312553,0.30000000000000004,70,1.25,0.8,2,141,COMPLETE
2922,2922,19163.75,2023-11-15 10:51:01.506605,2023-11-15 10:51:01.789785,0 days 00:00:00.283180,0.2,10,0.75,0.9,0,150,COMPLETE
2923,2923,18150.25,2023-11-15 10:51:01.791136,2023-11-15 10:51:02.078438,0 days 00:00:00.287302,0.2,20,0.75,0.7000000000000001,4,143,COMPLETE
2924,2924,18798.75,2023-11-15 10:51:02.080136,2023-11-15 10:51:02.372948,0 days 00:00:00.292812,0.2,10,1.0,0.9,2,135,COMPLETE
2925,2925,19261.0,2023-11-15 10:51:02.374508,2023-11-15 10:51:02.660015,0 days 00:00:00.285507,0.1,10,0.75,0.6,0,147,COMPLETE
2926,2926,18799.0,2023-11-15 10:51:02.661589,2023-11-15 10:51:02.951718,0 days 00:00:00.290129,0.2,10,0.75,0.9,6,144,COMPLETE
2927,2927,13233.5,2023-11-15 10:51:02.953396,2023-11-15 10:51:03.289289,0 days 00:00:00.335893,0.2,10,0.75,0.5,2,138,COMPLETE
2928,2928,19359.75,2023-11-15 10:51:03.290709,2023-11-15 10:51:03.574417,0 days 00:00:00.283708,0.2,10,1.0,0.9,4,148,COMPLETE
2929,2929,19261.0,2023-11-15 10:51:03.575795,2023-11-15 10:51:03.860489,0 days 00:00:00.284694,0.2,10,0.5,0.9,0,141,COMPLETE
2930,2930,19359.75,2023-11-15 10:51:03.861932,2023-11-15 10:51:04.141825,0 days 00:00:00.279893,0.30000000000000004,10,0.75,0.9,2,145,COMPLETE
2931,2931,18214.75,2023-11-15 10:51:04.143251,2023-11-15 10:51:04.463947,0 days 00:00:00.320696,0.1,20,0.75,0.9,8,150,COMPLETE
2932,2932,11805.25,2023-11-15 10:51:04.465622,2023-11-15 10:51:04.778769,0 days 00:00:00.313147,0.2,10,0.75,0.9,4,56,COMPLETE
2933,2933,19161.25,2023-11-15 10:51:04.780911,2023-11-15 10:51:05.064807,0 days 00:00:00.283896,0.2,10,0.5,0.9,0,91,COMPLETE
2934,2934,19314.5,2023-11-15 10:51:05.066256,2023-11-15 10:51:05.356121,0 days 00:00:00.289865,0.1,10,0.75,0.9,2,145,COMPLETE
2935,2935,14797.25,2023-11-15 10:51:05.357556,2023-11-15 10:51:05.671083,0 days 00:00:00.313527,0.2,40,1.25,0.8,6,141,COMPLETE
2936,2936,11811.0,2023-11-15 10:51:05.672445,2023-11-15 10:51:06.028045,0 days 00:00:00.355600,0.2,10,1.75,0.4,3,147,COMPLETE
2937,2937,19012.0,2023-11-15 10:51:06.030076,2023-11-15 10:51:06.323697,0 days 00:00:00.293621,0.2,10,1.0,0.9,33,143,COMPLETE
2938,2938,19064.75,2023-11-15 10:51:06.325200,2023-11-15 10:51:06.609459,0 days 00:00:00.284259,0.2,10,0.75,0.9,0,139,COMPLETE
2939,2939,19261.0,2023-11-15 10:51:06.611037,2023-11-15 10:51:06.898967,0 days 00:00:00.287930,0.1,10,0.75,0.9,2,147,COMPLETE
2940,2940,18969.25,2023-11-15 10:51:06.900636,2023-11-15 10:51:07.193544,0 days 00:00:00.292908,0.2,10,0.75,0.8,5,150,COMPLETE
2941,2941,19066.25,2023-11-15 10:51:07.195081,2023-11-15 10:51:07.485763,0 days 00:00:00.290682,0.2,10,0.75,0.9,27,141,COMPLETE
2942,2942,19165.25,2023-11-15 10:51:07.487439,2023-11-15 10:51:07.774548,0 days 00:00:00.287109,0.30000000000000004,10,1.25,0.9,13,145,COMPLETE
2943,2943,18202.75,2023-11-15 10:51:07.776309,2023-11-15 10:51:08.105629,0 days 00:00:00.329320,0.2,20,0.75,0.9,0,144,COMPLETE
2944,2944,19187.25,2023-11-15 10:51:08.107010,2023-11-15 10:51:08.393249,0 days 00:00:00.286239,0.1,10,0.75,0.9,36,148,COMPLETE
2945,2945,15861.25,2023-11-15 10:51:08.394627,2023-11-15 10:51:08.763116,0 days 00:00:00.368489,0.7000000000000001,10,0.25,0.9,4,142,COMPLETE
2946,2946,18977.0,2023-11-15 10:51:08.764974,2023-11-15 10:51:09.053225,0 days 00:00:00.288251,0.2,10,0.5,0.9,2,137,COMPLETE
2947,2947,19261.0,2023-11-15 10:51:09.054792,2023-11-15 10:51:09.341150,0 days 00:00:00.286358,0.2,10,0.75,0.9,10,147,COMPLETE
2948,2948,15535.25,2023-11-15 10:51:09.342565,2023-11-15 10:51:09.656850,0 days 00:00:00.314285,0.2,50,1.0,0.9,7,134,COMPLETE
2949,2949,19163.75,2023-11-15 10:51:09.658312,2023-11-15 10:51:09.944490,0 days 00:00:00.286178,0.2,10,0.75,0.9,0,150,COMPLETE
2950,2950,19163.5,2023-11-15 10:51:09.946157,2023-11-15 10:51:10.235056,0 days 00:00:00.288899,0.1,10,0.75,0.9,3,144,COMPLETE
2951,2951,19006.5,2023-11-15 10:51:10.236678,2023-11-15 10:51:10.525495,0 days 00:00:00.288817,0.2,10,0.75,0.9,2,139,COMPLETE
2952,2952,19261.0,2023-11-15 10:51:10.526994,2023-11-15 10:51:10.816607,0 days 00:00:00.289613,0.1,10,0.75,0.8,5,147,COMPLETE
2953,2953,19261.0,2023-11-15 10:51:10.818069,2023-11-15 10:51:11.119715,0 days 00:00:00.301646,0.2,10,1.0,0.6,0,144,COMPLETE
2954,2954,17735.25,2023-11-15 10:51:11.121202,2023-11-15 10:51:11.420679,0 days 00:00:00.299477,0.30000000000000004,20,1.5,0.7000000000000001,4,142,COMPLETE
2955,2955,18558.25,2023-11-15 10:51:11.422142,2023-11-15 10:51:11.721050,0 days 00:00:00.298908,0.8,10,1.25,0.9,2,147,COMPLETE
2956,2956,19163.75,2023-11-15 10:51:11.722463,2023-11-15 10:51:12.011364,0 days 00:00:00.288901,0.2,10,0.75,0.9,0,150,COMPLETE
2957,2957,19262.25,2023-11-15 10:51:12.013478,2023-11-15 10:51:12.305467,0 days 00:00:00.291989,0.2,10,0.75,0.9,7,145,COMPLETE
2958,2958,13670.5,2023-11-15 10:51:12.306978,2023-11-15 10:51:12.630000,0 days 00:00:00.323022,0.2,80,0.75,0.9,2,139,COMPLETE
2959,2959,19093.75,2023-11-15 10:51:12.631442,2023-11-15 10:51:12.923193,0 days 00:00:00.291751,0.2,10,0.75,0.9,4,142,COMPLETE
2960,2960,18518.25,2023-11-15 10:51:12.924620,2023-11-15 10:51:13.209663,0 days 00:00:00.285043,0.1,20,1.0,0.9,0,147,COMPLETE
2961,2961,19001.0,2023-11-15 10:51:13.211034,2023-11-15 10:51:13.498036,0 days 00:00:00.287002,0.2,10,0.5,0.8,6,145,COMPLETE
2962,2962,17645.0,2023-11-15 10:51:13.499404,2023-11-15 10:51:13.797731,0 days 00:00:00.298327,0.4,30,0.75,0.9,2,143,COMPLETE
2963,2963,19111.25,2023-11-15 10:51:13.799463,2023-11-15 10:51:14.081970,0 days 00:00:00.282507,0.2,10,0.75,0.9,4,150,COMPLETE
2964,2964,19161.25,2023-11-15 10:51:14.083586,2023-11-15 10:51:14.367619,0 days 00:00:00.284033,0.2,10,0.75,0.5,0,137,COMPLETE
2965,2965,19261.0,2023-11-15 10:51:14.369030,2023-11-15 10:51:14.667816,0 days 00:00:00.298786,0.1,10,0.75,0.9,2,147,COMPLETE
2966,2966,19067.25,2023-11-15 10:51:14.669478,2023-11-15 10:51:14.958964,0 days 00:00:00.289486,0.2,10,1.25,0.9,8,140,COMPLETE
2967,2967,18973.25,2023-11-15 10:51:14.960395,2023-11-15 10:51:15.261065,0 days 00:00:00.300670,0.2,10,0.25,0.8,5,145,COMPLETE
2968,2968,0.0,2023-11-15 10:51:15.262944,2023-11-15 10:51:15.556581,0 days 00:00:00.293637,0.1,10,0.75,0.9,0,17,COMPLETE
2969,2969,13357.0,2023-11-15 10:51:15.557989,2023-11-15 10:51:15.894504,0 days 00:00:00.336515,0.2,10,1.0,0.30000000000000004,3,148,COMPLETE
2970,2970,19017.5,2023-11-15 10:51:15.896351,2023-11-15 10:51:16.186652,0 days 00:00:00.290301,0.30000000000000004,10,0.75,0.9,2,142,COMPLETE
2971,2971,19163.75,2023-11-15 10:51:16.188183,2023-11-15 10:51:16.475576,0 days 00:00:00.287393,0.2,10,0.75,0.9,0,150,COMPLETE
2972,2972,18494.0,2023-11-15 10:51:16.477171,2023-11-15 10:51:16.771814,0 days 00:00:00.294643,0.2,10,0.5,0.7000000000000001,6,145,COMPLETE
2973,2973,14397.75,2023-11-15 10:51:16.773319,2023-11-15 10:51:17.104153,0 days 00:00:00.330834,0.2,20,0.75,0.4,4,140,COMPLETE
2974,2974,18945.5,2023-11-15 10:51:17.105548,2023-11-15 10:51:17.405012,0 days 00:00:00.299464,0.1,10,0.75,0.9,2,131,COMPLETE
2975,2975,18238.75,2023-11-15 10:51:17.406831,2023-11-15 10:51:17.689979,0 days 00:00:00.283148,0.2,10,0.75,0.9,9,23,COMPLETE
2976,2976,19261.0,2023-11-15 10:51:17.691431,2023-11-15 10:51:18.000454,0 days 00:00:00.309023,0.2,10,0.75,0.9,0,143,COMPLETE
2977,2977,19261.0,2023-11-15 10:51:18.001903,2023-11-15 10:51:18.284280,0 days 00:00:00.282377,0.2,10,1.0,0.9,2,147,COMPLETE
2978,2978,5638.75,2023-11-15 10:51:18.286103,2023-11-15 10:51:18.702590,0 days 00:00:00.416487,0.8,10,1.25,0.6,5,135,COMPLETE
2979,2979,19350.75,2023-11-15 10:51:18.704029,2023-11-15 10:51:18.992344,0 days 00:00:00.288315,0.1,10,0.75,0.9,3,145,COMPLETE
2980,2980,19163.75,2023-11-15 10:51:18.993961,2023-11-15 10:51:19.282754,0 days 00:00:00.288793,0.2,10,0.75,0.9,0,150,COMPLETE
2981,2981,18973.0,2023-11-15 10:51:19.284231,2023-11-15 10:51:19.569166,0 days 00:00:00.284935,0.2,10,0.75,0.9,2,141,COMPLETE
2982,2982,15795.0,2023-11-15 10:51:19.570583,2023-11-15 10:51:19.882474,0 days 00:00:00.311891,0.30000000000000004,60,1.0,0.8,6,147,COMPLETE
2983,2983,18992.75,2023-11-15 10:51:19.884046,2023-11-15 10:51:20.174942,0 days 00:00:00.290896,0.2,10,0.75,0.9,4,143,COMPLETE
2984,2984,19072.75,2023-11-15 10:51:20.176488,2023-11-15 10:51:20.460086,0 days 00:00:00.283598,0.1,10,0.75,0.9,0,137,COMPLETE
2985,2985,18584.75,2023-11-15 10:51:20.461637,2023-11-15 10:51:20.750189,0 days 00:00:00.288552,0.2,20,0.75,0.9,11,147,COMPLETE
2986,2986,18828.5,2023-11-15 10:51:20.751778,2023-11-15 10:51:21.052547,0 days 00:00:00.300769,0.2,10,0.5,0.9,2,143,COMPLETE
2987,2987,18478.25,2023-11-15 10:51:21.054187,2023-11-15 10:51:21.382144,0 days 00:00:00.327957,0.2,10,0.25,0.9,8,139,COMPLETE
2988,2988,19067.0,2023-11-15 10:51:21.383845,2023-11-15 10:51:21.675053,0 days 00:00:00.291208,0.1,10,1.25,0.9,4,150,COMPLETE
2989,2989,19359.75,2023-11-15 10:51:21.676714,2023-11-15 10:51:21.966988,0 days 00:00:00.290274,0.2,10,0.75,0.8,0,145,COMPLETE
2990,2990,19261.0,2023-11-15 10:51:21.968380,2023-11-15 10:51:22.250058,0 days 00:00:00.281678,0.30000000000000004,10,1.0,0.9,2,147,COMPLETE
2991,2991,19066.25,2023-11-15 10:51:22.251488,2023-11-15 10:51:22.546113,0 days 00:00:00.294625,0.2,10,0.75,0.9,6,141,COMPLETE
2992,2992,19359.75,2023-11-15 10:51:22.547944,2023-11-15 10:51:22.838814,0 days 00:00:00.290870,0.2,10,0.75,0.9,0,145,COMPLETE
2993,2993,17419.5,2023-11-15 10:51:22.840194,2023-11-15 10:51:23.184140,0 days 00:00:00.343946,0.6,20,0.75,0.9,4,148,COMPLETE
2994,2994,18992.75,2023-11-15 10:51:23.185564,2023-11-15 10:51:23.476545,0 days 00:00:00.290981,0.2,10,0.75,0.9,2,143,COMPLETE
2995,2995,19261.0,2023-11-15 10:51:23.478427,2023-11-15 10:51:23.771870,0 days 00:00:00.293443,0.1,10,1.0,0.5,0,150,COMPLETE
2996,2996,19161.25,2023-11-15 10:51:23.773300,2023-11-15 10:51:24.055558,0 days 00:00:00.282258,0.2,10,0.5,0.9,3,138,COMPLETE
2997,2997,18974.5,2023-11-15 10:51:24.056926,2023-11-15 10:51:24.349546,0 days 00:00:00.292620,0.2,10,0.75,0.8,7,145,COMPLETE
2998,2998,18874.0,2023-11-15 10:51:24.351034,2023-11-15 10:51:24.654771,0 days 00:00:00.303737,0.2,10,1.5,0.9,2,141,COMPLETE
2999,2999,19261.0,2023-11-15 10:51:24.656162,2023-11-15 10:51:24.935920,0 days 00:00:00.279758,0.2,10,0.75,0.9,4,147,COMPLETE
3000,3000,19261.0,2023-11-15 10:51:24.937380,2023-11-15 10:51:25.227922,0 days 00:00:00.290542,0.2,10,0.75,0.9,0,143,COMPLETE
3001,3001,19359.75,2023-11-15 10:51:25.230301,2023-11-15 10:51:25.523199,0 days 00:00:00.292898,0.1,10,0.75,0.9,2,148,COMPLETE
3002,3002,11715.5,2023-11-15 10:51:25.524714,2023-11-15 10:51:25.810770,0 days 00:00:00.286056,0.2,70,0.75,0.9,5,28,COMPLETE
3003,3003,19260.75,2023-11-15 10:51:25.812425,2023-11-15 10:51:26.102090,0 days 00:00:00.289665,0.2,10,1.25,0.2,0,114,COMPLETE
3004,3004,14859.0,2023-11-15 10:51:26.103726,2023-11-15 10:51:26.437443,0 days 00:00:00.333717,0.1,20,1.0,0.7000000000000001,16,145,COMPLETE
3005,3005,19066.25,2023-11-15 10:51:26.438868,2023-11-15 10:51:26.727444,0 days 00:00:00.288576,0.30000000000000004,10,0.75,0.9,2,140,COMPLETE
3006,3006,19111.25,2023-11-15 10:51:26.729180,2023-11-15 10:51:27.019437,0 days 00:00:00.290257,0.2,10,0.75,0.9,6,150,COMPLETE
3007,3007,18992.75,2023-11-15 10:51:27.021135,2023-11-15 10:51:27.315933,0 days 00:00:00.294798,0.2,10,0.75,0.9,4,143,COMPLETE
3008,3008,19261.0,2023-11-15 10:51:27.317547,2023-11-15 10:51:27.608067,0 days 00:00:00.290520,0.2,10,0.75,0.9,9,147,COMPLETE
3009,3009,18877.0,2023-11-15 10:51:27.609490,2023-11-15 10:51:27.938720,0 days 00:00:00.329230,0.4,10,1.0,0.8,0,136,COMPLETE
3010,3010,17013.5,2023-11-15 10:51:27.940170,2023-11-15 10:51:28.247574,0 days 00:00:00.307404,0.1,10,0.5,0.9,95,145,COMPLETE
3011,3011,14836.5,2023-11-15 10:51:28.249330,2023-11-15 10:51:28.577247,0 days 00:00:00.327917,0.2,10,0.75,0.4,2,140,COMPLETE
3012,3012,11866.5,2023-11-15 10:51:28.578888,2023-11-15 10:51:28.941267,0 days 00:00:00.362379,0.2,10,1.25,0.5,4,150,COMPLETE
3013,3013,18838.75,2023-11-15 10:51:28.942747,2023-11-15 10:51:29.257058,0 days 00:00:00.314311,0.2,10,0.25,0.9,0,143,COMPLETE
3014,3014,13089.0,2023-11-15 10:51:29.258534,2023-11-15 10:51:29.623167,0 days 00:00:00.364633,0.1,100,0.75,0.9,2,147,COMPLETE
3015,3015,18398.5,2023-11-15 10:51:29.624975,2023-11-15 10:51:29.938062,0 days 00:00:00.313087,0.2,20,0.75,0.9,6,145,COMPLETE
3016,3016,18973.0,2023-11-15 10:51:29.939504,2023-11-15 10:51:30.232337,0 days 00:00:00.292833,0.2,10,0.75,0.9,3,141,COMPLETE
3017,3017,11354.75,2023-11-15 10:51:30.233989,2023-11-15 10:51:30.600090,0 days 00:00:00.366101,0.30000000000000004,10,1.0,0.9,57,138,COMPLETE
3018,3018,19264.5,2023-11-15 10:51:30.601710,2023-11-15 10:51:30.889868,0 days 00:00:00.288158,0.2,10,0.5,0.9,0,148,COMPLETE
3019,3019,15513.0,2023-11-15 10:51:30.891305,2023-11-15 10:51:31.203807,0 days 00:00:00.312502,0.2,60,0.75,0.8,8,143,COMPLETE
3020,3020,19261.0,2023-11-15 10:51:31.205222,2023-11-15 10:51:31.487699,0 days 00:00:00.282477,0.1,10,0.75,0.9,2,147,COMPLETE
3021,3021,19359.75,2023-11-15 10:51:31.489129,2023-11-15 10:51:31.808156,0 days 00:00:00.319027,0.2,10,0.75,0.9,5,145,COMPLETE
3022,3022,9756.25,2023-11-15 10:51:31.809552,2023-11-15 10:51:32.192575,0 days 00:00:00.383023,0.2,10,1.25,0.6,31,150,COMPLETE
3023,3023,18394.75,2023-11-15 10:51:32.194024,2023-11-15 10:51:32.500368,0 days 00:00:00.306344,0.2,20,0.75,0.9,0,141,COMPLETE
3024,3024,19350.75,2023-11-15 10:51:32.502057,2023-11-15 10:51:32.797092,0 days 00:00:00.295035,0.1,10,0.75,0.9,4,145,COMPLETE
3025,3025,18992.75,2023-11-15 10:51:32.798478,2023-11-15 10:51:33.095449,0 days 00:00:00.296971,0.2,10,0.75,0.9,2,143,COMPLETE
3026,3026,19064.25,2023-11-15 10:51:33.097438,2023-11-15 10:51:33.390360,0 days 00:00:00.292922,0.2,10,1.0,0.7000000000000001,0,134,COMPLETE
3027,3027,100.0,2023-11-15 10:51:33.391829,2023-11-15 10:51:33.964919,0 days 00:00:00.573090,0.30000000000000004,10,1.75,0.9,92,138,COMPLETE
3028,3028,19359.75,2023-11-15 10:51:33.966363,2023-11-15 10:51:34.259330,0 days 00:00:00.292967,0.2,10,0.75,0.8,3,148,COMPLETE
3029,3029,19111.25,2023-11-15 10:51:34.260784,2023-11-15 10:51:34.550109,0 days 00:00:00.289325,0.2,10,0.75,0.9,6,150,COMPLETE
3030,3030,18821.0,2023-11-15 10:51:34.551760,2023-11-15 10:51:34.847833,0 days 00:00:00.296073,0.1,10,0.75,0.9,2,122,COMPLETE
3031,3031,19068.0,2023-11-15 10:51:34.849314,2023-11-15 10:51:35.140191,0 days 00:00:00.290877,0.2,10,0.75,0.9,10,145,COMPLETE
3032,3032,18953.25,2023-11-15 10:51:35.141771,2023-11-15 10:51:35.480330,0 days 00:00:00.338559,0.2,10,1.0,0.9,4,141,COMPLETE
3033,3033,19261.0,2023-11-15 10:51:35.482698,2023-11-15 10:51:35.778096,0 days 00:00:00.295398,0.1,10,0.5,0.9,0,147,COMPLETE
3034,3034,16572.75,2023-11-15 10:51:35.780128,2023-11-15 10:51:36.085689,0 days 00:00:00.305561,0.2,40,0.75,0.9,7,143,COMPLETE
3035,3035,18340.75,2023-11-15 10:51:36.087084,2023-11-15 10:51:36.386199,0 days 00:00:00.299115,0.2,20,0.75,0.9,2,139,COMPLETE
3036,3036,19261.0,2023-11-15 10:51:36.387669,2023-11-15 10:51:36.670549,0 days 00:00:00.282880,0.2,10,0.75,0.8,0,147,COMPLETE
3037,3037,19165.25,2023-11-15 10:51:36.672106,2023-11-15 10:51:36.978190,0 days 00:00:00.306084,0.1,10,0.25,0.9,4,150,COMPLETE
3038,3038,19261.0,2023-11-15 10:51:36.980056,2023-11-15 10:51:37.266364,0 days 00:00:00.286308,0.2,10,1.25,0.9,2,143,COMPLETE
3039,3039,19359.75,2023-11-15 10:51:37.268074,2023-11-15 10:51:37.561222,0 days 00:00:00.293148,0.2,10,0.75,0.9,0,145,COMPLETE
3040,3040,18805.75,2023-11-15 10:51:37.563422,2023-11-15 10:51:37.856721,0 days 00:00:00.293299,0.2,10,0.5,0.9,60,147,COMPLETE
3041,3041,18349.25,2023-11-15 10:51:37.858202,2023-11-15 10:51:38.148122,0 days 00:00:00.289920,0.4,10,0.75,0.9,5,136,COMPLETE
3042,3042,18953.25,2023-11-15 10:51:38.150687,2023-11-15 10:51:38.442198,0 days 00:00:00.291511,0.2,10,1.0,0.9,2,141,COMPLETE
3043,3043,16576.25,2023-11-15 10:51:38.443725,2023-11-15 10:51:38.788766,0 days 00:00:00.345041,0.1,10,0.75,0.6,7,145,COMPLETE
3044,3044,18404.75,2023-11-15 10:51:38.790327,2023-11-15 10:51:39.094098,0 days 00:00:00.303771,0.2,20,0.75,0.9,3,148,COMPLETE
3045,3045,19261.0,2023-11-15 10:51:39.095928,2023-11-15 10:51:39.383760,0 days 00:00:00.287832,0.30000000000000004,10,1.25,0.5,0,142,COMPLETE
3046,3046,19111.25,2023-11-15 10:51:39.385216,2023-11-15 10:51:39.684646,0 days 00:00:00.299430,0.2,10,0.75,0.9,4,150,COMPLETE
3047,3047,19066.5,2023-11-15 10:51:39.686234,2023-11-15 10:51:39.976354,0 days 00:00:00.290120,0.2,10,1.0,0.9,2,138,COMPLETE
3048,3048,19359.75,2023-11-15 10:51:39.977765,2023-11-15 10:51:40.265959,0 days 00:00:00.288194,0.1,10,0.75,0.8,0,145,COMPLETE
3049,3049,19261.0,2023-11-15 10:51:40.267552,2023-11-15 10:51:40.560183,0 days 00:00:00.292631,0.2,10,0.75,0.9,5,147,COMPLETE
3050,3050,18992.75,2023-11-15 10:51:40.561670,2023-11-15 10:51:40.865678,0 days 00:00:00.304008,0.2,10,0.75,0.9,2,143,COMPLETE
3051,3051,18794.25,2023-11-15 10:51:40.867085,2023-11-15 10:51:41.169693,0 days 00:00:00.302608,0.2,10,0.75,0.9,8,139,COMPLETE
3052,3052,18109.25,2023-11-15 10:51:41.171083,2023-11-15 10:51:41.468349,0 days 00:00:00.297266,0.30000000000000004,20,1.0,0.9,0,101,COMPLETE
3053,3053,19091.5,2023-11-15 10:51:41.469892,2023-11-15 10:51:41.765142,0 days 00:00:00.295250,0.1,10,0.75,0.9,21,147,COMPLETE
3054,3054,18992.75,2023-11-15 10:51:41.766670,2023-11-15 10:51:42.090212,0 days 00:00:00.323542,0.2,10,0.75,0.9,4,143,COMPLETE
3055,3055,636.0,2023-11-15 10:51:42.091729,2023-11-15 10:51:42.419274,0 days 00:00:00.327545,0.2,30,0.5,0.4,78,34,COMPLETE
3056,3056,17641.5,2023-11-15 10:51:42.420738,2023-11-15 10:51:42.731786,0 days 00:00:00.311048,0.6,10,0.75,0.7000000000000001,12,150,COMPLETE
3057,3057,14799.25,2023-11-15 10:51:42.733520,2023-11-15 10:51:43.060763,0 days 00:00:00.327243,0.2,10,0.75,0.5,2,141,COMPLETE
3058,3058,14196.75,2023-11-15 10:51:43.063134,2023-11-15 10:51:43.407138,0 days 00:00:00.344004,0.7000000000000001,10,0.75,0.8,6,130,COMPLETE
3059,3059,18973.5,2023-11-15 10:51:43.408611,2023-11-15 10:51:43.712052,0 days 00:00:00.303441,0.2,10,1.25,0.9,2,105,COMPLETE
3060,3060,19359.75,2023-11-15 10:51:43.714246,2023-11-15 10:51:44.008054,0 days 00:00:00.293808,0.1,10,0.75,0.30000000000000004,0,145,COMPLETE
3061,3061,19261.0,2023-11-15 10:51:44.009702,2023-11-15 10:51:44.302518,0 days 00:00:00.292816,0.2,10,1.0,0.9,4,147,COMPLETE
3062,3062,13431.25,2023-11-15 10:51:44.303995,2023-11-15 10:51:44.633935,0 days 00:00:00.329940,0.2,90,0.75,0.9,52,140,COMPLETE
