,number,value,datetime_start,datetime_complete,duration,params_alpha,params_decay_interval,params_decay_rate,params_gamma,params_initialization,params_max_steps,state
4448,4448,16898.75,2023-11-15 12:17:05.913516,2023-11-15 12:17:06.310131,0 days 00:00:00.396615,0.8,20,3.0,0.9,22,76,COMPLETE
4449,4449,16544.5,2023-11-15 12:17:06.312288,2023-11-15 12:17:06.697810,0 days 00:00:00.385522,0.8,10,2.5,0.8,28,66,COMPLETE
4450,4450,16632.25,2023-11-15 12:17:06.699740,2023-11-15 12:17:07.091686,0 days 00:00:00.391946,0.8,10,3.0,0.9,19,63,COMPLETE
4451,4451,17280.75,2023-11-15 12:17:07.094049,2023-11-15 12:17:07.479107,0 days 00:00:00.385058,0.8,10,2.75,0.4,25,70,COMPLETE
4452,4452,17188.25,2023-11-15 12:17:07.480931,2023-11-15 12:17:07.867309,0 days 00:00:00.386378,0.8,10,3.0,0.9,16,73,COMPLETE
4453,4453,17924.5,2023-11-15 12:17:07.869135,2023-11-15 12:17:08.257912,0 days 00:00:00.388777,0.9,10,3.0,0.9,13,80,COMPLETE
4454,4454,17289.75,2023-11-15 12:17:08.259780,2023-11-15 12:17:08.645867,0 days 00:00:00.386087,0.8,10,3.0,0.5,23,69,COMPLETE
4455,4455,17196.25,2023-11-15 12:17:08.647763,2023-11-15 12:17:09.042883,0 days 00:00:00.395120,0.8,10,2.75,0.9,21,76,COMPLETE
4456,4456,16719.5,2023-11-15 12:17:09.045224,2023-11-15 12:17:09.430813,0 days 00:00:00.385589,0.8,10,3.0,0.9,18,66,COMPLETE
4457,4457,17271.75,2023-11-15 12:17:09.432570,2023-11-15 12:17:09.813162,0 days 00:00:00.380592,0.8,10,3.0,0.9,15,59,COMPLETE
4458,4458,17734.25,2023-11-15 12:17:09.815068,2023-11-15 12:17:10.201251,0 days 00:00:00.386183,0.7000000000000001,20,2.75,0.8,19,83,COMPLETE
4459,4459,17369.5,2023-11-15 12:17:10.203067,2023-11-15 12:17:10.591322,0 days 00:00:00.388255,0.8,10,3.0,0.9,56,73,COMPLETE
4460,4460,17825.5,2023-11-15 12:17:10.593464,2023-11-15 12:17:10.975038,0 days 00:00:00.381574,0.8,10,3.0,0.9,26,70,COMPLETE
4461,4461,17547.25,2023-11-15 12:17:10.977261,2023-11-15 12:17:11.361910,0 days 00:00:00.384649,0.8,10,3.0,0.9,21,68,COMPLETE
4462,4462,17360.25,2023-11-15 12:17:11.363735,2023-11-15 12:17:11.750674,0 days 00:00:00.386939,0.8,10,3.0,0.9,23,78,COMPLETE
4463,4463,16719.75,2023-11-15 12:17:11.752459,2023-11-15 12:17:12.138372,0 days 00:00:00.385913,0.8,10,2.5,0.9,17,63,COMPLETE
4464,4464,18215.25,2023-11-15 12:17:12.140065,2023-11-15 12:17:12.537253,0 days 00:00:00.397188,0.8,10,2.75,0.9,12,72,COMPLETE
4465,4465,18682.0,2023-11-15 12:17:12.538960,2023-11-15 12:17:12.918901,0 days 00:00:00.379941,0.8,10,3.0,0.9,19,75,COMPLETE
4466,4466,16620.5,2023-11-15 12:17:12.920589,2023-11-15 12:17:13.313015,0 days 00:00:00.392426,0.8,20,3.0,0.9,21,67,COMPLETE
4467,4467,19260.75,2023-11-15 12:17:13.314882,2023-11-15 12:17:13.686993,0 days 00:00:00.372111,0.8,10,3.0,0.9,15,71,COMPLETE
4468,4468,18401.75,2023-11-15 12:17:13.688774,2023-11-15 12:17:14.069106,0 days 00:00:00.380332,0.9,10,2.75,0.9,86,75,COMPLETE
4469,4469,16749.75,2023-11-15 12:17:14.070942,2023-11-15 12:17:14.460763,0 days 00:00:00.389821,0.4,10,3.0,0.9,25,69,COMPLETE
4470,4470,17014.0,2023-11-15 12:17:14.462956,2023-11-15 12:17:14.848869,0 days 00:00:00.385913,0.8,10,3.0,0.9,17,64,COMPLETE
4471,4471,18493.75,2023-11-15 12:17:14.850782,2023-11-15 12:17:15.228186,0 days 00:00:00.377404,0.6,10,2.75,0.9,20,72,COMPLETE
4472,4472,18026.0,2023-11-15 12:17:15.229943,2023-11-15 12:17:15.631049,0 days 00:00:00.401106,0.8,10,3.0,0.9,23,77,COMPLETE
4473,4473,17649.0,2023-11-15 12:17:15.633061,2023-11-15 12:17:16.016866,0 days 00:00:00.383805,0.7000000000000001,10,3.0,0.8,49,67,COMPLETE
4474,4474,13130.0,2023-11-15 12:17:16.018734,2023-11-15 12:17:16.418810,0 days 00:00:00.400076,0.8,90,3.0,0.9,14,73,COMPLETE
4475,4475,17825.5,2023-11-15 12:17:16.420661,2023-11-15 12:17:16.804469,0 days 00:00:00.383808,0.8,10,2.75,0.9,29,70,COMPLETE
4476,4476,17926.25,2023-11-15 12:17:16.806171,2023-11-15 12:17:17.193154,0 days 00:00:00.386983,0.8,10,3.0,0.9,18,80,COMPLETE
4477,4477,17190.0,2023-11-15 12:17:17.195531,2023-11-15 12:17:17.588259,0 days 00:00:00.392728,0.8,20,3.0,0.9,22,75,COMPLETE
4478,4478,16358.75,2023-11-15 12:17:17.590111,2023-11-15 12:17:17.980150,0 days 00:00:00.390039,0.9,10,3.0,0.9,16,61,COMPLETE
4479,4479,16719.5,2023-11-15 12:17:17.982462,2023-11-15 12:17:18.370006,0 days 00:00:00.387544,0.8,10,2.75,0.9,19,66,COMPLETE
4480,4480,19260.75,2023-11-15 12:17:18.371767,2023-11-15 12:17:18.751126,0 days 00:00:00.379359,0.8,10,3.0,0.9,25,71,COMPLETE
4481,4481,17115.5,2023-11-15 12:17:18.753017,2023-11-15 12:17:19.141792,0 days 00:00:00.388775,0.8,10,3.0,0.9,10,69,COMPLETE
4482,4482,17920.75,2023-11-15 12:17:19.143904,2023-11-15 12:17:19.524450,0 days 00:00:00.380546,0.8,10,2.75,0.9,21,74,COMPLETE
4483,4483,9324.75,2023-11-15 12:17:19.526608,2023-11-15 12:17:19.933570,0 days 00:00:00.406962,0.8,10,3.0,0.9,17,15,COMPLETE
4484,4484,17360.25,2023-11-15 12:17:19.935257,2023-11-15 12:17:20.324714,0 days 00:00:00.389457,0.8,10,3.0,0.9,27,78,COMPLETE
4485,4485,17654.5,2023-11-15 12:17:20.327064,2023-11-15 12:17:20.707994,0 days 00:00:00.380930,0.8,10,3.0,0.9,23,65,COMPLETE
4486,4486,18207.5,2023-11-15 12:17:20.710348,2023-11-15 12:17:21.092093,0 days 00:00:00.381745,0.8,10,3.0,0.7000000000000001,19,72,COMPLETE
4487,4487,15912.0,2023-11-15 12:17:21.094391,2023-11-15 12:17:21.486932,0 days 00:00:00.392541,0.7000000000000001,20,2.5,0.8,12,68,COMPLETE
4488,4488,16923.25,2023-11-15 12:17:21.488717,2023-11-15 12:17:21.888600,0 days 00:00:00.399883,0.8,10,3.0,0.9,14,76,COMPLETE
4489,4489,19260.75,2023-11-15 12:17:21.890314,2023-11-15 12:17:22.265989,0 days 00:00:00.375675,0.8,10,2.75,0.9,20,71,COMPLETE
4490,4490,18584.25,2023-11-15 12:17:22.268024,2023-11-15 12:17:22.654131,0 days 00:00:00.386107,0.8,10,2.25,0.9,16,85,COMPLETE
4491,4491,17547.25,2023-11-15 12:17:22.655999,2023-11-15 12:17:23.042845,0 days 00:00:00.386846,0.8,10,3.0,0.9,24,68,COMPLETE
4492,4492,17920.75,2023-11-15 12:17:23.045095,2023-11-15 12:17:23.428773,0 days 00:00:00.383678,0.8,10,3.0,0.9,18,74,COMPLETE
4493,4493,16543.25,2023-11-15 12:17:23.430529,2023-11-15 12:17:23.822492,0 days 00:00:00.391963,0.8,10,2.75,0.9,22,63,COMPLETE
4494,4494,18973.5,2023-11-15 12:17:23.824315,2023-11-15 12:17:24.206069,0 days 00:00:00.381754,0.7000000000000001,10,3.0,0.9,20,71,COMPLETE
4495,4495,16719.5,2023-11-15 12:17:24.207836,2023-11-15 12:17:24.597460,0 days 00:00:00.389624,0.8,10,3.0,0.9,17,66,COMPLETE
4496,4496,16104.75,2023-11-15 12:17:24.599355,2023-11-15 12:17:25.001832,0 days 00:00:00.402477,0.9,20,2.75,0.9,13,78,COMPLETE
4497,4497,17462.25,2023-11-15 12:17:25.003791,2023-11-15 12:17:25.396752,0 days 00:00:00.392961,0.8,10,2.5,0.9,27,73,COMPLETE
4498,4498,17547.25,2023-11-15 12:17:25.398510,2023-11-15 12:17:25.785562,0 days 00:00:00.387052,0.8,10,3.0,0.9,22,68,COMPLETE
4499,4499,18682.0,2023-11-15 12:17:25.787279,2023-11-15 12:17:26.185790,0 days 00:00:00.398511,0.8,10,3.0,0.9,15,75,COMPLETE
4500,4500,17741.25,2023-11-15 12:17:26.187508,2023-11-15 12:17:26.576561,0 days 00:00:00.389053,0.8,10,3.0,0.8,70,70,COMPLETE
4501,4501,17014.0,2023-11-15 12:17:26.578931,2023-11-15 12:17:26.966223,0 days 00:00:00.387292,0.8,10,3.0,0.9,24,64,COMPLETE
4502,4502,17739.5,2023-11-15 12:17:26.968345,2023-11-15 12:17:27.360817,0 days 00:00:00.392472,0.8,10,3.0,0.9,19,81,COMPLETE
4503,4503,17369.5,2023-11-15 12:17:27.362930,2023-11-15 12:17:27.752049,0 days 00:00:00.389119,0.8,10,2.75,0.9,20,73,COMPLETE
4504,4504,17095.5,2023-11-15 12:17:27.753765,2023-11-15 12:17:28.153677,0 days 00:00:00.399912,0.8,20,3.0,0.9,17,108,COMPLETE
4505,4505,17547.25,2023-11-15 12:17:28.155823,2023-11-15 12:17:28.543480,0 days 00:00:00.387657,0.8,10,2.75,0.9,22,68,COMPLETE
4506,4506,18121.5,2023-11-15 12:17:28.545882,2023-11-15 12:17:28.933461,0 days 00:00:00.387579,0.8,10,3.0,0.9,25,77,COMPLETE
4507,4507,17825.5,2023-11-15 12:17:28.935209,2023-11-15 12:17:29.319638,0 days 00:00:00.384429,0.8,10,3.0,0.9,79,70,COMPLETE
4508,4508,17840.75,2023-11-15 12:17:29.321596,2023-11-15 12:17:29.729262,0 days 00:00:00.407666,0.9,10,3.0,0.9,15,72,COMPLETE
4509,4509,16719.5,2023-11-15 12:17:29.731646,2023-11-15 12:17:30.133983,0 days 00:00:00.402337,0.8,10,3.0,0.9,18,66,COMPLETE
4510,4510,18872.25,2023-11-15 12:17:30.135745,2023-11-15 12:17:30.521617,0 days 00:00:00.385872,0.7000000000000001,10,2.75,0.9,21,73,COMPLETE
4511,4511,13563.0,2023-11-15 12:17:30.523541,2023-11-15 12:17:30.937502,0 days 00:00:00.413961,0.8,50,3.0,0.8,13,76,COMPLETE
4512,4512,17115.5,2023-11-15 12:17:30.939326,2023-11-15 12:17:31.326307,0 days 00:00:00.386981,0.8,10,3.0,0.9,19,69,COMPLETE
4513,4513,16619.5,2023-11-15 12:17:31.328716,2023-11-15 12:17:31.715983,0 days 00:00:00.387267,0.8,10,2.75,0.9,23,57,COMPLETE
4514,4514,16711.25,2023-11-15 12:17:31.717780,2023-11-15 12:17:32.111043,0 days 00:00:00.393263,0.8,10,3.0,0.9,16,62,COMPLETE
4515,4515,16019.75,2023-11-15 12:17:32.113079,2023-11-15 12:17:32.526093,0 days 00:00:00.413014,0.8,40,2.5,0.9,21,130,COMPLETE
4516,4516,19260.75,2023-11-15 12:17:32.528506,2023-11-15 12:17:32.910587,0 days 00:00:00.382081,0.8,10,3.0,0.9,26,71,COMPLETE
4517,4517,16091.25,2023-11-15 12:17:32.912602,2023-11-15 12:17:33.308207,0 days 00:00:00.395605,0.8,20,3.0,0.9,18,66,COMPLETE
4518,4518,12156.75,2023-11-15 12:17:33.310560,2023-11-15 12:17:33.725841,0 days 00:00:00.415281,0.8,80,3.0,0.9,11,75,COMPLETE
4519,4519,17552.0,2023-11-15 12:17:33.728236,2023-11-15 12:17:34.135176,0 days 00:00:00.406940,0.8,10,2.75,0.9,15,79,COMPLETE
4520,4520,17115.5,2023-11-15 12:17:34.136939,2023-11-15 12:17:34.529486,0 days 00:00:00.392547,0.8,10,3.0,0.9,24,69,COMPLETE
4521,4521,17369.5,2023-11-15 12:17:34.531256,2023-11-15 12:17:34.922207,0 days 00:00:00.390951,0.8,10,3.0,0.9,29,73,COMPLETE
4522,4522,17281.75,2023-11-15 12:17:34.924110,2023-11-15 12:17:35.313573,0 days 00:00:00.389463,0.9,10,3.0,0.9,20,60,COMPLETE
4523,4523,18299.75,2023-11-15 12:17:35.315479,2023-11-15 12:17:35.700847,0 days 00:00:00.385368,0.8,10,2.75,0.8,17,65,COMPLETE
4524,4524,19260.75,2023-11-15 12:17:35.702803,2023-11-15 12:17:36.085525,0 days 00:00:00.382722,0.8,10,3.0,0.9,9,71,COMPLETE
4525,4525,18401.5,2023-11-15 12:17:36.087439,2023-11-15 12:17:36.470624,0 days 00:00:00.383185,0.7000000000000001,10,2.25,0.9,22,76,COMPLETE
4526,4526,16530.25,2023-11-15 12:17:36.472454,2023-11-15 12:17:36.870153,0 days 00:00:00.397699,0.8,30,3.0,0.9,19,68,COMPLETE
4527,4527,17735.25,2023-11-15 12:17:36.871930,2023-11-15 12:17:37.262698,0 days 00:00:00.390768,0.8,10,2.75,0.9,14,89,COMPLETE
4528,4528,17920.75,2023-11-15 12:17:37.264598,2023-11-15 12:17:37.648740,0 days 00:00:00.384142,0.8,10,3.0,0.9,23,74,COMPLETE
4529,4529,19260.75,2023-11-15 12:17:37.650645,2023-11-15 12:17:38.032957,0 days 00:00:00.382312,0.8,10,3.0,0.9,16,71,COMPLETE
4530,4530,17917.0,2023-11-15 12:17:38.034736,2023-11-15 12:17:38.420516,0 days 00:00:00.385780,0.8,10,3.0,0.9,20,67,COMPLETE
4531,4531,16106.5,2023-11-15 12:17:38.422475,2023-11-15 12:17:38.823199,0 days 00:00:00.400724,0.8,20,2.75,0.9,25,78,COMPLETE
4532,4532,16568.5,2023-11-15 12:17:38.825048,2023-11-15 12:17:39.220418,0 days 00:00:00.395370,0.8,10,3.0,0.30000000000000004,21,64,COMPLETE
4533,4533,19260.75,2023-11-15 12:17:39.222333,2023-11-15 12:17:39.598807,0 days 00:00:00.376474,0.8,10,3.0,0.9,18,71,COMPLETE
4534,4534,17827.25,2023-11-15 12:17:39.600651,2023-11-15 12:17:39.990812,0 days 00:00:00.390161,0.9,10,2.5,0.9,13,82,COMPLETE
4535,4535,17560.0,2023-11-15 12:17:39.992782,2023-11-15 12:17:40.406919,0 days 00:00:00.414137,0.5,10,3.0,0.9,27,74,COMPLETE
4536,4536,17020.25,2023-11-15 12:17:40.408778,2023-11-15 12:17:40.799074,0 days 00:00:00.390296,0.8,10,3.0,0.8,17,69,COMPLETE
4537,4537,17378.25,2023-11-15 12:17:40.801278,2023-11-15 12:17:41.193734,0 days 00:00:00.392456,0.8,10,2.75,0.9,23,76,COMPLETE
4538,4538,17366.5,2023-11-15 12:17:41.195994,2023-11-15 12:17:41.586491,0 days 00:00:00.390497,0.7000000000000001,20,3.0,0.9,20,72,COMPLETE
4539,4539,17917.0,2023-11-15 12:17:41.588251,2023-11-15 12:17:41.983414,0 days 00:00:00.395163,0.8,10,3.0,0.9,18,67,COMPLETE
4540,4540,17115.5,2023-11-15 12:17:41.985334,2023-11-15 12:17:42.378189,0 days 00:00:00.392855,0.8,10,2.75,0.9,15,69,COMPLETE
4541,4541,17920.75,2023-11-15 12:17:42.380025,2023-11-15 12:17:42.767949,0 days 00:00:00.387924,0.8,10,3.0,0.9,21,74,COMPLETE
4542,4542,14687.0,2023-11-15 12:17:42.769904,2023-11-15 12:17:43.174654,0 days 00:00:00.404750,0.2,10,3.0,0.9,25,64,COMPLETE
4543,4543,17360.25,2023-11-15 12:17:43.176698,2023-11-15 12:17:43.570017,0 days 00:00:00.393319,0.8,10,3.0,0.9,16,78,COMPLETE
4544,4544,17116.5,2023-11-15 12:17:43.571874,2023-11-15 12:17:43.969420,0 days 00:00:00.397546,0.30000000000000004,10,2.75,0.9,19,71,COMPLETE
4545,4545,16620.5,2023-11-15 12:17:43.971277,2023-11-15 12:17:44.367677,0 days 00:00:00.396400,0.8,20,2.5,0.9,23,67,COMPLETE
4546,4546,17369.5,2023-11-15 12:17:44.369518,2023-11-15 12:17:44.762678,0 days 00:00:00.393160,0.8,10,3.0,0.9,11,73,COMPLETE
4547,4547,18109.0,2023-11-15 12:17:44.764581,2023-11-15 12:17:45.152430,0 days 00:00:00.387849,0.9,10,3.0,0.9,21,70,COMPLETE
4548,4548,18681.75,2023-11-15 12:17:45.154179,2023-11-15 12:17:45.555726,0 days 00:00:00.401547,0.8,10,2.75,0.6,18,75,COMPLETE
4549,4549,17833.0,2023-11-15 12:17:45.557498,2023-11-15 12:17:45.949290,0 days 00:00:00.391792,0.8,10,3.0,0.9,14,80,COMPLETE
4550,4550,16626.0,2023-11-15 12:17:45.951290,2023-11-15 12:17:46.344738,0 days 00:00:00.393448,0.8,10,3.0,0.8,16,62,COMPLETE
4551,4551,16731.75,2023-11-15 12:17:46.346999,2023-11-15 12:17:46.741114,0 days 00:00:00.394115,0.8,10,2.25,0.9,22,66,COMPLETE
4552,4552,17115.5,2023-11-15 12:17:46.743161,2023-11-15 12:17:47.138236,0 days 00:00:00.395075,0.8,10,3.0,0.9,30,69,COMPLETE
4553,4553,18122.5,2023-11-15 12:17:47.140249,2023-11-15 12:17:47.531950,0 days 00:00:00.391701,0.8,10,3.0,0.9,19,72,COMPLETE
4554,4554,17196.25,2023-11-15 12:17:47.533998,2023-11-15 12:17:47.931752,0 days 00:00:00.397754,0.8,10,2.75,0.9,27,76,COMPLETE
4555,4555,17289.75,2023-11-15 12:17:47.933578,2023-11-15 12:17:48.329227,0 days 00:00:00.395649,0.8,10,3.0,0.5,24,69,COMPLETE
4556,4556,18872.25,2023-11-15 12:17:48.330998,2023-11-15 12:17:48.714851,0 days 00:00:00.383853,0.7000000000000001,10,3.0,0.9,17,73,COMPLETE
4557,4557,16091.25,2023-11-15 12:17:48.717034,2023-11-15 12:17:49.119072,0 days 00:00:00.402038,0.8,20,3.0,0.9,20,66,COMPLETE
4558,4558,17545.25,2023-11-15 12:17:49.120796,2023-11-15 12:17:49.515059,0 days 00:00:00.394263,0.8,10,2.75,0.9,22,78,COMPLETE
4559,4559,14236.75,2023-11-15 12:17:49.516938,2023-11-15 12:17:49.933404,0 days 00:00:00.416466,0.8,60,3.0,0.9,13,71,COMPLETE
4560,4560,17014.0,2023-11-15 12:17:49.935143,2023-11-15 12:17:50.329306,0 days 00:00:00.394163,0.8,10,3.0,0.9,18,64,COMPLETE
4561,4561,17920.75,2023-11-15 12:17:50.331090,2023-11-15 12:17:50.720335,0 days 00:00:00.389245,0.8,10,3.0,0.9,25,74,COMPLETE
4562,4562,17547.25,2023-11-15 12:17:50.722202,2023-11-15 12:17:51.110429,0 days 00:00:00.388227,0.8,10,2.75,0.9,16,68,COMPLETE
4563,4563,19260.75,2023-11-15 12:17:51.112622,2023-11-15 12:17:51.494837,0 days 00:00:00.382215,0.9,10,3.0,0.8,19,71,COMPLETE
4564,4564,16923.25,2023-11-15 12:17:51.496792,2023-11-15 12:17:51.914740,0 days 00:00:00.417948,0.8,10,3.0,0.9,21,76,COMPLETE
4565,4565,17115.5,2023-11-15 12:17:51.916673,2023-11-15 12:17:52.313546,0 days 00:00:00.396873,0.8,10,3.0,0.9,23,69,COMPLETE
4566,4566,18493.25,2023-11-15 12:17:52.315399,2023-11-15 12:17:52.701296,0 days 00:00:00.385897,0.8,10,2.5,0.9,14,72,COMPLETE
4567,4567,17372.25,2023-11-15 12:17:52.703355,2023-11-15 12:17:53.091123,0 days 00:00:00.387768,0.8,10,3.0,0.9,17,60,COMPLETE
4568,4568,16091.75,2023-11-15 12:17:53.093119,2023-11-15 12:17:53.497897,0 days 00:00:00.404778,0.8,20,2.75,0.9,20,66,COMPLETE
4569,4569,18682.0,2023-11-15 12:17:53.500078,2023-11-15 12:17:53.889544,0 days 00:00:00.389466,0.8,10,3.0,0.9,26,75,COMPLETE
4570,4570,17152.5,2023-11-15 12:17:53.891491,2023-11-15 12:17:54.291730,0 days 00:00:00.400239,0.7000000000000001,10,3.0,0.9,94,80,COMPLETE
4571,4571,17014.75,2023-11-15 12:17:54.294110,2023-11-15 12:17:54.687528,0 days 00:00:00.393418,0.6,10,2.75,0.9,15,69,COMPLETE
4572,4572,17369.5,2023-11-15 12:17:54.689375,2023-11-15 12:17:55.083661,0 days 00:00:00.394286,0.8,10,3.0,0.9,22,73,COMPLETE
4573,4573,16543.25,2023-11-15 12:17:55.085390,2023-11-15 12:17:55.479992,0 days 00:00:00.394602,0.8,10,3.0,0.9,18,63,COMPLETE
4574,4574,13634.75,2023-11-15 12:17:55.481780,2023-11-15 12:17:55.885306,0 days 00:00:00.403526,0.8,70,3.0,0.9,24,53,COMPLETE
4575,4575,18027.0,2023-11-15 12:17:55.887087,2023-11-15 12:17:56.297579,0 days 00:00:00.410492,0.8,10,2.75,0.8,11,77,COMPLETE
4576,4576,17455.75,2023-11-15 12:17:56.299520,2023-11-15 12:17:56.689535,0 days 00:00:00.390015,0.9,10,3.0,0.9,20,67,COMPLETE
4577,4577,18122.5,2023-11-15 12:17:56.691498,2023-11-15 12:17:57.078020,0 days 00:00:00.386522,0.8,10,3.0,0.9,16,72,COMPLETE
4578,4578,18392.25,2023-11-15 12:17:57.079856,2023-11-15 12:17:57.465280,0 days 00:00:00.385424,0.8,20,3.0,0.9,28,70,COMPLETE
4579,4579,17017.5,2023-11-15 12:17:57.467132,2023-11-15 12:17:57.874546,0 days 00:00:00.407414,0.8,10,2.75,0.9,13,84,COMPLETE
4580,4580,17920.75,2023-11-15 12:17:57.876461,2023-11-15 12:17:58.268835,0 days 00:00:00.392374,0.8,10,3.0,0.9,21,74,COMPLETE
4581,4581,18025.25,2023-11-15 12:17:58.270616,2023-11-15 12:17:58.659490,0 days 00:00:00.388874,0.7000000000000001,10,2.5,0.9,19,65,COMPLETE
4582,4582,15287.5,2023-11-15 12:17:58.661851,2023-11-15 12:17:59.063808,0 days 00:00:00.401957,0.8,50,3.0,0.9,23,68,COMPLETE
4583,4583,18121.5,2023-11-15 12:17:59.065733,2023-11-15 12:17:59.456401,0 days 00:00:00.390668,0.8,10,2.75,0.9,17,77,COMPLETE
4584,4584,19260.75,2023-11-15 12:17:59.458279,2023-11-15 12:17:59.840827,0 days 00:00:00.382548,0.8,10,3.0,0.9,25,71,COMPLETE
4585,4585,18776.75,2023-11-15 12:17:59.842861,2023-11-15 12:18:00.228910,0 days 00:00:00.386049,0.8,10,3.0,0.7000000000000001,15,75,COMPLETE
4586,4586,17115.5,2023-11-15 12:18:00.230875,2023-11-15 12:18:00.638559,0 days 00:00:00.407684,0.8,10,3.0,0.9,21,69,COMPLETE
4587,4587,18122.5,2023-11-15 12:18:00.640406,2023-11-15 12:18:01.027706,0 days 00:00:00.387300,0.8,10,3.0,0.9,18,72,COMPLETE
4588,4588,16809.25,2023-11-15 12:18:01.029594,2023-11-15 12:18:01.423254,0 days 00:00:00.393660,0.8,10,2.75,0.9,23,62,COMPLETE
4589,4589,16363.25,2023-11-15 12:18:01.425084,2023-11-15 12:18:01.831201,0 days 00:00:00.406117,0.8,20,3.0,0.8,19,66,COMPLETE
4590,4590,17369.25,2023-11-15 12:18:01.832996,2023-11-15 12:18:02.228519,0 days 00:00:00.395523,0.8,10,3.0,0.9,15,79,COMPLETE
4591,4591,19260.75,2023-11-15 12:18:02.230443,2023-11-15 12:18:02.612386,0 days 00:00:00.381943,0.9,10,3.0,0.9,12,74,COMPLETE
4592,4592,17825.5,2023-11-15 12:18:02.614376,2023-11-15 12:18:03.001402,0 days 00:00:00.387026,0.8,10,2.75,0.9,21,70,COMPLETE
4593,4593,17547.25,2023-11-15 12:18:03.003127,2023-11-15 12:18:03.395841,0 days 00:00:00.392714,0.8,10,3.0,0.9,18,68,COMPLETE
4594,4594,17186.0,2023-11-15 12:18:03.397765,2023-11-15 12:18:03.791159,0 days 00:00:00.393394,0.8,10,2.75,0.9,46,73,COMPLETE
4595,4595,17654.5,2023-11-15 12:18:03.793182,2023-11-15 12:18:04.186449,0 days 00:00:00.393267,0.8,10,3.0,0.9,26,65,COMPLETE
4596,4596,17842.25,2023-11-15 12:18:04.188217,2023-11-15 12:18:04.581964,0 days 00:00:00.393747,0.7000000000000001,10,3.0,0.9,23,77,COMPLETE
4597,4597,18392.25,2023-11-15 12:18:04.583812,2023-11-15 12:18:04.969312,0 days 00:00:00.385500,0.8,20,3.0,0.9,20,71,COMPLETE
4598,4598,17739.5,2023-11-15 12:18:04.971064,2023-11-15 12:18:05.368831,0 days 00:00:00.397767,0.8,10,2.75,0.9,9,81,COMPLETE
4599,4599,17942.75,2023-11-15 12:18:05.370716,2023-11-15 12:18:05.765631,0 days 00:00:00.394915,0.8,10,3.0,0.4,16,75,COMPLETE
4600,4600,17547.25,2023-11-15 12:18:05.767745,2023-11-15 12:18:06.156910,0 days 00:00:00.389165,0.8,10,3.0,0.9,18,68,COMPLETE
4601,4601,18027.5,2023-11-15 12:18:06.159317,2023-11-15 12:18:06.576572,0 days 00:00:00.417255,0.8,10,2.5,0.8,14,72,COMPLETE
4602,4602,16226.0,2023-11-15 12:18:06.578949,2023-11-15 12:18:06.984116,0 days 00:00:00.405167,0.4,10,3.0,0.9,22,64,COMPLETE
4603,4603,15759.0,2023-11-15 12:18:06.985898,2023-11-15 12:18:07.398410,0 days 00:00:00.412512,0.8,40,3.0,0.9,24,70,COMPLETE
4604,4604,17741.25,2023-11-15 12:18:07.400158,2023-11-15 12:18:07.793985,0 days 00:00:00.393827,0.5,10,2.75,0.9,20,74,COMPLETE
4605,4605,17271.75,2023-11-15 12:18:07.796007,2023-11-15 12:18:08.188509,0 days 00:00:00.392502,0.8,10,3.0,0.9,17,59,COMPLETE
4606,4606,17917.0,2023-11-15 12:18:08.190509,2023-11-15 12:18:08.585185,0 days 00:00:00.394676,0.8,10,2.25,0.9,27,67,COMPLETE
4607,4607,16104.75,2023-11-15 12:18:08.586978,2023-11-15 12:18:08.997484,0 days 00:00:00.410506,0.9,20,3.0,0.9,21,78,COMPLETE
4608,4608,18973.5,2023-11-15 12:18:08.999456,2023-11-15 12:18:09.396121,0 days 00:00:00.396665,0.7000000000000001,10,3.0,0.9,16,71,COMPLETE
4609,4609,18682.0,2023-11-15 12:18:09.397954,2023-11-15 12:18:09.788375,0 days 00:00:00.390421,0.8,10,2.75,0.9,13,75,COMPLETE
4610,4610,17917.0,2023-11-15 12:18:09.790226,2023-11-15 12:18:10.186150,0 days 00:00:00.395924,0.8,10,3.0,0.9,18,67,COMPLETE
4611,4611,16630.0,2023-11-15 12:18:10.187949,2023-11-15 12:18:10.588315,0 days 00:00:00.400366,0.8,10,2.75,0.9,24,62,COMPLETE
4612,4612,18122.5,2023-11-15 12:18:10.590276,2023-11-15 12:18:10.985598,0 days 00:00:00.395322,0.8,10,3.0,0.9,19,72,COMPLETE
4613,4613,17547.25,2023-11-15 12:18:10.988118,2023-11-15 12:18:11.395174,0 days 00:00:00.407056,0.8,10,3.0,0.9,29,68,COMPLETE
4614,4614,18018.25,2023-11-15 12:18:11.397143,2023-11-15 12:18:11.794320,0 days 00:00:00.397177,0.8,10,3.0,0.8,22,74,COMPLETE
4615,4615,18026.0,2023-11-15 12:18:11.796242,2023-11-15 12:18:12.192200,0 days 00:00:00.395958,0.8,10,3.0,0.9,16,77,COMPLETE
4616,4616,17652.75,2023-11-15 12:18:12.194534,2023-11-15 12:18:12.608210,0 days 00:00:00.413676,0.8,10,2.5,0.9,20,65,COMPLETE
4617,4617,18392.25,2023-11-15 12:18:12.610307,2023-11-15 12:18:13.003705,0 days 00:00:00.393398,0.8,20,2.75,0.9,25,70,COMPLETE
4618,4618,9911.0,2023-11-15 12:18:13.005449,2023-11-15 12:18:13.440336,0 days 00:00:00.434887,0.9,100,3.0,0.9,22,82,COMPLETE
