,number,value,datetime_start,datetime_complete,duration,params_alpha,params_decay_interval,params_decay_rate,params_gamma,params_initialization,params_max_steps,state
5132,5132,17468.25,2023-11-15 12:21:49.175881,2023-11-15 12:21:49.608139,0 days 00:00:00.432258,0.5,10,3.0,0.9,11,67,COMPLETE
5133,5133,18493.25,2023-11-15 12:21:49.610405,2023-11-15 12:21:50.039852,0 days 00:00:00.429447,0.8,10,2.5,0.9,20,72,COMPLETE
5134,5134,17187.25,2023-11-15 12:21:50.041802,2023-11-15 12:21:50.472647,0 days 00:00:00.430845,0.8,10,2.25,0.9,14,60,COMPLETE
5135,5135,17016.25,2023-11-15 12:21:50.474515,2023-11-15 12:21:50.924246,0 days 00:00:00.449731,0.8,10,3.0,0.9,18,76,COMPLETE
5136,5136,17654.5,2023-11-15 12:21:50.926560,2023-11-15 12:21:51.360563,0 days 00:00:00.434003,0.8,10,2.75,0.9,22,65,COMPLETE
5137,5137,17115.5,2023-11-15 12:21:51.362489,2023-11-15 12:21:51.797350,0 days 00:00:00.434861,0.8,10,3.0,0.9,18,69,COMPLETE
5138,5138,16827.5,2023-11-15 12:21:51.799409,2023-11-15 12:21:52.245470,0 days 00:00:00.446061,0.8,20,3.0,0.9,25,80,COMPLETE
5139,5139,17369.5,2023-11-15 12:21:52.247376,2023-11-15 12:21:52.679726,0 days 00:00:00.432350,0.8,10,3.0,0.9,21,73,COMPLETE
5140,5140,19260.75,2023-11-15 12:21:52.681547,2023-11-15 12:21:53.109943,0 days 00:00:00.428396,0.8,10,2.75,0.9,16,71,COMPLETE
5141,5141,17745.25,2023-11-15 12:21:53.112075,2023-11-15 12:21:53.547751,0 days 00:00:00.435676,0.9,10,3.0,0.9,13,68,COMPLETE
5142,5142,17284.5,2023-11-15 12:21:53.549808,2023-11-15 12:21:53.992709,0 days 00:00:00.442901,0.8,10,3.0,0.8,20,76,COMPLETE
5143,5143,17743.0,2023-11-15 12:21:53.994594,2023-11-15 12:21:54.445014,0 days 00:00:00.450420,0.4,10,3.0,0.9,23,83,COMPLETE
5144,5144,17014.0,2023-11-15 12:21:54.446943,2023-11-15 12:21:54.882057,0 days 00:00:00.435114,0.8,10,2.75,0.9,18,64,COMPLETE
5145,5145,18122.5,2023-11-15 12:21:54.884318,2023-11-15 12:21:55.320764,0 days 00:00:00.436446,0.8,10,3.0,0.9,16,72,COMPLETE
5146,5146,17111.5,2023-11-15 12:21:55.322990,2023-11-15 12:21:55.761228,0 days 00:00:00.438238,0.7000000000000001,10,3.0,0.9,20,69,COMPLETE
5147,5147,17360.25,2023-11-15 12:21:55.763253,2023-11-15 12:21:56.200243,0 days 00:00:00.436990,0.8,10,3.0,0.9,27,78,COMPLETE
5148,5148,16474.25,2023-11-15 12:21:56.202294,2023-11-15 12:21:56.650159,0 days 00:00:00.447865,0.6,20,2.75,0.9,76,74,COMPLETE
5149,5149,17020.5,2023-11-15 12:21:56.652122,2023-11-15 12:21:57.097071,0 days 00:00:00.444949,0.8,10,0.5,0.9,23,65,COMPLETE
5150,5150,15929.0,2023-11-15 12:21:57.098896,2023-11-15 12:21:57.575750,0 days 00:00:00.476854,0.8,30,3.0,0.9,18,71,COMPLETE
5151,5151,17917.25,2023-11-15 12:21:57.577652,2023-11-15 12:21:58.018622,0 days 00:00:00.440970,0.8,10,2.5,0.9,25,67,COMPLETE
5152,5152,18018.25,2023-11-15 12:21:58.021150,2023-11-15 12:21:58.458902,0 days 00:00:00.437752,0.8,10,3.0,0.8,21,74,COMPLETE
5153,5153,17825.5,2023-11-15 12:21:58.460947,2023-11-15 12:21:58.890511,0 days 00:00:00.429564,0.8,10,3.0,0.9,13,70,COMPLETE
5154,5154,17842.25,2023-11-15 12:21:58.892518,2023-11-15 12:21:59.327934,0 days 00:00:00.435416,0.7000000000000001,10,2.75,0.9,52,77,COMPLETE
5155,5155,16711.25,2023-11-15 12:21:59.329816,2023-11-15 12:21:59.765141,0 days 00:00:00.435325,0.8,10,3.0,0.9,15,62,COMPLETE
5156,5156,17369.5,2023-11-15 12:21:59.766974,2023-11-15 12:22:00.209187,0 days 00:00:00.442213,0.8,10,3.0,0.9,19,73,COMPLETE
5157,5157,17547.25,2023-11-15 12:22:00.211161,2023-11-15 12:22:00.649784,0 days 00:00:00.438623,0.8,10,2.75,0.9,17,68,COMPLETE
5158,5158,18392.25,2023-11-15 12:22:00.651679,2023-11-15 12:22:01.085816,0 days 00:00:00.434137,0.9,20,3.0,0.9,22,71,COMPLETE
5159,5159,16625.75,2023-11-15 12:22:01.088214,2023-11-15 12:22:01.543897,0 days 00:00:00.455683,0.8,10,3.0,0.9,30,51,COMPLETE
5160,5160,18682.0,2023-11-15 12:22:01.545768,2023-11-15 12:22:01.979468,0 days 00:00:00.433700,0.8,10,3.0,0.9,24,75,COMPLETE
5161,5161,17917.0,2023-11-15 12:22:01.981374,2023-11-15 12:22:02.419141,0 days 00:00:00.437767,0.8,10,2.75,0.9,20,67,COMPLETE
5162,5162,14707.75,2023-11-15 12:22:02.421495,2023-11-15 12:22:02.882981,0 days 00:00:00.461486,0.8,40,3.0,0.9,15,79,COMPLETE
5163,5163,19260.75,2023-11-15 12:22:02.884930,2023-11-15 12:22:03.315164,0 days 00:00:00.430234,0.8,10,3.0,0.9,11,71,COMPLETE
5164,5164,17654.5,2023-11-15 12:22:03.317011,2023-11-15 12:22:03.751502,0 days 00:00:00.434491,0.8,10,3.0,0.9,17,65,COMPLETE
5165,5165,13238.0,2023-11-15 12:22:03.754031,2023-11-15 12:22:04.206159,0 days 00:00:00.452128,0.9,90,3.0,0.8,22,74,COMPLETE
5166,5166,17547.25,2023-11-15 12:22:04.208460,2023-11-15 12:22:04.650381,0 days 00:00:00.441921,0.8,10,2.75,0.9,19,68,COMPLETE
5167,5167,19260.75,2023-11-15 12:22:04.652257,2023-11-15 12:22:05.086605,0 days 00:00:00.434348,0.8,10,3.0,0.9,25,71,COMPLETE
5168,5168,16898.75,2023-11-15 12:22:05.089356,2023-11-15 12:22:05.529837,0 days 00:00:00.440481,0.8,20,3.0,0.9,14,76,COMPLETE
5169,5169,17115.5,2023-11-15 12:22:05.531837,2023-11-15 12:22:05.988752,0 days 00:00:00.456915,0.8,10,2.75,0.9,21,69,COMPLETE
5170,5170,17014.0,2023-11-15 12:22:05.990800,2023-11-15 12:22:06.428000,0 days 00:00:00.437200,0.8,10,3.0,0.9,17,64,COMPLETE
5171,5171,4480.75,2023-11-15 12:22:06.429878,2023-11-15 12:22:06.860838,0 days 00:00:00.430960,0.7000000000000001,10,2.5,0.9,27,12,COMPLETE
5172,5172,17460.25,2023-11-15 12:22:06.863072,2023-11-15 12:22:07.307059,0 days 00:00:00.443987,0.8,10,2.25,0.9,19,73,COMPLETE
5173,5173,16565.75,2023-11-15 12:22:07.309068,2023-11-15 12:22:07.748840,0 days 00:00:00.439772,0.30000000000000004,10,3.0,0.9,23,59,COMPLETE
5174,5174,17927.5,2023-11-15 12:22:07.750685,2023-11-15 12:22:08.187081,0 days 00:00:00.436396,0.8,10,3.0,0.8,16,80,COMPLETE
5175,5175,17291.75,2023-11-15 12:22:08.189567,2023-11-15 12:22:08.629611,0 days 00:00:00.440044,0.8,10,2.0,0.9,49,76,COMPLETE
5176,5176,13391.75,2023-11-15 12:22:08.631522,2023-11-15 12:22:09.085141,0 days 00:00:00.453619,0.8,80,3.0,0.9,21,67,COMPLETE
5177,5177,18215.25,2023-11-15 12:22:09.087877,2023-11-15 12:22:09.531207,0 days 00:00:00.443330,0.8,10,2.75,0.9,18,72,COMPLETE
5178,5178,17115.5,2023-11-15 12:22:09.533162,2023-11-15 12:22:09.972898,0 days 00:00:00.439736,0.8,10,3.0,0.9,24,69,COMPLETE
5179,5179,17920.75,2023-11-15 12:22:09.974859,2023-11-15 12:22:10.413205,0 days 00:00:00.438346,0.8,10,3.0,0.9,13,74,COMPLETE
5180,5180,15630.5,2023-11-15 12:22:10.415098,2023-11-15 12:22:10.858332,0 days 00:00:00.443234,0.8,20,3.0,0.9,20,63,COMPLETE
5181,5181,17825.5,2023-11-15 12:22:10.860368,2023-11-15 12:22:11.296806,0 days 00:00:00.436438,0.8,10,2.75,0.9,16,70,COMPLETE
5182,5182,18121.5,2023-11-15 12:22:11.298774,2023-11-15 12:22:11.745776,0 days 00:00:00.447002,0.8,10,3.0,0.9,22,77,COMPLETE
5183,5183,17917.0,2023-11-15 12:22:11.747653,2023-11-15 12:22:12.207840,0 days 00:00:00.460187,0.8,10,2.75,0.9,19,67,COMPLETE
5184,5184,18124.5,2023-11-15 12:22:12.209871,2023-11-15 12:22:12.651379,0 days 00:00:00.441508,0.9,10,3.0,0.9,28,72,COMPLETE
5185,5185,17642.5,2023-11-15 12:22:12.653619,2023-11-15 12:22:13.088817,0 days 00:00:00.435198,0.8,10,3.0,0.9,15,82,COMPLETE
5186,5186,17920.75,2023-11-15 12:22:13.090753,2023-11-15 12:22:13.526914,0 days 00:00:00.436161,0.8,10,3.0,0.9,10,74,COMPLETE
5187,5187,18115.75,2023-11-15 12:22:13.528795,2023-11-15 12:22:13.966001,0 days 00:00:00.437206,0.7000000000000001,10,3.0,0.9,25,65,COMPLETE
5188,5188,17922.5,2023-11-15 12:22:13.968031,2023-11-15 12:22:14.402880,0 days 00:00:00.434849,0.8,10,2.75,0.8,18,70,COMPLETE
5189,5189,18118.5,2023-11-15 12:22:14.405465,2023-11-15 12:22:14.838532,0 days 00:00:00.433067,0.8,10,2.5,0.9,21,77,COMPLETE
5190,5190,16715.75,2023-11-15 12:22:14.840590,2023-11-15 12:22:15.286888,0 days 00:00:00.446298,0.8,20,3.0,0.9,23,91,COMPLETE
5191,5191,17917.0,2023-11-15 12:22:15.289488,2023-11-15 12:22:15.727553,0 days 00:00:00.438065,0.8,10,3.0,0.9,14,67,COMPLETE
5192,5192,18122.5,2023-11-15 12:22:15.729413,2023-11-15 12:22:16.165652,0 days 00:00:00.436239,0.8,10,3.0,0.9,17,72,COMPLETE
5193,5193,18111.5,2023-11-15 12:22:16.167644,2023-11-15 12:22:16.617336,0 days 00:00:00.449692,0.8,10,2.75,0.7000000000000001,20,70,COMPLETE
5194,5194,17920.75,2023-11-15 12:22:16.619448,2023-11-15 12:22:17.060557,0 days 00:00:00.441109,0.8,10,3.0,0.9,26,74,COMPLETE
5195,5195,17369.25,2023-11-15 12:22:17.062611,2023-11-15 12:22:17.501618,0 days 00:00:00.439007,0.8,10,3.0,0.9,68,79,COMPLETE
5196,5196,14698.75,2023-11-15 12:22:17.503864,2023-11-15 12:22:17.948565,0 days 00:00:00.444701,0.8,50,3.0,0.4,18,62,COMPLETE
5197,5197,16719.5,2023-11-15 12:22:17.950454,2023-11-15 12:22:18.393042,0 days 00:00:00.442588,0.8,10,2.75,0.9,23,66,COMPLETE
5198,5198,17111.5,2023-11-15 12:22:18.395111,2023-11-15 12:22:18.837003,0 days 00:00:00.441892,0.7000000000000001,10,3.0,0.9,12,69,COMPLETE
5199,5199,18587.75,2023-11-15 12:22:18.839696,2023-11-15 12:22:19.272604,0 days 00:00:00.432908,0.9,10,3.0,0.9,16,75,COMPLETE
5200,5200,18392.25,2023-11-15 12:22:19.274544,2023-11-15 12:22:19.707221,0 days 00:00:00.432677,0.8,20,3.0,0.9,20,71,COMPLETE
5201,5201,17369.5,2023-11-15 12:22:19.709283,2023-11-15 12:22:20.171090,0 days 00:00:00.461807,0.8,10,2.75,0.9,22,73,COMPLETE
5202,5202,18113.75,2023-11-15 12:22:20.173354,2023-11-15 12:22:20.616566,0 days 00:00:00.443212,0.8,10,3.0,0.9,19,97,COMPLETE
5203,5203,17917.0,2023-11-15 12:22:20.618471,2023-11-15 12:22:21.062477,0 days 00:00:00.444006,0.8,10,3.0,0.9,17,67,COMPLETE
5204,5204,18120.5,2023-11-15 12:22:21.064453,2023-11-15 12:22:21.502870,0 days 00:00:00.438417,0.8,10,2.5,0.8,14,77,COMPLETE
5205,5205,17115.5,2023-11-15 12:22:21.505441,2023-11-15 12:22:21.946522,0 days 00:00:00.441081,0.8,10,2.75,0.9,24,69,COMPLETE
5206,5206,17014.0,2023-11-15 12:22:21.948429,2023-11-15 12:22:22.390652,0 days 00:00:00.442223,0.8,10,3.0,0.9,21,64,COMPLETE
5207,5207,17840.75,2023-11-15 12:22:22.392793,2023-11-15 12:22:22.835586,0 days 00:00:00.442793,0.9,10,3.0,0.9,26,72,COMPLETE
5208,5208,17920.75,2023-11-15 12:22:22.838282,2023-11-15 12:22:23.279130,0 days 00:00:00.440848,0.8,10,3.0,0.9,19,74,COMPLETE
5209,5209,17115.5,2023-11-15 12:22:23.281642,2023-11-15 12:22:23.725254,0 days 00:00:00.443612,0.8,10,3.0,0.9,15,69,COMPLETE
5210,5210,17552.0,2023-11-15 12:22:23.727321,2023-11-15 12:22:24.169765,0 days 00:00:00.442444,0.8,10,2.75,0.9,17,79,COMPLETE
5211,5211,16809.25,2023-11-15 12:22:24.172352,2023-11-15 12:22:24.614008,0 days 00:00:00.441656,0.8,20,3.0,0.9,22,85,COMPLETE
5212,5212,17654.5,2023-11-15 12:22:24.615927,2023-11-15 12:22:25.059493,0 days 00:00:00.443566,0.8,10,3.0,0.9,12,65,COMPLETE
5213,5213,16553.5,2023-11-15 12:22:25.061562,2023-11-15 12:22:25.506915,0 days 00:00:00.445353,0.7000000000000001,10,3.0,0.9,19,61,COMPLETE
5214,5214,18215.25,2023-11-15 12:22:25.508914,2023-11-15 12:22:25.945549,0 days 00:00:00.436635,0.8,10,2.75,0.9,29,72,COMPLETE
5215,5215,17284.5,2023-11-15 12:22:25.947622,2023-11-15 12:22:26.416574,0 days 00:00:00.468952,0.8,10,3.0,0.8,24,76,COMPLETE
5216,5216,17115.5,2023-11-15 12:22:26.418577,2023-11-15 12:22:26.865144,0 days 00:00:00.446567,0.8,10,3.0,0.9,21,69,COMPLETE
5217,5217,17275.25,2023-11-15 12:22:26.867207,2023-11-15 12:22:27.315748,0 days 00:00:00.448541,0.8,20,2.75,0.9,16,72,COMPLETE
5218,5218,16719.5,2023-11-15 12:22:27.317798,2023-11-15 12:22:27.762759,0 days 00:00:00.444961,0.8,10,3.0,0.9,18,66,COMPLETE
5219,5219,18682.0,2023-11-15 12:22:27.764686,2023-11-15 12:22:28.205078,0 days 00:00:00.440392,0.8,10,2.5,0.9,20,75,COMPLETE
5220,5220,17115.5,2023-11-15 12:22:28.207020,2023-11-15 12:22:28.649782,0 days 00:00:00.442762,0.8,10,3.0,0.9,24,69,COMPLETE
5221,5221,17497.25,2023-11-15 12:22:28.651724,2023-11-15 12:22:29.098019,0 days 00:00:00.446295,0.7000000000000001,10,3.0,0.30000000000000004,14,72,COMPLETE
5222,5222,17917.0,2023-11-15 12:22:29.100082,2023-11-15 12:22:29.562970,0 days 00:00:00.462888,0.8,10,2.75,0.9,22,67,COMPLETE
5223,5223,17360.25,2023-11-15 12:22:29.565047,2023-11-15 12:22:30.011332,0 days 00:00:00.446285,0.8,10,3.0,0.9,17,78,COMPLETE
5224,5224,18587.75,2023-11-15 12:22:30.013206,2023-11-15 12:22:30.449492,0 days 00:00:00.436286,0.9,10,3.0,0.9,20,75,COMPLETE
5225,5225,18297.75,2023-11-15 12:22:30.451380,2023-11-15 12:22:30.890533,0 days 00:00:00.439153,0.8,10,2.25,0.9,15,70,COMPLETE
5226,5226,16619.5,2023-11-15 12:22:30.892664,2023-11-15 12:22:31.333375,0 days 00:00:00.440711,0.8,10,2.75,0.9,9,57,COMPLETE
5227,5227,12202.25,2023-11-15 12:22:31.335464,2023-11-15 12:22:31.801178,0 days 00:00:00.465714,0.8,60,3.0,0.9,26,64,COMPLETE
5228,5228,16635.5,2023-11-15 12:22:31.803422,2023-11-15 12:22:32.267137,0 days 00:00:00.463715,0.8,20,3.0,0.9,65,81,COMPLETE
5229,5229,17644.25,2023-11-15 12:22:32.269118,2023-11-15 12:22:32.709663,0 days 00:00:00.440545,0.8,10,3.0,0.8,18,73,COMPLETE
5230,5230,17740.75,2023-11-15 12:22:32.711633,2023-11-15 12:22:33.155179,0 days 00:00:00.443546,0.8,10,3.0,0.5,22,67,COMPLETE
5231,5231,17825.5,2023-11-15 12:22:33.157117,2023-11-15 12:22:33.593360,0 days 00:00:00.436243,0.8,10,2.75,0.9,13,70,COMPLETE
5232,5232,16923.25,2023-11-15 12:22:33.595407,2023-11-15 12:22:34.044482,0 days 00:00:00.449075,0.8,10,3.0,0.9,20,76,COMPLETE
5233,5233,18493.25,2023-11-15 12:22:34.046456,2023-11-15 12:22:34.481636,0 days 00:00:00.435180,0.8,10,2.5,0.9,24,72,COMPLETE
5234,5234,17547.25,2023-11-15 12:22:34.483663,2023-11-15 12:22:34.925226,0 days 00:00:00.441563,0.8,10,3.0,0.9,16,68,COMPLETE
5235,5235,16700.75,2023-11-15 12:22:34.927456,2023-11-15 12:22:35.368691,0 days 00:00:00.441235,0.8,30,2.75,0.9,18,62,COMPLETE
5236,5236,17135.5,2023-11-15 12:22:35.371304,2023-11-15 12:22:35.845366,0 days 00:00:00.474062,0.2,10,3.0,0.9,22,112,COMPLETE
5237,5237,18872.25,2023-11-15 12:22:35.847431,2023-11-15 12:22:36.288671,0 days 00:00:00.441240,0.7000000000000001,10,3.0,0.9,28,73,COMPLETE
5238,5238,18305.0,2023-11-15 12:22:36.290790,2023-11-15 12:22:36.731254,0 days 00:00:00.440464,0.9,10,3.0,0.9,20,77,COMPLETE
5239,5239,17825.5,2023-11-15 12:22:36.733228,2023-11-15 12:22:37.172078,0 days 00:00:00.438850,0.8,10,3.0,0.9,16,70,COMPLETE
5240,5240,17654.5,2023-11-15 12:22:37.173941,2023-11-15 12:22:37.613300,0 days 00:00:00.439359,0.8,10,2.75,0.9,25,65,COMPLETE
5241,5241,17190.0,2023-11-15 12:22:37.615565,2023-11-15 12:22:38.063534,0 days 00:00:00.447969,0.8,20,3.0,0.9,12,75,COMPLETE
5242,5242,13657.25,2023-11-15 12:22:38.065613,2023-11-15 12:22:38.528435,0 days 00:00:00.462822,0.1,10,3.0,0.9,18,71,COMPLETE
5243,5243,18011.5,2023-11-15 12:22:38.530335,2023-11-15 12:22:38.974254,0 days 00:00:00.443919,0.8,10,2.75,0.8,22,67,COMPLETE
5244,5244,17369.25,2023-11-15 12:22:38.976502,2023-11-15 12:22:39.418712,0 days 00:00:00.442210,0.8,10,3.0,0.9,14,79,COMPLETE
5245,5245,17920.75,2023-11-15 12:22:39.421285,2023-11-15 12:22:39.860767,0 days 00:00:00.439482,0.8,10,3.0,0.9,19,74,COMPLETE
5246,5246,17115.5,2023-11-15 12:22:39.862677,2023-11-15 12:22:40.319488,0 days 00:00:00.456811,0.8,10,3.0,0.9,24,69,COMPLETE
5247,5247,18215.25,2023-11-15 12:22:40.321737,2023-11-15 12:22:40.759821,0 days 00:00:00.438084,0.8,10,2.75,0.9,21,72,COMPLETE
5248,5248,17927.5,2023-11-15 12:22:40.761792,2023-11-15 12:22:41.199461,0 days 00:00:00.437669,0.8,10,2.0,0.9,16,65,COMPLETE
5249,5249,18682.0,2023-11-15 12:22:41.201383,2023-11-15 12:22:41.641490,0 days 00:00:00.440107,0.8,10,3.0,0.9,27,75,COMPLETE
5250,5250,15919.0,2023-11-15 12:22:41.643980,2023-11-15 12:22:42.093501,0 days 00:00:00.449521,0.7000000000000001,20,3.0,0.9,19,60,COMPLETE
5251,5251,16749.75,2023-11-15 12:22:42.095628,2023-11-15 12:22:42.545189,0 days 00:00:00.449561,0.4,10,3.0,0.9,23,69,COMPLETE
5252,5252,19260.75,2023-11-15 12:22:42.547170,2023-11-15 12:22:42.984337,0 days 00:00:00.437167,0.8,10,2.75,0.9,17,71,COMPLETE
5253,5253,17744.25,2023-11-15 12:22:42.986270,2023-11-15 12:22:43.437800,0 days 00:00:00.451530,0.9,10,3.0,0.9,11,83,COMPLETE
5254,5254,18011.5,2023-11-15 12:22:43.440013,2023-11-15 12:22:43.886970,0 days 00:00:00.446957,0.8,10,2.5,0.8,21,67,COMPLETE
5255,5255,17360.25,2023-11-15 12:22:43.889522,2023-11-15 12:22:44.336858,0 days 00:00:00.447336,0.8,10,3.0,0.9,14,78,COMPLETE
5256,5256,17920.75,2023-11-15 12:22:44.339343,2023-11-15 12:22:44.786624,0 days 00:00:00.447281,0.8,10,3.0,0.9,18,74,COMPLETE
5257,5257,17014.0,2023-11-15 12:22:44.789201,2023-11-15 12:22:45.238795,0 days 00:00:00.449594,0.8,10,2.75,0.9,26,64,COMPLETE
5258,5258,19260.75,2023-11-15 12:22:45.240764,2023-11-15 12:22:45.675180,0 days 00:00:00.434416,0.8,10,3.0,0.9,20,71,COMPLETE
5259,5259,17547.25,2023-11-15 12:22:45.677080,2023-11-15 12:22:46.118746,0 days 00:00:00.441666,0.8,10,3.0,0.9,23,68,COMPLETE
5260,5260,17188.25,2023-11-15 12:22:46.121480,2023-11-15 12:22:46.587628,0 days 00:00:00.466148,0.8,20,3.0,0.9,15,74,COMPLETE
5261,5261,17492.25,2023-11-15 12:22:46.589811,2023-11-15 12:22:47.034224,0 days 00:00:00.444413,0.5,10,3.0,0.9,46,71,COMPLETE
5262,5262,17552.0,2023-11-15 12:22:47.036453,2023-11-15 12:22:47.480068,0 days 00:00:00.443615,0.8,10,2.75,0.9,18,79,COMPLETE
5263,5263,16923.25,2023-11-15 12:22:47.481945,2023-11-15 12:22:47.938193,0 days 00:00:00.456248,0.8,10,3.0,0.9,21,76,COMPLETE
5264,5264,16809.5,2023-11-15 12:22:47.940470,2023-11-15 12:22:48.389138,0 days 00:00:00.448668,0.7000000000000001,10,2.25,0.9,16,62,COMPLETE
5265,5265,17917.0,2023-11-15 12:22:48.391115,2023-11-15 12:22:48.836881,0 days 00:00:00.445766,0.8,10,3.0,0.9,23,67,COMPLETE
5266,5266,18969.0,2023-11-15 12:22:48.839381,2023-11-15 12:22:49.279047,0 days 00:00:00.439666,0.8,10,2.75,0.6,19,73,COMPLETE
5267,5267,17115.5,2023-11-15 12:22:49.280963,2023-11-15 12:22:49.724254,0 days 00:00:00.443291,0.8,10,3.0,0.9,25,69,COMPLETE
5268,5268,16630.5,2023-11-15 12:22:49.726155,2023-11-15 12:22:50.179586,0 days 00:00:00.453431,0.6,20,3.0,0.8,17,66,COMPLETE
5269,5269,19260.75,2023-11-15 12:22:50.181506,2023-11-15 12:22:50.620121,0 days 00:00:00.438615,0.8,10,3.0,0.9,13,71,COMPLETE
5270,5270,18121.5,2023-11-15 12:22:50.622512,2023-11-15 12:22:51.067432,0 days 00:00:00.444920,0.8,10,2.75,0.9,21,77,COMPLETE
5271,5271,16555.75,2023-11-15 12:22:51.069549,2023-11-15 12:22:51.522015,0 days 00:00:00.452466,0.9,10,3.0,0.9,19,73,COMPLETE
5272,5272,17739.5,2023-11-15 12:22:51.523906,2023-11-15 12:22:51.972746,0 days 00:00:00.448840,0.8,10,2.5,0.9,29,81,COMPLETE
5273,5273,17115.5,2023-11-15 12:22:51.974998,2023-11-15 12:22:52.424061,0 days 00:00:00.449063,0.8,10,3.0,0.9,23,69,COMPLETE
5274,5274,11826.25,2023-11-15 12:22:52.425948,2023-11-15 12:22:52.901426,0 days 00:00:00.475478,0.8,100,3.0,0.9,15,65,COMPLETE
5275,5275,16998.25,2023-11-15 12:22:52.903600,2023-11-15 12:22:53.346559,0 days 00:00:00.442959,0.8,10,3.0,0.9,21,36,COMPLETE
5276,5276,17920.75,2023-11-15 12:22:53.348595,2023-11-15 12:22:53.795473,0 days 00:00:00.446878,0.8,10,2.75,0.9,18,74,COMPLETE
5277,5277,19260.75,2023-11-15 12:22:53.797324,2023-11-15 12:22:54.235481,0 days 00:00:00.438157,0.8,10,3.0,0.9,16,71,COMPLETE
5278,5278,16898.75,2023-11-15 12:22:54.238138,2023-11-15 12:22:54.683761,0 days 00:00:00.445623,0.8,20,3.0,0.9,26,76,COMPLETE
5279,5279,17642.25,2023-11-15 12:22:54.685770,2023-11-15 12:22:55.131161,0 days 00:00:00.445391,0.8,10,2.75,0.8,20,68,COMPLETE
5280,5280,16714.0,2023-11-15 12:22:55.133261,2023-11-15 12:22:55.578261,0 days 00:00:00.445000,0.7000000000000001,10,3.0,0.9,24,62,COMPLETE
5281,5281,18122.5,2023-11-15 12:22:55.580148,2023-11-15 12:22:56.024441,0 days 00:00:00.444293,0.8,10,3.0,0.9,10,72,COMPLETE
5282,5282,17561.25,2023-11-15 12:22:56.026329,2023-11-15 12:22:56.486988,0 days 00:00:00.460659,0.9,10,3.0,0.9,13,69,COMPLETE
5283,5283,17654.5,2023-11-15 12:22:56.489517,2023-11-15 12:22:56.938473,0 days 00:00:00.448956,0.8,10,2.75,0.9,22,65,COMPLETE
5284,5284,16923.25,2023-11-15 12:22:56.940485,2023-11-15 12:22:57.392316,0 days 00:00:00.451831,0.8,10,3.0,0.9,17,76,COMPLETE
5285,5285,17369.5,2023-11-15 12:22:57.394367,2023-11-15 12:22:57.840325,0 days 00:00:00.445958,0.8,10,3.0,0.9,19,73,COMPLETE
5286,5286,17825.5,2023-11-15 12:22:57.842317,2023-11-15 12:22:58.284913,0 days 00:00:00.442596,0.8,10,3.0,0.9,15,70,COMPLETE
5287,5287,15042.0,2023-11-15 12:22:58.287171,2023-11-15 12:22:58.744412,0 days 00:00:00.457241,0.8,40,2.75,0.9,20,67,COMPLETE
5288,5288,18026.0,2023-11-15 12:22:58.746402,2023-11-15 12:22:59.190199,0 days 00:00:00.443797,0.8,10,3.0,0.9,23,77,COMPLETE
5289,5289,17644.25,2023-11-15 12:22:59.192202,2023-11-15 12:22:59.640495,0 days 00:00:00.448293,0.8,10,3.0,0.8,17,73,COMPLETE
5290,5290,17466.0,2023-11-15 12:22:59.642593,2023-11-15 12:23:00.092299,0 days 00:00:00.449706,0.7000000000000001,10,2.5,0.9,25,70,COMPLETE
5291,5291,17654.5,2023-11-15 12:23:00.094325,2023-11-15 12:23:00.536605,0 days 00:00:00.442280,0.8,10,3.0,0.9,21,65,COMPLETE
5292,5292,15346.25,2023-11-15 12:23:00.538930,2023-11-15 12:23:01.012011,0 days 00:00:00.473081,0.8,20,0.25,0.9,14,81,COMPLETE
5293,5293,18682.0,2023-11-15 12:23:01.014037,2023-11-15 12:23:01.452341,0 days 00:00:00.438304,0.8,10,2.75,0.9,19,75,COMPLETE
5294,5294,17368.75,2023-11-15 12:23:01.455129,2023-11-15 12:23:01.907193,0 days 00:00:00.452064,0.8,10,3.0,0.9,85,68,COMPLETE
5295,5295,19260.75,2023-11-15 12:23:01.909190,2023-11-15 12:23:02.344002,0 days 00:00:00.434812,0.9,10,3.0,0.9,30,71,COMPLETE
5296,5296,17545.25,2023-11-15 12:23:02.346024,2023-11-15 12:23:02.808713,0 days 00:00:00.462689,0.8,10,2.75,0.9,17,78,COMPLETE
5297,5297,17271.75,2023-11-15 12:23:02.810718,2023-11-15 12:23:03.251699,0 days 00:00:00.440981,0.8,10,3.0,0.9,27,59,COMPLETE
5298,5298,16636.0,2023-11-15 12:23:03.254553,2023-11-15 12:23:03.710128,0 days 00:00:00.455575,0.8,20,3.0,0.9,22,73,COMPLETE
5299,5299,17917.0,2023-11-15 12:23:03.712082,2023-11-15 12:23:04.161891,0 days 00:00:00.449809,0.8,10,3.0,0.9,12,67,COMPLETE
5300,5300,16711.25,2023-11-15 12:23:04.163891,2023-11-15 12:23:04.615949,0 days 00:00:00.452058,0.8,10,3.0,0.9,20,62,COMPLETE
5301,5301,17825.5,2023-11-15 12:23:04.617936,2023-11-15 12:23:05.066256,0 days 00:00:00.448320,0.8,10,2.75,0.9,15,70,COMPLETE
5302,5302,18682.0,2023-11-15 12:23:05.068266,2023-11-15 12:23:05.511120,0 days 00:00:00.442854,0.8,10,3.0,0.9,24,75,COMPLETE
