,number,value,datetime_start,datetime_complete,duration,params_alpha,params_decay_interval,params_decay_rate,params_gamma,params_initialization,params_max_steps,state
5261,5261,18033.25,2023-11-15 13:42:16.599331,2023-11-15 13:42:17.062168,0 days 00:00:00.462837,0.8,10,1.25,0.8,23,98,COMPLETE
5262,5262,18394.5,2023-11-15 13:42:17.064751,2023-11-15 13:42:17.551194,0 days 00:00:00.486443,0.8,10,1.25,0.8,5,96,COMPLETE
5263,5263,18313.5,2023-11-15 13:42:17.553119,2023-11-15 13:42:18.026049,0 days 00:00:00.472930,0.7000000000000001,10,1.25,0.8,14,100,COMPLETE
5264,5264,17002.0,2023-11-15 13:42:18.028079,2023-11-15 13:42:18.501930,0 days 00:00:00.473851,0.8,40,1.25,0.8,18,98,COMPLETE
5265,5265,18202.0,2023-11-15 13:42:18.503996,2023-11-15 13:42:18.963983,0 days 00:00:00.459987,0.8,20,1.5,0.8,7,96,COMPLETE
5266,5266,100.0,2023-11-15 13:42:18.966122,2023-11-15 13:42:19.585756,0 days 00:00:00.619634,0.8,10,1.25,0.8,0,66,COMPLETE
5267,5267,18681.25,2023-11-15 13:42:19.587692,2023-11-15 13:42:20.043225,0 days 00:00:00.455533,0.8,10,1.25,0.8,21,99,COMPLETE
5268,5268,18027.25,2023-11-15 13:42:20.045596,2023-11-15 13:42:20.516224,0 days 00:00:00.470628,0.8,10,1.0,0.8,16,94,COMPLETE
5269,5269,18217.25,2023-11-15 13:42:20.518258,2023-11-15 13:42:20.981310,0 days 00:00:00.463052,0.8,10,1.25,0.9,3,97,COMPLETE
5270,5270,18306.25,2023-11-15 13:42:20.983834,2023-11-15 13:42:21.467107,0 days 00:00:00.483273,0.8,10,1.25,0.8,32,100,COMPLETE
5271,5271,17940.0,2023-11-15 13:42:21.469134,2023-11-15 13:42:21.932575,0 days 00:00:00.463441,0.8,10,1.5,0.30000000000000004,12,98,COMPLETE
5272,5272,18028.0,2023-11-15 13:42:21.934999,2023-11-15 13:42:22.409215,0 days 00:00:00.474216,0.7000000000000001,10,1.25,0.8,9,96,COMPLETE
5273,5273,18310.75,2023-11-15 13:42:22.411333,2023-11-15 13:42:22.878123,0 days 00:00:00.466790,0.8,10,1.25,0.8,15,92,COMPLETE
5274,5274,14975.75,2023-11-15 13:42:22.880680,2023-11-15 13:42:23.339162,0 days 00:00:00.458482,0.8,10,1.25,0.8,6,34,COMPLETE
5275,5275,16764.25,2023-11-15 13:42:23.341098,2023-11-15 13:42:23.821361,0 days 00:00:00.480263,0.8,20,1.0,0.1,19,100,COMPLETE
5276,5276,18030.5,2023-11-15 13:42:23.823307,2023-11-15 13:42:24.285396,0 days 00:00:00.462089,0.8,10,1.25,0.4,13,98,COMPLETE
5277,5277,14306.5,2023-11-15 13:42:24.287365,2023-11-15 13:42:24.764683,0 days 00:00:00.477318,0.9,70,1.75,0.8,17,95,COMPLETE
5278,5278,18398.25,2023-11-15 13:42:24.766889,2023-11-15 13:42:25.230466,0 days 00:00:00.463577,0.8,10,1.25,0.8,26,100,COMPLETE
5279,5279,18209.5,2023-11-15 13:42:25.232605,2023-11-15 13:42:25.722405,0 days 00:00:00.489800,0.8,10,1.25,0.7000000000000001,21,98,COMPLETE
5280,5280,18399.75,2023-11-15 13:42:25.724279,2023-11-15 13:42:26.185997,0 days 00:00:00.461718,0.8,10,1.5,0.9,4,97,COMPLETE
5281,5281,13295.5,2023-11-15 13:42:26.187914,2023-11-15 13:42:26.685832,0 days 00:00:00.497918,0.7000000000000001,90,1.25,0.8,15,99,COMPLETE
5282,5282,18030.0,2023-11-15 13:42:26.687793,2023-11-15 13:42:27.157191,0 days 00:00:00.469398,0.8,20,1.25,0.8,10,94,COMPLETE
5283,5283,18379.75,2023-11-15 13:42:27.159082,2023-11-15 13:42:27.639418,0 days 00:00:00.480336,0.8,10,1.0,0.8,24,96,COMPLETE
5284,5284,18492.5,2023-11-15 13:42:27.641368,2023-11-15 13:42:28.105568,0 days 00:00:00.464200,0.8,10,1.25,0.8,2,100,COMPLETE
5285,5285,18023.5,2023-11-15 13:42:28.107930,2023-11-15 13:42:28.570673,0 days 00:00:00.462743,0.8,10,1.25,0.8,8,98,COMPLETE
5286,5286,18122.5,2023-11-15 13:42:28.572696,2023-11-15 13:42:29.036828,0 days 00:00:00.464132,0.8,10,1.25,0.8,19,97,COMPLETE
5287,5287,18492.5,2023-11-15 13:42:29.038776,2023-11-15 13:42:29.518092,0 days 00:00:00.479316,0.8,10,1.25,0.8,12,100,COMPLETE
5288,5288,17272.25,2023-11-15 13:42:29.520437,2023-11-15 13:42:29.981681,0 days 00:00:00.461244,0.8,10,1.25,0.8,17,53,COMPLETE
5289,5289,17929.25,2023-11-15 13:42:29.983675,2023-11-15 13:42:30.445972,0 days 00:00:00.462297,0.9,10,1.5,0.7000000000000001,22,98,COMPLETE
5290,5290,18112.5,2023-11-15 13:42:30.447971,2023-11-15 13:42:30.913312,0 days 00:00:00.465341,0.8,10,1.25,0.8,6,95,COMPLETE
5291,5291,18493.25,2023-11-15 13:42:30.915381,2023-11-15 13:42:31.382995,0 days 00:00:00.467614,0.8,10,2.0,0.8,14,100,COMPLETE
5292,5292,18301.75,2023-11-15 13:42:31.384959,2023-11-15 13:42:31.852707,0 days 00:00:00.467748,0.8,10,1.25,0.8,20,96,COMPLETE
5293,5293,15740.75,2023-11-15 13:42:31.854667,2023-11-15 13:42:32.319136,0 days 00:00:00.464469,0.8,10,1.25,0.9,17,42,COMPLETE
5294,5294,16020.5,2023-11-15 13:42:32.321254,2023-11-15 13:42:32.806014,0 days 00:00:00.484760,0.8,50,1.5,0.8,11,93,COMPLETE
5295,5295,18023.5,2023-11-15 13:42:32.811493,2023-11-15 13:42:33.288794,0 days 00:00:00.477301,0.8,10,1.25,0.8,4,98,COMPLETE
5296,5296,199.5,2023-11-15 13:42:33.290817,2023-11-15 13:42:34.003369,0 days 00:00:00.712552,0.8,20,1.0,0.8,0,98,COMPLETE
5297,5297,18492.5,2023-11-15 13:42:34.005250,2023-11-15 13:42:34.466096,0 days 00:00:00.460846,0.8,10,1.25,0.8,15,100,COMPLETE
5298,5298,18300.75,2023-11-15 13:42:34.468091,2023-11-15 13:42:34.930613,0 days 00:00:00.462522,0.8,10,1.25,0.9,18,96,COMPLETE
5299,5299,18023.5,2023-11-15 13:42:34.932547,2023-11-15 13:42:35.399402,0 days 00:00:00.466855,0.8,10,1.25,0.8,9,98,COMPLETE
5300,5300,18213.5,2023-11-15 13:42:35.401424,2023-11-15 13:42:35.870321,0 days 00:00:00.468897,0.8,10,1.0,0.8,13,100,COMPLETE
5301,5301,17670.0,2023-11-15 13:42:35.872246,2023-11-15 13:42:36.365214,0 days 00:00:00.492968,0.7000000000000001,10,1.25,0.30000000000000004,21,97,COMPLETE
5302,5302,17928.25,2023-11-15 13:42:36.367123,2023-11-15 13:42:36.842823,0 days 00:00:00.475700,0.8,10,1.75,0.7000000000000001,2,95,COMPLETE
5303,5303,18681.25,2023-11-15 13:42:36.845023,2023-11-15 13:42:37.316913,0 days 00:00:00.471890,0.8,10,1.25,0.8,6,99,COMPLETE
5304,5304,18400.25,2023-11-15 13:42:37.318917,2023-11-15 13:42:37.782165,0 days 00:00:00.463248,0.9,10,1.5,0.8,16,97,COMPLETE
5305,5305,17837.5,2023-11-15 13:42:37.784131,2023-11-15 13:42:38.251901,0 days 00:00:00.467770,0.5,10,1.25,0.8,19,89,COMPLETE
5306,5306,17109.0,2023-11-15 13:42:38.254171,2023-11-15 13:42:38.723337,0 days 00:00:00.469166,0.8,30,1.25,0.8,24,94,COMPLETE
5307,5307,18013.5,2023-11-15 13:42:38.725217,2023-11-15 13:42:39.189134,0 days 00:00:00.463917,0.8,20,1.25,0.8,11,100,COMPLETE
5308,5308,18022.0,2023-11-15 13:42:39.191107,2023-11-15 13:42:39.673549,0 days 00:00:00.482442,0.8,10,1.0,0.8,7,98,COMPLETE
5309,5309,18021.25,2023-11-15 13:42:39.675461,2023-11-15 13:42:40.145078,0 days 00:00:00.469617,0.6,10,1.5,0.8,14,92,COMPLETE
5310,5310,18681.25,2023-11-15 13:42:40.147369,2023-11-15 13:42:40.602643,0 days 00:00:00.455274,0.8,10,1.25,0.8,4,99,COMPLETE
5311,5311,18394.5,2023-11-15 13:42:40.604710,2023-11-15 13:42:41.067380,0 days 00:00:00.462670,0.8,10,1.25,0.8,17,96,COMPLETE
5312,5312,18307.0,2023-11-15 13:42:41.069473,2023-11-15 13:42:41.542374,0 days 00:00:00.472901,0.8,10,1.25,0.6,19,100,COMPLETE
5313,5313,17311.25,2023-11-15 13:42:41.544425,2023-11-15 13:42:42.022508,0 days 00:00:00.478083,0.30000000000000004,10,1.25,0.8,22,96,COMPLETE
5314,5314,18265.25,2023-11-15 13:42:42.024427,2023-11-15 13:42:42.488487,0 days 00:00:00.464060,0.8,10,1.25,0.9,13,98,COMPLETE
5315,5315,18115.5,2023-11-15 13:42:42.490408,2023-11-15 13:42:42.978976,0 days 00:00:00.488568,0.7000000000000001,10,1.0,0.7000000000000001,16,94,COMPLETE
5316,5316,16670.0,2023-11-15 13:42:42.981535,2023-11-15 13:42:43.468062,0 days 00:00:00.486527,0.2,20,1.25,0.8,8,98,COMPLETE
5317,5317,18492.5,2023-11-15 13:42:43.471086,2023-11-15 13:42:43.936647,0 days 00:00:00.465561,0.8,10,1.25,0.8,10,100,COMPLETE
5318,5318,18218.0,2023-11-15 13:42:43.938569,2023-11-15 13:42:44.399667,0 days 00:00:00.461098,0.8,10,1.25,0.8,2,97,COMPLETE
5319,5319,18301.5,2023-11-15 13:42:44.401819,2023-11-15 13:42:44.868125,0 days 00:00:00.466306,0.8,10,1.5,0.8,20,96,COMPLETE
5320,5320,15822.0,2023-11-15 13:42:44.870199,2023-11-15 13:42:45.334972,0 days 00:00:00.464773,0.9,10,1.25,0.8,16,38,COMPLETE
5321,5321,18013.5,2023-11-15 13:42:45.336899,2023-11-15 13:42:45.806510,0 days 00:00:00.469611,0.8,20,1.25,0.9,13,100,COMPLETE
5322,5322,17093.5,2023-11-15 13:42:45.808538,2023-11-15 13:42:46.287729,0 days 00:00:00.479191,0.8,10,1.25,0.8,5,48,COMPLETE
5323,5323,18023.5,2023-11-15 13:42:46.289650,2023-11-15 13:42:46.756193,0 days 00:00:00.466543,0.8,10,1.25,0.8,18,98,COMPLETE
5324,5324,18305.25,2023-11-15 13:42:46.758185,2023-11-15 13:42:47.222479,0 days 00:00:00.464294,0.8,10,1.5,0.8,15,98,COMPLETE
5325,5325,17798.75,2023-11-15 13:42:47.224932,2023-11-15 13:42:47.698978,0 days 00:00:00.474046,0.8,10,1.0,0.5,23,95,COMPLETE
5326,5326,18492.5,2023-11-15 13:42:47.701150,2023-11-15 13:42:48.161999,0 days 00:00:00.460849,0.8,10,1.25,0.8,12,100,COMPLETE
5327,5327,18307.75,2023-11-15 13:42:48.164286,2023-11-15 13:42:48.632284,0 days 00:00:00.467998,0.7000000000000001,10,1.25,0.8,29,97,COMPLETE
5328,5328,18681.25,2023-11-15 13:42:48.634384,2023-11-15 13:42:49.098462,0 days 00:00:00.464078,0.8,10,1.25,0.8,20,99,COMPLETE
5329,5329,18207.75,2023-11-15 13:42:49.100708,2023-11-15 13:42:49.597296,0 days 00:00:00.496588,0.8,10,1.25,0.8,3,93,COMPLETE
5330,5330,18302.25,2023-11-15 13:42:49.599307,2023-11-15 13:42:50.075876,0 days 00:00:00.476569,0.8,10,2.5,0.7000000000000001,7,96,COMPLETE
5331,5331,18361.0,2023-11-15 13:42:50.078086,2023-11-15 13:42:50.549994,0 days 00:00:00.471908,0.9,10,1.0,0.8,18,100,COMPLETE
5332,5332,17390.5,2023-11-15 13:42:50.552408,2023-11-15 13:42:51.023251,0 days 00:00:00.470843,0.8,10,1.25,0.2,10,81,COMPLETE
5333,5333,17925.0,2023-11-15 13:42:51.025269,2023-11-15 13:42:51.487944,0 days 00:00:00.462675,0.8,20,1.5,0.8,15,98,COMPLETE
5334,5334,17747.25,2023-11-15 13:42:51.489972,2023-11-15 13:42:51.962329,0 days 00:00:00.472357,0.8,10,1.25,0.9,5,95,COMPLETE
5335,5335,18022.0,2023-11-15 13:42:51.964915,2023-11-15 13:42:52.437167,0 days 00:00:00.472252,0.8,10,1.0,0.8,26,98,COMPLETE
5336,5336,18398.25,2023-11-15 13:42:52.439044,2023-11-15 13:42:52.923992,0 days 00:00:00.484948,0.8,10,1.25,0.8,21,100,COMPLETE
5337,5337,16199.75,2023-11-15 13:42:52.925955,2023-11-15 13:42:53.407922,0 days 00:00:00.481967,0.8,10,1.25,0.8,17,61,COMPLETE
5338,5338,18308.75,2023-11-15 13:42:53.409957,2023-11-15 13:42:53.887645,0 days 00:00:00.477688,0.8,10,1.25,0.7000000000000001,14,97,COMPLETE
5339,5339,17655.25,2023-11-15 13:42:53.889976,2023-11-15 13:42:54.364589,0 days 00:00:00.474613,0.8,10,1.25,0.8,11,91,COMPLETE
5340,5340,17747.75,2023-11-15 13:42:54.366525,2023-11-15 13:42:54.845726,0 days 00:00:00.479201,0.8,10,0.5,0.8,8,100,COMPLETE
5341,5341,18395.25,2023-11-15 13:42:54.847888,2023-11-15 13:42:55.312240,0 days 00:00:00.464352,0.8,10,1.5,0.8,2,96,COMPLETE
5342,5342,199.5,2023-11-15 13:42:55.314789,2023-11-15 13:42:56.036470,0 days 00:00:00.721681,0.7000000000000001,10,1.75,0.8,0,98,COMPLETE
5343,5343,18400.0,2023-11-15 13:42:56.038451,2023-11-15 13:42:56.503083,0 days 00:00:00.464632,0.8,10,1.25,0.9,19,94,COMPLETE
5344,5344,17760.75,2023-11-15 13:42:56.505271,2023-11-15 13:42:56.996921,0 days 00:00:00.491650,0.8,20,1.25,0.8,23,99,COMPLETE
5345,5345,18323.25,2023-11-15 13:42:56.998921,2023-11-15 13:42:57.477145,0 days 00:00:00.478224,0.8,10,1.0,0.8,16,97,COMPLETE
5346,5346,18398.25,2023-11-15 13:42:57.479844,2023-11-15 13:42:57.953235,0 days 00:00:00.473391,0.8,10,1.25,0.8,13,100,COMPLETE
5347,5347,18207.75,2023-11-15 13:42:57.955205,2023-11-15 13:42:58.421033,0 days 00:00:00.465828,0.9,10,1.25,0.8,6,96,COMPLETE
5348,5348,18023.5,2023-11-15 13:42:58.422960,2023-11-15 13:42:58.892021,0 days 00:00:00.469061,0.8,10,1.25,0.8,18,98,COMPLETE
5349,5349,18307.0,2023-11-15 13:42:58.894941,2023-11-15 13:42:59.362813,0 days 00:00:00.467872,0.8,10,1.5,0.8,9,94,COMPLETE
5350,5350,18492.5,2023-11-15 13:42:59.365220,2023-11-15 13:42:59.833950,0 days 00:00:00.468730,0.8,10,1.25,0.8,4,100,COMPLETE
5351,5351,18023.5,2023-11-15 13:42:59.835931,2023-11-15 13:43:00.320846,0 days 00:00:00.484915,0.8,10,1.25,0.8,21,98,COMPLETE
5352,5352,18202.0,2023-11-15 13:43:00.322848,2023-11-15 13:43:00.790612,0 days 00:00:00.467764,0.8,20,1.25,0.7000000000000001,15,96,COMPLETE
5353,5353,18129.25,2023-11-15 13:43:00.792649,2023-11-15 13:43:01.267156,0 days 00:00:00.474507,0.7000000000000001,10,1.0,0.8,12,98,COMPLETE
5354,5354,18399.0,2023-11-15 13:43:01.269572,2023-11-15 13:43:01.747073,0 days 00:00:00.477501,0.8,10,1.25,0.8,17,100,COMPLETE
5355,5355,18207.75,2023-11-15 13:43:01.749016,2023-11-15 13:43:02.219180,0 days 00:00:00.470164,0.9,10,1.25,0.9,19,96,COMPLETE
5356,5356,18305.25,2023-11-15 13:43:02.221115,2023-11-15 13:43:02.687589,0 days 00:00:00.466474,0.8,10,1.5,0.8,14,98,COMPLETE
5357,5357,18492.5,2023-11-15 13:43:02.689654,2023-11-15 13:43:03.158218,0 days 00:00:00.468564,0.8,10,1.25,0.8,7,100,COMPLETE
5358,5358,18119.75,2023-11-15 13:43:03.160389,2023-11-15 13:43:03.641811,0 days 00:00:00.481422,0.8,10,1.25,0.8,53,94,COMPLETE
5359,5359,18023.5,2023-11-15 13:43:03.643879,2023-11-15 13:43:04.139703,0 days 00:00:00.495824,0.8,10,1.25,0.8,3,98,COMPLETE
5360,5360,18300.75,2023-11-15 13:43:04.141654,2023-11-15 13:43:04.607078,0 days 00:00:00.465424,0.8,10,1.25,0.9,11,96,COMPLETE
5361,5361,15738.5,2023-11-15 13:43:04.609473,2023-11-15 13:43:05.090759,0 days 00:00:00.481286,0.8,50,1.0,0.8,22,100,COMPLETE
5362,5362,17945.75,2023-11-15 13:43:05.092868,2023-11-15 13:43:05.574763,0 days 00:00:00.481895,0.8,10,1.25,0.6,16,98,COMPLETE
5363,5363,18202.0,2023-11-15 13:43:05.576751,2023-11-15 13:43:06.049030,0 days 00:00:00.472279,0.8,20,1.5,0.8,20,96,COMPLETE
5364,5364,12608.5,2023-11-15 13:43:06.051204,2023-11-15 13:43:06.550263,0 days 00:00:00.499059,0.8,100,1.25,0.8,9,99,COMPLETE
5365,5365,18410.75,2023-11-15 13:43:06.552212,2023-11-15 13:43:07.018791,0 days 00:00:00.466579,0.8,10,1.25,0.8,18,94,COMPLETE
5366,5366,18680.75,2023-11-15 13:43:07.020852,2023-11-15 13:43:07.486207,0 days 00:00:00.465355,0.8,10,1.75,0.7000000000000001,5,97,COMPLETE
5367,5367,15324.5,2023-11-15 13:43:07.497243,2023-11-15 13:43:07.986943,0 days 00:00:00.489700,0.8,60,1.25,0.8,24,77,COMPLETE
5368,5368,18396.25,2023-11-15 13:43:07.988910,2023-11-15 13:43:08.457800,0 days 00:00:00.468890,0.8,10,1.5,0.8,1,92,COMPLETE
5369,5369,17827.75,2023-11-15 13:43:08.459929,2023-11-15 13:43:08.933975,0 days 00:00:00.474046,0.7000000000000001,20,1.25,0.8,14,99,COMPLETE
5370,5370,18399.5,2023-11-15 13:43:08.935902,2023-11-15 13:43:09.399507,0 days 00:00:00.463605,0.9,10,1.25,0.8,11,100,COMPLETE
5371,5371,18587.0,2023-11-15 13:43:09.401534,2023-11-15 13:43:09.873227,0 days 00:00:00.471693,0.8,10,2.0,0.9,17,97,COMPLETE
5372,5372,18023.5,2023-11-15 13:43:09.875286,2023-11-15 13:43:10.341168,0 days 00:00:00.465882,0.8,10,1.25,0.8,20,98,COMPLETE
5373,5373,18238.5,2023-11-15 13:43:10.343171,2023-11-15 13:43:10.812254,0 days 00:00:00.469083,0.8,10,1.0,0.8,8,100,COMPLETE
5374,5374,17746.5,2023-11-15 13:43:10.814880,2023-11-15 13:43:11.285546,0 days 00:00:00.470666,0.8,10,1.25,0.7000000000000001,15,95,COMPLETE
5375,5375,18218.0,2023-11-15 13:43:11.287455,2023-11-15 13:43:11.788493,0 days 00:00:00.501038,0.8,10,1.25,0.8,4,97,COMPLETE
5376,5376,17803.25,2023-11-15 13:43:11.790429,2023-11-15 13:43:12.268975,0 days 00:00:00.478546,0.8,10,0.75,0.8,79,100,COMPLETE
5377,5377,18022.0,2023-11-15 13:43:12.270943,2023-11-15 13:43:12.737139,0 days 00:00:00.466196,0.8,10,1.0,0.8,12,98,COMPLETE
5378,5378,17748.5,2023-11-15 13:43:12.739115,2023-11-15 13:43:13.210951,0 days 00:00:00.471836,0.8,10,1.25,0.8,61,95,COMPLETE
5379,5379,18023.5,2023-11-15 13:43:13.213496,2023-11-15 13:43:13.698513,0 days 00:00:00.485017,0.8,10,1.25,0.8,18,98,COMPLETE
5380,5380,18399.0,2023-11-15 13:43:13.700476,2023-11-15 13:43:14.171809,0 days 00:00:00.471333,0.8,10,1.25,0.8,22,100,COMPLETE
5381,5381,17927.75,2023-11-15 13:43:14.174159,2023-11-15 13:43:14.649436,0 days 00:00:00.475277,0.8,10,1.5,0.9,6,83,COMPLETE
5382,5382,18394.5,2023-11-15 13:43:14.651754,2023-11-15 13:43:15.154516,0 days 00:00:00.502762,0.8,10,1.25,0.8,13,96,COMPLETE
5383,5383,18396.25,2023-11-15 13:43:15.157205,2023-11-15 13:43:15.624050,0 days 00:00:00.466845,0.9,10,1.25,0.8,2,93,COMPLETE
5384,5384,17830.75,2023-11-15 13:43:15.626197,2023-11-15 13:43:16.099258,0 days 00:00:00.473061,0.7000000000000001,20,1.25,0.8,16,98,COMPLETE
5385,5385,18492.5,2023-11-15 13:43:16.101403,2023-11-15 13:43:16.571268,0 days 00:00:00.469865,0.8,10,1.25,0.8,10,100,COMPLETE
5386,5386,17934.5,2023-11-15 13:43:16.573174,2023-11-15 13:43:17.045609,0 days 00:00:00.472435,0.8,10,1.25,0.8,20,74,COMPLETE
5387,5387,18211.5,2023-11-15 13:43:17.047589,2023-11-15 13:43:17.515765,0 days 00:00:00.468176,0.6,10,1.5,0.8,27,96,COMPLETE
5388,5388,18023.5,2023-11-15 13:43:17.518250,2023-11-15 13:43:17.992596,0 days 00:00:00.474346,0.8,10,1.25,0.8,15,98,COMPLETE
5389,5389,13720.25,2023-11-15 13:43:17.995204,2023-11-15 13:43:18.510089,0 days 00:00:00.514885,0.8,80,1.25,0.9,18,100,COMPLETE
5390,5390,18558.5,2023-11-15 13:43:18.512547,2023-11-15 13:43:18.983362,0 days 00:00:00.470815,0.8,10,1.0,0.7000000000000001,6,96,COMPLETE
5391,5391,199.5,2023-11-15 13:43:18.985656,2023-11-15 13:43:19.711835,0 days 00:00:00.726179,0.8,10,1.25,0.8,0,98,COMPLETE
5392,5392,18410.75,2023-11-15 13:43:19.714117,2023-11-15 13:43:20.185690,0 days 00:00:00.471573,0.8,10,1.25,0.8,13,94,COMPLETE
5393,5393,16727.25,2023-11-15 13:43:20.187586,2023-11-15 13:43:20.661913,0 days 00:00:00.474327,0.8,40,1.5,0.8,20,99,COMPLETE
5394,5394,18218.0,2023-11-15 13:43:20.664289,2023-11-15 13:43:21.136093,0 days 00:00:00.471804,0.8,10,1.25,0.8,8,97,COMPLETE
5395,5395,18210.75,2023-11-15 13:43:21.138007,2023-11-15 13:43:21.620536,0 days 00:00:00.482529,0.8,10,1.75,0.8,3,100,COMPLETE
5396,5396,17561.0,2023-11-15 13:43:21.622548,2023-11-15 13:43:22.103308,0 days 00:00:00.480760,0.8,10,1.0,0.8,24,95,COMPLETE
5397,5397,18211.25,2023-11-15 13:43:22.105399,2023-11-15 13:43:22.581926,0 days 00:00:00.476527,0.7000000000000001,10,1.25,0.8,16,98,COMPLETE
5398,5398,17839.0,2023-11-15 13:43:22.583822,2023-11-15 13:43:23.076619,0 days 00:00:00.492797,0.8,20,1.25,0.8,14,97,COMPLETE
5399,5399,18307.0,2023-11-15 13:43:23.078810,2023-11-15 13:43:23.559674,0 days 00:00:00.480864,0.9,10,1.25,0.8,17,100,COMPLETE
5400,5400,18394.5,2023-11-15 13:43:23.561976,2023-11-15 13:43:24.037012,0 days 00:00:00.475036,0.8,10,1.25,0.8,10,96,COMPLETE
5401,5401,18086.75,2023-11-15 13:43:24.038977,2023-11-15 13:43:24.510452,0 days 00:00:00.471475,0.8,10,1.0,0.8,22,92,COMPLETE
5402,5402,17375.5,2023-11-15 13:43:24.513295,2023-11-15 13:43:24.991494,0 days 00:00:00.478199,0.30000000000000004,20,1.25,0.8,5,98,COMPLETE
5403,5403,18306.0,2023-11-15 13:43:24.993583,2023-11-15 13:43:25.471811,0 days 00:00:00.478228,0.8,10,1.5,0.7000000000000001,19,100,COMPLETE
5404,5404,18265.25,2023-11-15 13:43:25.473702,2023-11-15 13:43:25.953329,0 days 00:00:00.479627,0.8,10,1.25,0.9,13,98,COMPLETE
5405,5405,17837.25,2023-11-15 13:43:25.955624,2023-11-15 13:43:26.427822,0 days 00:00:00.472198,0.8,10,1.25,0.8,17,95,COMPLETE
5406,5406,18681.25,2023-11-15 13:43:26.430236,2023-11-15 13:43:26.906574,0 days 00:00:00.476338,0.8,10,1.25,0.8,7,99,COMPLETE
5407,5407,18400.5,2023-11-15 13:43:26.908644,2023-11-15 13:43:27.418280,0 days 00:00:00.509636,0.8,10,1.5,0.7000000000000001,11,97,COMPLETE
5408,5408,18492.5,2023-11-15 13:43:27.420358,2023-11-15 13:43:27.888636,0 days 00:00:00.468278,0.8,10,1.25,0.8,2,100,COMPLETE
5409,5409,18267.25,2023-11-15 13:43:27.890600,2023-11-15 13:43:28.366201,0 days 00:00:00.475601,0.8,10,1.25,0.8,38,94,COMPLETE
5410,5410,18394.5,2023-11-15 13:43:28.368291,2023-11-15 13:43:28.834155,0 days 00:00:00.465864,0.8,10,1.25,0.8,15,96,COMPLETE
5411,5411,18211.25,2023-11-15 13:43:28.836056,2023-11-15 13:43:29.307909,0 days 00:00:00.471853,0.7000000000000001,10,1.25,0.8,21,98,COMPLETE
5412,5412,17772.0,2023-11-15 13:43:29.310159,2023-11-15 13:43:29.793914,0 days 00:00:00.483755,0.4,10,1.0,0.8,9,100,COMPLETE
5413,5413,18399.75,2023-11-15 13:43:29.796736,2023-11-15 13:43:30.313069,0 days 00:00:00.516333,0.9,10,1.25,0.9,17,90,COMPLETE
5414,5414,18305.25,2023-11-15 13:43:30.315199,2023-11-15 13:43:30.790827,0 days 00:00:00.475628,0.8,10,1.5,0.8,4,98,COMPLETE
5415,5415,17478.25,2023-11-15 13:43:30.792802,2023-11-15 13:43:31.272725,0 days 00:00:00.479923,0.8,20,1.25,0.5,19,96,COMPLETE
5416,5416,18399.0,2023-11-15 13:43:31.274693,2023-11-15 13:43:31.754094,0 days 00:00:00.479401,0.8,10,1.25,0.8,25,100,COMPLETE
5417,5417,18022.0,2023-11-15 13:43:31.756079,2023-11-15 13:43:32.226174,0 days 00:00:00.470095,0.8,10,1.0,0.8,14,98,COMPLETE
5418,5418,18486.25,2023-11-15 13:43:32.228352,2023-11-15 13:43:32.700630,0 days 00:00:00.472278,0.8,10,1.25,0.8,12,94,COMPLETE
5419,5419,199.5,2023-11-15 13:43:32.702738,2023-11-15 13:43:33.422893,0 days 00:00:00.720155,0.8,10,1.25,0.8,0,97,COMPLETE
5420,5420,14576.5,2023-11-15 13:43:33.424858,2023-11-15 13:43:33.930111,0 days 00:00:00.505253,0.8,70,1.25,0.9,23,99,COMPLETE
5421,5421,18202.0,2023-11-15 13:43:33.932084,2023-11-15 13:43:34.402408,0 days 00:00:00.470324,0.8,20,1.25,0.7000000000000001,7,96,COMPLETE
5422,5422,18127.0,2023-11-15 13:43:34.404448,2023-11-15 13:43:34.892816,0 days 00:00:00.488368,0.7000000000000001,10,1.5,0.8,66,100,COMPLETE
5423,5423,18023.5,2023-11-15 13:43:34.895126,2023-11-15 13:43:35.372406,0 days 00:00:00.477280,0.8,10,1.25,0.8,16,98,COMPLETE
5424,5424,17653.75,2023-11-15 13:43:35.374542,2023-11-15 13:43:35.852205,0 days 00:00:00.477663,0.8,10,1.0,0.8,18,95,COMPLETE
5425,5425,18492.5,2023-11-15 13:43:35.854881,2023-11-15 13:43:36.325801,0 days 00:00:00.470920,0.8,10,1.25,0.8,4,100,COMPLETE
5426,5426,17753.5,2023-11-15 13:43:36.327874,2023-11-15 13:43:36.817589,0 days 00:00:00.489715,0.8,10,1.25,0.4,21,93,COMPLETE
5427,5427,18680.75,2023-11-15 13:43:36.819593,2023-11-15 13:43:37.315288,0 days 00:00:00.495695,0.9,10,1.75,0.8,9,97,COMPLETE
5428,5428,18023.5,2023-11-15 13:43:37.317285,2023-11-15 13:43:37.791608,0 days 00:00:00.474323,0.8,10,1.25,0.8,12,98,COMPLETE
5429,5429,18305.75,2023-11-15 13:43:37.793529,2023-11-15 13:43:38.272519,0 days 00:00:00.478990,0.8,10,1.5,0.8,15,100,COMPLETE
