,number,value,datetime_start,datetime_complete,duration,params_alpha,params_decay_interval,params_decay_rate,params_gamma,params_initialization,params_max_steps,state
6842,6842,17014.0,2023-11-15 12:36:39.770369,2023-11-15 12:36:40.338681,0 days 00:00:00.568312,0.8,10,2.75,0.9,20,64,COMPLETE
6843,6843,17920.75,2023-11-15 12:36:40.341343,2023-11-15 12:36:40.912637,0 days 00:00:00.571294,0.8,10,3.0,0.9,16,74,COMPLETE
6844,6844,18120.5,2023-11-15 12:36:40.915243,2023-11-15 12:36:41.504127,0 days 00:00:00.588884,0.8,10,2.5,0.8,18,77,COMPLETE
6845,6845,15897.5,2023-11-15 12:36:41.506868,2023-11-15 12:36:42.094172,0 days 00:00:00.587304,0.9,20,3.0,0.9,21,68,COMPLETE
6846,6846,18122.5,2023-11-15 12:36:42.096452,2023-11-15 12:36:42.666627,0 days 00:00:00.570175,0.8,10,3.0,0.9,25,72,COMPLETE
6847,6847,17927.5,2023-11-15 12:36:42.669369,2023-11-15 12:36:43.241824,0 days 00:00:00.572455,0.8,10,2.75,0.9,22,80,COMPLETE
6848,6848,17825.5,2023-11-15 12:36:43.244274,2023-11-15 12:36:43.821229,0 days 00:00:00.576955,0.8,10,3.0,0.9,19,70,COMPLETE
6849,6849,17654.5,2023-11-15 12:36:43.823714,2023-11-15 12:36:44.390676,0 days 00:00:00.566962,0.8,10,3.0,0.9,15,65,COMPLETE
6850,6850,17920.75,2023-11-15 12:36:44.393129,2023-11-15 12:36:44.994139,0 days 00:00:00.601010,0.8,10,3.0,0.9,18,74,COMPLETE
6851,6851,18023.5,2023-11-15 12:36:44.996468,2023-11-15 12:36:45.587280,0 days 00:00:00.590812,0.7000000000000001,10,3.0,0.9,13,117,COMPLETE
6852,6852,15899.75,2023-11-15 12:36:45.589748,2023-11-15 12:36:46.176852,0 days 00:00:00.587104,0.8,20,2.75,0.9,24,68,COMPLETE
6853,6853,17016.25,2023-11-15 12:36:46.179018,2023-11-15 12:36:46.778642,0 days 00:00:00.599624,0.8,10,3.0,0.9,16,76,COMPLETE
6854,6854,19260.75,2023-11-15 12:36:46.780912,2023-11-15 12:36:47.354032,0 days 00:00:00.573120,0.8,10,3.0,0.9,29,71,COMPLETE
6855,6855,17369.5,2023-11-15 12:36:47.356282,2023-11-15 12:36:47.945879,0 days 00:00:00.589597,0.8,10,2.75,0.9,21,60,COMPLETE
6856,6856,17369.5,2023-11-15 12:36:47.955593,2023-11-15 12:36:48.555020,0 days 00:00:00.599427,0.8,10,3.0,0.9,20,73,COMPLETE
6857,6857,17916.25,2023-11-15 12:36:48.557554,2023-11-15 12:36:49.147944,0 days 00:00:00.590390,0.8,10,3.0,0.9,27,124,COMPLETE
6858,6858,16809.75,2023-11-15 12:36:49.150333,2023-11-15 12:36:49.736043,0 days 00:00:00.585710,0.9,10,2.75,0.8,17,66,COMPLETE
6859,6859,16749.75,2023-11-15 12:36:49.738246,2023-11-15 12:36:50.314446,0 days 00:00:00.576200,0.4,10,3.0,0.9,23,69,COMPLETE
6860,6860,17825.5,2023-11-15 12:36:50.316658,2023-11-15 12:36:50.906492,0 days 00:00:00.589834,0.8,10,3.0,0.7000000000000001,22,78,COMPLETE
6861,6861,17369.5,2023-11-15 12:36:50.908914,2023-11-15 12:36:51.477971,0 days 00:00:00.569057,0.8,10,3.0,0.9,11,73,COMPLETE
6862,6862,17664.25,2023-11-15 12:36:51.480207,2023-11-15 12:36:52.059376,0 days 00:00:00.579169,0.7000000000000001,10,2.75,0.6,19,71,COMPLETE
6863,6863,16719.75,2023-11-15 12:36:52.061854,2023-11-15 12:36:52.657883,0 days 00:00:00.596029,0.8,10,2.5,0.9,14,63,COMPLETE
6864,6864,16620.5,2023-11-15 12:36:52.660319,2023-11-15 12:36:53.246980,0 days 00:00:00.586661,0.8,20,3.0,0.9,17,67,COMPLETE
6865,6865,16923.25,2023-11-15 12:36:53.249253,2023-11-15 12:36:53.852452,0 days 00:00:00.603199,0.8,10,3.0,0.9,25,76,COMPLETE
6866,6866,13671.25,2023-11-15 12:36:53.854822,2023-11-15 12:36:54.452900,0 days 00:00:00.598078,0.8,80,3.0,0.9,19,71,COMPLETE
6867,6867,17916.5,2023-11-15 12:36:54.455247,2023-11-15 12:36:55.031869,0 days 00:00:00.576622,0.6,10,3.0,0.9,15,68,COMPLETE
6868,6868,17920.75,2023-11-15 12:36:55.034241,2023-11-15 12:36:55.605944,0 days 00:00:00.571703,0.8,10,2.75,0.9,21,74,COMPLETE
6869,6869,17014.0,2023-11-15 12:36:55.608476,2023-11-15 12:36:56.188824,0 days 00:00:00.580348,0.8,10,3.0,0.9,18,64,COMPLETE
6870,6870,17924.25,2023-11-15 12:36:56.191065,2023-11-15 12:36:56.768377,0 days 00:00:00.577312,0.8,10,3.0,0.8,22,81,COMPLETE
6871,6871,17825.5,2023-11-15 12:36:56.770805,2023-11-15 12:36:57.344662,0 days 00:00:00.573857,0.8,10,3.0,0.9,26,70,COMPLETE
6872,6872,18592.5,2023-11-15 12:36:57.347033,2023-11-15 12:36:57.941668,0 days 00:00:00.594635,0.8,10,2.75,0.9,16,87,COMPLETE
6873,6873,17277.75,2023-11-15 12:36:57.944189,2023-11-15 12:36:58.529960,0 days 00:00:00.585771,0.8,20,2.25,0.9,20,77,COMPLETE
6874,6874,17920.75,2023-11-15 12:36:58.532424,2023-11-15 12:36:59.110358,0 days 00:00:00.577934,0.8,10,3.0,0.9,24,74,COMPLETE
6875,6875,17917.0,2023-11-15 12:36:59.112708,2023-11-15 12:36:59.691728,0 days 00:00:00.579020,0.8,10,3.0,0.9,13,67,COMPLETE
6876,6876,19260.75,2023-11-15 12:36:59.694027,2023-11-15 12:37:00.265379,0 days 00:00:00.571352,0.9,10,3.0,0.9,18,71,COMPLETE
6877,6877,17920.75,2023-11-15 12:37:00.268239,2023-11-15 12:37:00.863513,0 days 00:00:00.595274,0.8,10,3.0,0.9,22,74,COMPLETE
6878,6878,17654.5,2023-11-15 12:37:00.866006,2023-11-15 12:37:01.442549,0 days 00:00:00.576543,0.8,10,2.75,0.9,15,65,COMPLETE
6879,6879,17115.5,2023-11-15 12:37:01.444888,2023-11-15 12:37:02.025197,0 days 00:00:00.580309,0.8,10,3.0,0.9,20,69,COMPLETE
6880,6880,17545.25,2023-11-15 12:37:02.027419,2023-11-15 12:37:02.604186,0 days 00:00:00.576767,0.8,10,2.75,0.9,17,78,COMPLETE
6881,6881,18122.5,2023-11-15 12:37:02.606494,2023-11-15 12:37:03.173518,0 days 00:00:00.567024,0.8,10,3.0,0.9,23,72,COMPLETE
6882,6882,17455.75,2023-11-15 12:37:03.175768,2023-11-15 12:37:03.760911,0 days 00:00:00.585143,0.7000000000000001,10,2.5,0.9,53,68,COMPLETE
6883,6883,14506.75,2023-11-15 12:37:03.763311,2023-11-15 12:37:04.361962,0 days 00:00:00.598651,0.8,70,3.0,0.8,90,75,COMPLETE
6884,6884,16672.75,2023-11-15 12:37:04.364288,2023-11-15 12:37:04.947199,0 days 00:00:00.582911,0.8,10,3.0,0.1,30,71,COMPLETE
6885,6885,16180.25,2023-11-15 12:37:04.949617,2023-11-15 12:37:05.533070,0 days 00:00:00.583453,0.9,20,2.0,0.9,20,66,COMPLETE
6886,6886,16711.25,2023-11-15 12:37:05.536110,2023-11-15 12:37:06.114123,0 days 00:00:00.578013,0.8,10,3.0,0.9,12,62,COMPLETE
6887,6887,17188.25,2023-11-15 12:37:06.116468,2023-11-15 12:37:06.718139,0 days 00:00:00.601671,0.8,10,2.75,0.9,18,73,COMPLETE
6888,6888,16923.25,2023-11-15 12:37:06.721186,2023-11-15 12:37:07.299830,0 days 00:00:00.578644,0.8,10,3.0,0.9,24,76,COMPLETE
6889,6889,17115.5,2023-11-15 12:37:07.302869,2023-11-15 12:37:07.879257,0 days 00:00:00.576388,0.8,10,3.0,0.9,15,69,COMPLETE
6890,6890,17582.0,2023-11-15 12:37:07.881623,2023-11-15 12:37:08.461288,0 days 00:00:00.579665,0.7000000000000001,10,2.75,0.9,86,80,COMPLETE
6891,6891,18122.5,2023-11-15 12:37:08.463753,2023-11-15 12:37:09.039073,0 days 00:00:00.575320,0.8,10,3.0,0.9,27,72,COMPLETE
6892,6892,17917.0,2023-11-15 12:37:09.041303,2023-11-15 12:37:09.614008,0 days 00:00:00.572705,0.8,10,3.0,0.9,21,67,COMPLETE
6893,6893,18118.5,2023-11-15 12:37:09.616521,2023-11-15 12:37:10.213384,0 days 00:00:00.596863,0.8,10,2.5,0.9,19,77,COMPLETE
6894,6894,18392.25,2023-11-15 12:37:10.215750,2023-11-15 12:37:10.786009,0 days 00:00:00.570259,0.8,20,3.0,0.9,16,70,COMPLETE
6895,6895,17014.0,2023-11-15 12:37:10.788371,2023-11-15 12:37:11.359761,0 days 00:00:00.571390,0.8,10,2.75,0.9,9,64,COMPLETE
6896,6896,17920.75,2023-11-15 12:37:11.362039,2023-11-15 12:37:11.938618,0 days 00:00:00.576579,0.8,10,3.0,0.9,22,74,COMPLETE
6897,6897,17922.5,2023-11-15 12:37:11.941125,2023-11-15 12:37:12.509024,0 days 00:00:00.567899,0.8,10,3.0,0.8,25,70,COMPLETE
6898,6898,16547.25,2023-11-15 12:37:12.511463,2023-11-15 12:37:13.096253,0 days 00:00:00.584790,0.9,10,3.0,0.9,19,66,COMPLETE
6899,6899,17369.5,2023-11-15 12:37:13.098579,2023-11-15 12:37:13.696178,0 days 00:00:00.597599,0.8,10,3.0,0.9,14,73,COMPLETE
6900,6900,17176.0,2023-11-15 12:37:13.698429,2023-11-15 12:37:14.274516,0 days 00:00:00.576087,0.8,10,2.75,0.9,17,58,COMPLETE
6901,6901,17016.25,2023-11-15 12:37:14.276771,2023-11-15 12:37:14.863586,0 days 00:00:00.586815,0.8,10,3.0,0.9,23,76,COMPLETE
6902,6902,17115.5,2023-11-15 12:37:14.865933,2023-11-15 12:37:15.440145,0 days 00:00:00.574212,0.8,10,3.0,0.9,21,69,COMPLETE
6903,6903,17275.25,2023-11-15 12:37:15.442422,2023-11-15 12:37:16.026610,0 days 00:00:00.584188,0.8,20,3.0,0.9,18,72,COMPLETE
6904,6904,17743.75,2023-11-15 12:37:16.028815,2023-11-15 12:37:16.603998,0 days 00:00:00.575183,0.8,10,2.75,0.9,20,83,COMPLETE
6905,6905,16553.5,2023-11-15 12:37:16.606721,2023-11-15 12:37:17.217747,0 days 00:00:00.611026,0.7000000000000001,10,3.0,0.9,16,61,COMPLETE
6906,6906,14707.75,2023-11-15 12:37:17.220899,2023-11-15 12:37:17.816206,0 days 00:00:00.595307,0.8,40,3.0,0.9,12,79,COMPLETE
6907,6907,16719.5,2023-11-15 12:37:17.819189,2023-11-15 12:37:18.389191,0 days 00:00:00.570002,0.8,10,2.75,0.9,22,66,COMPLETE
6908,6908,17020.25,2023-11-15 12:37:18.391454,2023-11-15 12:37:18.969639,0 days 00:00:00.578185,0.8,10,3.0,0.8,24,69,COMPLETE
6909,6909,18682.0,2023-11-15 12:37:18.972315,2023-11-15 12:37:19.543822,0 days 00:00:00.571507,0.8,10,3.0,0.9,27,75,COMPLETE
6910,6910,18122.5,2023-11-15 12:37:19.546012,2023-11-15 12:37:20.142070,0 days 00:00:00.596058,0.8,10,3.0,0.9,14,72,COMPLETE
6911,6911,17547.25,2023-11-15 12:37:20.144413,2023-11-15 12:37:20.719697,0 days 00:00:00.575284,0.8,10,2.75,0.9,19,68,COMPLETE
6912,6912,16694.75,2023-11-15 12:37:20.722175,2023-11-15 12:37:21.303520,0 days 00:00:00.581345,0.8,10,1.0,0.9,16,64,COMPLETE
6913,6913,17305.0,2023-11-15 12:37:21.305869,2023-11-15 12:37:21.891397,0 days 00:00:00.585528,0.8,10,3.0,0.4,18,71,COMPLETE
6914,6914,18587.75,2023-11-15 12:37:21.893829,2023-11-15 12:37:22.472167,0 days 00:00:00.578338,0.9,10,3.0,0.9,21,75,COMPLETE
6915,6915,16535.75,2023-11-15 12:37:22.474591,2023-11-15 12:37:23.095588,0 days 00:00:00.620997,0.8,20,2.5,0.9,26,78,COMPLETE
6916,6916,18122.5,2023-11-15 12:37:23.097890,2023-11-15 12:37:23.677170,0 days 00:00:00.579280,0.8,10,3.0,0.9,23,72,COMPLETE
6917,6917,17547.25,2023-11-15 12:37:23.679446,2023-11-15 12:37:24.252564,0 days 00:00:00.573118,0.8,10,2.75,0.9,20,68,COMPLETE
6918,6918,17925.0,2023-11-15 12:37:24.254994,2023-11-15 12:37:24.830085,0 days 00:00:00.575091,0.7000000000000001,10,2.25,0.9,17,74,COMPLETE
6919,6919,14696.75,2023-11-15 12:37:24.832320,2023-11-15 12:37:25.424491,0 days 00:00:00.592171,0.30000000000000004,10,3.0,0.5,15,66,COMPLETE
6920,6920,17825.5,2023-11-15 12:37:25.426736,2023-11-15 12:37:26.024596,0 days 00:00:00.597860,0.8,10,3.0,0.9,11,70,COMPLETE
6921,6921,18121.5,2023-11-15 12:37:26.026785,2023-11-15 12:37:26.601698,0 days 00:00:00.574913,0.8,10,3.0,0.9,19,77,COMPLETE
6922,6922,15630.5,2023-11-15 12:37:26.604110,2023-11-15 12:37:27.189273,0 days 00:00:00.585163,0.8,20,3.0,0.9,24,63,COMPLETE
6923,6923,17644.25,2023-11-15 12:37:27.191577,2023-11-15 12:37:27.774639,0 days 00:00:00.583062,0.8,10,2.75,0.8,13,73,COMPLETE
6924,6924,17115.5,2023-11-15 12:37:27.777054,2023-11-15 12:37:28.359482,0 days 00:00:00.582428,0.8,10,3.0,0.9,17,69,COMPLETE
6925,6925,19260.75,2023-11-15 12:37:28.362021,2023-11-15 12:37:28.936199,0 days 00:00:00.574178,0.8,10,3.0,0.9,21,71,COMPLETE
6926,6926,16457.25,2023-11-15 12:37:28.938439,2023-11-15 12:37:29.548822,0 days 00:00:00.610383,0.9,10,2.5,0.9,22,66,COMPLETE
6927,6927,17927.5,2023-11-15 12:37:29.552250,2023-11-15 12:37:30.137480,0 days 00:00:00.585230,0.8,10,2.75,0.9,19,80,COMPLETE
6928,6928,18682.0,2023-11-15 12:37:30.140116,2023-11-15 12:37:30.713938,0 days 00:00:00.573822,0.8,10,3.0,0.9,15,75,COMPLETE
6929,6929,17115.5,2023-11-15 12:37:30.716534,2023-11-15 12:37:31.293925,0 days 00:00:00.577391,0.8,10,3.0,0.9,25,69,COMPLETE
6930,6930,17369.5,2023-11-15 12:37:31.296190,2023-11-15 12:37:31.879526,0 days 00:00:00.583336,0.8,10,2.75,0.9,28,73,COMPLETE
6931,6931,16719.5,2023-11-15 12:37:31.881945,2023-11-15 12:37:32.466218,0 days 00:00:00.584273,0.8,10,3.0,0.9,17,66,COMPLETE
6932,6932,18585.0,2023-11-15 12:37:32.469160,2023-11-15 12:37:33.059370,0 days 00:00:00.590210,0.7000000000000001,10,3.0,0.9,20,76,COMPLETE
6933,6933,12575.75,2023-11-15 12:37:33.062007,2023-11-15 12:37:33.662388,0 days 00:00:00.600381,0.8,90,2.75,0.9,23,71,COMPLETE
6934,6934,15311.75,2023-11-15 12:37:33.664699,2023-11-15 12:37:34.247136,0 days 00:00:00.582437,0.8,20,3.0,0.8,18,49,COMPLETE
6935,6935,17547.25,2023-11-15 12:37:34.249401,2023-11-15 12:37:34.824538,0 days 00:00:00.575137,0.8,10,3.0,0.9,14,68,COMPLETE
6936,6936,16726.25,2023-11-15 12:37:34.826875,2023-11-15 12:37:35.405745,0 days 00:00:00.578870,0.8,10,3.0,0.9,22,61,COMPLETE
6937,6937,17369.5,2023-11-15 12:37:35.408394,2023-11-15 12:37:36.007178,0 days 00:00:00.598784,0.8,10,3.0,0.9,20,73,COMPLETE
6938,6938,17833.5,2023-11-15 12:37:36.009401,2023-11-15 12:37:36.596741,0 days 00:00:00.587340,0.8,10,3.0,0.9,25,83,COMPLETE
6939,6939,16441.25,2023-11-15 12:37:36.598971,2023-11-15 12:37:37.187115,0 days 00:00:00.588144,0.9,40,2.75,0.9,33,64,COMPLETE
6940,6940,17360.25,2023-11-15 12:37:37.189516,2023-11-15 12:37:37.776333,0 days 00:00:00.586817,0.8,10,3.0,0.9,16,78,COMPLETE
6941,6941,17829.25,2023-11-15 12:37:37.778519,2023-11-15 12:37:38.357698,0 days 00:00:00.579179,0.5,10,3.0,0.9,30,70,COMPLETE
6942,6942,0.0,2023-11-15 12:37:38.360098,2023-11-15 12:37:38.928216,0 days 00:00:00.568118,0.8,20,2.75,0.9,18,7,COMPLETE
6943,6943,18682.0,2023-11-15 12:37:38.930643,2023-11-15 12:37:39.535404,0 days 00:00:00.604761,0.8,10,3.0,0.9,21,75,COMPLETE
6944,6944,17639.75,2023-11-15 12:37:39.537980,2023-11-15 12:37:40.110655,0 days 00:00:00.572675,0.8,10,2.25,0.9,23,68,COMPLETE
6945,6945,17665.75,2023-11-15 12:37:40.113052,2023-11-15 12:37:40.698018,0 days 00:00:00.584966,0.7000000000000001,10,3.0,0.4,10,72,COMPLETE
6946,6946,16719.5,2023-11-15 12:37:40.700486,2023-11-15 12:37:41.287243,0 days 00:00:00.586757,0.8,10,3.0,0.9,14,66,COMPLETE
6947,6947,19260.75,2023-11-15 12:37:41.289929,2023-11-15 12:37:41.864770,0 days 00:00:00.574841,0.8,10,2.75,0.9,20,71,COMPLETE
6948,6948,17284.5,2023-11-15 12:37:41.867294,2023-11-15 12:37:42.451928,0 days 00:00:00.584634,0.8,10,3.0,0.8,17,76,COMPLETE
6949,6949,17741.0,2023-11-15 12:37:42.454474,2023-11-15 12:37:43.048413,0 days 00:00:00.593939,0.8,10,2.5,0.9,25,80,COMPLETE
6950,6950,17369.5,2023-11-15 12:37:43.050771,2023-11-15 12:37:43.632163,0 days 00:00:00.581392,0.8,10,3.0,0.9,19,73,COMPLETE
6951,6951,17115.5,2023-11-15 12:37:43.634664,2023-11-15 12:37:44.221083,0 days 00:00:00.586419,0.8,10,3.0,0.9,13,69,COMPLETE
6952,6952,17014.0,2023-11-15 12:37:44.223359,2023-11-15 12:37:44.808722,0 days 00:00:00.585363,0.8,10,2.75,0.9,16,64,COMPLETE
6953,6953,19260.75,2023-11-15 12:37:44.811078,2023-11-15 12:37:45.384817,0 days 00:00:00.573739,0.9,10,3.0,0.9,22,74,COMPLETE
6954,6954,17547.25,2023-11-15 12:37:45.387337,2023-11-15 12:37:45.974016,0 days 00:00:00.586679,0.8,10,3.0,0.9,18,68,COMPLETE
6955,6955,17185.5,2023-11-15 12:37:45.976319,2023-11-15 12:37:46.597247,0 days 00:00:00.620928,0.8,20,3.0,0.9,27,77,COMPLETE
6956,6956,19260.75,2023-11-15 12:37:46.599450,2023-11-15 12:37:47.174034,0 days 00:00:00.574584,0.8,10,3.0,0.9,21,71,COMPLETE
6957,6957,16719.5,2023-11-15 12:37:47.176402,2023-11-15 12:37:47.762609,0 days 00:00:00.586207,0.8,10,2.75,0.9,23,66,COMPLETE
6958,6958,17484.25,2023-11-15 12:37:47.764804,2023-11-15 12:37:48.358461,0 days 00:00:00.593657,0.8,10,3.0,0.30000000000000004,15,71,COMPLETE
6959,6959,13274.5,2023-11-15 12:37:48.360673,2023-11-15 12:37:48.939471,0 days 00:00:00.578798,0.8,10,3.0,0.9,19,21,COMPLETE
6960,6960,18018.25,2023-11-15 12:37:48.941745,2023-11-15 12:37:49.539501,0 days 00:00:00.597756,0.8,10,2.75,0.8,24,74,COMPLETE
6961,6961,16711.25,2023-11-15 12:37:49.541839,2023-11-15 12:37:50.120509,0 days 00:00:00.578670,0.8,10,3.0,0.9,12,62,COMPLETE
6962,6962,17115.5,2023-11-15 12:37:50.123763,2023-11-15 12:37:50.707275,0 days 00:00:00.583512,0.8,10,3.0,0.9,47,69,COMPLETE
6963,6963,16898.75,2023-11-15 12:37:50.709582,2023-11-15 12:37:51.296625,0 days 00:00:00.587043,0.8,20,2.5,0.9,17,76,COMPLETE
6964,6964,17920.5,2023-11-15 12:37:51.298977,2023-11-15 12:37:51.884294,0 days 00:00:00.585317,0.7000000000000001,10,3.0,0.9,20,67,COMPLETE
6965,6965,18215.25,2023-11-15 12:37:51.887122,2023-11-15 12:37:52.489491,0 days 00:00:00.602369,0.8,10,2.75,0.9,22,72,COMPLETE
6966,6966,17271.75,2023-11-15 12:37:52.491865,2023-11-15 12:37:53.073309,0 days 00:00:00.581444,0.8,10,3.0,0.9,15,59,COMPLETE
6967,6967,17825.5,2023-11-15 12:37:53.075560,2023-11-15 12:37:53.652996,0 days 00:00:00.577436,0.8,10,3.0,0.9,18,70,COMPLETE
6968,6968,16162.0,2023-11-15 12:37:53.655416,2023-11-15 12:37:54.247242,0 days 00:00:00.591826,0.2,10,3.0,0.7000000000000001,7,79,COMPLETE
6969,6969,17014.0,2023-11-15 12:37:54.249973,2023-11-15 12:37:54.839470,0 days 00:00:00.589497,0.8,10,2.75,0.9,26,64,COMPLETE
6970,6970,17920.75,2023-11-15 12:37:54.841769,2023-11-15 12:37:55.419369,0 days 00:00:00.577600,0.8,10,3.0,0.9,20,74,COMPLETE
6971,6971,16530.25,2023-11-15 12:37:55.422217,2023-11-15 12:37:56.037725,0 days 00:00:00.615508,0.8,30,3.0,0.9,17,68,COMPLETE
6972,6972,16642.5,2023-11-15 12:37:56.039997,2023-11-15 12:37:56.626341,0 days 00:00:00.586344,0.9,10,2.75,0.9,23,73,COMPLETE
6973,6973,17825.5,2023-11-15 12:37:56.628765,2023-11-15 12:37:57.204821,0 days 00:00:00.576056,0.8,10,3.0,0.9,21,70,COMPLETE
6974,6974,18026.0,2023-11-15 12:37:57.207263,2023-11-15 12:37:57.784794,0 days 00:00:00.577531,0.8,10,3.0,0.9,16,77,COMPLETE
6975,6975,16091.25,2023-11-15 12:37:57.787476,2023-11-15 12:37:58.371991,0 days 00:00:00.584515,0.8,20,3.0,0.9,19,66,COMPLETE
6976,6976,17830.5,2023-11-15 12:37:58.374572,2023-11-15 12:37:58.981769,0 days 00:00:00.607197,0.7000000000000001,10,2.75,0.9,25,81,COMPLETE
6977,6977,18018.25,2023-11-15 12:37:58.984201,2023-11-15 12:37:59.558490,0 days 00:00:00.574289,0.8,10,3.0,0.8,28,74,COMPLETE
6978,6978,19260.75,2023-11-15 12:37:59.560789,2023-11-15 12:38:00.135434,0 days 00:00:00.574645,0.8,10,3.0,0.9,13,71,COMPLETE
6979,6979,17549.75,2023-11-15 12:38:00.137911,2023-11-15 12:38:00.714769,0 days 00:00:00.576858,0.8,10,2.5,0.9,22,68,COMPLETE
6980,6980,14784.0,2023-11-15 12:38:00.717303,2023-11-15 12:38:01.312337,0 days 00:00:00.595034,0.8,60,3.0,0.9,18,63,COMPLETE
6981,6981,17745.25,2023-11-15 12:38:01.314692,2023-11-15 12:38:01.897652,0 days 00:00:00.582960,0.8,10,2.0,0.9,14,77,COMPLETE
6982,6982,18215.25,2023-11-15 12:38:01.900345,2023-11-15 12:38:02.514038,0 days 00:00:00.613693,0.8,10,2.75,0.9,24,72,COMPLETE
6983,6983,18682.0,2023-11-15 12:38:02.516444,2023-11-15 12:38:03.100707,0 days 00:00:00.584263,0.8,10,3.0,0.9,20,75,COMPLETE
6984,6984,16633.0,2023-11-15 12:38:03.103287,2023-11-15 12:38:03.687720,0 days 00:00:00.584433,0.9,10,3.0,0.9,16,66,COMPLETE
6985,6985,18392.25,2023-11-15 12:38:03.690064,2023-11-15 12:38:04.274345,0 days 00:00:00.584281,0.8,20,3.0,0.9,61,70,COMPLETE
6986,6986,18312.5,2023-11-15 12:38:04.276835,2023-11-15 12:38:04.860685,0 days 00:00:00.583850,0.6,10,2.75,0.8,11,73,COMPLETE
6987,6987,17290.5,2023-11-15 12:38:04.862906,2023-11-15 12:38:05.457900,0 days 00:00:00.594994,0.8,10,3.0,0.6,21,69,COMPLETE
6988,6988,16719.5,2023-11-15 12:38:05.460228,2023-11-15 12:38:06.043894,0 days 00:00:00.583666,0.8,10,3.0,0.9,19,66,COMPLETE
6989,6989,17555.25,2023-11-15 12:38:06.046158,2023-11-15 12:38:06.631312,0 days 00:00:00.585154,0.7000000000000001,10,3.0,0.9,16,79,COMPLETE
6990,6990,18682.0,2023-11-15 12:38:06.633940,2023-11-15 12:38:07.227122,0 days 00:00:00.593182,0.8,10,3.0,0.9,23,75,COMPLETE
6991,6991,18028.25,2023-11-15 12:38:07.229314,2023-11-15 12:38:07.811028,0 days 00:00:00.581714,0.8,10,2.25,0.9,26,72,COMPLETE
6992,6992,17825.5,2023-11-15 12:38:07.813561,2023-11-15 12:38:08.392688,0 days 00:00:00.579127,0.8,10,2.75,0.9,18,70,COMPLETE
6993,6993,15113.5,2023-11-15 12:38:08.394926,2023-11-15 12:38:09.006311,0 days 00:00:00.611385,0.4,20,3.0,0.9,14,61,COMPLETE
6994,6994,17547.25,2023-11-15 12:38:09.008738,2023-11-15 12:38:09.592178,0 days 00:00:00.583440,0.8,10,3.0,0.9,44,68,COMPLETE
6995,6995,17560.0,2023-11-15 12:38:09.594586,2023-11-15 12:38:10.185267,0 days 00:00:00.590681,0.8,10,2.5,0.8,21,76,COMPLETE
6996,6996,17014.0,2023-11-15 12:38:10.187796,2023-11-15 12:38:10.764721,0 days 00:00:00.576925,0.8,10,3.0,0.9,18,64,COMPLETE
6997,6997,18215.25,2023-11-15 12:38:10.767038,2023-11-15 12:38:11.350714,0 days 00:00:00.583676,0.8,10,2.75,0.9,23,72,COMPLETE
6998,6998,17547.25,2023-11-15 12:38:11.353617,2023-11-15 12:38:11.945645,0 days 00:00:00.592028,0.8,10,3.0,0.9,20,68,COMPLETE
6999,6999,19260.75,2023-11-15 12:38:11.948068,2023-11-15 12:38:12.541573,0 days 00:00:00.593505,0.9,10,3.0,0.9,16,74,COMPLETE
7000,7000,14321.75,2023-11-15 12:38:12.543865,2023-11-15 12:38:13.156807,0 days 00:00:00.612942,0.1,10,2.75,0.9,25,83,COMPLETE
7001,7001,14302.5,2023-11-15 12:38:13.159406,2023-11-15 12:38:13.761665,0 days 00:00:00.602259,0.8,70,3.0,0.9,21,78,COMPLETE
7002,7002,19260.75,2023-11-15 12:38:13.764118,2023-11-15 12:38:14.340940,0 days 00:00:00.576822,0.8,10,3.0,0.9,18,71,COMPLETE
7003,7003,14199.0,2023-11-15 12:38:14.343275,2023-11-15 12:38:14.945415,0 days 00:00:00.602140,0.8,50,3.0,0.9,13,66,COMPLETE
7004,7004,17920.75,2023-11-15 12:38:14.947777,2023-11-15 12:38:15.544791,0 days 00:00:00.597014,0.8,10,3.0,0.9,15,74,COMPLETE
7005,7005,16617.75,2023-11-15 12:38:15.547846,2023-11-15 12:38:16.130289,0 days 00:00:00.582443,0.8,20,2.75,0.9,22,69,COMPLETE
7006,7006,19260.75,2023-11-15 12:38:16.132866,2023-11-15 12:38:16.709636,0 days 00:00:00.576770,0.8,10,3.0,0.9,19,71,COMPLETE
7007,7007,16831.75,2023-11-15 12:38:16.712088,2023-11-15 12:38:17.300384,0 days 00:00:00.588296,0.7000000000000001,10,3.0,0.9,50,64,COMPLETE
7008,7008,16923.25,2023-11-15 12:38:17.303089,2023-11-15 12:38:17.895336,0 days 00:00:00.592247,0.8,10,3.0,0.9,28,76,COMPLETE
7009,7009,17917.0,2023-11-15 12:38:17.897600,2023-11-15 12:38:18.488027,0 days 00:00:00.590427,0.8,10,2.75,0.9,24,67,COMPLETE
7010,7010,17369.5,2023-11-15 12:38:18.490587,2023-11-15 12:38:19.104827,0 days 00:00:00.614240,0.8,10,3.0,0.9,56,73,COMPLETE
7011,7011,17369.25,2023-11-15 12:38:19.107163,2023-11-15 12:38:19.693386,0 days 00:00:00.586223,0.8,10,3.0,0.9,17,79,COMPLETE
7012,7012,17923.75,2023-11-15 12:38:19.695728,2023-11-15 12:38:20.271747,0 days 00:00:00.576019,0.9,10,3.0,0.8,71,70,COMPLETE
