,number,value,datetime_start,datetime_complete,duration,params_alpha,params_decay_interval,params_decay_rate,params_gamma,params_initialization,params_max_steps,state
4790,4790,17920.75,2023-11-15 12:19:23.178393,2023-11-15 12:19:23.588500,0 days 00:00:00.410107,0.8,10,2.75,0.9,15,74,COMPLETE
4791,4791,17547.25,2023-11-15 12:19:23.590475,2023-11-15 12:19:24.000967,0 days 00:00:00.410492,0.8,10,3.0,0.9,11,68,COMPLETE
4792,4792,16540.25,2023-11-15 12:19:24.002960,2023-11-15 12:19:24.419641,0 days 00:00:00.416681,0.9,10,3.0,0.9,20,62,COMPLETE
4793,4793,18215.25,2023-11-15 12:19:24.421903,2023-11-15 12:19:24.828511,0 days 00:00:00.406608,0.8,10,2.75,0.9,18,72,COMPLETE
4794,4794,18027.0,2023-11-15 12:19:24.830321,2023-11-15 12:19:25.237072,0 days 00:00:00.406751,0.8,10,3.0,0.8,24,77,COMPLETE
4795,4795,16091.25,2023-11-15 12:19:25.239026,2023-11-15 12:19:25.653727,0 days 00:00:00.414701,0.8,20,3.0,0.9,21,66,COMPLETE
4796,4796,19260.75,2023-11-15 12:19:25.655657,2023-11-15 12:19:26.056224,0 days 00:00:00.400567,0.8,10,3.0,0.9,16,71,COMPLETE
4797,4797,17376.75,2023-11-15 12:19:26.058035,2023-11-15 12:19:26.472956,0 days 00:00:00.414921,0.8,10,2.5,0.9,27,76,COMPLETE
4798,4798,17926.25,2023-11-15 12:19:26.474928,2023-11-15 12:19:26.883089,0 days 00:00:00.408161,0.8,10,3.0,0.9,18,80,COMPLETE
4799,4799,17115.5,2023-11-15 12:19:26.884855,2023-11-15 12:19:27.318356,0 days 00:00:00.433501,0.8,10,2.75,0.9,14,69,COMPLETE
4800,4800,17369.5,2023-11-15 12:19:27.320282,2023-11-15 12:19:27.734066,0 days 00:00:00.413784,0.8,10,3.0,0.9,22,73,COMPLETE
4801,4801,17917.0,2023-11-15 12:19:27.735849,2023-11-15 12:19:28.148658,0 days 00:00:00.412809,0.8,10,3.0,0.9,20,67,COMPLETE
4802,4802,17546.5,2023-11-15 12:19:28.150694,2023-11-15 12:19:28.558316,0 days 00:00:00.407622,0.7000000000000001,10,3.0,0.9,17,74,COMPLETE
4803,4803,14855.75,2023-11-15 12:19:28.560546,2023-11-15 12:19:28.983185,0 days 00:00:00.422639,0.2,10,2.75,0.9,24,63,COMPLETE
4804,4804,18392.25,2023-11-15 12:19:28.985023,2023-11-15 12:19:29.403097,0 days 00:00:00.418074,0.8,20,3.0,0.9,12,70,COMPLETE
4805,4805,17842.25,2023-11-15 12:19:29.404951,2023-11-15 12:19:29.819357,0 days 00:00:00.414406,0.8,10,3.0,0.8,83,83,COMPLETE
4806,4806,18215.25,2023-11-15 12:19:29.821205,2023-11-15 12:19:30.225990,0 days 00:00:00.404785,0.8,10,2.75,0.9,19,72,COMPLETE
4807,4807,16923.25,2023-11-15 12:19:30.228388,2023-11-15 12:19:30.643548,0 days 00:00:00.415160,0.8,10,3.0,0.9,22,76,COMPLETE
4808,4808,17649.5,2023-11-15 12:19:30.646044,2023-11-15 12:19:31.050372,0 days 00:00:00.404328,0.9,10,3.0,0.9,16,65,COMPLETE
4809,4809,17547.25,2023-11-15 12:19:31.052332,2023-11-15 12:19:31.454281,0 days 00:00:00.401949,0.8,10,3.0,0.9,25,68,COMPLETE
4810,4810,19260.75,2023-11-15 12:19:31.456086,2023-11-15 12:19:31.861786,0 days 00:00:00.405700,0.8,10,2.75,0.9,14,71,COMPLETE
4811,4811,18776.75,2023-11-15 12:19:31.863715,2023-11-15 12:19:32.267558,0 days 00:00:00.403843,0.8,10,3.0,0.7000000000000001,20,75,COMPLETE
4812,4812,17547.25,2023-11-15 12:19:32.269513,2023-11-15 12:19:32.674448,0 days 00:00:00.404935,0.8,10,3.0,0.9,18,68,COMPLETE
4813,4813,17460.25,2023-11-15 12:19:32.676574,2023-11-15 12:19:33.086169,0 days 00:00:00.409595,0.8,10,2.25,0.9,22,73,COMPLETE
4814,4814,16905.0,2023-11-15 12:19:33.087999,2023-11-15 12:19:33.519192,0 days 00:00:00.431193,0.8,20,3.0,0.9,17,79,COMPLETE
4815,4815,15295.5,2023-11-15 12:19:33.521120,2023-11-15 12:19:33.935221,0 days 00:00:00.414101,0.8,40,2.5,0.4,27,64,COMPLETE
4816,4816,17099.5,2023-11-15 12:19:33.936979,2023-11-15 12:19:34.339485,0 days 00:00:00.402506,0.8,10,2.75,0.9,23,60,COMPLETE
4817,4817,17829.75,2023-11-15 12:19:34.341464,2023-11-15 12:19:34.751691,0 days 00:00:00.410227,0.7000000000000001,10,3.0,0.9,30,70,COMPLETE
4818,4818,17920.75,2023-11-15 12:19:34.753817,2023-11-15 12:19:35.163510,0 days 00:00:00.409693,0.8,10,3.0,0.9,20,74,COMPLETE
4819,4819,13470.75,2023-11-15 12:19:35.165461,2023-11-15 12:19:35.592611,0 days 00:00:00.427150,0.1,10,3.0,0.9,13,67,COMPLETE
4820,4820,17547.0,2023-11-15 12:19:35.595195,2023-11-15 12:19:36.008767,0 days 00:00:00.413572,0.8,10,2.75,0.8,16,78,COMPLETE
4821,4821,12823.25,2023-11-15 12:19:36.011326,2023-11-15 12:19:36.459418,0 days 00:00:00.448092,0.8,70,3.0,0.9,19,71,COMPLETE
4822,4822,16375.5,2023-11-15 12:19:36.461944,2023-11-15 12:19:36.889824,0 days 00:00:00.427880,0.8,30,3.0,0.9,25,75,COMPLETE
4823,4823,17115.5,2023-11-15 12:19:36.891658,2023-11-15 12:19:37.319250,0 days 00:00:00.427592,0.8,10,3.0,0.9,22,69,COMPLETE
4824,4824,16719.5,2023-11-15 12:19:37.321168,2023-11-15 12:19:37.735937,0 days 00:00:00.414769,0.8,10,2.75,0.9,15,66,COMPLETE
4825,4825,17840.75,2023-11-15 12:19:37.738398,2023-11-15 12:19:38.150820,0 days 00:00:00.412422,0.9,10,3.0,0.9,18,72,COMPLETE
4826,4826,18121.5,2023-11-15 12:19:38.152642,2023-11-15 12:19:38.561495,0 days 00:00:00.408853,0.8,10,3.0,0.9,21,77,COMPLETE
4827,4827,14566.5,2023-11-15 12:19:38.563368,2023-11-15 12:19:38.992701,0 days 00:00:00.429333,0.8,50,2.75,0.9,24,70,COMPLETE
4828,4828,16172.25,2023-11-15 12:19:38.995271,2023-11-15 12:19:39.411576,0 days 00:00:00.416305,0.7000000000000001,20,3.0,0.9,54,64,COMPLETE
4829,4829,17369.5,2023-11-15 12:19:39.413488,2023-11-15 12:19:39.822437,0 days 00:00:00.408949,0.8,10,3.0,0.9,19,73,COMPLETE
4830,4830,17547.25,2023-11-15 12:19:39.824346,2023-11-15 12:19:40.233196,0 days 00:00:00.408850,0.8,10,3.0,0.9,16,68,COMPLETE
4831,4831,18032.0,2023-11-15 12:19:40.235070,2023-11-15 12:19:40.645140,0 days 00:00:00.410070,0.5,10,2.75,0.9,21,75,COMPLETE
4832,4832,18122.5,2023-11-15 12:19:40.647066,2023-11-15 12:19:41.057440,0 days 00:00:00.410374,0.8,10,3.0,0.9,13,72,COMPLETE
4833,4833,17646.25,2023-11-15 12:19:41.059553,2023-11-15 12:19:41.473835,0 days 00:00:00.414282,0.4,10,3.0,0.8,10,81,COMPLETE
4834,4834,17917.0,2023-11-15 12:19:41.475646,2023-11-15 12:19:41.913082,0 days 00:00:00.437436,0.8,10,3.0,0.9,28,67,COMPLETE
4835,4835,19260.75,2023-11-15 12:19:41.915067,2023-11-15 12:19:42.320445,0 days 00:00:00.405378,0.8,10,2.75,0.9,18,71,COMPLETE
4836,4836,16358.75,2023-11-15 12:19:42.322365,2023-11-15 12:19:42.740507,0 days 00:00:00.418142,0.9,10,3.0,0.9,23,61,COMPLETE
4837,4837,16923.25,2023-11-15 12:19:42.742524,2023-11-15 12:19:43.161051,0 days 00:00:00.418527,0.8,10,3.0,0.9,20,76,COMPLETE
4838,4838,17110.0,2023-11-15 12:19:43.162955,2023-11-15 12:19:43.574963,0 days 00:00:00.412008,0.7000000000000001,10,2.5,0.9,15,69,COMPLETE
4839,4839,13548.25,2023-11-15 12:19:43.577502,2023-11-15 12:19:43.997979,0 days 00:00:00.420477,0.8,80,3.0,0.9,17,64,COMPLETE
4840,4840,17369.5,2023-11-15 12:19:43.999865,2023-11-15 12:19:44.417828,0 days 00:00:00.417963,0.8,10,2.75,0.9,25,73,COMPLETE
4841,4841,17369.25,2023-11-15 12:19:44.419836,2023-11-15 12:19:44.835645,0 days 00:00:00.415809,0.8,10,3.0,0.9,21,79,COMPLETE
4842,4842,17917.0,2023-11-15 12:19:44.837468,2023-11-15 12:19:45.251305,0 days 00:00:00.413837,0.8,10,3.0,0.9,19,67,COMPLETE
4843,4843,18392.25,2023-11-15 12:19:45.253392,2023-11-15 12:19:45.664165,0 days 00:00:00.410773,0.8,20,3.0,0.9,23,70,COMPLETE
4844,4844,17369.5,2023-11-15 12:19:45.666079,2023-11-15 12:19:46.075607,0 days 00:00:00.409528,0.8,10,2.75,0.9,14,73,COMPLETE
4845,4845,12949.0,2023-11-15 12:19:46.078284,2023-11-15 12:19:46.529958,0 days 00:00:00.451674,0.8,60,3.0,0.9,17,76,COMPLETE
4846,4846,17748.75,2023-11-15 12:19:46.531792,2023-11-15 12:19:46.941926,0 days 00:00:00.410134,0.8,10,2.5,0.8,26,65,COMPLETE
4847,4847,17825.5,2023-11-15 12:19:46.944388,2023-11-15 12:19:47.354957,0 days 00:00:00.410569,0.8,10,3.0,0.9,21,70,COMPLETE
4848,4848,17175.5,2023-11-15 12:19:47.356854,2023-11-15 12:19:47.767217,0 days 00:00:00.410363,0.8,10,3.0,0.9,12,58,COMPLETE
4849,4849,17920.75,2023-11-15 12:19:47.769119,2023-11-15 12:19:48.202827,0 days 00:00:00.433708,0.8,10,3.0,0.9,48,74,COMPLETE
4850,4850,17639.75,2023-11-15 12:19:48.205349,2023-11-15 12:19:48.617540,0 days 00:00:00.412191,0.8,10,2.25,0.9,19,68,COMPLETE
4851,4851,16184.5,2023-11-15 12:19:48.619435,2023-11-15 12:19:49.044914,0 days 00:00:00.425479,0.8,20,3.0,0.9,16,78,COMPLETE
4852,4852,19260.75,2023-11-15 12:19:49.046845,2023-11-15 12:19:49.454994,0 days 00:00:00.408149,0.8,10,2.75,0.9,23,71,COMPLETE
4853,4853,16719.5,2023-11-15 12:19:49.456966,2023-11-15 12:19:49.872544,0 days 00:00:00.415578,0.8,10,3.0,0.9,18,66,COMPLETE
4854,4854,19260.75,2023-11-15 12:19:49.874527,2023-11-15 12:19:50.279429,0 days 00:00:00.404902,0.9,10,3.0,0.9,21,74,COMPLETE
4855,4855,17825.5,2023-11-15 12:19:50.281240,2023-11-15 12:19:50.691222,0 days 00:00:00.409982,0.8,10,2.75,0.9,15,70,COMPLETE
4856,4856,0.0,2023-11-15 12:19:50.693475,2023-11-15 12:19:51.095559,0 days 00:00:00.402084,0.8,10,3.0,0.9,24,7,COMPLETE
4857,4857,16469.5,2023-11-15 12:19:51.097762,2023-11-15 12:19:51.513134,0 days 00:00:00.415372,0.7000000000000001,10,3.0,0.8,20,63,COMPLETE
4858,4858,17462.5,2023-11-15 12:19:51.514957,2023-11-15 12:19:51.933433,0 days 00:00:00.418476,0.6,20,3.0,0.9,17,72,COMPLETE
4859,4859,17285.25,2023-11-15 12:19:51.935286,2023-11-15 12:19:52.358171,0 days 00:00:00.422885,0.8,10,2.75,0.9,14,84,COMPLETE
4860,4860,15111.0,2023-11-15 12:19:52.360454,2023-11-15 12:19:52.788747,0 days 00:00:00.428293,0.8,10,3.0,0.9,22,28,COMPLETE
4861,4861,11652.0,2023-11-15 12:19:52.790637,2023-11-15 12:19:53.222654,0 days 00:00:00.432017,0.8,100,3.0,0.9,19,68,COMPLETE
4862,4862,16597.75,2023-11-15 12:19:53.224679,2023-11-15 12:19:53.647291,0 days 00:00:00.422612,0.2,10,2.75,0.9,25,76,COMPLETE
4863,4863,17739.5,2023-11-15 12:19:53.649215,2023-11-15 12:19:54.061470,0 days 00:00:00.412255,0.8,10,3.0,0.9,17,81,COMPLETE
4864,4864,17369.5,2023-11-15 12:19:54.063418,2023-11-15 12:19:54.477863,0 days 00:00:00.414445,0.8,10,3.0,0.9,28,73,COMPLETE
4865,4865,16995.0,2023-11-15 12:19:54.480185,2023-11-15 12:19:54.888118,0 days 00:00:00.407933,0.7000000000000001,10,2.5,0.9,22,66,COMPLETE
4866,4866,17115.5,2023-11-15 12:19:54.889995,2023-11-15 12:19:55.314038,0 days 00:00:00.424043,0.8,10,3.0,0.9,9,69,COMPLETE
4867,4867,18121.5,2023-11-15 12:19:55.315938,2023-11-15 12:19:55.726268,0 days 00:00:00.410330,0.8,10,2.75,0.9,20,77,COMPLETE
4868,4868,17275.25,2023-11-15 12:19:55.728746,2023-11-15 12:19:56.145558,0 days 00:00:00.416812,0.8,20,3.0,0.9,12,72,COMPLETE
4869,4869,18587.75,2023-11-15 12:19:56.147532,2023-11-15 12:19:56.567795,0 days 00:00:00.420263,0.9,10,3.0,0.9,16,75,COMPLETE
4870,4870,17020.25,2023-11-15 12:19:56.569679,2023-11-15 12:19:56.986876,0 days 00:00:00.417197,0.8,10,3.0,0.8,18,69,COMPLETE
4871,4871,8968.25,2023-11-15 12:19:56.988697,2023-11-15 12:19:57.429026,0 days 00:00:00.440329,0.8,90,3.0,0.9,24,62,COMPLETE
4872,4872,17654.5,2023-11-15 12:19:57.430927,2023-11-15 12:19:57.839981,0 days 00:00:00.409054,0.8,10,2.75,0.9,26,65,COMPLETE
4873,4873,18122.5,2023-11-15 12:19:57.842040,2023-11-15 12:19:58.253037,0 days 00:00:00.410997,0.8,10,3.0,0.9,20,72,COMPLETE
4874,4874,17369.25,2023-11-15 12:19:58.254813,2023-11-15 12:19:58.667876,0 days 00:00:00.413063,0.8,10,3.0,0.9,15,79,COMPLETE
4875,4875,17741.25,2023-11-15 12:19:58.669877,2023-11-15 12:19:59.090924,0 days 00:00:00.421047,0.8,10,2.75,0.9,23,121,COMPLETE
4876,4876,17547.25,2023-11-15 12:19:59.093442,2023-11-15 12:19:59.504401,0 days 00:00:00.410959,0.8,10,3.0,0.9,18,68,COMPLETE
4877,4877,19260.75,2023-11-15 12:19:59.506280,2023-11-15 12:19:59.914299,0 days 00:00:00.408019,0.9,10,3.0,0.9,22,74,COMPLETE
4878,4878,19260.75,2023-11-15 12:19:59.916694,2023-11-15 12:20:00.327451,0 days 00:00:00.410757,0.8,10,2.75,0.9,13,71,COMPLETE
4879,4879,18592.5,2023-11-15 12:20:00.329468,2023-11-15 12:20:00.741226,0 days 00:00:00.411758,0.8,10,3.0,0.9,19,87,COMPLETE
4880,4880,16091.75,2023-11-15 12:20:00.743691,2023-11-15 12:20:01.163086,0 days 00:00:00.419395,0.8,20,2.5,0.9,30,66,COMPLETE
4881,4881,17193.75,2023-11-15 12:20:01.165016,2023-11-15 12:20:01.595724,0 days 00:00:00.430708,0.8,10,3.0,0.8,21,76,COMPLETE
4882,4882,18973.5,2023-11-15 12:20:01.597663,2023-11-15 12:20:02.005027,0 days 00:00:00.407364,0.7000000000000001,10,3.0,0.9,17,71,COMPLETE
4883,4883,17115.5,2023-11-15 12:20:02.006852,2023-11-15 12:20:02.424833,0 days 00:00:00.417981,0.8,10,3.0,0.9,15,69,COMPLETE
4884,4884,17920.75,2023-11-15 12:20:02.427244,2023-11-15 12:20:02.858604,0 days 00:00:00.431360,0.8,10,2.75,0.9,20,74,COMPLETE
4885,4885,17192.75,2023-11-15 12:20:02.860585,2023-11-15 12:20:03.275684,0 days 00:00:00.415099,0.8,10,3.0,0.6,26,64,COMPLETE
4886,4886,17360.25,2023-11-15 12:20:03.277522,2023-11-15 12:20:03.694672,0 days 00:00:00.417150,0.8,10,3.0,0.9,22,78,COMPLETE
4887,4887,17547.25,2023-11-15 12:20:03.696661,2023-11-15 12:20:04.112906,0 days 00:00:00.416245,0.8,10,3.0,0.9,18,68,COMPLETE
4888,4888,18215.25,2023-11-15 12:20:04.114819,2023-11-15 12:20:04.527483,0 days 00:00:00.412664,0.8,10,2.75,0.9,16,72,COMPLETE
4889,4889,15902.75,2023-11-15 12:20:04.530020,2023-11-15 12:20:04.956145,0 days 00:00:00.426125,0.8,20,3.0,0.9,11,61,COMPLETE
4890,4890,18682.0,2023-11-15 12:20:04.958829,2023-11-15 12:20:05.368022,0 days 00:00:00.409193,0.8,10,3.0,0.9,20,75,COMPLETE
4891,4891,16598.5,2023-11-15 12:20:05.369798,2023-11-15 12:20:05.796979,0 days 00:00:00.427181,0.8,10,3.0,0.30000000000000004,63,67,COMPLETE
4892,4892,17731.5,2023-11-15 12:20:05.798934,2023-11-15 12:20:06.214675,0 days 00:00:00.415741,0.8,10,2.75,0.9,25,70,COMPLETE
4893,4893,17739.5,2023-11-15 12:20:06.216593,2023-11-15 12:20:06.632097,0 days 00:00:00.415504,0.8,10,3.0,0.9,14,81,COMPLETE
4894,4894,17186.0,2023-11-15 12:20:06.633886,2023-11-15 12:20:07.058232,0 days 00:00:00.424346,0.8,10,3.0,0.9,23,73,COMPLETE
4895,4895,18012.75,2023-11-15 12:20:07.060411,2023-11-15 12:20:07.493193,0 days 00:00:00.432782,0.9,10,2.75,0.9,18,70,COMPLETE
4896,4896,18030.25,2023-11-15 12:20:07.495140,2023-11-15 12:20:07.915145,0 days 00:00:00.420005,0.8,10,3.0,0.5,21,77,COMPLETE
4897,4897,15878.0,2023-11-15 12:20:07.917009,2023-11-15 12:20:08.340905,0 days 00:00:00.423896,0.30000000000000004,10,3.0,0.8,16,65,COMPLETE
4898,4898,17369.5,2023-11-15 12:20:08.343118,2023-11-15 12:20:08.761608,0 days 00:00:00.418490,0.8,10,3.0,0.9,24,73,COMPLETE
4899,4899,16535.75,2023-11-15 12:20:08.763755,2023-11-15 12:20:09.193128,0 days 00:00:00.429373,0.7000000000000001,20,2.75,0.9,19,67,COMPLETE
4900,4900,19260.75,2023-11-15 12:20:09.195035,2023-11-15 12:20:09.600178,0 days 00:00:00.405143,0.8,10,3.0,0.9,14,71,COMPLETE
4901,4901,18682.0,2023-11-15 12:20:09.602239,2023-11-15 12:20:10.014004,0 days 00:00:00.411765,0.8,10,3.0,0.9,27,75,COMPLETE
4902,4902,17115.5,2023-11-15 12:20:10.015912,2023-11-15 12:20:10.434034,0 days 00:00:00.418122,0.8,10,3.0,0.9,22,69,COMPLETE
4903,4903,17452.5,2023-11-15 12:20:10.435904,2023-11-15 12:20:10.853037,0 days 00:00:00.417133,0.8,10,2.75,0.9,18,78,COMPLETE
4904,4904,16529.25,2023-11-15 12:20:10.854901,2023-11-15 12:20:11.276139,0 days 00:00:00.421238,0.8,10,2.5,0.9,20,56,COMPLETE
4905,4905,17014.0,2023-11-15 12:20:11.277982,2023-11-15 12:20:11.696620,0 days 00:00:00.418638,0.8,10,3.0,0.9,16,64,COMPLETE
4906,4906,17275.25,2023-11-15 12:20:11.698697,2023-11-15 12:20:12.119072,0 days 00:00:00.420375,0.8,20,2.25,0.9,23,72,COMPLETE
4907,4907,18682.0,2023-11-15 12:20:12.121058,2023-11-15 12:20:12.535306,0 days 00:00:00.414248,0.8,10,3.0,0.9,17,75,COMPLETE
4908,4908,17455.75,2023-11-15 12:20:12.537310,2023-11-15 12:20:12.953700,0 days 00:00:00.416390,0.9,10,3.0,0.9,21,67,COMPLETE
4909,4909,17829.75,2023-11-15 12:20:12.955932,2023-11-15 12:20:13.369359,0 days 00:00:00.413427,0.7000000000000001,10,3.0,0.9,13,70,COMPLETE
4910,4910,17932.0,2023-11-15 12:20:13.371282,2023-11-15 12:20:13.809807,0 days 00:00:00.438525,0.8,10,2.75,0.8,19,72,COMPLETE
4911,4911,16708.75,2023-11-15 12:20:13.811765,2023-11-15 12:20:14.227036,0 days 00:00:00.415271,0.8,10,2.5,0.9,24,62,COMPLETE
4912,4912,18682.0,2023-11-15 12:20:14.228877,2023-11-15 12:20:14.640429,0 days 00:00:00.411552,0.8,10,3.0,0.9,27,75,COMPLETE
4913,4913,17917.0,2023-11-15 12:20:14.642289,2023-11-15 12:20:15.057063,0 days 00:00:00.414774,0.8,10,3.0,0.9,11,67,COMPLETE
4914,4914,17926.25,2023-11-15 12:20:15.059057,2023-11-15 12:20:15.478564,0 days 00:00:00.419507,0.8,10,3.0,0.9,16,80,COMPLETE
4915,4915,17548.0,2023-11-15 12:20:15.480394,2023-11-15 12:20:15.894575,0 days 00:00:00.414181,0.8,30,2.75,0.9,21,70,COMPLETE
4916,4916,17920.75,2023-11-15 12:20:15.896517,2023-11-15 12:20:16.312619,0 days 00:00:00.416102,0.8,10,3.0,0.9,18,74,COMPLETE
4917,4917,16719.5,2023-11-15 12:20:16.314574,2023-11-15 12:20:16.732169,0 days 00:00:00.417595,0.8,10,3.0,0.9,14,66,COMPLETE
4918,4918,17306.5,2023-11-15 12:20:16.734068,2023-11-15 12:20:17.159391,0 days 00:00:00.425323,0.8,10,0.5,0.9,24,78,COMPLETE
4919,4919,17825.5,2023-11-15 12:20:17.161432,2023-11-15 12:20:17.579372,0 days 00:00:00.417940,0.8,10,3.0,0.9,20,70,COMPLETE
4920,4920,14558.25,2023-11-15 12:20:17.581302,2023-11-15 12:20:18.017110,0 days 00:00:00.435808,0.9,40,2.75,0.9,17,73,COMPLETE
4921,4921,17642.25,2023-11-15 12:20:18.019318,2023-11-15 12:20:18.440545,0 days 00:00:00.421227,0.8,10,3.0,0.8,22,68,COMPLETE
4922,4922,15630.5,2023-11-15 12:20:18.442449,2023-11-15 12:20:18.864279,0 days 00:00:00.421830,0.8,20,3.0,0.9,19,63,COMPLETE
4923,4923,16923.25,2023-11-15 12:20:18.866389,2023-11-15 12:20:19.307330,0 days 00:00:00.440941,0.8,10,3.0,0.9,29,76,COMPLETE
4924,4924,18490.0,2023-11-15 12:20:19.309228,2023-11-15 12:20:19.719305,0 days 00:00:00.410077,0.7000000000000001,10,2.25,0.9,15,72,COMPLETE
4925,4925,17115.5,2023-11-15 12:20:19.721950,2023-11-15 12:20:20.137478,0 days 00:00:00.415528,0.8,10,2.75,0.9,26,69,COMPLETE
4926,4926,17271.75,2023-11-15 12:20:20.140192,2023-11-15 12:20:20.557671,0 days 00:00:00.417479,0.8,10,3.0,0.9,22,59,COMPLETE
4927,4927,17654.5,2023-11-15 12:20:20.559939,2023-11-15 12:20:20.972995,0 days 00:00:00.413056,0.8,10,2.75,0.9,19,65,COMPLETE
4928,4928,16636.25,2023-11-15 12:20:20.974998,2023-11-15 12:20:21.407259,0 days 00:00:00.432261,0.8,20,3.0,0.8,17,73,COMPLETE
4929,4929,17401.5,2023-11-15 12:20:21.409215,2023-11-15 12:20:21.828875,0 days 00:00:00.419660,0.8,10,3.0,0.9,100,77,COMPLETE
4930,4930,17825.5,2023-11-15 12:20:21.830769,2023-11-15 12:20:22.250909,0 days 00:00:00.420140,0.8,10,3.0,0.9,24,70,COMPLETE
4931,4931,16719.5,2023-11-15 12:20:22.252804,2023-11-15 12:20:22.677441,0 days 00:00:00.424637,0.8,10,3.0,0.9,13,66,COMPLETE
4932,4932,17920.75,2023-11-15 12:20:22.679311,2023-11-15 12:20:23.098998,0 days 00:00:00.419687,0.8,10,2.75,0.9,21,74,COMPLETE
4933,4933,17115.5,2023-11-15 12:20:23.100900,2023-11-15 12:20:23.524626,0 days 00:00:00.423726,0.8,10,3.0,0.9,16,69,COMPLETE
4934,4934,17644.0,2023-11-15 12:20:23.526466,2023-11-15 12:20:23.946010,0 days 00:00:00.419544,0.8,10,3.0,0.9,19,82,COMPLETE
4935,4935,17771.25,2023-11-15 12:20:23.948016,2023-11-15 12:20:24.365493,0 days 00:00:00.417477,0.9,10,2.5,0.9,88,71,COMPLETE
4936,4936,17016.25,2023-11-15 12:20:24.367285,2023-11-15 12:20:24.795142,0 days 00:00:00.427857,0.8,10,3.0,0.9,23,76,COMPLETE
4937,4937,17917.0,2023-11-15 12:20:24.797127,2023-11-15 12:20:25.234580,0 days 00:00:00.437453,0.8,10,3.0,0.9,20,67,COMPLETE
4938,4938,18215.25,2023-11-15 12:20:25.236453,2023-11-15 12:20:25.658128,0 days 00:00:00.421675,0.8,10,2.75,0.9,15,72,COMPLETE
4939,4939,16919.75,2023-11-15 12:20:25.660235,2023-11-15 12:20:26.084532,0 days 00:00:00.424297,0.7000000000000001,10,3.0,0.9,9,64,COMPLETE
4940,4940,17188.25,2023-11-15 12:20:26.086371,2023-11-15 12:20:26.517750,0 days 00:00:00.431379,0.8,20,3.0,0.9,25,74,COMPLETE
4941,4941,17452.5,2023-11-15 12:20:26.519661,2023-11-15 12:20:26.942665,0 days 00:00:00.423004,0.8,10,2.75,0.9,18,78,COMPLETE
4942,4942,17292.25,2023-11-15 12:20:26.944778,2023-11-15 12:20:27.367678,0 days 00:00:00.422900,0.8,10,3.0,0.7000000000000001,12,69,COMPLETE
4943,4943,18122.5,2023-11-15 12:20:27.369477,2023-11-15 12:20:27.797173,0 days 00:00:00.427696,0.8,10,3.0,0.9,22,72,COMPLETE
4944,4944,16713.5,2023-11-15 12:20:27.799082,2023-11-15 12:20:28.219698,0 days 00:00:00.420616,0.8,10,2.5,0.9,17,66,COMPLETE
4945,4945,16994.75,2023-11-15 12:20:28.222130,2023-11-15 12:20:28.645140,0 days 00:00:00.423010,0.8,10,3.0,0.9,21,48,COMPLETE
4946,4946,16644.25,2023-11-15 12:20:28.646981,2023-11-15 12:20:29.073521,0 days 00:00:00.426540,0.8,10,2.75,0.8,14,61,COMPLETE
4947,4947,17115.5,2023-11-15 12:20:29.075745,2023-11-15 12:20:29.499383,0 days 00:00:00.423638,0.8,10,3.0,0.9,28,69,COMPLETE
4948,4948,17190.0,2023-11-15 12:20:29.501232,2023-11-15 12:20:29.932324,0 days 00:00:00.431092,0.8,20,3.0,0.9,19,75,COMPLETE
4949,4949,17109.5,2023-11-15 12:20:29.934186,2023-11-15 12:20:30.362307,0 days 00:00:00.428121,0.9,10,3.0,0.9,23,79,COMPLETE
4950,4950,19260.75,2023-11-15 12:20:30.364192,2023-11-15 12:20:30.780764,0 days 00:00:00.416572,0.8,10,2.75,0.9,26,71,COMPLETE
4951,4951,17825.0,2023-11-15 12:20:30.782591,2023-11-15 12:20:31.217002,0 days 00:00:00.434411,0.6,10,3.0,0.9,16,68,COMPLETE
4952,4952,18872.25,2023-11-15 12:20:31.219065,2023-11-15 12:20:31.636659,0 days 00:00:00.417594,0.7000000000000001,10,3.0,0.9,20,73,COMPLETE
4953,4953,17014.0,2023-11-15 12:20:31.640162,2023-11-15 12:20:32.065452,0 days 00:00:00.425290,0.8,10,3.0,0.9,18,64,COMPLETE
4954,4954,17196.25,2023-11-15 12:20:32.067470,2023-11-15 12:20:32.493927,0 days 00:00:00.426457,0.8,10,2.75,0.9,22,76,COMPLETE
4955,4955,19260.75,2023-11-15 12:20:32.495782,2023-11-15 12:20:32.910353,0 days 00:00:00.414571,0.8,10,3.0,0.9,24,71,COMPLETE
4956,4956,17917.0,2023-11-15 12:20:32.912456,2023-11-15 12:20:33.338889,0 days 00:00:00.426433,0.8,10,3.0,0.9,16,67,COMPLETE
4957,4957,15766.75,2023-11-15 12:20:33.340848,2023-11-15 12:20:33.768047,0 days 00:00:00.427199,0.8,50,3.0,0.5,20,74,COMPLETE
4958,4958,18392.25,2023-11-15 12:20:33.769839,2023-11-15 12:20:34.189096,0 days 00:00:00.419257,0.8,20,2.75,0.9,14,70,COMPLETE
4959,4959,18026.0,2023-11-15 12:20:34.190984,2023-11-15 12:20:34.608875,0 days 00:00:00.417891,0.8,10,3.0,0.9,18,77,COMPLETE
4960,4960,17830.5,2023-11-15 12:20:34.610823,2023-11-15 12:20:35.031537,0 days 00:00:00.420714,0.7000000000000001,10,3.0,0.9,11,81,COMPLETE
