,number,value,datetime_start,datetime_complete,duration,params_alpha,params_decay_interval,params_decay_rate,params_gamma,params_initialization,params_max_steps,state
5092,5092,18028.0,2023-11-15 13:40:55.830102,2023-11-15 13:40:56.275977,0 days 00:00:00.445875,0.7000000000000001,10,1.25,0.8,9,96,COMPLETE
5093,5093,18071.5,2023-11-15 13:40:56.278433,2023-11-15 13:40:56.729401,0 days 00:00:00.450968,0.8,10,1.0,0.9,23,98,COMPLETE
5094,5094,18116.0,2023-11-15 13:40:56.731711,2023-11-15 13:40:57.176893,0 days 00:00:00.445182,0.9,20,1.25,0.8,12,91,COMPLETE
5095,5095,18398.25,2023-11-15 13:40:57.179013,2023-11-15 13:40:57.631433,0 days 00:00:00.452420,0.8,10,1.25,0.6,16,100,COMPLETE
5096,5096,17837.25,2023-11-15 13:40:57.633344,2023-11-15 13:40:58.105645,0 days 00:00:00.472301,0.8,10,1.25,0.8,20,95,COMPLETE
5097,5097,18013.25,2023-11-15 13:40:58.107643,2023-11-15 13:40:58.562145,0 days 00:00:00.454502,0.8,10,1.5,0.7000000000000001,51,97,COMPLETE
5098,5098,18681.25,2023-11-15 13:40:58.564985,2023-11-15 13:40:59.009746,0 days 00:00:00.444761,0.8,10,1.25,0.8,7,99,COMPLETE
5099,5099,18410.75,2023-11-15 13:40:59.011730,2023-11-15 13:40:59.468533,0 days 00:00:00.456803,0.8,10,1.25,0.8,15,94,COMPLETE
5100,5100,17992.75,2023-11-15 13:40:59.470384,2023-11-15 13:40:59.919132,0 days 00:00:00.448748,0.8,10,1.0,0.8,4,78,COMPLETE
5101,5101,12988.25,2023-11-15 13:40:59.921186,2023-11-15 13:41:00.412935,0 days 00:00:00.491749,0.1,10,1.25,0.8,18,72,COMPLETE
5102,5102,18492.5,2023-11-15 13:41:00.415470,2023-11-15 13:41:00.869607,0 days 00:00:00.454137,0.8,10,1.25,0.8,2,100,COMPLETE
5103,5103,18493.0,2023-11-15 13:41:00.871485,2023-11-15 13:41:01.318924,0 days 00:00:00.447439,0.8,10,0.75,0.9,10,97,COMPLETE
5104,5104,13306.0,2023-11-15 13:41:01.320826,2023-11-15 13:41:01.818424,0 days 00:00:00.497598,0.8,90,1.25,0.8,13,98,COMPLETE
5105,5105,18306.5,2023-11-15 13:41:01.820289,2023-11-15 13:41:02.276566,0 days 00:00:00.456277,0.8,10,1.5,0.8,21,100,COMPLETE
5106,5106,18202.0,2023-11-15 13:41:02.278523,2023-11-15 13:41:02.725817,0 days 00:00:00.447294,0.8,20,1.25,0.8,17,96,COMPLETE
5107,5107,18303.75,2023-11-15 13:41:02.727698,2023-11-15 13:41:03.202974,0 days 00:00:00.475276,0.7000000000000001,10,1.25,0.8,6,98,COMPLETE
5108,5108,17841.5,2023-11-15 13:41:03.204923,2023-11-15 13:41:03.728248,0 days 00:00:00.523325,0.5,10,1.0,0.7000000000000001,15,96,COMPLETE
5109,5109,18492.5,2023-11-15 13:41:03.749227,2023-11-15 13:41:04.285197,0 days 00:00:00.535970,0.8,10,1.25,0.8,12,100,COMPLETE
5110,5110,391.5,2023-11-15 13:41:04.287596,2023-11-15 13:41:04.987627,0 days 00:00:00.700031,0.8,20,1.75,0.9,0,93,COMPLETE
5111,5111,18023.5,2023-11-15 13:41:04.989558,2023-11-15 13:41:05.487703,0 days 00:00:00.498145,0.8,10,1.25,0.8,19,98,COMPLETE
5112,5112,13547.5,2023-11-15 13:41:05.489593,2023-11-15 13:41:06.043596,0 days 00:00:00.554003,0.9,10,1.25,0.8,8,28,COMPLETE
5113,5113,16106.5,2023-11-15 13:41:06.046250,2023-11-15 13:41:06.615327,0 days 00:00:00.569077,0.8,50,1.5,0.8,30,96,COMPLETE
5114,5114,18198.0,2023-11-15 13:41:06.617751,2023-11-15 13:41:07.085470,0 days 00:00:00.467719,0.6,10,1.25,0.8,24,100,COMPLETE
5115,5115,18022.0,2023-11-15 13:41:07.087742,2023-11-15 13:41:07.595055,0 days 00:00:00.507313,0.8,10,1.0,0.8,22,98,COMPLETE
5116,5116,17656.5,2023-11-15 13:41:07.597659,2023-11-15 13:41:08.089926,0 days 00:00:00.492267,0.4,10,2.25,0.8,17,94,COMPLETE
5117,5117,18209.25,2023-11-15 13:41:08.092177,2023-11-15 13:41:08.616980,0 days 00:00:00.524803,0.8,10,1.25,0.7000000000000001,4,98,COMPLETE
5118,5118,18492.5,2023-11-15 13:41:08.619087,2023-11-15 13:41:09.176904,0 days 00:00:00.557817,0.8,10,1.25,0.8,14,100,COMPLETE
5119,5119,18301.75,2023-11-15 13:41:09.178807,2023-11-15 13:41:09.737262,0 days 00:00:00.558455,0.8,10,1.25,0.8,27,96,COMPLETE
5120,5120,18023.5,2023-11-15 13:41:09.739977,2023-11-15 13:41:10.230477,0 days 00:00:00.490500,0.8,10,1.25,0.8,10,98,COMPLETE
5121,5121,18400.0,2023-11-15 13:41:10.233463,2023-11-15 13:41:10.733550,0 days 00:00:00.500087,0.8,10,1.5,0.9,20,100,COMPLETE
5122,5122,17837.25,2023-11-15 13:41:10.735933,2023-11-15 13:41:11.220138,0 days 00:00:00.484205,0.8,10,1.25,0.8,2,95,COMPLETE
5123,5123,18023.5,2023-11-15 13:41:11.222275,2023-11-15 13:41:11.703366,0 days 00:00:00.481091,0.8,10,1.25,0.8,6,98,COMPLETE
5124,5124,18394.5,2023-11-15 13:41:11.705508,2023-11-15 13:41:12.167480,0 days 00:00:00.461972,0.8,10,1.25,0.8,16,96,COMPLETE
5125,5125,18070.5,2023-11-15 13:41:12.169823,2023-11-15 13:41:12.647115,0 days 00:00:00.477292,0.9,20,1.25,0.8,12,92,COMPLETE
5126,5126,18322.0,2023-11-15 13:41:12.649581,2023-11-15 13:41:13.143603,0 days 00:00:00.494022,0.8,10,1.0,0.8,18,99,COMPLETE
5127,5127,18215.0,2023-11-15 13:41:13.145790,2023-11-15 13:41:13.609804,0 days 00:00:00.464014,0.7000000000000001,10,1.25,0.7000000000000001,14,97,COMPLETE
5128,5128,17359.25,2023-11-15 13:41:13.611952,2023-11-15 13:41:14.092411,0 days 00:00:00.480459,0.8,30,1.5,0.8,21,100,COMPLETE
5129,5129,17565.25,2023-11-15 13:41:14.094293,2023-11-15 13:41:14.584902,0 days 00:00:00.490609,0.30000000000000004,10,1.25,0.8,8,98,COMPLETE
5130,5130,18026.75,2023-11-15 13:41:14.586814,2023-11-15 13:41:15.045580,0 days 00:00:00.458766,0.8,10,1.0,0.9,18,94,COMPLETE
5131,5131,18402.25,2023-11-15 13:41:15.048063,2023-11-15 13:41:15.535651,0 days 00:00:00.487588,0.8,10,2.75,0.8,4,97,COMPLETE
5132,5132,17476.75,2023-11-15 13:41:15.537555,2023-11-15 13:41:16.023008,0 days 00:00:00.485453,0.8,20,1.25,0.4,11,100,COMPLETE
5133,5133,18023.5,2023-11-15 13:41:16.024905,2023-11-15 13:41:16.505980,0 days 00:00:00.481075,0.8,10,1.25,0.8,15,98,COMPLETE
5134,5134,17837.25,2023-11-15 13:41:16.507879,2023-11-15 13:41:16.978279,0 days 00:00:00.470400,0.8,10,1.25,0.8,16,95,COMPLETE
5135,5135,18210.75,2023-11-15 13:41:16.980766,2023-11-15 13:41:17.451860,0 days 00:00:00.471094,0.8,10,1.75,0.8,20,100,COMPLETE
5136,5136,18218.0,2023-11-15 13:41:17.454346,2023-11-15 13:41:17.932142,0 days 00:00:00.477796,0.8,10,1.25,0.8,6,97,COMPLETE
5137,5137,18681.25,2023-11-15 13:41:17.934017,2023-11-15 13:41:18.403489,0 days 00:00:00.469472,0.8,10,1.25,0.8,2,99,COMPLETE
5138,5138,17742.75,2023-11-15 13:41:18.405552,2023-11-15 13:41:18.883986,0 days 00:00:00.478434,0.8,10,1.25,0.8,13,70,COMPLETE
5139,5139,18202.0,2023-11-15 13:41:18.885999,2023-11-15 13:41:19.400766,0 days 00:00:00.514767,0.8,20,1.25,0.9,23,96,COMPLETE
5140,5140,18025.5,2023-11-15 13:41:19.402829,2023-11-15 13:41:19.876591,0 days 00:00:00.473762,0.7000000000000001,10,1.5,0.8,9,98,COMPLETE
5141,5141,18307.0,2023-11-15 13:41:19.878491,2023-11-15 13:41:20.363505,0 days 00:00:00.485014,0.9,10,1.25,0.8,18,100,COMPLETE
5142,5142,14572.25,2023-11-15 13:41:20.365816,2023-11-15 13:41:20.846168,0 days 00:00:00.480352,0.8,70,1.0,0.8,16,93,COMPLETE
5143,5143,18401.0,2023-11-15 13:41:20.848455,2023-11-15 13:41:21.313499,0 days 00:00:00.465044,0.8,10,1.25,0.7000000000000001,11,97,COMPLETE
5144,5144,17837.25,2023-11-15 13:41:21.316015,2023-11-15 13:41:21.793006,0 days 00:00:00.476991,0.8,10,1.25,0.8,14,95,COMPLETE
5145,5145,18026.25,2023-11-15 13:41:21.794862,2023-11-15 13:41:22.278272,0 days 00:00:00.483410,0.8,10,1.25,0.8,20,88,COMPLETE
5146,5146,199.5,2023-11-15 13:41:22.281030,2023-11-15 13:41:23.009751,0 days 00:00:00.728721,0.8,10,1.25,0.8,0,99,COMPLETE
5147,5147,18305.75,2023-11-15 13:41:23.011712,2023-11-15 13:41:23.467413,0 days 00:00:00.455701,0.8,10,1.5,0.8,4,100,COMPLETE
5148,5148,12619.0,2023-11-15 13:41:23.469263,2023-11-15 13:41:23.961627,0 days 00:00:00.492364,0.7000000000000001,100,1.25,0.8,7,98,COMPLETE
5149,5149,18497.5,2023-11-15 13:41:23.964186,2023-11-15 13:41:24.428433,0 days 00:00:00.464247,0.8,10,1.0,0.8,18,96,COMPLETE
5150,5150,18115.25,2023-11-15 13:41:24.435137,2023-11-15 13:41:24.886955,0 days 00:00:00.451818,0.9,10,1.25,0.9,25,98,COMPLETE
5151,5151,18209.5,2023-11-15 13:41:24.888794,2023-11-15 13:41:25.344091,0 days 00:00:00.455297,0.8,10,1.25,0.8,35,96,COMPLETE
5152,5152,18398.25,2023-11-15 13:41:25.346186,2023-11-15 13:41:25.799296,0 days 00:00:00.453110,0.8,10,1.25,0.8,13,100,COMPLETE
5153,5153,13684.5,2023-11-15 13:41:25.801899,2023-11-15 13:41:26.273655,0 days 00:00:00.471756,0.8,80,1.5,0.8,22,94,COMPLETE
5154,5154,18023.5,2023-11-15 13:41:26.275774,2023-11-15 13:41:26.732818,0 days 00:00:00.457044,0.8,10,1.25,0.8,16,98,COMPLETE
5155,5155,16913.0,2023-11-15 13:41:26.734829,2023-11-15 13:41:27.190853,0 days 00:00:00.456024,0.8,10,1.25,0.7000000000000001,9,51,COMPLETE
5156,5156,18013.5,2023-11-15 13:41:27.192837,2023-11-15 13:41:27.665662,0 days 00:00:00.472825,0.8,20,1.25,0.8,5,100,COMPLETE
5157,5157,18122.5,2023-11-15 13:41:27.667931,2023-11-15 13:41:28.128064,0 days 00:00:00.460133,0.8,10,1.25,0.8,19,97,COMPLETE
5158,5158,18305.25,2023-11-15 13:41:28.130910,2023-11-15 13:41:28.582390,0 days 00:00:00.451480,0.8,10,1.5,0.8,2,98,COMPLETE
5159,5159,18399.75,2023-11-15 13:41:28.584278,2023-11-15 13:41:29.045927,0 days 00:00:00.461649,0.8,10,1.25,0.9,11,100,COMPLETE
5160,5160,18497.5,2023-11-15 13:41:29.047980,2023-11-15 13:41:29.503845,0 days 00:00:00.455865,0.8,10,1.0,0.8,17,96,COMPLETE
5161,5161,18397.25,2023-11-15 13:41:29.505708,2023-11-15 13:41:29.956086,0 days 00:00:00.450378,0.9,10,1.25,0.8,14,94,COMPLETE
5162,5162,18023.5,2023-11-15 13:41:29.958168,2023-11-15 13:41:30.414501,0 days 00:00:00.456333,0.8,10,1.25,0.8,7,98,COMPLETE
5163,5163,18027.0,2023-11-15 13:41:30.416974,2023-11-15 13:41:30.875303,0 days 00:00:00.458329,0.7000000000000001,10,1.0,0.8,20,100,COMPLETE
5164,5164,18027.25,2023-11-15 13:41:30.877435,2023-11-15 13:41:31.351444,0 days 00:00:00.474009,0.8,10,1.5,0.8,15,90,COMPLETE
5165,5165,18208.75,2023-11-15 13:41:31.353741,2023-11-15 13:41:31.810795,0 days 00:00:00.457054,0.8,10,1.25,0.7000000000000001,22,96,COMPLETE
5166,5166,17830.75,2023-11-15 13:41:31.813054,2023-11-15 13:41:32.270521,0 days 00:00:00.457467,0.8,20,1.25,0.8,3,98,COMPLETE
5167,5167,18681.25,2023-11-15 13:41:32.272362,2023-11-15 13:41:32.721244,0 days 00:00:00.448882,0.8,10,1.25,0.8,17,99,COMPLETE
5168,5168,18215.75,2023-11-15 13:41:32.723148,2023-11-15 13:41:33.177184,0 days 00:00:00.454036,0.8,10,1.25,0.8,40,92,COMPLETE
5169,5169,18218.0,2023-11-15 13:41:33.179185,2023-11-15 13:41:33.631229,0 days 00:00:00.452044,0.8,10,1.25,0.8,12,97,COMPLETE
5170,5170,17747.25,2023-11-15 13:41:33.633213,2023-11-15 13:41:34.088067,0 days 00:00:00.454854,0.8,10,1.25,0.9,10,95,COMPLETE
5171,5171,18210.75,2023-11-15 13:41:34.090081,2023-11-15 13:41:34.566656,0 days 00:00:00.476575,0.8,10,1.75,0.8,15,100,COMPLETE
5172,5172,17846.0,2023-11-15 13:41:34.568646,2023-11-15 13:41:35.038387,0 days 00:00:00.469741,0.8,10,1.25,0.8,72,98,COMPLETE
5173,5173,18305.75,2023-11-15 13:41:35.040549,2023-11-15 13:41:35.503667,0 days 00:00:00.463118,0.8,10,1.5,0.8,5,100,COMPLETE
5174,5174,16085.5,2023-11-15 13:41:35.505655,2023-11-15 13:41:35.962349,0 days 00:00:00.456694,0.8,20,1.25,0.8,19,63,COMPLETE
5175,5175,18594.75,2023-11-15 13:41:35.964764,2023-11-15 13:41:36.427995,0 days 00:00:00.463231,0.8,10,1.0,0.8,8,96,COMPLETE
5176,5176,18023.5,2023-11-15 13:41:36.430168,2023-11-15 13:41:36.890345,0 days 00:00:00.460177,0.8,10,1.25,0.8,13,98,COMPLETE
5177,5177,18402.0,2023-11-15 13:41:36.892351,2023-11-15 13:41:37.353813,0 days 00:00:00.461462,0.7000000000000001,10,1.25,0.7000000000000001,17,100,COMPLETE
5178,5178,17981.25,2023-11-15 13:41:37.355711,2023-11-15 13:41:37.834395,0 days 00:00:00.478684,0.8,10,1.0,0.8,21,94,COMPLETE
5179,5179,16820.25,2023-11-15 13:41:37.836430,2023-11-15 13:41:38.300448,0 days 00:00:00.464018,0.9,40,1.25,0.8,24,97,COMPLETE
5180,5180,18265.25,2023-11-15 13:41:38.302478,2023-11-15 13:41:38.759021,0 days 00:00:00.456543,0.8,10,1.25,0.9,3,98,COMPLETE
5181,5181,17837.25,2023-11-15 13:41:38.761065,2023-11-15 13:41:39.231094,0 days 00:00:00.470029,0.8,10,1.25,0.8,19,95,COMPLETE
5182,5182,199.5,2023-11-15 13:41:39.233206,2023-11-15 13:41:39.967279,0 days 00:00:00.734073,0.8,10,1.75,0.8,0,99,COMPLETE
5183,5183,18301.5,2023-11-15 13:41:39.969294,2023-11-15 13:41:40.422678,0 days 00:00:00.453384,0.8,10,1.5,0.8,10,96,COMPLETE
5184,5184,18492.5,2023-11-15 13:41:40.424631,2023-11-15 13:41:40.891586,0 days 00:00:00.466955,0.8,10,1.25,0.8,6,100,COMPLETE
5185,5185,18023.5,2023-11-15 13:41:40.893764,2023-11-15 13:41:41.355257,0 days 00:00:00.461493,0.8,10,1.25,0.8,16,98,COMPLETE
5186,5186,17648.25,2023-11-15 13:41:41.357322,2023-11-15 13:41:41.822198,0 days 00:00:00.464876,0.6,20,1.25,0.8,14,97,COMPLETE
5187,5187,18210.75,2023-11-15 13:41:41.824184,2023-11-15 13:41:42.308712,0 days 00:00:00.484528,0.5,10,1.5,0.9,12,100,COMPLETE
5188,5188,6564.25,2023-11-15 13:41:42.310607,2023-11-15 13:41:42.760963,0 days 00:00:00.450356,0.8,10,1.25,0.8,18,12,COMPLETE
5189,5189,18114.5,2023-11-15 13:41:42.763437,2023-11-15 13:41:43.225370,0 days 00:00:00.461933,0.8,10,1.25,0.7000000000000001,21,93,COMPLETE
5190,5190,18463.25,2023-11-15 13:41:43.227256,2023-11-15 13:41:43.685474,0 days 00:00:00.458218,0.8,10,1.0,0.8,26,96,COMPLETE
5191,5191,18209.5,2023-11-15 13:41:43.687407,2023-11-15 13:41:44.141146,0 days 00:00:00.453739,0.9,10,1.25,0.8,8,98,COMPLETE
5192,5192,18401.5,2023-11-15 13:41:44.143003,2023-11-15 13:41:44.603396,0 days 00:00:00.460393,0.7000000000000001,10,1.25,0.8,16,100,COMPLETE
5193,5193,15424.25,2023-11-15 13:41:44.605389,2023-11-15 13:41:45.078781,0 days 00:00:00.473392,0.8,60,1.25,0.8,4,98,COMPLETE
5194,5194,18395.25,2023-11-15 13:41:45.081385,2023-11-15 13:41:45.534925,0 days 00:00:00.453540,0.8,10,1.5,0.8,13,96,COMPLETE
5195,5195,18030.0,2023-11-15 13:41:45.536857,2023-11-15 13:41:46.022558,0 days 00:00:00.485701,0.8,20,1.25,0.8,20,94,COMPLETE
5196,5196,18492.5,2023-11-15 13:41:46.024488,2023-11-15 13:41:46.483892,0 days 00:00:00.459404,0.8,10,1.25,0.8,2,100,COMPLETE
5197,5197,18022.0,2023-11-15 13:41:46.485875,2023-11-15 13:41:46.946904,0 days 00:00:00.461029,0.8,10,1.0,0.8,18,98,COMPLETE
5198,5198,18395.0,2023-11-15 13:41:46.949053,2023-11-15 13:41:47.407042,0 days 00:00:00.457989,0.8,10,3.0,0.8,6,96,COMPLETE
5199,5199,18303.5,2023-11-15 13:41:47.408981,2023-11-15 13:41:47.861511,0 days 00:00:00.452530,0.8,10,1.25,0.7000000000000001,23,98,COMPLETE
5200,5200,18492.5,2023-11-15 13:41:47.863805,2023-11-15 13:41:48.328246,0 days 00:00:00.464441,0.8,10,1.25,0.8,15,100,COMPLETE
5201,5201,18323.25,2023-11-15 13:41:48.330709,2023-11-15 13:41:48.786537,0 days 00:00:00.455828,0.8,10,1.0,0.8,9,97,COMPLETE
5202,5202,18587.75,2023-11-15 13:41:48.788432,2023-11-15 13:41:49.242881,0 days 00:00:00.454449,0.8,10,1.25,0.9,18,99,COMPLETE
5203,5203,17838.25,2023-11-15 13:41:49.244951,2023-11-15 13:41:49.729355,0 days 00:00:00.484404,0.9,10,1.25,0.8,11,95,COMPLETE
5204,5204,18305.75,2023-11-15 13:41:49.731952,2023-11-15 13:41:50.190669,0 days 00:00:00.458717,0.8,10,1.5,0.8,15,100,COMPLETE
5205,5205,18023.5,2023-11-15 13:41:50.192630,2023-11-15 13:41:50.650309,0 days 00:00:00.457679,0.8,10,1.25,0.8,5,98,COMPLETE
5206,5206,18015.5,2023-11-15 13:41:50.652314,2023-11-15 13:41:51.110610,0 days 00:00:00.458296,0.8,20,1.25,0.8,22,92,COMPLETE
5207,5207,18217.25,2023-11-15 13:41:51.112649,2023-11-15 13:41:51.577631,0 days 00:00:00.464982,0.8,10,1.25,0.9,17,97,COMPLETE
5208,5208,18112.5,2023-11-15 13:41:51.580172,2023-11-15 13:41:52.048472,0 days 00:00:00.468300,0.8,10,1.25,0.8,12,95,COMPLETE
5209,5209,18491.25,2023-11-15 13:41:52.050507,2023-11-15 13:41:52.517331,0 days 00:00:00.466824,0.7000000000000001,10,1.25,0.8,7,99,COMPLETE
5210,5210,13372.75,2023-11-15 13:41:52.519314,2023-11-15 13:41:52.999155,0 days 00:00:00.479841,0.8,10,1.5,0.8,63,25,COMPLETE
5211,5211,16841.75,2023-11-15 13:41:53.001274,2023-11-15 13:41:53.476245,0 days 00:00:00.474971,0.8,10,0.25,0.8,100,100,COMPLETE
5212,5212,18323.25,2023-11-15 13:41:53.478188,2023-11-15 13:41:53.940242,0 days 00:00:00.462054,0.8,10,1.0,0.8,20,97,COMPLETE
5213,5213,18211.75,2023-11-15 13:41:53.942138,2023-11-15 13:41:54.398366,0 days 00:00:00.456228,0.8,10,0.5,0.8,14,94,COMPLETE
5214,5214,199.5,2023-11-15 13:41:54.400564,2023-11-15 13:41:55.110468,0 days 00:00:00.709904,0.8,10,1.25,0.7000000000000001,0,98,COMPLETE
5215,5215,18211.5,2023-11-15 13:41:55.112705,2023-11-15 13:41:55.571247,0 days 00:00:00.458542,0.8,10,1.25,0.6,3,100,COMPLETE
5216,5216,17927.75,2023-11-15 13:41:55.573180,2023-11-15 13:41:56.028846,0 days 00:00:00.455666,0.8,20,1.25,0.5,10,96,COMPLETE
5217,5217,18023.5,2023-11-15 13:41:56.031249,2023-11-15 13:41:56.503785,0 days 00:00:00.472536,0.8,10,1.25,0.8,17,98,COMPLETE
5218,5218,18492.75,2023-11-15 13:41:56.505805,2023-11-15 13:41:56.963789,0 days 00:00:00.457984,0.7000000000000001,10,1.5,0.8,19,100,COMPLETE
5219,5219,18300.75,2023-11-15 13:41:56.965966,2023-11-15 13:41:57.425878,0 days 00:00:00.459912,0.8,10,1.25,0.9,24,96,COMPLETE
5220,5220,18209.5,2023-11-15 13:41:57.427773,2023-11-15 13:41:57.888429,0 days 00:00:00.460656,0.9,10,1.25,0.8,15,98,COMPLETE
5221,5221,17369.0,2023-11-15 13:41:57.890702,2023-11-15 13:41:58.350967,0 days 00:00:00.460265,0.8,30,1.0,0.8,12,85,COMPLETE
5222,5222,18486.25,2023-11-15 13:41:58.353065,2023-11-15 13:41:58.809752,0 days 00:00:00.456687,0.8,10,1.25,0.8,8,94,COMPLETE
5223,5223,17467.25,2023-11-15 13:41:58.811900,2023-11-15 13:41:59.283498,0 days 00:00:00.471598,0.8,20,1.75,0.8,56,99,COMPLETE
5224,5224,18309.25,2023-11-15 13:41:59.285510,2023-11-15 13:41:59.759321,0 days 00:00:00.473811,0.8,10,2.0,0.8,28,97,COMPLETE
5225,5225,18492.5,2023-11-15 13:41:59.761178,2023-11-15 13:42:00.222249,0 days 00:00:00.461071,0.8,10,1.25,0.8,4,100,COMPLETE
5226,5226,14262.75,2023-11-15 13:42:00.224246,2023-11-15 13:42:00.723917,0 days 00:00:00.499671,0.1,10,1.25,0.8,21,96,COMPLETE
5227,5227,18410.5,2023-11-15 13:42:00.725781,2023-11-15 13:42:01.187831,0 days 00:00:00.462050,0.8,10,0.75,0.7000000000000001,17,99,COMPLETE
5228,5228,18023.5,2023-11-15 13:42:01.189739,2023-11-15 13:42:01.654995,0 days 00:00:00.465256,0.8,10,1.25,0.8,6,98,COMPLETE
5229,5229,17831.25,2023-11-15 13:42:01.656871,2023-11-15 13:42:02.116686,0 days 00:00:00.459815,0.8,10,1.5,0.8,14,95,COMPLETE
5230,5230,18492.5,2023-11-15 13:42:02.118568,2023-11-15 13:42:02.580814,0 days 00:00:00.462246,0.8,10,1.25,0.8,2,100,COMPLETE
5231,5231,18307.75,2023-11-15 13:42:02.583146,2023-11-15 13:42:03.073084,0 days 00:00:00.489938,0.7000000000000001,10,1.25,0.8,19,97,COMPLETE
5232,5232,18140.0,2023-11-15 13:42:03.075017,2023-11-15 13:42:03.535569,0 days 00:00:00.460552,0.8,10,1.0,0.9,10,93,COMPLETE
5233,5233,18023.5,2023-11-15 13:42:03.537567,2023-11-15 13:42:03.997815,0 days 00:00:00.460248,0.8,10,1.25,0.8,13,98,COMPLETE
5234,5234,18013.5,2023-11-15 13:42:03.999826,2023-11-15 13:42:04.458050,0 days 00:00:00.458224,0.8,20,1.25,0.8,16,100,COMPLETE
5235,5235,18301.75,2023-11-15 13:42:04.459942,2023-11-15 13:42:04.921567,0 days 00:00:00.461625,0.8,10,1.25,0.8,20,96,COMPLETE
5236,5236,18209.5,2023-11-15 13:42:04.923446,2023-11-15 13:42:05.389546,0 days 00:00:00.466100,0.9,10,1.25,0.8,22,98,COMPLETE
5237,5237,18238.5,2023-11-15 13:42:05.391401,2023-11-15 13:42:05.857889,0 days 00:00:00.466488,0.8,10,1.0,0.8,8,100,COMPLETE
5238,5238,17740.25,2023-11-15 13:42:05.859885,2023-11-15 13:42:06.333441,0 days 00:00:00.473556,0.8,10,1.5,0.9,17,95,COMPLETE
5239,5239,8527.25,2023-11-15 13:42:06.335570,2023-11-15 13:42:06.797992,0 days 00:00:00.462422,0.8,10,1.25,0.7000000000000001,2,15,COMPLETE
5240,5240,17655.25,2023-11-15 13:42:06.799967,2023-11-15 13:42:07.266132,0 days 00:00:00.466165,0.8,10,1.25,0.8,15,91,COMPLETE
5241,5241,18023.5,2023-11-15 13:42:07.268222,2023-11-15 13:42:07.731846,0 days 00:00:00.463624,0.8,10,1.25,0.8,12,98,COMPLETE
5242,5242,18218.0,2023-11-15 13:42:07.733811,2023-11-15 13:42:08.192478,0 days 00:00:00.458667,0.8,10,1.25,0.8,4,97,COMPLETE
5243,5243,18266.5,2023-11-15 13:42:08.194622,2023-11-15 13:42:08.659999,0 days 00:00:00.465377,0.8,10,1.0,0.8,18,100,COMPLETE
5244,5244,17838.25,2023-11-15 13:42:08.662254,2023-11-15 13:42:09.127680,0 days 00:00:00.465426,0.9,10,1.25,0.8,46,95,COMPLETE
5245,5245,17493.25,2023-11-15 13:42:09.129793,2023-11-15 13:42:09.617349,0 days 00:00:00.487556,0.4,10,1.5,0.8,43,98,COMPLETE
5246,5246,18492.5,2023-11-15 13:42:09.619337,2023-11-15 13:42:10.077222,0 days 00:00:00.457885,0.8,10,1.25,0.8,7,100,COMPLETE
5247,5247,17879.5,2023-11-15 13:42:10.079316,2023-11-15 13:42:10.542311,0 days 00:00:00.462995,0.8,20,1.25,0.8,25,97,COMPLETE
5248,5248,18206.75,2023-11-15 13:42:10.544391,2023-11-15 13:42:11.003227,0 days 00:00:00.458836,0.8,10,1.25,0.7000000000000001,10,93,COMPLETE
5249,5249,18025.5,2023-11-15 13:42:11.005086,2023-11-15 13:42:11.461378,0 days 00:00:00.456292,0.7000000000000001,10,1.5,0.8,14,98,COMPLETE
5250,5250,18488.75,2023-11-15 13:42:11.463781,2023-11-15 13:42:11.933482,0 days 00:00:00.469701,0.8,10,1.75,0.8,22,96,COMPLETE
5251,5251,18492.5,2023-11-15 13:42:11.935498,2023-11-15 13:42:12.395569,0 days 00:00:00.460071,0.8,10,1.25,0.8,19,100,COMPLETE
5252,5252,18265.25,2023-11-15 13:42:12.398091,2023-11-15 13:42:12.861415,0 days 00:00:00.463324,0.8,10,1.25,0.9,5,98,COMPLETE
5253,5253,18126.75,2023-11-15 13:42:12.864517,2023-11-15 13:42:13.331684,0 days 00:00:00.467167,0.8,20,1.0,0.8,16,96,COMPLETE
5254,5254,18681.25,2023-11-15 13:42:13.334364,2023-11-15 13:42:13.801624,0 days 00:00:00.467260,0.8,10,1.25,0.8,13,99,COMPLETE
5255,5255,18410.75,2023-11-15 13:42:13.803642,2023-11-15 13:42:14.285444,0 days 00:00:00.481802,0.8,10,1.25,0.8,18,94,COMPLETE
5256,5256,18398.25,2023-11-15 13:42:14.287303,2023-11-15 13:42:14.744739,0 days 00:00:00.457436,0.8,10,1.25,0.8,9,100,COMPLETE
5257,5257,18217.25,2023-11-15 13:42:14.747162,2023-11-15 13:42:15.209264,0 days 00:00:00.462102,0.8,10,1.25,0.9,1,97,COMPLETE
5258,5258,18209.5,2023-11-15 13:42:15.211164,2023-11-15 13:42:15.673965,0 days 00:00:00.462801,0.8,10,1.25,0.7000000000000001,20,98,COMPLETE
5259,5259,18400.5,2023-11-15 13:42:15.675990,2023-11-15 13:42:16.137778,0 days 00:00:00.461788,0.8,10,1.5,0.8,11,100,COMPLETE
5260,5260,17937.25,2023-11-15 13:42:16.139811,2023-11-15 13:42:16.597016,0 days 00:00:00.457205,0.9,10,1.0,0.8,16,95,COMPLETE
