,number,value,datetime_start,datetime_complete,duration,params_alpha,params_decay_interval,params_decay_rate,params_gamma,params_initialization,params_max_steps,state
7468,7468,19359.75,2023-11-15 11:27:46.967432,2023-11-15 11:27:47.594520,0 days 00:00:00.627088,0.4,10,1.75,0.4,0,148,COMPLETE
7469,7469,1390.75,2023-11-15 11:27:47.597024,2023-11-15 11:27:48.271565,0 days 00:00:00.674541,0.30000000000000004,10,1.0,0.5,6,47,COMPLETE
7470,7470,15109.25,2023-11-15 11:27:48.274184,2023-11-15 11:27:48.995078,0 days 00:00:00.720894,0.9,10,0.75,0.9,4,143,COMPLETE
7471,7471,19261.0,2023-11-15 11:27:48.997389,2023-11-15 11:27:49.625179,0 days 00:00:00.627790,0.2,10,0.75,0.9,0,140,COMPLETE
7472,7472,19261.0,2023-11-15 11:27:49.627536,2023-11-15 11:27:50.276036,0 days 00:00:00.648500,0.1,10,0.75,0.9,3,147,COMPLETE
7473,7473,17618.25,2023-11-15 11:27:50.278359,2023-11-15 11:27:50.935394,0 days 00:00:00.657035,0.2,20,0.25,0.9,2,150,COMPLETE
7474,7474,18947.0,2023-11-15 11:27:50.938564,2023-11-15 11:27:51.566831,0 days 00:00:00.628267,0.2,10,0.75,0.9,8,144,COMPLETE
7475,7475,18079.0,2023-11-15 11:27:51.569458,2023-11-15 11:27:52.210254,0 days 00:00:00.640796,0.30000000000000004,10,0.75,0.9,5,136,COMPLETE
7476,7476,19163.25,2023-11-15 11:27:52.212901,2023-11-15 11:27:52.842073,0 days 00:00:00.629172,0.2,10,1.25,0.9,0,97,COMPLETE
7477,7477,19213.0,2023-11-15 11:27:52.844405,2023-11-15 11:27:53.506019,0 days 00:00:00.661614,0.1,10,1.0,0.9,2,145,COMPLETE
7478,7478,18593.75,2023-11-15 11:27:53.508805,2023-11-15 11:27:54.144511,0 days 00:00:00.635706,0.2,10,0.75,0.8,4,139,COMPLETE
7479,7479,14843.0,2023-11-15 11:27:54.147027,2023-11-15 11:27:54.805292,0 days 00:00:00.658265,0.2,70,0.5,0.9,0,143,COMPLETE
7480,7480,19115.5,2023-11-15 11:27:54.807848,2023-11-15 11:27:55.439802,0 days 00:00:00.631954,0.1,10,0.75,0.9,6,148,COMPLETE
7481,7481,19091.5,2023-11-15 11:27:55.442325,2023-11-15 11:27:56.084138,0 days 00:00:00.641813,0.2,10,0.75,0.9,10,142,COMPLETE
7482,7482,19261.0,2023-11-15 11:27:56.086706,2023-11-15 11:27:56.728493,0 days 00:00:00.641787,0.2,10,1.0,0.9,2,147,COMPLETE
7483,7483,16912.75,2023-11-15 11:27:56.730822,2023-11-15 11:27:57.369248,0 days 00:00:00.638426,0.2,40,0.75,0.4,0,150,COMPLETE
7484,7484,14141.75,2023-11-15 11:27:57.372353,2023-11-15 11:27:58.052081,0 days 00:00:00.679728,0.1,10,0.75,0.7000000000000001,36,145,COMPLETE
7485,7485,18818.25,2023-11-15 11:27:58.055199,2023-11-15 11:27:58.689114,0 days 00:00:00.633915,0.2,10,0.75,0.9,4,139,COMPLETE
7486,7486,19265.0,2023-11-15 11:27:58.691659,2023-11-15 11:27:59.318510,0 days 00:00:00.626851,0.2,10,0.5,0.9,2,145,COMPLETE
7487,7487,19093.75,2023-11-15 11:27:59.321449,2023-11-15 11:27:59.979492,0 days 00:00:00.658043,0.2,10,0.75,0.9,7,142,COMPLETE
7488,7488,15798.0,2023-11-15 11:27:59.981827,2023-11-15 11:28:00.650535,0 days 00:00:00.668708,0.6,20,0.75,0.9,0,147,COMPLETE
7489,7489,18741.0,2023-11-15 11:28:00.653044,2023-11-15 11:28:01.298444,0 days 00:00:00.645400,0.1,10,1.0,0.8,3,150,COMPLETE
7490,7490,19093.75,2023-11-15 11:28:01.300771,2023-11-15 11:28:01.938768,0 days 00:00:00.637997,0.2,10,0.75,0.9,5,142,COMPLETE
7491,7491,19165.5,2023-11-15 11:28:01.941264,2023-11-15 11:28:02.585747,0 days 00:00:00.644483,0.5,10,1.25,0.9,2,145,COMPLETE
7492,7492,18743.25,2023-11-15 11:28:02.589060,2023-11-15 11:28:03.262510,0 days 00:00:00.673450,0.30000000000000004,10,0.75,0.9,0,135,COMPLETE
7493,7493,10831.75,2023-11-15 11:28:03.264965,2023-11-15 11:28:03.967294,0 days 00:00:00.702329,0.2,90,0.75,0.30000000000000004,3,147,COMPLETE
7494,7494,18206.75,2023-11-15 11:28:03.969739,2023-11-15 11:28:04.596779,0 days 00:00:00.627040,0.2,20,1.25,0.9,6,91,COMPLETE
7495,7495,13762.25,2023-11-15 11:28:04.599335,2023-11-15 11:28:05.272064,0 days 00:00:00.672729,0.2,10,0.5,0.5,2,139,COMPLETE
7496,7496,16355.5,2023-11-15 11:28:05.274473,2023-11-15 11:28:05.957268,0 days 00:00:00.682795,0.8,10,0.75,0.9,0,143,COMPLETE
7497,7497,19111.25,2023-11-15 11:28:05.959759,2023-11-15 11:28:06.602927,0 days 00:00:00.643168,0.2,10,0.75,0.9,4,150,COMPLETE
7498,7498,18818.0,2023-11-15 11:28:06.605847,2023-11-15 11:28:07.245478,0 days 00:00:00.639631,0.1,10,0.75,0.6,2,147,COMPLETE
7499,7499,19082.25,2023-11-15 11:28:07.247896,2023-11-15 11:28:07.881617,0 days 00:00:00.633721,0.4,10,0.75,0.9,0,141,COMPLETE
7500,7500,18863.5,2023-11-15 11:28:07.884180,2023-11-15 11:28:08.515950,0 days 00:00:00.631770,0.2,10,1.0,0.8,8,145,COMPLETE
7501,7501,19173.0,2023-11-15 11:28:08.518515,2023-11-15 11:28:09.154127,0 days 00:00:00.635612,0.2,10,0.75,0.9,12,148,COMPLETE
7502,7502,18985.25,2023-11-15 11:28:09.156884,2023-11-15 11:28:09.818042,0 days 00:00:00.661158,0.1,10,0.75,0.9,5,138,COMPLETE
7503,7503,18992.75,2023-11-15 11:28:09.820801,2023-11-15 11:28:10.461621,0 days 00:00:00.640820,0.2,10,0.75,0.9,2,143,COMPLETE
7504,7504,18818.25,2023-11-15 11:28:10.464048,2023-11-15 11:28:11.121740,0 days 00:00:00.657692,0.30000000000000004,10,0.25,0.9,4,145,COMPLETE
7505,7505,16912.75,2023-11-15 11:28:11.125151,2023-11-15 11:28:11.780991,0 days 00:00:00.655840,0.2,40,1.0,0.8,0,150,COMPLETE
7506,7506,18973.0,2023-11-15 11:28:11.783267,2023-11-15 11:28:12.411963,0 days 00:00:00.628696,0.2,10,0.75,0.9,2,141,COMPLETE
7507,7507,14448.75,2023-11-15 11:28:12.414377,2023-11-15 11:28:13.099595,0 days 00:00:00.685218,0.2,10,0.75,0.2,6,147,COMPLETE
7508,7508,18970.75,2023-11-15 11:28:13.101935,2023-11-15 11:28:13.739805,0 days 00:00:00.637870,0.1,10,0.75,0.9,9,144,COMPLETE
7509,7509,19261.0,2023-11-15 11:28:13.742273,2023-11-15 11:28:14.366125,0 days 00:00:00.623852,0.2,10,0.75,0.9,0,147,COMPLETE
7510,7510,17019.75,2023-11-15 11:28:14.368921,2023-11-15 11:28:15.017294,0 days 00:00:00.648373,0.2,10,0.5,0.5,4,137,COMPLETE
7511,7511,18205.0,2023-11-15 11:28:15.020006,2023-11-15 11:28:15.668023,0 days 00:00:00.648017,0.2,20,1.25,0.9,2,141,COMPLETE
7512,7512,19163.75,2023-11-15 11:28:15.670901,2023-11-15 11:28:16.322584,0 days 00:00:00.651683,0.2,10,0.75,0.9,0,150,COMPLETE
7513,7513,17919.0,2023-11-15 11:28:16.325290,2023-11-15 11:28:16.969014,0 days 00:00:00.643724,0.1,20,1.0,0.9,4,144,COMPLETE
7514,7514,19261.0,2023-11-15 11:28:16.972189,2023-11-15 11:28:17.605064,0 days 00:00:00.632875,0.2,10,0.75,0.9,7,147,COMPLETE
7515,7515,19066.25,2023-11-15 11:28:17.607602,2023-11-15 11:28:18.246902,0 days 00:00:00.639300,0.2,10,0.75,0.9,3,140,COMPLETE
7516,7516,18743.75,2023-11-15 11:28:18.249237,2023-11-15 11:28:18.882395,0 days 00:00:00.633158,0.2,10,0.75,0.7000000000000001,2,145,COMPLETE
7517,7517,19197.5,2023-11-15 11:28:18.884884,2023-11-15 11:28:19.539181,0 days 00:00:00.654297,0.1,10,0.75,0.9,0,143,COMPLETE
7518,7518,19359.75,2023-11-15 11:28:19.541669,2023-11-15 11:28:20.175446,0 days 00:00:00.633777,0.30000000000000004,10,1.0,0.9,5,148,COMPLETE
7519,7519,18416.25,2023-11-15 11:28:20.177787,2023-11-15 11:28:20.835093,0 days 00:00:00.657306,0.2,10,0.75,0.8,2,133,COMPLETE
7520,7520,19167.0,2023-11-15 11:28:20.837916,2023-11-15 11:28:21.475825,0 days 00:00:00.637909,0.2,10,1.5,0.9,0,145,COMPLETE
7521,7521,18818.25,2023-11-15 11:28:21.478261,2023-11-15 11:28:22.127252,0 days 00:00:00.648991,0.2,10,0.75,0.9,4,139,COMPLETE
7522,7522,19071.5,2023-11-15 11:28:22.129596,2023-11-15 11:28:22.790097,0 days 00:00:00.660501,0.1,10,0.5,0.9,2,150,COMPLETE
7523,7523,19073.0,2023-11-15 11:28:22.792516,2023-11-15 11:28:23.432173,0 days 00:00:00.639657,0.2,10,1.25,0.9,7,142,COMPLETE
7524,7524,19261.0,2023-11-15 11:28:23.434474,2023-11-15 11:28:24.072909,0 days 00:00:00.638435,0.2,10,0.75,0.9,0,147,COMPLETE
7525,7525,14104.75,2023-11-15 11:28:24.075270,2023-11-15 11:28:24.754401,0 days 00:00:00.679131,0.30000000000000004,80,0.25,0.9,2,143,COMPLETE
7526,7526,16270.0,2023-11-15 11:28:24.757059,2023-11-15 11:28:25.415967,0 days 00:00:00.658908,0.2,10,0.75,0.6,5,147,COMPLETE
7527,7527,18907.25,2023-11-15 11:28:25.418424,2023-11-15 11:28:26.089008,0 days 00:00:00.670584,0.1,10,1.0,0.9,0,137,COMPLETE
7528,7528,18393.5,2023-11-15 11:28:26.091420,2023-11-15 11:28:26.732992,0 days 00:00:00.641572,0.2,20,0.75,0.9,3,150,COMPLETE
7529,7529,17799.75,2023-11-15 11:28:26.735303,2023-11-15 11:28:27.399648,0 days 00:00:00.664345,0.2,30,0.75,0.8,10,145,COMPLETE
7530,7530,19051.5,2023-11-15 11:28:27.402135,2023-11-15 11:28:28.046259,0 days 00:00:00.644124,0.2,10,0.75,0.9,2,142,COMPLETE
7531,7531,18914.5,2023-11-15 11:28:28.048664,2023-11-15 11:28:28.693328,0 days 00:00:00.644664,0.2,10,0.5,0.9,5,114,COMPLETE
7532,7532,19261.0,2023-11-15 11:28:28.695874,2023-11-15 11:28:29.326115,0 days 00:00:00.630241,0.1,10,0.75,0.9,0,140,COMPLETE
7533,7533,19149.5,2023-11-15 11:28:29.328581,2023-11-15 11:28:29.968664,0 days 00:00:00.640083,0.2,10,1.0,0.9,8,145,COMPLETE
7534,7534,19201.25,2023-11-15 11:28:29.971329,2023-11-15 11:28:30.631027,0 days 00:00:00.659698,0.2,10,0.75,0.9,3,148,COMPLETE
7535,7535,19261.0,2023-11-15 11:28:30.633600,2023-11-15 11:28:31.271277,0 days 00:00:00.637677,0.2,10,1.25,0.8,2,143,COMPLETE
7536,7536,15529.5,2023-11-15 11:28:31.273929,2023-11-15 11:28:31.943572,0 days 00:00:00.669643,0.1,60,0.75,0.9,6,150,COMPLETE
7537,7537,19261.0,2023-11-15 11:28:31.945891,2023-11-15 11:28:32.572953,0 days 00:00:00.627062,0.2,10,0.75,0.9,4,147,COMPLETE
7538,7538,19261.0,2023-11-15 11:28:32.575307,2023-11-15 11:28:33.209872,0 days 00:00:00.634565,0.30000000000000004,10,0.75,0.9,0,140,COMPLETE
7539,7539,19292.25,2023-11-15 11:28:33.212307,2023-11-15 11:28:33.864824,0 days 00:00:00.652517,0.2,10,0.75,0.9,2,145,COMPLETE
7540,7540,18021.25,2023-11-15 11:28:33.867218,2023-11-15 11:28:34.512635,0 days 00:00:00.645417,0.2,10,0.75,0.9,16,136,COMPLETE
7541,7541,18394.75,2023-11-15 11:28:34.514974,2023-11-15 11:28:35.150623,0 days 00:00:00.635649,0.2,20,0.75,0.9,0,143,COMPLETE
7542,7542,19278.5,2023-11-15 11:28:35.153459,2023-11-15 11:28:35.795437,0 days 00:00:00.641978,0.1,10,1.0,0.9,4,148,COMPLETE
7543,7543,18498.75,2023-11-15 11:28:35.797821,2023-11-15 11:28:36.434265,0 days 00:00:00.636444,0.2,10,0.75,0.6,2,145,COMPLETE
7544,7544,10334.0,2023-11-15 11:28:36.436897,2023-11-15 11:28:37.165830,0 days 00:00:00.728933,0.2,10,1.25,0.5,7,140,COMPLETE
7545,7545,19261.0,2023-11-15 11:28:37.168278,2023-11-15 11:28:37.816611,0 days 00:00:00.648333,0.1,10,0.5,0.8,0,150,COMPLETE
7546,7546,12503.75,2023-11-15 11:28:37.819165,2023-11-15 11:28:38.520067,0 days 00:00:00.700902,0.7000000000000001,10,0.75,0.7000000000000001,4,147,COMPLETE
7547,7547,11142.25,2023-11-15 11:28:38.523030,2023-11-15 11:28:39.246717,0 days 00:00:00.723687,0.2,10,1.0,0.30000000000000004,2,143,COMPLETE
7548,7548,18985.25,2023-11-15 11:28:39.249272,2023-11-15 11:28:39.923246,0 days 00:00:00.673974,0.30000000000000004,10,0.75,0.9,6,138,COMPLETE
7549,7549,19359.75,2023-11-15 11:28:39.925705,2023-11-15 11:28:40.571907,0 days 00:00:00.646202,0.2,10,0.75,0.9,0,145,COMPLETE
7550,7550,19051.5,2023-11-15 11:28:40.583108,2023-11-15 11:28:41.249897,0 days 00:00:00.666789,0.1,10,0.75,0.9,4,142,COMPLETE
7551,7551,19201.25,2023-11-15 11:28:41.252346,2023-11-15 11:28:41.900246,0 days 00:00:00.647900,0.2,10,0.75,0.9,2,148,COMPLETE
7552,7552,18468.0,2023-11-15 11:28:41.902643,2023-11-15 11:28:42.557581,0 days 00:00:00.654938,0.2,20,0.25,0.9,0,145,COMPLETE
7553,7553,17138.0,2023-11-15 11:28:42.560242,2023-11-15 11:28:43.232369,0 days 00:00:00.672127,0.4,10,0.75,0.9,2,150,COMPLETE
7554,7554,18789.25,2023-11-15 11:28:43.234720,2023-11-15 11:28:43.899366,0 days 00:00:00.664646,0.2,10,1.0,0.9,9,130,COMPLETE
7555,7555,19066.25,2023-11-15 11:28:43.901845,2023-11-15 11:28:44.547350,0 days 00:00:00.645505,0.2,10,1.25,0.9,6,141,COMPLETE
7556,7556,18030.0,2023-11-15 11:28:44.549757,2023-11-15 11:28:45.193858,0 days 00:00:00.644101,0.1,20,0.75,0.9,4,134,COMPLETE
7557,7557,19261.0,2023-11-15 11:28:45.196187,2023-11-15 11:28:45.826965,0 days 00:00:00.630778,0.2,10,0.75,0.8,0,147,COMPLETE
7558,7558,18981.0,2023-11-15 11:28:45.829638,2023-11-15 11:28:46.466316,0 days 00:00:00.636678,0.2,10,0.75,0.9,2,138,COMPLETE
7559,7559,16683.25,2023-11-15 11:28:46.468728,2023-11-15 11:28:47.159921,0 days 00:00:00.691193,0.5,10,0.5,0.4,4,145,COMPLETE
7560,7560,19261.0,2023-11-15 11:28:47.162445,2023-11-15 11:28:47.801515,0 days 00:00:00.639070,0.2,10,0.75,0.9,0,142,COMPLETE
7561,7561,19261.0,2023-11-15 11:28:47.804213,2023-11-15 11:28:48.444565,0 days 00:00:00.640352,0.2,10,1.0,0.9,2,147,COMPLETE
7562,7562,18053.75,2023-11-15 11:28:48.447275,2023-11-15 11:28:49.090105,0 days 00:00:00.642830,0.1,10,0.75,0.7000000000000001,6,150,COMPLETE
7563,7563,18727.25,2023-11-15 11:28:49.092983,2023-11-15 11:28:49.737058,0 days 00:00:00.644075,0.2,10,0.75,0.9,40,143,COMPLETE
7564,7564,19066.25,2023-11-15 11:28:49.740018,2023-11-15 11:28:50.397163,0 days 00:00:00.657145,0.2,10,0.75,0.9,3,140,COMPLETE
7565,7565,18740.0,2023-11-15 11:28:50.399672,2023-11-15 11:28:51.048383,0 days 00:00:00.648711,0.30000000000000004,10,0.75,0.9,25,145,COMPLETE
7566,7566,19261.0,2023-11-15 11:28:51.050833,2023-11-15 11:28:51.689649,0 days 00:00:00.638816,0.2,10,0.75,0.8,0,147,COMPLETE
7567,7567,1123.75,2023-11-15 11:28:51.692022,2023-11-15 11:28:52.512722,0 days 00:00:00.820700,0.2,10,1.0,0.1,8,122,COMPLETE
7568,7568,12892.25,2023-11-15 11:28:52.515301,2023-11-15 11:28:53.194311,0 days 00:00:00.679010,0.1,100,0.75,0.4,2,150,COMPLETE
7569,7569,19261.0,2023-11-15 11:28:53.196694,2023-11-15 11:28:53.831077,0 days 00:00:00.634383,0.2,10,1.25,0.9,5,143,COMPLETE
7570,7570,18008.25,2023-11-15 11:28:53.833489,2023-11-15 11:28:54.492027,0 days 00:00:00.658538,0.2,20,0.75,0.9,0,35,COMPLETE
7571,7571,18818.25,2023-11-15 11:28:54.494398,2023-11-15 11:28:55.133293,0 days 00:00:00.638895,0.2,10,0.75,0.9,4,139,COMPLETE
7572,7572,19165.0,2023-11-15 11:28:55.135872,2023-11-15 11:28:55.775114,0 days 00:00:00.639242,0.1,10,0.75,0.9,13,147,COMPLETE
7573,7573,18970.25,2023-11-15 11:28:55.777487,2023-11-15 11:28:56.439442,0 days 00:00:00.661955,0.2,10,0.5,0.9,2,144,COMPLETE
7574,7574,19043.75,2023-11-15 11:28:56.442518,2023-11-15 11:28:57.106224,0 days 00:00:00.663706,0.2,10,0.25,0.9,0,103,COMPLETE
7575,7575,18782.5,2023-11-15 11:28:57.108749,2023-11-15 11:28:57.764090,0 days 00:00:00.655341,0.2,10,1.0,0.9,6,136,COMPLETE
7576,7576,18873.25,2023-11-15 11:28:57.766465,2023-11-15 11:28:58.403016,0 days 00:00:00.636551,0.1,10,0.75,0.8,2,141,COMPLETE
7577,7577,19261.0,2023-11-15 11:28:58.406035,2023-11-15 11:28:59.039737,0 days 00:00:00.633702,0.2,10,0.75,0.9,4,147,COMPLETE
7578,7578,18743.75,2023-11-15 11:28:59.042217,2023-11-15 11:28:59.685557,0 days 00:00:00.643340,0.2,10,0.75,0.7000000000000001,2,145,COMPLETE
7579,7579,18393.5,2023-11-15 11:28:59.688751,2023-11-15 11:29:00.325823,0 days 00:00:00.637072,0.1,20,1.25,0.6,0,150,COMPLETE
7580,7580,18973.0,2023-11-15 11:29:00.328785,2023-11-15 11:29:00.977595,0 days 00:00:00.648810,0.2,10,0.75,0.9,4,141,COMPLETE
7581,7581,19100.75,2023-11-15 11:29:00.979968,2023-11-15 11:29:01.618091,0 days 00:00:00.638123,0.30000000000000004,10,0.5,0.9,7,145,COMPLETE
7582,7582,19173.0,2023-11-15 11:29:01.620680,2023-11-15 11:29:02.265554,0 days 00:00:00.644874,0.2,10,0.75,0.9,10,148,COMPLETE
7583,7583,12139.0,2023-11-15 11:29:02.268063,2023-11-15 11:29:02.967960,0 days 00:00:00.699897,0.2,10,1.0,0.5,2,143,COMPLETE
7584,7584,18826.0,2023-11-15 11:29:02.970531,2023-11-15 11:29:03.612630,0 days 00:00:00.642099,0.4,10,0.75,0.9,0,138,COMPLETE
7585,7585,19261.0,2023-11-15 11:29:03.615136,2023-11-15 11:29:04.270751,0 days 00:00:00.655615,0.2,10,0.75,0.9,28,147,COMPLETE
7586,7586,18224.25,2023-11-15 11:29:04.273613,2023-11-15 11:29:04.916284,0 days 00:00:00.642671,0.2,20,0.75,0.8,4,150,COMPLETE
7587,7587,18224.75,2023-11-15 11:29:04.918757,2023-11-15 11:29:05.575156,0 days 00:00:00.656399,0.1,10,1.25,0.9,47,142,COMPLETE
7588,7588,19359.75,2023-11-15 11:29:05.577637,2023-11-15 11:29:06.222756,0 days 00:00:00.645119,0.30000000000000004,10,0.75,0.9,2,145,COMPLETE
7589,7589,18909.0,2023-11-15 11:29:06.225305,2023-11-15 11:29:06.866121,0 days 00:00:00.640816,0.2,10,1.0,0.9,60,140,COMPLETE
7590,7590,17834.25,2023-11-15 11:29:06.868680,2023-11-15 11:29:07.540737,0 days 00:00:00.672057,0.2,30,0.75,0.30000000000000004,0,147,COMPLETE
7591,7591,3247.25,2023-11-15 11:29:07.543109,2023-11-15 11:29:08.218856,0 days 00:00:00.675747,0.2,10,0.75,0.9,6,41,COMPLETE
7592,7592,18995.25,2023-11-15 11:29:08.222078,2023-11-15 11:29:08.872489,0 days 00:00:00.650411,0.1,10,0.5,0.9,3,143,COMPLETE
7593,7593,16581.25,2023-11-15 11:29:08.874842,2023-11-15 11:29:09.527406,0 days 00:00:00.652564,0.2,50,0.75,0.9,0,145,COMPLETE
7594,7594,19082.5,2023-11-15 11:29:09.529844,2023-11-15 11:29:10.167070,0 days 00:00:00.637226,0.2,10,0.75,0.9,2,150,COMPLETE
7595,7595,19161.25,2023-11-15 11:29:10.169512,2023-11-15 11:29:10.846084,0 days 00:00:00.676572,0.2,10,0.75,0.9,5,137,COMPLETE
7596,7596,18431.75,2023-11-15 11:29:10.848728,2023-11-15 11:29:11.511734,0 days 00:00:00.663006,0.1,10,0.25,0.9,8,147,COMPLETE
7597,7597,0.0,2023-11-15 11:29:11.514256,2023-11-15 11:29:12.162661,0 days 00:00:00.648405,0.2,10,1.0,0.8,2,16,COMPLETE
7598,7598,18394.75,2023-11-15 11:29:12.165276,2023-11-15 11:29:12.824527,0 days 00:00:00.659251,0.2,20,0.75,0.9,0,141,COMPLETE
7599,7599,18791.75,2023-11-15 11:29:12.826961,2023-11-15 11:29:13.482052,0 days 00:00:00.655091,0.2,10,0.75,0.9,4,144,COMPLETE
7600,7600,19261.0,2023-11-15 11:29:13.484609,2023-11-15 11:29:14.200155,0 days 00:00:00.715546,0.30000000000000004,10,0.75,0.9,2,147,COMPLETE
7601,7601,13707.5,2023-11-15 11:29:14.202679,2023-11-15 11:29:14.897687,0 days 00:00:00.695008,0.2,10,1.25,0.9,57,150,COMPLETE
7602,7602,19261.0,2023-11-15 11:29:14.900255,2023-11-15 11:29:15.543822,0 days 00:00:00.643567,0.1,10,0.75,0.5,0,143,COMPLETE
7603,7603,18968.5,2023-11-15 11:29:15.546182,2023-11-15 11:29:16.186852,0 days 00:00:00.640670,0.2,10,1.0,0.9,6,139,COMPLETE
7604,7604,19161.25,2023-11-15 11:29:16.189759,2023-11-15 11:29:16.829905,0 days 00:00:00.640146,0.2,10,1.5,0.9,4,135,COMPLETE
7605,7605,17385.75,2023-11-15 11:29:16.832229,2023-11-15 11:29:17.496074,0 days 00:00:00.663845,0.2,10,0.5,0.4,2,147,COMPLETE
7606,7606,19359.75,2023-11-15 11:29:17.498877,2023-11-15 11:29:18.139453,0 days 00:00:00.640576,0.1,10,0.75,0.9,0,145,COMPLETE
7607,7607,15822.5,2023-11-15 11:29:18.141809,2023-11-15 11:29:18.802596,0 days 00:00:00.660787,0.2,10,0.75,0.6,4,140,COMPLETE
7608,7608,18945.25,2023-11-15 11:29:18.805862,2023-11-15 11:29:19.457437,0 days 00:00:00.651575,0.2,10,0.75,0.8,8,143,COMPLETE
7609,7609,19082.5,2023-11-15 11:29:19.459930,2023-11-15 11:29:20.099904,0 days 00:00:00.639974,0.1,10,0.75,0.9,2,150,COMPLETE
7610,7610,18554.5,2023-11-15 11:29:20.102507,2023-11-15 11:29:20.767640,0 days 00:00:00.665133,0.2,20,0.75,0.9,0,147,COMPLETE
7611,7611,19093.75,2023-11-15 11:29:20.770140,2023-11-15 11:29:21.412438,0 days 00:00:00.642298,0.2,10,0.75,0.9,5,142,COMPLETE
7612,7612,19221.0,2023-11-15 11:29:21.414885,2023-11-15 11:29:22.061606,0 days 00:00:00.646721,0.2,10,1.0,0.9,3,145,COMPLETE
7613,7613,17752.25,2023-11-15 11:29:22.064048,2023-11-15 11:29:22.713548,0 days 00:00:00.649500,0.2,10,1.25,0.9,53,148,COMPLETE
7614,7614,18985.25,2023-11-15 11:29:22.716142,2023-11-15 11:29:23.352768,0 days 00:00:00.636626,0.1,10,0.75,0.9,11,138,COMPLETE
7615,7615,19292.25,2023-11-15 11:29:23.355718,2023-11-15 11:29:24.017417,0 days 00:00:00.661699,0.2,10,0.75,0.9,2,145,COMPLETE
7616,7616,19066.25,2023-11-15 11:29:24.019941,2023-11-15 11:29:24.667860,0 days 00:00:00.647919,0.2,10,0.75,0.9,6,141,COMPLETE
7617,7617,18276.0,2023-11-15 11:29:24.670609,2023-11-15 11:29:25.306534,0 days 00:00:00.635925,0.30000000000000004,20,0.75,0.9,0,150,COMPLETE
7618,7618,19165.25,2023-11-15 11:29:25.309064,2023-11-15 11:29:25.955321,0 days 00:00:00.646257,0.2,10,1.25,0.8,3,145,COMPLETE
7619,7619,19261.0,2023-11-15 11:29:25.957817,2023-11-15 11:29:26.597743,0 days 00:00:00.639926,0.1,10,0.5,0.9,0,142,COMPLETE
7620,7620,19261.0,2023-11-15 11:29:26.600243,2023-11-15 11:29:27.259862,0 days 00:00:00.659619,0.2,10,0.75,0.9,4,147,COMPLETE
7621,7621,19063.75,2023-11-15 11:29:27.262340,2023-11-15 11:29:27.899624,0 days 00:00:00.637284,0.2,10,0.75,0.9,2,68,COMPLETE
7622,7622,19110.5,2023-11-15 11:29:27.902184,2023-11-15 11:29:28.544401,0 days 00:00:00.642217,0.2,10,1.0,0.9,18,143,COMPLETE
7623,7623,15042.0,2023-11-15 11:29:28.546824,2023-11-15 11:29:29.212407,0 days 00:00:00.665583,0.2,70,0.75,0.8,7,148,COMPLETE
7624,7624,19066.0,2023-11-15 11:29:29.214907,2023-11-15 11:29:29.856530,0 days 00:00:00.641623,0.30000000000000004,10,0.75,0.7000000000000001,0,134,COMPLETE
7625,7625,18294.0,2023-11-15 11:29:29.859060,2023-11-15 11:29:30.515562,0 days 00:00:00.656502,0.1,20,1.0,0.9,2,138,COMPLETE
7626,7626,18877.75,2023-11-15 11:29:30.517938,2023-11-15 11:29:31.176190,0 days 00:00:00.658252,0.2,10,0.25,0.9,4,145,COMPLETE
7627,7627,18783.75,2023-11-15 11:29:31.178581,2023-11-15 11:29:31.825775,0 days 00:00:00.647194,0.2,10,0.75,0.9,9,150,COMPLETE
7628,7628,18948.0,2023-11-15 11:29:31.828302,2023-11-15 11:29:32.475295,0 days 00:00:00.646993,0.1,10,0.75,0.9,6,140,COMPLETE
7629,7629,19261.0,2023-11-15 11:29:32.477722,2023-11-15 11:29:33.118049,0 days 00:00:00.640327,0.2,10,0.75,0.9,2,147,COMPLETE
7630,7630,19261.0,2023-11-15 11:29:33.121001,2023-11-15 11:29:33.783239,0 days 00:00:00.662238,0.2,10,0.5,0.9,0,143,COMPLETE
7631,7631,17281.0,2023-11-15 11:29:33.785669,2023-11-15 11:29:34.447607,0 days 00:00:00.661938,0.2,10,0.75,0.6,4,145,COMPLETE
7632,7632,19280.5,2023-11-15 11:29:34.449988,2023-11-15 11:29:35.100691,0 days 00:00:00.650703,0.8,10,1.25,0.9,2,148,COMPLETE
7633,7633,19163.75,2023-11-15 11:29:35.103157,2023-11-15 11:29:35.749190,0 days 00:00:00.646033,0.2,10,1.0,0.9,0,141,COMPLETE
7634,7634,12319.25,2023-11-15 11:29:35.751570,2023-11-15 11:29:36.458029,0 days 00:00:00.706459,0.1,10,0.75,0.2,5,145,COMPLETE
7635,7635,19082.5,2023-11-15 11:29:36.460615,2023-11-15 11:29:37.118183,0 days 00:00:00.657568,0.2,10,0.75,0.9,2,150,COMPLETE
7636,7636,19161.25,2023-11-15 11:29:37.120692,2023-11-15 11:29:37.766622,0 days 00:00:00.645930,0.2,10,0.75,0.8,0,137,COMPLETE
