,number,value,datetime_start,datetime_complete,duration,params_alpha,params_decay_interval,params_decay_rate,params_gamma,params_initialization,params_max_steps,state
7798,7798,18301.75,2023-11-15 14:07:29.691826,2023-11-15 14:07:30.378245,0 days 00:00:00.686419,0.8,10,1.25,0.8,23,96,COMPLETE
7799,7799,18023.5,2023-11-15 14:07:30.380646,2023-11-15 14:07:31.066752,0 days 00:00:00.686106,0.8,10,1.25,0.8,18,98,COMPLETE
7800,7800,18306.25,2023-11-15 14:07:31.069196,2023-11-15 14:07:31.754369,0 days 00:00:00.685173,0.8,10,0.75,0.7000000000000001,17,100,COMPLETE
7801,7801,18218.0,2023-11-15 14:07:31.756809,2023-11-15 14:07:32.447421,0 days 00:00:00.690612,0.8,10,1.25,0.8,12,97,COMPLETE
7802,7802,18300.0,2023-11-15 14:07:32.450668,2023-11-15 14:07:33.153724,0 days 00:00:00.703056,0.8,10,1.5,0.8,21,93,COMPLETE
7803,7803,17737.75,2023-11-15 14:07:33.156389,2023-11-15 14:07:33.841674,0 days 00:00:00.685285,0.9,20,1.25,0.9,2,98,COMPLETE
7804,7804,17837.25,2023-11-15 14:07:33.844123,2023-11-15 14:07:34.535032,0 days 00:00:00.690909,0.8,10,1.25,0.8,8,95,COMPLETE
7805,7805,18401.0,2023-11-15 14:07:34.537439,2023-11-15 14:07:35.210206,0 days 00:00:00.672767,0.8,10,1.0,0.8,5,100,COMPLETE
7806,7806,18303.75,2023-11-15 14:07:35.212734,2023-11-15 14:07:35.890791,0 days 00:00:00.678057,0.7000000000000001,10,1.25,0.8,14,98,COMPLETE
7807,7807,17937.25,2023-11-15 14:07:35.893393,2023-11-15 14:07:36.590470,0 days 00:00:00.697077,0.8,10,1.25,0.8,70,96,COMPLETE
7808,7808,18492.5,2023-11-15 14:07:36.592826,2023-11-15 14:07:37.303434,0 days 00:00:00.710608,0.8,10,1.25,0.8,10,100,COMPLETE
7809,7809,6564.25,2023-11-15 14:07:37.305898,2023-11-15 14:07:37.980221,0 days 00:00:00.674323,0.8,10,1.25,0.8,17,12,COMPLETE
7810,7810,18305.25,2023-11-15 14:07:37.983834,2023-11-15 14:07:38.650097,0 days 00:00:00.666263,0.8,10,1.5,0.8,19,98,COMPLETE
7811,7811,17837.25,2023-11-15 14:07:38.652790,2023-11-15 14:07:39.349743,0 days 00:00:00.696953,0.8,10,1.25,0.8,26,95,COMPLETE
7812,7812,17859.25,2023-11-15 14:07:39.352259,2023-11-15 14:07:40.029544,0 days 00:00:00.677285,0.8,20,1.0,0.7000000000000001,15,100,COMPLETE
7813,7813,17745.75,2023-11-15 14:07:40.032805,2023-11-15 14:07:40.752203,0 days 00:00:00.719398,0.8,10,1.25,0.9,21,91,COMPLETE
7814,7814,18218.0,2023-11-15 14:07:40.754640,2023-11-15 14:07:41.433806,0 days 00:00:00.679166,0.8,10,1.25,0.8,6,97,COMPLETE
7815,7815,18023.5,2023-11-15 14:07:41.436759,2023-11-15 14:07:42.121095,0 days 00:00:00.684336,0.8,10,1.25,0.8,13,98,COMPLETE
7816,7816,18492.75,2023-11-15 14:07:42.123620,2023-11-15 14:07:42.800549,0 days 00:00:00.676929,0.7000000000000001,10,1.5,0.8,2,100,COMPLETE
7817,7817,18410.75,2023-11-15 14:07:42.803587,2023-11-15 14:07:43.480562,0 days 00:00:00.676975,0.8,10,1.25,0.8,17,94,COMPLETE
7818,7818,14616.25,2023-11-15 14:07:43.483035,2023-11-15 14:07:44.160707,0 days 00:00:00.677672,0.8,10,1.0,0.8,10,30,COMPLETE
7819,7819,17754.0,2023-11-15 14:07:44.163306,2023-11-15 14:07:45.008024,0 days 00:00:00.844718,0.9,10,1.25,0.9,91,96,COMPLETE
7820,7820,17830.75,2023-11-15 14:07:45.011057,2023-11-15 14:07:45.818490,0 days 00:00:00.807433,0.8,20,1.25,0.8,23,98,COMPLETE
7821,7821,18681.25,2023-11-15 14:07:45.821686,2023-11-15 14:07:46.529531,0 days 00:00:00.707845,0.8,10,1.25,0.8,20,99,COMPLETE
7822,7822,18027.5,2023-11-15 14:07:46.532234,2023-11-15 14:07:47.221327,0 days 00:00:00.689093,0.8,10,1.25,0.8,15,86,COMPLETE
7823,7823,18301.75,2023-11-15 14:07:47.224419,2023-11-15 14:07:47.917220,0 days 00:00:00.692801,0.8,10,1.25,0.7000000000000001,12,96,COMPLETE
7824,7824,18492.5,2023-11-15 14:07:47.920507,2023-11-15 14:07:48.628542,0 days 00:00:00.708035,0.8,10,1.25,0.8,8,100,COMPLETE
7825,7825,18398.5,2023-11-15 14:07:48.631250,2023-11-15 14:07:49.327988,0 days 00:00:00.696738,0.8,10,1.5,0.8,18,98,COMPLETE
7826,7826,18207.75,2023-11-15 14:07:49.330970,2023-11-15 14:07:50.026264,0 days 00:00:00.695294,0.8,10,1.25,0.8,3,93,COMPLETE
7827,7827,13456.5,2023-11-15 14:07:50.028773,2023-11-15 14:07:50.746406,0 days 00:00:00.717633,0.8,90,1.75,0.8,5,97,COMPLETE
7828,7828,18238.5,2023-11-15 14:07:50.749098,2023-11-15 14:07:51.464424,0 days 00:00:00.715326,0.8,10,1.0,0.8,16,100,COMPLETE
7829,7829,18020.0,2023-11-15 14:07:51.467348,2023-11-15 14:07:52.171536,0 days 00:00:00.704188,0.9,10,1.25,0.8,14,95,COMPLETE
7830,7830,18023.5,2023-11-15 14:07:52.173914,2023-11-15 14:07:52.910862,0 days 00:00:00.736948,0.8,10,1.25,0.8,19,98,COMPLETE
7831,7831,18399.75,2023-11-15 14:07:52.913387,2023-11-15 14:07:53.626806,0 days 00:00:00.713419,0.8,10,1.5,0.9,22,97,COMPLETE
7832,7832,18492.5,2023-11-15 14:07:53.629884,2023-11-15 14:07:54.433048,0 days 00:00:00.803164,0.8,10,1.25,0.8,10,100,COMPLETE
7833,7833,199.5,2023-11-15 14:07:54.435795,2023-11-15 14:07:55.390084,0 days 00:00:00.954289,0.8,20,2.0,0.8,0,99,COMPLETE
7834,7834,18394.5,2023-11-15 14:07:55.392584,2023-11-15 14:07:56.071936,0 days 00:00:00.679352,0.8,10,1.25,0.8,7,96,COMPLETE
7835,7835,18022.0,2023-11-15 14:07:56.074303,2023-11-15 14:07:56.805877,0 days 00:00:00.731574,0.8,10,1.0,0.8,12,98,COMPLETE
7836,7836,18401.5,2023-11-15 14:07:56.808291,2023-11-15 14:07:57.509031,0 days 00:00:00.700740,0.7000000000000001,10,1.25,0.8,17,100,COMPLETE
7837,7837,18213.25,2023-11-15 14:07:57.511463,2023-11-15 14:07:58.204102,0 days 00:00:00.692639,0.8,10,1.25,0.7000000000000001,20,94,COMPLETE
7838,7838,17839.0,2023-11-15 14:07:58.206633,2023-11-15 14:07:58.887760,0 days 00:00:00.681127,0.8,20,1.25,0.8,4,97,COMPLETE
7839,7839,18023.5,2023-11-15 14:07:58.891251,2023-11-15 14:07:59.613518,0 days 00:00:00.722267,0.8,10,1.25,0.8,14,98,COMPLETE
7840,7840,17833.5,2023-11-15 14:07:59.616489,2023-11-15 14:08:00.511504,0 days 00:00:00.895015,0.8,10,1.75,0.8,16,95,COMPLETE
7841,7841,18305.75,2023-11-15 14:08:00.514374,2023-11-15 14:08:01.304474,0 days 00:00:00.790100,0.8,10,1.5,0.8,25,100,COMPLETE
7842,7842,18300.75,2023-11-15 14:08:01.306925,2023-11-15 14:08:01.990703,0 days 00:00:00.683778,0.8,10,1.25,0.9,28,96,COMPLETE
7843,7843,18492.0,2023-11-15 14:08:01.993166,2023-11-15 14:08:02.672694,0 days 00:00:00.679528,0.9,10,1.0,0.8,18,99,COMPLETE
7844,7844,18303.75,2023-11-15 14:08:02.675311,2023-11-15 14:08:03.362559,0 days 00:00:00.687248,0.7000000000000001,10,1.25,0.8,8,98,COMPLETE
7845,7845,18207.75,2023-11-15 14:08:03.365203,2023-11-15 14:08:04.062255,0 days 00:00:00.697052,0.8,10,1.25,0.8,22,93,COMPLETE
7846,7846,18114.25,2023-11-15 14:08:04.065700,2023-11-15 14:08:04.766310,0 days 00:00:00.700610,0.8,10,1.25,0.8,11,83,COMPLETE
7847,7847,18492.5,2023-11-15 14:08:04.768755,2023-11-15 14:08:05.456368,0 days 00:00:00.687613,0.8,10,1.25,0.8,2,100,COMPLETE
7848,7848,18394.5,2023-11-15 14:08:05.458834,2023-11-15 14:08:06.139748,0 days 00:00:00.680914,0.8,10,1.25,0.8,15,96,COMPLETE
7849,7849,17754.75,2023-11-15 14:08:06.142561,2023-11-15 14:08:06.833942,0 days 00:00:00.691381,0.30000000000000004,10,1.0,0.8,6,98,COMPLETE
7850,7850,18107.75,2023-11-15 14:08:06.836508,2023-11-15 14:08:07.512566,0 days 00:00:00.676058,0.8,20,1.5,0.7000000000000001,19,100,COMPLETE
7851,7851,18218.0,2023-11-15 14:08:07.515230,2023-11-15 14:08:08.229648,0 days 00:00:00.714418,0.8,10,1.25,0.8,9,97,COMPLETE
7852,7852,15341.0,2023-11-15 14:08:08.232305,2023-11-15 14:08:08.962839,0 days 00:00:00.730534,0.1,10,1.25,0.9,13,95,COMPLETE
7853,7853,16504.5,2023-11-15 14:08:08.965864,2023-11-15 14:08:09.676828,0 days 00:00:00.710964,0.2,10,1.25,0.8,17,98,COMPLETE
7854,7854,18217.25,2023-11-15 14:08:09.679197,2023-11-15 14:08:10.372111,0 days 00:00:00.692914,0.5,10,1.25,0.8,4,100,COMPLETE
7855,7855,18120.75,2023-11-15 14:08:10.374735,2023-11-15 14:08:11.056762,0 days 00:00:00.682027,0.8,10,1.5,0.8,60,97,COMPLETE
7856,7856,18304.25,2023-11-15 14:08:11.060264,2023-11-15 14:08:11.796619,0 days 00:00:00.736355,0.8,10,1.0,0.7000000000000001,21,99,COMPLETE
7857,7857,17740.0,2023-11-15 14:08:11.799484,2023-11-15 14:08:12.494581,0 days 00:00:00.695097,0.6,10,1.25,0.8,15,95,COMPLETE
7858,7858,18265.25,2023-11-15 14:08:12.496955,2023-11-15 14:08:13.270423,0 days 00:00:00.773468,0.8,10,1.25,0.9,11,98,COMPLETE
7859,7859,13565.25,2023-11-15 14:08:13.273017,2023-11-15 14:08:13.978323,0 days 00:00:00.705306,0.9,80,1.25,0.8,19,92,COMPLETE
7860,7860,17486.5,2023-11-15 14:08:13.981097,2023-11-15 14:08:14.718946,0 days 00:00:00.737849,0.8,10,1.25,0.1,6,100,COMPLETE
7861,7861,18202.0,2023-11-15 14:08:14.721714,2023-11-15 14:08:15.505539,0 days 00:00:00.783825,0.8,20,1.25,0.8,1,96,COMPLETE
7862,7862,18023.5,2023-11-15 14:08:15.508018,2023-11-15 14:08:16.234868,0 days 00:00:00.726850,0.8,10,1.25,0.8,13,98,COMPLETE
7863,7863,18119.5,2023-11-15 14:08:16.237756,2023-11-15 14:08:16.934350,0 days 00:00:00.696594,0.8,10,1.5,0.8,24,75,COMPLETE
7864,7864,18492.5,2023-11-15 14:08:16.936951,2023-11-15 14:08:17.629257,0 days 00:00:00.692306,0.8,10,1.25,0.8,16,100,COMPLETE
7865,7865,18397.5,2023-11-15 14:08:17.631925,2023-11-15 14:08:18.329800,0 days 00:00:00.697875,0.7000000000000001,10,1.25,0.8,3,94,COMPLETE
7866,7866,18323.25,2023-11-15 14:08:18.332627,2023-11-15 14:08:19.026110,0 days 00:00:00.693483,0.8,10,1.0,0.8,8,97,COMPLETE
7867,7867,18023.5,2023-11-15 14:08:19.029117,2023-11-15 14:08:19.744663,0 days 00:00:00.715546,0.8,10,1.25,0.8,20,98,COMPLETE
7868,7868,18202.0,2023-11-15 14:08:19.747276,2023-11-15 14:08:20.440748,0 days 00:00:00.693472,0.8,20,1.25,0.9,17,96,COMPLETE
7869,7869,16088.5,2023-11-15 14:08:20.443228,2023-11-15 14:08:21.137465,0 days 00:00:00.694237,0.8,10,1.25,0.8,14,42,COMPLETE
7870,7870,7885.25,2023-11-15 14:08:21.140130,2023-11-15 14:08:21.838881,0 days 00:00:00.698751,0.4,10,1.5,0.30000000000000004,11,22,COMPLETE
7871,7871,18458.5,2023-11-15 14:08:21.841391,2023-11-15 14:08:22.522848,0 days 00:00:00.681457,0.8,10,1.0,0.8,22,100,COMPLETE
7872,7872,18023.5,2023-11-15 14:08:22.525275,2023-11-15 14:08:23.235363,0 days 00:00:00.710088,0.8,10,1.25,0.8,5,98,COMPLETE
7873,7873,17844.0,2023-11-15 14:08:23.237900,2023-11-15 14:08:23.934420,0 days 00:00:00.696520,0.7000000000000001,10,1.25,0.6,18,96,COMPLETE
7874,7874,18398.25,2023-11-15 14:08:23.937135,2023-11-15 14:08:24.632700,0 days 00:00:00.695565,0.8,10,1.25,0.8,9,100,COMPLETE
7875,7875,199.5,2023-11-15 14:08:24.635553,2023-11-15 14:08:25.570409,0 days 00:00:00.934856,0.8,10,1.25,0.7000000000000001,0,94,COMPLETE
7876,7876,18023.5,2023-11-15 14:08:25.572821,2023-11-15 14:08:26.260801,0 days 00:00:00.687980,0.9,10,1.5,0.8,15,88,COMPLETE
7877,7877,18023.5,2023-11-15 14:08:26.263278,2023-11-15 14:08:26.953328,0 days 00:00:00.690050,0.8,10,1.25,0.8,20,98,COMPLETE
7878,7878,15331.5,2023-11-15 14:08:26.955789,2023-11-15 14:08:27.691818,0 days 00:00:00.736029,0.8,60,1.0,0.8,17,99,COMPLETE
7879,7879,18394.5,2023-11-15 14:08:27.694308,2023-11-15 14:08:28.425774,0 days 00:00:00.731466,0.8,10,1.25,0.8,13,96,COMPLETE
7880,7880,18492.5,2023-11-15 14:08:28.428670,2023-11-15 14:08:29.280515,0 days 00:00:00.851845,0.8,10,1.25,0.8,7,100,COMPLETE
7881,7881,18209.25,2023-11-15 14:08:29.283646,2023-11-15 14:08:30.066056,0 days 00:00:00.782410,0.8,10,1.25,0.7000000000000001,4,98,COMPLETE
7882,7882,18587.0,2023-11-15 14:08:30.068739,2023-11-15 14:08:30.764602,0 days 00:00:00.695863,0.8,10,1.75,0.9,12,97,COMPLETE
7883,7883,17937.0,2023-11-15 14:08:30.771244,2023-11-15 14:08:31.506992,0 days 00:00:00.735748,0.8,20,1.5,0.8,23,94,COMPLETE
7884,7884,18492.5,2023-11-15 14:08:31.509612,2023-11-15 14:08:32.198935,0 days 00:00:00.689323,0.8,10,1.25,0.8,19,100,COMPLETE
7885,7885,18394.5,2023-11-15 14:08:32.201939,2023-11-15 14:08:32.909229,0 days 00:00:00.707290,0.8,10,1.25,0.8,16,96,COMPLETE
7886,7886,18023.5,2023-11-15 14:08:32.911683,2023-11-15 14:08:33.608737,0 days 00:00:00.697054,0.8,10,1.25,0.8,2,98,COMPLETE
7887,7887,17275.0,2023-11-15 14:08:33.611346,2023-11-15 14:08:34.309330,0 days 00:00:00.697984,0.8,30,1.25,0.8,9,100,COMPLETE
7888,7888,17221.25,2023-11-15 14:08:34.312236,2023-11-15 14:08:35.034912,0 days 00:00:00.722676,0.8,10,1.25,0.2,14,72,COMPLETE
7889,7889,18129.25,2023-11-15 14:08:35.037574,2023-11-15 14:08:35.738017,0 days 00:00:00.700443,0.7000000000000001,10,1.0,0.8,18,98,COMPLETE
7890,7890,17559.25,2023-11-15 14:08:35.740439,2023-11-15 14:08:36.438251,0 days 00:00:00.697812,0.8,20,1.25,0.8,5,90,COMPLETE
7891,7891,17838.25,2023-11-15 14:08:36.440708,2023-11-15 14:08:37.142408,0 days 00:00:00.701700,0.9,10,1.25,0.8,21,95,COMPLETE
7892,7892,17942.5,2023-11-15 14:08:37.145279,2023-11-15 14:08:37.841651,0 days 00:00:00.696372,0.8,10,1.25,0.5,26,97,COMPLETE
7893,7893,18086.75,2023-11-15 14:08:37.844439,2023-11-15 14:08:38.557460,0 days 00:00:00.713021,0.8,10,1.0,0.8,11,92,COMPLETE
7894,7894,18212.25,2023-11-15 14:08:38.560324,2023-11-15 14:08:39.253339,0 days 00:00:00.693015,0.8,10,1.25,0.7000000000000001,16,100,COMPLETE
7895,7895,18305.25,2023-11-15 14:08:39.255928,2023-11-15 14:08:39.948031,0 days 00:00:00.692103,0.8,10,1.5,0.8,6,98,COMPLETE
7896,7896,17407.75,2023-11-15 14:08:39.950932,2023-11-15 14:08:40.663300,0 days 00:00:00.712368,0.8,10,1.25,0.8,98,96,COMPLETE
7897,7897,18586.25,2023-11-15 14:08:40.666481,2023-11-15 14:08:41.363288,0 days 00:00:00.696807,0.8,10,1.25,0.9,14,99,COMPLETE
7898,7898,16538.0,2023-11-15 14:08:41.366102,2023-11-15 14:08:42.070963,0 days 00:00:00.704861,0.8,40,1.5,0.8,3,100,COMPLETE
7899,7899,16110.75,2023-11-15 14:08:42.073361,2023-11-15 14:08:42.789439,0 days 00:00:00.716078,0.8,50,1.75,0.8,20,97,COMPLETE
7900,7900,18410.75,2023-11-15 14:08:42.792063,2023-11-15 14:08:43.519246,0 days 00:00:00.727183,0.8,10,1.25,0.8,18,94,COMPLETE
7901,7901,18246.5,2023-11-15 14:08:43.522409,2023-11-15 14:08:44.346079,0 days 00:00:00.823670,0.8,10,0.75,0.8,23,98,COMPLETE
7902,7902,18399.75,2023-11-15 14:08:44.349843,2023-11-15 14:08:45.184570,0 days 00:00:00.834727,0.9,10,1.25,0.8,10,100,COMPLETE
7903,7903,18202.0,2023-11-15 14:08:45.187527,2023-11-15 14:08:45.929399,0 days 00:00:00.741872,0.8,20,1.25,0.8,16,96,COMPLETE
7904,7904,18303.75,2023-11-15 14:08:45.932305,2023-11-15 14:08:46.647753,0 days 00:00:00.715448,0.7000000000000001,10,1.25,0.8,7,98,COMPLETE
7905,7905,18428.75,2023-11-15 14:08:46.650749,2023-11-15 14:08:47.349203,0 days 00:00:00.698454,0.8,10,1.0,0.9,12,100,COMPLETE
7906,7906,18112.5,2023-11-15 14:08:47.352698,2023-11-15 14:08:48.035639,0 days 00:00:00.682941,0.8,10,1.25,0.8,15,95,COMPLETE
7907,7907,18023.5,2023-11-15 14:08:48.038123,2023-11-15 14:08:48.750966,0 days 00:00:00.712843,0.8,10,1.25,0.8,18,98,COMPLETE
7908,7908,199.5,2023-11-15 14:08:48.753433,2023-11-15 14:08:49.700707,0 days 00:00:00.947274,0.8,10,1.5,0.7000000000000001,0,96,COMPLETE
7909,7909,18207.75,2023-11-15 14:08:49.703637,2023-11-15 14:08:50.443645,0 days 00:00:00.740008,0.8,10,1.25,0.8,20,93,COMPLETE
7910,7910,17842.75,2023-11-15 14:08:50.446378,2023-11-15 14:08:51.142889,0 days 00:00:00.696511,0.8,10,1.0,0.8,66,99,COMPLETE
7911,7911,17839.0,2023-11-15 14:08:51.145611,2023-11-15 14:08:51.846340,0 days 00:00:00.700729,0.8,20,1.25,0.8,13,97,COMPLETE
7912,7912,18398.25,2023-11-15 14:08:51.849052,2023-11-15 14:08:52.565411,0 days 00:00:00.716359,0.8,10,1.25,0.8,9,100,COMPLETE
7913,7913,18023.5,2023-11-15 14:08:52.568979,2023-11-15 14:08:53.268456,0 days 00:00:00.699477,0.8,10,1.25,0.8,3,98,COMPLETE
7914,7914,17740.25,2023-11-15 14:08:53.271400,2023-11-15 14:08:53.982634,0 days 00:00:00.711234,0.8,10,1.5,0.9,21,95,COMPLETE
7915,7915,17286.25,2023-11-15 14:08:53.985079,2023-11-15 14:08:54.679859,0 days 00:00:00.694780,0.8,10,1.25,0.8,16,69,COMPLETE
7916,7916,18399.75,2023-11-15 14:08:54.682843,2023-11-15 14:08:55.380967,0 days 00:00:00.698124,0.9,10,1.25,0.8,5,100,COMPLETE
7917,7917,18218.0,2023-11-15 14:08:55.383995,2023-11-15 14:08:56.076044,0 days 00:00:00.692049,0.8,10,1.25,0.8,18,97,COMPLETE
7918,7918,18023.5,2023-11-15 14:08:56.078911,2023-11-15 14:08:56.796322,0 days 00:00:00.717411,0.8,10,1.25,0.8,7,98,COMPLETE
7919,7919,16825.0,2023-11-15 14:08:56.800141,2023-11-15 14:08:57.541366,0 days 00:00:00.741225,0.8,10,1.25,0.8,25,56,COMPLETE
7920,7920,18358.75,2023-11-15 14:08:57.543951,2023-11-15 14:08:58.246394,0 days 00:00:00.702443,0.7000000000000001,10,1.0,0.8,13,99,COMPLETE
7921,7921,18394.0,2023-11-15 14:08:58.249352,2023-11-15 14:08:58.959902,0 days 00:00:00.710550,0.8,10,2.25,0.9,11,96,COMPLETE
7922,7922,18399.0,2023-11-15 14:08:58.962361,2023-11-15 14:08:59.791069,0 days 00:00:00.828708,0.8,10,1.25,0.8,22,100,COMPLETE
7923,7923,14967.75,2023-11-15 14:08:59.793866,2023-11-15 14:09:00.573833,0 days 00:00:00.779967,0.8,10,1.5,0.7000000000000001,15,32,COMPLETE
7924,7924,18207.75,2023-11-15 14:09:00.576812,2023-11-15 14:09:01.280072,0 days 00:00:00.703260,0.8,10,1.25,0.8,18,93,COMPLETE
7925,7925,17830.75,2023-11-15 14:09:01.282854,2023-11-15 14:09:02.072367,0 days 00:00:00.789513,0.8,20,1.25,0.8,2,98,COMPLETE
7926,7926,17742.5,2023-11-15 14:09:02.074825,2023-11-15 14:09:02.826480,0 days 00:00:00.751655,0.7000000000000001,10,2.75,0.8,9,95,COMPLETE
7927,7927,18218.5,2023-11-15 14:09:02.829253,2023-11-15 14:09:03.528388,0 days 00:00:00.699135,0.9,10,1.25,0.8,16,97,COMPLETE
7928,7928,18401.0,2023-11-15 14:09:03.531010,2023-11-15 14:09:04.237134,0 days 00:00:00.706124,0.8,10,1.0,0.8,20,100,COMPLETE
7929,7929,16031.75,2023-11-15 14:09:04.239606,2023-11-15 14:09:04.943466,0 days 00:00:00.703860,0.8,20,1.25,0.8,4,49,COMPLETE
7930,7930,18305.25,2023-11-15 14:09:04.946208,2023-11-15 14:09:05.640708,0 days 00:00:00.694500,0.8,10,1.5,0.8,14,98,COMPLETE
7931,7931,18394.5,2023-11-15 14:09:05.643180,2023-11-15 14:09:06.359166,0 days 00:00:00.715986,0.8,10,1.25,0.8,7,96,COMPLETE
7932,7932,18399.0,2023-11-15 14:09:06.361613,2023-11-15 14:09:07.064940,0 days 00:00:00.703327,0.8,10,1.25,0.8,11,100,COMPLETE
7933,7933,18023.5,2023-11-15 14:09:07.067599,2023-11-15 14:09:07.748120,0 days 00:00:00.680521,0.8,10,1.25,0.8,17,98,COMPLETE
7934,7934,18213.25,2023-11-15 14:09:07.750843,2023-11-15 14:09:08.445377,0 days 00:00:00.694534,0.8,10,1.25,0.7000000000000001,24,94,COMPLETE
7935,7935,18307.25,2023-11-15 14:09:08.448468,2023-11-15 14:09:09.198882,0 days 00:00:00.750414,0.8,10,1.75,0.6,19,100,COMPLETE
7936,7936,18457.5,2023-11-15 14:09:09.202223,2023-11-15 14:09:09.919527,0 days 00:00:00.717304,0.8,10,1.0,0.9,2,96,COMPLETE
7937,7937,18023.5,2023-11-15 14:09:09.921966,2023-11-15 14:09:10.611008,0 days 00:00:00.689042,0.8,10,1.25,0.8,13,98,COMPLETE
7938,7938,17562.5,2023-11-15 14:09:10.613700,2023-11-15 14:09:11.301963,0 days 00:00:00.688263,0.8,10,0.5,0.8,6,91,COMPLETE
7939,7939,18681.25,2023-11-15 14:09:11.304546,2023-11-15 14:09:12.005931,0 days 00:00:00.701385,0.8,10,1.25,0.8,22,99,COMPLETE
7940,7940,17920.5,2023-11-15 14:09:12.008373,2023-11-15 14:09:12.710556,0 days 00:00:00.702183,0.8,20,1.5,0.8,15,97,COMPLETE
7941,7941,17844.75,2023-11-15 14:09:12.713011,2023-11-15 14:09:13.446354,0 days 00:00:00.733343,0.8,10,1.25,0.9,19,95,COMPLETE
7942,7942,18399.75,2023-11-15 14:09:13.448837,2023-11-15 14:09:14.227856,0 days 00:00:00.779019,0.9,10,1.25,0.8,10,100,COMPLETE
7943,7943,18303.75,2023-11-15 14:09:14.230449,2023-11-15 14:09:15.030011,0 days 00:00:00.799562,0.7000000000000001,10,1.25,0.8,12,98,COMPLETE
7944,7944,18394.5,2023-11-15 14:09:15.033284,2023-11-15 14:09:15.816953,0 days 00:00:00.783669,0.8,10,1.25,0.8,8,96,COMPLETE
7945,7945,18209.5,2023-11-15 14:09:15.819861,2023-11-15 14:09:16.526792,0 days 00:00:00.706931,0.8,10,1.25,0.7000000000000001,17,98,COMPLETE
7946,7946,18165.75,2023-11-15 14:09:16.529299,2023-11-15 14:09:17.235996,0 days 00:00:00.706697,0.8,10,1.0,0.4,4,100,COMPLETE
7947,7947,18307.0,2023-11-15 14:09:17.238949,2023-11-15 14:09:17.953073,0 days 00:00:00.714124,0.8,10,1.5,0.8,15,94,COMPLETE
7948,7948,18309.25,2023-11-15 14:09:17.956059,2023-11-15 14:09:18.652476,0 days 00:00:00.696417,0.8,10,2.0,0.8,21,97,COMPLETE
7949,7949,18398.25,2023-11-15 14:09:18.655824,2023-11-15 14:09:19.362711,0 days 00:00:00.706887,0.8,10,1.25,0.8,18,100,COMPLETE
7950,7950,199.5,2023-11-15 14:09:19.365767,2023-11-15 14:09:20.319028,0 days 00:00:00.953261,0.8,10,1.0,0.8,0,98,COMPLETE
7951,7951,18394.5,2023-11-15 14:09:20.322516,2023-11-15 14:09:21.033329,0 days 00:00:00.710813,0.8,10,1.25,0.8,13,96,COMPLETE
7952,7952,17919.25,2023-11-15 14:09:21.036288,2023-11-15 14:09:21.730777,0 days 00:00:00.694489,0.8,20,1.25,0.8,5,99,COMPLETE
7953,7953,16279.5,2023-11-15 14:09:21.733821,2023-11-15 14:09:22.460208,0 days 00:00:00.726387,0.7000000000000001,10,1.25,0.8,16,61,COMPLETE
7954,7954,18492.5,2023-11-15 14:09:22.462733,2023-11-15 14:09:23.156005,0 days 00:00:00.693272,0.8,10,1.25,0.8,20,100,COMPLETE
7955,7955,18300.0,2023-11-15 14:09:23.158824,2023-11-15 14:09:23.852974,0 days 00:00:00.694150,0.9,10,1.5,0.9,10,93,COMPLETE
7956,7956,13456.5,2023-11-15 14:09:23.855655,2023-11-15 14:09:24.600734,0 days 00:00:00.745079,0.8,90,0.25,0.8,8,97,COMPLETE
7957,7957,17746.5,2023-11-15 14:09:24.603309,2023-11-15 14:09:25.312531,0 days 00:00:00.709222,0.8,10,1.25,0.7000000000000001,23,95,COMPLETE
7958,7958,18023.5,2023-11-15 14:09:25.315029,2023-11-15 14:09:26.013216,0 days 00:00:00.698187,0.8,10,1.25,0.8,2,98,COMPLETE
7959,7959,18399.0,2023-11-15 14:09:26.015959,2023-11-15 14:09:26.754273,0 days 00:00:00.738314,0.8,10,1.25,0.8,28,100,COMPLETE
7960,7960,17782.5,2023-11-15 14:09:26.756760,2023-11-15 14:09:27.452497,0 days 00:00:00.695737,0.8,20,1.0,0.8,17,98,COMPLETE
7961,7961,18301.5,2023-11-15 14:09:27.455494,2023-11-15 14:09:28.153482,0 days 00:00:00.697988,0.8,10,1.5,0.8,14,96,COMPLETE
7962,7962,18586.25,2023-11-15 14:09:28.156079,2023-11-15 14:09:28.858254,0 days 00:00:00.702175,0.8,10,1.25,0.9,12,99,COMPLETE
7963,7963,18122.5,2023-11-15 14:09:28.860797,2023-11-15 14:09:29.667618,0 days 00:00:00.806821,0.8,10,1.25,0.8,19,97,COMPLETE
7964,7964,18492.5,2023-11-15 14:09:29.671065,2023-11-15 14:09:30.525754,0 days 00:00:00.854689,0.8,10,1.25,0.8,5,100,COMPLETE
7965,7965,17837.25,2023-11-15 14:09:30.529212,2023-11-15 14:09:31.363135,0 days 00:00:00.833923,0.8,10,1.25,0.8,16,95,COMPLETE
7966,7966,18399.0,2023-11-15 14:09:31.366191,2023-11-15 14:09:32.145986,0 days 00:00:00.779795,0.8,10,1.75,0.8,22,98,COMPLETE
