,number,value,datetime_start,datetime_complete,duration,params_alpha,params_decay_interval,params_decay_rate,params_gamma,params_initialization,params_max_steps,state
2554,2554,17570.25,2023-11-15 13:25:04.778905,2023-11-15 13:25:05.051483,0 days 00:00:00.272578,0.8,10,1.25,0.2,13,98,COMPLETE
2555,2555,18309.25,2023-11-15 13:25:05.053573,2023-11-15 13:25:05.317315,0 days 00:00:00.263742,0.8,10,2.0,0.8,22,97,COMPLETE
2556,2556,18492.5,2023-11-15 13:25:05.319217,2023-11-15 13:25:05.585248,0 days 00:00:00.266031,0.8,10,1.25,0.8,16,100,COMPLETE
2557,2557,18118.0,2023-11-15 13:25:05.586667,2023-11-15 13:25:05.854233,0 days 00:00:00.267566,0.6,10,1.5,0.8,18,98,COMPLETE
2558,2558,17747.25,2023-11-15 13:25:05.856399,2023-11-15 13:25:06.128779,0 days 00:00:00.272380,0.8,10,1.25,0.9,8,95,COMPLETE
2559,2559,18681.25,2023-11-15 13:25:06.130127,2023-11-15 13:25:06.394942,0 days 00:00:00.264815,0.8,10,1.25,0.8,2,99,COMPLETE
2560,2560,18117.25,2023-11-15 13:25:06.396347,2023-11-15 13:25:06.728353,0 days 00:00:00.332006,0.8,10,1.25,0.5,13,96,COMPLETE
2561,2561,17924.25,2023-11-15 13:25:06.729839,2023-11-15 13:25:07.075930,0 days 00:00:00.346091,0.8,20,1.0,0.8,20,100,COMPLETE
2562,2562,18119.25,2023-11-15 13:25:07.077824,2023-11-15 13:25:07.410762,0 days 00:00:00.332938,0.8,10,1.25,0.6,17,98,COMPLETE
2563,2563,18218.0,2023-11-15 13:25:07.412421,2023-11-15 13:25:07.736366,0 days 00:00:00.323945,0.8,10,1.25,0.8,9,97,COMPLETE
2564,2564,17844.0,2023-11-15 13:25:07.737984,2023-11-15 13:25:08.053228,0 days 00:00:00.315244,0.7000000000000001,20,1.0,0.8,6,94,COMPLETE
2565,2565,18400.25,2023-11-15 13:25:08.055173,2023-11-15 13:25:08.325189,0 days 00:00:00.270016,0.9,10,1.5,0.8,15,100,COMPLETE
2566,2566,18488.75,2023-11-15 13:25:08.326750,2023-11-15 13:25:08.586744,0 days 00:00:00.259994,0.8,10,1.75,0.8,22,96,COMPLETE
2567,2567,17931.25,2023-11-15 13:25:08.588358,2023-11-15 13:25:08.889029,0 days 00:00:00.300671,0.30000000000000004,10,1.25,0.9,4,98,COMPLETE
2568,2568,18681.25,2023-11-15 13:25:08.891125,2023-11-15 13:25:09.157133,0 days 00:00:00.266008,0.8,10,1.25,0.8,11,99,COMPLETE
2569,2569,17564.0,2023-11-15 13:25:09.158694,2023-11-15 13:25:09.429111,0 days 00:00:00.270417,0.8,10,1.25,0.7000000000000001,19,71,COMPLETE
2570,2570,18310.75,2023-11-15 13:25:09.430796,2023-11-15 13:25:09.698275,0 days 00:00:00.267479,0.8,10,1.25,0.8,16,92,COMPLETE
2571,2571,18218.0,2023-11-15 13:25:09.699683,2023-11-15 13:25:09.971278,0 days 00:00:00.271595,0.8,10,1.25,0.8,13,97,COMPLETE
2572,2572,199.5,2023-11-15 13:25:09.973025,2023-11-15 13:25:10.507284,0 days 00:00:00.534259,0.8,10,1.25,0.8,0,100,COMPLETE
2573,2573,17938.5,2023-11-15 13:25:10.508837,2023-11-15 13:25:10.783478,0 days 00:00:00.274641,0.8,10,1.0,0.8,18,94,COMPLETE
2574,2574,17925.0,2023-11-15 13:25:10.784862,2023-11-15 13:25:11.048708,0 days 00:00:00.263846,0.8,20,1.5,0.8,4,98,COMPLETE
2575,2575,18394.5,2023-11-15 13:25:11.050087,2023-11-15 13:25:11.317318,0 days 00:00:00.267231,0.8,10,1.25,0.8,7,96,COMPLETE
2576,2576,18398.25,2023-11-15 13:25:11.318708,2023-11-15 13:25:11.591567,0 days 00:00:00.272859,0.8,10,1.25,0.8,21,100,COMPLETE
2577,2577,17941.75,2023-11-15 13:25:11.593030,2023-11-15 13:25:11.867360,0 days 00:00:00.274330,0.8,10,1.25,0.4,14,98,COMPLETE
2578,2578,17836.75,2023-11-15 13:25:11.868725,2023-11-15 13:25:12.139634,0 days 00:00:00.270909,0.7000000000000001,10,1.5,0.8,25,95,COMPLETE
2579,2579,18307.0,2023-11-15 13:25:12.141131,2023-11-15 13:25:12.409082,0 days 00:00:00.267951,0.9,10,1.25,0.9,10,100,COMPLETE
2580,2580,18027.0,2023-11-15 13:25:12.410487,2023-11-15 13:25:12.698040,0 days 00:00:00.287553,0.5,10,1.25,0.8,17,97,COMPLETE
2581,2581,17585.0,2023-11-15 13:25:12.703920,2023-11-15 13:25:12.989978,0 days 00:00:00.286058,0.8,10,1.25,0.8,98,98,COMPLETE
2582,2582,17752.75,2023-11-15 13:25:12.991857,2023-11-15 13:25:13.267783,0 days 00:00:00.275926,0.8,10,1.25,0.30000000000000004,15,96,COMPLETE
2583,2583,17865.25,2023-11-15 13:25:13.269191,2023-11-15 13:25:13.537915,0 days 00:00:00.268724,0.8,10,1.0,0.8,12,84,COMPLETE
2584,2584,18492.5,2023-11-15 13:25:13.539646,2023-11-15 13:25:13.807527,0 days 00:00:00.267881,0.8,10,1.25,0.8,2,100,COMPLETE
2585,2585,17736.25,2023-11-15 13:25:13.809309,2023-11-15 13:25:14.083292,0 days 00:00:00.273983,0.8,20,1.5,0.7000000000000001,19,76,COMPLETE
2586,2586,18023.5,2023-11-15 13:25:14.084665,2023-11-15 13:25:14.399218,0 days 00:00:00.314553,0.8,10,1.25,0.8,7,98,COMPLETE
2587,2587,11734.25,2023-11-15 13:25:14.400584,2023-11-15 13:25:14.674370,0 days 00:00:00.273786,0.8,100,1.25,0.8,23,42,COMPLETE
2588,2588,17842.25,2023-11-15 13:25:14.676433,2023-11-15 13:25:14.953474,0 days 00:00:00.277041,0.8,10,1.25,0.30000000000000004,16,93,COMPLETE
2589,2589,18681.25,2023-11-15 13:25:14.955436,2023-11-15 13:25:15.220495,0 days 00:00:00.265059,0.8,10,1.25,0.8,30,99,COMPLETE
2590,2590,18488.75,2023-11-15 13:25:15.221981,2023-11-15 13:25:15.489816,0 days 00:00:00.267835,0.8,10,1.75,0.8,20,96,COMPLETE
2591,2591,17359.25,2023-11-15 13:25:15.491194,2023-11-15 13:25:15.761764,0 days 00:00:00.270570,0.8,30,1.5,0.8,13,100,COMPLETE
2592,2592,18022.0,2023-11-15 13:25:15.763314,2023-11-15 13:25:16.037755,0 days 00:00:00.274441,0.8,10,1.0,0.8,5,98,COMPLETE
2593,2593,17838.25,2023-11-15 13:25:16.039451,2023-11-15 13:25:16.306375,0 days 00:00:00.266924,0.9,10,1.25,0.9,9,95,COMPLETE
2594,2594,18209.5,2023-11-15 13:25:16.308464,2023-11-15 13:25:16.580011,0 days 00:00:00.271547,0.8,10,1.25,0.7000000000000001,3,98,COMPLETE
2595,2595,18217.0,2023-11-15 13:25:16.581400,2023-11-15 13:25:16.888690,0 days 00:00:00.307290,0.7000000000000001,10,1.25,0.8,46,100,COMPLETE
2596,2596,14583.0,2023-11-15 13:25:16.890415,2023-11-15 13:25:17.200666,0 days 00:00:00.310251,0.1,10,1.25,0.8,18,97,COMPLETE
2597,2597,18410.75,2023-11-15 13:25:17.202384,2023-11-15 13:25:17.470861,0 days 00:00:00.268477,0.8,10,1.25,0.8,15,94,COMPLETE
2598,2598,14340.25,2023-11-15 13:25:17.472550,2023-11-15 13:25:17.741286,0 days 00:00:00.268736,0.8,20,1.0,0.8,11,30,COMPLETE
2599,2599,17745.75,2023-11-15 13:25:17.743231,2023-11-15 13:25:18.018253,0 days 00:00:00.275022,0.8,10,1.25,0.9,21,91,COMPLETE
2600,2600,18394.5,2023-11-15 13:25:18.019632,2023-11-15 13:25:18.287427,0 days 00:00:00.267795,0.8,10,1.25,0.8,17,96,COMPLETE
2601,2601,18492.5,2023-11-15 13:25:18.289457,2023-11-15 13:25:18.559253,0 days 00:00:00.269796,0.8,10,1.25,0.8,1,100,COMPLETE
2602,2602,18025.5,2023-11-15 13:25:18.560677,2023-11-15 13:25:18.832862,0 days 00:00:00.272185,0.7000000000000001,10,1.5,0.8,6,98,COMPLETE
2603,2603,18023.5,2023-11-15 13:25:18.834352,2023-11-15 13:25:19.107120,0 days 00:00:00.272768,0.8,10,1.25,0.8,14,98,COMPLETE
2604,2604,18202.0,2023-11-15 13:25:19.108553,2023-11-15 13:25:19.372819,0 days 00:00:00.264266,0.8,20,1.25,0.8,19,96,COMPLETE
2605,2605,18398.25,2023-11-15 13:25:19.374555,2023-11-15 13:25:19.641382,0 days 00:00:00.266827,0.8,10,1.25,0.8,9,100,COMPLETE
2606,2606,18033.25,2023-11-15 13:25:19.643261,2023-11-15 13:25:19.916230,0 days 00:00:00.272969,0.8,10,1.25,0.8,27,98,COMPLETE
2607,2607,18120.5,2023-11-15 13:25:19.918049,2023-11-15 13:25:20.192146,0 days 00:00:00.274097,0.9,10,1.5,0.7000000000000001,17,94,COMPLETE
2608,2608,18401.0,2023-11-15 13:25:20.193541,2023-11-15 13:25:20.465306,0 days 00:00:00.271765,0.8,10,1.0,0.8,23,100,COMPLETE
2609,2609,18394.5,2023-11-15 13:25:20.466959,2023-11-15 13:25:20.730765,0 days 00:00:00.263806,0.8,10,1.25,0.8,12,96,COMPLETE
2610,2610,18265.25,2023-11-15 13:25:20.732089,2023-11-15 13:25:21.055727,0 days 00:00:00.323638,0.8,10,1.25,0.9,4,98,COMPLETE
2611,2611,15382.25,2023-11-15 13:25:21.057361,2023-11-15 13:25:21.318787,0 days 00:00:00.261426,0.8,10,1.25,0.8,15,37,COMPLETE
2612,2612,18322.0,2023-11-15 13:25:21.320286,2023-11-15 13:25:21.621196,0 days 00:00:00.300910,0.8,10,1.0,0.8,7,99,COMPLETE
2613,2613,16820.25,2023-11-15 13:25:21.624271,2023-11-15 13:25:21.964751,0 days 00:00:00.340480,0.8,40,1.25,0.8,21,97,COMPLETE
2614,2614,17026.25,2023-11-15 13:25:21.966653,2023-11-15 13:25:22.307398,0 days 00:00:00.340745,0.8,20,1.25,0.8,84,100,COMPLETE
2615,2615,17833.5,2023-11-15 13:25:22.311409,2023-11-15 13:25:22.641326,0 days 00:00:00.329917,0.8,10,1.75,0.8,49,95,COMPLETE
2616,2616,18218.0,2023-11-15 13:25:22.643998,2023-11-15 13:25:22.969192,0 days 00:00:00.325194,0.8,10,1.25,0.8,2,97,COMPLETE
2617,2617,18209.75,2023-11-15 13:25:22.971062,2023-11-15 13:25:23.269520,0 days 00:00:00.298458,0.8,10,1.5,0.8,18,99,COMPLETE
2618,2618,18206.75,2023-11-15 13:25:23.271005,2023-11-15 13:25:23.548495,0 days 00:00:00.277490,0.8,10,1.25,0.7000000000000001,13,93,COMPLETE
2619,2619,18399.0,2023-11-15 13:25:23.549887,2023-11-15 13:25:23.823629,0 days 00:00:00.273742,0.8,10,1.25,0.8,11,100,COMPLETE
2620,2620,18394.5,2023-11-15 13:25:23.825141,2023-11-15 13:25:24.099264,0 days 00:00:00.274123,0.8,10,1.25,0.8,16,96,COMPLETE
2621,2621,18302.25,2023-11-15 13:25:24.100640,2023-11-15 13:25:24.371850,0 days 00:00:00.271210,0.9,10,1.25,0.8,5,98,COMPLETE
2622,2622,18071.5,2023-11-15 13:25:24.373747,2023-11-15 13:25:24.649891,0 days 00:00:00.276144,0.8,10,1.0,0.9,20,98,COMPLETE
2623,2623,18492.5,2023-11-15 13:25:24.651267,2023-11-15 13:25:24.929453,0 days 00:00:00.278186,0.8,10,1.25,0.8,8,100,COMPLETE
2624,2624,18301.5,2023-11-15 13:25:24.930815,2023-11-15 13:25:25.223628,0 days 00:00:00.292813,0.8,10,1.5,0.8,14,96,COMPLETE
2625,2625,18211.25,2023-11-15 13:25:25.224974,2023-11-15 13:25:25.494477,0 days 00:00:00.269503,0.7000000000000001,10,1.25,0.8,24,98,COMPLETE
2626,2626,17096.25,2023-11-15 13:25:25.495916,2023-11-15 13:25:25.773328,0 days 00:00:00.277412,0.8,20,1.0,0.8,10,95,COMPLETE
2627,2627,14877.0,2023-11-15 13:25:25.774732,2023-11-15 13:25:26.064033,0 days 00:00:00.289301,0.8,60,1.25,0.8,18,100,COMPLETE
2628,2628,18218.0,2023-11-15 13:25:26.065439,2023-11-15 13:25:26.335648,0 days 00:00:00.270209,0.8,10,1.25,0.8,16,97,COMPLETE
2629,2629,18400.0,2023-11-15 13:25:26.338013,2023-11-15 13:25:26.607131,0 days 00:00:00.269118,0.8,10,1.25,0.9,2,94,COMPLETE
2630,2630,17482.0,2023-11-15 13:25:26.608566,2023-11-15 13:25:26.889832,0 days 00:00:00.281266,0.8,10,1.25,0.1,22,98,COMPLETE
2631,2631,18401.75,2023-11-15 13:25:26.891237,2023-11-15 13:25:27.168543,0 days 00:00:00.277306,0.7000000000000001,10,1.25,0.8,20,100,COMPLETE
2632,2632,18301.5,2023-11-15 13:25:27.170018,2023-11-15 13:25:27.440427,0 days 00:00:00.270409,0.8,10,1.5,0.8,6,96,COMPLETE
2633,2633,18303.5,2023-11-15 13:25:27.442102,2023-11-15 13:25:27.710742,0 days 00:00:00.268640,0.8,10,1.25,0.7000000000000001,13,98,COMPLETE
2634,2634,18398.25,2023-11-15 13:25:27.712312,2023-11-15 13:25:27.977519,0 days 00:00:00.265207,0.8,10,1.25,0.8,18,100,COMPLETE
2635,2635,199.5,2023-11-15 13:25:27.979161,2023-11-15 13:25:28.502706,0 days 00:00:00.523545,0.9,10,0.75,0.8,0,97,COMPLETE
2636,2636,17736.0,2023-11-15 13:25:28.504082,2023-11-15 13:25:28.773147,0 days 00:00:00.269065,0.8,20,1.0,0.8,4,99,COMPLETE
2637,2637,17831.25,2023-11-15 13:25:28.774647,2023-11-15 13:25:29.088887,0 days 00:00:00.314240,0.8,10,1.5,0.8,15,95,COMPLETE
2638,2638,18310.75,2023-11-15 13:25:29.090983,2023-11-15 13:25:29.364951,0 days 00:00:00.273968,0.8,10,1.25,0.8,11,92,COMPLETE
2639,2639,18214.0,2023-11-15 13:25:29.366334,2023-11-15 13:25:29.639513,0 days 00:00:00.273179,0.8,10,3.0,0.8,8,98,COMPLETE
2640,2640,18215.0,2023-11-15 13:25:29.641440,2023-11-15 13:25:29.970853,0 days 00:00:00.329413,0.5,10,1.25,0.8,17,100,COMPLETE
2641,2641,18301.75,2023-11-15 13:25:29.972773,2023-11-15 13:25:30.246576,0 days 00:00:00.273803,0.8,10,1.25,0.8,19,96,COMPLETE
2642,2642,18265.25,2023-11-15 13:25:30.248010,2023-11-15 13:25:30.513553,0 days 00:00:00.265543,0.8,10,1.25,0.9,14,98,COMPLETE
2643,2643,18458.5,2023-11-15 13:25:30.515248,2023-11-15 13:25:30.781548,0 days 00:00:00.266300,0.8,10,1.0,0.8,22,100,COMPLETE
2644,2644,17292.25,2023-11-15 13:25:30.782993,2023-11-15 13:25:31.068600,0 days 00:00:00.285607,0.30000000000000004,10,1.5,0.7000000000000001,9,94,COMPLETE
2645,2645,17645.5,2023-11-15 13:25:31.070083,2023-11-15 13:25:31.338646,0 days 00:00:00.268563,0.7000000000000001,20,1.25,0.8,3,97,COMPLETE
2646,2646,18681.25,2023-11-15 13:25:31.340892,2023-11-15 13:25:31.611092,0 days 00:00:00.270200,0.8,10,1.25,0.8,16,99,COMPLETE
2647,2647,18207.75,2023-11-15 13:25:31.612472,2023-11-15 13:25:31.887085,0 days 00:00:00.274613,0.9,10,1.25,0.8,12,96,COMPLETE
2648,2648,14669.25,2023-11-15 13:25:31.889261,2023-11-15 13:25:32.179004,0 days 00:00:00.289743,0.8,70,2.25,0.5,6,98,COMPLETE
2649,2649,18401.0,2023-11-15 13:25:32.180344,2023-11-15 13:25:32.453704,0 days 00:00:00.273360,0.8,10,1.0,0.8,20,100,COMPLETE
2650,2650,18218.0,2023-11-15 13:25:32.455630,2023-11-15 13:25:32.730022,0 days 00:00:00.274392,0.8,10,1.25,0.8,17,97,COMPLETE
2651,2651,18410.75,2023-11-15 13:25:32.731478,2023-11-15 13:25:33.036819,0 days 00:00:00.305341,0.8,10,1.25,0.8,25,94,COMPLETE
2652,2652,18265.25,2023-11-15 13:25:33.038613,2023-11-15 13:25:33.314284,0 days 00:00:00.275671,0.8,10,1.25,0.9,10,98,COMPLETE
2653,2653,18492.5,2023-11-15 13:25:33.315794,2023-11-15 13:25:33.588461,0 days 00:00:00.272667,0.8,10,1.25,0.8,14,100,COMPLETE
2654,2654,18301.5,2023-11-15 13:25:33.590593,2023-11-15 13:25:33.866868,0 days 00:00:00.276275,0.8,10,1.5,0.8,19,96,COMPLETE
2655,2655,18399.0,2023-11-15 13:25:33.868708,2023-11-15 13:25:34.143698,0 days 00:00:00.274990,0.8,10,1.75,0.8,5,98,COMPLETE
2656,2656,18013.5,2023-11-15 13:25:34.145917,2023-11-15 13:25:34.422910,0 days 00:00:00.276993,0.8,20,1.25,0.8,1,100,COMPLETE
2657,2657,17749.75,2023-11-15 13:25:34.424538,2023-11-15 13:25:34.709032,0 days 00:00:00.284494,0.8,10,1.25,0.7000000000000001,22,91,COMPLETE
2658,2658,12747.75,2023-11-15 13:25:34.710799,2023-11-15 13:25:34.980297,0 days 00:00:00.269498,0.8,10,1.25,0.8,15,23,COMPLETE
2659,2659,17924.5,2023-11-15 13:25:34.981758,2023-11-15 13:25:35.259457,0 days 00:00:00.277699,0.9,10,1.0,0.8,7,95,COMPLETE
2660,2660,13936.0,2023-11-15 13:25:35.261050,2023-11-15 13:25:35.558838,0 days 00:00:00.297788,0.8,80,1.5,0.8,12,98,COMPLETE
2661,2661,18300.75,2023-11-15 13:25:35.561879,2023-11-15 13:25:35.836704,0 days 00:00:00.274825,0.8,10,1.25,0.9,17,96,COMPLETE
2662,2662,17674.0,2023-11-15 13:25:35.838245,2023-11-15 13:25:36.118925,0 days 00:00:00.280680,0.7000000000000001,10,1.25,0.8,75,100,COMPLETE
2663,2663,18023.5,2023-11-15 13:25:36.120308,2023-11-15 13:25:36.423354,0 days 00:00:00.303046,0.8,10,1.25,0.8,4,98,COMPLETE
2664,2664,18207.75,2023-11-15 13:25:36.425015,2023-11-15 13:25:36.718196,0 days 00:00:00.293181,0.8,10,1.25,0.8,20,93,COMPLETE
2665,2665,18681.25,2023-11-15 13:25:36.720136,2023-11-15 13:25:37.047197,0 days 00:00:00.327061,0.8,10,1.25,0.8,15,99,COMPLETE
2666,2666,18214.5,2023-11-15 13:25:37.048986,2023-11-15 13:25:37.388481,0 days 00:00:00.339495,0.6,10,1.25,0.8,9,96,COMPLETE
2667,2667,17920.5,2023-11-15 13:25:37.390440,2023-11-15 13:25:37.671827,0 days 00:00:00.281387,0.8,20,1.5,0.8,19,97,COMPLETE
2668,2668,18218.0,2023-11-15 13:25:37.673697,2023-11-15 13:25:37.950209,0 days 00:00:00.276512,0.8,10,1.25,0.9,12,100,COMPLETE
2669,2669,18022.0,2023-11-15 13:25:37.951628,2023-11-15 13:25:38.232537,0 days 00:00:00.280909,0.8,10,1.0,0.8,17,98,COMPLETE
2670,2670,17928.75,2023-11-15 13:25:38.233877,2023-11-15 13:25:38.511120,0 days 00:00:00.277243,0.8,10,1.25,0.6,23,95,COMPLETE
2671,2671,18492.5,2023-11-15 13:25:38.512520,2023-11-15 13:25:38.782580,0 days 00:00:00.270060,0.8,10,1.25,0.8,2,100,COMPLETE
2672,2672,18218.0,2023-11-15 13:25:38.784106,2023-11-15 13:25:39.064841,0 days 00:00:00.280735,0.8,10,1.25,0.8,7,97,COMPLETE
2673,2673,18119.0,2023-11-15 13:25:39.066349,2023-11-15 13:25:39.356751,0 days 00:00:00.290402,0.8,10,1.75,0.7000000000000001,14,98,COMPLETE
2674,2674,489.0,2023-11-15 13:25:39.358237,2023-11-15 13:25:39.883616,0 days 00:00:00.525379,0.9,20,1.25,0.8,0,94,COMPLETE
2675,2675,15673.5,2023-11-15 13:25:39.884963,2023-11-15 13:25:40.199494,0 days 00:00:00.314531,0.7000000000000001,50,1.0,0.8,21,100,COMPLETE
2676,2676,18395.0,2023-11-15 13:25:40.200888,2023-11-15 13:25:40.486847,0 days 00:00:00.285959,0.8,10,2.0,0.8,10,96,COMPLETE
2677,2677,18023.5,2023-11-15 13:25:40.488538,2023-11-15 13:25:40.777689,0 days 00:00:00.289151,0.8,10,1.25,0.8,18,98,COMPLETE
2678,2678,18681.25,2023-11-15 13:25:40.779093,2023-11-15 13:25:41.056314,0 days 00:00:00.277221,0.8,10,1.25,0.8,16,99,COMPLETE
2679,2679,16758.0,2023-11-15 13:25:41.057666,2023-11-15 13:25:41.351854,0 days 00:00:00.294188,0.2,10,1.5,0.8,4,100,COMPLETE
2680,2680,18128.0,2023-11-15 13:25:41.353186,2023-11-15 13:25:41.640968,0 days 00:00:00.287782,0.8,10,0.25,0.8,13,97,COMPLETE
2681,2681,18112.5,2023-11-15 13:25:41.642363,2023-11-15 13:25:41.919630,0 days 00:00:00.277267,0.8,10,1.25,0.8,24,95,COMPLETE
2682,2682,18301.75,2023-11-15 13:25:41.921262,2023-11-15 13:25:42.195637,0 days 00:00:00.274375,0.8,10,1.25,0.9,27,93,COMPLETE
2683,2683,18023.5,2023-11-15 13:25:42.197022,2023-11-15 13:25:42.476582,0 days 00:00:00.279560,0.8,10,1.25,0.8,6,98,COMPLETE
2684,2684,18492.5,2023-11-15 13:25:42.477996,2023-11-15 13:25:42.756118,0 days 00:00:00.278122,0.8,10,1.25,0.8,19,100,COMPLETE
2685,2685,17653.75,2023-11-15 13:25:42.757864,2023-11-15 13:25:43.036268,0 days 00:00:00.278404,0.8,10,1.0,0.8,16,74,COMPLETE
2686,2686,18202.0,2023-11-15 13:25:43.037801,2023-11-15 13:25:43.319573,0 days 00:00:00.281772,0.8,20,1.25,0.7000000000000001,11,96,COMPLETE
2687,2687,18305.25,2023-11-15 13:25:43.321115,2023-11-15 13:25:43.615908,0 days 00:00:00.294793,0.8,10,1.5,0.8,8,98,COMPLETE
2688,2688,18307.0,2023-11-15 13:25:43.618104,2023-11-15 13:25:43.892025,0 days 00:00:00.273921,0.9,10,1.25,0.8,21,100,COMPLETE
2689,2689,18209.0,2023-11-15 13:25:43.893710,2023-11-15 13:25:44.168858,0 days 00:00:00.275148,0.8,10,1.25,0.8,3,89,COMPLETE
2690,2690,18218.0,2023-11-15 13:25:44.170501,2023-11-15 13:25:44.479346,0 days 00:00:00.308845,0.8,10,1.25,0.8,14,97,COMPLETE
2691,2691,18681.25,2023-11-15 13:25:44.480826,2023-11-15 13:25:44.760054,0 days 00:00:00.279228,0.8,10,1.25,0.8,18,99,COMPLETE
2692,2692,18025.75,2023-11-15 13:25:44.761465,2023-11-15 13:25:45.041289,0 days 00:00:00.279824,0.7000000000000001,10,1.25,0.9,33,94,COMPLETE
2693,2693,18594.75,2023-11-15 13:25:45.043623,2023-11-15 13:25:45.321087,0 days 00:00:00.277464,0.8,10,1.0,0.8,16,96,COMPLETE
2694,2694,18023.5,2023-11-15 13:25:45.322731,2023-11-15 13:25:45.603414,0 days 00:00:00.280683,0.8,10,1.25,0.8,13,98,COMPLETE
2695,2695,18399.0,2023-11-15 13:25:45.605732,2023-11-15 13:25:45.884888,0 days 00:00:00.279156,0.8,10,1.25,0.7000000000000001,9,100,COMPLETE
2696,2696,18399.75,2023-11-15 13:25:45.886414,2023-11-15 13:25:46.161833,0 days 00:00:00.275419,0.8,10,1.5,0.8,6,97,COMPLETE
2697,2697,17830.75,2023-11-15 13:25:46.163211,2023-11-15 13:25:46.440424,0 days 00:00:00.277213,0.8,20,1.25,0.8,21,98,COMPLETE
2698,2698,17837.25,2023-11-15 13:25:46.441886,2023-11-15 13:25:46.722104,0 days 00:00:00.280218,0.8,10,1.25,0.8,18,95,COMPLETE
2699,2699,17008.75,2023-11-15 13:25:46.724037,2023-11-15 13:25:46.996798,0 days 00:00:00.272761,0.7000000000000001,10,1.0,0.8,4,48,COMPLETE
2700,2700,18399.0,2023-11-15 13:25:46.998860,2023-11-15 13:25:47.275674,0 days 00:00:00.276814,0.8,10,1.25,0.8,11,100,COMPLETE
2701,2701,18305.25,2023-11-15 13:25:47.277913,2023-11-15 13:25:47.548519,0 days 00:00:00.270606,0.8,10,1.5,0.8,2,98,COMPLETE
2702,2702,18300.75,2023-11-15 13:25:47.549983,2023-11-15 13:25:47.868788,0 days 00:00:00.318805,0.8,10,1.25,0.9,16,96,COMPLETE
2703,2703,18492.5,2023-11-15 13:25:47.870496,2023-11-15 13:25:48.150924,0 days 00:00:00.280428,0.8,10,1.25,0.8,19,100,COMPLETE
2704,2704,18033.25,2023-11-15 13:25:48.152830,2023-11-15 13:25:48.435289,0 days 00:00:00.282459,0.8,10,1.25,0.8,23,98,COMPLETE
2705,2705,17003.5,2023-11-15 13:25:48.436956,2023-11-15 13:25:48.727210,0 days 00:00:00.290254,0.8,20,1.25,0.7000000000000001,13,95,COMPLETE
2706,2706,18492.0,2023-11-15 13:25:48.728693,2023-11-15 13:25:49.005638,0 days 00:00:00.276945,0.9,10,1.75,0.6,15,92,COMPLETE
2707,2707,18401.25,2023-11-15 13:25:49.007646,2023-11-15 13:25:49.289725,0 days 00:00:00.282079,0.8,10,1.25,0.8,40,99,COMPLETE
2708,2708,18218.0,2023-11-15 13:25:49.291968,2023-11-15 13:25:49.571625,0 days 00:00:00.279657,0.8,10,1.25,0.8,8,97,COMPLETE
2709,2709,18492.5,2023-11-15 13:25:49.573407,2023-11-15 13:25:49.850399,0 days 00:00:00.276992,0.8,10,1.25,0.8,20,100,COMPLETE
2710,2710,15424.25,2023-11-15 13:25:49.851759,2023-11-15 13:25:50.143717,0 days 00:00:00.291958,0.8,60,1.5,0.9,5,98,COMPLETE
2711,2711,0.0,2023-11-15 13:25:50.145305,2023-11-15 13:25:50.577553,0 days 00:00:00.432248,0.8,30,1.0,0.8,0,61,COMPLETE
2712,2712,17934.75,2023-11-15 13:25:50.579150,2023-11-15 13:25:50.860406,0 days 00:00:00.281256,0.8,10,1.25,0.4,17,94,COMPLETE
2713,2713,18394.5,2023-11-15 13:25:50.862257,2023-11-15 13:25:51.173972,0 days 00:00:00.311715,0.8,10,1.25,0.8,12,96,COMPLETE
2714,2714,18488.5,2023-11-15 13:25:51.176002,2023-11-15 13:25:51.544721,0 days 00:00:00.368719,0.7000000000000001,10,1.25,0.8,10,100,COMPLETE
2715,2715,18305.25,2023-11-15 13:25:51.546829,2023-11-15 13:25:51.883812,0 days 00:00:00.336983,0.8,10,1.5,0.8,15,98,COMPLETE
2716,2716,18218.5,2023-11-15 13:25:51.885657,2023-11-15 13:25:52.247115,0 days 00:00:00.361458,0.9,10,1.25,0.8,18,97,COMPLETE
2717,2717,18213.5,2023-11-15 13:25:52.248829,2023-11-15 13:25:52.573248,0 days 00:00:00.324419,0.8,10,1.0,0.8,21,100,COMPLETE
2718,2718,18202.0,2023-11-15 13:25:52.575110,2023-11-15 13:25:52.852106,0 days 00:00:00.276996,0.8,20,1.25,0.8,7,96,COMPLETE
2719,2719,16363.25,2023-11-15 13:25:52.853544,2023-11-15 13:25:53.138356,0 days 00:00:00.284812,0.8,10,1.25,0.7000000000000001,26,63,COMPLETE
2720,2720,18305.25,2023-11-15 13:25:53.140444,2023-11-15 13:25:53.420114,0 days 00:00:00.279670,0.8,10,1.5,0.8,2,98,COMPLETE
2721,2721,18301.75,2023-11-15 13:25:53.421986,2023-11-15 13:25:53.701699,0 days 00:00:00.279713,0.8,10,1.25,0.9,13,93,COMPLETE
2722,2722,18492.5,2023-11-15 13:25:53.703116,2023-11-15 13:25:53.983474,0 days 00:00:00.280358,0.8,10,1.25,0.8,15,100,COMPLETE
