,number,value,datetime_start,datetime_complete,duration,params_alpha,params_decay_interval,params_decay_rate,params_gamma,params_initialization,params_max_steps,state
5942,5942,14114.5,2023-11-15 11:12:45.660173,2023-11-15 11:12:46.237038,0 days 00:00:00.576865,0.2,80,0.75,0.8,0,143,COMPLETE
5943,5943,18996.0,2023-11-15 11:12:46.239464,2023-11-15 11:12:46.774470,0 days 00:00:00.535006,0.2,10,1.0,0.9,3,137,COMPLETE
5944,5944,18751.25,2023-11-15 11:12:46.776818,2023-11-15 11:12:47.334352,0 days 00:00:00.557534,0.2,10,0.75,0.9,8,145,COMPLETE
5945,5945,19261.0,2023-11-15 11:12:47.336809,2023-11-15 11:12:47.872206,0 days 00:00:00.535397,0.1,10,0.75,0.9,2,147,COMPLETE
5946,5946,18973.0,2023-11-15 11:12:47.875024,2023-11-15 11:12:48.417143,0 days 00:00:00.542119,0.30000000000000004,10,0.75,0.9,4,141,COMPLETE
5947,5947,16290.0,2023-11-15 11:12:48.419162,2023-11-15 11:12:49.021240,0 days 00:00:00.602078,0.2,50,0.75,0.9,6,150,COMPLETE
5948,5948,19261.0,2023-11-15 11:12:49.023609,2023-11-15 11:12:49.559390,0 days 00:00:00.535781,0.2,10,1.25,0.9,0,144,COMPLETE
5949,5949,19006.5,2023-11-15 11:12:49.561829,2023-11-15 11:12:50.106695,0 days 00:00:00.544866,0.2,10,0.75,0.9,2,139,COMPLETE
5950,5950,19261.0,2023-11-15 11:12:50.109555,2023-11-15 11:12:50.655380,0 days 00:00:00.545825,0.1,10,0.75,0.9,0,147,COMPLETE
5951,5951,18974.5,2023-11-15 11:12:50.657419,2023-11-15 11:12:51.209883,0 days 00:00:00.552464,0.2,10,0.5,0.9,4,143,COMPLETE
5952,5952,19261.0,2023-11-15 11:12:51.211859,2023-11-15 11:12:51.747370,0 days 00:00:00.535511,0.2,10,1.0,0.8,2,147,COMPLETE
5953,5953,19065.75,2023-11-15 11:12:51.750139,2023-11-15 11:12:52.312837,0 days 00:00:00.562698,0.2,10,0.75,0.6,0,131,COMPLETE
5954,5954,14992.5,2023-11-15 11:12:52.315145,2023-11-15 11:12:52.928938,0 days 00:00:00.613793,0.4,20,0.75,0.5,5,150,COMPLETE
5955,5955,18786.0,2023-11-15 11:12:52.931029,2023-11-15 11:12:53.488204,0 days 00:00:00.557175,0.1,10,0.75,0.9,8,145,COMPLETE
5956,5956,19163.5,2023-11-15 11:12:53.490283,2023-11-15 11:12:54.019854,0 days 00:00:00.529571,0.2,10,1.0,0.9,3,140,COMPLETE
5957,5957,19261.0,2023-11-15 11:12:54.022858,2023-11-15 11:12:54.557304,0 days 00:00:00.534446,0.30000000000000004,10,1.25,0.9,0,143,COMPLETE
5958,5958,19261.0,2023-11-15 11:12:54.559633,2023-11-15 11:12:55.097543,0 days 00:00:00.537910,0.2,10,0.75,0.9,2,147,COMPLETE
5959,5959,19161.25,2023-11-15 11:12:55.100058,2023-11-15 11:12:55.663716,0 days 00:00:00.563658,0.2,10,0.75,0.9,6,137,COMPLETE
5960,5960,19114.0,2023-11-15 11:12:55.666621,2023-11-15 11:12:56.206613,0 days 00:00:00.539992,0.1,10,0.25,0.9,4,145,COMPLETE
5961,5961,14309.75,2023-11-15 11:12:56.208968,2023-11-15 11:12:56.822321,0 days 00:00:00.613353,0.6,10,0.75,0.9,2,141,COMPLETE
5962,5962,19359.75,2023-11-15 11:12:56.824796,2023-11-15 11:12:57.358800,0 days 00:00:00.534004,0.2,10,0.5,0.2,0,148,COMPLETE
5963,5963,18393.5,2023-11-15 11:12:57.361109,2023-11-15 11:12:57.899850,0 days 00:00:00.538741,0.2,20,0.75,0.9,10,150,COMPLETE
5964,5964,18797.25,2023-11-15 11:12:57.902207,2023-11-15 11:12:58.488522,0 days 00:00:00.586315,0.2,10,0.75,0.7000000000000001,4,144,COMPLETE
5965,5965,19261.0,2023-11-15 11:12:58.490849,2023-11-15 11:12:59.175123,0 days 00:00:00.684274,0.1,10,1.0,0.9,0,140,COMPLETE
5966,5966,19261.0,2023-11-15 11:12:59.178240,2023-11-15 11:12:59.808995,0 days 00:00:00.630755,0.2,10,0.75,0.8,2,147,COMPLETE
5967,5967,18992.75,2023-11-15 11:12:59.811474,2023-11-15 11:13:00.409941,0 days 00:00:00.598467,0.2,10,0.75,0.9,6,143,COMPLETE
5968,5968,18999.75,2023-11-15 11:13:00.411933,2023-11-15 11:13:01.017991,0 days 00:00:00.606058,0.30000000000000004,10,0.75,0.9,2,134,COMPLETE
5969,5969,19359.75,2023-11-15 11:13:01.020076,2023-11-15 11:13:01.573748,0 days 00:00:00.553672,0.2,10,0.75,0.9,4,145,COMPLETE
5970,5970,19261.0,2023-11-15 11:13:01.576346,2023-11-15 11:13:02.123027,0 days 00:00:00.546681,0.2,10,0.5,0.8,0,150,COMPLETE
5971,5971,19161.25,2023-11-15 11:13:02.125868,2023-11-15 11:13:02.691735,0 days 00:00:00.565867,0.1,10,1.25,0.9,2,139,COMPLETE
5972,5972,18518.25,2023-11-15 11:13:02.693769,2023-11-15 11:13:03.260715,0 days 00:00:00.566946,0.2,20,1.0,0.9,8,147,COMPLETE
5973,5973,18585.0,2023-11-15 11:13:03.263154,2023-11-15 11:13:03.814418,0 days 00:00:00.551264,0.2,10,0.75,0.9,58,142,COMPLETE
5974,5974,19359.75,2023-11-15 11:13:03.818009,2023-11-15 11:13:04.361968,0 days 00:00:00.543959,0.2,10,0.75,0.9,4,145,COMPLETE
5975,5975,14959.5,2023-11-15 11:13:04.364096,2023-11-15 11:13:04.930607,0 days 00:00:00.566511,0.1,70,0.75,0.9,76,148,COMPLETE
5976,5976,19261.0,2023-11-15 11:13:04.933716,2023-11-15 11:13:05.474904,0 days 00:00:00.541188,0.2,10,1.75,0.9,0,143,COMPLETE
5977,5977,18985.25,2023-11-15 11:13:05.476943,2023-11-15 11:13:06.064719,0 days 00:00:00.587776,0.2,10,0.75,0.9,6,138,COMPLETE
5978,5978,19261.0,2023-11-15 11:13:06.067345,2023-11-15 11:13:06.606737,0 days 00:00:00.539392,0.2,10,1.0,0.9,2,147,COMPLETE
5979,5979,18874.25,2023-11-15 11:13:06.608771,2023-11-15 11:13:07.152060,0 days 00:00:00.543289,0.30000000000000004,10,0.75,0.9,25,150,COMPLETE
5980,5980,19261.0,2023-11-15 11:13:07.154114,2023-11-15 11:13:07.698783,0 days 00:00:00.544669,0.1,10,0.25,0.9,0,142,COMPLETE
5981,5981,15015.75,2023-11-15 11:13:07.701493,2023-11-15 11:13:08.272926,0 days 00:00:00.571433,0.2,10,0.75,0.4,4,144,COMPLETE
5982,5982,17242.0,2023-11-15 11:13:08.274945,2023-11-15 11:13:08.826873,0 days 00:00:00.551928,0.2,20,1.25,0.9,2,95,COMPLETE
5983,5983,16218.75,2023-11-15 11:13:08.829025,2023-11-15 11:13:09.424837,0 days 00:00:00.595812,0.2,10,0.5,0.5,6,145,COMPLETE
5984,5984,17753.0,2023-11-15 11:13:09.427107,2023-11-15 11:13:09.994745,0 days 00:00:00.567638,0.5,10,0.75,0.9,0,139,COMPLETE
5985,5985,19083.25,2023-11-15 11:13:09.996822,2023-11-15 11:13:10.543232,0 days 00:00:00.546410,0.1,10,0.75,0.7000000000000001,3,147,COMPLETE
5986,5986,18973.0,2023-11-15 11:13:10.545348,2023-11-15 11:13:11.084397,0 days 00:00:00.539049,0.2,10,0.75,0.9,2,141,COMPLETE
5987,5987,18680.5,2023-11-15 11:13:11.086974,2023-11-15 11:13:11.632368,0 days 00:00:00.545394,0.2,10,0.75,0.8,4,150,COMPLETE
5988,5988,17548.0,2023-11-15 11:13:11.634928,2023-11-15 11:13:12.181132,0 days 00:00:00.546204,0.2,30,1.25,0.9,0,136,COMPLETE
5989,5989,18751.25,2023-11-15 11:13:12.183773,2023-11-15 11:13:12.736273,0 days 00:00:00.552500,0.2,10,0.75,0.9,8,145,COMPLETE
5990,5990,15893.5,2023-11-15 11:13:12.738458,2023-11-15 11:13:13.328028,0 days 00:00:00.589570,0.1,10,1.0,0.6,12,142,COMPLETE
5991,5991,19261.0,2023-11-15 11:13:13.330154,2023-11-15 11:13:13.919360,0 days 00:00:00.589206,0.2,10,0.75,0.9,2,147,COMPLETE
5992,5992,18345.25,2023-11-15 11:13:13.921970,2023-11-15 11:13:14.548630,0 days 00:00:00.626660,0.30000000000000004,20,0.75,0.8,5,145,COMPLETE
5993,5993,19163.75,2023-11-15 11:13:14.551392,2023-11-15 11:13:15.095277,0 days 00:00:00.543885,0.2,10,0.75,0.9,0,150,COMPLETE
5994,5994,19163.5,2023-11-15 11:13:15.097507,2023-11-15 11:13:15.641670,0 days 00:00:00.544163,0.7000000000000001,10,1.0,0.9,3,141,COMPLETE
5995,5995,19261.0,2023-11-15 11:13:15.643718,2023-11-15 11:13:16.179862,0 days 00:00:00.536144,0.2,10,0.75,0.9,2,147,COMPLETE
5996,5996,19091.75,2023-11-15 11:13:16.182612,2023-11-15 11:13:16.757369,0 days 00:00:00.574757,0.1,10,0.75,0.9,6,143,COMPLETE
5997,5997,18969.25,2023-11-15 11:13:16.759389,2023-11-15 11:13:17.304931,0 days 00:00:00.545542,0.2,10,0.75,0.9,0,138,COMPLETE
5998,5998,18608.5,2023-11-15 11:13:17.307117,2023-11-15 11:13:17.860602,0 days 00:00:00.553485,0.2,10,0.5,0.9,65,148,COMPLETE
5999,5999,19359.75,2023-11-15 11:13:17.862830,2023-11-15 11:13:18.401972,0 days 00:00:00.539142,0.2,10,0.75,0.9,4,145,COMPLETE
6000,6000,18972.0,2023-11-15 11:13:18.404003,2023-11-15 11:13:18.946712,0 days 00:00:00.542709,0.1,10,0.75,0.9,2,141,COMPLETE
6001,6001,19261.0,2023-11-15 11:13:18.949153,2023-11-15 11:13:19.498578,0 days 00:00:00.549425,0.2,10,0.25,0.30000000000000004,0,150,COMPLETE
6002,6002,19165.25,2023-11-15 11:13:19.501227,2023-11-15 11:13:20.080787,0 days 00:00:00.579560,0.2,10,1.25,0.9,10,145,COMPLETE
6003,6003,19136.75,2023-11-15 11:13:20.083575,2023-11-15 11:13:20.631257,0 days 00:00:00.547682,0.2,10,0.75,0.8,7,147,COMPLETE
6004,6004,18394.75,2023-11-15 11:13:20.633963,2023-11-15 11:13:21.185578,0 days 00:00:00.551615,0.2,20,1.0,0.9,4,143,COMPLETE
6005,6005,18874.5,2023-11-15 11:13:21.188465,2023-11-15 11:13:21.731803,0 days 00:00:00.543338,0.1,10,0.75,0.9,2,135,COMPLETE
6006,6006,19064.75,2023-11-15 11:13:21.734707,2023-11-15 11:13:22.280145,0 days 00:00:00.545438,0.30000000000000004,10,0.75,0.9,0,139,COMPLETE
6007,6007,8523.75,2023-11-15 11:13:22.282376,2023-11-15 11:13:22.929125,0 days 00:00:00.646749,0.2,10,1.5,0.1,4,145,COMPLETE
6008,6008,19266.0,2023-11-15 11:13:22.931487,2023-11-15 11:13:23.489417,0 days 00:00:00.557930,0.2,10,0.5,0.7000000000000001,2,148,COMPLETE
6009,6009,0.0,2023-11-15 11:13:23.491889,2023-11-15 11:13:24.085439,0 days 00:00:00.593550,0.1,10,0.75,0.9,6,30,COMPLETE
6010,6010,19261.0,2023-11-15 11:13:24.087440,2023-11-15 11:13:24.643631,0 days 00:00:00.556191,0.2,10,1.0,0.2,0,142,COMPLETE
6011,6011,19082.5,2023-11-15 11:13:24.645669,2023-11-15 11:13:25.189212,0 days 00:00:00.543543,0.2,10,0.75,0.9,2,150,COMPLETE
6012,6012,16910.0,2023-11-15 11:13:25.191330,2023-11-15 11:13:25.769035,0 days 00:00:00.577705,0.2,10,0.75,0.6,5,143,COMPLETE
6013,6013,18554.5,2023-11-15 11:13:25.771261,2023-11-15 11:13:26.312177,0 days 00:00:00.540916,0.2,20,0.75,0.9,0,147,COMPLETE
6014,6014,19161.25,2023-11-15 11:13:26.349743,2023-11-15 11:13:26.907331,0 days 00:00:00.557588,0.1,10,1.0,0.9,3,139,COMPLETE
6015,6015,18751.25,2023-11-15 11:13:26.909402,2023-11-15 11:13:27.463955,0 days 00:00:00.554553,0.2,10,0.75,0.9,8,145,COMPLETE
6016,6016,19270.0,2023-11-15 11:13:27.467107,2023-11-15 11:13:28.057541,0 days 00:00:00.590434,0.4,10,1.25,0.8,2,148,COMPLETE
6017,6017,19017.5,2023-11-15 11:13:28.060095,2023-11-15 11:13:28.708344,0 days 00:00:00.648249,0.30000000000000004,10,0.75,0.9,5,142,COMPLETE
6018,6018,19163.75,2023-11-15 11:13:28.710569,2023-11-15 11:13:29.351591,0 days 00:00:00.641022,0.2,10,0.75,0.9,0,150,COMPLETE
6019,6019,19292.25,2023-11-15 11:13:29.353961,2023-11-15 11:13:29.948225,0 days 00:00:00.594264,0.2,10,0.75,0.9,2,145,COMPLETE
6020,6020,18985.25,2023-11-15 11:13:29.951125,2023-11-15 11:13:30.598058,0 days 00:00:00.646933,0.1,10,0.75,0.9,4,138,COMPLETE
6021,6021,19163.75,2023-11-15 11:13:30.600745,2023-11-15 11:13:31.217599,0 days 00:00:00.616854,0.2,10,1.0,0.9,0,141,COMPLETE
6022,6022,16570.25,2023-11-15 11:13:31.219725,2023-11-15 11:13:31.955453,0 days 00:00:00.735728,0.2,50,0.5,0.4,3,147,COMPLETE
6023,6023,17924.5,2023-11-15 11:13:31.957519,2023-11-15 11:13:32.511770,0 days 00:00:00.554251,0.2,20,0.75,0.9,7,144,COMPLETE
6024,6024,17104.25,2023-11-15 11:13:32.513790,2023-11-15 11:13:33.057884,0 days 00:00:00.544094,0.2,40,1.25,0.8,2,147,COMPLETE
6025,6025,19261.0,2023-11-15 11:13:33.060007,2023-11-15 11:13:33.598974,0 days 00:00:00.538967,0.1,10,0.75,0.9,0,150,COMPLETE
6026,6026,16905.75,2023-11-15 11:13:33.601704,2023-11-15 11:13:34.175485,0 days 00:00:00.573781,0.2,10,0.75,0.5,4,143,COMPLETE
6027,6027,18079.0,2023-11-15 11:13:34.177624,2023-11-15 11:13:34.718060,0 days 00:00:00.540436,0.30000000000000004,10,0.75,0.9,6,136,COMPLETE
6028,6028,19049.0,2023-11-15 11:13:34.720460,2023-11-15 11:13:35.261034,0 days 00:00:00.540574,0.2,10,0.75,0.9,2,140,COMPLETE
6029,6029,18829.5,2023-11-15 11:13:35.263191,2023-11-15 11:13:35.812121,0 days 00:00:00.548930,0.1,10,0.75,0.9,9,145,COMPLETE
6030,6030,19261.0,2023-11-15 11:13:35.814139,2023-11-15 11:13:36.343134,0 days 00:00:00.528995,0.2,10,0.75,0.9,0,147,COMPLETE
6031,6031,0.0,2023-11-15 11:13:36.345206,2023-11-15 11:13:36.858418,0 days 00:00:00.513212,0.5,10,1.0,0.9,4,4,COMPLETE
6032,6032,18992.75,2023-11-15 11:13:36.860767,2023-11-15 11:13:37.393557,0 days 00:00:00.532790,0.2,10,0.75,0.9,2,143,COMPLETE
6033,6033,19259.5,2023-11-15 11:13:37.395599,2023-11-15 11:13:37.935698,0 days 00:00:00.540099,0.2,10,0.5,0.9,0,132,COMPLETE
6034,6034,18969.25,2023-11-15 11:13:37.937682,2023-11-15 11:13:38.464190,0 days 00:00:00.526508,0.2,10,0.75,0.8,5,150,COMPLETE
6035,6035,12163.0,2023-11-15 11:13:38.467128,2023-11-15 11:13:39.027345,0 days 00:00:00.560217,0.1,100,1.25,0.9,13,141,COMPLETE
6036,6036,18588.25,2023-11-15 11:13:39.029437,2023-11-15 11:13:39.577388,0 days 00:00:00.547951,0.2,20,1.0,0.9,2,145,COMPLETE
6037,6037,19261.0,2023-11-15 11:13:39.579772,2023-11-15 11:13:40.110805,0 days 00:00:00.531033,0.2,10,0.75,0.9,0,147,COMPLETE
6038,6038,13842.75,2023-11-15 11:13:40.113180,2023-11-15 11:13:40.674460,0 days 00:00:00.561280,0.2,10,0.75,0.5,4,138,COMPLETE
6039,6039,18992.75,2023-11-15 11:13:40.676447,2023-11-15 11:13:41.213600,0 days 00:00:00.537153,0.30000000000000004,10,0.75,0.9,7,143,COMPLETE
6040,6040,18878.25,2023-11-15 11:13:41.215791,2023-11-15 11:13:41.745287,0 days 00:00:00.529496,0.1,10,0.25,0.8,2,107,COMPLETE
6041,6041,19271.0,2023-11-15 11:13:41.747295,2023-11-15 11:13:42.272262,0 days 00:00:00.524967,0.2,10,0.75,0.9,0,148,COMPLETE
6042,6042,19359.75,2023-11-15 11:13:42.274338,2023-11-15 11:13:42.800084,0 days 00:00:00.525746,0.2,10,0.75,0.9,4,145,COMPLETE
6043,6043,18300.0,2023-11-15 11:13:42.803293,2023-11-15 11:13:43.319800,0 days 00:00:00.516507,0.2,20,1.0,0.9,2,141,COMPLETE
6044,6044,17921.5,2023-11-15 11:13:43.321836,2023-11-15 11:13:43.855026,0 days 00:00:00.533190,0.2,10,0.5,0.6,6,150,COMPLETE
6045,6045,19261.0,2023-11-15 11:13:43.857121,2023-11-15 11:13:44.387862,0 days 00:00:00.530741,0.2,10,0.75,0.7000000000000001,2,147,COMPLETE
6046,6046,19261.0,2023-11-15 11:13:44.389854,2023-11-15 11:13:44.907189,0 days 00:00:00.517335,0.1,10,0.75,0.9,0,140,COMPLETE
6047,6047,18795.75,2023-11-15 11:13:44.909382,2023-11-15 11:13:45.429376,0 days 00:00:00.519994,0.4,10,0.75,0.9,4,144,COMPLETE
6048,6048,18599.75,2023-11-15 11:13:45.431529,2023-11-15 11:13:45.967866,0 days 00:00:00.536337,0.2,10,0.25,0.9,61,148,COMPLETE
6049,6049,18992.75,2023-11-15 11:13:45.970041,2023-11-15 11:13:46.494963,0 days 00:00:00.524922,0.1,10,0.75,0.9,10,143,COMPLETE
6050,6050,18647.5,2023-11-15 11:13:46.497222,2023-11-15 11:13:47.026810,0 days 00:00:00.529588,0.2,10,0.75,0.9,2,136,COMPLETE
6051,6051,19359.75,2023-11-15 11:13:47.028964,2023-11-15 11:13:47.563298,0 days 00:00:00.534334,0.2,10,1.0,0.9,0,145,COMPLETE
6052,6052,18969.25,2023-11-15 11:13:47.565828,2023-11-15 11:13:48.091088,0 days 00:00:00.525260,0.2,10,0.75,0.8,6,150,COMPLETE
6053,6053,18785.25,2023-11-15 11:13:48.093118,2023-11-15 11:13:48.617751,0 days 00:00:00.524633,0.30000000000000004,10,1.25,0.9,3,141,COMPLETE
6054,6054,18490.0,2023-11-15 11:13:48.619798,2023-11-15 11:13:49.144516,0 days 00:00:00.524718,0.2,20,0.75,0.9,29,147,COMPLETE
6055,6055,18199.5,2023-11-15 11:13:49.146539,2023-11-15 11:13:49.669054,0 days 00:00:00.522515,0.2,10,0.75,0.9,8,89,COMPLETE
6056,6056,19359.75,2023-11-15 11:13:49.671381,2023-11-15 11:13:50.181819,0 days 00:00:00.510438,0.1,10,0.75,0.30000000000000004,0,145,COMPLETE
6057,6057,19130.5,2023-11-15 11:13:50.184367,2023-11-15 11:13:50.706176,0 days 00:00:00.521809,0.2,10,0.5,0.9,4,138,COMPLETE
6058,6058,19050.0,2023-11-15 11:13:50.708490,2023-11-15 11:13:51.244998,0 days 00:00:00.536508,0.2,10,1.0,0.9,2,143,COMPLETE
6059,6059,19261.0,2023-11-15 11:13:51.247083,2023-11-15 11:13:51.765594,0 days 00:00:00.518511,0.2,10,0.75,0.8,5,147,COMPLETE
6060,6060,19163.5,2023-11-15 11:13:51.768320,2023-11-15 11:13:52.282565,0 days 00:00:00.514245,0.2,10,1.25,0.9,0,150,COMPLETE
6061,6061,18969.5,2023-11-15 11:13:52.285277,2023-11-15 11:13:52.807196,0 days 00:00:00.521919,0.1,10,0.75,0.7000000000000001,2,141,COMPLETE
6062,6062,19313.25,2023-11-15 11:13:52.809491,2023-11-15 11:13:53.343677,0 days 00:00:00.534186,0.2,10,0.75,0.9,3,145,COMPLETE
6063,6063,19261.0,2023-11-15 11:13:53.345753,2023-11-15 11:13:53.874642,0 days 00:00:00.528889,0.2,10,0.75,0.9,0,147,COMPLETE
6064,6064,17913.25,2023-11-15 11:13:53.876683,2023-11-15 11:13:54.425408,0 days 00:00:00.548725,0.1,20,1.75,0.9,6,134,COMPLETE
6065,6065,10731.75,2023-11-15 11:13:54.427582,2023-11-15 11:13:55.016956,0 days 00:00:00.589374,0.2,10,0.75,0.4,2,139,COMPLETE
6066,6066,18224.25,2023-11-15 11:13:55.018939,2023-11-15 11:13:55.569877,0 days 00:00:00.550938,0.30000000000000004,10,0.5,0.9,4,143,COMPLETE
6067,6067,19163.75,2023-11-15 11:13:55.571904,2023-11-15 11:13:56.086753,0 days 00:00:00.514849,0.2,10,0.75,0.9,0,150,COMPLETE
6068,6068,14718.75,2023-11-15 11:13:56.089106,2023-11-15 11:13:56.642748,0 days 00:00:00.553642,0.2,10,1.0,0.5,2,145,COMPLETE
6069,6069,18300.5,2023-11-15 11:13:56.644774,2023-11-15 11:13:57.175841,0 days 00:00:00.531067,0.1,20,0.75,0.9,8,141,COMPLETE
6070,6070,19261.0,2023-11-15 11:13:57.178282,2023-11-15 11:13:57.709426,0 days 00:00:00.531144,0.2,10,0.75,0.9,5,147,COMPLETE
6071,6071,9481.75,2023-11-15 11:13:57.711684,2023-11-15 11:13:58.314161,0 days 00:00:00.602477,0.2,10,1.25,0.9,90,143,COMPLETE
6072,6072,18350.75,2023-11-15 11:13:58.316954,2023-11-15 11:13:58.844831,0 days 00:00:00.527877,0.6,10,0.75,0.9,0,147,COMPLETE
6073,6073,19161.25,2023-11-15 11:13:58.847029,2023-11-15 11:13:59.366005,0 days 00:00:00.518976,0.2,10,1.0,0.8,2,138,COMPLETE
6074,6074,19111.25,2023-11-15 11:13:59.368451,2023-11-15 11:13:59.890006,0 days 00:00:00.521555,0.2,10,0.75,0.9,4,150,COMPLETE
6075,6075,19197.5,2023-11-15 11:13:59.892106,2023-11-15 11:14:00.414625,0 days 00:00:00.522519,0.1,10,0.75,0.9,0,143,COMPLETE
6076,6076,18729.0,2023-11-15 11:14:00.417878,2023-11-15 11:14:00.942275,0 days 00:00:00.524397,0.2,10,0.75,0.9,2,129,COMPLETE
6077,6077,17378.75,2023-11-15 11:14:00.949557,2023-11-15 11:14:01.501576,0 days 00:00:00.552019,0.2,10,0.75,0.6,6,145,COMPLETE
6078,6078,17066.0,2023-11-15 11:14:01.503821,2023-11-15 11:14:02.065665,0 days 00:00:00.561844,0.7000000000000001,10,0.5,0.9,3,140,COMPLETE
6079,6079,19359.75,2023-11-15 11:14:02.068202,2023-11-15 11:14:02.577525,0 days 00:00:00.509323,0.1,10,1.0,0.1,0,148,COMPLETE
6080,6080,19001.5,2023-11-15 11:14:02.579651,2023-11-15 11:14:03.113652,0 days 00:00:00.534001,0.2,10,0.25,0.9,11,145,COMPLETE
6081,6081,18973.0,2023-11-15 11:14:03.116262,2023-11-15 11:14:03.636117,0 days 00:00:00.519855,0.2,10,0.75,0.9,4,141,COMPLETE
6082,6082,10162.75,2023-11-15 11:14:03.638434,2023-11-15 11:14:04.234550,0 days 00:00:00.596116,0.8,10,0.75,0.9,7,124,COMPLETE
6083,6083,18079.0,2023-11-15 11:14:04.236680,2023-11-15 11:14:04.761779,0 days 00:00:00.525099,0.2,10,0.75,0.8,2,136,COMPLETE
6084,6084,18494.5,2023-11-15 11:14:04.764030,2023-11-15 11:14:05.289274,0 days 00:00:00.525244,0.30000000000000004,20,1.25,0.9,0,147,COMPLETE
6085,6085,19082.5,2023-11-15 11:14:05.291314,2023-11-15 11:14:05.807044,0 days 00:00:00.515730,0.2,10,0.75,0.9,2,150,COMPLETE
6086,6086,18761.0,2023-11-15 11:14:05.809336,2023-11-15 11:14:06.329855,0 days 00:00:00.520519,0.1,10,0.75,0.9,5,144,COMPLETE
6087,6087,18872.5,2023-11-15 11:14:06.332006,2023-11-15 11:14:06.862330,0 days 00:00:00.530324,0.4,10,1.5,0.9,9,142,COMPLETE
6088,6088,18790.5,2023-11-15 11:14:06.864720,2023-11-15 11:14:07.401665,0 days 00:00:00.536945,0.2,10,0.75,0.9,4,82,COMPLETE
6089,6089,19172.25,2023-11-15 11:14:07.403870,2023-11-15 11:14:07.928486,0 days 00:00:00.524616,0.2,10,1.0,0.9,0,147,COMPLETE
6090,6090,16965.5,2023-11-15 11:14:07.931171,2023-11-15 11:14:08.464790,0 days 00:00:00.533619,0.2,10,0.75,0.7000000000000001,2,54,COMPLETE
6091,6091,18340.75,2023-11-15 11:14:08.467482,2023-11-15 11:14:08.989754,0 days 00:00:00.522272,0.1,20,0.75,0.9,2,139,COMPLETE
6092,6092,19166.75,2023-11-15 11:14:08.991887,2023-11-15 11:14:09.506004,0 days 00:00:00.514117,0.2,10,0.5,0.9,7,145,COMPLETE
6093,6093,18680.5,2023-11-15 11:14:09.508137,2023-11-15 11:14:10.025046,0 days 00:00:00.516909,0.2,10,0.75,0.8,4,150,COMPLETE
6094,6094,19261.0,2023-11-15 11:14:10.027118,2023-11-15 11:14:10.557527,0 days 00:00:00.530409,0.30000000000000004,10,0.75,0.9,0,147,COMPLETE
6095,6095,16854.0,2023-11-15 11:14:10.563001,2023-11-15 11:14:11.125762,0 days 00:00:00.562761,0.2,10,0.75,0.4,2,143,COMPLETE
6096,6096,9932.5,2023-11-15 11:14:11.127761,2023-11-15 11:14:11.738060,0 days 00:00:00.610299,0.1,10,1.0,0.2,5,141,COMPLETE
6097,6097,17769.25,2023-11-15 11:14:11.740213,2023-11-15 11:14:12.262321,0 days 00:00:00.522108,0.2,30,1.25,0.9,0,145,COMPLETE
6098,6098,19261.0,2023-11-15 11:14:12.264562,2023-11-15 11:14:12.781461,0 days 00:00:00.516899,0.2,10,0.75,0.9,3,147,COMPLETE
6099,6099,14489.75,2023-11-15 11:14:12.783932,2023-11-15 11:14:13.401202,0 days 00:00:00.617270,0.9,10,0.75,0.9,0,136,COMPLETE
6100,6100,6101.0,2023-11-15 11:14:13.403520,2023-11-15 11:14:14.073290,0 days 00:00:00.669770,0.2,20,1.5,0.5,6,150,COMPLETE
6101,6101,18992.75,2023-11-15 11:14:14.075427,2023-11-15 11:14:14.600273,0 days 00:00:00.524846,0.2,10,0.75,0.9,2,143,COMPLETE
6102,6102,18896.25,2023-11-15 11:14:14.603124,2023-11-15 11:14:15.127722,0 days 00:00:00.524598,0.1,10,0.5,0.9,4,139,COMPLETE
6103,6103,19261.0,2023-11-15 11:14:15.129867,2023-11-15 11:14:15.655309,0 days 00:00:00.525442,0.2,10,0.75,0.8,2,147,COMPLETE
6104,6104,18445.0,2023-11-15 11:14:15.657353,2023-11-15 11:14:16.190123,0 days 00:00:00.532770,0.2,10,0.25,0.9,48,143,COMPLETE
6105,6105,19359.75,2023-11-15 11:14:16.192352,2023-11-15 11:14:16.718405,0 days 00:00:00.526053,0.2,10,1.0,0.9,0,145,COMPLETE
6106,6106,19270.75,2023-11-15 11:14:16.720833,2023-11-15 11:14:17.255729,0 days 00:00:00.534896,0.1,10,1.25,0.9,4,148,COMPLETE
6107,6107,14893.0,2023-11-15 11:14:17.257877,2023-11-15 11:14:17.801344,0 days 00:00:00.543467,0.2,60,0.75,0.9,2,141,COMPLETE
6108,6108,15838.75,2023-11-15 11:14:17.803502,2023-11-15 11:14:18.379410,0 days 00:00:00.575908,0.2,10,0.75,0.30000000000000004,8,150,COMPLETE
6109,6109,19068.0,2023-11-15 11:14:18.381732,2023-11-15 11:14:18.913349,0 days 00:00:00.531617,0.30000000000000004,10,0.75,0.8,6,145,COMPLETE
6110,6110,18969.25,2023-11-15 11:14:18.915759,2023-11-15 11:14:19.440144,0 days 00:00:00.524385,0.2,10,0.75,0.9,0,138,COMPLETE
