,number,value,datetime_start,datetime_complete,duration,params_alpha,params_decay_interval,params_decay_rate,params_gamma,params_initialization,params_max_steps,state
6444,6444,18217.25,2023-11-15 13:52:44.405358,2023-11-15 13:52:45.006128,0 days 00:00:00.600770,0.8,10,1.25,0.9,2,97,COMPLETE
6445,6445,18209.5,2023-11-15 13:52:45.008538,2023-11-15 13:52:45.609596,0 days 00:00:00.601058,0.9,10,1.25,0.8,16,98,COMPLETE
6446,6446,18202.0,2023-11-15 13:52:45.611923,2023-11-15 13:52:46.250262,0 days 00:00:00.638339,0.8,20,1.25,0.8,20,96,COMPLETE
6447,6447,17942.5,2023-11-15 13:52:46.253294,2023-11-15 13:52:46.861940,0 days 00:00:00.608646,0.8,10,1.5,0.7000000000000001,67,100,COMPLETE
6448,6448,12619.0,2023-11-15 13:52:46.864202,2023-11-15 13:52:47.491977,0 days 00:00:00.627775,0.8,100,1.0,0.8,13,98,COMPLETE
6449,6449,17558.0,2023-11-15 13:52:47.494243,2023-11-15 13:52:48.137127,0 days 00:00:00.642884,0.7000000000000001,10,0.5,0.8,5,95,COMPLETE
6450,6450,199.5,2023-11-15 13:52:48.140608,2023-11-15 13:52:49.042570,0 days 00:00:00.901962,0.8,10,1.75,0.8,0,100,COMPLETE
6451,6451,18023.5,2023-11-15 13:52:49.044943,2023-11-15 13:52:49.696853,0 days 00:00:00.651910,0.8,10,1.25,0.8,9,98,COMPLETE
6452,6452,17407.5,2023-11-15 13:52:49.699003,2023-11-15 13:52:50.392438,0 days 00:00:00.693435,0.8,10,1.25,0.8,90,90,COMPLETE
6453,6453,18300.75,2023-11-15 13:52:50.394790,2023-11-15 13:52:50.987324,0 days 00:00:00.592534,0.8,10,1.25,0.9,18,96,COMPLETE
6454,6454,17652.0,2023-11-15 13:52:50.989976,2023-11-15 13:52:51.596673,0 days 00:00:00.606697,0.8,20,1.25,0.8,7,93,COMPLETE
6455,6455,18238.5,2023-11-15 13:52:51.598973,2023-11-15 13:52:52.228430,0 days 00:00:00.629457,0.8,10,1.0,0.8,16,100,COMPLETE
6456,6456,14669.25,2023-11-15 13:52:52.230680,2023-11-15 13:52:52.986299,0 days 00:00:00.755619,0.8,70,1.25,0.8,21,98,COMPLETE
6457,6457,18394.5,2023-11-15 13:52:52.989079,2023-11-15 13:52:53.619082,0 days 00:00:00.630003,0.8,10,1.25,0.8,12,96,COMPLETE
6458,6458,18681.25,2023-11-15 13:52:53.623060,2023-11-15 13:52:54.566423,0 days 00:00:00.943363,0.8,10,1.25,0.8,4,99,COMPLETE
6459,6459,15077.5,2023-11-15 13:52:54.568888,2023-11-15 13:52:55.269725,0 days 00:00:00.700837,0.9,50,1.5,0.8,100,100,COMPLETE
6460,6460,17929.75,2023-11-15 13:52:55.273123,2023-11-15 13:52:55.858852,0 days 00:00:00.585729,0.8,10,1.25,0.8,14,78,COMPLETE
6461,6461,18216.25,2023-11-15 13:52:55.861010,2023-11-15 13:52:56.468144,0 days 00:00:00.607134,0.8,10,1.25,0.7000000000000001,24,97,COMPLETE
6462,6462,18029.25,2023-11-15 13:52:56.470679,2023-11-15 13:52:57.089352,0 days 00:00:00.618673,0.8,10,1.25,0.6,18,94,COMPLETE
6463,6463,18023.5,2023-11-15 13:52:57.092559,2023-11-15 13:52:57.689109,0 days 00:00:00.596550,0.8,10,1.25,0.8,10,98,COMPLETE
6464,6464,18395.0,2023-11-15 13:52:57.692179,2023-11-15 13:52:58.336818,0 days 00:00:00.644639,0.8,10,3.0,0.8,15,96,COMPLETE
6465,6465,18307.75,2023-11-15 13:52:58.340283,2023-11-15 13:52:58.928544,0 days 00:00:00.588261,0.8,10,1.0,0.8,34,100,COMPLETE
6466,6466,18305.25,2023-11-15 13:52:58.930736,2023-11-15 13:52:59.521208,0 days 00:00:00.590472,0.8,10,1.5,0.8,19,98,COMPLETE
6467,6467,17003.0,2023-11-15 13:52:59.523725,2023-11-15 13:53:00.130639,0 days 00:00:00.606914,0.8,20,1.25,0.9,2,95,COMPLETE
6468,6468,18303.75,2023-11-15 13:53:00.132808,2023-11-15 13:53:00.719180,0 days 00:00:00.586372,0.7000000000000001,10,1.25,0.8,7,98,COMPLETE
6469,6469,18399.0,2023-11-15 13:53:00.722567,2023-11-15 13:53:01.297470,0 days 00:00:00.574903,0.8,10,1.25,0.8,22,100,COMPLETE
6470,6470,18218.0,2023-11-15 13:53:01.299980,2023-11-15 13:53:01.912076,0 days 00:00:00.612096,0.8,10,1.25,0.8,16,97,COMPLETE
6471,6471,18398.25,2023-11-15 13:53:01.930495,2023-11-15 13:53:02.580445,0 days 00:00:00.649950,0.9,10,1.75,0.8,12,99,COMPLETE
6472,6472,18310.75,2023-11-15 13:53:02.582644,2023-11-15 13:53:03.187732,0 days 00:00:00.605088,0.8,10,1.25,0.8,20,92,COMPLETE
6473,6473,18558.5,2023-11-15 13:53:03.189946,2023-11-15 13:53:03.813338,0 days 00:00:00.623392,0.8,10,1.0,0.7000000000000001,4,96,COMPLETE
6474,6474,18400.5,2023-11-15 13:53:03.815773,2023-11-15 13:53:04.432055,0 days 00:00:00.616282,0.8,10,1.5,0.9,14,100,COMPLETE
6475,6475,18023.5,2023-11-15 13:53:04.434173,2023-11-15 13:53:05.018561,0 days 00:00:00.584388,0.8,10,1.25,0.8,18,98,COMPLETE
6476,6476,18486.25,2023-11-15 13:53:05.021834,2023-11-15 13:53:05.604134,0 days 00:00:00.582300,0.8,10,1.25,0.8,8,94,COMPLETE
6477,6477,18218.0,2023-11-15 13:53:05.607006,2023-11-15 13:53:06.195107,0 days 00:00:00.588101,0.8,10,1.25,0.8,10,97,COMPLETE
6478,6478,18492.5,2023-11-15 13:53:06.197327,2023-11-15 13:53:06.776501,0 days 00:00:00.579174,0.8,10,1.25,0.8,5,100,COMPLETE
6479,6479,17931.75,2023-11-15 13:53:06.778636,2023-11-15 13:53:07.367534,0 days 00:00:00.588898,0.5,10,1.0,0.8,15,98,COMPLETE
6480,6480,17837.5,2023-11-15 13:53:07.369895,2023-11-15 13:53:07.952074,0 days 00:00:00.582179,0.7000000000000001,10,1.25,0.8,17,95,COMPLETE
6481,6481,16642.5,2023-11-15 13:53:07.954815,2023-11-15 13:53:08.551003,0 days 00:00:00.596188,0.8,40,1.25,0.7000000000000001,25,99,COMPLETE
6482,6482,17088.5,2023-11-15 13:53:08.555293,2023-11-15 13:53:09.258756,0 days 00:00:00.703463,0.8,20,1.5,0.8,20,65,COMPLETE
6483,6483,18300.75,2023-11-15 13:53:09.262029,2023-11-15 13:53:09.976927,0 days 00:00:00.714898,0.8,10,1.25,0.9,12,96,COMPLETE
6484,6484,297.25,2023-11-15 13:53:09.979069,2023-11-15 13:53:10.736307,0 days 00:00:00.757238,0.9,10,1.25,0.8,0,72,COMPLETE
6485,6485,18401.0,2023-11-15 13:53:10.739121,2023-11-15 13:53:11.323848,0 days 00:00:00.584727,0.8,10,1.0,0.8,28,100,COMPLETE
6486,6486,18218.0,2023-11-15 13:53:11.326589,2023-11-15 13:53:11.912283,0 days 00:00:00.585694,0.8,10,1.25,0.8,3,97,COMPLETE
6487,6487,18023.5,2023-11-15 13:53:11.914428,2023-11-15 13:53:12.497263,0 days 00:00:00.582835,0.8,10,1.25,0.8,6,98,COMPLETE
6488,6488,18410.75,2023-11-15 13:53:12.499556,2023-11-15 13:53:13.080760,0 days 00:00:00.581204,0.8,10,1.25,0.8,22,94,COMPLETE
6489,6489,18013.5,2023-11-15 13:53:13.082908,2023-11-15 13:53:13.659864,0 days 00:00:00.576956,0.8,20,1.25,0.8,17,100,COMPLETE
6490,6490,18302.0,2023-11-15 13:53:13.662163,2023-11-15 13:53:14.242268,0 days 00:00:00.580105,0.7000000000000001,10,1.5,0.8,14,96,COMPLETE
6491,6491,18023.5,2023-11-15 13:53:14.244631,2023-11-15 13:53:14.816054,0 days 00:00:00.571423,0.8,10,1.25,0.8,10,98,COMPLETE
6492,6492,17576.5,2023-11-15 13:53:14.819524,2023-11-15 13:53:15.401919,0 days 00:00:00.582395,0.8,10,1.5,0.2,19,100,COMPLETE
6493,6493,18023.5,2023-11-15 13:53:15.404831,2023-11-15 13:53:15.981394,0 days 00:00:00.576563,0.8,10,1.25,0.8,16,98,COMPLETE
6494,6494,18457.5,2023-11-15 13:53:15.983538,2023-11-15 13:53:16.597620,0 days 00:00:00.614082,0.8,10,1.0,0.9,8,96,COMPLETE
6495,6495,18303.5,2023-11-15 13:53:16.599934,2023-11-15 13:53:17.175552,0 days 00:00:00.575618,0.8,10,1.25,0.7000000000000001,13,98,COMPLETE
6496,6496,18310.75,2023-11-15 13:53:17.177724,2023-11-15 13:53:17.757833,0 days 00:00:00.580109,0.8,10,1.25,0.8,2,92,COMPLETE
6497,6497,18013.5,2023-11-15 13:53:17.760158,2023-11-15 13:53:18.335840,0 days 00:00:00.575682,0.8,20,1.25,0.8,23,100,COMPLETE
6498,6498,17837.25,2023-11-15 13:53:18.338639,2023-11-15 13:53:18.916736,0 days 00:00:00.578097,0.8,10,1.25,0.8,5,95,COMPLETE
6499,6499,18215.0,2023-11-15 13:53:18.919359,2023-11-15 13:53:19.499408,0 days 00:00:00.580049,0.9,10,1.0,0.8,18,97,COMPLETE
6500,6500,18310.25,2023-11-15 13:53:19.501550,2023-11-15 13:53:20.105088,0 days 00:00:00.603538,0.8,10,1.25,0.5,15,99,COMPLETE
6501,6501,18030.25,2023-11-15 13:53:20.108759,2023-11-15 13:53:20.684382,0 days 00:00:00.575623,0.8,10,0.75,0.8,13,100,COMPLETE
6502,6502,18399.75,2023-11-15 13:53:20.687218,2023-11-15 13:53:21.266637,0 days 00:00:00.579419,0.8,10,1.5,0.8,10,97,COMPLETE
6503,6503,17837.25,2023-11-15 13:53:21.268917,2023-11-15 13:53:21.857409,0 days 00:00:00.588492,0.8,10,1.25,0.8,20,95,COMPLETE
6504,6504,17833.5,2023-11-15 13:53:21.859670,2023-11-15 13:53:22.432477,0 days 00:00:00.572807,0.8,20,1.25,0.7000000000000001,17,98,COMPLETE
6505,6505,18495.25,2023-11-15 13:53:22.435134,2023-11-15 13:53:23.022558,0 days 00:00:00.587424,0.7000000000000001,10,1.25,0.9,21,100,COMPLETE
6506,6506,18486.25,2023-11-15 13:53:23.024890,2023-11-15 13:53:23.655310,0 days 00:00:00.630420,0.8,10,1.25,0.8,8,94,COMPLETE
6507,6507,18211.5,2023-11-15 13:53:23.658003,2023-11-15 13:53:24.354281,0 days 00:00:00.696278,0.8,10,2.75,0.8,6,98,COMPLETE
6508,6508,17931.75,2023-11-15 13:53:24.357213,2023-11-15 13:53:25.068990,0 days 00:00:00.711777,0.8,10,1.25,0.4,3,84,COMPLETE
6509,6509,18488.75,2023-11-15 13:53:25.073236,2023-11-15 13:53:25.694439,0 days 00:00:00.621203,0.9,10,1.75,0.8,12,96,COMPLETE
6510,6510,18238.5,2023-11-15 13:53:25.696615,2023-11-15 13:53:26.280961,0 days 00:00:00.584346,0.8,10,1.0,0.8,16,100,COMPLETE
6511,6511,18023.5,2023-11-15 13:53:26.283112,2023-11-15 13:53:26.889086,0 days 00:00:00.605974,0.8,10,1.25,0.8,19,98,COMPLETE
6512,6512,18301.5,2023-11-15 13:53:26.891430,2023-11-15 13:53:27.465213,0 days 00:00:00.573783,0.8,10,1.5,0.8,14,96,COMPLETE
6513,6513,18207.75,2023-11-15 13:53:27.467376,2023-11-15 13:53:28.046390,0 days 00:00:00.579014,0.8,10,1.25,0.8,23,93,COMPLETE
6514,6514,18586.25,2023-11-15 13:53:28.048566,2023-11-15 13:53:28.631888,0 days 00:00:00.583322,0.8,10,1.25,0.9,11,99,COMPLETE
6515,6515,18306.5,2023-11-15 13:53:28.634294,2023-11-15 13:53:29.216732,0 days 00:00:00.582438,0.8,10,2.5,0.8,17,97,COMPLETE
6516,6516,18488.5,2023-11-15 13:53:29.219113,2023-11-15 13:53:29.797417,0 days 00:00:00.578304,0.7000000000000001,10,1.25,0.8,5,100,COMPLETE
6517,6517,18305.25,2023-11-15 13:53:29.799563,2023-11-15 13:53:30.429724,0 days 00:00:00.630161,0.8,10,1.5,0.8,21,98,COMPLETE
6518,6518,17287.0,2023-11-15 13:53:30.431838,2023-11-15 13:53:31.023685,0 days 00:00:00.591847,0.8,10,1.25,0.1,8,95,COMPLETE
6519,6519,18013.5,2023-11-15 13:53:31.025839,2023-11-15 13:53:31.602763,0 days 00:00:00.576924,0.8,20,1.25,0.8,1,100,COMPLETE
6520,6520,18323.25,2023-11-15 13:53:31.605695,2023-11-15 13:53:32.180405,0 days 00:00:00.574710,0.8,10,1.0,0.8,15,97,COMPLETE
6521,6521,18023.5,2023-11-15 13:53:32.182684,2023-11-15 13:53:32.772428,0 days 00:00:00.589744,0.8,10,1.25,0.8,19,98,COMPLETE
6522,6522,18394.5,2023-11-15 13:53:32.774882,2023-11-15 13:53:33.415549,0 days 00:00:00.640667,0.8,10,1.25,0.8,17,96,COMPLETE
6523,6523,18492.5,2023-11-15 13:53:33.418030,2023-11-15 13:53:34.022142,0 days 00:00:00.604112,0.8,10,1.25,0.8,3,100,COMPLETE
6524,6524,18023.5,2023-11-15 13:53:34.025234,2023-11-15 13:53:34.647094,0 days 00:00:00.621860,0.8,10,1.25,0.8,25,98,COMPLETE
6525,6525,18397.25,2023-11-15 13:53:34.649808,2023-11-15 13:53:35.320633,0 days 00:00:00.670825,0.9,10,1.25,0.7000000000000001,12,94,COMPLETE
6526,6526,18305.75,2023-11-15 13:53:35.322991,2023-11-15 13:53:35.964962,0 days 00:00:00.641971,0.8,10,1.5,0.8,14,100,COMPLETE
6527,6527,18198.75,2023-11-15 13:53:35.967154,2023-11-15 13:53:36.545781,0 days 00:00:00.578627,0.8,20,1.25,0.9,6,91,COMPLETE
6528,6528,18023.5,2023-11-15 13:53:36.548849,2023-11-15 13:53:37.138387,0 days 00:00:00.589538,0.8,10,1.25,0.8,10,98,COMPLETE
6529,6529,18488.75,2023-11-15 13:53:37.141035,2023-11-15 13:53:37.712023,0 days 00:00:00.570988,0.8,10,1.75,0.8,18,96,COMPLETE
6530,6530,16427.25,2023-11-15 13:53:37.714192,2023-11-15 13:53:38.304513,0 days 00:00:00.590321,0.2,10,1.0,0.8,21,99,COMPLETE
6531,6531,18218.0,2023-11-15 13:53:38.306833,2023-11-15 13:53:38.904990,0 days 00:00:00.598157,0.8,10,1.25,0.8,16,97,COMPLETE
6532,6532,99.0,2023-11-15 13:53:38.907714,2023-11-15 13:53:39.675012,0 days 00:00:00.767298,0.8,10,1.25,0.7000000000000001,0,41,COMPLETE
6533,6533,18488.5,2023-11-15 13:53:39.677474,2023-11-15 13:53:40.298034,0 days 00:00:00.620560,0.7000000000000001,10,1.25,0.8,4,100,COMPLETE
6534,6534,18410.75,2023-11-15 13:53:40.300181,2023-11-15 13:53:40.878053,0 days 00:00:00.577872,0.8,10,1.25,0.8,13,94,COMPLETE
6535,6535,18023.5,2023-11-15 13:53:40.880542,2023-11-15 13:53:41.461195,0 days 00:00:00.580653,0.8,10,1.25,0.8,7,98,COMPLETE
6536,6536,18202.0,2023-11-15 13:53:41.463516,2023-11-15 13:53:42.031384,0 days 00:00:00.567868,0.8,20,1.25,0.8,18,96,COMPLETE
6537,6537,18306.5,2023-11-15 13:53:42.033553,2023-11-15 13:53:42.661974,0 days 00:00:00.628421,0.8,10,1.5,0.8,9,100,COMPLETE
6538,6538,17866.75,2023-11-15 13:53:42.664540,2023-11-15 13:53:43.251834,0 days 00:00:00.587294,0.8,10,1.0,0.9,75,98,COMPLETE
6539,6539,18209.25,2023-11-15 13:53:43.254552,2023-11-15 13:53:43.834333,0 days 00:00:00.579781,0.9,10,1.25,0.8,20,96,COMPLETE
6540,6540,15331.5,2023-11-15 13:53:43.836893,2023-11-15 13:53:44.431300,0 days 00:00:00.594407,0.8,60,1.25,0.8,15,99,COMPLETE
6541,6541,18023.5,2023-11-15 13:53:44.433905,2023-11-15 13:53:45.003458,0 days 00:00:00.569553,0.8,10,1.25,0.8,11,98,COMPLETE
6542,6542,18300.0,2023-11-15 13:53:45.005747,2023-11-15 13:53:45.579313,0 days 00:00:00.573566,0.8,10,1.5,0.8,23,93,COMPLETE
6543,6543,14115.25,2023-11-15 13:53:45.581597,2023-11-15 13:53:46.205607,0 days 00:00:00.624010,0.1,10,1.0,0.7000000000000001,16,100,COMPLETE
6544,6544,18394.5,2023-11-15 13:53:46.208011,2023-11-15 13:53:46.796125,0 days 00:00:00.588114,0.8,10,1.25,0.8,3,96,COMPLETE
6545,6545,18023.5,2023-11-15 13:53:46.798267,2023-11-15 13:53:47.375753,0 days 00:00:00.577486,0.8,10,1.25,0.8,19,98,COMPLETE
6546,6546,17181.25,2023-11-15 13:53:47.377932,2023-11-15 13:53:47.951430,0 days 00:00:00.573498,0.7000000000000001,20,1.25,0.6,30,95,COMPLETE
6547,6547,18492.5,2023-11-15 13:53:47.953791,2023-11-15 13:53:48.522433,0 days 00:00:00.568642,0.8,10,1.25,0.8,14,100,COMPLETE
6548,6548,18218.0,2023-11-15 13:53:48.524654,2023-11-15 13:53:49.096032,0 days 00:00:00.571378,0.8,10,1.25,0.8,42,97,COMPLETE
6549,6549,18265.25,2023-11-15 13:53:49.098338,2023-11-15 13:53:49.664380,0 days 00:00:00.566042,0.8,10,1.25,0.9,5,98,COMPLETE
6550,6550,18458.5,2023-11-15 13:53:49.666592,2023-11-15 13:53:50.239661,0 days 00:00:00.573069,0.8,10,1.0,0.8,22,100,COMPLETE
6551,6551,18119.0,2023-11-15 13:53:50.242180,2023-11-15 13:53:50.810972,0 days 00:00:00.568792,0.6,10,1.5,0.8,12,94,COMPLETE
6552,6552,11581.5,2023-11-15 13:53:50.813358,2023-11-15 13:53:51.392050,0 days 00:00:00.578692,0.9,80,1.25,0.8,7,35,COMPLETE
6553,6553,18218.0,2023-11-15 13:53:51.394363,2023-11-15 13:53:52.013086,0 days 00:00:00.618723,0.8,10,1.25,0.8,17,97,COMPLETE
6554,6554,18681.25,2023-11-15 13:53:52.015481,2023-11-15 13:53:52.597716,0 days 00:00:00.582235,0.8,10,1.25,0.8,2,99,COMPLETE
6555,6555,17837.25,2023-11-15 13:53:52.599963,2023-11-15 13:53:53.166520,0 days 00:00:00.566557,0.8,10,1.25,0.8,26,95,COMPLETE
6556,6556,18400.0,2023-11-15 13:53:53.169515,2023-11-15 13:53:53.823581,0 days 00:00:00.654066,0.8,10,1.5,0.9,9,100,COMPLETE
6557,6557,17645.0,2023-11-15 13:53:53.826052,2023-11-15 13:53:54.479229,0 days 00:00:00.653177,0.8,20,1.25,0.7000000000000001,20,82,COMPLETE
6558,6558,17893.5,2023-11-15 13:53:54.481960,2023-11-15 13:53:55.080321,0 days 00:00:00.598361,0.7000000000000001,10,1.0,0.8,14,86,COMPLETE
6559,6559,18218.0,2023-11-15 13:53:55.082544,2023-11-15 13:53:55.666160,0 days 00:00:00.583616,0.8,10,1.25,0.8,16,97,COMPLETE
6560,6560,18023.5,2023-11-15 13:53:55.668770,2023-11-15 13:53:56.250661,0 days 00:00:00.581891,0.8,10,1.25,0.8,18,98,COMPLETE
6561,6561,18394.5,2023-11-15 13:53:56.252932,2023-11-15 13:53:56.827003,0 days 00:00:00.574071,0.8,10,1.25,0.8,11,96,COMPLETE
6562,6562,18305.75,2023-11-15 13:53:56.829986,2023-11-15 13:53:57.396692,0 days 00:00:00.566706,0.8,10,1.5,0.8,5,100,COMPLETE
6563,6563,18310.75,2023-11-15 13:53:57.398843,2023-11-15 13:53:57.971801,0 days 00:00:00.572958,0.8,10,1.25,0.8,15,92,COMPLETE
6564,6564,18307.0,2023-11-15 13:53:57.973964,2023-11-15 13:53:58.579359,0 days 00:00:00.605395,0.8,10,1.75,0.9,21,98,COMPLETE
6565,6565,100.0,2023-11-15 13:53:58.581845,2023-11-15 13:53:59.406978,0 days 00:00:00.825133,0.8,10,1.25,0.8,0,95,COMPLETE
6566,6566,17921.25,2023-11-15 13:53:59.409238,2023-11-15 13:53:59.989841,0 days 00:00:00.580603,0.8,20,1.25,0.8,39,100,COMPLETE
6567,6567,18129.25,2023-11-15 13:53:59.992080,2023-11-15 13:54:00.565704,0 days 00:00:00.573624,0.7000000000000001,10,1.0,0.8,18,98,COMPLETE
6568,6568,18488.75,2023-11-15 13:54:00.568000,2023-11-15 13:54:01.139641,0 days 00:00:00.571641,0.8,10,2.25,0.7000000000000001,8,96,COMPLETE
6569,6569,18209.5,2023-11-15 13:54:01.141884,2023-11-15 13:54:01.729312,0 days 00:00:00.587428,0.9,10,1.25,0.8,24,98,COMPLETE
6570,6570,18398.25,2023-11-15 13:54:01.731514,2023-11-15 13:54:02.310542,0 days 00:00:00.579028,0.8,10,1.25,0.8,13,100,COMPLETE
6571,6571,18394.5,2023-11-15 13:54:02.313082,2023-11-15 13:54:02.881654,0 days 00:00:00.568572,0.8,10,1.25,0.8,3,96,COMPLETE
6572,6572,18399.0,2023-11-15 13:54:02.883918,2023-11-15 13:54:03.480014,0 days 00:00:00.596096,0.8,10,2.0,0.8,16,98,COMPLETE
6573,6573,18207.75,2023-11-15 13:54:03.482441,2023-11-15 13:54:04.067699,0 days 00:00:00.585258,0.8,10,1.25,0.8,19,93,COMPLETE
6574,6574,18116.5,2023-11-15 13:54:04.069958,2023-11-15 13:54:04.640680,0 days 00:00:00.570722,0.8,10,1.25,0.8,10,76,COMPLETE
6575,6575,18305.75,2023-11-15 13:54:04.643010,2023-11-15 13:54:05.221347,0 days 00:00:00.578337,0.8,10,1.5,0.8,7,100,COMPLETE
6576,6576,17466.25,2023-11-15 13:54:05.223786,2023-11-15 13:54:05.795635,0 days 00:00:00.571849,0.8,20,1.0,0.8,13,97,COMPLETE
6577,6577,18681.25,2023-11-15 13:54:05.797902,2023-11-15 13:54:06.367315,0 days 00:00:00.569413,0.8,10,1.25,0.8,21,99,COMPLETE
6578,6578,17211.0,2023-11-15 13:54:06.370715,2023-11-15 13:54:06.963793,0 days 00:00:00.593078,0.8,10,0.5,0.9,17,95,COMPLETE
6579,6579,16820.25,2023-11-15 13:54:06.966545,2023-11-15 13:54:07.549449,0 days 00:00:00.582904,0.8,40,1.25,0.8,2,97,COMPLETE
6580,6580,18399.75,2023-11-15 13:54:07.552696,2023-11-15 13:54:08.141157,0 days 00:00:00.588461,0.9,10,1.25,0.8,5,100,COMPLETE
6581,6581,17641.5,2023-11-15 13:54:08.144904,2023-11-15 13:54:08.832160,0 days 00:00:00.687256,0.8,30,1.5,0.7000000000000001,15,98,COMPLETE
6582,6582,17723.75,2023-11-15 13:54:08.835067,2023-11-15 13:54:09.506369,0 days 00:00:00.671302,0.4,10,1.25,0.8,23,94,COMPLETE
6583,6583,18022.0,2023-11-15 13:54:09.508506,2023-11-15 13:54:10.092858,0 days 00:00:00.584352,0.8,10,1.0,0.8,11,98,COMPLETE
6584,6584,18492.5,2023-11-15 13:54:10.095263,2023-11-15 13:54:10.657864,0 days 00:00:00.562601,0.8,10,1.25,0.8,19,100,COMPLETE
6585,6585,18210.5,2023-11-15 13:54:10.660150,2023-11-15 13:54:11.235377,0 days 00:00:00.575227,0.7000000000000001,10,1.25,0.9,13,96,COMPLETE
6586,6586,17925.0,2023-11-15 13:54:11.238078,2023-11-15 13:54:11.820769,0 days 00:00:00.582691,0.8,20,1.5,0.8,9,98,COMPLETE
6587,6587,18492.5,2023-11-15 13:54:11.823026,2023-11-15 13:54:12.392642,0 days 00:00:00.569616,0.8,10,1.25,0.8,16,100,COMPLETE
6588,6588,18497.5,2023-11-15 13:54:12.394819,2023-11-15 13:54:12.965538,0 days 00:00:00.570719,0.8,10,1.0,0.8,6,96,COMPLETE
6589,6589,17662.25,2023-11-15 13:54:12.967671,2023-11-15 13:54:13.551605,0 days 00:00:00.583934,0.8,10,1.25,0.2,20,98,COMPLETE
6590,6590,18116.75,2023-11-15 13:54:13.555300,2023-11-15 13:54:14.131859,0 days 00:00:00.576559,0.5,10,1.25,0.8,18,94,COMPLETE
6591,6591,18681.25,2023-11-15 13:54:14.134079,2023-11-15 13:54:14.710095,0 days 00:00:00.576016,0.8,10,1.25,0.8,4,99,COMPLETE
6592,6592,18394.5,2023-11-15 13:54:14.712469,2023-11-15 13:54:15.293117,0 days 00:00:00.580648,0.8,10,1.25,0.8,14,96,COMPLETE
6593,6593,18305.75,2023-11-15 13:54:15.295321,2023-11-15 13:54:15.883565,0 days 00:00:00.588244,0.8,10,1.5,0.8,12,100,COMPLETE
6594,6594,18218.0,2023-11-15 13:54:15.886184,2023-11-15 13:54:16.505199,0 days 00:00:00.619015,0.8,10,1.25,0.8,2,97,COMPLETE
6595,6595,18209.5,2023-11-15 13:54:16.507843,2023-11-15 13:54:17.086138,0 days 00:00:00.578295,0.9,10,1.25,0.7000000000000001,17,98,COMPLETE
6596,6596,18013.5,2023-11-15 13:54:17.088411,2023-11-15 13:54:17.665722,0 days 00:00:00.577311,0.8,20,1.25,0.8,22,100,COMPLETE
6597,6597,17708.5,2023-11-15 13:54:17.668442,2023-11-15 13:54:18.249794,0 days 00:00:00.581352,0.8,10,1.0,0.9,8,95,COMPLETE
6598,6598,18310.75,2023-11-15 13:54:18.252203,2023-11-15 13:54:18.825744,0 days 00:00:00.573541,0.8,10,1.25,0.8,20,92,COMPLETE
6599,6599,18296.75,2023-11-15 13:54:18.827872,2023-11-15 13:54:19.405742,0 days 00:00:00.577870,0.7000000000000001,10,1.25,0.8,15,98,COMPLETE
6600,6600,17755.0,2023-11-15 13:54:19.408194,2023-11-15 13:54:20.000943,0 days 00:00:00.592749,0.30000000000000004,10,1.25,0.8,10,100,COMPLETE
6601,6601,18301.75,2023-11-15 13:54:20.003631,2023-11-15 13:54:20.584754,0 days 00:00:00.581123,0.8,10,1.25,0.8,25,96,COMPLETE
6602,6602,18023.5,2023-11-15 13:54:20.587422,2023-11-15 13:54:21.164108,0 days 00:00:00.576686,0.8,10,1.25,0.8,18,98,COMPLETE
6603,6603,18021.25,2023-11-15 13:54:21.166308,2023-11-15 13:54:21.764231,0 days 00:00:00.597923,0.8,10,1.75,0.8,7,94,COMPLETE
6604,6604,16110.75,2023-11-15 13:54:21.766458,2023-11-15 13:54:22.351097,0 days 00:00:00.584639,0.8,50,1.5,0.8,14,97,COMPLETE
6605,6605,18492.5,2023-11-15 13:54:22.353765,2023-11-15 13:54:22.924249,0 days 00:00:00.570484,0.8,10,1.25,0.8,4,100,COMPLETE
6606,6606,18212.25,2023-11-15 13:54:22.927042,2023-11-15 13:54:23.606544,0 days 00:00:00.679502,0.8,10,1.25,0.7000000000000001,1,90,COMPLETE
6607,6607,18071.5,2023-11-15 13:54:23.608742,2023-11-15 13:54:24.304235,0 days 00:00:00.695493,0.8,10,1.0,0.9,16,98,COMPLETE
6608,6608,18202.0,2023-11-15 13:54:24.306977,2023-11-15 13:54:24.894932,0 days 00:00:00.587955,0.8,20,1.25,0.8,12,96,COMPLETE
6609,6609,14576.5,2023-11-15 13:54:24.897172,2023-11-15 13:54:25.491398,0 days 00:00:00.594226,0.6,70,1.25,0.8,22,99,COMPLETE
6610,6610,18400.25,2023-11-15 13:54:25.493858,2023-11-15 13:54:26.075415,0 days 00:00:00.581557,0.9,10,1.5,0.8,19,100,COMPLETE
6611,6611,18218.0,2023-11-15 13:54:26.077693,2023-11-15 13:54:26.654037,0 days 00:00:00.576344,0.8,10,1.25,0.8,28,97,COMPLETE
6612,6612,18486.25,2023-11-15 13:54:26.656248,2023-11-15 13:54:27.228790,0 days 00:00:00.572542,0.8,10,1.25,0.8,6,94,COMPLETE
6613,6613,18399.0,2023-11-15 13:54:27.231091,2023-11-15 13:54:27.815611,0 days 00:00:00.584520,0.8,10,1.75,0.8,17,98,COMPLETE
