,number,value,datetime_start,datetime_complete,duration,params_alpha,params_decay_interval,params_decay_rate,params_gamma,params_initialization,params_max_steps,state
9670,9670,19261.0,2023-11-15 11:55:11.281498,2023-11-15 11:55:12.105121,0 days 00:00:00.823623,0.30000000000000004,10,0.75,0.7000000000000001,0,150,COMPLETE
9671,9671,19261.0,2023-11-15 11:55:12.107889,2023-11-15 11:55:12.909317,0 days 00:00:00.801428,0.2,10,1.25,0.9,2,143,COMPLETE
9672,9672,19014.75,2023-11-15 11:55:12.913087,2023-11-15 11:55:13.720043,0 days 00:00:00.806956,0.2,10,1.0,0.9,6,147,COMPLETE
9673,9673,19066.25,2023-11-15 11:55:13.722816,2023-11-15 11:55:14.538030,0 days 00:00:00.815214,0.2,10,0.75,0.9,3,140,COMPLETE
9674,9674,19264.25,2023-11-15 11:55:14.540886,2023-11-15 11:55:15.386350,0 days 00:00:00.845464,0.2,10,0.5,0.9,9,145,COMPLETE
9675,9675,19271.0,2023-11-15 11:55:15.389227,2023-11-15 11:55:16.202369,0 days 00:00:00.813142,0.1,10,0.75,0.9,0,148,COMPLETE
9676,9676,18206.5,2023-11-15 11:55:16.205154,2023-11-15 11:55:17.017553,0 days 00:00:00.812399,0.2,20,0.75,0.9,4,138,COMPLETE
9677,9677,18974.25,2023-11-15 11:55:17.021035,2023-11-15 11:55:17.832724,0 days 00:00:00.811689,0.2,10,0.5,0.9,12,143,COMPLETE
9678,9678,19072.5,2023-11-15 11:55:17.835885,2023-11-15 11:55:18.679160,0 days 00:00:00.843275,0.2,10,0.75,0.6,2,147,COMPLETE
9679,9679,19261.0,2023-11-15 11:55:18.682060,2023-11-15 11:55:19.503398,0 days 00:00:00.821338,0.4,10,1.0,0.9,0,150,COMPLETE
9680,9680,19066.25,2023-11-15 11:55:19.506132,2023-11-15 11:55:20.319594,0 days 00:00:00.813462,0.30000000000000004,10,0.75,0.9,6,141,COMPLETE
9681,9681,19314.5,2023-11-15 11:55:20.322550,2023-11-15 11:55:21.137142,0 days 00:00:00.814592,0.1,10,0.75,0.9,2,145,COMPLETE
9682,9682,18748.5,2023-11-15 11:55:21.139961,2023-11-15 11:55:21.959080,0 days 00:00:00.819119,0.5,10,0.75,0.9,4,98,COMPLETE
9683,9683,16608.75,2023-11-15 11:55:21.968073,2023-11-15 11:55:22.823008,0 days 00:00:00.854935,0.9,10,0.75,0.8,0,143,COMPLETE
9684,9684,18494.5,2023-11-15 11:55:22.825776,2023-11-15 11:55:23.634710,0 days 00:00:00.808934,0.2,20,1.25,0.9,2,147,COMPLETE
9685,9685,18396.5,2023-11-15 11:55:23.637446,2023-11-15 11:55:24.456126,0 days 00:00:00.818680,0.2,10,0.25,0.9,5,139,COMPLETE
9686,9686,19261.0,2023-11-15 11:55:24.459074,2023-11-15 11:55:25.270969,0 days 00:00:00.811895,0.2,10,1.0,0.8,0,150,COMPLETE
9687,9687,16686.25,2023-11-15 11:55:25.273838,2023-11-15 11:55:26.093370,0 days 00:00:00.819532,0.2,10,0.75,0.5,8,144,COMPLETE
9688,9688,18874.5,2023-11-15 11:55:26.096734,2023-11-15 11:55:26.901992,0 days 00:00:00.805258,0.1,10,0.75,0.9,2,135,COMPLETE
9689,9689,19261.0,2023-11-15 11:55:26.904926,2023-11-15 11:55:27.714094,0 days 00:00:00.809168,0.2,10,0.75,0.9,4,147,COMPLETE
9690,9690,18973.0,2023-11-15 11:55:27.717046,2023-11-15 11:55:28.542578,0 days 00:00:00.825532,0.2,10,0.75,0.9,2,141,COMPLETE
9691,9691,19359.75,2023-11-15 11:55:28.545961,2023-11-15 11:55:29.364933,0 days 00:00:00.818972,0.1,10,0.75,0.7000000000000001,0,145,COMPLETE
9692,9692,19171.0,2023-11-15 11:55:29.367827,2023-11-15 11:55:30.176705,0 days 00:00:00.808878,0.2,10,0.5,0.9,6,148,COMPLETE
9693,9693,19050.0,2023-11-15 11:55:30.180020,2023-11-15 11:55:30.987740,0 days 00:00:00.807720,0.2,10,1.0,0.9,3,143,COMPLETE
9694,9694,18294.0,2023-11-15 11:55:30.990593,2023-11-15 11:55:31.823324,0 days 00:00:00.832731,0.2,20,0.75,0.9,0,138,COMPLETE
9695,9695,19110.25,2023-11-15 11:55:31.826297,2023-11-15 11:55:32.634045,0 days 00:00:00.807748,0.1,10,0.75,0.9,4,150,COMPLETE
9696,9696,13010.25,2023-11-15 11:55:32.636952,2023-11-15 11:55:33.506852,0 days 00:00:00.869900,0.2,70,0.75,0.30000000000000004,10,145,COMPLETE
9697,9697,18785.25,2023-11-15 11:55:33.509754,2023-11-15 11:55:34.334043,0 days 00:00:00.824289,0.2,10,1.25,0.9,2,141,COMPLETE
9698,9698,19136.75,2023-11-15 11:55:34.336880,2023-11-15 11:55:35.166391,0 days 00:00:00.829511,0.30000000000000004,10,0.75,0.8,7,147,COMPLETE
9699,9699,19359.75,2023-11-15 11:55:35.169455,2023-11-15 11:55:35.982281,0 days 00:00:00.812826,0.2,10,1.0,0.9,0,145,COMPLETE
9700,9700,19051.5,2023-11-15 11:55:35.985551,2023-11-15 11:55:36.800549,0 days 00:00:00.814998,0.1,10,0.75,0.9,2,142,COMPLETE
9701,9701,18970.5,2023-11-15 11:55:36.803595,2023-11-15 11:55:37.619159,0 days 00:00:00.815564,0.2,10,1.5,0.9,5,150,COMPLETE
9702,9702,19006.5,2023-11-15 11:55:37.622010,2023-11-15 11:55:38.455614,0 days 00:00:00.833604,0.2,10,0.75,0.9,2,139,COMPLETE
9703,9703,19261.0,2023-11-15 11:55:38.458382,2023-11-15 11:55:39.271223,0 days 00:00:00.812841,0.2,10,0.75,0.9,0,147,COMPLETE
9704,9704,18992.75,2023-11-15 11:55:39.274157,2023-11-15 11:55:40.093912,0 days 00:00:00.819755,0.2,10,0.75,0.9,4,143,COMPLETE
9705,9705,7019.5,2023-11-15 11:55:40.097224,2023-11-15 11:55:41.039358,0 days 00:00:00.942134,0.1,20,0.5,0.1,18,145,COMPLETE
9706,9706,18647.5,2023-11-15 11:55:41.042371,2023-11-15 11:55:41.879747,0 days 00:00:00.837376,0.2,10,0.75,0.9,2,136,COMPLETE
9707,9707,12576.0,2023-11-15 11:55:41.882803,2023-11-15 11:55:42.765696,0 days 00:00:00.882893,0.2,10,1.25,0.8,67,148,COMPLETE
9708,9708,19066.25,2023-11-15 11:55:42.768512,2023-11-15 11:55:43.584057,0 days 00:00:00.815545,0.2,10,0.75,0.9,7,141,COMPLETE
9709,9709,19359.75,2023-11-15 11:55:43.587391,2023-11-15 11:55:44.393887,0 days 00:00:00.806496,0.30000000000000004,10,0.75,0.2,0,145,COMPLETE
9710,9710,19050.0,2023-11-15 11:55:44.397264,2023-11-15 11:55:45.229151,0 days 00:00:00.831887,0.2,10,1.0,0.9,4,143,COMPLETE
9711,9711,15778.25,2023-11-15 11:55:45.232539,2023-11-15 11:55:46.067338,0 days 00:00:00.834799,0.1,50,0.25,0.5,2,128,COMPLETE
9712,9712,19163.75,2023-11-15 11:55:46.070092,2023-11-15 11:55:46.882575,0 days 00:00:00.812483,0.2,10,0.75,0.9,0,150,COMPLETE
9713,9713,16801.75,2023-11-15 11:55:46.885430,2023-11-15 11:55:47.709855,0 days 00:00:00.824425,0.2,40,0.75,0.7000000000000001,6,147,COMPLETE
9714,9714,4877.5,2023-11-15 11:55:47.713433,2023-11-15 11:55:48.676980,0 days 00:00:00.963547,0.2,10,1.0,0.4,4,139,COMPLETE
9715,9715,19292.25,2023-11-15 11:55:48.680471,2023-11-15 11:55:49.500743,0 days 00:00:00.820272,0.2,10,0.75,0.9,2,145,COMPLETE
9716,9716,15305.25,2023-11-15 11:55:49.503580,2023-11-15 11:55:50.369091,0 days 00:00:00.865511,0.8,20,0.75,0.6,0,142,COMPLETE
9717,9717,19106.5,2023-11-15 11:55:50.371981,2023-11-15 11:55:51.186101,0 days 00:00:00.814120,0.1,10,0.75,0.9,3,150,COMPLETE
9718,9718,16125.75,2023-11-15 11:55:51.188896,2023-11-15 11:55:52.072710,0 days 00:00:00.883814,0.7000000000000001,10,0.5,0.9,9,147,COMPLETE
9719,9719,18780.75,2023-11-15 11:55:52.075562,2023-11-15 11:55:52.895520,0 days 00:00:00.819958,0.2,10,0.75,0.9,5,133,COMPLETE
9720,9720,18972.0,2023-11-15 11:55:52.898478,2023-11-15 11:55:53.707118,0 days 00:00:00.808640,0.1,10,0.75,0.9,2,141,COMPLETE
9721,9721,19067.0,2023-11-15 11:55:53.710214,2023-11-15 11:55:54.524441,0 days 00:00:00.814227,0.2,10,1.25,0.9,0,137,COMPLETE
9722,9722,19221.0,2023-11-15 11:55:54.527859,2023-11-15 11:55:55.362459,0 days 00:00:00.834600,0.2,10,1.0,0.9,3,145,COMPLETE
9723,9723,19261.0,2023-11-15 11:55:55.365936,2023-11-15 11:55:56.173336,0 days 00:00:00.807400,0.2,10,0.75,0.9,6,147,COMPLETE
9724,9724,18842.75,2023-11-15 11:55:56.176078,2023-11-15 11:55:56.992042,0 days 00:00:00.815964,0.4,10,0.75,0.8,14,144,COMPLETE
9725,9725,19271.0,2023-11-15 11:55:56.995447,2023-11-15 11:55:57.817906,0 days 00:00:00.822459,0.30000000000000004,10,0.75,0.9,0,148,COMPLETE
9726,9726,19066.25,2023-11-15 11:55:57.821348,2023-11-15 11:55:58.652824,0 days 00:00:00.831476,0.2,10,0.75,0.9,4,140,COMPLETE
9727,9727,19082.5,2023-11-15 11:55:58.655604,2023-11-15 11:55:59.460138,0 days 00:00:00.804534,0.2,10,0.75,0.9,2,150,COMPLETE
9728,9728,18089.5,2023-11-15 11:55:59.463364,2023-11-15 11:56:00.301370,0 days 00:00:00.838006,0.1,20,0.25,0.9,8,143,COMPLETE
9729,9729,19359.75,2023-11-15 11:56:00.304607,2023-11-15 11:56:01.118105,0 days 00:00:00.813498,0.2,10,0.5,0.8,0,145,COMPLETE
9730,9730,19261.0,2023-11-15 11:56:01.120996,2023-11-15 11:56:01.948393,0 days 00:00:00.827397,0.2,10,1.0,0.9,2,147,COMPLETE
9731,9731,17924.0,2023-11-15 11:56:01.959855,2023-11-15 11:56:02.802234,0 days 00:00:00.842379,0.1,20,0.75,0.9,41,140,COMPLETE
9732,9732,19261.0,2023-11-15 11:56:02.805291,2023-11-15 11:56:03.613562,0 days 00:00:00.808271,0.2,10,1.25,0.9,5,143,COMPLETE
9733,9733,19082.5,2023-11-15 11:56:03.616674,2023-11-15 11:56:04.425586,0 days 00:00:00.808912,0.2,10,0.75,0.9,2,150,COMPLETE
9734,9734,11744.5,2023-11-15 11:56:04.429117,2023-11-15 11:56:05.277080,0 days 00:00:00.847963,0.30000000000000004,90,0.75,0.9,0,41,COMPLETE
9735,9735,15387.0,2023-11-15 11:56:05.280363,2023-11-15 11:56:06.126645,0 days 00:00:00.846282,0.2,10,0.75,0.6,4,137,COMPLETE
9736,9736,16978.0,2023-11-15 11:56:06.130115,2023-11-15 11:56:07.044602,0 days 00:00:00.914487,0.6,10,0.75,0.9,6,147,COMPLETE
9737,9737,19050.0,2023-11-15 11:56:07.047655,2023-11-15 11:56:07.861513,0 days 00:00:00.813858,0.1,10,1.0,0.9,2,143,COMPLETE
9738,9738,19359.75,2023-11-15 11:56:07.864307,2023-11-15 11:56:08.696990,0 days 00:00:00.832683,0.2,10,0.75,0.5,0,145,COMPLETE
9739,9739,13985.25,2023-11-15 11:56:08.699860,2023-11-15 11:56:09.542916,0 days 00:00:00.843056,0.2,10,0.75,0.4,4,141,COMPLETE
9740,9740,19261.0,2023-11-15 11:56:09.546397,2023-11-15 11:56:10.359194,0 days 00:00:00.812797,0.2,10,0.75,0.8,2,147,COMPLETE
9741,9741,19082.25,2023-11-15 11:56:10.363221,2023-11-15 11:56:11.171104,0 days 00:00:00.807883,0.5,10,1.25,0.30000000000000004,0,150,COMPLETE
9742,9742,18992.75,2023-11-15 11:56:11.174002,2023-11-15 11:56:12.014274,0 days 00:00:00.840272,0.2,10,0.75,0.9,8,143,COMPLETE
9743,9743,18896.25,2023-11-15 11:56:12.017562,2023-11-15 11:56:12.831079,0 days 00:00:00.813517,0.1,10,0.5,0.9,4,139,COMPLETE
9744,9744,19261.0,2023-11-15 11:56:12.833817,2023-11-15 11:56:13.645120,0 days 00:00:00.811303,0.2,10,1.5,0.9,2,147,COMPLETE
9745,9745,19262.25,2023-11-15 11:56:13.648067,2023-11-15 11:56:14.464283,0 days 00:00:00.816216,0.2,10,0.75,0.9,6,145,COMPLETE
9746,9746,18300.0,2023-11-15 11:56:14.467214,2023-11-15 11:56:15.303563,0 days 00:00:00.836349,0.2,20,1.0,0.9,0,141,COMPLETE
9747,9747,19064.0,2023-11-15 11:56:15.306500,2023-11-15 11:56:16.119391,0 days 00:00:00.812891,0.2,10,0.75,0.9,10,135,COMPLETE
9748,9748,19359.75,2023-11-15 11:56:16.122228,2023-11-15 11:56:16.933202,0 days 00:00:00.810974,0.30000000000000004,10,0.75,0.9,3,148,COMPLETE
9749,9749,19292.25,2023-11-15 11:56:16.936135,2023-11-15 11:56:17.751469,0 days 00:00:00.815334,0.2,10,0.75,0.9,2,145,COMPLETE
9750,9750,19163.5,2023-11-15 11:56:17.754404,2023-11-15 11:56:18.589350,0 days 00:00:00.834946,0.1,10,1.25,0.8,0,150,COMPLETE
9751,9751,18992.75,2023-11-15 11:56:18.592160,2023-11-15 11:56:19.415667,0 days 00:00:00.823507,0.2,10,0.75,0.9,4,143,COMPLETE
9752,9752,19066.5,2023-11-15 11:56:19.418541,2023-11-15 11:56:20.229246,0 days 00:00:00.810705,0.2,10,1.0,0.9,2,138,COMPLETE
9753,9753,18062.75,2023-11-15 11:56:20.232060,2023-11-15 11:56:21.062340,0 days 00:00:00.830280,0.1,10,0.75,0.7000000000000001,6,145,COMPLETE
9754,9754,18584.75,2023-11-15 11:56:21.065546,2023-11-15 11:56:21.905879,0 days 00:00:00.840333,0.2,20,0.5,0.9,0,147,COMPLETE
9755,9755,16999.75,2023-11-15 11:56:21.908716,2023-11-15 11:56:22.738891,0 days 00:00:00.830175,0.2,10,0.75,0.6,4,141,COMPLETE
9756,9756,19201.25,2023-11-15 11:56:22.741671,2023-11-15 11:56:23.566490,0 days 00:00:00.824819,0.2,10,0.75,0.9,2,148,COMPLETE
9757,9757,16393.0,2023-11-15 11:56:23.569401,2023-11-15 11:56:24.419036,0 days 00:00:00.849635,0.1,10,0.75,0.7000000000000001,35,150,COMPLETE
9758,9758,17645.0,2023-11-15 11:56:24.421865,2023-11-15 11:56:25.262413,0 days 00:00:00.840548,0.2,30,1.0,0.8,7,143,COMPLETE
9759,9759,19237.25,2023-11-15 11:56:25.265233,2023-11-15 11:56:26.099908,0 days 00:00:00.834675,0.2,10,0.25,0.9,0,145,COMPLETE
9760,9760,16722.5,2023-11-15 11:56:26.102759,2023-11-15 11:56:26.923947,0 days 00:00:00.821188,0.30000000000000004,10,0.75,0.9,4,35,COMPLETE
9761,9761,19161.25,2023-11-15 11:56:26.927104,2023-11-15 11:56:27.753067,0 days 00:00:00.825963,0.2,10,1.25,0.9,0,139,COMPLETE
9762,9762,19261.0,2023-11-15 11:56:27.755886,2023-11-15 11:56:28.576336,0 days 00:00:00.820450,0.4,10,0.75,0.9,2,147,COMPLETE
9763,9763,19051.5,2023-11-15 11:56:28.579585,2023-11-15 11:56:29.422817,0 days 00:00:00.843232,0.1,10,0.75,0.9,5,142,COMPLETE
9764,9764,19292.25,2023-11-15 11:56:29.425893,2023-11-15 11:56:30.241202,0 days 00:00:00.815309,0.2,10,0.75,0.9,2,145,COMPLETE
9765,9765,19125.75,2023-11-15 11:56:30.244770,2023-11-15 11:56:31.061829,0 days 00:00:00.817059,0.2,10,0.75,0.9,0,120,COMPLETE
9766,9766,18393.5,2023-11-15 11:56:31.065471,2023-11-15 11:56:31.887229,0 days 00:00:00.821758,0.2,20,1.0,0.9,8,150,COMPLETE
9767,9767,18970.5,2023-11-15 11:56:31.890002,2023-11-15 11:56:32.724276,0 days 00:00:00.834274,0.1,10,0.5,0.9,3,136,COMPLETE
9768,9768,17387.5,2023-11-15 11:56:32.727326,2023-11-15 11:56:33.556961,0 days 00:00:00.829635,0.7000000000000001,10,0.75,0.5,6,141,COMPLETE
9769,9769,14341.25,2023-11-15 11:56:33.560107,2023-11-15 11:56:34.408012,0 days 00:00:00.847905,0.2,80,0.75,0.9,2,147,COMPLETE
9770,9770,18791.75,2023-11-15 11:56:34.412122,2023-11-15 11:56:35.223042,0 days 00:00:00.810920,0.2,10,0.75,0.9,4,144,COMPLETE
9771,9771,18584.75,2023-11-15 11:56:35.226039,2023-11-15 11:56:36.054730,0 days 00:00:00.828691,0.2,20,0.75,0.8,0,147,COMPLETE
9772,9772,19006.5,2023-11-15 11:56:36.057615,2023-11-15 11:56:36.872021,0 days 00:00:00.814406,0.2,10,0.75,0.9,2,139,COMPLETE
9773,9773,19261.0,2023-11-15 11:56:36.875786,2023-11-15 11:56:37.690412,0 days 00:00:00.814626,0.1,10,1.25,0.9,4,143,COMPLETE
9774,9774,19163.5,2023-11-15 11:56:37.693450,2023-11-15 11:56:38.505104,0 days 00:00:00.811654,0.30000000000000004,10,1.75,0.9,0,150,COMPLETE
9775,9775,13325.5,2023-11-15 11:56:38.507952,2023-11-15 11:56:39.383568,0 days 00:00:00.875616,0.2,100,1.0,0.9,6,145,COMPLETE
9776,9776,18924.75,2023-11-15 11:56:39.386323,2023-11-15 11:56:40.203600,0 days 00:00:00.817277,0.2,10,0.75,0.9,11,132,COMPLETE
9777,9777,19066.25,2023-11-15 11:56:40.206391,2023-11-15 11:56:41.027072,0 days 00:00:00.820681,0.2,10,0.75,0.8,2,141,COMPLETE
9778,9778,19261.0,2023-11-15 11:56:41.030445,2023-11-15 11:56:41.851870,0 days 00:00:00.821425,0.1,10,0.75,0.9,0,147,COMPLETE
9779,9779,18992.75,2023-11-15 11:56:41.854712,2023-11-15 11:56:42.694785,0 days 00:00:00.840073,0.2,10,0.75,0.9,4,143,COMPLETE
9780,9780,19132.0,2023-11-15 11:56:42.697725,2023-11-15 11:56:43.515157,0 days 00:00:00.817432,0.2,10,1.0,0.9,2,150,COMPLETE
9781,9781,18985.25,2023-11-15 11:56:43.518118,2023-11-15 11:56:44.336630,0 days 00:00:00.818512,0.2,10,0.75,0.9,7,138,COMPLETE
9782,9782,19261.0,2023-11-15 11:56:44.339663,2023-11-15 11:56:45.155079,0 days 00:00:00.815416,0.2,10,0.75,0.9,0,147,COMPLETE
9783,9783,18120.0,2023-11-15 11:56:45.157924,2023-11-15 11:56:46.006251,0 days 00:00:00.848327,0.1,20,0.5,0.9,45,145,COMPLETE
9784,9784,19182.75,2023-11-15 11:56:46.009038,2023-11-15 11:56:46.827682,0 days 00:00:00.818644,0.2,10,1.0,0.9,4,142,COMPLETE
9785,9785,0.0,2023-11-15 11:56:46.830980,2023-11-15 11:56:47.634279,0 days 00:00:00.803299,0.30000000000000004,10,0.25,0.8,2,6,COMPLETE
9786,9786,19169.0,2023-11-15 11:56:47.637129,2023-11-15 11:56:48.448318,0 days 00:00:00.811189,0.2,10,1.25,0.9,5,147,COMPLETE
9787,9787,12667.0,2023-11-15 11:56:48.451195,2023-11-15 11:56:49.339645,0 days 00:00:00.888450,0.2,10,0.75,0.1,9,140,COMPLETE
9788,9788,19163.5,2023-11-15 11:56:49.342594,2023-11-15 11:56:50.175679,0 days 00:00:00.833085,0.1,10,0.75,0.9,2,144,COMPLETE
9789,9789,19359.75,2023-11-15 11:56:50.179353,2023-11-15 11:56:51.001548,0 days 00:00:00.822195,0.2,10,0.5,0.2,0,148,COMPLETE
9790,9790,19313.25,2023-11-15 11:56:51.004333,2023-11-15 11:56:51.828419,0 days 00:00:00.824086,0.2,10,0.75,0.9,3,145,COMPLETE
9791,9791,19163.75,2023-11-15 11:56:51.831814,2023-11-15 11:56:52.672456,0 days 00:00:00.840642,0.2,10,0.75,0.9,0,150,COMPLETE
9792,9792,18079.0,2023-11-15 11:56:52.675445,2023-11-15 11:56:53.505832,0 days 00:00:00.830387,0.1,10,0.75,0.9,6,136,COMPLETE
9793,9793,18973.0,2023-11-15 11:56:53.508709,2023-11-15 11:56:54.327860,0 days 00:00:00.819151,0.2,10,0.75,0.9,2,141,COMPLETE
9794,9794,17376.5,2023-11-15 11:56:54.330902,2023-11-15 11:56:55.163909,0 days 00:00:00.833007,0.2,10,0.75,0.6,4,143,COMPLETE
9795,9795,18584.75,2023-11-15 11:56:55.167239,2023-11-15 11:56:56.006234,0 days 00:00:00.838995,0.2,20,1.0,0.8,0,147,COMPLETE
9796,9796,18918.0,2023-11-15 11:56:56.009076,2023-11-15 11:56:56.826209,0 days 00:00:00.817133,0.1,10,0.75,0.9,2,139,COMPLETE
9797,9797,14293.0,2023-11-15 11:56:56.829711,2023-11-15 11:56:57.656447,0 days 00:00:00.826736,0.2,10,0.75,0.5,5,88,COMPLETE
9798,9798,12880.0,2023-11-15 11:56:57.659233,2023-11-15 11:56:58.518333,0 days 00:00:00.859100,0.2,10,1.25,0.4,8,150,COMPLETE
9799,9799,19317.5,2023-11-15 11:56:58.521265,2023-11-15 11:56:59.353925,0 days 00:00:00.832660,0.30000000000000004,10,0.75,0.9,0,145,COMPLETE
9800,9800,18691.0,2023-11-15 11:56:59.356792,2023-11-15 11:57:00.189423,0 days 00:00:00.832631,0.2,10,0.5,0.9,54,142,COMPLETE
9801,9801,19261.0,2023-11-15 11:57:00.192245,2023-11-15 11:57:01.006010,0 days 00:00:00.813765,0.2,10,0.75,0.9,3,147,COMPLETE
9802,9802,18863.5,2023-11-15 11:57:01.008894,2023-11-15 11:57:01.829807,0 days 00:00:00.820913,0.2,10,1.0,0.7000000000000001,2,145,COMPLETE
9803,9803,18268.25,2023-11-15 11:57:01.833278,2023-11-15 11:57:02.671874,0 days 00:00:00.838596,0.1,10,0.75,0.9,30,139,COMPLETE
9804,9804,18992.75,2023-11-15 11:57:02.674656,2023-11-15 11:57:03.499513,0 days 00:00:00.824857,0.2,10,0.75,0.9,6,143,COMPLETE
9805,9805,18366.5,2023-11-15 11:57:03.502702,2023-11-15 11:57:04.335445,0 days 00:00:00.832743,0.1,20,0.75,0.9,0,150,COMPLETE
9806,9806,18664.0,2023-11-15 11:57:04.338215,2023-11-15 11:57:05.172485,0 days 00:00:00.834270,0.2,10,0.25,0.9,4,134,COMPLETE
9807,9807,19169.0,2023-11-15 11:57:05.175287,2023-11-15 11:57:06.015763,0 days 00:00:00.840476,0.2,10,1.25,0.9,2,147,COMPLETE
9808,9808,19261.0,2023-11-15 11:57:06.018730,2023-11-15 11:57:06.838312,0 days 00:00:00.819582,0.2,10,0.75,0.8,0,143,COMPLETE
9809,9809,19163.5,2023-11-15 11:57:06.841463,2023-11-15 11:57:07.665895,0 days 00:00:00.824432,0.5,10,1.5,0.7000000000000001,3,147,COMPLETE
9810,9810,19066.25,2023-11-15 11:57:07.668963,2023-11-15 11:57:08.495329,0 days 00:00:00.826366,0.30000000000000004,10,0.75,0.9,7,141,COMPLETE
9811,9811,15838.75,2023-11-15 11:57:08.498133,2023-11-15 11:57:09.336659,0 days 00:00:00.838526,0.2,60,1.0,0.9,4,145,COMPLETE
9812,9812,19161.25,2023-11-15 11:57:09.353028,2023-11-15 11:57:10.183399,0 days 00:00:00.830371,0.1,10,0.75,0.9,2,137,COMPLETE
9813,9813,18686.75,2023-11-15 11:57:10.186219,2023-11-15 11:57:11.015320,0 days 00:00:00.829101,0.2,10,0.75,0.9,12,150,COMPLETE
9814,9814,18588.25,2023-11-15 11:57:11.018486,2023-11-15 11:57:11.860450,0 days 00:00:00.841964,0.2,20,0.75,0.9,0,145,COMPLETE
9815,9815,19066.25,2023-11-15 11:57:11.863773,2023-11-15 11:57:12.697873,0 days 00:00:00.834100,0.2,10,0.75,0.9,5,141,COMPLETE
9816,9816,19262.25,2023-11-15 11:57:12.701063,2023-11-15 11:57:13.526460,0 days 00:00:00.825397,0.2,10,2.0,0.9,2,148,COMPLETE
9817,9817,18805.5,2023-11-15 11:57:13.530104,2023-11-15 11:57:14.348410,0 days 00:00:00.818306,0.1,10,0.5,0.9,0,48,COMPLETE
9818,9818,18791.75,2023-11-15 11:57:14.351376,2023-11-15 11:57:15.178547,0 days 00:00:00.827171,0.2,10,0.75,0.9,4,144,COMPLETE
9819,9819,18909.5,2023-11-15 11:57:15.181386,2023-11-15 11:57:16.004150,0 days 00:00:00.822764,0.2,10,1.0,0.8,8,148,COMPLETE
9820,9820,13980.0,2023-11-15 11:57:16.006918,2023-11-15 11:57:16.884364,0 days 00:00:00.877446,0.1,80,0.75,0.9,2,140,COMPLETE
9821,9821,19359.75,2023-11-15 11:57:16.887148,2023-11-15 11:57:17.705393,0 days 00:00:00.818245,0.2,10,0.75,0.6,0,145,COMPLETE
9822,9822,13624.5,2023-11-15 11:57:17.708405,2023-11-15 11:57:18.584422,0 days 00:00:00.876017,0.30000000000000004,10,0.75,0.4,26,150,COMPLETE
9823,9823,5611.25,2023-11-15 11:57:18.587184,2023-11-15 11:57:19.535681,0 days 00:00:00.948497,0.2,10,1.0,0.5,76,137,COMPLETE
9824,9824,18113.75,2023-11-15 11:57:19.538740,2023-11-15 11:57:20.380493,0 days 00:00:00.841753,0.2,20,1.25,0.9,6,142,COMPLETE
9825,9825,19261.0,2023-11-15 11:57:20.383354,2023-11-15 11:57:21.191941,0 days 00:00:00.808587,0.1,10,0.75,0.9,10,147,COMPLETE
9826,9826,18992.75,2023-11-15 11:57:21.195467,2023-11-15 11:57:22.027130,0 days 00:00:00.831663,0.2,10,0.75,0.9,2,143,COMPLETE
9827,9827,16570.25,2023-11-15 11:57:22.030465,2023-11-15 11:57:22.863157,0 days 00:00:00.832692,0.4,50,0.75,0.9,4,147,COMPLETE
9828,9828,17830.5,2023-11-15 11:57:22.866161,2023-11-15 11:57:23.711489,0 days 00:00:00.845328,0.2,10,0.75,0.9,0,23,COMPLETE
9829,9829,19006.5,2023-11-15 11:57:23.714298,2023-11-15 11:57:24.540276,0 days 00:00:00.825978,0.2,10,0.75,0.9,2,139,COMPLETE
9830,9830,18970.75,2023-11-15 11:57:24.543595,2023-11-15 11:57:25.373030,0 days 00:00:00.829435,0.2,10,1.0,0.9,5,145,COMPLETE
9831,9831,19261.0,2023-11-15 11:57:25.375829,2023-11-15 11:57:26.208824,0 days 00:00:00.832995,0.1,10,0.5,0.9,0,150,COMPLETE
9832,9832,17122.75,2023-11-15 11:57:26.212538,2023-11-15 11:57:27.049564,0 days 00:00:00.837026,0.2,30,0.75,0.8,3,63,COMPLETE
9833,9833,19261.0,2023-11-15 11:57:27.052391,2023-11-15 11:57:27.871829,0 days 00:00:00.819438,0.2,10,1.25,0.8,2,143,COMPLETE
9834,9834,19261.0,2023-11-15 11:57:27.874841,2023-11-15 11:57:28.697064,0 days 00:00:00.822223,0.30000000000000004,10,0.75,0.9,6,147,COMPLETE
9835,9835,19261.0,2023-11-15 11:57:28.699929,2023-11-15 11:57:29.541208,0 days 00:00:00.841279,0.2,10,0.75,0.9,0,142,COMPLETE
9836,9836,19359.75,2023-11-15 11:57:29.544411,2023-11-15 11:57:30.387922,0 days 00:00:00.843511,0.2,10,0.75,0.9,4,145,COMPLETE
9837,9837,19261.0,2023-11-15 11:57:30.391141,2023-11-15 11:57:31.256850,0 days 00:00:00.865709,0.1,10,0.5,0.9,2,140,COMPLETE
9838,9838,18393.5,2023-11-15 11:57:31.259845,2023-11-15 11:57:32.095893,0 days 00:00:00.836048,0.2,20,1.0,0.9,8,150,COMPLETE
