,number,value,datetime_start,datetime_complete,duration,params_alpha,params_decay_interval,params_decay_rate,params_gamma,params_initialization,params_max_steps,state
2216,2216,18107.75,2023-11-15 13:23:31.608514,2023-11-15 13:23:31.858961,0 days 00:00:00.250447,0.8,20,1.5,0.7000000000000001,16,100,COMPLETE
2217,2217,18023.5,2023-11-15 13:23:31.860283,2023-11-15 13:23:32.102196,0 days 00:00:00.241913,0.8,10,1.25,0.8,22,98,COMPLETE
2218,2218,14198.0,2023-11-15 13:23:32.103460,2023-11-15 13:23:32.391481,0 days 00:00:00.288021,0.1,10,1.25,0.8,19,96,COMPLETE
2219,2219,17575.25,2023-11-15 13:23:32.392807,2023-11-15 13:23:32.637255,0 days 00:00:00.244448,0.8,10,1.75,0.8,81,93,COMPLETE
2220,2220,18681.25,2023-11-15 13:23:32.638690,2023-11-15 13:23:32.879085,0 days 00:00:00.240395,0.8,10,1.25,0.8,13,99,COMPLETE
2221,2221,18015.0,2023-11-15 13:23:32.880421,2023-11-15 13:23:33.125673,0 days 00:00:00.245252,0.9,10,1.5,0.8,4,95,COMPLETE
2222,2222,18218.0,2023-11-15 13:23:33.126983,2023-11-15 13:23:33.374381,0 days 00:00:00.247398,0.8,10,1.25,0.8,17,97,COMPLETE
2223,2223,18492.5,2023-11-15 13:23:33.376560,2023-11-15 13:23:33.612954,0 days 00:00:00.236394,0.8,10,1.25,0.8,10,100,COMPLETE
2224,2224,18023.5,2023-11-15 13:23:33.614253,2023-11-15 13:23:33.872299,0 days 00:00:00.258046,0.7000000000000001,10,1.25,0.7000000000000001,20,98,COMPLETE
2225,2225,17924.25,2023-11-15 13:23:33.874201,2023-11-15 13:23:34.117763,0 days 00:00:00.243562,0.8,20,1.0,0.8,7,100,COMPLETE
2226,2226,17843.0,2023-11-15 13:23:34.119239,2023-11-15 13:23:34.368743,0 days 00:00:00.249504,0.8,10,1.25,0.4,16,96,COMPLETE
2227,2227,18023.5,2023-11-15 13:23:34.370116,2023-11-15 13:23:34.619411,0 days 00:00:00.249295,0.8,10,1.25,0.8,2,98,COMPLETE
2228,2228,18486.25,2023-11-15 13:23:34.620669,2023-11-15 13:23:34.865517,0 days 00:00:00.244848,0.8,10,1.25,0.8,12,94,COMPLETE
2229,2229,18492.75,2023-11-15 13:23:34.866829,2023-11-15 13:23:35.111789,0 days 00:00:00.244960,0.8,10,1.25,0.9,14,100,COMPLETE
2230,2230,17274.5,2023-11-15 13:23:35.113094,2023-11-15 13:23:35.359299,0 days 00:00:00.246205,0.8,30,1.0,0.8,23,97,COMPLETE
2231,2231,18398.5,2023-11-15 13:23:35.360666,2023-11-15 13:23:35.605884,0 days 00:00:00.245218,0.8,10,1.5,0.8,5,98,COMPLETE
2232,2232,15784.25,2023-11-15 13:23:35.607813,2023-11-15 13:23:35.861967,0 days 00:00:00.254154,0.8,10,2.5,0.30000000000000004,18,43,COMPLETE
2233,2233,17982.75,2023-11-15 13:23:35.863344,2023-11-15 13:23:36.107101,0 days 00:00:00.243757,0.8,10,0.75,0.8,10,95,COMPLETE
2234,2234,199.5,2023-11-15 13:23:36.108790,2023-11-15 13:23:36.673632,0 days 00:00:00.564842,0.8,10,1.25,0.8,0,99,COMPLETE
2235,2235,18307.0,2023-11-15 13:23:36.675177,2023-11-15 13:23:36.986228,0 days 00:00:00.311051,0.9,10,1.25,0.9,21,100,COMPLETE
2236,2236,18197.25,2023-11-15 13:23:36.987951,2023-11-15 13:23:37.288254,0 days 00:00:00.300303,0.6,10,1.25,0.8,15,97,COMPLETE
2237,2237,18301.75,2023-11-15 13:23:37.290167,2023-11-15 13:23:37.572876,0 days 00:00:00.282709,0.8,10,1.25,0.8,19,96,COMPLETE
2238,2238,18107.75,2023-11-15 13:23:37.574507,2023-11-15 13:23:37.861918,0 days 00:00:00.287411,0.8,20,1.5,0.8,8,92,COMPLETE
2239,2239,18023.5,2023-11-15 13:23:37.863308,2023-11-15 13:23:38.141458,0 days 00:00:00.278150,0.8,10,1.25,0.8,17,98,COMPLETE
2240,2240,18492.5,2023-11-15 13:23:38.143523,2023-11-15 13:23:38.390277,0 days 00:00:00.246754,0.8,10,1.25,0.8,3,100,COMPLETE
2241,2241,18023.5,2023-11-15 13:23:38.391583,2023-11-15 13:23:38.638842,0 days 00:00:00.247259,0.8,10,1.25,0.8,12,98,COMPLETE
2242,2242,16378.0,2023-11-15 13:23:38.641033,2023-11-15 13:23:38.887368,0 days 00:00:00.246335,0.7000000000000001,10,1.0,0.7000000000000001,6,49,COMPLETE
2243,2243,17837.25,2023-11-15 13:23:38.889228,2023-11-15 13:23:39.139198,0 days 00:00:00.249970,0.8,10,1.25,0.8,14,95,COMPLETE
2244,2244,18492.5,2023-11-15 13:23:39.140991,2023-11-15 13:23:39.384765,0 days 00:00:00.243774,0.8,10,1.25,0.8,20,100,COMPLETE
2245,2245,17920.5,2023-11-15 13:23:39.386065,2023-11-15 13:23:39.633496,0 days 00:00:00.247431,0.8,20,1.5,0.8,17,97,COMPLETE
2246,2246,17009.75,2023-11-15 13:23:39.634850,2023-11-15 13:23:39.884716,0 days 00:00:00.249866,0.5,10,1.25,0.8,10,67,COMPLETE
2247,2247,18307.0,2023-11-15 13:23:39.886021,2023-11-15 13:23:40.158172,0 days 00:00:00.272151,0.8,10,1.75,0.9,25,98,COMPLETE
2248,2248,18410.75,2023-11-15 13:23:40.160078,2023-11-15 13:23:40.415521,0 days 00:00:00.255443,0.8,10,1.25,0.8,15,94,COMPLETE
2249,2249,18493.0,2023-11-15 13:23:40.417478,2023-11-15 13:23:40.656052,0 days 00:00:00.238574,0.9,10,1.25,0.7000000000000001,22,99,COMPLETE
2250,2250,18220.5,2023-11-15 13:23:40.657779,2023-11-15 13:23:40.913905,0 days 00:00:00.256126,0.8,10,1.0,0.8,28,96,COMPLETE
2251,2251,18492.5,2023-11-15 13:23:40.915321,2023-11-15 13:23:41.163904,0 days 00:00:00.248583,0.8,10,1.25,0.8,4,100,COMPLETE
2252,2252,18122.5,2023-11-15 13:23:41.165208,2023-11-15 13:23:41.417160,0 days 00:00:00.251952,0.8,10,1.25,0.8,19,97,COMPLETE
2253,2253,18209.75,2023-11-15 13:23:41.418540,2023-11-15 13:23:41.667668,0 days 00:00:00.249128,0.8,10,1.5,0.8,13,99,COMPLETE
2254,2254,18202.0,2023-11-15 13:23:41.669037,2023-11-15 13:23:41.908181,0 days 00:00:00.239144,0.8,20,1.25,0.8,8,96,COMPLETE
2255,2255,18494.0,2023-11-15 13:23:41.909517,2023-11-15 13:23:42.156198,0 days 00:00:00.246681,0.7000000000000001,10,1.25,0.9,16,98,COMPLETE
2256,2256,18399.0,2023-11-15 13:23:42.157824,2023-11-15 13:23:42.421874,0 days 00:00:00.264050,0.8,10,1.25,0.8,11,100,COMPLETE
2257,2257,18486.25,2023-11-15 13:23:42.423776,2023-11-15 13:23:42.690878,0 days 00:00:00.267102,0.8,10,1.25,0.8,6,94,COMPLETE
2258,2258,18022.0,2023-11-15 13:23:42.693481,2023-11-15 13:23:43.025072,0 days 00:00:00.331591,0.8,10,1.0,0.8,18,98,COMPLETE
2259,2259,18022.25,2023-11-15 13:23:43.026541,2023-11-15 13:23:43.427524,0 days 00:00:00.400983,0.8,10,1.25,0.6,2,96,COMPLETE
2260,2260,18305.75,2023-11-15 13:23:43.428896,2023-11-15 13:23:43.717796,0 days 00:00:00.288900,0.8,10,1.5,0.8,37,100,COMPLETE
2261,2261,18033.25,2023-11-15 13:23:43.719131,2023-11-15 13:23:43.982207,0 days 00:00:00.263076,0.8,10,1.25,0.8,23,98,COMPLETE
2262,2262,17934.5,2023-11-15 13:23:43.983648,2023-11-15 13:23:44.258093,0 days 00:00:00.274445,0.8,10,1.25,0.8,20,74,COMPLETE
2263,2263,18394.5,2023-11-15 13:23:44.259442,2023-11-15 13:23:44.503847,0 days 00:00:00.244405,0.8,10,1.25,0.8,15,96,COMPLETE
2264,2264,18396.25,2023-11-15 13:23:44.505275,2023-11-15 13:23:44.763192,0 days 00:00:00.257917,0.9,10,1.25,0.8,13,93,COMPLETE
2265,2265,18399.0,2023-11-15 13:23:44.764640,2023-11-15 13:23:45.015131,0 days 00:00:00.250491,0.8,10,1.25,0.7000000000000001,9,100,COMPLETE
2266,2266,18399.0,2023-11-15 13:23:45.016515,2023-11-15 13:23:45.276374,0 days 00:00:00.259859,0.8,10,1.75,0.8,17,98,COMPLETE
2267,2267,99.25,2023-11-15 13:23:45.277736,2023-11-15 13:23:45.702166,0 days 00:00:00.424430,0.8,20,1.0,0.8,0,60,COMPLETE
2268,2268,18305.25,2023-11-15 13:23:45.703536,2023-11-15 13:23:45.976091,0 days 00:00:00.272555,0.7000000000000001,10,1.25,0.9,4,97,COMPLETE
2269,2269,17831.25,2023-11-15 13:23:45.977518,2023-11-15 13:23:46.311972,0 days 00:00:00.334454,0.8,10,1.5,0.8,21,95,COMPLETE
2270,2270,18120.0,2023-11-15 13:23:46.313400,2023-11-15 13:23:46.587630,0 days 00:00:00.274230,0.8,10,0.5,0.8,6,100,COMPLETE
2271,2271,18023.5,2023-11-15 13:23:46.589312,2023-11-15 13:23:46.841513,0 days 00:00:00.252201,0.8,10,1.25,0.8,11,98,COMPLETE
2272,2272,17827.0,2023-11-15 13:23:46.842878,2023-11-15 13:23:47.105382,0 days 00:00:00.262504,0.8,20,1.25,0.8,16,85,COMPLETE
2273,2273,18306.25,2023-11-15 13:23:47.107278,2023-11-15 13:23:47.374799,0 days 00:00:00.267521,0.8,10,1.25,0.9,18,100,COMPLETE
2274,2274,18394.5,2023-11-15 13:23:47.377202,2023-11-15 13:23:47.619791,0 days 00:00:00.242589,0.8,10,1.25,0.8,14,96,COMPLETE
2275,2275,18232.0,2023-11-15 13:23:47.621101,2023-11-15 13:23:47.871958,0 days 00:00:00.250857,0.9,10,1.0,0.7000000000000001,3,98,COMPLETE
2276,2276,18491.25,2023-11-15 13:23:47.873737,2023-11-15 13:23:48.143146,0 days 00:00:00.269409,0.7000000000000001,10,1.25,0.8,19,99,COMPLETE
2277,2277,17838.5,2023-11-15 13:23:48.145250,2023-11-15 13:23:48.400754,0 days 00:00:00.255504,0.8,10,1.5,0.8,9,91,COMPLETE
2278,2278,18486.25,2023-11-15 13:23:48.402079,2023-11-15 13:23:48.659441,0 days 00:00:00.257362,0.8,10,1.25,0.8,12,94,COMPLETE
2279,2279,16517.75,2023-11-15 13:23:48.660765,2023-11-15 13:23:48.934510,0 days 00:00:00.273745,0.2,10,1.25,0.8,22,97,COMPLETE
2280,2280,18492.5,2023-11-15 13:23:48.935843,2023-11-15 13:23:49.192915,0 days 00:00:00.257072,0.8,10,1.25,0.8,16,100,COMPLETE
2281,2281,17561.0,2023-11-15 13:23:49.195009,2023-11-15 13:23:49.454928,0 days 00:00:00.259919,0.8,10,1.0,0.8,6,95,COMPLETE
2282,2282,13306.0,2023-11-15 13:23:49.456538,2023-11-15 13:23:49.744536,0 days 00:00:00.287998,0.8,90,1.25,0.8,2,98,COMPLETE
2283,2283,18492.5,2023-11-15 13:23:49.746122,2023-11-15 13:23:50.000313,0 days 00:00:00.254191,0.8,10,1.25,0.8,20,100,COMPLETE
2284,2284,18301.5,2023-11-15 13:23:50.002393,2023-11-15 13:23:50.255160,0 days 00:00:00.252767,0.8,10,1.5,0.8,14,96,COMPLETE
2285,2285,18023.5,2023-11-15 13:23:50.256740,2023-11-15 13:23:50.503178,0 days 00:00:00.246438,0.8,10,1.25,0.8,17,98,COMPLETE
2286,2286,16618.25,2023-11-15 13:23:50.504729,2023-11-15 13:23:50.771811,0 days 00:00:00.267082,0.8,20,1.25,0.8,7,51,COMPLETE
2287,2287,18265.25,2023-11-15 13:23:50.773583,2023-11-15 13:23:51.024770,0 days 00:00:00.251187,0.8,10,1.25,0.9,12,98,COMPLETE
2288,2288,18401.0,2023-11-15 13:23:51.026605,2023-11-15 13:23:51.320282,0 days 00:00:00.293677,0.8,10,1.0,0.8,25,100,COMPLETE
2289,2289,18394.5,2023-11-15 13:23:51.322421,2023-11-15 13:23:51.622786,0 days 00:00:00.300365,0.8,10,1.25,0.8,18,96,COMPLETE
2290,2290,18116.0,2023-11-15 13:23:51.625880,2023-11-15 13:23:51.942055,0 days 00:00:00.316175,0.8,10,1.25,0.4,4,93,COMPLETE
2291,2291,18023.5,2023-11-15 13:23:51.943787,2023-11-15 13:23:52.268705,0 days 00:00:00.324918,0.8,10,1.25,0.8,15,98,COMPLETE
2292,2292,18400.25,2023-11-15 13:23:52.270375,2023-11-15 13:23:52.579417,0 days 00:00:00.309042,0.9,10,1.5,0.8,23,100,COMPLETE
2293,2293,18202.0,2023-11-15 13:23:52.581230,2023-11-15 13:23:52.871478,0 days 00:00:00.290248,0.8,20,1.25,0.8,9,96,COMPLETE
2294,2294,18210.75,2023-11-15 13:23:52.873847,2023-11-15 13:23:53.168182,0 days 00:00:00.294335,0.7000000000000001,10,2.0,0.7000000000000001,20,98,COMPLETE
2295,2295,18496.5,2023-11-15 13:23:53.169604,2023-11-15 13:23:53.438984,0 days 00:00:00.269380,0.8,10,3.0,0.8,13,100,COMPLETE
2296,2296,18410.75,2023-11-15 13:23:53.440855,2023-11-15 13:23:53.723511,0 days 00:00:00.282656,0.8,10,1.25,0.8,16,94,COMPLETE
2297,2297,18217.25,2023-11-15 13:23:53.725090,2023-11-15 13:23:54.004301,0 days 00:00:00.279211,0.8,10,1.25,0.9,1,97,COMPLETE
2298,2298,18681.25,2023-11-15 13:23:54.006068,2023-11-15 13:23:54.265393,0 days 00:00:00.259325,0.8,10,1.25,0.8,5,99,COMPLETE
2299,2299,17640.25,2023-11-15 13:23:54.266774,2023-11-15 13:23:54.538938,0 days 00:00:00.272164,0.8,30,1.75,0.8,10,96,COMPLETE
2300,2300,18266.5,2023-11-15 13:23:54.540762,2023-11-15 13:23:54.821480,0 days 00:00:00.280718,0.8,10,1.0,0.8,18,100,COMPLETE
2301,2301,18023.5,2023-11-15 13:23:54.823250,2023-11-15 13:23:55.099914,0 days 00:00:00.276664,0.8,10,1.25,0.8,21,98,COMPLETE
2302,2302,17837.25,2023-11-15 13:23:55.101940,2023-11-15 13:23:55.363774,0 days 00:00:00.261834,0.8,10,1.25,0.8,8,95,COMPLETE
2303,2303,17296.75,2023-11-15 13:23:55.365457,2023-11-15 13:23:55.628732,0 days 00:00:00.263275,0.8,20,1.25,0.7000000000000001,73,97,COMPLETE
2304,2304,18305.25,2023-11-15 13:23:55.630199,2023-11-15 13:23:55.924571,0 days 00:00:00.294372,0.8,10,1.5,0.8,14,98,COMPLETE
2305,2305,18399.5,2023-11-15 13:23:55.925891,2023-11-15 13:23:56.179155,0 days 00:00:00.253264,0.9,10,1.25,0.8,44,100,COMPLETE
2306,2306,17557.25,2023-11-15 13:23:56.181004,2023-11-15 13:23:56.446682,0 days 00:00:00.265678,0.8,10,1.0,0.8,11,95,COMPLETE
2307,2307,16352.0,2023-11-15 13:23:56.448052,2023-11-15 13:23:56.720553,0 days 00:00:00.272501,0.7000000000000001,10,1.25,0.9,17,62,COMPLETE
2308,2308,18305.25,2023-11-15 13:23:56.722467,2023-11-15 13:23:56.988694,0 days 00:00:00.266227,0.8,10,1.5,0.8,15,98,COMPLETE
2309,2309,18310.75,2023-11-15 13:23:56.990577,2023-11-15 13:23:57.258203,0 days 00:00:00.267626,0.8,10,1.25,0.8,19,92,COMPLETE
2310,2310,18492.5,2023-11-15 13:23:57.260435,2023-11-15 13:23:57.536739,0 days 00:00:00.276304,0.8,10,1.25,0.8,7,100,COMPLETE
2311,2311,18309.5,2023-11-15 13:23:57.538396,2023-11-15 13:23:57.812550,0 days 00:00:00.274154,0.8,10,1.0,0.8,23,97,COMPLETE
2312,2312,18681.25,2023-11-15 13:23:57.813974,2023-11-15 13:23:58.065698,0 days 00:00:00.251724,0.8,10,1.25,0.8,3,99,COMPLETE
2313,2313,16106.5,2023-11-15 13:23:58.067247,2023-11-15 13:23:58.332034,0 days 00:00:00.264787,0.8,50,1.25,0.7000000000000001,13,96,COMPLETE
2314,2314,199.5,2023-11-15 13:23:58.333587,2023-11-15 13:23:58.847091,0 days 00:00:00.513504,0.8,10,0.75,0.8,0,94,COMPLETE
2315,2315,18023.5,2023-11-15 13:23:58.848411,2023-11-15 13:23:59.108501,0 days 00:00:00.260090,0.8,10,1.25,0.8,5,98,COMPLETE
2316,2316,18107.75,2023-11-15 13:23:59.109943,2023-11-15 13:23:59.372672,0 days 00:00:00.262729,0.8,20,1.5,0.8,21,100,COMPLETE
2317,2317,18217.25,2023-11-15 13:23:59.374822,2023-11-15 13:23:59.649215,0 days 00:00:00.274393,0.8,10,1.25,0.9,17,97,COMPLETE
2318,2318,11271.25,2023-11-15 13:23:59.650551,2023-11-15 13:23:59.917707,0 days 00:00:00.267156,0.8,10,1.25,0.8,11,19,COMPLETE
2319,2319,16727.25,2023-11-15 13:23:59.919156,2023-11-15 13:24:00.187304,0 days 00:00:00.268148,0.8,40,1.25,0.8,19,99,COMPLETE
2320,2320,18023.75,2023-11-15 13:24:00.189039,2023-11-15 13:24:00.459170,0 days 00:00:00.270131,0.7000000000000001,10,1.25,0.8,15,96,COMPLETE
2321,2321,18492.5,2023-11-15 13:24:00.460734,2023-11-15 13:24:00.730348,0 days 00:00:00.269614,0.8,10,1.25,0.8,2,100,COMPLETE
2322,2322,18028.75,2023-11-15 13:24:00.731850,2023-11-15 13:24:00.993543,0 days 00:00:00.261693,0.9,10,1.5,0.8,9,90,COMPLETE
2323,2323,15424.25,2023-11-15 13:24:00.995169,2023-11-15 13:24:01.270765,0 days 00:00:00.275596,0.8,60,1.25,0.8,17,98,COMPLETE
2324,2324,18410.75,2023-11-15 13:24:01.272238,2023-11-15 13:24:01.527707,0 days 00:00:00.255469,0.8,10,1.25,0.8,27,94,COMPLETE
2325,2325,17466.25,2023-11-15 13:24:01.529900,2023-11-15 13:24:01.791028,0 days 00:00:00.261128,0.8,20,1.0,0.8,6,97,COMPLETE
2326,2326,18399.0,2023-11-15 13:24:01.792926,2023-11-15 13:24:02.066671,0 days 00:00:00.273745,0.8,10,1.25,0.7000000000000001,13,100,COMPLETE
2327,2327,10296.0,2023-11-15 13:24:02.068753,2023-11-15 13:24:02.312600,0 days 00:00:00.243847,0.8,10,1.25,0.9,21,17,COMPLETE
2328,2328,18023.5,2023-11-15 13:24:02.317126,2023-11-15 13:24:02.578721,0 days 00:00:00.261595,0.8,10,1.25,0.8,19,98,COMPLETE
2329,2329,17831.25,2023-11-15 13:24:02.580128,2023-11-15 13:24:02.846564,0 days 00:00:00.266436,0.8,10,1.5,0.8,15,95,COMPLETE
2330,2330,18401.0,2023-11-15 13:24:02.848390,2023-11-15 13:24:03.112751,0 days 00:00:00.264361,0.8,10,1.0,0.8,24,100,COMPLETE
2331,2331,12436.5,2023-11-15 13:24:03.114717,2023-11-15 13:24:03.416906,0 days 00:00:00.302189,0.7000000000000001,100,1.25,0.8,8,96,COMPLETE
2332,2332,14669.25,2023-11-15 13:24:03.418261,2023-11-15 13:24:03.695841,0 days 00:00:00.277580,0.8,70,1.25,0.8,11,98,COMPLETE
2333,2333,17655.25,2023-11-15 13:24:03.697601,2023-11-15 13:24:03.962697,0 days 00:00:00.265096,0.30000000000000004,10,1.25,0.8,4,98,COMPLETE
2334,2334,18399.5,2023-11-15 13:24:03.964672,2023-11-15 13:24:04.236430,0 days 00:00:00.271758,0.9,10,1.25,0.8,16,100,COMPLETE
2335,2335,18207.75,2023-11-15 13:24:04.237822,2023-11-15 13:24:04.511276,0 days 00:00:00.273454,0.8,10,1.25,0.8,18,93,COMPLETE
2336,2336,18301.75,2023-11-15 13:24:04.513032,2023-11-15 13:24:04.768906,0 days 00:00:00.255874,0.8,10,1.25,0.7000000000000001,14,96,COMPLETE
2337,2337,14444.25,2023-11-15 13:24:04.770285,2023-11-15 13:24:05.021022,0 days 00:00:00.250737,0.8,10,1.0,0.9,21,28,COMPLETE
2338,2338,18399.0,2023-11-15 13:24:05.023983,2023-11-15 13:24:05.280541,0 days 00:00:00.256558,0.8,10,1.75,0.8,2,98,COMPLETE
2339,2339,18013.5,2023-11-15 13:24:05.281877,2023-11-15 13:24:05.537051,0 days 00:00:00.255174,0.8,20,1.25,0.8,12,100,COMPLETE
2340,2340,18399.75,2023-11-15 13:24:05.538542,2023-11-15 13:24:05.795626,0 days 00:00:00.257084,0.8,10,1.5,0.8,7,97,COMPLETE
2341,2341,17563.75,2023-11-15 13:24:05.797041,2023-11-15 13:24:06.086868,0 days 00:00:00.289827,0.5,10,1.25,0.6,17,95,COMPLETE
2342,2342,18331.5,2023-11-15 13:24:06.090091,2023-11-15 13:24:06.391657,0 days 00:00:00.301566,0.8,10,1.0,0.8,19,99,COMPLETE
2343,2343,18208.5,2023-11-15 13:24:06.393188,2023-11-15 13:24:06.698087,0 days 00:00:00.304899,0.8,10,1.25,0.5,5,98,COMPLETE
2344,2344,17228.25,2023-11-15 13:24:06.699952,2023-11-15 13:24:07.009373,0 days 00:00:00.309421,0.8,10,1.25,0.1,63,100,COMPLETE
2345,2345,13755.0,2023-11-15 13:24:07.010752,2023-11-15 13:24:07.388644,0 days 00:00:00.377892,0.7000000000000001,80,1.5,0.8,23,96,COMPLETE
2346,2346,17830.75,2023-11-15 13:24:07.390950,2023-11-15 13:24:07.692331,0 days 00:00:00.301381,0.8,20,1.25,0.8,15,98,COMPLETE
2347,2347,18410.75,2023-11-15 13:24:07.693745,2023-11-15 13:24:07.946017,0 days 00:00:00.252272,0.8,10,1.25,0.8,13,94,COMPLETE
2348,2348,18119.0,2023-11-15 13:24:07.947835,2023-11-15 13:24:08.205037,0 days 00:00:00.257202,0.4,10,1.25,0.9,10,100,COMPLETE
2349,2349,199.5,2023-11-15 13:24:08.207006,2023-11-15 13:24:08.723555,0 days 00:00:00.516549,0.8,10,1.25,0.8,0,97,COMPLETE
2350,2350,18023.5,2023-11-15 13:24:08.724877,2023-11-15 13:24:08.980851,0 days 00:00:00.255974,0.9,10,1.5,0.8,4,88,COMPLETE
2351,2351,17933.5,2023-11-15 13:24:08.982430,2023-11-15 13:24:09.238021,0 days 00:00:00.255591,0.6,10,1.25,0.7000000000000001,20,96,COMPLETE
2352,2352,18310.75,2023-11-15 13:24:09.240113,2023-11-15 13:24:09.497936,0 days 00:00:00.257823,0.8,10,1.25,0.8,16,92,COMPLETE
2353,2353,18681.25,2023-11-15 13:24:09.499330,2023-11-15 13:24:09.744927,0 days 00:00:00.245597,0.8,10,1.25,0.8,8,99,COMPLETE
2354,2354,18022.0,2023-11-15 13:24:09.746359,2023-11-15 13:24:10.000112,0 days 00:00:00.253753,0.8,10,1.0,0.8,25,98,COMPLETE
2355,2355,18398.25,2023-11-15 13:24:10.001414,2023-11-15 13:24:10.260105,0 days 00:00:00.258691,0.8,10,1.25,0.8,18,100,COMPLETE
2356,2356,18112.5,2023-11-15 13:24:10.261387,2023-11-15 13:24:10.512867,0 days 00:00:00.251480,0.8,10,1.25,0.8,12,95,COMPLETE
2357,2357,17839.0,2023-11-15 13:24:10.514363,2023-11-15 13:24:10.764260,0 days 00:00:00.249897,0.8,20,1.25,0.8,22,97,COMPLETE
2358,2358,18023.5,2023-11-15 13:24:10.765726,2023-11-15 13:24:11.017528,0 days 00:00:00.251802,0.8,10,1.25,0.8,3,98,COMPLETE
2359,2359,18400.0,2023-11-15 13:24:11.018954,2023-11-15 13:24:11.286874,0 days 00:00:00.267920,0.8,10,1.5,0.9,6,100,COMPLETE
2360,2360,18394.5,2023-11-15 13:24:11.288312,2023-11-15 13:24:11.538872,0 days 00:00:00.250560,0.8,10,1.25,0.8,14,96,COMPLETE
2361,2361,18304.75,2023-11-15 13:24:11.540982,2023-11-15 13:24:11.790946,0 days 00:00:00.249964,0.8,10,1.75,0.8,17,99,COMPLETE
2362,2362,18486.25,2023-11-15 13:24:11.792466,2023-11-15 13:24:12.047263,0 days 00:00:00.254797,0.8,10,1.25,0.8,9,94,COMPLETE
2363,2363,18123.5,2023-11-15 13:24:12.048616,2023-11-15 13:24:12.305177,0 days 00:00:00.256561,0.9,10,1.25,0.8,20,97,COMPLETE
2364,2364,18401.0,2023-11-15 13:24:12.307047,2023-11-15 13:24:12.553037,0 days 00:00:00.245990,0.8,10,1.0,0.8,15,100,COMPLETE
2365,2365,18494.0,2023-11-15 13:24:12.554432,2023-11-15 13:24:12.805934,0 days 00:00:00.251502,0.8,10,2.0,0.7000000000000001,10,98,COMPLETE
2366,2366,17831.25,2023-11-15 13:24:12.807510,2023-11-15 13:24:13.064826,0 days 00:00:00.257316,0.8,10,1.5,0.8,18,95,COMPLETE
2367,2367,17830.75,2023-11-15 13:24:13.066244,2023-11-15 13:24:13.323414,0 days 00:00:00.257170,0.7000000000000001,20,1.25,0.8,13,98,COMPLETE
2368,2368,18492.5,2023-11-15 13:24:13.324763,2023-11-15 13:24:13.572827,0 days 00:00:00.248064,0.8,10,1.25,0.8,5,100,COMPLETE
2369,2369,18300.75,2023-11-15 13:24:13.574676,2023-11-15 13:24:13.825804,0 days 00:00:00.251128,0.8,10,1.25,0.9,2,96,COMPLETE
2370,2370,17755.25,2023-11-15 13:24:13.927391,2023-11-15 13:24:14.181915,0 days 00:00:00.254524,0.8,10,1.0,0.30000000000000004,16,98,COMPLETE
2371,2371,17861.0,2023-11-15 13:24:14.183254,2023-11-15 13:24:14.471276,0 days 00:00:00.288022,0.8,10,0.25,0.8,22,100,COMPLETE
2372,2372,17286.25,2023-11-15 13:24:14.473532,2023-11-15 13:24:14.721257,0 days 00:00:00.247725,0.8,10,1.25,0.8,19,69,COMPLETE
2373,2373,18607.25,2023-11-15 13:24:14.723309,2023-11-15 13:24:14.974986,0 days 00:00:00.251677,0.8,10,1.0,0.8,7,92,COMPLETE
2374,2374,17021.0,2023-11-15 13:24:14.976624,2023-11-15 13:24:15.228228,0 days 00:00:00.251604,0.8,20,1.25,0.8,77,96,COMPLETE
2375,2375,17665.0,2023-11-15 13:24:15.229701,2023-11-15 13:24:15.490533,0 days 00:00:00.260832,0.9,10,1.25,0.8,89,98,COMPLETE
2376,2376,18492.25,2023-11-15 13:24:15.491864,2023-11-15 13:24:15.741246,0 days 00:00:00.249382,0.8,10,1.5,0.7000000000000001,12,94,COMPLETE
2377,2377,18492.5,2023-11-15 13:24:15.742760,2023-11-15 13:24:15.990910,0 days 00:00:00.248150,0.8,10,1.25,0.8,16,100,COMPLETE
2378,2378,18307.75,2023-11-15 13:24:15.992674,2023-11-15 13:24:16.242328,0 days 00:00:00.249654,0.7000000000000001,10,1.25,0.8,20,97,COMPLETE
2379,2379,18265.25,2023-11-15 13:24:16.243710,2023-11-15 13:24:16.494489,0 days 00:00:00.250779,0.8,10,1.25,0.9,14,98,COMPLETE
2380,2380,18028.25,2023-11-15 13:24:16.495800,2023-11-15 13:24:16.749092,0 days 00:00:00.253292,0.8,10,1.25,0.8,52,100,COMPLETE
2381,2381,17759.75,2023-11-15 13:24:16.750569,2023-11-15 13:24:17.008526,0 days 00:00:00.257957,0.8,10,1.25,0.2,10,96,COMPLETE
2382,2382,17932.0,2023-11-15 13:24:17.009869,2023-11-15 13:24:17.263669,0 days 00:00:00.253800,0.8,10,1.25,0.8,4,78,COMPLETE
2383,2383,18023.5,2023-11-15 13:24:17.264949,2023-11-15 13:24:17.512913,0 days 00:00:00.247964,0.8,10,1.25,0.8,18,98,COMPLETE
2384,2384,199.5,2023-11-15 13:24:17.514387,2023-11-15 13:24:18.028625,0 days 00:00:00.514238,0.8,10,1.5,0.8,0,100,COMPLETE
