,number,value,datetime_start,datetime_complete,duration,params_alpha,params_decay_interval,params_decay_rate,params_gamma,params_initialization,params_max_steps,state
5430,5430,18301.75,2023-11-15 13:43:38.274616,2023-11-15 13:43:38.753984,0 days 00:00:00.479368,0.8,10,1.25,0.8,19,96,COMPLETE
5431,5431,18023.5,2023-11-15 13:43:38.755997,2023-11-15 13:43:39.230103,0 days 00:00:00.474106,0.8,10,1.25,0.8,6,98,COMPLETE
5432,5432,18492.5,2023-11-15 13:43:39.232047,2023-11-15 13:43:39.704461,0 days 00:00:00.472414,0.8,10,1.25,0.8,2,100,COMPLETE
5433,5433,17658.75,2023-11-15 13:43:39.706837,2023-11-15 13:43:40.185034,0 days 00:00:00.478197,0.8,10,1.0,0.9,14,95,COMPLETE
5434,5434,17830.75,2023-11-15 13:43:40.187176,2023-11-15 13:43:40.666616,0 days 00:00:00.479440,0.8,20,1.25,0.8,17,98,COMPLETE
5435,5435,18218.0,2023-11-15 13:43:40.668626,2023-11-15 13:43:41.164513,0 days 00:00:00.495887,0.8,10,1.25,0.8,20,97,COMPLETE
5436,5436,18681.25,2023-11-15 13:43:41.166640,2023-11-15 13:43:41.641581,0 days 00:00:00.474941,0.8,10,1.25,0.8,9,99,COMPLETE
5437,5437,18301.5,2023-11-15 13:43:41.643737,2023-11-15 13:43:42.118990,0 days 00:00:00.475253,0.8,10,1.5,0.8,11,96,COMPLETE
5438,5438,18492.5,2023-11-15 13:43:42.120960,2023-11-15 13:43:42.591661,0 days 00:00:00.470701,0.8,10,1.25,0.8,4,100,COMPLETE
5439,5439,18211.25,2023-11-15 13:43:42.593614,2023-11-15 13:43:43.075293,0 days 00:00:00.481679,0.7000000000000001,10,1.25,0.8,16,98,COMPLETE
5440,5440,17473.0,2023-11-15 13:43:43.077565,2023-11-15 13:43:43.559907,0 days 00:00:00.482342,0.9,20,1.25,0.7000000000000001,22,93,COMPLETE
5441,5441,18395.0,2023-11-15 13:43:43.562401,2023-11-15 13:43:44.039405,0 days 00:00:00.477004,0.8,10,2.0,0.8,34,96,COMPLETE
5442,5442,18498.0,2023-11-15 13:43:44.041557,2023-11-15 13:43:44.530840,0 days 00:00:00.489283,0.8,10,1.0,0.8,18,87,COMPLETE
5443,5443,18492.5,2023-11-15 13:43:44.532784,2023-11-15 13:43:45.015661,0 days 00:00:00.482877,0.8,10,1.25,0.8,14,100,COMPLETE
5444,5444,18265.25,2023-11-15 13:43:45.017783,2023-11-15 13:43:45.490616,0 days 00:00:00.472833,0.8,10,1.25,0.9,6,98,COMPLETE
5445,5445,17928.75,2023-11-15 13:43:45.492790,2023-11-15 13:43:45.973144,0 days 00:00:00.480354,0.8,10,1.25,0.6,20,95,COMPLETE
5446,5446,18305.25,2023-11-15 13:43:45.975082,2023-11-15 13:43:46.448187,0 days 00:00:00.473105,0.8,10,1.5,0.8,12,98,COMPLETE
5447,5447,18304.0,2023-11-15 13:43:46.450306,2023-11-15 13:43:46.922246,0 days 00:00:00.471940,0.8,10,1.75,0.8,2,100,COMPLETE
5448,5448,18218.0,2023-11-15 13:43:46.924345,2023-11-15 13:43:47.400790,0 days 00:00:00.476445,0.8,10,1.25,0.8,16,97,COMPLETE
5449,5449,18486.25,2023-11-15 13:43:47.402997,2023-11-15 13:43:47.899370,0 days 00:00:00.496373,0.8,10,1.25,0.8,8,94,COMPLETE
5450,5450,18322.0,2023-11-15 13:43:47.901276,2023-11-15 13:43:48.385115,0 days 00:00:00.483839,0.8,10,1.0,0.8,23,99,COMPLETE
5451,5451,18218.5,2023-11-15 13:43:48.387304,2023-11-15 13:43:48.860748,0 days 00:00:00.473444,0.9,10,1.25,0.8,18,97,COMPLETE
5452,5452,18313.5,2023-11-15 13:43:48.863530,2023-11-15 13:43:49.338661,0 days 00:00:00.475131,0.7000000000000001,10,1.25,0.8,14,100,COMPLETE
5453,5453,18300.75,2023-11-15 13:43:49.340622,2023-11-15 13:43:49.812345,0 days 00:00:00.471723,0.8,10,1.25,0.9,11,96,COMPLETE
5454,5454,17925.0,2023-11-15 13:43:49.814711,2023-11-15 13:43:50.290749,0 days 00:00:00.476038,0.8,20,1.5,0.8,26,98,COMPLETE
5455,5455,199.5,2023-11-15 13:43:50.292957,2023-11-15 13:43:51.027873,0 days 00:00:00.734916,0.8,10,1.25,0.8,0,100,COMPLETE
5456,5456,18213.75,2023-11-15 13:43:51.030194,2023-11-15 13:43:51.538106,0 days 00:00:00.507912,0.8,10,1.25,0.7000000000000001,19,92,COMPLETE
5457,5457,17561.0,2023-11-15 13:43:51.540905,2023-11-15 13:43:52.022252,0 days 00:00:00.481347,0.8,10,1.0,0.8,5,95,COMPLETE
5458,5458,18023.5,2023-11-15 13:43:52.024313,2023-11-15 13:43:52.510753,0 days 00:00:00.486440,0.8,10,1.25,0.8,16,98,COMPLETE
5459,5459,13456.5,2023-11-15 13:43:52.513432,2023-11-15 13:43:53.013799,0 days 00:00:00.500367,0.8,90,1.25,0.8,21,97,COMPLETE
5460,5460,18398.25,2023-11-15 13:43:53.015809,2023-11-15 13:43:53.488920,0 days 00:00:00.473111,0.8,10,1.25,0.8,13,100,COMPLETE
5461,5461,18025.5,2023-11-15 13:43:53.490995,2023-11-15 13:43:53.973216,0 days 00:00:00.482221,0.7000000000000001,10,1.5,0.8,3,98,COMPLETE
5462,5462,18490.25,2023-11-15 13:43:53.975227,2023-11-15 13:43:54.454569,0 days 00:00:00.479342,0.8,10,1.25,0.7000000000000001,7,94,COMPLETE
5463,5463,18209.5,2023-11-15 13:43:54.456615,2023-11-15 13:43:54.946179,0 days 00:00:00.489564,0.8,10,1.25,0.8,42,96,COMPLETE
5464,5464,18681.25,2023-11-15 13:43:54.948439,2023-11-15 13:43:55.423902,0 days 00:00:00.475463,0.8,10,1.25,0.8,10,99,COMPLETE
5465,5465,18013.5,2023-11-15 13:43:55.425837,2023-11-15 13:43:55.906012,0 days 00:00:00.480175,0.9,20,1.25,0.9,15,100,COMPLETE
5466,5466,16023.25,2023-11-15 13:43:55.908044,2023-11-15 13:43:56.391943,0 days 00:00:00.483899,0.5,10,1.0,0.8,17,56,COMPLETE
5467,5467,18218.0,2023-11-15 13:43:56.394353,2023-11-15 13:43:56.873933,0 days 00:00:00.479580,0.8,10,1.25,0.8,18,97,COMPLETE
5468,5468,18305.25,2023-11-15 13:43:56.875828,2023-11-15 13:43:57.351416,0 days 00:00:00.475588,0.8,10,1.5,0.8,13,98,COMPLETE
5469,5469,17837.25,2023-11-15 13:43:57.353519,2023-11-15 13:43:57.843059,0 days 00:00:00.489540,0.8,10,1.25,0.8,21,95,COMPLETE
5470,5470,18399.5,2023-11-15 13:43:57.845229,2023-11-15 13:43:58.319252,0 days 00:00:00.474023,0.8,10,1.25,0.8,24,100,COMPLETE
5471,5471,18023.5,2023-11-15 13:43:58.321371,2023-11-15 13:43:58.822921,0 days 00:00:00.501550,0.8,10,1.25,0.8,4,98,COMPLETE
5472,5472,18300.75,2023-11-15 13:43:58.824822,2023-11-15 13:43:59.296111,0 days 00:00:00.471289,0.8,10,1.25,0.9,8,96,COMPLETE
5473,5473,17198.25,2023-11-15 13:43:59.298547,2023-11-15 13:43:59.779505,0 days 00:00:00.480958,0.8,30,1.25,0.8,19,99,COMPLETE
5474,5474,18309.0,2023-11-15 13:43:59.781502,2023-11-15 13:44:00.263471,0 days 00:00:00.481969,0.8,10,1.0,0.7000000000000001,15,100,COMPLETE
5475,5475,17748.5,2023-11-15 13:44:00.265380,2023-11-15 13:44:00.747545,0 days 00:00:00.482165,0.8,10,1.75,0.8,10,91,COMPLETE
5476,5476,17920.5,2023-11-15 13:44:00.749448,2023-11-15 13:44:01.234399,0 days 00:00:00.484951,0.8,20,1.5,0.8,2,97,COMPLETE
5477,5477,17030.5,2023-11-15 13:44:01.236670,2023-11-15 13:44:01.747036,0 days 00:00:00.510366,0.7000000000000001,10,1.25,0.1,6,94,COMPLETE
5478,5478,18209.5,2023-11-15 13:44:01.749267,2023-11-15 13:44:02.230302,0 days 00:00:00.481035,0.9,10,1.25,0.8,12,98,COMPLETE
5479,5479,18497.5,2023-11-15 13:44:02.232268,2023-11-15 13:44:02.711785,0 days 00:00:00.479517,0.8,10,1.0,0.8,17,96,COMPLETE
5480,5480,16273.0,2023-11-15 13:44:02.714099,2023-11-15 13:44:03.210581,0 days 00:00:00.496482,0.2,10,1.25,0.8,22,100,COMPLETE
5481,5481,17674.0,2023-11-15 13:44:03.213284,2023-11-15 13:44:03.697773,0 days 00:00:00.484489,0.8,10,1.25,0.8,92,98,COMPLETE
5482,5482,18394.5,2023-11-15 13:44:03.700252,2023-11-15 13:44:04.179224,0 days 00:00:00.478972,0.8,10,1.25,0.8,15,96,COMPLETE
5483,5483,16372.25,2023-11-15 13:44:04.181338,2023-11-15 13:44:04.663691,0 days 00:00:00.482353,0.8,20,1.25,0.8,20,68,COMPLETE
5484,5484,18304.25,2023-11-15 13:44:04.665754,2023-11-15 13:44:05.146818,0 days 00:00:00.481064,0.8,10,1.5,0.7000000000000001,8,100,COMPLETE
5485,5485,18301.75,2023-11-15 13:44:05.160748,2023-11-15 13:44:05.651619,0 days 00:00:00.490871,0.8,10,1.25,0.9,4,93,COMPLETE
5486,5486,18214.0,2023-11-15 13:44:05.653699,2023-11-15 13:44:06.157629,0 days 00:00:00.503930,0.8,10,3.0,0.8,18,98,COMPLETE
5487,5487,17835.75,2023-11-15 13:44:06.159682,2023-11-15 13:44:06.673462,0 days 00:00:00.513780,0.8,10,1.0,0.8,58,95,COMPLETE
5488,5488,18024.25,2023-11-15 13:44:06.675409,2023-11-15 13:44:07.202526,0 days 00:00:00.527117,0.6,10,1.25,0.8,13,98,COMPLETE
5489,5489,18306.25,2023-11-15 13:44:07.204802,2023-11-15 13:44:07.714515,0 days 00:00:00.509713,0.8,10,1.25,0.8,30,100,COMPLETE
5490,5490,199.5,2023-11-15 13:44:07.716905,2023-11-15 13:44:08.466715,0 days 00:00:00.749810,0.7000000000000001,10,1.5,0.8,0,97,COMPLETE
5491,5491,18681.25,2023-11-15 13:44:08.468690,2023-11-15 13:44:08.990769,0 days 00:00:00.522079,0.8,10,1.25,0.8,10,99,COMPLETE
5492,5492,18394.5,2023-11-15 13:44:08.992779,2023-11-15 13:44:09.510012,0 days 00:00:00.517233,0.8,10,1.25,0.8,16,96,COMPLETE
5493,5493,18492.5,2023-11-15 13:44:09.512548,2023-11-15 13:44:10.005868,0 days 00:00:00.493320,0.8,10,1.25,0.8,19,100,COMPLETE
5494,5494,17671.25,2023-11-15 13:44:10.008185,2023-11-15 13:44:10.498027,0 days 00:00:00.489842,0.8,20,1.25,0.7000000000000001,23,98,COMPLETE
5495,5495,18400.0,2023-11-15 13:44:10.500058,2023-11-15 13:44:10.983651,0 days 00:00:00.483593,0.8,10,1.25,0.9,6,94,COMPLETE
5496,5496,18398.75,2023-11-15 13:44:10.985557,2023-11-15 13:44:11.473091,0 days 00:00:00.487534,0.9,10,1.0,0.8,15,96,COMPLETE
5497,5497,18492.5,2023-11-15 13:44:11.475227,2023-11-15 13:44:11.960528,0 days 00:00:00.485301,0.8,10,1.25,0.8,12,100,COMPLETE
5498,5498,18305.25,2023-11-15 13:44:11.963368,2023-11-15 13:44:12.464004,0 days 00:00:00.500636,0.8,10,1.5,0.8,2,98,COMPLETE
5499,5499,15334.25,2023-11-15 13:44:12.466220,2023-11-15 13:44:12.964993,0 days 00:00:00.498773,0.8,60,1.25,0.8,20,97,COMPLETE
5500,5500,18399.0,2023-11-15 13:44:12.967023,2023-11-15 13:44:13.452782,0 days 00:00:00.485759,0.8,10,1.25,0.8,17,100,COMPLETE
5501,5501,18296.75,2023-11-15 13:44:13.454687,2023-11-15 13:44:13.941880,0 days 00:00:00.487193,0.7000000000000001,10,1.25,0.8,5,98,COMPLETE
5502,5502,17561.0,2023-11-15 13:44:13.944416,2023-11-15 13:44:14.428661,0 days 00:00:00.484245,0.8,10,1.0,0.8,14,95,COMPLETE
5503,5503,17760.75,2023-11-15 13:44:14.430851,2023-11-15 13:44:14.913975,0 days 00:00:00.483124,0.8,20,1.25,0.8,25,99,COMPLETE
5504,5504,13758.5,2023-11-15 13:44:14.916287,2023-11-15 13:44:15.441096,0 days 00:00:00.524809,0.8,80,1.75,0.8,8,93,COMPLETE
5505,5505,18301.5,2023-11-15 13:44:15.443410,2023-11-15 13:44:15.923424,0 days 00:00:00.480014,0.8,10,1.5,0.9,11,96,COMPLETE
5506,5506,18398.25,2023-11-15 13:44:15.925565,2023-11-15 13:44:16.407744,0 days 00:00:00.482179,0.8,10,1.25,0.8,18,100,COMPLETE
5507,5507,16820.25,2023-11-15 13:44:16.409681,2023-11-15 13:44:16.896283,0 days 00:00:00.486602,0.8,40,1.25,0.8,21,97,COMPLETE
5508,5508,18023.5,2023-11-15 13:44:16.898896,2023-11-15 13:44:17.375166,0 days 00:00:00.476270,0.8,10,1.25,0.8,16,98,COMPLETE
5509,5509,18399.5,2023-11-15 13:44:17.377672,2023-11-15 13:44:17.859050,0 days 00:00:00.481378,0.9,10,1.25,0.8,4,100,COMPLETE
5510,5510,17831.25,2023-11-15 13:44:17.861432,2023-11-15 13:44:18.373981,0 days 00:00:00.512549,0.8,10,1.5,0.8,13,95,COMPLETE
5511,5511,18305.75,2023-11-15 13:44:18.375974,2023-11-15 13:44:18.874760,0 days 00:00:00.498786,0.8,10,2.75,0.7000000000000001,9,98,COMPLETE
5512,5512,17879.5,2023-11-15 13:44:18.881515,2023-11-15 13:44:19.378701,0 days 00:00:00.497186,0.8,20,1.25,0.8,28,97,COMPLETE
5513,5513,17359.25,2023-11-15 13:44:19.380747,2023-11-15 13:44:19.864343,0 days 00:00:00.483596,0.8,30,1.0,0.8,19,100,COMPLETE
5514,5514,18300.75,2023-11-15 13:44:19.866794,2023-11-15 13:44:20.348782,0 days 00:00:00.481988,0.8,10,1.25,0.9,15,96,COMPLETE
5515,5515,15749.25,2023-11-15 13:44:20.350824,2023-11-15 13:44:20.822198,0 days 00:00:00.471374,0.8,10,1.25,0.8,6,29,COMPLETE
5516,5516,18211.25,2023-11-15 13:44:20.824171,2023-11-15 13:44:21.305488,0 days 00:00:00.481317,0.7000000000000001,10,1.25,0.8,22,98,COMPLETE
5517,5517,18486.25,2023-11-15 13:44:21.307447,2023-11-15 13:44:21.789035,0 days 00:00:00.481588,0.8,10,1.25,0.8,2,94,COMPLETE
5518,5518,18681.25,2023-11-15 13:44:21.790947,2023-11-15 13:44:22.272536,0 days 00:00:00.481589,0.8,10,1.25,0.8,17,99,COMPLETE
5519,5519,18492.5,2023-11-15 13:44:22.274570,2023-11-15 13:44:22.770134,0 days 00:00:00.495564,0.8,10,1.25,0.8,12,100,COMPLETE
5520,5520,18429.75,2023-11-15 13:44:22.772090,2023-11-15 13:44:23.260059,0 days 00:00:00.487969,0.8,10,1.0,0.7000000000000001,14,96,COMPLETE
5521,5521,18310.75,2023-11-15 13:44:23.262571,2023-11-15 13:44:23.740445,0 days 00:00:00.477874,0.8,10,1.25,0.8,20,92,COMPLETE
5522,5522,15758.25,2023-11-15 13:44:23.742532,2023-11-15 13:44:24.255475,0 days 00:00:00.512943,0.1,10,1.5,0.9,7,98,COMPLETE
5523,5523,18119.25,2023-11-15 13:44:24.257447,2023-11-15 13:44:24.743009,0 days 00:00:00.485562,0.8,10,1.25,0.6,17,98,COMPLETE
5524,5524,18013.5,2023-11-15 13:44:24.745452,2023-11-15 13:44:25.219768,0 days 00:00:00.474316,0.8,20,1.25,0.8,10,100,COMPLETE
5525,5525,18395.25,2023-11-15 13:44:25.221806,2023-11-15 13:44:25.702410,0 days 00:00:00.480604,0.9,10,1.5,0.8,3,96,COMPLETE
5526,5526,199.5,2023-11-15 13:44:25.704322,2023-11-15 13:44:26.444462,0 days 00:00:00.740140,0.8,10,1.0,0.8,0,94,COMPLETE
5527,5527,18033.25,2023-11-15 13:44:26.446931,2023-11-15 13:44:26.929681,0 days 00:00:00.482750,0.8,10,1.25,0.8,23,98,COMPLETE
5528,5528,18492.5,2023-11-15 13:44:26.931642,2023-11-15 13:44:27.415683,0 days 00:00:00.484041,0.8,10,1.25,0.8,19,100,COMPLETE
5529,5529,18218.0,2023-11-15 13:44:27.417808,2023-11-15 13:44:27.908317,0 days 00:00:00.490509,0.8,10,1.25,0.8,15,97,COMPLETE
5530,5530,17858.75,2023-11-15 13:44:27.910449,2023-11-15 13:44:28.394060,0 days 00:00:00.483611,0.8,10,1.25,0.8,11,72,COMPLETE
5531,5531,16009.0,2023-11-15 13:44:28.396665,2023-11-15 13:44:28.883375,0 days 00:00:00.486710,0.8,50,1.25,0.8,5,95,COMPLETE
5532,5532,18493.0,2023-11-15 13:44:28.885349,2023-11-15 13:44:29.363793,0 days 00:00:00.478444,0.9,10,1.25,0.8,17,99,COMPLETE
5533,5533,18399.75,2023-11-15 13:44:29.365862,2023-11-15 13:44:29.859529,0 days 00:00:00.493667,0.8,10,1.5,0.9,13,97,COMPLETE
5534,5534,17492.5,2023-11-15 13:44:29.862192,2023-11-15 13:44:30.355898,0 days 00:00:00.493706,0.5,10,1.25,0.8,70,100,COMPLETE
5535,5535,17322.75,2023-11-15 13:44:30.357857,2023-11-15 13:44:30.850353,0 days 00:00:00.492496,0.8,10,0.75,0.30000000000000004,75,98,COMPLETE
5536,5536,18116.25,2023-11-15 13:44:30.852712,2023-11-15 13:44:31.336832,0 days 00:00:00.484120,0.7000000000000001,10,1.25,0.7000000000000001,8,96,COMPLETE
5537,5537,18014.75,2023-11-15 13:44:31.338997,2023-11-15 13:44:31.824084,0 days 00:00:00.485087,0.8,20,1.0,0.8,20,90,COMPLETE
5538,5538,18492.5,2023-11-15 13:44:31.826636,2023-11-15 13:44:32.311406,0 days 00:00:00.484770,0.8,10,1.25,0.8,15,100,COMPLETE
5539,5539,16725.25,2023-11-15 13:44:32.313676,2023-11-15 13:44:32.789639,0 days 00:00:00.475963,0.8,10,1.25,0.8,3,44,COMPLETE
5540,5540,17573.75,2023-11-15 13:44:32.791648,2023-11-15 13:44:33.309926,0 days 00:00:00.518278,0.8,10,1.25,0.2,18,98,COMPLETE
5541,5541,18410.75,2023-11-15 13:44:33.312646,2023-11-15 13:44:33.793649,0 days 00:00:00.481003,0.8,10,1.25,0.8,25,94,COMPLETE
5542,5542,18488.75,2023-11-15 13:44:33.796241,2023-11-15 13:44:34.273635,0 days 00:00:00.477394,0.8,10,1.75,0.9,22,96,COMPLETE
5543,5543,14538.0,2023-11-15 13:44:34.275661,2023-11-15 13:44:34.756016,0 days 00:00:00.480355,0.8,10,1.25,0.4,10,32,COMPLETE
5544,5544,18305.75,2023-11-15 13:44:34.758096,2023-11-15 13:44:35.240802,0 days 00:00:00.482706,0.8,10,1.5,0.8,7,100,COMPLETE
5545,5545,17661.5,2023-11-15 13:44:35.242782,2023-11-15 13:44:35.739621,0 days 00:00:00.496839,0.4,10,1.0,0.8,13,98,COMPLETE
5546,5546,17471.0,2023-11-15 13:44:35.741602,2023-11-15 13:44:36.229314,0 days 00:00:00.487712,0.8,20,1.25,0.5,16,98,COMPLETE
5547,5547,18394.5,2023-11-15 13:44:36.231798,2023-11-15 13:44:36.742493,0 days 00:00:00.510695,0.8,10,1.25,0.8,5,96,COMPLETE
5548,5548,18401.5,2023-11-15 13:44:36.744704,2023-11-15 13:44:37.237803,0 days 00:00:00.493099,0.7000000000000001,10,1.25,0.8,19,100,COMPLETE
5549,5549,17936.25,2023-11-15 13:44:37.240184,2023-11-15 13:44:37.727519,0 days 00:00:00.487335,0.8,10,1.5,0.8,21,92,COMPLETE
5550,5550,18023.5,2023-11-15 13:44:37.729778,2023-11-15 13:44:38.213201,0 days 00:00:00.483423,0.8,10,1.25,0.8,1,98,COMPLETE
5551,5551,17837.25,2023-11-15 13:44:38.215375,2023-11-15 13:44:38.712681,0 days 00:00:00.497306,0.8,10,1.0,0.7000000000000001,14,95,COMPLETE
5552,5552,18399.0,2023-11-15 13:44:38.715027,2023-11-15 13:44:39.205471,0 days 00:00:00.490444,0.8,10,1.25,0.8,17,100,COMPLETE
5553,5553,18218.5,2023-11-15 13:44:39.207509,2023-11-15 13:44:39.704229,0 days 00:00:00.496720,0.9,10,1.25,0.8,9,97,COMPLETE
5554,5554,18586.25,2023-11-15 13:44:39.706413,2023-11-15 13:44:40.191006,0 days 00:00:00.484593,0.8,10,1.25,0.9,12,99,COMPLETE
5555,5555,9817.0,2023-11-15 13:44:40.193404,2023-11-15 13:44:40.678433,0 days 00:00:00.485029,0.8,20,1.5,0.8,4,17,COMPLETE
5556,5556,18216.0,2023-11-15 13:44:40.680689,2023-11-15 13:44:41.162756,0 days 00:00:00.482067,0.7000000000000001,10,1.25,0.8,18,97,COMPLETE
5557,5557,18492.5,2023-11-15 13:44:41.164942,2023-11-15 13:44:41.643087,0 days 00:00:00.478145,0.8,10,1.25,0.8,15,100,COMPLETE
5558,5558,18301.25,2023-11-15 13:44:41.645320,2023-11-15 13:44:42.125816,0 days 00:00:00.480496,0.8,10,1.0,0.8,7,93,COMPLETE
5559,5559,18112.5,2023-11-15 13:44:42.128524,2023-11-15 13:44:42.628400,0 days 00:00:00.499876,0.8,10,1.25,0.8,23,95,COMPLETE
5560,5560,17367.75,2023-11-15 13:44:42.630829,2023-11-15 13:44:43.109326,0 days 00:00:00.478497,0.8,10,2.25,0.8,21,59,COMPLETE
5561,5561,17489.75,2023-11-15 13:44:43.112160,2023-11-15 13:44:43.602138,0 days 00:00:00.489978,0.8,10,1.25,0.8,97,98,COMPLETE
5562,5562,17604.25,2023-11-15 13:44:43.604225,2023-11-15 13:44:44.087649,0 days 00:00:00.483424,0.9,20,1.25,0.7000000000000001,11,79,COMPLETE
5563,5563,18023.5,2023-11-15 13:44:44.089696,2023-11-15 13:44:44.571219,0 days 00:00:00.481523,0.8,10,1.25,0.8,17,98,COMPLETE
5564,5564,18394.5,2023-11-15 13:44:44.573181,2023-11-15 13:44:45.055200,0 days 00:00:00.482019,0.8,10,1.25,0.8,2,96,COMPLETE
5565,5565,18305.75,2023-11-15 13:44:45.057217,2023-11-15 13:44:45.543785,0 days 00:00:00.486568,0.8,10,1.5,0.8,14,100,COMPLETE
5566,5566,18399.0,2023-11-15 13:44:45.545827,2023-11-15 13:44:46.033592,0 days 00:00:00.487765,0.8,10,2.0,0.8,19,98,COMPLETE
5567,5567,18400.0,2023-11-15 13:44:46.035701,2023-11-15 13:44:46.520614,0 days 00:00:00.484913,0.8,10,1.25,0.9,9,94,COMPLETE
5568,5568,18401.0,2023-11-15 13:44:46.522738,2023-11-15 13:44:47.028263,0 days 00:00:00.505525,0.8,10,1.0,0.8,5,100,COMPLETE
5569,5569,18304.75,2023-11-15 13:44:47.030299,2023-11-15 13:44:47.513567,0 days 00:00:00.483268,0.8,10,1.75,0.6,16,96,COMPLETE
5570,5570,18211.5,2023-11-15 13:44:47.515614,2023-11-15 13:44:48.004871,0 days 00:00:00.489257,0.8,10,2.5,0.8,12,98,COMPLETE
5571,5571,18304.0,2023-11-15 13:44:48.006853,2023-11-15 13:44:48.497043,0 days 00:00:00.490190,0.8,10,1.25,0.7000000000000001,19,100,COMPLETE
5572,5572,16636.0,2023-11-15 13:44:48.499295,2023-11-15 13:44:48.988334,0 days 00:00:00.489039,0.8,20,1.25,0.8,26,50,COMPLETE
5573,5573,17945.0,2023-11-15 13:44:48.990603,2023-11-15 13:44:49.486155,0 days 00:00:00.495552,0.9,10,1.25,0.8,85,97,COMPLETE
5574,5574,18212.5,2023-11-15 13:44:49.488202,2023-11-15 13:44:49.979363,0 days 00:00:00.491161,0.8,10,1.0,0.8,51,99,COMPLETE
5575,5575,18488.25,2023-11-15 13:44:49.981345,2023-11-15 13:44:50.486876,0 days 00:00:00.505531,0.7000000000000001,10,1.5,0.9,16,96,COMPLETE
5576,5576,18023.5,2023-11-15 13:44:50.488850,2023-11-15 13:44:50.975312,0 days 00:00:00.486462,0.8,10,1.25,0.8,21,98,COMPLETE
5577,5577,18486.25,2023-11-15 13:44:50.977491,2023-11-15 13:44:51.461736,0 days 00:00:00.484245,0.8,10,1.25,0.8,6,94,COMPLETE
5578,5578,12747.75,2023-11-15 13:44:51.463814,2023-11-15 13:44:51.951345,0 days 00:00:00.487531,0.8,10,1.25,0.8,14,23,COMPLETE
5579,5579,18492.5,2023-11-15 13:44:51.953495,2023-11-15 13:44:52.436574,0 days 00:00:00.483079,0.8,10,1.25,0.8,3,100,COMPLETE
5580,5580,18218.0,2023-11-15 13:44:52.438511,2023-11-15 13:44:52.927077,0 days 00:00:00.488566,0.8,10,1.25,0.8,10,97,COMPLETE
5581,5581,18209.75,2023-11-15 13:44:52.929546,2023-11-15 13:44:53.418552,0 days 00:00:00.489006,0.8,10,1.5,0.8,18,99,COMPLETE
5582,5582,100.0,2023-11-15 13:44:53.420622,2023-11-15 13:44:54.167166,0 days 00:00:00.746544,0.8,20,1.25,0.8,0,95,COMPLETE
5583,5583,18023.5,2023-11-15 13:44:54.169228,2023-11-15 13:44:54.662086,0 days 00:00:00.492858,0.8,10,1.25,0.8,8,98,COMPLETE
5584,5584,18428.75,2023-11-15 13:44:54.664195,2023-11-15 13:44:55.147880,0 days 00:00:00.483685,0.8,10,1.0,0.9,12,100,COMPLETE
5585,5585,18301.75,2023-11-15 13:44:55.150071,2023-11-15 13:44:55.636583,0 days 00:00:00.486512,0.8,10,1.25,0.8,24,96,COMPLETE
5586,5586,18211.25,2023-11-15 13:44:55.638548,2023-11-15 13:44:56.124430,0 days 00:00:00.485882,0.7000000000000001,10,1.25,0.8,16,98,COMPLETE
5587,5587,18215.0,2023-11-15 13:44:56.126545,2023-11-15 13:44:56.611713,0 days 00:00:00.485168,0.6,10,1.25,0.8,20,100,COMPLETE
5588,5588,18027.75,2023-11-15 13:44:56.613986,2023-11-15 13:44:57.124169,0 days 00:00:00.510183,0.8,10,0.25,0.7000000000000001,4,97,COMPLETE
5589,5589,18310.75,2023-11-15 13:44:57.126223,2023-11-15 13:44:57.606524,0 days 00:00:00.480301,0.8,10,1.25,0.8,14,92,COMPLETE
5590,5590,18211.75,2023-11-15 13:44:57.608541,2023-11-15 13:44:58.100509,0 days 00:00:00.491968,0.8,10,0.5,0.8,22,94,COMPLETE
5591,5591,18023.5,2023-11-15 13:44:58.102743,2023-11-15 13:44:58.593346,0 days 00:00:00.490603,0.8,10,1.25,0.8,18,98,COMPLETE
5592,5592,18202.0,2023-11-15 13:44:58.595935,2023-11-15 13:44:59.089615,0 days 00:00:00.493680,0.8,20,1.5,0.8,7,96,COMPLETE
5593,5593,16291.0,2023-11-15 13:44:59.091703,2023-11-15 13:44:59.589510,0 days 00:00:00.497807,0.9,40,1.25,0.8,2,100,COMPLETE
5594,5594,18023.5,2023-11-15 13:44:59.591572,2023-11-15 13:45:00.096301,0 days 00:00:00.504729,0.8,10,1.25,0.8,11,98,COMPLETE
5595,5595,18612.5,2023-11-15 13:45:00.098343,2023-11-15 13:45:00.583961,0 days 00:00:00.485618,0.8,10,1.0,0.9,16,100,COMPLETE
5596,5596,18117.25,2023-11-15 13:45:00.586069,2023-11-15 13:45:01.073498,0 days 00:00:00.487429,0.8,10,1.25,0.8,48,96,COMPLETE
5597,5597,18303.5,2023-11-15 13:45:01.075634,2023-11-15 13:45:01.562369,0 days 00:00:00.486735,0.8,10,1.25,0.7000000000000001,13,98,COMPLETE
5598,5598,17837.25,2023-11-15 13:45:01.564300,2023-11-15 13:45:02.050708,0 days 00:00:00.486408,0.8,10,1.25,0.8,20,95,COMPLETE
