,number,value,datetime_start,datetime_complete,duration,params_alpha,params_decay_interval,params_decay_rate,params_gamma,params_initialization,params_max_steps,state
9839,9839,15719.25,2023-11-15 11:57:32.098770,2023-11-15 11:57:32.996818,0 days 00:00:00.898048,0.6,10,0.25,0.9,0,147,COMPLETE
9840,9840,18890.0,2023-11-15 11:57:32.999838,2023-11-15 11:57:33.847224,0 days 00:00:00.847386,0.2,10,0.75,0.9,4,136,COMPLETE
9841,9841,19163.5,2023-11-15 11:57:33.850151,2023-11-15 11:57:34.679650,0 days 00:00:00.829499,0.2,10,0.75,0.9,2,144,COMPLETE
9842,9842,12889.25,2023-11-15 11:57:34.682509,2023-11-15 11:57:35.564473,0 days 00:00:00.881964,0.2,10,0.75,0.30000000000000004,6,147,COMPLETE
9843,9843,6368.0,2023-11-15 11:57:35.567392,2023-11-15 11:57:36.514301,0 days 00:00:00.946909,0.1,10,0.75,0.1,21,141,COMPLETE
9844,9844,19359.75,2023-11-15 11:57:36.517155,2023-11-15 11:57:37.374430,0 days 00:00:00.857275,0.2,10,0.75,0.9,0,145,COMPLETE
9845,9845,19161.25,2023-11-15 11:57:37.377857,2023-11-15 11:57:38.205334,0 days 00:00:00.827477,0.2,10,1.25,0.9,2,139,COMPLETE
9846,9846,19278.5,2023-11-15 11:57:38.208387,2023-11-15 11:57:39.045319,0 days 00:00:00.836932,0.1,10,1.0,0.9,4,148,COMPLETE
9847,9847,19261.0,2023-11-15 11:57:39.048314,2023-11-15 11:57:39.865334,0 days 00:00:00.817020,0.2,10,0.75,0.8,0,143,COMPLETE
9848,9848,19028.0,2023-11-15 11:57:39.868202,2023-11-15 11:57:40.720323,0 days 00:00:00.852121,0.30000000000000004,10,0.75,0.9,2,150,COMPLETE
9849,9849,18493.25,2023-11-15 11:57:40.723217,2023-11-15 11:57:41.553950,0 days 00:00:00.830733,0.2,20,0.5,0.9,6,145,COMPLETE
9850,9850,19067.0,2023-11-15 11:57:41.556840,2023-11-15 11:57:42.395265,0 days 00:00:00.838425,0.2,10,0.75,0.9,4,134,COMPLETE
9851,9851,19051.5,2023-11-15 11:57:42.398239,2023-11-15 11:57:43.217776,0 days 00:00:00.819537,0.1,10,0.75,0.9,2,142,COMPLETE
9852,9852,18584.75,2023-11-15 11:57:43.220795,2023-11-15 11:57:44.050387,0 days 00:00:00.829592,0.2,20,1.0,0.8,0,147,COMPLETE
9853,9853,6955.25,2023-11-15 11:57:44.053266,2023-11-15 11:57:44.982517,0 days 00:00:00.929251,0.2,10,1.25,0.7000000000000001,9,138,COMPLETE
9854,9854,17386.75,2023-11-15 11:57:44.985305,2023-11-15 11:57:45.816326,0 days 00:00:00.831021,0.2,10,0.75,0.6,4,150,COMPLETE
9855,9855,19292.25,2023-11-15 11:57:45.819167,2023-11-15 11:57:46.635332,0 days 00:00:00.816165,0.2,10,0.75,0.9,2,145,COMPLETE
9856,9856,13877.5,2023-11-15 11:57:46.638138,2023-11-15 11:57:47.513788,0 days 00:00:00.875650,0.1,10,0.75,0.5,7,141,COMPLETE
9857,9857,19261.0,2023-11-15 11:57:47.516762,2023-11-15 11:57:48.342640,0 days 00:00:00.825878,0.2,10,0.75,0.9,0,147,COMPLETE
9858,9858,18989.75,2023-11-15 11:57:48.346328,2023-11-15 11:57:49.171809,0 days 00:00:00.825481,0.4,10,0.75,0.9,3,143,COMPLETE
9859,9859,19359.75,2023-11-15 11:57:49.174703,2023-11-15 11:57:50.004651,0 days 00:00:00.829948,0.30000000000000004,10,1.0,0.9,0,148,COMPLETE
9860,9860,18779.25,2023-11-15 11:57:50.007514,2023-11-15 11:57:50.861792,0 days 00:00:00.854278,0.2,10,0.25,0.9,5,145,COMPLETE
9861,9861,18917.5,2023-11-15 11:57:50.864986,2023-11-15 11:57:51.707566,0 days 00:00:00.842580,0.2,10,0.5,0.9,2,142,COMPLETE
9862,9862,18073.75,2023-11-15 11:57:51.711274,2023-11-15 11:57:52.541211,0 days 00:00:00.829937,0.1,10,0.75,0.8,4,131,COMPLETE
9863,9863,18969.25,2023-11-15 11:57:52.544915,2023-11-15 11:57:53.373351,0 days 00:00:00.828436,0.2,10,0.75,0.9,0,138,COMPLETE
9864,9864,19082.5,2023-11-15 11:57:53.376476,2023-11-15 11:57:54.239158,0 days 00:00:00.862682,0.2,10,0.75,0.9,2,150,COMPLETE
9865,9865,19262.25,2023-11-15 11:57:54.241950,2023-11-15 11:57:55.076281,0 days 00:00:00.834331,0.2,10,0.75,0.9,7,145,COMPLETE
9866,9866,18221.0,2023-11-15 11:57:55.079584,2023-11-15 11:57:55.923565,0 days 00:00:00.843981,0.1,20,0.75,0.9,50,147,COMPLETE
9867,9867,19166.0,2023-11-15 11:57:55.926610,2023-11-15 11:57:56.749986,0 days 00:00:00.823376,0.2,10,1.25,0.9,2,140,COMPLETE
9868,9868,19050.0,2023-11-15 11:57:56.753213,2023-11-15 11:57:57.589922,0 days 00:00:00.836709,0.2,10,1.0,0.9,5,143,COMPLETE
9869,9869,0.0,2023-11-15 11:57:57.593953,2023-11-15 11:57:58.462746,0 days 00:00:00.868793,0.2,10,0.75,0.9,0,30,COMPLETE
9870,9870,19106.5,2023-11-15 11:57:58.465640,2023-11-15 11:57:59.285461,0 days 00:00:00.819821,0.1,10,0.75,0.9,3,150,COMPLETE
9871,9871,19359.75,2023-11-15 11:57:59.288316,2023-11-15 11:58:00.119592,0 days 00:00:00.831276,0.2,10,0.75,0.4,0,145,COMPLETE
9872,9872,16937.25,2023-11-15 11:58:00.122503,2023-11-15 11:58:00.965867,0 days 00:00:00.843364,0.2,40,0.75,0.9,4,148,COMPLETE
9873,9873,15143.25,2023-11-15 11:58:00.968658,2023-11-15 11:58:01.835293,0 days 00:00:00.866635,0.2,10,1.0,0.7000000000000001,10,141,COMPLETE
9874,9874,19314.5,2023-11-15 11:58:01.838200,2023-11-15 11:58:02.667760,0 days 00:00:00.829560,0.1,10,0.75,0.9,2,145,COMPLETE
9875,9875,19161.25,2023-11-15 11:58:02.670644,2023-11-15 11:58:03.494826,0 days 00:00:00.824182,0.2,10,0.75,0.9,7,137,COMPLETE
9876,9876,18554.5,2023-11-15 11:58:03.497799,2023-11-15 11:58:04.357464,0 days 00:00:00.859665,0.2,20,0.75,0.9,0,147,COMPLETE
9877,9877,15988.75,2023-11-15 11:58:04.360747,2023-11-15 11:58:05.205661,0 days 00:00:00.844914,0.30000000000000004,10,0.75,0.2,2,143,COMPLETE
9878,9878,16903.25,2023-11-15 11:58:05.208613,2023-11-15 11:58:06.050859,0 days 00:00:00.842246,0.2,10,0.25,0.9,5,59,COMPLETE
9879,9879,18872.5,2023-11-15 11:58:06.053701,2023-11-15 11:58:06.878714,0 days 00:00:00.825013,0.2,10,1.25,0.8,2,140,COMPLETE
9880,9880,19028.0,2023-11-15 11:58:06.881888,2023-11-15 11:58:07.720543,0 days 00:00:00.838655,0.30000000000000004,10,0.75,0.9,4,150,COMPLETE
9881,9881,19161.25,2023-11-15 11:58:07.723412,2023-11-15 11:58:08.555823,0 days 00:00:00.832411,0.2,10,0.5,0.9,0,125,COMPLETE
9882,9882,14748.0,2023-11-15 11:58:08.558749,2023-11-15 11:58:09.412125,0 days 00:00:00.853376,0.1,70,1.0,0.8,6,143,COMPLETE
9883,9883,19261.0,2023-11-15 11:58:09.415056,2023-11-15 11:58:10.238312,0 days 00:00:00.823256,0.2,10,0.75,0.9,2,147,COMPLETE
9884,9884,19161.25,2023-11-15 11:58:10.241478,2023-11-15 11:58:11.086664,0 days 00:00:00.845186,0.2,10,0.75,0.9,0,67,COMPLETE
9885,9885,18880.0,2023-11-15 11:58:11.089516,2023-11-15 11:58:11.939662,0 days 00:00:00.850146,0.1,10,0.75,0.9,16,145,COMPLETE
9886,9886,18874.0,2023-11-15 11:58:11.942499,2023-11-15 11:58:12.772508,0 days 00:00:00.830009,0.2,10,1.0,0.9,8,135,COMPLETE
9887,9887,17640.75,2023-11-15 11:58:12.775393,2023-11-15 11:58:13.625965,0 days 00:00:00.850572,0.2,10,0.5,0.7000000000000001,4,139,COMPLETE
9888,9888,19201.25,2023-11-15 11:58:13.629448,2023-11-15 11:58:14.469346,0 days 00:00:00.839898,0.2,10,0.75,0.9,2,148,COMPLETE
9889,9889,19261.0,2023-11-15 11:58:14.472395,2023-11-15 11:58:15.301698,0 days 00:00:00.829303,0.2,10,0.75,0.6,0,143,COMPLETE
9890,9890,19110.25,2023-11-15 11:58:15.304508,2023-11-15 11:58:16.135163,0 days 00:00:00.830655,0.1,10,0.75,0.9,4,150,COMPLETE
9891,9891,18398.5,2023-11-15 11:58:16.138141,2023-11-15 11:58:16.981624,0 days 00:00:00.843483,0.2,20,1.25,0.9,6,145,COMPLETE
9892,9892,11266.0,2023-11-15 11:58:16.984652,2023-11-15 11:58:17.911063,0 days 00:00:00.926411,0.6,10,0.75,0.30000000000000004,13,140,COMPLETE
9893,9893,12541.75,2023-11-15 11:58:17.914327,2023-11-15 11:58:18.809286,0 days 00:00:00.894959,0.2,10,0.75,0.5,2,147,COMPLETE
9894,9894,19082.25,2023-11-15 11:58:18.812735,2023-11-15 11:58:19.654898,0 days 00:00:00.842163,0.5,10,0.75,0.9,0,142,COMPLETE
9895,9895,19221.0,2023-11-15 11:58:19.657878,2023-11-15 11:58:20.496920,0 days 00:00:00.839042,0.2,10,1.0,0.9,3,145,COMPLETE
9896,9896,19270.0,2023-11-15 11:58:20.500234,2023-11-15 11:58:21.343806,0 days 00:00:00.843572,0.1,10,1.25,0.9,2,148,COMPLETE
9897,9897,18394.75,2023-11-15 11:58:21.347286,2023-11-15 11:58:22.189349,0 days 00:00:00.842063,0.30000000000000004,20,0.75,0.8,5,143,COMPLETE
9898,9898,19163.75,2023-11-15 11:58:22.192471,2023-11-15 11:58:23.039269,0 days 00:00:00.846798,0.2,10,0.75,0.9,0,150,COMPLETE
9899,9899,6295.0,2023-11-15 11:58:23.042303,2023-11-15 11:58:24.003011,0 days 00:00:00.960708,0.2,10,0.75,0.4,8,139,COMPLETE
9900,9900,19261.0,2023-11-15 11:58:24.005824,2023-11-15 11:58:24.879842,0 days 00:00:00.874018,0.2,10,0.75,0.9,3,147,COMPLETE
9901,9901,19261.0,2023-11-15 11:58:24.883045,2023-11-15 11:58:25.714541,0 days 00:00:00.831496,0.2,10,0.5,0.9,0,143,COMPLETE
9902,9902,19263.25,2023-11-15 11:58:25.717399,2023-11-15 11:58:26.566286,0 days 00:00:00.848887,0.1,10,1.0,0.9,4,145,COMPLETE
9903,9903,18874.0,2023-11-15 11:58:26.569353,2023-11-15 11:58:27.437854,0 days 00:00:00.868501,0.8,10,1.5,0.9,2,141,COMPLETE
9904,9904,18683.75,2023-11-15 11:58:27.440792,2023-11-15 11:58:28.267902,0 days 00:00:00.827110,0.2,10,0.75,0.9,6,82,COMPLETE
9905,9905,19161.25,2023-11-15 11:58:28.270692,2023-11-15 11:58:29.097305,0 days 00:00:00.826613,0.2,10,0.75,0.8,0,137,COMPLETE
9906,9906,18584.75,2023-11-15 11:58:29.100247,2023-11-15 11:58:29.927851,0 days 00:00:00.827604,0.1,20,0.75,0.9,2,147,COMPLETE
9907,9907,18957.5,2023-11-15 11:58:29.931311,2023-11-15 11:58:30.816331,0 days 00:00:00.885020,0.2,10,0.25,0.9,4,150,COMPLETE
9908,9908,19068.0,2023-11-15 11:58:30.819197,2023-11-15 11:58:31.651379,0 days 00:00:00.832182,0.2,10,0.75,0.9,9,145,COMPLETE
9909,9909,19261.0,2023-11-15 11:58:31.654175,2023-11-15 11:58:32.480086,0 days 00:00:00.825911,0.2,10,0.75,0.9,0,142,COMPLETE
9910,9910,15354.25,2023-11-15 11:58:32.483663,2023-11-15 11:58:33.370765,0 days 00:00:00.887102,0.7000000000000001,10,0.75,0.9,2,147,COMPLETE
9911,9911,19163.75,2023-11-15 11:58:33.373644,2023-11-15 11:58:34.235299,0 days 00:00:00.861655,0.2,10,0.5,0.9,5,140,COMPLETE
9912,9912,15838.75,2023-11-15 11:58:34.238282,2023-11-15 11:58:35.077360,0 days 00:00:00.839078,0.1,60,1.0,0.9,2,145,COMPLETE
9913,9913,16665.5,2023-11-15 11:58:35.080858,2023-11-15 11:58:35.928167,0 days 00:00:00.847309,0.30000000000000004,10,1.25,0.6,11,148,COMPLETE
9914,9914,19065.25,2023-11-15 11:58:35.931332,2023-11-15 11:58:36.774887,0 days 00:00:00.843555,0.2,10,0.75,0.9,0,112,COMPLETE
9915,9915,18967.25,2023-11-15 11:58:36.778381,2023-11-15 11:58:37.634656,0 days 00:00:00.856275,0.2,10,0.75,0.8,6,135,COMPLETE
9916,9916,18394.75,2023-11-15 11:58:37.637435,2023-11-15 11:58:38.473068,0 days 00:00:00.835633,0.4,20,0.75,0.9,3,143,COMPLETE
9917,9917,17366.0,2023-11-15 11:58:38.475856,2023-11-15 11:58:39.330576,0 days 00:00:00.854720,0.2,10,0.75,0.9,70,150,COMPLETE
9918,9918,18482.25,2023-11-15 11:58:39.333351,2023-11-15 11:58:40.208147,0 days 00:00:00.874796,0.2,10,1.0,0.9,60,145,COMPLETE
9919,9919,18838.0,2023-11-15 11:58:40.211684,2023-11-15 11:58:41.053166,0 days 00:00:00.841482,0.1,10,0.75,0.9,4,139,COMPLETE
9920,9920,19261.0,2023-11-15 11:58:41.056141,2023-11-15 11:58:41.920760,0 days 00:00:00.864619,0.2,10,0.75,0.9,0,142,COMPLETE
9921,9921,19261.0,2023-11-15 11:58:41.923553,2023-11-15 11:58:42.779376,0 days 00:00:00.855823,0.2,10,0.75,0.9,2,147,COMPLETE
9922,9922,18417.5,2023-11-15 11:58:42.782379,2023-11-15 11:58:43.633851,0 days 00:00:00.851472,0.1,10,1.25,0.8,7,150,COMPLETE
9923,9923,19292.25,2023-11-15 11:58:43.636722,2023-11-15 11:58:44.486043,0 days 00:00:00.849321,0.2,10,0.75,0.9,2,145,COMPLETE
9924,9924,17821.5,2023-11-15 11:58:44.489004,2023-11-15 11:58:45.375964,0 days 00:00:00.886960,0.30000000000000004,10,0.5,0.9,0,138,COMPLETE
9925,9925,19050.0,2023-11-15 11:58:45.379359,2023-11-15 11:58:46.207680,0 days 00:00:00.828321,0.2,10,1.0,0.9,4,143,COMPLETE
9926,9926,18554.5,2023-11-15 11:58:46.210686,2023-11-15 11:58:47.048699,0 days 00:00:00.838013,0.2,20,0.75,0.9,2,147,COMPLETE
9927,9927,18886.0,2023-11-15 11:58:47.051637,2023-11-15 11:58:47.891342,0 days 00:00:00.839705,0.1,10,0.75,0.7000000000000001,6,141,COMPLETE
9928,9928,19240.5,2023-11-15 11:58:47.894734,2023-11-15 11:58:48.757180,0 days 00:00:00.862446,0.2,10,0.25,0.9,0,147,COMPLETE
9929,9929,19111.25,2023-11-15 11:58:48.760610,2023-11-15 11:58:49.594742,0 days 00:00:00.834132,0.2,10,0.75,0.9,4,150,COMPLETE
9930,9930,15520.25,2023-11-15 11:58:49.598477,2023-11-15 11:58:50.465485,0 days 00:00:00.867008,0.2,10,0.75,0.5,2,144,COMPLETE
9931,9931,18904.75,2023-11-15 11:58:50.468505,2023-11-15 11:58:51.303887,0 days 00:00:00.835382,0.2,10,0.75,0.8,8,137,COMPLETE
9932,9932,19171.5,2023-11-15 11:58:51.306684,2023-11-15 11:58:52.151456,0 days 00:00:00.844772,0.2,10,0.75,0.9,0,141,COMPLETE
9933,9933,10698.0,2023-11-15 11:58:52.154659,2023-11-15 11:58:53.073565,0 days 00:00:00.918906,0.5,10,1.0,0.2,4,145,COMPLETE
9934,9934,19190.25,2023-11-15 11:58:53.076717,2023-11-15 11:58:53.921057,0 days 00:00:00.844340,0.1,10,0.5,0.9,2,147,COMPLETE
9935,9935,15973.75,2023-11-15 11:58:53.923860,2023-11-15 11:58:54.803769,0 days 00:00:00.879909,0.9,20,0.75,0.9,6,142,COMPLETE
9936,9936,19163.5,2023-11-15 11:58:54.806619,2023-11-15 11:58:55.651718,0 days 00:00:00.845099,0.30000000000000004,10,1.25,0.9,0,150,COMPLETE
9937,9937,19313.25,2023-11-15 11:58:55.654646,2023-11-15 11:58:56.487774,0 days 00:00:00.833128,0.2,10,0.75,0.9,3,145,COMPLETE
9938,9938,19067.0,2023-11-15 11:58:56.490794,2023-11-15 11:58:57.326624,0 days 00:00:00.835830,0.2,10,0.75,0.9,2,134,COMPLETE
9939,9939,18818.25,2023-11-15 11:58:57.330156,2023-11-15 11:58:58.174236,0 days 00:00:00.844080,0.1,10,0.75,0.9,5,139,COMPLETE
9940,9940,19261.0,2023-11-15 11:58:58.177406,2023-11-15 11:58:59.017799,0 days 00:00:00.840393,0.2,10,1.0,0.30000000000000004,0,147,COMPLETE
9941,9941,18514.5,2023-11-15 11:58:59.020999,2023-11-15 11:58:59.875395,0 days 00:00:00.854396,0.2,10,0.75,0.9,38,144,COMPLETE
9942,9942,11386.75,2023-11-15 11:58:59.879147,2023-11-15 11:59:00.783649,0 days 00:00:00.904502,0.2,10,0.75,0.1,2,142,COMPLETE
9943,9943,19270.75,2023-11-15 11:59:00.786467,2023-11-15 11:59:01.621044,0 days 00:00:00.834577,0.2,10,1.25,0.9,4,148,COMPLETE
9944,9944,11842.25,2023-11-15 11:59:01.623985,2023-11-15 11:59:02.527944,0 days 00:00:00.903959,0.1,20,1.0,0.6,10,150,COMPLETE
9945,9945,16019.0,2023-11-15 11:59:02.530762,2023-11-15 11:59:03.394242,0 days 00:00:00.863480,0.2,50,0.75,0.4,0,96,COMPLETE
9946,9946,18946.25,2023-11-15 11:59:03.397732,2023-11-15 11:59:04.257340,0 days 00:00:00.859608,0.1,10,0.75,0.8,2,145,COMPLETE
9947,9947,19066.25,2023-11-15 11:59:04.260524,2023-11-15 11:59:05.104266,0 days 00:00:00.843742,0.2,10,0.75,0.9,5,140,COMPLETE
9948,9948,18927.5,2023-11-15 11:59:05.107249,2023-11-15 11:59:05.947396,0 days 00:00:00.840147,0.2,10,0.5,0.9,7,147,COMPLETE
9949,9949,19261.0,2023-11-15 11:59:05.950557,2023-11-15 11:59:06.790019,0 days 00:00:00.839462,0.2,10,0.75,0.9,0,143,COMPLETE
9950,9950,16272.75,2023-11-15 11:59:06.793197,2023-11-15 11:59:07.653399,0 days 00:00:00.860202,0.30000000000000004,10,0.75,0.5,3,137,COMPLETE
9951,9951,19261.0,2023-11-15 11:59:07.656275,2023-11-15 11:59:08.481544,0 days 00:00:00.825269,0.2,10,0.75,0.9,2,147,COMPLETE
9952,9952,19261.0,2023-11-15 11:59:08.484862,2023-11-15 11:59:09.314168,0 days 00:00:00.829306,0.2,10,1.25,0.9,0,143,COMPLETE
9953,9953,13629.5,2023-11-15 11:59:09.316937,2023-11-15 11:59:10.217797,0 days 00:00:00.900860,0.1,10,0.75,0.8,32,150,COMPLETE
9954,9954,18036.75,2023-11-15 11:59:10.220724,2023-11-15 11:59:11.083112,0 days 00:00:00.862388,0.4,20,0.5,0.9,4,140,COMPLETE
9955,9955,19328.25,2023-11-15 11:59:11.085966,2023-11-15 11:59:11.928550,0 days 00:00:00.842584,0.2,10,1.0,0.9,6,145,COMPLETE
9956,9956,16658.5,2023-11-15 11:59:11.931473,2023-11-15 11:59:12.789071,0 days 00:00:00.857598,0.2,40,0.25,0.9,2,130,COMPLETE
9957,9957,19261.0,2023-11-15 11:59:12.792051,2023-11-15 11:59:13.650319,0 days 00:00:00.858268,0.2,10,0.75,0.9,8,147,COMPLETE
9958,9958,19197.5,2023-11-15 11:59:13.653316,2023-11-15 11:59:14.527682,0 days 00:00:00.874366,0.1,10,0.75,0.9,0,143,COMPLETE
9959,9959,19261.0,2023-11-15 11:59:14.530823,2023-11-15 11:59:15.362893,0 days 00:00:00.832070,0.2,10,0.75,0.9,4,147,COMPLETE
9960,9960,19242.25,2023-11-15 11:59:15.365821,2023-11-15 11:59:16.201483,0 days 00:00:00.835662,0.2,10,1.5,0.9,2,140,COMPLETE
9961,9961,14823.25,2023-11-15 11:59:16.204421,2023-11-15 11:59:17.086467,0 days 00:00:00.882046,0.30000000000000004,30,1.0,0.7000000000000001,57,150,COMPLETE
9962,9962,19359.75,2023-11-15 11:59:17.089375,2023-11-15 11:59:17.917120,0 days 00:00:00.827745,0.2,10,0.75,0.9,0,145,COMPLETE
9963,9963,19051.5,2023-11-15 11:59:17.920110,2023-11-15 11:59:18.755203,0 days 00:00:00.835093,0.1,10,0.75,0.9,4,142,COMPLETE
9964,9964,13233.5,2023-11-15 11:59:18.758112,2023-11-15 11:59:19.652292,0 days 00:00:00.894180,0.2,10,0.75,0.5,2,138,COMPLETE
9965,9965,19001.5,2023-11-15 11:59:19.655574,2023-11-15 11:59:20.512237,0 days 00:00:00.856663,0.2,10,1.25,0.9,6,147,COMPLETE
9966,9966,18202.75,2023-11-15 11:59:20.515249,2023-11-15 11:59:21.363677,0 days 00:00:00.848428,0.2,20,0.75,0.9,0,144,COMPLETE
9967,9967,19296.75,2023-11-15 11:59:21.366932,2023-11-15 11:59:22.202384,0 days 00:00:00.835452,0.2,10,0.75,0.8,2,148,COMPLETE
9968,9968,12923.25,2023-11-15 11:59:22.205227,2023-11-15 11:59:23.078118,0 days 00:00:00.872891,0.2,100,0.75,0.9,4,142,COMPLETE
9969,9969,18782.5,2023-11-15 11:59:23.081500,2023-11-15 11:59:23.924824,0 days 00:00:00.843324,0.1,10,1.0,0.9,9,136,COMPLETE
9970,9970,18968.0,2023-11-15 11:59:23.928422,2023-11-15 11:59:24.808958,0 days 00:00:00.880536,0.2,10,0.5,0.9,0,150,COMPLETE
9971,9971,18498.75,2023-11-15 11:59:24.812574,2023-11-15 11:59:25.657961,0 days 00:00:00.845387,0.2,10,0.75,0.6,2,145,COMPLETE
9972,9972,18983.75,2023-11-15 11:59:25.661582,2023-11-15 11:59:26.562626,0 days 00:00:00.901044,0.2,10,0.75,0.9,6,117,COMPLETE
9973,9973,18972.0,2023-11-15 11:59:26.565677,2023-11-15 11:59:27.443364,0 days 00:00:00.877687,0.1,10,0.75,0.9,4,141,COMPLETE
9974,9974,18392.25,2023-11-15 11:59:27.446662,2023-11-15 11:59:28.321965,0 days 00:00:00.875303,0.2,20,0.75,0.4,0,71,COMPLETE
9975,9975,18829.5,2023-11-15 11:59:28.324963,2023-11-15 11:59:29.221476,0 days 00:00:00.896513,0.2,10,0.75,0.8,2,145,COMPLETE
9976,9976,18948.0,2023-11-15 11:59:29.224581,2023-11-15 11:59:30.111686,0 days 00:00:00.887105,0.30000000000000004,10,1.0,0.7000000000000001,3,148,COMPLETE
9977,9977,19261.0,2023-11-15 11:59:30.114797,2023-11-15 11:59:30.999604,0 days 00:00:00.884807,0.2,10,0.5,0.9,0,143,COMPLETE
9978,9978,18434.75,2023-11-15 11:59:31.002431,2023-11-15 11:59:31.858447,0 days 00:00:00.856016,0.1,10,0.25,0.9,6,139,COMPLETE
9979,9979,19111.25,2023-11-15 11:59:31.862160,2023-11-15 11:59:32.695795,0 days 00:00:00.833635,0.2,10,0.75,0.9,4,150,COMPLETE
9980,9980,14655.5,2023-11-15 11:59:32.698739,2023-11-15 11:59:33.584699,0 days 00:00:00.885960,0.2,10,0.75,0.9,80,145,COMPLETE
9981,9981,13602.0,2023-11-15 11:59:33.587562,2023-11-15 11:59:34.492389,0 days 00:00:00.904827,0.1,90,1.25,0.9,2,147,COMPLETE
9982,9982,18740.5,2023-11-15 11:59:34.495935,2023-11-15 11:59:35.335757,0 days 00:00:00.839822,0.2,10,0.75,0.9,8,134,COMPLETE
9983,9983,19163.75,2023-11-15 11:59:35.338656,2023-11-15 11:59:36.168502,0 days 00:00:00.829846,0.30000000000000004,10,1.0,0.9,0,141,COMPLETE
9984,9984,18588.25,2023-11-15 11:59:36.171471,2023-11-15 11:59:37.035499,0 days 00:00:00.864028,0.2,20,0.75,0.9,2,145,COMPLETE
9985,9985,19136.5,2023-11-15 11:59:37.038505,2023-11-15 11:59:37.904695,0 days 00:00:00.866190,0.2,10,0.75,0.9,4,148,COMPLETE
9986,9986,19261.0,2023-11-15 11:59:37.907553,2023-11-15 11:59:38.767523,0 days 00:00:00.859970,0.2,10,0.75,0.8,0,143,COMPLETE
9987,9987,18818.25,2023-11-15 11:59:38.770722,2023-11-15 11:59:39.635263,0 days 00:00:00.864541,0.2,10,0.75,0.9,6,139,COMPLETE
9988,9988,19067.0,2023-11-15 11:59:39.638078,2023-11-15 11:59:40.706371,0 days 00:00:01.068293,0.1,10,1.25,0.9,2,150,COMPLETE
9989,9989,19359.75,2023-11-15 11:59:40.728247,2023-11-15 11:59:41.842793,0 days 00:00:01.114546,0.2,10,0.75,0.9,4,145,COMPLETE
9990,9990,19163.75,2023-11-15 11:59:41.846728,2023-11-15 11:59:42.858326,0 days 00:00:01.011598,0.2,10,1.75,0.9,12,147,COMPLETE
9991,9991,19216.5,2023-11-15 11:59:42.862058,2023-11-15 11:59:43.721367,0 days 00:00:00.859309,0.1,10,1.0,0.9,0,142,COMPLETE
9992,9992,19161.25,2023-11-15 11:59:43.724289,2023-11-15 11:59:44.584157,0 days 00:00:00.859868,0.2,10,0.75,0.9,2,137,COMPLETE
9993,9993,19261.0,2023-11-15 11:59:44.587071,2023-11-15 11:59:45.427209,0 days 00:00:00.840138,0.2,10,0.75,0.8,5,147,COMPLETE
9994,9994,18394.75,2023-11-15 11:59:45.430726,2023-11-15 11:59:46.293766,0 days 00:00:00.863040,0.2,20,0.75,0.9,2,143,COMPLETE
9995,9995,16254.75,2023-11-15 11:59:46.297105,2023-11-15 11:59:47.180096,0 days 00:00:00.882991,0.8,10,1.0,0.9,8,150,COMPLETE
9996,9996,18695.0,2023-11-15 11:59:47.182956,2023-11-15 11:59:48.030603,0 days 00:00:00.847647,0.1,10,0.5,0.9,42,140,COMPLETE
9997,9997,15302.5,2023-11-15 11:59:48.033838,2023-11-15 11:59:48.892633,0 days 00:00:00.858795,0.2,70,0.75,0.9,0,145,COMPLETE
9998,9998,18992.75,2023-11-15 11:59:48.896085,2023-11-15 11:59:49.762920,0 days 00:00:00.866835,0.2,10,0.75,0.9,4,143,COMPLETE
9999,9999,19004.0,2023-11-15 11:59:49.765900,2023-11-15 11:59:50.634787,0 days 00:00:00.868887,0.30000000000000004,10,0.75,0.8,2,145,COMPLETE
