,number,value,datetime_start,datetime_complete,duration,params_alpha,params_decay_interval,params_decay_rate,params_gamma,params_initialization,params_max_steps,state
4961,4961,18122.5,2023-11-15 12:20:35.033480,2023-11-15 12:20:35.451953,0 days 00:00:00.418473,0.8,10,3.0,0.9,21,72,COMPLETE
4962,4962,18011.5,2023-11-15 12:20:35.454093,2023-11-15 12:20:35.881791,0 days 00:00:00.427698,0.8,10,2.75,0.8,24,67,COMPLETE
4963,4963,17194.5,2023-11-15 12:20:35.883695,2023-11-15 12:20:36.325470,0 days 00:00:00.441775,0.9,10,3.0,0.9,18,64,COMPLETE
4964,4964,17920.75,2023-11-15 12:20:36.327270,2023-11-15 12:20:36.753241,0 days 00:00:00.425971,0.8,10,3.0,0.9,15,74,COMPLETE
4965,4965,17825.5,2023-11-15 12:20:36.755867,2023-11-15 12:20:37.176381,0 days 00:00:00.420514,0.8,10,3.0,0.9,26,70,COMPLETE
4966,4966,17549.75,2023-11-15 12:20:37.178175,2023-11-15 12:20:37.595681,0 days 00:00:00.417506,0.8,10,2.5,0.9,22,68,COMPLETE
4967,4967,15931.25,2023-11-15 12:20:37.597604,2023-11-15 12:20:38.039639,0 days 00:00:00.442035,0.8,20,2.75,0.9,20,78,COMPLETE
4968,4968,18122.5,2023-11-15 12:20:38.041554,2023-11-15 12:20:38.460585,0 days 00:00:00.419031,0.8,10,3.0,0.9,17,72,COMPLETE
4969,4969,18682.0,2023-11-15 12:20:38.462558,2023-11-15 12:20:38.878943,0 days 00:00:00.416385,0.8,10,3.0,0.9,19,75,COMPLETE
4970,4970,16719.5,2023-11-15 12:20:38.880804,2023-11-15 12:20:39.307614,0 days 00:00:00.426810,0.8,10,2.75,0.9,13,66,COMPLETE
4971,4971,19260.75,2023-11-15 12:20:39.309564,2023-11-15 12:20:39.723163,0 days 00:00:00.413599,0.8,10,3.0,0.8,23,71,COMPLETE
4972,4972,17277.25,2023-11-15 12:20:39.725441,2023-11-15 12:20:40.149664,0 days 00:00:00.424223,0.7000000000000001,10,3.0,0.9,45,84,COMPLETE
4973,4973,17547.25,2023-11-15 12:20:40.151582,2023-11-15 12:20:40.574184,0 days 00:00:00.422602,0.8,10,2.75,0.9,60,68,COMPLETE
4974,4974,13544.5,2023-11-15 12:20:40.576046,2023-11-15 12:20:41.015522,0 days 00:00:00.439476,0.8,60,3.0,0.6,16,62,COMPLETE
4975,4975,17920.75,2023-11-15 12:20:41.017578,2023-11-15 12:20:41.438318,0 days 00:00:00.420740,0.8,10,3.0,0.9,21,74,COMPLETE
4976,4976,18297.75,2023-11-15 12:20:41.440479,2023-11-15 12:20:41.860327,0 days 00:00:00.419848,0.8,10,2.25,0.9,25,70,COMPLETE
4977,4977,17109.5,2023-11-15 12:20:41.862198,2023-11-15 12:20:42.307719,0 days 00:00:00.445521,0.9,10,3.0,0.9,18,79,COMPLETE
4978,4978,16898.75,2023-11-15 12:20:42.309625,2023-11-15 12:20:42.734852,0 days 00:00:00.425227,0.8,20,2.75,0.9,28,76,COMPLETE
4979,4979,17654.5,2023-11-15 12:20:42.737060,2023-11-15 12:20:43.158283,0 days 00:00:00.421223,0.8,10,3.0,0.9,20,65,COMPLETE
4980,4980,18122.5,2023-11-15 12:20:43.160234,2023-11-15 12:20:43.581741,0 days 00:00:00.421507,0.8,10,3.0,0.9,15,72,COMPLETE
4981,4981,17115.5,2023-11-15 12:20:43.583633,2023-11-15 12:20:44.010256,0 days 00:00:00.426623,0.8,10,3.0,0.9,22,69,COMPLETE
4982,4982,17369.5,2023-11-15 12:20:44.012206,2023-11-15 12:20:44.431541,0 days 00:00:00.419335,0.8,10,3.0,0.9,12,73,COMPLETE
4983,4983,17547.25,2023-11-15 12:20:44.433447,2023-11-15 12:20:44.856755,0 days 00:00:00.423308,0.8,10,2.75,0.9,17,68,COMPLETE
4984,4984,18682.0,2023-11-15 12:20:44.858773,2023-11-15 12:20:45.275894,0 days 00:00:00.417121,0.8,10,3.0,0.9,30,75,COMPLETE
4985,4985,17191.75,2023-11-15 12:20:45.278059,2023-11-15 12:20:45.699644,0 days 00:00:00.421585,0.8,10,3.0,0.9,72,60,COMPLETE
4986,4986,16727.75,2023-11-15 12:20:45.701589,2023-11-15 12:20:46.125665,0 days 00:00:00.424076,0.8,10,2.75,0.8,96,66,COMPLETE
4987,4987,19260.75,2023-11-15 12:20:46.127529,2023-11-15 12:20:46.540088,0 days 00:00:00.412559,0.8,10,2.5,0.9,24,71,COMPLETE
4988,4988,17927.25,2023-11-15 12:20:46.542132,2023-11-15 12:20:46.963658,0 days 00:00:00.421526,0.5,10,3.0,0.9,19,79,COMPLETE
4989,4989,16617.75,2023-11-15 12:20:46.965553,2023-11-15 12:20:47.392322,0 days 00:00:00.426769,0.8,20,3.0,0.9,21,69,COMPLETE
4990,4990,15874.25,2023-11-15 12:20:47.394339,2023-11-15 12:20:47.824522,0 days 00:00:00.430183,0.30000000000000004,10,3.0,0.9,14,64,COMPLETE
4991,4991,18872.25,2023-11-15 12:20:47.826393,2023-11-15 12:20:48.265705,0 days 00:00:00.439312,0.7000000000000001,10,3.0,0.9,17,73,COMPLETE
4992,4992,18305.0,2023-11-15 12:20:48.267648,2023-11-15 12:20:48.688787,0 days 00:00:00.421139,0.9,10,2.75,0.9,23,77,COMPLETE
4993,4993,12823.25,2023-11-15 12:20:48.690996,2023-11-15 12:20:49.143563,0 days 00:00:00.452567,0.8,70,3.0,0.9,26,71,COMPLETE
4994,4994,17917.0,2023-11-15 12:20:49.145557,2023-11-15 12:20:49.571942,0 days 00:00:00.426385,0.8,10,3.0,0.9,19,67,COMPLETE
4995,4995,17920.75,2023-11-15 12:20:49.573941,2023-11-15 12:20:50.000065,0 days 00:00:00.426124,0.8,10,3.0,0.9,16,74,COMPLETE
4996,4996,17200.5,2023-11-15 12:20:50.001870,2023-11-15 12:20:50.432873,0 days 00:00:00.431003,0.8,10,2.75,0.4,21,69,COMPLETE
4997,4997,16711.25,2023-11-15 12:20:50.434893,2023-11-15 12:20:50.866344,0 days 00:00:00.431451,0.8,10,3.0,0.9,42,62,COMPLETE
4998,4998,17284.5,2023-11-15 12:20:50.868211,2023-11-15 12:20:51.297323,0 days 00:00:00.429112,0.8,10,3.0,0.8,19,76,COMPLETE
4999,4999,18493.25,2023-11-15 12:20:51.299213,2023-11-15 12:20:51.718567,0 days 00:00:00.419354,0.8,10,2.5,0.9,14,72,COMPLETE
5000,5000,17917.0,2023-11-15 12:20:51.720782,2023-11-15 12:20:52.145368,0 days 00:00:00.424586,0.8,10,3.0,0.9,22,67,COMPLETE
5001,5001,13426.5,2023-11-15 12:20:52.147236,2023-11-15 12:20:52.596808,0 days 00:00:00.449572,0.9,80,2.75,0.9,17,70,COMPLETE
5002,5002,16827.5,2023-11-15 12:20:52.598771,2023-11-15 12:20:53.040437,0 days 00:00:00.441666,0.8,20,3.0,0.9,25,80,COMPLETE
5003,5003,17920.75,2023-11-15 12:20:53.042343,2023-11-15 12:20:53.467589,0 days 00:00:00.425246,0.8,10,3.0,0.9,20,74,COMPLETE
5004,5004,17014.0,2023-11-15 12:20:53.469411,2023-11-15 12:20:53.899737,0 days 00:00:00.430326,0.8,10,3.0,0.9,23,64,COMPLETE
5005,5005,17850.75,2023-11-15 12:20:53.901661,2023-11-15 12:20:54.347620,0 days 00:00:00.445959,0.8,10,2.75,0.30000000000000004,12,72,COMPLETE
5006,5006,17842.25,2023-11-15 12:20:54.349633,2023-11-15 12:20:54.777724,0 days 00:00:00.428091,0.7000000000000001,10,3.0,0.9,9,77,COMPLETE
5007,5007,17841.0,2023-11-15 12:20:54.779527,2023-11-15 12:20:55.211871,0 days 00:00:00.432344,0.4,10,3.0,0.9,18,93,COMPLETE
5008,5008,17382.25,2023-11-15 12:20:55.213790,2023-11-15 12:20:55.639951,0 days 00:00:00.426161,0.8,10,2.25,0.9,16,69,COMPLETE
5009,5009,17180.75,2023-11-15 12:20:55.641882,2023-11-15 12:20:56.063289,0 days 00:00:00.421407,0.8,10,3.0,0.9,27,44,COMPLETE
5010,5010,16719.5,2023-11-15 12:20:56.065275,2023-11-15 12:20:56.490868,0 days 00:00:00.425593,0.8,10,2.75,0.9,20,66,COMPLETE
5011,5011,17190.0,2023-11-15 12:20:56.492830,2023-11-15 12:20:56.928579,0 days 00:00:00.435749,0.8,20,3.0,0.9,24,75,COMPLETE
5012,5012,19260.75,2023-11-15 12:20:56.930388,2023-11-15 12:20:57.350235,0 days 00:00:00.419847,0.8,10,3.0,0.8,15,71,COMPLETE
5013,5013,17644.0,2023-11-15 12:20:57.352095,2023-11-15 12:20:57.781621,0 days 00:00:00.429526,0.8,10,3.0,0.9,22,82,COMPLETE
5014,5014,17547.25,2023-11-15 12:20:57.783544,2023-11-15 12:20:58.207489,0 days 00:00:00.423945,0.8,10,2.75,0.9,19,68,COMPLETE
5015,5015,18682.0,2023-11-15 12:20:58.209556,2023-11-15 12:20:58.629965,0 days 00:00:00.420409,0.8,10,3.0,0.9,18,75,COMPLETE
5016,5016,18122.5,2023-11-15 12:20:58.631799,2023-11-15 12:20:59.058393,0 days 00:00:00.426594,0.8,10,3.0,0.9,16,72,COMPLETE
5017,5017,17014.0,2023-11-15 12:20:59.060612,2023-11-15 12:20:59.490615,0 days 00:00:00.430003,0.8,10,2.75,0.9,22,64,COMPLETE
5018,5018,16708.0,2023-11-15 12:20:59.492765,2023-11-15 12:20:59.918450,0 days 00:00:00.425685,0.7000000000000001,20,2.5,0.9,14,69,COMPLETE
5019,5019,17730.25,2023-11-15 12:20:59.920712,2023-11-15 12:21:00.366413,0 days 00:00:00.445701,0.9,10,3.0,0.9,20,59,COMPLETE
5020,5020,17369.5,2023-11-15 12:21:00.368333,2023-11-15 12:21:00.795021,0 days 00:00:00.426688,0.8,10,3.0,0.9,24,73,COMPLETE
5021,5021,16719.5,2023-11-15 12:21:00.796908,2023-11-15 12:21:01.221155,0 days 00:00:00.424247,0.8,10,2.75,0.9,17,66,COMPLETE
5022,5022,10721.5,2023-11-15 12:21:01.223184,2023-11-15 12:21:01.707906,0 days 00:00:00.484722,0.8,90,0.25,0.9,21,78,COMPLETE
5023,5023,17825.5,2023-11-15 12:21:01.709854,2023-11-15 12:21:02.132532,0 days 00:00:00.422678,0.8,10,3.0,0.9,26,70,COMPLETE
5024,5024,18682.0,2023-11-15 12:21:02.134535,2023-11-15 12:21:02.556745,0 days 00:00:00.422210,0.8,10,3.0,0.9,11,75,COMPLETE
5025,5025,17931.25,2023-11-15 12:21:02.558788,2023-11-15 12:21:02.979417,0 days 00:00:00.420629,0.8,10,3.0,0.8,18,72,COMPLETE
5026,5026,17917.0,2023-11-15 12:21:02.981263,2023-11-15 12:21:03.403556,0 days 00:00:00.422293,0.8,10,3.0,0.9,13,67,COMPLETE
5027,5027,16543.25,2023-11-15 12:21:03.406105,2023-11-15 12:21:03.840307,0 days 00:00:00.434202,0.8,10,2.75,0.9,20,63,COMPLETE
5028,5028,16617.75,2023-11-15 12:21:03.842246,2023-11-15 12:21:04.266569,0 days 00:00:00.424323,0.8,20,3.0,0.9,23,69,COMPLETE
5029,5029,18198.75,2023-11-15 12:21:04.268455,2023-11-15 12:21:04.695205,0 days 00:00:00.426750,0.8,10,3.0,0.9,16,116,COMPLETE
5030,5030,18304.25,2023-11-15 12:21:04.697105,2023-11-15 12:21:05.130193,0 days 00:00:00.433088,0.9,10,2.75,0.9,28,77,COMPLETE
5031,5031,17188.25,2023-11-15 12:21:05.132001,2023-11-15 12:21:05.558198,0 days 00:00:00.426197,0.8,10,3.0,0.9,18,73,COMPLETE
5032,5032,17826.25,2023-11-15 12:21:05.560218,2023-11-15 12:21:05.983926,0 days 00:00:00.423708,0.8,10,2.5,0.9,21,70,COMPLETE
5033,5033,17833.0,2023-11-15 12:21:05.985739,2023-11-15 12:21:06.409987,0 days 00:00:00.424248,0.8,10,3.0,0.9,25,80,COMPLETE
5034,5034,17080.5,2023-11-15 12:21:06.412030,2023-11-15 12:21:06.842967,0 days 00:00:00.430937,0.7000000000000001,10,3.0,0.9,15,66,COMPLETE
5035,5035,17920.75,2023-11-15 12:21:06.845108,2023-11-15 12:21:07.267297,0 days 00:00:00.422189,0.8,10,3.0,0.9,19,74,COMPLETE
5036,5036,15929.0,2023-11-15 12:21:07.269157,2023-11-15 12:21:07.720269,0 days 00:00:00.451112,0.8,30,3.0,0.9,23,71,COMPLETE
5037,5037,17196.25,2023-11-15 12:21:07.722740,2023-11-15 12:21:08.175307,0 days 00:00:00.452567,0.8,10,2.75,0.9,21,76,COMPLETE
5038,5038,16168.5,2023-11-15 12:21:08.177129,2023-11-15 12:21:08.610266,0 days 00:00:00.433137,0.8,20,3.0,0.8,17,68,COMPLETE
5039,5039,18215.25,2023-11-15 12:21:08.612218,2023-11-15 12:21:09.039552,0 days 00:00:00.427334,0.8,10,2.75,0.9,13,72,COMPLETE
5040,5040,10433.5,2023-11-15 12:21:09.041613,2023-11-15 12:21:09.490880,0 days 00:00:00.449267,0.8,100,3.0,0.7000000000000001,19,61,COMPLETE
5041,5041,16719.5,2023-11-15 12:21:09.492909,2023-11-15 12:21:09.920297,0 days 00:00:00.427388,0.8,10,3.0,0.9,15,66,COMPLETE
5042,5042,17738.25,2023-11-15 12:21:09.922736,2023-11-15 12:21:10.349325,0 days 00:00:00.426589,0.6,10,3.0,0.9,22,74,COMPLETE
5043,5043,17825.5,2023-11-15 12:21:10.351400,2023-11-15 12:21:10.777795,0 days 00:00:00.426395,0.8,10,2.75,0.9,30,70,COMPLETE
5044,5044,17739.25,2023-11-15 12:21:10.779609,2023-11-15 12:21:11.225547,0 days 00:00:00.445938,0.8,10,3.0,0.9,25,104,COMPLETE
5045,5045,17109.5,2023-11-15 12:21:11.227479,2023-11-15 12:21:11.667313,0 days 00:00:00.439834,0.9,10,3.0,0.9,17,79,COMPLETE
5046,5046,16919.25,2023-11-15 12:21:11.669265,2023-11-15 12:21:12.097003,0 days 00:00:00.427738,0.7000000000000001,10,3.0,0.6,20,64,COMPLETE
5047,5047,17016.25,2023-11-15 12:21:12.098881,2023-11-15 12:21:12.530928,0 days 00:00:00.432047,0.8,10,3.0,0.9,23,76,COMPLETE
5048,5048,15484.5,2023-11-15 12:21:12.532818,2023-11-15 12:21:12.962411,0 days 00:00:00.429593,0.8,20,2.5,0.9,18,55,COMPLETE
5049,5049,17547.25,2023-11-15 12:21:12.964622,2023-11-15 12:21:13.392378,0 days 00:00:00.427756,0.8,10,2.75,0.9,15,68,COMPLETE
5050,5050,18122.5,2023-11-15 12:21:13.394493,2023-11-15 12:21:13.818450,0 days 00:00:00.423957,0.8,10,3.0,0.9,21,72,COMPLETE
5051,5051,17825.5,2023-11-15 12:21:13.820897,2023-11-15 12:21:14.246487,0 days 00:00:00.425590,0.8,10,3.0,0.9,13,70,COMPLETE
5052,5052,18018.25,2023-11-15 12:21:14.248653,2023-11-15 12:21:14.672539,0 days 00:00:00.423886,0.8,10,2.75,0.8,26,74,COMPLETE
5053,5053,16719.5,2023-11-15 12:21:14.674394,2023-11-15 12:21:15.104945,0 days 00:00:00.430551,0.8,10,3.0,0.9,20,66,COMPLETE
5054,5054,18121.5,2023-11-15 12:21:15.106803,2023-11-15 12:21:15.533538,0 days 00:00:00.426735,0.8,10,3.0,0.9,10,77,COMPLETE
5055,5055,17825.5,2023-11-15 12:21:15.535479,2023-11-15 12:21:15.962481,0 days 00:00:00.427002,0.8,10,3.0,0.9,17,70,COMPLETE
5056,5056,17369.5,2023-11-15 12:21:15.964444,2023-11-15 12:21:16.393597,0 days 00:00:00.429153,0.8,10,2.75,0.9,24,73,COMPLETE
5057,5057,17547.25,2023-11-15 12:21:16.395573,2023-11-15 12:21:16.822066,0 days 00:00:00.426493,0.8,10,3.0,0.9,19,68,COMPLETE
5058,5058,17732.25,2023-11-15 12:21:16.823989,2023-11-15 12:21:17.267348,0 days 00:00:00.443359,0.7000000000000001,20,3.0,0.9,22,83,COMPLETE
5059,5059,17194.5,2023-11-15 12:21:17.269406,2023-11-15 12:21:17.702366,0 days 00:00:00.432960,0.9,10,3.0,0.9,15,64,COMPLETE
5060,5060,18493.25,2023-11-15 12:21:17.705021,2023-11-15 12:21:18.131491,0 days 00:00:00.426470,0.8,10,2.5,0.9,18,72,COMPLETE
5061,5061,18682.0,2023-11-15 12:21:18.133365,2023-11-15 12:21:18.561998,0 days 00:00:00.428633,0.8,10,3.0,0.9,28,75,COMPLETE
5062,5062,17547.25,2023-11-15 12:21:18.564015,2023-11-15 12:21:18.996606,0 days 00:00:00.432591,0.8,10,2.75,0.9,21,68,COMPLETE
5063,5063,17369.25,2023-11-15 12:21:18.998581,2023-11-15 12:21:19.437220,0 days 00:00:00.438639,0.8,10,3.0,0.9,24,79,COMPLETE
5064,5064,19260.75,2023-11-15 12:21:19.439714,2023-11-15 12:21:19.860689,0 days 00:00:00.420975,0.8,10,3.0,0.9,16,71,COMPLETE
5065,5065,16711.25,2023-11-15 12:21:19.862669,2023-11-15 12:21:20.293722,0 days 00:00:00.431053,0.8,10,3.0,0.9,19,62,COMPLETE
5066,5066,17563.25,2023-11-15 12:21:20.295619,2023-11-15 12:21:20.731979,0 days 00:00:00.436360,0.8,10,2.25,0.8,13,76,COMPLETE
5067,5067,16719.5,2023-11-15 12:21:20.733921,2023-11-15 12:21:21.172257,0 days 00:00:00.438336,0.8,10,2.75,0.9,22,66,COMPLETE
5068,5068,17369.5,2023-11-15 12:21:21.174483,2023-11-15 12:21:21.605831,0 days 00:00:00.431348,0.8,10,3.0,0.9,17,73,COMPLETE
5069,5069,17115.5,2023-11-15 12:21:21.607916,2023-11-15 12:21:22.045122,0 days 00:00:00.437206,0.8,10,3.0,0.9,20,69,COMPLETE
5070,5070,15933.25,2023-11-15 12:21:22.046997,2023-11-15 12:21:22.488561,0 days 00:00:00.441564,0.8,40,2.75,0.9,26,71,COMPLETE
5071,5071,17095.75,2023-11-15 12:21:22.490502,2023-11-15 12:21:22.928617,0 days 00:00:00.438115,0.9,20,3.0,0.9,23,74,COMPLETE
5072,5072,17549.5,2023-11-15 12:21:22.930507,2023-11-15 12:21:23.380279,0 days 00:00:00.449772,0.7000000000000001,10,3.0,0.9,15,68,COMPLETE
5073,5073,17453.0,2023-11-15 12:21:23.382151,2023-11-15 12:21:23.814493,0 days 00:00:00.432342,0.8,10,3.0,0.9,18,78,COMPLETE
5074,5074,13529.25,2023-11-15 12:21:23.816525,2023-11-15 12:21:24.269739,0 days 00:00:00.453214,0.8,50,2.75,0.8,20,65,COMPLETE
5075,5075,19260.75,2023-11-15 12:21:24.272123,2023-11-15 12:21:24.692610,0 days 00:00:00.420487,0.8,10,3.0,0.9,11,71,COMPLETE
5076,5076,17924.5,2023-11-15 12:21:24.694519,2023-11-15 12:21:25.125077,0 days 00:00:00.430558,0.8,10,3.0,0.9,22,86,COMPLETE
5077,5077,18682.0,2023-11-15 12:21:25.126965,2023-11-15 12:21:25.553560,0 days 00:00:00.426595,0.8,10,3.0,0.9,17,75,COMPLETE
5078,5078,17547.25,2023-11-15 12:21:25.555944,2023-11-15 12:21:25.983145,0 days 00:00:00.427201,0.8,10,2.75,0.9,25,68,COMPLETE
5079,5079,17175.5,2023-11-15 12:21:25.985268,2023-11-15 12:21:26.427203,0 days 00:00:00.441935,0.8,10,3.0,0.9,15,58,COMPLETE
5080,5080,18122.5,2023-11-15 12:21:26.429067,2023-11-15 12:21:26.850590,0 days 00:00:00.421523,0.8,10,3.0,0.9,19,72,COMPLETE
5081,5081,17739.5,2023-11-15 12:21:26.853105,2023-11-15 12:21:27.286011,0 days 00:00:00.432906,0.8,10,2.5,0.9,21,81,COMPLETE
5082,5082,16836.25,2023-11-15 12:21:27.288816,2023-11-15 12:21:27.718712,0 days 00:00:00.429896,0.8,10,2.0,0.9,13,64,COMPLETE
5083,5083,16637.25,2023-11-15 12:21:27.721462,2023-11-15 12:21:28.156663,0 days 00:00:00.435201,0.7000000000000001,20,3.0,0.9,24,77,COMPLETE
5084,5084,17825.5,2023-11-15 12:21:28.158701,2023-11-15 12:21:28.582418,0 days 00:00:00.423717,0.8,10,2.75,0.9,17,70,COMPLETE
5085,5085,17369.5,2023-11-15 12:21:28.584498,2023-11-15 12:21:29.018040,0 days 00:00:00.433542,0.8,10,3.0,0.9,27,73,COMPLETE
5086,5086,18013.0,2023-11-15 12:21:29.020173,2023-11-15 12:21:29.457856,0 days 00:00:00.437683,0.8,10,3.0,0.9,19,125,COMPLETE
5087,5087,17917.0,2023-11-15 12:21:29.459791,2023-11-15 12:21:29.891700,0 days 00:00:00.431909,0.8,10,2.75,0.9,15,67,COMPLETE
5088,5088,18109.0,2023-11-15 12:21:29.893701,2023-11-15 12:21:30.318886,0 days 00:00:00.425185,0.9,10,3.0,0.9,23,70,COMPLETE
5089,5089,18682.0,2023-11-15 12:21:30.321594,2023-11-15 12:21:30.745405,0 days 00:00:00.423811,0.8,10,3.0,0.8,21,75,COMPLETE
5090,5090,14008.5,2023-11-15 12:21:30.747385,2023-11-15 12:21:31.189793,0 days 00:00:00.442408,0.2,20,3.0,0.9,18,61,COMPLETE
5091,5091,16814.75,2023-11-15 12:21:31.191611,2023-11-15 12:21:31.628565,0 days 00:00:00.436954,0.5,10,3.0,0.9,20,66,COMPLETE
5092,5092,17188.25,2023-11-15 12:21:31.630520,2023-11-15 12:21:32.060863,0 days 00:00:00.430343,0.8,10,2.75,0.9,16,73,COMPLETE
5093,5093,17825.5,2023-11-15 12:21:32.062859,2023-11-15 12:21:32.506650,0 days 00:00:00.443791,0.8,10,3.0,0.9,23,70,COMPLETE
5094,5094,18121.5,2023-11-15 12:21:32.508596,2023-11-15 12:21:32.932053,0 days 00:00:00.423457,0.8,10,3.0,0.9,12,77,COMPLETE
5095,5095,17547.25,2023-11-15 12:21:32.934097,2023-11-15 12:21:33.365038,0 days 00:00:00.430941,0.8,10,2.75,0.9,14,68,COMPLETE
5096,5096,17188.25,2023-11-15 12:21:33.366978,2023-11-15 12:21:33.796853,0 days 00:00:00.429875,0.8,10,3.0,0.9,18,73,COMPLETE
5097,5097,17654.5,2023-11-15 12:21:33.798905,2023-11-15 12:21:34.234822,0 days 00:00:00.435917,0.8,10,3.0,0.9,21,65,COMPLETE
5098,5098,17739.5,2023-11-15 12:21:34.237018,2023-11-15 12:21:34.674150,0 days 00:00:00.437132,0.8,10,3.0,0.9,24,81,COMPLETE
5099,5099,18392.25,2023-11-15 12:21:34.676140,2023-11-15 12:21:35.105317,0 days 00:00:00.429177,0.8,20,2.25,0.5,19,70,COMPLETE
5100,5100,18681.75,2023-11-15 12:21:35.107348,2023-11-15 12:21:35.532138,0 days 00:00:00.424790,0.7000000000000001,10,3.0,0.8,16,75,COMPLETE
5101,5101,18026.25,2023-11-15 12:21:35.534102,2023-11-15 12:21:35.992891,0 days 00:00:00.458789,0.9,10,2.75,0.9,26,72,COMPLETE
5102,5102,16651.5,2023-11-15 12:21:35.994832,2023-11-15 12:21:36.435066,0 days 00:00:00.440234,0.8,10,3.0,0.7000000000000001,30,63,COMPLETE
5103,5103,17917.25,2023-11-15 12:21:36.437264,2023-11-15 12:21:36.873520,0 days 00:00:00.436256,0.8,10,2.5,0.9,22,67,COMPLETE
5104,5104,17360.25,2023-11-15 12:21:36.875385,2023-11-15 12:21:37.309348,0 days 00:00:00.433963,0.8,10,3.0,0.9,17,78,COMPLETE
5105,5105,17115.5,2023-11-15 12:21:37.311582,2023-11-15 12:21:37.742394,0 days 00:00:00.430812,0.8,10,2.75,0.9,56,69,COMPLETE
5106,5106,14272.0,2023-11-15 12:21:37.744507,2023-11-15 12:21:38.196907,0 days 00:00:00.452400,0.8,60,3.0,0.4,20,74,COMPLETE
5107,5107,19260.75,2023-11-15 12:21:38.198727,2023-11-15 12:21:38.621543,0 days 00:00:00.422816,0.8,10,3.0,0.9,14,71,COMPLETE
5108,5108,16923.25,2023-11-15 12:21:38.623636,2023-11-15 12:21:39.067958,0 days 00:00:00.444322,0.8,10,3.0,0.9,22,76,COMPLETE
5109,5109,17917.0,2023-11-15 12:21:39.070182,2023-11-15 12:21:39.505528,0 days 00:00:00.435346,0.8,10,2.75,0.9,9,67,COMPLETE
5110,5110,14305.5,2023-11-15 12:21:39.507444,2023-11-15 12:21:39.956969,0 days 00:00:00.449525,0.1,20,3.0,0.9,19,72,COMPLETE
5111,5111,16543.25,2023-11-15 12:21:39.958942,2023-11-15 12:21:40.397900,0 days 00:00:00.438958,0.8,10,3.0,0.9,28,63,COMPLETE
5112,5112,0.0,2023-11-15 12:21:40.399738,2023-11-15 12:21:40.797142,0 days 00:00:00.397404,0.8,10,3.0,0.9,25,1,COMPLETE
5113,5113,17020.25,2023-11-15 12:21:40.799501,2023-11-15 12:21:41.240159,0 days 00:00:00.440658,0.8,10,2.75,0.8,17,69,COMPLETE
5114,5114,18682.0,2023-11-15 12:21:41.242125,2023-11-15 12:21:41.675994,0 days 00:00:00.433869,0.8,10,3.0,0.9,21,75,COMPLETE
5115,5115,17456.5,2023-11-15 12:21:41.677873,2023-11-15 12:21:42.136429,0 days 00:00:00.458556,0.7000000000000001,10,3.0,0.9,12,78,COMPLETE
5116,5116,16633.0,2023-11-15 12:21:42.138943,2023-11-15 12:21:42.579102,0 days 00:00:00.440159,0.9,10,2.75,0.9,23,66,COMPLETE
5117,5117,19260.75,2023-11-15 12:21:42.581091,2023-11-15 12:21:43.010041,0 days 00:00:00.428950,0.8,10,3.0,0.9,16,71,COMPLETE
5118,5118,16636.0,2023-11-15 12:21:43.011956,2023-11-15 12:21:43.455630,0 days 00:00:00.443674,0.8,20,3.0,0.9,19,73,COMPLETE
5119,5119,17115.5,2023-11-15 12:21:43.457610,2023-11-15 12:21:43.891396,0 days 00:00:00.433786,0.8,10,3.0,0.9,21,69,COMPLETE
5120,5120,17926.25,2023-11-15 12:21:43.893333,2023-11-15 12:21:44.326581,0 days 00:00:00.433248,0.8,10,2.75,0.9,18,80,COMPLETE
5121,5121,17828.0,2023-11-15 12:21:44.328466,2023-11-15 12:21:44.766777,0 days 00:00:00.438311,0.8,10,2.5,0.9,25,74,COMPLETE
5122,5122,17917.0,2023-11-15 12:21:44.768755,2023-11-15 12:21:45.203674,0 days 00:00:00.434919,0.8,10,3.0,0.9,15,67,COMPLETE
5123,5123,19260.75,2023-11-15 12:21:45.206172,2023-11-15 12:21:45.631889,0 days 00:00:00.425717,0.9,10,3.0,0.9,20,71,COMPLETE
5124,5124,13710.25,2023-11-15 12:21:45.633907,2023-11-15 12:21:46.067989,0 days 00:00:00.434082,0.7000000000000001,10,3.0,0.9,23,23,COMPLETE
5125,5125,16711.25,2023-11-15 12:21:46.070212,2023-11-15 12:21:46.506200,0 days 00:00:00.435988,0.8,10,3.0,0.9,14,62,COMPLETE
5126,5126,14404.25,2023-11-15 12:21:46.508095,2023-11-15 12:21:46.956293,0 days 00:00:00.448198,0.8,70,2.75,0.8,17,77,COMPLETE
5127,5127,16617.75,2023-11-15 12:21:46.958131,2023-11-15 12:21:47.400679,0 days 00:00:00.442548,0.8,20,3.0,0.9,19,69,COMPLETE
5128,5128,17654.5,2023-11-15 12:21:47.402598,2023-11-15 12:21:47.835309,0 days 00:00:00.432711,0.8,10,3.0,0.9,22,65,COMPLETE
5129,5129,17369.5,2023-11-15 12:21:47.838303,2023-11-15 12:21:48.301018,0 days 00:00:00.462715,0.8,10,2.75,0.9,27,73,COMPLETE
5130,5130,17825.5,2023-11-15 12:21:48.303404,2023-11-15 12:21:48.735437,0 days 00:00:00.432033,0.8,10,3.0,0.9,24,70,COMPLETE
5131,5131,18681.75,2023-11-15 12:21:48.737832,2023-11-15 12:21:49.173983,0 days 00:00:00.436151,0.8,10,3.0,0.6,16,75,COMPLETE
