,number,value,datetime_start,datetime_complete,duration,params_alpha,params_decay_interval,params_decay_rate,params_gamma,params_initialization,params_max_steps,state
9315,9315,18202.0,2023-11-15 14:27:40.829874,2023-11-15 14:27:41.819216,0 days 00:00:00.989342,0.8,20,1.25,0.8,9,96,COMPLETE
9316,9316,18401.5,2023-11-15 14:27:41.823220,2023-11-15 14:27:42.769037,0 days 00:00:00.945817,0.7000000000000001,10,1.25,0.8,17,100,COMPLETE
9317,9317,18023.5,2023-11-15 14:27:42.772256,2023-11-15 14:27:43.594249,0 days 00:00:00.821993,0.8,10,1.25,0.8,14,98,COMPLETE
9318,9318,17837.25,2023-11-15 14:27:43.597350,2023-11-15 14:27:44.424039,0 days 00:00:00.826689,0.8,10,1.25,0.8,22,95,COMPLETE
9319,9319,14669.25,2023-11-15 14:27:44.426708,2023-11-15 14:27:45.325155,0 days 00:00:00.898447,0.8,70,1.25,0.8,1,98,COMPLETE
9320,9320,15738.5,2023-11-15 14:27:45.328207,2023-11-15 14:27:46.155297,0 days 00:00:00.827090,0.6,50,1.25,0.9,15,100,COMPLETE
9321,9321,18172.5,2023-11-15 14:27:46.158704,2023-11-15 14:27:46.969490,0 days 00:00:00.810786,0.8,10,1.0,0.8,26,93,COMPLETE
9322,9322,18123.5,2023-11-15 14:27:46.973061,2023-11-15 14:27:47.784866,0 days 00:00:00.811805,0.9,10,1.25,0.8,20,97,COMPLETE
9323,9323,18400.5,2023-11-15 14:27:47.787765,2023-11-15 14:27:48.631806,0 days 00:00:00.844041,0.8,10,1.5,0.8,11,100,COMPLETE
9324,9324,17837.25,2023-11-15 14:27:48.634482,2023-11-15 14:27:49.455300,0 days 00:00:00.820818,0.8,10,1.25,0.8,17,95,COMPLETE
9325,9325,18209.5,2023-11-15 14:27:49.458266,2023-11-15 14:27:50.276201,0 days 00:00:00.817935,0.8,10,1.25,0.7000000000000001,6,98,COMPLETE
9326,9326,17560.5,2023-11-15 14:27:50.278937,2023-11-15 14:27:51.100142,0 days 00:00:00.821205,0.8,20,1.25,0.8,51,97,COMPLETE
9327,9327,14877.0,2023-11-15 14:27:51.102901,2023-11-15 14:27:51.949762,0 days 00:00:00.846861,0.8,60,1.5,0.8,13,100,COMPLETE
9328,9328,18207.75,2023-11-15 14:27:51.952584,2023-11-15 14:27:52.779575,0 days 00:00:00.826991,0.7000000000000001,10,1.0,0.9,4,96,COMPLETE
9329,9329,17371.75,2023-11-15 14:27:52.782962,2023-11-15 14:27:53.602404,0 days 00:00:00.819442,0.8,30,1.25,0.8,45,98,COMPLETE
9330,9330,18681.25,2023-11-15 14:27:53.605091,2023-11-15 14:27:54.419341,0 days 00:00:00.814250,0.8,10,1.25,0.8,9,99,COMPLETE
9331,9331,12369.75,2023-11-15 14:27:54.422251,2023-11-15 14:27:55.273349,0 days 00:00:00.851098,0.8,100,1.25,0.8,18,94,COMPLETE
9332,9332,18213.5,2023-11-15 14:27:55.276078,2023-11-15 14:27:56.085215,0 days 00:00:00.809137,0.8,10,1.0,0.8,21,100,COMPLETE
9333,9333,18395.75,2023-11-15 14:27:56.088279,2023-11-15 14:27:57.012346,0 days 00:00:00.924067,0.8,10,1.75,0.7000000000000001,15,96,COMPLETE
9334,9334,18211.25,2023-11-15 14:27:57.017110,2023-11-15 14:27:57.960893,0 days 00:00:00.943783,0.7000000000000001,10,1.25,0.8,24,98,COMPLETE
9335,9335,18023.5,2023-11-15 14:27:57.964005,2023-11-15 14:27:58.801154,0 days 00:00:00.837149,0.8,10,1.25,0.8,11,98,COMPLETE
9336,9336,18307.0,2023-11-15 14:27:58.803932,2023-11-15 14:27:59.619390,0 days 00:00:00.815458,0.9,10,1.25,0.8,19,100,COMPLETE
9337,9337,18395.25,2023-11-15 14:27:59.622153,2023-11-15 14:28:00.443085,0 days 00:00:00.820932,0.8,10,1.5,0.8,2,96,COMPLETE
9338,9338,18218.0,2023-11-15 14:28:00.447141,2023-11-15 14:28:01.278396,0 days 00:00:00.831255,0.8,10,1.25,0.8,16,97,COMPLETE
9339,9339,18013.5,2023-11-15 14:28:01.281379,2023-11-15 14:28:02.120285,0 days 00:00:00.838906,0.8,20,1.25,0.9,7,100,COMPLETE
9340,9340,18607.25,2023-11-15 14:28:02.123069,2023-11-15 14:28:02.930641,0 days 00:00:00.807572,0.8,10,1.0,0.8,14,92,COMPLETE
9341,9341,11271.25,2023-11-15 14:28:02.934578,2023-11-15 14:28:03.738317,0 days 00:00:00.803739,0.8,10,1.25,0.8,5,19,COMPLETE
9342,9342,18023.5,2023-11-15 14:28:03.741281,2023-11-15 14:28:04.569870,0 days 00:00:00.828589,0.8,10,1.25,0.8,18,98,COMPLETE
9343,9343,17841.0,2023-11-15 14:28:04.572637,2023-11-15 14:28:05.415708,0 days 00:00:00.843071,0.8,10,2.0,0.8,67,94,COMPLETE
9344,9344,18301.5,2023-11-15 14:28:05.418452,2023-11-15 14:28:06.232629,0 days 00:00:00.814177,0.8,10,1.5,0.8,12,96,COMPLETE
9345,9345,199.5,2023-11-15 14:28:06.235861,2023-11-15 14:28:07.312685,0 days 00:00:01.076824,0.8,10,1.25,0.8,0,99,COMPLETE
9346,9346,18013.5,2023-11-15 14:28:07.315960,2023-11-15 14:28:08.264832,0 days 00:00:00.948872,0.8,20,1.25,0.8,21,100,COMPLETE
9347,9347,17909.5,2023-11-15 14:28:08.267607,2023-11-15 14:28:09.096869,0 days 00:00:00.829262,0.9,10,0.75,0.8,10,98,COMPLETE
9348,9348,17837.25,2023-11-15 14:28:09.099849,2023-11-15 14:28:09.942862,0 days 00:00:00.843013,0.8,10,1.25,0.8,8,95,COMPLETE
9349,9349,17486.25,2023-11-15 14:28:09.946866,2023-11-15 14:28:10.765021,0 days 00:00:00.818155,0.8,10,1.25,0.2,16,97,COMPLETE
9350,9350,17843.75,2023-11-15 14:28:10.768095,2023-11-15 14:28:11.624485,0 days 00:00:00.856390,0.4,10,1.5,0.7000000000000001,3,100,COMPLETE
9351,9351,17945.75,2023-11-15 14:28:11.628438,2023-11-15 14:28:12.614218,0 days 00:00:00.985780,0.8,10,1.25,0.6,13,98,COMPLETE
9352,9352,17481.75,2023-11-15 14:28:12.617429,2023-11-15 14:28:13.550137,0 days 00:00:00.932708,0.8,10,1.25,0.30000000000000004,19,96,COMPLETE
9353,9353,17658.5,2023-11-15 14:28:13.553158,2023-11-15 14:28:14.384652,0 days 00:00:00.831494,0.30000000000000004,10,1.0,0.9,17,98,COMPLETE
9354,9354,18399.0,2023-11-15 14:28:14.387392,2023-11-15 14:28:15.214392,0 days 00:00:00.827000,0.8,10,1.25,0.8,22,100,COMPLETE
9355,9355,18207.75,2023-11-15 14:28:15.217212,2023-11-15 14:28:16.012899,0 days 00:00:00.795687,0.8,10,1.25,0.8,15,93,COMPLETE
9356,9356,17005.25,2023-11-15 14:28:16.015908,2023-11-15 14:28:16.848803,0 days 00:00:00.832895,0.8,20,1.25,0.8,5,95,COMPLETE
9357,9357,18305.25,2023-11-15 14:28:16.852066,2023-11-15 14:28:17.663896,0 days 00:00:00.811830,0.8,10,1.5,0.8,8,98,COMPLETE
9358,9358,18401.75,2023-11-15 14:28:17.667168,2023-11-15 14:28:18.468871,0 days 00:00:00.801703,0.7000000000000001,10,1.25,0.8,20,100,COMPLETE
9359,9359,18215.0,2023-11-15 14:28:18.471663,2023-11-15 14:28:19.302658,0 days 00:00:00.830995,0.9,10,1.0,0.8,12,97,COMPLETE
9360,9360,18265.25,2023-11-15 14:28:19.305501,2023-11-15 14:28:20.107616,0 days 00:00:00.802115,0.8,10,1.25,0.9,24,98,COMPLETE
9361,9361,18394.5,2023-11-15 14:28:20.110426,2023-11-15 14:28:20.948183,0 days 00:00:00.837757,0.8,10,1.25,0.8,17,96,COMPLETE
9362,9362,18492.5,2023-11-15 14:28:20.951389,2023-11-15 14:28:21.761295,0 days 00:00:00.809906,0.8,10,1.25,0.8,2,100,COMPLETE
9363,9363,17286.25,2023-11-15 14:28:21.764275,2023-11-15 14:28:22.592982,0 days 00:00:00.828707,0.8,10,1.25,0.8,14,69,COMPLETE
9364,9364,16727.25,2023-11-15 14:28:22.595736,2023-11-15 14:28:23.420314,0 days 00:00:00.824578,0.8,40,1.75,0.7000000000000001,19,99,COMPLETE
9365,9365,17651.0,2023-11-15 14:28:23.423363,2023-11-15 14:28:24.266169,0 days 00:00:00.842806,0.8,10,1.5,0.8,80,95,COMPLETE
9366,9366,18216.5,2023-11-15 14:28:24.269260,2023-11-15 14:28:25.097943,0 days 00:00:00.828683,0.6,10,1.0,0.8,9,97,COMPLETE
9367,9367,17873.75,2023-11-15 14:28:25.101219,2023-11-15 14:28:25.964456,0 days 00:00:00.863237,0.7000000000000001,20,1.25,0.8,6,100,COMPLETE
9368,9368,18399.0,2023-11-15 14:28:25.967371,2023-11-15 14:28:26.797183,0 days 00:00:00.829812,0.8,10,2.0,0.8,16,98,COMPLETE
9369,9369,18486.25,2023-11-15 14:28:26.800339,2023-11-15 14:28:27.739078,0 days 00:00:00.938739,0.8,10,1.25,0.8,11,94,COMPLETE
9370,9370,18209.25,2023-11-15 14:28:27.742031,2023-11-15 14:28:28.561453,0 days 00:00:00.819422,0.8,10,1.25,0.7000000000000001,4,98,COMPLETE
9371,9371,18207.75,2023-11-15 14:28:28.564938,2023-11-15 14:28:29.399606,0 days 00:00:00.834668,0.9,10,1.25,0.9,22,96,COMPLETE
9372,9372,18492.5,2023-11-15 14:28:29.402367,2023-11-15 14:28:30.226697,0 days 00:00:00.824330,0.8,10,1.25,0.8,14,100,COMPLETE
9373,9373,18398.5,2023-11-15 14:28:30.229407,2023-11-15 14:28:31.084387,0 days 00:00:00.854980,0.8,10,1.5,0.8,18,98,COMPLETE
9374,9374,18213.75,2023-11-15 14:28:31.087175,2023-11-15 14:28:31.965181,0 days 00:00:00.878006,0.8,10,1.25,0.4,7,100,COMPLETE
9375,9375,16916.25,2023-11-15 14:28:31.968195,2023-11-15 14:28:32.799159,0 days 00:00:00.830964,0.8,10,1.0,0.8,20,60,COMPLETE
9376,9376,18394.5,2023-11-15 14:28:32.801910,2023-11-15 14:28:33.629100,0 days 00:00:00.827190,0.8,10,1.25,0.8,16,96,COMPLETE
9377,9377,17830.75,2023-11-15 14:28:33.632375,2023-11-15 14:28:34.466318,0 days 00:00:00.833943,0.7000000000000001,20,1.25,0.8,10,98,COMPLETE
9378,9378,18399.25,2023-11-15 14:28:34.469542,2023-11-15 14:28:35.299998,0 days 00:00:00.830456,0.8,10,1.25,0.8,13,92,COMPLETE
9379,9379,18681.25,2023-11-15 14:28:35.302791,2023-11-15 14:28:36.122484,0 days 00:00:00.819693,0.8,10,1.25,0.8,25,99,COMPLETE
9380,9380,18395.25,2023-11-15 14:28:36.125557,2023-11-15 14:28:36.960363,0 days 00:00:00.834806,0.8,10,1.5,0.9,18,96,COMPLETE
9381,9381,13133.5,2023-11-15 14:28:36.963511,2023-11-15 14:28:37.810940,0 days 00:00:00.847429,0.5,90,1.25,0.8,0,94,COMPLETE
9382,9382,18238.5,2023-11-15 14:28:37.814841,2023-11-15 14:28:38.668331,0 days 00:00:00.853490,0.8,10,1.0,0.8,4,100,COMPLETE
9383,9383,18218.0,2023-11-15 14:28:38.670996,2023-11-15 14:28:39.567440,0 days 00:00:00.896444,0.8,10,1.25,0.8,15,97,COMPLETE
9384,9384,18302.25,2023-11-15 14:28:39.570295,2023-11-15 14:28:40.421520,0 days 00:00:00.851225,0.9,10,1.25,0.8,20,98,COMPLETE
9385,9385,18398.25,2023-11-15 14:28:40.425594,2023-11-15 14:28:41.374245,0 days 00:00:00.948651,0.8,10,1.25,0.8,13,100,COMPLETE
9386,9386,18202.0,2023-11-15 14:28:41.377166,2023-11-15 14:28:42.339352,0 days 00:00:00.962186,0.8,20,1.25,0.8,10,96,COMPLETE
9387,9387,17494.5,2023-11-15 14:28:42.342317,2023-11-15 14:28:43.199677,0 days 00:00:00.857360,0.8,10,1.5,0.8,98,98,COMPLETE
9388,9388,18490.25,2023-11-15 14:28:43.202535,2023-11-15 14:28:44.018083,0 days 00:00:00.815548,0.8,10,1.25,0.7000000000000001,2,94,COMPLETE
9389,9389,18400.0,2023-11-15 14:28:44.021169,2023-11-15 14:28:44.850288,0 days 00:00:00.829119,0.8,10,2.25,0.8,17,100,COMPLETE
9390,9390,18323.25,2023-11-15 14:28:44.853043,2023-11-15 14:28:45.692828,0 days 00:00:00.839785,0.8,10,1.0,0.8,7,97,COMPLETE
9391,9391,18398.25,2023-11-15 14:28:45.695691,2023-11-15 14:28:46.521282,0 days 00:00:00.825591,0.7000000000000001,10,1.25,0.9,21,99,COMPLETE
9392,9392,18112.5,2023-11-15 14:28:46.524145,2023-11-15 14:28:47.341255,0 days 00:00:00.817110,0.8,10,1.25,0.8,23,95,COMPLETE
9393,9393,18209.0,2023-11-15 14:28:47.344041,2023-11-15 14:28:48.165176,0 days 00:00:00.821135,0.8,10,1.25,0.8,12,89,COMPLETE
9394,9394,17561.0,2023-11-15 14:28:48.168677,2023-11-15 14:28:49.012842,0 days 00:00:00.844165,0.8,20,1.5,0.8,62,98,COMPLETE
9395,9395,18210.75,2023-11-15 14:28:49.016025,2023-11-15 14:28:49.831516,0 days 00:00:00.815491,0.8,10,1.75,0.8,15,100,COMPLETE
9396,9396,18218.0,2023-11-15 14:28:49.834509,2023-11-15 14:28:50.662132,0 days 00:00:00.827623,0.8,10,1.25,0.8,18,97,COMPLETE
9397,9397,18305.0,2023-11-15 14:28:50.665094,2023-11-15 14:28:51.477752,0 days 00:00:00.812658,0.9,10,1.0,0.8,5,96,COMPLETE
9398,9398,13925.5,2023-11-15 14:28:51.480903,2023-11-15 14:28:52.340834,0 days 00:00:00.859931,0.8,80,1.25,0.7000000000000001,16,99,COMPLETE
9399,9399,18399.25,2023-11-15 14:28:52.343669,2023-11-15 14:28:53.219406,0 days 00:00:00.875737,0.8,10,2.5,0.8,8,100,COMPLETE
9400,9400,18023.5,2023-11-15 14:28:53.222473,2023-11-15 14:28:54.038118,0 days 00:00:00.815645,0.8,10,1.25,0.8,12,98,COMPLETE
9401,9401,18400.0,2023-11-15 14:28:54.041053,2023-11-15 14:28:54.877297,0 days 00:00:00.836244,0.8,10,1.25,0.9,19,94,COMPLETE
9402,9402,18028.0,2023-11-15 14:28:54.880853,2023-11-15 14:28:55.857463,0 days 00:00:00.976610,0.7000000000000001,10,1.25,0.8,2,96,COMPLETE
9403,9403,18214.0,2023-11-15 14:28:55.860507,2023-11-15 14:28:56.922222,0 days 00:00:01.061715,0.8,10,3.0,0.8,10,98,COMPLETE
9404,9404,18305.75,2023-11-15 14:28:56.926815,2023-11-15 14:28:58.003906,0 days 00:00:01.077091,0.8,10,1.5,0.8,27,100,COMPLETE
9405,9405,17947.75,2023-11-15 14:28:58.006608,2023-11-15 14:28:58.836568,0 days 00:00:00.829960,0.8,20,1.25,0.8,14,92,COMPLETE
9406,9406,18218.0,2023-11-15 14:28:58.839408,2023-11-15 14:28:59.668501,0 days 00:00:00.829093,0.8,10,1.25,0.8,22,97,COMPLETE
9407,9407,17743.75,2023-11-15 14:28:59.671474,2023-11-15 14:29:00.524747,0 days 00:00:00.853273,0.8,10,2.0,0.8,6,95,COMPLETE
9408,9408,14517.25,2023-11-15 14:29:00.528085,2023-11-15 14:29:01.439042,0 days 00:00:00.910957,0.1,10,1.25,0.8,17,100,COMPLETE
9409,9409,18023.5,2023-11-15 14:29:01.441788,2023-11-15 14:29:02.257258,0 days 00:00:00.815470,0.8,10,1.25,0.8,4,98,COMPLETE
9410,9410,18217.25,2023-11-15 14:29:02.260502,2023-11-15 14:29:03.083524,0 days 00:00:00.823022,0.8,10,1.25,0.9,20,97,COMPLETE
9411,9411,17588.5,2023-11-15 14:29:03.086498,2023-11-15 14:29:03.936698,0 days 00:00:00.850200,0.8,10,1.0,0.1,16,100,COMPLETE
9412,9412,17930.5,2023-11-15 14:29:03.939402,2023-11-15 14:29:04.797273,0 days 00:00:00.857871,0.9,10,1.5,0.8,8,98,COMPLETE
9413,9413,17746.5,2023-11-15 14:29:04.799991,2023-11-15 14:29:05.621683,0 days 00:00:00.821692,0.8,10,1.25,0.7000000000000001,14,95,COMPLETE
9414,9414,18681.25,2023-11-15 14:29:05.624477,2023-11-15 14:29:06.442939,0 days 00:00:00.818462,0.8,10,1.25,0.8,18,99,COMPLETE
9415,9415,18394.5,2023-11-15 14:29:06.445760,2023-11-15 14:29:07.264547,0 days 00:00:00.818787,0.8,10,1.25,0.8,12,96,COMPLETE
9416,9416,18399.5,2023-11-15 14:29:07.267909,2023-11-15 14:29:08.106311,0 days 00:00:00.838402,0.8,10,1.25,0.8,24,100,COMPLETE
9417,9417,17650.0,2023-11-15 14:29:08.109529,2023-11-15 14:29:08.953246,0 days 00:00:00.843717,0.8,20,1.0,0.8,10,93,COMPLETE
9418,9418,199.5,2023-11-15 14:29:08.956010,2023-11-15 14:29:10.032560,0 days 00:00:01.076550,0.8,10,1.25,0.8,0,98,COMPLETE
9419,9419,18307.75,2023-11-15 14:29:10.035684,2023-11-15 14:29:11.050097,0 days 00:00:01.014413,0.7000000000000001,10,1.25,0.8,20,97,COMPLETE
9420,9420,18024.0,2023-11-15 14:29:11.054038,2023-11-15 14:29:12.063152,0 days 00:00:01.009114,0.8,10,1.75,0.9,15,100,COMPLETE
9421,9421,18209.25,2023-11-15 14:29:12.066803,2023-11-15 14:29:13.087295,0 days 00:00:01.020492,0.8,10,1.25,0.7000000000000001,4,98,COMPLETE
9422,9422,17709.25,2023-11-15 14:29:13.090244,2023-11-15 14:29:14.061467,0 days 00:00:00.971223,0.8,10,0.25,0.8,33,95,COMPLETE
9423,9423,18398.5,2023-11-15 14:29:14.064639,2023-11-15 14:29:14.894762,0 days 00:00:00.830123,0.8,10,1.5,0.8,18,98,COMPLETE
9424,9424,18492.5,2023-11-15 14:29:14.897629,2023-11-15 14:29:15.718351,0 days 00:00:00.820722,0.8,10,1.25,0.8,6,100,COMPLETE
9425,9425,18025.5,2023-11-15 14:29:15.721236,2023-11-15 14:29:16.551799,0 days 00:00:00.830563,0.8,10,1.25,0.8,21,83,COMPLETE
9426,9426,18207.75,2023-11-15 14:29:16.554574,2023-11-15 14:29:17.387255,0 days 00:00:00.832681,0.9,10,1.25,0.8,13,96,COMPLETE
9427,9427,16007.0,2023-11-15 14:29:17.394262,2023-11-15 14:29:18.230361,0 days 00:00:00.836099,0.8,50,1.25,0.5,8,91,COMPLETE
9428,9428,18120.25,2023-11-15 14:29:18.233274,2023-11-15 14:29:19.046703,0 days 00:00:00.813429,0.8,10,1.5,0.6,16,98,COMPLETE
9429,9429,17844.0,2023-11-15 14:29:19.049714,2023-11-15 14:29:19.871883,0 days 00:00:00.822169,0.7000000000000001,20,1.0,0.8,3,94,COMPLETE
9430,9430,18399.0,2023-11-15 14:29:19.874777,2023-11-15 14:29:20.721937,0 days 00:00:00.847160,0.8,10,1.25,0.8,11,100,COMPLETE
9431,9431,17934.5,2023-11-15 14:29:20.725091,2023-11-15 14:29:21.542888,0 days 00:00:00.817797,0.8,10,1.25,0.8,19,74,COMPLETE
9432,9432,18300.75,2023-11-15 14:29:21.545741,2023-11-15 14:29:22.408505,0 days 00:00:00.862764,0.8,10,1.25,0.9,14,96,COMPLETE
9433,9433,18022.0,2023-11-15 14:29:22.411426,2023-11-15 14:29:23.234218,0 days 00:00:00.822792,0.8,10,1.0,0.8,22,98,COMPLETE
9434,9434,18223.75,2023-11-15 14:29:23.237492,2023-11-15 14:29:24.081723,0 days 00:00:00.844231,0.6,10,1.25,0.8,16,100,COMPLETE
9435,9435,18218.0,2023-11-15 14:29:24.084699,2023-11-15 14:29:24.924808,0 days 00:00:00.840109,0.8,10,1.25,0.8,30,97,COMPLETE
9436,9436,18209.75,2023-11-15 14:29:24.927882,2023-11-15 14:29:25.744610,0 days 00:00:00.816728,0.8,10,1.5,0.8,6,99,COMPLETE
9437,9437,18202.0,2023-11-15 14:29:25.747945,2023-11-15 14:29:26.674458,0 days 00:00:00.926513,0.8,20,1.25,0.8,2,96,COMPLETE
9438,9438,18023.5,2023-11-15 14:29:26.677683,2023-11-15 14:29:27.641864,0 days 00:00:00.964181,0.8,10,1.25,0.8,18,98,COMPLETE
9439,9439,18210.0,2023-11-15 14:29:27.644729,2023-11-15 14:29:28.469478,0 days 00:00:00.824749,0.9,10,1.25,0.7000000000000001,10,100,COMPLETE
9440,9440,18410.75,2023-11-15 14:29:28.472307,2023-11-15 14:29:29.339941,0 days 00:00:00.867634,0.8,10,1.25,0.8,13,94,COMPLETE
9441,9441,18151.75,2023-11-15 14:29:29.342772,2023-11-15 14:29:30.153755,0 days 00:00:00.810983,0.7000000000000001,10,1.0,0.8,25,97,COMPLETE
9442,9442,18492.75,2023-11-15 14:29:30.156538,2023-11-15 14:29:31.012321,0 days 00:00:00.855783,0.8,10,1.25,0.9,17,100,COMPLETE
9443,9443,18395.25,2023-11-15 14:29:31.015628,2023-11-15 14:29:31.840450,0 days 00:00:00.824822,0.8,10,1.5,0.8,8,96,COMPLETE
9444,9444,15138.75,2023-11-15 14:29:31.843458,2023-11-15 14:29:32.676899,0 days 00:00:00.833441,0.8,60,1.25,0.8,20,50,COMPLETE
9445,9445,17740.25,2023-11-15 14:29:32.679605,2023-11-15 14:29:33.516533,0 days 00:00:00.836928,0.8,20,1.25,0.8,37,98,COMPLETE
9446,9446,18491.25,2023-11-15 14:29:33.519652,2023-11-15 14:29:34.357072,0 days 00:00:00.837420,0.7000000000000001,10,1.25,0.8,15,99,COMPLETE
9447,9447,16820.5,2023-11-15 14:29:34.359916,2023-11-15 14:29:35.194293,0 days 00:00:00.834377,0.8,30,1.25,0.8,5,95,COMPLETE
9448,9448,18206.75,2023-11-15 14:29:35.197671,2023-11-15 14:29:36.030830,0 days 00:00:00.833159,0.9,10,1.75,0.8,23,93,COMPLETE
9449,9449,15468.75,2023-11-15 14:29:36.034002,2023-11-15 14:29:36.867198,0 days 00:00:00.833196,0.8,10,1.5,0.8,12,38,COMPLETE
9450,9450,16832.0,2023-11-15 14:29:36.870454,2023-11-15 14:29:37.715338,0 days 00:00:00.844884,0.8,10,2.0,0.8,18,55,COMPLETE
9451,9451,18071.5,2023-11-15 14:29:37.718203,2023-11-15 14:29:38.555599,0 days 00:00:00.837396,0.8,10,1.0,0.9,2,98,COMPLETE
9452,9452,18304.0,2023-11-15 14:29:38.558507,2023-11-15 14:29:39.379384,0 days 00:00:00.820877,0.8,10,1.25,0.7000000000000001,21,100,COMPLETE
9453,9453,18218.0,2023-11-15 14:29:39.382416,2023-11-15 14:29:40.211748,0 days 00:00:00.829332,0.8,10,1.25,0.8,10,97,COMPLETE
9454,9454,18305.75,2023-11-15 14:29:40.215011,2023-11-15 14:29:41.127105,0 days 00:00:00.912094,0.8,10,1.5,0.8,15,100,COMPLETE
9455,9455,9199.75,2023-11-15 14:29:41.130817,2023-11-15 14:29:42.030162,0 days 00:00:00.899345,0.8,10,2.25,0.8,7,16,COMPLETE
9456,9456,17839.0,2023-11-15 14:29:42.033477,2023-11-15 14:29:42.853470,0 days 00:00:00.819993,0.8,20,1.25,0.8,19,97,COMPLETE
9457,9457,17561.0,2023-11-15 14:29:42.856218,2023-11-15 14:29:43.681626,0 days 00:00:00.825408,0.8,10,1.0,0.8,17,95,COMPLETE
9458,9458,18303.75,2023-11-15 14:29:43.684570,2023-11-15 14:29:44.521152,0 days 00:00:00.836582,0.7000000000000001,10,1.25,0.8,4,98,COMPLETE
9459,9459,18681.25,2023-11-15 14:29:44.524077,2023-11-15 14:29:45.377978,0 days 00:00:00.853901,0.8,10,1.25,0.8,13,99,COMPLETE
9460,9460,199.5,2023-11-15 14:29:45.380733,2023-11-15 14:29:46.447868,0 days 00:00:01.067135,0.8,10,1.25,0.9,0,96,COMPLETE
9461,9461,18212.25,2023-11-15 14:29:46.450942,2023-11-15 14:29:47.423382,0 days 00:00:00.972440,0.8,10,1.25,0.7000000000000001,16,100,COMPLETE
9462,9462,17930.5,2023-11-15 14:29:47.426220,2023-11-15 14:29:48.252821,0 days 00:00:00.826601,0.9,10,1.5,0.8,11,98,COMPLETE
9463,9463,18207.75,2023-11-15 14:29:48.256084,2023-11-15 14:29:49.110027,0 days 00:00:00.853943,0.8,10,1.25,0.8,8,93,COMPLETE
9464,9464,18209.5,2023-11-15 14:29:49.113478,2023-11-15 14:29:49.946139,0 days 00:00:00.832661,0.8,10,1.25,0.8,43,96,COMPLETE
9465,9465,18399.0,2023-11-15 14:29:49.949157,2023-11-15 14:29:50.791503,0 days 00:00:00.842346,0.8,10,1.25,0.8,22,100,COMPLETE
9466,9466,17830.75,2023-11-15 14:29:50.794258,2023-11-15 14:29:51.628524,0 days 00:00:00.834266,0.8,20,1.25,0.8,19,98,COMPLETE
9467,9467,18022.0,2023-11-15 14:29:51.631982,2023-11-15 14:29:52.460464,0 days 00:00:00.828482,0.8,10,1.0,0.8,15,98,COMPLETE
9468,9468,18399.0,2023-11-15 14:29:52.463993,2023-11-15 14:29:53.310797,0 days 00:00:00.846804,0.8,10,0.75,0.8,5,94,COMPLETE
9469,9469,18398.25,2023-11-15 14:29:53.313950,2023-11-15 14:29:54.161695,0 days 00:00:00.847745,0.8,10,1.25,0.8,13,100,COMPLETE
9470,9470,18394.5,2023-11-15 14:29:54.165001,2023-11-15 14:29:55.024503,0 days 00:00:00.859502,0.8,10,1.25,0.8,9,96,COMPLETE
9471,9471,18212.75,2023-11-15 14:29:55.027323,2023-11-15 14:29:56.056778,0 days 00:00:01.029455,0.8,10,1.5,0.9,3,98,COMPLETE
9472,9472,17933.0,2023-11-15 14:29:56.066781,2023-11-15 14:29:57.010688,0 days 00:00:00.943907,0.8,10,0.5,0.7000000000000001,18,100,COMPLETE
9473,9473,18207.75,2023-11-15 14:29:57.013692,2023-11-15 14:29:57.864773,0 days 00:00:00.851081,0.9,10,1.25,0.8,21,96,COMPLETE
9474,9474,18211.25,2023-11-15 14:29:57.867862,2023-11-15 14:29:58.730187,0 days 00:00:00.862325,0.7000000000000001,10,1.25,0.8,26,98,COMPLETE
9475,9475,18013.5,2023-11-15 14:29:58.733304,2023-11-15 14:29:59.603140,0 days 00:00:00.869836,0.8,20,1.25,0.8,14,100,COMPLETE
9476,9476,18323.25,2023-11-15 14:29:59.606570,2023-11-15 14:30:00.477974,0 days 00:00:00.871404,0.8,10,1.0,0.8,17,97,COMPLETE
9477,9477,18393.5,2023-11-15 14:30:00.481161,2023-11-15 14:30:01.351340,0 days 00:00:00.870179,0.8,10,2.0,0.8,6,94,COMPLETE
9478,9478,18023.5,2023-11-15 14:30:01.354773,2023-11-15 14:30:02.179969,0 days 00:00:00.825196,0.8,10,1.25,0.8,12,98,COMPLETE
9479,9479,18301.75,2023-11-15 14:30:02.182748,2023-11-15 14:30:03.007689,0 days 00:00:00.824941,0.8,10,1.25,0.8,20,96,COMPLETE
9480,9480,17746.75,2023-11-15 14:30:03.010441,2023-11-15 14:30:03.853532,0 days 00:00:00.843091,0.8,10,1.25,0.9,23,91,COMPLETE
9481,9481,18213.75,2023-11-15 14:30:03.856945,2023-11-15 14:30:04.730605,0 days 00:00:00.873660,0.5,10,1.0,0.8,9,100,COMPLETE
9482,9482,14669.25,2023-11-15 14:30:04.733551,2023-11-15 14:30:05.573998,0 days 00:00:00.840447,0.8,70,1.25,0.8,15,98,COMPLETE
9483,9483,18209.75,2023-11-15 14:30:05.577160,2023-11-15 14:30:06.413146,0 days 00:00:00.835986,0.8,10,1.5,0.8,2,99,COMPLETE
