,number,value,datetime_start,datetime_complete,duration,params_alpha,params_decay_interval,params_decay_rate,params_gamma,params_initialization,params_max_steps,state
6621,6621,19068.0,2023-11-15 11:19:04.822961,2023-11-15 11:19:05.397278,0 days 00:00:00.574317,0.2,10,1.0,0.8,8,135,COMPLETE
6622,6622,18746.0,2023-11-15 11:19:05.399595,2023-11-15 11:19:05.975444,0 days 00:00:00.575849,0.1,10,0.25,0.9,5,150,COMPLETE
6623,6623,18969.5,2023-11-15 11:19:05.977639,2023-11-15 11:19:06.545960,0 days 00:00:00.568321,0.2,10,0.75,0.7000000000000001,2,141,COMPLETE
6624,6624,18154.75,2023-11-15 11:19:06.548297,2023-11-15 11:19:07.127379,0 days 00:00:00.579082,0.2,10,0.75,0.9,49,145,COMPLETE
6625,6625,19261.0,2023-11-15 11:19:07.129539,2023-11-15 11:19:07.695998,0 days 00:00:00.566459,0.2,10,0.75,0.9,0,143,COMPLETE
6626,6626,14240.0,2023-11-15 11:19:07.698305,2023-11-15 11:19:08.296669,0 days 00:00:00.598364,0.1,80,0.75,0.9,4,147,COMPLETE
6627,6627,18776.5,2023-11-15 11:19:08.298915,2023-11-15 11:19:08.886935,0 days 00:00:00.588020,0.2,10,1.25,0.9,10,140,COMPLETE
6628,6628,18393.5,2023-11-15 11:19:08.889350,2023-11-15 11:19:09.456299,0 days 00:00:00.566949,0.2,20,1.5,0.8,6,150,COMPLETE
6629,6629,19292.25,2023-11-15 11:19:09.458605,2023-11-15 11:19:10.027678,0 days 00:00:00.569073,0.2,10,0.75,0.9,2,145,COMPLETE
6630,6630,18969.25,2023-11-15 11:19:10.029908,2023-11-15 11:19:10.594891,0 days 00:00:00.564983,0.2,10,0.75,0.9,0,138,COMPLETE
6631,6631,19261.0,2023-11-15 11:19:10.597044,2023-11-15 11:19:11.159259,0 days 00:00:00.562215,0.30000000000000004,10,1.0,0.9,3,147,COMPLETE
6632,6632,18992.75,2023-11-15 11:19:11.161470,2023-11-15 11:19:11.743478,0 days 00:00:00.582008,0.2,10,0.75,0.9,7,143,COMPLETE
6633,6633,19359.75,2023-11-15 11:19:11.745656,2023-11-15 11:19:12.327867,0 days 00:00:00.582211,0.1,10,0.75,0.6,0,145,COMPLETE
6634,6634,18304.75,2023-11-15 11:19:12.330136,2023-11-15 11:19:12.898402,0 days 00:00:00.568266,0.2,20,0.5,0.9,4,150,COMPLETE
6635,6635,18973.0,2023-11-15 11:19:12.900733,2023-11-15 11:19:13.473693,0 days 00:00:00.572960,0.2,10,0.75,0.9,2,141,COMPLETE
6636,6636,19261.0,2023-11-15 11:19:13.475843,2023-11-15 11:19:14.036648,0 days 00:00:00.560805,0.1,10,0.75,0.5,0,147,COMPLETE
6637,6637,9481.75,2023-11-15 11:19:14.039342,2023-11-15 11:19:14.681344,0 days 00:00:00.642002,0.7000000000000001,10,1.25,0.8,71,143,COMPLETE
6638,6638,18622.25,2023-11-15 11:19:14.683802,2023-11-15 11:19:15.260415,0 days 00:00:00.576613,0.2,10,0.25,0.9,2,137,COMPLETE
6639,6639,17720.75,2023-11-15 11:19:15.262695,2023-11-15 11:19:15.873831,0 days 00:00:00.611136,0.2,10,0.75,0.9,67,148,COMPLETE
6640,6640,18970.75,2023-11-15 11:19:15.875950,2023-11-15 11:19:16.454267,0 days 00:00:00.578317,0.2,10,1.0,0.9,5,145,COMPLETE
6641,6641,19147.25,2023-11-15 11:19:16.456585,2023-11-15 11:19:17.025659,0 days 00:00:00.569074,0.1,10,0.75,0.9,3,140,COMPLETE
6642,6642,19261.0,2023-11-15 11:19:17.027814,2023-11-15 11:19:17.592646,0 days 00:00:00.564832,0.2,10,0.75,0.8,0,143,COMPLETE
6643,6643,19014.75,2023-11-15 11:19:17.594871,2023-11-15 11:19:18.161597,0 days 00:00:00.566726,0.2,10,1.0,0.9,7,147,COMPLETE
6644,6644,19082.5,2023-11-15 11:19:18.163956,2023-11-15 11:19:18.725942,0 days 00:00:00.561986,0.2,10,0.75,0.9,2,150,COMPLETE
6645,6645,17753.0,2023-11-15 11:19:18.728135,2023-11-15 11:19:19.310590,0 days 00:00:00.582455,0.30000000000000004,20,0.75,0.9,4,134,COMPLETE
6646,6646,19359.75,2023-11-15 11:19:19.313150,2023-11-15 11:19:19.896997,0 days 00:00:00.583847,0.2,10,0.75,0.7000000000000001,0,145,COMPLETE
6647,6647,18971.0,2023-11-15 11:19:19.899176,2023-11-15 11:19:20.465673,0 days 00:00:00.566497,0.1,10,0.5,0.9,2,141,COMPLETE
6648,6648,16934.0,2023-11-15 11:19:20.468553,2023-11-15 11:19:21.058342,0 days 00:00:00.589789,0.5,10,0.75,0.9,61,147,COMPLETE
6649,6649,19261.0,2023-11-15 11:19:21.060629,2023-11-15 11:19:21.626346,0 days 00:00:00.565717,0.2,10,1.25,0.9,5,143,COMPLETE
6650,6650,18783.75,2023-11-15 11:19:21.628551,2023-11-15 11:19:22.195874,0 days 00:00:00.567323,0.2,10,0.75,0.9,9,150,COMPLETE
6651,6651,19069.75,2023-11-15 11:19:22.198122,2023-11-15 11:19:22.760111,0 days 00:00:00.561989,0.1,10,0.75,0.9,0,119,COMPLETE
6652,6652,10659.0,2023-11-15 11:19:22.762420,2023-11-15 11:19:23.411489,0 days 00:00:00.649069,0.2,10,0.75,0.4,3,139,COMPLETE
6653,6653,19328.25,2023-11-15 11:19:23.413713,2023-11-15 11:19:23.975353,0 days 00:00:00.561640,0.2,10,1.0,0.9,6,145,COMPLETE
6654,6654,18926.25,2023-11-15 11:19:23.977640,2023-11-15 11:19:24.554319,0 days 00:00:00.576679,0.2,10,0.5,0.9,2,147,COMPLETE
6655,6655,19261.0,2023-11-15 11:19:24.556542,2023-11-15 11:19:25.118578,0 days 00:00:00.562036,0.2,10,0.75,0.9,0,142,COMPLETE
6656,6656,18985.25,2023-11-15 11:19:25.120835,2023-11-15 11:19:25.685477,0 days 00:00:00.564642,0.2,10,0.75,0.8,3,138,COMPLETE
6657,6657,18588.25,2023-11-15 11:19:25.688027,2023-11-15 11:19:26.255780,0 days 00:00:00.567753,0.1,20,0.75,0.9,5,148,COMPLETE
6658,6658,19261.0,2023-11-15 11:19:26.258258,2023-11-15 11:19:26.827752,0 days 00:00:00.569494,0.30000000000000004,10,1.25,0.9,2,143,COMPLETE
6659,6659,19359.75,2023-11-15 11:19:26.829953,2023-11-15 11:19:27.399165,0 days 00:00:00.569212,0.2,10,0.75,0.9,0,145,COMPLETE
6660,6660,19132.0,2023-11-15 11:19:27.402170,2023-11-15 11:19:27.963144,0 days 00:00:00.560974,0.2,10,1.0,0.9,4,150,COMPLETE
6661,6661,12191.0,2023-11-15 11:19:27.965472,2023-11-15 11:19:28.576648,0 days 00:00:00.611176,0.1,100,0.75,0.9,2,141,COMPLETE
6662,6662,19261.0,2023-11-15 11:19:28.579373,2023-11-15 11:19:29.139428,0 days 00:00:00.560055,0.2,10,0.75,0.9,7,147,COMPLETE
6663,6663,19359.75,2023-11-15 11:19:29.141708,2023-11-15 11:19:29.708826,0 days 00:00:00.567118,0.2,10,0.75,0.6,0,145,COMPLETE
6664,6664,17560.25,2023-11-15 11:19:29.711095,2023-11-15 11:19:30.314513,0 days 00:00:00.603418,0.2,20,0.25,0.7000000000000001,2,135,COMPLETE
6665,6665,18992.75,2023-11-15 11:19:30.316869,2023-11-15 11:19:30.891219,0 days 00:00:00.574350,0.2,10,0.75,0.9,4,143,COMPLETE
6666,6666,19076.5,2023-11-15 11:19:30.893408,2023-11-15 11:19:31.466752,0 days 00:00:00.573344,0.1,10,0.75,0.9,0,139,COMPLETE
6667,6667,11400.25,2023-11-15 11:19:31.469516,2023-11-15 11:19:32.115421,0 days 00:00:00.645905,0.2,10,1.0,0.5,6,150,COMPLETE
6668,6668,14564.25,2023-11-15 11:19:32.117781,2023-11-15 11:19:32.721135,0 days 00:00:00.603354,0.4,10,0.75,0.30000000000000004,13,147,COMPLETE
6669,6669,17844.25,2023-11-15 11:19:32.723259,2023-11-15 11:19:33.299275,0 days 00:00:00.576016,0.30000000000000004,10,0.5,0.4,2,143,COMPLETE
6670,6670,19136.75,2023-11-15 11:19:33.302243,2023-11-15 11:19:33.897898,0 days 00:00:00.595655,0.2,10,0.75,0.8,9,147,COMPLETE
6671,6671,18811.75,2023-11-15 11:19:33.900285,2023-11-15 11:19:34.474737,0 days 00:00:00.574452,0.2,10,0.75,0.9,4,112,COMPLETE
6672,6672,19359.75,2023-11-15 11:19:34.477057,2023-11-15 11:19:35.049903,0 days 00:00:00.572846,0.1,10,1.25,0.2,0,145,COMPLETE
6673,6673,18953.25,2023-11-15 11:19:35.052527,2023-11-15 11:19:35.617740,0 days 00:00:00.565213,0.2,10,1.0,0.9,2,141,COMPLETE
6674,6674,19111.25,2023-11-15 11:19:35.620184,2023-11-15 11:19:36.181147,0 days 00:00:00.560963,0.2,10,0.75,0.9,5,150,COMPLETE
6675,6675,19064.75,2023-11-15 11:19:36.183559,2023-11-15 11:19:36.762671,0 days 00:00:00.579112,0.2,10,0.75,0.9,0,139,COMPLETE
6676,6676,18499.25,2023-11-15 11:19:36.764949,2023-11-15 11:19:37.356078,0 days 00:00:00.591129,0.2,20,0.75,0.9,3,145,COMPLETE
6677,6677,19261.0,2023-11-15 11:19:37.358357,2023-11-15 11:19:37.931660,0 days 00:00:00.573303,0.1,10,0.75,0.9,7,147,COMPLETE
6678,6678,19261.0,2023-11-15 11:19:37.934492,2023-11-15 11:19:38.506285,0 days 00:00:00.571793,0.2,10,1.25,0.9,2,142,COMPLETE
6679,6679,19161.25,2023-11-15 11:19:38.508544,2023-11-15 11:19:39.077756,0 days 00:00:00.569212,0.2,10,0.5,0.8,0,136,COMPLETE
6680,6680,19136.5,2023-11-15 11:19:39.080125,2023-11-15 11:19:39.655079,0 days 00:00:00.574954,0.2,10,0.75,0.9,4,148,COMPLETE
6681,6681,18936.75,2023-11-15 11:19:39.657369,2023-11-15 11:19:40.237184,0 days 00:00:00.579815,0.2,10,0.75,0.9,21,144,COMPLETE
6682,6682,16575.5,2023-11-15 11:19:40.239437,2023-11-15 11:19:40.849082,0 days 00:00:00.609645,0.1,40,1.0,0.9,2,140,COMPLETE
6683,6683,19111.25,2023-11-15 11:19:40.852139,2023-11-15 11:19:41.416226,0 days 00:00:00.564087,0.2,10,0.75,0.9,6,150,COMPLETE
6684,6684,19317.5,2023-11-15 11:19:41.419695,2023-11-15 11:19:41.989535,0 days 00:00:00.569840,0.30000000000000004,10,0.75,0.9,0,145,COMPLETE
6685,6685,0.0,2023-11-15 11:19:41.991704,2023-11-15 11:19:42.591025,0 days 00:00:00.599321,0.2,10,0.75,0.9,11,28,COMPLETE
6686,6686,18394.75,2023-11-15 11:19:42.593363,2023-11-15 11:19:43.167260,0 days 00:00:00.573897,0.1,20,0.75,0.9,4,143,COMPLETE
6687,6687,19261.0,2023-11-15 11:19:43.169591,2023-11-15 11:19:43.731981,0 days 00:00:00.562390,0.2,10,1.0,0.9,2,147,COMPLETE
6688,6688,19261.0,2023-11-15 11:19:43.734659,2023-11-15 11:19:44.298751,0 days 00:00:00.564092,0.2,10,0.75,0.9,0,140,COMPLETE
6689,6689,19136.75,2023-11-15 11:19:44.301717,2023-11-15 11:19:44.883433,0 days 00:00:00.581716,0.2,10,0.75,0.8,8,147,COMPLETE
6690,6690,18797.5,2023-11-15 11:19:44.885944,2023-11-15 11:19:45.460163,0 days 00:00:00.574219,0.1,10,0.25,0.9,4,143,COMPLETE
6691,6691,18975.0,2023-11-15 11:19:45.462448,2023-11-15 11:19:46.027488,0 days 00:00:00.565040,0.2,10,1.25,0.9,2,137,COMPLETE
6692,6692,19111.25,2023-11-15 11:19:46.029624,2023-11-15 11:19:46.594295,0 days 00:00:00.564671,0.2,10,0.75,0.9,6,150,COMPLETE
6693,6693,19265.0,2023-11-15 11:19:46.596551,2023-11-15 11:19:47.164503,0 days 00:00:00.567952,0.2,10,0.5,0.9,0,145,COMPLETE
6694,6694,15907.75,2023-11-15 11:19:47.166906,2023-11-15 11:19:47.763149,0 days 00:00:00.596243,0.1,10,0.75,0.5,2,132,COMPLETE
6695,6695,19017.5,2023-11-15 11:19:47.765394,2023-11-15 11:19:48.350936,0 days 00:00:00.585542,0.30000000000000004,10,0.75,0.9,4,142,COMPLETE
6696,6696,18584.75,2023-11-15 11:19:48.353814,2023-11-15 11:19:48.920188,0 days 00:00:00.566374,0.2,20,1.0,0.8,0,147,COMPLETE
6697,6697,12350.0,2023-11-15 11:19:48.922315,2023-11-15 11:19:49.549793,0 days 00:00:00.627478,0.2,10,0.75,0.1,2,150,COMPLETE
6698,6698,17281.0,2023-11-15 11:19:49.552462,2023-11-15 11:19:50.138089,0 days 00:00:00.585627,0.2,10,0.75,0.6,5,145,COMPLETE
6699,6699,19049.0,2023-11-15 11:19:50.140335,2023-11-15 11:19:50.703865,0 days 00:00:00.563530,0.2,10,0.75,0.9,2,140,COMPLETE
6700,6700,18903.5,2023-11-15 11:19:50.706203,2023-11-15 11:19:51.272993,0 days 00:00:00.566790,0.1,10,0.75,0.7000000000000001,8,147,COMPLETE
6701,6701,19261.0,2023-11-15 11:19:51.275629,2023-11-15 11:19:51.869646,0 days 00:00:00.594017,0.2,10,0.75,0.9,0,143,COMPLETE
6702,6702,18995.0,2023-11-15 11:19:51.872037,2023-11-15 11:19:52.434045,0 days 00:00:00.562008,0.2,10,1.0,0.9,4,137,COMPLETE
6703,6703,18493.25,2023-11-15 11:19:52.436586,2023-11-15 11:19:53.000893,0 days 00:00:00.564307,0.2,20,1.25,0.9,2,148,COMPLETE
6704,6704,19091.75,2023-11-15 11:19:53.003439,2023-11-15 11:19:53.568907,0 days 00:00:00.565468,0.1,10,0.75,0.9,6,143,COMPLETE
6705,6705,19264.75,2023-11-15 11:19:53.571136,2023-11-15 11:19:54.135887,0 days 00:00:00.564751,0.5,10,0.75,0.9,0,145,COMPLETE
6706,6706,18969.5,2023-11-15 11:19:54.138391,2023-11-15 11:19:54.711238,0 days 00:00:00.572847,0.30000000000000004,10,1.5,0.7000000000000001,4,141,COMPLETE
6707,6707,19093.75,2023-11-15 11:19:54.713410,2023-11-15 11:19:55.319039,0 days 00:00:00.605629,0.4,10,1.0,0.9,2,150,COMPLETE
6708,6708,19261.0,2023-11-15 11:19:55.321592,2023-11-15 11:19:55.896901,0 days 00:00:00.575309,0.2,10,0.75,0.9,0,147,COMPLETE
6709,6709,18898.0,2023-11-15 11:19:55.899150,2023-11-15 11:19:56.482929,0 days 00:00:00.583779,0.2,10,0.75,0.8,3,145,COMPLETE
6710,6710,18818.25,2023-11-15 11:19:56.486199,2023-11-15 11:19:57.059020,0 days 00:00:00.572821,0.2,10,0.75,0.9,6,139,COMPLETE
6711,6711,18978.0,2023-11-15 11:19:57.061269,2023-11-15 11:19:57.635175,0 days 00:00:00.573906,0.1,10,0.5,0.9,2,142,COMPLETE
6712,6712,19068.0,2023-11-15 11:19:57.637589,2023-11-15 11:19:58.204098,0 days 00:00:00.566509,0.2,10,0.75,0.9,10,145,COMPLETE
6713,6713,19164.75,2023-11-15 11:19:58.206333,2023-11-15 11:19:58.799531,0 days 00:00:00.593198,0.2,10,1.0,0.9,0,100,COMPLETE
6714,6714,18493.25,2023-11-15 11:19:58.802504,2023-11-15 11:19:59.370190,0 days 00:00:00.567686,0.2,20,0.75,0.9,4,148,COMPLETE
6715,6715,18973.0,2023-11-15 11:19:59.372382,2023-11-15 11:19:59.941039,0 days 00:00:00.568657,0.2,10,0.75,0.9,2,141,COMPLETE
6716,6716,19163.5,2023-11-15 11:19:59.943317,2023-11-15 11:20:00.525974,0 days 00:00:00.582657,0.2,10,1.25,0.9,8,150,COMPLETE
6717,6717,19359.75,2023-11-15 11:20:00.528267,2023-11-15 11:20:01.107583,0 days 00:00:00.579316,0.1,10,0.5,0.8,0,145,COMPLETE
6718,6718,19161.25,2023-11-15 11:20:01.110012,2023-11-15 11:20:01.687593,0 days 00:00:00.577581,0.2,10,0.75,0.9,4,137,COMPLETE
6719,6719,18603.75,2023-11-15 11:20:01.689859,2023-11-15 11:20:02.291977,0 days 00:00:00.602118,0.1,10,0.75,0.9,43,147,COMPLETE
6720,6720,18992.75,2023-11-15 11:20:02.294212,2023-11-15 11:20:02.880928,0 days 00:00:00.586716,0.2,10,0.75,0.9,2,143,COMPLETE
6721,6721,15291.25,2023-11-15 11:20:02.883084,2023-11-15 11:20:03.484113,0 days 00:00:00.601029,0.2,10,0.75,0.4,6,140,COMPLETE
6722,6722,19262.75,2023-11-15 11:20:03.486920,2023-11-15 11:20:04.066024,0 days 00:00:00.579104,0.2,10,0.25,0.9,0,148,COMPLETE
6723,6723,18927.25,2023-11-15 11:20:04.068638,2023-11-15 11:20:04.645875,0 days 00:00:00.577237,0.1,10,1.25,0.9,38,145,COMPLETE
6724,6724,19028.0,2023-11-15 11:20:04.648128,2023-11-15 11:20:05.245032,0 days 00:00:00.596904,0.30000000000000004,10,0.75,0.9,4,150,COMPLETE
6725,6725,19110.5,2023-11-15 11:20:05.247511,2023-11-15 11:20:05.810919,0 days 00:00:00.563408,0.2,10,1.0,0.8,2,143,COMPLETE
6726,6726,19261.0,2023-11-15 11:20:05.813177,2023-11-15 11:20:06.387278,0 days 00:00:00.574101,0.2,10,0.75,0.9,0,147,COMPLETE
6727,6727,0.0,2023-11-15 11:20:06.389618,2023-11-15 11:20:06.972475,0 days 00:00:00.582857,0.2,20,0.75,0.9,4,16,COMPLETE
6728,6728,18874.0,2023-11-15 11:20:06.974676,2023-11-15 11:20:07.548654,0 days 00:00:00.573978,0.2,10,0.5,0.9,2,135,COMPLETE
6729,6729,19066.25,2023-11-15 11:20:07.551277,2023-11-15 11:20:08.118179,0 days 00:00:00.566902,0.2,10,0.75,0.9,7,140,COMPLETE
6730,6730,19359.75,2023-11-15 11:20:08.121075,2023-11-15 11:20:08.700740,0 days 00:00:00.579665,0.1,10,1.0,0.9,0,145,COMPLETE
6731,6731,18992.75,2023-11-15 11:20:08.703577,2023-11-15 11:20:09.275788,0 days 00:00:00.572211,0.2,10,0.75,0.9,5,143,COMPLETE
6732,6732,13726.5,2023-11-15 11:20:09.277984,2023-11-15 11:20:09.888210,0 days 00:00:00.610226,0.2,90,0.75,0.6,2,150,COMPLETE
6733,6733,12541.75,2023-11-15 11:20:09.890483,2023-11-15 11:20:10.508439,0 days 00:00:00.617956,0.2,10,0.75,0.5,3,147,COMPLETE
6734,6734,19161.25,2023-11-15 11:20:10.510731,2023-11-15 11:20:11.078377,0 days 00:00:00.567646,0.30000000000000004,10,0.75,0.8,0,139,COMPLETE
6735,6735,14716.0,2023-11-15 11:20:11.080829,2023-11-15 11:20:11.711957,0 days 00:00:00.631128,0.8,20,0.75,0.9,6,143,COMPLETE
6736,6736,19105.0,2023-11-15 11:20:11.714128,2023-11-15 11:20:12.295884,0 days 00:00:00.581756,0.1,10,1.0,0.9,17,147,COMPLETE
6737,6737,18824.75,2023-11-15 11:20:12.298274,2023-11-15 11:20:12.879776,0 days 00:00:00.581502,0.2,10,0.25,0.9,2,141,COMPLETE
6738,6738,19359.75,2023-11-15 11:20:12.882277,2023-11-15 11:20:13.451573,0 days 00:00:00.569296,0.2,10,0.75,0.9,4,145,COMPLETE
6739,6739,19262.25,2023-11-15 11:20:13.454402,2023-11-15 11:20:14.018983,0 days 00:00:00.564581,0.1,10,2.0,0.9,0,148,COMPLETE
6740,6740,17258.75,2023-11-15 11:20:14.021551,2023-11-15 11:20:14.597340,0 days 00:00:00.575789,0.2,30,0.75,0.9,8,137,COMPLETE
6741,6741,19163.5,2023-11-15 11:20:14.599635,2023-11-15 11:20:15.173704,0 days 00:00:00.574069,0.2,10,1.25,0.9,2,150,COMPLETE
6742,6742,19261.0,2023-11-15 11:20:15.176597,2023-11-15 11:20:15.788899,0 days 00:00:00.612302,0.2,10,1.75,0.9,4,143,COMPLETE
6743,6743,16581.25,2023-11-15 11:20:15.791252,2023-11-15 11:20:16.386054,0 days 00:00:00.594802,0.1,50,0.75,0.9,0,145,COMPLETE
6744,6744,18584.75,2023-11-15 11:20:16.388555,2023-11-15 11:20:16.970617,0 days 00:00:00.582062,0.2,20,0.5,0.8,2,147,COMPLETE
6745,6745,19066.25,2023-11-15 11:20:16.972904,2023-11-15 11:20:17.547006,0 days 00:00:00.574102,0.2,10,0.75,0.9,6,141,COMPLETE
6746,6746,19068.0,2023-11-15 11:20:17.549171,2023-11-15 11:20:18.135618,0 days 00:00:00.586447,0.2,10,0.75,0.9,12,145,COMPLETE
6747,6747,19163.75,2023-11-15 11:20:18.137878,2023-11-15 11:20:18.728347,0 days 00:00:00.590469,0.30000000000000004,10,0.75,0.9,0,150,COMPLETE
6748,6748,18985.25,2023-11-15 11:20:18.730665,2023-11-15 11:20:19.305172,0 days 00:00:00.574507,0.2,10,0.75,0.9,4,138,COMPLETE
6749,6749,19016.5,2023-11-15 11:20:19.307491,2023-11-15 11:20:19.873590,0 days 00:00:00.566099,0.2,10,1.0,0.9,2,88,COMPLETE
6750,6750,19261.0,2023-11-15 11:20:19.876060,2023-11-15 11:20:20.453922,0 days 00:00:00.577862,0.1,10,0.75,0.5,0,143,COMPLETE
6751,6751,17029.5,2023-11-15 11:20:20.456460,2023-11-15 11:20:21.050198,0 days 00:00:00.593738,0.5,10,0.75,0.6,9,148,COMPLETE
6752,6752,18969.5,2023-11-15 11:20:21.053338,2023-11-15 11:20:21.628160,0 days 00:00:00.574822,0.2,10,1.25,0.8,3,141,COMPLETE
6753,6753,14544.25,2023-11-15 11:20:21.630442,2023-11-15 11:20:22.246249,0 days 00:00:00.615807,0.2,30,0.5,0.30000000000000004,6,134,COMPLETE
6754,6754,18863.5,2023-11-15 11:20:22.248479,2023-11-15 11:20:22.819641,0 days 00:00:00.571162,0.1,10,1.0,0.7000000000000001,2,145,COMPLETE
6755,6755,19261.0,2023-11-15 11:20:22.821820,2023-11-15 11:20:23.391619,0 days 00:00:00.569799,0.30000000000000004,10,0.75,0.9,4,147,COMPLETE
6756,6756,19163.75,2023-11-15 11:20:23.393854,2023-11-15 11:20:23.965190,0 days 00:00:00.571336,0.2,10,0.75,0.9,0,150,COMPLETE
6757,6757,19261.0,2023-11-15 11:20:23.967664,2023-11-15 11:20:24.544238,0 days 00:00:00.576574,0.7000000000000001,10,1.5,0.9,2,143,COMPLETE
6758,6758,16613.0,2023-11-15 11:20:24.546677,2023-11-15 11:20:25.140110,0 days 00:00:00.593433,0.2,20,0.75,0.9,32,48,COMPLETE
6759,6759,18985.25,2023-11-15 11:20:25.142365,2023-11-15 11:20:25.725117,0 days 00:00:00.582752,0.2,10,0.75,0.9,5,138,COMPLETE
6760,6760,19359.75,2023-11-15 11:20:25.727344,2023-11-15 11:20:26.301009,0 days 00:00:00.573665,0.2,10,1.0,0.9,0,145,COMPLETE
6761,6761,18973.0,2023-11-15 11:20:26.304153,2023-11-15 11:20:26.870263,0 days 00:00:00.566110,0.2,10,0.75,0.9,2,141,COMPLETE
6762,6762,14932.0,2023-11-15 11:20:26.872844,2023-11-15 11:20:27.482026,0 days 00:00:00.609182,0.4,70,0.75,0.9,4,147,COMPLETE
6763,6763,19261.0,2023-11-15 11:20:27.484412,2023-11-15 11:20:28.051918,0 days 00:00:00.567506,0.1,10,1.25,0.9,7,143,COMPLETE
6764,6764,18393.5,2023-11-15 11:20:28.054268,2023-11-15 11:20:28.641973,0 days 00:00:00.587705,0.2,20,0.75,0.2,0,150,COMPLETE
6765,6765,14968.5,2023-11-15 11:20:28.644101,2023-11-15 11:20:29.275775,0 days 00:00:00.631674,0.6,10,0.75,0.9,51,147,COMPLETE
6766,6766,18227.0,2023-11-15 11:20:29.277980,2023-11-15 11:20:29.871438,0 days 00:00:00.593458,0.2,10,0.25,0.8,2,139,COMPLETE
6767,6767,19065.0,2023-11-15 11:20:29.873943,2023-11-15 11:20:30.469400,0 days 00:00:00.595457,0.2,10,0.75,0.9,4,128,COMPLETE
6768,6768,19359.75,2023-11-15 11:20:30.471607,2023-11-15 11:20:31.046088,0 days 00:00:00.574481,0.1,10,0.5,0.9,0,145,COMPLETE
6769,6769,15439.5,2023-11-15 11:20:31.048351,2023-11-15 11:20:31.660500,0 days 00:00:00.612149,0.2,60,0.75,0.4,2,142,COMPLETE
6770,6770,19163.5,2023-11-15 11:20:31.662645,2023-11-15 11:20:32.239319,0 days 00:00:00.576674,0.30000000000000004,10,1.25,0.9,6,147,COMPLETE
6771,6771,19111.25,2023-11-15 11:20:32.241671,2023-11-15 11:20:32.814542,0 days 00:00:00.572871,0.2,10,0.75,0.9,3,150,COMPLETE
6772,6772,14546.0,2023-11-15 11:20:32.817045,2023-11-15 11:20:33.438543,0 days 00:00:00.621498,0.1,10,1.0,0.7000000000000001,10,145,COMPLETE
6773,6773,19064.75,2023-11-15 11:20:33.440873,2023-11-15 11:20:34.014470,0 days 00:00:00.573597,0.2,10,0.75,0.9,0,139,COMPLETE
6774,6774,18204.25,2023-11-15 11:20:34.017357,2023-11-15 11:20:34.620714,0 days 00:00:00.603357,0.2,10,0.75,0.6,5,142,COMPLETE
6775,6775,19261.0,2023-11-15 11:20:34.623038,2023-11-15 11:20:35.187776,0 days 00:00:00.564738,0.2,10,0.75,0.8,2,147,COMPLETE
6776,6776,19261.0,2023-11-15 11:20:35.189966,2023-11-15 11:20:35.766993,0 days 00:00:00.577027,0.1,10,1.0,0.9,0,143,COMPLETE
6777,6777,11432.25,2023-11-15 11:20:35.769834,2023-11-15 11:20:36.413374,0 days 00:00:00.643540,0.2,20,0.75,0.1,8,145,COMPLETE
6778,6778,18871.5,2023-11-15 11:20:36.415637,2023-11-15 11:20:37.003271,0 days 00:00:00.587634,0.2,10,0.75,0.9,4,135,COMPLETE
6779,6779,19132.0,2023-11-15 11:20:37.005496,2023-11-15 11:20:37.595928,0 days 00:00:00.590432,0.2,10,1.0,0.9,2,150,COMPLETE
6780,6780,19261.0,2023-11-15 11:20:37.598168,2023-11-15 11:20:38.177315,0 days 00:00:00.579147,0.1,10,0.5,0.9,0,140,COMPLETE
6781,6781,13607.5,2023-11-15 11:20:38.179503,2023-11-15 11:20:38.799659,0 days 00:00:00.620156,0.2,10,0.75,0.4,3,147,COMPLETE
6782,6782,18992.75,2023-11-15 11:20:38.802673,2023-11-15 11:20:39.379212,0 days 00:00:00.576539,0.2,10,0.75,0.9,6,143,COMPLETE
6783,6783,19201.25,2023-11-15 11:20:39.381403,2023-11-15 11:20:39.955519,0 days 00:00:00.574116,0.2,10,0.75,0.9,2,148,COMPLETE
6784,6784,14808.75,2023-11-15 11:20:39.957806,2023-11-15 11:20:40.574231,0 days 00:00:00.616425,0.2,10,0.75,0.9,83,145,COMPLETE
6785,6785,18975.0,2023-11-15 11:20:40.576418,2023-11-15 11:20:41.176782,0 days 00:00:00.600364,0.2,10,1.25,0.9,4,137,COMPLETE
6786,6786,18394.75,2023-11-15 11:20:41.179008,2023-11-15 11:20:41.766098,0 days 00:00:00.587090,0.30000000000000004,20,0.75,0.8,0,141,COMPLETE
6787,6787,19132.0,2023-11-15 11:20:41.769006,2023-11-15 11:20:42.346345,0 days 00:00:00.577339,0.1,10,1.0,0.9,2,150,COMPLETE
6788,6788,18947.0,2023-11-15 11:20:42.348659,2023-11-15 11:20:42.930199,0 days 00:00:00.581540,0.2,10,0.75,0.9,8,144,COMPLETE
6789,6789,16370.0,2023-11-15 11:20:42.932520,2023-11-15 11:20:43.537197,0 days 00:00:00.604677,0.2,10,0.25,0.5,5,147,COMPLETE
