,number,value,datetime_start,datetime_complete,duration,params_alpha,params_decay_interval,params_decay_rate,params_gamma,params_initialization,params_max_steps,state
6500,6500,17927.5,2023-11-15 12:33:24.085912,2023-11-15 12:33:24.633960,0 days 00:00:00.548048,0.8,10,2.25,0.9,26,65,COMPLETE
6501,6501,17750.25,2023-11-15 12:33:24.636896,2023-11-15 12:33:25.209596,0 days 00:00:00.572700,0.8,10,3.0,0.5,22,73,COMPLETE
6502,6502,17547.25,2023-11-15 12:33:25.211858,2023-11-15 12:33:25.780209,0 days 00:00:00.568351,0.8,10,3.0,0.9,18,68,COMPLETE
6503,6503,16095.75,2023-11-15 12:33:25.782530,2023-11-15 12:33:26.372269,0 days 00:00:00.589739,0.9,20,3.0,0.7000000000000001,8,78,COMPLETE
6504,6504,18493.25,2023-11-15 12:33:26.374698,2023-11-15 12:33:26.933358,0 days 00:00:00.558660,0.8,10,2.5,0.9,11,72,COMPLETE
6505,6505,17825.5,2023-11-15 12:33:26.936233,2023-11-15 12:33:27.534369,0 days 00:00:00.598136,0.8,10,2.75,0.9,14,70,COMPLETE
6506,6506,18682.0,2023-11-15 12:33:27.537276,2023-11-15 12:33:28.116135,0 days 00:00:00.578859,0.8,10,3.0,0.9,29,75,COMPLETE
6507,6507,17654.5,2023-11-15 12:33:28.118886,2023-11-15 12:33:28.701433,0 days 00:00:00.582547,0.8,10,3.0,0.9,23,65,COMPLETE
6508,6508,17549.5,2023-11-15 12:33:28.704134,2023-11-15 12:33:29.273526,0 days 00:00:00.569392,0.7000000000000001,10,2.75,0.9,20,68,COMPLETE
6509,6509,17188.25,2023-11-15 12:33:29.276138,2023-11-15 12:33:29.851005,0 days 00:00:00.574867,0.8,20,3.0,0.9,16,74,COMPLETE
6510,6510,19260.75,2023-11-15 12:33:29.853636,2023-11-15 12:33:30.418911,0 days 00:00:00.565275,0.8,10,3.0,0.9,25,71,COMPLETE
6511,6511,17271.75,2023-11-15 12:33:30.421977,2023-11-15 12:33:30.997710,0 days 00:00:00.575733,0.8,10,3.0,0.9,18,59,COMPLETE
6512,6512,17547.0,2023-11-15 12:33:31.000193,2023-11-15 12:33:31.581583,0 days 00:00:00.581390,0.8,10,2.75,0.8,21,78,COMPLETE
6513,6513,17115.5,2023-11-15 12:33:31.583906,2023-11-15 12:33:32.171008,0 days 00:00:00.587102,0.8,10,3.0,0.9,19,69,COMPLETE
6514,6514,17556.25,2023-11-15 12:33:32.173470,2023-11-15 12:33:32.783046,0 days 00:00:00.609576,0.9,10,3.0,0.9,23,81,COMPLETE
6515,6515,16543.25,2023-11-15 12:33:32.786227,2023-11-15 12:33:33.385616,0 days 00:00:00.599389,0.8,10,2.75,0.9,15,63,COMPLETE
6516,6516,17369.5,2023-11-15 12:33:33.388209,2023-11-15 12:33:33.972000,0 days 00:00:00.583791,0.8,10,3.0,0.9,17,73,COMPLETE
6517,6517,17917.0,2023-11-15 12:33:33.974399,2023-11-15 12:33:34.543801,0 days 00:00:00.569402,0.8,10,3.0,0.9,21,67,COMPLETE
6518,6518,16414.0,2023-11-15 12:33:34.546512,2023-11-15 12:33:35.139020,0 days 00:00:00.592508,0.2,10,3.0,0.9,19,76,COMPLETE
6519,6519,18407.5,2023-11-15 12:33:35.141484,2023-11-15 12:33:35.724584,0 days 00:00:00.583100,0.5,10,3.0,0.9,12,71,COMPLETE
6520,6520,14363.5,2023-11-15 12:33:35.726833,2023-11-15 12:33:36.325961,0 days 00:00:00.599128,0.8,50,2.5,0.9,40,67,COMPLETE
6521,6521,16809.25,2023-11-15 12:33:36.335273,2023-11-15 12:33:36.931911,0 days 00:00:00.596638,0.8,20,3.0,0.9,25,85,COMPLETE
6522,6522,18215.25,2023-11-15 12:33:36.934503,2023-11-15 12:33:37.506009,0 days 00:00:00.571506,0.8,10,2.75,0.9,17,72,COMPLETE
6523,6523,18679.5,2023-11-15 12:33:37.508228,2023-11-15 12:33:38.081612,0 days 00:00:00.573384,0.7000000000000001,10,3.0,0.9,23,75,COMPLETE
6524,6524,17654.5,2023-11-15 12:33:38.084217,2023-11-15 12:33:38.652550,0 days 00:00:00.568333,0.8,10,3.0,0.9,27,65,COMPLETE
6525,6525,17115.5,2023-11-15 12:33:38.655273,2023-11-15 12:33:39.230500,0 days 00:00:00.575227,0.8,10,2.75,0.9,14,69,COMPLETE
6526,6526,12363.75,2023-11-15 12:33:39.232911,2023-11-15 12:33:39.858282,0 days 00:00:00.625371,0.8,80,3.0,0.8,20,73,COMPLETE
6527,6527,17360.25,2023-11-15 12:33:39.860663,2023-11-15 12:33:40.444992,0 days 00:00:00.584329,0.8,10,3.0,0.9,22,78,COMPLETE
6528,6528,17825.5,2023-11-15 12:33:40.447453,2023-11-15 12:33:41.026722,0 days 00:00:00.579269,0.8,10,3.0,0.9,17,70,COMPLETE
6529,6529,16720.25,2023-11-15 12:33:41.028910,2023-11-15 12:33:41.619224,0 days 00:00:00.590314,0.8,10,2.75,0.9,19,61,COMPLETE
6530,6530,18682.0,2023-11-15 12:33:41.621650,2023-11-15 12:33:42.198488,0 days 00:00:00.576838,0.8,10,3.0,0.9,15,75,COMPLETE
6531,6531,17082.0,2023-11-15 12:33:42.200996,2023-11-15 12:33:42.788622,0 days 00:00:00.587626,0.9,10,3.0,0.6,24,66,COMPLETE
6532,6532,16773.0,2023-11-15 12:33:42.790892,2023-11-15 12:33:43.381082,0 days 00:00:00.590190,0.8,20,3.0,0.30000000000000004,21,72,COMPLETE
6533,6533,17382.25,2023-11-15 12:33:43.383292,2023-11-15 12:33:43.970492,0 days 00:00:00.587200,0.8,10,2.0,0.9,16,69,COMPLETE
6534,6534,18585.0,2023-11-15 12:33:43.972925,2023-11-15 12:33:44.529259,0 days 00:00:00.556334,0.7000000000000001,10,2.75,0.9,19,76,COMPLETE
6535,6535,17833.0,2023-11-15 12:33:44.531453,2023-11-15 12:33:45.089985,0 days 00:00:00.558532,0.8,10,3.0,0.9,22,80,COMPLETE
6536,6536,17642.25,2023-11-15 12:33:45.092085,2023-11-15 12:33:45.652448,0 days 00:00:00.560363,0.8,10,3.0,0.8,46,68,COMPLETE
6537,6537,16919.5,2023-11-15 12:33:45.654871,2023-11-15 12:33:46.211080,0 days 00:00:00.556209,0.8,10,3.0,0.5,26,64,COMPLETE
6538,6538,17920.75,2023-11-15 12:33:46.213330,2023-11-15 12:33:46.786672,0 days 00:00:00.573342,0.8,10,2.75,0.9,13,74,COMPLETE
6539,6539,18122.5,2023-11-15 12:33:46.788906,2023-11-15 12:33:47.409513,0 days 00:00:00.620607,0.8,10,3.0,0.9,17,72,COMPLETE
6540,6540,12552.25,2023-11-15 12:33:47.411922,2023-11-15 12:33:47.997643,0 days 00:00:00.585721,0.9,90,3.0,0.9,20,100,COMPLETE
6541,6541,17826.25,2023-11-15 12:33:47.999814,2023-11-15 12:33:48.548409,0 days 00:00:00.548595,0.8,10,2.5,0.9,24,70,COMPLETE
6542,6542,17917.0,2023-11-15 12:33:48.551027,2023-11-15 12:33:49.117771,0 days 00:00:00.566744,0.8,10,2.75,0.9,10,67,COMPLETE
6543,6543,17275.25,2023-11-15 12:33:49.120354,2023-11-15 12:33:49.666955,0 days 00:00:00.546601,0.8,20,2.25,0.9,18,72,COMPLETE
6544,6544,16923.25,2023-11-15 12:33:49.669591,2023-11-15 12:33:50.245196,0 days 00:00:00.575605,0.8,10,3.0,0.9,21,76,COMPLETE
6545,6545,16543.25,2023-11-15 12:33:50.247472,2023-11-15 12:33:50.798325,0 days 00:00:00.550853,0.8,10,3.0,0.9,28,63,COMPLETE
6546,6546,17115.5,2023-11-15 12:33:50.800607,2023-11-15 12:33:51.351634,0 days 00:00:00.551027,0.8,10,3.0,0.9,15,69,COMPLETE
6547,6547,17369.5,2023-11-15 12:33:51.354253,2023-11-15 12:33:51.910677,0 days 00:00:00.556424,0.8,10,2.75,0.9,22,73,COMPLETE
6548,6548,17453.0,2023-11-15 12:33:51.912862,2023-11-15 12:33:52.471454,0 days 00:00:00.558592,0.8,10,3.0,0.9,18,78,COMPLETE
6549,6549,16811.25,2023-11-15 12:33:52.474578,2023-11-15 12:33:53.041683,0 days 00:00:00.567105,0.8,10,3.0,0.8,13,66,COMPLETE
6550,6550,17829.75,2023-11-15 12:33:53.043833,2023-11-15 12:33:53.589675,0 days 00:00:00.545842,0.7000000000000001,10,3.0,0.9,20,70,COMPLETE
6551,6551,17188.25,2023-11-15 12:33:53.591905,2023-11-15 12:33:54.155580,0 days 00:00:00.563675,0.8,20,3.0,0.9,24,74,COMPLETE
6552,6552,17547.25,2023-11-15 12:33:54.161392,2023-11-15 12:33:54.728945,0 days 00:00:00.567553,0.8,10,2.75,0.9,16,68,COMPLETE
6553,6553,18316.5,2023-11-15 12:33:54.731533,2023-11-15 12:33:55.280987,0 days 00:00:00.549454,0.6,10,3.0,0.9,32,71,COMPLETE
6554,6554,17269.5,2023-11-15 12:33:55.283193,2023-11-15 12:33:55.836166,0 days 00:00:00.552973,0.8,30,3.0,0.9,19,82,COMPLETE
6555,6555,17654.5,2023-11-15 12:33:55.838642,2023-11-15 12:33:56.383178,0 days 00:00:00.544536,0.8,10,2.75,0.9,22,65,COMPLETE
6556,6556,16923.25,2023-11-15 12:33:56.385857,2023-11-15 12:33:56.946192,0 days 00:00:00.560335,0.8,10,3.0,0.9,15,76,COMPLETE
6557,6557,18122.5,2023-11-15 12:33:56.948346,2023-11-15 12:33:57.503927,0 days 00:00:00.555581,0.8,10,3.0,0.9,26,72,COMPLETE
6558,6558,16358.75,2023-11-15 12:33:57.506190,2023-11-15 12:33:58.056825,0 days 00:00:00.550635,0.9,10,3.0,0.9,17,61,COMPLETE
6559,6559,17115.5,2023-11-15 12:33:58.059083,2023-11-15 12:33:58.613369,0 days 00:00:00.554286,0.8,10,2.75,0.9,20,69,COMPLETE
6560,6560,17360.25,2023-11-15 12:33:58.615475,2023-11-15 12:33:59.169743,0 days 00:00:00.554268,0.8,10,3.0,0.9,23,78,COMPLETE
6561,6561,17828.0,2023-11-15 12:33:59.172077,2023-11-15 12:33:59.722970,0 days 00:00:00.550893,0.8,10,2.5,0.9,18,74,COMPLETE
6562,6562,14861.75,2023-11-15 12:33:59.725381,2023-11-15 12:34:00.273927,0 days 00:00:00.548546,0.8,20,3.0,0.9,12,32,COMPLETE
6563,6563,17920.5,2023-11-15 12:34:00.276109,2023-11-15 12:34:00.828594,0 days 00:00:00.552485,0.7000000000000001,10,3.0,0.9,20,67,COMPLETE
6564,6564,18122.5,2023-11-15 12:34:00.831136,2023-11-15 12:34:01.396122,0 days 00:00:00.564986,0.8,10,3.0,0.9,14,72,COMPLETE
6565,6565,11897.75,2023-11-15 12:34:01.398516,2023-11-15 12:34:01.971817,0 days 00:00:00.573301,0.8,60,2.75,0.9,17,65,COMPLETE
6566,6566,17922.5,2023-11-15 12:34:01.973962,2023-11-15 12:34:02.523304,0 days 00:00:00.549342,0.8,10,3.0,0.8,30,70,COMPLETE
6567,6567,18682.0,2023-11-15 12:34:02.525454,2023-11-15 12:34:03.071625,0 days 00:00:00.546171,0.8,10,3.0,0.9,25,75,COMPLETE
6568,6568,17927.5,2023-11-15 12:34:03.073761,2023-11-15 12:34:03.617575,0 days 00:00:00.543814,0.8,10,2.75,0.9,22,80,COMPLETE
6569,6569,17547.25,2023-11-15 12:34:03.620262,2023-11-15 12:34:04.166219,0 days 00:00:00.545957,0.8,10,3.0,0.9,19,68,COMPLETE
6570,6570,15248.25,2023-11-15 12:34:04.169120,2023-11-15 12:34:04.741254,0 days 00:00:00.572134,0.8,40,3.0,0.9,24,72,COMPLETE
6571,6571,16899.25,2023-11-15 12:34:04.744022,2023-11-15 12:34:05.353029,0 days 00:00:00.609007,0.9,10,2.75,0.9,16,63,COMPLETE
6572,6572,16898.75,2023-11-15 12:34:05.355217,2023-11-15 12:34:05.937158,0 days 00:00:00.581941,0.8,20,3.0,0.9,21,76,COMPLETE
6573,6573,19260.75,2023-11-15 12:34:05.939654,2023-11-15 12:34:06.509931,0 days 00:00:00.570277,0.8,10,3.0,0.9,18,71,COMPLETE
6574,6574,17917.0,2023-11-15 12:34:06.512886,2023-11-15 12:34:07.107604,0 days 00:00:00.594718,0.8,10,3.0,0.9,14,67,COMPLETE
6575,6575,18112.0,2023-11-15 12:34:07.110491,2023-11-15 12:34:07.686066,0 days 00:00:00.575575,0.8,10,2.5,0.8,21,74,COMPLETE
6576,6576,17825.5,2023-11-15 12:34:07.688460,2023-11-15 12:34:08.263639,0 days 00:00:00.575179,0.8,10,3.0,0.9,27,70,COMPLETE
6577,6577,17552.0,2023-11-15 12:34:08.266625,2023-11-15 12:34:08.873734,0 days 00:00:00.607109,0.8,10,2.75,0.9,23,79,COMPLETE
6578,6578,17654.5,2023-11-15 12:34:08.876267,2023-11-15 12:34:09.460789,0 days 00:00:00.584522,0.8,10,3.0,0.9,16,65,COMPLETE
6579,6579,17369.5,2023-11-15 12:34:09.463714,2023-11-15 12:34:10.016504,0 days 00:00:00.552790,0.8,10,3.0,0.9,10,73,COMPLETE
6580,6580,17111.5,2023-11-15 12:34:10.019573,2023-11-15 12:34:10.570871,0 days 00:00:00.551298,0.7000000000000001,10,3.0,0.9,19,69,COMPLETE
6581,6581,13706.5,2023-11-15 12:34:10.573102,2023-11-15 12:34:11.145288,0 days 00:00:00.572186,0.8,10,2.75,0.9,54,25,COMPLETE
6582,6582,17010.0,2023-11-15 12:34:11.147918,2023-11-15 12:34:11.748968,0 days 00:00:00.601050,0.9,10,2.25,0.9,21,76,COMPLETE
6583,6583,17917.0,2023-11-15 12:34:11.751425,2023-11-15 12:34:12.323196,0 days 00:00:00.571771,0.8,10,3.0,0.9,25,67,COMPLETE
6584,6584,18392.25,2023-11-15 12:34:12.325327,2023-11-15 12:34:12.873157,0 days 00:00:00.547830,0.8,20,3.0,0.9,17,71,COMPLETE
6585,6585,17920.75,2023-11-15 12:34:12.875714,2023-11-15 12:34:13.427167,0 days 00:00:00.551453,0.8,10,3.0,0.9,19,74,COMPLETE
6586,6586,17176.0,2023-11-15 12:34:13.429369,2023-11-15 12:34:13.978473,0 days 00:00:00.549104,0.8,10,2.75,0.9,14,58,COMPLETE
6587,6587,16543.25,2023-11-15 12:34:13.980679,2023-11-15 12:34:14.539732,0 days 00:00:00.559053,0.8,10,3.0,0.9,22,63,COMPLETE
6588,6588,18118.5,2023-11-15 12:34:14.542160,2023-11-15 12:34:15.114293,0 days 00:00:00.572133,0.8,10,2.5,0.9,12,77,COMPLETE
6589,6589,13250.0,2023-11-15 12:34:15.116551,2023-11-15 12:34:15.716282,0 days 00:00:00.599731,0.1,10,3.0,0.9,16,69,COMPLETE
6590,6590,17586.5,2023-11-15 12:34:15.718601,2023-11-15 12:34:16.273262,0 days 00:00:00.554661,0.4,10,3.0,0.8,23,72,COMPLETE
6591,6591,11652.0,2023-11-15 12:34:16.275652,2023-11-15 12:34:16.848967,0 days 00:00:00.573315,0.8,100,3.0,0.9,28,68,COMPLETE
6592,6592,17640.25,2023-11-15 12:34:16.851337,2023-11-15 12:34:17.399415,0 days 00:00:00.548078,0.7000000000000001,10,2.75,0.9,20,74,COMPLETE
6593,6593,17654.5,2023-11-15 12:34:17.401988,2023-11-15 12:34:17.962099,0 days 00:00:00.560111,0.8,10,3.0,0.9,18,65,COMPLETE
6594,6594,18392.25,2023-11-15 12:34:17.964412,2023-11-15 12:34:18.515033,0 days 00:00:00.550621,0.8,20,3.0,0.9,24,71,COMPLETE
6595,6595,17639.25,2023-11-15 12:34:18.517218,2023-11-15 12:34:19.101901,0 days 00:00:00.584683,0.9,10,2.75,0.9,15,78,COMPLETE
6596,6596,17917.0,2023-11-15 12:34:19.104576,2023-11-15 12:34:19.655553,0 days 00:00:00.550977,0.8,10,3.0,0.9,20,67,COMPLETE
6597,6597,17920.75,2023-11-15 12:34:19.657827,2023-11-15 12:34:20.199823,0 days 00:00:00.541996,0.8,10,3.0,0.9,18,74,COMPLETE
6598,6598,17825.5,2023-11-15 12:34:20.202620,2023-11-15 12:34:20.760865,0 days 00:00:00.558245,0.8,10,3.0,0.9,22,70,COMPLETE
6599,6599,17196.25,2023-11-15 12:34:20.763276,2023-11-15 12:34:21.321625,0 days 00:00:00.558349,0.8,10,2.75,0.9,17,76,COMPLETE
6600,6600,17642.5,2023-11-15 12:34:21.324044,2023-11-15 12:34:21.882936,0 days 00:00:00.558892,0.8,10,3.0,0.9,26,82,COMPLETE
6601,6601,18122.5,2023-11-15 12:34:21.885344,2023-11-15 12:34:22.437382,0 days 00:00:00.552038,0.8,10,3.0,0.9,20,72,COMPLETE
6602,6602,16699.25,2023-11-15 12:34:22.439893,2023-11-15 12:34:23.010809,0 days 00:00:00.570916,0.8,20,3.0,0.8,14,62,COMPLETE
6603,6603,17917.0,2023-11-15 12:34:23.013136,2023-11-15 12:34:23.569685,0 days 00:00:00.556549,0.8,10,2.75,0.9,23,67,COMPLETE
6604,6604,17829.25,2023-11-15 12:34:23.572138,2023-11-15 12:34:24.130173,0 days 00:00:00.558035,0.5,10,3.0,0.9,17,70,COMPLETE
6605,6605,17369.5,2023-11-15 12:34:24.132474,2023-11-15 12:34:24.690157,0 days 00:00:00.557683,0.8,10,3.0,0.9,21,73,COMPLETE
6606,6606,17654.5,2023-11-15 12:34:24.692642,2023-11-15 12:34:25.247894,0 days 00:00:00.555252,0.8,10,2.75,0.9,12,65,COMPLETE
6607,6607,17360.25,2023-11-15 12:34:25.250203,2023-11-15 12:34:25.811374,0 days 00:00:00.561171,0.8,10,3.0,0.9,25,78,COMPLETE
6608,6608,18015.25,2023-11-15 12:34:25.813755,2023-11-15 12:34:26.398983,0 days 00:00:00.585228,0.7000000000000001,10,2.25,0.9,19,120,COMPLETE
6609,6609,17470.75,2023-11-15 12:34:26.401452,2023-11-15 12:34:26.952887,0 days 00:00:00.551435,0.9,10,2.5,0.9,15,69,COMPLETE
6610,6610,17920.75,2023-11-15 12:34:26.955197,2023-11-15 12:34:27.505638,0 days 00:00:00.550441,0.8,10,3.0,0.9,22,74,COMPLETE
6611,6611,16373.0,2023-11-15 12:34:27.507913,2023-11-15 12:34:28.057130,0 days 00:00:00.549217,0.8,10,2.75,0.8,18,46,COMPLETE
6612,6612,19260.75,2023-11-15 12:34:28.059418,2023-11-15 12:34:28.603095,0 days 00:00:00.543677,0.8,10,3.0,0.9,20,71,COMPLETE
6613,6613,16532.75,2023-11-15 12:34:28.605423,2023-11-15 12:34:29.163476,0 days 00:00:00.558053,0.8,20,3.0,0.7000000000000001,24,67,COMPLETE
6614,6614,16923.25,2023-11-15 12:34:29.166089,2023-11-15 12:34:29.743776,0 days 00:00:00.577687,0.8,10,3.0,0.9,15,76,COMPLETE
6615,6615,17927.5,2023-11-15 12:34:29.746055,2023-11-15 12:34:30.299028,0 days 00:00:00.552973,0.8,10,2.75,0.9,17,80,COMPLETE
6616,6616,16726.25,2023-11-15 12:34:30.301514,2023-11-15 12:34:30.855163,0 days 00:00:00.553649,0.8,10,3.0,0.9,28,61,COMPLETE
6617,6617,17825.5,2023-11-15 12:34:30.857788,2023-11-15 12:34:31.407921,0 days 00:00:00.550133,0.8,10,3.0,0.9,22,70,COMPLETE
6618,6618,17460.25,2023-11-15 12:34:31.410524,2023-11-15 12:34:31.986780,0 days 00:00:00.576256,0.8,10,2.0,0.9,13,73,COMPLETE
6619,6619,13369.25,2023-11-15 12:34:31.989104,2023-11-15 12:34:32.566250,0 days 00:00:00.577146,0.8,50,3.0,0.9,20,65,COMPLETE
6620,6620,17547.25,2023-11-15 12:34:32.569011,2023-11-15 12:34:33.160669,0 days 00:00:00.591658,0.8,10,3.0,0.9,16,68,COMPLETE
6621,6621,18679.5,2023-11-15 12:34:33.162918,2023-11-15 12:34:33.710082,0 days 00:00:00.547164,0.7000000000000001,10,2.75,0.9,19,75,COMPLETE
6622,6622,18206.5,2023-11-15 12:34:33.712471,2023-11-15 12:34:34.263888,0 days 00:00:00.551417,0.8,10,3.0,0.6,8,72,COMPLETE
6623,6623,17020.25,2023-11-15 12:34:34.266047,2023-11-15 12:34:34.822827,0 days 00:00:00.556780,0.8,10,3.0,0.8,44,69,COMPLETE
6624,6624,17014.0,2023-11-15 12:34:34.825266,2023-11-15 12:34:35.380576,0 days 00:00:00.555310,0.8,10,2.75,0.9,26,64,COMPLETE
6625,6625,17375.75,2023-11-15 12:34:35.382830,2023-11-15 12:34:35.947745,0 days 00:00:00.564915,0.9,20,3.0,0.9,22,75,COMPLETE
6626,6626,19260.75,2023-11-15 12:34:35.950180,2023-11-15 12:34:36.534319,0 days 00:00:00.584139,0.8,10,3.0,0.9,18,71,COMPLETE
6627,6627,17360.25,2023-11-15 12:34:36.537171,2023-11-15 12:34:37.099210,0 days 00:00:00.562039,0.8,10,3.0,0.9,24,78,COMPLETE
6628,6628,17917.25,2023-11-15 12:34:37.101824,2023-11-15 12:34:37.655538,0 days 00:00:00.553714,0.8,10,2.5,0.9,16,67,COMPLETE
6629,6629,12710.5,2023-11-15 12:34:37.657898,2023-11-15 12:34:38.241212,0 days 00:00:00.583314,0.7000000000000001,70,3.0,0.9,21,74,COMPLETE
6630,6630,19260.75,2023-11-15 12:34:38.243399,2023-11-15 12:34:38.791817,0 days 00:00:00.548418,0.8,10,2.75,0.9,30,71,COMPLETE
6631,6631,16463.75,2023-11-15 12:34:38.794013,2023-11-15 12:34:39.355144,0 days 00:00:00.561131,0.8,20,3.0,0.9,11,84,COMPLETE
6632,6632,17547.25,2023-11-15 12:34:39.357697,2023-11-15 12:34:39.925920,0 days 00:00:00.568223,0.8,10,2.75,0.9,18,68,COMPLETE
6633,6633,16923.25,2023-11-15 12:34:39.928038,2023-11-15 12:34:40.487913,0 days 00:00:00.559875,0.8,10,3.0,0.9,14,76,COMPLETE
6634,6634,17654.5,2023-11-15 12:34:40.490070,2023-11-15 12:34:41.046249,0 days 00:00:00.556179,0.8,10,3.0,0.9,20,65,COMPLETE
6635,6635,17840.75,2023-11-15 12:34:41.049276,2023-11-15 12:34:41.617844,0 days 00:00:00.568568,0.9,10,3.0,0.9,24,72,COMPLETE
6636,6636,17926.25,2023-11-15 12:34:41.620826,2023-11-15 12:34:42.171706,0 days 00:00:00.550880,0.8,10,3.0,0.9,16,80,COMPLETE
6637,6637,17115.5,2023-11-15 12:34:42.174843,2023-11-15 12:34:42.727759,0 days 00:00:00.552916,0.8,10,2.75,0.9,22,69,COMPLETE
6638,6638,17461.25,2023-11-15 12:34:42.729914,2023-11-15 12:34:43.323268,0 days 00:00:00.593354,0.8,10,3.0,0.9,18,60,COMPLETE
6639,6639,18018.25,2023-11-15 12:34:43.325748,2023-11-15 12:34:43.876570,0 days 00:00:00.550822,0.8,10,3.0,0.8,20,74,COMPLETE
6640,6640,17927.25,2023-11-15 12:34:43.878930,2023-11-15 12:34:44.438496,0 days 00:00:00.559566,0.8,10,3.0,0.9,27,88,COMPLETE
6641,6641,18122.5,2023-11-15 12:34:44.440930,2023-11-15 12:34:44.995620,0 days 00:00:00.554690,0.8,10,3.0,0.9,13,72,COMPLETE
6642,6642,18120.0,2023-11-15 12:34:44.997800,2023-11-15 12:34:45.556580,0 days 00:00:00.558780,0.8,10,2.5,0.9,23,77,COMPLETE
6643,6643,16632.25,2023-11-15 12:34:45.558808,2023-11-15 12:34:46.118173,0 days 00:00:00.559365,0.8,10,2.75,0.9,19,63,COMPLETE
6644,6644,17115.5,2023-11-15 12:34:46.120894,2023-11-15 12:34:46.674956,0 days 00:00:00.554062,0.8,10,3.0,0.9,15,69,COMPLETE
6645,6645,16719.5,2023-11-15 12:34:46.677090,2023-11-15 12:34:47.253488,0 days 00:00:00.576398,0.8,10,3.0,0.9,25,66,COMPLETE
6646,6646,18392.25,2023-11-15 12:34:47.255734,2023-11-15 12:34:47.808517,0 days 00:00:00.552783,0.7000000000000001,20,2.75,0.9,21,71,COMPLETE
6647,6647,17364.25,2023-11-15 12:34:47.810672,2023-11-15 12:34:48.372818,0 days 00:00:00.562146,0.8,30,3.0,0.9,18,74,COMPLETE
6648,6648,17105.25,2023-11-15 12:34:48.374952,2023-11-15 12:34:48.935239,0 days 00:00:00.560287,0.8,10,3.0,0.30000000000000004,16,68,COMPLETE
6649,6649,18026.0,2023-11-15 12:34:48.938461,2023-11-15 12:34:49.492524,0 days 00:00:00.554063,0.8,10,2.75,0.9,23,77,COMPLETE
6650,6650,19260.75,2023-11-15 12:34:49.494923,2023-11-15 12:34:50.042209,0 days 00:00:00.547286,0.8,10,3.0,0.9,20,71,COMPLETE
6651,6651,17654.5,2023-11-15 12:34:50.044451,2023-11-15 12:34:50.612019,0 days 00:00:00.567568,0.8,10,3.0,0.9,17,65,COMPLETE
6652,6652,18018.25,2023-11-15 12:34:50.614451,2023-11-15 12:34:51.171458,0 days 00:00:00.557007,0.8,10,3.0,0.8,13,74,COMPLETE
6653,6653,16527.75,2023-11-15 12:34:51.173630,2023-11-15 12:34:51.738357,0 days 00:00:00.564727,0.9,20,3.0,0.9,25,69,COMPLETE
6654,6654,17832.5,2023-11-15 12:34:51.740571,2023-11-15 12:34:52.302296,0 days 00:00:00.561725,0.8,10,2.75,0.9,21,81,COMPLETE
6655,6655,18122.5,2023-11-15 12:34:52.304732,2023-11-15 12:34:52.860033,0 days 00:00:00.555301,0.8,10,3.0,0.9,19,72,COMPLETE
6656,6656,16849.0,2023-11-15 12:34:52.862312,2023-11-15 12:34:53.448697,0 days 00:00:00.586385,0.30000000000000004,10,2.5,0.9,11,67,COMPLETE
6657,6657,17456.5,2023-11-15 12:34:53.451060,2023-11-15 12:34:54.019697,0 days 00:00:00.568637,0.7000000000000001,10,3.0,0.9,15,78,COMPLETE
6658,6658,16448.0,2023-11-15 12:34:54.022047,2023-11-15 12:34:54.579967,0 days 00:00:00.557920,0.8,10,2.25,0.9,23,62,COMPLETE
6659,6659,18016.75,2023-11-15 12:34:54.582464,2023-11-15 12:34:55.148534,0 days 00:00:00.566070,0.8,10,3.0,0.5,17,70,COMPLETE
6660,6660,18682.0,2023-11-15 12:34:55.150889,2023-11-15 12:34:55.712234,0 days 00:00:00.561345,0.8,10,3.0,0.9,21,75,COMPLETE
6661,6661,16719.5,2023-11-15 12:34:55.714360,2023-11-15 12:34:56.273181,0 days 00:00:00.558821,0.8,10,2.75,0.9,26,66,COMPLETE
6662,6662,17369.5,2023-11-15 12:34:56.275482,2023-11-15 12:34:56.852601,0 days 00:00:00.577119,0.8,10,3.0,0.9,19,73,COMPLETE
6663,6663,17825.5,2023-11-15 12:34:56.855171,2023-11-15 12:34:57.417775,0 days 00:00:00.562604,0.8,10,3.0,0.9,17,70,COMPLETE
6664,6664,17196.25,2023-11-15 12:34:57.420844,2023-11-15 12:34:57.993589,0 days 00:00:00.572745,0.8,10,2.75,0.9,22,76,COMPLETE
6665,6665,15118.25,2023-11-15 12:34:57.995773,2023-11-15 12:34:58.561408,0 days 00:00:00.565635,0.8,40,3.0,0.9,14,68,COMPLETE
6666,6666,17368.0,2023-11-15 12:34:58.563626,2023-11-15 12:34:59.139009,0 days 00:00:00.575383,0.8,20,3.0,0.8,24,72,COMPLETE
6667,6667,17285.25,2023-11-15 12:34:59.141551,2023-11-15 12:34:59.702292,0 days 00:00:00.560741,0.9,10,3.0,0.9,19,64,COMPLETE
6668,6668,17737.0,2023-11-15 12:34:59.705029,2023-11-15 12:35:00.276156,0 days 00:00:00.571127,0.8,10,3.0,0.7000000000000001,16,79,COMPLETE
6669,6669,16626.25,2023-11-15 12:35:00.278687,2023-11-15 12:35:00.903939,0 days 00:00:00.625252,0.8,10,2.75,0.9,21,57,COMPLETE
6670,6670,17188.25,2023-11-15 12:35:00.906128,2023-11-15 12:35:01.470426,0 days 00:00:00.564298,0.8,10,3.0,0.9,18,73,COMPLETE
