,number,value,datetime_start,datetime_complete,duration,params_alpha,params_decay_interval,params_decay_rate,params_gamma,params_initialization,params_max_steps,state
2394,2394,17115.5,2023-11-15 12:06:27.017476,2023-11-15 12:06:27.251163,0 days 00:00:00.233687,0.8,10,2.75,0.9,24,69,COMPLETE
2395,2395,11897.75,2023-11-15 12:06:27.252483,2023-11-15 12:06:27.512767,0 days 00:00:00.260284,0.8,60,3.0,0.9,19,65,COMPLETE
2396,2396,18493.25,2023-11-15 12:06:27.514500,2023-11-15 12:06:27.740747,0 days 00:00:00.226247,0.8,10,2.5,0.9,22,72,COMPLETE
2397,2397,18121.5,2023-11-15 12:06:27.742209,2023-11-15 12:06:27.975428,0 days 00:00:00.233219,0.8,10,3.0,0.9,14,77,COMPLETE
2398,2398,11356.25,2023-11-15 12:06:27.977185,2023-11-15 12:06:28.237663,0 days 00:00:00.260478,0.8,90,2.75,0.9,17,69,COMPLETE
2399,2399,17920.75,2023-11-15 12:06:28.239300,2023-11-15 12:06:28.475078,0 days 00:00:00.235778,0.8,10,3.0,0.9,20,74,COMPLETE
2400,2400,17917.0,2023-11-15 12:06:28.476506,2023-11-15 12:06:28.719157,0 days 00:00:00.242651,0.8,10,3.0,0.9,18,67,COMPLETE
2401,2401,18973.5,2023-11-15 12:06:28.720507,2023-11-15 12:06:28.948633,0 days 00:00:00.228126,0.7000000000000001,10,3.0,0.9,24,71,COMPLETE
2402,2402,15630.5,2023-11-15 12:06:28.950097,2023-11-15 12:06:29.190312,0 days 00:00:00.240215,0.8,20,2.75,0.9,15,63,COMPLETE
2403,2403,16813.25,2023-11-15 12:06:29.191788,2023-11-15 12:06:29.457228,0 days 00:00:00.265440,0.8,10,3.0,0.5,22,57,COMPLETE
2404,2404,18682.0,2023-11-15 12:06:29.458927,2023-11-15 12:06:29.688684,0 days 00:00:00.229757,0.8,10,3.0,0.9,20,75,COMPLETE
2405,2405,19260.75,2023-11-15 12:06:29.689996,2023-11-15 12:06:29.915394,0 days 00:00:00.225398,0.8,10,3.0,0.9,13,71,COMPLETE
2406,2406,16719.5,2023-11-15 12:06:29.917030,2023-11-15 12:06:30.150833,0 days 00:00:00.233803,0.8,10,2.75,0.9,66,66,COMPLETE
2407,2407,17360.25,2023-11-15 12:06:30.152217,2023-11-15 12:06:30.389877,0 days 00:00:00.237660,0.8,10,3.0,0.9,16,78,COMPLETE
2408,2408,17115.5,2023-11-15 12:06:30.391249,2023-11-15 12:06:30.628286,0 days 00:00:00.237037,0.8,10,3.0,0.9,18,69,COMPLETE
2409,2409,17369.5,2023-11-15 12:06:30.629914,2023-11-15 12:06:30.869291,0 days 00:00:00.239377,0.8,10,3.0,0.9,22,73,COMPLETE
2410,2410,17115.5,2023-11-15 12:06:30.870806,2023-11-15 12:06:31.109152,0 days 00:00:00.238346,0.8,10,2.75,0.9,20,69,COMPLETE
2411,2411,18682.0,2023-11-15 12:06:31.110768,2023-11-15 12:06:31.344916,0 days 00:00:00.234148,0.8,10,3.0,0.9,16,75,COMPLETE
2412,2412,15392.25,2023-11-15 12:06:31.346392,2023-11-15 12:06:31.583451,0 days 00:00:00.237059,0.8,20,3.0,0.9,24,49,COMPLETE
2413,2413,18215.25,2023-11-15 12:06:31.584734,2023-11-15 12:06:31.819613,0 days 00:00:00.234879,0.8,10,2.75,0.9,18,72,COMPLETE
2414,2414,16933.5,2023-11-15 12:06:31.821137,2023-11-15 12:06:32.058497,0 days 00:00:00.237360,0.8,10,2.5,0.4,12,65,COMPLETE
2415,2415,18121.5,2023-11-15 12:06:32.060193,2023-11-15 12:06:32.292373,0 days 00:00:00.232180,0.8,10,3.0,0.9,20,77,COMPLETE
2416,2416,17115.5,2023-11-15 12:06:32.294195,2023-11-15 12:06:32.528671,0 days 00:00:00.234476,0.8,10,3.0,0.9,23,69,COMPLETE
2417,2417,18122.5,2023-11-15 12:06:32.530174,2023-11-15 12:06:32.773102,0 days 00:00:00.242928,0.8,10,3.0,0.9,14,72,COMPLETE
2418,2418,16632.25,2023-11-15 12:06:32.774676,2023-11-15 12:06:33.015316,0 days 00:00:00.240640,0.8,10,2.75,0.9,21,63,COMPLETE
2419,2419,17917.0,2023-11-15 12:06:33.016689,2023-11-15 12:06:33.248739,0 days 00:00:00.232050,0.8,10,3.0,0.9,17,67,COMPLETE
2420,2420,17640.25,2023-11-15 12:06:33.250183,2023-11-15 12:06:33.489918,0 days 00:00:00.239735,0.7000000000000001,10,3.0,0.9,20,74,COMPLETE
2421,2421,17825.5,2023-11-15 12:06:33.491324,2023-11-15 12:06:33.724052,0 days 00:00:00.232728,0.8,10,3.0,0.9,24,70,COMPLETE
2422,2422,17185.5,2023-11-15 12:06:33.725503,2023-11-15 12:06:33.968766,0 days 00:00:00.243263,0.8,20,2.75,0.9,18,77,COMPLETE
2423,2423,16719.5,2023-11-15 12:06:33.970116,2023-11-15 12:06:34.206317,0 days 00:00:00.236201,0.8,10,3.0,0.9,15,66,COMPLETE
2424,2424,19260.75,2023-11-15 12:06:34.207731,2023-11-15 12:06:34.435113,0 days 00:00:00.227382,0.8,10,2.5,0.9,22,71,COMPLETE
2425,2425,17920.75,2023-11-15 12:06:34.436805,2023-11-15 12:06:34.687844,0 days 00:00:00.251039,0.8,10,3.0,0.9,19,74,COMPLETE
2426,2426,16473.0,2023-11-15 12:06:34.689365,2023-11-15 12:06:34.931857,0 days 00:00:00.242492,0.6,10,3.0,0.9,16,61,COMPLETE
2427,2427,17825.5,2023-11-15 12:06:34.933192,2023-11-15 12:06:35.164589,0 days 00:00:00.231397,0.8,10,2.75,0.9,22,70,COMPLETE
2428,2428,17109.75,2023-11-15 12:06:35.166069,2023-11-15 12:06:35.407498,0 days 00:00:00.241429,0.4,10,3.0,0.9,19,67,COMPLETE
2429,2429,18682.0,2023-11-15 12:06:35.408977,2023-11-15 12:06:35.637272,0 days 00:00:00.228295,0.8,10,3.0,0.9,12,75,COMPLETE
2430,2430,18122.5,2023-11-15 12:06:35.638716,2023-11-15 12:06:35.874117,0 days 00:00:00.235401,0.8,10,3.0,0.9,24,72,COMPLETE
2431,2431,17547.25,2023-11-15 12:06:35.875456,2023-11-15 12:06:36.106655,0 days 00:00:00.231199,0.8,10,3.0,0.9,14,68,COMPLETE
2432,2432,15905.0,2023-11-15 12:06:36.108040,2023-11-15 12:06:36.346868,0 days 00:00:00.238828,0.8,20,2.75,0.9,17,64,COMPLETE
2433,2433,16274.25,2023-11-15 12:06:36.348433,2023-11-15 12:06:36.597910,0 days 00:00:00.249477,0.8,30,3.0,0.9,21,78,COMPLETE
2434,2434,17193.25,2023-11-15 12:06:36.599416,2023-11-15 12:06:36.839533,0 days 00:00:00.240117,0.30000000000000004,10,3.0,0.9,19,73,COMPLETE
2435,2435,17111.5,2023-11-15 12:06:36.840916,2023-11-15 12:06:37.081092,0 days 00:00:00.240176,0.7000000000000001,10,3.0,0.9,16,69,COMPLETE
2436,2436,18215.25,2023-11-15 12:06:37.082424,2023-11-15 12:06:37.318769,0 days 00:00:00.236345,0.8,10,2.75,0.9,24,72,COMPLETE
2437,2437,16923.25,2023-11-15 12:06:37.320148,2023-11-15 12:06:37.564922,0 days 00:00:00.244774,0.8,10,3.0,0.9,21,76,COMPLETE
2438,2438,17654.5,2023-11-15 12:06:37.566407,2023-11-15 12:06:37.799246,0 days 00:00:00.232839,0.8,10,3.0,0.9,18,65,COMPLETE
2439,2439,13317.0,2023-11-15 12:06:37.800610,2023-11-15 12:06:38.061747,0 days 00:00:00.261137,0.1,10,3.0,0.9,14,69,COMPLETE
2440,2440,17920.75,2023-11-15 12:06:38.063225,2023-11-15 12:06:38.297426,0 days 00:00:00.234201,0.8,10,2.75,0.9,22,74,COMPLETE
2441,2441,16280.75,2023-11-15 12:06:38.298931,2023-11-15 12:06:38.547634,0 days 00:00:00.248703,0.8,20,3.0,0.9,20,78,COMPLETE
2442,2442,18973.5,2023-11-15 12:06:38.549066,2023-11-15 12:06:38.780616,0 days 00:00:00.231550,0.7000000000000001,10,3.0,0.9,17,71,COMPLETE
2443,2443,17382.5,2023-11-15 12:06:38.781963,2023-11-15 12:06:39.016156,0 days 00:00:00.234193,0.8,10,2.5,0.9,19,69,COMPLETE
2444,2444,16719.5,2023-11-15 12:06:39.017610,2023-11-15 12:06:39.256451,0 days 00:00:00.238841,0.8,10,2.75,0.9,24,66,COMPLETE
2445,2445,16711.25,2023-11-15 12:06:39.257920,2023-11-15 12:06:39.494831,0 days 00:00:00.236911,0.8,10,3.0,0.9,15,62,COMPLETE
2446,2446,17920.75,2023-11-15 12:06:39.496349,2023-11-15 12:06:39.731844,0 days 00:00:00.235495,0.8,10,3.0,0.9,22,74,COMPLETE
2447,2447,18122.5,2023-11-15 12:06:39.733382,2023-11-15 12:06:39.963472,0 days 00:00:00.230090,0.8,10,3.0,0.9,12,72,COMPLETE
2448,2448,17917.0,2023-11-15 12:06:39.964816,2023-11-15 12:06:40.204535,0 days 00:00:00.239719,0.8,10,2.75,0.9,17,67,COMPLETE
2449,2449,16898.75,2023-11-15 12:06:40.206080,2023-11-15 12:06:40.447819,0 days 00:00:00.241739,0.8,20,3.0,0.9,20,76,COMPLETE
2450,2450,10191.75,2023-11-15 12:06:40.449190,2023-11-15 12:06:40.711351,0 days 00:00:00.262161,0.8,100,3.0,0.9,24,70,COMPLETE
2451,2451,18122.5,2023-11-15 12:06:40.713028,2023-11-15 12:06:40.950459,0 days 00:00:00.237431,0.8,10,3.0,0.9,18,72,COMPLETE
2452,2452,17917.0,2023-11-15 12:06:40.951797,2023-11-15 12:06:41.201939,0 days 00:00:00.250142,0.8,10,2.75,0.9,15,67,COMPLETE
2453,2453,17360.25,2023-11-15 12:06:41.203357,2023-11-15 12:06:41.439813,0 days 00:00:00.236456,0.8,10,3.0,0.9,22,78,COMPLETE
2454,2454,18682.0,2023-11-15 12:06:41.441227,2023-11-15 12:06:41.675092,0 days 00:00:00.233865,0.8,10,3.0,0.9,20,75,COMPLETE
2455,2455,17014.0,2023-11-15 12:06:41.676591,2023-11-15 12:06:41.913767,0 days 00:00:00.237176,0.8,10,3.0,0.9,17,64,COMPLETE
2456,2456,17825.5,2023-11-15 12:06:41.915181,2023-11-15 12:06:42.149874,0 days 00:00:00.234693,0.8,10,3.0,0.9,22,70,COMPLETE
2457,2457,16201.25,2023-11-15 12:06:42.151779,2023-11-15 12:06:42.400217,0 days 00:00:00.248438,0.5,10,2.75,0.9,97,73,COMPLETE
2458,2458,17547.25,2023-11-15 12:06:42.401808,2023-11-15 12:06:42.637646,0 days 00:00:00.235838,0.8,10,3.0,0.9,13,68,COMPLETE
2459,2459,18122.5,2023-11-15 12:06:42.639173,2023-11-15 12:06:42.875244,0 days 00:00:00.236071,0.8,10,3.0,0.9,19,72,COMPLETE
2460,2460,11829.5,2023-11-15 12:06:42.876829,2023-11-15 12:06:43.135806,0 days 00:00:00.258977,0.8,60,2.75,0.9,25,60,COMPLETE
2461,2461,18585.0,2023-11-15 12:06:43.137164,2023-11-15 12:06:43.380736,0 days 00:00:00.243572,0.7000000000000001,10,3.0,0.9,16,76,COMPLETE
2462,2462,16713.5,2023-11-15 12:06:43.382474,2023-11-15 12:06:43.621025,0 days 00:00:00.238551,0.8,10,2.5,0.9,20,66,COMPLETE
2463,2463,16617.75,2023-11-15 12:06:43.622375,2023-11-15 12:06:43.858604,0 days 00:00:00.236229,0.8,20,3.0,0.9,23,69,COMPLETE
2464,2464,17453.0,2023-11-15 12:06:43.860518,2023-11-15 12:06:44.095930,0 days 00:00:00.235412,0.8,10,3.0,0.9,15,78,COMPLETE
2465,2465,17920.75,2023-11-15 12:06:44.097460,2023-11-15 12:06:44.339626,0 days 00:00:00.242166,0.8,10,2.75,0.9,18,74,COMPLETE
2466,2466,19260.75,2023-11-15 12:06:44.341023,2023-11-15 12:06:44.571752,0 days 00:00:00.230729,0.8,10,3.0,0.9,21,71,COMPLETE
2467,2467,17014.0,2023-11-15 12:06:44.573049,2023-11-15 12:06:44.811560,0 days 00:00:00.238511,0.8,10,3.0,0.9,18,64,COMPLETE
2468,2468,17547.25,2023-11-15 12:06:44.813370,2023-11-15 12:06:45.051263,0 days 00:00:00.237893,0.8,10,2.75,0.9,24,68,COMPLETE
2469,2469,18122.5,2023-11-15 12:06:45.052551,2023-11-15 12:06:45.288606,0 days 00:00:00.236055,0.8,10,3.0,0.9,14,72,COMPLETE
2470,2470,18682.0,2023-11-15 12:06:45.290078,2023-11-15 12:06:45.523368,0 days 00:00:00.233290,0.8,10,3.0,0.9,21,75,COMPLETE
2471,2471,8789.25,2023-11-15 12:06:45.524798,2023-11-15 12:06:45.760283,0 days 00:00:00.235485,0.7000000000000001,10,3.0,0.9,17,15,COMPLETE
2472,2472,15042.0,2023-11-15 12:06:45.762074,2023-11-15 12:06:46.008678,0 days 00:00:00.246604,0.8,40,3.0,0.9,12,67,COMPLETE
2473,2473,17731.5,2023-11-15 12:06:46.010387,2023-11-15 12:06:46.247173,0 days 00:00:00.236786,0.8,10,2.75,0.9,19,70,COMPLETE
2474,2474,17188.25,2023-11-15 12:06:46.248631,2023-11-15 12:06:46.495607,0 days 00:00:00.246976,0.8,20,3.0,0.9,22,74,COMPLETE
2475,2475,18122.5,2023-11-15 12:06:46.497135,2023-11-15 12:06:46.736271,0 days 00:00:00.239136,0.8,10,3.0,0.9,25,72,COMPLETE
2476,2476,16719.75,2023-11-15 12:06:46.737731,2023-11-15 12:06:46.982817,0 days 00:00:00.245086,0.8,10,2.5,0.9,16,63,COMPLETE
2477,2477,17545.25,2023-11-15 12:06:46.984121,2023-11-15 12:06:47.221228,0 days 00:00:00.237107,0.8,10,2.75,0.9,20,78,COMPLETE
2478,2478,17289.75,2023-11-15 12:06:47.222804,2023-11-15 12:06:47.463121,0 days 00:00:00.240317,0.8,10,3.0,0.5,23,69,COMPLETE
2479,2479,16719.5,2023-11-15 12:06:47.464549,2023-11-15 12:06:47.704467,0 days 00:00:00.239918,0.8,10,3.0,0.9,18,66,COMPLETE
2480,2480,18682.0,2023-11-15 12:06:47.706025,2023-11-15 12:06:47.957063,0 days 00:00:00.251038,0.8,10,3.0,0.9,14,75,COMPLETE
2481,2481,19260.75,2023-11-15 12:06:47.958794,2023-11-15 12:06:48.188553,0 days 00:00:00.229759,0.8,10,2.75,0.9,20,71,COMPLETE
2482,2482,17549.5,2023-11-15 12:06:48.189961,2023-11-15 12:06:48.430796,0 days 00:00:00.240835,0.7000000000000001,10,3.0,0.9,16,68,COMPLETE
2483,2483,16280.75,2023-11-15 12:06:48.432178,2023-11-15 12:06:48.683735,0 days 00:00:00.251557,0.8,20,3.0,0.9,22,78,COMPLETE
2484,2484,17175.5,2023-11-15 12:06:48.685110,2023-11-15 12:06:48.923621,0 days 00:00:00.238511,0.8,10,3.0,0.9,25,58,COMPLETE
2485,2485,18215.25,2023-11-15 12:06:48.925141,2023-11-15 12:06:49.165085,0 days 00:00:00.239944,0.8,10,2.75,0.9,18,72,COMPLETE
2486,2486,17654.5,2023-11-15 12:06:49.166587,2023-11-15 12:06:49.402885,0 days 00:00:00.236298,0.8,10,3.0,0.9,21,65,COMPLETE
2487,2487,18682.0,2023-11-15 12:06:49.404281,2023-11-15 12:06:49.640172,0 days 00:00:00.235891,0.8,10,3.0,0.9,16,75,COMPLETE
2488,2488,17825.5,2023-11-15 12:06:49.641642,2023-11-15 12:06:49.879556,0 days 00:00:00.237914,0.8,10,3.0,0.9,12,70,COMPLETE
2489,2489,17547.25,2023-11-15 12:06:49.881290,2023-11-15 12:06:50.121042,0 days 00:00:00.239752,0.8,10,2.75,0.9,19,68,COMPLETE
2490,2490,16711.25,2023-11-15 12:06:50.122339,2023-11-15 12:06:50.364636,0 days 00:00:00.242297,0.8,10,3.0,0.9,23,62,COMPLETE
2491,2491,16464.5,2023-11-15 12:06:50.365997,2023-11-15 12:06:50.612680,0 days 00:00:00.246683,0.7000000000000001,20,3.0,0.9,14,73,COMPLETE
2492,2492,17360.25,2023-11-15 12:06:50.614517,2023-11-15 12:06:50.855317,0 days 00:00:00.240800,0.8,10,3.0,0.9,20,78,COMPLETE
2493,2493,17731.5,2023-11-15 12:06:50.856689,2023-11-15 12:06:51.092931,0 days 00:00:00.236242,0.8,10,2.75,0.9,25,70,COMPLETE
2494,2494,16719.5,2023-11-15 12:06:51.094778,2023-11-15 12:06:51.336821,0 days 00:00:00.242043,0.8,10,3.0,0.9,17,66,COMPLETE
2495,2495,18682.0,2023-11-15 12:06:51.338188,2023-11-15 12:06:51.572993,0 days 00:00:00.234805,0.8,10,3.0,0.9,22,75,COMPLETE
2496,2496,18493.25,2023-11-15 12:06:51.574464,2023-11-15 12:06:51.826268,0 days 00:00:00.251804,0.8,10,2.5,0.9,19,72,COMPLETE
2497,2497,17547.25,2023-11-15 12:06:51.828096,2023-11-15 12:06:52.066755,0 days 00:00:00.238659,0.8,10,3.0,0.9,15,68,COMPLETE
2498,2498,17270.25,2023-11-15 12:06:52.068191,2023-11-15 12:06:52.316066,0 days 00:00:00.247875,0.8,30,2.75,0.9,54,73,COMPLETE
2499,2499,17014.0,2023-11-15 12:06:52.317916,2023-11-15 12:06:52.567580,0 days 00:00:00.249664,0.8,10,3.0,0.9,24,64,COMPLETE
2500,2500,17825.5,2023-11-15 12:06:52.569117,2023-11-15 12:06:52.805277,0 days 00:00:00.236160,0.8,10,3.0,0.9,17,70,COMPLETE
2501,2501,16923.25,2023-11-15 12:06:52.806968,2023-11-15 12:06:53.056895,0 days 00:00:00.249927,0.8,10,3.0,0.9,20,76,COMPLETE
2502,2502,17917.0,2023-11-15 12:06:53.058628,2023-11-15 12:06:53.301713,0 days 00:00:00.243085,0.8,10,2.75,0.9,22,67,COMPLETE
2503,2503,17188.25,2023-11-15 12:06:53.303141,2023-11-15 12:06:53.545309,0 days 00:00:00.242168,0.8,10,3.0,0.9,18,73,COMPLETE
2504,2504,17555.25,2023-11-15 12:06:53.546826,2023-11-15 12:06:53.785031,0 days 00:00:00.238205,0.7000000000000001,10,3.0,0.9,14,79,COMPLETE
2505,2505,18392.25,2023-11-15 12:06:53.786373,2023-11-15 12:06:54.019167,0 days 00:00:00.232794,0.8,20,3.0,0.9,16,70,COMPLETE
2506,2506,17196.25,2023-11-15 12:06:54.020760,2023-11-15 12:06:54.264621,0 days 00:00:00.243861,0.8,10,2.75,0.9,21,76,COMPLETE
2507,2507,13378.75,2023-11-15 12:06:54.266190,2023-11-15 12:06:54.515115,0 days 00:00:00.248925,0.8,80,3.0,0.9,24,65,COMPLETE
2508,2508,12823.25,2023-11-15 12:06:54.516797,2023-11-15 12:06:54.785303,0 days 00:00:00.268506,0.8,70,2.5,0.9,19,71,COMPLETE
2509,2509,16711.25,2023-11-15 12:06:54.786602,2023-11-15 12:06:55.028440,0 days 00:00:00.241838,0.8,10,3.0,0.9,12,62,COMPLETE
2510,2510,17547.25,2023-11-15 12:06:55.030005,2023-11-15 12:06:55.266185,0 days 00:00:00.236180,0.8,10,3.0,0.9,17,68,COMPLETE
2511,2511,17486.75,2023-11-15 12:06:55.267635,2023-11-15 12:06:55.507242,0 days 00:00:00.239607,0.8,10,3.0,0.4,22,74,COMPLETE
2512,2512,19260.75,2023-11-15 12:06:55.508611,2023-11-15 12:06:55.752394,0 days 00:00:00.243783,0.8,10,2.75,0.9,20,71,COMPLETE
2513,2513,18679.5,2023-11-15 12:06:55.753863,2023-11-15 12:06:55.989632,0 days 00:00:00.235769,0.7000000000000001,10,3.0,0.9,25,75,COMPLETE
2514,2514,16620.5,2023-11-15 12:06:55.991229,2023-11-15 12:06:56.236248,0 days 00:00:00.245019,0.8,20,3.0,0.9,14,67,COMPLETE
2515,2515,17825.5,2023-11-15 12:06:56.237601,2023-11-15 12:06:56.477183,0 days 00:00:00.239582,0.8,10,2.75,0.9,18,70,COMPLETE
2516,2516,17360.25,2023-11-15 12:06:56.478873,2023-11-15 12:06:56.716937,0 days 00:00:00.238064,0.8,10,3.0,0.9,84,78,COMPLETE
2517,2517,17186.0,2023-11-15 12:06:56.718862,2023-11-15 12:06:56.964071,0 days 00:00:00.245209,0.8,10,3.0,0.9,23,73,COMPLETE
2518,2518,17654.5,2023-11-15 12:06:56.965556,2023-11-15 12:06:57.203452,0 days 00:00:00.237896,0.8,10,3.0,0.9,16,65,COMPLETE
2519,2519,17115.5,2023-11-15 12:06:57.204892,2023-11-15 12:06:57.448811,0 days 00:00:00.243919,0.8,10,2.75,0.9,20,69,COMPLETE
2520,2520,18122.5,2023-11-15 12:06:57.450281,2023-11-15 12:06:57.694442,0 days 00:00:00.244161,0.8,10,3.0,0.9,18,72,COMPLETE
2521,2521,17271.75,2023-11-15 12:06:57.696782,2023-11-15 12:06:57.934374,0 days 00:00:00.237592,0.8,10,3.0,0.9,23,59,COMPLETE
2522,2522,17196.25,2023-11-15 12:06:57.935806,2023-11-15 12:06:58.183713,0 days 00:00:00.247907,0.8,10,2.75,0.9,21,76,COMPLETE
2523,2523,16620.5,2023-11-15 12:06:58.185120,2023-11-15 12:06:58.433309,0 days 00:00:00.248189,0.8,20,3.0,0.9,15,67,COMPLETE
2524,2524,17459.75,2023-11-15 12:06:58.434671,2023-11-15 12:06:58.679827,0 days 00:00:00.245156,0.8,10,2.5,0.9,25,73,COMPLETE
2525,2525,16711.25,2023-11-15 12:06:58.681257,2023-11-15 12:06:58.922884,0 days 00:00:00.241627,0.8,10,3.0,0.9,19,62,COMPLETE
2526,2526,17825.5,2023-11-15 12:06:58.924339,2023-11-15 12:06:59.163687,0 days 00:00:00.239348,0.8,10,3.0,0.9,13,70,COMPLETE
2527,2527,17552.0,2023-11-15 12:06:59.165211,2023-11-15 12:06:59.405012,0 days 00:00:00.239801,0.8,10,2.75,0.9,16,79,COMPLETE
2528,2528,17920.75,2023-11-15 12:06:59.406826,2023-11-15 12:06:59.645356,0 days 00:00:00.238530,0.8,10,3.0,0.9,21,74,COMPLETE
2529,2529,17547.25,2023-11-15 12:06:59.646863,2023-11-15 12:06:59.885456,0 days 00:00:00.238593,0.8,10,3.0,0.9,18,68,COMPLETE
2530,2530,17654.5,2023-11-15 12:06:59.886849,2023-11-15 12:07:00.128622,0 days 00:00:00.241773,0.8,10,3.0,0.9,23,65,COMPLETE
2531,2531,19260.75,2023-11-15 12:07:00.129966,2023-11-15 12:07:00.365890,0 days 00:00:00.235924,0.8,10,2.75,0.9,20,71,COMPLETE
2532,2532,18026.0,2023-11-15 12:07:00.367503,2023-11-15 12:07:00.609729,0 days 00:00:00.242226,0.8,10,3.0,0.9,16,77,COMPLETE
2533,2533,17369.5,2023-11-15 12:07:00.611260,2023-11-15 12:07:00.852194,0 days 00:00:00.240934,0.8,10,3.0,0.9,12,73,COMPLETE
2534,2534,15382.0,2023-11-15 12:07:00.853574,2023-11-15 12:07:01.099989,0 days 00:00:00.246415,0.8,50,3.0,0.9,25,69,COMPLETE
2535,2535,17094.5,2023-11-15 12:07:01.101349,2023-11-15 12:07:01.349528,0 days 00:00:00.248179,0.7000000000000001,20,3.0,0.9,22,75,COMPLETE
2536,2536,17014.0,2023-11-15 12:07:01.351191,2023-11-15 12:07:01.597032,0 days 00:00:00.245841,0.8,10,3.0,0.9,18,64,COMPLETE
2537,2537,17917.0,2023-11-15 12:07:01.598556,2023-11-15 12:07:01.856742,0 days 00:00:00.258186,0.8,10,2.75,0.9,14,67,COMPLETE
2538,2538,18122.5,2023-11-15 12:07:01.858091,2023-11-15 12:07:02.095876,0 days 00:00:00.237785,0.8,10,3.0,0.9,20,72,COMPLETE
2539,2539,17825.5,2023-11-15 12:07:02.097335,2023-11-15 12:07:02.338224,0 days 00:00:00.240889,0.8,10,2.75,0.9,17,70,COMPLETE
2540,2540,17370.5,2023-11-15 12:07:02.339573,2023-11-15 12:07:02.585879,0 days 00:00:00.246306,0.8,10,2.5,0.9,22,79,COMPLETE
2541,2541,16923.25,2023-11-15 12:07:02.587306,2023-11-15 12:07:02.835833,0 days 00:00:00.248527,0.8,10,3.0,0.9,19,76,COMPLETE
2542,2542,17917.0,2023-11-15 12:07:02.837185,2023-11-15 12:07:03.081646,0 days 00:00:00.244461,0.8,10,3.0,0.9,25,67,COMPLETE
2543,2543,17275.25,2023-11-15 12:07:03.083084,2023-11-15 12:07:03.326314,0 days 00:00:00.243230,0.8,20,2.75,0.9,16,72,COMPLETE
2544,2544,17111.5,2023-11-15 12:07:03.328008,2023-11-15 12:07:03.573565,0 days 00:00:00.245557,0.7000000000000001,10,3.0,0.9,21,69,COMPLETE
2545,2545,17920.75,2023-11-15 12:07:03.575038,2023-11-15 12:07:03.817886,0 days 00:00:00.242848,0.8,10,3.0,0.9,18,74,COMPLETE
2546,2546,17014.0,2023-11-15 12:07:03.819324,2023-11-15 12:07:04.065581,0 days 00:00:00.246257,0.8,10,3.0,0.9,15,64,COMPLETE
2547,2547,19260.75,2023-11-15 12:07:04.067070,2023-11-15 12:07:04.300336,0 days 00:00:00.233266,0.8,10,3.0,0.9,23,71,COMPLETE
2548,2548,16632.75,2023-11-15 12:07:04.301663,2023-11-15 12:07:04.551524,0 days 00:00:00.249861,0.8,10,2.75,0.9,20,61,COMPLETE
2549,2549,17480.75,2023-11-15 12:07:04.553020,2023-11-15 12:07:04.797409,0 days 00:00:00.244389,0.4,10,3.0,0.9,18,77,COMPLETE
2550,2550,17917.0,2023-11-15 12:07:04.798954,2023-11-15 12:07:05.043084,0 days 00:00:00.244130,0.8,10,3.0,0.9,13,67,COMPLETE
2551,2551,17738.25,2023-11-15 12:07:05.045073,2023-11-15 12:07:05.285932,0 days 00:00:00.240859,0.6,10,2.75,0.9,23,74,COMPLETE
2552,2552,18392.25,2023-11-15 12:07:05.287288,2023-11-15 12:07:05.525117,0 days 00:00:00.237829,0.8,20,3.0,0.9,21,70,COMPLETE
2553,2553,11719.0,2023-11-15 12:07:05.526784,2023-11-15 12:07:05.797316,0 days 00:00:00.270532,0.8,90,3.0,0.9,16,66,COMPLETE
2554,2554,17459.75,2023-11-15 12:07:05.798695,2023-11-15 12:07:06.043354,0 days 00:00:00.244659,0.8,10,2.5,0.9,25,73,COMPLETE
2555,2555,17111.5,2023-11-15 12:07:06.045231,2023-11-15 12:07:06.290042,0 days 00:00:00.244811,0.7000000000000001,10,3.0,0.9,80,69,COMPLETE
2556,2556,17369.25,2023-11-15 12:07:06.291595,2023-11-15 12:07:06.534088,0 days 00:00:00.242493,0.8,10,3.0,0.9,19,79,COMPLETE
2557,2557,16923.25,2023-11-15 12:07:06.535553,2023-11-15 12:07:06.783338,0 days 00:00:00.247785,0.8,10,3.0,0.9,14,76,COMPLETE
2558,2558,19260.75,2023-11-15 12:07:06.784660,2023-11-15 12:07:07.023475,0 days 00:00:00.238815,0.8,10,2.75,0.9,17,71,COMPLETE
2559,2559,17654.5,2023-11-15 12:07:07.024835,2023-11-15 12:07:07.265980,0 days 00:00:00.241145,0.8,10,3.0,0.9,21,65,COMPLETE
2560,2560,17920.75,2023-11-15 12:07:07.267428,2023-11-15 12:07:07.508637,0 days 00:00:00.241209,0.8,10,2.75,0.9,23,74,COMPLETE
2561,2561,15606.0,2023-11-15 12:07:07.510083,2023-11-15 12:07:07.761620,0 days 00:00:00.251537,0.2,10,3.0,0.9,11,69,COMPLETE
2562,2562,18392.25,2023-11-15 12:07:07.763102,2023-11-15 12:07:08.000734,0 days 00:00:00.237632,0.8,20,3.0,0.9,19,71,COMPLETE
2563,2563,16818.75,2023-11-15 12:07:08.002105,2023-11-15 12:07:08.248441,0 days 00:00:00.246336,0.8,10,3.0,0.5,15,63,COMPLETE
2564,2564,15414.25,2023-11-15 12:07:08.249882,2023-11-15 12:07:08.527033,0 days 00:00:00.277151,0.8,40,2.75,0.9,25,76,COMPLETE
