,number,value,datetime_start,datetime_complete,duration,params_alpha,params_decay_interval,params_decay_rate,params_gamma,params_initialization,params_max_steps,state
5937,5937,18492.5,2023-11-15 13:47:56.171615,2023-11-15 13:47:56.684380,0 days 00:00:00.512765,0.8,10,1.25,0.8,16,100,COMPLETE
5938,5938,18209.0,2023-11-15 13:47:56.686591,2023-11-15 13:47:57.224553,0 days 00:00:00.537962,0.8,10,1.25,0.9,13,89,COMPLETE
5939,5939,18118.75,2023-11-15 13:47:57.227152,2023-11-15 13:47:57.737039,0 days 00:00:00.509887,0.8,10,1.0,0.7000000000000001,11,97,COMPLETE
5940,5940,18307.0,2023-11-15 13:47:57.739156,2023-11-15 13:47:58.257510,0 days 00:00:00.518354,0.8,10,1.5,0.8,5,94,COMPLETE
5941,5941,18023.5,2023-11-15 13:47:58.260078,2023-11-15 13:47:58.779919,0 days 00:00:00.519841,0.8,10,1.25,0.8,22,98,COMPLETE
5942,5942,18210.75,2023-11-15 13:47:58.782032,2023-11-15 13:47:59.301830,0 days 00:00:00.519798,0.8,10,1.75,0.8,18,100,COMPLETE
5943,5943,17640.25,2023-11-15 13:47:59.303873,2023-11-15 13:47:59.817536,0 days 00:00:00.513663,0.7000000000000001,30,1.25,0.8,15,96,COMPLETE
5944,5944,18023.5,2023-11-15 13:47:59.819593,2023-11-15 13:48:00.352137,0 days 00:00:00.532544,0.8,10,1.25,0.8,1,98,COMPLETE
5945,5945,18681.25,2023-11-15 13:48:00.354332,2023-11-15 13:48:00.868077,0 days 00:00:00.513745,0.8,10,1.25,0.8,7,99,COMPLETE
5946,5946,18202.0,2023-11-15 13:48:00.870213,2023-11-15 13:48:01.385866,0 days 00:00:00.515653,0.9,20,1.5,0.9,20,96,COMPLETE
5947,5947,18086.75,2023-11-15 13:48:01.388177,2023-11-15 13:48:01.905950,0 days 00:00:00.517773,0.8,10,1.0,0.8,17,92,COMPLETE
5948,5948,18492.5,2023-11-15 13:48:01.908549,2023-11-15 13:48:02.421870,0 days 00:00:00.513321,0.8,10,1.25,0.8,14,100,COMPLETE
5949,5949,18305.25,2023-11-15 13:48:02.424073,2023-11-15 13:48:02.947130,0 days 00:00:00.523057,0.8,10,1.5,0.8,3,98,COMPLETE
5950,5950,18019.5,2023-11-15 13:48:02.949127,2023-11-15 13:48:03.487343,0 days 00:00:00.538216,0.8,10,1.25,0.6,11,95,COMPLETE
5951,5951,18218.0,2023-11-15 13:48:03.489383,2023-11-15 13:48:04.002176,0 days 00:00:00.512793,0.8,10,1.25,0.8,18,97,COMPLETE
5952,5952,18399.0,2023-11-15 13:48:04.004311,2023-11-15 13:48:04.515323,0 days 00:00:00.511012,0.8,10,1.25,0.7000000000000001,9,100,COMPLETE
5953,5953,18023.5,2023-11-15 13:48:04.517348,2023-11-15 13:48:05.023904,0 days 00:00:00.506556,0.8,10,1.25,0.8,15,98,COMPLETE
5954,5954,18307.75,2023-11-15 13:48:05.026405,2023-11-15 13:48:05.540851,0 days 00:00:00.514446,0.7000000000000001,10,1.25,0.8,22,97,COMPLETE
5955,5955,18486.25,2023-11-15 13:48:05.543308,2023-11-15 13:48:06.056228,0 days 00:00:00.512920,0.8,10,1.25,0.8,5,94,COMPLETE
5956,5956,17660.75,2023-11-15 13:48:06.059000,2023-11-15 13:48:06.575686,0 days 00:00:00.516686,0.8,10,1.0,0.2,13,100,COMPLETE
5957,5957,17830.75,2023-11-15 13:48:06.578068,2023-11-15 13:48:07.108158,0 days 00:00:00.530090,0.8,20,1.25,0.8,19,98,COMPLETE
5958,5958,17286.25,2023-11-15 13:48:07.110516,2023-11-15 13:48:07.624634,0 days 00:00:00.514118,0.8,10,1.25,0.8,16,69,COMPLETE
5959,5959,18396.0,2023-11-15 13:48:07.626812,2023-11-15 13:48:08.150283,0 days 00:00:00.523471,0.8,10,1.25,0.9,50,96,COMPLETE
5960,5960,18209.75,2023-11-15 13:48:08.152371,2023-11-15 13:48:08.669998,0 days 00:00:00.517627,0.8,10,1.5,0.8,7,99,COMPLETE
5961,5961,17666.0,2023-11-15 13:48:08.671993,2023-11-15 13:48:09.200131,0 days 00:00:00.528138,0.30000000000000004,10,1.25,0.8,12,100,COMPLETE
5962,5962,17837.25,2023-11-15 13:48:09.202261,2023-11-15 13:48:09.719838,0 days 00:00:00.517577,0.8,10,1.25,0.8,2,95,COMPLETE
5963,5963,17093.5,2023-11-15 13:48:09.721895,2023-11-15 13:48:10.234397,0 days 00:00:00.512502,0.8,10,1.25,0.8,41,48,COMPLETE
5964,5964,18323.25,2023-11-15 13:48:10.236445,2023-11-15 13:48:10.760185,0 days 00:00:00.523740,0.8,10,1.0,0.8,21,97,COMPLETE
5965,5965,18209.5,2023-11-15 13:48:10.762567,2023-11-15 13:48:11.284860,0 days 00:00:00.522293,0.9,10,1.25,0.8,24,98,COMPLETE
5966,5966,4428.5,2023-11-15 13:48:11.287069,2023-11-15 13:48:11.805825,0 days 00:00:00.518756,0.8,20,1.5,0.7000000000000001,17,11,COMPLETE
5967,5967,18207.75,2023-11-15 13:48:11.808215,2023-11-15 13:48:12.326163,0 days 00:00:00.517948,0.8,10,1.25,0.8,10,93,COMPLETE
5968,5968,18492.5,2023-11-15 13:48:12.328294,2023-11-15 13:48:12.837097,0 days 00:00:00.508803,0.8,10,1.25,0.8,4,100,COMPLETE
5969,5969,18213.0,2023-11-15 13:48:12.839418,2023-11-15 13:48:13.353893,0 days 00:00:00.514475,0.8,10,1.25,0.5,14,96,COMPLETE
5970,5970,199.5,2023-11-15 13:48:13.356081,2023-11-15 13:48:14.162636,0 days 00:00:00.806555,0.8,10,2.25,0.9,0,98,COMPLETE
5971,5971,18033.0,2023-11-15 13:48:14.165032,2023-11-15 13:48:14.680346,0 days 00:00:00.515314,0.8,10,1.25,0.4,19,100,COMPLETE
5972,5972,18118.25,2023-11-15 13:48:14.682554,2023-11-15 13:48:15.205830,0 days 00:00:00.523276,0.7000000000000001,10,1.0,0.8,27,98,COMPLETE
5973,5973,17831.25,2023-11-15 13:48:15.208954,2023-11-15 13:48:15.728062,0 days 00:00:00.519108,0.8,10,1.5,0.8,7,95,COMPLETE
5974,5974,18218.0,2023-11-15 13:48:15.730436,2023-11-15 13:48:16.248931,0 days 00:00:00.518495,0.8,10,1.25,0.8,31,97,COMPLETE
5975,5975,18013.5,2023-11-15 13:48:16.251427,2023-11-15 13:48:16.770164,0 days 00:00:00.518737,0.9,20,1.25,0.8,16,100,COMPLETE
5976,5976,18023.5,2023-11-15 13:48:16.772221,2023-11-15 13:48:17.293481,0 days 00:00:00.521260,0.8,10,1.25,0.8,20,98,COMPLETE
5977,5977,18394.5,2023-11-15 13:48:17.295837,2023-11-15 13:48:17.839206,0 days 00:00:00.543369,0.8,10,1.25,0.8,13,96,COMPLETE
5978,5978,15490.0,2023-11-15 13:48:17.841527,2023-11-15 13:48:18.358067,0 days 00:00:00.516540,0.6,10,1.25,0.8,47,37,COMPLETE
5979,5979,18490.5,2023-11-15 13:48:18.360459,2023-11-15 13:48:18.872142,0 days 00:00:00.511683,0.8,10,1.0,0.7000000000000001,9,99,COMPLETE
5980,5980,17033.25,2023-11-15 13:48:18.874794,2023-11-15 13:48:19.403925,0 days 00:00:00.529131,0.2,10,1.5,0.9,18,94,COMPLETE
5981,5981,18492.5,2023-11-15 13:48:19.405978,2023-11-15 13:48:19.929874,0 days 00:00:00.523896,0.8,10,1.25,0.8,5,100,COMPLETE
5982,5982,18218.0,2023-11-15 13:48:19.931935,2023-11-15 13:48:20.451479,0 days 00:00:00.519544,0.8,10,1.25,0.8,15,97,COMPLETE
5983,5983,16201.5,2023-11-15 13:48:20.453693,2023-11-15 13:48:20.975636,0 days 00:00:00.521943,0.8,50,1.25,0.8,22,98,COMPLETE
5984,5984,18202.0,2023-11-15 13:48:20.977817,2023-11-15 13:48:21.517665,0 days 00:00:00.539848,0.8,20,1.75,0.8,11,96,COMPLETE
5985,5985,18401.5,2023-11-15 13:48:21.520206,2023-11-15 13:48:22.030539,0 days 00:00:00.510333,0.7000000000000001,10,1.25,0.8,18,100,COMPLETE
5986,5986,18310.75,2023-11-15 13:48:22.032545,2023-11-15 13:48:22.547935,0 days 00:00:00.515390,0.8,10,1.25,0.8,2,92,COMPLETE
5987,5987,15640.0,2023-11-15 13:48:22.550687,2023-11-15 13:48:23.066459,0 days 00:00:00.515772,0.8,10,1.25,0.8,15,30,COMPLETE
5988,5988,18115.25,2023-11-15 13:48:23.068542,2023-11-15 13:48:23.589488,0 days 00:00:00.520946,0.9,10,1.25,0.9,73,98,COMPLETE
5989,5989,17831.25,2023-11-15 13:48:23.592685,2023-11-15 13:48:24.115199,0 days 00:00:00.522514,0.8,10,1.5,0.8,24,95,COMPLETE
5990,5990,18322.0,2023-11-15 13:48:24.117284,2023-11-15 13:48:24.656388,0 days 00:00:00.539104,0.8,10,1.0,0.8,8,99,COMPLETE
5991,5991,18218.0,2023-11-15 13:48:24.659092,2023-11-15 13:48:25.176322,0 days 00:00:00.517230,0.8,10,1.25,0.8,13,97,COMPLETE
5992,5992,18401.0,2023-11-15 13:48:25.178328,2023-11-15 13:48:25.690509,0 days 00:00:00.512181,0.8,10,1.0,0.8,20,100,COMPLETE
5993,5993,18202.0,2023-11-15 13:48:25.693135,2023-11-15 13:48:26.203321,0 days 00:00:00.510186,0.8,20,1.25,0.8,4,96,COMPLETE
5994,5994,17931.25,2023-11-15 13:48:26.205350,2023-11-15 13:48:26.722369,0 days 00:00:00.517019,0.8,10,1.25,0.6,16,79,COMPLETE
5995,5995,18305.25,2023-11-15 13:48:26.725109,2023-11-15 13:48:27.241280,0 days 00:00:00.516171,0.8,10,1.5,0.8,6,98,COMPLETE
5996,5996,18303.5,2023-11-15 13:48:27.243712,2023-11-15 13:48:27.775886,0 days 00:00:00.532174,0.8,10,2.75,0.8,11,94,COMPLETE
5997,5997,18399.0,2023-11-15 13:48:27.778041,2023-11-15 13:48:28.296475,0 days 00:00:00.518434,0.8,10,1.25,0.8,17,100,COMPLETE
5998,5998,16549.0,2023-11-15 13:48:28.298585,2023-11-15 13:48:28.820887,0 days 00:00:00.522302,0.7000000000000001,10,1.25,0.7000000000000001,21,63,COMPLETE
5999,5999,18023.5,2023-11-15 13:48:28.823155,2023-11-15 13:48:29.343236,0 days 00:00:00.520081,0.8,10,1.25,0.8,14,98,COMPLETE
6000,6000,18300.75,2023-11-15 13:48:29.345395,2023-11-15 13:48:29.860127,0 days 00:00:00.514732,0.8,10,2.5,0.8,18,96,COMPLETE
6001,6001,18492.5,2023-11-15 13:48:29.862297,2023-11-15 13:48:30.420228,0 days 00:00:00.557931,0.8,10,1.25,0.8,3,100,COMPLETE
6002,6002,17841.75,2023-11-15 13:48:30.422280,2023-11-15 13:48:30.940910,0 days 00:00:00.518630,0.9,10,1.0,0.8,8,98,COMPLETE
6003,6003,18301.75,2023-11-15 13:48:30.943483,2023-11-15 13:48:31.454957,0 days 00:00:00.511474,0.8,10,1.25,0.9,20,93,COMPLETE
6004,6004,18209.5,2023-11-15 13:48:31.457662,2023-11-15 13:48:31.986754,0 days 00:00:00.529092,0.8,10,1.25,0.7000000000000001,12,98,COMPLETE
6005,6005,18394.5,2023-11-15 13:48:31.988951,2023-11-15 13:48:32.509596,0 days 00:00:00.520645,0.8,10,1.25,0.8,16,96,COMPLETE
6006,6006,18107.75,2023-11-15 13:48:32.511757,2023-11-15 13:48:33.030081,0 days 00:00:00.518324,0.8,20,1.5,0.8,9,100,COMPLETE
6007,6007,199.5,2023-11-15 13:48:33.032162,2023-11-15 13:48:33.801066,0 days 00:00:00.768904,0.8,10,0.75,0.8,0,98,COMPLETE
6008,6008,17833.5,2023-11-15 13:48:33.803134,2023-11-15 13:48:34.342127,0 days 00:00:00.538993,0.8,10,1.75,0.8,23,95,COMPLETE
6009,6009,18492.5,2023-11-15 13:48:34.344292,2023-11-15 13:48:34.868412,0 days 00:00:00.524120,0.8,10,1.25,0.8,6,100,COMPLETE
6010,6010,18122.5,2023-11-15 13:48:34.870500,2023-11-15 13:48:35.388117,0 days 00:00:00.517617,0.8,10,1.25,0.8,19,97,COMPLETE
6011,6011,17919.25,2023-11-15 13:48:35.390641,2023-11-15 13:48:35.916981,0 days 00:00:00.526340,0.8,20,1.25,0.8,14,99,COMPLETE
6012,6012,18112.5,2023-11-15 13:48:35.919019,2023-11-15 13:48:36.441062,0 days 00:00:00.522043,0.7000000000000001,10,1.5,0.8,3,94,COMPLETE
6013,6013,18217.25,2023-11-15 13:48:36.443631,2023-11-15 13:48:36.971047,0 days 00:00:00.527416,0.8,10,1.25,0.9,17,97,COMPLETE
6014,6014,17657.25,2023-11-15 13:48:36.973415,2023-11-15 13:48:37.515652,0 days 00:00:00.542237,0.4,10,1.0,0.7000000000000001,12,100,COMPLETE
6015,6015,17753.5,2023-11-15 13:48:37.517703,2023-11-15 13:48:38.042492,0 days 00:00:00.524789,0.5,10,2.0,0.8,26,98,COMPLETE
6016,6016,13472.0,2023-11-15 13:48:38.044971,2023-11-15 13:48:38.585627,0 days 00:00:00.540656,0.8,80,1.25,0.8,10,83,COMPLETE
6017,6017,17929.25,2023-11-15 13:48:38.587709,2023-11-15 13:48:39.106157,0 days 00:00:00.518448,0.8,10,1.25,0.8,21,71,COMPLETE
6018,6018,15242.75,2023-11-15 13:48:39.108945,2023-11-15 13:48:39.639701,0 days 00:00:00.530756,0.8,60,1.25,0.8,53,96,COMPLETE
6019,6019,18399.5,2023-11-15 13:48:39.642044,2023-11-15 13:48:40.158928,0 days 00:00:00.516884,0.9,10,1.25,0.8,15,100,COMPLETE
6020,6020,17838.5,2023-11-15 13:48:40.161047,2023-11-15 13:48:40.682870,0 days 00:00:00.521823,0.8,10,1.5,0.8,5,91,COMPLETE
6021,6021,18265.25,2023-11-15 13:48:40.685290,2023-11-15 13:48:41.231868,0 days 00:00:00.546578,0.8,10,1.25,0.9,18,98,COMPLETE
6022,6022,16911.75,2023-11-15 13:48:41.234127,2023-11-15 13:48:41.764545,0 days 00:00:00.530418,0.8,10,1.25,0.8,13,56,COMPLETE
6023,6023,17837.25,2023-11-15 13:48:41.766734,2023-11-15 13:48:42.294701,0 days 00:00:00.527967,0.8,10,1.25,0.8,2,95,COMPLETE
6024,6024,18322.0,2023-11-15 13:48:42.296947,2023-11-15 13:48:42.811042,0 days 00:00:00.514095,0.8,10,1.0,0.8,7,99,COMPLETE
6025,6025,17876.0,2023-11-15 13:48:42.813461,2023-11-15 13:48:43.336369,0 days 00:00:00.522908,0.7000000000000001,20,1.25,0.8,16,97,COMPLETE
6026,6026,18399.0,2023-11-15 13:48:43.338479,2023-11-15 13:48:43.870963,0 days 00:00:00.532484,0.8,10,1.25,0.8,22,100,COMPLETE
6027,6027,18301.75,2023-11-15 13:48:43.873166,2023-11-15 13:48:44.388918,0 days 00:00:00.515752,0.8,10,1.25,0.8,19,96,COMPLETE
6028,6028,14669.25,2023-11-15 13:48:44.391759,2023-11-15 13:48:44.929876,0 days 00:00:00.538117,0.8,70,1.0,0.8,17,98,COMPLETE
6029,6029,18218.0,2023-11-15 13:48:44.931936,2023-11-15 13:48:45.453116,0 days 00:00:00.521180,0.8,10,1.25,0.9,10,100,COMPLETE
6030,6030,17935.0,2023-11-15 13:48:45.455537,2023-11-15 13:48:45.985795,0 days 00:00:00.530258,0.8,10,1.5,0.7000000000000001,14,98,COMPLETE
6031,6031,18207.75,2023-11-15 13:48:45.988027,2023-11-15 13:48:46.519534,0 days 00:00:00.531507,0.8,10,1.25,0.8,5,93,COMPLETE
6032,6032,18207.75,2023-11-15 13:48:46.521668,2023-11-15 13:48:47.045389,0 days 00:00:00.523721,0.9,10,1.25,0.8,12,96,COMPLETE
6033,6033,18023.5,2023-11-15 13:48:47.047768,2023-11-15 13:48:47.593615,0 days 00:00:00.545847,0.8,10,1.25,0.8,20,98,COMPLETE
6034,6034,18238.5,2023-11-15 13:48:47.595852,2023-11-15 13:48:48.117709,0 days 00:00:00.521857,0.8,10,1.0,0.8,8,100,COMPLETE
6035,6035,18486.25,2023-11-15 13:48:48.119738,2023-11-15 13:48:48.635625,0 days 00:00:00.515887,0.8,10,1.25,0.8,1,94,COMPLETE
6036,6036,18488.75,2023-11-15 13:48:48.637708,2023-11-15 13:48:49.154165,0 days 00:00:00.516457,0.8,10,1.75,0.8,24,96,COMPLETE
6037,6037,17925.0,2023-11-15 13:48:49.156541,2023-11-15 13:48:49.675959,0 days 00:00:00.519418,0.8,20,1.5,0.8,15,98,COMPLETE
6038,6038,18492.75,2023-11-15 13:48:49.678034,2023-11-15 13:48:50.200452,0 days 00:00:00.522418,0.8,10,1.25,0.9,17,100,COMPLETE
6039,6039,18218.0,2023-11-15 13:48:50.202690,2023-11-15 13:48:50.741168,0 days 00:00:00.538478,0.8,10,1.25,0.8,4,97,COMPLETE
6040,6040,17837.25,2023-11-15 13:48:50.743976,2023-11-15 13:48:51.270731,0 days 00:00:00.526755,0.8,10,1.25,0.8,22,95,COMPLETE
6041,6041,18681.25,2023-11-15 13:48:51.272851,2023-11-15 13:48:51.820302,0 days 00:00:00.547451,0.8,10,1.25,0.8,11,99,COMPLETE
6042,6042,18023.5,2023-11-15 13:48:51.822554,2023-11-15 13:48:52.362975,0 days 00:00:00.540421,0.7000000000000001,10,1.25,0.7000000000000001,19,98,COMPLETE
6043,6043,15059.75,2023-11-15 13:48:52.365050,2023-11-15 13:48:52.916532,0 days 00:00:00.551482,0.8,10,1.5,0.8,29,34,COMPLETE
6044,6044,18307.0,2023-11-15 13:48:52.918557,2023-11-15 13:48:53.511599,0 days 00:00:00.593042,0.9,10,1.25,0.8,6,100,COMPLETE
6045,6045,18126.75,2023-11-15 13:48:53.514238,2023-11-15 13:48:54.230199,0 days 00:00:00.715961,0.8,20,1.0,0.8,15,96,COMPLETE
6046,6046,18023.5,2023-11-15 13:48:54.232283,2023-11-15 13:48:54.782283,0 days 00:00:00.550000,0.8,10,1.25,0.8,17,98,COMPLETE
6047,6047,18410.75,2023-11-15 13:48:54.784455,2023-11-15 13:48:55.334253,0 days 00:00:00.549798,0.8,10,1.25,0.8,13,94,COMPLETE
6048,6048,18306.25,2023-11-15 13:48:55.336274,2023-11-15 13:48:55.896037,0 days 00:00:00.559763,0.8,10,1.25,0.9,2,100,COMPLETE
6049,6049,16820.25,2023-11-15 13:48:55.898101,2023-11-15 13:48:56.514155,0 days 00:00:00.616054,0.8,40,1.25,0.8,9,97,COMPLETE
6050,6050,18681.25,2023-11-15 13:48:56.516340,2023-11-15 13:48:57.151052,0 days 00:00:00.634712,0.8,10,1.25,0.8,19,99,COMPLETE
6051,6051,18202.0,2023-11-15 13:48:57.153142,2023-11-15 13:48:57.731595,0 days 00:00:00.578453,0.8,20,1.5,0.8,21,96,COMPLETE
6052,6052,18401.25,2023-11-15 13:48:57.734484,2023-11-15 13:48:58.335499,0 days 00:00:00.601015,0.8,10,1.0,0.7000000000000001,7,100,COMPLETE
6053,6053,18023.5,2023-11-15 13:48:58.338436,2023-11-15 13:48:58.945657,0 days 00:00:00.607221,0.8,10,1.25,0.8,15,98,COMPLETE
6054,6054,382.0,2023-11-15 13:48:58.948288,2023-11-15 13:48:59.777931,0 days 00:00:00.829643,0.8,30,1.25,0.8,0,95,COMPLETE
6055,6055,17746.0,2023-11-15 13:48:59.780425,2023-11-15 13:49:00.479147,0 days 00:00:00.698722,0.7000000000000001,10,1.25,0.8,17,77,COMPLETE
6056,6056,18310.75,2023-11-15 13:49:00.481669,2023-11-15 13:49:01.094923,0 days 00:00:00.613254,0.8,10,1.25,0.8,4,92,COMPLETE
6057,6057,12692.75,2023-11-15 13:49:01.096991,2023-11-15 13:49:01.706634,0 days 00:00:00.609643,0.8,100,1.25,0.8,11,97,COMPLETE
6058,6058,18307.0,2023-11-15 13:49:01.709573,2023-11-15 13:49:02.258697,0 days 00:00:00.549124,0.9,10,1.25,0.8,13,100,COMPLETE
6059,6059,17935.0,2023-11-15 13:49:02.260762,2023-11-15 13:49:02.802266,0 days 00:00:00.541504,0.8,10,1.5,0.8,23,88,COMPLETE
6060,6060,18117.5,2023-11-15 13:49:02.804329,2023-11-15 13:49:03.353519,0 days 00:00:00.549190,0.8,10,1.25,0.9,19,98,COMPLETE
6061,6061,18497.5,2023-11-15 13:49:03.355849,2023-11-15 13:49:03.917957,0 days 00:00:00.562108,0.8,10,1.0,0.8,9,96,COMPLETE
6062,6062,18023.5,2023-11-15 13:49:03.920062,2023-11-15 13:49:04.488139,0 days 00:00:00.568077,0.8,10,1.25,0.8,16,98,COMPLETE
6063,6063,18399.0,2023-11-15 13:49:04.490932,2023-11-15 13:49:05.047290,0 days 00:00:00.556358,0.8,10,1.25,0.8,25,100,COMPLETE
6064,6064,17840.25,2023-11-15 13:49:05.049546,2023-11-15 13:49:05.612848,0 days 00:00:00.563302,0.7000000000000001,10,1.0,0.8,3,94,COMPLETE
6065,6065,18401.5,2023-11-15 13:49:05.619077,2023-11-15 13:49:06.162407,0 days 00:00:00.543330,0.8,10,1.75,0.8,21,97,COMPLETE
6066,6066,18306.25,2023-11-15 13:49:06.164421,2023-11-15 13:49:06.740863,0 days 00:00:00.576442,0.8,10,1.25,0.7000000000000001,14,99,COMPLETE
6067,6067,18306.25,2023-11-15 13:49:06.743364,2023-11-15 13:49:07.297515,0 days 00:00:00.554151,0.8,10,1.25,0.9,18,100,COMPLETE
6068,6068,18202.0,2023-11-15 13:49:07.299597,2023-11-15 13:49:07.835189,0 days 00:00:00.535592,0.8,20,1.5,0.8,6,96,COMPLETE
6069,6069,17936.5,2023-11-15 13:49:07.837539,2023-11-15 13:49:08.381982,0 days 00:00:00.544443,0.6,10,1.25,0.5,12,98,COMPLETE
6070,6070,18410.75,2023-11-15 13:49:08.384309,2023-11-15 13:49:08.955733,0 days 00:00:00.571424,0.8,10,1.25,0.8,16,94,COMPLETE
6071,6071,18023.5,2023-11-15 13:49:08.958403,2023-11-15 13:49:09.513617,0 days 00:00:00.555214,0.8,10,1.25,0.8,10,98,COMPLETE
6072,6072,13089.5,2023-11-15 13:49:09.516177,2023-11-15 13:49:10.093882,0 days 00:00:00.577705,0.9,90,1.25,0.8,20,100,COMPLETE
6073,6073,16453.0,2023-11-15 13:49:10.096471,2023-11-15 13:49:10.679185,0 days 00:00:00.582714,0.8,10,1.5,0.8,7,45,COMPLETE
6074,6074,18218.0,2023-11-15 13:49:10.681946,2023-11-15 13:49:11.262242,0 days 00:00:00.580296,0.8,10,1.25,0.8,4,97,COMPLETE
6075,6075,17005.25,2023-11-15 13:49:11.264344,2023-11-15 13:49:11.824361,0 days 00:00:00.560017,0.8,20,1.25,0.8,14,95,COMPLETE
6076,6076,18458.5,2023-11-15 13:49:11.826480,2023-11-15 13:49:12.372569,0 days 00:00:00.546089,0.8,10,1.0,0.8,17,100,COMPLETE
6077,6077,18023.5,2023-11-15 13:49:12.375382,2023-11-15 13:49:12.956829,0 days 00:00:00.581447,0.8,10,1.25,0.8,2,98,COMPLETE
6078,6078,18396.0,2023-11-15 13:49:12.959574,2023-11-15 13:49:13.507803,0 days 00:00:00.548229,0.8,10,1.25,0.9,19,96,COMPLETE
6079,6079,18212.0,2023-11-15 13:49:13.509910,2023-11-15 13:49:14.050078,0 days 00:00:00.540168,0.8,10,0.5,0.8,12,98,COMPLETE
6080,6080,17840.0,2023-11-15 13:49:14.052144,2023-11-15 13:49:14.581257,0 days 00:00:00.529113,0.8,10,1.25,0.7000000000000001,15,91,COMPLETE
6081,6081,18306.5,2023-11-15 13:49:14.583593,2023-11-15 13:49:15.112570,0 days 00:00:00.528977,0.8,10,1.5,0.8,9,100,COMPLETE
6082,6082,17306.75,2023-11-15 13:49:15.114891,2023-11-15 13:49:15.649808,0 days 00:00:00.534917,0.8,10,1.0,0.1,21,96,COMPLETE
6083,6083,18302.25,2023-11-15 13:49:15.651988,2023-11-15 13:49:16.178066,0 days 00:00:00.526078,0.9,10,1.25,0.8,5,98,COMPLETE
6084,6084,17752.5,2023-11-15 13:49:16.180162,2023-11-15 13:49:16.734351,0 days 00:00:00.554189,0.8,10,1.25,0.4,18,93,COMPLETE
6085,6085,17738.5,2023-11-15 13:49:16.736729,2023-11-15 13:49:17.262657,0 days 00:00:00.525928,0.7000000000000001,20,1.25,0.8,23,100,COMPLETE
6086,6086,199.5,2023-11-15 13:49:17.264899,2023-11-15 13:49:18.043383,0 days 00:00:00.778484,0.5,10,1.25,0.8,0,98,COMPLETE
6087,6087,17831.25,2023-11-15 13:49:18.045909,2023-11-15 13:49:18.578862,0 days 00:00:00.532953,0.8,10,1.5,0.8,14,95,COMPLETE
6088,6088,18218.0,2023-11-15 13:49:18.580890,2023-11-15 13:49:19.109582,0 days 00:00:00.528692,0.8,10,1.25,0.8,8,97,COMPLETE
6089,6089,18120.75,2023-11-15 13:49:19.111741,2023-11-15 13:49:19.636274,0 days 00:00:00.524533,0.8,10,1.25,0.7000000000000001,17,99,COMPLETE
6090,6090,18428.75,2023-11-15 13:49:19.638466,2023-11-15 13:49:20.183823,0 days 00:00:00.545357,0.8,10,1.0,0.9,11,100,COMPLETE
6091,6091,18301.75,2023-11-15 13:49:20.185889,2023-11-15 13:49:20.704295,0 days 00:00:00.518406,0.8,10,1.25,0.8,19,96,COMPLETE
6092,6092,18023.5,2023-11-15 13:49:20.706925,2023-11-15 13:49:21.246542,0 days 00:00:00.539617,0.8,10,1.25,0.8,15,98,COMPLETE
6093,6093,18492.5,2023-11-15 13:49:21.248698,2023-11-15 13:49:21.777664,0 days 00:00:00.528966,0.8,10,1.25,0.8,3,100,COMPLETE
6094,6094,18212.75,2023-11-15 13:49:21.780111,2023-11-15 13:49:22.306402,0 days 00:00:00.526291,0.8,10,1.5,0.8,26,94,COMPLETE
6095,6095,17839.0,2023-11-15 13:49:22.309226,2023-11-15 13:49:22.836715,0 days 00:00:00.527489,0.8,20,1.25,0.8,13,97,COMPLETE
6096,6096,18213.0,2023-11-15 13:49:22.839122,2023-11-15 13:49:23.363317,0 days 00:00:00.524195,0.8,10,1.25,0.6,6,99,COMPLETE
6097,6097,18589.0,2023-11-15 13:49:23.365575,2023-11-15 13:49:23.906923,0 days 00:00:00.541348,0.8,10,1.0,0.8,21,96,COMPLETE
6098,6098,17848.75,2023-11-15 13:49:23.909672,2023-11-15 13:49:24.433000,0 days 00:00:00.523328,0.9,10,1.25,0.30000000000000004,17,85,COMPLETE
6099,6099,18023.5,2023-11-15 13:49:24.435130,2023-11-15 13:49:24.962013,0 days 00:00:00.526883,0.8,10,1.25,0.8,57,98,COMPLETE
6100,6100,17846.25,2023-11-15 13:49:24.964190,2023-11-15 13:49:25.498239,0 days 00:00:00.534049,0.8,10,1.75,0.2,11,100,COMPLETE
6101,6101,17927.75,2023-11-15 13:49:25.500327,2023-11-15 13:49:26.032636,0 days 00:00:00.532309,0.7000000000000001,10,1.25,0.9,16,95,COMPLETE
6102,6102,15453.75,2023-11-15 13:49:26.035296,2023-11-15 13:49:26.579842,0 days 00:00:00.544546,0.8,50,1.25,0.8,95,98,COMPLETE
6103,6103,18013.5,2023-11-15 13:49:26.582053,2023-11-15 13:49:27.119453,0 days 00:00:00.537400,0.8,20,1.25,0.8,19,100,COMPLETE
6104,6104,18399.75,2023-11-15 13:49:27.126897,2023-11-15 13:49:27.663561,0 days 00:00:00.536664,0.8,10,1.5,0.8,24,97,COMPLETE
6105,6105,18207.75,2023-11-15 13:49:27.665838,2023-11-15 13:49:28.225107,0 days 00:00:00.559269,0.8,10,1.25,0.8,5,93,COMPLETE
