,number,value,datetime_start,datetime_complete,duration,params_alpha,params_decay_interval,params_decay_rate,params_gamma,params_initialization,params_max_steps,state
5095,5095,18743.75,2023-11-15 11:05:20.005936,2023-11-15 11:05:20.473265,0 days 00:00:00.467329,0.2,10,0.75,0.7000000000000001,2,145,COMPLETE
5096,5096,18588.25,2023-11-15 11:05:20.475211,2023-11-15 11:05:20.948531,0 days 00:00:00.473320,0.2,20,0.75,0.9,0,145,COMPLETE
5097,5097,18910.5,2023-11-15 11:05:20.950339,2023-11-15 11:05:21.413307,0 days 00:00:00.462968,0.2,10,1.25,0.9,3,125,COMPLETE
5098,5098,19066.25,2023-11-15 11:05:21.415435,2023-11-15 11:05:21.886747,0 days 00:00:00.471312,0.2,10,0.75,0.9,5,140,COMPLETE
5099,5099,19262.75,2023-11-15 11:05:21.888661,2023-11-15 11:05:22.354850,0 days 00:00:00.466189,0.1,10,0.25,0.9,0,148,COMPLETE
5100,5100,19017.5,2023-11-15 11:05:22.356780,2023-11-15 11:05:22.822526,0 days 00:00:00.465746,0.30000000000000004,10,0.75,0.9,2,142,COMPLETE
5101,5101,18341.75,2023-11-15 11:05:22.824448,2023-11-15 11:05:23.286865,0 days 00:00:00.462417,0.2,10,1.0,0.9,9,49,COMPLETE
5102,5102,19359.75,2023-11-15 11:05:23.288803,2023-11-15 11:05:23.783602,0 days 00:00:00.494799,0.2,10,0.75,0.9,4,145,COMPLETE
5103,5103,19262.75,2023-11-15 11:05:23.786097,2023-11-15 11:05:24.245870,0 days 00:00:00.459773,0.2,10,0.75,0.9,6,148,COMPLETE
5104,5104,0.0,2023-11-15 11:05:24.247859,2023-11-15 11:05:24.736377,0 days 00:00:00.488518,0.1,10,0.75,0.9,0,21,COMPLETE
5105,5105,17446.5,2023-11-15 11:05:24.738174,2023-11-15 11:05:25.213827,0 days 00:00:00.475653,0.2,10,0.75,0.6,2,138,COMPLETE
5106,5106,10250.5,2023-11-15 11:05:25.215681,2023-11-15 11:05:25.762424,0 days 00:00:00.546743,0.2,10,1.0,0.8,49,150,COMPLETE
5107,5107,19261.0,2023-11-15 11:05:25.764286,2023-11-15 11:05:26.224207,0 days 00:00:00.459921,0.4,10,1.25,0.9,3,143,COMPLETE
5108,5108,19359.75,2023-11-15 11:05:26.226145,2023-11-15 11:05:26.687495,0 days 00:00:00.461350,0.2,10,0.75,0.9,0,145,COMPLETE
5109,5109,18872.5,2023-11-15 11:05:26.689927,2023-11-15 11:05:27.167464,0 days 00:00:00.477537,0.2,10,0.75,0.9,8,135,COMPLETE
5110,5110,18523.25,2023-11-15 11:05:27.170354,2023-11-15 11:05:27.637573,0 days 00:00:00.467219,0.1,20,1.5,0.9,2,147,COMPLETE
5111,5111,19066.25,2023-11-15 11:05:27.639571,2023-11-15 11:05:28.107704,0 days 00:00:00.468133,0.2,10,0.75,0.9,5,140,COMPLETE
5112,5112,19261.0,2023-11-15 11:05:28.109688,2023-11-15 11:05:28.569951,0 days 00:00:00.460263,0.2,10,1.0,0.8,0,143,COMPLETE
5113,5113,16010.0,2023-11-15 11:05:28.572286,2023-11-15 11:05:29.065777,0 days 00:00:00.493491,0.1,10,0.5,0.4,3,147,COMPLETE
5114,5114,14583.25,2023-11-15 11:05:29.068743,2023-11-15 11:05:29.573887,0 days 00:00:00.505144,0.2,10,0.75,0.5,6,150,COMPLETE
5115,5115,19051.5,2023-11-15 11:05:29.575780,2023-11-15 11:05:30.042194,0 days 00:00:00.466414,0.2,10,0.75,0.9,2,142,COMPLETE
5116,5116,19359.75,2023-11-15 11:05:30.044093,2023-11-15 11:05:30.550504,0 days 00:00:00.506411,0.2,10,0.75,0.9,4,145,COMPLETE
5117,5117,19261.0,2023-11-15 11:05:30.553476,2023-11-15 11:05:31.018417,0 days 00:00:00.464941,0.30000000000000004,10,0.75,0.9,0,140,COMPLETE
5118,5118,19014.25,2023-11-15 11:05:31.020743,2023-11-15 11:05:31.491061,0 days 00:00:00.470318,0.2,10,1.0,0.9,2,132,COMPLETE
5119,5119,18751.0,2023-11-15 11:05:31.493122,2023-11-15 11:05:32.072371,0 days 00:00:00.579249,0.1,10,0.5,0.9,12,147,COMPLETE
5120,5120,19261.0,2023-11-15 11:05:32.074703,2023-11-15 11:05:32.624673,0 days 00:00:00.549970,0.2,10,0.75,0.8,0,143,COMPLETE
5121,5121,18786.0,2023-11-15 11:05:32.627195,2023-11-15 11:05:33.138302,0 days 00:00:00.511107,0.2,10,1.25,0.9,4,91,COMPLETE
5122,5122,18884.25,2023-11-15 11:05:33.140124,2023-11-15 11:05:33.604961,0 days 00:00:00.464837,0.2,10,0.75,0.9,7,150,COMPLETE
5123,5123,18669.25,2023-11-15 11:05:33.607193,2023-11-15 11:05:34.134873,0 days 00:00:00.527680,0.1,10,0.75,0.7000000000000001,2,145,COMPLETE
5124,5124,18068.75,2023-11-15 11:05:34.137455,2023-11-15 11:05:34.612568,0 days 00:00:00.475113,0.2,20,0.75,0.9,0,137,COMPLETE
5125,5125,18938.75,2023-11-15 11:05:34.614466,2023-11-15 11:05:35.097902,0 days 00:00:00.483436,0.2,10,0.25,0.9,4,147,COMPLETE
5126,5126,17120.75,2023-11-15 11:05:35.099926,2023-11-15 11:05:35.641840,0 days 00:00:00.541914,0.5,20,0.75,0.9,2,141,COMPLETE
5127,5127,19354.0,2023-11-15 11:05:35.644291,2023-11-15 11:05:36.117072,0 days 00:00:00.472781,0.30000000000000004,10,1.0,0.9,6,145,COMPLETE
5128,5128,19261.0,2023-11-15 11:05:36.119811,2023-11-15 11:05:36.585436,0 days 00:00:00.465625,0.2,10,0.75,0.8,0,150,COMPLETE
5129,5129,18818.25,2023-11-15 11:05:36.587909,2023-11-15 11:05:37.060909,0 days 00:00:00.473000,0.2,10,0.75,0.9,4,139,COMPLETE
5130,5130,19166.0,2023-11-15 11:05:37.062770,2023-11-15 11:05:37.542867,0 days 00:00:00.480097,0.1,10,0.75,0.9,2,143,COMPLETE
5131,5131,14082.5,2023-11-15 11:05:37.544933,2023-11-15 11:05:38.054644,0 days 00:00:00.509711,0.2,80,1.25,0.6,0,147,COMPLETE
5132,5132,18751.25,2023-11-15 11:05:38.056767,2023-11-15 11:05:38.528896,0 days 00:00:00.472129,0.2,10,0.75,0.9,8,145,COMPLETE
5133,5133,18953.25,2023-11-15 11:05:38.530753,2023-11-15 11:05:38.994592,0 days 00:00:00.463839,0.1,10,1.0,0.9,2,141,COMPLETE
5134,5134,19359.75,2023-11-15 11:05:38.996509,2023-11-15 11:05:39.467207,0 days 00:00:00.470698,0.2,10,0.75,0.9,5,148,COMPLETE
5135,5135,18992.75,2023-11-15 11:05:39.469897,2023-11-15 11:05:39.937726,0 days 00:00:00.467829,0.2,10,0.75,0.9,3,143,COMPLETE
5136,5136,19271.0,2023-11-15 11:05:39.939954,2023-11-15 11:05:40.412266,0 days 00:00:00.472312,0.2,10,0.75,0.9,0,148,COMPLETE
5137,5137,17834.0,2023-11-15 11:05:40.414282,2023-11-15 11:05:40.908399,0 days 00:00:00.494117,0.2,20,0.5,0.9,6,137,COMPLETE
5138,5138,13161.5,2023-11-15 11:05:40.910423,2023-11-15 11:05:41.424389,0 days 00:00:00.513966,0.1,70,0.75,0.30000000000000004,2,145,COMPLETE
5139,5139,11827.0,2023-11-15 11:05:41.426346,2023-11-15 11:05:41.965375,0 days 00:00:00.539029,0.2,10,0.75,0.1,10,150,COMPLETE
5140,5140,18785.25,2023-11-15 11:05:41.967419,2023-11-15 11:05:42.442906,0 days 00:00:00.475487,0.2,10,1.25,0.9,4,141,COMPLETE
5141,5141,19328.0,2023-11-15 11:05:42.445369,2023-11-15 11:05:42.920839,0 days 00:00:00.475470,0.30000000000000004,10,1.0,0.9,0,145,COMPLETE
5142,5142,19261.0,2023-11-15 11:05:42.923068,2023-11-15 11:05:43.387168,0 days 00:00:00.464100,0.2,10,0.75,0.9,2,147,COMPLETE
5143,5143,9617.5,2023-11-15 11:05:43.389270,2023-11-15 11:05:43.946141,0 days 00:00:00.556871,0.1,10,0.75,0.5,4,139,COMPLETE
5144,5144,19261.0,2023-11-15 11:05:43.948087,2023-11-15 11:05:44.451858,0 days 00:00:00.503771,0.2,10,0.75,0.8,0,144,COMPLETE
5145,5145,18927.5,2023-11-15 11:05:44.454397,2023-11-15 11:05:44.921740,0 days 00:00:00.467343,0.2,10,0.5,0.9,7,147,COMPLETE
5146,5146,19132.0,2023-11-15 11:05:44.924060,2023-11-15 11:05:45.392146,0 days 00:00:00.468086,0.2,10,1.0,0.9,2,150,COMPLETE
5147,5147,18308.75,2023-11-15 11:05:45.394017,2023-11-15 11:05:45.875211,0 days 00:00:00.481194,0.1,10,0.75,0.7000000000000001,5,142,COMPLETE
5148,5148,15079.0,2023-11-15 11:05:45.877072,2023-11-15 11:05:46.374472,0 days 00:00:00.497400,0.7000000000000001,20,0.75,0.9,2,135,COMPLETE
5149,5149,19261.0,2023-11-15 11:05:46.376992,2023-11-15 11:05:46.951809,0 days 00:00:00.574817,0.2,10,0.75,0.9,0,143,COMPLETE
5150,5150,19261.0,2023-11-15 11:05:46.954647,2023-11-15 11:05:47.530510,0 days 00:00:00.575863,0.2,10,0.75,0.9,4,147,COMPLETE
5151,5151,19161.25,2023-11-15 11:05:47.533005,2023-11-15 11:05:48.093729,0 days 00:00:00.560724,0.2,10,1.25,0.9,2,139,COMPLETE
5152,5152,14962.75,2023-11-15 11:05:48.095729,2023-11-15 11:05:48.645494,0 days 00:00:00.549765,0.6,10,0.25,0.9,0,150,COMPLETE
5153,5153,18974.5,2023-11-15 11:05:48.647614,2023-11-15 11:05:49.127724,0 days 00:00:00.480110,0.2,10,0.75,0.8,8,145,COMPLETE
5154,5154,16953.0,2023-11-15 11:05:49.129584,2023-11-15 11:05:49.623906,0 days 00:00:00.494322,0.30000000000000004,10,0.5,0.9,3,129,COMPLETE
5155,5155,19091.75,2023-11-15 11:05:49.625893,2023-11-15 11:05:50.107760,0 days 00:00:00.481867,0.1,10,0.75,0.9,6,143,COMPLETE
5156,5156,19163.75,2023-11-15 11:05:50.109612,2023-11-15 11:05:50.579289,0 days 00:00:00.469677,0.2,10,1.0,0.9,0,141,COMPLETE
5157,5157,19261.0,2023-11-15 11:05:50.582407,2023-11-15 11:05:51.059806,0 days 00:00:00.477399,0.2,10,0.75,0.9,4,147,COMPLETE
5158,5158,15641.5,2023-11-15 11:05:51.061735,2023-11-15 11:05:51.587421,0 days 00:00:00.525686,0.2,20,0.75,0.2,2,145,COMPLETE
5159,5159,19261.0,2023-11-15 11:05:51.589437,2023-11-15 11:05:52.063475,0 days 00:00:00.474038,0.2,10,0.75,0.6,0,150,COMPLETE
5160,5160,15150.0,2023-11-15 11:05:52.065585,2023-11-15 11:05:52.596771,0 days 00:00:00.531186,0.1,60,0.75,0.9,2,139,COMPLETE
5161,5161,18973.5,2023-11-15 11:05:52.598843,2023-11-15 11:05:53.095426,0 days 00:00:00.496583,0.2,10,0.75,0.8,6,143,COMPLETE
5162,5162,19261.0,2023-11-15 11:05:53.097271,2023-11-15 11:05:53.590131,0 days 00:00:00.492860,0.2,10,1.0,0.9,4,147,COMPLETE
5163,5163,8264.25,2023-11-15 11:05:53.592079,2023-11-15 11:05:54.178034,0 days 00:00:00.585955,0.2,10,1.5,0.5,2,147,COMPLETE
5164,5164,19261.0,2023-11-15 11:05:54.179889,2023-11-15 11:05:54.650761,0 days 00:00:00.470872,0.1,10,1.25,0.4,0,142,COMPLETE
5165,5165,13240.25,2023-11-15 11:05:54.653587,2023-11-15 11:05:55.177235,0 days 00:00:00.523648,0.30000000000000004,90,0.75,0.9,9,136,COMPLETE
5166,5166,18791.75,2023-11-15 11:05:55.179222,2023-11-15 11:05:55.731470,0 days 00:00:00.552248,0.2,10,0.75,0.9,4,144,COMPLETE
5167,5167,19164.25,2023-11-15 11:05:55.733335,2023-11-15 11:05:56.234267,0 days 00:00:00.500932,0.2,10,0.5,0.9,2,150,COMPLETE
5168,5168,19261.0,2023-11-15 11:05:56.237221,2023-11-15 11:05:56.702112,0 days 00:00:00.464891,0.2,10,0.75,0.9,0,147,COMPLETE
5169,5169,18671.75,2023-11-15 11:05:56.704526,2023-11-15 11:05:57.180820,0 days 00:00:00.476294,0.1,10,0.75,0.8,6,140,COMPLETE
5170,5170,17931.75,2023-11-15 11:05:57.182826,2023-11-15 11:05:57.665131,0 days 00:00:00.482305,0.4,20,1.0,0.9,2,145,COMPLETE
5171,5171,18522.75,2023-11-15 11:05:57.667836,2023-11-15 11:05:58.166152,0 days 00:00:00.498316,0.2,10,0.75,0.9,46,142,COMPLETE
5172,5172,19152.75,2023-11-15 11:05:58.168336,2023-11-15 11:05:58.665215,0 days 00:00:00.496879,0.2,10,0.25,0.9,4,148,COMPLETE
5173,5173,18790.25,2023-11-15 11:05:58.667067,2023-11-15 11:05:59.169109,0 days 00:00:00.502042,0.2,10,0.75,0.9,0,63,COMPLETE
5174,5174,19161.25,2023-11-15 11:05:59.172013,2023-11-15 11:05:59.648060,0 days 00:00:00.476047,0.1,10,0.75,0.9,2,137,COMPLETE
5175,5175,19115.0,2023-11-15 11:05:59.650488,2023-11-15 11:06:00.124268,0 days 00:00:00.473780,0.30000000000000004,10,0.75,0.9,41,145,COMPLETE
5176,5176,19066.25,2023-11-15 11:06:00.126287,2023-11-15 11:06:00.593524,0 days 00:00:00.467237,0.2,10,1.25,0.9,6,141,COMPLETE
5177,5177,19066.5,2023-11-15 11:06:00.595388,2023-11-15 11:06:01.069368,0 days 00:00:00.473980,0.2,10,0.5,0.9,22,150,COMPLETE
5178,5178,19023.75,2023-11-15 11:06:01.071454,2023-11-15 11:06:01.568769,0 days 00:00:00.497315,0.2,10,1.0,0.8,4,145,COMPLETE
5179,5179,18584.75,2023-11-15 11:06:01.571379,2023-11-15 11:06:02.148422,0 days 00:00:00.577043,0.1,20,0.75,0.9,0,147,COMPLETE
5180,5180,18867.0,2023-11-15 11:06:02.150727,2023-11-15 11:06:02.658546,0 days 00:00:00.507819,0.2,10,0.75,0.9,12,139,COMPLETE
5181,5181,19163.5,2023-11-15 11:06:02.660547,2023-11-15 11:06:03.135399,0 days 00:00:00.474852,0.2,10,0.75,0.9,2,144,COMPLETE
5182,5182,16982.25,2023-11-15 11:06:03.137767,2023-11-15 11:06:03.616254,0 days 00:00:00.478487,0.2,30,0.75,0.7000000000000001,8,134,COMPLETE
5183,5183,19278.5,2023-11-15 11:06:03.618360,2023-11-15 11:06:04.093437,0 days 00:00:00.475077,0.1,10,1.0,0.9,4,148,COMPLETE
5184,5184,19261.0,2023-11-15 11:06:04.095308,2023-11-15 11:06:04.569740,0 days 00:00:00.474432,0.2,10,0.75,0.9,0,142,COMPLETE
5185,5185,19082.5,2023-11-15 11:06:04.571710,2023-11-15 11:06:05.045764,0 days 00:00:00.474054,0.2,10,0.75,0.9,2,150,COMPLETE
5186,5186,19262.25,2023-11-15 11:06:05.047604,2023-11-15 11:06:05.521277,0 days 00:00:00.473673,0.2,10,0.75,0.9,6,145,COMPLETE
5187,5187,16172.5,2023-11-15 11:06:05.523742,2023-11-15 11:06:06.031394,0 days 00:00:00.507652,0.30000000000000004,50,1.25,0.9,3,142,COMPLETE
5188,5188,17073.25,2023-11-15 11:06:06.033769,2023-11-15 11:06:06.520788,0 days 00:00:00.487019,0.2,40,0.75,0.9,0,147,COMPLETE
5189,5189,18818.25,2023-11-15 11:06:06.523775,2023-11-15 11:06:07.009968,0 days 00:00:00.486193,0.1,10,0.75,0.8,2,139,COMPLETE
5190,5190,17983.75,2023-11-15 11:06:07.011878,2023-11-15 11:06:07.491879,0 days 00:00:00.480001,0.5,20,0.75,0.9,5,145,COMPLETE
5191,5191,19262.75,2023-11-15 11:06:07.493790,2023-11-15 11:06:07.987292,0 days 00:00:00.493502,0.2,10,0.25,0.9,0,148,COMPLETE
5192,5192,12954.25,2023-11-15 11:06:07.989206,2023-11-15 11:06:08.492829,0 days 00:00:00.503623,0.2,100,1.0,0.9,4,143,COMPLETE
5193,5193,18497.25,2023-11-15 11:06:08.495319,2023-11-15 11:06:08.989763,0 days 00:00:00.494444,0.2,10,0.5,0.7000000000000001,8,150,COMPLETE
5194,5194,10748.5,2023-11-15 11:06:08.991988,2023-11-15 11:06:09.595491,0 days 00:00:00.603503,0.1,10,1.25,0.5,3,140,COMPLETE
5195,5195,19359.75,2023-11-15 11:06:09.597401,2023-11-15 11:06:10.082276,0 days 00:00:00.484875,0.2,10,0.75,0.9,0,145,COMPLETE
5196,5196,19261.0,2023-11-15 11:06:10.084399,2023-11-15 11:06:10.567348,0 days 00:00:00.482949,0.2,10,0.75,0.9,2,147,COMPLETE
5197,5197,18992.75,2023-11-15 11:06:10.570050,2023-11-15 11:06:11.052737,0 days 00:00:00.482687,0.2,10,0.75,0.9,5,143,COMPLETE
5198,5198,18981.0,2023-11-15 11:06:11.055134,2023-11-15 11:06:11.520697,0 days 00:00:00.465563,0.1,10,0.75,0.9,2,138,COMPLETE
5199,5199,19260.75,2023-11-15 11:06:11.523051,2023-11-15 11:06:12.006940,0 days 00:00:00.483889,0.2,10,1.0,0.8,0,80,COMPLETE
5200,5200,18785.5,2023-11-15 11:06:12.008885,2023-11-15 11:06:12.494501,0 days 00:00:00.485616,0.2,10,0.75,0.9,10,150,COMPLETE
5201,5201,15249.25,2023-11-15 11:06:12.496440,2023-11-15 11:06:13.007710,0 days 00:00:00.511270,0.4,10,0.75,0.30000000000000004,2,147,COMPLETE
5202,5202,18213.5,2023-11-15 11:06:13.009681,2023-11-15 11:06:13.568493,0 days 00:00:00.558812,0.30000000000000004,10,0.75,0.6,6,142,COMPLETE
5203,5203,19265.0,2023-11-15 11:06:13.571065,2023-11-15 11:06:14.051335,0 days 00:00:00.480270,0.2,10,0.5,0.9,4,145,COMPLETE
5204,5204,19261.0,2023-11-15 11:06:14.053862,2023-11-15 11:06:14.560227,0 days 00:00:00.506365,0.1,10,0.75,0.9,0,141,COMPLETE
5205,5205,18518.25,2023-11-15 11:06:14.562123,2023-11-15 11:06:15.037201,0 days 00:00:00.475078,0.2,20,1.0,0.9,2,147,COMPLETE
5206,5206,18966.5,2023-11-15 11:06:15.039620,2023-11-15 11:06:15.513879,0 days 00:00:00.474259,0.2,10,1.75,0.9,7,136,COMPLETE
5207,5207,18992.75,2023-11-15 11:06:15.515902,2023-11-15 11:06:16.066530,0 days 00:00:00.550628,0.2,10,0.75,0.9,4,143,COMPLETE
5208,5208,19163.5,2023-11-15 11:06:16.069231,2023-11-15 11:06:16.643614,0 days 00:00:00.574383,0.2,10,1.25,0.9,0,150,COMPLETE
5209,5209,12411.5,2023-11-15 11:06:16.645899,2023-11-15 11:06:17.300601,0 days 00:00:00.654702,0.1,10,0.75,0.4,2,133,COMPLETE
5210,5210,19359.75,2023-11-15 11:06:17.305461,2023-11-15 11:06:17.784567,0 days 00:00:00.479106,0.2,10,0.75,0.9,4,145,COMPLETE
5211,5211,19161.25,2023-11-15 11:06:17.787051,2023-11-15 11:06:18.265785,0 days 00:00:00.478734,0.2,10,0.75,0.8,0,139,COMPLETE
5212,5212,18518.25,2023-11-15 11:06:18.267907,2023-11-15 11:06:18.760716,0 days 00:00:00.492809,0.30000000000000004,20,1.0,0.9,2,147,COMPLETE
5213,5213,18992.75,2023-11-15 11:06:18.762540,2023-11-15 11:06:19.244978,0 days 00:00:00.482438,0.2,10,0.75,0.9,6,143,COMPLETE
5214,5214,19261.0,2023-11-15 11:06:19.247007,2023-11-15 11:06:19.717610,0 days 00:00:00.470603,0.1,10,0.5,0.9,0,147,COMPLETE
5215,5215,18973.0,2023-11-15 11:06:19.720521,2023-11-15 11:06:20.204616,0 days 00:00:00.484095,0.2,10,0.75,0.9,3,141,COMPLETE
5216,5216,18775.75,2023-11-15 11:06:20.206538,2023-11-15 11:06:20.730736,0 days 00:00:00.524198,0.2,10,0.75,0.9,2,123,COMPLETE
5217,5217,18839.75,2023-11-15 11:06:20.733309,2023-11-15 11:06:21.225346,0 days 00:00:00.492037,0.2,10,0.25,0.9,8,150,COMPLETE
5218,5218,18761.0,2023-11-15 11:06:21.227205,2023-11-15 11:06:21.715088,0 days 00:00:00.487883,0.1,10,0.75,0.9,5,144,COMPLETE
5219,5219,19261.0,2023-11-15 11:06:21.716914,2023-11-15 11:06:22.193097,0 days 00:00:00.476183,0.2,10,0.75,0.6,0,147,COMPLETE
5220,5220,16812.0,2023-11-15 11:06:22.194956,2023-11-15 11:06:22.693378,0 days 00:00:00.498422,0.2,20,1.0,0.5,3,139,COMPLETE
5221,5221,18972.75,2023-11-15 11:06:22.695340,2023-11-15 11:06:23.166069,0 days 00:00:00.470729,0.30000000000000004,10,0.75,0.7000000000000001,2,145,COMPLETE
5222,5222,19093.75,2023-11-15 11:06:23.169880,2023-11-15 11:06:23.641604,0 days 00:00:00.471724,0.2,10,0.75,0.9,5,142,COMPLETE
5223,5223,19262.25,2023-11-15 11:06:23.643513,2023-11-15 11:06:24.143837,0 days 00:00:00.500324,0.1,10,1.5,0.8,0,148,COMPLETE
5224,5224,19071.5,2023-11-15 11:06:24.145794,2023-11-15 11:06:24.619846,0 days 00:00:00.474052,0.2,10,1.25,0.9,10,137,COMPLETE
5225,5225,19082.5,2023-11-15 11:06:24.621940,2023-11-15 11:06:25.096165,0 days 00:00:00.474225,0.2,10,0.75,0.9,2,150,COMPLETE
5226,5226,19265.0,2023-11-15 11:06:25.098022,2023-11-15 11:06:25.572811,0 days 00:00:00.474789,0.2,10,0.5,0.9,4,145,COMPLETE
5227,5227,19066.25,2023-11-15 11:06:25.575184,2023-11-15 11:06:26.055473,0 days 00:00:00.480289,0.2,10,0.75,0.9,7,141,COMPLETE
5228,5228,18743.75,2023-11-15 11:06:26.057907,2023-11-15 11:06:26.544699,0 days 00:00:00.486792,0.1,10,0.75,0.8,16,145,COMPLETE
5229,5229,19261.0,2023-11-15 11:06:26.546678,2023-11-15 11:06:27.018646,0 days 00:00:00.471968,0.2,10,0.75,0.1,0,147,COMPLETE
5230,5230,19050.0,2023-11-15 11:06:27.020915,2023-11-15 11:06:27.504926,0 days 00:00:00.484011,0.2,10,1.0,0.9,3,143,COMPLETE
5231,5231,19271.0,2023-11-15 11:06:27.507055,2023-11-15 11:06:28.013519,0 days 00:00:00.506464,0.2,10,0.75,0.9,0,148,COMPLETE
5232,5232,15116.5,2023-11-15 11:06:28.015556,2023-11-15 11:06:28.533927,0 days 00:00:00.518371,0.2,10,0.75,0.9,79,140,COMPLETE
5233,5233,18683.5,2023-11-15 11:06:28.536129,2023-11-15 11:06:29.026698,0 days 00:00:00.490569,0.1,10,0.75,0.9,26,150,COMPLETE
5234,5234,16602.25,2023-11-15 11:06:29.028609,2023-11-15 11:06:29.540447,0 days 00:00:00.511838,0.6,20,0.75,0.9,2,144,COMPLETE
5235,5235,18975.0,2023-11-15 11:06:29.542442,2023-11-15 11:06:30.016185,0 days 00:00:00.473743,0.2,10,1.25,0.9,5,137,COMPLETE
5236,5236,16773.75,2023-11-15 11:06:30.018278,2023-11-15 11:06:30.526261,0 days 00:00:00.507983,0.8,10,0.75,0.4,2,145,COMPLETE
5237,5237,19163.75,2023-11-15 11:06:30.528200,2023-11-15 11:06:31.036915,0 days 00:00:00.508715,0.2,10,1.0,0.9,0,141,COMPLETE
5238,5238,18793.75,2023-11-15 11:06:31.039718,2023-11-15 11:06:31.659941,0 days 00:00:00.620223,0.1,10,0.5,0.9,7,147,COMPLETE
5239,5239,18992.75,2023-11-15 11:06:31.662793,2023-11-15 11:06:32.231784,0 days 00:00:00.568991,0.2,10,0.75,0.9,4,143,COMPLETE
5240,5240,18041.75,2023-11-15 11:06:32.233670,2023-11-15 11:06:32.708695,0 days 00:00:00.475025,0.30000000000000004,20,0.75,0.8,2,98,COMPLETE
5241,5241,19163.5,2023-11-15 11:06:32.710713,2023-11-15 11:06:33.189113,0 days 00:00:00.478400,0.2,10,1.25,0.7000000000000001,0,150,COMPLETE
5242,5242,19261.0,2023-11-15 11:06:33.191000,2023-11-15 11:06:33.669560,0 days 00:00:00.478560,0.2,10,0.75,0.9,4,147,COMPLETE
5243,5243,18818.25,2023-11-15 11:06:33.671995,2023-11-15 11:06:34.182003,0 days 00:00:00.510008,0.1,10,0.75,0.9,6,139,COMPLETE
5244,5244,19292.25,2023-11-15 11:06:34.184466,2023-11-15 11:06:34.680548,0 days 00:00:00.496082,0.2,10,1.0,0.9,2,145,COMPLETE
5245,5245,19261.0,2023-11-15 11:06:34.682468,2023-11-15 11:06:35.173349,0 days 00:00:00.490881,0.2,10,0.75,0.9,0,142,COMPLETE
5246,5246,14246.0,2023-11-15 11:06:35.175216,2023-11-15 11:06:35.690022,0 days 00:00:00.514806,0.5,70,0.75,0.9,4,148,COMPLETE
5247,5247,18740.5,2023-11-15 11:06:35.692794,2023-11-15 11:06:36.180560,0 days 00:00:00.487766,0.2,10,0.75,0.9,8,134,COMPLETE
5248,5248,16888.75,2023-11-15 11:06:36.182444,2023-11-15 11:06:36.687479,0 days 00:00:00.505035,0.2,10,0.75,0.5,2,145,COMPLETE
5249,5249,19261.0,2023-11-15 11:06:36.689470,2023-11-15 11:06:37.163221,0 days 00:00:00.473751,0.2,10,0.75,0.8,0,150,COMPLETE
5250,5250,18800.0,2023-11-15 11:06:37.165174,2023-11-15 11:06:37.652376,0 days 00:00:00.487202,0.1,10,0.25,0.9,4,142,COMPLETE
5251,5251,18494.5,2023-11-15 11:06:37.655535,2023-11-15 11:06:38.125697,0 days 00:00:00.470162,0.2,20,1.25,0.9,2,147,COMPLETE
5252,5252,2640.0,2023-11-15 11:06:38.127598,2023-11-15 11:06:38.816955,0 days 00:00:00.689357,0.30000000000000004,10,1.0,0.2,6,137,COMPLETE
5253,5253,16748.5,2023-11-15 11:06:38.819239,2023-11-15 11:06:39.319227,0 days 00:00:00.499988,0.2,10,0.75,0.9,57,143,COMPLETE
5254,5254,19261.0,2023-11-15 11:06:39.321430,2023-11-15 11:06:39.795727,0 days 00:00:00.474297,0.1,10,0.75,0.9,0,140,COMPLETE
5255,5255,18887.25,2023-11-15 11:06:39.797715,2023-11-15 11:06:40.279965,0 days 00:00:00.482250,0.2,10,0.5,0.6,2,147,COMPLETE
5256,5256,19359.75,2023-11-15 11:06:40.281919,2023-11-15 11:06:40.761232,0 days 00:00:00.479313,0.2,10,0.75,0.9,4,145,COMPLETE
5257,5257,14207.5,2023-11-15 11:06:40.763127,2023-11-15 11:06:41.305084,0 days 00:00:00.541957,0.9,10,1.0,0.9,0,150,COMPLETE
5258,5258,18930.0,2023-11-15 11:06:41.306970,2023-11-15 11:06:41.787032,0 days 00:00:00.480062,0.2,10,0.75,0.8,13,143,COMPLETE
5259,5259,18808.0,2023-11-15 11:06:41.789141,2023-11-15 11:06:42.304176,0 days 00:00:00.515035,0.1,10,0.75,0.9,9,139,COMPLETE
5260,5260,18554.5,2023-11-15 11:06:42.307559,2023-11-15 11:06:42.785946,0 days 00:00:00.478387,0.2,20,0.75,0.9,2,147,COMPLETE
5261,5261,19262.25,2023-11-15 11:06:42.788879,2023-11-15 11:06:43.265523,0 days 00:00:00.476644,0.2,10,0.75,0.9,6,145,COMPLETE
5262,5262,18270.5,2023-11-15 11:06:43.267530,2023-11-15 11:06:43.758451,0 days 00:00:00.490921,0.4,10,0.5,0.9,4,141,COMPLETE
5263,5263,19271.0,2023-11-15 11:06:43.760326,2023-11-15 11:06:44.238099,0 days 00:00:00.477773,0.2,10,0.75,0.9,0,148,COMPLETE
