,number,value,datetime_start,datetime_complete,duration,params_alpha,params_decay_interval,params_decay_rate,params_gamma,params_initialization,params_max_steps,state
8653,8653,18588.25,2023-11-15 11:41:40.574883,2023-11-15 11:41:41.322366,0 days 00:00:00.747483,0.2,20,0.75,0.8,0,145,COMPLETE
8654,8654,18973.0,2023-11-15 11:41:41.325221,2023-11-15 11:41:42.056392,0 days 00:00:00.731171,0.2,10,0.75,0.9,2,141,COMPLETE
8655,8655,19261.0,2023-11-15 11:41:42.059885,2023-11-15 11:41:42.778995,0 days 00:00:00.719110,0.2,10,0.75,0.9,4,147,COMPLETE
8656,8656,19065.75,2023-11-15 11:41:42.781764,2023-11-15 11:41:43.512723,0 days 00:00:00.730959,0.30000000000000004,10,0.75,0.9,0,136,COMPLETE
8657,8657,0.0,2023-11-15 11:41:43.515446,2023-11-15 11:41:44.241914,0 days 00:00:00.726468,0.2,10,0.75,0.9,7,7,COMPLETE
8658,8658,11960.5,2023-11-15 11:41:44.244890,2023-11-15 11:41:45.030360,0 days 00:00:00.785470,0.1,10,0.75,0.7000000000000001,95,145,COMPLETE
8659,8659,19132.0,2023-11-15 11:41:45.033212,2023-11-15 11:41:45.757880,0 days 00:00:00.724668,0.2,10,1.0,0.9,2,150,COMPLETE
8660,8660,16094.0,2023-11-15 11:41:45.761216,2023-11-15 11:41:46.522789,0 days 00:00:00.761573,0.2,10,0.25,0.5,4,139,COMPLETE
8661,8661,18852.75,2023-11-15 11:41:46.525824,2023-11-15 11:41:47.266433,0 days 00:00:00.740609,0.2,10,0.75,0.9,35,143,COMPLETE
8662,8662,18584.75,2023-11-15 11:41:47.269013,2023-11-15 11:41:48.014319,0 days 00:00:00.745306,0.1,20,0.75,0.9,0,147,COMPLETE
8663,8663,13478.75,2023-11-15 11:41:48.017212,2023-11-15 11:41:48.785371,0 days 00:00:00.768159,0.2,80,0.75,0.8,2,141,COMPLETE
8664,8664,19262.25,2023-11-15 11:41:48.788105,2023-11-15 11:41:49.513578,0 days 00:00:00.725473,0.2,10,0.75,0.9,6,145,COMPLETE
8665,8665,3729.0,2023-11-15 11:41:49.516166,2023-11-15 11:41:50.438436,0 days 00:00:00.922270,0.2,10,1.0,0.1,4,148,COMPLETE
8666,8666,19261.0,2023-11-15 11:41:50.441322,2023-11-15 11:41:51.174934,0 days 00:00:00.733612,0.2,10,0.5,0.9,0,142,COMPLETE
8667,8667,19163.5,2023-11-15 11:41:51.178181,2023-11-15 11:41:51.915477,0 days 00:00:00.737296,0.1,10,1.25,0.9,9,150,COMPLETE
8668,8668,19359.75,2023-11-15 11:41:51.918317,2023-11-15 11:41:52.647860,0 days 00:00:00.729543,0.30000000000000004,10,0.75,0.9,2,145,COMPLETE
8669,8669,18981.0,2023-11-15 11:41:52.650511,2023-11-15 11:41:53.376316,0 days 00:00:00.725805,0.2,10,0.75,0.9,2,138,COMPLETE
8670,8670,16270.0,2023-11-15 11:41:53.378921,2023-11-15 11:41:54.154261,0 days 00:00:00.775340,0.2,10,0.75,0.6,5,147,COMPLETE
8671,8671,19261.0,2023-11-15 11:41:54.156864,2023-11-15 11:41:54.888808,0 days 00:00:00.731944,0.1,10,0.75,0.8,0,143,COMPLETE
8672,8672,19066.25,2023-11-15 11:41:54.891795,2023-11-15 11:41:55.626395,0 days 00:00:00.734600,0.2,10,0.75,0.9,3,140,COMPLETE
8673,8673,18304.0,2023-11-15 11:41:55.629558,2023-11-15 11:41:56.361564,0 days 00:00:00.732006,0.2,20,1.0,0.9,0,145,COMPLETE
8674,8674,19069.0,2023-11-15 11:41:56.364333,2023-11-15 11:41:57.112963,0 days 00:00:00.748630,0.2,10,0.5,0.9,6,150,COMPLETE
8675,8675,18971.5,2023-11-15 11:41:57.115632,2023-11-15 11:41:57.853985,0 days 00:00:00.738353,0.2,10,0.25,0.9,2,147,COMPLETE
8676,8676,15866.75,2023-11-15 11:41:57.856845,2023-11-15 11:41:58.614788,0 days 00:00:00.757943,0.1,10,0.75,0.9,58,144,COMPLETE
8677,8677,6908.25,2023-11-15 11:41:58.617784,2023-11-15 11:41:59.449769,0 days 00:00:00.831985,0.2,10,1.25,0.2,4,141,COMPLETE
8678,8678,18203.25,2023-11-15 11:41:59.452425,2023-11-15 11:42:00.198986,0 days 00:00:00.746561,0.4,10,0.75,0.9,8,136,COMPLETE
8679,8679,19261.0,2023-11-15 11:42:00.201554,2023-11-15 11:42:00.915994,0 days 00:00:00.714440,0.30000000000000004,10,0.75,0.9,2,147,COMPLETE
8680,8680,19261.0,2023-11-15 11:42:00.918517,2023-11-15 11:42:01.644690,0 days 00:00:00.726173,0.2,10,0.75,0.9,0,143,COMPLETE
8681,8681,13785.0,2023-11-15 11:42:01.647199,2023-11-15 11:42:02.431302,0 days 00:00:00.784103,0.5,10,0.75,0.8,25,150,COMPLETE
8682,8682,19261.0,2023-11-15 11:42:02.433894,2023-11-15 11:42:03.169926,0 days 00:00:00.736032,0.2,10,0.75,0.9,5,147,COMPLETE
8683,8683,18273.5,2023-11-15 11:42:03.172545,2023-11-15 11:42:03.902890,0 days 00:00:00.730345,0.1,20,1.0,0.9,3,139,COMPLETE
8684,8684,15678.75,2023-11-15 11:42:03.905521,2023-11-15 11:42:04.668456,0 days 00:00:00.762935,0.2,10,0.75,0.9,51,143,COMPLETE
8685,8685,19261.0,2023-11-15 11:42:04.671336,2023-11-15 11:42:05.395718,0 days 00:00:00.724382,0.2,10,0.75,0.9,0,147,COMPLETE
8686,8686,19265.0,2023-11-15 11:42:05.398290,2023-11-15 11:42:06.146766,0 days 00:00:00.748476,0.2,10,0.5,0.9,2,145,COMPLETE
8687,8687,18969.25,2023-11-15 11:42:06.149287,2023-11-15 11:42:06.885746,0 days 00:00:00.736459,0.1,10,1.25,0.9,4,141,COMPLETE
8688,8688,18969.25,2023-11-15 11:42:06.888412,2023-11-15 11:42:07.617574,0 days 00:00:00.729162,0.2,10,0.75,0.8,7,150,COMPLETE
8689,8689,18875.5,2023-11-15 11:42:07.620163,2023-11-15 11:42:08.351662,0 days 00:00:00.731499,0.2,10,1.0,0.9,0,133,COMPLETE
8690,8690,19292.25,2023-11-15 11:42:08.354343,2023-11-15 11:42:09.083442,0 days 00:00:00.729099,0.2,10,0.75,0.9,2,145,COMPLETE
8691,8691,18985.25,2023-11-15 11:42:09.086227,2023-11-15 11:42:09.831262,0 days 00:00:00.745035,0.1,10,0.75,0.9,4,138,COMPLETE
8692,8692,16641.75,2023-11-15 11:42:09.834115,2023-11-15 11:42:10.578694,0 days 00:00:00.744579,0.2,10,0.75,0.4,10,143,COMPLETE
8693,8693,18588.25,2023-11-15 11:42:10.581292,2023-11-15 11:42:11.307104,0 days 00:00:00.725812,0.30000000000000004,20,0.75,0.6,0,145,COMPLETE
8694,8694,18946.5,2023-11-15 11:42:11.310525,2023-11-15 11:42:12.048874,0 days 00:00:00.738349,0.2,10,1.0,0.7000000000000001,2,148,COMPLETE
8695,8695,19066.25,2023-11-15 11:42:12.051646,2023-11-15 11:42:12.790896,0 days 00:00:00.739250,0.2,10,0.75,0.9,6,141,COMPLETE
8696,8696,17515.0,2023-11-15 11:42:12.794451,2023-11-15 11:42:13.541690,0 days 00:00:00.747239,0.1,10,0.5,0.5,4,148,COMPLETE
8697,8697,13116.5,2023-11-15 11:42:13.544866,2023-11-15 11:42:14.310235,0 days 00:00:00.765369,0.2,100,1.5,0.9,2,150,COMPLETE
8698,8698,19261.0,2023-11-15 11:42:14.313519,2023-11-15 11:42:15.046547,0 days 00:00:00.733028,0.2,10,0.75,0.9,0,143,COMPLETE
8699,8699,18966.5,2023-11-15 11:42:15.049207,2023-11-15 11:42:15.787359,0 days 00:00:00.738152,0.2,10,1.25,0.9,2,136,COMPLETE
8700,8700,19261.0,2023-11-15 11:42:15.790136,2023-11-15 11:42:16.524094,0 days 00:00:00.733958,0.2,10,0.75,0.9,6,147,COMPLETE
8701,8701,18394.75,2023-11-15 11:42:16.527217,2023-11-15 11:42:17.258873,0 days 00:00:00.731656,0.1,20,0.75,0.8,0,140,COMPLETE
8702,8702,19030.5,2023-11-15 11:42:17.261873,2023-11-15 11:42:18.000204,0 days 00:00:00.738331,0.2,10,0.25,0.9,3,145,COMPLETE
8703,8703,18992.75,2023-11-15 11:42:18.002754,2023-11-15 11:42:18.758107,0 days 00:00:00.755353,0.2,10,0.75,0.9,4,143,COMPLETE
8704,8704,19261.0,2023-11-15 11:42:18.761266,2023-11-15 11:42:19.491122,0 days 00:00:00.729856,0.30000000000000004,10,0.75,0.9,8,147,COMPLETE
8705,8705,19261.0,2023-11-15 11:42:19.494269,2023-11-15 11:42:20.219197,0 days 00:00:00.724928,0.2,10,1.0,0.9,0,150,COMPLETE
8706,8706,19006.5,2023-11-15 11:42:20.221752,2023-11-15 11:42:20.956610,0 days 00:00:00.734858,0.2,10,0.75,0.9,2,139,COMPLETE
8707,8707,19350.75,2023-11-15 11:42:20.959854,2023-11-15 11:42:21.699606,0 days 00:00:00.739752,0.1,10,0.75,0.9,5,145,COMPLETE
8708,8708,18300.5,2023-11-15 11:42:21.705885,2023-11-15 11:42:22.444809,0 days 00:00:00.738924,0.2,20,0.75,0.9,2,142,COMPLETE
8709,8709,14708.5,2023-11-15 11:42:22.447999,2023-11-15 11:42:23.174920,0 days 00:00:00.726921,0.2,10,0.5,0.9,0,31,COMPLETE
8710,8710,19261.0,2023-11-15 11:42:23.178068,2023-11-15 11:42:23.904502,0 days 00:00:00.726434,0.1,10,0.75,0.9,4,147,COMPLETE
8711,8711,18992.75,2023-11-15 11:42:23.907094,2023-11-15 11:42:24.657419,0 days 00:00:00.750325,0.2,10,0.75,0.9,2,143,COMPLETE
8712,8712,18913.5,2023-11-15 11:42:24.660332,2023-11-15 11:42:25.391693,0 days 00:00:00.731361,0.2,10,1.0,0.8,6,150,COMPLETE
8713,8713,18599.5,2023-11-15 11:42:25.394945,2023-11-15 11:42:26.119384,0 days 00:00:00.724439,0.6,10,1.25,0.9,0,137,COMPLETE
8714,8714,19261.0,2023-11-15 11:42:26.122356,2023-11-15 11:42:26.841516,0 days 00:00:00.719160,0.2,10,0.75,0.9,4,147,COMPLETE
8715,8715,18973.0,2023-11-15 11:42:26.844636,2023-11-15 11:42:27.595159,0 days 00:00:00.750523,0.2,10,0.75,0.9,2,141,COMPLETE
8716,8716,19359.75,2023-11-15 11:42:27.597776,2023-11-15 11:42:28.332232,0 days 00:00:00.734456,0.1,10,1.0,0.9,0,145,COMPLETE
8717,8717,18974.5,2023-11-15 11:42:28.335598,2023-11-15 11:42:29.072437,0 days 00:00:00.736839,0.2,10,0.75,0.8,8,145,COMPLETE
8718,8718,18872.5,2023-11-15 11:42:29.074994,2023-11-15 11:42:29.817429,0 days 00:00:00.742435,0.30000000000000004,10,2.0,0.9,13,140,COMPLETE
8719,8719,19136.5,2023-11-15 11:42:29.820000,2023-11-15 11:42:30.551256,0 days 00:00:00.731256,0.2,10,0.75,0.9,4,148,COMPLETE
8720,8720,11376.75,2023-11-15 11:42:30.553906,2023-11-15 11:42:31.342217,0 days 00:00:00.788311,0.2,90,0.75,0.4,2,144,COMPLETE
8721,8721,15599.25,2023-11-15 11:42:31.345285,2023-11-15 11:42:32.109362,0 days 00:00:00.764077,0.1,60,0.5,0.9,6,150,COMPLETE
8722,8722,18394.75,2023-11-15 11:42:32.112113,2023-11-15 11:42:32.851993,0 days 00:00:00.739880,0.2,20,0.75,0.5,0,142,COMPLETE
8723,8723,19292.25,2023-11-15 11:42:32.854523,2023-11-15 11:42:33.590380,0 days 00:00:00.735857,0.2,10,0.75,0.9,2,145,COMPLETE
8724,8724,13301.0,2023-11-15 11:42:33.593989,2023-11-15 11:42:34.394201,0 days 00:00:00.800212,0.30000000000000004,10,1.0,0.1,10,147,COMPLETE
8725,8725,13656.75,2023-11-15 11:42:34.396814,2023-11-15 11:42:35.153310,0 days 00:00:00.756496,0.2,10,1.25,0.7000000000000001,4,85,COMPLETE
8726,8726,19161.25,2023-11-15 11:42:35.156369,2023-11-15 11:42:35.887357,0 days 00:00:00.730988,0.2,10,0.75,0.30000000000000004,0,139,COMPLETE
8727,8727,19175.25,2023-11-15 11:42:35.890107,2023-11-15 11:42:36.644161,0 days 00:00:00.754054,0.1,10,0.25,0.9,2,147,COMPLETE
8728,8728,18778.5,2023-11-15 11:42:36.646819,2023-11-15 11:42:37.380954,0 days 00:00:00.734135,0.2,10,0.75,0.9,6,129,COMPLETE
8729,8729,19067.0,2023-11-15 11:42:37.383617,2023-11-15 11:42:38.133843,0 days 00:00:00.750226,0.2,10,0.75,0.9,3,134,COMPLETE
8730,8730,18394.75,2023-11-15 11:42:38.136783,2023-11-15 11:42:38.885981,0 days 00:00:00.749198,0.1,20,0.75,0.8,0,143,COMPLETE
8731,8731,19163.5,2023-11-15 11:42:38.889150,2023-11-15 11:42:39.618209,0 days 00:00:00.729059,0.2,10,1.25,0.9,4,150,COMPLETE
8732,8732,18784.25,2023-11-15 11:42:39.620778,2023-11-15 11:42:40.351756,0 days 00:00:00.730978,0.2,10,0.75,0.6,2,140,COMPLETE
8733,8733,17648.5,2023-11-15 11:42:40.354495,2023-11-15 11:42:41.118750,0 days 00:00:00.764255,0.1,30,0.75,0.9,8,145,COMPLETE
8734,8734,19003.0,2023-11-15 11:42:41.121764,2023-11-15 11:42:41.857814,0 days 00:00:00.736050,0.2,10,1.0,0.9,0,137,COMPLETE
8735,8735,19261.0,2023-11-15 11:42:41.861207,2023-11-15 11:42:42.599135,0 days 00:00:00.737928,0.2,10,0.5,0.9,5,147,COMPLETE
8736,8736,19051.5,2023-11-15 11:42:42.601681,2023-11-15 11:42:43.334119,0 days 00:00:00.732438,0.2,10,0.75,0.9,2,142,COMPLETE
8737,8737,17303.75,2023-11-15 11:42:43.336850,2023-11-15 11:42:44.153181,0 days 00:00:00.816331,0.7000000000000001,10,0.75,0.9,0,150,COMPLETE
8738,8738,19050.0,2023-11-15 11:42:44.155879,2023-11-15 11:42:44.894572,0 days 00:00:00.738693,0.2,10,1.0,0.9,4,143,COMPLETE
8739,8739,19261.0,2023-11-15 11:42:44.897282,2023-11-15 11:42:45.633148,0 days 00:00:00.735866,0.2,10,0.75,0.9,2,147,COMPLETE
8740,8740,19350.75,2023-11-15 11:42:45.635735,2023-11-15 11:42:46.365171,0 days 00:00:00.729436,0.1,10,0.75,0.9,6,145,COMPLETE
8741,8741,15817.5,2023-11-15 11:42:46.367839,2023-11-15 11:42:47.136629,0 days 00:00:00.768790,0.2,10,0.75,0.8,39,141,COMPLETE
8742,8742,18554.5,2023-11-15 11:42:47.139286,2023-11-15 11:42:47.865191,0 days 00:00:00.725905,0.2,20,0.75,0.9,0,147,COMPLETE
8743,8743,13834.5,2023-11-15 11:42:47.867847,2023-11-15 11:42:48.662561,0 days 00:00:00.794714,0.2,10,0.75,0.9,55,138,COMPLETE
8744,8744,16126.75,2023-11-15 11:42:48.665331,2023-11-15 11:42:49.436729,0 days 00:00:00.771398,0.8,10,0.75,0.9,3,143,COMPLETE
8745,8745,19163.5,2023-11-15 11:42:49.439441,2023-11-15 11:42:50.194783,0 days 00:00:00.755342,0.30000000000000004,10,1.25,0.9,2,150,COMPLETE
8746,8746,19359.75,2023-11-15 11:42:50.197330,2023-11-15 11:42:50.934761,0 days 00:00:00.737431,0.2,10,1.0,0.9,7,145,COMPLETE
8747,8747,19261.0,2023-11-15 11:42:50.937412,2023-11-15 11:42:51.678376,0 days 00:00:00.740964,0.1,10,0.75,0.9,0,147,COMPLETE
8748,8748,18979.0,2023-11-15 11:42:51.680962,2023-11-15 11:42:52.426625,0 days 00:00:00.745663,0.2,10,0.25,0.8,4,140,COMPLETE
8749,8749,18828.5,2023-11-15 11:42:52.429584,2023-11-15 11:42:53.189034,0 days 00:00:00.759450,0.2,10,0.5,0.9,2,143,COMPLETE
8750,8750,19264.75,2023-11-15 11:42:53.192019,2023-11-15 11:42:53.939464,0 days 00:00:00.747445,0.5,10,0.75,0.9,0,145,COMPLETE
8751,8751,8951.5,2023-11-15 11:42:53.942445,2023-11-15 11:42:54.769945,0 days 00:00:00.827500,0.1,10,0.75,0.5,5,135,COMPLETE
8752,8752,17922.75,2023-11-15 11:42:54.772522,2023-11-15 11:42:55.513829,0 days 00:00:00.741307,0.2,10,1.5,0.6,2,150,COMPLETE
8753,8753,18584.75,2023-11-15 11:42:55.516730,2023-11-15 11:42:56.261538,0 days 00:00:00.744808,0.2,20,0.75,0.9,4,147,COMPLETE
8754,8754,18990.75,2023-11-15 11:42:56.264357,2023-11-15 11:42:57.004374,0 days 00:00:00.740017,0.30000000000000004,10,1.0,0.9,9,141,COMPLETE
8755,8755,19274.5,2023-11-15 11:42:57.006974,2023-11-15 11:42:57.745172,0 days 00:00:00.738198,0.4,10,0.75,0.7000000000000001,0,148,COMPLETE
8756,8756,19261.0,2023-11-15 11:42:57.747927,2023-11-15 11:42:58.472463,0 days 00:00:00.724536,0.2,10,1.25,0.9,12,143,COMPLETE
8757,8757,18994.75,2023-11-15 11:42:58.475687,2023-11-15 11:42:59.234686,0 days 00:00:00.758999,0.2,10,0.5,0.9,2,138,COMPLETE
8758,8758,17141.5,2023-11-15 11:42:59.237252,2023-11-15 11:42:59.989586,0 days 00:00:00.752334,0.1,40,0.75,0.9,7,145,COMPLETE
8759,8759,19136.5,2023-11-15 11:42:59.992566,2023-11-15 11:43:00.738268,0 days 00:00:00.745702,0.2,10,0.75,0.9,4,148,COMPLETE
8760,8760,16379.25,2023-11-15 11:43:00.740858,2023-11-15 11:43:01.492202,0 days 00:00:00.751344,0.2,50,0.75,0.9,0,142,COMPLETE
8761,8761,19082.5,2023-11-15 11:43:01.495376,2023-11-15 11:43:02.251191,0 days 00:00:00.755815,0.2,10,0.75,0.9,2,150,COMPLETE
8762,8762,17750.5,2023-11-15 11:43:02.253858,2023-11-15 11:43:03.001130,0 days 00:00:00.747272,0.2,10,1.0,0.8,30,145,COMPLETE
8763,8763,18948.0,2023-11-15 11:43:03.003748,2023-11-15 11:43:03.744189,0 days 00:00:00.740441,0.1,10,0.75,0.9,6,140,COMPLETE
8764,8764,19261.0,2023-11-15 11:43:03.747375,2023-11-15 11:43:04.481714,0 days 00:00:00.734339,0.2,10,0.75,0.9,3,147,COMPLETE
8765,8765,18394.75,2023-11-15 11:43:04.484503,2023-11-15 11:43:05.241647,0 days 00:00:00.757144,0.2,20,0.75,0.9,0,143,COMPLETE
8766,8766,19261.0,2023-11-15 11:43:05.244567,2023-11-15 11:43:05.992844,0 days 00:00:00.748277,0.2,10,0.75,0.9,2,147,COMPLETE
8767,8767,1292.0,2023-11-15 11:43:05.996060,2023-11-15 11:43:06.951592,0 days 00:00:00.955532,0.1,10,1.25,0.5,61,138,COMPLETE
8768,8768,19111.25,2023-11-15 11:43:06.954179,2023-11-15 11:43:07.693750,0 days 00:00:00.739571,0.2,10,0.75,0.9,5,150,COMPLETE
8769,8769,19359.75,2023-11-15 11:43:07.696447,2023-11-15 11:43:08.435515,0 days 00:00:00.739068,0.30000000000000004,10,0.5,0.8,0,145,COMPLETE
8770,8770,15842.75,2023-11-15 11:43:08.438115,2023-11-15 11:43:09.188176,0 days 00:00:00.750061,0.4,10,1.0,0.4,4,141,COMPLETE
8771,8771,19163.5,2023-11-15 11:43:09.190982,2023-11-15 11:43:09.929358,0 days 00:00:00.738376,0.2,10,0.75,0.9,2,144,COMPLETE
8772,8772,18552.25,2023-11-15 11:43:09.932048,2023-11-15 11:43:10.667411,0 days 00:00:00.735363,0.1,20,0.75,0.9,7,147,COMPLETE
8773,8773,19261.0,2023-11-15 11:43:10.670038,2023-11-15 11:43:11.435767,0 days 00:00:00.765729,0.2,10,0.75,0.9,0,143,COMPLETE
8774,8774,18647.5,2023-11-15 11:43:11.438468,2023-11-15 11:43:12.174218,0 days 00:00:00.735750,0.2,10,0.75,0.9,2,136,COMPLETE
8775,8775,19111.25,2023-11-15 11:43:12.177678,2023-11-15 11:43:12.908607,0 days 00:00:00.730929,0.2,10,0.75,0.9,4,150,COMPLETE
8776,8776,19261.0,2023-11-15 11:43:12.911780,2023-11-15 11:43:13.649053,0 days 00:00:00.737273,0.1,10,0.75,0.9,0,140,COMPLETE
8777,8777,19292.25,2023-11-15 11:43:13.651605,2023-11-15 11:43:14.413980,0 days 00:00:00.762375,0.2,10,1.0,0.9,2,145,COMPLETE
8778,8778,18871.0,2023-11-15 11:43:14.416668,2023-11-15 11:43:15.151376,0 days 00:00:00.734708,0.2,10,1.25,0.9,10,132,COMPLETE
8779,8779,16217.0,2023-11-15 11:43:15.154062,2023-11-15 11:43:15.906332,0 days 00:00:00.752270,0.2,10,0.75,0.8,78,147,COMPLETE
8780,8780,18068.0,2023-11-15 11:43:15.909448,2023-11-15 11:43:16.683133,0 days 00:00:00.773685,0.2,10,0.25,0.7000000000000001,6,142,COMPLETE
8781,8781,19278.5,2023-11-15 11:43:16.686223,2023-11-15 11:43:17.435216,0 days 00:00:00.748993,0.1,10,1.0,0.9,4,148,COMPLETE
8782,8782,18350.5,2023-11-15 11:43:17.437834,2023-11-15 11:43:18.182371,0 days 00:00:00.744537,0.30000000000000004,20,0.75,0.9,2,145,COMPLETE
8783,8783,19261.0,2023-11-15 11:43:18.184981,2023-11-15 11:43:18.912822,0 days 00:00:00.727841,0.2,10,0.5,0.30000000000000004,0,140,COMPLETE
8784,8784,18992.75,2023-11-15 11:43:18.915434,2023-11-15 11:43:19.657598,0 days 00:00:00.742164,0.2,10,0.75,0.9,4,143,COMPLETE
8785,8785,19163.5,2023-11-15 11:43:19.660924,2023-11-15 11:43:20.415127,0 days 00:00:00.754203,0.2,10,0.75,0.9,8,150,COMPLETE
8786,8786,19261.0,2023-11-15 11:43:20.417946,2023-11-15 11:43:21.159402,0 days 00:00:00.741456,0.1,10,0.75,0.9,0,147,COMPLETE
8787,8787,19100.5,2023-11-15 11:43:21.162589,2023-11-15 11:43:21.906159,0 days 00:00:00.743570,0.2,10,0.75,0.9,2,79,COMPLETE
8788,8788,18995.0,2023-11-15 11:43:21.909193,2023-11-15 11:43:22.651735,0 days 00:00:00.742542,0.2,10,1.0,0.9,6,137,COMPLETE
8789,8789,18179.75,2023-11-15 11:43:22.654417,2023-11-15 11:43:23.411431,0 days 00:00:00.757014,0.2,10,0.75,0.6,3,145,COMPLETE
8790,8790,19260.75,2023-11-15 11:43:23.415500,2023-11-15 11:43:24.165258,0 days 00:00:00.749758,0.1,10,0.75,0.9,0,96,COMPLETE
8791,8791,18873.5,2023-11-15 11:43:24.168130,2023-11-15 11:43:24.913835,0 days 00:00:00.745705,0.2,10,1.5,0.8,2,141,COMPLETE
8792,8792,18393.5,2023-11-15 11:43:24.916580,2023-11-15 11:43:25.650837,0 days 00:00:00.734257,0.2,20,0.75,0.9,5,150,COMPLETE
8793,8793,19072.75,2023-11-15 11:43:25.653551,2023-11-15 11:43:26.415202,0 days 00:00:00.761651,0.30000000000000004,10,1.25,0.9,2,145,COMPLETE
8794,8794,19261.0,2023-11-15 11:43:26.418244,2023-11-15 11:43:27.173856,0 days 00:00:00.755612,0.2,10,0.5,0.9,0,143,COMPLETE
8795,8795,19261.0,2023-11-15 11:43:27.177203,2023-11-15 11:43:27.932921,0 days 00:00:00.755718,0.2,10,0.75,0.9,4,147,COMPLETE
8796,8796,15288.75,2023-11-15 11:43:27.935546,2023-11-15 11:43:28.705896,0 days 00:00:00.770350,0.1,10,0.75,0.5,8,148,COMPLETE
8797,8797,19161.25,2023-11-15 11:43:28.708892,2023-11-15 11:43:29.444224,0 days 00:00:00.735332,0.2,10,1.0,0.9,3,139,COMPLETE
8798,8798,17645.0,2023-11-15 11:43:29.446944,2023-11-15 11:43:30.188791,0 days 00:00:00.741847,0.2,30,0.75,0.7000000000000001,0,143,COMPLETE
8799,8799,18398.5,2023-11-15 11:43:30.191648,2023-11-15 11:43:30.951869,0 days 00:00:00.760221,0.2,20,0.75,0.9,6,145,COMPLETE
8800,8800,18875.5,2023-11-15 11:43:30.954452,2023-11-15 11:43:31.700085,0 days 00:00:00.745633,0.1,10,0.75,0.8,2,150,COMPLETE
8801,8801,14105.25,2023-11-15 11:43:31.702814,2023-11-15 11:43:32.481253,0 days 00:00:00.778439,0.2,10,0.25,0.2,4,139,COMPLETE
8802,8802,18491.25,2023-11-15 11:43:32.483911,2023-11-15 11:43:33.221680,0 days 00:00:00.737769,0.2,10,0.75,0.9,48,147,COMPLETE
8803,8803,18224.75,2023-11-15 11:43:33.224619,2023-11-15 11:43:33.989990,0 days 00:00:00.765371,0.2,10,1.25,0.9,43,142,COMPLETE
8804,8804,16894.5,2023-11-15 11:43:33.993121,2023-11-15 11:43:34.741724,0 days 00:00:00.748603,0.1,10,0.5,0.9,63,145,COMPLETE
8805,8805,19068.25,2023-11-15 11:43:34.745039,2023-11-15 11:43:35.473560,0 days 00:00:00.728521,0.2,10,1.0,0.4,0,136,COMPLETE
8806,8806,16267.75,2023-11-15 11:43:35.477058,2023-11-15 11:43:36.255600,0 days 00:00:00.778542,0.9,10,0.75,0.9,2,148,COMPLETE
8807,8807,19066.25,2023-11-15 11:43:36.258209,2023-11-15 11:43:37.021635,0 days 00:00:00.763426,0.30000000000000004,10,0.75,0.8,5,141,COMPLETE
8808,8808,19359.75,2023-11-15 11:43:37.024435,2023-11-15 11:43:37.769488,0 days 00:00:00.745053,0.2,10,0.75,0.9,0,145,COMPLETE
8809,8809,19261.0,2023-11-15 11:43:37.772066,2023-11-15 11:43:38.501437,0 days 00:00:00.729371,0.2,10,0.75,0.9,2,147,COMPLETE
8810,8810,19111.25,2023-11-15 11:43:38.504303,2023-11-15 11:43:39.235948,0 days 00:00:00.731645,0.2,10,0.75,0.9,4,150,COMPLETE
8811,8811,19050.0,2023-11-15 11:43:39.238609,2023-11-15 11:43:40.001722,0 days 00:00:00.763113,0.1,10,1.0,0.9,7,143,COMPLETE
8812,8812,18340.75,2023-11-15 11:43:40.004457,2023-11-15 11:43:40.751214,0 days 00:00:00.746757,0.2,20,0.75,0.9,2,139,COMPLETE
8813,8813,19261.0,2023-11-15 11:43:40.754059,2023-11-15 11:43:41.495301,0 days 00:00:00.741242,0.2,10,0.75,0.9,0,143,COMPLETE
8814,8814,2523.75,2023-11-15 11:43:41.498037,2023-11-15 11:43:42.444296,0 days 00:00:00.946259,0.30000000000000004,10,1.25,0.1,11,147,COMPLETE
8815,8815,19111.25,2023-11-15 11:43:42.446921,2023-11-15 11:43:43.207172,0 days 00:00:00.760251,0.2,10,0.75,0.9,4,150,COMPLETE
8816,8816,14599.25,2023-11-15 11:43:43.210817,2023-11-15 11:43:43.993391,0 days 00:00:00.782574,0.1,10,0.75,0.9,73,145,COMPLETE
8817,8817,18973.0,2023-11-15 11:43:43.996098,2023-11-15 11:43:44.731100,0 days 00:00:00.735002,0.4,10,0.75,0.9,2,141,COMPLETE
8818,8818,18981.5,2023-11-15 11:43:44.733885,2023-11-15 11:43:45.474181,0 days 00:00:00.740296,0.2,10,0.5,0.9,0,135,COMPLETE
8819,8819,18498.75,2023-11-15 11:43:45.477695,2023-11-15 11:43:46.256272,0 days 00:00:00.778577,0.2,10,0.75,0.7000000000000001,6,145,COMPLETE
8820,8820,19014.75,2023-11-15 11:43:46.259219,2023-11-15 11:43:47.003126,0 days 00:00:00.743907,0.2,10,1.0,0.9,9,147,COMPLETE
8821,8821,18322.0,2023-11-15 11:43:47.005826,2023-11-15 11:43:47.750998,0 days 00:00:00.745172,0.2,20,0.75,0.8,2,139,COMPLETE
8822,8822,18204.5,2023-11-15 11:43:47.754026,2023-11-15 11:43:48.511485,0 days 00:00:00.757459,0.2,10,0.25,0.6,4,143,COMPLETE
