,number,value,datetime_start,datetime_complete,duration,params_alpha,params_decay_interval,params_decay_rate,params_gamma,params_initialization,params_max_steps,state
4756,4756,16814.25,2023-11-15 11:02:35.494397,2023-11-15 11:02:35.942122,0 days 00:00:00.447725,0.2,40,0.75,0.9,4,139,COMPLETE
4757,4757,19163.5,2023-11-15 11:02:35.943960,2023-11-15 11:02:36.393824,0 days 00:00:00.449864,0.1,10,1.25,0.9,9,147,COMPLETE
4758,4758,18992.75,2023-11-15 11:02:36.395978,2023-11-15 11:02:36.843308,0 days 00:00:00.447330,0.2,10,0.75,0.9,2,143,COMPLETE
4759,4759,19261.0,2023-11-15 11:02:36.845044,2023-11-15 11:02:37.277773,0 days 00:00:00.432729,0.2,10,1.0,0.9,0,150,COMPLETE
4760,4760,18493.25,2023-11-15 11:02:37.279850,2023-11-15 11:02:37.757652,0 days 00:00:00.477802,0.2,20,0.75,0.9,5,145,COMPLETE
4761,4761,15653.25,2023-11-15 11:02:37.759435,2023-11-15 11:02:38.290341,0 days 00:00:00.530906,0.7000000000000001,10,0.25,0.8,2,142,COMPLETE
4762,4762,19261.0,2023-11-15 11:02:38.292109,2023-11-15 11:02:38.731737,0 days 00:00:00.439628,0.30000000000000004,10,0.75,0.9,3,147,COMPLETE
4763,4763,18968.5,2023-11-15 11:02:38.733669,2023-11-15 11:02:39.179452,0 days 00:00:00.445783,0.2,10,1.0,0.9,7,139,COMPLETE
4764,4764,19261.0,2023-11-15 11:02:39.181221,2023-11-15 11:02:39.619945,0 days 00:00:00.438724,0.1,10,0.75,0.9,0,147,COMPLETE
4765,4765,17004.75,2023-11-15 11:02:39.621952,2023-11-15 11:02:40.068617,0 days 00:00:00.446665,0.2,30,0.75,0.9,4,111,COMPLETE
4766,4766,18394.75,2023-11-15 11:02:40.070899,2023-11-15 11:02:40.521217,0 days 00:00:00.450318,0.2,20,0.75,0.9,2,143,COMPLETE
4767,4767,19064.0,2023-11-15 11:02:40.523127,2023-11-15 11:02:40.990109,0 days 00:00:00.466982,0.2,10,0.75,0.5,0,135,COMPLETE
4768,4768,9797.75,2023-11-15 11:02:40.991878,2023-11-15 11:02:41.524678,0 days 00:00:00.532800,0.2,10,1.25,0.6,6,150,COMPLETE
4769,4769,14024.75,2023-11-15 11:02:41.526505,2023-11-15 11:02:42.017744,0 days 00:00:00.491239,0.1,10,0.5,0.4,2,144,COMPLETE
4770,4770,19066.25,2023-11-15 11:02:42.019932,2023-11-15 11:02:42.468948,0 days 00:00:00.449016,0.2,10,0.75,0.8,4,141,COMPLETE
4771,4771,17510.25,2023-11-15 11:02:42.470907,2023-11-15 11:02:42.922900,0 days 00:00:00.451993,0.2,10,0.75,0.9,70,147,COMPLETE
4772,4772,18826.0,2023-11-15 11:02:42.925834,2023-11-15 11:02:43.375101,0 days 00:00:00.449267,0.4,10,0.75,0.9,0,138,COMPLETE
4773,4773,15833.25,2023-11-15 11:02:43.377415,2023-11-15 11:02:43.839079,0 days 00:00:00.461664,0.2,60,0.75,0.9,2,145,COMPLETE
4774,4774,19166.5,2023-11-15 11:02:43.840819,2023-11-15 11:02:44.310495,0 days 00:00:00.469676,0.1,10,1.5,0.9,8,148,COMPLETE
4775,4775,19005.0,2023-11-15 11:02:44.312321,2023-11-15 11:02:44.749287,0 days 00:00:00.436966,0.30000000000000004,10,1.0,0.9,5,142,COMPLETE
4776,4776,18872.5,2023-11-15 11:02:44.751911,2023-11-15 11:02:45.206654,0 days 00:00:00.454743,0.2,10,1.25,0.9,13,150,COMPLETE
4777,4777,19261.0,2023-11-15 11:02:45.208397,2023-11-15 11:02:45.645658,0 days 00:00:00.437261,0.2,10,0.75,0.7000000000000001,0,144,COMPLETE
4778,4778,18584.75,2023-11-15 11:02:45.647505,2023-11-15 11:02:46.090883,0 days 00:00:00.443378,0.1,20,1.75,0.9,3,147,COMPLETE
4779,4779,18973.0,2023-11-15 11:02:46.093019,2023-11-15 11:02:46.528209,0 days 00:00:00.435190,0.2,10,0.75,0.9,2,141,COMPLETE
4780,4780,19328.25,2023-11-15 11:02:46.530534,2023-11-15 11:02:46.987035,0 days 00:00:00.456501,0.2,10,1.0,0.9,6,145,COMPLETE
4781,4781,10309.5,2023-11-15 11:02:46.988842,2023-11-15 11:02:47.570490,0 days 00:00:00.581648,0.2,10,0.75,0.2,98,137,COMPLETE
4782,4782,13240.75,2023-11-15 11:02:47.573139,2023-11-15 11:02:48.165729,0 days 00:00:00.592590,0.2,100,0.25,0.8,0,148,COMPLETE
4783,4783,13563.0,2023-11-15 11:02:48.168197,2023-11-15 11:02:48.730612,0 days 00:00:00.562415,0.30000000000000004,90,0.75,0.9,4,143,COMPLETE
4784,4784,19261.0,2023-11-15 11:02:48.732962,2023-11-15 11:02:49.231203,0 days 00:00:00.498241,0.1,10,0.5,0.9,2,140,COMPLETE
4785,4785,19067.75,2023-11-15 11:02:49.232935,2023-11-15 11:02:49.676042,0 days 00:00:00.443107,0.2,10,0.75,0.9,0,132,COMPLETE
4786,4786,19359.75,2023-11-15 11:02:49.677815,2023-11-15 11:02:50.114704,0 days 00:00:00.436889,0.2,10,0.75,0.9,4,145,COMPLETE
4787,4787,18783.75,2023-11-15 11:02:50.117466,2023-11-15 11:02:50.561198,0 days 00:00:00.443732,0.2,10,0.75,0.9,9,150,COMPLETE
4788,4788,18972.75,2023-11-15 11:02:50.563108,2023-11-15 11:02:51.019022,0 days 00:00:00.455914,0.1,10,1.25,0.9,2,147,COMPLETE
4789,4789,18167.75,2023-11-15 11:02:51.021903,2023-11-15 11:02:51.473221,0 days 00:00:00.451318,0.2,10,0.75,0.9,6,25,COMPLETE
4790,4790,19261.0,2023-11-15 11:02:51.475606,2023-11-15 11:02:51.922417,0 days 00:00:00.446811,0.2,10,0.75,0.5,0,143,COMPLETE
4791,4791,11376.25,2023-11-15 11:02:51.924355,2023-11-15 11:02:52.432241,0 days 00:00:00.507886,0.2,20,1.0,0.8,50,147,COMPLETE
4792,4792,0.0,2023-11-15 11:02:52.434316,2023-11-15 11:02:52.879376,0 days 00:00:00.445060,0.1,10,0.75,0.9,3,16,COMPLETE
4793,4793,18905.25,2023-11-15 11:02:52.881111,2023-11-15 11:02:53.320604,0 days 00:00:00.439493,0.2,10,0.5,0.9,2,139,COMPLETE
4794,4794,19163.75,2023-11-15 11:02:53.322395,2023-11-15 11:02:53.762919,0 days 00:00:00.440524,0.2,10,0.75,0.9,0,150,COMPLETE
4795,4795,19132.5,2023-11-15 11:02:53.764779,2023-11-15 11:02:54.228112,0 days 00:00:00.463333,0.5,10,0.75,0.9,5,145,COMPLETE
4796,4796,18721.0,2023-11-15 11:02:54.229950,2023-11-15 11:02:54.682508,0 days 00:00:00.452558,0.30000000000000004,10,0.75,0.9,40,141,COMPLETE
4797,4797,15042.5,2023-11-15 11:02:54.684992,2023-11-15 11:02:55.192409,0 days 00:00:00.507417,0.9,10,0.75,0.8,2,145,COMPLETE
4798,4798,18512.5,2023-11-15 11:02:55.194320,2023-11-15 11:02:55.644597,0 days 00:00:00.450277,0.2,10,1.0,0.9,10,136,COMPLETE
4799,4799,18305.75,2023-11-15 11:02:55.646404,2023-11-15 11:02:56.085631,0 days 00:00:00.439227,0.2,20,0.75,0.9,7,148,COMPLETE
4800,4800,18282.75,2023-11-15 11:02:56.087738,2023-11-15 11:02:56.541741,0 days 00:00:00.454003,0.1,10,0.75,0.9,55,142,COMPLETE
4801,4801,13752.0,2023-11-15 11:02:56.543561,2023-11-15 11:02:56.983132,0 days 00:00:00.439571,0.2,70,1.0,0.9,4,39,COMPLETE
4802,4802,19359.75,2023-11-15 11:02:56.985448,2023-11-15 11:02:57.428369,0 days 00:00:00.442921,0.2,10,0.75,0.9,0,145,COMPLETE
4803,4803,19163.5,2023-11-15 11:02:57.430784,2023-11-15 11:02:57.904021,0 days 00:00:00.473237,0.2,10,1.25,0.9,2,150,COMPLETE
4804,4804,17887.0,2023-11-15 11:02:57.905950,2023-11-15 11:02:58.360249,0 days 00:00:00.454299,0.1,10,0.75,0.7000000000000001,4,139,COMPLETE
4805,4805,19261.0,2023-11-15 11:02:58.362079,2023-11-15 11:02:58.810439,0 days 00:00:00.448360,0.2,10,2.0,0.6,0,143,COMPLETE
4806,4806,18971.5,2023-11-15 11:02:58.812236,2023-11-15 11:02:59.266956,0 days 00:00:00.454720,0.2,10,0.25,0.9,2,147,COMPLETE
4807,4807,19262.25,2023-11-15 11:02:59.269029,2023-11-15 11:02:59.717269,0 days 00:00:00.448240,0.2,10,0.75,0.9,6,145,COMPLETE
4808,4808,19261.0,2023-11-15 11:02:59.719530,2023-11-15 11:03:00.162116,0 days 00:00:00.442586,0.1,10,0.75,0.1,0,141,COMPLETE
4809,4809,19359.75,2023-11-15 11:03:00.163939,2023-11-15 11:03:00.601913,0 days 00:00:00.437974,0.2,10,0.75,0.8,4,148,COMPLETE
4810,4810,18828.5,2023-11-15 11:03:00.603859,2023-11-15 11:03:01.075386,0 days 00:00:00.471527,0.2,10,0.5,0.9,2,143,COMPLETE
4811,4811,17094.25,2023-11-15 11:03:01.077436,2023-11-15 11:03:01.546236,0 days 00:00:00.468800,0.30000000000000004,10,0.75,0.4,4,150,COMPLETE
4812,4812,18108.0,2023-11-15 11:03:01.548053,2023-11-15 11:03:01.995129,0 days 00:00:00.447076,0.2,20,1.0,0.9,8,137,COMPLETE
4813,4813,19164.0,2023-11-15 11:03:01.997084,2023-11-15 11:03:02.490744,0 days 00:00:00.493660,0.1,10,1.25,0.9,0,147,COMPLETE
4814,4814,16581.25,2023-11-15 11:03:02.493041,2023-11-15 11:03:03.045640,0 days 00:00:00.552599,0.2,50,0.75,0.9,2,145,COMPLETE
4815,4815,19066.25,2023-11-15 11:03:03.047673,2023-11-15 11:03:03.591148,0 days 00:00:00.543475,0.4,10,0.75,0.9,6,140,COMPLETE
4816,4816,18992.75,2023-11-15 11:03:03.593403,2023-11-15 11:03:04.099271,0 days 00:00:00.505868,0.2,10,0.75,0.9,2,143,COMPLETE
4817,4817,19271.0,2023-11-15 11:03:04.101810,2023-11-15 11:03:04.551542,0 days 00:00:00.449732,0.2,10,0.75,0.9,0,148,COMPLETE
4818,4818,19071.0,2023-11-15 11:03:04.553407,2023-11-15 11:03:05.019126,0 days 00:00:00.465719,0.2,10,0.5,0.8,4,145,COMPLETE
4819,4819,18218.25,2023-11-15 11:03:05.020963,2023-11-15 11:03:05.479069,0 days 00:00:00.458106,0.1,10,1.0,0.9,47,150,COMPLETE
4820,4820,18776.75,2023-11-15 11:03:05.480947,2023-11-15 11:03:05.925564,0 days 00:00:00.444617,0.6,10,0.75,0.5,2,141,COMPLETE
4821,4821,18410.5,2023-11-15 11:03:05.927515,2023-11-15 11:03:06.380663,0 days 00:00:00.453148,0.2,10,0.75,0.9,30,134,COMPLETE
4822,4822,18554.5,2023-11-15 11:03:06.382772,2023-11-15 11:03:06.835517,0 days 00:00:00.452745,0.2,20,0.75,0.9,0,147,COMPLETE
4823,4823,18985.25,2023-11-15 11:03:06.837376,2023-11-15 11:03:07.283951,0 days 00:00:00.446575,0.2,10,0.75,0.9,4,138,COMPLETE
4824,4824,10131.25,2023-11-15 11:03:07.286156,2023-11-15 11:03:07.814502,0 days 00:00:00.528346,0.1,10,1.25,0.9,59,143,COMPLETE
4825,4825,18944.75,2023-11-15 11:03:07.817770,2023-11-15 11:03:08.285079,0 days 00:00:00.467309,0.2,10,1.5,0.9,6,145,COMPLETE
4826,4826,19261.0,2023-11-15 11:03:08.287085,2023-11-15 11:03:08.735893,0 days 00:00:00.448808,0.2,10,0.75,0.9,2,147,COMPLETE
4827,4827,18401.75,2023-11-15 11:03:08.737974,2023-11-15 11:03:09.214657,0 days 00:00:00.476683,0.30000000000000004,10,0.25,0.9,11,141,COMPLETE
4828,4828,19359.75,2023-11-15 11:03:09.216554,2023-11-15 11:03:09.668263,0 days 00:00:00.451709,0.2,10,1.0,0.8,0,145,COMPLETE
4829,4829,19106.5,2023-11-15 11:03:09.670411,2023-11-15 11:03:10.104650,0 days 00:00:00.434239,0.1,10,0.75,0.9,3,150,COMPLETE
4830,4830,18715.0,2023-11-15 11:03:10.106450,2023-11-15 11:03:10.567667,0 days 00:00:00.461217,0.2,10,0.75,0.9,23,142,COMPLETE
4831,4831,14735.0,2023-11-15 11:03:10.569840,2023-11-15 11:03:11.089642,0 days 00:00:00.519802,0.8,20,0.75,0.9,8,147,COMPLETE
4832,4832,18868.75,2023-11-15 11:03:11.091870,2023-11-15 11:03:11.561865,0 days 00:00:00.469995,0.2,10,0.5,0.7000000000000001,5,143,COMPLETE
4833,4833,19161.25,2023-11-15 11:03:11.563833,2023-11-15 11:03:12.017841,0 days 00:00:00.454008,0.2,10,0.75,0.6,0,139,COMPLETE
4834,4834,19163.5,2023-11-15 11:03:12.020001,2023-11-15 11:03:12.471651,0 days 00:00:00.451650,0.2,10,1.25,0.9,2,150,COMPLETE
4835,4835,19261.0,2023-11-15 11:03:12.473492,2023-11-15 11:03:12.914521,0 days 00:00:00.441029,0.1,10,0.75,0.9,3,147,COMPLETE
4836,4836,19359.75,2023-11-15 11:03:12.916773,2023-11-15 11:03:13.370642,0 days 00:00:00.453869,0.2,10,1.0,0.9,0,145,COMPLETE
4837,4837,19161.25,2023-11-15 11:03:13.373063,2023-11-15 11:03:13.819133,0 days 00:00:00.446070,0.2,10,0.75,0.9,5,137,COMPLETE
4838,4838,19139.0,2023-11-15 11:03:13.821597,2023-11-15 11:03:14.270196,0 days 00:00:00.448599,0.1,10,0.75,0.8,2,143,COMPLETE
4839,4839,19261.0,2023-11-15 11:03:14.272112,2023-11-15 11:03:14.720448,0 days 00:00:00.448336,0.2,10,0.75,0.9,7,147,COMPLETE
4840,4840,18775.0,2023-11-15 11:03:14.722280,2023-11-15 11:03:15.179957,0 days 00:00:00.457677,0.2,10,0.75,0.9,4,127,COMPLETE
4841,4841,19358.75,2023-11-15 11:03:15.182099,2023-11-15 11:03:15.626466,0 days 00:00:00.444367,0.2,10,1.0,0.4,0,87,COMPLETE
4842,4842,13977.5,2023-11-15 11:03:15.628281,2023-11-15 11:03:16.109482,0 days 00:00:00.481201,0.2,20,0.75,0.30000000000000004,2,140,COMPLETE
4843,4843,19028.0,2023-11-15 11:03:16.111981,2023-11-15 11:03:16.567535,0 days 00:00:00.455554,0.30000000000000004,10,0.75,0.9,2,150,COMPLETE
4844,4844,19264.75,2023-11-15 11:03:16.570027,2023-11-15 11:03:17.015728,0 days 00:00:00.445701,0.5,10,0.75,0.9,0,145,COMPLETE
4845,4845,16826.0,2023-11-15 11:03:17.018091,2023-11-15 11:03:17.524899,0 days 00:00:00.506808,0.1,40,1.0,0.8,4,143,COMPLETE
4846,4846,18226.5,2023-11-15 11:03:17.527219,2023-11-15 11:03:18.074075,0 days 00:00:00.546856,0.2,10,0.75,0.9,5,95,COMPLETE
4847,4847,18926.25,2023-11-15 11:03:18.076042,2023-11-15 11:03:18.628585,0 days 00:00:00.552543,0.2,10,0.5,0.9,2,147,COMPLETE
4848,4848,19261.0,2023-11-15 11:03:18.630610,2023-11-15 11:03:19.117636,0 days 00:00:00.487026,0.2,10,1.25,0.9,0,141,COMPLETE
4849,4849,19163.5,2023-11-15 11:03:19.120550,2023-11-15 11:03:19.570867,0 days 00:00:00.450317,0.2,10,0.75,0.9,8,150,COMPLETE
4850,4850,19350.75,2023-11-15 11:03:19.572770,2023-11-15 11:03:20.019938,0 days 00:00:00.447168,0.1,10,0.75,0.9,6,145,COMPLETE
4851,4851,18985.25,2023-11-15 11:03:20.021752,2023-11-15 11:03:20.469960,0 days 00:00:00.448208,0.2,10,0.75,0.9,3,138,COMPLETE
4852,4852,18554.5,2023-11-15 11:03:20.472118,2023-11-15 11:03:20.927617,0 days 00:00:00.455499,0.2,20,0.75,0.9,0,147,COMPLETE
4853,4853,16378.25,2023-11-15 11:03:20.929450,2023-11-15 11:03:21.412568,0 days 00:00:00.483118,0.2,10,0.75,0.5,2,143,COMPLETE
4854,4854,18833.75,2023-11-15 11:03:21.414675,2023-11-15 11:03:21.871973,0 days 00:00:00.457298,0.6,10,1.25,0.9,4,140,COMPLETE
4855,4855,19068.0,2023-11-15 11:03:21.874577,2023-11-15 11:03:22.366383,0 days 00:00:00.491806,0.30000000000000004,10,1.0,0.9,10,135,COMPLETE
4856,4856,19146.5,2023-11-15 11:03:22.368986,2023-11-15 11:03:22.838301,0 days 00:00:00.469315,0.2,10,0.25,0.8,0,148,COMPLETE
4857,4857,19314.5,2023-11-15 11:03:22.840245,2023-11-15 11:03:23.303665,0 days 00:00:00.463420,0.1,10,0.75,0.9,2,145,COMPLETE
4858,4858,18992.75,2023-11-15 11:03:23.306061,2023-11-15 11:03:23.778607,0 days 00:00:00.472546,0.2,10,0.75,0.9,6,143,COMPLETE
4859,4859,17386.75,2023-11-15 11:03:23.780412,2023-11-15 11:03:24.270809,0 days 00:00:00.490397,0.2,10,0.75,0.6,4,150,COMPLETE
4860,4860,19261.0,2023-11-15 11:03:24.272898,2023-11-15 11:03:24.725151,0 days 00:00:00.452253,0.1,10,0.75,0.9,0,147,COMPLETE
4861,4861,18225.25,2023-11-15 11:03:24.727231,2023-11-15 11:03:25.215397,0 days 00:00:00.488166,0.2,20,0.5,0.7000000000000001,2,140,COMPLETE
4862,4862,18970.75,2023-11-15 11:03:25.217480,2023-11-15 11:03:25.674669,0 days 00:00:00.457189,0.2,10,1.0,0.9,4,145,COMPLETE
4863,4863,19093.75,2023-11-15 11:03:25.676489,2023-11-15 11:03:26.129990,0 days 00:00:00.453501,0.2,10,0.75,0.9,7,142,COMPLETE
4864,4864,19359.75,2023-11-15 11:03:26.132536,2023-11-15 11:03:26.586826,0 days 00:00:00.454290,0.30000000000000004,10,0.75,0.9,2,148,COMPLETE
4865,4865,19359.75,2023-11-15 11:03:26.588683,2023-11-15 11:03:27.052265,0 days 00:00:00.463582,0.2,10,0.75,0.9,0,145,COMPLETE
4866,4866,18610.5,2023-11-15 11:03:27.054078,2023-11-15 11:03:27.514294,0 days 00:00:00.460216,0.1,10,0.75,0.9,2,120,COMPLETE
4867,4867,14868.25,2023-11-15 11:03:27.516100,2023-11-15 11:03:28.005089,0 days 00:00:00.488989,0.2,10,0.5,0.30000000000000004,5,138,COMPLETE
4868,4868,19163.75,2023-11-15 11:03:28.007127,2023-11-15 11:03:28.468484,0 days 00:00:00.461357,0.2,10,0.75,0.9,0,150,COMPLETE
4869,4869,18016.5,2023-11-15 11:03:28.476334,2023-11-15 11:03:28.950321,0 days 00:00:00.473987,0.1,20,1.0,0.8,3,142,COMPLETE
4870,4870,19359.75,2023-11-15 11:03:28.952562,2023-11-15 11:03:29.401952,0 days 00:00:00.449390,0.4,10,0.75,0.9,2,145,COMPLETE
4871,4871,13645.75,2023-11-15 11:03:29.404140,2023-11-15 11:03:29.901161,0 days 00:00:00.497021,0.2,10,0.75,0.2,8,147,COMPLETE
4872,4872,19261.0,2023-11-15 11:03:29.903407,2023-11-15 11:03:30.348049,0 days 00:00:00.444642,0.2,10,1.25,0.9,0,141,COMPLETE
4873,4873,19261.0,2023-11-15 11:03:30.349887,2023-11-15 11:03:30.800495,0 days 00:00:00.450608,0.2,10,0.75,0.9,4,147,COMPLETE
4874,4874,19065.25,2023-11-15 11:03:30.802939,2023-11-15 11:03:31.253727,0 days 00:00:00.450788,0.2,10,0.75,0.9,6,132,COMPLETE
4875,4875,19166.0,2023-11-15 11:03:31.255570,2023-11-15 11:03:31.742293,0 days 00:00:00.486723,0.1,10,0.75,0.9,2,143,COMPLETE
4876,4876,19168.75,2023-11-15 11:03:31.744161,2023-11-15 11:03:32.192165,0 days 00:00:00.448004,0.30000000000000004,10,1.0,0.5,0,150,COMPLETE
4877,4877,18206.5,2023-11-15 11:03:32.194124,2023-11-15 11:03:32.699594,0 days 00:00:00.505470,0.2,20,0.75,0.9,4,138,COMPLETE
4878,4878,18817.0,2023-11-15 11:03:32.702083,2023-11-15 11:03:33.230536,0 days 00:00:00.528453,0.2,10,0.75,0.8,12,145,COMPLETE
4879,4879,19050.0,2023-11-15 11:03:33.232338,2023-11-15 11:03:33.686677,0 days 00:00:00.454339,0.2,10,1.0,0.9,2,143,COMPLETE
4880,4880,19261.0,2023-11-15 11:03:33.688930,2023-11-15 11:03:34.138324,0 days 00:00:00.449394,0.1,10,0.75,0.9,0,147,COMPLETE
4881,4881,18699.5,2023-11-15 11:03:34.140112,2023-11-15 11:03:34.594886,0 days 00:00:00.454774,0.2,10,1.25,0.9,6,135,COMPLETE
4882,4882,18992.5,2023-11-15 11:03:34.596908,2023-11-15 11:03:35.041854,0 days 00:00:00.444946,0.2,10,0.5,0.8,4,140,COMPLETE
4883,4883,19181.0,2023-11-15 11:03:35.043611,2023-11-15 11:03:35.543231,0 days 00:00:00.499620,0.2,10,0.25,0.9,2,148,COMPLETE
4884,4884,18802.75,2023-11-15 11:03:35.545115,2023-11-15 11:03:36.003519,0 days 00:00:00.458404,0.2,10,0.75,0.9,9,144,COMPLETE
4885,4885,19359.75,2023-11-15 11:03:36.005393,2023-11-15 11:03:36.462006,0 days 00:00:00.456613,0.1,10,0.75,0.9,2,148,COMPLETE
4886,4886,19163.75,2023-11-15 11:03:36.464324,2023-11-15 11:03:36.926183,0 days 00:00:00.461859,0.2,10,0.75,0.9,0,150,COMPLETE
4887,4887,18394.75,2023-11-15 11:03:36.928113,2023-11-15 11:03:37.398266,0 days 00:00:00.470153,0.2,20,0.75,0.9,4,141,COMPLETE
4888,4888,19147.0,2023-11-15 11:03:37.400220,2023-11-15 11:03:37.849397,0 days 00:00:00.449177,0.30000000000000004,10,0.75,0.9,6,145,COMPLETE
4889,4889,19261.0,2023-11-15 11:03:37.851848,2023-11-15 11:03:38.306465,0 days 00:00:00.454617,0.2,10,1.25,0.9,0,143,COMPLETE
4890,4890,18765.5,2023-11-15 11:03:38.308401,2023-11-15 11:03:38.767737,0 days 00:00:00.459336,0.2,10,0.75,0.9,3,139,COMPLETE
4891,4891,19163.75,2023-11-15 11:03:38.769900,2023-11-15 11:03:39.238105,0 days 00:00:00.468205,0.1,10,1.0,0.6,2,147,COMPLETE
4892,4892,17643.75,2023-11-15 11:03:39.240147,2023-11-15 11:03:39.701033,0 days 00:00:00.460886,0.2,30,0.75,0.1,0,150,COMPLETE
4893,4893,17233.75,2023-11-15 11:03:39.703066,2023-11-15 11:03:40.153041,0 days 00:00:00.449975,0.2,10,0.75,0.9,5,35,COMPLETE
4894,4894,19268.25,2023-11-15 11:03:40.154948,2023-11-15 11:03:40.609524,0 days 00:00:00.454576,0.1,10,0.5,0.9,2,145,COMPLETE
4895,4895,15846.25,2023-11-15 11:03:40.611398,2023-11-15 11:03:41.076777,0 days 00:00:00.465379,0.2,10,1.0,0.4,4,141,COMPLETE
4896,4896,18904.75,2023-11-15 11:03:41.079301,2023-11-15 11:03:41.538865,0 days 00:00:00.459564,0.2,10,0.75,0.8,7,137,COMPLETE
4897,4897,18588.25,2023-11-15 11:03:41.541037,2023-11-15 11:03:42.005700,0 days 00:00:00.464663,0.2,20,0.75,0.7000000000000001,0,145,COMPLETE
4898,4898,19261.0,2023-11-15 11:03:42.008396,2023-11-15 11:03:42.467469,0 days 00:00:00.459073,0.2,10,0.75,0.9,2,147,COMPLETE
4899,4899,19261.0,2023-11-15 11:03:42.470401,2023-11-15 11:03:42.924163,0 days 00:00:00.453762,0.2,10,0.75,0.9,0,143,COMPLETE
4900,4900,19261.0,2023-11-15 11:03:42.925974,2023-11-15 11:03:43.374048,0 days 00:00:00.448074,0.1,10,0.75,0.9,4,147,COMPLETE
4901,4901,18779.0,2023-11-15 11:03:43.375803,2023-11-15 11:03:43.841214,0 days 00:00:00.465411,0.30000000000000004,10,0.5,0.9,8,150,COMPLETE
4902,4902,14968.25,2023-11-15 11:03:43.843113,2023-11-15 11:03:44.318659,0 days 00:00:00.475546,0.2,60,1.25,0.9,2,141,COMPLETE
4903,4903,17906.75,2023-11-15 11:03:44.320711,2023-11-15 11:03:44.801202,0 days 00:00:00.480491,0.2,10,0.25,0.9,83,144,COMPLETE
4904,4904,18985.25,2023-11-15 11:03:44.803266,2023-11-15 11:03:45.261633,0 days 00:00:00.458367,0.1,10,0.75,0.9,6,138,COMPLETE
4905,4905,19172.25,2023-11-15 11:03:45.263438,2023-11-15 11:03:45.708550,0 days 00:00:00.445112,0.2,10,1.0,0.9,0,147,COMPLETE
4906,4906,18833.25,2023-11-15 11:03:45.710403,2023-11-15 11:03:46.199900,0 days 00:00:00.489497,0.2,10,0.75,0.9,20,143,COMPLETE
4907,4907,17922.75,2023-11-15 11:03:46.202958,2023-11-15 11:03:46.672107,0 days 00:00:00.469149,0.2,10,1.5,0.8,15,150,COMPLETE
4908,4908,16849.0,2023-11-15 11:03:46.674472,2023-11-15 11:03:47.240152,0 days 00:00:00.565680,0.1,20,0.75,0.9,75,145,COMPLETE
4909,4909,19051.5,2023-11-15 11:03:47.242318,2023-11-15 11:03:47.789005,0 days 00:00:00.546687,0.2,10,0.75,0.9,3,142,COMPLETE
4910,4910,19261.0,2023-11-15 11:03:47.791267,2023-11-15 11:03:48.325254,0 days 00:00:00.533987,0.2,10,0.75,0.9,2,147,COMPLETE
4911,4911,18971.0,2023-11-15 11:03:48.327737,2023-11-15 11:03:48.792860,0 days 00:00:00.465123,0.2,10,1.0,0.7000000000000001,10,140,COMPLETE
4912,4912,18349.25,2023-11-15 11:03:48.794608,2023-11-15 11:03:49.253921,0 days 00:00:00.459313,0.4,10,0.75,0.9,5,136,COMPLETE
4913,4913,19359.75,2023-11-15 11:03:49.255931,2023-11-15 11:03:49.745099,0 days 00:00:00.489168,0.2,10,0.75,0.5,0,145,COMPLETE
4914,4914,19110.25,2023-11-15 11:03:49.747099,2023-11-15 11:03:50.198473,0 days 00:00:00.451374,0.1,10,0.75,0.9,4,150,COMPLETE
4915,4915,19215.0,2023-11-15 11:03:50.200852,2023-11-15 11:03:50.678661,0 days 00:00:00.477809,0.30000000000000004,10,0.5,0.9,2,147,COMPLETE
4916,4916,19261.0,2023-11-15 11:03:50.680418,2023-11-15 11:03:51.133529,0 days 00:00:00.453111,0.2,10,1.25,0.9,0,143,COMPLETE
4917,4917,11028.0,2023-11-15 11:03:51.136164,2023-11-15 11:03:51.608940,0 days 00:00:00.472776,0.2,10,0.75,0.4,3,43,COMPLETE
4918,4918,19163.5,2023-11-15 11:03:51.611420,2023-11-15 11:03:52.077171,0 days 00:00:00.465751,0.1,10,1.0,0.8,6,140,COMPLETE
4919,4919,19261.0,2023-11-15 11:03:52.079067,2023-11-15 11:03:52.524710,0 days 00:00:00.445643,0.2,10,0.75,0.9,2,147,COMPLETE
4920,4920,19164.0,2023-11-15 11:03:52.526682,2023-11-15 11:03:53.006660,0 days 00:00:00.479978,0.30000000000000004,10,0.75,0.9,0,144,COMPLETE
4921,4921,18393.5,2023-11-15 11:03:53.008482,2023-11-15 11:03:53.464741,0 days 00:00:00.456259,0.2,20,0.75,0.9,4,150,COMPLETE
4922,4922,18973.0,2023-11-15 11:03:53.466588,2023-11-15 11:03:53.930959,0 days 00:00:00.464371,0.2,10,0.75,0.9,2,141,COMPLETE
4923,4923,19014.75,2023-11-15 11:03:53.932725,2023-11-15 11:03:54.391060,0 days 00:00:00.458335,0.2,10,1.0,0.9,8,147,COMPLETE
4924,4924,19359.75,2023-11-15 11:03:54.392847,2023-11-15 11:03:54.841089,0 days 00:00:00.448242,0.1,10,0.75,0.9,0,145,COMPLETE
4925,4925,18219.0,2023-11-15 11:03:54.842853,2023-11-15 11:03:55.309227,0 days 00:00:00.466374,0.2,10,0.25,0.6,5,143,COMPLETE
